mkdir: cannot create directory '/afs/cern.ch/user/x/xisu/private/local/Analysis_workspace/VH_AC_tmp1/flashgg_d2/CMSSW_10_6_29/src/flashgg/VHAC_Analysis_Met/UL_17/UL17_wh125': File exists
/cvmfs/cms.cern.ch/slc7_amd64_gcc700/external/py2-requests/2.21.0-pafccj2/lib/python2.7/site-packages/requests/__init__.py:91: RequestsDependencyWarning: urllib3 (1.25.2) or chardet (3.0.4) doesn't match a supported version!
  RequestsDependencyWarning)
07-Feb-2023 05:24:42 CET  Initiating request to open file root://cms-xrd-global.cern.ch//store/user/alesauva/flashgg/UL2017_3/10_6_4/VHToGG_M125_TuneCP5_13TeV-amcatnloFXFX-madspin-pythia8/UL2017_3-10_6_4-v0-RunIISummer19UL17MiniAOD-106X_mc2017_realistic_v6-v1/200722_091630/0000/myMicroAODOutputFile_10.root
[2023-02-07 05:25:28.643503 +0100][Error  ][AsyncSock         ] [xrootd.ba.infn.it:1094 #0.0] Socket error while handshaking: [ERROR] Socket timeout
[2023-02-07 05:25:28.643749 +0100][Error  ][PostMaster        ] [xrootd.ba.infn.it:1094 #0] elapsed = 45, pConnectionWindow = 31 seconds.
[2023-02-07 05:26:13.896966 +0100][Error  ][AsyncSock         ] [xrootd.ba.infn.it:1094 #0.0] Socket error while handshaking: [ERROR] Socket timeout
[2023-02-07 05:26:13.897132 +0100][Error  ][PostMaster        ] [xrootd.ba.infn.it:1094 #0] elapsed = 45, pConnectionWindow = 31 seconds.
[2023-02-07 05:26:13.897180 +0100][Error  ][PostMaster        ] [xrootd.ba.infn.it:1094 #0] Unable to recover: [ERROR] Socket timeout.
[2023-02-07 05:26:13.897205 +0100][Error  ][XRootD            ] [xrootd.ba.infn.it:1094] Impossible to send message kXR_open (file: /store/user/alesauva/flashgg/UL2017_3/10_6_4/VHToGG_M125_TuneCP5_13TeV-amcatnloFXFX-madspin-pythia8/UL2017_3-10_6_4-v0-RunIISummer19UL17MiniAOD-106X_mc2017_realistic_v6-v1/200722_091630/0000/myMicroAODOutputFile_10.root, mode: 0660, flags: kXR_open_read kXR_async kXR_retstat ). Trying to recover.
%MSG-w XrdAdaptor:  file_open 07-Feb-2023 05:26:20 CET pre-events
Data is served from GRIF-IRFU instead of original site CERN-CMSGLOBAL-02
%MSG
07-Feb-2023 05:26:30 CET  Successfully opened file root://cms-xrd-global.cern.ch//store/user/alesauva/flashgg/UL2017_3/10_6_4/VHToGG_M125_TuneCP5_13TeV-amcatnloFXFX-madspin-pythia8/UL2017_3-10_6_4-v0-RunIISummer19UL17MiniAOD-106X_mc2017_realistic_v6-v1/200722_091630/0000/myMicroAODOutputFile_10.root
2023-02-07 05:44:22.198013: I tensorflow/core/platform/cpu_feature_guard.cc:140] Your CPU supports instructions that this TensorFlow binary was not compiled to use: SSE4.1 SSE4.2 AVX AVX2 FMA
Begin processing the 1st record. Run 1, Event 63216, LumiSection 235 on stream 0 at 07-Feb-2023 05:46:06.636 CET
[2023-02-07 05:46:50.868068 +0100][Error  ][AsyncSock         ] [xrootd.ba.infn.it:1094 #0.0] Socket error while handshaking: [ERROR] Socket timeout
[2023-02-07 05:46:50.868289 +0100][Error  ][PostMaster        ] [xrootd.ba.infn.it:1094 #0] elapsed = 45, pConnectionWindow = 31 seconds.
[2023-02-07 05:47:36.125007 +0100][Error  ][AsyncSock         ] [xrootd.ba.infn.it:1094 #0.0] Socket error while handshaking: [ERROR] Socket timeout
[2023-02-07 05:47:36.125145 +0100][Error  ][PostMaster        ] [xrootd.ba.infn.it:1094 #0] elapsed = 46, pConnectionWindow = 31 seconds.
[2023-02-07 05:47:36.125169 +0100][Error  ][PostMaster        ] [xrootd.ba.infn.it:1094 #0] Unable to recover: [ERROR] Socket timeout.
[2023-02-07 05:47:36.125183 +0100][Error  ][XRootD            ] [xrootd.ba.infn.it:1094] Impossible to send message kXR_open (file: /store/user/alesauva/flashgg/UL2017_3/10_6_4/VHToGG_M125_TuneCP5_13TeV-amcatnloFXFX-madspin-pythia8/UL2017_3-10_6_4-v0-RunIISummer19UL17MiniAOD-106X_mc2017_realistic_v6-v1/200722_091630/0000/myMicroAODOutputFile_10.root?tried=stor76.datagrid.cea.fr, mode: 0660, flags: kXR_open_read kXR_async kXR_retstat ). Trying to recover.
[2023-02-07 05:52:28.536018 +0100][Error  ][AsyncSock         ] [xrootd.ba.infn.it:1094 #0.0] Socket error while handshaking: [ERROR] Socket timeout
[2023-02-07 05:52:28.572107 +0100][Error  ][PostMaster        ] [xrootd.ba.infn.it:1094 #0] elapsed = 45, pConnectionWindow = 31 seconds.
[2023-02-07 05:53:13.870998 +0100][Error  ][AsyncSock         ] [xrootd.ba.infn.it:1094 #0.0] Socket error while handshaking: [ERROR] Socket timeout
[2023-02-07 05:53:13.871166 +0100][Error  ][PostMaster        ] [xrootd.ba.infn.it:1094 #0] elapsed = 45, pConnectionWindow = 31 seconds.
[2023-02-07 05:53:13.871187 +0100][Error  ][PostMaster        ] [xrootd.ba.infn.it:1094 #0] Unable to recover: [ERROR] Socket timeout.
[2023-02-07 05:53:13.871203 +0100][Error  ][XRootD            ] [xrootd.ba.infn.it:1094] Impossible to send message kXR_open (file: /store/user/alesauva/flashgg/UL2017_3/10_6_4/VHToGG_M125_TuneCP5_13TeV-amcatnloFXFX-madspin-pythia8/UL2017_3-10_6_4-v0-RunIISummer19UL17MiniAOD-106X_mc2017_realistic_v6-v1/200722_091630/0000/myMicroAODOutputFile_10.root?tried=stor76.datagrid.cea.fr, mode: 0660, flags: kXR_open_read kXR_async kXR_retstat ). Trying to recover.
Begin processing the 1001st record. Run 1, Event 170887, LumiSection 633 on stream 0 at 07-Feb-2023 05:54:47.368 CET
Begin processing the 2001st record. Run 1, Event 885670, LumiSection 3281 on stream 0 at 07-Feb-2023 05:57:27.756 CET
Begin processing the 3001st record. Run 1, Event 888394, LumiSection 3291 on stream 0 at 07-Feb-2023 05:59:52.935 CET
[2023-02-07 06:00:22.739922 +0100][Error  ][AsyncSock         ] [xrootd.ba.infn.it:1094 #0.0] Socket error while handshaking: [ERROR] Socket timeout
[2023-02-07 06:00:22.740088 +0100][Error  ][PostMaster        ] [xrootd.ba.infn.it:1094 #0] elapsed = 45, pConnectionWindow = 31 seconds.
[2023-02-07 06:01:08.004972 +0100][Error  ][AsyncSock         ] [xrootd.ba.infn.it:1094 #0.0] Socket error while handshaking: [ERROR] Socket timeout
[2023-02-07 06:01:08.005141 +0100][Error  ][PostMaster        ] [xrootd.ba.infn.it:1094 #0] elapsed = 46, pConnectionWindow = 31 seconds.
[2023-02-07 06:01:08.005169 +0100][Error  ][PostMaster        ] [xrootd.ba.infn.it:1094 #0] Unable to recover: [ERROR] Socket timeout.
[2023-02-07 06:01:08.005187 +0100][Error  ][XRootD            ] [xrootd.ba.infn.it:1094] Impossible to send message kXR_open (file: /store/user/alesauva/flashgg/UL2017_3/10_6_4/VHToGG_M125_TuneCP5_13TeV-amcatnloFXFX-madspin-pythia8/UL2017_3-10_6_4-v0-RunIISummer19UL17MiniAOD-106X_mc2017_realistic_v6-v1/200722_091630/0000/myMicroAODOutputFile_10.root?tried=stor76.datagrid.cea.fr, mode: 0660, flags: kXR_open_read kXR_async kXR_retstat ). Trying to recover.
Begin processing the 4001st record. Run 1, Event 974177, LumiSection 3609 on stream 0 at 07-Feb-2023 06:02:12.509 CET
Begin processing the 5001st record. Run 1, Event 977216, LumiSection 3620 on stream 0 at 07-Feb-2023 06:04:38.981 CET
Begin processing the 6001st record. Run 1, Event 939347, LumiSection 3480 on stream 0 at 07-Feb-2023 06:06:54.362 CET
Begin processing the 7001st record. Run 1, Event 942612, LumiSection 3492 on stream 0 at 07-Feb-2023 06:09:29.525 CET
[2023-02-07 06:09:29.827993 +0100][Error  ][AsyncSock         ] [xrootd.ba.infn.it:1094 #0.0] Socket error while handshaking: [ERROR] Socket timeout
[2023-02-07 06:09:29.828123 +0100][Error  ][PostMaster        ] [xrootd.ba.infn.it:1094 #0] elapsed = 45, pConnectionWindow = 31 seconds.
[2023-02-07 06:10:14.136973 +0100][Error  ][AsyncSock         ] [xrootd.ba.infn.it:1094 #0.0] Socket error while handshaking: [ERROR] Socket timeout
[2023-02-07 06:10:14.137123 +0100][Error  ][PostMaster        ] [xrootd.ba.infn.it:1094 #0] elapsed = 45, pConnectionWindow = 31 seconds.
[2023-02-07 06:10:14.137146 +0100][Error  ][PostMaster        ] [xrootd.ba.infn.it:1094 #0] Unable to recover: [ERROR] Socket timeout.
[2023-02-07 06:10:14.137160 +0100][Error  ][XRootD            ] [xrootd.ba.infn.it:1094] Impossible to send message kXR_open (file: /store/user/alesauva/flashgg/UL2017_3/10_6_4/VHToGG_M125_TuneCP5_13TeV-amcatnloFXFX-madspin-pythia8/UL2017_3-10_6_4-v0-RunIISummer19UL17MiniAOD-106X_mc2017_realistic_v6-v1/200722_091630/0000/myMicroAODOutputFile_10.root?tried=stor76.datagrid.cea.fr, mode: 0660, flags: kXR_open_read kXR_async kXR_retstat ). Trying to recover.
Begin processing the 8001st record. Run 1, Event 945723, LumiSection 3503 on stream 0 at 07-Feb-2023 06:11:47.518 CET
Begin processing the 9001st record. Run 1, Event 410673, LumiSection 1522 on stream 0 at 07-Feb-2023 06:13:57.812 CET
Begin processing the 10001st record. Run 1, Event 338847, LumiSection 1255 on stream 0 at 07-Feb-2023 06:16:16.426 CET
[2023-02-07 06:18:30.303391 +0100][Error  ][AsyncSock         ] [xrootd.ba.infn.it:1094 #0.0] Socket error while handshaking: [ERROR] Socket timeout
[2023-02-07 06:18:30.303539 +0100][Error  ][PostMaster        ] [xrootd.ba.infn.it:1094 #0] elapsed = 45, pConnectionWindow = 31 seconds.
Begin processing the 11001st record. Run 1, Event 442490, LumiSection 1639 on stream 0 at 07-Feb-2023 06:18:47.479 CET
[2023-02-07 06:19:15.590978 +0100][Error  ][AsyncSock         ] [xrootd.ba.infn.it:1094 #0.0] Socket error while handshaking: [ERROR] Socket timeout
[2023-02-07 06:19:15.591130 +0100][Error  ][PostMaster        ] [xrootd.ba.infn.it:1094 #0] elapsed = 45, pConnectionWindow = 31 seconds.
[2023-02-07 06:19:15.591157 +0100][Error  ][PostMaster        ] [xrootd.ba.infn.it:1094 #0] Unable to recover: [ERROR] Socket timeout.
[2023-02-07 06:19:15.591172 +0100][Error  ][XRootD            ] [xrootd.ba.infn.it:1094] Impossible to send message kXR_open (file: /store/user/alesauva/flashgg/UL2017_3/10_6_4/VHToGG_M125_TuneCP5_13TeV-amcatnloFXFX-madspin-pythia8/UL2017_3-10_6_4-v0-RunIISummer19UL17MiniAOD-106X_mc2017_realistic_v6-v1/200722_091630/0000/myMicroAODOutputFile_10.root?tried=stor76.datagrid.cea.fr, mode: 0660, flags: kXR_open_read kXR_async kXR_retstat ). Trying to recover.
Begin processing the 12001st record. Run 1, Event 445419, LumiSection 1650 on stream 0 at 07-Feb-2023 06:21:28.169 CET
[2023-02-07 06:23:30.287972 +0100][Error  ][AsyncSock         ] [xrootd.ba.infn.it:1094 #0.0] Socket error while handshaking: [ERROR] Socket timeout
[2023-02-07 06:23:30.291020 +0100][Error  ][PostMaster        ] [xrootd.ba.infn.it:1094 #0] elapsed = 45, pConnectionWindow = 31 seconds.
Begin processing the 13001st record. Run 1, Event 448267, LumiSection 1661 on stream 0 at 07-Feb-2023 06:23:53.754 CET
[2023-02-07 06:24:15.595969 +0100][Error  ][AsyncSock         ] [xrootd.ba.infn.it:1094 #0.0] Socket error while handshaking: [ERROR] Socket timeout
[2023-02-07 06:24:15.596118 +0100][Error  ][PostMaster        ] [xrootd.ba.infn.it:1094 #0] elapsed = 45, pConnectionWindow = 31 seconds.
[2023-02-07 06:24:15.596147 +0100][Error  ][PostMaster        ] [xrootd.ba.infn.it:1094 #0] Unable to recover: [ERROR] Socket timeout.
[2023-02-07 06:24:15.596169 +0100][Error  ][XRootD            ] [xrootd.ba.infn.it:1094] Impossible to send message kXR_open (file: /store/user/alesauva/flashgg/UL2017_3/10_6_4/VHToGG_M125_TuneCP5_13TeV-amcatnloFXFX-madspin-pythia8/UL2017_3-10_6_4-v0-RunIISummer19UL17MiniAOD-106X_mc2017_realistic_v6-v1/200722_091630/0000/myMicroAODOutputFile_10.root?tried=stor76.datagrid.cea.fr, mode: 0660, flags: kXR_open_read kXR_async kXR_retstat ). Trying to recover.
Begin processing the 14001st record. Run 1, Event 461698, LumiSection 1710 on stream 0 at 07-Feb-2023 06:26:20.934 CET
[2023-02-07 06:28:07.678020 +0100][Error  ][AsyncSock         ] [xrootd.ba.infn.it:1094 #0.0] Socket error while handshaking: [ERROR] Socket timeout
[2023-02-07 06:28:07.678269 +0100][Error  ][PostMaster        ] [xrootd.ba.infn.it:1094 #0] elapsed = 45, pConnectionWindow = 31 seconds.
Begin processing the 15001st record. Run 1, Event 464510, LumiSection 1721 on stream 0 at 07-Feb-2023 06:28:42.050 CET
[2023-02-07 06:28:52.974972 +0100][Error  ][AsyncSock         ] [xrootd.ba.infn.it:1094 #0.0] Socket error while handshaking: [ERROR] Socket timeout
[2023-02-07 06:28:52.975125 +0100][Error  ][PostMaster        ] [xrootd.ba.infn.it:1094 #0] elapsed = 45, pConnectionWindow = 31 seconds.
[2023-02-07 06:28:52.975146 +0100][Error  ][PostMaster        ] [xrootd.ba.infn.it:1094 #0] Unable to recover: [ERROR] Socket timeout.
[2023-02-07 06:28:52.975159 +0100][Error  ][XRootD            ] [xrootd.ba.infn.it:1094] Impossible to send message kXR_open (file: /store/user/alesauva/flashgg/UL2017_3/10_6_4/VHToGG_M125_TuneCP5_13TeV-amcatnloFXFX-madspin-pythia8/UL2017_3-10_6_4-v0-RunIISummer19UL17MiniAOD-106X_mc2017_realistic_v6-v1/200722_091630/0000/myMicroAODOutputFile_10.root?tried=stor76.datagrid.cea.fr, mode: 0660, flags: kXR_open_read kXR_async kXR_retstat ). Trying to recover.
Begin processing the 16001st record. Run 1, Event 405295, LumiSection 1502 on stream 0 at 07-Feb-2023 06:31:02.710 CET
[2023-02-07 06:32:43.421978 +0100][Error  ][AsyncSock         ] [xrootd.ba.infn.it:1094 #0.0] Socket error while handshaking: [ERROR] Socket timeout
[2023-02-07 06:32:43.422116 +0100][Error  ][PostMaster        ] [xrootd.ba.infn.it:1094 #0] elapsed = 45, pConnectionWindow = 31 seconds.
[2023-02-07 06:33:28.712003 +0100][Error  ][AsyncSock         ] [xrootd.ba.infn.it:1094 #0.0] Socket error while handshaking: [ERROR] Socket timeout
[2023-02-07 06:33:28.712181 +0100][Error  ][PostMaster        ] [xrootd.ba.infn.it:1094 #0] elapsed = 45, pConnectionWindow = 31 seconds.
[2023-02-07 06:33:28.712205 +0100][Error  ][PostMaster        ] [xrootd.ba.infn.it:1094 #0] Unable to recover: [ERROR] Socket timeout.
[2023-02-07 06:33:28.712221 +0100][Error  ][XRootD            ] [xrootd.ba.infn.it:1094] Impossible to send message kXR_open (file: /store/user/alesauva/flashgg/UL2017_3/10_6_4/VHToGG_M125_TuneCP5_13TeV-amcatnloFXFX-madspin-pythia8/UL2017_3-10_6_4-v0-RunIISummer19UL17MiniAOD-106X_mc2017_realistic_v6-v1/200722_091630/0000/myMicroAODOutputFile_10.root?tried=stor76.datagrid.cea.fr, mode: 0660, flags: kXR_open_read kXR_async kXR_retstat ). Trying to recover.
Begin processing the 17001st record. Run 1, Event 429751, LumiSection 1592 on stream 0 at 07-Feb-2023 06:33:34.101 CET
Begin processing the 18001st record. Run 1, Event 432725, LumiSection 1603 on stream 0 at 07-Feb-2023 06:35:47.500 CET
[2023-02-07 06:37:22.677999 +0100][Error  ][AsyncSock         ] [xrootd.ba.infn.it:1094 #0.0] Socket error while handshaking: [ERROR] Socket timeout
[2023-02-07 06:37:22.678166 +0100][Error  ][PostMaster        ] [xrootd.ba.infn.it:1094 #0] elapsed = 45, pConnectionWindow = 31 seconds.
[2023-02-07 06:38:07.969034 +0100][Error  ][AsyncSock         ] [xrootd.ba.infn.it:1094 #0.0] Socket error while handshaking: [ERROR] Socket timeout
[2023-02-07 06:38:07.969230 +0100][Error  ][PostMaster        ] [xrootd.ba.infn.it:1094 #0] elapsed = 45, pConnectionWindow = 31 seconds.
[2023-02-07 06:38:07.969265 +0100][Error  ][PostMaster        ] [xrootd.ba.infn.it:1094 #0] Unable to recover: [ERROR] Socket timeout.
[2023-02-07 06:38:07.969279 +0100][Error  ][XRootD            ] [xrootd.ba.infn.it:1094] Impossible to send message kXR_open (file: /store/user/alesauva/flashgg/UL2017_3/10_6_4/VHToGG_M125_TuneCP5_13TeV-amcatnloFXFX-madspin-pythia8/UL2017_3-10_6_4-v0-RunIISummer19UL17MiniAOD-106X_mc2017_realistic_v6-v1/200722_091630/0000/myMicroAODOutputFile_10.root?tried=stor76.datagrid.cea.fr, mode: 0460, flags: kXR_open_read kXR_async kXR_retstat ). Trying to recover.
Begin processing the 19001st record. Run 1, Event 435597, LumiSection 1614 on stream 0 at 07-Feb-2023 06:38:21.102 CET
Begin processing the 20001st record. Run 1, Event 438515, LumiSection 1625 on stream 0 at 07-Feb-2023 06:40:31.572 CET
Begin processing the 21001st record. Run 1, Event 494042, LumiSection 1830 on stream 0 at 07-Feb-2023 06:42:51.033 CET
Begin processing the 22001st record. Run 1, Event 700702, LumiSection 2596 on stream 0 at 07-Feb-2023 06:45:16.171 CET
[2023-02-07 06:46:28.927998 +0100][Error  ][AsyncSock         ] [xrootd.ba.infn.it:1094 #0.0] Socket error while handshaking: [ERROR] Socket timeout
[2023-02-07 06:46:28.928186 +0100][Error  ][PostMaster        ] [xrootd.ba.infn.it:1094 #0] elapsed = 45, pConnectionWindow = 31 seconds.
[2023-02-07 06:47:13.766012 +0100][Error  ][AsyncSock         ] [xrootd.ba.infn.it:1094 #0.0] Socket error while handshaking: [ERROR] Socket timeout
[2023-02-07 06:47:13.766198 +0100][Error  ][PostMaster        ] [xrootd.ba.infn.it:1094 #0] elapsed = 45, pConnectionWindow = 31 seconds.
[2023-02-07 06:47:13.766237 +0100][Error  ][PostMaster        ] [xrootd.ba.infn.it:1094 #0] Unable to recover: [ERROR] Socket timeout.
[2023-02-07 06:47:13.766270 +0100][Error  ][XRootD            ] [xrootd.ba.infn.it:1094] Impossible to send message kXR_open (file: /store/user/alesauva/flashgg/UL2017_3/10_6_4/VHToGG_M125_TuneCP5_13TeV-amcatnloFXFX-madspin-pythia8/UL2017_3-10_6_4-v0-RunIISummer19UL17MiniAOD-106X_mc2017_realistic_v6-v1/200722_091630/0000/myMicroAODOutputFile_10.root?tried=stor76.datagrid.cea.fr, mode: 0460, flags: kXR_open_read kXR_async kXR_retstat ). Trying to recover.
Begin processing the 23001st record. Run 1, Event 906120, LumiSection 3356 on stream 0 at 07-Feb-2023 06:47:37.785 CET
Begin processing the 24001st record. Run 1, Event 636961, LumiSection 2360 on stream 0 at 07-Feb-2023 06:50:10.332 CET
[2023-02-07 06:51:04.503973 +0100][Error  ][AsyncSock         ] [xrootd.ba.infn.it:1094 #0.0] Socket error while handshaking: [ERROR] Socket timeout
[2023-02-07 06:51:04.504132 +0100][Error  ][PostMaster        ] [xrootd.ba.infn.it:1094 #0] elapsed = 45, pConnectionWindow = 31 seconds.
[2023-02-07 06:51:49.769975 +0100][Error  ][AsyncSock         ] [xrootd.ba.infn.it:1094 #0.0] Socket error while handshaking: [ERROR] Socket timeout
[2023-02-07 06:51:49.770129 +0100][Error  ][PostMaster        ] [xrootd.ba.infn.it:1094 #0] elapsed = 45, pConnectionWindow = 31 seconds.
[2023-02-07 06:51:49.770155 +0100][Error  ][PostMaster        ] [xrootd.ba.infn.it:1094 #0] Unable to recover: [ERROR] Socket timeout.
[2023-02-07 06:51:49.770172 +0100][Error  ][XRootD            ] [xrootd.ba.infn.it:1094] Impossible to send message kXR_open (file: /store/user/alesauva/flashgg/UL2017_3/10_6_4/VHToGG_M125_TuneCP5_13TeV-amcatnloFXFX-madspin-pythia8/UL2017_3-10_6_4-v0-RunIISummer19UL17MiniAOD-106X_mc2017_realistic_v6-v1/200722_091630/0000/myMicroAODOutputFile_10.root?tried=stor76.datagrid.cea.fr, mode: 0660, flags: kXR_open_read kXR_async kXR_retstat ). Trying to recover.
07-Feb-2023 06:52:20 CET  Closed file root://cms-xrd-global.cern.ch//store/user/alesauva/flashgg/UL2017_3/10_6_4/VHToGG_M125_TuneCP5_13TeV-amcatnloFXFX-madspin-pythia8/UL2017_3-10_6_4-v0-RunIISummer19UL17MiniAOD-106X_mc2017_realistic_v6-v1/200722_091630/0000/myMicroAODOutputFile_10.root

TrigReport ---------- Event  Summary ------------
TrigReport Events total = 24928 passed = 15878 failed = 9050

TrigReport ---------- Path   Summary ------------
TrigReport  Trig Bit#   Executed     Passed     Failed      Error Name
TrigReport     1    0      24928      15878       9050          0 p

TrigReport -------End-Path   Summary ------------
TrigReport  Trig Bit#   Executed     Passed     Failed      Error Name

TrigReport ---------- Modules in Path: p ------------
TrigReport  Trig Bit#    Visited     Passed     Failed      Error Name
TrigReport     1    0      24928      24789        139          0 flashggMetFilters
TrigReport     1    1      24789      15878       8911          0 VHFilter
TrigReport     1    2      15878      15878          0          0 flashggDifferentialPhoIdInputsCorrection
TrigReport     1    3      15878      15878          0          0 flashggDiPhotonSystematics
TrigReport     1    4      15878      15878          0          0 flashggMetSystematics
TrigReport     1    5      15878      15878          0          0 flashggMuonSystematics
TrigReport     1    6      15878      15878          0          0 flashggElectronSystematics
TrigReport     1    7      15878      15878          0          0 flashggUnpackedJets
TrigReport     1    8      15878      15878          0          0 flashggJetSystematics0
TrigReport     1    9      15878      15878          0          0 flashggJetSystematics1
TrigReport     1   10      15878      15878          0          0 flashggJetSystematics2
TrigReport     1   11      15878      15878          0          0 flashggJetSystematics3
TrigReport     1   12      15878      15878          0          0 flashggJetSystematics4
TrigReport     1   13      15878      15878          0          0 flashggJetSystematics5
TrigReport     1   14      15878      15878          0          0 flashggJetSystematics6
TrigReport     1   15      15878      15878          0          0 flashggJetSystematics7
TrigReport     1   16      15878      15878          0          0 flashggJetSystematics8
TrigReport     1   17      15878      15878          0          0 flashggJetSystematics9
TrigReport     1   18      15878      15878          0          0 flashggJetSystematics10
TrigReport     1   19      15878      15878          0          0 flashggJetSystematics11
TrigReport     1   20      15878      15878          0          0 flashggPrefireDiPhotons
TrigReport     1   21      15878      15878          0          0 flashggPreselectedDiPhotons
TrigReport     1   22      15878      15878          0          0 flashggDiPhotonMVA
TrigReport     1   23      15878      15878          0          0 flashggVBFMVA
TrigReport     1   24      15878      15878          0          0 flashggVHhadMVA
TrigReport     1   25      15878      15878          0          0 flashggGluGluHMVA
TrigReport     1   26      15878      15878          0          0 flashggStageOneCombinedTag
TrigReport     1   27      15878      15878          0          0 flashggTHQLeptonicTag
TrigReport     1   28      15878      15878          0          0 flashggVHMetTag
TrigReport     1   29      15878      15878          0          0 flashggWHLeptonicTag
TrigReport     1   30      15878      15878          0          0 flashggZHLeptonicTag
TrigReport     1   31      15878      15878          0          0 flashggTTHLeptonicTag
TrigReport     1   32      15878      15878          0          0 flashggTTHHadronicTag
TrigReport     1   33      15878      15878          0          0 flashggTagSorter
TrigReport     1   34      15878      15878          0          0 flashggSystTagMerger
TrigReport     1   35      15878      15878          0          0 tagsDumper

TrigReport ---------- Module Summary ------------
TrigReport    Visited   Executed     Passed     Failed      Error Name
TrigReport      24928      24928      24928          0          0 TriggerResults
TrigReport      24789      24789      15878       8911          0 VHFilter
TrigReport      15878      15878      15878          0          0 ak4PFCHSL1FastL2L3Corrector
TrigReport      15878      15878      15878          0          0 ak4PFCHSL1FastjetCorrector
TrigReport      15878      15878      15878          0          0 ak4PFCHSL2RelativeCorrector
TrigReport      15878      15878      15878          0          0 ak4PFCHSL3AbsoluteCorrector
TrigReport      15878      15878      15878          0          0 flashggDiPhotonMVA
TrigReport      15878      15878      15878          0          0 flashggDiPhotonSystematics
TrigReport      15878      15878      15878          0          0 flashggDifferentialPhoIdInputsCorrection
TrigReport      15878      15878      15878          0          0 flashggElectronSystematics
TrigReport      15878      15878      15878          0          0 flashggGluGluHMVA
TrigReport      15878      15878      15878          0          0 flashggJetSystematics0
TrigReport      15878      15878      15878          0          0 flashggJetSystematics1
TrigReport      15878      15878      15878          0          0 flashggJetSystematics10
TrigReport      15878      15878      15878          0          0 flashggJetSystematics11
TrigReport      15878      15878      15878          0          0 flashggJetSystematics2
TrigReport      15878      15878      15878          0          0 flashggJetSystematics3
TrigReport      15878      15878      15878          0          0 flashggJetSystematics4
TrigReport      15878      15878      15878          0          0 flashggJetSystematics5
TrigReport      15878      15878      15878          0          0 flashggJetSystematics6
TrigReport      15878      15878      15878          0          0 flashggJetSystematics7
TrigReport      15878      15878      15878          0          0 flashggJetSystematics8
TrigReport      15878      15878      15878          0          0 flashggJetSystematics9
TrigReport      24928      24928      24789        139          0 flashggMetFilters
TrigReport      15878      15878      15878          0          0 flashggMetSystematics
TrigReport      15878      15878      15878          0          0 flashggMuonSystematics
TrigReport      15878      15878      15878          0          0 flashggPrefireDiPhotons
TrigReport      15878      15878      15878          0          0 flashggPreselectedDiPhotons
TrigReport      15878      15878      15878          0          0 flashggStageOneCombinedTag
TrigReport      15878      15878      15878          0          0 flashggSystTagMerger
TrigReport      15878      15878      15878          0          0 flashggTHQLeptonicTag
TrigReport      15878      15878      15878          0          0 flashggTTHHadronicTag
TrigReport      15878      15878      15878          0          0 flashggTTHLeptonicTag
TrigReport      15878      15878      15878          0          0 flashggTagSorter
TrigReport      15878      15878      15878          0          0 flashggUnpackedJets
TrigReport      15878      15878      15878          0          0 flashggVBFMVA
TrigReport      15878      15878      15878          0          0 flashggVHMetTag
TrigReport      15878      15878      15878          0          0 flashggVHhadMVA
TrigReport      15878      15878      15878          0          0 flashggWHLeptonicTag
TrigReport      15878      15878      15878          0          0 flashggZHLeptonicTag
TrigReport      24928      24928      24928          0          0 p
TrigReport      15878      15878      15878          0          0 tagsDumper

TimeReport ---------- Event  Summary ---[sec]----
TimeReport       event loop CPU/event = 0.150222
TimeReport      event loop Real/event = 0.159455
TimeReport     sum Streams Real/event = 0.153955
TimeReport efficiency CPU/Real/thread = 0.942097

TimeReport ---------- Path   Summary ---[Real sec]----
TimeReport  per event     per exec  Name
TimeReport   0.153325     0.153325  p
TimeReport  per event     per exec  Name

TimeReport -------End-Path   Summary ---[Real sec]----
TimeReport  per event     per exec  Name
TimeReport  per event     per exec  Name

TimeReport ---------- Modules in Path: p ---[Real sec]----
TimeReport  per event    per visit  Name
TimeReport   0.000027     0.000027  flashggMetFilters
TimeReport   0.000011     0.000011  VHFilter
TimeReport   0.066563     0.104502  flashggDifferentialPhoIdInputsCorrection
TimeReport   0.062168     0.097602  flashggDiPhotonSystematics
TimeReport   0.000499     0.000783  flashggMetSystematics
TimeReport   0.000032     0.000050  flashggMuonSystematics
TimeReport   0.000052     0.000082  flashggElectronSystematics
TimeReport   0.000372     0.000584  flashggUnpackedJets
TimeReport   0.005852     0.009188  flashggJetSystematics0
TimeReport   0.000904     0.001419  flashggJetSystematics1
TimeReport   0.000786     0.001234  flashggJetSystematics2
TimeReport   0.000755     0.001185  flashggJetSystematics3
TimeReport   0.000744     0.001168  flashggJetSystematics4
TimeReport   0.000734     0.001153  flashggJetSystematics5
TimeReport   0.000730     0.001146  flashggJetSystematics6
TimeReport   0.000726     0.001140  flashggJetSystematics7
TimeReport   0.000723     0.001134  flashggJetSystematics8
TimeReport   0.000722     0.001133  flashggJetSystematics9
TimeReport   0.000721     0.001132  flashggJetSystematics10
TimeReport   0.000719     0.001129  flashggJetSystematics11
TimeReport   0.000491     0.000771  flashggPrefireDiPhotons
TimeReport   0.000191     0.000299  flashggPreselectedDiPhotons
TimeReport   0.000037     0.000058  flashggDiPhotonMVA
TimeReport   0.000033     0.000051  flashggVBFMVA
TimeReport   0.000018     0.000029  flashggVHhadMVA
TimeReport   0.000048     0.000075  flashggGluGluHMVA
TimeReport   0.000033     0.000051  flashggStageOneCombinedTag
TimeReport   0.000342     0.000538  flashggTHQLeptonicTag
TimeReport   0.000142     0.000223  flashggVHMetTag
TimeReport   0.000035     0.000055  flashggWHLeptonicTag
TimeReport   0.000022     0.000035  flashggZHLeptonicTag
TimeReport   0.001474     0.002314  flashggTTHLeptonicTag
TimeReport   0.002721     0.004273  flashggTTHHadronicTag
TimeReport   0.000095     0.000149  flashggTagSorter
TimeReport   0.000004     0.000007  flashggSystTagMerger
TimeReport   0.000547     0.000859  tagsDumper
TimeReport  per event    per visit  Name

TimeReport ---------- Module Summary ---[Real sec]----
TimeReport  per event     per exec    per visit  Name
TimeReport   0.000004     0.000004     0.000004  TriggerResults
TimeReport   0.000011     0.000011     0.000011  VHFilter
TimeReport   0.000003     0.000005     0.000005  ak4PFCHSL1FastL2L3Corrector
TimeReport   0.000004     0.000006     0.000006  ak4PFCHSL1FastjetCorrector
TimeReport   0.000002     0.000003     0.000003  ak4PFCHSL2RelativeCorrector
TimeReport   0.000018     0.000029     0.000029  ak4PFCHSL3AbsoluteCorrector
TimeReport   0.000037     0.000058     0.000058  flashggDiPhotonMVA
TimeReport   0.062168     0.097602     0.097602  flashggDiPhotonSystematics
TimeReport   0.066563     0.104502     0.104502  flashggDifferentialPhoIdInputsCorrection
TimeReport   0.000052     0.000082     0.000082  flashggElectronSystematics
TimeReport   0.000048     0.000075     0.000075  flashggGluGluHMVA
TimeReport   0.005852     0.009188     0.009188  flashggJetSystematics0
TimeReport   0.000904     0.001419     0.001419  flashggJetSystematics1
TimeReport   0.000721     0.001132     0.001132  flashggJetSystematics10
TimeReport   0.000719     0.001129     0.001129  flashggJetSystematics11
TimeReport   0.000786     0.001234     0.001234  flashggJetSystematics2
TimeReport   0.000755     0.001185     0.001185  flashggJetSystematics3
TimeReport   0.000744     0.001168     0.001168  flashggJetSystematics4
TimeReport   0.000734     0.001153     0.001153  flashggJetSystematics5
TimeReport   0.000730     0.001146     0.001146  flashggJetSystematics6
TimeReport   0.000726     0.001140     0.001140  flashggJetSystematics7
TimeReport   0.000723     0.001134     0.001134  flashggJetSystematics8
TimeReport   0.000722     0.001133     0.001133  flashggJetSystematics9
TimeReport   0.000027     0.000027     0.000027  flashggMetFilters
TimeReport   0.000499     0.000783     0.000783  flashggMetSystematics
TimeReport   0.000032     0.000050     0.000050  flashggMuonSystematics
TimeReport   0.000491     0.000771     0.000771  flashggPrefireDiPhotons
TimeReport   0.000191     0.000299     0.000299  flashggPreselectedDiPhotons
TimeReport   0.000033     0.000051     0.000051  flashggStageOneCombinedTag
TimeReport   0.000004     0.000007     0.000007  flashggSystTagMerger
TimeReport   0.000342     0.000538     0.000538  flashggTHQLeptonicTag
TimeReport   0.002721     0.004273     0.004273  flashggTTHHadronicTag
TimeReport   0.001474     0.002314     0.002314  flashggTTHLeptonicTag
TimeReport   0.000095     0.000149     0.000149  flashggTagSorter
TimeReport   0.000372     0.000584     0.000584  flashggUnpackedJets
TimeReport   0.000033     0.000051     0.000051  flashggVBFMVA
TimeReport   0.000142     0.000223     0.000223  flashggVHMetTag
TimeReport   0.000018     0.000029     0.000029  flashggVHhadMVA
TimeReport   0.000035     0.000055     0.000055  flashggWHLeptonicTag
TimeReport   0.000022     0.000035     0.000035  flashggZHLeptonicTag
TimeReport   0.000005     0.000005     0.000005  p
TimeReport   0.000547     0.000859     0.000859  tagsDumper
TimeReport  per event     per exec    per visit  Name

T---Report end!


=============================================

MessageLogger Summary

 type     category        sev    module        subroutine        count    total
 ---- -------------------- -- ---------------- ----------------  -----    -----
    1 XrdAdaptor           -w file_open                              1        1
    2 fileAction           -s file_close                             1        1
    3 fileAction           -s file_open                              2        2

 type    category    Examples: run/evt        run/evt          run/evt
 ---- -------------------- ---------------- ---------------- ----------------
    1 XrdAdaptor           pre-events                        
    2 fileAction           PostGlobalEndRun                  
    3 fileAction           pre-events       pre-events       

Severity    # Occurrences   Total Occurrences
--------    -------------   -----------------
Warning                 1                   1
System                  3                   3

dropped waiting message count 0
