mkdir: cannot create directory '/afs/cern.ch/user/x/xisu/private/local/Analysis_workspace/VH_AC_tmp1/flashgg_d2/CMSSW_10_6_29/src/flashgg/VHAC_Analysis_Met/UL_17/UL17_wh125': File exists
/cvmfs/cms.cern.ch/slc7_amd64_gcc700/external/py2-requests/2.21.0-pafccj2/lib/python2.7/site-packages/requests/__init__.py:91: RequestsDependencyWarning: urllib3 (1.25.2) or chardet (3.0.4) doesn't match a supported version!
  RequestsDependencyWarning)
07-Feb-2023 05:24:31 CET  Initiating request to open file root://cms-xrd-global.cern.ch//store/user/alesauva/flashgg/UL2017_3/10_6_4/VHToGG_M125_TuneCP5_13TeV-amcatnloFXFX-madspin-pythia8/UL2017_3-10_6_4-v0-RunIISummer19UL17MiniAOD-106X_mc2017_realistic_v6-v1/200718_083214/0000/myMicroAODOutputFile_19.root
[2023-02-07 05:25:17.649594 +0100][Error  ][AsyncSock         ] [xrootd.ba.infn.it:1094 #0.0] Socket error while handshaking: [ERROR] Socket timeout
[2023-02-07 05:25:17.649857 +0100][Error  ][PostMaster        ] [xrootd.ba.infn.it:1094 #0] elapsed = 45, pConnectionWindow = 31 seconds.
[2023-02-07 05:26:02.901226 +0100][Error  ][AsyncSock         ] [xrootd.ba.infn.it:1094 #0.0] Socket error while handshaking: [ERROR] Socket timeout
[2023-02-07 05:26:02.901361 +0100][Error  ][PostMaster        ] [xrootd.ba.infn.it:1094 #0] elapsed = 45, pConnectionWindow = 31 seconds.
[2023-02-07 05:26:02.901403 +0100][Error  ][PostMaster        ] [xrootd.ba.infn.it:1094 #0] Unable to recover: [ERROR] Socket timeout.
[2023-02-07 05:26:02.901425 +0100][Error  ][XRootD            ] [xrootd.ba.infn.it:1094] Impossible to send message kXR_open (file: /store/user/alesauva/flashgg/UL2017_3/10_6_4/VHToGG_M125_TuneCP5_13TeV-amcatnloFXFX-madspin-pythia8/UL2017_3-10_6_4-v0-RunIISummer19UL17MiniAOD-106X_mc2017_realistic_v6-v1/200718_083214/0000/myMicroAODOutputFile_19.root, mode: 0660, flags: kXR_open_read kXR_async kXR_retstat ). Trying to recover.
%MSG-w XrdAdaptor:  file_open 07-Feb-2023 05:26:09 CET pre-events
Data is served from GRIF-IRFU instead of original site CERN-CMSGLOBAL-01
%MSG
07-Feb-2023 05:26:11 CET  Successfully opened file root://cms-xrd-global.cern.ch//store/user/alesauva/flashgg/UL2017_3/10_6_4/VHToGG_M125_TuneCP5_13TeV-amcatnloFXFX-madspin-pythia8/UL2017_3-10_6_4-v0-RunIISummer19UL17MiniAOD-106X_mc2017_realistic_v6-v1/200718_083214/0000/myMicroAODOutputFile_19.root
2023-02-07 05:42:36.010718: I tensorflow/core/platform/cpu_feature_guard.cc:140] Your CPU supports instructions that this TensorFlow binary was not compiled to use: SSE4.1 SSE4.2 AVX AVX2 FMA
Begin processing the 1st record. Run 1, Event 539474, LumiSection 1999 on stream 0 at 07-Feb-2023 05:44:10.674 CET
[2023-02-07 05:44:55.893699 +0100][Error  ][AsyncSock         ] [xrootd.ba.infn.it:1094 #0.0] Socket error while handshaking: [ERROR] Socket timeout
[2023-02-07 05:44:55.893896 +0100][Error  ][PostMaster        ] [xrootd.ba.infn.it:1094 #0] elapsed = 45, pConnectionWindow = 31 seconds.
[2023-02-07 05:45:40.160613 +0100][Error  ][AsyncSock         ] [xrootd.ba.infn.it:1094 #0.0] Socket error while handshaking: [ERROR] Socket timeout
[2023-02-07 05:45:40.160874 +0100][Error  ][PostMaster        ] [xrootd.ba.infn.it:1094 #0] elapsed = 45, pConnectionWindow = 31 seconds.
[2023-02-07 05:45:40.160905 +0100][Error  ][PostMaster        ] [xrootd.ba.infn.it:1094 #0] Unable to recover: [ERROR] Socket timeout.
[2023-02-07 05:45:40.160942 +0100][Error  ][XRootD            ] [xrootd.ba.infn.it:1094] Impossible to send message kXR_open (file: /store/user/alesauva/flashgg/UL2017_3/10_6_4/VHToGG_M125_TuneCP5_13TeV-amcatnloFXFX-madspin-pythia8/UL2017_3-10_6_4-v0-RunIISummer19UL17MiniAOD-106X_mc2017_realistic_v6-v1/200718_083214/0000/myMicroAODOutputFile_19.root?tried=stor82.datagrid.cea.fr, mode: 0660, flags: kXR_open_read kXR_async kXR_retstat ). Trying to recover.
[2023-02-07 05:49:45.666582 +0100][Error  ][AsyncSock         ] [xrootd.ba.infn.it:1094 #0.0] Socket error while handshaking: [ERROR] Socket timeout
[2023-02-07 05:49:45.666764 +0100][Error  ][PostMaster        ] [xrootd.ba.infn.it:1094 #0] elapsed = 45, pConnectionWindow = 31 seconds.
[2023-02-07 05:50:30.928572 +0100][Error  ][AsyncSock         ] [xrootd.ba.infn.it:1094 #0.0] Socket error while handshaking: [ERROR] Socket timeout
[2023-02-07 05:50:30.928800 +0100][Error  ][PostMaster        ] [xrootd.ba.infn.it:1094 #0] elapsed = 45, pConnectionWindow = 31 seconds.
[2023-02-07 05:50:30.928828 +0100][Error  ][PostMaster        ] [xrootd.ba.infn.it:1094 #0] Unable to recover: [ERROR] Socket timeout.
[2023-02-07 05:50:30.928847 +0100][Error  ][XRootD            ] [xrootd.ba.infn.it:1094] Impossible to send message kXR_open (file: /store/user/alesauva/flashgg/UL2017_3/10_6_4/VHToGG_M125_TuneCP5_13TeV-amcatnloFXFX-madspin-pythia8/UL2017_3-10_6_4-v0-RunIISummer19UL17MiniAOD-106X_mc2017_realistic_v6-v1/200718_083214/0000/myMicroAODOutputFile_19.root?tried=stor82.datagrid.cea.fr, mode: 0660, flags: kXR_open_read kXR_async kXR_retstat ). Trying to recover.
Begin processing the 1001st record. Run 1, Event 542513, LumiSection 2010 on stream 0 at 07-Feb-2023 05:51:09.683 CET
Begin processing the 2001st record. Run 1, Event 545383, LumiSection 2020 on stream 0 at 07-Feb-2023 05:53:32.050 CET
Begin processing the 3001st record. Run 1, Event 548385, LumiSection 2032 on stream 0 at 07-Feb-2023 05:55:48.840 CET
Begin processing the 4001st record. Run 1, Event 1206625, LumiSection 4469 on stream 0 at 07-Feb-2023 05:58:07.561 CET
[2023-02-07 05:58:32.280566 +0100][Error  ][AsyncSock         ] [xrootd.ba.infn.it:1094 #0.0] Socket error while handshaking: [ERROR] Socket timeout
[2023-02-07 05:58:32.280752 +0100][Error  ][PostMaster        ] [xrootd.ba.infn.it:1094 #0] elapsed = 45, pConnectionWindow = 31 seconds.
[2023-02-07 05:59:17.583570 +0100][Error  ][AsyncSock         ] [xrootd.ba.infn.it:1094 #0.0] Socket error while handshaking: [ERROR] Socket timeout
[2023-02-07 05:59:17.583830 +0100][Error  ][PostMaster        ] [xrootd.ba.infn.it:1094 #0] elapsed = 45, pConnectionWindow = 31 seconds.
[2023-02-07 05:59:17.583872 +0100][Error  ][PostMaster        ] [xrootd.ba.infn.it:1094 #0] Unable to recover: [ERROR] Socket timeout.
[2023-02-07 05:59:17.583895 +0100][Error  ][XRootD            ] [xrootd.ba.infn.it:1094] Impossible to send message kXR_open (file: /store/user/alesauva/flashgg/UL2017_3/10_6_4/VHToGG_M125_TuneCP5_13TeV-amcatnloFXFX-madspin-pythia8/UL2017_3-10_6_4-v0-RunIISummer19UL17MiniAOD-106X_mc2017_realistic_v6-v1/200718_083214/0000/myMicroAODOutputFile_19.root?tried=stor82.datagrid.cea.fr, mode: 0660, flags: kXR_open_read kXR_async kXR_retstat ). Trying to recover.
Begin processing the 5001st record. Run 1, Event 928999, LumiSection 3441 on stream 0 at 07-Feb-2023 06:00:35.336 CET
Begin processing the 6001st record. Run 1, Event 1260785, LumiSection 4670 on stream 0 at 07-Feb-2023 06:02:51.093 CET
[2023-02-07 06:03:08.374569 +0100][Error  ][AsyncSock         ] [xrootd.ba.infn.it:1094 #0.0] Socket error while handshaking: [ERROR] Socket timeout
[2023-02-07 06:03:08.374734 +0100][Error  ][PostMaster        ] [xrootd.ba.infn.it:1094 #0] elapsed = 45, pConnectionWindow = 31 seconds.
[2023-02-07 06:03:53.641570 +0100][Error  ][AsyncSock         ] [xrootd.ba.infn.it:1094 #0.0] Socket error while handshaking: [ERROR] Socket timeout
[2023-02-07 06:03:53.641754 +0100][Error  ][PostMaster        ] [xrootd.ba.infn.it:1094 #0] elapsed = 45, pConnectionWindow = 31 seconds.
[2023-02-07 06:03:53.641779 +0100][Error  ][PostMaster        ] [xrootd.ba.infn.it:1094 #0] Unable to recover: [ERROR] Socket timeout.
[2023-02-07 06:03:53.641794 +0100][Error  ][XRootD            ] [xrootd.ba.infn.it:1094] Impossible to send message kXR_open (file: /store/user/alesauva/flashgg/UL2017_3/10_6_4/VHToGG_M125_TuneCP5_13TeV-amcatnloFXFX-madspin-pythia8/UL2017_3-10_6_4-v0-RunIISummer19UL17MiniAOD-106X_mc2017_realistic_v6-v1/200718_083214/0000/myMicroAODOutputFile_19.root?tried=stor82.datagrid.cea.fr, mode: 0660, flags: kXR_open_read kXR_async kXR_retstat ). Trying to recover.
Begin processing the 7001st record. Run 1, Event 921671, LumiSection 3414 on stream 0 at 07-Feb-2023 06:04:58.882 CET
Begin processing the 8001st record. Run 1, Event 1077480, LumiSection 3991 on stream 0 at 07-Feb-2023 06:07:02.231 CET
Begin processing the 9001st record. Run 1, Event 894070, LumiSection 3312 on stream 0 at 07-Feb-2023 06:09:27.227 CET
[2023-02-07 06:09:35.634580 +0100][Error  ][AsyncSock         ] [xrootd.ba.infn.it:1094 #0.0] Socket error while handshaking: [ERROR] Socket timeout
[2023-02-07 06:09:35.634734 +0100][Error  ][PostMaster        ] [xrootd.ba.infn.it:1094 #0] elapsed = 45, pConnectionWindow = 31 seconds.
[2023-02-07 06:10:20.903610 +0100][Error  ][AsyncSock         ] [xrootd.ba.infn.it:1094 #0.0] Socket error while handshaking: [ERROR] Socket timeout
[2023-02-07 06:10:20.903830 +0100][Error  ][PostMaster        ] [xrootd.ba.infn.it:1094 #0] elapsed = 45, pConnectionWindow = 31 seconds.
[2023-02-07 06:10:20.903854 +0100][Error  ][PostMaster        ] [xrootd.ba.infn.it:1094 #0] Unable to recover: [ERROR] Socket timeout.
[2023-02-07 06:10:20.903867 +0100][Error  ][XRootD            ] [xrootd.ba.infn.it:1094] Impossible to send message kXR_open (file: /store/user/alesauva/flashgg/UL2017_3/10_6_4/VHToGG_M125_TuneCP5_13TeV-amcatnloFXFX-madspin-pythia8/UL2017_3-10_6_4-v0-RunIISummer19UL17MiniAOD-106X_mc2017_realistic_v6-v1/200718_083214/0000/myMicroAODOutputFile_19.root?tried=stor82.datagrid.cea.fr, mode: 0660, flags: kXR_open_read kXR_async kXR_retstat ). Trying to recover.
Begin processing the 10001st record. Run 1, Event 1080343, LumiSection 4002 on stream 0 at 07-Feb-2023 06:11:48.926 CET
Begin processing the 11001st record. Run 1, Event 1083453, LumiSection 4013 on stream 0 at 07-Feb-2023 06:14:07.591 CET
Begin processing the 12001st record. Run 1, Event 1102096, LumiSection 4082 on stream 0 at 07-Feb-2023 06:16:28.283 CET
[2023-02-07 06:18:30.098564 +0100][Error  ][AsyncSock         ] [xrootd.ba.infn.it:1094 #0.0] Socket error while handshaking: [ERROR] Socket timeout
[2023-02-07 06:18:30.098745 +0100][Error  ][PostMaster        ] [xrootd.ba.infn.it:1094 #0] elapsed = 46, pConnectionWindow = 31 seconds.
Begin processing the 13001st record. Run 1, Event 1104975, LumiSection 4093 on stream 0 at 07-Feb-2023 06:18:40.091 CET
[2023-02-07 06:19:15.354980 +0100][Error  ][AsyncSock         ] [xrootd.ba.infn.it:1094 #0.0] Socket error while handshaking: [ERROR] Socket timeout
[2023-02-07 06:19:15.355154 +0100][Error  ][PostMaster        ] [xrootd.ba.infn.it:1094 #0] elapsed = 45, pConnectionWindow = 31 seconds.
[2023-02-07 06:19:15.355181 +0100][Error  ][PostMaster        ] [xrootd.ba.infn.it:1094 #0] Unable to recover: [ERROR] Socket timeout.
[2023-02-07 06:19:15.355195 +0100][Error  ][XRootD            ] [xrootd.ba.infn.it:1094] Impossible to send message kXR_open (file: /store/user/alesauva/flashgg/UL2017_3/10_6_4/VHToGG_M125_TuneCP5_13TeV-amcatnloFXFX-madspin-pythia8/UL2017_3-10_6_4-v0-RunIISummer19UL17MiniAOD-106X_mc2017_realistic_v6-v1/200718_083214/0000/myMicroAODOutputFile_19.root?tried=stor82.datagrid.cea.fr, mode: 0660, flags: kXR_open_read kXR_async kXR_retstat ). Trying to recover.
Begin processing the 14001st record. Run 1, Event 980139, LumiSection 3631 on stream 0 at 07-Feb-2023 06:20:51.123 CET
Begin processing the 15001st record. Run 1, Event 983317, LumiSection 3642 on stream 0 at 07-Feb-2023 06:23:02.089 CET
Begin processing the 16001st record. Run 1, Event 988149, LumiSection 3660 on stream 0 at 07-Feb-2023 06:25:10.235 CET
[2023-02-07 06:26:59.073582 +0100][Error  ][AsyncSock         ] [xrootd.ba.infn.it:1094 #0.0] Socket error while handshaking: [ERROR] Socket timeout
[2023-02-07 06:26:59.073784 +0100][Error  ][PostMaster        ] [xrootd.ba.infn.it:1094 #0] elapsed = 45, pConnectionWindow = 31 seconds.
Begin processing the 17001st record. Run 1, Event 1283463, LumiSection 4754 on stream 0 at 07-Feb-2023 06:27:23.705 CET
[2023-02-07 06:27:44.341694 +0100][Error  ][AsyncSock         ] [xrootd.ba.infn.it:1094 #0.0] Socket error while handshaking: [ERROR] Socket timeout
[2023-02-07 06:27:44.341970 +0100][Error  ][PostMaster        ] [xrootd.ba.infn.it:1094 #0] elapsed = 45, pConnectionWindow = 31 seconds.
[2023-02-07 06:27:44.342011 +0100][Error  ][PostMaster        ] [xrootd.ba.infn.it:1094 #0] Unable to recover: [ERROR] Socket timeout.
[2023-02-07 06:27:44.342056 +0100][Error  ][XRootD            ] [xrootd.ba.infn.it:1094] Impossible to send message kXR_open (file: /store/user/alesauva/flashgg/UL2017_3/10_6_4/VHToGG_M125_TuneCP5_13TeV-amcatnloFXFX-madspin-pythia8/UL2017_3-10_6_4-v0-RunIISummer19UL17MiniAOD-106X_mc2017_realistic_v6-v1/200718_083214/0000/myMicroAODOutputFile_19.root?tried=stor82.datagrid.cea.fr, mode: 0660, flags: kXR_open_read kXR_async kXR_retstat ). Trying to recover.
Begin processing the 18001st record. Run 1, Event 955523, LumiSection 3539 on stream 0 at 07-Feb-2023 06:29:47.830 CET
Begin processing the 19001st record. Run 1, Event 1023459, LumiSection 3791 on stream 0 at 07-Feb-2023 06:31:54.742 CET
Begin processing the 20001st record. Run 1, Event 1026428, LumiSection 3802 on stream 0 at 07-Feb-2023 06:34:18.642 CET
[2023-02-07 06:35:45.302552 +0100][Error  ][AsyncSock         ] [xrootd.ba.infn.it:1094 #0.0] Socket error while handshaking: [ERROR] Socket timeout
[2023-02-07 06:35:45.302830 +0100][Error  ][PostMaster        ] [xrootd.ba.infn.it:1094 #0] elapsed = 45, pConnectionWindow = 31 seconds.
[2023-02-07 06:36:30.597588 +0100][Error  ][AsyncSock         ] [xrootd.ba.infn.it:1094 #0.0] Socket error while handshaking: [ERROR] Socket timeout
[2023-02-07 06:36:30.597778 +0100][Error  ][PostMaster        ] [xrootd.ba.infn.it:1094 #0] elapsed = 45, pConnectionWindow = 31 seconds.
[2023-02-07 06:36:30.597804 +0100][Error  ][PostMaster        ] [xrootd.ba.infn.it:1094 #0] Unable to recover: [ERROR] Socket timeout.
[2023-02-07 06:36:30.597816 +0100][Error  ][XRootD            ] [xrootd.ba.infn.it:1094] Impossible to send message kXR_open (file: /store/user/alesauva/flashgg/UL2017_3/10_6_4/VHToGG_M125_TuneCP5_13TeV-amcatnloFXFX-madspin-pythia8/UL2017_3-10_6_4-v0-RunIISummer19UL17MiniAOD-106X_mc2017_realistic_v6-v1/200718_083214/0000/myMicroAODOutputFile_19.root?tried=stor82.datagrid.cea.fr, mode: 0660, flags: kXR_open_read kXR_async kXR_retstat ). Trying to recover.
Begin processing the 21001st record. Run 1, Event 1350874, LumiSection 5004 on stream 0 at 07-Feb-2023 06:36:30.874 CET
07-Feb-2023 06:36:49 CET  Closed file root://cms-xrd-global.cern.ch//store/user/alesauva/flashgg/UL2017_3/10_6_4/VHToGG_M125_TuneCP5_13TeV-amcatnloFXFX-madspin-pythia8/UL2017_3-10_6_4-v0-RunIISummer19UL17MiniAOD-106X_mc2017_realistic_v6-v1/200718_083214/0000/myMicroAODOutputFile_19.root

TrigReport ---------- Event  Summary ------------
TrigReport Events total = 21162 passed = 13496 failed = 7666

TrigReport ---------- Path   Summary ------------
TrigReport  Trig Bit#   Executed     Passed     Failed      Error Name
TrigReport     1    0      21162      13496       7666          0 p

TrigReport -------End-Path   Summary ------------
TrigReport  Trig Bit#   Executed     Passed     Failed      Error Name

TrigReport ---------- Modules in Path: p ------------
TrigReport  Trig Bit#    Visited     Passed     Failed      Error Name
TrigReport     1    0      21162      21066         96          0 flashggMetFilters
TrigReport     1    1      21066      13496       7570          0 VHFilter
TrigReport     1    2      13496      13496          0          0 flashggDifferentialPhoIdInputsCorrection
TrigReport     1    3      13496      13496          0          0 flashggDiPhotonSystematics
TrigReport     1    4      13496      13496          0          0 flashggMetSystematics
TrigReport     1    5      13496      13496          0          0 flashggMuonSystematics
TrigReport     1    6      13496      13496          0          0 flashggElectronSystematics
TrigReport     1    7      13496      13496          0          0 flashggUnpackedJets
TrigReport     1    8      13496      13496          0          0 flashggJetSystematics0
TrigReport     1    9      13496      13496          0          0 flashggJetSystematics1
TrigReport     1   10      13496      13496          0          0 flashggJetSystematics2
TrigReport     1   11      13496      13496          0          0 flashggJetSystematics3
TrigReport     1   12      13496      13496          0          0 flashggJetSystematics4
TrigReport     1   13      13496      13496          0          0 flashggJetSystematics5
TrigReport     1   14      13496      13496          0          0 flashggJetSystematics6
TrigReport     1   15      13496      13496          0          0 flashggJetSystematics7
TrigReport     1   16      13496      13496          0          0 flashggJetSystematics8
TrigReport     1   17      13496      13496          0          0 flashggJetSystematics9
TrigReport     1   18      13496      13496          0          0 flashggJetSystematics10
TrigReport     1   19      13496      13496          0          0 flashggJetSystematics11
TrigReport     1   20      13496      13496          0          0 flashggPrefireDiPhotons
TrigReport     1   21      13496      13496          0          0 flashggPreselectedDiPhotons
TrigReport     1   22      13496      13496          0          0 flashggDiPhotonMVA
TrigReport     1   23      13496      13496          0          0 flashggVBFMVA
TrigReport     1   24      13496      13496          0          0 flashggVHhadMVA
TrigReport     1   25      13496      13496          0          0 flashggGluGluHMVA
TrigReport     1   26      13496      13496          0          0 flashggStageOneCombinedTag
TrigReport     1   27      13496      13496          0          0 flashggTHQLeptonicTag
TrigReport     1   28      13496      13496          0          0 flashggVHMetTag
TrigReport     1   29      13496      13496          0          0 flashggWHLeptonicTag
TrigReport     1   30      13496      13496          0          0 flashggZHLeptonicTag
TrigReport     1   31      13496      13496          0          0 flashggTTHLeptonicTag
TrigReport     1   32      13496      13496          0          0 flashggTTHHadronicTag
TrigReport     1   33      13496      13496          0          0 flashggTagSorter
TrigReport     1   34      13496      13496          0          0 flashggSystTagMerger
TrigReport     1   35      13496      13496          0          0 tagsDumper

TrigReport ---------- Module Summary ------------
TrigReport    Visited   Executed     Passed     Failed      Error Name
TrigReport      21162      21162      21162          0          0 TriggerResults
TrigReport      21066      21066      13496       7570          0 VHFilter
TrigReport      13496      13496      13496          0          0 ak4PFCHSL1FastL2L3Corrector
TrigReport      13496      13496      13496          0          0 ak4PFCHSL1FastjetCorrector
TrigReport      13496      13496      13496          0          0 ak4PFCHSL2RelativeCorrector
TrigReport      13496      13496      13496          0          0 ak4PFCHSL3AbsoluteCorrector
TrigReport      13496      13496      13496          0          0 flashggDiPhotonMVA
TrigReport      13496      13496      13496          0          0 flashggDiPhotonSystematics
TrigReport      13496      13496      13496          0          0 flashggDifferentialPhoIdInputsCorrection
TrigReport      13496      13496      13496          0          0 flashggElectronSystematics
TrigReport      13496      13496      13496          0          0 flashggGluGluHMVA
TrigReport      13496      13496      13496          0          0 flashggJetSystematics0
TrigReport      13496      13496      13496          0          0 flashggJetSystematics1
TrigReport      13496      13496      13496          0          0 flashggJetSystematics10
TrigReport      13496      13496      13496          0          0 flashggJetSystematics11
TrigReport      13496      13496      13496          0          0 flashggJetSystematics2
TrigReport      13496      13496      13496          0          0 flashggJetSystematics3
TrigReport      13496      13496      13496          0          0 flashggJetSystematics4
TrigReport      13496      13496      13496          0          0 flashggJetSystematics5
TrigReport      13496      13496      13496          0          0 flashggJetSystematics6
TrigReport      13496      13496      13496          0          0 flashggJetSystematics7
TrigReport      13496      13496      13496          0          0 flashggJetSystematics8
TrigReport      13496      13496      13496          0          0 flashggJetSystematics9
TrigReport      21162      21162      21066         96          0 flashggMetFilters
TrigReport      13496      13496      13496          0          0 flashggMetSystematics
TrigReport      13496      13496      13496          0          0 flashggMuonSystematics
TrigReport      13496      13496      13496          0          0 flashggPrefireDiPhotons
TrigReport      13496      13496      13496          0          0 flashggPreselectedDiPhotons
TrigReport      13496      13496      13496          0          0 flashggStageOneCombinedTag
TrigReport      13496      13496      13496          0          0 flashggSystTagMerger
TrigReport      13496      13496      13496          0          0 flashggTHQLeptonicTag
TrigReport      13496      13496      13496          0          0 flashggTTHHadronicTag
TrigReport      13496      13496      13496          0          0 flashggTTHLeptonicTag
TrigReport      13496      13496      13496          0          0 flashggTagSorter
TrigReport      13496      13496      13496          0          0 flashggUnpackedJets
TrigReport      13496      13496      13496          0          0 flashggVBFMVA
TrigReport      13496      13496      13496          0          0 flashggVHMetTag
TrigReport      13496      13496      13496          0          0 flashggVHhadMVA
TrigReport      13496      13496      13496          0          0 flashggWHLeptonicTag
TrigReport      13496      13496      13496          0          0 flashggZHLeptonicTag
TrigReport      21162      21162      21162          0          0 p
TrigReport      13496      13496      13496          0          0 tagsDumper

TimeReport ---------- Event  Summary ---[sec]----
TimeReport       event loop CPU/event = 0.146614
TimeReport      event loop Real/event = 0.149289
TimeReport     sum Streams Real/event = 0.144286
TimeReport efficiency CPU/Real/thread = 0.982082

TimeReport ---------- Path   Summary ---[Real sec]----
TimeReport  per event     per exec  Name
TimeReport   0.143682     0.143682  p
TimeReport  per event     per exec  Name

TimeReport -------End-Path   Summary ---[Real sec]----
TimeReport  per event     per exec  Name
TimeReport  per event     per exec  Name

TimeReport ---------- Modules in Path: p ---[Real sec]----
TimeReport  per event    per visit  Name
TimeReport   0.000028     0.000028  flashggMetFilters
TimeReport   0.000011     0.000011  VHFilter
TimeReport   0.061908     0.097073  flashggDifferentialPhoIdInputsCorrection
TimeReport   0.061296     0.096113  flashggDiPhotonSystematics
TimeReport   0.000209     0.000327  flashggMetSystematics
TimeReport   0.000032     0.000050  flashggMuonSystematics
TimeReport   0.000048     0.000075  flashggElectronSystematics
TimeReport   0.000359     0.000563  flashggUnpackedJets
TimeReport   0.005648     0.008856  flashggJetSystematics0
TimeReport   0.000882     0.001382  flashggJetSystematics1
TimeReport   0.000760     0.001192  flashggJetSystematics2
TimeReport   0.000733     0.001150  flashggJetSystematics3
TimeReport   0.000719     0.001128  flashggJetSystematics4
TimeReport   0.000713     0.001118  flashggJetSystematics5
TimeReport   0.000710     0.001114  flashggJetSystematics6
TimeReport   0.000704     0.001104  flashggJetSystematics7
TimeReport   0.000702     0.001101  flashggJetSystematics8
TimeReport   0.000703     0.001103  flashggJetSystematics9
TimeReport   0.000699     0.001096  flashggJetSystematics10
TimeReport   0.000697     0.001093  flashggJetSystematics11
TimeReport   0.000447     0.000701  flashggPrefireDiPhotons
TimeReport   0.000127     0.000198  flashggPreselectedDiPhotons
TimeReport   0.000024     0.000038  flashggDiPhotonMVA
TimeReport   0.000028     0.000044  flashggVBFMVA
TimeReport   0.000017     0.000027  flashggVHhadMVA
TimeReport   0.000045     0.000071  flashggGluGluHMVA
TimeReport   0.000031     0.000049  flashggStageOneCombinedTag
TimeReport   0.000256     0.000402  flashggTHQLeptonicTag
TimeReport   0.000124     0.000195  flashggVHMetTag
TimeReport   0.000035     0.000055  flashggWHLeptonicTag
TimeReport   0.000021     0.000033  flashggZHLeptonicTag
TimeReport   0.000240     0.000376  flashggTTHLeptonicTag
TimeReport   0.001477     0.002316  flashggTTHHadronicTag
TimeReport   0.000089     0.000139  flashggTagSorter
TimeReport   0.000004     0.000007  flashggSystTagMerger
TimeReport   0.000304     0.000477  tagsDumper
TimeReport  per event    per visit  Name

TimeReport ---------- Module Summary ---[Real sec]----
TimeReport  per event     per exec    per visit  Name
TimeReport   0.000004     0.000004     0.000004  TriggerResults
TimeReport   0.000011     0.000011     0.000011  VHFilter
TimeReport   0.000003     0.000005     0.000005  ak4PFCHSL1FastL2L3Corrector
TimeReport   0.000004     0.000006     0.000006  ak4PFCHSL1FastjetCorrector
TimeReport   0.000002     0.000003     0.000003  ak4PFCHSL2RelativeCorrector
TimeReport   0.000009     0.000014     0.000014  ak4PFCHSL3AbsoluteCorrector
TimeReport   0.000024     0.000038     0.000038  flashggDiPhotonMVA
TimeReport   0.061296     0.096113     0.096113  flashggDiPhotonSystematics
TimeReport   0.061908     0.097073     0.097073  flashggDifferentialPhoIdInputsCorrection
TimeReport   0.000048     0.000075     0.000075  flashggElectronSystematics
TimeReport   0.000045     0.000071     0.000071  flashggGluGluHMVA
TimeReport   0.005648     0.008856     0.008856  flashggJetSystematics0
TimeReport   0.000882     0.001382     0.001382  flashggJetSystematics1
TimeReport   0.000699     0.001096     0.001096  flashggJetSystematics10
TimeReport   0.000697     0.001093     0.001093  flashggJetSystematics11
TimeReport   0.000760     0.001192     0.001192  flashggJetSystematics2
TimeReport   0.000733     0.001150     0.001150  flashggJetSystematics3
TimeReport   0.000719     0.001128     0.001128  flashggJetSystematics4
TimeReport   0.000713     0.001118     0.001118  flashggJetSystematics5
TimeReport   0.000710     0.001114     0.001114  flashggJetSystematics6
TimeReport   0.000704     0.001104     0.001104  flashggJetSystematics7
TimeReport   0.000702     0.001101     0.001101  flashggJetSystematics8
TimeReport   0.000703     0.001103     0.001103  flashggJetSystematics9
TimeReport   0.000028     0.000028     0.000028  flashggMetFilters
TimeReport   0.000209     0.000327     0.000327  flashggMetSystematics
TimeReport   0.000032     0.000050     0.000050  flashggMuonSystematics
TimeReport   0.000447     0.000701     0.000701  flashggPrefireDiPhotons
TimeReport   0.000127     0.000198     0.000198  flashggPreselectedDiPhotons
TimeReport   0.000031     0.000049     0.000049  flashggStageOneCombinedTag
TimeReport   0.000004     0.000007     0.000007  flashggSystTagMerger
TimeReport   0.000256     0.000402     0.000402  flashggTHQLeptonicTag
TimeReport   0.001477     0.002316     0.002316  flashggTTHHadronicTag
TimeReport   0.000240     0.000376     0.000376  flashggTTHLeptonicTag
TimeReport   0.000089     0.000139     0.000139  flashggTagSorter
TimeReport   0.000359     0.000563     0.000563  flashggUnpackedJets
TimeReport   0.000028     0.000044     0.000044  flashggVBFMVA
TimeReport   0.000124     0.000195     0.000195  flashggVHMetTag
TimeReport   0.000017     0.000027     0.000027  flashggVHhadMVA
TimeReport   0.000035     0.000055     0.000055  flashggWHLeptonicTag
TimeReport   0.000021     0.000033     0.000033  flashggZHLeptonicTag
TimeReport   0.000005     0.000005     0.000005  p
TimeReport   0.000304     0.000477     0.000477  tagsDumper
TimeReport  per event     per exec    per visit  Name

T---Report end!


=============================================

MessageLogger Summary

 type     category        sev    module        subroutine        count    total
 ---- -------------------- -- ---------------- ----------------  -----    -----
    1 XrdAdaptor           -w file_open                              1        1
    2 fileAction           -s file_close                             1        1
    3 fileAction           -s file_open                              2        2

 type    category    Examples: run/evt        run/evt          run/evt
 ---- -------------------- ---------------- ---------------- ----------------
    1 XrdAdaptor           pre-events                        
    2 fileAction           PostGlobalEndRun                  
    3 fileAction           pre-events       pre-events       

Severity    # Occurrences   Total Occurrences
--------    -------------   -----------------
Warning                 1                   1
System                  3                   3

dropped waiting message count 0
