mkdir: cannot create directory '/afs/cern.ch/user/x/xisu/private/local/Analysis_workspace/VH_AC_tmp1/flashgg_d2/CMSSW_10_6_29/src/flashgg/VHAC_Analysis_Met/UL_17/UL17_wh125': File exists
/cvmfs/cms.cern.ch/slc7_amd64_gcc700/external/py2-requests/2.21.0-pafccj2/lib/python2.7/site-packages/requests/__init__.py:91: RequestsDependencyWarning: urllib3 (1.25.2) or chardet (3.0.4) doesn't match a supported version!
  RequestsDependencyWarning)
07-Feb-2023 05:24:40 CET  Initiating request to open file root://cms-xrd-global.cern.ch//store/user/alesauva/flashgg/UL2017_3/10_6_4/VHToGG_M125_TuneCP5_13TeV-amcatnloFXFX-madspin-pythia8/UL2017_3-10_6_4-v0-RunIISummer19UL17MiniAOD-106X_mc2017_realistic_v6-v1/200718_083214/0000/myMicroAODOutputFile_5.root
[2023-02-07 05:25:27.065375 +0100][Error  ][AsyncSock         ] [xrootd.ba.infn.it:1094 #0.0] Socket error while handshaking: [ERROR] Socket timeout
[2023-02-07 05:25:27.065583 +0100][Error  ][PostMaster        ] [xrootd.ba.infn.it:1094 #0] elapsed = 46, pConnectionWindow = 31 seconds.
[2023-02-07 05:26:12.316354 +0100][Error  ][AsyncSock         ] [xrootd.ba.infn.it:1094 #0.0] Socket error while handshaking: [ERROR] Socket timeout
[2023-02-07 05:26:12.316476 +0100][Error  ][PostMaster        ] [xrootd.ba.infn.it:1094 #0] elapsed = 45, pConnectionWindow = 31 seconds.
[2023-02-07 05:26:12.316516 +0100][Error  ][PostMaster        ] [xrootd.ba.infn.it:1094 #0] Unable to recover: [ERROR] Socket timeout.
[2023-02-07 05:26:12.316536 +0100][Error  ][XRootD            ] [xrootd.ba.infn.it:1094] Impossible to send message kXR_open (file: /store/user/alesauva/flashgg/UL2017_3/10_6_4/VHToGG_M125_TuneCP5_13TeV-amcatnloFXFX-madspin-pythia8/UL2017_3-10_6_4-v0-RunIISummer19UL17MiniAOD-106X_mc2017_realistic_v6-v1/200718_083214/0000/myMicroAODOutputFile_5.root, mode: 0660, flags: kXR_open_read kXR_async kXR_retstat ). Trying to recover.
%MSG-w XrdAdaptor:  file_open 07-Feb-2023 05:26:14 CET pre-events
Data is served from GRIF-IRFU instead of original site CERN-CMSGLOBAL-02
%MSG
07-Feb-2023 05:26:17 CET  Successfully opened file root://cms-xrd-global.cern.ch//store/user/alesauva/flashgg/UL2017_3/10_6_4/VHToGG_M125_TuneCP5_13TeV-amcatnloFXFX-madspin-pythia8/UL2017_3-10_6_4-v0-RunIISummer19UL17MiniAOD-106X_mc2017_realistic_v6-v1/200718_083214/0000/myMicroAODOutputFile_5.root
2023-02-07 05:45:12.831701: I tensorflow/core/platform/cpu_feature_guard.cc:140] Your CPU supports instructions that this TensorFlow binary was not compiled to use: SSE4.1 SSE4.2 AVX AVX2 FMA
Begin processing the 1st record. Run 1, Event 31052, LumiSection 116 on stream 0 at 07-Feb-2023 05:46:52.968 CET
[2023-02-07 05:47:37.209469 +0100][Error  ][AsyncSock         ] [xrootd.ba.infn.it:1094 #0.0] Socket error while handshaking: [ERROR] Socket timeout
[2023-02-07 05:47:37.214853 +0100][Error  ][PostMaster        ] [xrootd.ba.infn.it:1094 #0] elapsed = 46, pConnectionWindow = 31 seconds.
[2023-02-07 05:48:22.513356 +0100][Error  ][AsyncSock         ] [xrootd.ba.infn.it:1094 #0.0] Socket error while handshaking: [ERROR] Socket timeout
[2023-02-07 05:48:22.513521 +0100][Error  ][PostMaster        ] [xrootd.ba.infn.it:1094 #0] elapsed = 45, pConnectionWindow = 31 seconds.
[2023-02-07 05:48:22.513543 +0100][Error  ][PostMaster        ] [xrootd.ba.infn.it:1094 #0] Unable to recover: [ERROR] Socket timeout.
[2023-02-07 05:48:22.513589 +0100][Error  ][XRootD            ] [xrootd.ba.infn.it:1094] Impossible to send message kXR_open (file: /store/user/alesauva/flashgg/UL2017_3/10_6_4/VHToGG_M125_TuneCP5_13TeV-amcatnloFXFX-madspin-pythia8/UL2017_3-10_6_4-v0-RunIISummer19UL17MiniAOD-106X_mc2017_realistic_v6-v1/200718_083214/0000/myMicroAODOutputFile_5.root?tried=stor73.datagrid.cea.fr, mode: 0660, flags: kXR_open_read kXR_async kXR_retstat ). Trying to recover.
Begin processing the 1001st record. Run 1, Event 89707, LumiSection 333 on stream 0 at 07-Feb-2023 05:54:51.987 CET
[2023-02-07 05:55:34.047379 +0100][Error  ][AsyncSock         ] [xrootd.ba.infn.it:1094 #0.0] Socket error while handshaking: [ERROR] Socket timeout
[2023-02-07 05:55:34.047827 +0100][Error  ][PostMaster        ] [xrootd.ba.infn.it:1094 #0] elapsed = 45, pConnectionWindow = 31 seconds.
[2023-02-07 05:56:19.310353 +0100][Error  ][AsyncSock         ] [xrootd.ba.infn.it:1094 #0.0] Socket error while handshaking: [ERROR] Socket timeout
[2023-02-07 05:56:19.310521 +0100][Error  ][PostMaster        ] [xrootd.ba.infn.it:1094 #0] elapsed = 45, pConnectionWindow = 31 seconds.
[2023-02-07 05:56:19.310545 +0100][Error  ][PostMaster        ] [xrootd.ba.infn.it:1094 #0] Unable to recover: [ERROR] Socket timeout.
[2023-02-07 05:56:19.310561 +0100][Error  ][XRootD            ] [xrootd.ba.infn.it:1094] Impossible to send message kXR_open (file: /store/user/alesauva/flashgg/UL2017_3/10_6_4/VHToGG_M125_TuneCP5_13TeV-amcatnloFXFX-madspin-pythia8/UL2017_3-10_6_4-v0-RunIISummer19UL17MiniAOD-106X_mc2017_realistic_v6-v1/200718_083214/0000/myMicroAODOutputFile_5.root?tried=stor73.datagrid.cea.fr, mode: 0660, flags: kXR_open_read kXR_async kXR_retstat ). Trying to recover.
Begin processing the 2001st record. Run 1, Event 76454, LumiSection 284 on stream 0 at 07-Feb-2023 05:57:42.735 CET
Begin processing the 3001st record. Run 1, Event 79333, LumiSection 294 on stream 0 at 07-Feb-2023 05:59:58.206 CET
[2023-02-07 06:00:40.095402 +0100][Error  ][AsyncSock         ] [xrootd.ba.infn.it:1094 #0.0] Socket error while handshaking: [ERROR] Socket timeout
[2023-02-07 06:00:40.095543 +0100][Error  ][PostMaster        ] [xrootd.ba.infn.it:1094 #0] elapsed = 45, pConnectionWindow = 31 seconds.
[2023-02-07 06:01:25.379377 +0100][Error  ][AsyncSock         ] [xrootd.ba.infn.it:1094 #0.0] Socket error while handshaking: [ERROR] Socket timeout
[2023-02-07 06:01:25.379536 +0100][Error  ][PostMaster        ] [xrootd.ba.infn.it:1094 #0] elapsed = 45, pConnectionWindow = 31 seconds.
[2023-02-07 06:01:25.379557 +0100][Error  ][PostMaster        ] [xrootd.ba.infn.it:1094 #0] Unable to recover: [ERROR] Socket timeout.
[2023-02-07 06:01:25.379570 +0100][Error  ][XRootD            ] [xrootd.ba.infn.it:1094] Impossible to send message kXR_open (file: /store/user/alesauva/flashgg/UL2017_3/10_6_4/VHToGG_M125_TuneCP5_13TeV-amcatnloFXFX-madspin-pythia8/UL2017_3-10_6_4-v0-RunIISummer19UL17MiniAOD-106X_mc2017_realistic_v6-v1/200718_083214/0000/myMicroAODOutputFile_5.root?tried=stor73.datagrid.cea.fr, mode: 0660, flags: kXR_open_read kXR_async kXR_retstat ). Trying to recover.
Begin processing the 4001st record. Run 1, Event 149487, LumiSection 554 on stream 0 at 07-Feb-2023 06:02:35.839 CET
Begin processing the 5001st record. Run 1, Event 1233644, LumiSection 4570 on stream 0 at 07-Feb-2023 06:05:06.419 CET
[2023-02-07 06:05:43.971340 +0100][Error  ][AsyncSock         ] [xrootd.ba.infn.it:1094 #0.0] Socket error while handshaking: [ERROR] Socket timeout
[2023-02-07 06:05:43.971486 +0100][Error  ][PostMaster        ] [xrootd.ba.infn.it:1094 #0] elapsed = 45, pConnectionWindow = 31 seconds.
[2023-02-07 06:06:28.214354 +0100][Error  ][AsyncSock         ] [xrootd.ba.infn.it:1094 #0.0] Socket error while handshaking: [ERROR] Socket timeout
[2023-02-07 06:06:28.214505 +0100][Error  ][PostMaster        ] [xrootd.ba.infn.it:1094 #0] elapsed = 45, pConnectionWindow = 31 seconds.
[2023-02-07 06:06:28.214535 +0100][Error  ][PostMaster        ] [xrootd.ba.infn.it:1094 #0] Unable to recover: [ERROR] Socket timeout.
[2023-02-07 06:06:28.214552 +0100][Error  ][XRootD            ] [xrootd.ba.infn.it:1094] Impossible to send message kXR_open (file: /store/user/alesauva/flashgg/UL2017_3/10_6_4/VHToGG_M125_TuneCP5_13TeV-amcatnloFXFX-madspin-pythia8/UL2017_3-10_6_4-v0-RunIISummer19UL17MiniAOD-106X_mc2017_realistic_v6-v1/200718_083214/0000/myMicroAODOutputFile_5.root?tried=stor73.datagrid.cea.fr, mode: 0660, flags: kXR_open_read kXR_async kXR_retstat ). Trying to recover.
Begin processing the 6001st record. Run 1, Event 1237784, LumiSection 4585 on stream 0 at 07-Feb-2023 06:07:41.269 CET
Begin processing the 7001st record. Run 1, Event 156136, LumiSection 579 on stream 0 at 07-Feb-2023 06:09:57.404 CET
[2023-02-07 06:10:35.005382 +0100][Error  ][AsyncSock         ] [xrootd.ba.infn.it:1094 #0.0] Socket error while handshaking: [ERROR] Socket timeout
[2023-02-07 06:10:35.005577 +0100][Error  ][PostMaster        ] [xrootd.ba.infn.it:1094 #0] elapsed = 46, pConnectionWindow = 31 seconds.
[2023-02-07 06:11:20.264328 +0100][Error  ][AsyncSock         ] [xrootd.ba.infn.it:1094 #0.0] Socket error while handshaking: [ERROR] Socket timeout
[2023-02-07 06:11:20.264478 +0100][Error  ][PostMaster        ] [xrootd.ba.infn.it:1094 #0] elapsed = 45, pConnectionWindow = 31 seconds.
[2023-02-07 06:11:20.264501 +0100][Error  ][PostMaster        ] [xrootd.ba.infn.it:1094 #0] Unable to recover: [ERROR] Socket timeout.
[2023-02-07 06:11:20.264515 +0100][Error  ][XRootD            ] [xrootd.ba.infn.it:1094] Impossible to send message kXR_open (file: /store/user/alesauva/flashgg/UL2017_3/10_6_4/VHToGG_M125_TuneCP5_13TeV-amcatnloFXFX-madspin-pythia8/UL2017_3-10_6_4-v0-RunIISummer19UL17MiniAOD-106X_mc2017_realistic_v6-v1/200718_083214/0000/myMicroAODOutputFile_5.root?tried=stor73.datagrid.cea.fr, mode: 0660, flags: kXR_open_read kXR_async kXR_retstat ). Trying to recover.
Begin processing the 8001st record. Run 1, Event 172690, LumiSection 640 on stream 0 at 07-Feb-2023 06:12:04.749 CET
Begin processing the 9001st record. Run 1, Event 175492, LumiSection 650 on stream 0 at 07-Feb-2023 06:14:19.399 CET
Begin processing the 10001st record. Run 1, Event 178326, LumiSection 661 on stream 0 at 07-Feb-2023 06:16:42.931 CET
Begin processing the 11001st record. Run 1, Event 751016, LumiSection 2782 on stream 0 at 07-Feb-2023 06:18:51.378 CET
[2023-02-07 06:19:26.910327 +0100][Error  ][AsyncSock         ] [xrootd.ba.infn.it:1094 #0.0] Socket error while handshaking: [ERROR] Socket timeout
[2023-02-07 06:19:26.910444 +0100][Error  ][PostMaster        ] [xrootd.ba.infn.it:1094 #0] elapsed = 45, pConnectionWindow = 31 seconds.
[2023-02-07 06:20:11.394717 +0100][Error  ][AsyncSock         ] [xrootd.ba.infn.it:1094 #0.0] Socket error while handshaking: [ERROR] Socket timeout
[2023-02-07 06:20:11.418303 +0100][Error  ][PostMaster        ] [xrootd.ba.infn.it:1094 #0] elapsed = 45, pConnectionWindow = 31 seconds.
[2023-02-07 06:20:11.418391 +0100][Error  ][PostMaster        ] [xrootd.ba.infn.it:1094 #0] Unable to recover: [ERROR] Socket timeout.
[2023-02-07 06:20:11.418415 +0100][Error  ][XRootD            ] [xrootd.ba.infn.it:1094] Impossible to send message kXR_open (file: /store/user/alesauva/flashgg/UL2017_3/10_6_4/VHToGG_M125_TuneCP5_13TeV-amcatnloFXFX-madspin-pythia8/UL2017_3-10_6_4-v0-RunIISummer19UL17MiniAOD-106X_mc2017_realistic_v6-v1/200718_083214/0000/myMicroAODOutputFile_5.root?tried=stor73.datagrid.cea.fr, mode: 0660, flags: kXR_open_read kXR_async kXR_retstat ). Trying to recover.
Begin processing the 12001st record. Run 1, Event 1291497, LumiSection 4784 on stream 0 at 07-Feb-2023 06:21:57.490 CET
Begin processing the 13001st record. Run 1, Event 1294714, LumiSection 4796 on stream 0 at 07-Feb-2023 06:24:41.025 CET
Begin processing the 14001st record. Run 1, Event 1297712, LumiSection 4807 on stream 0 at 07-Feb-2023 06:27:13.429 CET
[2023-02-07 06:27:43.162359 +0100][Error  ][AsyncSock         ] [xrootd.ba.infn.it:1094 #0.0] Socket error while handshaking: [ERROR] Socket timeout
[2023-02-07 06:27:43.162541 +0100][Error  ][PostMaster        ] [xrootd.ba.infn.it:1094 #0] elapsed = 45, pConnectionWindow = 31 seconds.
[2023-02-07 06:28:28.445345 +0100][Error  ][AsyncSock         ] [xrootd.ba.infn.it:1094 #0.0] Socket error while handshaking: [ERROR] Socket timeout
[2023-02-07 06:28:28.445503 +0100][Error  ][PostMaster        ] [xrootd.ba.infn.it:1094 #0] elapsed = 45, pConnectionWindow = 31 seconds.
[2023-02-07 06:28:28.445524 +0100][Error  ][PostMaster        ] [xrootd.ba.infn.it:1094 #0] Unable to recover: [ERROR] Socket timeout.
[2023-02-07 06:28:28.445538 +0100][Error  ][XRootD            ] [xrootd.ba.infn.it:1094] Impossible to send message kXR_open (file: /store/user/alesauva/flashgg/UL2017_3/10_6_4/VHToGG_M125_TuneCP5_13TeV-amcatnloFXFX-madspin-pythia8/UL2017_3-10_6_4-v0-RunIISummer19UL17MiniAOD-106X_mc2017_realistic_v6-v1/200718_083214/0000/myMicroAODOutputFile_5.root?tried=stor73.datagrid.cea.fr, mode: 0660, flags: kXR_open_read kXR_async kXR_retstat ). Trying to recover.
Begin processing the 15001st record. Run 1, Event 646918, LumiSection 2396 on stream 0 at 07-Feb-2023 06:29:46.535 CET
Begin processing the 16001st record. Run 1, Event 128690, LumiSection 477 on stream 0 at 07-Feb-2023 06:32:07.505 CET
[2023-02-07 06:32:37.044419 +0100][Error  ][AsyncSock         ] [xrootd.ba.infn.it:1094 #0.0] Socket error while handshaking: [ERROR] Socket timeout
[2023-02-07 06:32:37.044558 +0100][Error  ][PostMaster        ] [xrootd.ba.infn.it:1094 #0] elapsed = 45, pConnectionWindow = 31 seconds.
[2023-02-07 06:33:22.329452 +0100][Error  ][AsyncSock         ] [xrootd.ba.infn.it:1094 #0.0] Socket error while handshaking: [ERROR] Socket timeout
[2023-02-07 06:33:22.329591 +0100][Error  ][PostMaster        ] [xrootd.ba.infn.it:1094 #0] elapsed = 45, pConnectionWindow = 31 seconds.
[2023-02-07 06:33:22.329618 +0100][Error  ][PostMaster        ] [xrootd.ba.infn.it:1094 #0] Unable to recover: [ERROR] Socket timeout.
[2023-02-07 06:33:22.329635 +0100][Error  ][XRootD            ] [xrootd.ba.infn.it:1094] Impossible to send message kXR_open (file: /store/user/alesauva/flashgg/UL2017_3/10_6_4/VHToGG_M125_TuneCP5_13TeV-amcatnloFXFX-madspin-pythia8/UL2017_3-10_6_4-v0-RunIISummer19UL17MiniAOD-106X_mc2017_realistic_v6-v1/200718_083214/0000/myMicroAODOutputFile_5.root?tried=stor73.datagrid.cea.fr, mode: 0660, flags: kXR_open_read kXR_async kXR_retstat ). Trying to recover.
Begin processing the 17001st record. Run 1, Event 133721, LumiSection 496 on stream 0 at 07-Feb-2023 06:34:38.744 CET
Begin processing the 18001st record. Run 1, Event 136740, LumiSection 507 on stream 0 at 07-Feb-2023 06:37:01.191 CET
[2023-02-07 06:37:28.469321 +0100][Error  ][AsyncSock         ] [xrootd.ba.infn.it:1094 #0.0] Socket error while handshaking: [ERROR] Socket timeout
[2023-02-07 06:37:28.469456 +0100][Error  ][PostMaster        ] [xrootd.ba.infn.it:1094 #0] elapsed = 45, pConnectionWindow = 31 seconds.
[2023-02-07 06:38:13.744328 +0100][Error  ][AsyncSock         ] [xrootd.ba.infn.it:1094 #0.0] Socket error while handshaking: [ERROR] Socket timeout
[2023-02-07 06:38:13.744494 +0100][Error  ][PostMaster        ] [xrootd.ba.infn.it:1094 #0] elapsed = 45, pConnectionWindow = 31 seconds.
[2023-02-07 06:38:13.744523 +0100][Error  ][PostMaster        ] [xrootd.ba.infn.it:1094 #0] Unable to recover: [ERROR] Socket timeout.
[2023-02-07 06:38:13.744544 +0100][Error  ][XRootD            ] [xrootd.ba.infn.it:1094] Impossible to send message kXR_open (file: /store/user/alesauva/flashgg/UL2017_3/10_6_4/VHToGG_M125_TuneCP5_13TeV-amcatnloFXFX-madspin-pythia8/UL2017_3-10_6_4-v0-RunIISummer19UL17MiniAOD-106X_mc2017_realistic_v6-v1/200718_083214/0000/myMicroAODOutputFile_5.root?tried=stor73.datagrid.cea.fr, mode: 0460, flags: kXR_open_read kXR_async kXR_retstat ). Trying to recover.
Begin processing the 19001st record. Run 1, Event 724951, LumiSection 2686 on stream 0 at 07-Feb-2023 06:39:31.380 CET
Begin processing the 20001st record. Run 1, Event 713283, LumiSection 2642 on stream 0 at 07-Feb-2023 06:41:58.600 CET
[2023-02-07 06:42:16.153351 +0100][Error  ][AsyncSock         ] [xrootd.ba.infn.it:1094 #0.0] Socket error while handshaking: [ERROR] Socket timeout
[2023-02-07 06:42:16.153525 +0100][Error  ][PostMaster        ] [xrootd.ba.infn.it:1094 #0] elapsed = 45, pConnectionWindow = 31 seconds.
[2023-02-07 06:43:01.457355 +0100][Error  ][AsyncSock         ] [xrootd.ba.infn.it:1094 #0.0] Socket error while handshaking: [ERROR] Socket timeout
[2023-02-07 06:43:01.457490 +0100][Error  ][PostMaster        ] [xrootd.ba.infn.it:1094 #0] elapsed = 45, pConnectionWindow = 31 seconds.
[2023-02-07 06:43:01.457511 +0100][Error  ][PostMaster        ] [xrootd.ba.infn.it:1094 #0] Unable to recover: [ERROR] Socket timeout.
[2023-02-07 06:43:01.457525 +0100][Error  ][XRootD            ] [xrootd.ba.infn.it:1094] Impossible to send message kXR_open (file: /store/user/alesauva/flashgg/UL2017_3/10_6_4/VHToGG_M125_TuneCP5_13TeV-amcatnloFXFX-madspin-pythia8/UL2017_3-10_6_4-v0-RunIISummer19UL17MiniAOD-106X_mc2017_realistic_v6-v1/200718_083214/0000/myMicroAODOutputFile_5.root?tried=stor73.datagrid.cea.fr, mode: 0660, flags: kXR_open_read kXR_async kXR_retstat ). Trying to recover.
Begin processing the 21001st record. Run 1, Event 716878, LumiSection 2656 on stream 0 at 07-Feb-2023 06:44:26.049 CET
Begin processing the 22001st record. Run 1, Event 719980, LumiSection 2667 on stream 0 at 07-Feb-2023 06:46:38.596 CET
[2023-02-07 06:47:00.038350 +0100][Error  ][AsyncSock         ] [xrootd.ba.infn.it:1094 #0.0] Socket error while handshaking: [ERROR] Socket timeout
[2023-02-07 06:47:00.038462 +0100][Error  ][PostMaster        ] [xrootd.ba.infn.it:1094 #0] elapsed = 46, pConnectionWindow = 31 seconds.
[2023-02-07 06:47:45.310337 +0100][Error  ][AsyncSock         ] [xrootd.ba.infn.it:1094 #0.0] Socket error while handshaking: [ERROR] Socket timeout
[2023-02-07 06:47:45.310488 +0100][Error  ][PostMaster        ] [xrootd.ba.infn.it:1094 #0] elapsed = 45, pConnectionWindow = 31 seconds.
[2023-02-07 06:47:45.310511 +0100][Error  ][PostMaster        ] [xrootd.ba.infn.it:1094 #0] Unable to recover: [ERROR] Socket timeout.
[2023-02-07 06:47:45.310526 +0100][Error  ][XRootD            ] [xrootd.ba.infn.it:1094] Impossible to send message kXR_open (file: /store/user/alesauva/flashgg/UL2017_3/10_6_4/VHToGG_M125_TuneCP5_13TeV-amcatnloFXFX-madspin-pythia8/UL2017_3-10_6_4-v0-RunIISummer19UL17MiniAOD-106X_mc2017_realistic_v6-v1/200718_083214/0000/myMicroAODOutputFile_5.root?tried=stor73.datagrid.cea.fr, mode: 0660, flags: kXR_open_read kXR_async kXR_retstat ). Trying to recover.
Begin processing the 23001st record. Run 1, Event 723336, LumiSection 2680 on stream 0 at 07-Feb-2023 06:49:10.988 CET
Begin processing the 24001st record. Run 1, Event 853903, LumiSection 3163 on stream 0 at 07-Feb-2023 06:51:47.852 CET
[2023-02-07 06:52:06.322302 +0100][Error  ][AsyncSock         ] [xrootd.ba.infn.it:1094 #0.0] Socket error while handshaking: [ERROR] Socket timeout
[2023-02-07 06:52:06.322455 +0100][Error  ][PostMaster        ] [xrootd.ba.infn.it:1094 #0] elapsed = 46, pConnectionWindow = 31 seconds.
[2023-02-07 06:52:51.590704 +0100][Error  ][AsyncSock         ] [xrootd.ba.infn.it:1094 #0.0] Socket error while handshaking: [ERROR] Socket timeout
[2023-02-07 06:52:51.590847 +0100][Error  ][PostMaster        ] [xrootd.ba.infn.it:1094 #0] elapsed = 45, pConnectionWindow = 31 seconds.
[2023-02-07 06:52:51.590869 +0100][Error  ][PostMaster        ] [xrootd.ba.infn.it:1094 #0] Unable to recover: [ERROR] Socket timeout.
[2023-02-07 06:52:51.590883 +0100][Error  ][XRootD            ] [xrootd.ba.infn.it:1094] Impossible to send message kXR_open (file: /store/user/alesauva/flashgg/UL2017_3/10_6_4/VHToGG_M125_TuneCP5_13TeV-amcatnloFXFX-madspin-pythia8/UL2017_3-10_6_4-v0-RunIISummer19UL17MiniAOD-106X_mc2017_realistic_v6-v1/200718_083214/0000/myMicroAODOutputFile_5.root?tried=stor73.datagrid.cea.fr, mode: 0660, flags: kXR_open_read kXR_async kXR_retstat ). Trying to recover.
07-Feb-2023 06:53:32 CET  Closed file root://cms-xrd-global.cern.ch//store/user/alesauva/flashgg/UL2017_3/10_6_4/VHToGG_M125_TuneCP5_13TeV-amcatnloFXFX-madspin-pythia8/UL2017_3-10_6_4-v0-RunIISummer19UL17MiniAOD-106X_mc2017_realistic_v6-v1/200718_083214/0000/myMicroAODOutputFile_5.root

TrigReport ---------- Event  Summary ------------
TrigReport Events total = 24763 passed = 15888 failed = 8875

TrigReport ---------- Path   Summary ------------
TrigReport  Trig Bit#   Executed     Passed     Failed      Error Name
TrigReport     1    0      24763      15888       8875          0 p

TrigReport -------End-Path   Summary ------------
TrigReport  Trig Bit#   Executed     Passed     Failed      Error Name

TrigReport ---------- Modules in Path: p ------------
TrigReport  Trig Bit#    Visited     Passed     Failed      Error Name
TrigReport     1    0      24763      24647        116          0 flashggMetFilters
TrigReport     1    1      24647      15888       8759          0 VHFilter
TrigReport     1    2      15888      15888          0          0 flashggDifferentialPhoIdInputsCorrection
TrigReport     1    3      15888      15888          0          0 flashggDiPhotonSystematics
TrigReport     1    4      15888      15888          0          0 flashggMetSystematics
TrigReport     1    5      15888      15888          0          0 flashggMuonSystematics
TrigReport     1    6      15888      15888          0          0 flashggElectronSystematics
TrigReport     1    7      15888      15888          0          0 flashggUnpackedJets
TrigReport     1    8      15888      15888          0          0 flashggJetSystematics0
TrigReport     1    9      15888      15888          0          0 flashggJetSystematics1
TrigReport     1   10      15888      15888          0          0 flashggJetSystematics2
TrigReport     1   11      15888      15888          0          0 flashggJetSystematics3
TrigReport     1   12      15888      15888          0          0 flashggJetSystematics4
TrigReport     1   13      15888      15888          0          0 flashggJetSystematics5
TrigReport     1   14      15888      15888          0          0 flashggJetSystematics6
TrigReport     1   15      15888      15888          0          0 flashggJetSystematics7
TrigReport     1   16      15888      15888          0          0 flashggJetSystematics8
TrigReport     1   17      15888      15888          0          0 flashggJetSystematics9
TrigReport     1   18      15888      15888          0          0 flashggJetSystematics10
TrigReport     1   19      15888      15888          0          0 flashggJetSystematics11
TrigReport     1   20      15888      15888          0          0 flashggPrefireDiPhotons
TrigReport     1   21      15888      15888          0          0 flashggPreselectedDiPhotons
TrigReport     1   22      15888      15888          0          0 flashggDiPhotonMVA
TrigReport     1   23      15888      15888          0          0 flashggVBFMVA
TrigReport     1   24      15888      15888          0          0 flashggVHhadMVA
TrigReport     1   25      15888      15888          0          0 flashggGluGluHMVA
TrigReport     1   26      15888      15888          0          0 flashggStageOneCombinedTag
TrigReport     1   27      15888      15888          0          0 flashggTHQLeptonicTag
TrigReport     1   28      15888      15888          0          0 flashggVHMetTag
TrigReport     1   29      15888      15888          0          0 flashggWHLeptonicTag
TrigReport     1   30      15888      15888          0          0 flashggZHLeptonicTag
TrigReport     1   31      15888      15888          0          0 flashggTTHLeptonicTag
TrigReport     1   32      15888      15888          0          0 flashggTTHHadronicTag
TrigReport     1   33      15888      15888          0          0 flashggTagSorter
TrigReport     1   34      15888      15888          0          0 flashggSystTagMerger
TrigReport     1   35      15888      15888          0          0 tagsDumper

TrigReport ---------- Module Summary ------------
TrigReport    Visited   Executed     Passed     Failed      Error Name
TrigReport      24763      24763      24763          0          0 TriggerResults
TrigReport      24647      24647      15888       8759          0 VHFilter
TrigReport      15888      15888      15888          0          0 ak4PFCHSL1FastL2L3Corrector
TrigReport      15888      15888      15888          0          0 ak4PFCHSL1FastjetCorrector
TrigReport      15888      15888      15888          0          0 ak4PFCHSL2RelativeCorrector
TrigReport      15888      15888      15888          0          0 ak4PFCHSL3AbsoluteCorrector
TrigReport      15888      15888      15888          0          0 flashggDiPhotonMVA
TrigReport      15888      15888      15888          0          0 flashggDiPhotonSystematics
TrigReport      15888      15888      15888          0          0 flashggDifferentialPhoIdInputsCorrection
TrigReport      15888      15888      15888          0          0 flashggElectronSystematics
TrigReport      15888      15888      15888          0          0 flashggGluGluHMVA
TrigReport      15888      15888      15888          0          0 flashggJetSystematics0
TrigReport      15888      15888      15888          0          0 flashggJetSystematics1
TrigReport      15888      15888      15888          0          0 flashggJetSystematics10
TrigReport      15888      15888      15888          0          0 flashggJetSystematics11
TrigReport      15888      15888      15888          0          0 flashggJetSystematics2
TrigReport      15888      15888      15888          0          0 flashggJetSystematics3
TrigReport      15888      15888      15888          0          0 flashggJetSystematics4
TrigReport      15888      15888      15888          0          0 flashggJetSystematics5
TrigReport      15888      15888      15888          0          0 flashggJetSystematics6
TrigReport      15888      15888      15888          0          0 flashggJetSystematics7
TrigReport      15888      15888      15888          0          0 flashggJetSystematics8
TrigReport      15888      15888      15888          0          0 flashggJetSystematics9
TrigReport      24763      24763      24647        116          0 flashggMetFilters
TrigReport      15888      15888      15888          0          0 flashggMetSystematics
TrigReport      15888      15888      15888          0          0 flashggMuonSystematics
TrigReport      15888      15888      15888          0          0 flashggPrefireDiPhotons
TrigReport      15888      15888      15888          0          0 flashggPreselectedDiPhotons
TrigReport      15888      15888      15888          0          0 flashggStageOneCombinedTag
TrigReport      15888      15888      15888          0          0 flashggSystTagMerger
TrigReport      15888      15888      15888          0          0 flashggTHQLeptonicTag
TrigReport      15888      15888      15888          0          0 flashggTTHHadronicTag
TrigReport      15888      15888      15888          0          0 flashggTTHLeptonicTag
TrigReport      15888      15888      15888          0          0 flashggTagSorter
TrigReport      15888      15888      15888          0          0 flashggUnpackedJets
TrigReport      15888      15888      15888          0          0 flashggVBFMVA
TrigReport      15888      15888      15888          0          0 flashggVHMetTag
TrigReport      15888      15888      15888          0          0 flashggVHhadMVA
TrigReport      15888      15888      15888          0          0 flashggWHLeptonicTag
TrigReport      15888      15888      15888          0          0 flashggZHLeptonicTag
TrigReport      24763      24763      24763          0          0 p
TrigReport      15888      15888      15888          0          0 tagsDumper

TimeReport ---------- Event  Summary ---[sec]----
TimeReport       event loop CPU/event = 0.150042
TimeReport      event loop Real/event = 0.161578
TimeReport     sum Streams Real/event = 0.155951
TimeReport efficiency CPU/Real/thread = 0.928603

TimeReport ---------- Path   Summary ---[Real sec]----
TimeReport  per event     per exec  Name
TimeReport   0.155320     0.155320  p
TimeReport  per event     per exec  Name

TimeReport -------End-Path   Summary ---[Real sec]----
TimeReport  per event     per exec  Name
TimeReport  per event     per exec  Name

TimeReport ---------- Modules in Path: p ---[Real sec]----
TimeReport  per event    per visit  Name
TimeReport   0.000029     0.000029  flashggMetFilters
TimeReport   0.000013     0.000013  VHFilter
TimeReport   0.068229     0.106341  flashggDifferentialPhoIdInputsCorrection
TimeReport   0.063575     0.099088  flashggDiPhotonSystematics
TimeReport   0.000503     0.000784  flashggMetSystematics
TimeReport   0.000034     0.000053  flashggMuonSystematics
TimeReport   0.000052     0.000081  flashggElectronSystematics
TimeReport   0.000376     0.000587  flashggUnpackedJets
TimeReport   0.005799     0.009038  flashggJetSystematics0
TimeReport   0.000897     0.001398  flashggJetSystematics1
TimeReport   0.000787     0.001227  flashggJetSystematics2
TimeReport   0.000749     0.001168  flashggJetSystematics3
TimeReport   0.000736     0.001147  flashggJetSystematics4
TimeReport   0.000733     0.001142  flashggJetSystematics5
TimeReport   0.000722     0.001125  flashggJetSystematics6
TimeReport   0.000724     0.001128  flashggJetSystematics7
TimeReport   0.000723     0.001126  flashggJetSystematics8
TimeReport   0.000716     0.001117  flashggJetSystematics9
TimeReport   0.000712     0.001109  flashggJetSystematics10
TimeReport   0.000720     0.001121  flashggJetSystematics11
TimeReport   0.000484     0.000754  flashggPrefireDiPhotons
TimeReport   0.000126     0.000196  flashggPreselectedDiPhotons
TimeReport   0.000038     0.000060  flashggDiPhotonMVA
TimeReport   0.000031     0.000048  flashggVBFMVA
TimeReport   0.000018     0.000028  flashggVHhadMVA
TimeReport   0.000048     0.000074  flashggGluGluHMVA
TimeReport   0.000032     0.000051  flashggStageOneCombinedTag
TimeReport   0.000322     0.000502  flashggTHQLeptonicTag
TimeReport   0.000177     0.000276  flashggVHMetTag
TimeReport   0.000038     0.000060  flashggWHLeptonicTag
TimeReport   0.000021     0.000032  flashggZHLeptonicTag
TimeReport   0.000866     0.001350  flashggTTHLeptonicTag
TimeReport   0.002664     0.004152  flashggTTHHadronicTag
TimeReport   0.000093     0.000144  flashggTagSorter
TimeReport   0.000004     0.000006  flashggSystTagMerger
TimeReport   0.000428     0.000667  tagsDumper
TimeReport  per event    per visit  Name

TimeReport ---------- Module Summary ---[Real sec]----
TimeReport  per event     per exec    per visit  Name
TimeReport   0.000004     0.000004     0.000004  TriggerResults
TimeReport   0.000013     0.000013     0.000013  VHFilter
TimeReport   0.000003     0.000005     0.000005  ak4PFCHSL1FastL2L3Corrector
TimeReport   0.000004     0.000006     0.000006  ak4PFCHSL1FastjetCorrector
TimeReport   0.000002     0.000003     0.000003  ak4PFCHSL2RelativeCorrector
TimeReport   0.000017     0.000027     0.000027  ak4PFCHSL3AbsoluteCorrector
TimeReport   0.000038     0.000060     0.000060  flashggDiPhotonMVA
TimeReport   0.063575     0.099088     0.099088  flashggDiPhotonSystematics
TimeReport   0.068229     0.106341     0.106341  flashggDifferentialPhoIdInputsCorrection
TimeReport   0.000052     0.000081     0.000081  flashggElectronSystematics
TimeReport   0.000048     0.000074     0.000074  flashggGluGluHMVA
TimeReport   0.005799     0.009038     0.009038  flashggJetSystematics0
TimeReport   0.000897     0.001398     0.001398  flashggJetSystematics1
TimeReport   0.000712     0.001109     0.001109  flashggJetSystematics10
TimeReport   0.000720     0.001121     0.001121  flashggJetSystematics11
TimeReport   0.000787     0.001227     0.001227  flashggJetSystematics2
TimeReport   0.000749     0.001168     0.001168  flashggJetSystematics3
TimeReport   0.000736     0.001147     0.001147  flashggJetSystematics4
TimeReport   0.000733     0.001142     0.001142  flashggJetSystematics5
TimeReport   0.000722     0.001125     0.001125  flashggJetSystematics6
TimeReport   0.000724     0.001128     0.001128  flashggJetSystematics7
TimeReport   0.000723     0.001126     0.001126  flashggJetSystematics8
TimeReport   0.000716     0.001117     0.001117  flashggJetSystematics9
TimeReport   0.000029     0.000029     0.000029  flashggMetFilters
TimeReport   0.000503     0.000784     0.000784  flashggMetSystematics
TimeReport   0.000034     0.000053     0.000053  flashggMuonSystematics
TimeReport   0.000484     0.000754     0.000754  flashggPrefireDiPhotons
TimeReport   0.000126     0.000196     0.000196  flashggPreselectedDiPhotons
TimeReport   0.000032     0.000051     0.000051  flashggStageOneCombinedTag
TimeReport   0.000004     0.000006     0.000006  flashggSystTagMerger
TimeReport   0.000322     0.000502     0.000502  flashggTHQLeptonicTag
TimeReport   0.002664     0.004152     0.004152  flashggTTHHadronicTag
TimeReport   0.000866     0.001350     0.001350  flashggTTHLeptonicTag
TimeReport   0.000093     0.000144     0.000144  flashggTagSorter
TimeReport   0.000376     0.000587     0.000587  flashggUnpackedJets
TimeReport   0.000031     0.000048     0.000048  flashggVBFMVA
TimeReport   0.000177     0.000276     0.000276  flashggVHMetTag
TimeReport   0.000018     0.000028     0.000028  flashggVHhadMVA
TimeReport   0.000038     0.000060     0.000060  flashggWHLeptonicTag
TimeReport   0.000021     0.000032     0.000032  flashggZHLeptonicTag
TimeReport   0.000005     0.000005     0.000005  p
TimeReport   0.000428     0.000667     0.000667  tagsDumper
TimeReport  per event     per exec    per visit  Name

T---Report end!


=============================================

MessageLogger Summary

 type     category        sev    module        subroutine        count    total
 ---- -------------------- -- ---------------- ----------------  -----    -----
    1 XrdAdaptor           -w file_open                              1        1
    2 fileAction           -s file_close                             1        1
    3 fileAction           -s file_open                              2        2

 type    category    Examples: run/evt        run/evt          run/evt
 ---- -------------------- ---------------- ---------------- ----------------
    1 XrdAdaptor           pre-events                        
    2 fileAction           PostGlobalEndRun                  
    3 fileAction           pre-events       pre-events       

Severity    # Occurrences   Total Occurrences
--------    -------------   -----------------
Warning                 1                   1
System                  3                   3

dropped waiting message count 0
