mkdir: cannot create directory '/afs/cern.ch/user/x/xisu/private/local/Analysis_workspace/VH_AC_tmp1/flashgg_d2/CMSSW_10_6_29/src/flashgg/VHAC_Analysis_Met/UL_17/UL17_wh125': File exists
/cvmfs/cms.cern.ch/slc7_amd64_gcc700/external/py2-requests/2.21.0-pafccj2/lib/python2.7/site-packages/requests/__init__.py:91: RequestsDependencyWarning: urllib3 (1.25.2) or chardet (3.0.4) doesn't match a supported version!
  RequestsDependencyWarning)
07-Feb-2023 05:24:20 CET  Initiating request to open file root://cms-xrd-global.cern.ch//store/user/alesauva/flashgg/UL2017_3/10_6_4/VHToGG_M125_TuneCP5_13TeV-amcatnloFXFX-madspin-pythia8/UL2017_3-10_6_4-v0-RunIISummer19UL17MiniAOD-106X_mc2017_realistic_v6-v1/200718_083214/0000/myMicroAODOutputFile_6.root
[2023-02-07 05:25:06.637321 +0100][Error  ][AsyncSock         ] [xrootd.ba.infn.it:1094 #0.0] Socket error while handshaking: [ERROR] Socket timeout
[2023-02-07 05:25:06.637572 +0100][Error  ][PostMaster        ] [xrootd.ba.infn.it:1094 #0] elapsed = 45, pConnectionWindow = 31 seconds.
[2023-02-07 05:25:51.888285 +0100][Error  ][AsyncSock         ] [xrootd.ba.infn.it:1094 #0.0] Socket error while handshaking: [ERROR] Socket timeout
[2023-02-07 05:25:51.888431 +0100][Error  ][PostMaster        ] [xrootd.ba.infn.it:1094 #0] elapsed = 45, pConnectionWindow = 31 seconds.
[2023-02-07 05:25:51.888473 +0100][Error  ][PostMaster        ] [xrootd.ba.infn.it:1094 #0] Unable to recover: [ERROR] Socket timeout.
[2023-02-07 05:25:51.888495 +0100][Error  ][XRootD            ] [xrootd.ba.infn.it:1094] Impossible to send message kXR_open (file: /store/user/alesauva/flashgg/UL2017_3/10_6_4/VHToGG_M125_TuneCP5_13TeV-amcatnloFXFX-madspin-pythia8/UL2017_3-10_6_4-v0-RunIISummer19UL17MiniAOD-106X_mc2017_realistic_v6-v1/200718_083214/0000/myMicroAODOutputFile_6.root, mode: 0660, flags: kXR_open_read kXR_async kXR_retstat ). Trying to recover.
%MSG-w XrdAdaptor:  file_open 07-Feb-2023 05:25:53 CET pre-events
Data is served from GRIF-IRFU instead of original site CERN-CMSGLOBAL-01
%MSG
07-Feb-2023 05:25:55 CET  Successfully opened file root://cms-xrd-global.cern.ch//store/user/alesauva/flashgg/UL2017_3/10_6_4/VHToGG_M125_TuneCP5_13TeV-amcatnloFXFX-madspin-pythia8/UL2017_3-10_6_4-v0-RunIISummer19UL17MiniAOD-106X_mc2017_realistic_v6-v1/200718_083214/0000/myMicroAODOutputFile_6.root
2023-02-07 05:41:02.773421: I tensorflow/core/platform/cpu_feature_guard.cc:140] Your CPU supports instructions that this TensorFlow binary was not compiled to use: SSE4.1 SSE4.2 AVX AVX2 FMA
Begin processing the 1st record. Run 1, Event 39160, LumiSection 146 on stream 0 at 07-Feb-2023 05:42:33.643 CET
[2023-02-07 05:43:17.864340 +0100][Error  ][AsyncSock         ] [xrootd.ba.infn.it:1094 #0.0] Socket error while handshaking: [ERROR] Socket timeout
[2023-02-07 05:43:17.864525 +0100][Error  ][PostMaster        ] [xrootd.ba.infn.it:1094 #0] elapsed = 45, pConnectionWindow = 31 seconds.
[2023-02-07 05:44:02.113284 +0100][Error  ][AsyncSock         ] [xrootd.ba.infn.it:1094 #0.0] Socket error while handshaking: [ERROR] Socket timeout
[2023-02-07 05:44:02.113573 +0100][Error  ][PostMaster        ] [xrootd.ba.infn.it:1094 #0] elapsed = 45, pConnectionWindow = 31 seconds.
[2023-02-07 05:44:02.113611 +0100][Error  ][PostMaster        ] [xrootd.ba.infn.it:1094 #0] Unable to recover: [ERROR] Socket timeout.
[2023-02-07 05:44:02.113634 +0100][Error  ][XRootD            ] [xrootd.ba.infn.it:1094] Impossible to send message kXR_open (file: /store/user/alesauva/flashgg/UL2017_3/10_6_4/VHToGG_M125_TuneCP5_13TeV-amcatnloFXFX-madspin-pythia8/UL2017_3-10_6_4-v0-RunIISummer19UL17MiniAOD-106X_mc2017_realistic_v6-v1/200718_083214/0000/myMicroAODOutputFile_6.root?tried=stor97.datagrid.cea.fr, mode: 0660, flags: kXR_open_read kXR_async kXR_retstat ). Trying to recover.
Begin processing the 1001st record. Run 1, Event 300125, LumiSection 1112 on stream 0 at 07-Feb-2023 05:49:06.236 CET
Begin processing the 2001st record. Run 1, Event 311076, LumiSection 1153 on stream 0 at 07-Feb-2023 05:51:15.206 CET
[2023-02-07 05:51:53.038366 +0100][Error  ][AsyncSock         ] [xrootd.ba.infn.it:1094 #0.0] Socket error while handshaking: [ERROR] Socket timeout
[2023-02-07 05:51:53.038557 +0100][Error  ][PostMaster        ] [xrootd.ba.infn.it:1094 #0] elapsed = 45, pConnectionWindow = 31 seconds.
[2023-02-07 05:52:38.284322 +0100][Error  ][AsyncSock         ] [xrootd.ba.infn.it:1094 #0.0] Socket error while handshaking: [ERROR] Socket timeout
[2023-02-07 05:52:38.284527 +0100][Error  ][PostMaster        ] [xrootd.ba.infn.it:1094 #0] elapsed = 45, pConnectionWindow = 31 seconds.
[2023-02-07 05:52:38.284555 +0100][Error  ][PostMaster        ] [xrootd.ba.infn.it:1094 #0] Unable to recover: [ERROR] Socket timeout.
[2023-02-07 05:52:38.284571 +0100][Error  ][XRootD            ] [xrootd.ba.infn.it:1094] Impossible to send message kXR_open (file: /store/user/alesauva/flashgg/UL2017_3/10_6_4/VHToGG_M125_TuneCP5_13TeV-amcatnloFXFX-madspin-pythia8/UL2017_3-10_6_4-v0-RunIISummer19UL17MiniAOD-106X_mc2017_realistic_v6-v1/200718_083214/0000/myMicroAODOutputFile_6.root?tried=stor97.datagrid.cea.fr, mode: 0660, flags: kXR_open_read kXR_async kXR_retstat ). Trying to recover.
Begin processing the 3001st record. Run 1, Event 313745, LumiSection 1163 on stream 0 at 07-Feb-2023 05:53:31.559 CET
Begin processing the 4001st record. Run 1, Event 316832, LumiSection 1174 on stream 0 at 07-Feb-2023 05:55:38.634 CET
Begin processing the 5001st record. Run 1, Event 1232881, LumiSection 4567 on stream 0 at 07-Feb-2023 05:57:47.986 CET
Begin processing the 6001st record. Run 1, Event 280239, LumiSection 1038 on stream 0 at 07-Feb-2023 05:59:49.665 CET
[2023-02-07 06:00:15.656941 +0100][Error  ][AsyncSock         ] [xrootd.ba.infn.it:1094 #0.0] Socket error while handshaking: [ERROR] Socket timeout
[2023-02-07 06:00:15.657168 +0100][Error  ][PostMaster        ] [xrootd.ba.infn.it:1094 #0] elapsed = 45, pConnectionWindow = 31 seconds.
[2023-02-07 06:01:00.916286 +0100][Error  ][AsyncSock         ] [xrootd.ba.infn.it:1094 #0.0] Socket error while handshaking: [ERROR] Socket timeout
[2023-02-07 06:01:00.916412 +0100][Error  ][PostMaster        ] [xrootd.ba.infn.it:1094 #0] elapsed = 45, pConnectionWindow = 31 seconds.
[2023-02-07 06:01:00.916427 +0100][Error  ][PostMaster        ] [xrootd.ba.infn.it:1094 #0] Unable to recover: [ERROR] Socket timeout.
[2023-02-07 06:01:00.916438 +0100][Error  ][XRootD            ] [xrootd.ba.infn.it:1094] Impossible to send message kXR_open (file: /store/user/alesauva/flashgg/UL2017_3/10_6_4/VHToGG_M125_TuneCP5_13TeV-amcatnloFXFX-madspin-pythia8/UL2017_3-10_6_4-v0-RunIISummer19UL17MiniAOD-106X_mc2017_realistic_v6-v1/200718_083214/0000/myMicroAODOutputFile_6.root?tried=stor97.datagrid.cea.fr, mode: 0660, flags: kXR_open_read kXR_async kXR_retstat ). Trying to recover.
Begin processing the 7001st record. Run 1, Event 283026, LumiSection 1049 on stream 0 at 07-Feb-2023 06:01:57.735 CET
Begin processing the 8001st record. Run 1, Event 285837, LumiSection 1059 on stream 0 at 07-Feb-2023 06:04:06.129 CET
Begin processing the 9001st record. Run 1, Event 288817, LumiSection 1070 on stream 0 at 07-Feb-2023 06:06:05.378 CET
[2023-02-07 06:06:22.298301 +0100][Error  ][AsyncSock         ] [xrootd.ba.infn.it:1094 #0.0] Socket error while handshaking: [ERROR] Socket timeout
[2023-02-07 06:06:22.298480 +0100][Error  ][PostMaster        ] [xrootd.ba.infn.it:1094 #0] elapsed = 46, pConnectionWindow = 31 seconds.
[2023-02-07 06:07:07.559297 +0100][Error  ][AsyncSock         ] [xrootd.ba.infn.it:1094 #0.0] Socket error while handshaking: [ERROR] Socket timeout
[2023-02-07 06:07:07.559465 +0100][Error  ][PostMaster        ] [xrootd.ba.infn.it:1094 #0] elapsed = 45, pConnectionWindow = 31 seconds.
[2023-02-07 06:07:07.559497 +0100][Error  ][PostMaster        ] [xrootd.ba.infn.it:1094 #0] Unable to recover: [ERROR] Socket timeout.
[2023-02-07 06:07:07.559517 +0100][Error  ][XRootD            ] [xrootd.ba.infn.it:1094] Impossible to send message kXR_open (file: /store/user/alesauva/flashgg/UL2017_3/10_6_4/VHToGG_M125_TuneCP5_13TeV-amcatnloFXFX-madspin-pythia8/UL2017_3-10_6_4-v0-RunIISummer19UL17MiniAOD-106X_mc2017_realistic_v6-v1/200718_083214/0000/myMicroAODOutputFile_6.root?tried=stor97.datagrid.cea.fr, mode: 0660, flags: kXR_open_read kXR_async kXR_retstat ). Trying to recover.
Begin processing the 10001st record. Run 1, Event 254679, LumiSection 944 on stream 0 at 07-Feb-2023 06:08:10.065 CET
Begin processing the 11001st record. Run 1, Event 751570, LumiSection 2784 on stream 0 at 07-Feb-2023 06:10:12.599 CET
Begin processing the 12001st record. Run 1, Event 268371, LumiSection 994 on stream 0 at 07-Feb-2023 06:12:03.486 CET
[2023-02-07 06:12:10.874393 +0100][Error  ][AsyncSock         ] [xrootd.ba.infn.it:1094 #0.0] Socket error while handshaking: [ERROR] Socket timeout
[2023-02-07 06:12:10.874531 +0100][Error  ][PostMaster        ] [xrootd.ba.infn.it:1094 #0] elapsed = 45, pConnectionWindow = 31 seconds.
[2023-02-07 06:12:55.132276 +0100][Error  ][AsyncSock         ] [xrootd.ba.infn.it:1094 #0.0] Socket error while handshaking: [ERROR] Socket timeout
[2023-02-07 06:12:55.132417 +0100][Error  ][PostMaster        ] [xrootd.ba.infn.it:1094 #0] elapsed = 45, pConnectionWindow = 31 seconds.
[2023-02-07 06:12:55.132442 +0100][Error  ][PostMaster        ] [xrootd.ba.infn.it:1094 #0] Unable to recover: [ERROR] Socket timeout.
[2023-02-07 06:12:55.132458 +0100][Error  ][XRootD            ] [xrootd.ba.infn.it:1094] Impossible to send message kXR_open (file: /store/user/alesauva/flashgg/UL2017_3/10_6_4/VHToGG_M125_TuneCP5_13TeV-amcatnloFXFX-madspin-pythia8/UL2017_3-10_6_4-v0-RunIISummer19UL17MiniAOD-106X_mc2017_realistic_v6-v1/200718_083214/0000/myMicroAODOutputFile_6.root?tried=stor97.datagrid.cea.fr, mode: 0660, flags: kXR_open_read kXR_async kXR_retstat ). Trying to recover.
Begin processing the 13001st record. Run 1, Event 271208, LumiSection 1005 on stream 0 at 07-Feb-2023 06:14:12.218 CET
Begin processing the 14001st record. Run 1, Event 273957, LumiSection 1015 on stream 0 at 07-Feb-2023 06:16:24.055 CET
Begin processing the 15001st record. Run 1, Event 1298926, LumiSection 4811 on stream 0 at 07-Feb-2023 06:18:35.479 CET
[2023-02-07 06:20:30.855292 +0100][Error  ][AsyncSock         ] [xrootd.ba.infn.it:1094 #0.0] Socket error while handshaking: [ERROR] Socket timeout
[2023-02-07 06:20:30.855470 +0100][Error  ][PostMaster        ] [xrootd.ba.infn.it:1094 #0] elapsed = 45, pConnectionWindow = 31 seconds.
Begin processing the 16001st record. Run 1, Event 257410, LumiSection 954 on stream 0 at 07-Feb-2023 06:20:41.570 CET
[2023-02-07 06:21:16.115378 +0100][Error  ][AsyncSock         ] [xrootd.ba.infn.it:1094 #0.0] Socket error while handshaking: [ERROR] Socket timeout
[2023-02-07 06:21:16.115578 +0100][Error  ][PostMaster        ] [xrootd.ba.infn.it:1094 #0] elapsed = 46, pConnectionWindow = 31 seconds.
[2023-02-07 06:21:16.115606 +0100][Error  ][PostMaster        ] [xrootd.ba.infn.it:1094 #0] Unable to recover: [ERROR] Socket timeout.
[2023-02-07 06:21:16.115625 +0100][Error  ][XRootD            ] [xrootd.ba.infn.it:1094] Impossible to send message kXR_open (file: /store/user/alesauva/flashgg/UL2017_3/10_6_4/VHToGG_M125_TuneCP5_13TeV-amcatnloFXFX-madspin-pythia8/UL2017_3-10_6_4-v0-RunIISummer19UL17MiniAOD-106X_mc2017_realistic_v6-v1/200718_083214/0000/myMicroAODOutputFile_6.root?tried=stor97.datagrid.cea.fr, mode: 0660, flags: kXR_open_read kXR_async kXR_retstat ). Trying to recover.
Begin processing the 17001st record. Run 1, Event 127947, LumiSection 474 on stream 0 at 07-Feb-2023 06:22:43.532 CET
Begin processing the 18001st record. Run 1, Event 200472, LumiSection 743 on stream 0 at 07-Feb-2023 06:24:43.022 CET
Begin processing the 19001st record. Run 1, Event 204631, LumiSection 758 on stream 0 at 07-Feb-2023 06:26:44.816 CET
[2023-02-07 06:28:25.766288 +0100][Error  ][AsyncSock         ] [xrootd.ba.infn.it:1094 #0.0] Socket error while handshaking: [ERROR] Socket timeout
[2023-02-07 06:28:25.766427 +0100][Error  ][PostMaster        ] [xrootd.ba.infn.it:1094 #0] elapsed = 45, pConnectionWindow = 31 seconds.
Begin processing the 20001st record. Run 1, Event 869547, LumiSection 3221 on stream 0 at 07-Feb-2023 06:28:53.174 CET
[2023-02-07 06:29:10.020330 +0100][Error  ][AsyncSock         ] [xrootd.ba.infn.it:1094 #0.0] Socket error while handshaking: [ERROR] Socket timeout
[2023-02-07 06:29:10.020493 +0100][Error  ][PostMaster        ] [xrootd.ba.infn.it:1094 #0] elapsed = 45, pConnectionWindow = 31 seconds.
[2023-02-07 06:29:10.020517 +0100][Error  ][PostMaster        ] [xrootd.ba.infn.it:1094 #0] Unable to recover: [ERROR] Socket timeout.
[2023-02-07 06:29:10.020532 +0100][Error  ][XRootD            ] [xrootd.ba.infn.it:1094] Impossible to send message kXR_open (file: /store/user/alesauva/flashgg/UL2017_3/10_6_4/VHToGG_M125_TuneCP5_13TeV-amcatnloFXFX-madspin-pythia8/UL2017_3-10_6_4-v0-RunIISummer19UL17MiniAOD-106X_mc2017_realistic_v6-v1/200718_083214/0000/myMicroAODOutputFile_6.root?tried=stor97.datagrid.cea.fr, mode: 0660, flags: kXR_open_read kXR_async kXR_retstat ). Trying to recover.
Begin processing the 21001st record. Run 1, Event 863007, LumiSection 3197 on stream 0 at 07-Feb-2023 06:30:56.023 CET
Begin processing the 22001st record. Run 1, Event 1345179, LumiSection 4983 on stream 0 at 07-Feb-2023 06:33:02.268 CET
Begin processing the 23001st record. Run 1, Event 850473, LumiSection 3150 on stream 0 at 07-Feb-2023 06:35:09.623 CET
Begin processing the 24001st record. Run 1, Event 854707, LumiSection 3166 on stream 0 at 07-Feb-2023 06:37:18.320 CET
[2023-02-07 06:38:46.983324 +0100][Error  ][AsyncSock         ] [xrootd.ba.infn.it:1094 #0.0] Socket error while handshaking: [ERROR] Socket timeout
[2023-02-07 06:38:46.983507 +0100][Error  ][PostMaster        ] [xrootd.ba.infn.it:1094 #0] elapsed = 45, pConnectionWindow = 31 seconds.
07-Feb-2023 06:39:18 CET  Closed file root://cms-xrd-global.cern.ch//store/user/alesauva/flashgg/UL2017_3/10_6_4/VHToGG_M125_TuneCP5_13TeV-amcatnloFXFX-madspin-pythia8/UL2017_3-10_6_4-v0-RunIISummer19UL17MiniAOD-106X_mc2017_realistic_v6-v1/200718_083214/0000/myMicroAODOutputFile_6.root

TrigReport ---------- Event  Summary ------------
TrigReport Events total = 24947 passed = 15906 failed = 9041

TrigReport ---------- Path   Summary ------------
TrigReport  Trig Bit#   Executed     Passed     Failed      Error Name
TrigReport     1    0      24947      15906       9041          0 p

TrigReport -------End-Path   Summary ------------
TrigReport  Trig Bit#   Executed     Passed     Failed      Error Name

TrigReport ---------- Modules in Path: p ------------
TrigReport  Trig Bit#    Visited     Passed     Failed      Error Name
TrigReport     1    0      24947      24864         83          0 flashggMetFilters
TrigReport     1    1      24864      15906       8958          0 VHFilter
TrigReport     1    2      15906      15906          0          0 flashggDifferentialPhoIdInputsCorrection
TrigReport     1    3      15906      15906          0          0 flashggDiPhotonSystematics
TrigReport     1    4      15906      15906          0          0 flashggMetSystematics
TrigReport     1    5      15906      15906          0          0 flashggMuonSystematics
TrigReport     1    6      15906      15906          0          0 flashggElectronSystematics
TrigReport     1    7      15906      15906          0          0 flashggUnpackedJets
TrigReport     1    8      15906      15906          0          0 flashggJetSystematics0
TrigReport     1    9      15906      15906          0          0 flashggJetSystematics1
TrigReport     1   10      15906      15906          0          0 flashggJetSystematics2
TrigReport     1   11      15906      15906          0          0 flashggJetSystematics3
TrigReport     1   12      15906      15906          0          0 flashggJetSystematics4
TrigReport     1   13      15906      15906          0          0 flashggJetSystematics5
TrigReport     1   14      15906      15906          0          0 flashggJetSystematics6
TrigReport     1   15      15906      15906          0          0 flashggJetSystematics7
TrigReport     1   16      15906      15906          0          0 flashggJetSystematics8
TrigReport     1   17      15906      15906          0          0 flashggJetSystematics9
TrigReport     1   18      15906      15906          0          0 flashggJetSystematics10
TrigReport     1   19      15906      15906          0          0 flashggJetSystematics11
TrigReport     1   20      15906      15906          0          0 flashggPrefireDiPhotons
TrigReport     1   21      15906      15906          0          0 flashggPreselectedDiPhotons
TrigReport     1   22      15906      15906          0          0 flashggDiPhotonMVA
TrigReport     1   23      15906      15906          0          0 flashggVBFMVA
TrigReport     1   24      15906      15906          0          0 flashggVHhadMVA
TrigReport     1   25      15906      15906          0          0 flashggGluGluHMVA
TrigReport     1   26      15906      15906          0          0 flashggStageOneCombinedTag
TrigReport     1   27      15906      15906          0          0 flashggTHQLeptonicTag
TrigReport     1   28      15906      15906          0          0 flashggVHMetTag
TrigReport     1   29      15906      15906          0          0 flashggWHLeptonicTag
TrigReport     1   30      15906      15906          0          0 flashggZHLeptonicTag
TrigReport     1   31      15906      15906          0          0 flashggTTHLeptonicTag
TrigReport     1   32      15906      15906          0          0 flashggTTHHadronicTag
TrigReport     1   33      15906      15906          0          0 flashggTagSorter
TrigReport     1   34      15906      15906          0          0 flashggSystTagMerger
TrigReport     1   35      15906      15906          0          0 tagsDumper

TrigReport ---------- Module Summary ------------
TrigReport    Visited   Executed     Passed     Failed      Error Name
TrigReport      24947      24947      24947          0          0 TriggerResults
TrigReport      24864      24864      15906       8958          0 VHFilter
TrigReport      15906      15906      15906          0          0 ak4PFCHSL1FastL2L3Corrector
TrigReport      15906      15906      15906          0          0 ak4PFCHSL1FastjetCorrector
TrigReport      15906      15906      15906          0          0 ak4PFCHSL2RelativeCorrector
TrigReport      15906      15906      15906          0          0 ak4PFCHSL3AbsoluteCorrector
TrigReport      15906      15906      15906          0          0 flashggDiPhotonMVA
TrigReport      15906      15906      15906          0          0 flashggDiPhotonSystematics
TrigReport      15906      15906      15906          0          0 flashggDifferentialPhoIdInputsCorrection
TrigReport      15906      15906      15906          0          0 flashggElectronSystematics
TrigReport      15906      15906      15906          0          0 flashggGluGluHMVA
TrigReport      15906      15906      15906          0          0 flashggJetSystematics0
TrigReport      15906      15906      15906          0          0 flashggJetSystematics1
TrigReport      15906      15906      15906          0          0 flashggJetSystematics10
TrigReport      15906      15906      15906          0          0 flashggJetSystematics11
TrigReport      15906      15906      15906          0          0 flashggJetSystematics2
TrigReport      15906      15906      15906          0          0 flashggJetSystematics3
TrigReport      15906      15906      15906          0          0 flashggJetSystematics4
TrigReport      15906      15906      15906          0          0 flashggJetSystematics5
TrigReport      15906      15906      15906          0          0 flashggJetSystematics6
TrigReport      15906      15906      15906          0          0 flashggJetSystematics7
TrigReport      15906      15906      15906          0          0 flashggJetSystematics8
TrigReport      15906      15906      15906          0          0 flashggJetSystematics9
TrigReport      24947      24947      24864         83          0 flashggMetFilters
TrigReport      15906      15906      15906          0          0 flashggMetSystematics
TrigReport      15906      15906      15906          0          0 flashggMuonSystematics
TrigReport      15906      15906      15906          0          0 flashggPrefireDiPhotons
TrigReport      15906      15906      15906          0          0 flashggPreselectedDiPhotons
TrigReport      15906      15906      15906          0          0 flashggStageOneCombinedTag
TrigReport      15906      15906      15906          0          0 flashggSystTagMerger
TrigReport      15906      15906      15906          0          0 flashggTHQLeptonicTag
TrigReport      15906      15906      15906          0          0 flashggTTHHadronicTag
TrigReport      15906      15906      15906          0          0 flashggTTHLeptonicTag
TrigReport      15906      15906      15906          0          0 flashggTagSorter
TrigReport      15906      15906      15906          0          0 flashggUnpackedJets
TrigReport      15906      15906      15906          0          0 flashggVBFMVA
TrigReport      15906      15906      15906          0          0 flashggVHMetTag
TrigReport      15906      15906      15906          0          0 flashggVHhadMVA
TrigReport      15906      15906      15906          0          0 flashggWHLeptonicTag
TrigReport      15906      15906      15906          0          0 flashggZHLeptonicTag
TrigReport      24947      24947      24947          0          0 p
TrigReport      15906      15906      15906          0          0 tagsDumper

TimeReport ---------- Event  Summary ---[sec]----
TimeReport       event loop CPU/event = 0.135486
TimeReport      event loop Real/event = 0.136535
TimeReport     sum Streams Real/event = 0.131813
TimeReport efficiency CPU/Real/thread = 0.992322

TimeReport ---------- Path   Summary ---[Real sec]----
TimeReport  per event     per exec  Name
TimeReport   0.131260     0.131260  p
TimeReport  per event     per exec  Name

TimeReport -------End-Path   Summary ---[Real sec]----
TimeReport  per event     per exec  Name
TimeReport  per event     per exec  Name

TimeReport ---------- Modules in Path: p ---[Real sec]----
TimeReport  per event    per visit  Name
TimeReport   0.000025     0.000025  flashggMetFilters
TimeReport   0.000010     0.000010  VHFilter
TimeReport   0.055960     0.087768  flashggDifferentialPhoIdInputsCorrection
TimeReport   0.056211     0.088161  flashggDiPhotonSystematics
TimeReport   0.000189     0.000297  flashggMetSystematics
TimeReport   0.000029     0.000045  flashggMuonSystematics
TimeReport   0.000044     0.000068  flashggElectronSystematics
TimeReport   0.000328     0.000514  flashggUnpackedJets
TimeReport   0.005285     0.008289  flashggJetSystematics0
TimeReport   0.000819     0.001285  flashggJetSystematics1
TimeReport   0.000708     0.001111  flashggJetSystematics2
TimeReport   0.000683     0.001072  flashggJetSystematics3
TimeReport   0.000672     0.001054  flashggJetSystematics4
TimeReport   0.000665     0.001043  flashggJetSystematics5
TimeReport   0.000659     0.001033  flashggJetSystematics6
TimeReport   0.000656     0.001028  flashggJetSystematics7
TimeReport   0.000656     0.001029  flashggJetSystematics8
TimeReport   0.000653     0.001025  flashggJetSystematics9
TimeReport   0.000652     0.001022  flashggJetSystematics10
TimeReport   0.000648     0.001016  flashggJetSystematics11
TimeReport   0.000422     0.000661  flashggPrefireDiPhotons
TimeReport   0.000112     0.000176  flashggPreselectedDiPhotons
TimeReport   0.000023     0.000037  flashggDiPhotonMVA
TimeReport   0.000027     0.000042  flashggVBFMVA
TimeReport   0.000017     0.000027  flashggVHhadMVA
TimeReport   0.000043     0.000068  flashggGluGluHMVA
TimeReport   0.000029     0.000046  flashggStageOneCombinedTag
TimeReport   0.000322     0.000504  flashggTHQLeptonicTag
TimeReport   0.000117     0.000184  flashggVHMetTag
TimeReport   0.000032     0.000050  flashggWHLeptonicTag
TimeReport   0.000019     0.000030  flashggZHLeptonicTag
TimeReport   0.000213     0.000335  flashggTTHLeptonicTag
TimeReport   0.001389     0.002178  flashggTTHHadronicTag
TimeReport   0.000083     0.000130  flashggTagSorter
TimeReport   0.000004     0.000006  flashggSystTagMerger
TimeReport   0.000279     0.000438  tagsDumper
TimeReport  per event    per visit  Name

TimeReport ---------- Module Summary ---[Real sec]----
TimeReport  per event     per exec    per visit  Name
TimeReport   0.000004     0.000004     0.000004  TriggerResults
TimeReport   0.000010     0.000010     0.000010  VHFilter
TimeReport   0.000003     0.000005     0.000005  ak4PFCHSL1FastL2L3Corrector
TimeReport   0.000004     0.000006     0.000006  ak4PFCHSL1FastjetCorrector
TimeReport   0.000002     0.000003     0.000003  ak4PFCHSL2RelativeCorrector
TimeReport   0.000008     0.000013     0.000013  ak4PFCHSL3AbsoluteCorrector
TimeReport   0.000023     0.000037     0.000037  flashggDiPhotonMVA
TimeReport   0.056211     0.088161     0.088161  flashggDiPhotonSystematics
TimeReport   0.055960     0.087768     0.087768  flashggDifferentialPhoIdInputsCorrection
TimeReport   0.000044     0.000068     0.000068  flashggElectronSystematics
TimeReport   0.000043     0.000068     0.000068  flashggGluGluHMVA
TimeReport   0.005285     0.008289     0.008289  flashggJetSystematics0
TimeReport   0.000819     0.001285     0.001285  flashggJetSystematics1
TimeReport   0.000652     0.001022     0.001022  flashggJetSystematics10
TimeReport   0.000648     0.001016     0.001016  flashggJetSystematics11
TimeReport   0.000708     0.001111     0.001111  flashggJetSystematics2
TimeReport   0.000683     0.001072     0.001072  flashggJetSystematics3
TimeReport   0.000672     0.001054     0.001054  flashggJetSystematics4
TimeReport   0.000665     0.001043     0.001043  flashggJetSystematics5
TimeReport   0.000659     0.001033     0.001033  flashggJetSystematics6
TimeReport   0.000656     0.001028     0.001028  flashggJetSystematics7
TimeReport   0.000656     0.001029     0.001029  flashggJetSystematics8
TimeReport   0.000653     0.001025     0.001025  flashggJetSystematics9
TimeReport   0.000025     0.000025     0.000025  flashggMetFilters
TimeReport   0.000189     0.000297     0.000297  flashggMetSystematics
TimeReport   0.000029     0.000045     0.000045  flashggMuonSystematics
TimeReport   0.000422     0.000661     0.000661  flashggPrefireDiPhotons
TimeReport   0.000112     0.000176     0.000176  flashggPreselectedDiPhotons
TimeReport   0.000029     0.000046     0.000046  flashggStageOneCombinedTag
TimeReport   0.000004     0.000006     0.000006  flashggSystTagMerger
TimeReport   0.000322     0.000504     0.000504  flashggTHQLeptonicTag
TimeReport   0.001389     0.002178     0.002178  flashggTTHHadronicTag
TimeReport   0.000213     0.000335     0.000335  flashggTTHLeptonicTag
TimeReport   0.000083     0.000130     0.000130  flashggTagSorter
TimeReport   0.000328     0.000514     0.000514  flashggUnpackedJets
TimeReport   0.000027     0.000042     0.000042  flashggVBFMVA
TimeReport   0.000117     0.000184     0.000184  flashggVHMetTag
TimeReport   0.000017     0.000027     0.000027  flashggVHhadMVA
TimeReport   0.000032     0.000050     0.000050  flashggWHLeptonicTag
TimeReport   0.000019     0.000030     0.000030  flashggZHLeptonicTag
TimeReport   0.000005     0.000005     0.000005  p
TimeReport   0.000279     0.000438     0.000438  tagsDumper
TimeReport  per event     per exec    per visit  Name

T---Report end!


=============================================

MessageLogger Summary

 type     category        sev    module        subroutine        count    total
 ---- -------------------- -- ---------------- ----------------  -----    -----
    1 XrdAdaptor           -w file_open                              1        1
    2 fileAction           -s file_close                             1        1
    3 fileAction           -s file_open                              2        2

 type    category    Examples: run/evt        run/evt          run/evt
 ---- -------------------- ---------------- ---------------- ----------------
    1 XrdAdaptor           pre-events                        
    2 fileAction           PostGlobalEndRun                  
    3 fileAction           pre-events       pre-events       

Severity    # Occurrences   Total Occurrences
--------    -------------   -----------------
Warning                 1                   1
System                  3                   3

dropped waiting message count 0
[2023-02-07 06:39:32.557307 +0100][Error  ][AsyncSock         ] [xrootd.ba.infn.it:1094 #0.0] Socket error while handshaking: [ERROR] Socket timeout
[2023-02-07 06:39:32.557452 +0100][Error  ][PostMaster        ] [xrootd.ba.infn.it:1094 #0] elapsed = 46, pConnectionWindow = 31 seconds.
[2023-02-07 06:39:32.557469 +0100][Error  ][PostMaster        ] [xrootd.ba.infn.it:1094 #0] Unable to recover: [ERROR] Socket timeout.
[2023-02-07 06:39:32.557487 +0100][Error  ][XRootD            ] [xrootd.ba.infn.it:1094] Impossible to send message kXR_open (file: /store/user/alesauva/flashgg/UL2017_3/10_6_4/VHToGG_M125_TuneCP5_13TeV-amcatnloFXFX-madspin-pythia8/UL2017_3-10_6_4-v0-RunIISummer19UL17MiniAOD-106X_mc2017_realistic_v6-v1/200718_083214/0000/myMicroAODOutputFile_6.root?tried=stor97.datagrid.cea.fr, mode: 0460, flags: kXR_open_read kXR_async kXR_retstat ). Trying to recover.
