mkdir: cannot create directory '/afs/cern.ch/user/x/xisu/private/local/Analysis_workspace/VH_AC_tmp1/flashgg_d2/CMSSW_10_6_29/src/flashgg/VHAC_Analysis_Met/UL_17/UL17_wh125': File exists
/cvmfs/cms.cern.ch/slc7_amd64_gcc700/external/py2-requests/2.21.0-pafccj2/lib/python2.7/site-packages/requests/__init__.py:91: RequestsDependencyWarning: urllib3 (1.25.2) or chardet (3.0.4) doesn't match a supported version!
  RequestsDependencyWarning)
07-Feb-2023 05:24:37 CET  Initiating request to open file root://cms-xrd-global.cern.ch//store/user/alesauva/flashgg/UL2017_3/10_6_4/VHToGG_M125_TuneCP5_13TeV-amcatnloFXFX-madspin-pythia8/UL2017_3-10_6_4-v0-RunIISummer19UL17MiniAOD-106X_mc2017_realistic_v6-v1/200718_083214/0000/myMicroAODOutputFile_15.root
[2023-02-07 05:25:23.353809 +0100][Error  ][AsyncSock         ] [xrootd.ba.infn.it:1094 #0.0] Socket error while handshaking: [ERROR] Socket timeout
[2023-02-07 05:25:23.354042 +0100][Error  ][PostMaster        ] [xrootd.ba.infn.it:1094 #0] elapsed = 45, pConnectionWindow = 31 seconds.
[2023-02-07 05:26:08.604801 +0100][Error  ][AsyncSock         ] [xrootd.ba.infn.it:1094 #0.0] Socket error while handshaking: [ERROR] Socket timeout
[2023-02-07 05:26:08.604973 +0100][Error  ][PostMaster        ] [xrootd.ba.infn.it:1094 #0] elapsed = 45, pConnectionWindow = 31 seconds.
[2023-02-07 05:26:08.605031 +0100][Error  ][PostMaster        ] [xrootd.ba.infn.it:1094 #0] Unable to recover: [ERROR] Socket timeout.
[2023-02-07 05:26:08.605062 +0100][Error  ][XRootD            ] [xrootd.ba.infn.it:1094] Impossible to send message kXR_open (file: /store/user/alesauva/flashgg/UL2017_3/10_6_4/VHToGG_M125_TuneCP5_13TeV-amcatnloFXFX-madspin-pythia8/UL2017_3-10_6_4-v0-RunIISummer19UL17MiniAOD-106X_mc2017_realistic_v6-v1/200718_083214/0000/myMicroAODOutputFile_15.root, mode: 0660, flags: kXR_open_read kXR_async kXR_retstat ). Trying to recover.
%MSG-w XrdAdaptor:  file_open 07-Feb-2023 05:26:19 CET pre-events
Data is served from GRIF-IRFU instead of original site CERN-CMSGLOBAL-01
%MSG
07-Feb-2023 05:26:23 CET  Successfully opened file root://cms-xrd-global.cern.ch//store/user/alesauva/flashgg/UL2017_3/10_6_4/VHToGG_M125_TuneCP5_13TeV-amcatnloFXFX-madspin-pythia8/UL2017_3-10_6_4-v0-RunIISummer19UL17MiniAOD-106X_mc2017_realistic_v6-v1/200718_083214/0000/myMicroAODOutputFile_15.root
[2023-02-07 05:27:10.029839 +0100][Error  ][AsyncSock         ] [xrootd-cms.infn.it:1094 #0.0] Socket error while handshaking: [ERROR] Socket timeout
[2023-02-07 05:27:10.030081 +0100][Error  ][PostMaster        ] [xrootd-cms.infn.it:1094 #0] elapsed = 46, pConnectionWindow = 31 seconds.
2023-02-07 05:43:38.733743: I tensorflow/core/platform/cpu_feature_guard.cc:140] Your CPU supports instructions that this TensorFlow binary was not compiled to use: SSE4.1 SSE4.2 AVX AVX2 FMA
Begin processing the 1st record. Run 1, Event 514634, LumiSection 1907 on stream 0 at 07-Feb-2023 05:45:15.909 CET
[2023-02-07 05:45:59.147785 +0100][Error  ][AsyncSock         ] [xrootd.ba.infn.it:1094 #0.0] Socket error while handshaking: [ERROR] Socket timeout
[2023-02-07 05:45:59.147976 +0100][Error  ][PostMaster        ] [xrootd.ba.infn.it:1094 #0] elapsed = 45, pConnectionWindow = 31 seconds.
[2023-02-07 05:46:44.411761 +0100][Error  ][AsyncSock         ] [xrootd.ba.infn.it:1094 #0.0] Socket error while handshaking: [ERROR] Socket timeout
[2023-02-07 05:46:44.411919 +0100][Error  ][PostMaster        ] [xrootd.ba.infn.it:1094 #0] elapsed = 45, pConnectionWindow = 31 seconds.
[2023-02-07 05:46:44.411951 +0100][Error  ][PostMaster        ] [xrootd.ba.infn.it:1094 #0] Unable to recover: [ERROR] Socket timeout.
[2023-02-07 05:46:44.411992 +0100][Error  ][XRootD            ] [xrootd.ba.infn.it:1094] Impossible to send message kXR_open (file: /store/user/alesauva/flashgg/UL2017_3/10_6_4/VHToGG_M125_TuneCP5_13TeV-amcatnloFXFX-madspin-pythia8/UL2017_3-10_6_4-v0-RunIISummer19UL17MiniAOD-106X_mc2017_realistic_v6-v1/200718_083214/0000/myMicroAODOutputFile_15.root?tried=stor95.datagrid.cea.fr, mode: 0660, flags: kXR_open_read kXR_async kXR_retstat ). Trying to recover.
Begin processing the 1001st record. Run 1, Event 524785, LumiSection 1944 on stream 0 at 07-Feb-2023 05:52:08.640 CET
Begin processing the 2001st record. Run 1, Event 527663, LumiSection 1955 on stream 0 at 07-Feb-2023 05:54:28.251 CET
[2023-02-07 05:55:02.201780 +0100][Error  ][AsyncSock         ] [xrootd.ba.infn.it:1094 #0.0] Socket error while handshaking: [ERROR] Socket timeout
[2023-02-07 05:55:02.201973 +0100][Error  ][PostMaster        ] [xrootd.ba.infn.it:1094 #0] elapsed = 45, pConnectionWindow = 31 seconds.
[2023-02-07 05:55:47.468809 +0100][Error  ][AsyncSock         ] [xrootd.ba.infn.it:1094 #0.0] Socket error while handshaking: [ERROR] Socket timeout
[2023-02-07 05:55:47.468982 +0100][Error  ][PostMaster        ] [xrootd.ba.infn.it:1094 #0] elapsed = 45, pConnectionWindow = 31 seconds.
[2023-02-07 05:55:47.469009 +0100][Error  ][PostMaster        ] [xrootd.ba.infn.it:1094 #0] Unable to recover: [ERROR] Socket timeout.
[2023-02-07 05:55:47.469026 +0100][Error  ][XRootD            ] [xrootd.ba.infn.it:1094] Impossible to send message kXR_open (file: /store/user/alesauva/flashgg/UL2017_3/10_6_4/VHToGG_M125_TuneCP5_13TeV-amcatnloFXFX-madspin-pythia8/UL2017_3-10_6_4-v0-RunIISummer19UL17MiniAOD-106X_mc2017_realistic_v6-v1/200718_083214/0000/myMicroAODOutputFile_15.root?tried=stor95.datagrid.cea.fr, mode: 0660, flags: kXR_open_read kXR_async kXR_retstat ). Trying to recover.
Begin processing the 3001st record. Run 1, Event 1062116, LumiSection 3934 on stream 0 at 07-Feb-2023 05:56:50.309 CET
Begin processing the 4001st record. Run 1, Event 1068665, LumiSection 3959 on stream 0 at 07-Feb-2023 05:59:22.231 CET
Begin processing the 5001st record. Run 1, Event 1054764, LumiSection 3907 on stream 0 at 07-Feb-2023 06:01:49.946 CET
[2023-02-07 06:02:06.552773 +0100][Error  ][AsyncSock         ] [xrootd.ba.infn.it:1094 #0.0] Socket error while handshaking: [ERROR] Socket timeout
[2023-02-07 06:02:06.552953 +0100][Error  ][PostMaster        ] [xrootd.ba.infn.it:1094 #0] elapsed = 45, pConnectionWindow = 31 seconds.
[2023-02-07 06:02:51.848262 +0100][Error  ][AsyncSock         ] [xrootd.ba.infn.it:1094 #0.0] Socket error while handshaking: [ERROR] Socket timeout
[2023-02-07 06:02:51.848507 +0100][Error  ][PostMaster        ] [xrootd.ba.infn.it:1094 #0] elapsed = 45, pConnectionWindow = 31 seconds.
[2023-02-07 06:02:51.848540 +0100][Error  ][PostMaster        ] [xrootd.ba.infn.it:1094 #0] Unable to recover: [ERROR] Socket timeout.
[2023-02-07 06:02:51.848591 +0100][Error  ][XRootD            ] [xrootd.ba.infn.it:1094] Impossible to send message kXR_open (file: /store/user/alesauva/flashgg/UL2017_3/10_6_4/VHToGG_M125_TuneCP5_13TeV-amcatnloFXFX-madspin-pythia8/UL2017_3-10_6_4-v0-RunIISummer19UL17MiniAOD-106X_mc2017_realistic_v6-v1/200718_083214/0000/myMicroAODOutputFile_15.root?tried=stor95.datagrid.cea.fr, mode: 0660, flags: kXR_open_read kXR_async kXR_retstat ). Trying to recover.
Begin processing the 6001st record. Run 1, Event 1089167, LumiSection 4034 on stream 0 at 07-Feb-2023 06:03:48.155 CET
Begin processing the 7001st record. Run 1, Event 1093061, LumiSection 4049 on stream 0 at 07-Feb-2023 06:06:23.160 CET
Begin processing the 8001st record. Run 1, Event 1096101, LumiSection 4060 on stream 0 at 07-Feb-2023 06:08:52.209 CET
[2023-02-07 06:11:20.268920 +0100][Error  ][AsyncSock         ] [xrootd.ba.infn.it:1094 #0.0] Socket error while handshaking: [ERROR] Socket timeout
[2023-02-07 06:11:20.269120 +0100][Error  ][PostMaster        ] [xrootd.ba.infn.it:1094 #0] elapsed = 45, pConnectionWindow = 31 seconds.
Begin processing the 9001st record. Run 1, Event 490595, LumiSection 1818 on stream 0 at 07-Feb-2023 06:11:25.633 CET
[2023-02-07 06:12:05.569766 +0100][Error  ][AsyncSock         ] [xrootd.ba.infn.it:1094 #0.0] Socket error while handshaking: [ERROR] Socket timeout
[2023-02-07 06:12:05.569927 +0100][Error  ][PostMaster        ] [xrootd.ba.infn.it:1094 #0] elapsed = 45, pConnectionWindow = 31 seconds.
[2023-02-07 06:12:05.569952 +0100][Error  ][PostMaster        ] [xrootd.ba.infn.it:1094 #0] Unable to recover: [ERROR] Socket timeout.
[2023-02-07 06:12:05.570003 +0100][Error  ][XRootD            ] [xrootd.ba.infn.it:1094] Impossible to send message kXR_open (file: /store/user/alesauva/flashgg/UL2017_3/10_6_4/VHToGG_M125_TuneCP5_13TeV-amcatnloFXFX-madspin-pythia8/UL2017_3-10_6_4-v0-RunIISummer19UL17MiniAOD-106X_mc2017_realistic_v6-v1/200718_083214/0000/myMicroAODOutputFile_15.root?tried=stor95.datagrid.cea.fr, mode: 0660, flags: kXR_open_read kXR_async kXR_retstat ). Trying to recover.
Begin processing the 10001st record. Run 1, Event 538499, LumiSection 1995 on stream 0 at 07-Feb-2023 06:13:44.531 CET
[2023-02-07 06:15:52.544802 +0100][Error  ][AsyncSock         ] [xrootd.ba.infn.it:1094 #0.0] Socket error while handshaking: [ERROR] Socket timeout
[2023-02-07 06:15:52.545005 +0100][Error  ][PostMaster        ] [xrootd.ba.infn.it:1094 #0] elapsed = 45, pConnectionWindow = 31 seconds.
Begin processing the 11001st record. Run 1, Event 497258, LumiSection 1842 on stream 0 at 07-Feb-2023 06:16:02.417 CET
[2023-02-07 06:16:37.818755 +0100][Error  ][AsyncSock         ] [xrootd.ba.infn.it:1094 #0.0] Socket error while handshaking: [ERROR] Socket timeout
[2023-02-07 06:16:37.818916 +0100][Error  ][PostMaster        ] [xrootd.ba.infn.it:1094 #0] elapsed = 45, pConnectionWindow = 31 seconds.
[2023-02-07 06:16:37.818938 +0100][Error  ][PostMaster        ] [xrootd.ba.infn.it:1094 #0] Unable to recover: [ERROR] Socket timeout.
[2023-02-07 06:16:37.818953 +0100][Error  ][XRootD            ] [xrootd.ba.infn.it:1094] Impossible to send message kXR_open (file: /store/user/alesauva/flashgg/UL2017_3/10_6_4/VHToGG_M125_TuneCP5_13TeV-amcatnloFXFX-madspin-pythia8/UL2017_3-10_6_4-v0-RunIISummer19UL17MiniAOD-106X_mc2017_realistic_v6-v1/200718_083214/0000/myMicroAODOutputFile_15.root?tried=stor95.datagrid.cea.fr, mode: 0660, flags: kXR_open_read kXR_async kXR_retstat ). Trying to recover.
Begin processing the 12001st record. Run 1, Event 790895, LumiSection 2930 on stream 0 at 07-Feb-2023 06:18:29.868 CET
[2023-02-07 06:20:42.744795 +0100][Error  ][AsyncSock         ] [xrootd.ba.infn.it:1094 #0.0] Socket error while handshaking: [ERROR] Socket timeout
[2023-02-07 06:20:42.744963 +0100][Error  ][PostMaster        ] [xrootd.ba.infn.it:1094 #0] elapsed = 45, pConnectionWindow = 31 seconds.
Begin processing the 13001st record. Run 1, Event 1262591, LumiSection 4677 on stream 0 at 07-Feb-2023 06:21:16.080 CET
[2023-02-07 06:21:28.016979 +0100][Error  ][AsyncSock         ] [xrootd.ba.infn.it:1094 #0.0] Socket error while handshaking: [ERROR] Socket timeout
[2023-02-07 06:21:28.017233 +0100][Error  ][PostMaster        ] [xrootd.ba.infn.it:1094 #0] elapsed = 46, pConnectionWindow = 31 seconds.
[2023-02-07 06:21:28.017261 +0100][Error  ][PostMaster        ] [xrootd.ba.infn.it:1094 #0] Unable to recover: [ERROR] Socket timeout.
[2023-02-07 06:21:28.017278 +0100][Error  ][XRootD            ] [xrootd.ba.infn.it:1094] Impossible to send message kXR_open (file: /store/user/alesauva/flashgg/UL2017_3/10_6_4/VHToGG_M125_TuneCP5_13TeV-amcatnloFXFX-madspin-pythia8/UL2017_3-10_6_4-v0-RunIISummer19UL17MiniAOD-106X_mc2017_realistic_v6-v1/200718_083214/0000/myMicroAODOutputFile_15.root?tried=stor95.datagrid.cea.fr, mode: 0660, flags: kXR_open_read kXR_async kXR_retstat ). Trying to recover.
Begin processing the 14001st record. Run 1, Event 621288, LumiSection 2302 on stream 0 at 07-Feb-2023 06:23:28.369 CET
[2023-02-07 06:25:24.102829 +0100][Error  ][AsyncSock         ] [xrootd.ba.infn.it:1094 #0.0] Socket error while handshaking: [ERROR] Socket timeout
[2023-02-07 06:25:24.103002 +0100][Error  ][PostMaster        ] [xrootd.ba.infn.it:1094 #0] elapsed = 46, pConnectionWindow = 31 seconds.
Begin processing the 15001st record. Run 1, Event 624225, LumiSection 2312 on stream 0 at 07-Feb-2023 06:26:08.818 CET
[2023-02-07 06:26:09.367790 +0100][Error  ][AsyncSock         ] [xrootd.ba.infn.it:1094 #0.0] Socket error while handshaking: [ERROR] Socket timeout
[2023-02-07 06:26:09.367978 +0100][Error  ][PostMaster        ] [xrootd.ba.infn.it:1094 #0] elapsed = 45, pConnectionWindow = 31 seconds.
[2023-02-07 06:26:09.368023 +0100][Error  ][PostMaster        ] [xrootd.ba.infn.it:1094 #0] Unable to recover: [ERROR] Socket timeout.
[2023-02-07 06:26:09.368040 +0100][Error  ][XRootD            ] [xrootd.ba.infn.it:1094] Impossible to send message kXR_open (file: /store/user/alesauva/flashgg/UL2017_3/10_6_4/VHToGG_M125_TuneCP5_13TeV-amcatnloFXFX-madspin-pythia8/UL2017_3-10_6_4-v0-RunIISummer19UL17MiniAOD-106X_mc2017_realistic_v6-v1/200718_083214/0000/myMicroAODOutputFile_15.root?tried=stor95.datagrid.cea.fr, mode: 0660, flags: kXR_open_read kXR_async kXR_retstat ). Trying to recover.
Begin processing the 16001st record. Run 1, Event 627846, LumiSection 2326 on stream 0 at 07-Feb-2023 06:28:24.614 CET
[2023-02-07 06:29:56.925794 +0100][Error  ][AsyncSock         ] [xrootd.ba.infn.it:1094 #0.0] Socket error while handshaking: [ERROR] Socket timeout
[2023-02-07 06:29:56.925971 +0100][Error  ][PostMaster        ] [xrootd.ba.infn.it:1094 #0] elapsed = 45, pConnectionWindow = 31 seconds.
Begin processing the 17001st record. Run 1, Event 797256, LumiSection 2953 on stream 0 at 07-Feb-2023 06:30:32.057 CET
[2023-02-07 06:30:41.189763 +0100][Error  ][AsyncSock         ] [xrootd.ba.infn.it:1094 #0.0] Socket error while handshaking: [ERROR] Socket timeout
[2023-02-07 06:30:41.189996 +0100][Error  ][PostMaster        ] [xrootd.ba.infn.it:1094 #0] elapsed = 45, pConnectionWindow = 31 seconds.
[2023-02-07 06:30:41.190020 +0100][Error  ][PostMaster        ] [xrootd.ba.infn.it:1094 #0] Unable to recover: [ERROR] Socket timeout.
[2023-02-07 06:30:41.190036 +0100][Error  ][XRootD            ] [xrootd.ba.infn.it:1094] Impossible to send message kXR_open (file: /store/user/alesauva/flashgg/UL2017_3/10_6_4/VHToGG_M125_TuneCP5_13TeV-amcatnloFXFX-madspin-pythia8/UL2017_3-10_6_4-v0-RunIISummer19UL17MiniAOD-106X_mc2017_realistic_v6-v1/200718_083214/0000/myMicroAODOutputFile_15.root?tried=stor95.datagrid.cea.fr, mode: 0660, flags: kXR_open_read kXR_async kXR_retstat ). Trying to recover.
Begin processing the 18001st record. Run 1, Event 629757, LumiSection 2333 on stream 0 at 07-Feb-2023 06:32:58.349 CET
Begin processing the 19001st record. Run 1, Event 632698, LumiSection 2344 on stream 0 at 07-Feb-2023 06:35:22.457 CET
[2023-02-07 06:36:39.691768 +0100][Error  ][AsyncSock         ] [xrootd.ba.infn.it:1094 #0.0] Socket error while handshaking: [ERROR] Socket timeout
[2023-02-07 06:36:39.691910 +0100][Error  ][PostMaster        ] [xrootd.ba.infn.it:1094 #0] elapsed = 45, pConnectionWindow = 31 seconds.
[2023-02-07 06:37:24.953820 +0100][Error  ][AsyncSock         ] [xrootd.ba.infn.it:1094 #0.0] Socket error while handshaking: [ERROR] Socket timeout
[2023-02-07 06:37:24.954008 +0100][Error  ][PostMaster        ] [xrootd.ba.infn.it:1094 #0] elapsed = 45, pConnectionWindow = 31 seconds.
[2023-02-07 06:37:24.954028 +0100][Error  ][PostMaster        ] [xrootd.ba.infn.it:1094 #0] Unable to recover: [ERROR] Socket timeout.
[2023-02-07 06:37:24.954041 +0100][Error  ][XRootD            ] [xrootd.ba.infn.it:1094] Impossible to send message kXR_open (file: /store/user/alesauva/flashgg/UL2017_3/10_6_4/VHToGG_M125_TuneCP5_13TeV-amcatnloFXFX-madspin-pythia8/UL2017_3-10_6_4-v0-RunIISummer19UL17MiniAOD-106X_mc2017_realistic_v6-v1/200718_083214/0000/myMicroAODOutputFile_15.root?tried=stor95.datagrid.cea.fr, mode: 0660, flags: kXR_open_read kXR_async kXR_retstat ). Trying to recover.
Begin processing the 20001st record. Run 1, Event 635628, LumiSection 2355 on stream 0 at 07-Feb-2023 06:37:55.807 CET
Begin processing the 21001st record. Run 1, Event 1303793, LumiSection 4829 on stream 0 at 07-Feb-2023 06:40:15.223 CET
[2023-02-07 06:41:20.576794 +0100][Error  ][AsyncSock         ] [xrootd.ba.infn.it:1094 #0.0] Socket error while handshaking: [ERROR] Socket timeout
[2023-02-07 06:41:20.576987 +0100][Error  ][PostMaster        ] [xrootd.ba.infn.it:1094 #0] elapsed = 45, pConnectionWindow = 31 seconds.
[2023-02-07 06:42:05.862768 +0100][Error  ][AsyncSock         ] [xrootd.ba.infn.it:1094 #0.0] Socket error while handshaking: [ERROR] Socket timeout
[2023-02-07 06:42:05.862923 +0100][Error  ][PostMaster        ] [xrootd.ba.infn.it:1094 #0] elapsed = 45, pConnectionWindow = 31 seconds.
[2023-02-07 06:42:05.862966 +0100][Error  ][PostMaster        ] [xrootd.ba.infn.it:1094 #0] Unable to recover: [ERROR] Socket timeout.
[2023-02-07 06:42:05.862981 +0100][Error  ][XRootD            ] [xrootd.ba.infn.it:1094] Impossible to send message kXR_open (file: /store/user/alesauva/flashgg/UL2017_3/10_6_4/VHToGG_M125_TuneCP5_13TeV-amcatnloFXFX-madspin-pythia8/UL2017_3-10_6_4-v0-RunIISummer19UL17MiniAOD-106X_mc2017_realistic_v6-v1/200718_083214/0000/myMicroAODOutputFile_15.root?tried=stor95.datagrid.cea.fr, mode: 0660, flags: kXR_open_read kXR_async kXR_retstat ). Trying to recover.
Begin processing the 22001st record. Run 1, Event 1307206, LumiSection 4842 on stream 0 at 07-Feb-2023 06:42:37.971 CET
Begin processing the 23001st record. Run 1, Event 1138898, LumiSection 4219 on stream 0 at 07-Feb-2023 06:44:50.819 CET
Begin processing the 24001st record. Run 1, Event 1194133, LumiSection 4423 on stream 0 at 07-Feb-2023 06:47:17.276 CET
Begin processing the 25001st record. Run 1, Event 1217304, LumiSection 4509 on stream 0 at 07-Feb-2023 06:49:34.051 CET
07-Feb-2023 06:49:52 CET  Closed file root://cms-xrd-global.cern.ch//store/user/alesauva/flashgg/UL2017_3/10_6_4/VHToGG_M125_TuneCP5_13TeV-amcatnloFXFX-madspin-pythia8/UL2017_3-10_6_4-v0-RunIISummer19UL17MiniAOD-106X_mc2017_realistic_v6-v1/200718_083214/0000/myMicroAODOutputFile_15.root

TrigReport ---------- Event  Summary ------------
TrigReport Events total = 25150 passed = 16109 failed = 9041

TrigReport ---------- Path   Summary ------------
TrigReport  Trig Bit#   Executed     Passed     Failed      Error Name
TrigReport     1    0      25150      16109       9041          0 p

TrigReport -------End-Path   Summary ------------
TrigReport  Trig Bit#   Executed     Passed     Failed      Error Name

TrigReport ---------- Modules in Path: p ------------
TrigReport  Trig Bit#    Visited     Passed     Failed      Error Name
TrigReport     1    0      25150      25015        135          0 flashggMetFilters
TrigReport     1    1      25015      16109       8906          0 VHFilter
TrigReport     1    2      16109      16109          0          0 flashggDifferentialPhoIdInputsCorrection
TrigReport     1    3      16109      16109          0          0 flashggDiPhotonSystematics
TrigReport     1    4      16109      16109          0          0 flashggMetSystematics
TrigReport     1    5      16109      16109          0          0 flashggMuonSystematics
TrigReport     1    6      16109      16109          0          0 flashggElectronSystematics
TrigReport     1    7      16109      16109          0          0 flashggUnpackedJets
TrigReport     1    8      16109      16109          0          0 flashggJetSystematics0
TrigReport     1    9      16109      16109          0          0 flashggJetSystematics1
TrigReport     1   10      16109      16109          0          0 flashggJetSystematics2
TrigReport     1   11      16109      16109          0          0 flashggJetSystematics3
TrigReport     1   12      16109      16109          0          0 flashggJetSystematics4
TrigReport     1   13      16109      16109          0          0 flashggJetSystematics5
TrigReport     1   14      16109      16109          0          0 flashggJetSystematics6
TrigReport     1   15      16109      16109          0          0 flashggJetSystematics7
TrigReport     1   16      16109      16109          0          0 flashggJetSystematics8
TrigReport     1   17      16109      16109          0          0 flashggJetSystematics9
TrigReport     1   18      16109      16109          0          0 flashggJetSystematics10
TrigReport     1   19      16109      16109          0          0 flashggJetSystematics11
TrigReport     1   20      16109      16109          0          0 flashggPrefireDiPhotons
TrigReport     1   21      16109      16109          0          0 flashggPreselectedDiPhotons
TrigReport     1   22      16109      16109          0          0 flashggDiPhotonMVA
TrigReport     1   23      16109      16109          0          0 flashggVBFMVA
TrigReport     1   24      16109      16109          0          0 flashggVHhadMVA
TrigReport     1   25      16109      16109          0          0 flashggGluGluHMVA
TrigReport     1   26      16109      16109          0          0 flashggStageOneCombinedTag
TrigReport     1   27      16109      16109          0          0 flashggTHQLeptonicTag
TrigReport     1   28      16109      16109          0          0 flashggVHMetTag
TrigReport     1   29      16109      16109          0          0 flashggWHLeptonicTag
TrigReport     1   30      16109      16109          0          0 flashggZHLeptonicTag
TrigReport     1   31      16109      16109          0          0 flashggTTHLeptonicTag
TrigReport     1   32      16109      16109          0          0 flashggTTHHadronicTag
TrigReport     1   33      16109      16109          0          0 flashggTagSorter
TrigReport     1   34      16109      16109          0          0 flashggSystTagMerger
TrigReport     1   35      16109      16109          0          0 tagsDumper

TrigReport ---------- Module Summary ------------
TrigReport    Visited   Executed     Passed     Failed      Error Name
TrigReport      25150      25150      25150          0          0 TriggerResults
TrigReport      25015      25015      16109       8906          0 VHFilter
TrigReport      16109      16109      16109          0          0 ak4PFCHSL1FastL2L3Corrector
TrigReport      16109      16109      16109          0          0 ak4PFCHSL1FastjetCorrector
TrigReport      16109      16109      16109          0          0 ak4PFCHSL2RelativeCorrector
TrigReport      16109      16109      16109          0          0 ak4PFCHSL3AbsoluteCorrector
TrigReport      16109      16109      16109          0          0 flashggDiPhotonMVA
TrigReport      16109      16109      16109          0          0 flashggDiPhotonSystematics
TrigReport      16109      16109      16109          0          0 flashggDifferentialPhoIdInputsCorrection
TrigReport      16109      16109      16109          0          0 flashggElectronSystematics
TrigReport      16109      16109      16109          0          0 flashggGluGluHMVA
TrigReport      16109      16109      16109          0          0 flashggJetSystematics0
TrigReport      16109      16109      16109          0          0 flashggJetSystematics1
TrigReport      16109      16109      16109          0          0 flashggJetSystematics10
TrigReport      16109      16109      16109          0          0 flashggJetSystematics11
TrigReport      16109      16109      16109          0          0 flashggJetSystematics2
TrigReport      16109      16109      16109          0          0 flashggJetSystematics3
TrigReport      16109      16109      16109          0          0 flashggJetSystematics4
TrigReport      16109      16109      16109          0          0 flashggJetSystematics5
TrigReport      16109      16109      16109          0          0 flashggJetSystematics6
TrigReport      16109      16109      16109          0          0 flashggJetSystematics7
TrigReport      16109      16109      16109          0          0 flashggJetSystematics8
TrigReport      16109      16109      16109          0          0 flashggJetSystematics9
TrigReport      25150      25150      25015        135          0 flashggMetFilters
TrigReport      16109      16109      16109          0          0 flashggMetSystematics
TrigReport      16109      16109      16109          0          0 flashggMuonSystematics
TrigReport      16109      16109      16109          0          0 flashggPrefireDiPhotons
TrigReport      16109      16109      16109          0          0 flashggPreselectedDiPhotons
TrigReport      16109      16109      16109          0          0 flashggStageOneCombinedTag
TrigReport      16109      16109      16109          0          0 flashggSystTagMerger
TrigReport      16109      16109      16109          0          0 flashggTHQLeptonicTag
TrigReport      16109      16109      16109          0          0 flashggTTHHadronicTag
TrigReport      16109      16109      16109          0          0 flashggTTHLeptonicTag
TrigReport      16109      16109      16109          0          0 flashggTagSorter
TrigReport      16109      16109      16109          0          0 flashggUnpackedJets
TrigReport      16109      16109      16109          0          0 flashggVBFMVA
TrigReport      16109      16109      16109          0          0 flashggVHMetTag
TrigReport      16109      16109      16109          0          0 flashggVHhadMVA
TrigReport      16109      16109      16109          0          0 flashggWHLeptonicTag
TrigReport      16109      16109      16109          0          0 flashggZHLeptonicTag
TrigReport      25150      25150      25150          0          0 p
TrigReport      16109      16109      16109          0          0 tagsDumper

TimeReport ---------- Event  Summary ---[sec]----
TimeReport       event loop CPU/event = 0.151735
TimeReport      event loop Real/event = 0.154183
TimeReport     sum Streams Real/event = 0.148872
TimeReport efficiency CPU/Real/thread = 0.984121

TimeReport ---------- Path   Summary ---[Real sec]----
TimeReport  per event     per exec  Name
TimeReport   0.148221     0.148221  p
TimeReport  per event     per exec  Name

TimeReport -------End-Path   Summary ---[Real sec]----
TimeReport  per event     per exec  Name
TimeReport  per event     per exec  Name

TimeReport ---------- Modules in Path: p ---[Real sec]----
TimeReport  per event    per visit  Name
TimeReport   0.000030     0.000030  flashggMetFilters
TimeReport   0.000013     0.000013  VHFilter
TimeReport   0.064644     0.100925  flashggDifferentialPhoIdInputsCorrection
TimeReport   0.062588     0.097716  flashggDiPhotonSystematics
TimeReport   0.000212     0.000332  flashggMetSystematics
TimeReport   0.000033     0.000052  flashggMuonSystematics
TimeReport   0.000051     0.000079  flashggElectronSystematics
TimeReport   0.000378     0.000591  flashggUnpackedJets
TimeReport   0.005723     0.008935  flashggJetSystematics0
TimeReport   0.000887     0.001384  flashggJetSystematics1
TimeReport   0.000774     0.001208  flashggJetSystematics2
TimeReport   0.000746     0.001165  flashggJetSystematics3
TimeReport   0.000729     0.001138  flashggJetSystematics4
TimeReport   0.000722     0.001127  flashggJetSystematics5
TimeReport   0.000716     0.001118  flashggJetSystematics6
TimeReport   0.000714     0.001115  flashggJetSystematics7
TimeReport   0.000710     0.001108  flashggJetSystematics8
TimeReport   0.000706     0.001103  flashggJetSystematics9
TimeReport   0.000706     0.001103  flashggJetSystematics10
TimeReport   0.000705     0.001101  flashggJetSystematics11
TimeReport   0.000458     0.000715  flashggPrefireDiPhotons
TimeReport   0.000124     0.000194  flashggPreselectedDiPhotons
TimeReport   0.000025     0.000039  flashggDiPhotonMVA
TimeReport   0.000030     0.000047  flashggVBFMVA
TimeReport   0.000018     0.000028  flashggVHhadMVA
TimeReport   0.000046     0.000072  flashggGluGluHMVA
TimeReport   0.000032     0.000050  flashggStageOneCombinedTag
TimeReport   0.000377     0.000588  flashggTHQLeptonicTag
TimeReport   0.000133     0.000208  flashggVHMetTag
TimeReport   0.000036     0.000056  flashggWHLeptonicTag
TimeReport   0.000021     0.000033  flashggZHLeptonicTag
TimeReport   0.000243     0.000380  flashggTTHLeptonicTag
TimeReport   0.001575     0.002458  flashggTTHHadronicTag
TimeReport   0.000092     0.000143  flashggTagSorter
TimeReport   0.000004     0.000007  flashggSystTagMerger
TimeReport   0.000298     0.000465  tagsDumper
TimeReport  per event    per visit  Name

TimeReport ---------- Module Summary ---[Real sec]----
TimeReport  per event     per exec    per visit  Name
TimeReport   0.000004     0.000004     0.000004  TriggerResults
TimeReport   0.000013     0.000013     0.000013  VHFilter
TimeReport   0.000003     0.000005     0.000005  ak4PFCHSL1FastL2L3Corrector
TimeReport   0.000004     0.000006     0.000006  ak4PFCHSL1FastjetCorrector
TimeReport   0.000002     0.000003     0.000003  ak4PFCHSL2RelativeCorrector
TimeReport   0.000010     0.000016     0.000016  ak4PFCHSL3AbsoluteCorrector
TimeReport   0.000025     0.000039     0.000039  flashggDiPhotonMVA
TimeReport   0.062588     0.097716     0.097716  flashggDiPhotonSystematics
TimeReport   0.064644     0.100925     0.100925  flashggDifferentialPhoIdInputsCorrection
TimeReport   0.000051     0.000079     0.000079  flashggElectronSystematics
TimeReport   0.000046     0.000072     0.000072  flashggGluGluHMVA
TimeReport   0.005723     0.008935     0.008935  flashggJetSystematics0
TimeReport   0.000887     0.001384     0.001384  flashggJetSystematics1
TimeReport   0.000706     0.001103     0.001103  flashggJetSystematics10
TimeReport   0.000705     0.001101     0.001101  flashggJetSystematics11
TimeReport   0.000774     0.001208     0.001208  flashggJetSystematics2
TimeReport   0.000746     0.001165     0.001165  flashggJetSystematics3
TimeReport   0.000729     0.001138     0.001138  flashggJetSystematics4
TimeReport   0.000722     0.001127     0.001127  flashggJetSystematics5
TimeReport   0.000716     0.001118     0.001118  flashggJetSystematics6
TimeReport   0.000714     0.001115     0.001115  flashggJetSystematics7
TimeReport   0.000710     0.001108     0.001108  flashggJetSystematics8
TimeReport   0.000706     0.001103     0.001103  flashggJetSystematics9
TimeReport   0.000030     0.000030     0.000030  flashggMetFilters
TimeReport   0.000212     0.000332     0.000332  flashggMetSystematics
TimeReport   0.000033     0.000052     0.000052  flashggMuonSystematics
TimeReport   0.000458     0.000715     0.000715  flashggPrefireDiPhotons
TimeReport   0.000124     0.000194     0.000194  flashggPreselectedDiPhotons
TimeReport   0.000032     0.000050     0.000050  flashggStageOneCombinedTag
TimeReport   0.000004     0.000007     0.000007  flashggSystTagMerger
TimeReport   0.000377     0.000588     0.000588  flashggTHQLeptonicTag
TimeReport   0.001575     0.002458     0.002458  flashggTTHHadronicTag
TimeReport   0.000243     0.000380     0.000380  flashggTTHLeptonicTag
TimeReport   0.000092     0.000143     0.000143  flashggTagSorter
TimeReport   0.000378     0.000591     0.000591  flashggUnpackedJets
TimeReport   0.000030     0.000047     0.000047  flashggVBFMVA
TimeReport   0.000133     0.000208     0.000208  flashggVHMetTag
TimeReport   0.000018     0.000028     0.000028  flashggVHhadMVA
TimeReport   0.000036     0.000056     0.000056  flashggWHLeptonicTag
TimeReport   0.000021     0.000033     0.000033  flashggZHLeptonicTag
TimeReport   0.000005     0.000005     0.000005  p
TimeReport   0.000298     0.000465     0.000465  tagsDumper
TimeReport  per event     per exec    per visit  Name

T---Report end!


=============================================

MessageLogger Summary

 type     category        sev    module        subroutine        count    total
 ---- -------------------- -- ---------------- ----------------  -----    -----
    1 XrdAdaptor           -w file_open                              1        1
    2 fileAction           -s file_close                             1        1
    3 fileAction           -s file_open                              2        2

 type    category    Examples: run/evt        run/evt          run/evt
 ---- -------------------- ---------------- ---------------- ----------------
    1 XrdAdaptor           pre-events                        
    2 fileAction           PostGlobalEndRun                  
    3 fileAction           pre-events       pre-events       

Severity    # Occurrences   Total Occurrences
--------    -------------   -----------------
Warning                 1                   1
System                  3                   3

dropped waiting message count 0
[2023-02-07 06:50:17.803120 +0100][Error  ][AsyncSock         ] [xrootd.ba.infn.it:1094 #0.0] Socket error while handshaking: [ERROR] Socket timeout
[2023-02-07 06:50:17.803338 +0100][Error  ][PostMaster        ] [xrootd.ba.infn.it:1094 #0] elapsed = 45, pConnectionWindow = 31 seconds.
[2023-02-07 06:51:03.082952 +0100][Error  ][AsyncSock         ] [xrootd.ba.infn.it:1094 #0.0] Socket error while handshaking: [ERROR] Socket timeout
[2023-02-07 06:51:03.083372 +0100][Error  ][PostMaster        ] [xrootd.ba.infn.it:1094 #0] elapsed = 46, pConnectionWindow = 31 seconds.
[2023-02-07 06:51:03.083425 +0100][Error  ][PostMaster        ] [xrootd.ba.infn.it:1094 #0] Unable to recover: [ERROR] Socket timeout.
[2023-02-07 06:51:03.083451 +0100][Error  ][XRootD            ] [xrootd.ba.infn.it:1094] Impossible to send message kXR_open (file: /store/user/alesauva/flashgg/UL2017_3/10_6_4/VHToGG_M125_TuneCP5_13TeV-amcatnloFXFX-madspin-pythia8/UL2017_3-10_6_4-v0-RunIISummer19UL17MiniAOD-106X_mc2017_realistic_v6-v1/200718_083214/0000/myMicroAODOutputFile_15.root?tried=stor95.datagrid.cea.fr, mode: 0660, flags: kXR_open_read kXR_async kXR_retstat ). Trying to recover.
