mkdir: cannot create directory '/afs/cern.ch/user/x/xisu/private/local/Analysis_workspace/VH_AC_tmp1/flashgg_d2/CMSSW_10_6_29/src/flashgg/VHAC_Analysis_Met/UL_17/UL17_wh125': File exists
/cvmfs/cms.cern.ch/slc7_amd64_gcc700/external/py2-requests/2.21.0-pafccj2/lib/python2.7/site-packages/requests/__init__.py:91: RequestsDependencyWarning: urllib3 (1.25.2) or chardet (3.0.4) doesn't match a supported version!
  RequestsDependencyWarning)
07-Feb-2023 05:24:40 CET  Initiating request to open file root://cms-xrd-global.cern.ch//store/user/alesauva/flashgg/UL2017_3/10_6_4/VHToGG_M125_TuneCP5_13TeV-amcatnloFXFX-madspin-pythia8/UL2017_3-10_6_4-v0-RunIISummer19UL17MiniAOD-106X_mc2017_realistic_v6-v1/200718_083214/0000/myMicroAODOutputFile_8.root
[2023-02-07 05:25:26.437640 +0100][Error  ][AsyncSock         ] [xrootd.ba.infn.it:1094 #0.0] Socket error while handshaking: [ERROR] Socket timeout
[2023-02-07 05:25:26.437871 +0100][Error  ][PostMaster        ] [xrootd.ba.infn.it:1094 #0] elapsed = 45, pConnectionWindow = 31 seconds.
[2023-02-07 05:26:11.688599 +0100][Error  ][AsyncSock         ] [xrootd.ba.infn.it:1094 #0.0] Socket error while handshaking: [ERROR] Socket timeout
[2023-02-07 05:26:11.688736 +0100][Error  ][PostMaster        ] [xrootd.ba.infn.it:1094 #0] elapsed = 45, pConnectionWindow = 31 seconds.
[2023-02-07 05:26:11.688782 +0100][Error  ][PostMaster        ] [xrootd.ba.infn.it:1094 #0] Unable to recover: [ERROR] Socket timeout.
[2023-02-07 05:26:11.688804 +0100][Error  ][XRootD            ] [xrootd.ba.infn.it:1094] Impossible to send message kXR_open (file: /store/user/alesauva/flashgg/UL2017_3/10_6_4/VHToGG_M125_TuneCP5_13TeV-amcatnloFXFX-madspin-pythia8/UL2017_3-10_6_4-v0-RunIISummer19UL17MiniAOD-106X_mc2017_realistic_v6-v1/200718_083214/0000/myMicroAODOutputFile_8.root, mode: 0660, flags: kXR_open_read kXR_async kXR_retstat ). Trying to recover.
%MSG-w XrdAdaptor:  file_open 07-Feb-2023 05:26:13 CET pre-events
Data is served from GRIF-IRFU instead of original site CERN-CMSGLOBAL-02
%MSG
07-Feb-2023 05:26:16 CET  Successfully opened file root://cms-xrd-global.cern.ch//store/user/alesauva/flashgg/UL2017_3/10_6_4/VHToGG_M125_TuneCP5_13TeV-amcatnloFXFX-madspin-pythia8/UL2017_3-10_6_4-v0-RunIISummer19UL17MiniAOD-106X_mc2017_realistic_v6-v1/200718_083214/0000/myMicroAODOutputFile_8.root
2023-02-07 05:43:11.653286: I tensorflow/core/platform/cpu_feature_guard.cc:140] Your CPU supports instructions that this TensorFlow binary was not compiled to use: SSE4.1 SSE4.2 AVX AVX2 FMA
Begin processing the 1st record. Run 1, Event 64040, LumiSection 238 on stream 0 at 07-Feb-2023 05:44:47.452 CET
[2023-02-07 05:45:31.957151 +0100][Error  ][AsyncSock         ] [xrootd.ba.infn.it:1094 #0.0] Socket error while handshaking: [ERROR] Socket timeout
[2023-02-07 05:45:31.957327 +0100][Error  ][PostMaster        ] [xrootd.ba.infn.it:1094 #0] elapsed = 45, pConnectionWindow = 31 seconds.
[2023-02-07 05:46:16.215642 +0100][Error  ][AsyncSock         ] [xrootd.ba.infn.it:1094 #0.0] Socket error while handshaking: [ERROR] Socket timeout
[2023-02-07 05:46:16.215789 +0100][Error  ][PostMaster        ] [xrootd.ba.infn.it:1094 #0] elapsed = 45, pConnectionWindow = 31 seconds.
[2023-02-07 05:46:16.215809 +0100][Error  ][PostMaster        ] [xrootd.ba.infn.it:1094 #0] Unable to recover: [ERROR] Socket timeout.
[2023-02-07 05:46:16.215835 +0100][Error  ][XRootD            ] [xrootd.ba.infn.it:1094] Impossible to send message kXR_open (file: /store/user/alesauva/flashgg/UL2017_3/10_6_4/VHToGG_M125_TuneCP5_13TeV-amcatnloFXFX-madspin-pythia8/UL2017_3-10_6_4-v0-RunIISummer19UL17MiniAOD-106X_mc2017_realistic_v6-v1/200718_083214/0000/myMicroAODOutputFile_8.root?tried=stor78.datagrid.cea.fr, mode: 0660, flags: kXR_open_read kXR_async kXR_retstat ). Trying to recover.
Begin processing the 1001st record. Run 1, Event 82456, LumiSection 306 on stream 0 at 07-Feb-2023 05:51:28.885 CET
Begin processing the 2001st record. Run 1, Event 86334, LumiSection 320 on stream 0 at 07-Feb-2023 05:53:33.761 CET
Begin processing the 3001st record. Run 1, Event 121665, LumiSection 451 on stream 0 at 07-Feb-2023 05:55:46.192 CET
[2023-02-07 05:56:17.397629 +0100][Error  ][AsyncSock         ] [xrootd.ba.infn.it:1094 #0.0] Socket error while handshaking: [ERROR] Socket timeout
[2023-02-07 05:56:17.397838 +0100][Error  ][PostMaster        ] [xrootd.ba.infn.it:1094 #0] elapsed = 45, pConnectionWindow = 31 seconds.
[2023-02-07 05:57:02.664614 +0100][Error  ][AsyncSock         ] [xrootd.ba.infn.it:1094 #0.0] Socket error while handshaking: [ERROR] Socket timeout
[2023-02-07 05:57:02.664774 +0100][Error  ][PostMaster        ] [xrootd.ba.infn.it:1094 #0] elapsed = 45, pConnectionWindow = 31 seconds.
[2023-02-07 05:57:02.664803 +0100][Error  ][PostMaster        ] [xrootd.ba.infn.it:1094 #0] Unable to recover: [ERROR] Socket timeout.
[2023-02-07 05:57:02.664817 +0100][Error  ][XRootD            ] [xrootd.ba.infn.it:1094] Impossible to send message kXR_open (file: /store/user/alesauva/flashgg/UL2017_3/10_6_4/VHToGG_M125_TuneCP5_13TeV-amcatnloFXFX-madspin-pythia8/UL2017_3-10_6_4-v0-RunIISummer19UL17MiniAOD-106X_mc2017_realistic_v6-v1/200718_083214/0000/myMicroAODOutputFile_8.root?tried=stor78.datagrid.cea.fr, mode: 0660, flags: kXR_open_read kXR_async kXR_retstat ). Trying to recover.
Begin processing the 4001st record. Run 1, Event 606105, LumiSection 2245 on stream 0 at 07-Feb-2023 05:57:59.962 CET
Begin processing the 5001st record. Run 1, Event 609267, LumiSection 2257 on stream 0 at 07-Feb-2023 06:00:17.075 CET
Begin processing the 6001st record. Run 1, Event 612130, LumiSection 2268 on stream 0 at 07-Feb-2023 06:02:29.927 CET
Begin processing the 7001st record. Run 1, Event 614924, LumiSection 2278 on stream 0 at 07-Feb-2023 06:04:44.173 CET
[2023-02-07 06:04:50.492666 +0100][Error  ][AsyncSock         ] [xrootd.ba.infn.it:1094 #0.0] Socket error while handshaking: [ERROR] Socket timeout
[2023-02-07 06:04:50.492844 +0100][Error  ][PostMaster        ] [xrootd.ba.infn.it:1094 #0] elapsed = 45, pConnectionWindow = 31 seconds.
[2023-02-07 06:05:35.750695 +0100][Error  ][AsyncSock         ] [xrootd.ba.infn.it:1094 #0.0] Socket error while handshaking: [ERROR] Socket timeout
[2023-02-07 06:05:35.750967 +0100][Error  ][PostMaster        ] [xrootd.ba.infn.it:1094 #0] elapsed = 45, pConnectionWindow = 31 seconds.
[2023-02-07 06:05:35.751006 +0100][Error  ][PostMaster        ] [xrootd.ba.infn.it:1094 #0] Unable to recover: [ERROR] Socket timeout.
[2023-02-07 06:05:35.751022 +0100][Error  ][XRootD            ] [xrootd.ba.infn.it:1094] Impossible to send message kXR_open (file: /store/user/alesauva/flashgg/UL2017_3/10_6_4/VHToGG_M125_TuneCP5_13TeV-amcatnloFXFX-madspin-pythia8/UL2017_3-10_6_4-v0-RunIISummer19UL17MiniAOD-106X_mc2017_realistic_v6-v1/200718_083214/0000/myMicroAODOutputFile_8.root?tried=stor78.datagrid.cea.fr, mode: 0660, flags: kXR_open_read kXR_async kXR_retstat ). Trying to recover.
Begin processing the 8001st record. Run 1, Event 618758, LumiSection 2292 on stream 0 at 07-Feb-2023 06:06:55.580 CET
Begin processing the 9001st record. Run 1, Event 142460, LumiSection 528 on stream 0 at 07-Feb-2023 06:09:14.043 CET
Begin processing the 10001st record. Run 1, Event 145354, LumiSection 539 on stream 0 at 07-Feb-2023 06:11:28.227 CET
[2023-02-07 06:13:20.069614 +0100][Error  ][AsyncSock         ] [xrootd.ba.infn.it:1094 #0.0] Socket error while handshaking: [ERROR] Socket timeout
[2023-02-07 06:13:20.069771 +0100][Error  ][PostMaster        ] [xrootd.ba.infn.it:1094 #0] elapsed = 45, pConnectionWindow = 31 seconds.
Begin processing the 11001st record. Run 1, Event 148889, LumiSection 552 on stream 0 at 07-Feb-2023 06:13:39.277 CET
[2023-02-07 06:14:05.323621 +0100][Error  ][AsyncSock         ] [xrootd.ba.infn.it:1094 #0.0] Socket error while handshaking: [ERROR] Socket timeout
[2023-02-07 06:14:05.323776 +0100][Error  ][PostMaster        ] [xrootd.ba.infn.it:1094 #0] elapsed = 45, pConnectionWindow = 31 seconds.
[2023-02-07 06:14:05.323802 +0100][Error  ][PostMaster        ] [xrootd.ba.infn.it:1094 #0] Unable to recover: [ERROR] Socket timeout.
[2023-02-07 06:14:05.323818 +0100][Error  ][XRootD            ] [xrootd.ba.infn.it:1094] Impossible to send message kXR_open (file: /store/user/alesauva/flashgg/UL2017_3/10_6_4/VHToGG_M125_TuneCP5_13TeV-amcatnloFXFX-madspin-pythia8/UL2017_3-10_6_4-v0-RunIISummer19UL17MiniAOD-106X_mc2017_realistic_v6-v1/200718_083214/0000/myMicroAODOutputFile_8.root?tried=stor78.datagrid.cea.fr, mode: 0660, flags: kXR_open_read kXR_async kXR_retstat ). Trying to recover.
Begin processing the 12001st record. Run 1, Event 582004, LumiSection 2156 on stream 0 at 07-Feb-2023 06:15:54.372 CET
Begin processing the 13001st record. Run 1, Event 222236, LumiSection 824 on stream 0 at 07-Feb-2023 06:18:07.631 CET
Begin processing the 14001st record. Run 1, Event 693540, LumiSection 2569 on stream 0 at 07-Feb-2023 06:20:12.123 CET
[2023-02-07 06:21:42.300646 +0100][Error  ][AsyncSock         ] [xrootd.ba.infn.it:1094 #0.0] Socket error while handshaking: [ERROR] Socket timeout
[2023-02-07 06:21:42.300803 +0100][Error  ][PostMaster        ] [xrootd.ba.infn.it:1094 #0] elapsed = 45, pConnectionWindow = 31 seconds.
Begin processing the 15001st record. Run 1, Event 601808, LumiSection 2229 on stream 0 at 07-Feb-2023 06:22:20.465 CET
[2023-02-07 06:22:27.541646 +0100][Error  ][AsyncSock         ] [xrootd.ba.infn.it:1094 #0.0] Socket error while handshaking: [ERROR] Socket timeout
[2023-02-07 06:22:27.541792 +0100][Error  ][PostMaster        ] [xrootd.ba.infn.it:1094 #0] elapsed = 45, pConnectionWindow = 31 seconds.
[2023-02-07 06:22:27.541819 +0100][Error  ][PostMaster        ] [xrootd.ba.infn.it:1094 #0] Unable to recover: [ERROR] Socket timeout.
[2023-02-07 06:22:27.541833 +0100][Error  ][XRootD            ] [xrootd.ba.infn.it:1094] Impossible to send message kXR_open (file: /store/user/alesauva/flashgg/UL2017_3/10_6_4/VHToGG_M125_TuneCP5_13TeV-amcatnloFXFX-madspin-pythia8/UL2017_3-10_6_4-v0-RunIISummer19UL17MiniAOD-106X_mc2017_realistic_v6-v1/200718_083214/0000/myMicroAODOutputFile_8.root?tried=stor78.datagrid.cea.fr, mode: 0660, flags: kXR_open_read kXR_async kXR_retstat ). Trying to recover.
Begin processing the 16001st record. Run 1, Event 605239, LumiSection 2242 on stream 0 at 07-Feb-2023 06:24:32.058 CET
Begin processing the 17001st record. Run 1, Event 1240289, LumiSection 4594 on stream 0 at 07-Feb-2023 06:26:36.312 CET
Begin processing the 18001st record. Run 1, Event 638880, LumiSection 2367 on stream 0 at 07-Feb-2023 06:28:37.232 CET
Begin processing the 19001st record. Run 1, Event 661515, LumiSection 2451 on stream 0 at 07-Feb-2023 06:30:54.208 CET
[2023-02-07 06:32:01.985604 +0100][Error  ][AsyncSock         ] [xrootd.ba.infn.it:1094 #0.0] Socket error while handshaking: [ERROR] Socket timeout
[2023-02-07 06:32:01.985736 +0100][Error  ][PostMaster        ] [xrootd.ba.infn.it:1094 #0] elapsed = 45, pConnectionWindow = 31 seconds.
[2023-02-07 06:32:47.255598 +0100][Error  ][AsyncSock         ] [xrootd.ba.infn.it:1094 #0.0] Socket error while handshaking: [ERROR] Socket timeout
[2023-02-07 06:32:47.255741 +0100][Error  ][PostMaster        ] [xrootd.ba.infn.it:1094 #0] elapsed = 46, pConnectionWindow = 31 seconds.
[2023-02-07 06:32:47.255769 +0100][Error  ][PostMaster        ] [xrootd.ba.infn.it:1094 #0] Unable to recover: [ERROR] Socket timeout.
[2023-02-07 06:32:47.255789 +0100][Error  ][XRootD            ] [xrootd.ba.infn.it:1094] Impossible to send message kXR_open (file: /store/user/alesauva/flashgg/UL2017_3/10_6_4/VHToGG_M125_TuneCP5_13TeV-amcatnloFXFX-madspin-pythia8/UL2017_3-10_6_4-v0-RunIISummer19UL17MiniAOD-106X_mc2017_realistic_v6-v1/200718_083214/0000/myMicroAODOutputFile_8.root?tried=stor78.datagrid.cea.fr, mode: 0660, flags: kXR_open_read kXR_async kXR_retstat ). Trying to recover.
Begin processing the 20001st record. Run 1, Event 664354, LumiSection 2461 on stream 0 at 07-Feb-2023 06:33:20.995 CET
Begin processing the 21001st record. Run 1, Event 667290, LumiSection 2472 on stream 0 at 07-Feb-2023 06:35:32.641 CET
[2023-02-07 06:36:34.109450 +0100][Error  ][AsyncSock         ] [xrootd.ba.infn.it:1094 #0.0] Socket error while handshaking: [ERROR] Socket timeout
[2023-02-07 06:36:34.109592 +0100][Error  ][PostMaster        ] [xrootd.ba.infn.it:1094 #0] elapsed = 45, pConnectionWindow = 31 seconds.
[2023-02-07 06:37:19.363710 +0100][Error  ][AsyncSock         ] [xrootd.ba.infn.it:1094 #0.0] Socket error while handshaking: [ERROR] Socket timeout
[2023-02-07 06:37:19.363902 +0100][Error  ][PostMaster        ] [xrootd.ba.infn.it:1094 #0] elapsed = 45, pConnectionWindow = 31 seconds.
[2023-02-07 06:37:19.363934 +0100][Error  ][PostMaster        ] [xrootd.ba.infn.it:1094 #0] Unable to recover: [ERROR] Socket timeout.
[2023-02-07 06:37:19.363949 +0100][Error  ][XRootD            ] [xrootd.ba.infn.it:1094] Impossible to send message kXR_open (file: /store/user/alesauva/flashgg/UL2017_3/10_6_4/VHToGG_M125_TuneCP5_13TeV-amcatnloFXFX-madspin-pythia8/UL2017_3-10_6_4-v0-RunIISummer19UL17MiniAOD-106X_mc2017_realistic_v6-v1/200718_083214/0000/myMicroAODOutputFile_8.root?tried=stor78.datagrid.cea.fr, mode: 0460, flags: kXR_open_read kXR_async kXR_retstat ). Trying to recover.
Begin processing the 22001st record. Run 1, Event 682022, LumiSection 2527 on stream 0 at 07-Feb-2023 06:37:35.293 CET
Begin processing the 23001st record. Run 1, Event 1176150, LumiSection 4357 on stream 0 at 07-Feb-2023 06:39:40.465 CET
Begin processing the 24001st record. Run 1, Event 1219377, LumiSection 4517 on stream 0 at 07-Feb-2023 06:41:46.781 CET
[2023-02-07 06:42:26.814602 +0100][Error  ][AsyncSock         ] [xrootd.ba.infn.it:1094 #0.0] Socket error while handshaking: [ERROR] Socket timeout
[2023-02-07 06:42:26.814742 +0100][Error  ][PostMaster        ] [xrootd.ba.infn.it:1094 #0] elapsed = 45, pConnectionWindow = 31 seconds.
[2023-02-07 06:43:11.061615 +0100][Error  ][AsyncSock         ] [xrootd.ba.infn.it:1094 #0.0] Socket error while handshaking: [ERROR] Socket timeout
[2023-02-07 06:43:11.061770 +0100][Error  ][PostMaster        ] [xrootd.ba.infn.it:1094 #0] elapsed = 45, pConnectionWindow = 31 seconds.
[2023-02-07 06:43:11.061803 +0100][Error  ][PostMaster        ] [xrootd.ba.infn.it:1094 #0] Unable to recover: [ERROR] Socket timeout.
[2023-02-07 06:43:11.061824 +0100][Error  ][XRootD            ] [xrootd.ba.infn.it:1094] Impossible to send message kXR_open (file: /store/user/alesauva/flashgg/UL2017_3/10_6_4/VHToGG_M125_TuneCP5_13TeV-amcatnloFXFX-madspin-pythia8/UL2017_3-10_6_4-v0-RunIISummer19UL17MiniAOD-106X_mc2017_realistic_v6-v1/200718_083214/0000/myMicroAODOutputFile_8.root?tried=stor78.datagrid.cea.fr, mode: 0660, flags: kXR_open_read kXR_async kXR_retstat ). Trying to recover.
07-Feb-2023 06:43:19 CET  Closed file root://cms-xrd-global.cern.ch//store/user/alesauva/flashgg/UL2017_3/10_6_4/VHToGG_M125_TuneCP5_13TeV-amcatnloFXFX-madspin-pythia8/UL2017_3-10_6_4-v0-RunIISummer19UL17MiniAOD-106X_mc2017_realistic_v6-v1/200718_083214/0000/myMicroAODOutputFile_8.root

TrigReport ---------- Event  Summary ------------
TrigReport Events total = 24720 passed = 15892 failed = 8828

TrigReport ---------- Path   Summary ------------
TrigReport  Trig Bit#   Executed     Passed     Failed      Error Name
TrigReport     1    0      24720      15892       8828          0 p

TrigReport -------End-Path   Summary ------------
TrigReport  Trig Bit#   Executed     Passed     Failed      Error Name

TrigReport ---------- Modules in Path: p ------------
TrigReport  Trig Bit#    Visited     Passed     Failed      Error Name
TrigReport     1    0      24720      24597        123          0 flashggMetFilters
TrigReport     1    1      24597      15892       8705          0 VHFilter
TrigReport     1    2      15892      15892          0          0 flashggDifferentialPhoIdInputsCorrection
TrigReport     1    3      15892      15892          0          0 flashggDiPhotonSystematics
TrigReport     1    4      15892      15892          0          0 flashggMetSystematics
TrigReport     1    5      15892      15892          0          0 flashggMuonSystematics
TrigReport     1    6      15892      15892          0          0 flashggElectronSystematics
TrigReport     1    7      15892      15892          0          0 flashggUnpackedJets
TrigReport     1    8      15892      15892          0          0 flashggJetSystematics0
TrigReport     1    9      15892      15892          0          0 flashggJetSystematics1
TrigReport     1   10      15892      15892          0          0 flashggJetSystematics2
TrigReport     1   11      15892      15892          0          0 flashggJetSystematics3
TrigReport     1   12      15892      15892          0          0 flashggJetSystematics4
TrigReport     1   13      15892      15892          0          0 flashggJetSystematics5
TrigReport     1   14      15892      15892          0          0 flashggJetSystematics6
TrigReport     1   15      15892      15892          0          0 flashggJetSystematics7
TrigReport     1   16      15892      15892          0          0 flashggJetSystematics8
TrigReport     1   17      15892      15892          0          0 flashggJetSystematics9
TrigReport     1   18      15892      15892          0          0 flashggJetSystematics10
TrigReport     1   19      15892      15892          0          0 flashggJetSystematics11
TrigReport     1   20      15892      15892          0          0 flashggPrefireDiPhotons
TrigReport     1   21      15892      15892          0          0 flashggPreselectedDiPhotons
TrigReport     1   22      15892      15892          0          0 flashggDiPhotonMVA
TrigReport     1   23      15892      15892          0          0 flashggVBFMVA
TrigReport     1   24      15892      15892          0          0 flashggVHhadMVA
TrigReport     1   25      15892      15892          0          0 flashggGluGluHMVA
TrigReport     1   26      15892      15892          0          0 flashggStageOneCombinedTag
TrigReport     1   27      15892      15892          0          0 flashggTHQLeptonicTag
TrigReport     1   28      15892      15892          0          0 flashggVHMetTag
TrigReport     1   29      15892      15892          0          0 flashggWHLeptonicTag
TrigReport     1   30      15892      15892          0          0 flashggZHLeptonicTag
TrigReport     1   31      15892      15892          0          0 flashggTTHLeptonicTag
TrigReport     1   32      15892      15892          0          0 flashggTTHHadronicTag
TrigReport     1   33      15892      15892          0          0 flashggTagSorter
TrigReport     1   34      15892      15892          0          0 flashggSystTagMerger
TrigReport     1   35      15892      15892          0          0 tagsDumper

TrigReport ---------- Module Summary ------------
TrigReport    Visited   Executed     Passed     Failed      Error Name
TrigReport      24720      24720      24720          0          0 TriggerResults
TrigReport      24597      24597      15892       8705          0 VHFilter
TrigReport      15892      15892      15892          0          0 ak4PFCHSL1FastL2L3Corrector
TrigReport      15892      15892      15892          0          0 ak4PFCHSL1FastjetCorrector
TrigReport      15892      15892      15892          0          0 ak4PFCHSL2RelativeCorrector
TrigReport      15892      15892      15892          0          0 ak4PFCHSL3AbsoluteCorrector
TrigReport      15892      15892      15892          0          0 flashggDiPhotonMVA
TrigReport      15892      15892      15892          0          0 flashggDiPhotonSystematics
TrigReport      15892      15892      15892          0          0 flashggDifferentialPhoIdInputsCorrection
TrigReport      15892      15892      15892          0          0 flashggElectronSystematics
TrigReport      15892      15892      15892          0          0 flashggGluGluHMVA
TrigReport      15892      15892      15892          0          0 flashggJetSystematics0
TrigReport      15892      15892      15892          0          0 flashggJetSystematics1
TrigReport      15892      15892      15892          0          0 flashggJetSystematics10
TrigReport      15892      15892      15892          0          0 flashggJetSystematics11
TrigReport      15892      15892      15892          0          0 flashggJetSystematics2
TrigReport      15892      15892      15892          0          0 flashggJetSystematics3
TrigReport      15892      15892      15892          0          0 flashggJetSystematics4
TrigReport      15892      15892      15892          0          0 flashggJetSystematics5
TrigReport      15892      15892      15892          0          0 flashggJetSystematics6
TrigReport      15892      15892      15892          0          0 flashggJetSystematics7
TrigReport      15892      15892      15892          0          0 flashggJetSystematics8
TrigReport      15892      15892      15892          0          0 flashggJetSystematics9
TrigReport      24720      24720      24597        123          0 flashggMetFilters
TrigReport      15892      15892      15892          0          0 flashggMetSystematics
TrigReport      15892      15892      15892          0          0 flashggMuonSystematics
TrigReport      15892      15892      15892          0          0 flashggPrefireDiPhotons
TrigReport      15892      15892      15892          0          0 flashggPreselectedDiPhotons
TrigReport      15892      15892      15892          0          0 flashggStageOneCombinedTag
TrigReport      15892      15892      15892          0          0 flashggSystTagMerger
TrigReport      15892      15892      15892          0          0 flashggTHQLeptonicTag
TrigReport      15892      15892      15892          0          0 flashggTTHHadronicTag
TrigReport      15892      15892      15892          0          0 flashggTTHLeptonicTag
TrigReport      15892      15892      15892          0          0 flashggTagSorter
TrigReport      15892      15892      15892          0          0 flashggUnpackedJets
TrigReport      15892      15892      15892          0          0 flashggVBFMVA
TrigReport      15892      15892      15892          0          0 flashggVHMetTag
TrigReport      15892      15892      15892          0          0 flashggVHhadMVA
TrigReport      15892      15892      15892          0          0 flashggWHLeptonicTag
TrigReport      15892      15892      15892          0          0 flashggZHLeptonicTag
TrigReport      24720      24720      24720          0          0 p
TrigReport      15892      15892      15892          0          0 tagsDumper

TimeReport ---------- Event  Summary ---[sec]----
TimeReport       event loop CPU/event = 0.140320
TimeReport      event loop Real/event = 0.142095
TimeReport     sum Streams Real/event = 0.137070
TimeReport efficiency CPU/Real/thread = 0.987510

TimeReport ---------- Path   Summary ---[Real sec]----
TimeReport  per event     per exec  Name
TimeReport   0.136511     0.136511  p
TimeReport  per event     per exec  Name

TimeReport -------End-Path   Summary ---[Real sec]----
TimeReport  per event     per exec  Name
TimeReport  per event     per exec  Name

TimeReport ---------- Modules in Path: p ---[Real sec]----
TimeReport  per event    per visit  Name
TimeReport   0.000025     0.000025  flashggMetFilters
TimeReport   0.000010     0.000010  VHFilter
TimeReport   0.058645     0.091223  flashggDifferentialPhoIdInputsCorrection
TimeReport   0.058144     0.090443  flashggDiPhotonSystematics
TimeReport   0.000197     0.000307  flashggMetSystematics
TimeReport   0.000029     0.000045  flashggMuonSystematics
TimeReport   0.000046     0.000071  flashggElectronSystematics
TimeReport   0.000332     0.000516  flashggUnpackedJets
TimeReport   0.005453     0.008482  flashggJetSystematics0
TimeReport   0.000847     0.001317  flashggJetSystematics1
TimeReport   0.000725     0.001129  flashggJetSystematics2
TimeReport   0.000704     0.001095  flashggJetSystematics3
TimeReport   0.000690     0.001073  flashggJetSystematics4
TimeReport   0.000684     0.001064  flashggJetSystematics5
TimeReport   0.000680     0.001057  flashggJetSystematics6
TimeReport   0.000676     0.001052  flashggJetSystematics7
TimeReport   0.000671     0.001044  flashggJetSystematics8
TimeReport   0.000676     0.001051  flashggJetSystematics9
TimeReport   0.000669     0.001041  flashggJetSystematics10
TimeReport   0.000670     0.001042  flashggJetSystematics11
TimeReport   0.000445     0.000692  flashggPrefireDiPhotons
TimeReport   0.000114     0.000177  flashggPreselectedDiPhotons
TimeReport   0.000023     0.000036  flashggDiPhotonMVA
TimeReport   0.000027     0.000042  flashggVBFMVA
TimeReport   0.000017     0.000027  flashggVHhadMVA
TimeReport   0.000045     0.000071  flashggGluGluHMVA
TimeReport   0.000030     0.000047  flashggStageOneCombinedTag
TimeReport   0.000344     0.000534  flashggTHQLeptonicTag
TimeReport   0.000123     0.000192  flashggVHMetTag
TimeReport   0.000033     0.000051  flashggWHLeptonicTag
TimeReport   0.000020     0.000032  flashggZHLeptonicTag
TimeReport   0.000233     0.000363  flashggTTHLeptonicTag
TimeReport   0.001442     0.002243  flashggTTHHadronicTag
TimeReport   0.000086     0.000133  flashggTagSorter
TimeReport   0.000004     0.000006  flashggSystTagMerger
TimeReport   0.000284     0.000442  tagsDumper
TimeReport  per event    per visit  Name

TimeReport ---------- Module Summary ---[Real sec]----
TimeReport  per event     per exec    per visit  Name
TimeReport   0.000004     0.000004     0.000004  TriggerResults
TimeReport   0.000010     0.000010     0.000010  VHFilter
TimeReport   0.000003     0.000005     0.000005  ak4PFCHSL1FastL2L3Corrector
TimeReport   0.000004     0.000006     0.000006  ak4PFCHSL1FastjetCorrector
TimeReport   0.000002     0.000003     0.000003  ak4PFCHSL2RelativeCorrector
TimeReport   0.000009     0.000014     0.000014  ak4PFCHSL3AbsoluteCorrector
TimeReport   0.000023     0.000036     0.000036  flashggDiPhotonMVA
TimeReport   0.058144     0.090443     0.090443  flashggDiPhotonSystematics
TimeReport   0.058645     0.091223     0.091223  flashggDifferentialPhoIdInputsCorrection
TimeReport   0.000046     0.000071     0.000071  flashggElectronSystematics
TimeReport   0.000045     0.000071     0.000071  flashggGluGluHMVA
TimeReport   0.005453     0.008482     0.008482  flashggJetSystematics0
TimeReport   0.000847     0.001317     0.001317  flashggJetSystematics1
TimeReport   0.000669     0.001041     0.001041  flashggJetSystematics10
TimeReport   0.000670     0.001042     0.001042  flashggJetSystematics11
TimeReport   0.000725     0.001129     0.001129  flashggJetSystematics2
TimeReport   0.000704     0.001095     0.001095  flashggJetSystematics3
TimeReport   0.000690     0.001073     0.001073  flashggJetSystematics4
TimeReport   0.000684     0.001064     0.001064  flashggJetSystematics5
TimeReport   0.000680     0.001057     0.001057  flashggJetSystematics6
TimeReport   0.000676     0.001052     0.001052  flashggJetSystematics7
TimeReport   0.000671     0.001044     0.001044  flashggJetSystematics8
TimeReport   0.000676     0.001051     0.001051  flashggJetSystematics9
TimeReport   0.000025     0.000025     0.000025  flashggMetFilters
TimeReport   0.000197     0.000307     0.000307  flashggMetSystematics
TimeReport   0.000029     0.000045     0.000045  flashggMuonSystematics
TimeReport   0.000445     0.000692     0.000692  flashggPrefireDiPhotons
TimeReport   0.000114     0.000177     0.000177  flashggPreselectedDiPhotons
TimeReport   0.000030     0.000047     0.000047  flashggStageOneCombinedTag
TimeReport   0.000004     0.000006     0.000006  flashggSystTagMerger
TimeReport   0.000344     0.000534     0.000534  flashggTHQLeptonicTag
TimeReport   0.001442     0.002243     0.002243  flashggTTHHadronicTag
TimeReport   0.000233     0.000363     0.000363  flashggTTHLeptonicTag
TimeReport   0.000086     0.000133     0.000133  flashggTagSorter
TimeReport   0.000332     0.000516     0.000516  flashggUnpackedJets
TimeReport   0.000027     0.000042     0.000042  flashggVBFMVA
TimeReport   0.000123     0.000192     0.000192  flashggVHMetTag
TimeReport   0.000017     0.000027     0.000027  flashggVHhadMVA
TimeReport   0.000033     0.000051     0.000051  flashggWHLeptonicTag
TimeReport   0.000020     0.000032     0.000032  flashggZHLeptonicTag
TimeReport   0.000004     0.000004     0.000004  p
TimeReport   0.000284     0.000442     0.000442  tagsDumper
TimeReport  per event     per exec    per visit  Name

T---Report end!


=============================================

MessageLogger Summary

 type     category        sev    module        subroutine        count    total
 ---- -------------------- -- ---------------- ----------------  -----    -----
    1 XrdAdaptor           -w file_open                              1        1
    2 fileAction           -s file_close                             1        1
    3 fileAction           -s file_open                              2        2

 type    category    Examples: run/evt        run/evt          run/evt
 ---- -------------------- ---------------- ---------------- ----------------
    1 XrdAdaptor           pre-events                        
    2 fileAction           PostGlobalEndRun                  
    3 fileAction           pre-events       pre-events       

Severity    # Occurrences   Total Occurrences
--------    -------------   -----------------
Warning                 1                   1
System                  3                   3

dropped waiting message count 0
