mkdir: cannot create directory '/afs/cern.ch/user/x/xisu/private/local/Analysis_workspace/VH_AC_tmp1/flashgg_d2/CMSSW_10_6_29/src/flashgg/VHAC_Analysis_Met/UL_17/UL17_wh125': File exists
/cvmfs/cms.cern.ch/slc7_amd64_gcc700/external/py2-requests/2.21.0-pafccj2/lib/python2.7/site-packages/requests/__init__.py:91: RequestsDependencyWarning: urllib3 (1.25.2) or chardet (3.0.4) doesn't match a supported version!
  RequestsDependencyWarning)
07-Feb-2023 05:23:42 CET  Initiating request to open file root://cms-xrd-global.cern.ch//store/user/alesauva/flashgg/UL2017_3/10_6_4/VHToGG_M125_TuneCP5_13TeV-amcatnloFXFX-madspin-pythia8/UL2017_3-10_6_4-v0-RunIISummer19UL17MiniAOD-106X_mc2017_realistic_v6-v1/200722_091630/0000/myMicroAODOutputFile_9.root
[2023-02-07 05:24:28.627943 +0100][Error  ][AsyncSock         ] [xrootd.ba.infn.it:1094 #0.0] Socket error while handshaking: [ERROR] Socket timeout
[2023-02-07 05:24:28.628199 +0100][Error  ][PostMaster        ] [xrootd.ba.infn.it:1094 #0] elapsed = 45, pConnectionWindow = 31 seconds.
[2023-02-07 05:25:13.880886 +0100][Error  ][AsyncSock         ] [xrootd.ba.infn.it:1094 #0.0] Socket error while handshaking: [ERROR] Socket timeout
[2023-02-07 05:25:13.881029 +0100][Error  ][PostMaster        ] [xrootd.ba.infn.it:1094 #0] elapsed = 45, pConnectionWindow = 31 seconds.
[2023-02-07 05:25:13.881074 +0100][Error  ][PostMaster        ] [xrootd.ba.infn.it:1094 #0] Unable to recover: [ERROR] Socket timeout.
[2023-02-07 05:25:13.881097 +0100][Error  ][XRootD            ] [xrootd.ba.infn.it:1094] Impossible to send message kXR_open (file: /store/user/alesauva/flashgg/UL2017_3/10_6_4/VHToGG_M125_TuneCP5_13TeV-amcatnloFXFX-madspin-pythia8/UL2017_3-10_6_4-v0-RunIISummer19UL17MiniAOD-106X_mc2017_realistic_v6-v1/200722_091630/0000/myMicroAODOutputFile_9.root, mode: 0660, flags: kXR_open_read kXR_async kXR_retstat ). Trying to recover.
%MSG-w XrdAdaptor:  file_open 07-Feb-2023 05:25:19 CET pre-events
Data is served from GRIF-IRFU instead of original site CERN-CMSGLOBAL-02
%MSG
07-Feb-2023 05:25:21 CET  Successfully opened file root://cms-xrd-global.cern.ch//store/user/alesauva/flashgg/UL2017_3/10_6_4/VHToGG_M125_TuneCP5_13TeV-amcatnloFXFX-madspin-pythia8/UL2017_3-10_6_4-v0-RunIISummer19UL17MiniAOD-106X_mc2017_realistic_v6-v1/200722_091630/0000/myMicroAODOutputFile_9.root
2023-02-07 05:43:38.325630: I tensorflow/core/platform/cpu_feature_guard.cc:140] Your CPU supports instructions that this TensorFlow binary was not compiled to use: SSE4.1 SSE4.2 AVX AVX2 FMA
Begin processing the 1st record. Run 1, Event 62925, LumiSection 234 on stream 0 at 07-Feb-2023 05:45:13.325 CET
[2023-02-07 05:45:57.549925 +0100][Error  ][AsyncSock         ] [xrootd.ba.infn.it:1094 #0.0] Socket error while handshaking: [ERROR] Socket timeout
[2023-02-07 05:45:57.550136 +0100][Error  ][PostMaster        ] [xrootd.ba.infn.it:1094 #0] elapsed = 45, pConnectionWindow = 31 seconds.
[2023-02-07 05:46:42.816902 +0100][Error  ][AsyncSock         ] [xrootd.ba.infn.it:1094 #0.0] Socket error while handshaking: [ERROR] Socket timeout
[2023-02-07 05:46:42.817074 +0100][Error  ][PostMaster        ] [xrootd.ba.infn.it:1094 #0] elapsed = 45, pConnectionWindow = 31 seconds.
[2023-02-07 05:46:42.817107 +0100][Error  ][PostMaster        ] [xrootd.ba.infn.it:1094 #0] Unable to recover: [ERROR] Socket timeout.
[2023-02-07 05:46:42.817145 +0100][Error  ][XRootD            ] [xrootd.ba.infn.it:1094] Impossible to send message kXR_open (file: /store/user/alesauva/flashgg/UL2017_3/10_6_4/VHToGG_M125_TuneCP5_13TeV-amcatnloFXFX-madspin-pythia8/UL2017_3-10_6_4-v0-RunIISummer19UL17MiniAOD-106X_mc2017_realistic_v6-v1/200722_091630/0000/myMicroAODOutputFile_9.root?tried=stor75.datagrid.cea.fr, mode: 0660, flags: kXR_open_read kXR_async kXR_retstat ). Trying to recover.
Begin processing the 1001st record. Run 1, Event 209678, LumiSection 777 on stream 0 at 07-Feb-2023 05:52:03.301 CET
Begin processing the 2001st record. Run 1, Event 279006, LumiSection 1034 on stream 0 at 07-Feb-2023 05:54:32.364 CET
[2023-02-07 05:55:07.745903 +0100][Error  ][AsyncSock         ] [xrootd.ba.infn.it:1094 #0.0] Socket error while handshaking: [ERROR] Socket timeout
[2023-02-07 05:55:07.746096 +0100][Error  ][PostMaster        ] [xrootd.ba.infn.it:1094 #0] elapsed = 45, pConnectionWindow = 31 seconds.
[2023-02-07 05:55:52.006952 +0100][Error  ][AsyncSock         ] [xrootd.ba.infn.it:1094 #0.0] Socket error while handshaking: [ERROR] Socket timeout
[2023-02-07 05:55:52.007134 +0100][Error  ][PostMaster        ] [xrootd.ba.infn.it:1094 #0] elapsed = 45, pConnectionWindow = 31 seconds.
[2023-02-07 05:55:52.007157 +0100][Error  ][PostMaster        ] [xrootd.ba.infn.it:1094 #0] Unable to recover: [ERROR] Socket timeout.
[2023-02-07 05:55:52.007172 +0100][Error  ][XRootD            ] [xrootd.ba.infn.it:1094] Impossible to send message kXR_open (file: /store/user/alesauva/flashgg/UL2017_3/10_6_4/VHToGG_M125_TuneCP5_13TeV-amcatnloFXFX-madspin-pythia8/UL2017_3-10_6_4-v0-RunIISummer19UL17MiniAOD-106X_mc2017_realistic_v6-v1/200722_091630/0000/myMicroAODOutputFile_9.root?tried=stor75.datagrid.cea.fr, mode: 0660, flags: kXR_open_read kXR_async kXR_retstat ). Trying to recover.
Begin processing the 3001st record. Run 1, Event 196583, LumiSection 729 on stream 0 at 07-Feb-2023 05:57:01.785 CET
Begin processing the 4001st record. Run 1, Event 199535, LumiSection 740 on stream 0 at 07-Feb-2023 05:59:33.626 CET
[2023-02-07 05:59:55.071937 +0100][Error  ][AsyncSock         ] [xrootd.ba.infn.it:1094 #0.0] Socket error while handshaking: [ERROR] Socket timeout
[2023-02-07 05:59:55.072162 +0100][Error  ][PostMaster        ] [xrootd.ba.infn.it:1094 #0] elapsed = 45, pConnectionWindow = 31 seconds.
[2023-02-07 06:00:40.327617 +0100][Error  ][AsyncSock         ] [xrootd.ba.infn.it:1094 #0.0] Socket error while handshaking: [ERROR] Socket timeout
[2023-02-07 06:00:40.327777 +0100][Error  ][PostMaster        ] [xrootd.ba.infn.it:1094 #0] elapsed = 45, pConnectionWindow = 31 seconds.
[2023-02-07 06:00:40.327799 +0100][Error  ][PostMaster        ] [xrootd.ba.infn.it:1094 #0] Unable to recover: [ERROR] Socket timeout.
[2023-02-07 06:00:40.327828 +0100][Error  ][XRootD            ] [xrootd.ba.infn.it:1094] Impossible to send message kXR_open (file: /store/user/alesauva/flashgg/UL2017_3/10_6_4/VHToGG_M125_TuneCP5_13TeV-amcatnloFXFX-madspin-pythia8/UL2017_3-10_6_4-v0-RunIISummer19UL17MiniAOD-106X_mc2017_realistic_v6-v1/200722_091630/0000/myMicroAODOutputFile_9.root?tried=stor75.datagrid.cea.fr, mode: 0660, flags: kXR_open_read kXR_async kXR_retstat ). Trying to recover.
Begin processing the 5001st record. Run 1, Event 1131374, LumiSection 4191 on stream 0 at 07-Feb-2023 06:01:55.722 CET
Begin processing the 6001st record. Run 1, Event 181538, LumiSection 673 on stream 0 at 07-Feb-2023 06:04:18.164 CET
[2023-02-07 06:04:39.909001 +0100][Error  ][AsyncSock         ] [xrootd.ba.infn.it:1094 #0.0] Socket error while handshaking: [ERROR] Socket timeout
[2023-02-07 06:04:39.909196 +0100][Error  ][PostMaster        ] [xrootd.ba.infn.it:1094 #0] elapsed = 45, pConnectionWindow = 31 seconds.
[2023-02-07 06:05:25.165007 +0100][Error  ][AsyncSock         ] [xrootd.ba.infn.it:1094 #0.0] Socket error while handshaking: [ERROR] Socket timeout
[2023-02-07 06:05:25.165286 +0100][Error  ][PostMaster        ] [xrootd.ba.infn.it:1094 #0] elapsed = 46, pConnectionWindow = 31 seconds.
[2023-02-07 06:05:25.165307 +0100][Error  ][PostMaster        ] [xrootd.ba.infn.it:1094 #0] Unable to recover: [ERROR] Socket timeout.
[2023-02-07 06:05:25.165322 +0100][Error  ][XRootD            ] [xrootd.ba.infn.it:1094] Impossible to send message kXR_open (file: /store/user/alesauva/flashgg/UL2017_3/10_6_4/VHToGG_M125_TuneCP5_13TeV-amcatnloFXFX-madspin-pythia8/UL2017_3-10_6_4-v0-RunIISummer19UL17MiniAOD-106X_mc2017_realistic_v6-v1/200722_091630/0000/myMicroAODOutputFile_9.root?tried=stor75.datagrid.cea.fr, mode: 0660, flags: kXR_open_read kXR_async kXR_retstat ). Trying to recover.
Begin processing the 7001st record. Run 1, Event 726094, LumiSection 2690 on stream 0 at 07-Feb-2023 06:06:42.505 CET
Begin processing the 8001st record. Run 1, Event 729070, LumiSection 2701 on stream 0 at 07-Feb-2023 06:09:12.995 CET
[2023-02-07 06:09:23.849221 +0100][Error  ][AsyncSock         ] [xrootd.ba.infn.it:1094 #0.0] Socket error while handshaking: [ERROR] Socket timeout
[2023-02-07 06:09:23.849395 +0100][Error  ][PostMaster        ] [xrootd.ba.infn.it:1094 #0] elapsed = 45, pConnectionWindow = 31 seconds.
[2023-02-07 06:10:09.088932 +0100][Error  ][AsyncSock         ] [xrootd.ba.infn.it:1094 #0.0] Socket error while handshaking: [ERROR] Socket timeout
[2023-02-07 06:10:09.089122 +0100][Error  ][PostMaster        ] [xrootd.ba.infn.it:1094 #0] elapsed = 46, pConnectionWindow = 31 seconds.
[2023-02-07 06:10:09.089149 +0100][Error  ][PostMaster        ] [xrootd.ba.infn.it:1094 #0] Unable to recover: [ERROR] Socket timeout.
[2023-02-07 06:10:09.089167 +0100][Error  ][XRootD            ] [xrootd.ba.infn.it:1094] Impossible to send message kXR_open (file: /store/user/alesauva/flashgg/UL2017_3/10_6_4/VHToGG_M125_TuneCP5_13TeV-amcatnloFXFX-madspin-pythia8/UL2017_3-10_6_4-v0-RunIISummer19UL17MiniAOD-106X_mc2017_realistic_v6-v1/200722_091630/0000/myMicroAODOutputFile_9.root?tried=stor75.datagrid.cea.fr, mode: 0660, flags: kXR_open_read kXR_async kXR_retstat ). Trying to recover.
Begin processing the 9001st record. Run 1, Event 865927, LumiSection 3208 on stream 0 at 07-Feb-2023 06:11:34.049 CET
Begin processing the 10001st record. Run 1, Event 220964, LumiSection 819 on stream 0 at 07-Feb-2023 06:13:56.260 CET
[2023-02-07 06:14:02.181262 +0100][Error  ][AsyncSock         ] [xrootd.ba.infn.it:1094 #0.0] Socket error while handshaking: [ERROR] Socket timeout
[2023-02-07 06:14:02.181521 +0100][Error  ][PostMaster        ] [xrootd.ba.infn.it:1094 #0] elapsed = 46, pConnectionWindow = 31 seconds.
[2023-02-07 06:14:47.439442 +0100][Error  ][AsyncSock         ] [xrootd.ba.infn.it:1094 #0.0] Socket error while handshaking: [ERROR] Socket timeout
[2023-02-07 06:14:47.439605 +0100][Error  ][PostMaster        ] [xrootd.ba.infn.it:1094 #0] elapsed = 45, pConnectionWindow = 31 seconds.
[2023-02-07 06:14:47.439629 +0100][Error  ][PostMaster        ] [xrootd.ba.infn.it:1094 #0] Unable to recover: [ERROR] Socket timeout.
[2023-02-07 06:14:47.439647 +0100][Error  ][XRootD            ] [xrootd.ba.infn.it:1094] Impossible to send message kXR_open (file: /store/user/alesauva/flashgg/UL2017_3/10_6_4/VHToGG_M125_TuneCP5_13TeV-amcatnloFXFX-madspin-pythia8/UL2017_3-10_6_4-v0-RunIISummer19UL17MiniAOD-106X_mc2017_realistic_v6-v1/200722_091630/0000/myMicroAODOutputFile_9.root?tried=stor75.datagrid.cea.fr, mode: 0660, flags: kXR_open_read kXR_async kXR_retstat ). Trying to recover.
Begin processing the 11001st record. Run 1, Event 224521, LumiSection 832 on stream 0 at 07-Feb-2023 06:16:18.888 CET
Begin processing the 12001st record. Run 1, Event 227442, LumiSection 843 on stream 0 at 07-Feb-2023 06:18:36.054 CET
Begin processing the 13001st record. Run 1, Event 836393, LumiSection 3098 on stream 0 at 07-Feb-2023 06:21:07.238 CET
[2023-02-07 06:23:09.726926 +0100][Error  ][AsyncSock         ] [xrootd.ba.infn.it:1094 #0.0] Socket error while handshaking: [ERROR] Socket timeout
[2023-02-07 06:23:09.727114 +0100][Error  ][PostMaster        ] [xrootd.ba.infn.it:1094 #0] elapsed = 45, pConnectionWindow = 31 seconds.
Begin processing the 14001st record. Run 1, Event 262842, LumiSection 974 on stream 0 at 07-Feb-2023 06:23:18.921 CET
[2023-02-07 06:23:54.984937 +0100][Error  ][AsyncSock         ] [xrootd.ba.infn.it:1094 #0.0] Socket error while handshaking: [ERROR] Socket timeout
[2023-02-07 06:23:54.985109 +0100][Error  ][PostMaster        ] [xrootd.ba.infn.it:1094 #0] elapsed = 45, pConnectionWindow = 31 seconds.
[2023-02-07 06:23:54.985135 +0100][Error  ][PostMaster        ] [xrootd.ba.infn.it:1094 #0] Unable to recover: [ERROR] Socket timeout.
[2023-02-07 06:23:54.985150 +0100][Error  ][XRootD            ] [xrootd.ba.infn.it:1094] Impossible to send message kXR_open (file: /store/user/alesauva/flashgg/UL2017_3/10_6_4/VHToGG_M125_TuneCP5_13TeV-amcatnloFXFX-madspin-pythia8/UL2017_3-10_6_4-v0-RunIISummer19UL17MiniAOD-106X_mc2017_realistic_v6-v1/200722_091630/0000/myMicroAODOutputFile_9.root?tried=stor75.datagrid.cea.fr, mode: 0660, flags: kXR_open_read kXR_async kXR_retstat ). Trying to recover.
Begin processing the 15001st record. Run 1, Event 1280502, LumiSection 4743 on stream 0 at 07-Feb-2023 06:25:46.360 CET
[2023-02-07 06:27:44.960944 +0100][Error  ][AsyncSock         ] [xrootd.ba.infn.it:1094 #0.0] Socket error while handshaking: [ERROR] Socket timeout
[2023-02-07 06:27:44.961129 +0100][Error  ][PostMaster        ] [xrootd.ba.infn.it:1094 #0] elapsed = 45, pConnectionWindow = 31 seconds.
Begin processing the 16001st record. Run 1, Event 413802, LumiSection 1533 on stream 0 at 07-Feb-2023 06:28:01.548 CET
[2023-02-07 06:28:29.218946 +0100][Error  ][AsyncSock         ] [xrootd.ba.infn.it:1094 #0.0] Socket error while handshaking: [ERROR] Socket timeout
[2023-02-07 06:28:29.219111 +0100][Error  ][PostMaster        ] [xrootd.ba.infn.it:1094 #0] elapsed = 45, pConnectionWindow = 31 seconds.
[2023-02-07 06:28:29.219135 +0100][Error  ][PostMaster        ] [xrootd.ba.infn.it:1094 #0] Unable to recover: [ERROR] Socket timeout.
[2023-02-07 06:28:29.219148 +0100][Error  ][XRootD            ] [xrootd.ba.infn.it:1094] Impossible to send message kXR_open (file: /store/user/alesauva/flashgg/UL2017_3/10_6_4/VHToGG_M125_TuneCP5_13TeV-amcatnloFXFX-madspin-pythia8/UL2017_3-10_6_4-v0-RunIISummer19UL17MiniAOD-106X_mc2017_realistic_v6-v1/200722_091630/0000/myMicroAODOutputFile_9.root?tried=stor75.datagrid.cea.fr, mode: 0660, flags: kXR_open_read kXR_async kXR_retstat ). Trying to recover.
Begin processing the 17001st record. Run 1, Event 770636, LumiSection 2855 on stream 0 at 07-Feb-2023 06:30:16.875 CET
Begin processing the 18001st record. Run 1, Event 773487, LumiSection 2865 on stream 0 at 07-Feb-2023 06:32:39.361 CET
Begin processing the 19001st record. Run 1, Event 1330015, LumiSection 4926 on stream 0 at 07-Feb-2023 06:34:49.174 CET
Begin processing the 20001st record. Run 1, Event 965952, LumiSection 3578 on stream 0 at 07-Feb-2023 06:37:01.470 CET
[2023-02-07 06:38:53.342912 +0100][Error  ][AsyncSock         ] [xrootd.ba.infn.it:1094 #0.0] Socket error while handshaking: [ERROR] Socket timeout
[2023-02-07 06:38:53.343047 +0100][Error  ][PostMaster        ] [xrootd.ba.infn.it:1094 #0] elapsed = 45, pConnectionWindow = 31 seconds.
Begin processing the 21001st record. Run 1, Event 1335477, LumiSection 4947 on stream 0 at 07-Feb-2023 06:39:20.617 CET
[2023-02-07 06:39:38.591215 +0100][Error  ][AsyncSock         ] [xrootd.ba.infn.it:1094 #0.0] Socket error while handshaking: [ERROR] Socket timeout
[2023-02-07 06:39:38.591405 +0100][Error  ][PostMaster        ] [xrootd.ba.infn.it:1094 #0] elapsed = 45, pConnectionWindow = 31 seconds.
[2023-02-07 06:39:38.591426 +0100][Error  ][PostMaster        ] [xrootd.ba.infn.it:1094 #0] Unable to recover: [ERROR] Socket timeout.
[2023-02-07 06:39:38.591441 +0100][Error  ][XRootD            ] [xrootd.ba.infn.it:1094] Impossible to send message kXR_open (file: /store/user/alesauva/flashgg/UL2017_3/10_6_4/VHToGG_M125_TuneCP5_13TeV-amcatnloFXFX-madspin-pythia8/UL2017_3-10_6_4-v0-RunIISummer19UL17MiniAOD-106X_mc2017_realistic_v6-v1/200722_091630/0000/myMicroAODOutputFile_9.root?tried=stor75.datagrid.cea.fr, mode: 0460, flags: kXR_open_read kXR_async kXR_retstat ). Trying to recover.
Begin processing the 22001st record. Run 1, Event 1331583, LumiSection 4932 on stream 0 at 07-Feb-2023 06:41:36.779 CET
Begin processing the 23001st record. Run 1, Event 1258623, LumiSection 4662 on stream 0 at 07-Feb-2023 06:43:54.449 CET
Begin processing the 24001st record. Run 1, Event 1315223, LumiSection 4872 on stream 0 at 07-Feb-2023 06:46:09.301 CET
[2023-02-07 06:47:26.782914 +0100][Error  ][AsyncSock         ] [xrootd.ba.infn.it:1094 #0.0] Socket error while handshaking: [ERROR] Socket timeout
[2023-02-07 06:47:26.783107 +0100][Error  ][PostMaster        ] [xrootd.ba.infn.it:1094 #0] elapsed = 45, pConnectionWindow = 31 seconds.
07-Feb-2023 06:47:47 CET  Closed file root://cms-xrd-global.cern.ch//store/user/alesauva/flashgg/UL2017_3/10_6_4/VHToGG_M125_TuneCP5_13TeV-amcatnloFXFX-madspin-pythia8/UL2017_3-10_6_4-v0-RunIISummer19UL17MiniAOD-106X_mc2017_realistic_v6-v1/200722_091630/0000/myMicroAODOutputFile_9.root

TrigReport ---------- Event  Summary ------------
TrigReport Events total = 24711 passed = 15740 failed = 8971

TrigReport ---------- Path   Summary ------------
TrigReport  Trig Bit#   Executed     Passed     Failed      Error Name
TrigReport     1    0      24711      15740       8971          0 p

TrigReport -------End-Path   Summary ------------
TrigReport  Trig Bit#   Executed     Passed     Failed      Error Name

TrigReport ---------- Modules in Path: p ------------
TrigReport  Trig Bit#    Visited     Passed     Failed      Error Name
TrigReport     1    0      24711      24588        123          0 flashggMetFilters
TrigReport     1    1      24588      15740       8848          0 VHFilter
TrigReport     1    2      15740      15740          0          0 flashggDifferentialPhoIdInputsCorrection
TrigReport     1    3      15740      15740          0          0 flashggDiPhotonSystematics
TrigReport     1    4      15740      15740          0          0 flashggMetSystematics
TrigReport     1    5      15740      15740          0          0 flashggMuonSystematics
TrigReport     1    6      15740      15740          0          0 flashggElectronSystematics
TrigReport     1    7      15740      15740          0          0 flashggUnpackedJets
TrigReport     1    8      15740      15740          0          0 flashggJetSystematics0
TrigReport     1    9      15740      15740          0          0 flashggJetSystematics1
TrigReport     1   10      15740      15740          0          0 flashggJetSystematics2
TrigReport     1   11      15740      15740          0          0 flashggJetSystematics3
TrigReport     1   12      15740      15740          0          0 flashggJetSystematics4
TrigReport     1   13      15740      15740          0          0 flashggJetSystematics5
TrigReport     1   14      15740      15740          0          0 flashggJetSystematics6
TrigReport     1   15      15740      15740          0          0 flashggJetSystematics7
TrigReport     1   16      15740      15740          0          0 flashggJetSystematics8
TrigReport     1   17      15740      15740          0          0 flashggJetSystematics9
TrigReport     1   18      15740      15740          0          0 flashggJetSystematics10
TrigReport     1   19      15740      15740          0          0 flashggJetSystematics11
TrigReport     1   20      15740      15740          0          0 flashggPrefireDiPhotons
TrigReport     1   21      15740      15740          0          0 flashggPreselectedDiPhotons
TrigReport     1   22      15740      15740          0          0 flashggDiPhotonMVA
TrigReport     1   23      15740      15740          0          0 flashggVBFMVA
TrigReport     1   24      15740      15740          0          0 flashggVHhadMVA
TrigReport     1   25      15740      15740          0          0 flashggGluGluHMVA
TrigReport     1   26      15740      15740          0          0 flashggStageOneCombinedTag
TrigReport     1   27      15740      15740          0          0 flashggTHQLeptonicTag
TrigReport     1   28      15740      15740          0          0 flashggVHMetTag
TrigReport     1   29      15740      15740          0          0 flashggWHLeptonicTag
TrigReport     1   30      15740      15740          0          0 flashggZHLeptonicTag
TrigReport     1   31      15740      15740          0          0 flashggTTHLeptonicTag
TrigReport     1   32      15740      15740          0          0 flashggTTHHadronicTag
TrigReport     1   33      15740      15740          0          0 flashggTagSorter
TrigReport     1   34      15740      15740          0          0 flashggSystTagMerger
TrigReport     1   35      15740      15740          0          0 tagsDumper

TrigReport ---------- Module Summary ------------
TrigReport    Visited   Executed     Passed     Failed      Error Name
TrigReport      24711      24711      24711          0          0 TriggerResults
TrigReport      24588      24588      15740       8848          0 VHFilter
TrigReport      15740      15740      15740          0          0 ak4PFCHSL1FastL2L3Corrector
TrigReport      15740      15740      15740          0          0 ak4PFCHSL1FastjetCorrector
TrigReport      15740      15740      15740          0          0 ak4PFCHSL2RelativeCorrector
TrigReport      15740      15740      15740          0          0 ak4PFCHSL3AbsoluteCorrector
TrigReport      15740      15740      15740          0          0 flashggDiPhotonMVA
TrigReport      15740      15740      15740          0          0 flashggDiPhotonSystematics
TrigReport      15740      15740      15740          0          0 flashggDifferentialPhoIdInputsCorrection
TrigReport      15740      15740      15740          0          0 flashggElectronSystematics
TrigReport      15740      15740      15740          0          0 flashggGluGluHMVA
TrigReport      15740      15740      15740          0          0 flashggJetSystematics0
TrigReport      15740      15740      15740          0          0 flashggJetSystematics1
TrigReport      15740      15740      15740          0          0 flashggJetSystematics10
TrigReport      15740      15740      15740          0          0 flashggJetSystematics11
TrigReport      15740      15740      15740          0          0 flashggJetSystematics2
TrigReport      15740      15740      15740          0          0 flashggJetSystematics3
TrigReport      15740      15740      15740          0          0 flashggJetSystematics4
TrigReport      15740      15740      15740          0          0 flashggJetSystematics5
TrigReport      15740      15740      15740          0          0 flashggJetSystematics6
TrigReport      15740      15740      15740          0          0 flashggJetSystematics7
TrigReport      15740      15740      15740          0          0 flashggJetSystematics8
TrigReport      15740      15740      15740          0          0 flashggJetSystematics9
TrigReport      24711      24711      24588        123          0 flashggMetFilters
TrigReport      15740      15740      15740          0          0 flashggMetSystematics
TrigReport      15740      15740      15740          0          0 flashggMuonSystematics
TrigReport      15740      15740      15740          0          0 flashggPrefireDiPhotons
TrigReport      15740      15740      15740          0          0 flashggPreselectedDiPhotons
TrigReport      15740      15740      15740          0          0 flashggStageOneCombinedTag
TrigReport      15740      15740      15740          0          0 flashggSystTagMerger
TrigReport      15740      15740      15740          0          0 flashggTHQLeptonicTag
TrigReport      15740      15740      15740          0          0 flashggTTHHadronicTag
TrigReport      15740      15740      15740          0          0 flashggTTHLeptonicTag
TrigReport      15740      15740      15740          0          0 flashggTagSorter
TrigReport      15740      15740      15740          0          0 flashggUnpackedJets
TrigReport      15740      15740      15740          0          0 flashggVBFMVA
TrigReport      15740      15740      15740          0          0 flashggVHMetTag
TrigReport      15740      15740      15740          0          0 flashggVHhadMVA
TrigReport      15740      15740      15740          0          0 flashggWHLeptonicTag
TrigReport      15740      15740      15740          0          0 flashggZHLeptonicTag
TrigReport      24711      24711      24711          0          0 p
TrigReport      15740      15740      15740          0          0 tagsDumper

TimeReport ---------- Event  Summary ---[sec]----
TimeReport       event loop CPU/event = 0.151154
TimeReport      event loop Real/event = 0.151949
TimeReport     sum Streams Real/event = 0.146706
TimeReport efficiency CPU/Real/thread = 0.994764

TimeReport ---------- Path   Summary ---[Real sec]----
TimeReport  per event     per exec  Name
TimeReport   0.146089     0.146089  p
TimeReport  per event     per exec  Name

TimeReport -------End-Path   Summary ---[Real sec]----
TimeReport  per event     per exec  Name
TimeReport  per event     per exec  Name

TimeReport ---------- Modules in Path: p ---[Real sec]----
TimeReport  per event    per visit  Name
TimeReport   0.000028     0.000028  flashggMetFilters
TimeReport   0.000011     0.000011  VHFilter
TimeReport   0.063592     0.099836  flashggDifferentialPhoIdInputsCorrection
TimeReport   0.061854     0.097108  flashggDiPhotonSystematics
TimeReport   0.000217     0.000340  flashggMetSystematics
TimeReport   0.000032     0.000051  flashggMuonSystematics
TimeReport   0.000049     0.000077  flashggElectronSystematics
TimeReport   0.000367     0.000576  flashggUnpackedJets
TimeReport   0.005610     0.008808  flashggJetSystematics0
TimeReport   0.000884     0.001388  flashggJetSystematics1
TimeReport   0.000768     0.001206  flashggJetSystematics2
TimeReport   0.000741     0.001164  flashggJetSystematics3
TimeReport   0.000727     0.001141  flashggJetSystematics4
TimeReport   0.000720     0.001130  flashggJetSystematics5
TimeReport   0.000714     0.001122  flashggJetSystematics6
TimeReport   0.000712     0.001118  flashggJetSystematics7
TimeReport   0.000710     0.001114  flashggJetSystematics8
TimeReport   0.000706     0.001109  flashggJetSystematics9
TimeReport   0.000707     0.001109  flashggJetSystematics10
TimeReport   0.000702     0.001103  flashggJetSystematics11
TimeReport   0.000453     0.000711  flashggPrefireDiPhotons
TimeReport   0.000122     0.000191  flashggPreselectedDiPhotons
TimeReport   0.000025     0.000039  flashggDiPhotonMVA
TimeReport   0.000030     0.000047  flashggVBFMVA
TimeReport   0.000018     0.000028  flashggVHhadMVA
TimeReport   0.000047     0.000074  flashggGluGluHMVA
TimeReport   0.000032     0.000050  flashggStageOneCombinedTag
TimeReport   0.000285     0.000448  flashggTHQLeptonicTag
TimeReport   0.000134     0.000210  flashggVHMetTag
TimeReport   0.000036     0.000056  flashggWHLeptonicTag
TimeReport   0.000021     0.000033  flashggZHLeptonicTag
TimeReport   0.000232     0.000364  flashggTTHLeptonicTag
TimeReport   0.001557     0.002444  flashggTTHHadronicTag
TimeReport   0.000103     0.000162  flashggTagSorter
TimeReport   0.000004     0.000007  flashggSystTagMerger
TimeReport   0.000303     0.000476  tagsDumper
TimeReport  per event    per visit  Name

TimeReport ---------- Module Summary ---[Real sec]----
TimeReport  per event     per exec    per visit  Name
TimeReport   0.000004     0.000004     0.000004  TriggerResults
TimeReport   0.000011     0.000011     0.000011  VHFilter
TimeReport   0.000003     0.000005     0.000005  ak4PFCHSL1FastL2L3Corrector
TimeReport   0.000004     0.000006     0.000006  ak4PFCHSL1FastjetCorrector
TimeReport   0.000002     0.000003     0.000003  ak4PFCHSL2RelativeCorrector
TimeReport   0.000010     0.000015     0.000015  ak4PFCHSL3AbsoluteCorrector
TimeReport   0.000025     0.000039     0.000039  flashggDiPhotonMVA
TimeReport   0.061854     0.097108     0.097108  flashggDiPhotonSystematics
TimeReport   0.063592     0.099836     0.099836  flashggDifferentialPhoIdInputsCorrection
TimeReport   0.000049     0.000077     0.000077  flashggElectronSystematics
TimeReport   0.000047     0.000074     0.000074  flashggGluGluHMVA
TimeReport   0.005610     0.008808     0.008808  flashggJetSystematics0
TimeReport   0.000884     0.001388     0.001388  flashggJetSystematics1
TimeReport   0.000707     0.001109     0.001109  flashggJetSystematics10
TimeReport   0.000702     0.001103     0.001103  flashggJetSystematics11
TimeReport   0.000768     0.001206     0.001206  flashggJetSystematics2
TimeReport   0.000741     0.001164     0.001164  flashggJetSystematics3
TimeReport   0.000727     0.001141     0.001141  flashggJetSystematics4
TimeReport   0.000720     0.001130     0.001130  flashggJetSystematics5
TimeReport   0.000714     0.001122     0.001122  flashggJetSystematics6
TimeReport   0.000712     0.001118     0.001118  flashggJetSystematics7
TimeReport   0.000710     0.001114     0.001114  flashggJetSystematics8
TimeReport   0.000706     0.001109     0.001109  flashggJetSystematics9
TimeReport   0.000028     0.000028     0.000028  flashggMetFilters
TimeReport   0.000217     0.000340     0.000340  flashggMetSystematics
TimeReport   0.000032     0.000051     0.000051  flashggMuonSystematics
TimeReport   0.000453     0.000711     0.000711  flashggPrefireDiPhotons
TimeReport   0.000122     0.000191     0.000191  flashggPreselectedDiPhotons
TimeReport   0.000032     0.000050     0.000050  flashggStageOneCombinedTag
TimeReport   0.000004     0.000007     0.000007  flashggSystTagMerger
TimeReport   0.000285     0.000448     0.000448  flashggTHQLeptonicTag
TimeReport   0.001557     0.002444     0.002444  flashggTTHHadronicTag
TimeReport   0.000232     0.000364     0.000364  flashggTTHLeptonicTag
TimeReport   0.000103     0.000162     0.000162  flashggTagSorter
TimeReport   0.000367     0.000576     0.000576  flashggUnpackedJets
TimeReport   0.000030     0.000047     0.000047  flashggVBFMVA
TimeReport   0.000134     0.000210     0.000210  flashggVHMetTag
TimeReport   0.000018     0.000028     0.000028  flashggVHhadMVA
TimeReport   0.000036     0.000056     0.000056  flashggWHLeptonicTag
TimeReport   0.000021     0.000033     0.000033  flashggZHLeptonicTag
TimeReport   0.000005     0.000005     0.000005  p
TimeReport   0.000303     0.000476     0.000476  tagsDumper
TimeReport  per event     per exec    per visit  Name

T---Report end!


=============================================

MessageLogger Summary

 type     category        sev    module        subroutine        count    total
 ---- -------------------- -- ---------------- ----------------  -----    -----
    1 XrdAdaptor           -w file_open                              1        1
    2 fileAction           -s file_close                             1        1
    3 fileAction           -s file_open                              2        2

 type    category    Examples: run/evt        run/evt          run/evt
 ---- -------------------- ---------------- ---------------- ----------------
    1 XrdAdaptor           pre-events                        
    2 fileAction           PostGlobalEndRun                  
    3 fileAction           pre-events       pre-events       

Severity    # Occurrences   Total Occurrences
--------    -------------   -----------------
Warning                 1                   1
System                  3                   3

dropped waiting message count 0
[2023-02-07 06:48:11.678082 +0100][Error  ][AsyncSock         ] [xrootd.ba.infn.it:1094 #0.0] Socket error while handshaking: [ERROR] Socket timeout
[2023-02-07 06:48:11.678311 +0100][Error  ][PostMaster        ] [xrootd.ba.infn.it:1094 #0] elapsed = 45, pConnectionWindow = 31 seconds.
[2023-02-07 06:48:11.678338 +0100][Error  ][PostMaster        ] [xrootd.ba.infn.it:1094 #0] Unable to recover: [ERROR] Socket timeout.
[2023-02-07 06:48:11.678360 +0100][Error  ][XRootD            ] [xrootd.ba.infn.it:1094] Impossible to send message kXR_open (file: /store/user/alesauva/flashgg/UL2017_3/10_6_4/VHToGG_M125_TuneCP5_13TeV-amcatnloFXFX-madspin-pythia8/UL2017_3-10_6_4-v0-RunIISummer19UL17MiniAOD-106X_mc2017_realistic_v6-v1/200722_091630/0000/myMicroAODOutputFile_9.root?tried=stor75.datagrid.cea.fr, mode: 0660, flags: kXR_open_read kXR_async kXR_retstat ). Trying to recover.
