mkdir: cannot create directory '/afs/cern.ch/user/x/xisu/private/local/Analysis_workspace/VH_AC_tmp1/flashgg_d2/CMSSW_10_6_29/src/flashgg/VHAC_Analysis_Met/UL_17/UL_17_data': File exists
/cvmfs/cms.cern.ch/slc7_amd64_gcc700/external/py2-requests/2.21.0-pafccj2/lib/python2.7/site-packages/requests/__init__.py:91: RequestsDependencyWarning: urllib3 (1.25.2) or chardet (3.0.4) doesn't match a supported version!
  RequestsDependencyWarning)
20-Dec-2022 22:37:49 CET  Initiating request to open file root://cms-xrd-global.cern.ch//store/user/alesauva/flashgg/UL2017_test/10_6_4/DoubleEG/UL_test-10_6_4-v0-Run2017E-09Aug2019_UL2017-v1/200814_081331/0001/myMicroAODOutputFile_1265.root
[2022-12-20 22:38:36.154615 +0100][Error  ][AsyncSock         ] [xrootd.ba.infn.it:1094 #0.0] Socket error while handshaking: [ERROR] Socket timeout
[2022-12-20 22:38:36.154773 +0100][Error  ][PostMaster        ] [xrootd.ba.infn.it:1094 #0] elapsed = 46, pConnectionWindow = 31 seconds.
[2022-12-20 22:39:21.405583 +0100][Error  ][AsyncSock         ] [xrootd.ba.infn.it:1094 #0.0] Socket error while handshaking: [ERROR] Socket timeout
[2022-12-20 22:39:21.405734 +0100][Error  ][PostMaster        ] [xrootd.ba.infn.it:1094 #0] elapsed = 45, pConnectionWindow = 31 seconds.
[2022-12-20 22:39:21.405785 +0100][Error  ][PostMaster        ] [xrootd.ba.infn.it:1094 #0] Unable to recover: [ERROR] Socket timeout.
[2022-12-20 22:39:21.405812 +0100][Error  ][XRootD            ] [xrootd.ba.infn.it:1094] Impossible to send message kXR_open (file: /store/user/alesauva/flashgg/UL2017_test/10_6_4/DoubleEG/UL_test-10_6_4-v0-Run2017E-09Aug2019_UL2017-v1/200814_081331/0001/myMicroAODOutputFile_1265.root, mode: 0660, flags: kXR_open_read kXR_async kXR_retstat ). Trying to recover.
%MSG-w XrdAdaptor:  file_open 20-Dec-2022 22:39:28 CET pre-events
Data is served from GRIF-IRFU instead of original site CERN-CMSGLOBAL-02
%MSG
20-Dec-2022 22:39:31 CET  Successfully opened file root://cms-xrd-global.cern.ch//store/user/alesauva/flashgg/UL2017_test/10_6_4/DoubleEG/UL_test-10_6_4-v0-Run2017E-09Aug2019_UL2017-v1/200814_081331/0001/myMicroAODOutputFile_1265.root
2022-12-20 22:39:48.919159: I tensorflow/core/platform/cpu_feature_guard.cc:140] Your CPU supports instructions that this TensorFlow binary was not compiled to use: SSE4.1 SSE4.2 AVX AVX2 FMA
[2022-12-20 22:40:18.295634 +0100][Error  ][AsyncSock         ] [xrootd-cms.infn.it:1094 #0.0] Socket error while handshaking: [ERROR] Socket timeout
[2022-12-20 22:40:18.295912 +0100][Error  ][PostMaster        ] [xrootd-cms.infn.it:1094 #0] elapsed = 45, pConnectionWindow = 31 seconds.
Begin processing the 1st record. Run 304451, Event 23984189, LumiSection 28 on stream 0 at 20-Dec-2022 22:41:19.917 CET
----- Begin Fatal Exception 20-Dec-2022 22:41:23 CET-----------------------
An exception of category 'Configuration' occurred while
   [0] Processing  Event run: 304451 lumi: 28 event: 24252262 stream: 0
   [1] Running path 'p'
   [2] Calling method for module StageOneDiPhotonTagDumper/'tagsDumper'
Exception Message:
method "get" returned void invoked on object of type "const edm::Ptr<flashgg::TagTruthBase>"
----- End Fatal Exception -------------------------------------------------
20-Dec-2022 22:41:23 CET  Closed file root://cms-xrd-global.cern.ch//store/user/alesauva/flashgg/UL2017_test/10_6_4/DoubleEG/UL_test-10_6_4-v0-Run2017E-09Aug2019_UL2017-v1/200814_081331/0001/myMicroAODOutputFile_1265.root

TrigReport ---------- Event  Summary ------------
TrigReport Events total = 61 passed = 34 failed = 27

TrigReport ---------- Path   Summary ------------
TrigReport  Trig Bit#   Executed     Passed     Failed      Error Name
TrigReport     1    0         61         34         26          1 p

TrigReport -------End-Path   Summary ------------
TrigReport  Trig Bit#   Executed     Passed     Failed      Error Name

TrigReport ---------- Modules in Path: p ------------
TrigReport  Trig Bit#    Visited     Passed     Failed      Error Name
TrigReport     1    0         61         35         26          0 hltHighLevel
TrigReport     1    1         35         35          0          0 flashggMetFilters
TrigReport     1    2         35         35          0          0 flashggDifferentialPhoIdInputsCorrection
TrigReport     1    3         35         35          0          0 flashggDiPhotonSystematics
TrigReport     1    4         35         35          0          0 flashggMetSystematics
TrigReport     1    5         35         35          0          0 flashggMuonSystematics
TrigReport     1    6         35         35          0          0 flashggElectronSystematics
TrigReport     1    7         35         35          0          0 flashggUnpackedJets
TrigReport     1    8         35         35          0          0 flashggJetSystematics0
TrigReport     1    9         35         35          0          0 flashggJetSystematics1
TrigReport     1   10         35         35          0          0 flashggJetSystematics2
TrigReport     1   11         35         35          0          0 flashggJetSystematics3
TrigReport     1   12         35         35          0          0 flashggJetSystematics4
TrigReport     1   13         35         35          0          0 flashggJetSystematics5
TrigReport     1   14         35         35          0          0 flashggJetSystematics6
TrigReport     1   15         35         35          0          0 flashggJetSystematics7
TrigReport     1   16         35         35          0          0 flashggJetSystematics8
TrigReport     1   17         35         35          0          0 flashggJetSystematics9
TrigReport     1   18         35         35          0          0 flashggJetSystematics10
TrigReport     1   19         35         35          0          0 flashggJetSystematics11
TrigReport     1   20         35         35          0          0 flashggPrefireDiPhotons
TrigReport     1   21         35         35          0          0 flashggPreselectedDiPhotons
TrigReport     1   22         35         35          0          0 flashggDiPhotonMVA
TrigReport     1   23         35         35          0          0 flashggVBFMVA
TrigReport     1   24         35         35          0          0 flashggVHhadMVA
TrigReport     1   25         35         35          0          0 flashggGluGluHMVA
TrigReport     1   26         35         35          0          0 flashggStageOneCombinedTag
TrigReport     1   27         35         35          0          0 flashggTHQLeptonicTag
TrigReport     1   28         35         35          0          0 flashggVHMetTag
TrigReport     1   29         35         35          0          0 flashggWHLeptonicTag
TrigReport     1   30         35         35          0          0 flashggZHLeptonicTag
TrigReport     1   31         35         35          0          0 flashggTTHLeptonicTag
TrigReport     1   32         35         35          0          0 flashggTTHHadronicTag
TrigReport     1   33         35         35          0          0 flashggTagSorter
TrigReport     1   34         35         35          0          0 flashggSystTagMerger
TrigReport     1   35         35         34          0          1 tagsDumper

TrigReport ---------- Module Summary ------------
TrigReport    Visited   Executed     Passed     Failed      Error Name
TrigReport         61         61         61          0          0 TriggerResults
TrigReport         35         35         35          0          0 ak4PFCHSL1FastL2L3ResidualCorrector
TrigReport         35         35         35          0          0 ak4PFCHSL1FastjetCorrector
TrigReport         35         35         35          0          0 ak4PFCHSL2RelativeCorrector
TrigReport         35         35         35          0          0 ak4PFCHSL3AbsoluteCorrector
TrigReport         35         35         35          0          0 ak4PFCHSResidualCorrector
TrigReport         35         35         35          0          0 flashggDiPhotonMVA
TrigReport         35         35         35          0          0 flashggDiPhotonSystematics
TrigReport         35         35         35          0          0 flashggDifferentialPhoIdInputsCorrection
TrigReport         35         35         35          0          0 flashggElectronSystematics
TrigReport         35         35         35          0          0 flashggGluGluHMVA
TrigReport         35         35         35          0          0 flashggJetSystematics0
TrigReport         35         35         35          0          0 flashggJetSystematics1
TrigReport         35         35         35          0          0 flashggJetSystematics10
TrigReport         35         35         35          0          0 flashggJetSystematics11
TrigReport         35         35         35          0          0 flashggJetSystematics2
TrigReport         35         35         35          0          0 flashggJetSystematics3
TrigReport         35         35         35          0          0 flashggJetSystematics4
TrigReport         35         35         35          0          0 flashggJetSystematics5
TrigReport         35         35         35          0          0 flashggJetSystematics6
TrigReport         35         35         35          0          0 flashggJetSystematics7
TrigReport         35         35         35          0          0 flashggJetSystematics8
TrigReport         35         35         35          0          0 flashggJetSystematics9
TrigReport         35         35         35          0          0 flashggMetFilters
TrigReport         35         35         35          0          0 flashggMetSystematics
TrigReport         35         35         35          0          0 flashggMuonSystematics
TrigReport         35         35         35          0          0 flashggPrefireDiPhotons
TrigReport         35         35         35          0          0 flashggPreselectedDiPhotons
TrigReport         35         35         35          0          0 flashggStageOneCombinedTag
TrigReport         35         35         35          0          0 flashggSystTagMerger
TrigReport         35         35         35          0          0 flashggTHQLeptonicTag
TrigReport         35         35         35          0          0 flashggTTHHadronicTag
TrigReport         35         35         35          0          0 flashggTTHLeptonicTag
TrigReport         35         35         35          0          0 flashggTagSorter
TrigReport         35         35         35          0          0 flashggUnpackedJets
TrigReport         35         35         35          0          0 flashggVBFMVA
TrigReport         35         35         35          0          0 flashggVHMetTag
TrigReport         35         35         35          0          0 flashggVHhadMVA
TrigReport         35         35         35          0          0 flashggWHLeptonicTag
TrigReport         35         35         35          0          0 flashggZHLeptonicTag
TrigReport         61         61         35         26          0 hltHighLevel
TrigReport         61         61         61          0          0 p
TrigReport         35         35         34          0          1 tagsDumper

TimeReport ---------- Event  Summary ---[sec]----
TimeReport       event loop CPU/event = 0.044516
TimeReport      event loop Real/event = 0.062513
TimeReport     sum Streams Real/event = 0.051859
TimeReport efficiency CPU/Real/thread = 0.712099

TimeReport ---------- Path   Summary ---[Real sec]----
TimeReport  per event     per exec  Name
TimeReport   0.050688     0.050688  p
TimeReport  per event     per exec  Name

TimeReport -------End-Path   Summary ---[Real sec]----
TimeReport  per event     per exec  Name
TimeReport  per event     per exec  Name

TimeReport ---------- Modules in Path: p ---[Real sec]----
TimeReport  per event    per visit  Name
TimeReport   0.000042     0.000042  hltHighLevel
TimeReport   0.000015     0.000026  flashggMetFilters
TimeReport   0.027277     0.047540  flashggDifferentialPhoIdInputsCorrection
TimeReport   0.000570     0.000993  flashggDiPhotonSystematics
TimeReport   0.005582     0.009729  flashggMetSystematics
TimeReport   0.000724     0.001262  flashggMuonSystematics
TimeReport   0.000038     0.000066  flashggElectronSystematics
TimeReport   0.000178     0.000310  flashggUnpackedJets
TimeReport   0.000605     0.001055  flashggJetSystematics0
TimeReport   0.000048     0.000084  flashggJetSystematics1
TimeReport   0.000034     0.000060  flashggJetSystematics2
TimeReport   0.000039     0.000068  flashggJetSystematics3
TimeReport   0.000036     0.000062  flashggJetSystematics4
TimeReport   0.000035     0.000061  flashggJetSystematics5
TimeReport   0.000036     0.000064  flashggJetSystematics6
TimeReport   0.000035     0.000061  flashggJetSystematics7
TimeReport   0.000035     0.000062  flashggJetSystematics8
TimeReport   0.000036     0.000063  flashggJetSystematics9
TimeReport   0.000033     0.000058  flashggJetSystematics10
TimeReport   0.000034     0.000060  flashggJetSystematics11
TimeReport   0.000358     0.000625  flashggPrefireDiPhotons
TimeReport   0.000180     0.000314  flashggPreselectedDiPhotons
TimeReport   0.000012     0.000022  flashggDiPhotonMVA
TimeReport   0.000016     0.000028  flashggVBFMVA
TimeReport   0.000011     0.000019  flashggVHhadMVA
TimeReport   0.000022     0.000038  flashggGluGluHMVA
TimeReport   0.000024     0.000042  flashggStageOneCombinedTag
TimeReport   0.000339     0.000592  flashggTHQLeptonicTag
TimeReport   0.000077     0.000134  flashggVHMetTag
TimeReport   0.000013     0.000023  flashggWHLeptonicTag
TimeReport   0.000012     0.000020  flashggZHLeptonicTag
TimeReport   0.000007     0.000012  flashggTTHLeptonicTag
TimeReport   0.005123     0.008929  flashggTTHHadronicTag
TimeReport   0.000388     0.000676  flashggTagSorter
TimeReport   0.000003     0.000005  flashggSystTagMerger
TimeReport   0.000556     0.000969  tagsDumper
TimeReport  per event    per visit  Name

TimeReport ---------- Module Summary ---[Real sec]----
TimeReport  per event     per exec    per visit  Name
TimeReport   0.000003     0.000003     0.000003  TriggerResults
TimeReport   0.000003     0.000006     0.000006  ak4PFCHSL1FastL2L3ResidualCorrector
TimeReport   0.000005     0.000009     0.000009  ak4PFCHSL1FastjetCorrector
TimeReport   0.000023     0.000039     0.000039  ak4PFCHSL2RelativeCorrector
TimeReport   0.000002     0.000003     0.000003  ak4PFCHSL3AbsoluteCorrector
TimeReport   0.000147     0.000255     0.000255  ak4PFCHSResidualCorrector
TimeReport   0.000012     0.000022     0.000022  flashggDiPhotonMVA
TimeReport   0.000570     0.000993     0.000993  flashggDiPhotonSystematics
TimeReport   0.027277     0.047540     0.047540  flashggDifferentialPhoIdInputsCorrection
TimeReport   0.000038     0.000066     0.000066  flashggElectronSystematics
TimeReport   0.000022     0.000038     0.000038  flashggGluGluHMVA
TimeReport   0.000605     0.001055     0.001055  flashggJetSystematics0
TimeReport   0.000048     0.000084     0.000084  flashggJetSystematics1
TimeReport   0.000033     0.000058     0.000058  flashggJetSystematics10
TimeReport   0.000034     0.000060     0.000060  flashggJetSystematics11
TimeReport   0.000034     0.000060     0.000060  flashggJetSystematics2
TimeReport   0.000039     0.000068     0.000068  flashggJetSystematics3
TimeReport   0.000036     0.000062     0.000062  flashggJetSystematics4
TimeReport   0.000035     0.000061     0.000061  flashggJetSystematics5
TimeReport   0.000036     0.000064     0.000064  flashggJetSystematics6
TimeReport   0.000035     0.000061     0.000061  flashggJetSystematics7
TimeReport   0.000035     0.000062     0.000062  flashggJetSystematics8
TimeReport   0.000036     0.000063     0.000063  flashggJetSystematics9
TimeReport   0.000015     0.000026     0.000026  flashggMetFilters
TimeReport   0.005582     0.009729     0.009729  flashggMetSystematics
TimeReport   0.000724     0.001262     0.001262  flashggMuonSystematics
TimeReport   0.000358     0.000625     0.000625  flashggPrefireDiPhotons
TimeReport   0.000180     0.000314     0.000314  flashggPreselectedDiPhotons
TimeReport   0.000024     0.000042     0.000042  flashggStageOneCombinedTag
TimeReport   0.000003     0.000005     0.000005  flashggSystTagMerger
TimeReport   0.000339     0.000592     0.000592  flashggTHQLeptonicTag
TimeReport   0.005123     0.008929     0.008929  flashggTTHHadronicTag
TimeReport   0.000007     0.000012     0.000012  flashggTTHLeptonicTag
TimeReport   0.000388     0.000676     0.000676  flashggTagSorter
TimeReport   0.000178     0.000310     0.000310  flashggUnpackedJets
TimeReport   0.000016     0.000028     0.000028  flashggVBFMVA
TimeReport   0.000077     0.000134     0.000134  flashggVHMetTag
TimeReport   0.000011     0.000019     0.000019  flashggVHhadMVA
TimeReport   0.000013     0.000023     0.000023  flashggWHLeptonicTag
TimeReport   0.000012     0.000020     0.000020  flashggZHLeptonicTag
TimeReport   0.000042     0.000042     0.000042  hltHighLevel
TimeReport   0.000004     0.000004     0.000004  p
TimeReport   0.000556     0.000969     0.000969  tagsDumper
TimeReport  per event     per exec    per visit  Name

T---Report end!


=============================================

MessageLogger Summary

 type     category        sev    module        subroutine        count    total
 ---- -------------------- -- ---------------- ----------------  -----    -----
    1 XrdAdaptor           -w file_open                              1        1
    2 Fatal Exception      -s PostModuleEvent                        1        1
    3 fileAction           -s file_close                             1        1
    4 fileAction           -s file_open                              2        2

 type    category    Examples: run/evt        run/evt          run/evt
 ---- -------------------- ---------------- ---------------- ----------------
    1 XrdAdaptor           pre-events                        
    2 Fatal Exception      304451/24252262                   
    3 fileAction           PostGlobalEndRun                  
    4 fileAction           pre-events       pre-events       

Severity    # Occurrences   Total Occurrences
--------    -------------   -----------------
Warning                 1                   1
System                  4                   4

dropped waiting message count 0
