mkdir: cannot create directory '/afs/cern.ch/user/x/xisu/private/local/Analysis_workspace/VH_AC_tmp1/flashgg_d2/CMSSW_10_6_29/src/flashgg/VHAC_Analysis_Met/UL_17/UL_17_data': File exists
/cvmfs/cms.cern.ch/slc7_amd64_gcc700/external/py2-requests/2.21.0-pafccj2/lib/python2.7/site-packages/requests/__init__.py:91: RequestsDependencyWarning: urllib3 (1.25.2) or chardet (3.0.4) doesn't match a supported version!
  RequestsDependencyWarning)
20-Dec-2022 22:37:58 CET  Initiating request to open file root://cms-xrd-global.cern.ch//store/user/alesauva/flashgg/UL2017_test/10_6_4/DoubleEG/UL_test-10_6_4-v0-Run2017D-09Aug2019_UL2017-v1/200814_080913/0001/myMicroAODOutputFile_1582.root
[2022-12-20 22:38:44.904151 +0100][Error  ][AsyncSock         ] [xrootd.ba.infn.it:1094 #0.0] Socket error while handshaking: [ERROR] Socket timeout
[2022-12-20 22:38:44.904379 +0100][Error  ][PostMaster        ] [xrootd.ba.infn.it:1094 #0] elapsed = 45, pConnectionWindow = 31 seconds.
[2022-12-20 22:39:30.120009 +0100][Error  ][AsyncSock         ] [xrootd.ba.infn.it:1094 #0.0] Socket error while handshaking: [ERROR] Socket timeout
[2022-12-20 22:39:30.120151 +0100][Error  ][PostMaster        ] [xrootd.ba.infn.it:1094 #0] elapsed = 46, pConnectionWindow = 31 seconds.
[2022-12-20 22:39:30.120192 +0100][Error  ][PostMaster        ] [xrootd.ba.infn.it:1094 #0] Unable to recover: [ERROR] Socket timeout.
[2022-12-20 22:39:30.120214 +0100][Error  ][XRootD            ] [xrootd.ba.infn.it:1094] Impossible to send message kXR_open (file: /store/user/alesauva/flashgg/UL2017_test/10_6_4/DoubleEG/UL_test-10_6_4-v0-Run2017D-09Aug2019_UL2017-v1/200814_080913/0001/myMicroAODOutputFile_1582.root, mode: 0660, flags: kXR_open_read kXR_async kXR_retstat ). Trying to recover.
%MSG-w XrdAdaptor:  file_open 20-Dec-2022 22:39:37 CET pre-events
Data is served from GRIF-IRFU instead of original site CERN-CMSGLOBAL-01
%MSG
20-Dec-2022 22:39:39 CET  Successfully opened file root://cms-xrd-global.cern.ch//store/user/alesauva/flashgg/UL2017_test/10_6_4/DoubleEG/UL_test-10_6_4-v0-Run2017D-09Aug2019_UL2017-v1/200814_080913/0001/myMicroAODOutputFile_1582.root
2022-12-20 22:39:59.856935: I tensorflow/core/platform/cpu_feature_guard.cc:140] Your CPU supports instructions that this TensorFlow binary was not compiled to use: SSE4.1 SSE4.2 AVX AVX2 FMA
Begin processing the 1st record. Run 302328, Event 110353406, LumiSection 149 on stream 0 at 20-Dec-2022 22:41:25.486 CET
----- Begin Fatal Exception 20-Dec-2022 22:41:28 CET-----------------------
An exception of category 'Configuration' occurred while
   [0] Processing  Event run: 302328 lumi: 149 event: 110363565 stream: 0
   [1] Running path 'p'
   [2] Calling method for module StageOneDiPhotonTagDumper/'tagsDumper'
Exception Message:
method "get" returned void invoked on object of type "const edm::Ptr<flashgg::TagTruthBase>"
----- End Fatal Exception -------------------------------------------------
20-Dec-2022 22:41:28 CET  Closed file root://cms-xrd-global.cern.ch//store/user/alesauva/flashgg/UL2017_test/10_6_4/DoubleEG/UL_test-10_6_4-v0-Run2017D-09Aug2019_UL2017-v1/200814_080913/0001/myMicroAODOutputFile_1582.root

TrigReport ---------- Event  Summary ------------
TrigReport Events total = 9 passed = 3 failed = 6

TrigReport ---------- Path   Summary ------------
TrigReport  Trig Bit#   Executed     Passed     Failed      Error Name
TrigReport     1    0          9          3          5          1 p

TrigReport -------End-Path   Summary ------------
TrigReport  Trig Bit#   Executed     Passed     Failed      Error Name

TrigReport ---------- Modules in Path: p ------------
TrigReport  Trig Bit#    Visited     Passed     Failed      Error Name
TrigReport     1    0          9          4          5          0 hltHighLevel
TrigReport     1    1          4          4          0          0 flashggMetFilters
TrigReport     1    2          4          4          0          0 flashggDifferentialPhoIdInputsCorrection
TrigReport     1    3          4          4          0          0 flashggDiPhotonSystematics
TrigReport     1    4          4          4          0          0 flashggMetSystematics
TrigReport     1    5          4          4          0          0 flashggMuonSystematics
TrigReport     1    6          4          4          0          0 flashggElectronSystematics
TrigReport     1    7          4          4          0          0 flashggUnpackedJets
TrigReport     1    8          4          4          0          0 flashggJetSystematics0
TrigReport     1    9          4          4          0          0 flashggJetSystematics1
TrigReport     1   10          4          4          0          0 flashggJetSystematics2
TrigReport     1   11          4          4          0          0 flashggJetSystematics3
TrigReport     1   12          4          4          0          0 flashggJetSystematics4
TrigReport     1   13          4          4          0          0 flashggJetSystematics5
TrigReport     1   14          4          4          0          0 flashggJetSystematics6
TrigReport     1   15          4          4          0          0 flashggJetSystematics7
TrigReport     1   16          4          4          0          0 flashggJetSystematics8
TrigReport     1   17          4          4          0          0 flashggJetSystematics9
TrigReport     1   18          4          4          0          0 flashggJetSystematics10
TrigReport     1   19          4          4          0          0 flashggJetSystematics11
TrigReport     1   20          4          4          0          0 flashggPrefireDiPhotons
TrigReport     1   21          4          4          0          0 flashggPreselectedDiPhotons
TrigReport     1   22          4          4          0          0 flashggDiPhotonMVA
TrigReport     1   23          4          4          0          0 flashggVBFMVA
TrigReport     1   24          4          4          0          0 flashggVHhadMVA
TrigReport     1   25          4          4          0          0 flashggGluGluHMVA
TrigReport     1   26          4          4          0          0 flashggStageOneCombinedTag
TrigReport     1   27          4          4          0          0 flashggTHQLeptonicTag
TrigReport     1   28          4          4          0          0 flashggVHMetTag
TrigReport     1   29          4          4          0          0 flashggWHLeptonicTag
TrigReport     1   30          4          4          0          0 flashggZHLeptonicTag
TrigReport     1   31          4          4          0          0 flashggTTHLeptonicTag
TrigReport     1   32          4          4          0          0 flashggTTHHadronicTag
TrigReport     1   33          4          4          0          0 flashggTagSorter
TrigReport     1   34          4          4          0          0 flashggSystTagMerger
TrigReport     1   35          4          3          0          1 tagsDumper

TrigReport ---------- Module Summary ------------
TrigReport    Visited   Executed     Passed     Failed      Error Name
TrigReport          9          9          9          0          0 TriggerResults
TrigReport          4          4          4          0          0 ak4PFCHSL1FastL2L3ResidualCorrector
TrigReport          4          4          4          0          0 ak4PFCHSL1FastjetCorrector
TrigReport          4          4          4          0          0 ak4PFCHSL2RelativeCorrector
TrigReport          4          4          4          0          0 ak4PFCHSL3AbsoluteCorrector
TrigReport          4          4          4          0          0 ak4PFCHSResidualCorrector
TrigReport          4          4          4          0          0 flashggDiPhotonMVA
TrigReport          4          4          4          0          0 flashggDiPhotonSystematics
TrigReport          4          4          4          0          0 flashggDifferentialPhoIdInputsCorrection
TrigReport          4          4          4          0          0 flashggElectronSystematics
TrigReport          4          4          4          0          0 flashggGluGluHMVA
TrigReport          4          4          4          0          0 flashggJetSystematics0
TrigReport          4          4          4          0          0 flashggJetSystematics1
TrigReport          4          4          4          0          0 flashggJetSystematics10
TrigReport          4          4          4          0          0 flashggJetSystematics11
TrigReport          4          4          4          0          0 flashggJetSystematics2
TrigReport          4          4          4          0          0 flashggJetSystematics3
TrigReport          4          4          4          0          0 flashggJetSystematics4
TrigReport          4          4          4          0          0 flashggJetSystematics5
TrigReport          4          4          4          0          0 flashggJetSystematics6
TrigReport          4          4          4          0          0 flashggJetSystematics7
TrigReport          4          4          4          0          0 flashggJetSystematics8
TrigReport          4          4          4          0          0 flashggJetSystematics9
TrigReport          4          4          4          0          0 flashggMetFilters
TrigReport          4          4          4          0          0 flashggMetSystematics
TrigReport          4          4          4          0          0 flashggMuonSystematics
TrigReport          4          4          4          0          0 flashggPrefireDiPhotons
TrigReport          4          4          4          0          0 flashggPreselectedDiPhotons
TrigReport          4          4          4          0          0 flashggStageOneCombinedTag
TrigReport          4          4          4          0          0 flashggSystTagMerger
TrigReport          4          4          4          0          0 flashggTHQLeptonicTag
TrigReport          4          4          4          0          0 flashggTTHHadronicTag
TrigReport          4          4          4          0          0 flashggTTHLeptonicTag
TrigReport          4          4          4          0          0 flashggTagSorter
TrigReport          4          4          4          0          0 flashggUnpackedJets
TrigReport          4          4          4          0          0 flashggVBFMVA
TrigReport          4          4          4          0          0 flashggVHMetTag
TrigReport          4          4          4          0          0 flashggVHhadMVA
TrigReport          4          4          4          0          0 flashggWHLeptonicTag
TrigReport          4          4          4          0          0 flashggZHLeptonicTag
TrigReport          9          9          4          5          0 hltHighLevel
TrigReport          9          9          9          0          0 p
TrigReport          4          4          3          0          1 tagsDumper

TimeReport ---------- Event  Summary ---[sec]----
TimeReport       event loop CPU/event = 0.261712
TimeReport      event loop Real/event = 0.417272
TimeReport     sum Streams Real/event = 0.317917
TimeReport efficiency CPU/Real/thread = 0.627198

TimeReport ---------- Path   Summary ---[Real sec]----
TimeReport  per event     per exec  Name
TimeReport   0.281947     0.281947  p
TimeReport  per event     per exec  Name

TimeReport -------End-Path   Summary ---[Real sec]----
TimeReport  per event     per exec  Name
TimeReport  per event     per exec  Name

TimeReport ---------- Modules in Path: p ---[Real sec]----
TimeReport  per event    per visit  Name
TimeReport   0.002790     0.002790  hltHighLevel
TimeReport   0.000036     0.000081  flashggMetFilters
TimeReport   0.131139     0.295062  flashggDifferentialPhoIdInputsCorrection
TimeReport   0.000681     0.001533  flashggDiPhotonSystematics
TimeReport   0.043095     0.096964  flashggMetSystematics
TimeReport   0.000054     0.000123  flashggMuonSystematics
TimeReport   0.000139     0.000312  flashggElectronSystematics
TimeReport   0.000199     0.000447  flashggUnpackedJets
TimeReport   0.003165     0.007120  flashggJetSystematics0
TimeReport   0.000029     0.000065  flashggJetSystematics1
TimeReport   0.000016     0.000035  flashggJetSystematics2
TimeReport   0.000011     0.000026  flashggJetSystematics3
TimeReport   0.000012     0.000028  flashggJetSystematics4
TimeReport   0.000012     0.000026  flashggJetSystematics5
TimeReport   0.000011     0.000024  flashggJetSystematics6
TimeReport   0.000011     0.000025  flashggJetSystematics7
TimeReport   0.000012     0.000028  flashggJetSystematics8
TimeReport   0.000010     0.000022  flashggJetSystematics9
TimeReport   0.000010     0.000024  flashggJetSystematics10
TimeReport   0.000015     0.000035  flashggJetSystematics11
TimeReport   0.000359     0.000808  flashggPrefireDiPhotons
TimeReport   0.000668     0.001504  flashggPreselectedDiPhotons
TimeReport   0.000062     0.000140  flashggDiPhotonMVA
TimeReport   0.000091     0.000205  flashggVBFMVA
TimeReport   0.000036     0.000081  flashggVHhadMVA
TimeReport   0.000085     0.000191  flashggGluGluHMVA
TimeReport   0.000120     0.000269  flashggStageOneCombinedTag
TimeReport   0.002902     0.006530  flashggTHQLeptonicTag
TimeReport   0.000386     0.000868  flashggVHMetTag
TimeReport   0.000030     0.000067  flashggWHLeptonicTag
TimeReport   0.000023     0.000052  flashggZHLeptonicTag
TimeReport   0.000014     0.000031  flashggTTHLeptonicTag
TimeReport   0.029908     0.067292  flashggTTHHadronicTag
TimeReport   0.000164     0.000369  flashggTagSorter
TimeReport   0.000006     0.000014  flashggSystTagMerger
TimeReport   0.006466     0.014548  tagsDumper
TimeReport  per event    per visit  Name

TimeReport ---------- Module Summary ---[Real sec]----
TimeReport  per event     per exec    per visit  Name
TimeReport   0.000004     0.000004     0.000004  TriggerResults
TimeReport   0.000006     0.000014     0.000014  ak4PFCHSL1FastL2L3ResidualCorrector
TimeReport   0.000025     0.000056     0.000056  ak4PFCHSL1FastjetCorrector
TimeReport   0.000194     0.000436     0.000436  ak4PFCHSL2RelativeCorrector
TimeReport   0.000003     0.000006     0.000006  ak4PFCHSL3AbsoluteCorrector
TimeReport   0.004107     0.009242     0.009242  ak4PFCHSResidualCorrector
TimeReport   0.000062     0.000140     0.000140  flashggDiPhotonMVA
TimeReport   0.000681     0.001533     0.001533  flashggDiPhotonSystematics
TimeReport   0.131139     0.295062     0.295062  flashggDifferentialPhoIdInputsCorrection
TimeReport   0.000139     0.000312     0.000312  flashggElectronSystematics
TimeReport   0.000085     0.000191     0.000191  flashggGluGluHMVA
TimeReport   0.003165     0.007120     0.007120  flashggJetSystematics0
TimeReport   0.000029     0.000065     0.000065  flashggJetSystematics1
TimeReport   0.000010     0.000024     0.000024  flashggJetSystematics10
TimeReport   0.000015     0.000035     0.000035  flashggJetSystematics11
TimeReport   0.000016     0.000035     0.000035  flashggJetSystematics2
TimeReport   0.000011     0.000026     0.000026  flashggJetSystematics3
TimeReport   0.000012     0.000028     0.000028  flashggJetSystematics4
TimeReport   0.000012     0.000026     0.000026  flashggJetSystematics5
TimeReport   0.000011     0.000024     0.000024  flashggJetSystematics6
TimeReport   0.000011     0.000025     0.000025  flashggJetSystematics7
TimeReport   0.000012     0.000028     0.000028  flashggJetSystematics8
TimeReport   0.000010     0.000022     0.000022  flashggJetSystematics9
TimeReport   0.000036     0.000081     0.000081  flashggMetFilters
TimeReport   0.043095     0.096964     0.096964  flashggMetSystematics
TimeReport   0.000054     0.000123     0.000123  flashggMuonSystematics
TimeReport   0.000359     0.000808     0.000808  flashggPrefireDiPhotons
TimeReport   0.000668     0.001504     0.001504  flashggPreselectedDiPhotons
TimeReport   0.000120     0.000269     0.000269  flashggStageOneCombinedTag
TimeReport   0.000006     0.000014     0.000014  flashggSystTagMerger
TimeReport   0.002902     0.006530     0.006530  flashggTHQLeptonicTag
TimeReport   0.029908     0.067292     0.067292  flashggTTHHadronicTag
TimeReport   0.000014     0.000031     0.000031  flashggTTHLeptonicTag
TimeReport   0.000164     0.000369     0.000369  flashggTagSorter
TimeReport   0.000199     0.000447     0.000447  flashggUnpackedJets
TimeReport   0.000091     0.000205     0.000205  flashggVBFMVA
TimeReport   0.000386     0.000868     0.000868  flashggVHMetTag
TimeReport   0.000036     0.000081     0.000081  flashggVHhadMVA
TimeReport   0.000030     0.000067     0.000067  flashggWHLeptonicTag
TimeReport   0.000023     0.000052     0.000052  flashggZHLeptonicTag
TimeReport   0.002790     0.002790     0.002790  hltHighLevel
TimeReport   0.000010     0.000010     0.000010  p
TimeReport   0.006466     0.014548     0.014548  tagsDumper
TimeReport  per event     per exec    per visit  Name

T---Report end!


=============================================

MessageLogger Summary

 type     category        sev    module        subroutine        count    total
 ---- -------------------- -- ---------------- ----------------  -----    -----
    1 XrdAdaptor           -w file_open                              1        1
    2 Fatal Exception      -s PostModuleEvent                        1        1
    3 fileAction           -s file_close                             1        1
    4 fileAction           -s file_open                              2        2

 type    category    Examples: run/evt        run/evt          run/evt
 ---- -------------------- ---------------- ---------------- ----------------
    1 XrdAdaptor           pre-events                        
    2 Fatal Exception      302328/110363565                  
    3 fileAction           PostGlobalEndRun                  
    4 fileAction           pre-events       pre-events       

Severity    # Occurrences   Total Occurrences
--------    -------------   -----------------
Warning                 1                   1
System                  4                   4

dropped waiting message count 0
