mkdir: cannot create directory '/afs/cern.ch/user/x/xisu/private/local/Analysis_workspace/VH_AC_tmp1/flashgg_d2/CMSSW_10_6_29/src/flashgg/VHAC_Analysis_Met/UL_17/UL_17_data': File exists
/cvmfs/cms.cern.ch/slc7_amd64_gcc700/external/py2-requests/2.21.0-pafccj2/lib/python2.7/site-packages/requests/__init__.py:91: RequestsDependencyWarning: urllib3 (1.25.2) or chardet (3.0.4) doesn't match a supported version!
  RequestsDependencyWarning)
20-Dec-2022 22:38:03 CET  Initiating request to open file root://cms-xrd-global.cern.ch//store/user/alesauva/flashgg/UL2017_test/10_6_4/DoubleEG/UL_test-10_6_4-v0-Run2017F-09Aug2019_UL2017-v1/200814_081738/0000/myMicroAODOutputFile_569.root
[2022-12-20 22:38:50.127399 +0100][Error  ][AsyncSock         ] [xrootd.ba.infn.it:1094 #0.0] Socket error while handshaking: [ERROR] Socket timeout
[2022-12-20 22:38:50.127625 +0100][Error  ][PostMaster        ] [xrootd.ba.infn.it:1094 #0] elapsed = 46, pConnectionWindow = 31 seconds.
[2022-12-20 22:39:35.376991 +0100][Error  ][AsyncSock         ] [xrootd.ba.infn.it:1094 #0.0] Socket error while handshaking: [ERROR] Socket timeout
[2022-12-20 22:39:35.377117 +0100][Error  ][PostMaster        ] [xrootd.ba.infn.it:1094 #0] elapsed = 45, pConnectionWindow = 31 seconds.
[2022-12-20 22:39:35.377158 +0100][Error  ][PostMaster        ] [xrootd.ba.infn.it:1094 #0] Unable to recover: [ERROR] Socket timeout.
[2022-12-20 22:39:35.377178 +0100][Error  ][XRootD            ] [xrootd.ba.infn.it:1094] Impossible to send message kXR_open (file: /store/user/alesauva/flashgg/UL2017_test/10_6_4/DoubleEG/UL_test-10_6_4-v0-Run2017F-09Aug2019_UL2017-v1/200814_081738/0000/myMicroAODOutputFile_569.root, mode: 0660, flags: kXR_open_read kXR_async kXR_retstat ). Trying to recover.
%MSG-w XrdAdaptor:  file_open 20-Dec-2022 22:39:42 CET pre-events
Data is served from GRIF-IRFU instead of original site CERN-CMSGLOBAL-01
%MSG
20-Dec-2022 22:39:48 CET  Successfully opened file root://cms-xrd-global.cern.ch//store/user/alesauva/flashgg/UL2017_test/10_6_4/DoubleEG/UL_test-10_6_4-v0-Run2017F-09Aug2019_UL2017-v1/200814_081738/0000/myMicroAODOutputFile_569.root
2022-12-20 22:40:13.063578: I tensorflow/core/platform/cpu_feature_guard.cc:140] Your CPU supports instructions that this TensorFlow binary was not compiled to use: SSE4.1 SSE4.2 AVX AVX2 FMA
[2022-12-20 22:40:33.978422 +0100][Error  ][AsyncSock         ] [xrootd-cms.infn.it:1094 #0.0] Socket error while handshaking: [ERROR] Socket timeout
[2022-12-20 22:40:33.978631 +0100][Error  ][PostMaster        ] [xrootd-cms.infn.it:1094 #0] elapsed = 45, pConnectionWindow = 31 seconds.
Begin processing the 1st record. Run 305046, Event 133566963, LumiSection 118 on stream 0 at 20-Dec-2022 22:41:55.721 CET
----- Begin Fatal Exception 20-Dec-2022 22:41:58 CET-----------------------
An exception of category 'Configuration' occurred while
   [0] Processing  Event run: 305046 lumi: 118 event: 133120788 stream: 0
   [1] Running path 'p'
   [2] Calling method for module StageOneDiPhotonTagDumper/'tagsDumper'
Exception Message:
method "get" returned void invoked on object of type "const edm::Ptr<flashgg::TagTruthBase>"
----- End Fatal Exception -------------------------------------------------
20-Dec-2022 22:41:58 CET  Closed file root://cms-xrd-global.cern.ch//store/user/alesauva/flashgg/UL2017_test/10_6_4/DoubleEG/UL_test-10_6_4-v0-Run2017F-09Aug2019_UL2017-v1/200814_081738/0000/myMicroAODOutputFile_569.root

TrigReport ---------- Event  Summary ------------
TrigReport Events total = 3 passed = 1 failed = 2

TrigReport ---------- Path   Summary ------------
TrigReport  Trig Bit#   Executed     Passed     Failed      Error Name
TrigReport     1    0          3          1          1          1 p

TrigReport -------End-Path   Summary ------------
TrigReport  Trig Bit#   Executed     Passed     Failed      Error Name

TrigReport ---------- Modules in Path: p ------------
TrigReport  Trig Bit#    Visited     Passed     Failed      Error Name
TrigReport     1    0          3          2          1          0 hltHighLevel
TrigReport     1    1          2          2          0          0 flashggMetFilters
TrigReport     1    2          2          2          0          0 flashggDifferentialPhoIdInputsCorrection
TrigReport     1    3          2          2          0          0 flashggDiPhotonSystematics
TrigReport     1    4          2          2          0          0 flashggMetSystematics
TrigReport     1    5          2          2          0          0 flashggMuonSystematics
TrigReport     1    6          2          2          0          0 flashggElectronSystematics
TrigReport     1    7          2          2          0          0 flashggUnpackedJets
TrigReport     1    8          2          2          0          0 flashggJetSystematics0
TrigReport     1    9          2          2          0          0 flashggJetSystematics1
TrigReport     1   10          2          2          0          0 flashggJetSystematics2
TrigReport     1   11          2          2          0          0 flashggJetSystematics3
TrigReport     1   12          2          2          0          0 flashggJetSystematics4
TrigReport     1   13          2          2          0          0 flashggJetSystematics5
TrigReport     1   14          2          2          0          0 flashggJetSystematics6
TrigReport     1   15          2          2          0          0 flashggJetSystematics7
TrigReport     1   16          2          2          0          0 flashggJetSystematics8
TrigReport     1   17          2          2          0          0 flashggJetSystematics9
TrigReport     1   18          2          2          0          0 flashggJetSystematics10
TrigReport     1   19          2          2          0          0 flashggJetSystematics11
TrigReport     1   20          2          2          0          0 flashggPrefireDiPhotons
TrigReport     1   21          2          2          0          0 flashggPreselectedDiPhotons
TrigReport     1   22          2          2          0          0 flashggDiPhotonMVA
TrigReport     1   23          2          2          0          0 flashggVBFMVA
TrigReport     1   24          2          2          0          0 flashggVHhadMVA
TrigReport     1   25          2          2          0          0 flashggGluGluHMVA
TrigReport     1   26          2          2          0          0 flashggStageOneCombinedTag
TrigReport     1   27          2          2          0          0 flashggTHQLeptonicTag
TrigReport     1   28          2          2          0          0 flashggVHMetTag
TrigReport     1   29          2          2          0          0 flashggWHLeptonicTag
TrigReport     1   30          2          2          0          0 flashggZHLeptonicTag
TrigReport     1   31          2          2          0          0 flashggTTHLeptonicTag
TrigReport     1   32          2          2          0          0 flashggTTHHadronicTag
TrigReport     1   33          2          2          0          0 flashggTagSorter
TrigReport     1   34          2          2          0          0 flashggSystTagMerger
TrigReport     1   35          2          1          0          1 tagsDumper

TrigReport ---------- Module Summary ------------
TrigReport    Visited   Executed     Passed     Failed      Error Name
TrigReport          3          3          3          0          0 TriggerResults
TrigReport          2          2          2          0          0 ak4PFCHSL1FastL2L3ResidualCorrector
TrigReport          2          2          2          0          0 ak4PFCHSL1FastjetCorrector
TrigReport          2          2          2          0          0 ak4PFCHSL2RelativeCorrector
TrigReport          2          2          2          0          0 ak4PFCHSL3AbsoluteCorrector
TrigReport          2          2          2          0          0 ak4PFCHSResidualCorrector
TrigReport          2          2          2          0          0 flashggDiPhotonMVA
TrigReport          2          2          2          0          0 flashggDiPhotonSystematics
TrigReport          2          2          2          0          0 flashggDifferentialPhoIdInputsCorrection
TrigReport          2          2          2          0          0 flashggElectronSystematics
TrigReport          2          2          2          0          0 flashggGluGluHMVA
TrigReport          2          2          2          0          0 flashggJetSystematics0
TrigReport          2          2          2          0          0 flashggJetSystematics1
TrigReport          2          2          2          0          0 flashggJetSystematics10
TrigReport          2          2          2          0          0 flashggJetSystematics11
TrigReport          2          2          2          0          0 flashggJetSystematics2
TrigReport          2          2          2          0          0 flashggJetSystematics3
TrigReport          2          2          2          0          0 flashggJetSystematics4
TrigReport          2          2          2          0          0 flashggJetSystematics5
TrigReport          2          2          2          0          0 flashggJetSystematics6
TrigReport          2          2          2          0          0 flashggJetSystematics7
TrigReport          2          2          2          0          0 flashggJetSystematics8
TrigReport          2          2          2          0          0 flashggJetSystematics9
TrigReport          2          2          2          0          0 flashggMetFilters
TrigReport          2          2          2          0          0 flashggMetSystematics
TrigReport          2          2          2          0          0 flashggMuonSystematics
TrigReport          2          2          2          0          0 flashggPrefireDiPhotons
TrigReport          2          2          2          0          0 flashggPreselectedDiPhotons
TrigReport          2          2          2          0          0 flashggStageOneCombinedTag
TrigReport          2          2          2          0          0 flashggSystTagMerger
TrigReport          2          2          2          0          0 flashggTHQLeptonicTag
TrigReport          2          2          2          0          0 flashggTTHHadronicTag
TrigReport          2          2          2          0          0 flashggTTHLeptonicTag
TrigReport          2          2          2          0          0 flashggTagSorter
TrigReport          2          2          2          0          0 flashggUnpackedJets
TrigReport          2          2          2          0          0 flashggVBFMVA
TrigReport          2          2          2          0          0 flashggVHMetTag
TrigReport          2          2          2          0          0 flashggVHhadMVA
TrigReport          2          2          2          0          0 flashggWHLeptonicTag
TrigReport          2          2          2          0          0 flashggZHLeptonicTag
TrigReport          3          3          2          1          0 hltHighLevel
TrigReport          3          3          3          0          0 p
TrigReport          2          2          1          0          1 tagsDumper

TimeReport ---------- Event  Summary ---[sec]----
TimeReport       event loop CPU/event = 0.823874
TimeReport      event loop Real/event = 1.967106
TimeReport     sum Streams Real/event = 1.035190
TimeReport efficiency CPU/Real/thread = 0.418825

TimeReport ---------- Path   Summary ---[Real sec]----
TimeReport  per event     per exec  Name
TimeReport   1.018364     1.018364  p
TimeReport  per event     per exec  Name

TimeReport -------End-Path   Summary ---[Real sec]----
TimeReport  per event     per exec  Name
TimeReport  per event     per exec  Name

TimeReport ---------- Modules in Path: p ---[Real sec]----
TimeReport  per event    per visit  Name
TimeReport   0.001078     0.001078  hltHighLevel
TimeReport   0.000088     0.000132  flashggMetFilters
TimeReport   0.629704     0.944556  flashggDifferentialPhoIdInputsCorrection
TimeReport   0.001461     0.002192  flashggDiPhotonSystematics
TimeReport   0.159815     0.239723  flashggMetSystematics
TimeReport   0.000173     0.000259  flashggMuonSystematics
TimeReport   0.000148     0.000222  flashggElectronSystematics
TimeReport   0.000483     0.000725  flashggUnpackedJets
TimeReport   0.009288     0.013932  flashggJetSystematics0
TimeReport   0.000066     0.000099  flashggJetSystematics1
TimeReport   0.000055     0.000082  flashggJetSystematics2
TimeReport   0.000106     0.000159  flashggJetSystematics3
TimeReport   0.000054     0.000081  flashggJetSystematics4
TimeReport   0.000051     0.000076  flashggJetSystematics5
TimeReport   0.000057     0.000086  flashggJetSystematics6
TimeReport   0.000056     0.000085  flashggJetSystematics7
TimeReport   0.000058     0.000087  flashggJetSystematics8
TimeReport   0.000054     0.000082  flashggJetSystematics9
TimeReport   0.000053     0.000080  flashggJetSystematics10
TimeReport   0.000052     0.000078  flashggJetSystematics11
TimeReport   0.000578     0.000866  flashggPrefireDiPhotons
TimeReport   0.002258     0.003387  flashggPreselectedDiPhotons
TimeReport   0.000190     0.000285  flashggDiPhotonMVA
TimeReport   0.000216     0.000324  flashggVBFMVA
TimeReport   0.000137     0.000205  flashggVHhadMVA
TimeReport   0.000352     0.000527  flashggGluGluHMVA
TimeReport   0.000382     0.000573  flashggStageOneCombinedTag
TimeReport   0.000189     0.000283  flashggTHQLeptonicTag
TimeReport   0.013189     0.019784  flashggVHMetTag
TimeReport   0.000084     0.000127  flashggWHLeptonicTag
TimeReport   0.000071     0.000106  flashggZHLeptonicTag
TimeReport   0.000037     0.000055  flashggTTHLeptonicTag
TimeReport   0.000066     0.000099  flashggTTHHadronicTag
TimeReport   0.000441     0.000661  flashggTagSorter
TimeReport   0.000022     0.000034  flashggSystTagMerger
TimeReport   0.013103     0.019655  tagsDumper
TimeReport  per event    per visit  Name

TimeReport ---------- Module Summary ---[Real sec]----
TimeReport  per event     per exec    per visit  Name
TimeReport   0.000006     0.000006     0.000006  TriggerResults
TimeReport   0.000017     0.000026     0.000026  ak4PFCHSL1FastL2L3ResidualCorrector
TimeReport   0.000065     0.000097     0.000097  ak4PFCHSL1FastjetCorrector
TimeReport   0.000392     0.000588     0.000588  ak4PFCHSL2RelativeCorrector
TimeReport   0.000007     0.000010     0.000010  ak4PFCHSL3AbsoluteCorrector
TimeReport   0.023777     0.035666     0.035666  ak4PFCHSResidualCorrector
TimeReport   0.000190     0.000285     0.000285  flashggDiPhotonMVA
TimeReport   0.001461     0.002192     0.002192  flashggDiPhotonSystematics
TimeReport   0.629704     0.944556     0.944556  flashggDifferentialPhoIdInputsCorrection
TimeReport   0.000148     0.000222     0.000222  flashggElectronSystematics
TimeReport   0.000352     0.000527     0.000527  flashggGluGluHMVA
TimeReport   0.009288     0.013932     0.013932  flashggJetSystematics0
TimeReport   0.000066     0.000099     0.000099  flashggJetSystematics1
TimeReport   0.000053     0.000080     0.000080  flashggJetSystematics10
TimeReport   0.000052     0.000078     0.000078  flashggJetSystematics11
TimeReport   0.000055     0.000082     0.000082  flashggJetSystematics2
TimeReport   0.000106     0.000159     0.000159  flashggJetSystematics3
TimeReport   0.000054     0.000081     0.000081  flashggJetSystematics4
TimeReport   0.000051     0.000076     0.000076  flashggJetSystematics5
TimeReport   0.000057     0.000086     0.000086  flashggJetSystematics6
TimeReport   0.000056     0.000085     0.000085  flashggJetSystematics7
TimeReport   0.000058     0.000087     0.000087  flashggJetSystematics8
TimeReport   0.000054     0.000082     0.000082  flashggJetSystematics9
TimeReport   0.000088     0.000132     0.000132  flashggMetFilters
TimeReport   0.159815     0.239723     0.239723  flashggMetSystematics
TimeReport   0.000173     0.000259     0.000259  flashggMuonSystematics
TimeReport   0.000578     0.000866     0.000866  flashggPrefireDiPhotons
TimeReport   0.002258     0.003387     0.003387  flashggPreselectedDiPhotons
TimeReport   0.000382     0.000573     0.000573  flashggStageOneCombinedTag
TimeReport   0.000022     0.000034     0.000034  flashggSystTagMerger
TimeReport   0.000189     0.000283     0.000283  flashggTHQLeptonicTag
TimeReport   0.000066     0.000099     0.000099  flashggTTHHadronicTag
TimeReport   0.000037     0.000055     0.000055  flashggTTHLeptonicTag
TimeReport   0.000441     0.000661     0.000661  flashggTagSorter
TimeReport   0.000483     0.000725     0.000725  flashggUnpackedJets
TimeReport   0.000216     0.000324     0.000324  flashggVBFMVA
TimeReport   0.013189     0.019784     0.019784  flashggVHMetTag
TimeReport   0.000137     0.000205     0.000205  flashggVHhadMVA
TimeReport   0.000084     0.000127     0.000127  flashggWHLeptonicTag
TimeReport   0.000071     0.000106     0.000106  flashggZHLeptonicTag
TimeReport   0.001078     0.001078     0.001078  hltHighLevel
TimeReport   0.000019     0.000019     0.000019  p
TimeReport   0.013103     0.019655     0.019655  tagsDumper
TimeReport  per event     per exec    per visit  Name

T---Report end!


=============================================

MessageLogger Summary

 type     category        sev    module        subroutine        count    total
 ---- -------------------- -- ---------------- ----------------  -----    -----
    1 XrdAdaptor           -w file_open                              1        1
    2 Fatal Exception      -s PostModuleEvent                        1        1
    3 fileAction           -s file_close                             1        1
    4 fileAction           -s file_open                              2        2

 type    category    Examples: run/evt        run/evt          run/evt
 ---- -------------------- ---------------- ---------------- ----------------
    1 XrdAdaptor           pre-events                        
    2 Fatal Exception      305046/133120788                  
    3 fileAction           PostGlobalEndRun                  
    4 fileAction           pre-events       pre-events       

Severity    # Occurrences   Total Occurrences
--------    -------------   -----------------
Warning                 1                   1
System                  4                   4

dropped waiting message count 0
