mkdir: cannot create directory '/afs/cern.ch/user/x/xisu/private/local/Analysis_workspace/VH_AC_tmp1/flashgg_d2/CMSSW_10_6_29/src/flashgg/VHAC_Analysis_Met/UL_17/UL_17_wh125': File exists
/cvmfs/cms.cern.ch/slc7_amd64_gcc700/external/py2-requests/2.21.0-pafccj2/lib/python2.7/site-packages/requests/__init__.py:91: RequestsDependencyWarning: urllib3 (1.25.2) or chardet (3.0.4) doesn't match a supported version!
  RequestsDependencyWarning)
20-Dec-2022 10:05:01 CET  Initiating request to open file root://cms-xrd-global.cern.ch//store/user/alesauva/flashgg/UL2017_4/10_6_4/WHiggs0PMToGG_M125_TuneCP5_13TeV-JHUGenV7011-pythia8/UL2017_4-10_6_4-v0-RunIISummer19UL17MiniAOD-106X_mc2017_realistic_v6-v2/200720_160815/0000/myMicroAODOutputFile_16.root
%MSG-w XrdAdaptor:  file_open 20-Dec-2022 10:05:04 CET pre-events
Data is served from GRIF-IRFU instead of original site CERN-CMSGLOBAL-01
%MSG
20-Dec-2022 10:05:08 CET  Successfully opened file root://cms-xrd-global.cern.ch//store/user/alesauva/flashgg/UL2017_4/10_6_4/WHiggs0PMToGG_M125_TuneCP5_13TeV-JHUGenV7011-pythia8/UL2017_4-10_6_4-v0-RunIISummer19UL17MiniAOD-106X_mc2017_realistic_v6-v2/200720_160815/0000/myMicroAODOutputFile_16.root
[2022-12-20 10:05:53.795832 +0100][Error  ][AsyncSock         ] [xrootd-cms.infn.it:1094 #0.0] Socket error while handshaking: [ERROR] Socket timeout
[2022-12-20 10:05:53.796090 +0100][Error  ][PostMaster        ] [xrootd-cms.infn.it:1094 #0] elapsed = 45, pConnectionWindow = 31 seconds.
[2022-12-20 10:06:44.218244 +0100][Error  ][AsyncSock         ] [xrootd.ba.infn.it:1094 #0.0] Socket error while handshaking: [ERROR] Socket timeout
[2022-12-20 10:06:44.218374 +0100][Error  ][PostMaster        ] [xrootd.ba.infn.it:1094 #0] elapsed = 45, pConnectionWindow = 31 seconds.
[2022-12-20 10:07:29.459264 +0100][Error  ][AsyncSock         ] [xrootd.ba.infn.it:1094 #0.0] Socket error while handshaking: [ERROR] Socket timeout
[2022-12-20 10:07:29.459455 +0100][Error  ][PostMaster        ] [xrootd.ba.infn.it:1094 #0] elapsed = 45, pConnectionWindow = 31 seconds.
[2022-12-20 10:07:29.459489 +0100][Error  ][PostMaster        ] [xrootd.ba.infn.it:1094 #0] Unable to recover: [ERROR] Socket timeout.
[2022-12-20 10:07:29.459508 +0100][Error  ][XRootD            ] [xrootd.ba.infn.it:1094] Impossible to send message kXR_open (file: /store/user/alesauva/flashgg/UL2017_4/10_6_4/WHiggs0PMToGG_M125_TuneCP5_13TeV-JHUGenV7011-pythia8/UL2017_4-10_6_4-v0-RunIISummer19UL17MiniAOD-106X_mc2017_realistic_v6-v2/200720_160815/0000/myMicroAODOutputFile_16.root?tried=+1413xrootd-redic.pi.infn.it,+1213xrootd-cms-redir-int.cr.cnaf.infn.it,+1413xrootd-cms-redir-int.cr.cnaf.infn.it,stor89.datagrid.cea.fr,node12.datagrid.cea.fr,llrxrd-redir.in2p3.fr,xrootd-cms.infn.it,xrootd-redic.pi.infn.it&triedrc=enoent,enoent, mode: 0660, flags: kXR_open_read kXR_async kXR_retstat ). Trying to recover.
2022-12-20 10:15:53.296567: I tensorflow/core/platform/cpu_feature_guard.cc:140] Your CPU supports instructions that this TensorFlow binary was not compiled to use: SSE4.1 SSE4.2 AVX AVX2 FMA
Begin processing the 1st record. Run 1, Event 123215, LumiSection 1233 on stream 0 at 20-Dec-2022 10:16:36.507 CET
[2022-12-20 10:17:20.724925 +0100][Error  ][AsyncSock         ] [xrootd.ba.infn.it:1094 #0.0] Socket error while handshaking: [ERROR] Socket timeout
[2022-12-20 10:17:20.725030 +0100][Error  ][PostMaster        ] [xrootd.ba.infn.it:1094 #0] elapsed = 45, pConnectionWindow = 31 seconds.
[2022-12-20 10:18:05.960164 +0100][Error  ][AsyncSock         ] [xrootd.ba.infn.it:1094 #0.0] Socket error while handshaking: [ERROR] Socket timeout
[2022-12-20 10:18:05.960267 +0100][Error  ][PostMaster        ] [xrootd.ba.infn.it:1094 #0] elapsed = 45, pConnectionWindow = 31 seconds.
[2022-12-20 10:18:05.960275 +0100][Error  ][PostMaster        ] [xrootd.ba.infn.it:1094 #0] Unable to recover: [ERROR] Socket timeout.
[2022-12-20 10:18:05.960289 +0100][Error  ][XRootD            ] [xrootd.ba.infn.it:1094] Impossible to send message kXR_open (file: /store/user/alesauva/flashgg/UL2017_4/10_6_4/WHiggs0PMToGG_M125_TuneCP5_13TeV-JHUGenV7011-pythia8/UL2017_4-10_6_4-v0-RunIISummer19UL17MiniAOD-106X_mc2017_realistic_v6-v2/200720_160815/0000/myMicroAODOutputFile_16.root?tried=stor89.datagrid.cea.fr, mode: 0660, flags: kXR_open_read kXR_async kXR_retstat ). Trying to recover.
Begin processing the 1001st record. Run 1, Event 124205, LumiSection 1243 on stream 0 at 20-Dec-2022 10:20:07.422 CET
Begin processing the 2001st record. Run 1, Event 125208, LumiSection 1253 on stream 0 at 20-Dec-2022 10:21:46.054 CET
[2022-12-20 10:22:45.360416 +0100][Error  ][AsyncSock         ] [xrootd.ba.infn.it:1094 #0.0] Socket error while handshaking: [ERROR] Socket timeout
[2022-12-20 10:22:45.360544 +0100][Error  ][PostMaster        ] [xrootd.ba.infn.it:1094 #0] elapsed = 45, pConnectionWindow = 31 seconds.
Begin processing the 3001st record. Run 1, Event 176407, LumiSection 1765 on stream 0 at 20-Dec-2022 10:23:19.948 CET
[2022-12-20 10:23:30.594240 +0100][Error  ][AsyncSock         ] [xrootd.ba.infn.it:1094 #0.0] Socket error while handshaking: [ERROR] Socket timeout
[2022-12-20 10:23:30.594368 +0100][Error  ][PostMaster        ] [xrootd.ba.infn.it:1094 #0] elapsed = 45, pConnectionWindow = 31 seconds.
[2022-12-20 10:23:30.594383 +0100][Error  ][PostMaster        ] [xrootd.ba.infn.it:1094 #0] Unable to recover: [ERROR] Socket timeout.
[2022-12-20 10:23:30.594393 +0100][Error  ][XRootD            ] [xrootd.ba.infn.it:1094] Impossible to send message kXR_open (file: /store/user/alesauva/flashgg/UL2017_4/10_6_4/WHiggs0PMToGG_M125_TuneCP5_13TeV-JHUGenV7011-pythia8/UL2017_4-10_6_4-v0-RunIISummer19UL17MiniAOD-106X_mc2017_realistic_v6-v2/200720_160815/0000/myMicroAODOutputFile_16.root?tried=stor89.datagrid.cea.fr, mode: 0660, flags: kXR_open_read kXR_async kXR_retstat ). Trying to recover.
Begin processing the 4001st record. Run 1, Event 177407, LumiSection 1775 on stream 0 at 20-Dec-2022 10:24:53.173 CET
Begin processing the 5001st record. Run 1, Event 281305, LumiSection 2814 on stream 0 at 20-Dec-2022 10:26:31.400 CET
[2022-12-20 10:27:55.373346 +0100][Error  ][AsyncSock         ] [xrootd.ba.infn.it:1094 #0.0] Socket error while handshaking: [ERROR] Socket timeout
[2022-12-20 10:27:55.373496 +0100][Error  ][PostMaster        ] [xrootd.ba.infn.it:1094 #0] elapsed = 45, pConnectionWindow = 31 seconds.
Begin processing the 6001st record. Run 1, Event 275001, LumiSection 2751 on stream 0 at 20-Dec-2022 10:28:05.594 CET
[2022-12-20 10:28:40.602270 +0100][Error  ][AsyncSock         ] [xrootd.ba.infn.it:1094 #0.0] Socket error while handshaking: [ERROR] Socket timeout
[2022-12-20 10:28:40.602412 +0100][Error  ][PostMaster        ] [xrootd.ba.infn.it:1094 #0] elapsed = 45, pConnectionWindow = 31 seconds.
[2022-12-20 10:28:40.602425 +0100][Error  ][PostMaster        ] [xrootd.ba.infn.it:1094 #0] Unable to recover: [ERROR] Socket timeout.
[2022-12-20 10:28:40.602434 +0100][Error  ][XRootD            ] [xrootd.ba.infn.it:1094] Impossible to send message kXR_open (file: /store/user/alesauva/flashgg/UL2017_4/10_6_4/WHiggs0PMToGG_M125_TuneCP5_13TeV-JHUGenV7011-pythia8/UL2017_4-10_6_4-v0-RunIISummer19UL17MiniAOD-106X_mc2017_realistic_v6-v2/200720_160815/0000/myMicroAODOutputFile_16.root?tried=stor89.datagrid.cea.fr, mode: 0460, flags: kXR_open_read kXR_async kXR_retstat ). Trying to recover.
Begin processing the 7001st record. Run 1, Event 647013, LumiSection 6471 on stream 0 at 20-Dec-2022 10:29:38.961 CET
Begin processing the 8001st record. Run 1, Event 648004, LumiSection 6481 on stream 0 at 20-Dec-2022 10:31:18.216 CET
Begin processing the 9001st record. Run 1, Event 649003, LumiSection 6491 on stream 0 at 20-Dec-2022 10:32:54.746 CET
[2022-12-20 10:32:58.461193 +0100][Error  ][AsyncSock         ] [xrootd.ba.infn.it:1094 #0.0] Socket error while handshaking: [ERROR] Socket timeout
[2022-12-20 10:32:58.461309 +0100][Error  ][PostMaster        ] [xrootd.ba.infn.it:1094 #0] elapsed = 45, pConnectionWindow = 31 seconds.
[2022-12-20 10:33:43.669237 +0100][Error  ][AsyncSock         ] [xrootd.ba.infn.it:1094 #0.0] Socket error while handshaking: [ERROR] Socket timeout
[2022-12-20 10:33:43.669358 +0100][Error  ][PostMaster        ] [xrootd.ba.infn.it:1094 #0] elapsed = 45, pConnectionWindow = 31 seconds.
[2022-12-20 10:33:43.669388 +0100][Error  ][PostMaster        ] [xrootd.ba.infn.it:1094 #0] Unable to recover: [ERROR] Socket timeout.
[2022-12-20 10:33:43.669397 +0100][Error  ][XRootD            ] [xrootd.ba.infn.it:1094] Impossible to send message kXR_open (file: /store/user/alesauva/flashgg/UL2017_4/10_6_4/WHiggs0PMToGG_M125_TuneCP5_13TeV-JHUGenV7011-pythia8/UL2017_4-10_6_4-v0-RunIISummer19UL17MiniAOD-106X_mc2017_realistic_v6-v2/200720_160815/0000/myMicroAODOutputFile_16.root?tried=stor89.datagrid.cea.fr, mode: 0660, flags: kXR_open_read kXR_async kXR_retstat ). Trying to recover.
Begin processing the 10001st record. Run 1, Event 62503, LumiSection 626 on stream 0 at 20-Dec-2022 10:34:26.971 CET
Begin processing the 11001st record. Run 1, Event 205204, LumiSection 2053 on stream 0 at 20-Dec-2022 10:36:06.915 CET
Begin processing the 12001st record. Run 1, Event 239117, LumiSection 2392 on stream 0 at 20-Dec-2022 10:37:38.031 CET
[2022-12-20 10:38:04.150680 +0100][Error  ][AsyncSock         ] [xrootd.ba.infn.it:1094 #0.0] Socket error while handshaking: [ERROR] Socket timeout
[2022-12-20 10:38:04.150782 +0100][Error  ][PostMaster        ] [xrootd.ba.infn.it:1094 #0] elapsed = 45, pConnectionWindow = 31 seconds.
[2022-12-20 10:38:49.351411 +0100][Error  ][AsyncSock         ] [xrootd.ba.infn.it:1094 #0.0] Socket error while handshaking: [ERROR] Socket timeout
[2022-12-20 10:38:49.351505 +0100][Error  ][PostMaster        ] [xrootd.ba.infn.it:1094 #0] elapsed = 45, pConnectionWindow = 31 seconds.
[2022-12-20 10:38:49.351514 +0100][Error  ][PostMaster        ] [xrootd.ba.infn.it:1094 #0] Unable to recover: [ERROR] Socket timeout.
[2022-12-20 10:38:49.351521 +0100][Error  ][XRootD            ] [xrootd.ba.infn.it:1094] Impossible to send message kXR_open (file: /store/user/alesauva/flashgg/UL2017_4/10_6_4/WHiggs0PMToGG_M125_TuneCP5_13TeV-JHUGenV7011-pythia8/UL2017_4-10_6_4-v0-RunIISummer19UL17MiniAOD-106X_mc2017_realistic_v6-v2/200720_160815/0000/myMicroAODOutputFile_16.root?tried=stor89.datagrid.cea.fr, mode: 0660, flags: kXR_open_read kXR_async kXR_retstat ). Trying to recover.
Begin processing the 13001st record. Run 1, Event 240125, LumiSection 2402 on stream 0 at 20-Dec-2022 10:39:11.082 CET
Begin processing the 14001st record. Run 1, Event 241116, LumiSection 2412 on stream 0 at 20-Dec-2022 10:40:49.365 CET
Begin processing the 15001st record. Run 1, Event 247105, LumiSection 2472 on stream 0 at 20-Dec-2022 10:42:28.271 CET
[2022-12-20 10:43:14.219249 +0100][Error  ][AsyncSock         ] [xrootd.ba.infn.it:1094 #0.0] Socket error while handshaking: [ERROR] Socket timeout
[2022-12-20 10:43:14.219391 +0100][Error  ][PostMaster        ] [xrootd.ba.infn.it:1094 #0] elapsed = 46, pConnectionWindow = 31 seconds.
[2022-12-20 10:43:59.457749 +0100][Error  ][AsyncSock         ] [xrootd.ba.infn.it:1094 #0.0] Socket error while handshaking: [ERROR] Socket timeout
[2022-12-20 10:43:59.457879 +0100][Error  ][PostMaster        ] [xrootd.ba.infn.it:1094 #0] elapsed = 45, pConnectionWindow = 31 seconds.
[2022-12-20 10:43:59.457892 +0100][Error  ][PostMaster        ] [xrootd.ba.infn.it:1094 #0] Unable to recover: [ERROR] Socket timeout.
[2022-12-20 10:43:59.457902 +0100][Error  ][XRootD            ] [xrootd.ba.infn.it:1094] Impossible to send message kXR_open (file: /store/user/alesauva/flashgg/UL2017_4/10_6_4/WHiggs0PMToGG_M125_TuneCP5_13TeV-JHUGenV7011-pythia8/UL2017_4-10_6_4-v0-RunIISummer19UL17MiniAOD-106X_mc2017_realistic_v6-v2/200720_160815/0000/myMicroAODOutputFile_16.root?tried=stor89.datagrid.cea.fr, mode: 0660, flags: kXR_open_read kXR_async kXR_retstat ). Trying to recover.
Begin processing the 16001st record. Run 1, Event 248102, LumiSection 2482 on stream 0 at 20-Dec-2022 10:44:09.305 CET
Begin processing the 17001st record. Run 1, Event 249102, LumiSection 2492 on stream 0 at 20-Dec-2022 10:45:50.081 CET
Begin processing the 18001st record. Run 1, Event 250108, LumiSection 2502 on stream 0 at 20-Dec-2022 10:47:22.942 CET
[2022-12-20 10:48:28.396265 +0100][Error  ][AsyncSock         ] [xrootd.ba.infn.it:1094 #0.0] Socket error while handshaking: [ERROR] Socket timeout
[2022-12-20 10:48:28.396386 +0100][Error  ][PostMaster        ] [xrootd.ba.infn.it:1094 #0] elapsed = 45, pConnectionWindow = 31 seconds.
Begin processing the 19001st record. Run 1, Event 251105, LumiSection 2512 on stream 0 at 20-Dec-2022 10:48:56.047 CET
[2022-12-20 10:49:13.624259 +0100][Error  ][AsyncSock         ] [xrootd.ba.infn.it:1094 #0.0] Socket error while handshaking: [ERROR] Socket timeout
[2022-12-20 10:49:13.624404 +0100][Error  ][PostMaster        ] [xrootd.ba.infn.it:1094 #0] elapsed = 45, pConnectionWindow = 31 seconds.
[2022-12-20 10:49:13.624415 +0100][Error  ][PostMaster        ] [xrootd.ba.infn.it:1094 #0] Unable to recover: [ERROR] Socket timeout.
[2022-12-20 10:49:13.624423 +0100][Error  ][XRootD            ] [xrootd.ba.infn.it:1094] Impossible to send message kXR_open (file: /store/user/alesauva/flashgg/UL2017_4/10_6_4/WHiggs0PMToGG_M125_TuneCP5_13TeV-JHUGenV7011-pythia8/UL2017_4-10_6_4-v0-RunIISummer19UL17MiniAOD-106X_mc2017_realistic_v6-v2/200720_160815/0000/myMicroAODOutputFile_16.root?tried=stor89.datagrid.cea.fr, mode: 0660, flags: kXR_open_read kXR_async kXR_retstat ). Trying to recover.
Begin processing the 20001st record. Run 1, Event 252107, LumiSection 2522 on stream 0 at 20-Dec-2022 10:50:32.130 CET
Begin processing the 21001st record. Run 1, Event 253103, LumiSection 2532 on stream 0 at 20-Dec-2022 10:52:14.371 CET
[2022-12-20 10:53:43.876274 +0100][Error  ][AsyncSock         ] [xrootd.ba.infn.it:1094 #0.0] Socket error while handshaking: [ERROR] Socket timeout
[2022-12-20 10:53:43.876426 +0100][Error  ][PostMaster        ] [xrootd.ba.infn.it:1094 #0] elapsed = 45, pConnectionWindow = 31 seconds.
Begin processing the 22001st record. Run 1, Event 254103, LumiSection 2542 on stream 0 at 20-Dec-2022 10:53:57.340 CET
[2022-12-20 10:54:28.057541 +0100][Error  ][AsyncSock         ] [xrootd.ba.infn.it:1094 #0.0] Socket error while handshaking: [ERROR] Socket timeout
[2022-12-20 10:54:28.057649 +0100][Error  ][PostMaster        ] [xrootd.ba.infn.it:1094 #0] elapsed = 45, pConnectionWindow = 31 seconds.
[2022-12-20 10:54:28.057658 +0100][Error  ][PostMaster        ] [xrootd.ba.infn.it:1094 #0] Unable to recover: [ERROR] Socket timeout.
[2022-12-20 10:54:28.057665 +0100][Error  ][XRootD            ] [xrootd.ba.infn.it:1094] Impossible to send message kXR_open (file: /store/user/alesauva/flashgg/UL2017_4/10_6_4/WHiggs0PMToGG_M125_TuneCP5_13TeV-JHUGenV7011-pythia8/UL2017_4-10_6_4-v0-RunIISummer19UL17MiniAOD-106X_mc2017_realistic_v6-v2/200720_160815/0000/myMicroAODOutputFile_16.root?tried=stor89.datagrid.cea.fr, mode: 0660, flags: kXR_open_read kXR_async kXR_retstat ). Trying to recover.
Begin processing the 23001st record. Run 1, Event 264607, LumiSection 2647 on stream 0 at 20-Dec-2022 10:55:39.030 CET
Begin processing the 24001st record. Run 1, Event 265602, LumiSection 2657 on stream 0 at 20-Dec-2022 10:57:29.325 CET
20-Dec-2022 10:59:09 CET  Closed file root://cms-xrd-global.cern.ch//store/user/alesauva/flashgg/UL2017_4/10_6_4/WHiggs0PMToGG_M125_TuneCP5_13TeV-JHUGenV7011-pythia8/UL2017_4-10_6_4-v0-RunIISummer19UL17MiniAOD-106X_mc2017_realistic_v6-v2/200720_160815/0000/myMicroAODOutputFile_16.root

TrigReport ---------- Event  Summary ------------
TrigReport Events total = 25000 passed = 24880 failed = 120

TrigReport ---------- Path   Summary ------------
TrigReport  Trig Bit#   Executed     Passed     Failed      Error Name
TrigReport     1    0      25000      24880        120          0 p

TrigReport -------End-Path   Summary ------------
TrigReport  Trig Bit#   Executed     Passed     Failed      Error Name

TrigReport ---------- Modules in Path: p ------------
TrigReport  Trig Bit#    Visited     Passed     Failed      Error Name
TrigReport     1    0      25000      24880        120          0 flashggMetFilters
TrigReport     1    1      24880      24880          0          0 VHFilter
TrigReport     1    2      24880      24880          0          0 flashggDifferentialPhoIdInputsCorrection
TrigReport     1    3      24880      24880          0          0 flashggDiPhotonSystematics
TrigReport     1    4      24880      24880          0          0 flashggMetSystematics
TrigReport     1    5      24880      24880          0          0 flashggMuonSystematics
TrigReport     1    6      24880      24880          0          0 flashggElectronSystematics
TrigReport     1    7      24880      24880          0          0 flashggUnpackedJets
TrigReport     1    8      24880      24880          0          0 flashggJetSystematics0
TrigReport     1    9      24880      24880          0          0 flashggJetSystematics1
TrigReport     1   10      24880      24880          0          0 flashggJetSystematics2
TrigReport     1   11      24880      24880          0          0 flashggJetSystematics3
TrigReport     1   12      24880      24880          0          0 flashggJetSystematics4
TrigReport     1   13      24880      24880          0          0 flashggJetSystematics5
TrigReport     1   14      24880      24880          0          0 flashggJetSystematics6
TrigReport     1   15      24880      24880          0          0 flashggJetSystematics7
TrigReport     1   16      24880      24880          0          0 flashggJetSystematics8
TrigReport     1   17      24880      24880          0          0 flashggJetSystematics9
TrigReport     1   18      24880      24880          0          0 flashggJetSystematics10
TrigReport     1   19      24880      24880          0          0 flashggJetSystematics11
TrigReport     1   20      24880      24880          0          0 flashggPrefireDiPhotons
TrigReport     1   21      24880      24880          0          0 flashggPreselectedDiPhotons
TrigReport     1   22      24880      24880          0          0 flashggDiPhotonMVA
TrigReport     1   23      24880      24880          0          0 flashggVBFMVA
TrigReport     1   24      24880      24880          0          0 flashggVHhadMVA
TrigReport     1   25      24880      24880          0          0 flashggGluGluHMVA
TrigReport     1   26      24880      24880          0          0 flashggStageOneCombinedTag
TrigReport     1   27      24880      24880          0          0 flashggTHQLeptonicTag
TrigReport     1   28      24880      24880          0          0 flashggVHMetTag
TrigReport     1   29      24880      24880          0          0 flashggWHLeptonicTag
TrigReport     1   30      24880      24880          0          0 flashggZHLeptonicTag
TrigReport     1   31      24880      24880          0          0 flashggTTHLeptonicTag
TrigReport     1   32      24880      24880          0          0 flashggTTHHadronicTag
TrigReport     1   33      24880      24880          0          0 flashggTagSorter
TrigReport     1   34      24880      24880          0          0 flashggSystTagMerger
TrigReport     1   35      24880      24880          0          0 tagsDumper

TrigReport ---------- Module Summary ------------
TrigReport    Visited   Executed     Passed     Failed      Error Name
TrigReport      25000      25000      25000          0          0 TriggerResults
TrigReport      24880      24880      24880          0          0 VHFilter
TrigReport      24880      24880      24880          0          0 ak4PFCHSL1FastL2L3Corrector
TrigReport      24880      24880      24880          0          0 ak4PFCHSL1FastjetCorrector
TrigReport      24880      24880      24880          0          0 ak4PFCHSL2RelativeCorrector
TrigReport      24880      24880      24880          0          0 ak4PFCHSL3AbsoluteCorrector
TrigReport      24880      24880      24880          0          0 flashggDiPhotonMVA
TrigReport      24880      24880      24880          0          0 flashggDiPhotonSystematics
TrigReport      24880      24880      24880          0          0 flashggDifferentialPhoIdInputsCorrection
TrigReport      24880      24880      24880          0          0 flashggElectronSystematics
TrigReport      24880      24880      24880          0          0 flashggGluGluHMVA
TrigReport      24880      24880      24880          0          0 flashggJetSystematics0
TrigReport      24880      24880      24880          0          0 flashggJetSystematics1
TrigReport      24880      24880      24880          0          0 flashggJetSystematics10
TrigReport      24880      24880      24880          0          0 flashggJetSystematics11
TrigReport      24880      24880      24880          0          0 flashggJetSystematics2
TrigReport      24880      24880      24880          0          0 flashggJetSystematics3
TrigReport      24880      24880      24880          0          0 flashggJetSystematics4
TrigReport      24880      24880      24880          0          0 flashggJetSystematics5
TrigReport      24880      24880      24880          0          0 flashggJetSystematics6
TrigReport      24880      24880      24880          0          0 flashggJetSystematics7
TrigReport      24880      24880      24880          0          0 flashggJetSystematics8
TrigReport      24880      24880      24880          0          0 flashggJetSystematics9
TrigReport      25000      25000      24880        120          0 flashggMetFilters
TrigReport      24880      24880      24880          0          0 flashggMetSystematics
TrigReport      24880      24880      24880          0          0 flashggMuonSystematics
TrigReport      24880      24880      24880          0          0 flashggPrefireDiPhotons
TrigReport      24880      24880      24880          0          0 flashggPreselectedDiPhotons
TrigReport      24880      24880      24880          0          0 flashggStageOneCombinedTag
TrigReport      24880      24880      24880          0          0 flashggSystTagMerger
TrigReport      24880      24880      24880          0          0 flashggTHQLeptonicTag
TrigReport      24880      24880      24880          0          0 flashggTTHHadronicTag
TrigReport      24880      24880      24880          0          0 flashggTTHLeptonicTag
TrigReport      24880      24880      24880          0          0 flashggTagSorter
TrigReport      24880      24880      24880          0          0 flashggUnpackedJets
TrigReport      24880      24880      24880          0          0 flashggVBFMVA
TrigReport      24880      24880      24880          0          0 flashggVHMetTag
TrigReport      24880      24880      24880          0          0 flashggVHhadMVA
TrigReport      24880      24880      24880          0          0 flashggWHLeptonicTag
TrigReport      24880      24880      24880          0          0 flashggZHLeptonicTag
TrigReport      25000      25000      25000          0          0 p
TrigReport      24880      24880      24880          0          0 tagsDumper

TimeReport ---------- Event  Summary ---[sec]----
TimeReport       event loop CPU/event = 0.101652
TimeReport      event loop Real/event = 0.102188
TimeReport     sum Streams Real/event = 0.099304
TimeReport efficiency CPU/Real/thread = 0.994756

TimeReport ---------- Path   Summary ---[Real sec]----
TimeReport  per event     per exec  Name
TimeReport   0.098909     0.098909  p
TimeReport  per event     per exec  Name

TimeReport -------End-Path   Summary ---[Real sec]----
TimeReport  per event     per exec  Name
TimeReport  per event     per exec  Name

TimeReport ---------- Modules in Path: p ---[Real sec]----
TimeReport  per event    per visit  Name
TimeReport   0.000012     0.000012  flashggMetFilters
TimeReport   0.000004     0.000004  VHFilter
TimeReport   0.054499     0.054762  flashggDifferentialPhoIdInputsCorrection
TimeReport   0.032521     0.032678  flashggDiPhotonSystematics
TimeReport   0.000140     0.000141  flashggMetSystematics
TimeReport   0.000023     0.000023  flashggMuonSystematics
TimeReport   0.000031     0.000031  flashggElectronSystematics
TimeReport   0.000174     0.000174  flashggUnpackedJets
TimeReport   0.003138     0.003153  flashggJetSystematics0
TimeReport   0.000457     0.000460  flashggJetSystematics1
TimeReport   0.000403     0.000405  flashggJetSystematics2
TimeReport   0.000386     0.000388  flashggJetSystematics3
TimeReport   0.000380     0.000382  flashggJetSystematics4
TimeReport   0.000376     0.000378  flashggJetSystematics5
TimeReport   0.000372     0.000374  flashggJetSystematics6
TimeReport   0.000371     0.000372  flashggJetSystematics7
TimeReport   0.000371     0.000373  flashggJetSystematics8
TimeReport   0.000368     0.000370  flashggJetSystematics9
TimeReport   0.000366     0.000368  flashggJetSystematics10
TimeReport   0.000366     0.000367  flashggJetSystematics11
TimeReport   0.000212     0.000213  flashggPrefireDiPhotons
TimeReport   0.000087     0.000087  flashggPreselectedDiPhotons
TimeReport   0.000024     0.000024  flashggDiPhotonMVA
TimeReport   0.000021     0.000021  flashggVBFMVA
TimeReport   0.000012     0.000013  flashggVHhadMVA
TimeReport   0.000037     0.000037  flashggGluGluHMVA
TimeReport   0.000024     0.000024  flashggStageOneCombinedTag
TimeReport   0.000354     0.000356  flashggTHQLeptonicTag
TimeReport   0.000230     0.000231  flashggVHMetTag
TimeReport   0.000028     0.000028  flashggWHLeptonicTag
TimeReport   0.000014     0.000014  flashggZHLeptonicTag
TimeReport   0.000075     0.000076  flashggTTHLeptonicTag
TimeReport   0.000848     0.000852  flashggTTHHadronicTag
TimeReport   0.000068     0.000069  flashggTagSorter
TimeReport   0.000003     0.000003  flashggSystTagMerger
TimeReport   0.000214     0.000215  tagsDumper
TimeReport  per event    per visit  Name

TimeReport ---------- Module Summary ---[Real sec]----
TimeReport  per event     per exec    per visit  Name
TimeReport   0.000002     0.000002     0.000002  TriggerResults
TimeReport   0.000004     0.000004     0.000004  VHFilter
TimeReport   0.000003     0.000003     0.000003  ak4PFCHSL1FastL2L3Corrector
TimeReport   0.000003     0.000003     0.000003  ak4PFCHSL1FastjetCorrector
TimeReport   0.000001     0.000001     0.000001  ak4PFCHSL2RelativeCorrector
TimeReport   0.000010     0.000011     0.000011  ak4PFCHSL3AbsoluteCorrector
TimeReport   0.000024     0.000024     0.000024  flashggDiPhotonMVA
TimeReport   0.032521     0.032678     0.032678  flashggDiPhotonSystematics
TimeReport   0.054499     0.054762     0.054762  flashggDifferentialPhoIdInputsCorrection
TimeReport   0.000031     0.000031     0.000031  flashggElectronSystematics
TimeReport   0.000037     0.000037     0.000037  flashggGluGluHMVA
TimeReport   0.003138     0.003153     0.003153  flashggJetSystematics0
TimeReport   0.000457     0.000460     0.000460  flashggJetSystematics1
TimeReport   0.000366     0.000368     0.000368  flashggJetSystematics10
TimeReport   0.000366     0.000367     0.000367  flashggJetSystematics11
TimeReport   0.000403     0.000405     0.000405  flashggJetSystematics2
TimeReport   0.000386     0.000388     0.000388  flashggJetSystematics3
TimeReport   0.000380     0.000382     0.000382  flashggJetSystematics4
TimeReport   0.000376     0.000378     0.000378  flashggJetSystematics5
TimeReport   0.000372     0.000374     0.000374  flashggJetSystematics6
TimeReport   0.000371     0.000372     0.000372  flashggJetSystematics7
TimeReport   0.000371     0.000373     0.000373  flashggJetSystematics8
TimeReport   0.000368     0.000370     0.000370  flashggJetSystematics9
TimeReport   0.000012     0.000012     0.000012  flashggMetFilters
TimeReport   0.000140     0.000141     0.000141  flashggMetSystematics
TimeReport   0.000023     0.000023     0.000023  flashggMuonSystematics
TimeReport   0.000212     0.000213     0.000213  flashggPrefireDiPhotons
TimeReport   0.000087     0.000087     0.000087  flashggPreselectedDiPhotons
TimeReport   0.000024     0.000024     0.000024  flashggStageOneCombinedTag
TimeReport   0.000003     0.000003     0.000003  flashggSystTagMerger
TimeReport   0.000354     0.000356     0.000356  flashggTHQLeptonicTag
TimeReport   0.000848     0.000852     0.000852  flashggTTHHadronicTag
TimeReport   0.000075     0.000076     0.000076  flashggTTHLeptonicTag
TimeReport   0.000068     0.000069     0.000069  flashggTagSorter
TimeReport   0.000174     0.000174     0.000174  flashggUnpackedJets
TimeReport   0.000021     0.000021     0.000021  flashggVBFMVA
TimeReport   0.000230     0.000231     0.000231  flashggVHMetTag
TimeReport   0.000012     0.000013     0.000013  flashggVHhadMVA
TimeReport   0.000028     0.000028     0.000028  flashggWHLeptonicTag
TimeReport   0.000014     0.000014     0.000014  flashggZHLeptonicTag
TimeReport   0.000002     0.000002     0.000002  p
TimeReport   0.000214     0.000215     0.000215  tagsDumper
TimeReport  per event     per exec    per visit  Name

T---Report end!


=============================================

MessageLogger Summary

 type     category        sev    module        subroutine        count    total
 ---- -------------------- -- ---------------- ----------------  -----    -----
    1 XrdAdaptor           -w file_open                              1        1
    2 fileAction           -s file_close                             1        1
    3 fileAction           -s file_open                              2        2

 type    category    Examples: run/evt        run/evt          run/evt
 ---- -------------------- ---------------- ---------------- ----------------
    1 XrdAdaptor           pre-events                        
    2 fileAction           PostGlobalEndRun                  
    3 fileAction           pre-events       pre-events       

Severity    # Occurrences   Total Occurrences
--------    -------------   -----------------
Warning                 1                   1
System                  3                   3

dropped waiting message count 0
[2022-12-20 10:59:21.963267 +0100][Error  ][AsyncSock         ] [xrootd.ba.infn.it:1094 #0.0] Socket error while handshaking: [ERROR] Socket timeout
[2022-12-20 10:59:21.963409 +0100][Error  ][PostMaster        ] [xrootd.ba.infn.it:1094 #0] elapsed = 45, pConnectionWindow = 31 seconds.
