mkdir: cannot create directory '/afs/cern.ch/user/x/xisu/private/local/Analysis_workspace/VH_AC_tmp1/flashgg_d2/CMSSW_10_6_29/src/flashgg/VHAC_Analysis_Met/UL_17/UL_17_wh125': File exists
/cvmfs/cms.cern.ch/slc7_amd64_gcc700/external/py2-requests/2.21.0-pafccj2/lib/python2.7/site-packages/requests/__init__.py:91: RequestsDependencyWarning: urllib3 (1.25.2) or chardet (3.0.4) doesn't match a supported version!
  RequestsDependencyWarning)
20-Dec-2022 10:05:19 CET  Initiating request to open file root://cms-xrd-global.cern.ch//store/user/alesauva/flashgg/UL2017_4/10_6_4/WHiggs0L1ToGG_M125_TuneCP5_13TeV-JHUGenV7011-pythia8/UL2017_4-10_6_4-v0-RunIISummer19UL17MiniAOD-106X_mc2017_realistic_v6-v2/200720_155007/0000/myMicroAODOutputFile_11.root
%MSG-w XrdAdaptor:  file_open 20-Dec-2022 10:05:21 CET pre-events
Data is served from GRIF-IRFU instead of original site CERN-CMSGLOBAL-02
%MSG
20-Dec-2022 10:05:23 CET  Successfully opened file root://cms-xrd-global.cern.ch//store/user/alesauva/flashgg/UL2017_4/10_6_4/WHiggs0L1ToGG_M125_TuneCP5_13TeV-JHUGenV7011-pythia8/UL2017_4-10_6_4-v0-RunIISummer19UL17MiniAOD-106X_mc2017_realistic_v6-v2/200720_155007/0000/myMicroAODOutputFile_11.root
2022-12-20 10:20:44.065982: I tensorflow/core/platform/cpu_feature_guard.cc:140] Your CPU supports instructions that this TensorFlow binary was not compiled to use: SSE4.1 SSE4.2 AVX AVX2 FMA
Begin processing the 1st record. Run 1, Event 18006, LumiSection 181 on stream 0 at 20-Dec-2022 10:22:04.794 CET
[2022-12-20 10:22:48.006167 +0100][Error  ][AsyncSock         ] [xrootd.ba.infn.it:1094 #0.0] Socket error while handshaking: [ERROR] Socket timeout
[2022-12-20 10:22:48.006405 +0100][Error  ][PostMaster        ] [xrootd.ba.infn.it:1094 #0] elapsed = 46, pConnectionWindow = 31 seconds.
[2022-12-20 10:23:33.253013 +0100][Error  ][AsyncSock         ] [xrootd.ba.infn.it:1094 #0.0] Socket error while handshaking: [ERROR] Socket timeout
[2022-12-20 10:23:33.253111 +0100][Error  ][PostMaster        ] [xrootd.ba.infn.it:1094 #0] elapsed = 45, pConnectionWindow = 31 seconds.
[2022-12-20 10:23:33.253140 +0100][Error  ][PostMaster        ] [xrootd.ba.infn.it:1094 #0] Unable to recover: [ERROR] Socket timeout.
[2022-12-20 10:23:33.253176 +0100][Error  ][XRootD            ] [xrootd.ba.infn.it:1094] Impossible to send message kXR_open (file: /store/user/alesauva/flashgg/UL2017_4/10_6_4/WHiggs0L1ToGG_M125_TuneCP5_13TeV-JHUGenV7011-pythia8/UL2017_4-10_6_4-v0-RunIISummer19UL17MiniAOD-106X_mc2017_realistic_v6-v2/200720_155007/0000/myMicroAODOutputFile_11.root?tried=stor84.datagrid.cea.fr, mode: 0660, flags: kXR_open_read kXR_async kXR_retstat ). Trying to recover.
Begin processing the 1001st record. Run 1, Event 107704, LumiSection 1078 on stream 0 at 20-Dec-2022 10:28:44.725 CET
[2022-12-20 10:31:05.247015 +0100][Error  ][AsyncSock         ] [xrootd.ba.infn.it:1094 #0.0] Socket error while handshaking: [ERROR] Socket timeout
[2022-12-20 10:31:05.247198 +0100][Error  ][PostMaster        ] [xrootd.ba.infn.it:1094 #0] elapsed = 45, pConnectionWindow = 31 seconds.
[2022-12-20 10:31:50.498027 +0100][Error  ][AsyncSock         ] [xrootd.ba.infn.it:1094 #0.0] Socket error while handshaking: [ERROR] Socket timeout
[2022-12-20 10:31:50.498195 +0100][Error  ][PostMaster        ] [xrootd.ba.infn.it:1094 #0] elapsed = 45, pConnectionWindow = 31 seconds.
[2022-12-20 10:31:50.498217 +0100][Error  ][PostMaster        ] [xrootd.ba.infn.it:1094 #0] Unable to recover: [ERROR] Socket timeout.
[2022-12-20 10:31:50.498231 +0100][Error  ][XRootD            ] [xrootd.ba.infn.it:1094] Impossible to send message kXR_open (file: /store/user/alesauva/flashgg/UL2017_4/10_6_4/WHiggs0L1ToGG_M125_TuneCP5_13TeV-JHUGenV7011-pythia8/UL2017_4-10_6_4-v0-RunIISummer19UL17MiniAOD-106X_mc2017_realistic_v6-v2/200720_155007/0000/myMicroAODOutputFile_11.root?tried=stor84.datagrid.cea.fr, mode: 0660, flags: kXR_open_read kXR_async kXR_retstat ). Trying to recover.
Begin processing the 2001st record. Run 1, Event 170301, LumiSection 1704 on stream 0 at 20-Dec-2022 10:31:52.481 CET
Begin processing the 3001st record. Run 1, Event 171304, LumiSection 1714 on stream 0 at 20-Dec-2022 10:35:07.019 CET
Begin processing the 4001st record. Run 1, Event 172307, LumiSection 1724 on stream 0 at 20-Dec-2022 10:38:26.840 CET
[2022-12-20 10:38:29.750067 +0100][Error  ][AsyncSock         ] [xrootd.ba.infn.it:1094 #0.0] Socket error while handshaking: [ERROR] Socket timeout
[2022-12-20 10:38:29.750251 +0100][Error  ][PostMaster        ] [xrootd.ba.infn.it:1094 #0] elapsed = 45, pConnectionWindow = 31 seconds.
[2022-12-20 10:39:14.997051 +0100][Error  ][AsyncSock         ] [xrootd.ba.infn.it:1094 #0.0] Socket error while handshaking: [ERROR] Socket timeout
[2022-12-20 10:39:14.997171 +0100][Error  ][PostMaster        ] [xrootd.ba.infn.it:1094 #0] elapsed = 45, pConnectionWindow = 31 seconds.
[2022-12-20 10:39:14.997189 +0100][Error  ][PostMaster        ] [xrootd.ba.infn.it:1094 #0] Unable to recover: [ERROR] Socket timeout.
[2022-12-20 10:39:14.997201 +0100][Error  ][XRootD            ] [xrootd.ba.infn.it:1094] Impossible to send message kXR_open (file: /store/user/alesauva/flashgg/UL2017_4/10_6_4/WHiggs0L1ToGG_M125_TuneCP5_13TeV-JHUGenV7011-pythia8/UL2017_4-10_6_4-v0-RunIISummer19UL17MiniAOD-106X_mc2017_realistic_v6-v2/200720_155007/0000/myMicroAODOutputFile_11.root?tried=+1413llrxrd-redir.in2p3.fr,+1213xrootd-cms-redir-int.cr.cnaf.infn.it,+1413xrootd-cms-redir-int.cr.cnaf.infn.it,stor84.datagrid.cea.fr,node12.datagrid.cea.fr,xrootd-redic.pi.infn.it,xrootd-cms.infn.it,llrxrd-redir.in2p3.fr&triedrc=enoent,enoent, mode: 0660, flags: kXR_open_read kXR_async kXR_retstat ). Trying to recover.
Begin processing the 5001st record. Run 1, Event 296403, LumiSection 2965 on stream 0 at 20-Dec-2022 10:41:41.963 CET
[2022-12-20 10:44:30.990007 +0100][Error  ][AsyncSock         ] [xrootd.ba.infn.it:1094 #0.0] Socket error while handshaking: [ERROR] Socket timeout
[2022-12-20 10:44:30.990143 +0100][Error  ][PostMaster        ] [xrootd.ba.infn.it:1094 #0] elapsed = 45, pConnectionWindow = 31 seconds.
Begin processing the 6001st record. Run 1, Event 297418, LumiSection 2975 on stream 0 at 20-Dec-2022 10:44:50.580 CET
[2022-12-20 10:45:16.238989 +0100][Error  ][AsyncSock         ] [xrootd.ba.infn.it:1094 #0.0] Socket error while handshaking: [ERROR] Socket timeout
[2022-12-20 10:45:16.239171 +0100][Error  ][PostMaster        ] [xrootd.ba.infn.it:1094 #0] elapsed = 46, pConnectionWindow = 31 seconds.
[2022-12-20 10:45:16.239196 +0100][Error  ][PostMaster        ] [xrootd.ba.infn.it:1094 #0] Unable to recover: [ERROR] Socket timeout.
[2022-12-20 10:45:16.239211 +0100][Error  ][XRootD            ] [xrootd.ba.infn.it:1094] Impossible to send message kXR_open (file: /store/user/alesauva/flashgg/UL2017_4/10_6_4/WHiggs0L1ToGG_M125_TuneCP5_13TeV-JHUGenV7011-pythia8/UL2017_4-10_6_4-v0-RunIISummer19UL17MiniAOD-106X_mc2017_realistic_v6-v2/200720_155007/0000/myMicroAODOutputFile_11.root?tried=stor84.datagrid.cea.fr, mode: 0660, flags: kXR_open_read kXR_async kXR_retstat ). Trying to recover.
Begin processing the 7001st record. Run 1, Event 298408, LumiSection 2985 on stream 0 at 20-Dec-2022 10:47:52.829 CET
[2022-12-20 10:50:15.337303 +0100][Error  ][AsyncSock         ] [xrootd.ba.infn.it:1094 #0.0] Socket error while handshaking: [ERROR] Socket timeout
[2022-12-20 10:50:15.337530 +0100][Error  ][PostMaster        ] [xrootd.ba.infn.it:1094 #0] elapsed = 45, pConnectionWindow = 31 seconds.
[2022-12-20 10:51:00.560017 +0100][Error  ][AsyncSock         ] [xrootd.ba.infn.it:1094 #0.0] Socket error while handshaking: [ERROR] Socket timeout
[2022-12-20 10:51:00.560157 +0100][Error  ][PostMaster        ] [xrootd.ba.infn.it:1094 #0] elapsed = 45, pConnectionWindow = 31 seconds.
[2022-12-20 10:51:00.560177 +0100][Error  ][PostMaster        ] [xrootd.ba.infn.it:1094 #0] Unable to recover: [ERROR] Socket timeout.
[2022-12-20 10:51:00.560191 +0100][Error  ][XRootD            ] [xrootd.ba.infn.it:1094] Impossible to send message kXR_open (file: /store/user/alesauva/flashgg/UL2017_4/10_6_4/WHiggs0L1ToGG_M125_TuneCP5_13TeV-JHUGenV7011-pythia8/UL2017_4-10_6_4-v0-RunIISummer19UL17MiniAOD-106X_mc2017_realistic_v6-v2/200720_155007/0000/myMicroAODOutputFile_11.root?tried=stor84.datagrid.cea.fr, mode: 0660, flags: kXR_open_read kXR_async kXR_retstat ). Trying to recover.
Begin processing the 8001st record. Run 1, Event 323210, LumiSection 3233 on stream 0 at 20-Dec-2022 10:51:02.316 CET
Begin processing the 9001st record. Run 1, Event 324207, LumiSection 3243 on stream 0 at 20-Dec-2022 10:54:11.812 CET
Begin processing the 10001st record. Run 1, Event 327912, LumiSection 3280 on stream 0 at 20-Dec-2022 10:57:24.674 CET
[2022-12-20 10:59:08.273037 +0100][Error  ][AsyncSock         ] [xrootd.ba.infn.it:1094 #0.0] Socket error while handshaking: [ERROR] Socket timeout
[2022-12-20 10:59:08.273151 +0100][Error  ][PostMaster        ] [xrootd.ba.infn.it:1094 #0] elapsed = 45, pConnectionWindow = 31 seconds.
[2022-12-20 10:59:53.507026 +0100][Error  ][AsyncSock         ] [xrootd.ba.infn.it:1094 #0.0] Socket error while handshaking: [ERROR] Socket timeout
[2022-12-20 10:59:53.507209 +0100][Error  ][PostMaster        ] [xrootd.ba.infn.it:1094 #0] elapsed = 45, pConnectionWindow = 31 seconds.
[2022-12-20 10:59:53.507285 +0100][Error  ][PostMaster        ] [xrootd.ba.infn.it:1094 #0] Unable to recover: [ERROR] Socket timeout.
[2022-12-20 10:59:53.507303 +0100][Error  ][XRootD            ] [xrootd.ba.infn.it:1094] Impossible to send message kXR_open (file: /store/user/alesauva/flashgg/UL2017_4/10_6_4/WHiggs0L1ToGG_M125_TuneCP5_13TeV-JHUGenV7011-pythia8/UL2017_4-10_6_4-v0-RunIISummer19UL17MiniAOD-106X_mc2017_realistic_v6-v2/200720_155007/0000/myMicroAODOutputFile_11.root?tried=stor84.datagrid.cea.fr, mode: 0660, flags: kXR_open_read kXR_async kXR_retstat ). Trying to recover.
Begin processing the 11001st record. Run 1, Event 328907, LumiSection 3290 on stream 0 at 20-Dec-2022 11:00:37.425 CET
Begin processing the 12001st record. Run 1, Event 329904, LumiSection 3300 on stream 0 at 20-Dec-2022 11:03:58.068 CET
[2022-12-20 11:05:24.733939 +0100][Error  ][AsyncSock         ] [xrootd.ba.infn.it:1094 #0.0] Socket error while handshaking: [ERROR] Socket timeout
[2022-12-20 11:05:24.734071 +0100][Error  ][PostMaster        ] [xrootd.ba.infn.it:1094 #0] elapsed = 45, pConnectionWindow = 31 seconds.
[2022-12-20 11:06:09.970037 +0100][Error  ][AsyncSock         ] [xrootd.ba.infn.it:1094 #0.0] Socket error while handshaking: [ERROR] Socket timeout
[2022-12-20 11:06:09.970166 +0100][Error  ][PostMaster        ] [xrootd.ba.infn.it:1094 #0] elapsed = 45, pConnectionWindow = 31 seconds.
[2022-12-20 11:06:09.970182 +0100][Error  ][PostMaster        ] [xrootd.ba.infn.it:1094 #0] Unable to recover: [ERROR] Socket timeout.
[2022-12-20 11:06:09.970213 +0100][Error  ][XRootD            ] [xrootd.ba.infn.it:1094] Impossible to send message kXR_open (file: /store/user/alesauva/flashgg/UL2017_4/10_6_4/WHiggs0L1ToGG_M125_TuneCP5_13TeV-JHUGenV7011-pythia8/UL2017_4-10_6_4-v0-RunIISummer19UL17MiniAOD-106X_mc2017_realistic_v6-v2/200720_155007/0000/myMicroAODOutputFile_11.root?tried=+1413llrxrd-redir.in2p3.fr,+1213xrootd-cms-redir-int.cr.cnaf.infn.it,+1413xrootd-cms-redir-int.cr.cnaf.infn.it,stor84.datagrid.cea.fr,node12.datagrid.cea.fr,xrootd-redic.pi.infn.it,xrootd-cms.infn.it,llrxrd-redir.in2p3.fr&triedrc=enoent,enoent, mode: 0660, flags: kXR_open_read kXR_async kXR_retstat ). Trying to recover.
Begin processing the 13001st record. Run 1, Event 378501, LumiSection 3786 on stream 0 at 20-Dec-2022 11:07:14.140 CET
Begin processing the 14001st record. Run 1, Event 379504, LumiSection 3796 on stream 0 at 20-Dec-2022 11:10:21.855 CET
[2022-12-20 11:11:26.811049 +0100][Error  ][AsyncSock         ] [xrootd.ba.infn.it:1094 #0.0] Socket error while handshaking: [ERROR] Socket timeout
[2022-12-20 11:11:26.811193 +0100][Error  ][PostMaster        ] [xrootd.ba.infn.it:1094 #0] elapsed = 45, pConnectionWindow = 31 seconds.
[2022-12-20 11:12:11.053052 +0100][Error  ][AsyncSock         ] [xrootd.ba.infn.it:1094 #0.0] Socket error while handshaking: [ERROR] Socket timeout
[2022-12-20 11:12:11.053199 +0100][Error  ][PostMaster        ] [xrootd.ba.infn.it:1094 #0] elapsed = 45, pConnectionWindow = 31 seconds.
[2022-12-20 11:12:11.053242 +0100][Error  ][PostMaster        ] [xrootd.ba.infn.it:1094 #0] Unable to recover: [ERROR] Socket timeout.
[2022-12-20 11:12:11.053261 +0100][Error  ][XRootD            ] [xrootd.ba.infn.it:1094] Impossible to send message kXR_open (file: /store/user/alesauva/flashgg/UL2017_4/10_6_4/WHiggs0L1ToGG_M125_TuneCP5_13TeV-JHUGenV7011-pythia8/UL2017_4-10_6_4-v0-RunIISummer19UL17MiniAOD-106X_mc2017_realistic_v6-v2/200720_155007/0000/myMicroAODOutputFile_11.root?tried=+1413xrootd-redic.pi.infn.it,+1213llrxrd-redir.in2p3.fr,+1213xrootd-cms-redir-int.cr.cnaf.infn.it,+1413xrootd-cms-redir-int.cr.cnaf.infn.it,+1413llrxrd-redir.in2p3.fr,stor84.datagrid.cea.fr,node12.datagrid.cea.fr,xrootd-cms-redir-int.cr.cnaf.infn.it,xrootd-cms.infn.it,xrootd-redic.pi.infn.it&triedrc=enoent,enoent, mode: 0660, flags: kXR_open_read kXR_async kXR_retstat ). Trying to recover.
Begin processing the 15001st record. Run 1, Event 385902, LumiSection 3860 on stream 0 at 20-Dec-2022 11:13:19.444 CET
Begin processing the 16001st record. Run 1, Event 515114, LumiSection 5152 on stream 0 at 20-Dec-2022 11:16:20.033 CET
[2022-12-20 11:16:55.828025 +0100][Error  ][AsyncSock         ] [xrootd.ba.infn.it:1094 #0.0] Socket error while handshaking: [ERROR] Socket timeout
[2022-12-20 11:16:55.828166 +0100][Error  ][PostMaster        ] [xrootd.ba.infn.it:1094 #0] elapsed = 45, pConnectionWindow = 31 seconds.
[2022-12-20 11:17:40.052035 +0100][Error  ][AsyncSock         ] [xrootd.ba.infn.it:1094 #0.0] Socket error while handshaking: [ERROR] Socket timeout
[2022-12-20 11:17:40.052139 +0100][Error  ][PostMaster        ] [xrootd.ba.infn.it:1094 #0] elapsed = 45, pConnectionWindow = 31 seconds.
[2022-12-20 11:17:40.052156 +0100][Error  ][PostMaster        ] [xrootd.ba.infn.it:1094 #0] Unable to recover: [ERROR] Socket timeout.
[2022-12-20 11:17:40.052165 +0100][Error  ][XRootD            ] [xrootd.ba.infn.it:1094] Impossible to send message kXR_open (file: /store/user/alesauva/flashgg/UL2017_4/10_6_4/WHiggs0L1ToGG_M125_TuneCP5_13TeV-JHUGenV7011-pythia8/UL2017_4-10_6_4-v0-RunIISummer19UL17MiniAOD-106X_mc2017_realistic_v6-v2/200720_155007/0000/myMicroAODOutputFile_11.root?tried=stor84.datagrid.cea.fr, mode: 0660, flags: kXR_open_read kXR_async kXR_retstat ). Trying to recover.
Begin processing the 17001st record. Run 1, Event 517207, LumiSection 5173 on stream 0 at 20-Dec-2022 11:19:25.053 CET
Begin processing the 18001st record. Run 1, Event 557901, LumiSection 5580 on stream 0 at 20-Dec-2022 11:22:48.112 CET
[2022-12-20 11:22:53.245011 +0100][Error  ][AsyncSock         ] [xrootd.ba.infn.it:1094 #0.0] Socket error while handshaking: [ERROR] Socket timeout
[2022-12-20 11:22:53.245126 +0100][Error  ][PostMaster        ] [xrootd.ba.infn.it:1094 #0] elapsed = 45, pConnectionWindow = 31 seconds.
[2022-12-20 11:23:38.484030 +0100][Error  ][AsyncSock         ] [xrootd.ba.infn.it:1094 #0.0] Socket error while handshaking: [ERROR] Socket timeout
[2022-12-20 11:23:38.484201 +0100][Error  ][PostMaster        ] [xrootd.ba.infn.it:1094 #0] elapsed = 45, pConnectionWindow = 31 seconds.
[2022-12-20 11:23:38.484227 +0100][Error  ][PostMaster        ] [xrootd.ba.infn.it:1094 #0] Unable to recover: [ERROR] Socket timeout.
[2022-12-20 11:23:38.484242 +0100][Error  ][XRootD            ] [xrootd.ba.infn.it:1094] Impossible to send message kXR_open (file: /store/user/alesauva/flashgg/UL2017_4/10_6_4/WHiggs0L1ToGG_M125_TuneCP5_13TeV-JHUGenV7011-pythia8/UL2017_4-10_6_4-v0-RunIISummer19UL17MiniAOD-106X_mc2017_realistic_v6-v2/200720_155007/0000/myMicroAODOutputFile_11.root?tried=stor84.datagrid.cea.fr, mode: 0660, flags: kXR_open_read kXR_async kXR_retstat ). Trying to recover.
Begin processing the 19001st record. Run 1, Event 558912, LumiSection 5590 on stream 0 at 20-Dec-2022 11:26:06.026 CET
[2022-12-20 11:29:01.200218 +0100][Error  ][AsyncSock         ] [xrootd.ba.infn.it:1094 #0.0] Socket error while handshaking: [ERROR] Socket timeout
[2022-12-20 11:29:01.200338 +0100][Error  ][PostMaster        ] [xrootd.ba.infn.it:1094 #0] elapsed = 45, pConnectionWindow = 31 seconds.
Begin processing the 20001st record. Run 1, Event 716502, LumiSection 7166 on stream 0 at 20-Dec-2022 11:29:14.323 CET
[2022-12-20 11:29:46.450020 +0100][Error  ][AsyncSock         ] [xrootd.ba.infn.it:1094 #0.0] Socket error while handshaking: [ERROR] Socket timeout
[2022-12-20 11:29:46.450179 +0100][Error  ][PostMaster        ] [xrootd.ba.infn.it:1094 #0] elapsed = 45, pConnectionWindow = 31 seconds.
[2022-12-20 11:29:46.450202 +0100][Error  ][PostMaster        ] [xrootd.ba.infn.it:1094 #0] Unable to recover: [ERROR] Socket timeout.
[2022-12-20 11:29:46.450217 +0100][Error  ][XRootD            ] [xrootd.ba.infn.it:1094] Impossible to send message kXR_open (file: /store/user/alesauva/flashgg/UL2017_4/10_6_4/WHiggs0L1ToGG_M125_TuneCP5_13TeV-JHUGenV7011-pythia8/UL2017_4-10_6_4-v0-RunIISummer19UL17MiniAOD-106X_mc2017_realistic_v6-v2/200720_155007/0000/myMicroAODOutputFile_11.root?tried=+1413xrootd-redic.pi.infn.it,+1213xrootd-cms-redir-int.cr.cnaf.infn.it,+1413xrootd-cms-redir-int.cr.cnaf.infn.it,stor84.datagrid.cea.fr,node12.datagrid.cea.fr,llrxrd-redir.in2p3.fr,xrootd-cms.infn.it,xrootd-redic.pi.infn.it&triedrc=enoent,enoent, mode: 0660, flags: kXR_open_read kXR_async kXR_retstat ). Trying to recover.
Begin processing the 21001st record. Run 1, Event 719802, LumiSection 7199 on stream 0 at 20-Dec-2022 11:32:33.408 CET
[2022-12-20 11:35:27.680019 +0100][Error  ][AsyncSock         ] [xrootd.ba.infn.it:1094 #0.0] Socket error while handshaking: [ERROR] Socket timeout
[2022-12-20 11:35:27.680155 +0100][Error  ][PostMaster        ] [xrootd.ba.infn.it:1094 #0] elapsed = 45, pConnectionWindow = 31 seconds.
Begin processing the 22001st record. Run 1, Event 726902, LumiSection 7270 on stream 0 at 20-Dec-2022 11:35:59.779 CET
[2022-12-20 11:36:12.946135 +0100][Error  ][AsyncSock         ] [xrootd.ba.infn.it:1094 #0.0] Socket error while handshaking: [ERROR] Socket timeout
[2022-12-20 11:36:12.946321 +0100][Error  ][PostMaster        ] [xrootd.ba.infn.it:1094 #0] elapsed = 45, pConnectionWindow = 31 seconds.
[2022-12-20 11:36:12.946378 +0100][Error  ][PostMaster        ] [xrootd.ba.infn.it:1094 #0] Unable to recover: [ERROR] Socket timeout.
[2022-12-20 11:36:12.946394 +0100][Error  ][XRootD            ] [xrootd.ba.infn.it:1094] Impossible to send message kXR_open (file: /store/user/alesauva/flashgg/UL2017_4/10_6_4/WHiggs0L1ToGG_M125_TuneCP5_13TeV-JHUGenV7011-pythia8/UL2017_4-10_6_4-v0-RunIISummer19UL17MiniAOD-106X_mc2017_realistic_v6-v2/200720_155007/0000/myMicroAODOutputFile_11.root?tried=+1413llrxrd-redir.in2p3.fr,+1213xrootd-cms-redir-int.cr.cnaf.infn.it,+1413xrootd-cms-redir-int.cr.cnaf.infn.it,stor84.datagrid.cea.fr,node12.datagrid.cea.fr,xrootd-redic.pi.infn.it,xrootd-cms.infn.it,llrxrd-redir.in2p3.fr&triedrc=enoent,enoent, mode: 0660, flags: kXR_open_read kXR_async kXR_retstat ). Trying to recover.
Begin processing the 23001st record. Run 1, Event 748001, LumiSection 7481 on stream 0 at 20-Dec-2022 11:39:20.400 CET
[2022-12-20 11:41:36.269983 +0100][Error  ][AsyncSock         ] [xrootd.ba.infn.it:1094 #0.0] Socket error while handshaking: [ERROR] Socket timeout
[2022-12-20 11:41:36.270131 +0100][Error  ][PostMaster        ] [xrootd.ba.infn.it:1094 #0] elapsed = 46, pConnectionWindow = 31 seconds.
[2022-12-20 11:42:21.529035 +0100][Error  ][AsyncSock         ] [xrootd.ba.infn.it:1094 #0.0] Socket error while handshaking: [ERROR] Socket timeout
[2022-12-20 11:42:21.529268 +0100][Error  ][PostMaster        ] [xrootd.ba.infn.it:1094 #0] elapsed = 45, pConnectionWindow = 31 seconds.
[2022-12-20 11:42:21.529298 +0100][Error  ][PostMaster        ] [xrootd.ba.infn.it:1094 #0] Unable to recover: [ERROR] Socket timeout.
[2022-12-20 11:42:21.529315 +0100][Error  ][XRootD            ] [xrootd.ba.infn.it:1094] Impossible to send message kXR_open (file: /store/user/alesauva/flashgg/UL2017_4/10_6_4/WHiggs0L1ToGG_M125_TuneCP5_13TeV-JHUGenV7011-pythia8/UL2017_4-10_6_4-v0-RunIISummer19UL17MiniAOD-106X_mc2017_realistic_v6-v2/200720_155007/0000/myMicroAODOutputFile_11.root?tried=+1213llrxrd-redir.in2p3.fr,+1213xrootd-cms-redir-int.cr.cnaf.infn.it,+1413xrootd-cms-redir-int.cr.cnaf.infn.it,+1413llrxrd-redir.in2p3.fr,stor84.datagrid.cea.fr,node12.datagrid.cea.fr,xrootd-redic.pi.infn.it&triedrc=enoent, mode: 0460, flags: kXR_open_read kXR_async kXR_retstat ). Trying to recover.
Begin processing the 24001st record. Run 1, Event 749002, LumiSection 7491 on stream 0 at 20-Dec-2022 11:42:32.504 CET
20-Dec-2022 11:46:00 CET  Closed file root://cms-xrd-global.cern.ch//store/user/alesauva/flashgg/UL2017_4/10_6_4/WHiggs0L1ToGG_M125_TuneCP5_13TeV-JHUGenV7011-pythia8/UL2017_4-10_6_4-v0-RunIISummer19UL17MiniAOD-106X_mc2017_realistic_v6-v2/200720_155007/0000/myMicroAODOutputFile_11.root

TrigReport ---------- Event  Summary ------------
TrigReport Events total = 25000 passed = 24644 failed = 356

TrigReport ---------- Path   Summary ------------
TrigReport  Trig Bit#   Executed     Passed     Failed      Error Name
TrigReport     1    0      25000      24644        356          0 p

TrigReport -------End-Path   Summary ------------
TrigReport  Trig Bit#   Executed     Passed     Failed      Error Name

TrigReport ---------- Modules in Path: p ------------
TrigReport  Trig Bit#    Visited     Passed     Failed      Error Name
TrigReport     1    0      25000      24644        356          0 flashggMetFilters
TrigReport     1    1      24644      24644          0          0 VHFilter
TrigReport     1    2      24644      24644          0          0 flashggDifferentialPhoIdInputsCorrection
TrigReport     1    3      24644      24644          0          0 flashggDiPhotonSystematics
TrigReport     1    4      24644      24644          0          0 flashggMetSystematics
TrigReport     1    5      24644      24644          0          0 flashggMuonSystematics
TrigReport     1    6      24644      24644          0          0 flashggElectronSystematics
TrigReport     1    7      24644      24644          0          0 flashggUnpackedJets
TrigReport     1    8      24644      24644          0          0 flashggJetSystematics0
TrigReport     1    9      24644      24644          0          0 flashggJetSystematics1
TrigReport     1   10      24644      24644          0          0 flashggJetSystematics2
TrigReport     1   11      24644      24644          0          0 flashggJetSystematics3
TrigReport     1   12      24644      24644          0          0 flashggJetSystematics4
TrigReport     1   13      24644      24644          0          0 flashggJetSystematics5
TrigReport     1   14      24644      24644          0          0 flashggJetSystematics6
TrigReport     1   15      24644      24644          0          0 flashggJetSystematics7
TrigReport     1   16      24644      24644          0          0 flashggJetSystematics8
TrigReport     1   17      24644      24644          0          0 flashggJetSystematics9
TrigReport     1   18      24644      24644          0          0 flashggJetSystematics10
TrigReport     1   19      24644      24644          0          0 flashggJetSystematics11
TrigReport     1   20      24644      24644          0          0 flashggPrefireDiPhotons
TrigReport     1   21      24644      24644          0          0 flashggPreselectedDiPhotons
TrigReport     1   22      24644      24644          0          0 flashggDiPhotonMVA
TrigReport     1   23      24644      24644          0          0 flashggVBFMVA
TrigReport     1   24      24644      24644          0          0 flashggVHhadMVA
TrigReport     1   25      24644      24644          0          0 flashggGluGluHMVA
TrigReport     1   26      24644      24644          0          0 flashggStageOneCombinedTag
TrigReport     1   27      24644      24644          0          0 flashggTHQLeptonicTag
TrigReport     1   28      24644      24644          0          0 flashggVHMetTag
TrigReport     1   29      24644      24644          0          0 flashggWHLeptonicTag
TrigReport     1   30      24644      24644          0          0 flashggZHLeptonicTag
TrigReport     1   31      24644      24644          0          0 flashggTTHLeptonicTag
TrigReport     1   32      24644      24644          0          0 flashggTTHHadronicTag
TrigReport     1   33      24644      24644          0          0 flashggTagSorter
TrigReport     1   34      24644      24644          0          0 flashggSystTagMerger
TrigReport     1   35      24644      24644          0          0 tagsDumper

TrigReport ---------- Module Summary ------------
TrigReport    Visited   Executed     Passed     Failed      Error Name
TrigReport      25000      25000      25000          0          0 TriggerResults
TrigReport      24644      24644      24644          0          0 VHFilter
TrigReport      24644      24644      24644          0          0 ak4PFCHSL1FastL2L3Corrector
TrigReport      24644      24644      24644          0          0 ak4PFCHSL1FastjetCorrector
TrigReport      24644      24644      24644          0          0 ak4PFCHSL2RelativeCorrector
TrigReport      24644      24644      24644          0          0 ak4PFCHSL3AbsoluteCorrector
TrigReport      24644      24644      24644          0          0 flashggDiPhotonMVA
TrigReport      24644      24644      24644          0          0 flashggDiPhotonSystematics
TrigReport      24644      24644      24644          0          0 flashggDifferentialPhoIdInputsCorrection
TrigReport      24644      24644      24644          0          0 flashggElectronSystematics
TrigReport      24644      24644      24644          0          0 flashggGluGluHMVA
TrigReport      24644      24644      24644          0          0 flashggJetSystematics0
TrigReport      24644      24644      24644          0          0 flashggJetSystematics1
TrigReport      24644      24644      24644          0          0 flashggJetSystematics10
TrigReport      24644      24644      24644          0          0 flashggJetSystematics11
TrigReport      24644      24644      24644          0          0 flashggJetSystematics2
TrigReport      24644      24644      24644          0          0 flashggJetSystematics3
TrigReport      24644      24644      24644          0          0 flashggJetSystematics4
TrigReport      24644      24644      24644          0          0 flashggJetSystematics5
TrigReport      24644      24644      24644          0          0 flashggJetSystematics6
TrigReport      24644      24644      24644          0          0 flashggJetSystematics7
TrigReport      24644      24644      24644          0          0 flashggJetSystematics8
TrigReport      24644      24644      24644          0          0 flashggJetSystematics9
TrigReport      25000      25000      24644        356          0 flashggMetFilters
TrigReport      24644      24644      24644          0          0 flashggMetSystematics
TrigReport      24644      24644      24644          0          0 flashggMuonSystematics
TrigReport      24644      24644      24644          0          0 flashggPrefireDiPhotons
TrigReport      24644      24644      24644          0          0 flashggPreselectedDiPhotons
TrigReport      24644      24644      24644          0          0 flashggStageOneCombinedTag
TrigReport      24644      24644      24644          0          0 flashggSystTagMerger
TrigReport      24644      24644      24644          0          0 flashggTHQLeptonicTag
TrigReport      24644      24644      24644          0          0 flashggTTHHadronicTag
TrigReport      24644      24644      24644          0          0 flashggTTHLeptonicTag
TrigReport      24644      24644      24644          0          0 flashggTagSorter
TrigReport      24644      24644      24644          0          0 flashggUnpackedJets
TrigReport      24644      24644      24644          0          0 flashggVBFMVA
TrigReport      24644      24644      24644          0          0 flashggVHMetTag
TrigReport      24644      24644      24644          0          0 flashggVHhadMVA
TrigReport      24644      24644      24644          0          0 flashggWHLeptonicTag
TrigReport      24644      24644      24644          0          0 flashggZHLeptonicTag
TrigReport      25000      25000      25000          0          0 p
TrigReport      24644      24644      24644          0          0 tagsDumper

TimeReport ---------- Event  Summary ---[sec]----
TimeReport       event loop CPU/event = 0.200200
TimeReport      event loop Real/event = 0.201491
TimeReport     sum Streams Real/event = 0.194470
TimeReport efficiency CPU/Real/thread = 0.993594

TimeReport ---------- Path   Summary ---[Real sec]----
TimeReport  per event     per exec  Name
TimeReport   0.193827     0.193827  p
TimeReport  per event     per exec  Name

TimeReport -------End-Path   Summary ---[Real sec]----
TimeReport  per event     per exec  Name
TimeReport  per event     per exec  Name

TimeReport ---------- Modules in Path: p ---[Real sec]----
TimeReport  per event    per visit  Name
TimeReport   0.000026     0.000026  flashggMetFilters
TimeReport   0.000010     0.000010  VHFilter
TimeReport   0.085795     0.087034  flashggDifferentialPhoIdInputsCorrection
TimeReport   0.078824     0.079963  flashggDiPhotonSystematics
TimeReport   0.000264     0.000268  flashggMetSystematics
TimeReport   0.000082     0.000083  flashggMuonSystematics
TimeReport   0.000060     0.000061  flashggElectronSystematics
TimeReport   0.000440     0.000446  flashggUnpackedJets
TimeReport   0.006741     0.006838  flashggJetSystematics0
TimeReport   0.001333     0.001352  flashggJetSystematics1
TimeReport   0.001186     0.001203  flashggJetSystematics2
TimeReport   0.001148     0.001165  flashggJetSystematics3
TimeReport   0.001137     0.001154  flashggJetSystematics4
TimeReport   0.001122     0.001139  flashggJetSystematics5
TimeReport   0.001120     0.001136  flashggJetSystematics6
TimeReport   0.001116     0.001132  flashggJetSystematics7
TimeReport   0.001112     0.001128  flashggJetSystematics8
TimeReport   0.001113     0.001129  flashggJetSystematics9
TimeReport   0.001108     0.001124  flashggJetSystematics10
TimeReport   0.001109     0.001125  flashggJetSystematics11
TimeReport   0.000609     0.000618  flashggPrefireDiPhotons
TimeReport   0.000203     0.000206  flashggPreselectedDiPhotons
TimeReport   0.000044     0.000045  flashggDiPhotonMVA
TimeReport   0.000049     0.000050  flashggVBFMVA
TimeReport   0.000028     0.000028  flashggVHhadMVA
TimeReport   0.000081     0.000082  flashggGluGluHMVA
TimeReport   0.000050     0.000051  flashggStageOneCombinedTag
TimeReport   0.000414     0.000420  flashggTHQLeptonicTag
TimeReport   0.000546     0.000554  flashggVHMetTag
TimeReport   0.000062     0.000063  flashggWHLeptonicTag
TimeReport   0.000034     0.000035  flashggZHLeptonicTag
TimeReport   0.000316     0.000321  flashggTTHLeptonicTag
TimeReport   0.002356     0.002390  flashggTTHHadronicTag
TimeReport   0.000124     0.000126  flashggTagSorter
TimeReport   0.000006     0.000006  flashggSystTagMerger
TimeReport   0.000455     0.000461  tagsDumper
TimeReport  per event    per visit  Name

TimeReport ---------- Module Summary ---[Real sec]----
TimeReport  per event     per exec    per visit  Name
TimeReport   0.000004     0.000004     0.000004  TriggerResults
TimeReport   0.000010     0.000010     0.000010  VHFilter
TimeReport   0.000004     0.000004     0.000004  ak4PFCHSL1FastL2L3Corrector
TimeReport   0.000005     0.000005     0.000005  ak4PFCHSL1FastjetCorrector
TimeReport   0.000002     0.000002     0.000002  ak4PFCHSL2RelativeCorrector
TimeReport   0.000013     0.000013     0.000013  ak4PFCHSL3AbsoluteCorrector
TimeReport   0.000044     0.000045     0.000045  flashggDiPhotonMVA
TimeReport   0.078824     0.079963     0.079963  flashggDiPhotonSystematics
TimeReport   0.085795     0.087034     0.087034  flashggDifferentialPhoIdInputsCorrection
TimeReport   0.000060     0.000061     0.000061  flashggElectronSystematics
TimeReport   0.000081     0.000082     0.000082  flashggGluGluHMVA
TimeReport   0.006741     0.006838     0.006838  flashggJetSystematics0
TimeReport   0.001333     0.001352     0.001352  flashggJetSystematics1
TimeReport   0.001108     0.001124     0.001124  flashggJetSystematics10
TimeReport   0.001109     0.001125     0.001125  flashggJetSystematics11
TimeReport   0.001186     0.001203     0.001203  flashggJetSystematics2
TimeReport   0.001148     0.001165     0.001165  flashggJetSystematics3
TimeReport   0.001137     0.001154     0.001154  flashggJetSystematics4
TimeReport   0.001122     0.001139     0.001139  flashggJetSystematics5
TimeReport   0.001120     0.001136     0.001136  flashggJetSystematics6
TimeReport   0.001116     0.001132     0.001132  flashggJetSystematics7
TimeReport   0.001112     0.001128     0.001128  flashggJetSystematics8
TimeReport   0.001113     0.001129     0.001129  flashggJetSystematics9
TimeReport   0.000026     0.000026     0.000026  flashggMetFilters
TimeReport   0.000264     0.000268     0.000268  flashggMetSystematics
TimeReport   0.000082     0.000083     0.000083  flashggMuonSystematics
TimeReport   0.000609     0.000618     0.000618  flashggPrefireDiPhotons
TimeReport   0.000203     0.000206     0.000206  flashggPreselectedDiPhotons
TimeReport   0.000050     0.000051     0.000051  flashggStageOneCombinedTag
TimeReport   0.000006     0.000006     0.000006  flashggSystTagMerger
TimeReport   0.000414     0.000420     0.000420  flashggTHQLeptonicTag
TimeReport   0.002356     0.002390     0.002390  flashggTTHHadronicTag
TimeReport   0.000316     0.000321     0.000321  flashggTTHLeptonicTag
TimeReport   0.000124     0.000126     0.000126  flashggTagSorter
TimeReport   0.000440     0.000446     0.000446  flashggUnpackedJets
TimeReport   0.000049     0.000050     0.000050  flashggVBFMVA
TimeReport   0.000546     0.000554     0.000554  flashggVHMetTag
TimeReport   0.000028     0.000028     0.000028  flashggVHhadMVA
TimeReport   0.000062     0.000063     0.000063  flashggWHLeptonicTag
TimeReport   0.000034     0.000035     0.000035  flashggZHLeptonicTag
TimeReport   0.000004     0.000004     0.000004  p
TimeReport   0.000455     0.000461     0.000461  tagsDumper
TimeReport  per event     per exec    per visit  Name

T---Report end!


=============================================

MessageLogger Summary

 type     category        sev    module        subroutine        count    total
 ---- -------------------- -- ---------------- ----------------  -----    -----
    1 XrdAdaptor           -w file_open                              1        1
    2 fileAction           -s file_close                             1        1
    3 fileAction           -s file_open                              2        2

 type    category    Examples: run/evt        run/evt          run/evt
 ---- -------------------- ---------------- ---------------- ----------------
    1 XrdAdaptor           pre-events                        
    2 fileAction           PostGlobalEndRun                  
    3 fileAction           pre-events       pre-events       

Severity    # Occurrences   Total Occurrences
--------    -------------   -----------------
Warning                 1                   1
System                  3                   3

dropped waiting message count 0
