mkdir: cannot create directory '/afs/cern.ch/user/x/xisu/private/local/Analysis_workspace/VH_AC_tmp1/flashgg_d2/CMSSW_10_6_29/src/flashgg/VHAC_Analysis_Met/UL_17/UL_17_wh125': File exists
/cvmfs/cms.cern.ch/slc7_amd64_gcc700/external/py2-requests/2.21.0-pafccj2/lib/python2.7/site-packages/requests/__init__.py:91: RequestsDependencyWarning: urllib3 (1.25.2) or chardet (3.0.4) doesn't match a supported version!
  RequestsDependencyWarning)
20-Dec-2022 10:04:36 CET  Initiating request to open file root://cms-xrd-global.cern.ch//store/user/alesauva/flashgg/UL2017_3/10_6_4/VHToGG_M125_TuneCP5_13TeV-amcatnloFXFX-madspin-pythia8/UL2017_3-10_6_4-v0-RunIISummer19UL17MiniAOD-106X_mc2017_realistic_v6-v1/200722_091630/0000/myMicroAODOutputFile_10.root
%MSG-w XrdAdaptor:  file_open 20-Dec-2022 10:04:38 CET pre-events
Data is served from GRIF-IRFU instead of original site CERN-CMSGLOBAL-01
%MSG
20-Dec-2022 10:04:41 CET  Successfully opened file root://cms-xrd-global.cern.ch//store/user/alesauva/flashgg/UL2017_3/10_6_4/VHToGG_M125_TuneCP5_13TeV-amcatnloFXFX-madspin-pythia8/UL2017_3-10_6_4-v0-RunIISummer19UL17MiniAOD-106X_mc2017_realistic_v6-v1/200722_091630/0000/myMicroAODOutputFile_10.root
2022-12-20 10:17:46.739775: I tensorflow/core/platform/cpu_feature_guard.cc:140] Your CPU supports instructions that this TensorFlow binary was not compiled to use: SSE4.1 SSE4.2 AVX AVX2 FMA
Begin processing the 1st record. Run 1, Event 63216, LumiSection 235 on stream 0 at 20-Dec-2022 10:18:36.363 CET
[2022-12-20 10:19:19.571390 +0100][Error  ][AsyncSock         ] [xrootd.ba.infn.it:1094 #0.0] Socket error while handshaking: [ERROR] Socket timeout
[2022-12-20 10:19:19.571577 +0100][Error  ][PostMaster        ] [xrootd.ba.infn.it:1094 #0] elapsed = 45, pConnectionWindow = 31 seconds.
[2022-12-20 10:20:04.026874 +0100][Error  ][AsyncSock         ] [xrootd.ba.infn.it:1094 #0.0] Socket error while handshaking: [ERROR] Socket timeout
[2022-12-20 10:20:04.027027 +0100][Error  ][PostMaster        ] [xrootd.ba.infn.it:1094 #0] elapsed = 45, pConnectionWindow = 31 seconds.
[2022-12-20 10:20:04.027063 +0100][Error  ][PostMaster        ] [xrootd.ba.infn.it:1094 #0] Unable to recover: [ERROR] Socket timeout.
[2022-12-20 10:20:04.027080 +0100][Error  ][XRootD            ] [xrootd.ba.infn.it:1094] Impossible to send message kXR_open (file: /store/user/alesauva/flashgg/UL2017_3/10_6_4/VHToGG_M125_TuneCP5_13TeV-amcatnloFXFX-madspin-pythia8/UL2017_3-10_6_4-v0-RunIISummer19UL17MiniAOD-106X_mc2017_realistic_v6-v1/200722_091630/0000/myMicroAODOutputFile_10.root?tried=stor76.datagrid.cea.fr, mode: 0660, flags: kXR_open_read kXR_async kXR_retstat ). Trying to recover.
Begin processing the 1001st record. Run 1, Event 170887, LumiSection 633 on stream 0 at 20-Dec-2022 10:22:29.900 CET
Begin processing the 2001st record. Run 1, Event 885670, LumiSection 3281 on stream 0 at 20-Dec-2022 10:23:54.890 CET
[2022-12-20 10:24:34.428085 +0100][Error  ][AsyncSock         ] [xrootd.ba.infn.it:1094 #0.0] Socket error while handshaking: [ERROR] Socket timeout
[2022-12-20 10:24:34.428258 +0100][Error  ][PostMaster        ] [xrootd.ba.infn.it:1094 #0] elapsed = 45, pConnectionWindow = 31 seconds.
[2022-12-20 10:25:19.353044 +0100][Error  ][AsyncSock         ] [xrootd.ba.infn.it:1094 #0.0] Socket error while handshaking: [ERROR] Socket timeout
[2022-12-20 10:25:19.353217 +0100][Error  ][PostMaster        ] [xrootd.ba.infn.it:1094 #0] elapsed = 45, pConnectionWindow = 31 seconds.
[2022-12-20 10:25:19.353231 +0100][Error  ][PostMaster        ] [xrootd.ba.infn.it:1094 #0] Unable to recover: [ERROR] Socket timeout.
[2022-12-20 10:25:19.353254 +0100][Error  ][XRootD            ] [xrootd.ba.infn.it:1094] Impossible to send message kXR_open (file: /store/user/alesauva/flashgg/UL2017_3/10_6_4/VHToGG_M125_TuneCP5_13TeV-amcatnloFXFX-madspin-pythia8/UL2017_3-10_6_4-v0-RunIISummer19UL17MiniAOD-106X_mc2017_realistic_v6-v1/200722_091630/0000/myMicroAODOutputFile_10.root?tried=stor76.datagrid.cea.fr, mode: 0660, flags: kXR_open_read kXR_async kXR_retstat ). Trying to recover.
Begin processing the 3001st record. Run 1, Event 888394, LumiSection 3291 on stream 0 at 20-Dec-2022 10:25:21.741 CET
Begin processing the 4001st record. Run 1, Event 974177, LumiSection 3609 on stream 0 at 20-Dec-2022 10:26:45.310 CET
Begin processing the 5001st record. Run 1, Event 977216, LumiSection 3620 on stream 0 at 20-Dec-2022 10:28:09.063 CET
Begin processing the 6001st record. Run 1, Event 939347, LumiSection 3480 on stream 0 at 20-Dec-2022 10:29:26.928 CET
[2022-12-20 10:29:57.779912 +0100][Error  ][AsyncSock         ] [xrootd.ba.infn.it:1094 #0.0] Socket error while handshaking: [ERROR] Socket timeout
[2022-12-20 10:29:57.780029 +0100][Error  ][PostMaster        ] [xrootd.ba.infn.it:1094 #0] elapsed = 45, pConnectionWindow = 31 seconds.
[2022-12-20 10:30:42.273011 +0100][Error  ][AsyncSock         ] [xrootd.ba.infn.it:1094 #0.0] Socket error while handshaking: [ERROR] Socket timeout
[2022-12-20 10:30:42.273192 +0100][Error  ][PostMaster        ] [xrootd.ba.infn.it:1094 #0] elapsed = 45, pConnectionWindow = 31 seconds.
[2022-12-20 10:30:42.273203 +0100][Error  ][PostMaster        ] [xrootd.ba.infn.it:1094 #0] Unable to recover: [ERROR] Socket timeout.
[2022-12-20 10:30:42.273212 +0100][Error  ][XRootD            ] [xrootd.ba.infn.it:1094] Impossible to send message kXR_open (file: /store/user/alesauva/flashgg/UL2017_3/10_6_4/VHToGG_M125_TuneCP5_13TeV-amcatnloFXFX-madspin-pythia8/UL2017_3-10_6_4-v0-RunIISummer19UL17MiniAOD-106X_mc2017_realistic_v6-v1/200722_091630/0000/myMicroAODOutputFile_10.root?tried=stor76.datagrid.cea.fr, mode: 0660, flags: kXR_open_read kXR_async kXR_retstat ). Trying to recover.
Begin processing the 7001st record. Run 1, Event 942612, LumiSection 3492 on stream 0 at 20-Dec-2022 10:30:55.765 CET
Begin processing the 8001st record. Run 1, Event 945723, LumiSection 3503 on stream 0 at 20-Dec-2022 10:32:17.134 CET
Begin processing the 9001st record. Run 1, Event 410673, LumiSection 1522 on stream 0 at 20-Dec-2022 10:33:39.157 CET
Begin processing the 10001st record. Run 1, Event 338847, LumiSection 1255 on stream 0 at 20-Dec-2022 10:35:07.316 CET
[2022-12-20 10:35:19.777873 +0100][Error  ][AsyncSock         ] [xrootd.ba.infn.it:1094 #0.0] Socket error while handshaking: [ERROR] Socket timeout
[2022-12-20 10:35:19.778041 +0100][Error  ][PostMaster        ] [xrootd.ba.infn.it:1094 #0] elapsed = 45, pConnectionWindow = 31 seconds.
[2022-12-20 10:36:04.022522 +0100][Error  ][AsyncSock         ] [xrootd.ba.infn.it:1094 #0.0] Socket error while handshaking: [ERROR] Socket timeout
[2022-12-20 10:36:04.022723 +0100][Error  ][PostMaster        ] [xrootd.ba.infn.it:1094 #0] elapsed = 45, pConnectionWindow = 31 seconds.
[2022-12-20 10:36:04.022737 +0100][Error  ][PostMaster        ] [xrootd.ba.infn.it:1094 #0] Unable to recover: [ERROR] Socket timeout.
[2022-12-20 10:36:04.022753 +0100][Error  ][XRootD            ] [xrootd.ba.infn.it:1094] Impossible to send message kXR_open (file: /store/user/alesauva/flashgg/UL2017_3/10_6_4/VHToGG_M125_TuneCP5_13TeV-amcatnloFXFX-madspin-pythia8/UL2017_3-10_6_4-v0-RunIISummer19UL17MiniAOD-106X_mc2017_realistic_v6-v1/200722_091630/0000/myMicroAODOutputFile_10.root?tried=stor76.datagrid.cea.fr, mode: 0660, flags: kXR_open_read kXR_async kXR_retstat ). Trying to recover.
Begin processing the 11001st record. Run 1, Event 442490, LumiSection 1639 on stream 0 at 20-Dec-2022 10:36:37.234 CET
Begin processing the 12001st record. Run 1, Event 445419, LumiSection 1650 on stream 0 at 20-Dec-2022 10:38:13.982 CET
Begin processing the 13001st record. Run 1, Event 448267, LumiSection 1661 on stream 0 at 20-Dec-2022 10:39:37.579 CET
Begin processing the 14001st record. Run 1, Event 461698, LumiSection 1710 on stream 0 at 20-Dec-2022 10:41:09.281 CET
Begin processing the 15001st record. Run 1, Event 464510, LumiSection 1721 on stream 0 at 20-Dec-2022 10:42:35.313 CET
Begin processing the 16001st record. Run 1, Event 405295, LumiSection 1502 on stream 0 at 20-Dec-2022 10:43:58.146 CET
[2022-12-20 10:45:16.716883 +0100][Error  ][AsyncSock         ] [xrootd.ba.infn.it:1094 #0.0] Socket error while handshaking: [ERROR] Socket timeout
[2022-12-20 10:45:16.717032 +0100][Error  ][PostMaster        ] [xrootd.ba.infn.it:1094 #0] elapsed = 45, pConnectionWindow = 31 seconds.
Begin processing the 17001st record. Run 1, Event 429751, LumiSection 1592 on stream 0 at 20-Dec-2022 10:45:27.684 CET
[2022-12-20 10:46:01.405493 +0100][Error  ][AsyncSock         ] [xrootd.ba.infn.it:1094 #0.0] Socket error while handshaking: [ERROR] Socket timeout
[2022-12-20 10:46:01.405677 +0100][Error  ][PostMaster        ] [xrootd.ba.infn.it:1094 #0] elapsed = 45, pConnectionWindow = 31 seconds.
[2022-12-20 10:46:01.405687 +0100][Error  ][PostMaster        ] [xrootd.ba.infn.it:1094 #0] Unable to recover: [ERROR] Socket timeout.
[2022-12-20 10:46:01.405696 +0100][Error  ][XRootD            ] [xrootd.ba.infn.it:1094] Impossible to send message kXR_open (file: /store/user/alesauva/flashgg/UL2017_3/10_6_4/VHToGG_M125_TuneCP5_13TeV-amcatnloFXFX-madspin-pythia8/UL2017_3-10_6_4-v0-RunIISummer19UL17MiniAOD-106X_mc2017_realistic_v6-v1/200722_091630/0000/myMicroAODOutputFile_10.root?tried=stor76.datagrid.cea.fr, mode: 0660, flags: kXR_open_read kXR_async kXR_retstat ). Trying to recover.
Begin processing the 18001st record. Run 1, Event 432725, LumiSection 1603 on stream 0 at 20-Dec-2022 10:46:49.845 CET
Begin processing the 19001st record. Run 1, Event 435597, LumiSection 1614 on stream 0 at 20-Dec-2022 10:48:18.774 CET
Begin processing the 20001st record. Run 1, Event 438515, LumiSection 1625 on stream 0 at 20-Dec-2022 10:49:39.094 CET
[2022-12-20 10:50:44.583068 +0100][Error  ][AsyncSock         ] [xrootd.ba.infn.it:1094 #0.0] Socket error while handshaking: [ERROR] Socket timeout
[2022-12-20 10:50:44.583197 +0100][Error  ][PostMaster        ] [xrootd.ba.infn.it:1094 #0] elapsed = 45, pConnectionWindow = 31 seconds.
Begin processing the 21001st record. Run 1, Event 494042, LumiSection 1830 on stream 0 at 20-Dec-2022 10:51:01.786 CET
[2022-12-20 10:51:29.912900 +0100][Error  ][AsyncSock         ] [xrootd.ba.infn.it:1094 #0.0] Socket error while handshaking: [ERROR] Socket timeout
[2022-12-20 10:51:29.913109 +0100][Error  ][PostMaster        ] [xrootd.ba.infn.it:1094 #0] elapsed = 45, pConnectionWindow = 31 seconds.
[2022-12-20 10:51:29.913121 +0100][Error  ][PostMaster        ] [xrootd.ba.infn.it:1094 #0] Unable to recover: [ERROR] Socket timeout.
[2022-12-20 10:51:29.913130 +0100][Error  ][XRootD            ] [xrootd.ba.infn.it:1094] Impossible to send message kXR_open (file: /store/user/alesauva/flashgg/UL2017_3/10_6_4/VHToGG_M125_TuneCP5_13TeV-amcatnloFXFX-madspin-pythia8/UL2017_3-10_6_4-v0-RunIISummer19UL17MiniAOD-106X_mc2017_realistic_v6-v1/200722_091630/0000/myMicroAODOutputFile_10.root?tried=stor76.datagrid.cea.fr, mode: 0660, flags: kXR_open_read kXR_async kXR_retstat ). Trying to recover.
Begin processing the 22001st record. Run 1, Event 700702, LumiSection 2596 on stream 0 at 20-Dec-2022 10:52:27.898 CET
Begin processing the 23001st record. Run 1, Event 906120, LumiSection 3356 on stream 0 at 20-Dec-2022 10:53:51.173 CET
Begin processing the 24001st record. Run 1, Event 636961, LumiSection 2360 on stream 0 at 20-Dec-2022 10:55:22.507 CET
[2022-12-20 10:56:12.957890 +0100][Error  ][AsyncSock         ] [xrootd.ba.infn.it:1094 #0.0] Socket error while handshaking: [ERROR] Socket timeout
[2022-12-20 10:56:12.958022 +0100][Error  ][PostMaster        ] [xrootd.ba.infn.it:1094 #0] elapsed = 45, pConnectionWindow = 31 seconds.
20-Dec-2022 10:56:40 CET  Closed file root://cms-xrd-global.cern.ch//store/user/alesauva/flashgg/UL2017_3/10_6_4/VHToGG_M125_TuneCP5_13TeV-amcatnloFXFX-madspin-pythia8/UL2017_3-10_6_4-v0-RunIISummer19UL17MiniAOD-106X_mc2017_realistic_v6-v1/200722_091630/0000/myMicroAODOutputFile_10.root

TrigReport ---------- Event  Summary ------------
TrigReport Events total = 24928 passed = 15878 failed = 9050

TrigReport ---------- Path   Summary ------------
TrigReport  Trig Bit#   Executed     Passed     Failed      Error Name
TrigReport     1    0      24928      15878       9050          0 p

TrigReport -------End-Path   Summary ------------
TrigReport  Trig Bit#   Executed     Passed     Failed      Error Name

TrigReport ---------- Modules in Path: p ------------
TrigReport  Trig Bit#    Visited     Passed     Failed      Error Name
TrigReport     1    0      24928      24789        139          0 flashggMetFilters
TrigReport     1    1      24789      15878       8911          0 VHFilter
TrigReport     1    2      15878      15878          0          0 flashggDifferentialPhoIdInputsCorrection
TrigReport     1    3      15878      15878          0          0 flashggDiPhotonSystematics
TrigReport     1    4      15878      15878          0          0 flashggMetSystematics
TrigReport     1    5      15878      15878          0          0 flashggMuonSystematics
TrigReport     1    6      15878      15878          0          0 flashggElectronSystematics
TrigReport     1    7      15878      15878          0          0 flashggUnpackedJets
TrigReport     1    8      15878      15878          0          0 flashggJetSystematics0
TrigReport     1    9      15878      15878          0          0 flashggJetSystematics1
TrigReport     1   10      15878      15878          0          0 flashggJetSystematics2
TrigReport     1   11      15878      15878          0          0 flashggJetSystematics3
TrigReport     1   12      15878      15878          0          0 flashggJetSystematics4
TrigReport     1   13      15878      15878          0          0 flashggJetSystematics5
TrigReport     1   14      15878      15878          0          0 flashggJetSystematics6
TrigReport     1   15      15878      15878          0          0 flashggJetSystematics7
TrigReport     1   16      15878      15878          0          0 flashggJetSystematics8
TrigReport     1   17      15878      15878          0          0 flashggJetSystematics9
TrigReport     1   18      15878      15878          0          0 flashggJetSystematics10
TrigReport     1   19      15878      15878          0          0 flashggJetSystematics11
TrigReport     1   20      15878      15878          0          0 flashggPrefireDiPhotons
TrigReport     1   21      15878      15878          0          0 flashggPreselectedDiPhotons
TrigReport     1   22      15878      15878          0          0 flashggDiPhotonMVA
TrigReport     1   23      15878      15878          0          0 flashggVBFMVA
TrigReport     1   24      15878      15878          0          0 flashggVHhadMVA
TrigReport     1   25      15878      15878          0          0 flashggGluGluHMVA
TrigReport     1   26      15878      15878          0          0 flashggStageOneCombinedTag
TrigReport     1   27      15878      15878          0          0 flashggTHQLeptonicTag
TrigReport     1   28      15878      15878          0          0 flashggVHMetTag
TrigReport     1   29      15878      15878          0          0 flashggWHLeptonicTag
TrigReport     1   30      15878      15878          0          0 flashggZHLeptonicTag
TrigReport     1   31      15878      15878          0          0 flashggTTHLeptonicTag
TrigReport     1   32      15878      15878          0          0 flashggTTHHadronicTag
TrigReport     1   33      15878      15878          0          0 flashggTagSorter
TrigReport     1   34      15878      15878          0          0 flashggSystTagMerger
TrigReport     1   35      15878      15878          0          0 tagsDumper

TrigReport ---------- Module Summary ------------
TrigReport    Visited   Executed     Passed     Failed      Error Name
TrigReport      24928      24928      24928          0          0 TriggerResults
TrigReport      24789      24789      15878       8911          0 VHFilter
TrigReport      15878      15878      15878          0          0 ak4PFCHSL1FastL2L3Corrector
TrigReport      15878      15878      15878          0          0 ak4PFCHSL1FastjetCorrector
TrigReport      15878      15878      15878          0          0 ak4PFCHSL2RelativeCorrector
TrigReport      15878      15878      15878          0          0 ak4PFCHSL3AbsoluteCorrector
TrigReport      15878      15878      15878          0          0 flashggDiPhotonMVA
TrigReport      15878      15878      15878          0          0 flashggDiPhotonSystematics
TrigReport      15878      15878      15878          0          0 flashggDifferentialPhoIdInputsCorrection
TrigReport      15878      15878      15878          0          0 flashggElectronSystematics
TrigReport      15878      15878      15878          0          0 flashggGluGluHMVA
TrigReport      15878      15878      15878          0          0 flashggJetSystematics0
TrigReport      15878      15878      15878          0          0 flashggJetSystematics1
TrigReport      15878      15878      15878          0          0 flashggJetSystematics10
TrigReport      15878      15878      15878          0          0 flashggJetSystematics11
TrigReport      15878      15878      15878          0          0 flashggJetSystematics2
TrigReport      15878      15878      15878          0          0 flashggJetSystematics3
TrigReport      15878      15878      15878          0          0 flashggJetSystematics4
TrigReport      15878      15878      15878          0          0 flashggJetSystematics5
TrigReport      15878      15878      15878          0          0 flashggJetSystematics6
TrigReport      15878      15878      15878          0          0 flashggJetSystematics7
TrigReport      15878      15878      15878          0          0 flashggJetSystematics8
TrigReport      15878      15878      15878          0          0 flashggJetSystematics9
TrigReport      24928      24928      24789        139          0 flashggMetFilters
TrigReport      15878      15878      15878          0          0 flashggMetSystematics
TrigReport      15878      15878      15878          0          0 flashggMuonSystematics
TrigReport      15878      15878      15878          0          0 flashggPrefireDiPhotons
TrigReport      15878      15878      15878          0          0 flashggPreselectedDiPhotons
TrigReport      15878      15878      15878          0          0 flashggStageOneCombinedTag
TrigReport      15878      15878      15878          0          0 flashggSystTagMerger
TrigReport      15878      15878      15878          0          0 flashggTHQLeptonicTag
TrigReport      15878      15878      15878          0          0 flashggTTHHadronicTag
TrigReport      15878      15878      15878          0          0 flashggTTHLeptonicTag
TrigReport      15878      15878      15878          0          0 flashggTagSorter
TrigReport      15878      15878      15878          0          0 flashggUnpackedJets
TrigReport      15878      15878      15878          0          0 flashggVBFMVA
TrigReport      15878      15878      15878          0          0 flashggVHMetTag
TrigReport      15878      15878      15878          0          0 flashggVHhadMVA
TrigReport      15878      15878      15878          0          0 flashggWHLeptonicTag
TrigReport      15878      15878      15878          0          0 flashggZHLeptonicTag
TrigReport      24928      24928      24928          0          0 p
TrigReport      15878      15878      15878          0          0 tagsDumper

TimeReport ---------- Event  Summary ---[sec]----
TimeReport       event loop CPU/event = 0.090874
TimeReport      event loop Real/event = 0.091695
TimeReport     sum Streams Real/event = 0.088988
TimeReport efficiency CPU/Real/thread = 0.991046

TimeReport ---------- Path   Summary ---[Real sec]----
TimeReport  per event     per exec  Name
TimeReport   0.088622     0.088622  p
TimeReport  per event     per exec  Name

TimeReport -------End-Path   Summary ---[Real sec]----
TimeReport  per event     per exec  Name
TimeReport  per event     per exec  Name

TimeReport ---------- Modules in Path: p ---[Real sec]----
TimeReport  per event    per visit  Name
TimeReport   0.000012     0.000012  flashggMetFilters
TimeReport   0.000005     0.000005  VHFilter
TimeReport   0.049201     0.077244  flashggDifferentialPhoIdInputsCorrection
TimeReport   0.029161     0.045782  flashggDiPhotonSystematics
TimeReport   0.000112     0.000175  flashggMetSystematics
TimeReport   0.000016     0.000025  flashggMuonSystematics
TimeReport   0.000025     0.000040  flashggElectronSystematics
TimeReport   0.000147     0.000232  flashggUnpackedJets
TimeReport   0.002670     0.004192  flashggJetSystematics0
TimeReport   0.000397     0.000623  flashggJetSystematics1
TimeReport   0.000350     0.000550  flashggJetSystematics2
TimeReport   0.000338     0.000530  flashggJetSystematics3
TimeReport   0.000332     0.000521  flashggJetSystematics4
TimeReport   0.000327     0.000514  flashggJetSystematics5
TimeReport   0.000325     0.000510  flashggJetSystematics6
TimeReport   0.000324     0.000508  flashggJetSystematics7
TimeReport   0.000324     0.000508  flashggJetSystematics8
TimeReport   0.000323     0.000506  flashggJetSystematics9
TimeReport   0.000320     0.000503  flashggJetSystematics10
TimeReport   0.000319     0.000501  flashggJetSystematics11
TimeReport   0.000199     0.000313  flashggPrefireDiPhotons
TimeReport   0.000070     0.000109  flashggPreselectedDiPhotons
TimeReport   0.000018     0.000028  flashggDiPhotonMVA
TimeReport   0.000017     0.000026  flashggVBFMVA
TimeReport   0.000010     0.000016  flashggVHhadMVA
TimeReport   0.000028     0.000044  flashggGluGluHMVA
TimeReport   0.000018     0.000028  flashggStageOneCombinedTag
TimeReport   0.000236     0.000370  flashggTHQLeptonicTag
TimeReport   0.000168     0.000264  flashggVHMetTag
TimeReport   0.000020     0.000032  flashggWHLeptonicTag
TimeReport   0.000010     0.000016  flashggZHLeptonicTag
TimeReport   0.000121     0.000190  flashggTTHLeptonicTag
TimeReport   0.000771     0.001211  flashggTTHHadronicTag
TimeReport   0.000051     0.000080  flashggTagSorter
TimeReport   0.000002     0.000003  flashggSystTagMerger
TimeReport   0.000221     0.000348  tagsDumper
TimeReport  per event    per visit  Name

TimeReport ---------- Module Summary ---[Real sec]----
TimeReport  per event     per exec    per visit  Name
TimeReport   0.000002     0.000002     0.000002  TriggerResults
TimeReport   0.000005     0.000005     0.000005  VHFilter
TimeReport   0.000002     0.000003     0.000003  ak4PFCHSL1FastL2L3Corrector
TimeReport   0.000002     0.000003     0.000003  ak4PFCHSL1FastjetCorrector
TimeReport   0.000001     0.000001     0.000001  ak4PFCHSL2RelativeCorrector
TimeReport   0.000008     0.000013     0.000013  ak4PFCHSL3AbsoluteCorrector
TimeReport   0.000018     0.000028     0.000028  flashggDiPhotonMVA
TimeReport   0.029161     0.045782     0.045782  flashggDiPhotonSystematics
TimeReport   0.049201     0.077244     0.077244  flashggDifferentialPhoIdInputsCorrection
TimeReport   0.000025     0.000040     0.000040  flashggElectronSystematics
TimeReport   0.000028     0.000044     0.000044  flashggGluGluHMVA
TimeReport   0.002670     0.004192     0.004192  flashggJetSystematics0
TimeReport   0.000397     0.000623     0.000623  flashggJetSystematics1
TimeReport   0.000320     0.000503     0.000503  flashggJetSystematics10
TimeReport   0.000319     0.000501     0.000501  flashggJetSystematics11
TimeReport   0.000350     0.000550     0.000550  flashggJetSystematics2
TimeReport   0.000338     0.000530     0.000530  flashggJetSystematics3
TimeReport   0.000332     0.000521     0.000521  flashggJetSystematics4
TimeReport   0.000327     0.000514     0.000514  flashggJetSystematics5
TimeReport   0.000325     0.000510     0.000510  flashggJetSystematics6
TimeReport   0.000324     0.000508     0.000508  flashggJetSystematics7
TimeReport   0.000324     0.000508     0.000508  flashggJetSystematics8
TimeReport   0.000323     0.000506     0.000506  flashggJetSystematics9
TimeReport   0.000012     0.000012     0.000012  flashggMetFilters
TimeReport   0.000112     0.000175     0.000175  flashggMetSystematics
TimeReport   0.000016     0.000025     0.000025  flashggMuonSystematics
TimeReport   0.000199     0.000313     0.000313  flashggPrefireDiPhotons
TimeReport   0.000070     0.000109     0.000109  flashggPreselectedDiPhotons
TimeReport   0.000018     0.000028     0.000028  flashggStageOneCombinedTag
TimeReport   0.000002     0.000003     0.000003  flashggSystTagMerger
TimeReport   0.000236     0.000370     0.000370  flashggTHQLeptonicTag
TimeReport   0.000771     0.001211     0.001211  flashggTTHHadronicTag
TimeReport   0.000121     0.000190     0.000190  flashggTTHLeptonicTag
TimeReport   0.000051     0.000080     0.000080  flashggTagSorter
TimeReport   0.000147     0.000232     0.000232  flashggUnpackedJets
TimeReport   0.000017     0.000026     0.000026  flashggVBFMVA
TimeReport   0.000168     0.000264     0.000264  flashggVHMetTag
TimeReport   0.000010     0.000016     0.000016  flashggVHhadMVA
TimeReport   0.000020     0.000032     0.000032  flashggWHLeptonicTag
TimeReport   0.000010     0.000016     0.000016  flashggZHLeptonicTag
TimeReport   0.000002     0.000002     0.000002  p
TimeReport   0.000221     0.000348     0.000348  tagsDumper
TimeReport  per event     per exec    per visit  Name

T---Report end!


=============================================

MessageLogger Summary

 type     category        sev    module        subroutine        count    total
 ---- -------------------- -- ---------------- ----------------  -----    -----
    1 XrdAdaptor           -w file_open                              1        1
    2 fileAction           -s file_close                             1        1
    3 fileAction           -s file_open                              2        2

 type    category    Examples: run/evt        run/evt          run/evt
 ---- -------------------- ---------------- ---------------- ----------------
    1 XrdAdaptor           pre-events                        
    2 fileAction           PostGlobalEndRun                  
    3 fileAction           pre-events       pre-events       

Severity    # Occurrences   Total Occurrences
--------    -------------   -----------------
Warning                 1                   1
System                  3                   3

dropped waiting message count 0
