mkdir: cannot create directory '/afs/cern.ch/user/x/xisu/private/local/Analysis_workspace/VH_AC_tmp1/flashgg_d2/CMSSW_10_6_29/src/flashgg/VHAC_Analysis_Met/UL_17/UL_17_wh125': File exists
/cvmfs/cms.cern.ch/slc7_amd64_gcc700/external/py2-requests/2.21.0-pafccj2/lib/python2.7/site-packages/requests/__init__.py:91: RequestsDependencyWarning: urllib3 (1.25.2) or chardet (3.0.4) doesn't match a supported version!
  RequestsDependencyWarning)
20-Dec-2022 10:05:05 CET  Initiating request to open file root://cms-xrd-global.cern.ch//store/user/alesauva/flashgg/UL2017_4/10_6_4/WHiggs0PHToGG_M125_TuneCP5_13TeV-JHUGenV7011-pythia8/UL2017_4-10_6_4-v0-RunIISummer19UL17MiniAOD-106X_mc2017_realistic_v6-v2/200720_155719/0000/myMicroAODOutputFile_7.root
%MSG-w XrdAdaptor:  file_open 20-Dec-2022 10:05:07 CET pre-events
Data is served from GRIF-IRFU instead of original site CERN-CMSGLOBAL-01
%MSG
20-Dec-2022 10:05:09 CET  Successfully opened file root://cms-xrd-global.cern.ch//store/user/alesauva/flashgg/UL2017_4/10_6_4/WHiggs0PHToGG_M125_TuneCP5_13TeV-JHUGenV7011-pythia8/UL2017_4-10_6_4-v0-RunIISummer19UL17MiniAOD-106X_mc2017_realistic_v6-v2/200720_155719/0000/myMicroAODOutputFile_7.root
2022-12-20 10:18:10.061787: I tensorflow/core/platform/cpu_feature_guard.cc:140] Your CPU supports instructions that this TensorFlow binary was not compiled to use: SSE4.1 SSE4.2 AVX AVX2 FMA
Begin processing the 1st record. Run 1, Event 180009, LumiSection 1801 on stream 0 at 20-Dec-2022 10:19:01.184 CET
[2022-12-20 10:19:44.394739 +0100][Error  ][AsyncSock         ] [xrootd.ba.infn.it:1094 #0.0] Socket error while handshaking: [ERROR] Socket timeout
[2022-12-20 10:19:44.394895 +0100][Error  ][PostMaster        ] [xrootd.ba.infn.it:1094 #0] elapsed = 45, pConnectionWindow = 31 seconds.
[2022-12-20 10:20:29.560567 +0100][Error  ][AsyncSock         ] [xrootd.ba.infn.it:1094 #0.0] Socket error while handshaking: [ERROR] Socket timeout
[2022-12-20 10:20:29.560673 +0100][Error  ][PostMaster        ] [xrootd.ba.infn.it:1094 #0] elapsed = 45, pConnectionWindow = 31 seconds.
[2022-12-20 10:20:29.560701 +0100][Error  ][PostMaster        ] [xrootd.ba.infn.it:1094 #0] Unable to recover: [ERROR] Socket timeout.
[2022-12-20 10:20:29.560724 +0100][Error  ][XRootD            ] [xrootd.ba.infn.it:1094] Impossible to send message kXR_open (file: /store/user/alesauva/flashgg/UL2017_4/10_6_4/WHiggs0PHToGG_M125_TuneCP5_13TeV-JHUGenV7011-pythia8/UL2017_4-10_6_4-v0-RunIISummer19UL17MiniAOD-106X_mc2017_realistic_v6-v2/200720_155719/0000/myMicroAODOutputFile_7.root?tried=stor76.datagrid.cea.fr, mode: 0660, flags: kXR_open_read kXR_async kXR_retstat ). Trying to recover.
Begin processing the 1001st record. Run 1, Event 181011, LumiSection 1811 on stream 0 at 20-Dec-2022 10:23:24.619 CET
Begin processing the 2001st record. Run 1, Event 359723, LumiSection 3598 on stream 0 at 20-Dec-2022 10:25:22.314 CET
Begin processing the 3001st record. Run 1, Event 408402, LumiSection 4085 on stream 0 at 20-Dec-2022 10:27:18.066 CET
Begin processing the 4001st record. Run 1, Event 409406, LumiSection 4095 on stream 0 at 20-Dec-2022 10:29:14.028 CET
[2022-12-20 10:29:58.624384 +0100][Error  ][AsyncSock         ] [xrootd.ba.infn.it:1094 #0.0] Socket error while handshaking: [ERROR] Socket timeout
[2022-12-20 10:29:58.624549 +0100][Error  ][PostMaster        ] [xrootd.ba.infn.it:1094 #0] elapsed = 45, pConnectionWindow = 31 seconds.
[2022-12-20 10:30:43.847332 +0100][Error  ][AsyncSock         ] [xrootd.ba.infn.it:1094 #0.0] Socket error while handshaking: [ERROR] Socket timeout
[2022-12-20 10:30:43.847494 +0100][Error  ][PostMaster        ] [xrootd.ba.infn.it:1094 #0] elapsed = 45, pConnectionWindow = 31 seconds.
[2022-12-20 10:30:43.847506 +0100][Error  ][PostMaster        ] [xrootd.ba.infn.it:1094 #0] Unable to recover: [ERROR] Socket timeout.
[2022-12-20 10:30:43.847517 +0100][Error  ][XRootD            ] [xrootd.ba.infn.it:1094] Impossible to send message kXR_open (file: /store/user/alesauva/flashgg/UL2017_4/10_6_4/WHiggs0PHToGG_M125_TuneCP5_13TeV-JHUGenV7011-pythia8/UL2017_4-10_6_4-v0-RunIISummer19UL17MiniAOD-106X_mc2017_realistic_v6-v2/200720_155719/0000/myMicroAODOutputFile_7.root?tried=stor76.datagrid.cea.fr, mode: 0660, flags: kXR_open_read kXR_async kXR_retstat ). Trying to recover.
Begin processing the 5001st record. Run 1, Event 387609, LumiSection 3877 on stream 0 at 20-Dec-2022 10:31:33.454 CET
Begin processing the 6001st record. Run 1, Event 388610, LumiSection 3887 on stream 0 at 20-Dec-2022 10:33:47.280 CET
[2022-12-20 10:34:31.534333 +0100][Error  ][AsyncSock         ] [xrootd.ba.infn.it:1094 #0.0] Socket error while handshaking: [ERROR] Socket timeout
[2022-12-20 10:34:31.534507 +0100][Error  ][PostMaster        ] [xrootd.ba.infn.it:1094 #0] elapsed = 45, pConnectionWindow = 31 seconds.
[2022-12-20 10:35:16.786305 +0100][Error  ][AsyncSock         ] [xrootd.ba.infn.it:1094 #0.0] Socket error while handshaking: [ERROR] Socket timeout
[2022-12-20 10:35:16.786435 +0100][Error  ][PostMaster        ] [xrootd.ba.infn.it:1094 #0] elapsed = 45, pConnectionWindow = 31 seconds.
[2022-12-20 10:35:16.786450 +0100][Error  ][PostMaster        ] [xrootd.ba.infn.it:1094 #0] Unable to recover: [ERROR] Socket timeout.
[2022-12-20 10:35:16.786461 +0100][Error  ][XRootD            ] [xrootd.ba.infn.it:1094] Impossible to send message kXR_open (file: /store/user/alesauva/flashgg/UL2017_4/10_6_4/WHiggs0PHToGG_M125_TuneCP5_13TeV-JHUGenV7011-pythia8/UL2017_4-10_6_4-v0-RunIISummer19UL17MiniAOD-106X_mc2017_realistic_v6-v2/200720_155719/0000/myMicroAODOutputFile_7.root?tried=stor76.datagrid.cea.fr, mode: 0660, flags: kXR_open_read kXR_async kXR_retstat ). Trying to recover.
Begin processing the 7001st record. Run 1, Event 389605, LumiSection 3897 on stream 0 at 20-Dec-2022 10:35:59.715 CET
Begin processing the 8001st record. Run 1, Event 393306, LumiSection 3934 on stream 0 at 20-Dec-2022 10:38:15.651 CET
Begin processing the 9001st record. Run 1, Event 394310, LumiSection 3944 on stream 0 at 20-Dec-2022 10:40:20.692 CET
Begin processing the 10001st record. Run 1, Event 395310, LumiSection 3954 on stream 0 at 20-Dec-2022 10:42:32.385 CET
[2022-12-20 10:43:16.004668 +0100][Error  ][AsyncSock         ] [xrootd.ba.infn.it:1094 #0.0] Socket error while handshaking: [ERROR] Socket timeout
[2022-12-20 10:43:16.004796 +0100][Error  ][PostMaster        ] [xrootd.ba.infn.it:1094 #0] elapsed = 46, pConnectionWindow = 31 seconds.
[2022-12-20 10:44:01.265320 +0100][Error  ][AsyncSock         ] [xrootd.ba.infn.it:1094 #0.0] Socket error while handshaking: [ERROR] Socket timeout
[2022-12-20 10:44:01.265465 +0100][Error  ][PostMaster        ] [xrootd.ba.infn.it:1094 #0] elapsed = 45, pConnectionWindow = 31 seconds.
[2022-12-20 10:44:01.265474 +0100][Error  ][PostMaster        ] [xrootd.ba.infn.it:1094 #0] Unable to recover: [ERROR] Socket timeout.
[2022-12-20 10:44:01.265484 +0100][Error  ][XRootD            ] [xrootd.ba.infn.it:1094] Impossible to send message kXR_open (file: /store/user/alesauva/flashgg/UL2017_4/10_6_4/WHiggs0PHToGG_M125_TuneCP5_13TeV-JHUGenV7011-pythia8/UL2017_4-10_6_4-v0-RunIISummer19UL17MiniAOD-106X_mc2017_realistic_v6-v2/200720_155719/0000/myMicroAODOutputFile_7.root?tried=stor76.datagrid.cea.fr, mode: 0660, flags: kXR_open_read kXR_async kXR_retstat ). Trying to recover.
Begin processing the 11001st record. Run 1, Event 583003, LumiSection 5831 on stream 0 at 20-Dec-2022 10:44:55.544 CET
Begin processing the 12001st record. Run 1, Event 576005, LumiSection 5761 on stream 0 at 20-Dec-2022 10:47:06.846 CET
[2022-12-20 10:47:50.137499 +0100][Error  ][AsyncSock         ] [xrootd.ba.infn.it:1094 #0.0] Socket error while handshaking: [ERROR] Socket timeout
[2022-12-20 10:47:50.137670 +0100][Error  ][PostMaster        ] [xrootd.ba.infn.it:1094 #0] elapsed = 46, pConnectionWindow = 31 seconds.
[2022-12-20 10:48:35.393393 +0100][Error  ][AsyncSock         ] [xrootd.ba.infn.it:1094 #0.0] Socket error while handshaking: [ERROR] Socket timeout
[2022-12-20 10:48:35.393513 +0100][Error  ][PostMaster        ] [xrootd.ba.infn.it:1094 #0] elapsed = 45, pConnectionWindow = 31 seconds.
[2022-12-20 10:48:35.393525 +0100][Error  ][PostMaster        ] [xrootd.ba.infn.it:1094 #0] Unable to recover: [ERROR] Socket timeout.
[2022-12-20 10:48:35.393545 +0100][Error  ][XRootD            ] [xrootd.ba.infn.it:1094] Impossible to send message kXR_open (file: /store/user/alesauva/flashgg/UL2017_4/10_6_4/WHiggs0PHToGG_M125_TuneCP5_13TeV-JHUGenV7011-pythia8/UL2017_4-10_6_4-v0-RunIISummer19UL17MiniAOD-106X_mc2017_realistic_v6-v2/200720_155719/0000/myMicroAODOutputFile_7.root?tried=stor76.datagrid.cea.fr, mode: 0660, flags: kXR_open_read kXR_async kXR_retstat ). Trying to recover.
Begin processing the 13001st record. Run 1, Event 582216, LumiSection 5823 on stream 0 at 20-Dec-2022 10:49:10.150 CET
Begin processing the 14001st record. Run 1, Event 587314, LumiSection 5874 on stream 0 at 20-Dec-2022 10:51:22.728 CET
Begin processing the 15001st record. Run 1, Event 577201, LumiSection 5773 on stream 0 at 20-Dec-2022 10:53:24.784 CET
Begin processing the 16001st record. Run 1, Event 578208, LumiSection 5783 on stream 0 at 20-Dec-2022 10:55:30.057 CET
[2022-12-20 10:56:12.050704 +0100][Error  ][AsyncSock         ] [xrootd.ba.infn.it:1094 #0.0] Socket error while handshaking: [ERROR] Socket timeout
[2022-12-20 10:56:12.050848 +0100][Error  ][PostMaster        ] [xrootd.ba.infn.it:1094 #0] elapsed = 45, pConnectionWindow = 31 seconds.
[2022-12-20 10:56:57.293307 +0100][Error  ][AsyncSock         ] [xrootd.ba.infn.it:1094 #0.0] Socket error while handshaking: [ERROR] Socket timeout
[2022-12-20 10:56:57.293448 +0100][Error  ][PostMaster        ] [xrootd.ba.infn.it:1094 #0] elapsed = 45, pConnectionWindow = 31 seconds.
[2022-12-20 10:56:57.293457 +0100][Error  ][PostMaster        ] [xrootd.ba.infn.it:1094 #0] Unable to recover: [ERROR] Socket timeout.
[2022-12-20 10:56:57.293471 +0100][Error  ][XRootD            ] [xrootd.ba.infn.it:1094] Impossible to send message kXR_open (file: /store/user/alesauva/flashgg/UL2017_4/10_6_4/WHiggs0PHToGG_M125_TuneCP5_13TeV-JHUGenV7011-pythia8/UL2017_4-10_6_4-v0-RunIISummer19UL17MiniAOD-106X_mc2017_realistic_v6-v2/200720_155719/0000/myMicroAODOutputFile_7.root?tried=stor76.datagrid.cea.fr, mode: 0660, flags: kXR_open_read kXR_async kXR_retstat ). Trying to recover.
Begin processing the 17001st record. Run 1, Event 581809, LumiSection 5819 on stream 0 at 20-Dec-2022 10:57:33.306 CET
Begin processing the 18001st record. Run 1, Event 584202, LumiSection 5843 on stream 0 at 20-Dec-2022 10:59:38.134 CET
Begin processing the 19001st record. Run 1, Event 585203, LumiSection 5853 on stream 0 at 20-Dec-2022 11:01:42.857 CET
Begin processing the 20001st record. Run 1, Event 586407, LumiSection 5865 on stream 0 at 20-Dec-2022 11:03:43.519 CET
[2022-12-20 11:04:26.836595 +0100][Error  ][AsyncSock         ] [xrootd.ba.infn.it:1094 #0.0] Socket error while handshaking: [ERROR] Socket timeout
[2022-12-20 11:04:26.836744 +0100][Error  ][PostMaster        ] [xrootd.ba.infn.it:1094 #0] elapsed = 45, pConnectionWindow = 31 seconds.
[2022-12-20 11:05:11.068984 +0100][Error  ][AsyncSock         ] [xrootd.ba.infn.it:1094 #0.0] Socket error while handshaking: [ERROR] Socket timeout
[2022-12-20 11:05:11.069109 +0100][Error  ][PostMaster        ] [xrootd.ba.infn.it:1094 #0] elapsed = 45, pConnectionWindow = 31 seconds.
[2022-12-20 11:05:11.069118 +0100][Error  ][PostMaster        ] [xrootd.ba.infn.it:1094 #0] Unable to recover: [ERROR] Socket timeout.
[2022-12-20 11:05:11.069125 +0100][Error  ][XRootD            ] [xrootd.ba.infn.it:1094] Impossible to send message kXR_open (file: /store/user/alesauva/flashgg/UL2017_4/10_6_4/WHiggs0PHToGG_M125_TuneCP5_13TeV-JHUGenV7011-pythia8/UL2017_4-10_6_4-v0-RunIISummer19UL17MiniAOD-106X_mc2017_realistic_v6-v2/200720_155719/0000/myMicroAODOutputFile_7.root?tried=stor76.datagrid.cea.fr, mode: 0660, flags: kXR_open_read kXR_async kXR_retstat ). Trying to recover.
Begin processing the 21001st record. Run 1, Event 11706, LumiSection 118 on stream 0 at 20-Dec-2022 11:05:42.734 CET
Begin processing the 22001st record. Run 1, Event 287508, LumiSection 2876 on stream 0 at 20-Dec-2022 11:07:41.133 CET
Begin processing the 23001st record. Run 1, Event 12518, LumiSection 126 on stream 0 at 20-Dec-2022 11:09:47.709 CET
[2022-12-20 11:10:30.483440 +0100][Error  ][AsyncSock         ] [xrootd.ba.infn.it:1094 #0.0] Socket error while handshaking: [ERROR] Socket timeout
[2022-12-20 11:10:30.483573 +0100][Error  ][PostMaster        ] [xrootd.ba.infn.it:1094 #0] elapsed = 45, pConnectionWindow = 31 seconds.
[2022-12-20 11:11:15.739312 +0100][Error  ][AsyncSock         ] [xrootd.ba.infn.it:1094 #0.0] Socket error while handshaking: [ERROR] Socket timeout
[2022-12-20 11:11:15.739450 +0100][Error  ][PostMaster        ] [xrootd.ba.infn.it:1094 #0] elapsed = 45, pConnectionWindow = 31 seconds.
[2022-12-20 11:11:15.739459 +0100][Error  ][PostMaster        ] [xrootd.ba.infn.it:1094 #0] Unable to recover: [ERROR] Socket timeout.
[2022-12-20 11:11:15.739470 +0100][Error  ][XRootD            ] [xrootd.ba.infn.it:1094] Impossible to send message kXR_open (file: /store/user/alesauva/flashgg/UL2017_4/10_6_4/WHiggs0PHToGG_M125_TuneCP5_13TeV-JHUGenV7011-pythia8/UL2017_4-10_6_4-v0-RunIISummer19UL17MiniAOD-106X_mc2017_realistic_v6-v2/200720_155719/0000/myMicroAODOutputFile_7.root?tried=stor76.datagrid.cea.fr, mode: 0660, flags: kXR_open_read kXR_async kXR_retstat ). Trying to recover.
Begin processing the 24001st record. Run 1, Event 13512, LumiSection 136 on stream 0 at 20-Dec-2022 11:11:56.627 CET
20-Dec-2022 11:13:57 CET  Closed file root://cms-xrd-global.cern.ch//store/user/alesauva/flashgg/UL2017_4/10_6_4/WHiggs0PHToGG_M125_TuneCP5_13TeV-JHUGenV7011-pythia8/UL2017_4-10_6_4-v0-RunIISummer19UL17MiniAOD-106X_mc2017_realistic_v6-v2/200720_155719/0000/myMicroAODOutputFile_7.root

TrigReport ---------- Event  Summary ------------
TrigReport Events total = 25000 passed = 24837 failed = 163

TrigReport ---------- Path   Summary ------------
TrigReport  Trig Bit#   Executed     Passed     Failed      Error Name
TrigReport     1    0      25000      24837        163          0 p

TrigReport -------End-Path   Summary ------------
TrigReport  Trig Bit#   Executed     Passed     Failed      Error Name

TrigReport ---------- Modules in Path: p ------------
TrigReport  Trig Bit#    Visited     Passed     Failed      Error Name
TrigReport     1    0      25000      24837        163          0 flashggMetFilters
TrigReport     1    1      24837      24837          0          0 VHFilter
TrigReport     1    2      24837      24837          0          0 flashggDifferentialPhoIdInputsCorrection
TrigReport     1    3      24837      24837          0          0 flashggDiPhotonSystematics
TrigReport     1    4      24837      24837          0          0 flashggMetSystematics
TrigReport     1    5      24837      24837          0          0 flashggMuonSystematics
TrigReport     1    6      24837      24837          0          0 flashggElectronSystematics
TrigReport     1    7      24837      24837          0          0 flashggUnpackedJets
TrigReport     1    8      24837      24837          0          0 flashggJetSystematics0
TrigReport     1    9      24837      24837          0          0 flashggJetSystematics1
TrigReport     1   10      24837      24837          0          0 flashggJetSystematics2
TrigReport     1   11      24837      24837          0          0 flashggJetSystematics3
TrigReport     1   12      24837      24837          0          0 flashggJetSystematics4
TrigReport     1   13      24837      24837          0          0 flashggJetSystematics5
TrigReport     1   14      24837      24837          0          0 flashggJetSystematics6
TrigReport     1   15      24837      24837          0          0 flashggJetSystematics7
TrigReport     1   16      24837      24837          0          0 flashggJetSystematics8
TrigReport     1   17      24837      24837          0          0 flashggJetSystematics9
TrigReport     1   18      24837      24837          0          0 flashggJetSystematics10
TrigReport     1   19      24837      24837          0          0 flashggJetSystematics11
TrigReport     1   20      24837      24837          0          0 flashggPrefireDiPhotons
TrigReport     1   21      24837      24837          0          0 flashggPreselectedDiPhotons
TrigReport     1   22      24837      24837          0          0 flashggDiPhotonMVA
TrigReport     1   23      24837      24837          0          0 flashggVBFMVA
TrigReport     1   24      24837      24837          0          0 flashggVHhadMVA
TrigReport     1   25      24837      24837          0          0 flashggGluGluHMVA
TrigReport     1   26      24837      24837          0          0 flashggStageOneCombinedTag
TrigReport     1   27      24837      24837          0          0 flashggTHQLeptonicTag
TrigReport     1   28      24837      24837          0          0 flashggVHMetTag
TrigReport     1   29      24837      24837          0          0 flashggWHLeptonicTag
TrigReport     1   30      24837      24837          0          0 flashggZHLeptonicTag
TrigReport     1   31      24837      24837          0          0 flashggTTHLeptonicTag
TrigReport     1   32      24837      24837          0          0 flashggTTHHadronicTag
TrigReport     1   33      24837      24837          0          0 flashggTagSorter
TrigReport     1   34      24837      24837          0          0 flashggSystTagMerger
TrigReport     1   35      24837      24837          0          0 tagsDumper

TrigReport ---------- Module Summary ------------
TrigReport    Visited   Executed     Passed     Failed      Error Name
TrigReport      25000      25000      25000          0          0 TriggerResults
TrigReport      24837      24837      24837          0          0 VHFilter
TrigReport      24837      24837      24837          0          0 ak4PFCHSL1FastL2L3Corrector
TrigReport      24837      24837      24837          0          0 ak4PFCHSL1FastjetCorrector
TrigReport      24837      24837      24837          0          0 ak4PFCHSL2RelativeCorrector
TrigReport      24837      24837      24837          0          0 ak4PFCHSL3AbsoluteCorrector
TrigReport      24837      24837      24837          0          0 flashggDiPhotonMVA
TrigReport      24837      24837      24837          0          0 flashggDiPhotonSystematics
TrigReport      24837      24837      24837          0          0 flashggDifferentialPhoIdInputsCorrection
TrigReport      24837      24837      24837          0          0 flashggElectronSystematics
TrigReport      24837      24837      24837          0          0 flashggGluGluHMVA
TrigReport      24837      24837      24837          0          0 flashggJetSystematics0
TrigReport      24837      24837      24837          0          0 flashggJetSystematics1
TrigReport      24837      24837      24837          0          0 flashggJetSystematics10
TrigReport      24837      24837      24837          0          0 flashggJetSystematics11
TrigReport      24837      24837      24837          0          0 flashggJetSystematics2
TrigReport      24837      24837      24837          0          0 flashggJetSystematics3
TrigReport      24837      24837      24837          0          0 flashggJetSystematics4
TrigReport      24837      24837      24837          0          0 flashggJetSystematics5
TrigReport      24837      24837      24837          0          0 flashggJetSystematics6
TrigReport      24837      24837      24837          0          0 flashggJetSystematics7
TrigReport      24837      24837      24837          0          0 flashggJetSystematics8
TrigReport      24837      24837      24837          0          0 flashggJetSystematics9
TrigReport      25000      25000      24837        163          0 flashggMetFilters
TrigReport      24837      24837      24837          0          0 flashggMetSystematics
TrigReport      24837      24837      24837          0          0 flashggMuonSystematics
TrigReport      24837      24837      24837          0          0 flashggPrefireDiPhotons
TrigReport      24837      24837      24837          0          0 flashggPreselectedDiPhotons
TrigReport      24837      24837      24837          0          0 flashggStageOneCombinedTag
TrigReport      24837      24837      24837          0          0 flashggSystTagMerger
TrigReport      24837      24837      24837          0          0 flashggTHQLeptonicTag
TrigReport      24837      24837      24837          0          0 flashggTTHHadronicTag
TrigReport      24837      24837      24837          0          0 flashggTTHLeptonicTag
TrigReport      24837      24837      24837          0          0 flashggTagSorter
TrigReport      24837      24837      24837          0          0 flashggUnpackedJets
TrigReport      24837      24837      24837          0          0 flashggVBFMVA
TrigReport      24837      24837      24837          0          0 flashggVHMetTag
TrigReport      24837      24837      24837          0          0 flashggVHhadMVA
TrigReport      24837      24837      24837          0          0 flashggWHLeptonicTag
TrigReport      24837      24837      24837          0          0 flashggZHLeptonicTag
TrigReport      25000      25000      25000          0          0 p
TrigReport      24837      24837      24837          0          0 tagsDumper

TimeReport ---------- Event  Summary ---[sec]----
TimeReport       event loop CPU/event = 0.131349
TimeReport      event loop Real/event = 0.131892
TimeReport     sum Streams Real/event = 0.128150
TimeReport efficiency CPU/Real/thread = 0.995886

TimeReport ---------- Path   Summary ---[Real sec]----
TimeReport  per event     per exec  Name
TimeReport   0.127672     0.127672  p
TimeReport  per event     per exec  Name

TimeReport -------End-Path   Summary ---[Real sec]----
TimeReport  per event     per exec  Name
TimeReport  per event     per exec  Name

TimeReport ---------- Modules in Path: p ---[Real sec]----
TimeReport  per event    per visit  Name
TimeReport   0.000015     0.000015  flashggMetFilters
TimeReport   0.000005     0.000005  VHFilter
TimeReport   0.072323     0.072798  flashggDifferentialPhoIdInputsCorrection
TimeReport   0.040323     0.040588  flashggDiPhotonSystematics
TimeReport   0.000167     0.000168  flashggMetSystematics
TimeReport   0.000026     0.000026  flashggMuonSystematics
TimeReport   0.000036     0.000036  flashggElectronSystematics
TimeReport   0.000208     0.000210  flashggUnpackedJets
TimeReport   0.003727     0.003751  flashggJetSystematics0
TimeReport   0.000581     0.000584  flashggJetSystematics1
TimeReport   0.000514     0.000517  flashggJetSystematics2
TimeReport   0.000492     0.000495  flashggJetSystematics3
TimeReport   0.000484     0.000487  flashggJetSystematics4
TimeReport   0.000478     0.000481  flashggJetSystematics5
TimeReport   0.000476     0.000479  flashggJetSystematics6
TimeReport   0.000472     0.000476  flashggJetSystematics7
TimeReport   0.000473     0.000476  flashggJetSystematics8
TimeReport   0.000470     0.000473  flashggJetSystematics9
TimeReport   0.000469     0.000472  flashggJetSystematics10
TimeReport   0.000467     0.000470  flashggJetSystematics11
TimeReport   0.000274     0.000276  flashggPrefireDiPhotons
TimeReport   0.000114     0.000114  flashggPreselectedDiPhotons
TimeReport   0.000030     0.000030  flashggDiPhotonMVA
TimeReport   0.000027     0.000027  flashggVBFMVA
TimeReport   0.000016     0.000016  flashggVHhadMVA
TimeReport   0.000048     0.000048  flashggGluGluHMVA
TimeReport   0.000028     0.000028  flashggStageOneCombinedTag
TimeReport   0.000625     0.000629  flashggTHQLeptonicTag
TimeReport   0.000296     0.000298  flashggVHMetTag
TimeReport   0.000033     0.000033  flashggWHLeptonicTag
TimeReport   0.000016     0.000016  flashggZHLeptonicTag
TimeReport   0.000115     0.000116  flashggTTHLeptonicTag
TimeReport   0.001104     0.001111  flashggTTHHadronicTag
TimeReport   0.000079     0.000080  flashggTagSorter
TimeReport   0.000003     0.000003  flashggSystTagMerger
TimeReport   0.000313     0.000315  tagsDumper
TimeReport  per event    per visit  Name

TimeReport ---------- Module Summary ---[Real sec]----
TimeReport  per event     per exec    per visit  Name
TimeReport   0.000002     0.000002     0.000002  TriggerResults
TimeReport   0.000005     0.000005     0.000005  VHFilter
TimeReport   0.000003     0.000003     0.000003  ak4PFCHSL1FastL2L3Corrector
TimeReport   0.000003     0.000003     0.000003  ak4PFCHSL1FastjetCorrector
TimeReport   0.000001     0.000001     0.000001  ak4PFCHSL2RelativeCorrector
TimeReport   0.000013     0.000013     0.000013  ak4PFCHSL3AbsoluteCorrector
TimeReport   0.000030     0.000030     0.000030  flashggDiPhotonMVA
TimeReport   0.040323     0.040588     0.040588  flashggDiPhotonSystematics
TimeReport   0.072323     0.072798     0.072798  flashggDifferentialPhoIdInputsCorrection
TimeReport   0.000036     0.000036     0.000036  flashggElectronSystematics
TimeReport   0.000048     0.000048     0.000048  flashggGluGluHMVA
TimeReport   0.003727     0.003751     0.003751  flashggJetSystematics0
TimeReport   0.000581     0.000584     0.000584  flashggJetSystematics1
TimeReport   0.000469     0.000472     0.000472  flashggJetSystematics10
TimeReport   0.000467     0.000470     0.000470  flashggJetSystematics11
TimeReport   0.000514     0.000517     0.000517  flashggJetSystematics2
TimeReport   0.000492     0.000495     0.000495  flashggJetSystematics3
TimeReport   0.000484     0.000487     0.000487  flashggJetSystematics4
TimeReport   0.000478     0.000481     0.000481  flashggJetSystematics5
TimeReport   0.000476     0.000479     0.000479  flashggJetSystematics6
TimeReport   0.000472     0.000476     0.000476  flashggJetSystematics7
TimeReport   0.000473     0.000476     0.000476  flashggJetSystematics8
TimeReport   0.000470     0.000473     0.000473  flashggJetSystematics9
TimeReport   0.000015     0.000015     0.000015  flashggMetFilters
TimeReport   0.000167     0.000168     0.000168  flashggMetSystematics
TimeReport   0.000026     0.000026     0.000026  flashggMuonSystematics
TimeReport   0.000274     0.000276     0.000276  flashggPrefireDiPhotons
TimeReport   0.000114     0.000114     0.000114  flashggPreselectedDiPhotons
TimeReport   0.000028     0.000028     0.000028  flashggStageOneCombinedTag
TimeReport   0.000003     0.000003     0.000003  flashggSystTagMerger
TimeReport   0.000625     0.000629     0.000629  flashggTHQLeptonicTag
TimeReport   0.001104     0.001111     0.001111  flashggTTHHadronicTag
TimeReport   0.000115     0.000116     0.000116  flashggTTHLeptonicTag
TimeReport   0.000079     0.000080     0.000080  flashggTagSorter
TimeReport   0.000208     0.000210     0.000210  flashggUnpackedJets
TimeReport   0.000027     0.000027     0.000027  flashggVBFMVA
TimeReport   0.000296     0.000298     0.000298  flashggVHMetTag
TimeReport   0.000016     0.000016     0.000016  flashggVHhadMVA
TimeReport   0.000033     0.000033     0.000033  flashggWHLeptonicTag
TimeReport   0.000016     0.000016     0.000016  flashggZHLeptonicTag
TimeReport   0.000003     0.000003     0.000003  p
TimeReport   0.000313     0.000315     0.000315  tagsDumper
TimeReport  per event     per exec    per visit  Name

T---Report end!


=============================================

MessageLogger Summary

 type     category        sev    module        subroutine        count    total
 ---- -------------------- -- ---------------- ----------------  -----    -----
    1 XrdAdaptor           -w file_open                              1        1
    2 fileAction           -s file_close                             1        1
    3 fileAction           -s file_open                              2        2

 type    category    Examples: run/evt        run/evt          run/evt
 ---- -------------------- ---------------- ---------------- ----------------
    1 XrdAdaptor           pre-events                        
    2 fileAction           PostGlobalEndRun                  
    3 fileAction           pre-events       pre-events       

Severity    # Occurrences   Total Occurrences
--------    -------------   -----------------
Warning                 1                   1
System                  3                   3

dropped waiting message count 0
