mkdir: cannot create directory '/afs/cern.ch/user/x/xisu/private/local/Analysis_workspace/VH_AC_tmp1/flashgg_d2/CMSSW_10_6_29/src/flashgg/VHAC_Analysis_Met/UL_17/UL_17_wh125': File exists
/cvmfs/cms.cern.ch/slc7_amd64_gcc700/external/py2-requests/2.21.0-pafccj2/lib/python2.7/site-packages/requests/__init__.py:91: RequestsDependencyWarning: urllib3 (1.25.2) or chardet (3.0.4) doesn't match a supported version!
  RequestsDependencyWarning)
20-Dec-2022 10:05:30 CET  Initiating request to open file root://cms-xrd-global.cern.ch//store/user/alesauva/flashgg/UL2017_4/10_6_4/WHiggs0PHToGG_M125_TuneCP5_13TeV-JHUGenV7011-pythia8/UL2017_4-10_6_4-v0-RunIISummer19UL17MiniAOD-106X_mc2017_realistic_v6-v2/200720_155719/0000/myMicroAODOutputFile_22.root
%MSG-w XrdAdaptor:  file_open 20-Dec-2022 10:05:32 CET pre-events
Data is served from GRIF-IRFU instead of original site CERN-CMSGLOBAL-01
%MSG
20-Dec-2022 10:05:36 CET  Successfully opened file root://cms-xrd-global.cern.ch//store/user/alesauva/flashgg/UL2017_4/10_6_4/WHiggs0PHToGG_M125_TuneCP5_13TeV-JHUGenV7011-pythia8/UL2017_4-10_6_4-v0-RunIISummer19UL17MiniAOD-106X_mc2017_realistic_v6-v2/200720_155719/0000/myMicroAODOutputFile_22.root
[2022-12-20 10:06:27.311024 +0100][Error  ][AsyncSock         ] [xrootd.ba.infn.it:1094 #0.0] Socket error while handshaking: [ERROR] Socket timeout
[2022-12-20 10:06:27.311351 +0100][Error  ][PostMaster        ] [xrootd.ba.infn.it:1094 #0] elapsed = 45, pConnectionWindow = 31 seconds.
[2022-12-20 10:07:12.583139 +0100][Error  ][AsyncSock         ] [xrootd.ba.infn.it:1094 #0.0] Socket error while handshaking: [ERROR] Socket timeout
[2022-12-20 10:07:12.583405 +0100][Error  ][PostMaster        ] [xrootd.ba.infn.it:1094 #0] elapsed = 45, pConnectionWindow = 31 seconds.
[2022-12-20 10:07:12.583461 +0100][Error  ][PostMaster        ] [xrootd.ba.infn.it:1094 #0] Unable to recover: [ERROR] Socket timeout.
[2022-12-20 10:07:12.583518 +0100][Error  ][XRootD            ] [xrootd.ba.infn.it:1094] Impossible to send message kXR_open (file: /store/user/alesauva/flashgg/UL2017_4/10_6_4/WHiggs0PHToGG_M125_TuneCP5_13TeV-JHUGenV7011-pythia8/UL2017_4-10_6_4-v0-RunIISummer19UL17MiniAOD-106X_mc2017_realistic_v6-v2/200720_155719/0000/myMicroAODOutputFile_22.root?tried=+1413llrxrd-redir.in2p3.fr,+1213xrootd-cms-redir-int.cr.cnaf.infn.it,+1413xrootd-cms-redir-int.cr.cnaf.infn.it,stor78.datagrid.cea.fr,node12.datagrid.cea.fr,xrootd-redic.pi.infn.it,xrootd-cms.infn.it,llrxrd-redir.in2p3.fr&triedrc=enoent,enoent, mode: 0660, flags: kXR_open_read kXR_async kXR_retstat ). Trying to recover.
2022-12-20 10:21:39.627028: I tensorflow/core/platform/cpu_feature_guard.cc:140] Your CPU supports instructions that this TensorFlow binary was not compiled to use: SSE4.1 SSE4.2 AVX AVX2 FMA
Begin processing the 1st record. Run 1, Event 112004, LumiSection 1121 on stream 0 at 20-Dec-2022 10:23:26.170 CET
[2022-12-20 10:24:09.396967 +0100][Error  ][AsyncSock         ] [xrootd.ba.infn.it:1094 #0.0] Socket error while handshaking: [ERROR] Socket timeout
[2022-12-20 10:24:09.397127 +0100][Error  ][PostMaster        ] [xrootd.ba.infn.it:1094 #0] elapsed = 45, pConnectionWindow = 31 seconds.
[2022-12-20 10:24:54.652970 +0100][Error  ][AsyncSock         ] [xrootd.ba.infn.it:1094 #0.0] Socket error while handshaking: [ERROR] Socket timeout
[2022-12-20 10:24:54.653164 +0100][Error  ][PostMaster        ] [xrootd.ba.infn.it:1094 #0] elapsed = 45, pConnectionWindow = 31 seconds.
[2022-12-20 10:24:54.653189 +0100][Error  ][PostMaster        ] [xrootd.ba.infn.it:1094 #0] Unable to recover: [ERROR] Socket timeout.
[2022-12-20 10:24:54.653214 +0100][Error  ][XRootD            ] [xrootd.ba.infn.it:1094] Impossible to send message kXR_open (file: /store/user/alesauva/flashgg/UL2017_4/10_6_4/WHiggs0PHToGG_M125_TuneCP5_13TeV-JHUGenV7011-pythia8/UL2017_4-10_6_4-v0-RunIISummer19UL17MiniAOD-106X_mc2017_realistic_v6-v2/200720_155719/0000/myMicroAODOutputFile_22.root?tried=stor78.datagrid.cea.fr, mode: 0660, flags: kXR_open_read kXR_async kXR_retstat ). Trying to recover.
Begin processing the 1001st record. Run 1, Event 113806, LumiSection 1139 on stream 0 at 20-Dec-2022 10:31:19.319 CET
[2022-12-20 10:33:47.315945 +0100][Error  ][AsyncSock         ] [xrootd.ba.infn.it:1094 #0.0] Socket error while handshaking: [ERROR] Socket timeout
[2022-12-20 10:33:47.316136 +0100][Error  ][PostMaster        ] [xrootd.ba.infn.it:1094 #0] elapsed = 45, pConnectionWindow = 31 seconds.
Begin processing the 2001st record. Run 1, Event 398003, LumiSection 3981 on stream 0 at 20-Dec-2022 10:34:17.894 CET
[2022-12-20 10:34:32.566193 +0100][Error  ][AsyncSock         ] [xrootd.ba.infn.it:1094 #0.0] Socket error while handshaking: [ERROR] Socket timeout
[2022-12-20 10:34:32.566346 +0100][Error  ][PostMaster        ] [xrootd.ba.infn.it:1094 #0] elapsed = 45, pConnectionWindow = 31 seconds.
[2022-12-20 10:34:32.566375 +0100][Error  ][PostMaster        ] [xrootd.ba.infn.it:1094 #0] Unable to recover: [ERROR] Socket timeout.
[2022-12-20 10:34:32.566395 +0100][Error  ][XRootD            ] [xrootd.ba.infn.it:1094] Impossible to send message kXR_open (file: /store/user/alesauva/flashgg/UL2017_4/10_6_4/WHiggs0PHToGG_M125_TuneCP5_13TeV-JHUGenV7011-pythia8/UL2017_4-10_6_4-v0-RunIISummer19UL17MiniAOD-106X_mc2017_realistic_v6-v2/200720_155719/0000/myMicroAODOutputFile_22.root?tried=stor78.datagrid.cea.fr, mode: 0660, flags: kXR_open_read kXR_async kXR_retstat ). Trying to recover.
Begin processing the 3001st record. Run 1, Event 399008, LumiSection 3991 on stream 0 at 20-Dec-2022 10:37:13.633 CET
Begin processing the 4001st record. Run 1, Event 400004, LumiSection 4001 on stream 0 at 20-Dec-2022 10:40:17.043 CET
[2022-12-20 10:41:16.117932 +0100][Error  ][AsyncSock         ] [xrootd.ba.infn.it:1094 #0.0] Socket error while handshaking: [ERROR] Socket timeout
[2022-12-20 10:41:16.118059 +0100][Error  ][PostMaster        ] [xrootd.ba.infn.it:1094 #0] elapsed = 45, pConnectionWindow = 31 seconds.
[2022-12-20 10:42:01.359926 +0100][Error  ][AsyncSock         ] [xrootd.ba.infn.it:1094 #0.0] Socket error while handshaking: [ERROR] Socket timeout
[2022-12-20 10:42:01.360046 +0100][Error  ][PostMaster        ] [xrootd.ba.infn.it:1094 #0] elapsed = 45, pConnectionWindow = 31 seconds.
[2022-12-20 10:42:01.360061 +0100][Error  ][PostMaster        ] [xrootd.ba.infn.it:1094 #0] Unable to recover: [ERROR] Socket timeout.
[2022-12-20 10:42:01.360074 +0100][Error  ][XRootD            ] [xrootd.ba.infn.it:1094] Impossible to send message kXR_open (file: /store/user/alesauva/flashgg/UL2017_4/10_6_4/WHiggs0PHToGG_M125_TuneCP5_13TeV-JHUGenV7011-pythia8/UL2017_4-10_6_4-v0-RunIISummer19UL17MiniAOD-106X_mc2017_realistic_v6-v2/200720_155719/0000/myMicroAODOutputFile_22.root?tried=+1413llrxrd-redir.in2p3.fr,+1213xrootd-cms-redir-int.cr.cnaf.infn.it,+1413xrootd-cms-redir-int.cr.cnaf.infn.it,stor78.datagrid.cea.fr,node12.datagrid.cea.fr,xrootd-redic.pi.infn.it,xrootd-cms.infn.it,llrxrd-redir.in2p3.fr&triedrc=enoent,enoent, mode: 0660, flags: kXR_open_read kXR_async kXR_retstat ). Trying to recover.
Begin processing the 5001st record. Run 1, Event 406406, LumiSection 4065 on stream 0 at 20-Dec-2022 10:43:15.999 CET
Begin processing the 6001st record. Run 1, Event 407402, LumiSection 4075 on stream 0 at 20-Dec-2022 10:46:29.621 CET
[2022-12-20 10:47:32.469598 +0100][Error  ][AsyncSock         ] [xrootd.ba.infn.it:1094 #0.0] Socket error while handshaking: [ERROR] Socket timeout
[2022-12-20 10:47:32.471563 +0100][Error  ][PostMaster        ] [xrootd.ba.infn.it:1094 #0] elapsed = 45, pConnectionWindow = 31 seconds.
[2022-12-20 10:48:17.722806 +0100][Error  ][AsyncSock         ] [xrootd.ba.infn.it:1094 #0.0] Socket error while handshaking: [ERROR] Socket timeout
[2022-12-20 10:48:17.722996 +0100][Error  ][PostMaster        ] [xrootd.ba.infn.it:1094 #0] elapsed = 45, pConnectionWindow = 31 seconds.
[2022-12-20 10:48:17.723021 +0100][Error  ][PostMaster        ] [xrootd.ba.infn.it:1094 #0] Unable to recover: [ERROR] Socket timeout.
[2022-12-20 10:48:17.723040 +0100][Error  ][XRootD            ] [xrootd.ba.infn.it:1094] Impossible to send message kXR_open (file: /store/user/alesauva/flashgg/UL2017_4/10_6_4/WHiggs0PHToGG_M125_TuneCP5_13TeV-JHUGenV7011-pythia8/UL2017_4-10_6_4-v0-RunIISummer19UL17MiniAOD-106X_mc2017_realistic_v6-v2/200720_155719/0000/myMicroAODOutputFile_22.root?tried=+1413xrootd-redic.pi.infn.it,+1213llrxrd-redir.in2p3.fr,+1213xrootd-cms-redir-int.cr.cnaf.infn.it,+1413xrootd-cms-redir-int.cr.cnaf.infn.it,+1413llrxrd-redir.in2p3.fr,stor78.datagrid.cea.fr,node12.datagrid.cea.fr,xrootd-cms-redir-int.cr.cnaf.infn.it,xrootd-cms.infn.it,xrootd-redic.pi.infn.it&triedrc=enoent,enoent, mode: 0660, flags: kXR_open_read kXR_async kXR_retstat ). Trying to recover.
Begin processing the 7001st record. Run 1, Event 537001, LumiSection 5371 on stream 0 at 20-Dec-2022 10:49:33.395 CET
Begin processing the 8001st record. Run 1, Event 538007, LumiSection 5381 on stream 0 at 20-Dec-2022 10:52:49.422 CET
[2022-12-20 10:53:56.546687 +0100][Error  ][AsyncSock         ] [xrootd.ba.infn.it:1094 #0.0] Socket error while handshaking: [ERROR] Socket timeout
[2022-12-20 10:53:56.546902 +0100][Error  ][PostMaster        ] [xrootd.ba.infn.it:1094 #0] elapsed = 45, pConnectionWindow = 31 seconds.
[2022-12-20 10:54:41.800908 +0100][Error  ][AsyncSock         ] [xrootd.ba.infn.it:1094 #0.0] Socket error while handshaking: [ERROR] Socket timeout
[2022-12-20 10:54:41.801037 +0100][Error  ][PostMaster        ] [xrootd.ba.infn.it:1094 #0] elapsed = 45, pConnectionWindow = 31 seconds.
[2022-12-20 10:54:41.801060 +0100][Error  ][PostMaster        ] [xrootd.ba.infn.it:1094 #0] Unable to recover: [ERROR] Socket timeout.
[2022-12-20 10:54:41.801075 +0100][Error  ][XRootD            ] [xrootd.ba.infn.it:1094] Impossible to send message kXR_open (file: /store/user/alesauva/flashgg/UL2017_4/10_6_4/WHiggs0PHToGG_M125_TuneCP5_13TeV-JHUGenV7011-pythia8/UL2017_4-10_6_4-v0-RunIISummer19UL17MiniAOD-106X_mc2017_realistic_v6-v2/200720_155719/0000/myMicroAODOutputFile_22.root?tried=+1413xrootd-redic.pi.infn.it,+1213xrootd-cms-redir-int.cr.cnaf.infn.it,+1413xrootd-cms-redir-int.cr.cnaf.infn.it,+1413llrxrd-redir.in2p3.fr,stor78.datagrid.cea.fr,node12.datagrid.cea.fr,xrootd-cms-redir-int.cr.cnaf.infn.it,xrootd-cms.infn.it,xrootd-redic.pi.infn.it&triedrc=enoent,enoent, mode: 0660, flags: kXR_open_read kXR_async kXR_retstat ). Trying to recover.
Begin processing the 9001st record. Run 1, Event 539011, LumiSection 5391 on stream 0 at 20-Dec-2022 10:56:03.099 CET
Begin processing the 10001st record. Run 1, Event 734101, LumiSection 7342 on stream 0 at 20-Dec-2022 10:59:20.320 CET
[2022-12-20 11:00:37.020993 +0100][Error  ][AsyncSock         ] [xrootd.ba.infn.it:1094 #0.0] Socket error while handshaking: [ERROR] Socket timeout
[2022-12-20 11:00:37.021088 +0100][Error  ][PostMaster        ] [xrootd.ba.infn.it:1094 #0] elapsed = 46, pConnectionWindow = 31 seconds.
[2022-12-20 11:01:22.276964 +0100][Error  ][AsyncSock         ] [xrootd.ba.infn.it:1094 #0.0] Socket error while handshaking: [ERROR] Socket timeout
[2022-12-20 11:01:22.277127 +0100][Error  ][PostMaster        ] [xrootd.ba.infn.it:1094 #0] elapsed = 45, pConnectionWindow = 31 seconds.
[2022-12-20 11:01:22.277156 +0100][Error  ][PostMaster        ] [xrootd.ba.infn.it:1094 #0] Unable to recover: [ERROR] Socket timeout.
[2022-12-20 11:01:22.277174 +0100][Error  ][XRootD            ] [xrootd.ba.infn.it:1094] Impossible to send message kXR_open (file: /store/user/alesauva/flashgg/UL2017_4/10_6_4/WHiggs0PHToGG_M125_TuneCP5_13TeV-JHUGenV7011-pythia8/UL2017_4-10_6_4-v0-RunIISummer19UL17MiniAOD-106X_mc2017_realistic_v6-v2/200720_155719/0000/myMicroAODOutputFile_22.root?tried=+1413xrootd-redic.pi.infn.it,+1213llrxrd-redir.in2p3.fr,+1213xrootd-cms-redir-int.cr.cnaf.infn.it,+1413xrootd-cms-redir-int.cr.cnaf.infn.it,+1413llrxrd-redir.in2p3.fr,stor78.datagrid.cea.fr,node12.datagrid.cea.fr,xrootd-cms-redir-int.cr.cnaf.infn.it,xrootd-cms.infn.it,xrootd-redic.pi.infn.it&triedrc=enoent,enoent, mode: 0660, flags: kXR_open_read kXR_async kXR_retstat ). Trying to recover.
Begin processing the 11001st record. Run 1, Event 737113, LumiSection 7372 on stream 0 at 20-Dec-2022 11:02:32.579 CET
Begin processing the 12001st record. Run 1, Event 727104, LumiSection 7272 on stream 0 at 20-Dec-2022 11:06:16.823 CET
[2022-12-20 11:07:32.232996 +0100][Error  ][AsyncSock         ] [xrootd.ba.infn.it:1094 #0.0] Socket error while handshaking: [ERROR] Socket timeout
[2022-12-20 11:07:32.236014 +0100][Error  ][PostMaster        ] [xrootd.ba.infn.it:1094 #0] elapsed = 45, pConnectionWindow = 31 seconds.
[2022-12-20 11:08:17.521935 +0100][Error  ][AsyncSock         ] [xrootd.ba.infn.it:1094 #0.0] Socket error while handshaking: [ERROR] Socket timeout
[2022-12-20 11:08:17.522088 +0100][Error  ][PostMaster        ] [xrootd.ba.infn.it:1094 #0] elapsed = 45, pConnectionWindow = 31 seconds.
[2022-12-20 11:08:17.522111 +0100][Error  ][PostMaster        ] [xrootd.ba.infn.it:1094 #0] Unable to recover: [ERROR] Socket timeout.
[2022-12-20 11:08:17.522126 +0100][Error  ][XRootD            ] [xrootd.ba.infn.it:1094] Impossible to send message kXR_open (file: /store/user/alesauva/flashgg/UL2017_4/10_6_4/WHiggs0PHToGG_M125_TuneCP5_13TeV-JHUGenV7011-pythia8/UL2017_4-10_6_4-v0-RunIISummer19UL17MiniAOD-106X_mc2017_realistic_v6-v2/200720_155719/0000/myMicroAODOutputFile_22.root?tried=stor78.datagrid.cea.fr, mode: 0660, flags: kXR_open_read kXR_async kXR_retstat ). Trying to recover.
Begin processing the 13001st record. Run 1, Event 729008, LumiSection 7291 on stream 0 at 20-Dec-2022 11:09:45.714 CET
Begin processing the 14001st record. Run 1, Event 730104, LumiSection 7302 on stream 0 at 20-Dec-2022 11:13:19.053 CET
[2022-12-20 11:14:43.658071 +0100][Error  ][AsyncSock         ] [xrootd.ba.infn.it:1094 #0.0] Socket error while handshaking: [ERROR] Socket timeout
[2022-12-20 11:14:43.658219 +0100][Error  ][PostMaster        ] [xrootd.ba.infn.it:1094 #0] elapsed = 45, pConnectionWindow = 31 seconds.
[2022-12-20 11:15:28.928933 +0100][Error  ][AsyncSock         ] [xrootd.ba.infn.it:1094 #0.0] Socket error while handshaking: [ERROR] Socket timeout
[2022-12-20 11:15:28.929077 +0100][Error  ][PostMaster        ] [xrootd.ba.infn.it:1094 #0] elapsed = 45, pConnectionWindow = 31 seconds.
[2022-12-20 11:15:28.929101 +0100][Error  ][PostMaster        ] [xrootd.ba.infn.it:1094 #0] Unable to recover: [ERROR] Socket timeout.
[2022-12-20 11:15:28.929119 +0100][Error  ][XRootD            ] [xrootd.ba.infn.it:1094] Impossible to send message kXR_open (file: /store/user/alesauva/flashgg/UL2017_4/10_6_4/WHiggs0PHToGG_M125_TuneCP5_13TeV-JHUGenV7011-pythia8/UL2017_4-10_6_4-v0-RunIISummer19UL17MiniAOD-106X_mc2017_realistic_v6-v2/200720_155719/0000/myMicroAODOutputFile_22.root?tried=+1413xrootd-redic.pi.infn.it,+1213llrxrd-redir.in2p3.fr,+1213xrootd-cms-redir-int.cr.cnaf.infn.it,+1413xrootd-cms-redir-int.cr.cnaf.infn.it,+1413llrxrd-redir.in2p3.fr,stor78.datagrid.cea.fr,node12.datagrid.cea.fr,xrootd-cms-redir-int.cr.cnaf.infn.it,xrootd-cms.infn.it,xrootd-redic.pi.infn.it&triedrc=enoent,enoent, mode: 0660, flags: kXR_open_read kXR_async kXR_retstat ). Trying to recover.
Begin processing the 15001st record. Run 1, Event 92703, LumiSection 928 on stream 0 at 20-Dec-2022 11:16:32.730 CET
Begin processing the 16001st record. Run 1, Event 93706, LumiSection 938 on stream 0 at 20-Dec-2022 11:19:55.478 CET
[2022-12-20 11:21:22.625985 +0100][Error  ][AsyncSock         ] [xrootd.ba.infn.it:1094 #0.0] Socket error while handshaking: [ERROR] Socket timeout
[2022-12-20 11:21:22.626133 +0100][Error  ][PostMaster        ] [xrootd.ba.infn.it:1094 #0] elapsed = 45, pConnectionWindow = 31 seconds.
[2022-12-20 11:22:07.896966 +0100][Error  ][AsyncSock         ] [xrootd.ba.infn.it:1094 #0.0] Socket error while handshaking: [ERROR] Socket timeout
[2022-12-20 11:22:07.897128 +0100][Error  ][PostMaster        ] [xrootd.ba.infn.it:1094 #0] elapsed = 45, pConnectionWindow = 31 seconds.
[2022-12-20 11:22:07.897153 +0100][Error  ][PostMaster        ] [xrootd.ba.infn.it:1094 #0] Unable to recover: [ERROR] Socket timeout.
[2022-12-20 11:22:07.897197 +0100][Error  ][XRootD            ] [xrootd.ba.infn.it:1094] Impossible to send message kXR_open (file: /store/user/alesauva/flashgg/UL2017_4/10_6_4/WHiggs0PHToGG_M125_TuneCP5_13TeV-JHUGenV7011-pythia8/UL2017_4-10_6_4-v0-RunIISummer19UL17MiniAOD-106X_mc2017_realistic_v6-v2/200720_155719/0000/myMicroAODOutputFile_22.root?tried=stor78.datagrid.cea.fr, mode: 0660, flags: kXR_open_read kXR_async kXR_retstat ). Trying to recover.
Begin processing the 17001st record. Run 1, Event 679705, LumiSection 6798 on stream 0 at 20-Dec-2022 11:23:11.993 CET
Begin processing the 18001st record. Run 1, Event 680702, LumiSection 6808 on stream 0 at 20-Dec-2022 11:26:41.694 CET
[2022-12-20 11:28:11.183972 +0100][Error  ][AsyncSock         ] [xrootd.ba.infn.it:1094 #0.0] Socket error while handshaking: [ERROR] Socket timeout
[2022-12-20 11:28:11.184132 +0100][Error  ][PostMaster        ] [xrootd.ba.infn.it:1094 #0] elapsed = 46, pConnectionWindow = 31 seconds.
[2022-12-20 11:28:56.461988 +0100][Error  ][AsyncSock         ] [xrootd.ba.infn.it:1094 #0.0] Socket error while handshaking: [ERROR] Socket timeout
[2022-12-20 11:28:56.462144 +0100][Error  ][PostMaster        ] [xrootd.ba.infn.it:1094 #0] elapsed = 45, pConnectionWindow = 31 seconds.
[2022-12-20 11:28:56.462170 +0100][Error  ][PostMaster        ] [xrootd.ba.infn.it:1094 #0] Unable to recover: [ERROR] Socket timeout.
[2022-12-20 11:28:56.462187 +0100][Error  ][XRootD            ] [xrootd.ba.infn.it:1094] Impossible to send message kXR_open (file: /store/user/alesauva/flashgg/UL2017_4/10_6_4/WHiggs0PHToGG_M125_TuneCP5_13TeV-JHUGenV7011-pythia8/UL2017_4-10_6_4-v0-RunIISummer19UL17MiniAOD-106X_mc2017_realistic_v6-v2/200720_155719/0000/myMicroAODOutputFile_22.root?tried=stor78.datagrid.cea.fr, mode: 0660, flags: kXR_open_read kXR_async kXR_retstat ). Trying to recover.
Begin processing the 19001st record. Run 1, Event 681705, LumiSection 6818 on stream 0 at 20-Dec-2022 11:30:07.896 CET
Begin processing the 20001st record. Run 1, Event 742202, LumiSection 7423 on stream 0 at 20-Dec-2022 11:33:29.397 CET
[2022-12-20 11:35:01.669942 +0100][Error  ][AsyncSock         ] [xrootd.ba.infn.it:1094 #0.0] Socket error while handshaking: [ERROR] Socket timeout
[2022-12-20 11:35:01.670076 +0100][Error  ][PostMaster        ] [xrootd.ba.infn.it:1094 #0] elapsed = 45, pConnectionWindow = 31 seconds.
[2022-12-20 11:35:46.942944 +0100][Error  ][AsyncSock         ] [xrootd.ba.infn.it:1094 #0.0] Socket error while handshaking: [ERROR] Socket timeout
[2022-12-20 11:35:46.943079 +0100][Error  ][PostMaster        ] [xrootd.ba.infn.it:1094 #0] elapsed = 45, pConnectionWindow = 31 seconds.
[2022-12-20 11:35:46.943101 +0100][Error  ][PostMaster        ] [xrootd.ba.infn.it:1094 #0] Unable to recover: [ERROR] Socket timeout.
[2022-12-20 11:35:46.943115 +0100][Error  ][XRootD            ] [xrootd.ba.infn.it:1094] Impossible to send message kXR_open (file: /store/user/alesauva/flashgg/UL2017_4/10_6_4/WHiggs0PHToGG_M125_TuneCP5_13TeV-JHUGenV7011-pythia8/UL2017_4-10_6_4-v0-RunIISummer19UL17MiniAOD-106X_mc2017_realistic_v6-v2/200720_155719/0000/myMicroAODOutputFile_22.root?tried=stor78.datagrid.cea.fr, mode: 0660, flags: kXR_open_read kXR_async kXR_retstat ). Trying to recover.
Begin processing the 21001st record. Run 1, Event 720902, LumiSection 7210 on stream 0 at 20-Dec-2022 11:36:53.387 CET
Begin processing the 22001st record. Run 1, Event 721901, LumiSection 7220 on stream 0 at 20-Dec-2022 11:40:31.851 CET
[2022-12-20 11:42:12.548934 +0100][Error  ][AsyncSock         ] [xrootd.ba.infn.it:1094 #0.0] Socket error while handshaking: [ERROR] Socket timeout
[2022-12-20 11:42:12.549112 +0100][Error  ][PostMaster        ] [xrootd.ba.infn.it:1094 #0] elapsed = 45, pConnectionWindow = 31 seconds.
[2022-12-20 11:42:57.826995 +0100][Error  ][AsyncSock         ] [xrootd.ba.infn.it:1094 #0.0] Socket error while handshaking: [ERROR] Socket timeout
[2022-12-20 11:42:57.827140 +0100][Error  ][PostMaster        ] [xrootd.ba.infn.it:1094 #0] elapsed = 45, pConnectionWindow = 31 seconds.
[2022-12-20 11:42:57.827167 +0100][Error  ][PostMaster        ] [xrootd.ba.infn.it:1094 #0] Unable to recover: [ERROR] Socket timeout.
[2022-12-20 11:42:57.827184 +0100][Error  ][XRootD            ] [xrootd.ba.infn.it:1094] Impossible to send message kXR_open (file: /store/user/alesauva/flashgg/UL2017_4/10_6_4/WHiggs0PHToGG_M125_TuneCP5_13TeV-JHUGenV7011-pythia8/UL2017_4-10_6_4-v0-RunIISummer19UL17MiniAOD-106X_mc2017_realistic_v6-v2/200720_155719/0000/myMicroAODOutputFile_22.root?tried=stor78.datagrid.cea.fr, mode: 0660, flags: kXR_open_read kXR_async kXR_retstat ). Trying to recover.
Begin processing the 23001st record. Run 1, Event 666305, LumiSection 6664 on stream 0 at 20-Dec-2022 11:43:50.454 CET
Begin processing the 24001st record. Run 1, Event 670002, LumiSection 6701 on stream 0 at 20-Dec-2022 11:47:07.613 CET
[2022-12-20 11:48:54.297069 +0100][Error  ][AsyncSock         ] [xrootd.ba.infn.it:1094 #0.0] Socket error while handshaking: [ERROR] Socket timeout
[2022-12-20 11:48:54.297202 +0100][Error  ][PostMaster        ] [xrootd.ba.infn.it:1094 #0] elapsed = 45, pConnectionWindow = 31 seconds.
[2022-12-20 11:49:39.560037 +0100][Error  ][AsyncSock         ] [xrootd.ba.infn.it:1094 #0.0] Socket error while handshaking: [ERROR] Socket timeout
[2022-12-20 11:49:39.560177 +0100][Error  ][PostMaster        ] [xrootd.ba.infn.it:1094 #0] elapsed = 45, pConnectionWindow = 31 seconds.
[2022-12-20 11:49:39.560205 +0100][Error  ][PostMaster        ] [xrootd.ba.infn.it:1094 #0] Unable to recover: [ERROR] Socket timeout.
[2022-12-20 11:49:39.560227 +0100][Error  ][XRootD            ] [xrootd.ba.infn.it:1094] Impossible to send message kXR_open (file: /store/user/alesauva/flashgg/UL2017_4/10_6_4/WHiggs0PHToGG_M125_TuneCP5_13TeV-JHUGenV7011-pythia8/UL2017_4-10_6_4-v0-RunIISummer19UL17MiniAOD-106X_mc2017_realistic_v6-v2/200720_155719/0000/myMicroAODOutputFile_22.root?tried=+1213llrxrd-redir.in2p3.fr,+1213xrootd-cms-redir-int.cr.cnaf.infn.it,+1413xrootd-cms-redir-int.cr.cnaf.infn.it,+1413llrxrd-redir.in2p3.fr,stor78.datagrid.cea.fr,node12.datagrid.cea.fr,xrootd-redic.pi.infn.it&triedrc=enoent, mode: 0660, flags: kXR_open_read kXR_async kXR_retstat ). Trying to recover.
20-Dec-2022 11:50:26 CET  Closed file root://cms-xrd-global.cern.ch//store/user/alesauva/flashgg/UL2017_4/10_6_4/WHiggs0PHToGG_M125_TuneCP5_13TeV-JHUGenV7011-pythia8/UL2017_4-10_6_4-v0-RunIISummer19UL17MiniAOD-106X_mc2017_realistic_v6-v2/200720_155719/0000/myMicroAODOutputFile_22.root

TrigReport ---------- Event  Summary ------------
TrigReport Events total = 25000 passed = 24821 failed = 179

TrigReport ---------- Path   Summary ------------
TrigReport  Trig Bit#   Executed     Passed     Failed      Error Name
TrigReport     1    0      25000      24821        179          0 p

TrigReport -------End-Path   Summary ------------
TrigReport  Trig Bit#   Executed     Passed     Failed      Error Name

TrigReport ---------- Modules in Path: p ------------
TrigReport  Trig Bit#    Visited     Passed     Failed      Error Name
TrigReport     1    0      25000      24821        179          0 flashggMetFilters
TrigReport     1    1      24821      24821          0          0 VHFilter
TrigReport     1    2      24821      24821          0          0 flashggDifferentialPhoIdInputsCorrection
TrigReport     1    3      24821      24821          0          0 flashggDiPhotonSystematics
TrigReport     1    4      24821      24821          0          0 flashggMetSystematics
TrigReport     1    5      24821      24821          0          0 flashggMuonSystematics
TrigReport     1    6      24821      24821          0          0 flashggElectronSystematics
TrigReport     1    7      24821      24821          0          0 flashggUnpackedJets
TrigReport     1    8      24821      24821          0          0 flashggJetSystematics0
TrigReport     1    9      24821      24821          0          0 flashggJetSystematics1
TrigReport     1   10      24821      24821          0          0 flashggJetSystematics2
TrigReport     1   11      24821      24821          0          0 flashggJetSystematics3
TrigReport     1   12      24821      24821          0          0 flashggJetSystematics4
TrigReport     1   13      24821      24821          0          0 flashggJetSystematics5
TrigReport     1   14      24821      24821          0          0 flashggJetSystematics6
TrigReport     1   15      24821      24821          0          0 flashggJetSystematics7
TrigReport     1   16      24821      24821          0          0 flashggJetSystematics8
TrigReport     1   17      24821      24821          0          0 flashggJetSystematics9
TrigReport     1   18      24821      24821          0          0 flashggJetSystematics10
TrigReport     1   19      24821      24821          0          0 flashggJetSystematics11
TrigReport     1   20      24821      24821          0          0 flashggPrefireDiPhotons
TrigReport     1   21      24821      24821          0          0 flashggPreselectedDiPhotons
TrigReport     1   22      24821      24821          0          0 flashggDiPhotonMVA
TrigReport     1   23      24821      24821          0          0 flashggVBFMVA
TrigReport     1   24      24821      24821          0          0 flashggVHhadMVA
TrigReport     1   25      24821      24821          0          0 flashggGluGluHMVA
TrigReport     1   26      24821      24821          0          0 flashggStageOneCombinedTag
TrigReport     1   27      24821      24821          0          0 flashggTHQLeptonicTag
TrigReport     1   28      24821      24821          0          0 flashggVHMetTag
TrigReport     1   29      24821      24821          0          0 flashggWHLeptonicTag
TrigReport     1   30      24821      24821          0          0 flashggZHLeptonicTag
TrigReport     1   31      24821      24821          0          0 flashggTTHLeptonicTag
TrigReport     1   32      24821      24821          0          0 flashggTTHHadronicTag
TrigReport     1   33      24821      24821          0          0 flashggTagSorter
TrigReport     1   34      24821      24821          0          0 flashggSystTagMerger
TrigReport     1   35      24821      24821          0          0 tagsDumper

TrigReport ---------- Module Summary ------------
TrigReport    Visited   Executed     Passed     Failed      Error Name
TrigReport      25000      25000      25000          0          0 TriggerResults
TrigReport      24821      24821      24821          0          0 VHFilter
TrigReport      24821      24821      24821          0          0 ak4PFCHSL1FastL2L3Corrector
TrigReport      24821      24821      24821          0          0 ak4PFCHSL1FastjetCorrector
TrigReport      24821      24821      24821          0          0 ak4PFCHSL2RelativeCorrector
TrigReport      24821      24821      24821          0          0 ak4PFCHSL3AbsoluteCorrector
TrigReport      24821      24821      24821          0          0 flashggDiPhotonMVA
TrigReport      24821      24821      24821          0          0 flashggDiPhotonSystematics
TrigReport      24821      24821      24821          0          0 flashggDifferentialPhoIdInputsCorrection
TrigReport      24821      24821      24821          0          0 flashggElectronSystematics
TrigReport      24821      24821      24821          0          0 flashggGluGluHMVA
TrigReport      24821      24821      24821          0          0 flashggJetSystematics0
TrigReport      24821      24821      24821          0          0 flashggJetSystematics1
TrigReport      24821      24821      24821          0          0 flashggJetSystematics10
TrigReport      24821      24821      24821          0          0 flashggJetSystematics11
TrigReport      24821      24821      24821          0          0 flashggJetSystematics2
TrigReport      24821      24821      24821          0          0 flashggJetSystematics3
TrigReport      24821      24821      24821          0          0 flashggJetSystematics4
TrigReport      24821      24821      24821          0          0 flashggJetSystematics5
TrigReport      24821      24821      24821          0          0 flashggJetSystematics6
TrigReport      24821      24821      24821          0          0 flashggJetSystematics7
TrigReport      24821      24821      24821          0          0 flashggJetSystematics8
TrigReport      24821      24821      24821          0          0 flashggJetSystematics9
TrigReport      25000      25000      24821        179          0 flashggMetFilters
TrigReport      24821      24821      24821          0          0 flashggMetSystematics
TrigReport      24821      24821      24821          0          0 flashggMuonSystematics
TrigReport      24821      24821      24821          0          0 flashggPrefireDiPhotons
TrigReport      24821      24821      24821          0          0 flashggPreselectedDiPhotons
TrigReport      24821      24821      24821          0          0 flashggStageOneCombinedTag
TrigReport      24821      24821      24821          0          0 flashggSystTagMerger
TrigReport      24821      24821      24821          0          0 flashggTHQLeptonicTag
TrigReport      24821      24821      24821          0          0 flashggTTHHadronicTag
TrigReport      24821      24821      24821          0          0 flashggTTHLeptonicTag
TrigReport      24821      24821      24821          0          0 flashggTagSorter
TrigReport      24821      24821      24821          0          0 flashggUnpackedJets
TrigReport      24821      24821      24821          0          0 flashggVBFMVA
TrigReport      24821      24821      24821          0          0 flashggVHMetTag
TrigReport      24821      24821      24821          0          0 flashggVHhadMVA
TrigReport      24821      24821      24821          0          0 flashggWHLeptonicTag
TrigReport      24821      24821      24821          0          0 flashggZHLeptonicTag
TrigReport      25000      25000      25000          0          0 p
TrigReport      24821      24821      24821          0          0 tagsDumper

TimeReport ---------- Event  Summary ---[sec]----
TimeReport       event loop CPU/event = 0.201801
TimeReport      event loop Real/event = 0.208882
TimeReport     sum Streams Real/event = 0.201590
TimeReport efficiency CPU/Real/thread = 0.966101

TimeReport ---------- Path   Summary ---[Real sec]----
TimeReport  per event     per exec  Name
TimeReport   0.200872     0.200872  p
TimeReport  per event     per exec  Name

TimeReport -------End-Path   Summary ---[Real sec]----
TimeReport  per event     per exec  Name
TimeReport  per event     per exec  Name

TimeReport ---------- Modules in Path: p ---[Real sec]----
TimeReport  per event    per visit  Name
TimeReport   0.000030     0.000030  flashggMetFilters
TimeReport   0.000012     0.000012  VHFilter
TimeReport   0.083021     0.083619  flashggDifferentialPhoIdInputsCorrection
TimeReport   0.085003     0.085616  flashggDiPhotonSystematics
TimeReport   0.000414     0.000417  flashggMetSystematics
TimeReport   0.000054     0.000054  flashggMuonSystematics
TimeReport   0.000071     0.000071  flashggElectronSystematics
TimeReport   0.000497     0.000501  flashggUnpackedJets
TimeReport   0.008289     0.008349  flashggJetSystematics0
TimeReport   0.001355     0.001364  flashggJetSystematics1
TimeReport   0.001190     0.001198  flashggJetSystematics2
TimeReport   0.001152     0.001160  flashggJetSystematics3
TimeReport   0.001127     0.001135  flashggJetSystematics4
TimeReport   0.001116     0.001124  flashggJetSystematics5
TimeReport   0.001108     0.001116  flashggJetSystematics6
TimeReport   0.001106     0.001114  flashggJetSystematics7
TimeReport   0.001100     0.001108  flashggJetSystematics8
TimeReport   0.001098     0.001106  flashggJetSystematics9
TimeReport   0.001097     0.001105  flashggJetSystematics10
TimeReport   0.001091     0.001099  flashggJetSystematics11
TimeReport   0.000631     0.000636  flashggPrefireDiPhotons
TimeReport   0.000195     0.000197  flashggPreselectedDiPhotons
TimeReport   0.000055     0.000055  flashggDiPhotonMVA
TimeReport   0.000047     0.000047  flashggVBFMVA
TimeReport   0.000029     0.000029  flashggVHhadMVA
TimeReport   0.000078     0.000079  flashggGluGluHMVA
TimeReport   0.000052     0.000052  flashggStageOneCombinedTag
TimeReport   0.001005     0.001012  flashggTHQLeptonicTag
TimeReport   0.000384     0.000387  flashggVHMetTag
TimeReport   0.000062     0.000062  flashggWHLeptonicTag
TimeReport   0.000037     0.000038  flashggZHLeptonicTag
TimeReport   0.000614     0.000619  flashggTTHLeptonicTag
TimeReport   0.002953     0.002974  flashggTTHHadronicTag
TimeReport   0.000146     0.000147  flashggTagSorter
TimeReport   0.000007     0.000007  flashggSystTagMerger
TimeReport   0.000544     0.000548  tagsDumper
TimeReport  per event    per visit  Name

TimeReport ---------- Module Summary ---[Real sec]----
TimeReport  per event     per exec    per visit  Name
TimeReport   0.000004     0.000004     0.000004  TriggerResults
TimeReport   0.000012     0.000012     0.000012  VHFilter
TimeReport   0.000005     0.000005     0.000005  ak4PFCHSL1FastL2L3Corrector
TimeReport   0.000006     0.000006     0.000006  ak4PFCHSL1FastjetCorrector
TimeReport   0.000003     0.000003     0.000003  ak4PFCHSL2RelativeCorrector
TimeReport   0.000014     0.000014     0.000014  ak4PFCHSL3AbsoluteCorrector
TimeReport   0.000055     0.000055     0.000055  flashggDiPhotonMVA
TimeReport   0.085003     0.085616     0.085616  flashggDiPhotonSystematics
TimeReport   0.083021     0.083619     0.083619  flashggDifferentialPhoIdInputsCorrection
TimeReport   0.000071     0.000071     0.000071  flashggElectronSystematics
TimeReport   0.000078     0.000079     0.000079  flashggGluGluHMVA
TimeReport   0.008289     0.008349     0.008349  flashggJetSystematics0
TimeReport   0.001355     0.001364     0.001364  flashggJetSystematics1
TimeReport   0.001097     0.001105     0.001105  flashggJetSystematics10
TimeReport   0.001091     0.001099     0.001099  flashggJetSystematics11
TimeReport   0.001190     0.001198     0.001198  flashggJetSystematics2
TimeReport   0.001152     0.001160     0.001160  flashggJetSystematics3
TimeReport   0.001127     0.001135     0.001135  flashggJetSystematics4
TimeReport   0.001116     0.001124     0.001124  flashggJetSystematics5
TimeReport   0.001108     0.001116     0.001116  flashggJetSystematics6
TimeReport   0.001106     0.001114     0.001114  flashggJetSystematics7
TimeReport   0.001100     0.001108     0.001108  flashggJetSystematics8
TimeReport   0.001098     0.001106     0.001106  flashggJetSystematics9
TimeReport   0.000030     0.000030     0.000030  flashggMetFilters
TimeReport   0.000414     0.000417     0.000417  flashggMetSystematics
TimeReport   0.000054     0.000054     0.000054  flashggMuonSystematics
TimeReport   0.000631     0.000636     0.000636  flashggPrefireDiPhotons
TimeReport   0.000195     0.000197     0.000197  flashggPreselectedDiPhotons
TimeReport   0.000052     0.000052     0.000052  flashggStageOneCombinedTag
TimeReport   0.000007     0.000007     0.000007  flashggSystTagMerger
TimeReport   0.001005     0.001012     0.001012  flashggTHQLeptonicTag
TimeReport   0.002953     0.002974     0.002974  flashggTTHHadronicTag
TimeReport   0.000614     0.000619     0.000619  flashggTTHLeptonicTag
TimeReport   0.000146     0.000147     0.000147  flashggTagSorter
TimeReport   0.000497     0.000501     0.000501  flashggUnpackedJets
TimeReport   0.000047     0.000047     0.000047  flashggVBFMVA
TimeReport   0.000384     0.000387     0.000387  flashggVHMetTag
TimeReport   0.000029     0.000029     0.000029  flashggVHhadMVA
TimeReport   0.000062     0.000062     0.000062  flashggWHLeptonicTag
TimeReport   0.000037     0.000038     0.000038  flashggZHLeptonicTag
TimeReport   0.000004     0.000004     0.000004  p
TimeReport   0.000544     0.000548     0.000548  tagsDumper
TimeReport  per event     per exec    per visit  Name

T---Report end!


=============================================

MessageLogger Summary

 type     category        sev    module        subroutine        count    total
 ---- -------------------- -- ---------------- ----------------  -----    -----
    1 XrdAdaptor           -w file_open                              1        1
    2 fileAction           -s file_close                             1        1
    3 fileAction           -s file_open                              2        2

 type    category    Examples: run/evt        run/evt          run/evt
 ---- -------------------- ---------------- ---------------- ----------------
    1 XrdAdaptor           pre-events                        
    2 fileAction           PostGlobalEndRun                  
    3 fileAction           pre-events       pre-events       

Severity    # Occurrences   Total Occurrences
--------    -------------   -----------------
Warning                 1                   1
System                  3                   3

dropped waiting message count 0
