mkdir: cannot create directory '/afs/cern.ch/user/x/xisu/private/local/Analysis_workspace/VH_AC_tmp1/flashgg_d2/CMSSW_10_6_29/src/flashgg/VHAC_Analysis_Met/UL_17/UL_17_wh125': File exists
/cvmfs/cms.cern.ch/slc7_amd64_gcc700/external/py2-requests/2.21.0-pafccj2/lib/python2.7/site-packages/requests/__init__.py:91: RequestsDependencyWarning: urllib3 (1.25.2) or chardet (3.0.4) doesn't match a supported version!
  RequestsDependencyWarning)
20-Dec-2022 10:05:13 CET  Initiating request to open file root://cms-xrd-global.cern.ch//store/user/alesauva/flashgg/UL2017_4/10_6_4/WHiggs0L1ToGG_M125_TuneCP5_13TeV-JHUGenV7011-pythia8/UL2017_4-10_6_4-v0-RunIISummer19UL17MiniAOD-106X_mc2017_realistic_v6-v2/200720_155007/0000/myMicroAODOutputFile_20.root
%MSG-w XrdAdaptor:  file_open 20-Dec-2022 10:05:15 CET pre-events
Data is served from GRIF-IRFU instead of original site CERN-CMSGLOBAL-01
%MSG
20-Dec-2022 10:05:17 CET  Successfully opened file root://cms-xrd-global.cern.ch//store/user/alesauva/flashgg/UL2017_4/10_6_4/WHiggs0L1ToGG_M125_TuneCP5_13TeV-JHUGenV7011-pythia8/UL2017_4-10_6_4-v0-RunIISummer19UL17MiniAOD-106X_mc2017_realistic_v6-v2/200720_155007/0000/myMicroAODOutputFile_20.root
2022-12-20 10:17:55.290694: I tensorflow/core/platform/cpu_feature_guard.cc:140] Your CPU supports instructions that this TensorFlow binary was not compiled to use: SSE4.1 SSE4.2 AVX AVX2 FMA
Begin processing the 1st record. Run 1, Event 87406, LumiSection 875 on stream 0 at 20-Dec-2022 10:18:40.205 CET
[2022-12-20 10:19:23.374986 +0100][Error  ][AsyncSock         ] [xrootd.ba.infn.it:1094 #0.0] Socket error while handshaking: [ERROR] Socket timeout
[2022-12-20 10:19:23.375214 +0100][Error  ][PostMaster        ] [xrootd.ba.infn.it:1094 #0] elapsed = 45, pConnectionWindow = 31 seconds.
[2022-12-20 10:20:08.590948 +0100][Error  ][AsyncSock         ] [xrootd.ba.infn.it:1094 #0.0] Socket error while handshaking: [ERROR] Socket timeout
[2022-12-20 10:20:08.591148 +0100][Error  ][PostMaster        ] [xrootd.ba.infn.it:1094 #0] elapsed = 45, pConnectionWindow = 31 seconds.
[2022-12-20 10:20:08.591228 +0100][Error  ][PostMaster        ] [xrootd.ba.infn.it:1094 #0] Unable to recover: [ERROR] Socket timeout.
[2022-12-20 10:20:08.591248 +0100][Error  ][XRootD            ] [xrootd.ba.infn.it:1094] Impossible to send message kXR_open (file: /store/user/alesauva/flashgg/UL2017_4/10_6_4/WHiggs0L1ToGG_M125_TuneCP5_13TeV-JHUGenV7011-pythia8/UL2017_4-10_6_4-v0-RunIISummer19UL17MiniAOD-106X_mc2017_realistic_v6-v2/200720_155007/0000/myMicroAODOutputFile_20.root?tried=stor95.datagrid.cea.fr, mode: 0660, flags: kXR_open_read kXR_async kXR_retstat ). Trying to recover.
Begin processing the 1001st record. Run 1, Event 361201, LumiSection 3613 on stream 0 at 20-Dec-2022 10:23:23.563 CET
[2022-12-20 10:25:11.832165 +0100][Error  ][AsyncSock         ] [xrootd.ba.infn.it:1094 #0.0] Socket error while handshaking: [ERROR] Socket timeout
[2022-12-20 10:25:11.832359 +0100][Error  ][PostMaster        ] [xrootd.ba.infn.it:1094 #0] elapsed = 45, pConnectionWindow = 31 seconds.
Begin processing the 2001st record. Run 1, Event 362201, LumiSection 3623 on stream 0 at 20-Dec-2022 10:25:41.827 CET
[2022-12-20 10:25:57.077932 +0100][Error  ][AsyncSock         ] [xrootd.ba.infn.it:1094 #0.0] Socket error while handshaking: [ERROR] Socket timeout
[2022-12-20 10:25:57.078062 +0100][Error  ][PostMaster        ] [xrootd.ba.infn.it:1094 #0] elapsed = 46, pConnectionWindow = 31 seconds.
[2022-12-20 10:25:57.078073 +0100][Error  ][PostMaster        ] [xrootd.ba.infn.it:1094 #0] Unable to recover: [ERROR] Socket timeout.
[2022-12-20 10:25:57.078083 +0100][Error  ][XRootD            ] [xrootd.ba.infn.it:1094] Impossible to send message kXR_open (file: /store/user/alesauva/flashgg/UL2017_4/10_6_4/WHiggs0L1ToGG_M125_TuneCP5_13TeV-JHUGenV7011-pythia8/UL2017_4-10_6_4-v0-RunIISummer19UL17MiniAOD-106X_mc2017_realistic_v6-v2/200720_155007/0000/myMicroAODOutputFile_20.root?tried=stor95.datagrid.cea.fr, mode: 0660, flags: kXR_open_read kXR_async kXR_retstat ). Trying to recover.
Begin processing the 3001st record. Run 1, Event 363203, LumiSection 3633 on stream 0 at 20-Dec-2022 10:27:53.208 CET
Begin processing the 4001st record. Run 1, Event 506009, LumiSection 5061 on stream 0 at 20-Dec-2022 10:30:05.548 CET
Begin processing the 5001st record. Run 1, Event 507006, LumiSection 5071 on stream 0 at 20-Dec-2022 10:32:16.833 CET
[2022-12-20 10:34:18.429013 +0100][Error  ][AsyncSock         ] [xrootd.ba.infn.it:1094 #0.0] Socket error while handshaking: [ERROR] Socket timeout
[2022-12-20 10:34:18.429190 +0100][Error  ][PostMaster        ] [xrootd.ba.infn.it:1094 #0] elapsed = 45, pConnectionWindow = 31 seconds.
Begin processing the 6001st record. Run 1, Event 508007, LumiSection 5081 on stream 0 at 20-Dec-2022 10:34:26.037 CET
[2022-12-20 10:35:03.640144 +0100][Error  ][AsyncSock         ] [xrootd.ba.infn.it:1094 #0.0] Socket error while handshaking: [ERROR] Socket timeout
[2022-12-20 10:35:03.640278 +0100][Error  ][PostMaster        ] [xrootd.ba.infn.it:1094 #0] elapsed = 45, pConnectionWindow = 31 seconds.
[2022-12-20 10:35:03.640292 +0100][Error  ][PostMaster        ] [xrootd.ba.infn.it:1094 #0] Unable to recover: [ERROR] Socket timeout.
[2022-12-20 10:35:03.640301 +0100][Error  ][XRootD            ] [xrootd.ba.infn.it:1094] Impossible to send message kXR_open (file: /store/user/alesauva/flashgg/UL2017_4/10_6_4/WHiggs0L1ToGG_M125_TuneCP5_13TeV-JHUGenV7011-pythia8/UL2017_4-10_6_4-v0-RunIISummer19UL17MiniAOD-106X_mc2017_realistic_v6-v2/200720_155007/0000/myMicroAODOutputFile_20.root?tried=stor95.datagrid.cea.fr, mode: 0660, flags: kXR_open_read kXR_async kXR_retstat ). Trying to recover.
Begin processing the 7001st record. Run 1, Event 563904, LumiSection 5640 on stream 0 at 20-Dec-2022 10:36:33.988 CET
Begin processing the 8001st record. Run 1, Event 564918, LumiSection 5650 on stream 0 at 20-Dec-2022 10:38:49.690 CET
[2022-12-20 10:40:29.623957 +0100][Error  ][AsyncSock         ] [xrootd.ba.infn.it:1094 #0.0] Socket error while handshaking: [ERROR] Socket timeout
[2022-12-20 10:40:29.624123 +0100][Error  ][PostMaster        ] [xrootd.ba.infn.it:1094 #0] elapsed = 45, pConnectionWindow = 31 seconds.
Begin processing the 9001st record. Run 1, Event 590301, LumiSection 5904 on stream 0 at 20-Dec-2022 10:41:01.053 CET
[2022-12-20 10:41:14.863068 +0100][Error  ][AsyncSock         ] [xrootd.ba.infn.it:1094 #0.0] Socket error while handshaking: [ERROR] Socket timeout
[2022-12-20 10:41:14.863218 +0100][Error  ][PostMaster        ] [xrootd.ba.infn.it:1094 #0] elapsed = 45, pConnectionWindow = 31 seconds.
[2022-12-20 10:41:14.863232 +0100][Error  ][PostMaster        ] [xrootd.ba.infn.it:1094 #0] Unable to recover: [ERROR] Socket timeout.
[2022-12-20 10:41:14.863242 +0100][Error  ][XRootD            ] [xrootd.ba.infn.it:1094] Impossible to send message kXR_open (file: /store/user/alesauva/flashgg/UL2017_4/10_6_4/WHiggs0L1ToGG_M125_TuneCP5_13TeV-JHUGenV7011-pythia8/UL2017_4-10_6_4-v0-RunIISummer19UL17MiniAOD-106X_mc2017_realistic_v6-v2/200720_155007/0000/myMicroAODOutputFile_20.root?tried=stor95.datagrid.cea.fr, mode: 0660, flags: kXR_open_read kXR_async kXR_retstat ). Trying to recover.
Begin processing the 10001st record. Run 1, Event 591310, LumiSection 5914 on stream 0 at 20-Dec-2022 10:43:17.598 CET
Begin processing the 11001st record. Run 1, Event 592308, LumiSection 5924 on stream 0 at 20-Dec-2022 10:45:25.412 CET
Begin processing the 12001st record. Run 1, Event 605609, LumiSection 6057 on stream 0 at 20-Dec-2022 10:47:28.346 CET
Begin processing the 13001st record. Run 1, Event 606620, LumiSection 6067 on stream 0 at 20-Dec-2022 10:49:27.944 CET
[2022-12-20 10:50:24.159938 +0100][Error  ][AsyncSock         ] [xrootd.ba.infn.it:1094 #0.0] Socket error while handshaking: [ERROR] Socket timeout
[2022-12-20 10:50:24.160132 +0100][Error  ][PostMaster        ] [xrootd.ba.infn.it:1094 #0] elapsed = 45, pConnectionWindow = 31 seconds.
[2022-12-20 10:51:09.384030 +0100][Error  ][AsyncSock         ] [xrootd.ba.infn.it:1094 #0.0] Socket error while handshaking: [ERROR] Socket timeout
[2022-12-20 10:51:09.384201 +0100][Error  ][PostMaster        ] [xrootd.ba.infn.it:1094 #0] elapsed = 45, pConnectionWindow = 31 seconds.
[2022-12-20 10:51:09.384229 +0100][Error  ][PostMaster        ] [xrootd.ba.infn.it:1094 #0] Unable to recover: [ERROR] Socket timeout.
[2022-12-20 10:51:09.384241 +0100][Error  ][XRootD            ] [xrootd.ba.infn.it:1094] Impossible to send message kXR_open (file: /store/user/alesauva/flashgg/UL2017_4/10_6_4/WHiggs0L1ToGG_M125_TuneCP5_13TeV-JHUGenV7011-pythia8/UL2017_4-10_6_4-v0-RunIISummer19UL17MiniAOD-106X_mc2017_realistic_v6-v2/200720_155007/0000/myMicroAODOutputFile_20.root?tried=stor95.datagrid.cea.fr, mode: 0660, flags: kXR_open_read kXR_async kXR_retstat ). Trying to recover.
Begin processing the 14001st record. Run 1, Event 607610, LumiSection 6077 on stream 0 at 20-Dec-2022 10:51:34.716 CET
Begin processing the 15001st record. Run 1, Event 258615, LumiSection 2587 on stream 0 at 20-Dec-2022 10:53:48.055 CET
Begin processing the 16001st record. Run 1, Event 420801, LumiSection 4209 on stream 0 at 20-Dec-2022 10:55:53.231 CET
Begin processing the 17001st record. Run 1, Event 427201, LumiSection 4273 on stream 0 at 20-Dec-2022 10:58:04.710 CET
[2022-12-20 10:58:27.490066 +0100][Error  ][AsyncSock         ] [xrootd.ba.infn.it:1094 #0.0] Socket error while handshaking: [ERROR] Socket timeout
[2022-12-20 10:58:27.490241 +0100][Error  ][PostMaster        ] [xrootd.ba.infn.it:1094 #0] elapsed = 45, pConnectionWindow = 31 seconds.
[2022-12-20 10:59:12.728554 +0100][Error  ][AsyncSock         ] [xrootd.ba.infn.it:1094 #0.0] Socket error while handshaking: [ERROR] Socket timeout
[2022-12-20 10:59:12.728701 +0100][Error  ][PostMaster        ] [xrootd.ba.infn.it:1094 #0] elapsed = 45, pConnectionWindow = 31 seconds.
[2022-12-20 10:59:12.728716 +0100][Error  ][PostMaster        ] [xrootd.ba.infn.it:1094 #0] Unable to recover: [ERROR] Socket timeout.
[2022-12-20 10:59:12.728725 +0100][Error  ][XRootD            ] [xrootd.ba.infn.it:1094] Impossible to send message kXR_open (file: /store/user/alesauva/flashgg/UL2017_4/10_6_4/WHiggs0L1ToGG_M125_TuneCP5_13TeV-JHUGenV7011-pythia8/UL2017_4-10_6_4-v0-RunIISummer19UL17MiniAOD-106X_mc2017_realistic_v6-v2/200720_155007/0000/myMicroAODOutputFile_20.root?tried=stor95.datagrid.cea.fr, mode: 0660, flags: kXR_open_read kXR_async kXR_retstat ). Trying to recover.
Begin processing the 18001st record. Run 1, Event 428219, LumiSection 4283 on stream 0 at 20-Dec-2022 11:00:06.104 CET
Begin processing the 19001st record. Run 1, Event 429213, LumiSection 4293 on stream 0 at 20-Dec-2022 11:02:08.360 CET
[2022-12-20 11:04:11.737972 +0100][Error  ][AsyncSock         ] [xrootd.ba.infn.it:1094 #0.0] Socket error while handshaking: [ERROR] Socket timeout
[2022-12-20 11:04:11.738148 +0100][Error  ][PostMaster        ] [xrootd.ba.infn.it:1094 #0] elapsed = 45, pConnectionWindow = 31 seconds.
Begin processing the 20001st record. Run 1, Event 635301, LumiSection 6354 on stream 0 at 20-Dec-2022 11:04:13.754 CET
[2022-12-20 11:04:56.962986 +0100][Error  ][AsyncSock         ] [xrootd.ba.infn.it:1094 #0.0] Socket error while handshaking: [ERROR] Socket timeout
[2022-12-20 11:04:56.963137 +0100][Error  ][PostMaster        ] [xrootd.ba.infn.it:1094 #0] elapsed = 45, pConnectionWindow = 31 seconds.
[2022-12-20 11:04:56.963146 +0100][Error  ][PostMaster        ] [xrootd.ba.infn.it:1094 #0] Unable to recover: [ERROR] Socket timeout.
[2022-12-20 11:04:56.963154 +0100][Error  ][XRootD            ] [xrootd.ba.infn.it:1094] Impossible to send message kXR_open (file: /store/user/alesauva/flashgg/UL2017_4/10_6_4/WHiggs0L1ToGG_M125_TuneCP5_13TeV-JHUGenV7011-pythia8/UL2017_4-10_6_4-v0-RunIISummer19UL17MiniAOD-106X_mc2017_realistic_v6-v2/200720_155007/0000/myMicroAODOutputFile_20.root?tried=stor95.datagrid.cea.fr, mode: 0660, flags: kXR_open_read kXR_async kXR_retstat ). Trying to recover.
Begin processing the 21001st record. Run 1, Event 636304, LumiSection 6364 on stream 0 at 20-Dec-2022 11:06:24.324 CET
Begin processing the 22001st record. Run 1, Event 637301, LumiSection 6374 on stream 0 at 20-Dec-2022 11:08:40.794 CET
Begin processing the 23001st record. Run 1, Event 638311, LumiSection 6384 on stream 0 at 20-Dec-2022 11:10:48.125 CET
Begin processing the 24001st record. Run 1, Event 639309, LumiSection 6394 on stream 0 at 20-Dec-2022 11:12:58.921 CET
[2022-12-20 11:14:23.606917 +0100][Error  ][AsyncSock         ] [xrootd.ba.infn.it:1094 #0.0] Socket error while handshaking: [ERROR] Socket timeout
[2022-12-20 11:14:23.607110 +0100][Error  ][PostMaster        ] [xrootd.ba.infn.it:1094 #0] elapsed = 45, pConnectionWindow = 31 seconds.
[2022-12-20 11:15:08.858936 +0100][Error  ][AsyncSock         ] [xrootd.ba.infn.it:1094 #0.0] Socket error while handshaking: [ERROR] Socket timeout
[2022-12-20 11:15:08.859042 +0100][Error  ][PostMaster        ] [xrootd.ba.infn.it:1094 #0] elapsed = 45, pConnectionWindow = 31 seconds.
[2022-12-20 11:15:08.859058 +0100][Error  ][PostMaster        ] [xrootd.ba.infn.it:1094 #0] Unable to recover: [ERROR] Socket timeout.
[2022-12-20 11:15:08.859069 +0100][Error  ][XRootD            ] [xrootd.ba.infn.it:1094] Impossible to send message kXR_open (file: /store/user/alesauva/flashgg/UL2017_4/10_6_4/WHiggs0L1ToGG_M125_TuneCP5_13TeV-JHUGenV7011-pythia8/UL2017_4-10_6_4-v0-RunIISummer19UL17MiniAOD-106X_mc2017_realistic_v6-v2/200720_155007/0000/myMicroAODOutputFile_20.root?tried=stor95.datagrid.cea.fr, mode: 0660, flags: kXR_open_read kXR_async kXR_retstat ). Trying to recover.
20-Dec-2022 11:15:13 CET  Closed file root://cms-xrd-global.cern.ch//store/user/alesauva/flashgg/UL2017_4/10_6_4/WHiggs0L1ToGG_M125_TuneCP5_13TeV-JHUGenV7011-pythia8/UL2017_4-10_6_4-v0-RunIISummer19UL17MiniAOD-106X_mc2017_realistic_v6-v2/200720_155007/0000/myMicroAODOutputFile_20.root

TrigReport ---------- Event  Summary ------------
TrigReport Events total = 25000 passed = 24664 failed = 336

TrigReport ---------- Path   Summary ------------
TrigReport  Trig Bit#   Executed     Passed     Failed      Error Name
TrigReport     1    0      25000      24664        336          0 p

TrigReport -------End-Path   Summary ------------
TrigReport  Trig Bit#   Executed     Passed     Failed      Error Name

TrigReport ---------- Modules in Path: p ------------
TrigReport  Trig Bit#    Visited     Passed     Failed      Error Name
TrigReport     1    0      25000      24664        336          0 flashggMetFilters
TrigReport     1    1      24664      24664          0          0 VHFilter
TrigReport     1    2      24664      24664          0          0 flashggDifferentialPhoIdInputsCorrection
TrigReport     1    3      24664      24664          0          0 flashggDiPhotonSystematics
TrigReport     1    4      24664      24664          0          0 flashggMetSystematics
TrigReport     1    5      24664      24664          0          0 flashggMuonSystematics
TrigReport     1    6      24664      24664          0          0 flashggElectronSystematics
TrigReport     1    7      24664      24664          0          0 flashggUnpackedJets
TrigReport     1    8      24664      24664          0          0 flashggJetSystematics0
TrigReport     1    9      24664      24664          0          0 flashggJetSystematics1
TrigReport     1   10      24664      24664          0          0 flashggJetSystematics2
TrigReport     1   11      24664      24664          0          0 flashggJetSystematics3
TrigReport     1   12      24664      24664          0          0 flashggJetSystematics4
TrigReport     1   13      24664      24664          0          0 flashggJetSystematics5
TrigReport     1   14      24664      24664          0          0 flashggJetSystematics6
TrigReport     1   15      24664      24664          0          0 flashggJetSystematics7
TrigReport     1   16      24664      24664          0          0 flashggJetSystematics8
TrigReport     1   17      24664      24664          0          0 flashggJetSystematics9
TrigReport     1   18      24664      24664          0          0 flashggJetSystematics10
TrigReport     1   19      24664      24664          0          0 flashggJetSystematics11
TrigReport     1   20      24664      24664          0          0 flashggPrefireDiPhotons
TrigReport     1   21      24664      24664          0          0 flashggPreselectedDiPhotons
TrigReport     1   22      24664      24664          0          0 flashggDiPhotonMVA
TrigReport     1   23      24664      24664          0          0 flashggVBFMVA
TrigReport     1   24      24664      24664          0          0 flashggVHhadMVA
TrigReport     1   25      24664      24664          0          0 flashggGluGluHMVA
TrigReport     1   26      24664      24664          0          0 flashggStageOneCombinedTag
TrigReport     1   27      24664      24664          0          0 flashggTHQLeptonicTag
TrigReport     1   28      24664      24664          0          0 flashggVHMetTag
TrigReport     1   29      24664      24664          0          0 flashggWHLeptonicTag
TrigReport     1   30      24664      24664          0          0 flashggZHLeptonicTag
TrigReport     1   31      24664      24664          0          0 flashggTTHLeptonicTag
TrigReport     1   32      24664      24664          0          0 flashggTTHHadronicTag
TrigReport     1   33      24664      24664          0          0 flashggTagSorter
TrigReport     1   34      24664      24664          0          0 flashggSystTagMerger
TrigReport     1   35      24664      24664          0          0 tagsDumper

TrigReport ---------- Module Summary ------------
TrigReport    Visited   Executed     Passed     Failed      Error Name
TrigReport      25000      25000      25000          0          0 TriggerResults
TrigReport      24664      24664      24664          0          0 VHFilter
TrigReport      24664      24664      24664          0          0 ak4PFCHSL1FastL2L3Corrector
TrigReport      24664      24664      24664          0          0 ak4PFCHSL1FastjetCorrector
TrigReport      24664      24664      24664          0          0 ak4PFCHSL2RelativeCorrector
TrigReport      24664      24664      24664          0          0 ak4PFCHSL3AbsoluteCorrector
TrigReport      24664      24664      24664          0          0 flashggDiPhotonMVA
TrigReport      24664      24664      24664          0          0 flashggDiPhotonSystematics
TrigReport      24664      24664      24664          0          0 flashggDifferentialPhoIdInputsCorrection
TrigReport      24664      24664      24664          0          0 flashggElectronSystematics
TrigReport      24664      24664      24664          0          0 flashggGluGluHMVA
TrigReport      24664      24664      24664          0          0 flashggJetSystematics0
TrigReport      24664      24664      24664          0          0 flashggJetSystematics1
TrigReport      24664      24664      24664          0          0 flashggJetSystematics10
TrigReport      24664      24664      24664          0          0 flashggJetSystematics11
TrigReport      24664      24664      24664          0          0 flashggJetSystematics2
TrigReport      24664      24664      24664          0          0 flashggJetSystematics3
TrigReport      24664      24664      24664          0          0 flashggJetSystematics4
TrigReport      24664      24664      24664          0          0 flashggJetSystematics5
TrigReport      24664      24664      24664          0          0 flashggJetSystematics6
TrigReport      24664      24664      24664          0          0 flashggJetSystematics7
TrigReport      24664      24664      24664          0          0 flashggJetSystematics8
TrigReport      24664      24664      24664          0          0 flashggJetSystematics9
TrigReport      25000      25000      24664        336          0 flashggMetFilters
TrigReport      24664      24664      24664          0          0 flashggMetSystematics
TrigReport      24664      24664      24664          0          0 flashggMuonSystematics
TrigReport      24664      24664      24664          0          0 flashggPrefireDiPhotons
TrigReport      24664      24664      24664          0          0 flashggPreselectedDiPhotons
TrigReport      24664      24664      24664          0          0 flashggStageOneCombinedTag
TrigReport      24664      24664      24664          0          0 flashggSystTagMerger
TrigReport      24664      24664      24664          0          0 flashggTHQLeptonicTag
TrigReport      24664      24664      24664          0          0 flashggTTHHadronicTag
TrigReport      24664      24664      24664          0          0 flashggTTHLeptonicTag
TrigReport      24664      24664      24664          0          0 flashggTagSorter
TrigReport      24664      24664      24664          0          0 flashggUnpackedJets
TrigReport      24664      24664      24664          0          0 flashggVBFMVA
TrigReport      24664      24664      24664          0          0 flashggVHMetTag
TrigReport      24664      24664      24664          0          0 flashggVHhadMVA
TrigReport      24664      24664      24664          0          0 flashggWHLeptonicTag
TrigReport      24664      24664      24664          0          0 flashggZHLeptonicTag
TrigReport      25000      25000      25000          0          0 p
TrigReport      24664      24664      24664          0          0 tagsDumper

TimeReport ---------- Event  Summary ---[sec]----
TimeReport       event loop CPU/event = 0.134876
TimeReport      event loop Real/event = 0.135793
TimeReport     sum Streams Real/event = 0.131957
TimeReport efficiency CPU/Real/thread = 0.993249

TimeReport ---------- Path   Summary ---[Real sec]----
TimeReport  per event     per exec  Name
TimeReport   0.131508     0.131508  p
TimeReport  per event     per exec  Name

TimeReport -------End-Path   Summary ---[Real sec]----
TimeReport  per event     per exec  Name
TimeReport  per event     per exec  Name

TimeReport ---------- Modules in Path: p ---[Real sec]----
TimeReport  per event    per visit  Name
TimeReport   0.000015     0.000015  flashggMetFilters
TimeReport   0.000006     0.000006  VHFilter
TimeReport   0.071498     0.072472  flashggDifferentialPhoIdInputsCorrection
TimeReport   0.044176     0.044778  flashggDiPhotonSystematics
TimeReport   0.000156     0.000159  flashggMetSystematics
TimeReport   0.000044     0.000045  flashggMuonSystematics
TimeReport   0.000036     0.000036  flashggElectronSystematics
TimeReport   0.000207     0.000210  flashggUnpackedJets
TimeReport   0.003530     0.003578  flashggJetSystematics0
TimeReport   0.000668     0.000677  flashggJetSystematics1
TimeReport   0.000609     0.000618  flashggJetSystematics2
TimeReport   0.000584     0.000592  flashggJetSystematics3
TimeReport   0.000577     0.000585  flashggJetSystematics4
TimeReport   0.000571     0.000579  flashggJetSystematics5
TimeReport   0.000570     0.000577  flashggJetSystematics6
TimeReport   0.000566     0.000574  flashggJetSystematics7
TimeReport   0.000565     0.000573  flashggJetSystematics8
TimeReport   0.000564     0.000572  flashggJetSystematics9
TimeReport   0.000562     0.000570  flashggJetSystematics10
TimeReport   0.000561     0.000568  flashggJetSystematics11
TimeReport   0.000292     0.000296  flashggPrefireDiPhotons
TimeReport   0.000122     0.000124  flashggPreselectedDiPhotons
TimeReport   0.000035     0.000036  flashggDiPhotonMVA
TimeReport   0.000031     0.000031  flashggVBFMVA
TimeReport   0.000017     0.000017  flashggVHhadMVA
TimeReport   0.000053     0.000054  flashggGluGluHMVA
TimeReport   0.000031     0.000031  flashggStageOneCombinedTag
TimeReport   0.000330     0.000334  flashggTHQLeptonicTag
TimeReport   0.000328     0.000332  flashggVHMetTag
TimeReport   0.000038     0.000038  flashggWHLeptonicTag
TimeReport   0.000018     0.000018  flashggZHLeptonicTag
TimeReport   0.000161     0.000163  flashggTTHLeptonicTag
TimeReport   0.001305     0.001322  flashggTTHHadronicTag
TimeReport   0.000077     0.000078  flashggTagSorter
TimeReport   0.000004     0.000004  flashggSystTagMerger
TimeReport   0.000288     0.000292  tagsDumper
TimeReport  per event    per visit  Name

TimeReport ---------- Module Summary ---[Real sec]----
TimeReport  per event     per exec    per visit  Name
TimeReport   0.000002     0.000002     0.000002  TriggerResults
TimeReport   0.000006     0.000006     0.000006  VHFilter
TimeReport   0.000003     0.000003     0.000003  ak4PFCHSL1FastL2L3Corrector
TimeReport   0.000004     0.000004     0.000004  ak4PFCHSL1FastjetCorrector
TimeReport   0.000001     0.000001     0.000001  ak4PFCHSL2RelativeCorrector
TimeReport   0.000013     0.000013     0.000013  ak4PFCHSL3AbsoluteCorrector
TimeReport   0.000035     0.000036     0.000036  flashggDiPhotonMVA
TimeReport   0.044176     0.044778     0.044778  flashggDiPhotonSystematics
TimeReport   0.071498     0.072472     0.072472  flashggDifferentialPhoIdInputsCorrection
TimeReport   0.000036     0.000036     0.000036  flashggElectronSystematics
TimeReport   0.000053     0.000054     0.000054  flashggGluGluHMVA
TimeReport   0.003530     0.003578     0.003578  flashggJetSystematics0
TimeReport   0.000668     0.000677     0.000677  flashggJetSystematics1
TimeReport   0.000562     0.000570     0.000570  flashggJetSystematics10
TimeReport   0.000561     0.000568     0.000568  flashggJetSystematics11
TimeReport   0.000609     0.000618     0.000618  flashggJetSystematics2
TimeReport   0.000584     0.000592     0.000592  flashggJetSystematics3
TimeReport   0.000577     0.000585     0.000585  flashggJetSystematics4
TimeReport   0.000571     0.000579     0.000579  flashggJetSystematics5
TimeReport   0.000570     0.000577     0.000577  flashggJetSystematics6
TimeReport   0.000566     0.000574     0.000574  flashggJetSystematics7
TimeReport   0.000565     0.000573     0.000573  flashggJetSystematics8
TimeReport   0.000564     0.000572     0.000572  flashggJetSystematics9
TimeReport   0.000015     0.000015     0.000015  flashggMetFilters
TimeReport   0.000156     0.000159     0.000159  flashggMetSystematics
TimeReport   0.000044     0.000045     0.000045  flashggMuonSystematics
TimeReport   0.000292     0.000296     0.000296  flashggPrefireDiPhotons
TimeReport   0.000122     0.000124     0.000124  flashggPreselectedDiPhotons
TimeReport   0.000031     0.000031     0.000031  flashggStageOneCombinedTag
TimeReport   0.000004     0.000004     0.000004  flashggSystTagMerger
TimeReport   0.000330     0.000334     0.000334  flashggTHQLeptonicTag
TimeReport   0.001305     0.001322     0.001322  flashggTTHHadronicTag
TimeReport   0.000161     0.000163     0.000163  flashggTTHLeptonicTag
TimeReport   0.000077     0.000078     0.000078  flashggTagSorter
TimeReport   0.000207     0.000210     0.000210  flashggUnpackedJets
TimeReport   0.000031     0.000031     0.000031  flashggVBFMVA
TimeReport   0.000328     0.000332     0.000332  flashggVHMetTag
TimeReport   0.000017     0.000017     0.000017  flashggVHhadMVA
TimeReport   0.000038     0.000038     0.000038  flashggWHLeptonicTag
TimeReport   0.000018     0.000018     0.000018  flashggZHLeptonicTag
TimeReport   0.000003     0.000003     0.000003  p
TimeReport   0.000288     0.000292     0.000292  tagsDumper
TimeReport  per event     per exec    per visit  Name

T---Report end!


=============================================

MessageLogger Summary

 type     category        sev    module        subroutine        count    total
 ---- -------------------- -- ---------------- ----------------  -----    -----
    1 XrdAdaptor           -w file_open                              1        1
    2 fileAction           -s file_close                             1        1
    3 fileAction           -s file_open                              2        2

 type    category    Examples: run/evt        run/evt          run/evt
 ---- -------------------- ---------------- ---------------- ----------------
    1 XrdAdaptor           pre-events                        
    2 fileAction           PostGlobalEndRun                  
    3 fileAction           pre-events       pre-events       

Severity    # Occurrences   Total Occurrences
--------    -------------   -----------------
Warning                 1                   1
System                  3                   3

dropped waiting message count 0
