mkdir: cannot create directory '/afs/cern.ch/user/x/xisu/private/local/Analysis_workspace/VH_AC_tmp1/flashgg_d2/CMSSW_10_6_29/src/flashgg/VHAC_Analysis_Met/UL_17/UL_17_wh125': File exists
/cvmfs/cms.cern.ch/slc7_amd64_gcc700/external/py2-requests/2.21.0-pafccj2/lib/python2.7/site-packages/requests/__init__.py:91: RequestsDependencyWarning: urllib3 (1.25.2) or chardet (3.0.4) doesn't match a supported version!
  RequestsDependencyWarning)
20-Dec-2022 10:05:25 CET  Initiating request to open file root://cms-xrd-global.cern.ch//store/user/alesauva/flashgg/UL2017_4/10_6_4/WHiggs0PHToGG_M125_TuneCP5_13TeV-JHUGenV7011-pythia8/UL2017_4-10_6_4-v0-RunIISummer19UL17MiniAOD-106X_mc2017_realistic_v6-v2/200720_155719/0000/myMicroAODOutputFile_1.root
%MSG-w XrdAdaptor:  file_open 20-Dec-2022 10:05:27 CET pre-events
Data is served from GRIF-IRFU instead of original site CERN-CMSGLOBAL-02
%MSG
20-Dec-2022 10:05:29 CET  Successfully opened file root://cms-xrd-global.cern.ch//store/user/alesauva/flashgg/UL2017_4/10_6_4/WHiggs0PHToGG_M125_TuneCP5_13TeV-JHUGenV7011-pythia8/UL2017_4-10_6_4-v0-RunIISummer19UL17MiniAOD-106X_mc2017_realistic_v6-v2/200720_155719/0000/myMicroAODOutputFile_1.root
2022-12-20 10:20:59.531633: I tensorflow/core/platform/cpu_feature_guard.cc:140] Your CPU supports instructions that this TensorFlow binary was not compiled to use: SSE4.1 SSE4.2 AVX AVX2 FMA
Begin processing the 1st record. Run 1, Event 10, LumiSection 1 on stream 0 at 20-Dec-2022 10:22:26.154 CET
[2022-12-20 10:23:09.344373 +0100][Error  ][AsyncSock         ] [xrootd.ba.infn.it:1094 #0.0] Socket error while handshaking: [ERROR] Socket timeout
[2022-12-20 10:23:09.344581 +0100][Error  ][PostMaster        ] [xrootd.ba.infn.it:1094 #0] elapsed = 45, pConnectionWindow = 31 seconds.
[2022-12-20 10:23:54.590322 +0100][Error  ][AsyncSock         ] [xrootd.ba.infn.it:1094 #0.0] Socket error while handshaking: [ERROR] Socket timeout
[2022-12-20 10:23:54.590525 +0100][Error  ][PostMaster        ] [xrootd.ba.infn.it:1094 #0] elapsed = 45, pConnectionWindow = 31 seconds.
[2022-12-20 10:23:54.590582 +0100][Error  ][PostMaster        ] [xrootd.ba.infn.it:1094 #0] Unable to recover: [ERROR] Socket timeout.
[2022-12-20 10:23:54.590620 +0100][Error  ][XRootD            ] [xrootd.ba.infn.it:1094] Impossible to send message kXR_open (file: /store/user/alesauva/flashgg/UL2017_4/10_6_4/WHiggs0PHToGG_M125_TuneCP5_13TeV-JHUGenV7011-pythia8/UL2017_4-10_6_4-v0-RunIISummer19UL17MiniAOD-106X_mc2017_realistic_v6-v2/200720_155719/0000/myMicroAODOutputFile_1.root?tried=stor79.datagrid.cea.fr, mode: 0660, flags: kXR_open_read kXR_async kXR_retstat ). Trying to recover.
Begin processing the 1001st record. Run 1, Event 1008, LumiSection 11 on stream 0 at 20-Dec-2022 10:29:03.874 CET
Begin processing the 2001st record. Run 1, Event 2004, LumiSection 21 on stream 0 at 20-Dec-2022 10:31:52.975 CET
[2022-12-20 10:32:42.014376 +0100][Error  ][AsyncSock         ] [xrootd.ba.infn.it:1094 #0.0] Socket error while handshaking: [ERROR] Socket timeout
[2022-12-20 10:32:42.014552 +0100][Error  ][PostMaster        ] [xrootd.ba.infn.it:1094 #0] elapsed = 46, pConnectionWindow = 31 seconds.
[2022-12-20 10:33:27.274677 +0100][Error  ][AsyncSock         ] [xrootd.ba.infn.it:1094 #0.0] Socket error while handshaking: [ERROR] Socket timeout
[2022-12-20 10:33:27.274861 +0100][Error  ][PostMaster        ] [xrootd.ba.infn.it:1094 #0] elapsed = 45, pConnectionWindow = 31 seconds.
[2022-12-20 10:33:27.274880 +0100][Error  ][PostMaster        ] [xrootd.ba.infn.it:1094 #0] Unable to recover: [ERROR] Socket timeout.
[2022-12-20 10:33:27.274892 +0100][Error  ][XRootD            ] [xrootd.ba.infn.it:1094] Impossible to send message kXR_open (file: /store/user/alesauva/flashgg/UL2017_4/10_6_4/WHiggs0PHToGG_M125_TuneCP5_13TeV-JHUGenV7011-pythia8/UL2017_4-10_6_4-v0-RunIISummer19UL17MiniAOD-106X_mc2017_realistic_v6-v2/200720_155719/0000/myMicroAODOutputFile_1.root?tried=stor79.datagrid.cea.fr, mode: 0660, flags: kXR_open_read kXR_async kXR_retstat ). Trying to recover.
Begin processing the 3001st record. Run 1, Event 264108, LumiSection 2642 on stream 0 at 20-Dec-2022 10:34:47.161 CET
Begin processing the 4001st record. Run 1, Event 265102, LumiSection 2652 on stream 0 at 20-Dec-2022 10:37:41.607 CET
Begin processing the 5001st record. Run 1, Event 266103, LumiSection 2662 on stream 0 at 20-Dec-2022 10:40:34.868 CET
[2022-12-20 10:41:30.688780 +0100][Error  ][AsyncSock         ] [xrootd.ba.infn.it:1094 #0.0] Socket error while handshaking: [ERROR] Socket timeout
[2022-12-20 10:41:30.688998 +0100][Error  ][PostMaster        ] [xrootd.ba.infn.it:1094 #0] elapsed = 45, pConnectionWindow = 31 seconds.
[2022-12-20 10:42:15.926830 +0100][Error  ][AsyncSock         ] [xrootd.ba.infn.it:1094 #0.0] Socket error while handshaking: [ERROR] Socket timeout
[2022-12-20 10:42:15.927036 +0100][Error  ][PostMaster        ] [xrootd.ba.infn.it:1094 #0] elapsed = 45, pConnectionWindow = 31 seconds.
[2022-12-20 10:42:15.927066 +0100][Error  ][PostMaster        ] [xrootd.ba.infn.it:1094 #0] Unable to recover: [ERROR] Socket timeout.
[2022-12-20 10:42:15.927081 +0100][Error  ][XRootD            ] [xrootd.ba.infn.it:1094] Impossible to send message kXR_open (file: /store/user/alesauva/flashgg/UL2017_4/10_6_4/WHiggs0PHToGG_M125_TuneCP5_13TeV-JHUGenV7011-pythia8/UL2017_4-10_6_4-v0-RunIISummer19UL17MiniAOD-106X_mc2017_realistic_v6-v2/200720_155719/0000/myMicroAODOutputFile_1.root?tried=stor79.datagrid.cea.fr, mode: 0660, flags: kXR_open_read kXR_async kXR_retstat ). Trying to recover.
Begin processing the 6001st record. Run 1, Event 275207, LumiSection 2753 on stream 0 at 20-Dec-2022 10:43:19.985 CET
Begin processing the 7001st record. Run 1, Event 300204, LumiSection 3003 on stream 0 at 20-Dec-2022 10:46:11.552 CET
[2022-12-20 10:47:11.028326 +0100][Error  ][AsyncSock         ] [xrootd.ba.infn.it:1094 #0.0] Socket error while handshaking: [ERROR] Socket timeout
[2022-12-20 10:47:11.028501 +0100][Error  ][PostMaster        ] [xrootd.ba.infn.it:1094 #0] elapsed = 45, pConnectionWindow = 31 seconds.
[2022-12-20 10:47:56.276307 +0100][Error  ][AsyncSock         ] [xrootd.ba.infn.it:1094 #0.0] Socket error while handshaking: [ERROR] Socket timeout
[2022-12-20 10:47:56.276442 +0100][Error  ][PostMaster        ] [xrootd.ba.infn.it:1094 #0] elapsed = 45, pConnectionWindow = 31 seconds.
[2022-12-20 10:47:56.276456 +0100][Error  ][PostMaster        ] [xrootd.ba.infn.it:1094 #0] Unable to recover: [ERROR] Socket timeout.
[2022-12-20 10:47:56.276465 +0100][Error  ][XRootD            ] [xrootd.ba.infn.it:1094] Impossible to send message kXR_open (file: /store/user/alesauva/flashgg/UL2017_4/10_6_4/WHiggs0PHToGG_M125_TuneCP5_13TeV-JHUGenV7011-pythia8/UL2017_4-10_6_4-v0-RunIISummer19UL17MiniAOD-106X_mc2017_realistic_v6-v2/200720_155719/0000/myMicroAODOutputFile_1.root?tried=stor79.datagrid.cea.fr, mode: 0660, flags: kXR_open_read kXR_async kXR_retstat ). Trying to recover.
Begin processing the 8001st record. Run 1, Event 292505, LumiSection 2926 on stream 0 at 20-Dec-2022 10:49:08.372 CET
Begin processing the 9001st record. Run 1, Event 293510, LumiSection 2936 on stream 0 at 20-Dec-2022 10:52:18.863 CET
[2022-12-20 10:53:30.768661 +0100][Error  ][AsyncSock         ] [xrootd.ba.infn.it:1094 #0.0] Socket error while handshaking: [ERROR] Socket timeout
[2022-12-20 10:53:30.768825 +0100][Error  ][PostMaster        ] [xrootd.ba.infn.it:1094 #0] elapsed = 45, pConnectionWindow = 31 seconds.
[2022-12-20 10:54:15.992921 +0100][Error  ][AsyncSock         ] [xrootd.ba.infn.it:1094 #0.0] Socket error while handshaking: [ERROR] Socket timeout
[2022-12-20 10:54:15.993107 +0100][Error  ][PostMaster        ] [xrootd.ba.infn.it:1094 #0] elapsed = 45, pConnectionWindow = 31 seconds.
[2022-12-20 10:54:15.993127 +0100][Error  ][PostMaster        ] [xrootd.ba.infn.it:1094 #0] Unable to recover: [ERROR] Socket timeout.
[2022-12-20 10:54:15.993146 +0100][Error  ][XRootD            ] [xrootd.ba.infn.it:1094] Impossible to send message kXR_open (file: /store/user/alesauva/flashgg/UL2017_4/10_6_4/WHiggs0PHToGG_M125_TuneCP5_13TeV-JHUGenV7011-pythia8/UL2017_4-10_6_4-v0-RunIISummer19UL17MiniAOD-106X_mc2017_realistic_v6-v2/200720_155719/0000/myMicroAODOutputFile_1.root?tried=+1213xrootd-cms-redir-int.cr.cnaf.infn.it,+1413xrootd-cms-redir-int.cr.cnaf.infn.it,+1413xrootd-redic.pi.infn.it,stor79.datagrid.cea.fr,node12.datagrid.cea.fr,llrxrd-redir.in2p3.fr,xrootd-redic.pi.infn.it,xrootd-redic.pi.infn.it&triedrc=enoent,enoent, mode: 0660, flags: kXR_open_read kXR_async kXR_retstat ). Trying to recover.
Begin processing the 10001st record. Run 1, Event 294506, LumiSection 2946 on stream 0 at 20-Dec-2022 10:55:09.018 CET
Begin processing the 11001st record. Run 1, Event 414614, LumiSection 4147 on stream 0 at 20-Dec-2022 10:58:06.287 CET
[2022-12-20 10:59:15.010313 +0100][Error  ][AsyncSock         ] [xrootd.ba.infn.it:1094 #0.0] Socket error while handshaking: [ERROR] Socket timeout
[2022-12-20 10:59:15.010432 +0100][Error  ][PostMaster        ] [xrootd.ba.infn.it:1094 #0] elapsed = 46, pConnectionWindow = 31 seconds.
[2022-12-20 11:00:00.260320 +0100][Error  ][AsyncSock         ] [xrootd.ba.infn.it:1094 #0.0] Socket error while handshaking: [ERROR] Socket timeout
[2022-12-20 11:00:00.260491 +0100][Error  ][PostMaster        ] [xrootd.ba.infn.it:1094 #0] elapsed = 45, pConnectionWindow = 31 seconds.
[2022-12-20 11:00:00.260511 +0100][Error  ][PostMaster        ] [xrootd.ba.infn.it:1094 #0] Unable to recover: [ERROR] Socket timeout.
[2022-12-20 11:00:00.260525 +0100][Error  ][XRootD            ] [xrootd.ba.infn.it:1094] Impossible to send message kXR_open (file: /store/user/alesauva/flashgg/UL2017_4/10_6_4/WHiggs0PHToGG_M125_TuneCP5_13TeV-JHUGenV7011-pythia8/UL2017_4-10_6_4-v0-RunIISummer19UL17MiniAOD-106X_mc2017_realistic_v6-v2/200720_155719/0000/myMicroAODOutputFile_1.root?tried=stor79.datagrid.cea.fr, mode: 0660, flags: kXR_open_read kXR_async kXR_retstat ). Trying to recover.
Begin processing the 12001st record. Run 1, Event 415607, LumiSection 4157 on stream 0 at 20-Dec-2022 11:00:59.374 CET
Begin processing the 13001st record. Run 1, Event 416608, LumiSection 4167 on stream 0 at 20-Dec-2022 11:04:04.185 CET
[2022-12-20 11:05:16.343522 +0100][Error  ][AsyncSock         ] [xrootd.ba.infn.it:1094 #0.0] Socket error while handshaking: [ERROR] Socket timeout
[2022-12-20 11:05:16.343697 +0100][Error  ][PostMaster        ] [xrootd.ba.infn.it:1094 #0] elapsed = 45, pConnectionWindow = 31 seconds.
[2022-12-20 11:06:01.591450 +0100][Error  ][AsyncSock         ] [xrootd.ba.infn.it:1094 #0.0] Socket error while handshaking: [ERROR] Socket timeout
[2022-12-20 11:06:01.591610 +0100][Error  ][PostMaster        ] [xrootd.ba.infn.it:1094 #0] elapsed = 45, pConnectionWindow = 31 seconds.
[2022-12-20 11:06:01.591636 +0100][Error  ][PostMaster        ] [xrootd.ba.infn.it:1094 #0] Unable to recover: [ERROR] Socket timeout.
[2022-12-20 11:06:01.591656 +0100][Error  ][XRootD            ] [xrootd.ba.infn.it:1094] Impossible to send message kXR_open (file: /store/user/alesauva/flashgg/UL2017_4/10_6_4/WHiggs0PHToGG_M125_TuneCP5_13TeV-JHUGenV7011-pythia8/UL2017_4-10_6_4-v0-RunIISummer19UL17MiniAOD-106X_mc2017_realistic_v6-v2/200720_155719/0000/myMicroAODOutputFile_1.root?tried=+1213llrxrd-redir.in2p3.fr,+1213xrootd-cms-redir-int.cr.cnaf.infn.it,+1413xrootd-cms-redir-int.cr.cnaf.infn.it,+1413llrxrd-redir.in2p3.fr,stor79.datagrid.cea.fr,node12.datagrid.cea.fr,xrootd-redic.pi.infn.it&triedrc=enoent, mode: 0660, flags: kXR_open_read kXR_async kXR_retstat ). Trying to recover.
Begin processing the 14001st record. Run 1, Event 459610, LumiSection 4597 on stream 0 at 20-Dec-2022 11:06:55.964 CET
Begin processing the 15001st record. Run 1, Event 460602, LumiSection 4607 on stream 0 at 20-Dec-2022 11:09:40.114 CET
Begin processing the 16001st record. Run 1, Event 461603, LumiSection 4617 on stream 0 at 20-Dec-2022 11:12:31.591 CET
[2022-12-20 11:13:49.086645 +0100][Error  ][AsyncSock         ] [xrootd.ba.infn.it:1094 #0.0] Socket error while handshaking: [ERROR] Socket timeout
[2022-12-20 11:13:49.086780 +0100][Error  ][PostMaster        ] [xrootd.ba.infn.it:1094 #0] elapsed = 46, pConnectionWindow = 31 seconds.
[2022-12-20 11:14:34.335581 +0100][Error  ][AsyncSock         ] [xrootd.ba.infn.it:1094 #0.0] Socket error while handshaking: [ERROR] Socket timeout
[2022-12-20 11:14:34.335786 +0100][Error  ][PostMaster        ] [xrootd.ba.infn.it:1094 #0] elapsed = 45, pConnectionWindow = 31 seconds.
[2022-12-20 11:14:34.335815 +0100][Error  ][PostMaster        ] [xrootd.ba.infn.it:1094 #0] Unable to recover: [ERROR] Socket timeout.
[2022-12-20 11:14:34.335832 +0100][Error  ][XRootD            ] [xrootd.ba.infn.it:1094] Impossible to send message kXR_open (file: /store/user/alesauva/flashgg/UL2017_4/10_6_4/WHiggs0PHToGG_M125_TuneCP5_13TeV-JHUGenV7011-pythia8/UL2017_4-10_6_4-v0-RunIISummer19UL17MiniAOD-106X_mc2017_realistic_v6-v2/200720_155719/0000/myMicroAODOutputFile_1.root?tried=stor79.datagrid.cea.fr, mode: 0660, flags: kXR_open_read kXR_async kXR_retstat ). Trying to recover.
Begin processing the 17001st record. Run 1, Event 659408, LumiSection 6595 on stream 0 at 20-Dec-2022 11:15:21.907 CET
Begin processing the 18001st record. Run 1, Event 636404, LumiSection 6365 on stream 0 at 20-Dec-2022 11:18:07.476 CET
Begin processing the 19001st record. Run 1, Event 637407, LumiSection 6375 on stream 0 at 20-Dec-2022 11:20:43.222 CET
[2022-12-20 11:22:16.509321 +0100][Error  ][AsyncSock         ] [xrootd.ba.infn.it:1094 #0.0] Socket error while handshaking: [ERROR] Socket timeout
[2022-12-20 11:22:16.509449 +0100][Error  ][PostMaster        ] [xrootd.ba.infn.it:1094 #0] elapsed = 45, pConnectionWindow = 31 seconds.
[2022-12-20 11:23:01.765633 +0100][Error  ][AsyncSock         ] [xrootd.ba.infn.it:1094 #0.0] Socket error while handshaking: [ERROR] Socket timeout
[2022-12-20 11:23:01.765807 +0100][Error  ][PostMaster        ] [xrootd.ba.infn.it:1094 #0] elapsed = 45, pConnectionWindow = 31 seconds.
[2022-12-20 11:23:01.765831 +0100][Error  ][PostMaster        ] [xrootd.ba.infn.it:1094 #0] Unable to recover: [ERROR] Socket timeout.
[2022-12-20 11:23:01.765847 +0100][Error  ][XRootD            ] [xrootd.ba.infn.it:1094] Impossible to send message kXR_open (file: /store/user/alesauva/flashgg/UL2017_4/10_6_4/WHiggs0PHToGG_M125_TuneCP5_13TeV-JHUGenV7011-pythia8/UL2017_4-10_6_4-v0-RunIISummer19UL17MiniAOD-106X_mc2017_realistic_v6-v2/200720_155719/0000/myMicroAODOutputFile_1.root?tried=stor79.datagrid.cea.fr, mode: 0660, flags: kXR_open_read kXR_async kXR_retstat ). Trying to recover.
Begin processing the 20001st record. Run 1, Event 654308, LumiSection 6544 on stream 0 at 20-Dec-2022 11:23:42.455 CET
Begin processing the 21001st record. Run 1, Event 655309, LumiSection 6554 on stream 0 at 20-Dec-2022 11:26:29.573 CET
[2022-12-20 11:28:03.435608 +0100][Error  ][AsyncSock         ] [xrootd.ba.infn.it:1094 #0.0] Socket error while handshaking: [ERROR] Socket timeout
[2022-12-20 11:28:03.435819 +0100][Error  ][PostMaster        ] [xrootd.ba.infn.it:1094 #0] elapsed = 45, pConnectionWindow = 31 seconds.
[2022-12-20 11:28:48.655296 +0100][Error  ][AsyncSock         ] [xrootd.ba.infn.it:1094 #0.0] Socket error while handshaking: [ERROR] Socket timeout
[2022-12-20 11:28:48.655425 +0100][Error  ][PostMaster        ] [xrootd.ba.infn.it:1094 #0] elapsed = 45, pConnectionWindow = 31 seconds.
[2022-12-20 11:28:48.655454 +0100][Error  ][PostMaster        ] [xrootd.ba.infn.it:1094 #0] Unable to recover: [ERROR] Socket timeout.
[2022-12-20 11:28:48.655468 +0100][Error  ][XRootD            ] [xrootd.ba.infn.it:1094] Impossible to send message kXR_open (file: /store/user/alesauva/flashgg/UL2017_4/10_6_4/WHiggs0PHToGG_M125_TuneCP5_13TeV-JHUGenV7011-pythia8/UL2017_4-10_6_4-v0-RunIISummer19UL17MiniAOD-106X_mc2017_realistic_v6-v2/200720_155719/0000/myMicroAODOutputFile_1.root?tried=stor79.datagrid.cea.fr, mode: 0660, flags: kXR_open_read kXR_async kXR_retstat ). Trying to recover.
Begin processing the 22001st record. Run 1, Event 656305, LumiSection 6564 on stream 0 at 20-Dec-2022 11:29:26.756 CET
Begin processing the 23001st record. Run 1, Event 657302, LumiSection 6574 on stream 0 at 20-Dec-2022 11:32:17.466 CET
[2022-12-20 11:34:05.017349 +0100][Error  ][AsyncSock         ] [xrootd.ba.infn.it:1094 #0.0] Socket error while handshaking: [ERROR] Socket timeout
[2022-12-20 11:34:05.017508 +0100][Error  ][PostMaster        ] [xrootd.ba.infn.it:1094 #0] elapsed = 45, pConnectionWindow = 31 seconds.
[2022-12-20 11:34:50.263835 +0100][Error  ][AsyncSock         ] [xrootd.ba.infn.it:1094 #0.0] Socket error while handshaking: [ERROR] Socket timeout
[2022-12-20 11:34:50.263982 +0100][Error  ][PostMaster        ] [xrootd.ba.infn.it:1094 #0] elapsed = 45, pConnectionWindow = 31 seconds.
[2022-12-20 11:34:50.264002 +0100][Error  ][PostMaster        ] [xrootd.ba.infn.it:1094 #0] Unable to recover: [ERROR] Socket timeout.
[2022-12-20 11:34:50.264024 +0100][Error  ][XRootD            ] [xrootd.ba.infn.it:1094] Impossible to send message kXR_open (file: /store/user/alesauva/flashgg/UL2017_4/10_6_4/WHiggs0PHToGG_M125_TuneCP5_13TeV-JHUGenV7011-pythia8/UL2017_4-10_6_4-v0-RunIISummer19UL17MiniAOD-106X_mc2017_realistic_v6-v2/200720_155719/0000/myMicroAODOutputFile_1.root?tried=+1213xrootd-cms-redir-int.cr.cnaf.infn.it,+1413xrootd-cms-redir-int.cr.cnaf.infn.it,+1413xrootd-redic.pi.infn.it,stor79.datagrid.cea.fr,node12.datagrid.cea.fr,llrxrd-redir.in2p3.fr,xrootd-redic.pi.infn.it,xrootd-redic.pi.infn.it&triedrc=enoent,enoent, mode: 0660, flags: kXR_open_read kXR_async kXR_retstat ). Trying to recover.
Begin processing the 24001st record. Run 1, Event 658303, LumiSection 6584 on stream 0 at 20-Dec-2022 11:35:20.533 CET
20-Dec-2022 11:38:25 CET  Closed file root://cms-xrd-global.cern.ch//store/user/alesauva/flashgg/UL2017_4/10_6_4/WHiggs0PHToGG_M125_TuneCP5_13TeV-JHUGenV7011-pythia8/UL2017_4-10_6_4-v0-RunIISummer19UL17MiniAOD-106X_mc2017_realistic_v6-v2/200720_155719/0000/myMicroAODOutputFile_1.root

TrigReport ---------- Event  Summary ------------
TrigReport Events total = 25000 passed = 24815 failed = 185

TrigReport ---------- Path   Summary ------------
TrigReport  Trig Bit#   Executed     Passed     Failed      Error Name
TrigReport     1    0      25000      24815        185          0 p

TrigReport -------End-Path   Summary ------------
TrigReport  Trig Bit#   Executed     Passed     Failed      Error Name

TrigReport ---------- Modules in Path: p ------------
TrigReport  Trig Bit#    Visited     Passed     Failed      Error Name
TrigReport     1    0      25000      24815        185          0 flashggMetFilters
TrigReport     1    1      24815      24815          0          0 VHFilter
TrigReport     1    2      24815      24815          0          0 flashggDifferentialPhoIdInputsCorrection
TrigReport     1    3      24815      24815          0          0 flashggDiPhotonSystematics
TrigReport     1    4      24815      24815          0          0 flashggMetSystematics
TrigReport     1    5      24815      24815          0          0 flashggMuonSystematics
TrigReport     1    6      24815      24815          0          0 flashggElectronSystematics
TrigReport     1    7      24815      24815          0          0 flashggUnpackedJets
TrigReport     1    8      24815      24815          0          0 flashggJetSystematics0
TrigReport     1    9      24815      24815          0          0 flashggJetSystematics1
TrigReport     1   10      24815      24815          0          0 flashggJetSystematics2
TrigReport     1   11      24815      24815          0          0 flashggJetSystematics3
TrigReport     1   12      24815      24815          0          0 flashggJetSystematics4
TrigReport     1   13      24815      24815          0          0 flashggJetSystematics5
TrigReport     1   14      24815      24815          0          0 flashggJetSystematics6
TrigReport     1   15      24815      24815          0          0 flashggJetSystematics7
TrigReport     1   16      24815      24815          0          0 flashggJetSystematics8
TrigReport     1   17      24815      24815          0          0 flashggJetSystematics9
TrigReport     1   18      24815      24815          0          0 flashggJetSystematics10
TrigReport     1   19      24815      24815          0          0 flashggJetSystematics11
TrigReport     1   20      24815      24815          0          0 flashggPrefireDiPhotons
TrigReport     1   21      24815      24815          0          0 flashggPreselectedDiPhotons
TrigReport     1   22      24815      24815          0          0 flashggDiPhotonMVA
TrigReport     1   23      24815      24815          0          0 flashggVBFMVA
TrigReport     1   24      24815      24815          0          0 flashggVHhadMVA
TrigReport     1   25      24815      24815          0          0 flashggGluGluHMVA
TrigReport     1   26      24815      24815          0          0 flashggStageOneCombinedTag
TrigReport     1   27      24815      24815          0          0 flashggTHQLeptonicTag
TrigReport     1   28      24815      24815          0          0 flashggVHMetTag
TrigReport     1   29      24815      24815          0          0 flashggWHLeptonicTag
TrigReport     1   30      24815      24815          0          0 flashggZHLeptonicTag
TrigReport     1   31      24815      24815          0          0 flashggTTHLeptonicTag
TrigReport     1   32      24815      24815          0          0 flashggTTHHadronicTag
TrigReport     1   33      24815      24815          0          0 flashggTagSorter
TrigReport     1   34      24815      24815          0          0 flashggSystTagMerger
TrigReport     1   35      24815      24815          0          0 tagsDumper

TrigReport ---------- Module Summary ------------
TrigReport    Visited   Executed     Passed     Failed      Error Name
TrigReport      25000      25000      25000          0          0 TriggerResults
TrigReport      24815      24815      24815          0          0 VHFilter
TrigReport      24815      24815      24815          0          0 ak4PFCHSL1FastL2L3Corrector
TrigReport      24815      24815      24815          0          0 ak4PFCHSL1FastjetCorrector
TrigReport      24815      24815      24815          0          0 ak4PFCHSL2RelativeCorrector
TrigReport      24815      24815      24815          0          0 ak4PFCHSL3AbsoluteCorrector
TrigReport      24815      24815      24815          0          0 flashggDiPhotonMVA
TrigReport      24815      24815      24815          0          0 flashggDiPhotonSystematics
TrigReport      24815      24815      24815          0          0 flashggDifferentialPhoIdInputsCorrection
TrigReport      24815      24815      24815          0          0 flashggElectronSystematics
TrigReport      24815      24815      24815          0          0 flashggGluGluHMVA
TrigReport      24815      24815      24815          0          0 flashggJetSystematics0
TrigReport      24815      24815      24815          0          0 flashggJetSystematics1
TrigReport      24815      24815      24815          0          0 flashggJetSystematics10
TrigReport      24815      24815      24815          0          0 flashggJetSystematics11
TrigReport      24815      24815      24815          0          0 flashggJetSystematics2
TrigReport      24815      24815      24815          0          0 flashggJetSystematics3
TrigReport      24815      24815      24815          0          0 flashggJetSystematics4
TrigReport      24815      24815      24815          0          0 flashggJetSystematics5
TrigReport      24815      24815      24815          0          0 flashggJetSystematics6
TrigReport      24815      24815      24815          0          0 flashggJetSystematics7
TrigReport      24815      24815      24815          0          0 flashggJetSystematics8
TrigReport      24815      24815      24815          0          0 flashggJetSystematics9
TrigReport      25000      25000      24815        185          0 flashggMetFilters
TrigReport      24815      24815      24815          0          0 flashggMetSystematics
TrigReport      24815      24815      24815          0          0 flashggMuonSystematics
TrigReport      24815      24815      24815          0          0 flashggPrefireDiPhotons
TrigReport      24815      24815      24815          0          0 flashggPreselectedDiPhotons
TrigReport      24815      24815      24815          0          0 flashggStageOneCombinedTag
TrigReport      24815      24815      24815          0          0 flashggSystTagMerger
TrigReport      24815      24815      24815          0          0 flashggTHQLeptonicTag
TrigReport      24815      24815      24815          0          0 flashggTTHHadronicTag
TrigReport      24815      24815      24815          0          0 flashggTTHLeptonicTag
TrigReport      24815      24815      24815          0          0 flashggTagSorter
TrigReport      24815      24815      24815          0          0 flashggUnpackedJets
TrigReport      24815      24815      24815          0          0 flashggVBFMVA
TrigReport      24815      24815      24815          0          0 flashggVHMetTag
TrigReport      24815      24815      24815          0          0 flashggVHhadMVA
TrigReport      24815      24815      24815          0          0 flashggWHLeptonicTag
TrigReport      24815      24815      24815          0          0 flashggZHLeptonicTag
TrigReport      25000      25000      25000          0          0 p
TrigReport      24815      24815      24815          0          0 tagsDumper

TimeReport ---------- Event  Summary ---[sec]----
TimeReport       event loop CPU/event = 0.181790
TimeReport      event loop Real/event = 0.182456
TimeReport     sum Streams Real/event = 0.175872
TimeReport efficiency CPU/Real/thread = 0.996349

TimeReport ---------- Path   Summary ---[Real sec]----
TimeReport  per event     per exec  Name
TimeReport   0.175173     0.175173  p
TimeReport  per event     per exec  Name

TimeReport -------End-Path   Summary ---[Real sec]----
TimeReport  per event     per exec  Name
TimeReport  per event     per exec  Name

TimeReport ---------- Modules in Path: p ---[Real sec]----
TimeReport  per event    per visit  Name
TimeReport   0.000028     0.000028  flashggMetFilters
TimeReport   0.000011     0.000011  VHFilter
TimeReport   0.073350     0.073897  flashggDifferentialPhoIdInputsCorrection
TimeReport   0.073681     0.074230  flashggDiPhotonSystematics
TimeReport   0.000285     0.000287  flashggMetSystematics
TimeReport   0.000049     0.000049  flashggMuonSystematics
TimeReport   0.000064     0.000064  flashggElectronSystematics
TimeReport   0.000458     0.000462  flashggUnpackedJets
TimeReport   0.007547     0.007604  flashggJetSystematics0
TimeReport   0.001244     0.001253  flashggJetSystematics1
TimeReport   0.001082     0.001090  flashggJetSystematics2
TimeReport   0.001045     0.001053  flashggJetSystematics3
TimeReport   0.001026     0.001034  flashggJetSystematics4
TimeReport   0.001016     0.001024  flashggJetSystematics5
TimeReport   0.001009     0.001017  flashggJetSystematics6
TimeReport   0.001005     0.001013  flashggJetSystematics7
TimeReport   0.001002     0.001010  flashggJetSystematics8
TimeReport   0.000998     0.001005  flashggJetSystematics9
TimeReport   0.000994     0.001002  flashggJetSystematics10
TimeReport   0.000994     0.001002  flashggJetSystematics11
TimeReport   0.000572     0.000576  flashggPrefireDiPhotons
TimeReport   0.000183     0.000184  flashggPreselectedDiPhotons
TimeReport   0.000040     0.000040  flashggDiPhotonMVA
TimeReport   0.000042     0.000043  flashggVBFMVA
TimeReport   0.000026     0.000026  flashggVHhadMVA
TimeReport   0.000071     0.000072  flashggGluGluHMVA
TimeReport   0.000048     0.000048  flashggStageOneCombinedTag
TimeReport   0.000471     0.000474  flashggTHQLeptonicTag
TimeReport   0.000341     0.000343  flashggVHMetTag
TimeReport   0.000054     0.000054  flashggWHLeptonicTag
TimeReport   0.000032     0.000033  flashggZHLeptonicTag
TimeReport   0.000223     0.000225  flashggTTHLeptonicTag
TimeReport   0.001996     0.002011  flashggTTHHadronicTag
TimeReport   0.000134     0.000135  flashggTagSorter
TimeReport   0.000006     0.000006  flashggSystTagMerger
TimeReport   0.000410     0.000413  tagsDumper
TimeReport  per event    per visit  Name

TimeReport ---------- Module Summary ---[Real sec]----
TimeReport  per event     per exec    per visit  Name
TimeReport   0.000004     0.000004     0.000004  TriggerResults
TimeReport   0.000011     0.000011     0.000011  VHFilter
TimeReport   0.000005     0.000005     0.000005  ak4PFCHSL1FastL2L3Corrector
TimeReport   0.000006     0.000006     0.000006  ak4PFCHSL1FastjetCorrector
TimeReport   0.000003     0.000003     0.000003  ak4PFCHSL2RelativeCorrector
TimeReport   0.000012     0.000012     0.000012  ak4PFCHSL3AbsoluteCorrector
TimeReport   0.000040     0.000040     0.000040  flashggDiPhotonMVA
TimeReport   0.073681     0.074230     0.074230  flashggDiPhotonSystematics
TimeReport   0.073350     0.073897     0.073897  flashggDifferentialPhoIdInputsCorrection
TimeReport   0.000064     0.000064     0.000064  flashggElectronSystematics
TimeReport   0.000071     0.000072     0.000072  flashggGluGluHMVA
TimeReport   0.007547     0.007604     0.007604  flashggJetSystematics0
TimeReport   0.001244     0.001253     0.001253  flashggJetSystematics1
TimeReport   0.000994     0.001002     0.001002  flashggJetSystematics10
TimeReport   0.000994     0.001002     0.001002  flashggJetSystematics11
TimeReport   0.001082     0.001090     0.001090  flashggJetSystematics2
TimeReport   0.001045     0.001053     0.001053  flashggJetSystematics3
TimeReport   0.001026     0.001034     0.001034  flashggJetSystematics4
TimeReport   0.001016     0.001024     0.001024  flashggJetSystematics5
TimeReport   0.001009     0.001017     0.001017  flashggJetSystematics6
TimeReport   0.001005     0.001013     0.001013  flashggJetSystematics7
TimeReport   0.001002     0.001010     0.001010  flashggJetSystematics8
TimeReport   0.000998     0.001005     0.001005  flashggJetSystematics9
TimeReport   0.000028     0.000028     0.000028  flashggMetFilters
TimeReport   0.000285     0.000287     0.000287  flashggMetSystematics
TimeReport   0.000049     0.000049     0.000049  flashggMuonSystematics
TimeReport   0.000572     0.000576     0.000576  flashggPrefireDiPhotons
TimeReport   0.000183     0.000184     0.000184  flashggPreselectedDiPhotons
TimeReport   0.000048     0.000048     0.000048  flashggStageOneCombinedTag
TimeReport   0.000006     0.000006     0.000006  flashggSystTagMerger
TimeReport   0.000471     0.000474     0.000474  flashggTHQLeptonicTag
TimeReport   0.001996     0.002011     0.002011  flashggTTHHadronicTag
TimeReport   0.000223     0.000225     0.000225  flashggTTHLeptonicTag
TimeReport   0.000134     0.000135     0.000135  flashggTagSorter
TimeReport   0.000458     0.000462     0.000462  flashggUnpackedJets
TimeReport   0.000042     0.000043     0.000043  flashggVBFMVA
TimeReport   0.000341     0.000343     0.000343  flashggVHMetTag
TimeReport   0.000026     0.000026     0.000026  flashggVHhadMVA
TimeReport   0.000054     0.000054     0.000054  flashggWHLeptonicTag
TimeReport   0.000032     0.000033     0.000033  flashggZHLeptonicTag
TimeReport   0.000004     0.000004     0.000004  p
TimeReport   0.000410     0.000413     0.000413  tagsDumper
TimeReport  per event     per exec    per visit  Name

T---Report end!


=============================================

MessageLogger Summary

 type     category        sev    module        subroutine        count    total
 ---- -------------------- -- ---------------- ----------------  -----    -----
    1 XrdAdaptor           -w file_open                              1        1
    2 fileAction           -s file_close                             1        1
    3 fileAction           -s file_open                              2        2

 type    category    Examples: run/evt        run/evt          run/evt
 ---- -------------------- ---------------- ---------------- ----------------
    1 XrdAdaptor           pre-events                        
    2 fileAction           PostGlobalEndRun                  
    3 fileAction           pre-events       pre-events       

Severity    # Occurrences   Total Occurrences
--------    -------------   -----------------
Warning                 1                   1
System                  3                   3

dropped waiting message count 0
