mkdir: cannot create directory '/afs/cern.ch/user/x/xisu/private/local/Analysis_workspace/VH_AC_tmp1/flashgg_d2/CMSSW_10_6_29/src/flashgg/VHAC_Analysis_Met/UL_17/UL_17_wh125': File exists
/cvmfs/cms.cern.ch/slc7_amd64_gcc700/external/py2-requests/2.21.0-pafccj2/lib/python2.7/site-packages/requests/__init__.py:91: RequestsDependencyWarning: urllib3 (1.25.2) or chardet (3.0.4) doesn't match a supported version!
  RequestsDependencyWarning)
20-Dec-2022 10:05:28 CET  Initiating request to open file root://cms-xrd-global.cern.ch//store/user/alesauva/flashgg/UL2017_4/10_6_4/WHiggs0PHToGG_M125_TuneCP5_13TeV-JHUGenV7011-pythia8/UL2017_4-10_6_4-v0-RunIISummer19UL17MiniAOD-106X_mc2017_realistic_v6-v2/200720_155719/0000/myMicroAODOutputFile_5.root
%MSG-w XrdAdaptor:  file_open 20-Dec-2022 10:05:30 CET pre-events
Data is served from GRIF-IRFU instead of original site CERN-CMSGLOBAL-02
%MSG
20-Dec-2022 10:05:33 CET  Successfully opened file root://cms-xrd-global.cern.ch//store/user/alesauva/flashgg/UL2017_4/10_6_4/WHiggs0PHToGG_M125_TuneCP5_13TeV-JHUGenV7011-pythia8/UL2017_4-10_6_4-v0-RunIISummer19UL17MiniAOD-106X_mc2017_realistic_v6-v2/200720_155719/0000/myMicroAODOutputFile_5.root
[2022-12-20 10:06:25.551374 +0100][Error  ][AsyncSock         ] [xrootd.ba.infn.it:1094 #0.0] Socket error while handshaking: [ERROR] Socket timeout
[2022-12-20 10:06:25.551626 +0100][Error  ][PostMaster        ] [xrootd.ba.infn.it:1094 #0] elapsed = 45, pConnectionWindow = 31 seconds.
[2022-12-20 10:07:10.818330 +0100][Error  ][AsyncSock         ] [xrootd.ba.infn.it:1094 #0.0] Socket error while handshaking: [ERROR] Socket timeout
[2022-12-20 10:07:10.818483 +0100][Error  ][PostMaster        ] [xrootd.ba.infn.it:1094 #0] elapsed = 45, pConnectionWindow = 31 seconds.
[2022-12-20 10:07:10.818515 +0100][Error  ][PostMaster        ] [xrootd.ba.infn.it:1094 #0] Unable to recover: [ERROR] Socket timeout.
[2022-12-20 10:07:10.818535 +0100][Error  ][XRootD            ] [xrootd.ba.infn.it:1094] Impossible to send message kXR_open (file: /store/user/alesauva/flashgg/UL2017_4/10_6_4/WHiggs0PHToGG_M125_TuneCP5_13TeV-JHUGenV7011-pythia8/UL2017_4-10_6_4-v0-RunIISummer19UL17MiniAOD-106X_mc2017_realistic_v6-v2/200720_155719/0000/myMicroAODOutputFile_5.root?tried=+1413llrxrd-redir.in2p3.fr,+1213xrootd-cms-redir-int.cr.cnaf.infn.it,+1413xrootd-cms-redir-int.cr.cnaf.infn.it,stor88.datagrid.cea.fr,node12.datagrid.cea.fr,xrootd-redic.pi.infn.it,xrootd-cms.infn.it,llrxrd-redir.in2p3.fr&triedrc=enoent,enoent, mode: 0660, flags: kXR_open_read kXR_async kXR_retstat ). Trying to recover.
2022-12-20 10:21:57.461765: I tensorflow/core/platform/cpu_feature_guard.cc:140] Your CPU supports instructions that this TensorFlow binary was not compiled to use: SSE4.1 SSE4.2 AVX AVX2 FMA
Begin processing the 1st record. Run 1, Event 6605, LumiSection 67 on stream 0 at 20-Dec-2022 10:22:57.670 CET
[2022-12-20 10:23:40.883383 +0100][Error  ][AsyncSock         ] [xrootd.ba.infn.it:1094 #0.0] Socket error while handshaking: [ERROR] Socket timeout
[2022-12-20 10:23:40.883547 +0100][Error  ][PostMaster        ] [xrootd.ba.infn.it:1094 #0] elapsed = 45, pConnectionWindow = 31 seconds.
[2022-12-20 10:24:25.143349 +0100][Error  ][AsyncSock         ] [xrootd.ba.infn.it:1094 #0.0] Socket error while handshaking: [ERROR] Socket timeout
[2022-12-20 10:24:25.143552 +0100][Error  ][PostMaster        ] [xrootd.ba.infn.it:1094 #0] elapsed = 45, pConnectionWindow = 31 seconds.
[2022-12-20 10:24:25.143566 +0100][Error  ][PostMaster        ] [xrootd.ba.infn.it:1094 #0] Unable to recover: [ERROR] Socket timeout.
[2022-12-20 10:24:25.143583 +0100][Error  ][XRootD            ] [xrootd.ba.infn.it:1094] Impossible to send message kXR_open (file: /store/user/alesauva/flashgg/UL2017_4/10_6_4/WHiggs0PHToGG_M125_TuneCP5_13TeV-JHUGenV7011-pythia8/UL2017_4-10_6_4-v0-RunIISummer19UL17MiniAOD-106X_mc2017_realistic_v6-v2/200720_155719/0000/myMicroAODOutputFile_5.root?tried=stor88.datagrid.cea.fr, mode: 0660, flags: kXR_open_read kXR_async kXR_retstat ). Trying to recover.
Begin processing the 1001st record. Run 1, Event 125903, LumiSection 1260 on stream 0 at 20-Dec-2022 10:27:59.271 CET
[2022-12-20 10:28:45.343393 +0100][Error  ][AsyncSock         ] [xrootd.ba.infn.it:1094 #0.0] Socket error while handshaking: [ERROR] Socket timeout
[2022-12-20 10:28:45.343544 +0100][Error  ][PostMaster        ] [xrootd.ba.infn.it:1094 #0] elapsed = 45, pConnectionWindow = 31 seconds.
[2022-12-20 10:29:30.599344 +0100][Error  ][AsyncSock         ] [xrootd.ba.infn.it:1094 #0.0] Socket error while handshaking: [ERROR] Socket timeout
[2022-12-20 10:29:30.599711 +0100][Error  ][PostMaster        ] [xrootd.ba.infn.it:1094 #0] elapsed = 45, pConnectionWindow = 31 seconds.
[2022-12-20 10:29:30.599723 +0100][Error  ][PostMaster        ] [xrootd.ba.infn.it:1094 #0] Unable to recover: [ERROR] Socket timeout.
[2022-12-20 10:29:30.599753 +0100][Error  ][XRootD            ] [xrootd.ba.infn.it:1094] Impossible to send message kXR_open (file: /store/user/alesauva/flashgg/UL2017_4/10_6_4/WHiggs0PHToGG_M125_TuneCP5_13TeV-JHUGenV7011-pythia8/UL2017_4-10_6_4-v0-RunIISummer19UL17MiniAOD-106X_mc2017_realistic_v6-v2/200720_155719/0000/myMicroAODOutputFile_5.root?tried=stor88.datagrid.cea.fr, mode: 0660, flags: kXR_open_read kXR_async kXR_retstat ). Trying to recover.
Begin processing the 2001st record. Run 1, Event 126911, LumiSection 1270 on stream 0 at 20-Dec-2022 10:30:16.934 CET
Begin processing the 3001st record. Run 1, Event 279409, LumiSection 2795 on stream 0 at 20-Dec-2022 10:32:33.807 CET
[2022-12-20 10:33:21.014386 +0100][Error  ][AsyncSock         ] [xrootd.ba.infn.it:1094 #0.0] Socket error while handshaking: [ERROR] Socket timeout
[2022-12-20 10:33:21.014579 +0100][Error  ][PostMaster        ] [xrootd.ba.infn.it:1094 #0] elapsed = 45, pConnectionWindow = 31 seconds.
[2022-12-20 10:34:06.231788 +0100][Error  ][AsyncSock         ] [xrootd.ba.infn.it:1094 #0.0] Socket error while handshaking: [ERROR] Socket timeout
[2022-12-20 10:34:06.231942 +0100][Error  ][PostMaster        ] [xrootd.ba.infn.it:1094 #0] elapsed = 45, pConnectionWindow = 31 seconds.
[2022-12-20 10:34:06.231953 +0100][Error  ][PostMaster        ] [xrootd.ba.infn.it:1094 #0] Unable to recover: [ERROR] Socket timeout.
[2022-12-20 10:34:06.231965 +0100][Error  ][XRootD            ] [xrootd.ba.infn.it:1094] Impossible to send message kXR_open (file: /store/user/alesauva/flashgg/UL2017_4/10_6_4/WHiggs0PHToGG_M125_TuneCP5_13TeV-JHUGenV7011-pythia8/UL2017_4-10_6_4-v0-RunIISummer19UL17MiniAOD-106X_mc2017_realistic_v6-v2/200720_155719/0000/myMicroAODOutputFile_5.root?tried=stor88.datagrid.cea.fr, mode: 0660, flags: kXR_open_read kXR_async kXR_retstat ). Trying to recover.
Begin processing the 4001st record. Run 1, Event 280402, LumiSection 2805 on stream 0 at 20-Dec-2022 10:34:53.009 CET
Begin processing the 5001st record. Run 1, Event 281412, LumiSection 2815 on stream 0 at 20-Dec-2022 10:37:12.334 CET
[2022-12-20 10:38:01.091359 +0100][Error  ][AsyncSock         ] [xrootd.ba.infn.it:1094 #0.0] Socket error while handshaking: [ERROR] Socket timeout
[2022-12-20 10:38:01.091497 +0100][Error  ][PostMaster        ] [xrootd.ba.infn.it:1094 #0] elapsed = 46, pConnectionWindow = 31 seconds.
[2022-12-20 10:38:46.358405 +0100][Error  ][AsyncSock         ] [xrootd.ba.infn.it:1094 #0.0] Socket error while handshaking: [ERROR] Socket timeout
[2022-12-20 10:38:46.358555 +0100][Error  ][PostMaster        ] [xrootd.ba.infn.it:1094 #0] elapsed = 45, pConnectionWindow = 31 seconds.
[2022-12-20 10:38:46.358569 +0100][Error  ][PostMaster        ] [xrootd.ba.infn.it:1094 #0] Unable to recover: [ERROR] Socket timeout.
[2022-12-20 10:38:46.358578 +0100][Error  ][XRootD            ] [xrootd.ba.infn.it:1094] Impossible to send message kXR_open (file: /store/user/alesauva/flashgg/UL2017_4/10_6_4/WHiggs0PHToGG_M125_TuneCP5_13TeV-JHUGenV7011-pythia8/UL2017_4-10_6_4-v0-RunIISummer19UL17MiniAOD-106X_mc2017_realistic_v6-v2/200720_155719/0000/myMicroAODOutputFile_5.root?tried=stor88.datagrid.cea.fr, mode: 0660, flags: kXR_open_read kXR_async kXR_retstat ). Trying to recover.
Begin processing the 6001st record. Run 1, Event 283003, LumiSection 2831 on stream 0 at 20-Dec-2022 10:39:33.675 CET
Begin processing the 7001st record. Run 1, Event 435310, LumiSection 4354 on stream 0 at 20-Dec-2022 10:41:48.545 CET
[2022-12-20 10:42:39.303301 +0100][Error  ][AsyncSock         ] [xrootd.ba.infn.it:1094 #0.0] Socket error while handshaking: [ERROR] Socket timeout
[2022-12-20 10:42:39.303443 +0100][Error  ][PostMaster        ] [xrootd.ba.infn.it:1094 #0] elapsed = 45, pConnectionWindow = 31 seconds.
[2022-12-20 10:43:24.566296 +0100][Error  ][AsyncSock         ] [xrootd.ba.infn.it:1094 #0.0] Socket error while handshaking: [ERROR] Socket timeout
[2022-12-20 10:43:24.566438 +0100][Error  ][PostMaster        ] [xrootd.ba.infn.it:1094 #0] elapsed = 45, pConnectionWindow = 31 seconds.
[2022-12-20 10:43:24.566450 +0100][Error  ][PostMaster        ] [xrootd.ba.infn.it:1094 #0] Unable to recover: [ERROR] Socket timeout.
[2022-12-20 10:43:24.566459 +0100][Error  ][XRootD            ] [xrootd.ba.infn.it:1094] Impossible to send message kXR_open (file: /store/user/alesauva/flashgg/UL2017_4/10_6_4/WHiggs0PHToGG_M125_TuneCP5_13TeV-JHUGenV7011-pythia8/UL2017_4-10_6_4-v0-RunIISummer19UL17MiniAOD-106X_mc2017_realistic_v6-v2/200720_155719/0000/myMicroAODOutputFile_5.root?tried=stor88.datagrid.cea.fr, mode: 0660, flags: kXR_open_read kXR_async kXR_retstat ). Trying to recover.
Begin processing the 8001st record. Run 1, Event 507910, LumiSection 5080 on stream 0 at 20-Dec-2022 10:44:08.446 CET
Begin processing the 9001st record. Run 1, Event 508905, LumiSection 5090 on stream 0 at 20-Dec-2022 10:46:34.233 CET
[2022-12-20 10:47:26.356422 +0100][Error  ][AsyncSock         ] [xrootd.ba.infn.it:1094 #0.0] Socket error while handshaking: [ERROR] Socket timeout
[2022-12-20 10:47:26.356592 +0100][Error  ][PostMaster        ] [xrootd.ba.infn.it:1094 #0] elapsed = 45, pConnectionWindow = 31 seconds.
[2022-12-20 10:48:11.608001 +0100][Error  ][AsyncSock         ] [xrootd.ba.infn.it:1094 #0.0] Socket error while handshaking: [ERROR] Socket timeout
[2022-12-20 10:48:11.608133 +0100][Error  ][PostMaster        ] [xrootd.ba.infn.it:1094 #0] elapsed = 45, pConnectionWindow = 31 seconds.
[2022-12-20 10:48:11.608143 +0100][Error  ][PostMaster        ] [xrootd.ba.infn.it:1094 #0] Unable to recover: [ERROR] Socket timeout.
[2022-12-20 10:48:11.608154 +0100][Error  ][XRootD            ] [xrootd.ba.infn.it:1094] Impossible to send message kXR_open (file: /store/user/alesauva/flashgg/UL2017_4/10_6_4/WHiggs0PHToGG_M125_TuneCP5_13TeV-JHUGenV7011-pythia8/UL2017_4-10_6_4-v0-RunIISummer19UL17MiniAOD-106X_mc2017_realistic_v6-v2/200720_155719/0000/myMicroAODOutputFile_5.root?tried=stor88.datagrid.cea.fr, mode: 0660, flags: kXR_open_read kXR_async kXR_retstat ). Trying to recover.
Begin processing the 10001st record. Run 1, Event 509914, LumiSection 5100 on stream 0 at 20-Dec-2022 10:48:48.106 CET
Begin processing the 11001st record. Run 1, Event 542105, LumiSection 5422 on stream 0 at 20-Dec-2022 10:51:01.953 CET
Begin processing the 12001st record. Run 1, Event 543102, LumiSection 5432 on stream 0 at 20-Dec-2022 10:53:14.627 CET
Begin processing the 13001st record. Run 1, Event 544104, LumiSection 5442 on stream 0 at 20-Dec-2022 10:55:32.327 CET
[2022-12-20 10:56:27.860356 +0100][Error  ][AsyncSock         ] [xrootd.ba.infn.it:1094 #0.0] Socket error while handshaking: [ERROR] Socket timeout
[2022-12-20 10:56:27.860533 +0100][Error  ][PostMaster        ] [xrootd.ba.infn.it:1094 #0] elapsed = 45, pConnectionWindow = 31 seconds.
[2022-12-20 10:57:12.101355 +0100][Error  ][AsyncSock         ] [xrootd.ba.infn.it:1094 #0.0] Socket error while handshaking: [ERROR] Socket timeout
[2022-12-20 10:57:12.101534 +0100][Error  ][PostMaster        ] [xrootd.ba.infn.it:1094 #0] elapsed = 45, pConnectionWindow = 31 seconds.
[2022-12-20 10:57:12.101546 +0100][Error  ][PostMaster        ] [xrootd.ba.infn.it:1094 #0] Unable to recover: [ERROR] Socket timeout.
[2022-12-20 10:57:12.101557 +0100][Error  ][XRootD            ] [xrootd.ba.infn.it:1094] Impossible to send message kXR_open (file: /store/user/alesauva/flashgg/UL2017_4/10_6_4/WHiggs0PHToGG_M125_TuneCP5_13TeV-JHUGenV7011-pythia8/UL2017_4-10_6_4-v0-RunIISummer19UL17MiniAOD-106X_mc2017_realistic_v6-v2/200720_155719/0000/myMicroAODOutputFile_5.root?tried=stor88.datagrid.cea.fr, mode: 0660, flags: kXR_open_read kXR_async kXR_retstat ). Trying to recover.
Begin processing the 14001st record. Run 1, Event 9806, LumiSection 99 on stream 0 at 20-Dec-2022 10:57:47.222 CET
Begin processing the 15001st record. Run 1, Event 216003, LumiSection 2161 on stream 0 at 20-Dec-2022 11:00:01.005 CET
Begin processing the 16001st record. Run 1, Event 217008, LumiSection 2171 on stream 0 at 20-Dec-2022 11:02:21.181 CET
Begin processing the 17001st record. Run 1, Event 218009, LumiSection 2181 on stream 0 at 20-Dec-2022 11:04:28.161 CET
[2022-12-20 11:05:24.479933 +0100][Error  ][AsyncSock         ] [xrootd.ba.infn.it:1094 #0.0] Socket error while handshaking: [ERROR] Socket timeout
[2022-12-20 11:05:24.480127 +0100][Error  ][PostMaster        ] [xrootd.ba.infn.it:1094 #0] elapsed = 45, pConnectionWindow = 31 seconds.
[2022-12-20 11:06:09.717351 +0100][Error  ][AsyncSock         ] [xrootd.ba.infn.it:1094 #0.0] Socket error while handshaking: [ERROR] Socket timeout
[2022-12-20 11:06:09.717534 +0100][Error  ][PostMaster        ] [xrootd.ba.infn.it:1094 #0] elapsed = 45, pConnectionWindow = 31 seconds.
[2022-12-20 11:06:09.717547 +0100][Error  ][PostMaster        ] [xrootd.ba.infn.it:1094 #0] Unable to recover: [ERROR] Socket timeout.
[2022-12-20 11:06:09.717561 +0100][Error  ][XRootD            ] [xrootd.ba.infn.it:1094] Impossible to send message kXR_open (file: /store/user/alesauva/flashgg/UL2017_4/10_6_4/WHiggs0PHToGG_M125_TuneCP5_13TeV-JHUGenV7011-pythia8/UL2017_4-10_6_4-v0-RunIISummer19UL17MiniAOD-106X_mc2017_realistic_v6-v2/200720_155719/0000/myMicroAODOutputFile_5.root?tried=stor88.datagrid.cea.fr, mode: 0660, flags: kXR_open_read kXR_async kXR_retstat ). Trying to recover.
Begin processing the 18001st record. Run 1, Event 219014, LumiSection 2191 on stream 0 at 20-Dec-2022 11:06:47.698 CET
Begin processing the 19001st record. Run 1, Event 220013, LumiSection 2201 on stream 0 at 20-Dec-2022 11:08:59.969 CET
[2022-12-20 11:10:02.202351 +0100][Error  ][AsyncSock         ] [xrootd.ba.infn.it:1094 #0.0] Socket error while handshaking: [ERROR] Socket timeout
[2022-12-20 11:10:02.202529 +0100][Error  ][PostMaster        ] [xrootd.ba.infn.it:1094 #0] elapsed = 45, pConnectionWindow = 31 seconds.
[2022-12-20 11:10:47.451375 +0100][Error  ][AsyncSock         ] [xrootd.ba.infn.it:1094 #0.0] Socket error while handshaking: [ERROR] Socket timeout
[2022-12-20 11:10:47.451557 +0100][Error  ][PostMaster        ] [xrootd.ba.infn.it:1094 #0] elapsed = 45, pConnectionWindow = 31 seconds.
[2022-12-20 11:10:47.451570 +0100][Error  ][PostMaster        ] [xrootd.ba.infn.it:1094 #0] Unable to recover: [ERROR] Socket timeout.
[2022-12-20 11:10:47.451581 +0100][Error  ][XRootD            ] [xrootd.ba.infn.it:1094] Impossible to send message kXR_open (file: /store/user/alesauva/flashgg/UL2017_4/10_6_4/WHiggs0PHToGG_M125_TuneCP5_13TeV-JHUGenV7011-pythia8/UL2017_4-10_6_4-v0-RunIISummer19UL17MiniAOD-106X_mc2017_realistic_v6-v2/200720_155719/0000/myMicroAODOutputFile_5.root?tried=stor88.datagrid.cea.fr, mode: 0660, flags: kXR_open_read kXR_async kXR_retstat ). Trying to recover.
Begin processing the 20001st record. Run 1, Event 221011, LumiSection 2211 on stream 0 at 20-Dec-2022 11:11:23.680 CET
Begin processing the 21001st record. Run 1, Event 222008, LumiSection 2221 on stream 0 at 20-Dec-2022 11:13:42.404 CET
[2022-12-20 11:14:44.716351 +0100][Error  ][AsyncSock         ] [xrootd.ba.infn.it:1094 #0.0] Socket error while handshaking: [ERROR] Socket timeout
[2022-12-20 11:14:44.716530 +0100][Error  ][PostMaster        ] [xrootd.ba.infn.it:1094 #0] elapsed = 45, pConnectionWindow = 31 seconds.
[2022-12-20 11:15:29.955332 +0100][Error  ][AsyncSock         ] [xrootd.ba.infn.it:1094 #0.0] Socket error while handshaking: [ERROR] Socket timeout
[2022-12-20 11:15:29.955527 +0100][Error  ][PostMaster        ] [xrootd.ba.infn.it:1094 #0] elapsed = 45, pConnectionWindow = 31 seconds.
[2022-12-20 11:15:29.955543 +0100][Error  ][PostMaster        ] [xrootd.ba.infn.it:1094 #0] Unable to recover: [ERROR] Socket timeout.
[2022-12-20 11:15:29.955554 +0100][Error  ][XRootD            ] [xrootd.ba.infn.it:1094] Impossible to send message kXR_open (file: /store/user/alesauva/flashgg/UL2017_4/10_6_4/WHiggs0PHToGG_M125_TuneCP5_13TeV-JHUGenV7011-pythia8/UL2017_4-10_6_4-v0-RunIISummer19UL17MiniAOD-106X_mc2017_realistic_v6-v2/200720_155719/0000/myMicroAODOutputFile_5.root?tried=stor88.datagrid.cea.fr, mode: 0660, flags: kXR_open_read kXR_async kXR_retstat ). Trying to recover.
Begin processing the 22001st record. Run 1, Event 223005, LumiSection 2231 on stream 0 at 20-Dec-2022 11:15:56.371 CET
Begin processing the 23001st record. Run 1, Event 416808, LumiSection 4169 on stream 0 at 20-Dec-2022 11:18:10.810 CET
[2022-12-20 11:19:16.929508 +0100][Error  ][AsyncSock         ] [xrootd.ba.infn.it:1094 #0.0] Socket error while handshaking: [ERROR] Socket timeout
[2022-12-20 11:19:16.929710 +0100][Error  ][PostMaster        ] [xrootd.ba.infn.it:1094 #0] elapsed = 45, pConnectionWindow = 31 seconds.
[2022-12-20 11:20:02.164302 +0100][Error  ][AsyncSock         ] [xrootd.ba.infn.it:1094 #0.0] Socket error while handshaking: [ERROR] Socket timeout
[2022-12-20 11:20:02.164449 +0100][Error  ][PostMaster        ] [xrootd.ba.infn.it:1094 #0] elapsed = 46, pConnectionWindow = 31 seconds.
[2022-12-20 11:20:02.164459 +0100][Error  ][PostMaster        ] [xrootd.ba.infn.it:1094 #0] Unable to recover: [ERROR] Socket timeout.
[2022-12-20 11:20:02.164469 +0100][Error  ][XRootD            ] [xrootd.ba.infn.it:1094] Impossible to send message kXR_open (file: /store/user/alesauva/flashgg/UL2017_4/10_6_4/WHiggs0PHToGG_M125_TuneCP5_13TeV-JHUGenV7011-pythia8/UL2017_4-10_6_4-v0-RunIISummer19UL17MiniAOD-106X_mc2017_realistic_v6-v2/200720_155719/0000/myMicroAODOutputFile_5.root?tried=stor88.datagrid.cea.fr, mode: 0660, flags: kXR_open_read kXR_async kXR_retstat ). Trying to recover.
Begin processing the 24001st record. Run 1, Event 417811, LumiSection 4179 on stream 0 at 20-Dec-2022 11:20:27.969 CET
20-Dec-2022 11:22:50 CET  Closed file root://cms-xrd-global.cern.ch//store/user/alesauva/flashgg/UL2017_4/10_6_4/WHiggs0PHToGG_M125_TuneCP5_13TeV-JHUGenV7011-pythia8/UL2017_4-10_6_4-v0-RunIISummer19UL17MiniAOD-106X_mc2017_realistic_v6-v2/200720_155719/0000/myMicroAODOutputFile_5.root

TrigReport ---------- Event  Summary ------------
TrigReport Events total = 25000 passed = 24835 failed = 165

TrigReport ---------- Path   Summary ------------
TrigReport  Trig Bit#   Executed     Passed     Failed      Error Name
TrigReport     1    0      25000      24835        165          0 p

TrigReport -------End-Path   Summary ------------
TrigReport  Trig Bit#   Executed     Passed     Failed      Error Name

TrigReport ---------- Modules in Path: p ------------
TrigReport  Trig Bit#    Visited     Passed     Failed      Error Name
TrigReport     1    0      25000      24835        165          0 flashggMetFilters
TrigReport     1    1      24835      24835          0          0 VHFilter
TrigReport     1    2      24835      24835          0          0 flashggDifferentialPhoIdInputsCorrection
TrigReport     1    3      24835      24835          0          0 flashggDiPhotonSystematics
TrigReport     1    4      24835      24835          0          0 flashggMetSystematics
TrigReport     1    5      24835      24835          0          0 flashggMuonSystematics
TrigReport     1    6      24835      24835          0          0 flashggElectronSystematics
TrigReport     1    7      24835      24835          0          0 flashggUnpackedJets
TrigReport     1    8      24835      24835          0          0 flashggJetSystematics0
TrigReport     1    9      24835      24835          0          0 flashggJetSystematics1
TrigReport     1   10      24835      24835          0          0 flashggJetSystematics2
TrigReport     1   11      24835      24835          0          0 flashggJetSystematics3
TrigReport     1   12      24835      24835          0          0 flashggJetSystematics4
TrigReport     1   13      24835      24835          0          0 flashggJetSystematics5
TrigReport     1   14      24835      24835          0          0 flashggJetSystematics6
TrigReport     1   15      24835      24835          0          0 flashggJetSystematics7
TrigReport     1   16      24835      24835          0          0 flashggJetSystematics8
TrigReport     1   17      24835      24835          0          0 flashggJetSystematics9
TrigReport     1   18      24835      24835          0          0 flashggJetSystematics10
TrigReport     1   19      24835      24835          0          0 flashggJetSystematics11
TrigReport     1   20      24835      24835          0          0 flashggPrefireDiPhotons
TrigReport     1   21      24835      24835          0          0 flashggPreselectedDiPhotons
TrigReport     1   22      24835      24835          0          0 flashggDiPhotonMVA
TrigReport     1   23      24835      24835          0          0 flashggVBFMVA
TrigReport     1   24      24835      24835          0          0 flashggVHhadMVA
TrigReport     1   25      24835      24835          0          0 flashggGluGluHMVA
TrigReport     1   26      24835      24835          0          0 flashggStageOneCombinedTag
TrigReport     1   27      24835      24835          0          0 flashggTHQLeptonicTag
TrigReport     1   28      24835      24835          0          0 flashggVHMetTag
TrigReport     1   29      24835      24835          0          0 flashggWHLeptonicTag
TrigReport     1   30      24835      24835          0          0 flashggZHLeptonicTag
TrigReport     1   31      24835      24835          0          0 flashggTTHLeptonicTag
TrigReport     1   32      24835      24835          0          0 flashggTTHHadronicTag
TrigReport     1   33      24835      24835          0          0 flashggTagSorter
TrigReport     1   34      24835      24835          0          0 flashggSystTagMerger
TrigReport     1   35      24835      24835          0          0 tagsDumper

TrigReport ---------- Module Summary ------------
TrigReport    Visited   Executed     Passed     Failed      Error Name
TrigReport      25000      25000      25000          0          0 TriggerResults
TrigReport      24835      24835      24835          0          0 VHFilter
TrigReport      24835      24835      24835          0          0 ak4PFCHSL1FastL2L3Corrector
TrigReport      24835      24835      24835          0          0 ak4PFCHSL1FastjetCorrector
TrigReport      24835      24835      24835          0          0 ak4PFCHSL2RelativeCorrector
TrigReport      24835      24835      24835          0          0 ak4PFCHSL3AbsoluteCorrector
TrigReport      24835      24835      24835          0          0 flashggDiPhotonMVA
TrigReport      24835      24835      24835          0          0 flashggDiPhotonSystematics
TrigReport      24835      24835      24835          0          0 flashggDifferentialPhoIdInputsCorrection
TrigReport      24835      24835      24835          0          0 flashggElectronSystematics
TrigReport      24835      24835      24835          0          0 flashggGluGluHMVA
TrigReport      24835      24835      24835          0          0 flashggJetSystematics0
TrigReport      24835      24835      24835          0          0 flashggJetSystematics1
TrigReport      24835      24835      24835          0          0 flashggJetSystematics10
TrigReport      24835      24835      24835          0          0 flashggJetSystematics11
TrigReport      24835      24835      24835          0          0 flashggJetSystematics2
TrigReport      24835      24835      24835          0          0 flashggJetSystematics3
TrigReport      24835      24835      24835          0          0 flashggJetSystematics4
TrigReport      24835      24835      24835          0          0 flashggJetSystematics5
TrigReport      24835      24835      24835          0          0 flashggJetSystematics6
TrigReport      24835      24835      24835          0          0 flashggJetSystematics7
TrigReport      24835      24835      24835          0          0 flashggJetSystematics8
TrigReport      24835      24835      24835          0          0 flashggJetSystematics9
TrigReport      25000      25000      24835        165          0 flashggMetFilters
TrigReport      24835      24835      24835          0          0 flashggMetSystematics
TrigReport      24835      24835      24835          0          0 flashggMuonSystematics
TrigReport      24835      24835      24835          0          0 flashggPrefireDiPhotons
TrigReport      24835      24835      24835          0          0 flashggPreselectedDiPhotons
TrigReport      24835      24835      24835          0          0 flashggStageOneCombinedTag
TrigReport      24835      24835      24835          0          0 flashggSystTagMerger
TrigReport      24835      24835      24835          0          0 flashggTHQLeptonicTag
TrigReport      24835      24835      24835          0          0 flashggTTHHadronicTag
TrigReport      24835      24835      24835          0          0 flashggTTHLeptonicTag
TrigReport      24835      24835      24835          0          0 flashggTagSorter
TrigReport      24835      24835      24835          0          0 flashggUnpackedJets
TrigReport      24835      24835      24835          0          0 flashggVBFMVA
TrigReport      24835      24835      24835          0          0 flashggVHMetTag
TrigReport      24835      24835      24835          0          0 flashggVHhadMVA
TrigReport      24835      24835      24835          0          0 flashggWHLeptonicTag
TrigReport      24835      24835      24835          0          0 flashggZHLeptonicTag
TrigReport      25000      25000      25000          0          0 p
TrigReport      24835      24835      24835          0          0 tagsDumper

TimeReport ---------- Event  Summary ---[sec]----
TimeReport       event loop CPU/event = 0.143081
TimeReport      event loop Real/event = 0.143775
TimeReport     sum Streams Real/event = 0.139463
TimeReport efficiency CPU/Real/thread = 0.995175

TimeReport ---------- Path   Summary ---[Real sec]----
TimeReport  per event     per exec  Name
TimeReport   0.138925     0.138925  p
TimeReport  per event     per exec  Name

TimeReport -------End-Path   Summary ---[Real sec]----
TimeReport  per event     per exec  Name
TimeReport  per event     per exec  Name

TimeReport ---------- Modules in Path: p ---[Real sec]----
TimeReport  per event    per visit  Name
TimeReport   0.000018     0.000018  flashggMetFilters
TimeReport   0.000007     0.000007  VHFilter
TimeReport   0.074239     0.074732  flashggDifferentialPhoIdInputsCorrection
TimeReport   0.046998     0.047311  flashggDiPhotonSystematics
TimeReport   0.000194     0.000195  flashggMetSystematics
TimeReport   0.000029     0.000030  flashggMuonSystematics
TimeReport   0.000042     0.000043  flashggElectronSystematics
TimeReport   0.000244     0.000246  flashggUnpackedJets
TimeReport   0.004471     0.004501  flashggJetSystematics0
TimeReport   0.000705     0.000710  flashggJetSystematics1
TimeReport   0.000621     0.000626  flashggJetSystematics2
TimeReport   0.000594     0.000598  flashggJetSystematics3
TimeReport   0.000585     0.000589  flashggJetSystematics4
TimeReport   0.000579     0.000583  flashggJetSystematics5
TimeReport   0.000575     0.000579  flashggJetSystematics6
TimeReport   0.000573     0.000577  flashggJetSystematics7
TimeReport   0.000571     0.000575  flashggJetSystematics8
TimeReport   0.000570     0.000574  flashggJetSystematics9
TimeReport   0.000570     0.000574  flashggJetSystematics10
TimeReport   0.000567     0.000571  flashggJetSystematics11
TimeReport   0.000324     0.000326  flashggPrefireDiPhotons
TimeReport   0.000128     0.000128  flashggPreselectedDiPhotons
TimeReport   0.000033     0.000033  flashggDiPhotonMVA
TimeReport   0.000031     0.000031  flashggVBFMVA
TimeReport   0.000018     0.000018  flashggVHhadMVA
TimeReport   0.000055     0.000055  flashggGluGluHMVA
TimeReport   0.000033     0.000033  flashggStageOneCombinedTag
TimeReport   0.000663     0.000668  flashggTHQLeptonicTag
TimeReport   0.000322     0.000324  flashggVHMetTag
TimeReport   0.000037     0.000037  flashggWHLeptonicTag
TimeReport   0.000019     0.000019  flashggZHLeptonicTag
TimeReport   0.000126     0.000127  flashggTTHLeptonicTag
TimeReport   0.001282     0.001290  flashggTTHHadronicTag
TimeReport   0.000093     0.000093  flashggTagSorter
TimeReport   0.000004     0.000004  flashggSystTagMerger
TimeReport   0.000337     0.000339  tagsDumper
TimeReport  per event    per visit  Name

TimeReport ---------- Module Summary ---[Real sec]----
TimeReport  per event     per exec    per visit  Name
TimeReport   0.000003     0.000003     0.000003  TriggerResults
TimeReport   0.000007     0.000007     0.000007  VHFilter
TimeReport   0.000004     0.000004     0.000004  ak4PFCHSL1FastL2L3Corrector
TimeReport   0.000004     0.000004     0.000004  ak4PFCHSL1FastjetCorrector
TimeReport   0.000002     0.000002     0.000002  ak4PFCHSL2RelativeCorrector
TimeReport   0.000012     0.000013     0.000013  ak4PFCHSL3AbsoluteCorrector
TimeReport   0.000033     0.000033     0.000033  flashggDiPhotonMVA
TimeReport   0.046998     0.047311     0.047311  flashggDiPhotonSystematics
TimeReport   0.074239     0.074732     0.074732  flashggDifferentialPhoIdInputsCorrection
TimeReport   0.000042     0.000043     0.000043  flashggElectronSystematics
TimeReport   0.000055     0.000055     0.000055  flashggGluGluHMVA
TimeReport   0.004471     0.004501     0.004501  flashggJetSystematics0
TimeReport   0.000705     0.000710     0.000710  flashggJetSystematics1
TimeReport   0.000570     0.000574     0.000574  flashggJetSystematics10
TimeReport   0.000567     0.000571     0.000571  flashggJetSystematics11
TimeReport   0.000621     0.000626     0.000626  flashggJetSystematics2
TimeReport   0.000594     0.000598     0.000598  flashggJetSystematics3
TimeReport   0.000585     0.000589     0.000589  flashggJetSystematics4
TimeReport   0.000579     0.000583     0.000583  flashggJetSystematics5
TimeReport   0.000575     0.000579     0.000579  flashggJetSystematics6
TimeReport   0.000573     0.000577     0.000577  flashggJetSystematics7
TimeReport   0.000571     0.000575     0.000575  flashggJetSystematics8
TimeReport   0.000570     0.000574     0.000574  flashggJetSystematics9
TimeReport   0.000018     0.000018     0.000018  flashggMetFilters
TimeReport   0.000194     0.000195     0.000195  flashggMetSystematics
TimeReport   0.000029     0.000030     0.000030  flashggMuonSystematics
TimeReport   0.000324     0.000326     0.000326  flashggPrefireDiPhotons
TimeReport   0.000128     0.000128     0.000128  flashggPreselectedDiPhotons
TimeReport   0.000033     0.000033     0.000033  flashggStageOneCombinedTag
TimeReport   0.000004     0.000004     0.000004  flashggSystTagMerger
TimeReport   0.000663     0.000668     0.000668  flashggTHQLeptonicTag
TimeReport   0.001282     0.001290     0.001290  flashggTTHHadronicTag
TimeReport   0.000126     0.000127     0.000127  flashggTTHLeptonicTag
TimeReport   0.000093     0.000093     0.000093  flashggTagSorter
TimeReport   0.000244     0.000246     0.000246  flashggUnpackedJets
TimeReport   0.000031     0.000031     0.000031  flashggVBFMVA
TimeReport   0.000322     0.000324     0.000324  flashggVHMetTag
TimeReport   0.000018     0.000018     0.000018  flashggVHhadMVA
TimeReport   0.000037     0.000037     0.000037  flashggWHLeptonicTag
TimeReport   0.000019     0.000019     0.000019  flashggZHLeptonicTag
TimeReport   0.000003     0.000003     0.000003  p
TimeReport   0.000337     0.000339     0.000339  tagsDumper
TimeReport  per event     per exec    per visit  Name

T---Report end!


=============================================

MessageLogger Summary

 type     category        sev    module        subroutine        count    total
 ---- -------------------- -- ---------------- ----------------  -----    -----
    1 XrdAdaptor           -w file_open                              1        1
    2 fileAction           -s file_close                             1        1
    3 fileAction           -s file_open                              2        2

 type    category    Examples: run/evt        run/evt          run/evt
 ---- -------------------- ---------------- ---------------- ----------------
    1 XrdAdaptor           pre-events                        
    2 fileAction           PostGlobalEndRun                  
    3 fileAction           pre-events       pre-events       

Severity    # Occurrences   Total Occurrences
--------    -------------   -----------------
Warning                 1                   1
System                  3                   3

dropped waiting message count 0
