mkdir: cannot create directory '/afs/cern.ch/user/x/xisu/private/local/Analysis_workspace/VH_AC_tmp1/flashgg_d2/CMSSW_10_6_29/src/flashgg/VHAC_Analysis_Met/UL_17/UL_17_wh125': File exists
/cvmfs/cms.cern.ch/slc7_amd64_gcc700/external/py2-requests/2.21.0-pafccj2/lib/python2.7/site-packages/requests/__init__.py:91: RequestsDependencyWarning: urllib3 (1.25.2) or chardet (3.0.4) doesn't match a supported version!
  RequestsDependencyWarning)
20-Dec-2022 10:05:27 CET  Initiating request to open file root://cms-xrd-global.cern.ch//store/user/alesauva/flashgg/UL2017_4/10_6_4/WHiggs0L1ToGG_M125_TuneCP5_13TeV-JHUGenV7011-pythia8/UL2017_4-10_6_4-v0-RunIISummer19UL17MiniAOD-106X_mc2017_realistic_v6-v2/200720_155007/0000/myMicroAODOutputFile_5.root
%MSG-w XrdAdaptor:  file_open 20-Dec-2022 10:05:30 CET pre-events
Data is served from GRIF-IRFU instead of original site CERN-CMSGLOBAL-02
%MSG
20-Dec-2022 10:05:31 CET  Successfully opened file root://cms-xrd-global.cern.ch//store/user/alesauva/flashgg/UL2017_4/10_6_4/WHiggs0L1ToGG_M125_TuneCP5_13TeV-JHUGenV7011-pythia8/UL2017_4-10_6_4-v0-RunIISummer19UL17MiniAOD-106X_mc2017_realistic_v6-v2/200720_155007/0000/myMicroAODOutputFile_5.root
2022-12-20 10:18:11.396177: I tensorflow/core/platform/cpu_feature_guard.cc:140] Your CPU supports instructions that this TensorFlow binary was not compiled to use: SSE4.1 SSE4.2 AVX AVX2 FMA
Begin processing the 1st record. Run 1, Event 61406, LumiSection 615 on stream 0 at 20-Dec-2022 10:18:59.785 CET
[2022-12-20 10:19:44.009000 +0100][Error  ][AsyncSock         ] [xrootd.ba.infn.it:1094 #0.0] Socket error while handshaking: [ERROR] Socket timeout
[2022-12-20 10:19:44.009218 +0100][Error  ][PostMaster        ] [xrootd.ba.infn.it:1094 #0] elapsed = 46, pConnectionWindow = 31 seconds.
[2022-12-20 10:20:29.253863 +0100][Error  ][AsyncSock         ] [xrootd.ba.infn.it:1094 #0.0] Socket error while handshaking: [ERROR] Socket timeout
[2022-12-20 10:20:29.254019 +0100][Error  ][PostMaster        ] [xrootd.ba.infn.it:1094 #0] elapsed = 45, pConnectionWindow = 31 seconds.
[2022-12-20 10:20:29.254055 +0100][Error  ][PostMaster        ] [xrootd.ba.infn.it:1094 #0] Unable to recover: [ERROR] Socket timeout.
[2022-12-20 10:20:29.254081 +0100][Error  ][XRootD            ] [xrootd.ba.infn.it:1094] Impossible to send message kXR_open (file: /store/user/alesauva/flashgg/UL2017_4/10_6_4/WHiggs0L1ToGG_M125_TuneCP5_13TeV-JHUGenV7011-pythia8/UL2017_4-10_6_4-v0-RunIISummer19UL17MiniAOD-106X_mc2017_realistic_v6-v2/200720_155007/0000/myMicroAODOutputFile_5.root?tried=stor95.datagrid.cea.fr, mode: 0660, flags: kXR_open_read kXR_async kXR_retstat ). Trying to recover.
Begin processing the 1001st record. Run 1, Event 62403, LumiSection 625 on stream 0 at 20-Dec-2022 10:23:47.905 CET
[2022-12-20 10:25:32.067879 +0100][Error  ][AsyncSock         ] [xrootd.ba.infn.it:1094 #0.0] Socket error while handshaking: [ERROR] Socket timeout
[2022-12-20 10:25:32.068036 +0100][Error  ][PostMaster        ] [xrootd.ba.infn.it:1094 #0] elapsed = 45, pConnectionWindow = 31 seconds.
Begin processing the 2001st record. Run 1, Event 63401, LumiSection 635 on stream 0 at 20-Dec-2022 10:25:57.889 CET
[2022-12-20 10:26:17.299845 +0100][Error  ][AsyncSock         ] [xrootd.ba.infn.it:1094 #0.0] Socket error while handshaking: [ERROR] Socket timeout
[2022-12-20 10:26:17.299979 +0100][Error  ][PostMaster        ] [xrootd.ba.infn.it:1094 #0] elapsed = 45, pConnectionWindow = 31 seconds.
[2022-12-20 10:26:17.299992 +0100][Error  ][PostMaster        ] [xrootd.ba.infn.it:1094 #0] Unable to recover: [ERROR] Socket timeout.
[2022-12-20 10:26:17.300001 +0100][Error  ][XRootD            ] [xrootd.ba.infn.it:1094] Impossible to send message kXR_open (file: /store/user/alesauva/flashgg/UL2017_4/10_6_4/WHiggs0L1ToGG_M125_TuneCP5_13TeV-JHUGenV7011-pythia8/UL2017_4-10_6_4-v0-RunIISummer19UL17MiniAOD-106X_mc2017_realistic_v6-v2/200720_155007/0000/myMicroAODOutputFile_5.root?tried=stor95.datagrid.cea.fr, mode: 0660, flags: kXR_open_read kXR_async kXR_retstat ). Trying to recover.
Begin processing the 3001st record. Run 1, Event 125802, LumiSection 1259 on stream 0 at 20-Dec-2022 10:28:02.049 CET
Begin processing the 4001st record. Run 1, Event 168508, LumiSection 1686 on stream 0 at 20-Dec-2022 10:30:18.782 CET
[2022-12-20 10:30:28.909414 +0100][Error  ][AsyncSock         ] [xrootd.ba.infn.it:1094 #0.0] Socket error while handshaking: [ERROR] Socket timeout
[2022-12-20 10:30:28.909550 +0100][Error  ][PostMaster        ] [xrootd.ba.infn.it:1094 #0] elapsed = 45, pConnectionWindow = 31 seconds.
[2022-12-20 10:31:13.154856 +0100][Error  ][AsyncSock         ] [xrootd.ba.infn.it:1094 #0.0] Socket error while handshaking: [ERROR] Socket timeout
[2022-12-20 10:31:13.155015 +0100][Error  ][PostMaster        ] [xrootd.ba.infn.it:1094 #0] elapsed = 45, pConnectionWindow = 31 seconds.
[2022-12-20 10:31:13.155028 +0100][Error  ][PostMaster        ] [xrootd.ba.infn.it:1094 #0] Unable to recover: [ERROR] Socket timeout.
[2022-12-20 10:31:13.155037 +0100][Error  ][XRootD            ] [xrootd.ba.infn.it:1094] Impossible to send message kXR_open (file: /store/user/alesauva/flashgg/UL2017_4/10_6_4/WHiggs0L1ToGG_M125_TuneCP5_13TeV-JHUGenV7011-pythia8/UL2017_4-10_6_4-v0-RunIISummer19UL17MiniAOD-106X_mc2017_realistic_v6-v2/200720_155007/0000/myMicroAODOutputFile_5.root?tried=stor95.datagrid.cea.fr, mode: 0660, flags: kXR_open_read kXR_async kXR_retstat ). Trying to recover.
Begin processing the 5001st record. Run 1, Event 169502, LumiSection 1696 on stream 0 at 20-Dec-2022 10:32:36.328 CET
Begin processing the 6001st record. Run 1, Event 517809, LumiSection 5179 on stream 0 at 20-Dec-2022 10:34:43.961 CET
Begin processing the 7001st record. Run 1, Event 256806, LumiSection 2569 on stream 0 at 20-Dec-2022 10:37:03.478 CET
[2022-12-20 10:39:04.560072 +0100][Error  ][AsyncSock         ] [xrootd.ba.infn.it:1094 #0.0] Socket error while handshaking: [ERROR] Socket timeout
[2022-12-20 10:39:04.560200 +0100][Error  ][PostMaster        ] [xrootd.ba.infn.it:1094 #0] elapsed = 45, pConnectionWindow = 31 seconds.
Begin processing the 8001st record. Run 1, Event 257802, LumiSection 2579 on stream 0 at 20-Dec-2022 10:39:32.378 CET
[2022-12-20 10:39:49.808867 +0100][Error  ][AsyncSock         ] [xrootd.ba.infn.it:1094 #0.0] Socket error while handshaking: [ERROR] Socket timeout
[2022-12-20 10:39:49.808974 +0100][Error  ][PostMaster        ] [xrootd.ba.infn.it:1094 #0] elapsed = 45, pConnectionWindow = 31 seconds.
[2022-12-20 10:39:49.808988 +0100][Error  ][PostMaster        ] [xrootd.ba.infn.it:1094 #0] Unable to recover: [ERROR] Socket timeout.
[2022-12-20 10:39:49.808998 +0100][Error  ][XRootD            ] [xrootd.ba.infn.it:1094] Impossible to send message kXR_open (file: /store/user/alesauva/flashgg/UL2017_4/10_6_4/WHiggs0L1ToGG_M125_TuneCP5_13TeV-JHUGenV7011-pythia8/UL2017_4-10_6_4-v0-RunIISummer19UL17MiniAOD-106X_mc2017_realistic_v6-v2/200720_155007/0000/myMicroAODOutputFile_5.root?tried=stor95.datagrid.cea.fr, mode: 0660, flags: kXR_open_read kXR_async kXR_retstat ). Trying to recover.
Begin processing the 9001st record. Run 1, Event 281804, LumiSection 2819 on stream 0 at 20-Dec-2022 10:42:09.613 CET
[2022-12-20 10:43:49.205873 +0100][Error  ][AsyncSock         ] [xrootd.ba.infn.it:1094 #0.0] Socket error while handshaking: [ERROR] Socket timeout
[2022-12-20 10:43:49.205992 +0100][Error  ][PostMaster        ] [xrootd.ba.infn.it:1094 #0] elapsed = 45, pConnectionWindow = 31 seconds.
Begin processing the 10001st record. Run 1, Event 282809, LumiSection 2829 on stream 0 at 20-Dec-2022 10:44:34.140 CET
[2022-12-20 10:44:34.455862 +0100][Error  ][AsyncSock         ] [xrootd.ba.infn.it:1094 #0.0] Socket error while handshaking: [ERROR] Socket timeout
[2022-12-20 10:44:34.455999 +0100][Error  ][PostMaster        ] [xrootd.ba.infn.it:1094 #0] elapsed = 45, pConnectionWindow = 31 seconds.
[2022-12-20 10:44:34.456011 +0100][Error  ][PostMaster        ] [xrootd.ba.infn.it:1094 #0] Unable to recover: [ERROR] Socket timeout.
[2022-12-20 10:44:34.456020 +0100][Error  ][XRootD            ] [xrootd.ba.infn.it:1094] Impossible to send message kXR_open (file: /store/user/alesauva/flashgg/UL2017_4/10_6_4/WHiggs0L1ToGG_M125_TuneCP5_13TeV-JHUGenV7011-pythia8/UL2017_4-10_6_4-v0-RunIISummer19UL17MiniAOD-106X_mc2017_realistic_v6-v2/200720_155007/0000/myMicroAODOutputFile_5.root?tried=stor95.datagrid.cea.fr, mode: 0660, flags: kXR_open_read kXR_async kXR_retstat ). Trying to recover.
Begin processing the 11001st record. Run 1, Event 283802, LumiSection 2839 on stream 0 at 20-Dec-2022 10:47:03.385 CET
[2022-12-20 10:48:21.791865 +0100][Error  ][AsyncSock         ] [xrootd.ba.infn.it:1094 #0.0] Socket error while handshaking: [ERROR] Socket timeout
[2022-12-20 10:48:21.791987 +0100][Error  ][PostMaster        ] [xrootd.ba.infn.it:1094 #0] elapsed = 45, pConnectionWindow = 31 seconds.
[2022-12-20 10:49:07.006849 +0100][Error  ][AsyncSock         ] [xrootd.ba.infn.it:1094 #0.0] Socket error while handshaking: [ERROR] Socket timeout
[2022-12-20 10:49:07.006975 +0100][Error  ][PostMaster        ] [xrootd.ba.infn.it:1094 #0] elapsed = 46, pConnectionWindow = 31 seconds.
[2022-12-20 10:49:07.006986 +0100][Error  ][PostMaster        ] [xrootd.ba.infn.it:1094 #0] Unable to recover: [ERROR] Socket timeout.
[2022-12-20 10:49:07.006996 +0100][Error  ][XRootD            ] [xrootd.ba.infn.it:1094] Impossible to send message kXR_open (file: /store/user/alesauva/flashgg/UL2017_4/10_6_4/WHiggs0L1ToGG_M125_TuneCP5_13TeV-JHUGenV7011-pythia8/UL2017_4-10_6_4-v0-RunIISummer19UL17MiniAOD-106X_mc2017_realistic_v6-v2/200720_155007/0000/myMicroAODOutputFile_5.root?tried=stor95.datagrid.cea.fr, mode: 0660, flags: kXR_open_read kXR_async kXR_retstat ). Trying to recover.
Begin processing the 12001st record. Run 1, Event 284808, LumiSection 2849 on stream 0 at 20-Dec-2022 10:49:31.417 CET
Begin processing the 13001st record. Run 1, Event 285801, LumiSection 2859 on stream 0 at 20-Dec-2022 10:52:07.605 CET
[2022-12-20 10:53:08.218038 +0100][Error  ][AsyncSock         ] [xrootd.ba.infn.it:1094 #0.0] Socket error while handshaking: [ERROR] Socket timeout
[2022-12-20 10:53:08.218589 +0100][Error  ][PostMaster        ] [xrootd.ba.infn.it:1094 #0] elapsed = 45, pConnectionWindow = 31 seconds.
[2022-12-20 10:53:53.455858 +0100][Error  ][AsyncSock         ] [xrootd.ba.infn.it:1094 #0.0] Socket error while handshaking: [ERROR] Socket timeout
[2022-12-20 10:53:53.455988 +0100][Error  ][PostMaster        ] [xrootd.ba.infn.it:1094 #0] elapsed = 45, pConnectionWindow = 31 seconds.
[2022-12-20 10:53:53.455997 +0100][Error  ][PostMaster        ] [xrootd.ba.infn.it:1094 #0] Unable to recover: [ERROR] Socket timeout.
[2022-12-20 10:53:53.456006 +0100][Error  ][XRootD            ] [xrootd.ba.infn.it:1094] Impossible to send message kXR_open (file: /store/user/alesauva/flashgg/UL2017_4/10_6_4/WHiggs0L1ToGG_M125_TuneCP5_13TeV-JHUGenV7011-pythia8/UL2017_4-10_6_4-v0-RunIISummer19UL17MiniAOD-106X_mc2017_realistic_v6-v2/200720_155007/0000/myMicroAODOutputFile_5.root?tried=stor95.datagrid.cea.fr, mode: 0660, flags: kXR_open_read kXR_async kXR_retstat ). Trying to recover.
Begin processing the 14001st record. Run 1, Event 286809, LumiSection 2869 on stream 0 at 20-Dec-2022 10:54:40.716 CET
Begin processing the 15001st record. Run 1, Event 294805, LumiSection 2949 on stream 0 at 20-Dec-2022 10:57:08.796 CET
[2022-12-20 10:57:50.684849 +0100][Error  ][AsyncSock         ] [xrootd.ba.infn.it:1094 #0.0] Socket error while handshaking: [ERROR] Socket timeout
[2022-12-20 10:57:50.685021 +0100][Error  ][PostMaster        ] [xrootd.ba.infn.it:1094 #0] elapsed = 45, pConnectionWindow = 31 seconds.
[2022-12-20 10:58:35.936856 +0100][Error  ][AsyncSock         ] [xrootd.ba.infn.it:1094 #0.0] Socket error while handshaking: [ERROR] Socket timeout
[2022-12-20 10:58:35.937007 +0100][Error  ][PostMaster        ] [xrootd.ba.infn.it:1094 #0] elapsed = 45, pConnectionWindow = 31 seconds.
[2022-12-20 10:58:35.937023 +0100][Error  ][PostMaster        ] [xrootd.ba.infn.it:1094 #0] Unable to recover: [ERROR] Socket timeout.
[2022-12-20 10:58:35.937033 +0100][Error  ][XRootD            ] [xrootd.ba.infn.it:1094] Impossible to send message kXR_open (file: /store/user/alesauva/flashgg/UL2017_4/10_6_4/WHiggs0L1ToGG_M125_TuneCP5_13TeV-JHUGenV7011-pythia8/UL2017_4-10_6_4-v0-RunIISummer19UL17MiniAOD-106X_mc2017_realistic_v6-v2/200720_155007/0000/myMicroAODOutputFile_5.root?tried=stor95.datagrid.cea.fr, mode: 0660, flags: kXR_open_read kXR_async kXR_retstat ). Trying to recover.
Begin processing the 16001st record. Run 1, Event 307109, LumiSection 3072 on stream 0 at 20-Dec-2022 10:59:32.002 CET
Begin processing the 17001st record. Run 1, Event 338812, LumiSection 3389 on stream 0 at 20-Dec-2022 11:01:55.404 CET
Begin processing the 18001st record. Run 1, Event 339804, LumiSection 3399 on stream 0 at 20-Dec-2022 11:04:26.227 CET
Begin processing the 19001st record. Run 1, Event 340802, LumiSection 3409 on stream 0 at 20-Dec-2022 11:06:52.094 CET
[2022-12-20 11:06:57.562836 +0100][Error  ][AsyncSock         ] [xrootd.ba.infn.it:1094 #0.0] Socket error while handshaking: [ERROR] Socket timeout
[2022-12-20 11:06:57.562979 +0100][Error  ][PostMaster        ] [xrootd.ba.infn.it:1094 #0] elapsed = 45, pConnectionWindow = 31 seconds.
[2022-12-20 11:07:42.815853 +0100][Error  ][AsyncSock         ] [xrootd.ba.infn.it:1094 #0.0] Socket error while handshaking: [ERROR] Socket timeout
[2022-12-20 11:07:42.816007 +0100][Error  ][PostMaster        ] [xrootd.ba.infn.it:1094 #0] elapsed = 45, pConnectionWindow = 31 seconds.
[2022-12-20 11:07:42.816022 +0100][Error  ][PostMaster        ] [xrootd.ba.infn.it:1094 #0] Unable to recover: [ERROR] Socket timeout.
[2022-12-20 11:07:42.816033 +0100][Error  ][XRootD            ] [xrootd.ba.infn.it:1094] Impossible to send message kXR_open (file: /store/user/alesauva/flashgg/UL2017_4/10_6_4/WHiggs0L1ToGG_M125_TuneCP5_13TeV-JHUGenV7011-pythia8/UL2017_4-10_6_4-v0-RunIISummer19UL17MiniAOD-106X_mc2017_realistic_v6-v2/200720_155007/0000/myMicroAODOutputFile_5.root?tried=stor95.datagrid.cea.fr, mode: 0660, flags: kXR_open_read kXR_async kXR_retstat ). Trying to recover.
Begin processing the 20001st record. Run 1, Event 492605, LumiSection 4927 on stream 0 at 20-Dec-2022 11:09:16.382 CET
[2022-12-20 11:11:31.356851 +0100][Error  ][AsyncSock         ] [xrootd.ba.infn.it:1094 #0.0] Socket error while handshaking: [ERROR] Socket timeout
[2022-12-20 11:11:31.356987 +0100][Error  ][PostMaster        ] [xrootd.ba.infn.it:1094 #0] elapsed = 45, pConnectionWindow = 31 seconds.
Begin processing the 21001st record. Run 1, Event 493608, LumiSection 4937 on stream 0 at 20-Dec-2022 11:11:45.892 CET
[2022-12-20 11:12:16.618868 +0100][Error  ][AsyncSock         ] [xrootd.ba.infn.it:1094 #0.0] Socket error while handshaking: [ERROR] Socket timeout
[2022-12-20 11:12:16.619021 +0100][Error  ][PostMaster        ] [xrootd.ba.infn.it:1094 #0] elapsed = 45, pConnectionWindow = 31 seconds.
[2022-12-20 11:12:16.619032 +0100][Error  ][PostMaster        ] [xrootd.ba.infn.it:1094 #0] Unable to recover: [ERROR] Socket timeout.
[2022-12-20 11:12:16.619041 +0100][Error  ][XRootD            ] [xrootd.ba.infn.it:1094] Impossible to send message kXR_open (file: /store/user/alesauva/flashgg/UL2017_4/10_6_4/WHiggs0L1ToGG_M125_TuneCP5_13TeV-JHUGenV7011-pythia8/UL2017_4-10_6_4-v0-RunIISummer19UL17MiniAOD-106X_mc2017_realistic_v6-v2/200720_155007/0000/myMicroAODOutputFile_5.root?tried=stor95.datagrid.cea.fr, mode: 0660, flags: kXR_open_read kXR_async kXR_retstat ). Trying to recover.
Begin processing the 22001st record. Run 1, Event 494606, LumiSection 4947 on stream 0 at 20-Dec-2022 11:14:13.835 CET
[2022-12-20 11:16:04.187854 +0100][Error  ][AsyncSock         ] [xrootd.ba.infn.it:1094 #0.0] Socket error while handshaking: [ERROR] Socket timeout
[2022-12-20 11:16:04.187983 +0100][Error  ][PostMaster        ] [xrootd.ba.infn.it:1094 #0] elapsed = 45, pConnectionWindow = 31 seconds.
Begin processing the 23001st record. Run 1, Event 666906, LumiSection 6670 on stream 0 at 20-Dec-2022 11:16:33.085 CET
[2022-12-20 11:16:49.433859 +0100][Error  ][AsyncSock         ] [xrootd.ba.infn.it:1094 #0.0] Socket error while handshaking: [ERROR] Socket timeout
[2022-12-20 11:16:49.434005 +0100][Error  ][PostMaster        ] [xrootd.ba.infn.it:1094 #0] elapsed = 45, pConnectionWindow = 31 seconds.
[2022-12-20 11:16:49.434032 +0100][Error  ][PostMaster        ] [xrootd.ba.infn.it:1094 #0] Unable to recover: [ERROR] Socket timeout.
[2022-12-20 11:16:49.434042 +0100][Error  ][XRootD            ] [xrootd.ba.infn.it:1094] Impossible to send message kXR_open (file: /store/user/alesauva/flashgg/UL2017_4/10_6_4/WHiggs0L1ToGG_M125_TuneCP5_13TeV-JHUGenV7011-pythia8/UL2017_4-10_6_4-v0-RunIISummer19UL17MiniAOD-106X_mc2017_realistic_v6-v2/200720_155007/0000/myMicroAODOutputFile_5.root?tried=stor95.datagrid.cea.fr, mode: 0660, flags: kXR_open_read kXR_async kXR_retstat ). Trying to recover.
Begin processing the 24001st record. Run 1, Event 667907, LumiSection 6680 on stream 0 at 20-Dec-2022 11:19:03.692 CET
[2022-12-20 11:20:40.021866 +0100][Error  ][AsyncSock         ] [xrootd.ba.infn.it:1094 #0.0] Socket error while handshaking: [ERROR] Socket timeout
[2022-12-20 11:20:40.021979 +0100][Error  ][PostMaster        ] [xrootd.ba.infn.it:1094 #0] elapsed = 46, pConnectionWindow = 31 seconds.
[2022-12-20 11:21:25.273935 +0100][Error  ][AsyncSock         ] [xrootd.ba.infn.it:1094 #0.0] Socket error while handshaking: [ERROR] Socket timeout
[2022-12-20 11:21:25.274139 +0100][Error  ][PostMaster        ] [xrootd.ba.infn.it:1094 #0] elapsed = 45, pConnectionWindow = 31 seconds.
[2022-12-20 11:21:25.274160 +0100][Error  ][PostMaster        ] [xrootd.ba.infn.it:1094 #0] Unable to recover: [ERROR] Socket timeout.
[2022-12-20 11:21:25.274173 +0100][Error  ][XRootD            ] [xrootd.ba.infn.it:1094] Impossible to send message kXR_open (file: /store/user/alesauva/flashgg/UL2017_4/10_6_4/WHiggs0L1ToGG_M125_TuneCP5_13TeV-JHUGenV7011-pythia8/UL2017_4-10_6_4-v0-RunIISummer19UL17MiniAOD-106X_mc2017_realistic_v6-v2/200720_155007/0000/myMicroAODOutputFile_5.root?tried=stor95.datagrid.cea.fr, mode: 0660, flags: kXR_open_read kXR_async kXR_retstat ). Trying to recover.
20-Dec-2022 11:21:34 CET  Closed file root://cms-xrd-global.cern.ch//store/user/alesauva/flashgg/UL2017_4/10_6_4/WHiggs0L1ToGG_M125_TuneCP5_13TeV-JHUGenV7011-pythia8/UL2017_4-10_6_4-v0-RunIISummer19UL17MiniAOD-106X_mc2017_realistic_v6-v2/200720_155007/0000/myMicroAODOutputFile_5.root

TrigReport ---------- Event  Summary ------------
TrigReport Events total = 25000 passed = 24640 failed = 360

TrigReport ---------- Path   Summary ------------
TrigReport  Trig Bit#   Executed     Passed     Failed      Error Name
TrigReport     1    0      25000      24640        360          0 p

TrigReport -------End-Path   Summary ------------
TrigReport  Trig Bit#   Executed     Passed     Failed      Error Name

TrigReport ---------- Modules in Path: p ------------
TrigReport  Trig Bit#    Visited     Passed     Failed      Error Name
TrigReport     1    0      25000      24640        360          0 flashggMetFilters
TrigReport     1    1      24640      24640          0          0 VHFilter
TrigReport     1    2      24640      24640          0          0 flashggDifferentialPhoIdInputsCorrection
TrigReport     1    3      24640      24640          0          0 flashggDiPhotonSystematics
TrigReport     1    4      24640      24640          0          0 flashggMetSystematics
TrigReport     1    5      24640      24640          0          0 flashggMuonSystematics
TrigReport     1    6      24640      24640          0          0 flashggElectronSystematics
TrigReport     1    7      24640      24640          0          0 flashggUnpackedJets
TrigReport     1    8      24640      24640          0          0 flashggJetSystematics0
TrigReport     1    9      24640      24640          0          0 flashggJetSystematics1
TrigReport     1   10      24640      24640          0          0 flashggJetSystematics2
TrigReport     1   11      24640      24640          0          0 flashggJetSystematics3
TrigReport     1   12      24640      24640          0          0 flashggJetSystematics4
TrigReport     1   13      24640      24640          0          0 flashggJetSystematics5
TrigReport     1   14      24640      24640          0          0 flashggJetSystematics6
TrigReport     1   15      24640      24640          0          0 flashggJetSystematics7
TrigReport     1   16      24640      24640          0          0 flashggJetSystematics8
TrigReport     1   17      24640      24640          0          0 flashggJetSystematics9
TrigReport     1   18      24640      24640          0          0 flashggJetSystematics10
TrigReport     1   19      24640      24640          0          0 flashggJetSystematics11
TrigReport     1   20      24640      24640          0          0 flashggPrefireDiPhotons
TrigReport     1   21      24640      24640          0          0 flashggPreselectedDiPhotons
TrigReport     1   22      24640      24640          0          0 flashggDiPhotonMVA
TrigReport     1   23      24640      24640          0          0 flashggVBFMVA
TrigReport     1   24      24640      24640          0          0 flashggVHhadMVA
TrigReport     1   25      24640      24640          0          0 flashggGluGluHMVA
TrigReport     1   26      24640      24640          0          0 flashggStageOneCombinedTag
TrigReport     1   27      24640      24640          0          0 flashggTHQLeptonicTag
TrigReport     1   28      24640      24640          0          0 flashggVHMetTag
TrigReport     1   29      24640      24640          0          0 flashggWHLeptonicTag
TrigReport     1   30      24640      24640          0          0 flashggZHLeptonicTag
TrigReport     1   31      24640      24640          0          0 flashggTTHLeptonicTag
TrigReport     1   32      24640      24640          0          0 flashggTTHHadronicTag
TrigReport     1   33      24640      24640          0          0 flashggTagSorter
TrigReport     1   34      24640      24640          0          0 flashggSystTagMerger
TrigReport     1   35      24640      24640          0          0 tagsDumper

TrigReport ---------- Module Summary ------------
TrigReport    Visited   Executed     Passed     Failed      Error Name
TrigReport      25000      25000      25000          0          0 TriggerResults
TrigReport      24640      24640      24640          0          0 VHFilter
TrigReport      24640      24640      24640          0          0 ak4PFCHSL1FastL2L3Corrector
TrigReport      24640      24640      24640          0          0 ak4PFCHSL1FastjetCorrector
TrigReport      24640      24640      24640          0          0 ak4PFCHSL2RelativeCorrector
TrigReport      24640      24640      24640          0          0 ak4PFCHSL3AbsoluteCorrector
TrigReport      24640      24640      24640          0          0 flashggDiPhotonMVA
TrigReport      24640      24640      24640          0          0 flashggDiPhotonSystematics
TrigReport      24640      24640      24640          0          0 flashggDifferentialPhoIdInputsCorrection
TrigReport      24640      24640      24640          0          0 flashggElectronSystematics
TrigReport      24640      24640      24640          0          0 flashggGluGluHMVA
TrigReport      24640      24640      24640          0          0 flashggJetSystematics0
TrigReport      24640      24640      24640          0          0 flashggJetSystematics1
TrigReport      24640      24640      24640          0          0 flashggJetSystematics10
TrigReport      24640      24640      24640          0          0 flashggJetSystematics11
TrigReport      24640      24640      24640          0          0 flashggJetSystematics2
TrigReport      24640      24640      24640          0          0 flashggJetSystematics3
TrigReport      24640      24640      24640          0          0 flashggJetSystematics4
TrigReport      24640      24640      24640          0          0 flashggJetSystematics5
TrigReport      24640      24640      24640          0          0 flashggJetSystematics6
TrigReport      24640      24640      24640          0          0 flashggJetSystematics7
TrigReport      24640      24640      24640          0          0 flashggJetSystematics8
TrigReport      24640      24640      24640          0          0 flashggJetSystematics9
TrigReport      25000      25000      24640        360          0 flashggMetFilters
TrigReport      24640      24640      24640          0          0 flashggMetSystematics
TrigReport      24640      24640      24640          0          0 flashggMuonSystematics
TrigReport      24640      24640      24640          0          0 flashggPrefireDiPhotons
TrigReport      24640      24640      24640          0          0 flashggPreselectedDiPhotons
TrigReport      24640      24640      24640          0          0 flashggStageOneCombinedTag
TrigReport      24640      24640      24640          0          0 flashggSystTagMerger
TrigReport      24640      24640      24640          0          0 flashggTHQLeptonicTag
TrigReport      24640      24640      24640          0          0 flashggTTHHadronicTag
TrigReport      24640      24640      24640          0          0 flashggTTHLeptonicTag
TrigReport      24640      24640      24640          0          0 flashggTagSorter
TrigReport      24640      24640      24640          0          0 flashggUnpackedJets
TrigReport      24640      24640      24640          0          0 flashggVBFMVA
TrigReport      24640      24640      24640          0          0 flashggVHMetTag
TrigReport      24640      24640      24640          0          0 flashggVHhadMVA
TrigReport      24640      24640      24640          0          0 flashggWHLeptonicTag
TrigReport      24640      24640      24640          0          0 flashggZHLeptonicTag
TrigReport      25000      25000      25000          0          0 p
TrigReport      24640      24640      24640          0          0 tagsDumper

TimeReport ---------- Event  Summary ---[sec]----
TimeReport       event loop CPU/event = 0.148833
TimeReport      event loop Real/event = 0.150256
TimeReport     sum Streams Real/event = 0.146066
TimeReport efficiency CPU/Real/thread = 0.990530

TimeReport ---------- Path   Summary ---[Real sec]----
TimeReport  per event     per exec  Name
TimeReport   0.145586     0.145586  p
TimeReport  per event     per exec  Name

TimeReport -------End-Path   Summary ---[Real sec]----
TimeReport  per event     per exec  Name
TimeReport  per event     per exec  Name

TimeReport ---------- Modules in Path: p ---[Real sec]----
TimeReport  per event    per visit  Name
TimeReport   0.000016     0.000016  flashggMetFilters
TimeReport   0.000005     0.000005  VHFilter
TimeReport   0.082424     0.083629  flashggDifferentialPhoIdInputsCorrection
TimeReport   0.046411     0.047089  flashggDiPhotonSystematics
TimeReport   0.000163     0.000165  flashggMetSystematics
TimeReport   0.000044     0.000045  flashggMuonSystematics
TimeReport   0.000038     0.000039  flashggElectronSystematics
TimeReport   0.000220     0.000223  flashggUnpackedJets
TimeReport   0.003657     0.003710  flashggJetSystematics0
TimeReport   0.000701     0.000711  flashggJetSystematics1
TimeReport   0.000633     0.000642  flashggJetSystematics2
TimeReport   0.000611     0.000620  flashggJetSystematics3
TimeReport   0.000602     0.000611  flashggJetSystematics4
TimeReport   0.000594     0.000602  flashggJetSystematics5
TimeReport   0.000593     0.000601  flashggJetSystematics6
TimeReport   0.000589     0.000598  flashggJetSystematics7
TimeReport   0.000589     0.000598  flashggJetSystematics8
TimeReport   0.000588     0.000596  flashggJetSystematics9
TimeReport   0.000585     0.000593  flashggJetSystematics10
TimeReport   0.000585     0.000593  flashggJetSystematics11
TimeReport   0.000315     0.000319  flashggPrefireDiPhotons
TimeReport   0.000129     0.000131  flashggPreselectedDiPhotons
TimeReport   0.000037     0.000038  flashggDiPhotonMVA
TimeReport   0.000033     0.000033  flashggVBFMVA
TimeReport   0.000018     0.000018  flashggVHhadMVA
TimeReport   0.000056     0.000057  flashggGluGluHMVA
TimeReport   0.000032     0.000033  flashggStageOneCombinedTag
TimeReport   0.000336     0.000341  flashggTHQLeptonicTag
TimeReport   0.000387     0.000392  flashggVHMetTag
TimeReport   0.000040     0.000041  flashggWHLeptonicTag
TimeReport   0.000018     0.000019  flashggZHLeptonicTag
TimeReport   0.000188     0.000190  flashggTTHLeptonicTag
TimeReport   0.001409     0.001429  flashggTTHHadronicTag
TimeReport   0.000080     0.000082  flashggTagSorter
TimeReport   0.000004     0.000004  flashggSystTagMerger
TimeReport   0.000323     0.000327  tagsDumper
TimeReport  per event    per visit  Name

TimeReport ---------- Module Summary ---[Real sec]----
TimeReport  per event     per exec    per visit  Name
TimeReport   0.000003     0.000003     0.000003  TriggerResults
TimeReport   0.000005     0.000005     0.000005  VHFilter
TimeReport   0.000003     0.000003     0.000003  ak4PFCHSL1FastL2L3Corrector
TimeReport   0.000004     0.000004     0.000004  ak4PFCHSL1FastjetCorrector
TimeReport   0.000001     0.000001     0.000001  ak4PFCHSL2RelativeCorrector
TimeReport   0.000013     0.000013     0.000013  ak4PFCHSL3AbsoluteCorrector
TimeReport   0.000037     0.000038     0.000038  flashggDiPhotonMVA
TimeReport   0.046411     0.047089     0.047089  flashggDiPhotonSystematics
TimeReport   0.082424     0.083629     0.083629  flashggDifferentialPhoIdInputsCorrection
TimeReport   0.000038     0.000039     0.000039  flashggElectronSystematics
TimeReport   0.000056     0.000057     0.000057  flashggGluGluHMVA
TimeReport   0.003657     0.003710     0.003710  flashggJetSystematics0
TimeReport   0.000701     0.000711     0.000711  flashggJetSystematics1
TimeReport   0.000585     0.000593     0.000593  flashggJetSystematics10
TimeReport   0.000585     0.000593     0.000593  flashggJetSystematics11
TimeReport   0.000633     0.000642     0.000642  flashggJetSystematics2
TimeReport   0.000611     0.000620     0.000620  flashggJetSystematics3
TimeReport   0.000602     0.000611     0.000611  flashggJetSystematics4
TimeReport   0.000594     0.000602     0.000602  flashggJetSystematics5
TimeReport   0.000593     0.000601     0.000601  flashggJetSystematics6
TimeReport   0.000589     0.000598     0.000598  flashggJetSystematics7
TimeReport   0.000589     0.000598     0.000598  flashggJetSystematics8
TimeReport   0.000588     0.000596     0.000596  flashggJetSystematics9
TimeReport   0.000016     0.000016     0.000016  flashggMetFilters
TimeReport   0.000163     0.000165     0.000165  flashggMetSystematics
TimeReport   0.000044     0.000045     0.000045  flashggMuonSystematics
TimeReport   0.000315     0.000319     0.000319  flashggPrefireDiPhotons
TimeReport   0.000129     0.000131     0.000131  flashggPreselectedDiPhotons
TimeReport   0.000032     0.000033     0.000033  flashggStageOneCombinedTag
TimeReport   0.000004     0.000004     0.000004  flashggSystTagMerger
TimeReport   0.000336     0.000341     0.000341  flashggTHQLeptonicTag
TimeReport   0.001409     0.001429     0.001429  flashggTTHHadronicTag
TimeReport   0.000188     0.000190     0.000190  flashggTTHLeptonicTag
TimeReport   0.000080     0.000082     0.000082  flashggTagSorter
TimeReport   0.000220     0.000223     0.000223  flashggUnpackedJets
TimeReport   0.000033     0.000033     0.000033  flashggVBFMVA
TimeReport   0.000387     0.000392     0.000392  flashggVHMetTag
TimeReport   0.000018     0.000018     0.000018  flashggVHhadMVA
TimeReport   0.000040     0.000041     0.000041  flashggWHLeptonicTag
TimeReport   0.000018     0.000019     0.000019  flashggZHLeptonicTag
TimeReport   0.000003     0.000003     0.000003  p
TimeReport   0.000323     0.000327     0.000327  tagsDumper
TimeReport  per event     per exec    per visit  Name

T---Report end!


=============================================

MessageLogger Summary

 type     category        sev    module        subroutine        count    total
 ---- -------------------- -- ---------------- ----------------  -----    -----
    1 XrdAdaptor           -w file_open                              1        1
    2 fileAction           -s file_close                             1        1
    3 fileAction           -s file_open                              2        2

 type    category    Examples: run/evt        run/evt          run/evt
 ---- -------------------- ---------------- ---------------- ----------------
    1 XrdAdaptor           pre-events                        
    2 fileAction           PostGlobalEndRun                  
    3 fileAction           pre-events       pre-events       

Severity    # Occurrences   Total Occurrences
--------    -------------   -----------------
Warning                 1                   1
System                  3                   3

dropped waiting message count 0
