mkdir: cannot create directory '/afs/cern.ch/user/x/xisu/private/local/Analysis_workspace/VH_AC_tmp1/flashgg_d2/CMSSW_10_6_29/src/flashgg/VHAC_Analysis_Met/UL_17/UL_17_wh125': File exists
/cvmfs/cms.cern.ch/slc7_amd64_gcc700/external/py2-requests/2.21.0-pafccj2/lib/python2.7/site-packages/requests/__init__.py:91: RequestsDependencyWarning: urllib3 (1.25.2) or chardet (3.0.4) doesn't match a supported version!
  RequestsDependencyWarning)
20-Dec-2022 10:04:40 CET  Initiating request to open file root://cms-xrd-global.cern.ch//store/user/alesauva/flashgg/UL2017_3/10_6_4/VHToGG_M125_TuneCP5_13TeV-amcatnloFXFX-madspin-pythia8/UL2017_3-10_6_4-v0-RunIISummer19UL17MiniAOD-106X_mc2017_realistic_v6-v1/200718_083214/0000/myMicroAODOutputFile_4.root
%MSG-w XrdAdaptor:  file_open 20-Dec-2022 10:04:42 CET pre-events
Data is served from GRIF-IRFU instead of original site CERN-CMSGLOBAL-01
%MSG
20-Dec-2022 10:04:43 CET  Successfully opened file root://cms-xrd-global.cern.ch//store/user/alesauva/flashgg/UL2017_3/10_6_4/VHToGG_M125_TuneCP5_13TeV-amcatnloFXFX-madspin-pythia8/UL2017_3-10_6_4-v0-RunIISummer19UL17MiniAOD-106X_mc2017_realistic_v6-v1/200718_083214/0000/myMicroAODOutputFile_4.root
2022-12-20 10:17:40.364164: I tensorflow/core/platform/cpu_feature_guard.cc:140] Your CPU supports instructions that this TensorFlow binary was not compiled to use: SSE4.1 SSE4.2 AVX AVX2 FMA
Begin processing the 1st record. Run 1, Event 7029, LumiSection 27 on stream 0 at 20-Dec-2022 10:18:39.033 CET
[2022-12-20 10:19:22.567513 +0100][Error  ][AsyncSock         ] [xrootd.ba.infn.it:1094 #0.0] Socket error while handshaking: [ERROR] Socket timeout
[2022-12-20 10:19:22.567784 +0100][Error  ][PostMaster        ] [xrootd.ba.infn.it:1094 #0] elapsed = 45, pConnectionWindow = 31 seconds.
[2022-12-20 10:20:07.772911 +0100][Error  ][AsyncSock         ] [xrootd.ba.infn.it:1094 #0.0] Socket error while handshaking: [ERROR] Socket timeout
[2022-12-20 10:20:07.773417 +0100][Error  ][PostMaster        ] [xrootd.ba.infn.it:1094 #0] elapsed = 45, pConnectionWindow = 31 seconds.
[2022-12-20 10:20:07.773499 +0100][Error  ][PostMaster        ] [xrootd.ba.infn.it:1094 #0] Unable to recover: [ERROR] Socket timeout.
[2022-12-20 10:20:07.773879 +0100][Error  ][XRootD            ] [xrootd.ba.infn.it:1094] Impossible to send message kXR_open (file: /store/user/alesauva/flashgg/UL2017_3/10_6_4/VHToGG_M125_TuneCP5_13TeV-amcatnloFXFX-madspin-pythia8/UL2017_3-10_6_4-v0-RunIISummer19UL17MiniAOD-106X_mc2017_realistic_v6-v1/200718_083214/0000/myMicroAODOutputFile_4.root?tried=stor75.datagrid.cea.fr, mode: 0660, flags: kXR_open_read kXR_async kXR_retstat ). Trying to recover.
Begin processing the 1001st record. Run 1, Event 485150, LumiSection 1797 on stream 0 at 20-Dec-2022 10:23:29.392 CET
Begin processing the 2001st record. Run 1, Event 488633, LumiSection 1810 on stream 0 at 20-Dec-2022 10:25:24.829 CET
[2022-12-20 10:26:05.880122 +0100][Error  ][AsyncSock         ] [xrootd.ba.infn.it:1094 #0.0] Socket error while handshaking: [ERROR] Socket timeout
[2022-12-20 10:26:05.881334 +0100][Error  ][PostMaster        ] [xrootd.ba.infn.it:1094 #0] elapsed = 45, pConnectionWindow = 31 seconds.
[2022-12-20 10:26:50.094296 +0100][Error  ][AsyncSock         ] [xrootd.ba.infn.it:1094 #0.0] Socket error while handshaking: [ERROR] Socket timeout
[2022-12-20 10:26:50.094420 +0100][Error  ][PostMaster        ] [xrootd.ba.infn.it:1094 #0] elapsed = 45, pConnectionWindow = 31 seconds.
[2022-12-20 10:26:50.094602 +0100][Error  ][PostMaster        ] [xrootd.ba.infn.it:1094 #0] Unable to recover: [ERROR] Socket timeout.
[2022-12-20 10:26:50.094620 +0100][Error  ][XRootD            ] [xrootd.ba.infn.it:1094] Impossible to send message kXR_open (file: /store/user/alesauva/flashgg/UL2017_3/10_6_4/VHToGG_M125_TuneCP5_13TeV-amcatnloFXFX-madspin-pythia8/UL2017_3-10_6_4-v0-RunIISummer19UL17MiniAOD-106X_mc2017_realistic_v6-v1/200718_083214/0000/myMicroAODOutputFile_4.root?tried=stor75.datagrid.cea.fr, mode: 0660, flags: kXR_open_read kXR_async kXR_retstat ). Trying to recover.
Begin processing the 3001st record. Run 1, Event 995101, LumiSection 3686 on stream 0 at 20-Dec-2022 10:27:02.263 CET
Begin processing the 4001st record. Run 1, Event 1182174, LumiSection 4379 on stream 0 at 20-Dec-2022 10:28:49.595 CET
Begin processing the 5001st record. Run 1, Event 1003626, LumiSection 3718 on stream 0 at 20-Dec-2022 10:30:26.123 CET
[2022-12-20 10:31:04.757407 +0100][Error  ][AsyncSock         ] [xrootd.ba.infn.it:1094 #0.0] Socket error while handshaking: [ERROR] Socket timeout
[2022-12-20 10:31:04.758333 +0100][Error  ][PostMaster        ] [xrootd.ba.infn.it:1094 #0] elapsed = 45, pConnectionWindow = 31 seconds.
[2022-12-20 10:31:50.078301 +0100][Error  ][AsyncSock         ] [xrootd.ba.infn.it:1094 #0.0] Socket error while handshaking: [ERROR] Socket timeout
[2022-12-20 10:31:50.078431 +0100][Error  ][PostMaster        ] [xrootd.ba.infn.it:1094 #0] elapsed = 46, pConnectionWindow = 31 seconds.
[2022-12-20 10:31:50.078441 +0100][Error  ][PostMaster        ] [xrootd.ba.infn.it:1094 #0] Unable to recover: [ERROR] Socket timeout.
[2022-12-20 10:31:50.078462 +0100][Error  ][XRootD            ] [xrootd.ba.infn.it:1094] Impossible to send message kXR_open (file: /store/user/alesauva/flashgg/UL2017_3/10_6_4/VHToGG_M125_TuneCP5_13TeV-amcatnloFXFX-madspin-pythia8/UL2017_3-10_6_4-v0-RunIISummer19UL17MiniAOD-106X_mc2017_realistic_v6-v1/200718_083214/0000/myMicroAODOutputFile_4.root?tried=stor75.datagrid.cea.fr, mode: 0660, flags: kXR_open_read kXR_async kXR_retstat ). Trying to recover.
Begin processing the 6001st record. Run 1, Event 1013347, LumiSection 3754 on stream 0 at 20-Dec-2022 10:32:13.896 CET
Begin processing the 7001st record. Run 1, Event 1016537, LumiSection 3765 on stream 0 at 20-Dec-2022 10:33:52.562 CET
Begin processing the 8001st record. Run 1, Event 1020326, LumiSection 3779 on stream 0 at 20-Dec-2022 10:35:35.007 CET
[2022-12-20 10:36:02.922310 +0100][Error  ][AsyncSock         ] [xrootd.ba.infn.it:1094 #0.0] Socket error while handshaking: [ERROR] Socket timeout
[2022-12-20 10:36:02.922441 +0100][Error  ][PostMaster        ] [xrootd.ba.infn.it:1094 #0] elapsed = 45, pConnectionWindow = 31 seconds.
[2022-12-20 10:36:47.176304 +0100][Error  ][AsyncSock         ] [xrootd.ba.infn.it:1094 #0.0] Socket error while handshaking: [ERROR] Socket timeout
[2022-12-20 10:36:47.176444 +0100][Error  ][PostMaster        ] [xrootd.ba.infn.it:1094 #0] elapsed = 45, pConnectionWindow = 31 seconds.
[2022-12-20 10:36:47.176456 +0100][Error  ][PostMaster        ] [xrootd.ba.infn.it:1094 #0] Unable to recover: [ERROR] Socket timeout.
[2022-12-20 10:36:47.176467 +0100][Error  ][XRootD            ] [xrootd.ba.infn.it:1094] Impossible to send message kXR_open (file: /store/user/alesauva/flashgg/UL2017_3/10_6_4/VHToGG_M125_TuneCP5_13TeV-amcatnloFXFX-madspin-pythia8/UL2017_3-10_6_4-v0-RunIISummer19UL17MiniAOD-106X_mc2017_realistic_v6-v1/200718_083214/0000/myMicroAODOutputFile_4.root?tried=stor75.datagrid.cea.fr, mode: 0660, flags: kXR_open_read kXR_async kXR_retstat ). Trying to recover.
Begin processing the 9001st record. Run 1, Event 1074625, LumiSection 3981 on stream 0 at 20-Dec-2022 10:37:21.527 CET
Begin processing the 10001st record. Run 1, Event 1152174, LumiSection 4268 on stream 0 at 20-Dec-2022 10:39:02.034 CET
Begin processing the 11001st record. Run 1, Event 37038, LumiSection 138 on stream 0 at 20-Dec-2022 10:40:39.475 CET
[2022-12-20 10:41:06.018321 +0100][Error  ][AsyncSock         ] [xrootd.ba.infn.it:1094 #0.0] Socket error while handshaking: [ERROR] Socket timeout
[2022-12-20 10:41:06.018429 +0100][Error  ][PostMaster        ] [xrootd.ba.infn.it:1094 #0] elapsed = 46, pConnectionWindow = 31 seconds.
[2022-12-20 10:41:51.260313 +0100][Error  ][AsyncSock         ] [xrootd.ba.infn.it:1094 #0.0] Socket error while handshaking: [ERROR] Socket timeout
[2022-12-20 10:41:51.260476 +0100][Error  ][PostMaster        ] [xrootd.ba.infn.it:1094 #0] elapsed = 45, pConnectionWindow = 31 seconds.
[2022-12-20 10:41:51.260488 +0100][Error  ][PostMaster        ] [xrootd.ba.infn.it:1094 #0] Unable to recover: [ERROR] Socket timeout.
[2022-12-20 10:41:51.260497 +0100][Error  ][XRootD            ] [xrootd.ba.infn.it:1094] Impossible to send message kXR_open (file: /store/user/alesauva/flashgg/UL2017_3/10_6_4/VHToGG_M125_TuneCP5_13TeV-amcatnloFXFX-madspin-pythia8/UL2017_3-10_6_4-v0-RunIISummer19UL17MiniAOD-106X_mc2017_realistic_v6-v1/200718_083214/0000/myMicroAODOutputFile_4.root?tried=stor75.datagrid.cea.fr, mode: 0660, flags: kXR_open_read kXR_async kXR_retstat ). Trying to recover.
Begin processing the 12001st record. Run 1, Event 70116, LumiSection 260 on stream 0 at 20-Dec-2022 10:42:15.131 CET
Begin processing the 13001st record. Run 1, Event 73214, LumiSection 272 on stream 0 at 20-Dec-2022 10:43:55.315 CET
Begin processing the 14001st record. Run 1, Event 557316, LumiSection 2065 on stream 0 at 20-Dec-2022 10:45:35.600 CET
[2022-12-20 10:45:56.709326 +0100][Error  ][AsyncSock         ] [xrootd.ba.infn.it:1094 #0.0] Socket error while handshaking: [ERROR] Socket timeout
[2022-12-20 10:45:56.709482 +0100][Error  ][PostMaster        ] [xrootd.ba.infn.it:1094 #0] elapsed = 45, pConnectionWindow = 31 seconds.
[2022-12-20 10:46:41.959352 +0100][Error  ][AsyncSock         ] [xrootd.ba.infn.it:1094 #0.0] Socket error while handshaking: [ERROR] Socket timeout
[2022-12-20 10:46:41.959478 +0100][Error  ][PostMaster        ] [xrootd.ba.infn.it:1094 #0] elapsed = 45, pConnectionWindow = 31 seconds.
[2022-12-20 10:46:41.959489 +0100][Error  ][PostMaster        ] [xrootd.ba.infn.it:1094 #0] Unable to recover: [ERROR] Socket timeout.
[2022-12-20 10:46:41.959498 +0100][Error  ][XRootD            ] [xrootd.ba.infn.it:1094] Impossible to send message kXR_open (file: /store/user/alesauva/flashgg/UL2017_3/10_6_4/VHToGG_M125_TuneCP5_13TeV-amcatnloFXFX-madspin-pythia8/UL2017_3-10_6_4-v0-RunIISummer19UL17MiniAOD-106X_mc2017_realistic_v6-v1/200718_083214/0000/myMicroAODOutputFile_4.root?tried=stor75.datagrid.cea.fr, mode: 0660, flags: kXR_open_read kXR_async kXR_retstat ). Trying to recover.
Begin processing the 15001st record. Run 1, Event 561324, LumiSection 2079 on stream 0 at 20-Dec-2022 10:47:10.301 CET
Begin processing the 16001st record. Run 1, Event 564509, LumiSection 2091 on stream 0 at 20-Dec-2022 10:48:45.716 CET
Begin processing the 17001st record. Run 1, Event 568028, LumiSection 2104 on stream 0 at 20-Dec-2022 10:50:18.032 CET
[2022-12-20 10:50:39.367339 +0100][Error  ][AsyncSock         ] [xrootd.ba.infn.it:1094 #0.0] Socket error while handshaking: [ERROR] Socket timeout
[2022-12-20 10:50:39.367543 +0100][Error  ][PostMaster        ] [xrootd.ba.infn.it:1094 #0] elapsed = 45, pConnectionWindow = 31 seconds.
[2022-12-20 10:51:24.572301 +0100][Error  ][AsyncSock         ] [xrootd.ba.infn.it:1094 #0.0] Socket error while handshaking: [ERROR] Socket timeout
[2022-12-20 10:51:24.572644 +0100][Error  ][PostMaster        ] [xrootd.ba.infn.it:1094 #0] elapsed = 45, pConnectionWindow = 31 seconds.
[2022-12-20 10:51:24.572652 +0100][Error  ][PostMaster        ] [xrootd.ba.infn.it:1094 #0] Unable to recover: [ERROR] Socket timeout.
[2022-12-20 10:51:24.572679 +0100][Error  ][XRootD            ] [xrootd.ba.infn.it:1094] Impossible to send message kXR_open (file: /store/user/alesauva/flashgg/UL2017_3/10_6_4/VHToGG_M125_TuneCP5_13TeV-amcatnloFXFX-madspin-pythia8/UL2017_3-10_6_4-v0-RunIISummer19UL17MiniAOD-106X_mc2017_realistic_v6-v1/200718_083214/0000/myMicroAODOutputFile_4.root?tried=stor75.datagrid.cea.fr, mode: 0660, flags: kXR_open_read kXR_async kXR_retstat ). Trying to recover.
Begin processing the 18001st record. Run 1, Event 1110538, LumiSection 4114 on stream 0 at 20-Dec-2022 10:51:55.759 CET
Begin processing the 19001st record. Run 1, Event 1115395, LumiSection 4132 on stream 0 at 20-Dec-2022 10:53:19.610 CET
Begin processing the 20001st record. Run 1, Event 74446, LumiSection 276 on stream 0 at 20-Dec-2022 10:54:47.936 CET
Begin processing the 21001st record. Run 1, Event 1134138, LumiSection 4201 on stream 0 at 20-Dec-2022 10:56:18.289 CET
Begin processing the 22001st record. Run 1, Event 192901, LumiSection 715 on stream 0 at 20-Dec-2022 10:57:49.962 CET
[2022-12-20 10:59:19.573327 +0100][Error  ][AsyncSock         ] [xrootd.ba.infn.it:1094 #0.0] Socket error while handshaking: [ERROR] Socket timeout
[2022-12-20 10:59:19.573513 +0100][Error  ][PostMaster        ] [xrootd.ba.infn.it:1094 #0] elapsed = 45, pConnectionWindow = 31 seconds.
Begin processing the 23001st record. Run 1, Event 1299299, LumiSection 4813 on stream 0 at 20-Dec-2022 10:59:25.652 CET
[2022-12-20 11:00:04.807332 +0100][Error  ][AsyncSock         ] [xrootd.ba.infn.it:1094 #0.0] Socket error while handshaking: [ERROR] Socket timeout
[2022-12-20 11:00:04.807547 +0100][Error  ][PostMaster        ] [xrootd.ba.infn.it:1094 #0] elapsed = 45, pConnectionWindow = 31 seconds.
[2022-12-20 11:00:04.807560 +0100][Error  ][PostMaster        ] [xrootd.ba.infn.it:1094 #0] Unable to recover: [ERROR] Socket timeout.
[2022-12-20 11:00:04.807569 +0100][Error  ][XRootD            ] [xrootd.ba.infn.it:1094] Impossible to send message kXR_open (file: /store/user/alesauva/flashgg/UL2017_3/10_6_4/VHToGG_M125_TuneCP5_13TeV-amcatnloFXFX-madspin-pythia8/UL2017_3-10_6_4-v0-RunIISummer19UL17MiniAOD-106X_mc2017_realistic_v6-v1/200718_083214/0000/myMicroAODOutputFile_4.root?tried=stor75.datagrid.cea.fr, mode: 0660, flags: kXR_open_read kXR_async kXR_retstat ). Trying to recover.
Begin processing the 24001st record. Run 1, Event 1149531, LumiSection 4258 on stream 0 at 20-Dec-2022 11:01:06.679 CET
20-Dec-2022 11:02:04 CET  Closed file root://cms-xrd-global.cern.ch//store/user/alesauva/flashgg/UL2017_3/10_6_4/VHToGG_M125_TuneCP5_13TeV-amcatnloFXFX-madspin-pythia8/UL2017_3-10_6_4-v0-RunIISummer19UL17MiniAOD-106X_mc2017_realistic_v6-v1/200718_083214/0000/myMicroAODOutputFile_4.root

TrigReport ---------- Event  Summary ------------
TrigReport Events total = 24645 passed = 15892 failed = 8753

TrigReport ---------- Path   Summary ------------
TrigReport  Trig Bit#   Executed     Passed     Failed      Error Name
TrigReport     1    0      24645      15892       8753          0 p

TrigReport -------End-Path   Summary ------------
TrigReport  Trig Bit#   Executed     Passed     Failed      Error Name

TrigReport ---------- Modules in Path: p ------------
TrigReport  Trig Bit#    Visited     Passed     Failed      Error Name
TrigReport     1    0      24645      24513        132          0 flashggMetFilters
TrigReport     1    1      24513      15892       8621          0 VHFilter
TrigReport     1    2      15892      15892          0          0 flashggDifferentialPhoIdInputsCorrection
TrigReport     1    3      15892      15892          0          0 flashggDiPhotonSystematics
TrigReport     1    4      15892      15892          0          0 flashggMetSystematics
TrigReport     1    5      15892      15892          0          0 flashggMuonSystematics
TrigReport     1    6      15892      15892          0          0 flashggElectronSystematics
TrigReport     1    7      15892      15892          0          0 flashggUnpackedJets
TrigReport     1    8      15892      15892          0          0 flashggJetSystematics0
TrigReport     1    9      15892      15892          0          0 flashggJetSystematics1
TrigReport     1   10      15892      15892          0          0 flashggJetSystematics2
TrigReport     1   11      15892      15892          0          0 flashggJetSystematics3
TrigReport     1   12      15892      15892          0          0 flashggJetSystematics4
TrigReport     1   13      15892      15892          0          0 flashggJetSystematics5
TrigReport     1   14      15892      15892          0          0 flashggJetSystematics6
TrigReport     1   15      15892      15892          0          0 flashggJetSystematics7
TrigReport     1   16      15892      15892          0          0 flashggJetSystematics8
TrigReport     1   17      15892      15892          0          0 flashggJetSystematics9
TrigReport     1   18      15892      15892          0          0 flashggJetSystematics10
TrigReport     1   19      15892      15892          0          0 flashggJetSystematics11
TrigReport     1   20      15892      15892          0          0 flashggPrefireDiPhotons
TrigReport     1   21      15892      15892          0          0 flashggPreselectedDiPhotons
TrigReport     1   22      15892      15892          0          0 flashggDiPhotonMVA
TrigReport     1   23      15892      15892          0          0 flashggVBFMVA
TrigReport     1   24      15892      15892          0          0 flashggVHhadMVA
TrigReport     1   25      15892      15892          0          0 flashggGluGluHMVA
TrigReport     1   26      15892      15892          0          0 flashggStageOneCombinedTag
TrigReport     1   27      15892      15892          0          0 flashggTHQLeptonicTag
TrigReport     1   28      15892      15892          0          0 flashggVHMetTag
TrigReport     1   29      15892      15892          0          0 flashggWHLeptonicTag
TrigReport     1   30      15892      15892          0          0 flashggZHLeptonicTag
TrigReport     1   31      15892      15892          0          0 flashggTTHLeptonicTag
TrigReport     1   32      15892      15892          0          0 flashggTTHHadronicTag
TrigReport     1   33      15892      15892          0          0 flashggTagSorter
TrigReport     1   34      15892      15892          0          0 flashggSystTagMerger
TrigReport     1   35      15892      15892          0          0 tagsDumper

TrigReport ---------- Module Summary ------------
TrigReport    Visited   Executed     Passed     Failed      Error Name
TrigReport      24645      24645      24645          0          0 TriggerResults
TrigReport      24513      24513      15892       8621          0 VHFilter
TrigReport      15892      15892      15892          0          0 ak4PFCHSL1FastL2L3Corrector
TrigReport      15892      15892      15892          0          0 ak4PFCHSL1FastjetCorrector
TrigReport      15892      15892      15892          0          0 ak4PFCHSL2RelativeCorrector
TrigReport      15892      15892      15892          0          0 ak4PFCHSL3AbsoluteCorrector
TrigReport      15892      15892      15892          0          0 flashggDiPhotonMVA
TrigReport      15892      15892      15892          0          0 flashggDiPhotonSystematics
TrigReport      15892      15892      15892          0          0 flashggDifferentialPhoIdInputsCorrection
TrigReport      15892      15892      15892          0          0 flashggElectronSystematics
TrigReport      15892      15892      15892          0          0 flashggGluGluHMVA
TrigReport      15892      15892      15892          0          0 flashggJetSystematics0
TrigReport      15892      15892      15892          0          0 flashggJetSystematics1
TrigReport      15892      15892      15892          0          0 flashggJetSystematics10
TrigReport      15892      15892      15892          0          0 flashggJetSystematics11
TrigReport      15892      15892      15892          0          0 flashggJetSystematics2
TrigReport      15892      15892      15892          0          0 flashggJetSystematics3
TrigReport      15892      15892      15892          0          0 flashggJetSystematics4
TrigReport      15892      15892      15892          0          0 flashggJetSystematics5
TrigReport      15892      15892      15892          0          0 flashggJetSystematics6
TrigReport      15892      15892      15892          0          0 flashggJetSystematics7
TrigReport      15892      15892      15892          0          0 flashggJetSystematics8
TrigReport      15892      15892      15892          0          0 flashggJetSystematics9
TrigReport      24645      24645      24513        132          0 flashggMetFilters
TrigReport      15892      15892      15892          0          0 flashggMetSystematics
TrigReport      15892      15892      15892          0          0 flashggMuonSystematics
TrigReport      15892      15892      15892          0          0 flashggPrefireDiPhotons
TrigReport      15892      15892      15892          0          0 flashggPreselectedDiPhotons
TrigReport      15892      15892      15892          0          0 flashggStageOneCombinedTag
TrigReport      15892      15892      15892          0          0 flashggSystTagMerger
TrigReport      15892      15892      15892          0          0 flashggTHQLeptonicTag
TrigReport      15892      15892      15892          0          0 flashggTTHHadronicTag
TrigReport      15892      15892      15892          0          0 flashggTTHLeptonicTag
TrigReport      15892      15892      15892          0          0 flashggTagSorter
TrigReport      15892      15892      15892          0          0 flashggUnpackedJets
TrigReport      15892      15892      15892          0          0 flashggVBFMVA
TrigReport      15892      15892      15892          0          0 flashggVHMetTag
TrigReport      15892      15892      15892          0          0 flashggVHhadMVA
TrigReport      15892      15892      15892          0          0 flashggWHLeptonicTag
TrigReport      15892      15892      15892          0          0 flashggZHLeptonicTag
TrigReport      24645      24645      24645          0          0 p
TrigReport      15892      15892      15892          0          0 tagsDumper

TimeReport ---------- Event  Summary ---[sec]----
TimeReport       event loop CPU/event = 0.101785
TimeReport      event loop Real/event = 0.105791
TimeReport     sum Streams Real/event = 0.102733
TimeReport efficiency CPU/Real/thread = 0.962141

TimeReport ---------- Path   Summary ---[Real sec]----
TimeReport  per event     per exec  Name
TimeReport   0.102327     0.102327  p
TimeReport  per event     per exec  Name

TimeReport -------End-Path   Summary ---[Real sec]----
TimeReport  per event     per exec  Name
TimeReport  per event     per exec  Name

TimeReport ---------- Modules in Path: p ---[Real sec]----
TimeReport  per event    per visit  Name
TimeReport   0.000014     0.000014  flashggMetFilters
TimeReport   0.000006     0.000006  VHFilter
TimeReport   0.055830     0.086581  flashggDifferentialPhoIdInputsCorrection
TimeReport   0.033679     0.052228  flashggDiPhotonSystematics
TimeReport   0.000126     0.000195  flashggMetSystematics
TimeReport   0.000018     0.000029  flashggMuonSystematics
TimeReport   0.000029     0.000045  flashggElectronSystematics
TimeReport   0.000168     0.000261  flashggUnpackedJets
TimeReport   0.003118     0.004836  flashggJetSystematics0
TimeReport   0.000458     0.000710  flashggJetSystematics1
TimeReport   0.000404     0.000626  flashggJetSystematics2
TimeReport   0.000387     0.000600  flashggJetSystematics3
TimeReport   0.000381     0.000591  flashggJetSystematics4
TimeReport   0.000377     0.000585  flashggJetSystematics5
TimeReport   0.000374     0.000580  flashggJetSystematics6
TimeReport   0.000375     0.000581  flashggJetSystematics7
TimeReport   0.000374     0.000581  flashggJetSystematics8
TimeReport   0.000370     0.000575  flashggJetSystematics9
TimeReport   0.000371     0.000575  flashggJetSystematics10
TimeReport   0.000368     0.000571  flashggJetSystematics11
TimeReport   0.000232     0.000360  flashggPrefireDiPhotons
TimeReport   0.000081     0.000126  flashggPreselectedDiPhotons
TimeReport   0.000027     0.000043  flashggDiPhotonMVA
TimeReport   0.000021     0.000032  flashggVBFMVA
TimeReport   0.000012     0.000019  flashggVHhadMVA
TimeReport   0.000033     0.000051  flashggGluGluHMVA
TimeReport   0.000021     0.000033  flashggStageOneCombinedTag
TimeReport   0.000252     0.000390  flashggTHQLeptonicTag
TimeReport   0.000197     0.000305  flashggVHMetTag
TimeReport   0.000027     0.000041  flashggWHLeptonicTag
TimeReport   0.000015     0.000024  flashggZHLeptonicTag
TimeReport   0.000414     0.000641  flashggTTHLeptonicTag
TimeReport   0.001478     0.002292  flashggTTHHadronicTag
TimeReport   0.000062     0.000095  flashggTagSorter
TimeReport   0.000003     0.000004  flashggSystTagMerger
TimeReport   0.000269     0.000417  tagsDumper
TimeReport  per event    per visit  Name

TimeReport ---------- Module Summary ---[Real sec]----
TimeReport  per event     per exec    per visit  Name
TimeReport   0.000002     0.000002     0.000002  TriggerResults
TimeReport   0.000006     0.000006     0.000006  VHFilter
TimeReport   0.000003     0.000004     0.000004  ak4PFCHSL1FastL2L3Corrector
TimeReport   0.000003     0.000004     0.000004  ak4PFCHSL1FastjetCorrector
TimeReport   0.000001     0.000002     0.000002  ak4PFCHSL2RelativeCorrector
TimeReport   0.000010     0.000016     0.000016  ak4PFCHSL3AbsoluteCorrector
TimeReport   0.000027     0.000043     0.000043  flashggDiPhotonMVA
TimeReport   0.033679     0.052228     0.052228  flashggDiPhotonSystematics
TimeReport   0.055830     0.086581     0.086581  flashggDifferentialPhoIdInputsCorrection
TimeReport   0.000029     0.000045     0.000045  flashggElectronSystematics
TimeReport   0.000033     0.000051     0.000051  flashggGluGluHMVA
TimeReport   0.003118     0.004836     0.004836  flashggJetSystematics0
TimeReport   0.000458     0.000710     0.000710  flashggJetSystematics1
TimeReport   0.000371     0.000575     0.000575  flashggJetSystematics10
TimeReport   0.000368     0.000571     0.000571  flashggJetSystematics11
TimeReport   0.000404     0.000626     0.000626  flashggJetSystematics2
TimeReport   0.000387     0.000600     0.000600  flashggJetSystematics3
TimeReport   0.000381     0.000591     0.000591  flashggJetSystematics4
TimeReport   0.000377     0.000585     0.000585  flashggJetSystematics5
TimeReport   0.000374     0.000580     0.000580  flashggJetSystematics6
TimeReport   0.000375     0.000581     0.000581  flashggJetSystematics7
TimeReport   0.000374     0.000581     0.000581  flashggJetSystematics8
TimeReport   0.000370     0.000575     0.000575  flashggJetSystematics9
TimeReport   0.000014     0.000014     0.000014  flashggMetFilters
TimeReport   0.000126     0.000195     0.000195  flashggMetSystematics
TimeReport   0.000018     0.000029     0.000029  flashggMuonSystematics
TimeReport   0.000232     0.000360     0.000360  flashggPrefireDiPhotons
TimeReport   0.000081     0.000126     0.000126  flashggPreselectedDiPhotons
TimeReport   0.000021     0.000033     0.000033  flashggStageOneCombinedTag
TimeReport   0.000003     0.000004     0.000004  flashggSystTagMerger
TimeReport   0.000252     0.000390     0.000390  flashggTHQLeptonicTag
TimeReport   0.001478     0.002292     0.002292  flashggTTHHadronicTag
TimeReport   0.000414     0.000641     0.000641  flashggTTHLeptonicTag
TimeReport   0.000062     0.000095     0.000095  flashggTagSorter
TimeReport   0.000168     0.000261     0.000261  flashggUnpackedJets
TimeReport   0.000021     0.000032     0.000032  flashggVBFMVA
TimeReport   0.000197     0.000305     0.000305  flashggVHMetTag
TimeReport   0.000012     0.000019     0.000019  flashggVHhadMVA
TimeReport   0.000027     0.000041     0.000041  flashggWHLeptonicTag
TimeReport   0.000015     0.000024     0.000024  flashggZHLeptonicTag
TimeReport   0.000003     0.000003     0.000003  p
TimeReport   0.000269     0.000417     0.000417  tagsDumper
TimeReport  per event     per exec    per visit  Name

T---Report end!


=============================================

MessageLogger Summary

 type     category        sev    module        subroutine        count    total
 ---- -------------------- -- ---------------- ----------------  -----    -----
    1 XrdAdaptor           -w file_open                              1        1
    2 fileAction           -s file_close                             1        1
    3 fileAction           -s file_open                              2        2

 type    category    Examples: run/evt        run/evt          run/evt
 ---- -------------------- ---------------- ---------------- ----------------
    1 XrdAdaptor           pre-events                        
    2 fileAction           PostGlobalEndRun                  
    3 fileAction           pre-events       pre-events       

Severity    # Occurrences   Total Occurrences
--------    -------------   -----------------
Warning                 1                   1
System                  3                   3

dropped waiting message count 0
