mkdir: cannot create directory '/afs/cern.ch/user/x/xisu/private/local/Analysis_workspace/VH_AC_tmp1/flashgg_d2/CMSSW_10_6_29/src/flashgg/VHAC_Analysis_Met/UL_17/UL_17_wh125': File exists
/cvmfs/cms.cern.ch/slc7_amd64_gcc700/external/py2-requests/2.21.0-pafccj2/lib/python2.7/site-packages/requests/__init__.py:91: RequestsDependencyWarning: urllib3 (1.25.2) or chardet (3.0.4) doesn't match a supported version!
  RequestsDependencyWarning)
20-Dec-2022 10:05:18 CET  Initiating request to open file root://cms-xrd-global.cern.ch//store/user/alesauva/flashgg/UL2017_4/10_6_4/WHiggs0PHToGG_M125_TuneCP5_13TeV-JHUGenV7011-pythia8/UL2017_4-10_6_4-v0-RunIISummer19UL17MiniAOD-106X_mc2017_realistic_v6-v2/200720_155719/0000/myMicroAODOutputFile_8.root
%MSG-w XrdAdaptor:  file_open 20-Dec-2022 10:05:21 CET pre-events
Data is served from GRIF-IRFU instead of original site CERN-CMSGLOBAL-01
%MSG
20-Dec-2022 10:05:23 CET  Successfully opened file root://cms-xrd-global.cern.ch//store/user/alesauva/flashgg/UL2017_4/10_6_4/WHiggs0PHToGG_M125_TuneCP5_13TeV-JHUGenV7011-pythia8/UL2017_4-10_6_4-v0-RunIISummer19UL17MiniAOD-106X_mc2017_realistic_v6-v2/200720_155719/0000/myMicroAODOutputFile_8.root
[2022-12-20 10:06:11.452404 +0100][Error  ][AsyncSock         ] [xrootd.ba.infn.it:1094 #0.0] Socket error while handshaking: [ERROR] Socket timeout
[2022-12-20 10:06:11.452787 +0100][Error  ][PostMaster        ] [xrootd.ba.infn.it:1094 #0] elapsed = 45, pConnectionWindow = 31 seconds.
[2022-12-20 10:06:56.703995 +0100][Error  ][AsyncSock         ] [xrootd.ba.infn.it:1094 #0.0] Socket error while handshaking: [ERROR] Socket timeout
[2022-12-20 10:06:56.704166 +0100][Error  ][PostMaster        ] [xrootd.ba.infn.it:1094 #0] elapsed = 45, pConnectionWindow = 31 seconds.
[2022-12-20 10:06:56.704196 +0100][Error  ][PostMaster        ] [xrootd.ba.infn.it:1094 #0] Unable to recover: [ERROR] Socket timeout.
[2022-12-20 10:06:56.704224 +0100][Error  ][XRootD            ] [xrootd.ba.infn.it:1094] Impossible to send message kXR_open (file: /store/user/alesauva/flashgg/UL2017_4/10_6_4/WHiggs0PHToGG_M125_TuneCP5_13TeV-JHUGenV7011-pythia8/UL2017_4-10_6_4-v0-RunIISummer19UL17MiniAOD-106X_mc2017_realistic_v6-v2/200720_155719/0000/myMicroAODOutputFile_8.root?tried=+1413xrootd-redic.pi.infn.it,+1213llrxrd-redir.in2p3.fr,+1213xrootd-cms-redir-int.cr.cnaf.infn.it,+1413xrootd-cms-redir-int.cr.cnaf.infn.it,+1413llrxrd-redir.in2p3.fr,stor95.datagrid.cea.fr,node12.datagrid.cea.fr,xrootd-cms-redir-int.cr.cnaf.infn.it,xrootd-cms.infn.it,xrootd-redic.pi.infn.it&triedrc=enoent,enoent, mode: 0660, flags: kXR_open_read kXR_async kXR_retstat ). Trying to recover.
2022-12-20 10:21:01.618700: I tensorflow/core/platform/cpu_feature_guard.cc:140] Your CPU supports instructions that this TensorFlow binary was not compiled to use: SSE4.1 SSE4.2 AVX AVX2 FMA
Begin processing the 1st record. Run 1, Event 14512, LumiSection 146 on stream 0 at 20-Dec-2022 10:22:25.361 CET
[2022-12-20 10:23:08.801764 +0100][Error  ][AsyncSock         ] [xrootd.ba.infn.it:1094 #0.0] Socket error while handshaking: [ERROR] Socket timeout
[2022-12-20 10:23:08.801921 +0100][Error  ][PostMaster        ] [xrootd.ba.infn.it:1094 #0] elapsed = 45, pConnectionWindow = 31 seconds.
[2022-12-20 10:23:53.042268 +0100][Error  ][AsyncSock         ] [xrootd.ba.infn.it:1094 #0.0] Socket error while handshaking: [ERROR] Socket timeout
[2022-12-20 10:23:53.042467 +0100][Error  ][PostMaster        ] [xrootd.ba.infn.it:1094 #0] elapsed = 45, pConnectionWindow = 31 seconds.
[2022-12-20 10:23:53.042495 +0100][Error  ][PostMaster        ] [xrootd.ba.infn.it:1094 #0] Unable to recover: [ERROR] Socket timeout.
[2022-12-20 10:23:53.042521 +0100][Error  ][XRootD            ] [xrootd.ba.infn.it:1094] Impossible to send message kXR_open (file: /store/user/alesauva/flashgg/UL2017_4/10_6_4/WHiggs0PHToGG_M125_TuneCP5_13TeV-JHUGenV7011-pythia8/UL2017_4-10_6_4-v0-RunIISummer19UL17MiniAOD-106X_mc2017_realistic_v6-v2/200720_155719/0000/myMicroAODOutputFile_8.root?tried=stor95.datagrid.cea.fr, mode: 0660, flags: kXR_open_read kXR_async kXR_retstat ). Trying to recover.
Begin processing the 1001st record. Run 1, Event 120801, LumiSection 1209 on stream 0 at 20-Dec-2022 10:29:00.241 CET
Begin processing the 2001st record. Run 1, Event 121804, LumiSection 1219 on stream 0 at 20-Dec-2022 10:31:41.477 CET
[2022-12-20 10:32:30.540706 +0100][Error  ][AsyncSock         ] [xrootd.ba.infn.it:1094 #0.0] Socket error while handshaking: [ERROR] Socket timeout
[2022-12-20 10:32:30.540909 +0100][Error  ][PostMaster        ] [xrootd.ba.infn.it:1094 #0] elapsed = 45, pConnectionWindow = 31 seconds.
[2022-12-20 10:33:15.787986 +0100][Error  ][AsyncSock         ] [xrootd.ba.infn.it:1094 #0.0] Socket error while handshaking: [ERROR] Socket timeout
[2022-12-20 10:33:15.788103 +0100][Error  ][PostMaster        ] [xrootd.ba.infn.it:1094 #0] elapsed = 45, pConnectionWindow = 31 seconds.
[2022-12-20 10:33:15.788116 +0100][Error  ][PostMaster        ] [xrootd.ba.infn.it:1094 #0] Unable to recover: [ERROR] Socket timeout.
[2022-12-20 10:33:15.788126 +0100][Error  ][XRootD            ] [xrootd.ba.infn.it:1094] Impossible to send message kXR_open (file: /store/user/alesauva/flashgg/UL2017_4/10_6_4/WHiggs0PHToGG_M125_TuneCP5_13TeV-JHUGenV7011-pythia8/UL2017_4-10_6_4-v0-RunIISummer19UL17MiniAOD-106X_mc2017_realistic_v6-v2/200720_155719/0000/myMicroAODOutputFile_8.root?tried=stor95.datagrid.cea.fr, mode: 0660, flags: kXR_open_read kXR_async kXR_retstat ). Trying to recover.
Begin processing the 3001st record. Run 1, Event 122805, LumiSection 1229 on stream 0 at 20-Dec-2022 10:34:23.946 CET
Begin processing the 4001st record. Run 1, Event 123803, LumiSection 1239 on stream 0 at 20-Dec-2022 10:37:00.110 CET
[2022-12-20 10:37:55.969694 +0100][Error  ][AsyncSock         ] [xrootd.ba.infn.it:1094 #0.0] Socket error while handshaking: [ERROR] Socket timeout
[2022-12-20 10:37:55.969857 +0100][Error  ][PostMaster        ] [xrootd.ba.infn.it:1094 #0] elapsed = 45, pConnectionWindow = 31 seconds.
[2022-12-20 10:38:40.215686 +0100][Error  ][AsyncSock         ] [xrootd.ba.infn.it:1094 #0.0] Socket error while handshaking: [ERROR] Socket timeout
[2022-12-20 10:38:40.215812 +0100][Error  ][PostMaster        ] [xrootd.ba.infn.it:1094 #0] elapsed = 45, pConnectionWindow = 31 seconds.
[2022-12-20 10:38:40.215825 +0100][Error  ][PostMaster        ] [xrootd.ba.infn.it:1094 #0] Unable to recover: [ERROR] Socket timeout.
[2022-12-20 10:38:40.215834 +0100][Error  ][XRootD            ] [xrootd.ba.infn.it:1094] Impossible to send message kXR_open (file: /store/user/alesauva/flashgg/UL2017_4/10_6_4/WHiggs0PHToGG_M125_TuneCP5_13TeV-JHUGenV7011-pythia8/UL2017_4-10_6_4-v0-RunIISummer19UL17MiniAOD-106X_mc2017_realistic_v6-v2/200720_155719/0000/myMicroAODOutputFile_8.root?tried=stor95.datagrid.cea.fr, mode: 0660, flags: kXR_open_read kXR_async kXR_retstat ). Trying to recover.
Begin processing the 5001st record. Run 1, Event 158408, LumiSection 1585 on stream 0 at 20-Dec-2022 10:39:47.341 CET
Begin processing the 6001st record. Run 1, Event 228908, LumiSection 2290 on stream 0 at 20-Dec-2022 10:42:34.452 CET
[2022-12-20 10:43:33.777710 +0100][Error  ][AsyncSock         ] [xrootd.ba.infn.it:1094 #0.0] Socket error while handshaking: [ERROR] Socket timeout
[2022-12-20 10:43:33.777868 +0100][Error  ][PostMaster        ] [xrootd.ba.infn.it:1094 #0] elapsed = 45, pConnectionWindow = 31 seconds.
[2022-12-20 10:44:18.036715 +0100][Error  ][AsyncSock         ] [xrootd.ba.infn.it:1094 #0.0] Socket error while handshaking: [ERROR] Socket timeout
[2022-12-20 10:44:18.036915 +0100][Error  ][PostMaster        ] [xrootd.ba.infn.it:1094 #0] elapsed = 45, pConnectionWindow = 31 seconds.
[2022-12-20 10:44:18.036951 +0100][Error  ][PostMaster        ] [xrootd.ba.infn.it:1094 #0] Unable to recover: [ERROR] Socket timeout.
[2022-12-20 10:44:18.036982 +0100][Error  ][XRootD            ] [xrootd.ba.infn.it:1094] Impossible to send message kXR_open (file: /store/user/alesauva/flashgg/UL2017_4/10_6_4/WHiggs0PHToGG_M125_TuneCP5_13TeV-JHUGenV7011-pythia8/UL2017_4-10_6_4-v0-RunIISummer19UL17MiniAOD-106X_mc2017_realistic_v6-v2/200720_155719/0000/myMicroAODOutputFile_8.root?tried=stor95.datagrid.cea.fr, mode: 0660, flags: kXR_open_read kXR_async kXR_retstat ). Trying to recover.
Begin processing the 7001st record. Run 1, Event 229906, LumiSection 2300 on stream 0 at 20-Dec-2022 10:45:26.209 CET
Begin processing the 8001st record. Run 1, Event 230907, LumiSection 2310 on stream 0 at 20-Dec-2022 10:48:13.491 CET
Begin processing the 9001st record. Run 1, Event 231904, LumiSection 2320 on stream 0 at 20-Dec-2022 10:50:56.144 CET
[2022-12-20 10:52:05.456701 +0100][Error  ][AsyncSock         ] [xrootd.ba.infn.it:1094 #0.0] Socket error while handshaking: [ERROR] Socket timeout
[2022-12-20 10:52:05.456842 +0100][Error  ][PostMaster        ] [xrootd.ba.infn.it:1094 #0] elapsed = 45, pConnectionWindow = 31 seconds.
[2022-12-20 10:52:50.710716 +0100][Error  ][AsyncSock         ] [xrootd.ba.infn.it:1094 #0.0] Socket error while handshaking: [ERROR] Socket timeout
[2022-12-20 10:52:50.710888 +0100][Error  ][PostMaster        ] [xrootd.ba.infn.it:1094 #0] elapsed = 45, pConnectionWindow = 31 seconds.
[2022-12-20 10:52:50.710914 +0100][Error  ][PostMaster        ] [xrootd.ba.infn.it:1094 #0] Unable to recover: [ERROR] Socket timeout.
[2022-12-20 10:52:50.710937 +0100][Error  ][XRootD            ] [xrootd.ba.infn.it:1094] Impossible to send message kXR_open (file: /store/user/alesauva/flashgg/UL2017_4/10_6_4/WHiggs0PHToGG_M125_TuneCP5_13TeV-JHUGenV7011-pythia8/UL2017_4-10_6_4-v0-RunIISummer19UL17MiniAOD-106X_mc2017_realistic_v6-v2/200720_155719/0000/myMicroAODOutputFile_8.root?tried=stor95.datagrid.cea.fr, mode: 0660, flags: kXR_open_read kXR_async kXR_retstat ). Trying to recover.
Begin processing the 10001st record. Run 1, Event 232911, LumiSection 2330 on stream 0 at 20-Dec-2022 10:53:43.921 CET
Begin processing the 11001st record. Run 1, Event 252210, LumiSection 2523 on stream 0 at 20-Dec-2022 10:56:39.435 CET
[2022-12-20 10:57:53.417787 +0100][Error  ][AsyncSock         ] [xrootd.ba.infn.it:1094 #0.0] Socket error while handshaking: [ERROR] Socket timeout
[2022-12-20 10:57:53.417963 +0100][Error  ][PostMaster        ] [xrootd.ba.infn.it:1094 #0] elapsed = 45, pConnectionWindow = 31 seconds.
[2022-12-20 10:58:38.668704 +0100][Error  ][AsyncSock         ] [xrootd.ba.infn.it:1094 #0.0] Socket error while handshaking: [ERROR] Socket timeout
[2022-12-20 10:58:38.668866 +0100][Error  ][PostMaster        ] [xrootd.ba.infn.it:1094 #0] elapsed = 45, pConnectionWindow = 31 seconds.
[2022-12-20 10:58:38.668889 +0100][Error  ][PostMaster        ] [xrootd.ba.infn.it:1094 #0] Unable to recover: [ERROR] Socket timeout.
[2022-12-20 10:58:38.668904 +0100][Error  ][XRootD            ] [xrootd.ba.infn.it:1094] Impossible to send message kXR_open (file: /store/user/alesauva/flashgg/UL2017_4/10_6_4/WHiggs0PHToGG_M125_TuneCP5_13TeV-JHUGenV7011-pythia8/UL2017_4-10_6_4-v0-RunIISummer19UL17MiniAOD-106X_mc2017_realistic_v6-v2/200720_155719/0000/myMicroAODOutputFile_8.root?tried=stor95.datagrid.cea.fr, mode: 0660, flags: kXR_open_read kXR_async kXR_retstat ). Trying to recover.
Begin processing the 12001st record. Run 1, Event 253209, LumiSection 2533 on stream 0 at 20-Dec-2022 10:59:18.838 CET
Begin processing the 13001st record. Run 1, Event 254907, LumiSection 2550 on stream 0 at 20-Dec-2022 11:02:07.795 CET
[2022-12-20 11:03:31.639715 +0100][Error  ][AsyncSock         ] [xrootd.ba.infn.it:1094 #0.0] Socket error while handshaking: [ERROR] Socket timeout
[2022-12-20 11:03:31.639923 +0100][Error  ][PostMaster        ] [xrootd.ba.infn.it:1094 #0] elapsed = 45, pConnectionWindow = 31 seconds.
[2022-12-20 11:04:16.893700 +0100][Error  ][AsyncSock         ] [xrootd.ba.infn.it:1094 #0.0] Socket error while handshaking: [ERROR] Socket timeout
[2022-12-20 11:04:16.893824 +0100][Error  ][PostMaster        ] [xrootd.ba.infn.it:1094 #0] elapsed = 45, pConnectionWindow = 31 seconds.
[2022-12-20 11:04:16.893843 +0100][Error  ][PostMaster        ] [xrootd.ba.infn.it:1094 #0] Unable to recover: [ERROR] Socket timeout.
[2022-12-20 11:04:16.893868 +0100][Error  ][XRootD            ] [xrootd.ba.infn.it:1094] Impossible to send message kXR_open (file: /store/user/alesauva/flashgg/UL2017_4/10_6_4/WHiggs0PHToGG_M125_TuneCP5_13TeV-JHUGenV7011-pythia8/UL2017_4-10_6_4-v0-RunIISummer19UL17MiniAOD-106X_mc2017_realistic_v6-v2/200720_155719/0000/myMicroAODOutputFile_8.root?tried=stor95.datagrid.cea.fr, mode: 0660, flags: kXR_open_read kXR_async kXR_retstat ). Trying to recover.
Begin processing the 14001st record. Run 1, Event 295404, LumiSection 2955 on stream 0 at 20-Dec-2022 11:05:02.126 CET
Begin processing the 15001st record. Run 1, Event 296402, LumiSection 2965 on stream 0 at 20-Dec-2022 11:07:41.652 CET
[2022-12-20 11:09:06.426812 +0100][Error  ][AsyncSock         ] [xrootd.ba.infn.it:1094 #0.0] Socket error while handshaking: [ERROR] Socket timeout
[2022-12-20 11:09:06.426980 +0100][Error  ][PostMaster        ] [xrootd.ba.infn.it:1094 #0] elapsed = 45, pConnectionWindow = 31 seconds.
[2022-12-20 11:09:51.675702 +0100][Error  ][AsyncSock         ] [xrootd.ba.infn.it:1094 #0.0] Socket error while handshaking: [ERROR] Socket timeout
[2022-12-20 11:09:51.675869 +0100][Error  ][PostMaster        ] [xrootd.ba.infn.it:1094 #0] elapsed = 45, pConnectionWindow = 31 seconds.
[2022-12-20 11:09:51.675890 +0100][Error  ][PostMaster        ] [xrootd.ba.infn.it:1094 #0] Unable to recover: [ERROR] Socket timeout.
[2022-12-20 11:09:51.675903 +0100][Error  ][XRootD            ] [xrootd.ba.infn.it:1094] Impossible to send message kXR_open (file: /store/user/alesauva/flashgg/UL2017_4/10_6_4/WHiggs0PHToGG_M125_TuneCP5_13TeV-JHUGenV7011-pythia8/UL2017_4-10_6_4-v0-RunIISummer19UL17MiniAOD-106X_mc2017_realistic_v6-v2/200720_155719/0000/myMicroAODOutputFile_8.root?tried=stor95.datagrid.cea.fr, mode: 0660, flags: kXR_open_read kXR_async kXR_retstat ). Trying to recover.
Begin processing the 16001st record. Run 1, Event 297513, LumiSection 2976 on stream 0 at 20-Dec-2022 11:10:30.472 CET
Begin processing the 17001st record. Run 1, Event 320405, LumiSection 3205 on stream 0 at 20-Dec-2022 11:13:15.497 CET
[2022-12-20 11:14:51.476689 +0100][Error  ][AsyncSock         ] [xrootd.ba.infn.it:1094 #0.0] Socket error while handshaking: [ERROR] Socket timeout
[2022-12-20 11:14:51.476860 +0100][Error  ][PostMaster        ] [xrootd.ba.infn.it:1094 #0] elapsed = 45, pConnectionWindow = 31 seconds.
[2022-12-20 11:15:36.743249 +0100][Error  ][AsyncSock         ] [xrootd.ba.infn.it:1094 #0.0] Socket error while handshaking: [ERROR] Socket timeout
[2022-12-20 11:15:36.743401 +0100][Error  ][PostMaster        ] [xrootd.ba.infn.it:1094 #0] elapsed = 45, pConnectionWindow = 31 seconds.
[2022-12-20 11:15:36.743419 +0100][Error  ][PostMaster        ] [xrootd.ba.infn.it:1094 #0] Unable to recover: [ERROR] Socket timeout.
[2022-12-20 11:15:36.743436 +0100][Error  ][XRootD            ] [xrootd.ba.infn.it:1094] Impossible to send message kXR_open (file: /store/user/alesauva/flashgg/UL2017_4/10_6_4/WHiggs0PHToGG_M125_TuneCP5_13TeV-JHUGenV7011-pythia8/UL2017_4-10_6_4-v0-RunIISummer19UL17MiniAOD-106X_mc2017_realistic_v6-v2/200720_155719/0000/myMicroAODOutputFile_8.root?tried=stor95.datagrid.cea.fr, mode: 0660, flags: kXR_open_read kXR_async kXR_retstat ). Trying to recover.
Begin processing the 18001st record. Run 1, Event 321412, LumiSection 3215 on stream 0 at 20-Dec-2022 11:16:10.943 CET
Begin processing the 19001st record. Run 1, Event 363306, LumiSection 3634 on stream 0 at 20-Dec-2022 11:18:49.260 CET
[2022-12-20 11:20:24.584725 +0100][Error  ][AsyncSock         ] [xrootd.ba.infn.it:1094 #0.0] Socket error while handshaking: [ERROR] Socket timeout
[2022-12-20 11:20:24.584881 +0100][Error  ][PostMaster        ] [xrootd.ba.infn.it:1094 #0] elapsed = 45, pConnectionWindow = 31 seconds.
[2022-12-20 11:21:09.837990 +0100][Error  ][AsyncSock         ] [xrootd.ba.infn.it:1094 #0.0] Socket error while handshaking: [ERROR] Socket timeout
[2022-12-20 11:21:09.838163 +0100][Error  ][PostMaster        ] [xrootd.ba.infn.it:1094 #0] elapsed = 45, pConnectionWindow = 31 seconds.
[2022-12-20 11:21:09.838185 +0100][Error  ][PostMaster        ] [xrootd.ba.infn.it:1094 #0] Unable to recover: [ERROR] Socket timeout.
[2022-12-20 11:21:09.838220 +0100][Error  ][XRootD            ] [xrootd.ba.infn.it:1094] Impossible to send message kXR_open (file: /store/user/alesauva/flashgg/UL2017_4/10_6_4/WHiggs0PHToGG_M125_TuneCP5_13TeV-JHUGenV7011-pythia8/UL2017_4-10_6_4-v0-RunIISummer19UL17MiniAOD-106X_mc2017_realistic_v6-v2/200720_155719/0000/myMicroAODOutputFile_8.root?tried=stor95.datagrid.cea.fr, mode: 0660, flags: kXR_open_read kXR_async kXR_retstat ). Trying to recover.
Begin processing the 20001st record. Run 1, Event 392208, LumiSection 3923 on stream 0 at 20-Dec-2022 11:21:33.775 CET
Begin processing the 21001st record. Run 1, Event 595203, LumiSection 5953 on stream 0 at 20-Dec-2022 11:24:17.633 CET
[2022-12-20 11:26:07.836700 +0100][Error  ][AsyncSock         ] [xrootd.ba.infn.it:1094 #0.0] Socket error while handshaking: [ERROR] Socket timeout
[2022-12-20 11:26:07.836900 +0100][Error  ][PostMaster        ] [xrootd.ba.infn.it:1094 #0] elapsed = 45, pConnectionWindow = 31 seconds.
[2022-12-20 11:26:52.090947 +0100][Error  ][AsyncSock         ] [xrootd.ba.infn.it:1094 #0.0] Socket error while handshaking: [ERROR] Socket timeout
[2022-12-20 11:26:52.091104 +0100][Error  ][PostMaster        ] [xrootd.ba.infn.it:1094 #0] elapsed = 45, pConnectionWindow = 31 seconds.
[2022-12-20 11:26:52.091123 +0100][Error  ][PostMaster        ] [xrootd.ba.infn.it:1094 #0] Unable to recover: [ERROR] Socket timeout.
[2022-12-20 11:26:52.091135 +0100][Error  ][XRootD            ] [xrootd.ba.infn.it:1094] Impossible to send message kXR_open (file: /store/user/alesauva/flashgg/UL2017_4/10_6_4/WHiggs0PHToGG_M125_TuneCP5_13TeV-JHUGenV7011-pythia8/UL2017_4-10_6_4-v0-RunIISummer19UL17MiniAOD-106X_mc2017_realistic_v6-v2/200720_155719/0000/myMicroAODOutputFile_8.root?tried=stor95.datagrid.cea.fr, mode: 0660, flags: kXR_open_read kXR_async kXR_retstat ). Trying to recover.
Begin processing the 22001st record. Run 1, Event 596314, LumiSection 5964 on stream 0 at 20-Dec-2022 11:27:14.292 CET
Begin processing the 23001st record. Run 1, Event 747107, LumiSection 7472 on stream 0 at 20-Dec-2022 11:30:05.374 CET
[2022-12-20 11:31:50.233729 +0100][Error  ][AsyncSock         ] [xrootd.ba.infn.it:1094 #0.0] Socket error while handshaking: [ERROR] Socket timeout
[2022-12-20 11:31:50.233861 +0100][Error  ][PostMaster        ] [xrootd.ba.infn.it:1094 #0] elapsed = 45, pConnectionWindow = 31 seconds.
[2022-12-20 11:32:35.488689 +0100][Error  ][AsyncSock         ] [xrootd.ba.infn.it:1094 #0.0] Socket error while handshaking: [ERROR] Socket timeout
[2022-12-20 11:32:35.488778 +0100][Error  ][PostMaster        ] [xrootd.ba.infn.it:1094 #0] elapsed = 45, pConnectionWindow = 31 seconds.
[2022-12-20 11:32:35.488792 +0100][Error  ][PostMaster        ] [xrootd.ba.infn.it:1094 #0] Unable to recover: [ERROR] Socket timeout.
[2022-12-20 11:32:35.488821 +0100][Error  ][XRootD            ] [xrootd.ba.infn.it:1094] Impossible to send message kXR_open (file: /store/user/alesauva/flashgg/UL2017_4/10_6_4/WHiggs0PHToGG_M125_TuneCP5_13TeV-JHUGenV7011-pythia8/UL2017_4-10_6_4-v0-RunIISummer19UL17MiniAOD-106X_mc2017_realistic_v6-v2/200720_155719/0000/myMicroAODOutputFile_8.root?tried=stor95.datagrid.cea.fr, mode: 0660, flags: kXR_open_read kXR_async kXR_retstat ). Trying to recover.
Begin processing the 24001st record. Run 1, Event 748305, LumiSection 7484 on stream 0 at 20-Dec-2022 11:32:49.660 CET
20-Dec-2022 11:35:33 CET  Closed file root://cms-xrd-global.cern.ch//store/user/alesauva/flashgg/UL2017_4/10_6_4/WHiggs0PHToGG_M125_TuneCP5_13TeV-JHUGenV7011-pythia8/UL2017_4-10_6_4-v0-RunIISummer19UL17MiniAOD-106X_mc2017_realistic_v6-v2/200720_155719/0000/myMicroAODOutputFile_8.root

TrigReport ---------- Event  Summary ------------
TrigReport Events total = 25000 passed = 24822 failed = 178

TrigReport ---------- Path   Summary ------------
TrigReport  Trig Bit#   Executed     Passed     Failed      Error Name
TrigReport     1    0      25000      24822        178          0 p

TrigReport -------End-Path   Summary ------------
TrigReport  Trig Bit#   Executed     Passed     Failed      Error Name

TrigReport ---------- Modules in Path: p ------------
TrigReport  Trig Bit#    Visited     Passed     Failed      Error Name
TrigReport     1    0      25000      24822        178          0 flashggMetFilters
TrigReport     1    1      24822      24822          0          0 VHFilter
TrigReport     1    2      24822      24822          0          0 flashggDifferentialPhoIdInputsCorrection
TrigReport     1    3      24822      24822          0          0 flashggDiPhotonSystematics
TrigReport     1    4      24822      24822          0          0 flashggMetSystematics
TrigReport     1    5      24822      24822          0          0 flashggMuonSystematics
TrigReport     1    6      24822      24822          0          0 flashggElectronSystematics
TrigReport     1    7      24822      24822          0          0 flashggUnpackedJets
TrigReport     1    8      24822      24822          0          0 flashggJetSystematics0
TrigReport     1    9      24822      24822          0          0 flashggJetSystematics1
TrigReport     1   10      24822      24822          0          0 flashggJetSystematics2
TrigReport     1   11      24822      24822          0          0 flashggJetSystematics3
TrigReport     1   12      24822      24822          0          0 flashggJetSystematics4
TrigReport     1   13      24822      24822          0          0 flashggJetSystematics5
TrigReport     1   14      24822      24822          0          0 flashggJetSystematics6
TrigReport     1   15      24822      24822          0          0 flashggJetSystematics7
TrigReport     1   16      24822      24822          0          0 flashggJetSystematics8
TrigReport     1   17      24822      24822          0          0 flashggJetSystematics9
TrigReport     1   18      24822      24822          0          0 flashggJetSystematics10
TrigReport     1   19      24822      24822          0          0 flashggJetSystematics11
TrigReport     1   20      24822      24822          0          0 flashggPrefireDiPhotons
TrigReport     1   21      24822      24822          0          0 flashggPreselectedDiPhotons
TrigReport     1   22      24822      24822          0          0 flashggDiPhotonMVA
TrigReport     1   23      24822      24822          0          0 flashggVBFMVA
TrigReport     1   24      24822      24822          0          0 flashggVHhadMVA
TrigReport     1   25      24822      24822          0          0 flashggGluGluHMVA
TrigReport     1   26      24822      24822          0          0 flashggStageOneCombinedTag
TrigReport     1   27      24822      24822          0          0 flashggTHQLeptonicTag
TrigReport     1   28      24822      24822          0          0 flashggVHMetTag
TrigReport     1   29      24822      24822          0          0 flashggWHLeptonicTag
TrigReport     1   30      24822      24822          0          0 flashggZHLeptonicTag
TrigReport     1   31      24822      24822          0          0 flashggTTHLeptonicTag
TrigReport     1   32      24822      24822          0          0 flashggTTHHadronicTag
TrigReport     1   33      24822      24822          0          0 flashggTagSorter
TrigReport     1   34      24822      24822          0          0 flashggSystTagMerger
TrigReport     1   35      24822      24822          0          0 tagsDumper

TrigReport ---------- Module Summary ------------
TrigReport    Visited   Executed     Passed     Failed      Error Name
TrigReport      25000      25000      25000          0          0 TriggerResults
TrigReport      24822      24822      24822          0          0 VHFilter
TrigReport      24822      24822      24822          0          0 ak4PFCHSL1FastL2L3Corrector
TrigReport      24822      24822      24822          0          0 ak4PFCHSL1FastjetCorrector
TrigReport      24822      24822      24822          0          0 ak4PFCHSL2RelativeCorrector
TrigReport      24822      24822      24822          0          0 ak4PFCHSL3AbsoluteCorrector
TrigReport      24822      24822      24822          0          0 flashggDiPhotonMVA
TrigReport      24822      24822      24822          0          0 flashggDiPhotonSystematics
TrigReport      24822      24822      24822          0          0 flashggDifferentialPhoIdInputsCorrection
TrigReport      24822      24822      24822          0          0 flashggElectronSystematics
TrigReport      24822      24822      24822          0          0 flashggGluGluHMVA
TrigReport      24822      24822      24822          0          0 flashggJetSystematics0
TrigReport      24822      24822      24822          0          0 flashggJetSystematics1
TrigReport      24822      24822      24822          0          0 flashggJetSystematics10
TrigReport      24822      24822      24822          0          0 flashggJetSystematics11
TrigReport      24822      24822      24822          0          0 flashggJetSystematics2
TrigReport      24822      24822      24822          0          0 flashggJetSystematics3
TrigReport      24822      24822      24822          0          0 flashggJetSystematics4
TrigReport      24822      24822      24822          0          0 flashggJetSystematics5
TrigReport      24822      24822      24822          0          0 flashggJetSystematics6
TrigReport      24822      24822      24822          0          0 flashggJetSystematics7
TrigReport      24822      24822      24822          0          0 flashggJetSystematics8
TrigReport      24822      24822      24822          0          0 flashggJetSystematics9
TrigReport      25000      25000      24822        178          0 flashggMetFilters
TrigReport      24822      24822      24822          0          0 flashggMetSystematics
TrigReport      24822      24822      24822          0          0 flashggMuonSystematics
TrigReport      24822      24822      24822          0          0 flashggPrefireDiPhotons
TrigReport      24822      24822      24822          0          0 flashggPreselectedDiPhotons
TrigReport      24822      24822      24822          0          0 flashggStageOneCombinedTag
TrigReport      24822      24822      24822          0          0 flashggSystTagMerger
TrigReport      24822      24822      24822          0          0 flashggTHQLeptonicTag
TrigReport      24822      24822      24822          0          0 flashggTTHHadronicTag
TrigReport      24822      24822      24822          0          0 flashggTTHLeptonicTag
TrigReport      24822      24822      24822          0          0 flashggTagSorter
TrigReport      24822      24822      24822          0          0 flashggUnpackedJets
TrigReport      24822      24822      24822          0          0 flashggVBFMVA
TrigReport      24822      24822      24822          0          0 flashggVHMetTag
TrigReport      24822      24822      24822          0          0 flashggVHhadMVA
TrigReport      24822      24822      24822          0          0 flashggWHLeptonicTag
TrigReport      24822      24822      24822          0          0 flashggZHLeptonicTag
TrigReport      25000      25000      25000          0          0 p
TrigReport      24822      24822      24822          0          0 tagsDumper

TimeReport ---------- Event  Summary ---[sec]----
TimeReport       event loop CPU/event = 0.173782
TimeReport      event loop Real/event = 0.175581
TimeReport     sum Streams Real/event = 0.169167
TimeReport efficiency CPU/Real/thread = 0.989754

TimeReport ---------- Path   Summary ---[Real sec]----
TimeReport  per event     per exec  Name
TimeReport   0.168532     0.168532  p
TimeReport  per event     per exec  Name

TimeReport -------End-Path   Summary ---[Real sec]----
TimeReport  per event     per exec  Name
TimeReport  per event     per exec  Name

TimeReport ---------- Modules in Path: p ---[Real sec]----
TimeReport  per event    per visit  Name
TimeReport   0.000028     0.000028  flashggMetFilters
TimeReport   0.000010     0.000010  VHFilter
TimeReport   0.070662     0.071169  flashggDifferentialPhoIdInputsCorrection
TimeReport   0.071387     0.071898  flashggDiPhotonSystematics
TimeReport   0.000274     0.000276  flashggMetSystematics
TimeReport   0.000045     0.000045  flashggMuonSystematics
TimeReport   0.000061     0.000061  flashggElectronSystematics
TimeReport   0.000425     0.000428  flashggUnpackedJets
TimeReport   0.007053     0.007103  flashggJetSystematics0
TimeReport   0.001151     0.001159  flashggJetSystematics1
TimeReport   0.001003     0.001010  flashggJetSystematics2
TimeReport   0.000967     0.000974  flashggJetSystematics3
TimeReport   0.000953     0.000960  flashggJetSystematics4
TimeReport   0.000942     0.000949  flashggJetSystematics5
TimeReport   0.000939     0.000945  flashggJetSystematics6
TimeReport   0.000932     0.000939  flashggJetSystematics7
TimeReport   0.000929     0.000936  flashggJetSystematics8
TimeReport   0.000926     0.000932  flashggJetSystematics9
TimeReport   0.000928     0.000935  flashggJetSystematics10
TimeReport   0.000922     0.000929  flashggJetSystematics11
TimeReport   0.000534     0.000538  flashggPrefireDiPhotons
TimeReport   0.000170     0.000171  flashggPreselectedDiPhotons
TimeReport   0.000035     0.000035  flashggDiPhotonMVA
TimeReport   0.000040     0.000040  flashggVBFMVA
TimeReport   0.000024     0.000024  flashggVHhadMVA
TimeReport   0.000067     0.000067  flashggGluGluHMVA
TimeReport   0.000044     0.000044  flashggStageOneCombinedTag
TimeReport   0.000616     0.000620  flashggTHQLeptonicTag
TimeReport   0.000325     0.000327  flashggVHMetTag
TimeReport   0.000051     0.000051  flashggWHLeptonicTag
TimeReport   0.000031     0.000032  flashggZHLeptonicTag
TimeReport   0.000183     0.000185  flashggTTHLeptonicTag
TimeReport   0.001871     0.001884  flashggTTHHadronicTag
TimeReport   0.000125     0.000126  flashggTagSorter
TimeReport   0.000006     0.000006  flashggSystTagMerger
TimeReport   0.000387     0.000390  tagsDumper
TimeReport  per event    per visit  Name

TimeReport ---------- Module Summary ---[Real sec]----
TimeReport  per event     per exec    per visit  Name
TimeReport   0.000003     0.000003     0.000003  TriggerResults
TimeReport   0.000010     0.000010     0.000010  VHFilter
TimeReport   0.000005     0.000005     0.000005  ak4PFCHSL1FastL2L3Corrector
TimeReport   0.000005     0.000005     0.000005  ak4PFCHSL1FastjetCorrector
TimeReport   0.000002     0.000002     0.000002  ak4PFCHSL2RelativeCorrector
TimeReport   0.000012     0.000012     0.000012  ak4PFCHSL3AbsoluteCorrector
TimeReport   0.000035     0.000035     0.000035  flashggDiPhotonMVA
TimeReport   0.071387     0.071898     0.071898  flashggDiPhotonSystematics
TimeReport   0.070662     0.071169     0.071169  flashggDifferentialPhoIdInputsCorrection
TimeReport   0.000061     0.000061     0.000061  flashggElectronSystematics
TimeReport   0.000067     0.000067     0.000067  flashggGluGluHMVA
TimeReport   0.007053     0.007103     0.007103  flashggJetSystematics0
TimeReport   0.001151     0.001159     0.001159  flashggJetSystematics1
TimeReport   0.000928     0.000935     0.000935  flashggJetSystematics10
TimeReport   0.000922     0.000929     0.000929  flashggJetSystematics11
TimeReport   0.001003     0.001010     0.001010  flashggJetSystematics2
TimeReport   0.000967     0.000974     0.000974  flashggJetSystematics3
TimeReport   0.000953     0.000960     0.000960  flashggJetSystematics4
TimeReport   0.000942     0.000949     0.000949  flashggJetSystematics5
TimeReport   0.000939     0.000945     0.000945  flashggJetSystematics6
TimeReport   0.000932     0.000939     0.000939  flashggJetSystematics7
TimeReport   0.000929     0.000936     0.000936  flashggJetSystematics8
TimeReport   0.000926     0.000932     0.000932  flashggJetSystematics9
TimeReport   0.000028     0.000028     0.000028  flashggMetFilters
TimeReport   0.000274     0.000276     0.000276  flashggMetSystematics
TimeReport   0.000045     0.000045     0.000045  flashggMuonSystematics
TimeReport   0.000534     0.000538     0.000538  flashggPrefireDiPhotons
TimeReport   0.000170     0.000171     0.000171  flashggPreselectedDiPhotons
TimeReport   0.000044     0.000044     0.000044  flashggStageOneCombinedTag
TimeReport   0.000006     0.000006     0.000006  flashggSystTagMerger
TimeReport   0.000616     0.000620     0.000620  flashggTHQLeptonicTag
TimeReport   0.001871     0.001884     0.001884  flashggTTHHadronicTag
TimeReport   0.000183     0.000185     0.000185  flashggTTHLeptonicTag
TimeReport   0.000125     0.000126     0.000126  flashggTagSorter
TimeReport   0.000425     0.000428     0.000428  flashggUnpackedJets
TimeReport   0.000040     0.000040     0.000040  flashggVBFMVA
TimeReport   0.000325     0.000327     0.000327  flashggVHMetTag
TimeReport   0.000024     0.000024     0.000024  flashggVHhadMVA
TimeReport   0.000051     0.000051     0.000051  flashggWHLeptonicTag
TimeReport   0.000031     0.000032     0.000032  flashggZHLeptonicTag
TimeReport   0.000004     0.000004     0.000004  p
TimeReport   0.000387     0.000390     0.000390  tagsDumper
TimeReport  per event     per exec    per visit  Name

T---Report end!


=============================================

MessageLogger Summary

 type     category        sev    module        subroutine        count    total
 ---- -------------------- -- ---------------- ----------------  -----    -----
    1 XrdAdaptor           -w file_open                              1        1
    2 fileAction           -s file_close                             1        1
    3 fileAction           -s file_open                              2        2

 type    category    Examples: run/evt        run/evt          run/evt
 ---- -------------------- ---------------- ---------------- ----------------
    1 XrdAdaptor           pre-events                        
    2 fileAction           PostGlobalEndRun                  
    3 fileAction           pre-events       pre-events       

Severity    # Occurrences   Total Occurrences
--------    -------------   -----------------
Warning                 1                   1
System                  3                   3

dropped waiting message count 0
