mkdir: cannot create directory '/afs/cern.ch/user/x/xisu/private/local/Analysis_workspace/VH_AC_tmp1/flashgg_d2/CMSSW_10_6_29/src/flashgg/VHAC_Analysis_Met/UL_17/UL_17_wh125': File exists
/cvmfs/cms.cern.ch/slc7_amd64_gcc700/external/py2-requests/2.21.0-pafccj2/lib/python2.7/site-packages/requests/__init__.py:91: RequestsDependencyWarning: urllib3 (1.25.2) or chardet (3.0.4) doesn't match a supported version!
  RequestsDependencyWarning)
20-Dec-2022 10:05:24 CET  Initiating request to open file root://cms-xrd-global.cern.ch//store/user/alesauva/flashgg/UL2017_3/10_6_4/VHToGG_M125_TuneCP5_13TeV-amcatnloFXFX-madspin-pythia8/UL2017_3-10_6_4-v0-RunIISummer19UL17MiniAOD-106X_mc2017_realistic_v6-v1/200718_083214/0000/myMicroAODOutputFile_15.root
%MSG-w XrdAdaptor:  file_open 20-Dec-2022 10:05:27 CET pre-events
Data is served from GRIF-IRFU instead of original site CERN-CMSGLOBAL-01
%MSG
20-Dec-2022 10:05:29 CET  Successfully opened file root://cms-xrd-global.cern.ch//store/user/alesauva/flashgg/UL2017_3/10_6_4/VHToGG_M125_TuneCP5_13TeV-amcatnloFXFX-madspin-pythia8/UL2017_3-10_6_4-v0-RunIISummer19UL17MiniAOD-106X_mc2017_realistic_v6-v1/200718_083214/0000/myMicroAODOutputFile_15.root
2022-12-20 10:17:29.040627: I tensorflow/core/platform/cpu_feature_guard.cc:140] Your CPU supports instructions that this TensorFlow binary was not compiled to use: SSE4.1 SSE4.2 AVX AVX2 FMA
Begin processing the 1st record. Run 1, Event 514634, LumiSection 1907 on stream 0 at 20-Dec-2022 10:18:13.814 CET
[2022-12-20 10:18:58.026253 +0100][Error  ][AsyncSock         ] [xrootd.ba.infn.it:1094 #0.0] Socket error while handshaking: [ERROR] Socket timeout
[2022-12-20 10:18:58.026447 +0100][Error  ][PostMaster        ] [xrootd.ba.infn.it:1094 #0] elapsed = 46, pConnectionWindow = 31 seconds.
[2022-12-20 10:19:43.273170 +0100][Error  ][AsyncSock         ] [xrootd.ba.infn.it:1094 #0.0] Socket error while handshaking: [ERROR] Socket timeout
[2022-12-20 10:19:43.273329 +0100][Error  ][PostMaster        ] [xrootd.ba.infn.it:1094 #0] elapsed = 45, pConnectionWindow = 31 seconds.
[2022-12-20 10:19:43.273527 +0100][Error  ][PostMaster        ] [xrootd.ba.infn.it:1094 #0] Unable to recover: [ERROR] Socket timeout.
[2022-12-20 10:19:43.273552 +0100][Error  ][XRootD            ] [xrootd.ba.infn.it:1094] Impossible to send message kXR_open (file: /store/user/alesauva/flashgg/UL2017_3/10_6_4/VHToGG_M125_TuneCP5_13TeV-amcatnloFXFX-madspin-pythia8/UL2017_3-10_6_4-v0-RunIISummer19UL17MiniAOD-106X_mc2017_realistic_v6-v1/200718_083214/0000/myMicroAODOutputFile_15.root?tried=stor95.datagrid.cea.fr, mode: 0660, flags: kXR_open_read kXR_async kXR_retstat ). Trying to recover.
Begin processing the 1001st record. Run 1, Event 524785, LumiSection 1944 on stream 0 at 20-Dec-2022 10:21:41.495 CET
Begin processing the 2001st record. Run 1, Event 527663, LumiSection 1955 on stream 0 at 20-Dec-2022 10:23:04.406 CET
[2022-12-20 10:23:42.547200 +0100][Error  ][AsyncSock         ] [xrootd.ba.infn.it:1094 #0.0] Socket error while handshaking: [ERROR] Socket timeout
[2022-12-20 10:23:42.547359 +0100][Error  ][PostMaster        ] [xrootd.ba.infn.it:1094 #0] elapsed = 45, pConnectionWindow = 31 seconds.
[2022-12-20 10:24:27.072264 +0100][Error  ][AsyncSock         ] [xrootd.ba.infn.it:1094 #0.0] Socket error while handshaking: [ERROR] Socket timeout
[2022-12-20 10:24:27.072408 +0100][Error  ][PostMaster        ] [xrootd.ba.infn.it:1094 #0] elapsed = 45, pConnectionWindow = 31 seconds.
[2022-12-20 10:24:27.072423 +0100][Error  ][PostMaster        ] [xrootd.ba.infn.it:1094 #0] Unable to recover: [ERROR] Socket timeout.
[2022-12-20 10:24:27.072434 +0100][Error  ][XRootD            ] [xrootd.ba.infn.it:1094] Impossible to send message kXR_open (file: /store/user/alesauva/flashgg/UL2017_3/10_6_4/VHToGG_M125_TuneCP5_13TeV-amcatnloFXFX-madspin-pythia8/UL2017_3-10_6_4-v0-RunIISummer19UL17MiniAOD-106X_mc2017_realistic_v6-v1/200718_083214/0000/myMicroAODOutputFile_15.root?tried=stor95.datagrid.cea.fr, mode: 0660, flags: kXR_open_read kXR_async kXR_retstat ). Trying to recover.
Begin processing the 3001st record. Run 1, Event 1062116, LumiSection 3934 on stream 0 at 20-Dec-2022 10:24:27.291 CET
Begin processing the 4001st record. Run 1, Event 1068665, LumiSection 3959 on stream 0 at 20-Dec-2022 10:25:51.197 CET
Begin processing the 5001st record. Run 1, Event 1054764, LumiSection 3907 on stream 0 at 20-Dec-2022 10:27:10.823 CET
Begin processing the 6001st record. Run 1, Event 1089167, LumiSection 4034 on stream 0 at 20-Dec-2022 10:28:21.735 CET
[2022-12-20 10:28:49.352288 +0100][Error  ][AsyncSock         ] [xrootd.ba.infn.it:1094 #0.0] Socket error while handshaking: [ERROR] Socket timeout
[2022-12-20 10:28:49.352443 +0100][Error  ][PostMaster        ] [xrootd.ba.infn.it:1094 #0] elapsed = 45, pConnectionWindow = 31 seconds.
[2022-12-20 10:29:34.863155 +0100][Error  ][AsyncSock         ] [xrootd.ba.infn.it:1094 #0.0] Socket error while handshaking: [ERROR] Socket timeout
[2022-12-20 10:29:34.863336 +0100][Error  ][PostMaster        ] [xrootd.ba.infn.it:1094 #0] elapsed = 45, pConnectionWindow = 31 seconds.
[2022-12-20 10:29:34.863351 +0100][Error  ][PostMaster        ] [xrootd.ba.infn.it:1094 #0] Unable to recover: [ERROR] Socket timeout.
[2022-12-20 10:29:34.863371 +0100][Error  ][XRootD            ] [xrootd.ba.infn.it:1094] Impossible to send message kXR_open (file: /store/user/alesauva/flashgg/UL2017_3/10_6_4/VHToGG_M125_TuneCP5_13TeV-amcatnloFXFX-madspin-pythia8/UL2017_3-10_6_4-v0-RunIISummer19UL17MiniAOD-106X_mc2017_realistic_v6-v1/200718_083214/0000/myMicroAODOutputFile_15.root?tried=stor95.datagrid.cea.fr, mode: 0660, flags: kXR_open_read kXR_async kXR_retstat ). Trying to recover.
Begin processing the 7001st record. Run 1, Event 1093061, LumiSection 4049 on stream 0 at 20-Dec-2022 10:29:43.077 CET
Begin processing the 8001st record. Run 1, Event 1096101, LumiSection 4060 on stream 0 at 20-Dec-2022 10:30:59.442 CET
Begin processing the 9001st record. Run 1, Event 490595, LumiSection 1818 on stream 0 at 20-Dec-2022 10:32:21.843 CET
Begin processing the 10001st record. Run 1, Event 538499, LumiSection 1995 on stream 0 at 20-Dec-2022 10:33:42.522 CET
[2022-12-20 10:33:53.760747 +0100][Error  ][AsyncSock         ] [xrootd.ba.infn.it:1094 #0.0] Socket error while handshaking: [ERROR] Socket timeout
[2022-12-20 10:33:53.760881 +0100][Error  ][PostMaster        ] [xrootd.ba.infn.it:1094 #0] elapsed = 45, pConnectionWindow = 31 seconds.
[2022-12-20 10:34:38.686756 +0100][Error  ][AsyncSock         ] [xrootd.ba.infn.it:1094 #0.0] Socket error while handshaking: [ERROR] Socket timeout
[2022-12-20 10:34:38.686910 +0100][Error  ][PostMaster        ] [xrootd.ba.infn.it:1094 #0] elapsed = 45, pConnectionWindow = 31 seconds.
[2022-12-20 10:34:38.686923 +0100][Error  ][PostMaster        ] [xrootd.ba.infn.it:1094 #0] Unable to recover: [ERROR] Socket timeout.
[2022-12-20 10:34:38.686932 +0100][Error  ][XRootD            ] [xrootd.ba.infn.it:1094] Impossible to send message kXR_open (file: /store/user/alesauva/flashgg/UL2017_3/10_6_4/VHToGG_M125_TuneCP5_13TeV-amcatnloFXFX-madspin-pythia8/UL2017_3-10_6_4-v0-RunIISummer19UL17MiniAOD-106X_mc2017_realistic_v6-v1/200718_083214/0000/myMicroAODOutputFile_15.root?tried=stor95.datagrid.cea.fr, mode: 0660, flags: kXR_open_read kXR_async kXR_retstat ). Trying to recover.
Begin processing the 11001st record. Run 1, Event 497258, LumiSection 1842 on stream 0 at 20-Dec-2022 10:34:55.166 CET
Begin processing the 12001st record. Run 1, Event 790895, LumiSection 2930 on stream 0 at 20-Dec-2022 10:36:10.530 CET
Begin processing the 13001st record. Run 1, Event 1262591, LumiSection 4677 on stream 0 at 20-Dec-2022 10:37:42.666 CET
Begin processing the 14001st record. Run 1, Event 621288, LumiSection 2302 on stream 0 at 20-Dec-2022 10:38:58.137 CET
[2022-12-20 10:38:59.807228 +0100][Error  ][AsyncSock         ] [xrootd.ba.infn.it:1094 #0.0] Socket error while handshaking: [ERROR] Socket timeout
[2022-12-20 10:38:59.807350 +0100][Error  ][PostMaster        ] [xrootd.ba.infn.it:1094 #0] elapsed = 45, pConnectionWindow = 31 seconds.
[2022-12-20 10:39:44.779802 +0100][Error  ][AsyncSock         ] [xrootd.ba.infn.it:1094 #0.0] Socket error while handshaking: [ERROR] Socket timeout
[2022-12-20 10:39:44.779982 +0100][Error  ][PostMaster        ] [xrootd.ba.infn.it:1094 #0] elapsed = 45, pConnectionWindow = 31 seconds.
[2022-12-20 10:39:44.779995 +0100][Error  ][PostMaster        ] [xrootd.ba.infn.it:1094 #0] Unable to recover: [ERROR] Socket timeout.
[2022-12-20 10:39:44.780003 +0100][Error  ][XRootD            ] [xrootd.ba.infn.it:1094] Impossible to send message kXR_open (file: /store/user/alesauva/flashgg/UL2017_3/10_6_4/VHToGG_M125_TuneCP5_13TeV-amcatnloFXFX-madspin-pythia8/UL2017_3-10_6_4-v0-RunIISummer19UL17MiniAOD-106X_mc2017_realistic_v6-v1/200718_083214/0000/myMicroAODOutputFile_15.root?tried=stor95.datagrid.cea.fr, mode: 0660, flags: kXR_open_read kXR_async kXR_retstat ). Trying to recover.
Begin processing the 15001st record. Run 1, Event 624225, LumiSection 2312 on stream 0 at 20-Dec-2022 10:40:19.103 CET
Begin processing the 16001st record. Run 1, Event 627846, LumiSection 2326 on stream 0 at 20-Dec-2022 10:41:33.196 CET
Begin processing the 17001st record. Run 1, Event 797256, LumiSection 2953 on stream 0 at 20-Dec-2022 10:42:49.495 CET
[2022-12-20 10:43:56.022489 +0100][Error  ][AsyncSock         ] [xrootd.ba.infn.it:1094 #0.0] Socket error while handshaking: [ERROR] Socket timeout
[2022-12-20 10:43:56.022655 +0100][Error  ][PostMaster        ] [xrootd.ba.infn.it:1094 #0] elapsed = 45, pConnectionWindow = 31 seconds.
Begin processing the 18001st record. Run 1, Event 629757, LumiSection 2333 on stream 0 at 20-Dec-2022 10:44:09.727 CET
[2022-12-20 10:44:41.406192 +0100][Error  ][AsyncSock         ] [xrootd.ba.infn.it:1094 #0.0] Socket error while handshaking: [ERROR] Socket timeout
[2022-12-20 10:44:41.406366 +0100][Error  ][PostMaster        ] [xrootd.ba.infn.it:1094 #0] elapsed = 45, pConnectionWindow = 31 seconds.
[2022-12-20 10:44:41.406379 +0100][Error  ][PostMaster        ] [xrootd.ba.infn.it:1094 #0] Unable to recover: [ERROR] Socket timeout.
[2022-12-20 10:44:41.406387 +0100][Error  ][XRootD            ] [xrootd.ba.infn.it:1094] Impossible to send message kXR_open (file: /store/user/alesauva/flashgg/UL2017_3/10_6_4/VHToGG_M125_TuneCP5_13TeV-amcatnloFXFX-madspin-pythia8/UL2017_3-10_6_4-v0-RunIISummer19UL17MiniAOD-106X_mc2017_realistic_v6-v1/200718_083214/0000/myMicroAODOutputFile_15.root?tried=stor95.datagrid.cea.fr, mode: 0660, flags: kXR_open_read kXR_async kXR_retstat ). Trying to recover.
Begin processing the 19001st record. Run 1, Event 632698, LumiSection 2344 on stream 0 at 20-Dec-2022 10:45:34.267 CET
Begin processing the 20001st record. Run 1, Event 635628, LumiSection 2355 on stream 0 at 20-Dec-2022 10:46:55.678 CET
Begin processing the 21001st record. Run 1, Event 1303793, LumiSection 4829 on stream 0 at 20-Dec-2022 10:48:15.218 CET
[2022-12-20 10:49:27.788695 +0100][Error  ][AsyncSock         ] [xrootd.ba.infn.it:1094 #0.0] Socket error while handshaking: [ERROR] Socket timeout
[2022-12-20 10:49:27.788840 +0100][Error  ][PostMaster        ] [xrootd.ba.infn.it:1094 #0] elapsed = 45, pConnectionWindow = 31 seconds.
Begin processing the 22001st record. Run 1, Event 1307206, LumiSection 4842 on stream 0 at 20-Dec-2022 10:49:35.698 CET
[2022-12-20 10:50:12.334198 +0100][Error  ][AsyncSock         ] [xrootd.ba.infn.it:1094 #0.0] Socket error while handshaking: [ERROR] Socket timeout
[2022-12-20 10:50:12.334363 +0100][Error  ][PostMaster        ] [xrootd.ba.infn.it:1094 #0] elapsed = 45, pConnectionWindow = 31 seconds.
[2022-12-20 10:50:12.334380 +0100][Error  ][PostMaster        ] [xrootd.ba.infn.it:1094 #0] Unable to recover: [ERROR] Socket timeout.
[2022-12-20 10:50:12.334389 +0100][Error  ][XRootD            ] [xrootd.ba.infn.it:1094] Impossible to send message kXR_open (file: /store/user/alesauva/flashgg/UL2017_3/10_6_4/VHToGG_M125_TuneCP5_13TeV-amcatnloFXFX-madspin-pythia8/UL2017_3-10_6_4-v0-RunIISummer19UL17MiniAOD-106X_mc2017_realistic_v6-v1/200718_083214/0000/myMicroAODOutputFile_15.root?tried=+1413llrxrd-redir.in2p3.fr,+1213xrootd-cms-redir-int.cr.cnaf.infn.it,+1413xrootd-cms-redir-int.cr.cnaf.infn.it,+1413xrootd-redic.pi.infn.it,stor95.datagrid.cea.fr,node12.datagrid.cea.fr,xrootd-cms-redir-int.cr.cnaf.infn.it,xrootd-redic.pi.infn.it,xrootd-redic.pi.infn.it,xrootd-cms.infn.it,llrxrd-redir.in2p3.fr&triedrc=enoent,enoent,enoent, mode: 0660, flags: kXR_open_read kXR_async kXR_retstat ). Trying to recover.
Begin processing the 23001st record. Run 1, Event 1138898, LumiSection 4219 on stream 0 at 20-Dec-2022 10:50:52.269 CET
Begin processing the 24001st record. Run 1, Event 1194133, LumiSection 4423 on stream 0 at 20-Dec-2022 10:52:15.129 CET
Begin processing the 25001st record. Run 1, Event 1217304, LumiSection 4509 on stream 0 at 20-Dec-2022 10:53:32.786 CET
20-Dec-2022 10:53:43 CET  Closed file root://cms-xrd-global.cern.ch//store/user/alesauva/flashgg/UL2017_3/10_6_4/VHToGG_M125_TuneCP5_13TeV-amcatnloFXFX-madspin-pythia8/UL2017_3-10_6_4-v0-RunIISummer19UL17MiniAOD-106X_mc2017_realistic_v6-v1/200718_083214/0000/myMicroAODOutputFile_15.root

TrigReport ---------- Event  Summary ------------
TrigReport Events total = 25150 passed = 16109 failed = 9041

TrigReport ---------- Path   Summary ------------
TrigReport  Trig Bit#   Executed     Passed     Failed      Error Name
TrigReport     1    0      25150      16109       9041          0 p

TrigReport -------End-Path   Summary ------------
TrigReport  Trig Bit#   Executed     Passed     Failed      Error Name

TrigReport ---------- Modules in Path: p ------------
TrigReport  Trig Bit#    Visited     Passed     Failed      Error Name
TrigReport     1    0      25150      25015        135          0 flashggMetFilters
TrigReport     1    1      25015      16109       8906          0 VHFilter
TrigReport     1    2      16109      16109          0          0 flashggDifferentialPhoIdInputsCorrection
TrigReport     1    3      16109      16109          0          0 flashggDiPhotonSystematics
TrigReport     1    4      16109      16109          0          0 flashggMetSystematics
TrigReport     1    5      16109      16109          0          0 flashggMuonSystematics
TrigReport     1    6      16109      16109          0          0 flashggElectronSystematics
TrigReport     1    7      16109      16109          0          0 flashggUnpackedJets
TrigReport     1    8      16109      16109          0          0 flashggJetSystematics0
TrigReport     1    9      16109      16109          0          0 flashggJetSystematics1
TrigReport     1   10      16109      16109          0          0 flashggJetSystematics2
TrigReport     1   11      16109      16109          0          0 flashggJetSystematics3
TrigReport     1   12      16109      16109          0          0 flashggJetSystematics4
TrigReport     1   13      16109      16109          0          0 flashggJetSystematics5
TrigReport     1   14      16109      16109          0          0 flashggJetSystematics6
TrigReport     1   15      16109      16109          0          0 flashggJetSystematics7
TrigReport     1   16      16109      16109          0          0 flashggJetSystematics8
TrigReport     1   17      16109      16109          0          0 flashggJetSystematics9
TrigReport     1   18      16109      16109          0          0 flashggJetSystematics10
TrigReport     1   19      16109      16109          0          0 flashggJetSystematics11
TrigReport     1   20      16109      16109          0          0 flashggPrefireDiPhotons
TrigReport     1   21      16109      16109          0          0 flashggPreselectedDiPhotons
TrigReport     1   22      16109      16109          0          0 flashggDiPhotonMVA
TrigReport     1   23      16109      16109          0          0 flashggVBFMVA
TrigReport     1   24      16109      16109          0          0 flashggVHhadMVA
TrigReport     1   25      16109      16109          0          0 flashggGluGluHMVA
TrigReport     1   26      16109      16109          0          0 flashggStageOneCombinedTag
TrigReport     1   27      16109      16109          0          0 flashggTHQLeptonicTag
TrigReport     1   28      16109      16109          0          0 flashggVHMetTag
TrigReport     1   29      16109      16109          0          0 flashggWHLeptonicTag
TrigReport     1   30      16109      16109          0          0 flashggZHLeptonicTag
TrigReport     1   31      16109      16109          0          0 flashggTTHLeptonicTag
TrigReport     1   32      16109      16109          0          0 flashggTTHHadronicTag
TrigReport     1   33      16109      16109          0          0 flashggTagSorter
TrigReport     1   34      16109      16109          0          0 flashggSystTagMerger
TrigReport     1   35      16109      16109          0          0 tagsDumper

TrigReport ---------- Module Summary ------------
TrigReport    Visited   Executed     Passed     Failed      Error Name
TrigReport      25150      25150      25150          0          0 TriggerResults
TrigReport      25015      25015      16109       8906          0 VHFilter
TrigReport      16109      16109      16109          0          0 ak4PFCHSL1FastL2L3Corrector
TrigReport      16109      16109      16109          0          0 ak4PFCHSL1FastjetCorrector
TrigReport      16109      16109      16109          0          0 ak4PFCHSL2RelativeCorrector
TrigReport      16109      16109      16109          0          0 ak4PFCHSL3AbsoluteCorrector
TrigReport      16109      16109      16109          0          0 flashggDiPhotonMVA
TrigReport      16109      16109      16109          0          0 flashggDiPhotonSystematics
TrigReport      16109      16109      16109          0          0 flashggDifferentialPhoIdInputsCorrection
TrigReport      16109      16109      16109          0          0 flashggElectronSystematics
TrigReport      16109      16109      16109          0          0 flashggGluGluHMVA
TrigReport      16109      16109      16109          0          0 flashggJetSystematics0
TrigReport      16109      16109      16109          0          0 flashggJetSystematics1
TrigReport      16109      16109      16109          0          0 flashggJetSystematics10
TrigReport      16109      16109      16109          0          0 flashggJetSystematics11
TrigReport      16109      16109      16109          0          0 flashggJetSystematics2
TrigReport      16109      16109      16109          0          0 flashggJetSystematics3
TrigReport      16109      16109      16109          0          0 flashggJetSystematics4
TrigReport      16109      16109      16109          0          0 flashggJetSystematics5
TrigReport      16109      16109      16109          0          0 flashggJetSystematics6
TrigReport      16109      16109      16109          0          0 flashggJetSystematics7
TrigReport      16109      16109      16109          0          0 flashggJetSystematics8
TrigReport      16109      16109      16109          0          0 flashggJetSystematics9
TrigReport      25150      25150      25015        135          0 flashggMetFilters
TrigReport      16109      16109      16109          0          0 flashggMetSystematics
TrigReport      16109      16109      16109          0          0 flashggMuonSystematics
TrigReport      16109      16109      16109          0          0 flashggPrefireDiPhotons
TrigReport      16109      16109      16109          0          0 flashggPreselectedDiPhotons
TrigReport      16109      16109      16109          0          0 flashggStageOneCombinedTag
TrigReport      16109      16109      16109          0          0 flashggSystTagMerger
TrigReport      16109      16109      16109          0          0 flashggTHQLeptonicTag
TrigReport      16109      16109      16109          0          0 flashggTTHHadronicTag
TrigReport      16109      16109      16109          0          0 flashggTTHLeptonicTag
TrigReport      16109      16109      16109          0          0 flashggTagSorter
TrigReport      16109      16109      16109          0          0 flashggUnpackedJets
TrigReport      16109      16109      16109          0          0 flashggVBFMVA
TrigReport      16109      16109      16109          0          0 flashggVHMetTag
TrigReport      16109      16109      16109          0          0 flashggVHhadMVA
TrigReport      16109      16109      16109          0          0 flashggWHLeptonicTag
TrigReport      16109      16109      16109          0          0 flashggZHLeptonicTag
TrigReport      25150      25150      25150          0          0 p
TrigReport      16109      16109      16109          0          0 tagsDumper

TimeReport ---------- Event  Summary ---[sec]----
TimeReport       event loop CPU/event = 0.084381
TimeReport      event loop Real/event = 0.084718
TimeReport     sum Streams Real/event = 0.082308
TimeReport efficiency CPU/Real/thread = 0.996022

TimeReport ---------- Path   Summary ---[Real sec]----
TimeReport  per event     per exec  Name
TimeReport   0.081987     0.081987  p
TimeReport  per event     per exec  Name

TimeReport -------End-Path   Summary ---[Real sec]----
TimeReport  per event     per exec  Name
TimeReport  per event     per exec  Name

TimeReport ---------- Modules in Path: p ---[Real sec]----
TimeReport  per event    per visit  Name
TimeReport   0.000010     0.000010  flashggMetFilters
TimeReport   0.000004     0.000004  VHFilter
TimeReport   0.045996     0.071811  flashggDifferentialPhoIdInputsCorrection
TimeReport   0.026896     0.041991  flashggDiPhotonSystematics
TimeReport   0.000098     0.000153  flashggMetSystematics
TimeReport   0.000014     0.000022  flashggMuonSystematics
TimeReport   0.000023     0.000036  flashggElectronSystematics
TimeReport   0.000132     0.000206  flashggUnpackedJets
TimeReport   0.002382     0.003719  flashggJetSystematics0
TimeReport   0.000350     0.000547  flashggJetSystematics1
TimeReport   0.000307     0.000479  flashggJetSystematics2
TimeReport   0.000297     0.000464  flashggJetSystematics3
TimeReport   0.000292     0.000455  flashggJetSystematics4
TimeReport   0.000288     0.000450  flashggJetSystematics5
TimeReport   0.000286     0.000446  flashggJetSystematics6
TimeReport   0.000285     0.000445  flashggJetSystematics7
TimeReport   0.000285     0.000445  flashggJetSystematics8
TimeReport   0.000283     0.000441  flashggJetSystematics9
TimeReport   0.000283     0.000441  flashggJetSystematics10
TimeReport   0.000282     0.000440  flashggJetSystematics11
TimeReport   0.000181     0.000282  flashggPrefireDiPhotons
TimeReport   0.000062     0.000097  flashggPreselectedDiPhotons
TimeReport   0.000017     0.000026  flashggDiPhotonMVA
TimeReport   0.000016     0.000025  flashggVBFMVA
TimeReport   0.000009     0.000015  flashggVHhadMVA
TimeReport   0.000026     0.000040  flashggGluGluHMVA
TimeReport   0.000016     0.000025  flashggStageOneCombinedTag
TimeReport   0.000204     0.000319  flashggTHQLeptonicTag
TimeReport   0.000154     0.000241  flashggVHMetTag
TimeReport   0.000019     0.000030  flashggWHLeptonicTag
TimeReport   0.000010     0.000015  flashggZHLeptonicTag
TimeReport   0.000106     0.000165  flashggTTHLeptonicTag
TimeReport   0.000719     0.001123  flashggTTHHadronicTag
TimeReport   0.000046     0.000072  flashggTagSorter
TimeReport   0.000002     0.000003  flashggSystTagMerger
TimeReport   0.000156     0.000244  tagsDumper
TimeReport  per event    per visit  Name

TimeReport ---------- Module Summary ---[Real sec]----
TimeReport  per event     per exec    per visit  Name
TimeReport   0.000002     0.000002     0.000002  TriggerResults
TimeReport   0.000004     0.000004     0.000004  VHFilter
TimeReport   0.000002     0.000003     0.000003  ak4PFCHSL1FastL2L3Corrector
TimeReport   0.000002     0.000003     0.000003  ak4PFCHSL1FastjetCorrector
TimeReport   0.000001     0.000001     0.000001  ak4PFCHSL2RelativeCorrector
TimeReport   0.000007     0.000012     0.000012  ak4PFCHSL3AbsoluteCorrector
TimeReport   0.000017     0.000026     0.000026  flashggDiPhotonMVA
TimeReport   0.026896     0.041991     0.041991  flashggDiPhotonSystematics
TimeReport   0.045996     0.071811     0.071811  flashggDifferentialPhoIdInputsCorrection
TimeReport   0.000023     0.000036     0.000036  flashggElectronSystematics
TimeReport   0.000026     0.000040     0.000040  flashggGluGluHMVA
TimeReport   0.002382     0.003719     0.003719  flashggJetSystematics0
TimeReport   0.000350     0.000547     0.000547  flashggJetSystematics1
TimeReport   0.000283     0.000441     0.000441  flashggJetSystematics10
TimeReport   0.000282     0.000440     0.000440  flashggJetSystematics11
TimeReport   0.000307     0.000479     0.000479  flashggJetSystematics2
TimeReport   0.000297     0.000464     0.000464  flashggJetSystematics3
TimeReport   0.000292     0.000455     0.000455  flashggJetSystematics4
TimeReport   0.000288     0.000450     0.000450  flashggJetSystematics5
TimeReport   0.000286     0.000446     0.000446  flashggJetSystematics6
TimeReport   0.000285     0.000445     0.000445  flashggJetSystematics7
TimeReport   0.000285     0.000445     0.000445  flashggJetSystematics8
TimeReport   0.000283     0.000441     0.000441  flashggJetSystematics9
TimeReport   0.000010     0.000010     0.000010  flashggMetFilters
TimeReport   0.000098     0.000153     0.000153  flashggMetSystematics
TimeReport   0.000014     0.000022     0.000022  flashggMuonSystematics
TimeReport   0.000181     0.000282     0.000282  flashggPrefireDiPhotons
TimeReport   0.000062     0.000097     0.000097  flashggPreselectedDiPhotons
TimeReport   0.000016     0.000025     0.000025  flashggStageOneCombinedTag
TimeReport   0.000002     0.000003     0.000003  flashggSystTagMerger
TimeReport   0.000204     0.000319     0.000319  flashggTHQLeptonicTag
TimeReport   0.000719     0.001123     0.001123  flashggTTHHadronicTag
TimeReport   0.000106     0.000165     0.000165  flashggTTHLeptonicTag
TimeReport   0.000046     0.000072     0.000072  flashggTagSorter
TimeReport   0.000132     0.000206     0.000206  flashggUnpackedJets
TimeReport   0.000016     0.000025     0.000025  flashggVBFMVA
TimeReport   0.000154     0.000241     0.000241  flashggVHMetTag
TimeReport   0.000009     0.000015     0.000015  flashggVHhadMVA
TimeReport   0.000019     0.000030     0.000030  flashggWHLeptonicTag
TimeReport   0.000010     0.000015     0.000015  flashggZHLeptonicTag
TimeReport   0.000002     0.000002     0.000002  p
TimeReport   0.000156     0.000244     0.000244  tagsDumper
TimeReport  per event     per exec    per visit  Name

T---Report end!


=============================================

MessageLogger Summary

 type     category        sev    module        subroutine        count    total
 ---- -------------------- -- ---------------- ----------------  -----    -----
    1 XrdAdaptor           -w file_open                              1        1
    2 fileAction           -s file_close                             1        1
    3 fileAction           -s file_open                              2        2

 type    category    Examples: run/evt        run/evt          run/evt
 ---- -------------------- ---------------- ---------------- ----------------
    1 XrdAdaptor           pre-events                        
    2 fileAction           PostGlobalEndRun                  
    3 fileAction           pre-events       pre-events       

Severity    # Occurrences   Total Occurrences
--------    -------------   -----------------
Warning                 1                   1
System                  3                   3

dropped waiting message count 0
