mkdir: cannot create directory '/afs/cern.ch/user/x/xisu/private/local/Analysis_workspace/VH_AC_tmp1/flashgg_d2/CMSSW_10_6_29/src/flashgg/VHAC_Analysis_Met/UL_17/UL_17_wh125': File exists
/cvmfs/cms.cern.ch/slc7_amd64_gcc700/external/py2-requests/2.21.0-pafccj2/lib/python2.7/site-packages/requests/__init__.py:91: RequestsDependencyWarning: urllib3 (1.25.2) or chardet (3.0.4) doesn't match a supported version!
  RequestsDependencyWarning)
20-Dec-2022 10:05:24 CET  Initiating request to open file root://cms-xrd-global.cern.ch//store/user/alesauva/flashgg/UL2017_4/10_6_4/WHiggs0PMToGG_M125_TuneCP5_13TeV-JHUGenV7011-pythia8/UL2017_4-10_6_4-v0-RunIISummer19UL17MiniAOD-106X_mc2017_realistic_v6-v2/200720_160815/0000/myMicroAODOutputFile_22.root
%MSG-w XrdAdaptor:  file_open 20-Dec-2022 10:05:27 CET pre-events
Data is served from GRIF-IRFU instead of original site CERN-CMSGLOBAL-02
%MSG
20-Dec-2022 10:05:29 CET  Successfully opened file root://cms-xrd-global.cern.ch//store/user/alesauva/flashgg/UL2017_4/10_6_4/WHiggs0PMToGG_M125_TuneCP5_13TeV-JHUGenV7011-pythia8/UL2017_4-10_6_4-v0-RunIISummer19UL17MiniAOD-106X_mc2017_realistic_v6-v2/200720_160815/0000/myMicroAODOutputFile_22.root
2022-12-20 10:17:28.482938: I tensorflow/core/platform/cpu_feature_guard.cc:140] Your CPU supports instructions that this TensorFlow binary was not compiled to use: SSE4.1 SSE4.2 AVX AVX2 FMA
Begin processing the 1st record. Run 1, Event 96803, LumiSection 969 on stream 0 at 20-Dec-2022 10:18:08.620 CET
[2022-12-20 10:18:52.798105 +0100][Error  ][AsyncSock         ] [xrootd.ba.infn.it:1094 #0.0] Socket error while handshaking: [ERROR] Socket timeout
[2022-12-20 10:18:52.798363 +0100][Error  ][PostMaster        ] [xrootd.ba.infn.it:1094 #0] elapsed = 45, pConnectionWindow = 31 seconds.
[2022-12-20 10:19:37.394642 +0100][Error  ][AsyncSock         ] [xrootd.ba.infn.it:1094 #0.0] Socket error while handshaking: [ERROR] Socket timeout
[2022-12-20 10:19:37.394795 +0100][Error  ][PostMaster        ] [xrootd.ba.infn.it:1094 #0] elapsed = 45, pConnectionWindow = 31 seconds.
[2022-12-20 10:19:37.394831 +0100][Error  ][PostMaster        ] [xrootd.ba.infn.it:1094 #0] Unable to recover: [ERROR] Socket timeout.
[2022-12-20 10:19:37.394923 +0100][Error  ][XRootD            ] [xrootd.ba.infn.it:1094] Impossible to send message kXR_open (file: /store/user/alesauva/flashgg/UL2017_4/10_6_4/WHiggs0PMToGG_M125_TuneCP5_13TeV-JHUGenV7011-pythia8/UL2017_4-10_6_4-v0-RunIISummer19UL17MiniAOD-106X_mc2017_realistic_v6-v2/200720_160815/0000/myMicroAODOutputFile_22.root?tried=stor85.datagrid.cea.fr, mode: 0660, flags: kXR_open_read kXR_async kXR_retstat ). Trying to recover.
Begin processing the 1001st record. Run 1, Event 97809, LumiSection 979 on stream 0 at 20-Dec-2022 10:21:56.567 CET
Begin processing the 2001st record. Run 1, Event 98805, LumiSection 989 on stream 0 at 20-Dec-2022 10:23:39.391 CET
Begin processing the 3001st record. Run 1, Event 238518, LumiSection 2386 on stream 0 at 20-Dec-2022 10:25:22.932 CET
Begin processing the 4001st record. Run 1, Event 284106, LumiSection 2842 on stream 0 at 20-Dec-2022 10:27:06.833 CET
[2022-12-20 10:28:21.909832 +0100][Error  ][AsyncSock         ] [xrootd.ba.infn.it:1094 #0.0] Socket error while handshaking: [ERROR] Socket timeout
[2022-12-20 10:28:21.910114 +0100][Error  ][PostMaster        ] [xrootd.ba.infn.it:1094 #0] elapsed = 45, pConnectionWindow = 31 seconds.
Begin processing the 5001st record. Run 1, Event 285108, LumiSection 2852 on stream 0 at 20-Dec-2022 10:28:50.888 CET
[2022-12-20 10:29:07.128649 +0100][Error  ][AsyncSock         ] [xrootd.ba.infn.it:1094 #0.0] Socket error while handshaking: [ERROR] Socket timeout
[2022-12-20 10:29:07.128876 +0100][Error  ][PostMaster        ] [xrootd.ba.infn.it:1094 #0] elapsed = 46, pConnectionWindow = 31 seconds.
[2022-12-20 10:29:07.128890 +0100][Error  ][PostMaster        ] [xrootd.ba.infn.it:1094 #0] Unable to recover: [ERROR] Socket timeout.
[2022-12-20 10:29:07.128901 +0100][Error  ][XRootD            ] [xrootd.ba.infn.it:1094] Impossible to send message kXR_open (file: /store/user/alesauva/flashgg/UL2017_4/10_6_4/WHiggs0PMToGG_M125_TuneCP5_13TeV-JHUGenV7011-pythia8/UL2017_4-10_6_4-v0-RunIISummer19UL17MiniAOD-106X_mc2017_realistic_v6-v2/200720_160815/0000/myMicroAODOutputFile_22.root?tried=stor85.datagrid.cea.fr, mode: 0660, flags: kXR_open_read kXR_async kXR_retstat ). Trying to recover.
Begin processing the 6001st record. Run 1, Event 286110, LumiSection 2862 on stream 0 at 20-Dec-2022 10:30:22.017 CET
Begin processing the 7001st record. Run 1, Event 414411, LumiSection 4145 on stream 0 at 20-Dec-2022 10:31:59.106 CET
[2022-12-20 10:33:33.227603 +0100][Error  ][AsyncSock         ] [xrootd.ba.infn.it:1094 #0.0] Socket error while handshaking: [ERROR] Socket timeout
[2022-12-20 10:33:33.227772 +0100][Error  ][PostMaster        ] [xrootd.ba.infn.it:1094 #0] elapsed = 45, pConnectionWindow = 31 seconds.
Begin processing the 8001st record. Run 1, Event 415509, LumiSection 4156 on stream 0 at 20-Dec-2022 10:33:45.659 CET
[2022-12-20 10:34:18.465733 +0100][Error  ][AsyncSock         ] [xrootd.ba.infn.it:1094 #0.0] Socket error while handshaking: [ERROR] Socket timeout
[2022-12-20 10:34:18.465963 +0100][Error  ][PostMaster        ] [xrootd.ba.infn.it:1094 #0] elapsed = 45, pConnectionWindow = 31 seconds.
[2022-12-20 10:34:18.465980 +0100][Error  ][PostMaster        ] [xrootd.ba.infn.it:1094 #0] Unable to recover: [ERROR] Socket timeout.
[2022-12-20 10:34:18.465992 +0100][Error  ][XRootD            ] [xrootd.ba.infn.it:1094] Impossible to send message kXR_open (file: /store/user/alesauva/flashgg/UL2017_4/10_6_4/WHiggs0PMToGG_M125_TuneCP5_13TeV-JHUGenV7011-pythia8/UL2017_4-10_6_4-v0-RunIISummer19UL17MiniAOD-106X_mc2017_realistic_v6-v2/200720_160815/0000/myMicroAODOutputFile_22.root?tried=stor85.datagrid.cea.fr, mode: 0660, flags: kXR_open_read kXR_async kXR_retstat ). Trying to recover.
Begin processing the 9001st record. Run 1, Event 226304, LumiSection 2264 on stream 0 at 20-Dec-2022 10:35:32.577 CET
Begin processing the 10001st record. Run 1, Event 227304, LumiSection 2274 on stream 0 at 20-Dec-2022 10:37:15.131 CET
Begin processing the 11001st record. Run 1, Event 241704, LumiSection 2418 on stream 0 at 20-Dec-2022 10:39:06.629 CET
[2022-12-20 10:39:18.934684 +0100][Error  ][AsyncSock         ] [xrootd.ba.infn.it:1094 #0.0] Socket error while handshaking: [ERROR] Socket timeout
[2022-12-20 10:39:18.934833 +0100][Error  ][PostMaster        ] [xrootd.ba.infn.it:1094 #0] elapsed = 45, pConnectionWindow = 31 seconds.
[2022-12-20 10:40:03.157397 +0100][Error  ][AsyncSock         ] [xrootd.ba.infn.it:1094 #0.0] Socket error while handshaking: [ERROR] Socket timeout
[2022-12-20 10:40:03.157571 +0100][Error  ][PostMaster        ] [xrootd.ba.infn.it:1094 #0] elapsed = 45, pConnectionWindow = 31 seconds.
[2022-12-20 10:40:03.157584 +0100][Error  ][PostMaster        ] [xrootd.ba.infn.it:1094 #0] Unable to recover: [ERROR] Socket timeout.
[2022-12-20 10:40:03.157593 +0100][Error  ][XRootD            ] [xrootd.ba.infn.it:1094] Impossible to send message kXR_open (file: /store/user/alesauva/flashgg/UL2017_4/10_6_4/WHiggs0PMToGG_M125_TuneCP5_13TeV-JHUGenV7011-pythia8/UL2017_4-10_6_4-v0-RunIISummer19UL17MiniAOD-106X_mc2017_realistic_v6-v2/200720_160815/0000/myMicroAODOutputFile_22.root?tried=stor85.datagrid.cea.fr, mode: 0660, flags: kXR_open_read kXR_async kXR_retstat ). Trying to recover.
Begin processing the 12001st record. Run 1, Event 242701, LumiSection 2428 on stream 0 at 20-Dec-2022 10:40:53.787 CET
Begin processing the 13001st record. Run 1, Event 243705, LumiSection 2438 on stream 0 at 20-Dec-2022 10:42:42.584 CET
Begin processing the 14001st record. Run 1, Event 286805, LumiSection 2869 on stream 0 at 20-Dec-2022 10:44:25.130 CET
[2022-12-20 10:45:00.798780 +0100][Error  ][AsyncSock         ] [xrootd.ba.infn.it:1094 #0.0] Socket error while handshaking: [ERROR] Socket timeout
[2022-12-20 10:45:00.798944 +0100][Error  ][PostMaster        ] [xrootd.ba.infn.it:1094 #0] elapsed = 45, pConnectionWindow = 31 seconds.
[2022-12-20 10:45:45.994456 +0100][Error  ][AsyncSock         ] [xrootd.ba.infn.it:1094 #0.0] Socket error while handshaking: [ERROR] Socket timeout
[2022-12-20 10:45:45.994658 +0100][Error  ][PostMaster        ] [xrootd.ba.infn.it:1094 #0] elapsed = 45, pConnectionWindow = 31 seconds.
[2022-12-20 10:45:45.994668 +0100][Error  ][PostMaster        ] [xrootd.ba.infn.it:1094 #0] Unable to recover: [ERROR] Socket timeout.
[2022-12-20 10:45:45.994676 +0100][Error  ][XRootD            ] [xrootd.ba.infn.it:1094] Impossible to send message kXR_open (file: /store/user/alesauva/flashgg/UL2017_4/10_6_4/WHiggs0PMToGG_M125_TuneCP5_13TeV-JHUGenV7011-pythia8/UL2017_4-10_6_4-v0-RunIISummer19UL17MiniAOD-106X_mc2017_realistic_v6-v2/200720_160815/0000/myMicroAODOutputFile_22.root?tried=stor85.datagrid.cea.fr, mode: 0660, flags: kXR_open_read kXR_async kXR_retstat ). Trying to recover.
Begin processing the 15001st record. Run 1, Event 287807, LumiSection 2879 on stream 0 at 20-Dec-2022 10:46:10.905 CET
Begin processing the 16001st record. Run 1, Event 288805, LumiSection 2889 on stream 0 at 20-Dec-2022 10:47:54.726 CET
Begin processing the 17001st record. Run 1, Event 419120, LumiSection 4192 on stream 0 at 20-Dec-2022 10:49:37.574 CET
[2022-12-20 10:50:35.130710 +0100][Error  ][AsyncSock         ] [xrootd.ba.infn.it:1094 #0.0] Socket error while handshaking: [ERROR] Socket timeout
[2022-12-20 10:50:35.130885 +0100][Error  ][PostMaster        ] [xrootd.ba.infn.it:1094 #0] elapsed = 45, pConnectionWindow = 31 seconds.
[2022-12-20 10:51:20.342703 +0100][Error  ][AsyncSock         ] [xrootd.ba.infn.it:1094 #0.0] Socket error while handshaking: [ERROR] Socket timeout
[2022-12-20 10:51:20.342886 +0100][Error  ][PostMaster        ] [xrootd.ba.infn.it:1094 #0] elapsed = 45, pConnectionWindow = 31 seconds.
[2022-12-20 10:51:20.342900 +0100][Error  ][PostMaster        ] [xrootd.ba.infn.it:1094 #0] Unable to recover: [ERROR] Socket timeout.
[2022-12-20 10:51:20.342920 +0100][Error  ][XRootD            ] [xrootd.ba.infn.it:1094] Impossible to send message kXR_open (file: /store/user/alesauva/flashgg/UL2017_4/10_6_4/WHiggs0PMToGG_M125_TuneCP5_13TeV-JHUGenV7011-pythia8/UL2017_4-10_6_4-v0-RunIISummer19UL17MiniAOD-106X_mc2017_realistic_v6-v2/200720_160815/0000/myMicroAODOutputFile_22.root?tried=stor85.datagrid.cea.fr, mode: 0660, flags: kXR_open_read kXR_async kXR_retstat ). Trying to recover.
Begin processing the 18001st record. Run 1, Event 420110, LumiSection 4202 on stream 0 at 20-Dec-2022 10:51:30.331 CET
Begin processing the 19001st record. Run 1, Event 452910, LumiSection 4530 on stream 0 at 20-Dec-2022 10:53:14.779 CET
Begin processing the 20001st record. Run 1, Event 453908, LumiSection 4540 on stream 0 at 20-Dec-2022 10:55:09.806 CET
[2022-12-20 10:56:38.737838 +0100][Error  ][AsyncSock         ] [xrootd.ba.infn.it:1094 #0.0] Socket error while handshaking: [ERROR] Socket timeout
[2022-12-20 10:56:38.738113 +0100][Error  ][PostMaster        ] [xrootd.ba.infn.it:1094 #0] elapsed = 45, pConnectionWindow = 31 seconds.
Begin processing the 21001st record. Run 1, Event 454902, LumiSection 4550 on stream 0 at 20-Dec-2022 10:57:08.397 CET
[2022-12-20 10:57:23.949677 +0100][Error  ][AsyncSock         ] [xrootd.ba.infn.it:1094 #0.0] Socket error while handshaking: [ERROR] Socket timeout
[2022-12-20 10:57:23.949867 +0100][Error  ][PostMaster        ] [xrootd.ba.infn.it:1094 #0] elapsed = 45, pConnectionWindow = 31 seconds.
[2022-12-20 10:57:23.949882 +0100][Error  ][PostMaster        ] [xrootd.ba.infn.it:1094 #0] Unable to recover: [ERROR] Socket timeout.
[2022-12-20 10:57:23.949905 +0100][Error  ][XRootD            ] [xrootd.ba.infn.it:1094] Impossible to send message kXR_open (file: /store/user/alesauva/flashgg/UL2017_4/10_6_4/WHiggs0PMToGG_M125_TuneCP5_13TeV-JHUGenV7011-pythia8/UL2017_4-10_6_4-v0-RunIISummer19UL17MiniAOD-106X_mc2017_realistic_v6-v2/200720_160815/0000/myMicroAODOutputFile_22.root?tried=stor85.datagrid.cea.fr, mode: 0660, flags: kXR_open_read kXR_async kXR_retstat ). Trying to recover.
Begin processing the 22001st record. Run 1, Event 502102, LumiSection 5022 on stream 0 at 20-Dec-2022 10:59:05.004 CET
Begin processing the 23001st record. Run 1, Event 672813, LumiSection 6729 on stream 0 at 20-Dec-2022 11:01:02.043 CET
Begin processing the 24001st record. Run 1, Event 673801, LumiSection 6739 on stream 0 at 20-Dec-2022 11:03:09.295 CET
[2022-12-20 11:05:04.048774 +0100][Error  ][AsyncSock         ] [xrootd.ba.infn.it:1094 #0.0] Socket error while handshaking: [ERROR] Socket timeout
[2022-12-20 11:05:04.049181 +0100][Error  ][PostMaster        ] [xrootd.ba.infn.it:1094 #0] elapsed = 45, pConnectionWindow = 31 seconds.
20-Dec-2022 11:05:09 CET  Closed file root://cms-xrd-global.cern.ch//store/user/alesauva/flashgg/UL2017_4/10_6_4/WHiggs0PMToGG_M125_TuneCP5_13TeV-JHUGenV7011-pythia8/UL2017_4-10_6_4-v0-RunIISummer19UL17MiniAOD-106X_mc2017_realistic_v6-v2/200720_160815/0000/myMicroAODOutputFile_22.root

TrigReport ---------- Event  Summary ------------
TrigReport Events total = 25000 passed = 24883 failed = 117

TrigReport ---------- Path   Summary ------------
TrigReport  Trig Bit#   Executed     Passed     Failed      Error Name
TrigReport     1    0      25000      24883        117          0 p

TrigReport -------End-Path   Summary ------------
TrigReport  Trig Bit#   Executed     Passed     Failed      Error Name

TrigReport ---------- Modules in Path: p ------------
TrigReport  Trig Bit#    Visited     Passed     Failed      Error Name
TrigReport     1    0      25000      24883        117          0 flashggMetFilters
TrigReport     1    1      24883      24883          0          0 VHFilter
TrigReport     1    2      24883      24883          0          0 flashggDifferentialPhoIdInputsCorrection
TrigReport     1    3      24883      24883          0          0 flashggDiPhotonSystematics
TrigReport     1    4      24883      24883          0          0 flashggMetSystematics
TrigReport     1    5      24883      24883          0          0 flashggMuonSystematics
TrigReport     1    6      24883      24883          0          0 flashggElectronSystematics
TrigReport     1    7      24883      24883          0          0 flashggUnpackedJets
TrigReport     1    8      24883      24883          0          0 flashggJetSystematics0
TrigReport     1    9      24883      24883          0          0 flashggJetSystematics1
TrigReport     1   10      24883      24883          0          0 flashggJetSystematics2
TrigReport     1   11      24883      24883          0          0 flashggJetSystematics3
TrigReport     1   12      24883      24883          0          0 flashggJetSystematics4
TrigReport     1   13      24883      24883          0          0 flashggJetSystematics5
TrigReport     1   14      24883      24883          0          0 flashggJetSystematics6
TrigReport     1   15      24883      24883          0          0 flashggJetSystematics7
TrigReport     1   16      24883      24883          0          0 flashggJetSystematics8
TrigReport     1   17      24883      24883          0          0 flashggJetSystematics9
TrigReport     1   18      24883      24883          0          0 flashggJetSystematics10
TrigReport     1   19      24883      24883          0          0 flashggJetSystematics11
TrigReport     1   20      24883      24883          0          0 flashggPrefireDiPhotons
TrigReport     1   21      24883      24883          0          0 flashggPreselectedDiPhotons
TrigReport     1   22      24883      24883          0          0 flashggDiPhotonMVA
TrigReport     1   23      24883      24883          0          0 flashggVBFMVA
TrigReport     1   24      24883      24883          0          0 flashggVHhadMVA
TrigReport     1   25      24883      24883          0          0 flashggGluGluHMVA
TrigReport     1   26      24883      24883          0          0 flashggStageOneCombinedTag
TrigReport     1   27      24883      24883          0          0 flashggTHQLeptonicTag
TrigReport     1   28      24883      24883          0          0 flashggVHMetTag
TrigReport     1   29      24883      24883          0          0 flashggWHLeptonicTag
TrigReport     1   30      24883      24883          0          0 flashggZHLeptonicTag
TrigReport     1   31      24883      24883          0          0 flashggTTHLeptonicTag
TrigReport     1   32      24883      24883          0          0 flashggTTHHadronicTag
TrigReport     1   33      24883      24883          0          0 flashggTagSorter
TrigReport     1   34      24883      24883          0          0 flashggSystTagMerger
TrigReport     1   35      24883      24883          0          0 tagsDumper

TrigReport ---------- Module Summary ------------
TrigReport    Visited   Executed     Passed     Failed      Error Name
TrigReport      25000      25000      25000          0          0 TriggerResults
TrigReport      24883      24883      24883          0          0 VHFilter
TrigReport      24883      24883      24883          0          0 ak4PFCHSL1FastL2L3Corrector
TrigReport      24883      24883      24883          0          0 ak4PFCHSL1FastjetCorrector
TrigReport      24883      24883      24883          0          0 ak4PFCHSL2RelativeCorrector
TrigReport      24883      24883      24883          0          0 ak4PFCHSL3AbsoluteCorrector
TrigReport      24883      24883      24883          0          0 flashggDiPhotonMVA
TrigReport      24883      24883      24883          0          0 flashggDiPhotonSystematics
TrigReport      24883      24883      24883          0          0 flashggDifferentialPhoIdInputsCorrection
TrigReport      24883      24883      24883          0          0 flashggElectronSystematics
TrigReport      24883      24883      24883          0          0 flashggGluGluHMVA
TrigReport      24883      24883      24883          0          0 flashggJetSystematics0
TrigReport      24883      24883      24883          0          0 flashggJetSystematics1
TrigReport      24883      24883      24883          0          0 flashggJetSystematics10
TrigReport      24883      24883      24883          0          0 flashggJetSystematics11
TrigReport      24883      24883      24883          0          0 flashggJetSystematics2
TrigReport      24883      24883      24883          0          0 flashggJetSystematics3
TrigReport      24883      24883      24883          0          0 flashggJetSystematics4
TrigReport      24883      24883      24883          0          0 flashggJetSystematics5
TrigReport      24883      24883      24883          0          0 flashggJetSystematics6
TrigReport      24883      24883      24883          0          0 flashggJetSystematics7
TrigReport      24883      24883      24883          0          0 flashggJetSystematics8
TrigReport      24883      24883      24883          0          0 flashggJetSystematics9
TrigReport      25000      25000      24883        117          0 flashggMetFilters
TrigReport      24883      24883      24883          0          0 flashggMetSystematics
TrigReport      24883      24883      24883          0          0 flashggMuonSystematics
TrigReport      24883      24883      24883          0          0 flashggPrefireDiPhotons
TrigReport      24883      24883      24883          0          0 flashggPreselectedDiPhotons
TrigReport      24883      24883      24883          0          0 flashggStageOneCombinedTag
TrigReport      24883      24883      24883          0          0 flashggSystTagMerger
TrigReport      24883      24883      24883          0          0 flashggTHQLeptonicTag
TrigReport      24883      24883      24883          0          0 flashggTTHHadronicTag
TrigReport      24883      24883      24883          0          0 flashggTTHLeptonicTag
TrigReport      24883      24883      24883          0          0 flashggTagSorter
TrigReport      24883      24883      24883          0          0 flashggUnpackedJets
TrigReport      24883      24883      24883          0          0 flashggVBFMVA
TrigReport      24883      24883      24883          0          0 flashggVHMetTag
TrigReport      24883      24883      24883          0          0 flashggVHhadMVA
TrigReport      24883      24883      24883          0          0 flashggWHLeptonicTag
TrigReport      24883      24883      24883          0          0 flashggZHLeptonicTag
TrigReport      25000      25000      25000          0          0 p
TrigReport      24883      24883      24883          0          0 tagsDumper

TimeReport ---------- Event  Summary ---[sec]----
TimeReport       event loop CPU/event = 0.111500
TimeReport      event loop Real/event = 0.112884
TimeReport     sum Streams Real/event = 0.109728
TimeReport efficiency CPU/Real/thread = 0.987738

TimeReport ---------- Path   Summary ---[Real sec]----
TimeReport  per event     per exec  Name
TimeReport   0.109271     0.109271  p
TimeReport  per event     per exec  Name

TimeReport -------End-Path   Summary ---[Real sec]----
TimeReport  per event     per exec  Name
TimeReport  per event     per exec  Name

TimeReport ---------- Modules in Path: p ---[Real sec]----
TimeReport  per event    per visit  Name
TimeReport   0.000014     0.000014  flashggMetFilters
TimeReport   0.000005     0.000005  VHFilter
TimeReport   0.064879     0.065184  flashggDifferentialPhoIdInputsCorrection
TimeReport   0.031798     0.031947  flashggDiPhotonSystematics
TimeReport   0.000147     0.000148  flashggMetSystematics
TimeReport   0.000023     0.000023  flashggMuonSystematics
TimeReport   0.000034     0.000035  flashggElectronSystematics
TimeReport   0.000188     0.000189  flashggUnpackedJets
TimeReport   0.003167     0.003181  flashggJetSystematics0
TimeReport   0.000465     0.000467  flashggJetSystematics1
TimeReport   0.000404     0.000406  flashggJetSystematics2
TimeReport   0.000387     0.000389  flashggJetSystematics3
TimeReport   0.000379     0.000381  flashggJetSystematics4
TimeReport   0.000374     0.000376  flashggJetSystematics5
TimeReport   0.000372     0.000373  flashggJetSystematics6
TimeReport   0.000370     0.000372  flashggJetSystematics7
TimeReport   0.000369     0.000371  flashggJetSystematics8
TimeReport   0.000368     0.000370  flashggJetSystematics9
TimeReport   0.000366     0.000368  flashggJetSystematics10
TimeReport   0.000366     0.000368  flashggJetSystematics11
TimeReport   0.000230     0.000231  flashggPrefireDiPhotons
TimeReport   0.000098     0.000098  flashggPreselectedDiPhotons
TimeReport   0.000034     0.000034  flashggDiPhotonMVA
TimeReport   0.000024     0.000024  flashggVBFMVA
TimeReport   0.000014     0.000014  flashggVHhadMVA
TimeReport   0.000041     0.000041  flashggGluGluHMVA
TimeReport   0.000027     0.000027  flashggStageOneCombinedTag
TimeReport   0.000374     0.000376  flashggTHQLeptonicTag
TimeReport   0.000281     0.000283  flashggVHMetTag
TimeReport   0.000030     0.000030  flashggWHLeptonicTag
TimeReport   0.000014     0.000014  flashggZHLeptonicTag
TimeReport   0.000143     0.000144  flashggTTHLeptonicTag
TimeReport   0.001078     0.001083  flashggTTHHadronicTag
TimeReport   0.000073     0.000073  flashggTagSorter
TimeReport   0.000003     0.000003  flashggSystTagMerger
TimeReport   0.000246     0.000247  tagsDumper
TimeReport  per event    per visit  Name

TimeReport ---------- Module Summary ---[Real sec]----
TimeReport  per event     per exec    per visit  Name
TimeReport   0.000003     0.000003     0.000003  TriggerResults
TimeReport   0.000005     0.000005     0.000005  VHFilter
TimeReport   0.000003     0.000003     0.000003  ak4PFCHSL1FastL2L3Corrector
TimeReport   0.000003     0.000003     0.000003  ak4PFCHSL1FastjetCorrector
TimeReport   0.000002     0.000002     0.000002  ak4PFCHSL2RelativeCorrector
TimeReport   0.000013     0.000013     0.000013  ak4PFCHSL3AbsoluteCorrector
TimeReport   0.000034     0.000034     0.000034  flashggDiPhotonMVA
TimeReport   0.031798     0.031947     0.031947  flashggDiPhotonSystematics
TimeReport   0.064879     0.065184     0.065184  flashggDifferentialPhoIdInputsCorrection
TimeReport   0.000034     0.000035     0.000035  flashggElectronSystematics
TimeReport   0.000041     0.000041     0.000041  flashggGluGluHMVA
TimeReport   0.003167     0.003181     0.003181  flashggJetSystematics0
TimeReport   0.000465     0.000467     0.000467  flashggJetSystematics1
TimeReport   0.000366     0.000368     0.000368  flashggJetSystematics10
TimeReport   0.000366     0.000368     0.000368  flashggJetSystematics11
TimeReport   0.000404     0.000406     0.000406  flashggJetSystematics2
TimeReport   0.000387     0.000389     0.000389  flashggJetSystematics3
TimeReport   0.000379     0.000381     0.000381  flashggJetSystematics4
TimeReport   0.000374     0.000376     0.000376  flashggJetSystematics5
TimeReport   0.000372     0.000373     0.000373  flashggJetSystematics6
TimeReport   0.000370     0.000372     0.000372  flashggJetSystematics7
TimeReport   0.000369     0.000371     0.000371  flashggJetSystematics8
TimeReport   0.000368     0.000370     0.000370  flashggJetSystematics9
TimeReport   0.000014     0.000014     0.000014  flashggMetFilters
TimeReport   0.000147     0.000148     0.000148  flashggMetSystematics
TimeReport   0.000023     0.000023     0.000023  flashggMuonSystematics
TimeReport   0.000230     0.000231     0.000231  flashggPrefireDiPhotons
TimeReport   0.000098     0.000098     0.000098  flashggPreselectedDiPhotons
TimeReport   0.000027     0.000027     0.000027  flashggStageOneCombinedTag
TimeReport   0.000003     0.000003     0.000003  flashggSystTagMerger
TimeReport   0.000374     0.000376     0.000376  flashggTHQLeptonicTag
TimeReport   0.001078     0.001083     0.001083  flashggTTHHadronicTag
TimeReport   0.000143     0.000144     0.000144  flashggTTHLeptonicTag
TimeReport   0.000073     0.000073     0.000073  flashggTagSorter
TimeReport   0.000188     0.000189     0.000189  flashggUnpackedJets
TimeReport   0.000024     0.000024     0.000024  flashggVBFMVA
TimeReport   0.000281     0.000283     0.000283  flashggVHMetTag
TimeReport   0.000014     0.000014     0.000014  flashggVHhadMVA
TimeReport   0.000030     0.000030     0.000030  flashggWHLeptonicTag
TimeReport   0.000014     0.000014     0.000014  flashggZHLeptonicTag
TimeReport   0.000002     0.000002     0.000002  p
TimeReport   0.000246     0.000247     0.000247  tagsDumper
TimeReport  per event     per exec    per visit  Name

T---Report end!


=============================================

MessageLogger Summary

 type     category        sev    module        subroutine        count    total
 ---- -------------------- -- ---------------- ----------------  -----    -----
    1 XrdAdaptor           -w file_open                              1        1
    2 fileAction           -s file_close                             1        1
    3 fileAction           -s file_open                              2        2

 type    category    Examples: run/evt        run/evt          run/evt
 ---- -------------------- ---------------- ---------------- ----------------
    1 XrdAdaptor           pre-events                        
    2 fileAction           PostGlobalEndRun                  
    3 fileAction           pre-events       pre-events       

Severity    # Occurrences   Total Occurrences
--------    -------------   -----------------
Warning                 1                   1
System                  3                   3

dropped waiting message count 0
