mkdir: cannot create directory '/afs/cern.ch/user/x/xisu/private/local/Analysis_workspace/VH_AC_tmp1/flashgg_d2/CMSSW_10_6_29/src/flashgg/VHAC_Analysis_Met/UL_17/UL_17_wh125': File exists
/cvmfs/cms.cern.ch/slc7_amd64_gcc700/external/py2-requests/2.21.0-pafccj2/lib/python2.7/site-packages/requests/__init__.py:91: RequestsDependencyWarning: urllib3 (1.25.2) or chardet (3.0.4) doesn't match a supported version!
  RequestsDependencyWarning)
20-Dec-2022 10:05:26 CET  Initiating request to open file root://cms-xrd-global.cern.ch//store/user/alesauva/flashgg/UL2017_3/10_6_4/VHToGG_M125_TuneCP5_13TeV-amcatnloFXFX-madspin-pythia8/UL2017_3-10_6_4-v0-RunIISummer19UL17MiniAOD-106X_mc2017_realistic_v6-v1/200722_091630/0000/myMicroAODOutputFile_7.root
%MSG-w XrdAdaptor:  file_open 20-Dec-2022 10:05:29 CET pre-events
Data is served from GRIF-IRFU instead of original site CERN-CMSGLOBAL-01
%MSG
20-Dec-2022 10:05:31 CET  Successfully opened file root://cms-xrd-global.cern.ch//store/user/alesauva/flashgg/UL2017_3/10_6_4/VHToGG_M125_TuneCP5_13TeV-amcatnloFXFX-madspin-pythia8/UL2017_3-10_6_4-v0-RunIISummer19UL17MiniAOD-106X_mc2017_realistic_v6-v1/200722_091630/0000/myMicroAODOutputFile_7.root
2022-12-20 10:20:22.439208: I tensorflow/core/platform/cpu_feature_guard.cc:140] Your CPU supports instructions that this TensorFlow binary was not compiled to use: SSE4.1 SSE4.2 AVX AVX2 FMA
Begin processing the 1st record. Run 1, Event 31863, LumiSection 119 on stream 0 at 20-Dec-2022 10:21:16.609 CET
[2022-12-20 10:22:00.835640 +0100][Error  ][AsyncSock         ] [xrootd.ba.infn.it:1094 #0.0] Socket error while handshaking: [ERROR] Socket timeout
[2022-12-20 10:22:00.835877 +0100][Error  ][PostMaster        ] [xrootd.ba.infn.it:1094 #0] elapsed = 45, pConnectionWindow = 31 seconds.
[2022-12-20 10:22:46.030573 +0100][Error  ][AsyncSock         ] [xrootd.ba.infn.it:1094 #0.0] Socket error while handshaking: [ERROR] Socket timeout
[2022-12-20 10:22:46.030776 +0100][Error  ][PostMaster        ] [xrootd.ba.infn.it:1094 #0] elapsed = 46, pConnectionWindow = 31 seconds.
[2022-12-20 10:22:46.030820 +0100][Error  ][PostMaster        ] [xrootd.ba.infn.it:1094 #0] Unable to recover: [ERROR] Socket timeout.
[2022-12-20 10:22:46.030853 +0100][Error  ][XRootD            ] [xrootd.ba.infn.it:1094] Impossible to send message kXR_open (file: /store/user/alesauva/flashgg/UL2017_3/10_6_4/VHToGG_M125_TuneCP5_13TeV-amcatnloFXFX-madspin-pythia8/UL2017_3-10_6_4-v0-RunIISummer19UL17MiniAOD-106X_mc2017_realistic_v6-v1/200722_091630/0000/myMicroAODOutputFile_7.root?tried=stor96.datagrid.cea.fr, mode: 0660, flags: kXR_open_read kXR_async kXR_retstat ). Trying to recover.
Begin processing the 1001st record. Run 1, Event 537575, LumiSection 1992 on stream 0 at 20-Dec-2022 10:25:27.604 CET
Begin processing the 2001st record. Run 1, Event 883514, LumiSection 3273 on stream 0 at 20-Dec-2022 10:27:05.195 CET
[2022-12-20 10:27:51.220668 +0100][Error  ][AsyncSock         ] [xrootd.ba.infn.it:1094 #0.0] Socket error while handshaking: [ERROR] Socket timeout
[2022-12-20 10:27:51.220799 +0100][Error  ][PostMaster        ] [xrootd.ba.infn.it:1094 #0] elapsed = 45, pConnectionWindow = 31 seconds.
[2022-12-20 10:28:36.773567 +0100][Error  ][AsyncSock         ] [xrootd.ba.infn.it:1094 #0.0] Socket error while handshaking: [ERROR] Socket timeout
[2022-12-20 10:28:36.773746 +0100][Error  ][PostMaster        ] [xrootd.ba.infn.it:1094 #0] elapsed = 45, pConnectionWindow = 31 seconds.
[2022-12-20 10:28:36.773757 +0100][Error  ][PostMaster        ] [xrootd.ba.infn.it:1094 #0] Unable to recover: [ERROR] Socket timeout.
[2022-12-20 10:28:36.773767 +0100][Error  ][XRootD            ] [xrootd.ba.infn.it:1094] Impossible to send message kXR_open (file: /store/user/alesauva/flashgg/UL2017_3/10_6_4/VHToGG_M125_TuneCP5_13TeV-amcatnloFXFX-madspin-pythia8/UL2017_3-10_6_4-v0-RunIISummer19UL17MiniAOD-106X_mc2017_realistic_v6-v1/200722_091630/0000/myMicroAODOutputFile_7.root?tried=stor96.datagrid.cea.fr, mode: 0460, flags: kXR_open_read kXR_async kXR_retstat ). Trying to recover.
Begin processing the 3001st record. Run 1, Event 60164, LumiSection 223 on stream 0 at 20-Dec-2022 10:28:37.837 CET
Begin processing the 4001st record. Run 1, Event 75152, LumiSection 279 on stream 0 at 20-Dec-2022 10:30:08.742 CET
Begin processing the 5001st record. Run 1, Event 482751, LumiSection 1788 on stream 0 at 20-Dec-2022 10:31:33.902 CET
Begin processing the 6001st record. Run 1, Event 989976, LumiSection 3667 on stream 0 at 20-Dec-2022 10:33:02.648 CET
Begin processing the 7001st record. Run 1, Event 520520, LumiSection 1928 on stream 0 at 20-Dec-2022 10:34:38.950 CET
Begin processing the 8001st record. Run 1, Event 523372, LumiSection 1939 on stream 0 at 20-Dec-2022 10:36:10.946 CET
[2022-12-20 10:36:42.220588 +0100][Error  ][AsyncSock         ] [xrootd.ba.infn.it:1094 #0.0] Socket error while handshaking: [ERROR] Socket timeout
[2022-12-20 10:36:42.220825 +0100][Error  ][PostMaster        ] [xrootd.ba.infn.it:1094 #0] elapsed = 45, pConnectionWindow = 31 seconds.
[2022-12-20 10:37:27.508562 +0100][Error  ][AsyncSock         ] [xrootd.ba.infn.it:1094 #0.0] Socket error while handshaking: [ERROR] Socket timeout
[2022-12-20 10:37:27.508770 +0100][Error  ][PostMaster        ] [xrootd.ba.infn.it:1094 #0] elapsed = 45, pConnectionWindow = 31 seconds.
[2022-12-20 10:37:27.508789 +0100][Error  ][PostMaster        ] [xrootd.ba.infn.it:1094 #0] Unable to recover: [ERROR] Socket timeout.
[2022-12-20 10:37:27.508801 +0100][Error  ][XRootD            ] [xrootd.ba.infn.it:1094] Impossible to send message kXR_open (file: /store/user/alesauva/flashgg/UL2017_3/10_6_4/VHToGG_M125_TuneCP5_13TeV-amcatnloFXFX-madspin-pythia8/UL2017_3-10_6_4-v0-RunIISummer19UL17MiniAOD-106X_mc2017_realistic_v6-v1/200722_091630/0000/myMicroAODOutputFile_7.root?tried=stor96.datagrid.cea.fr, mode: 0660, flags: kXR_open_read kXR_async kXR_retstat ). Trying to recover.
Begin processing the 9001st record. Run 1, Event 372125, LumiSection 1379 on stream 0 at 20-Dec-2022 10:37:43.122 CET
Begin processing the 10001st record. Run 1, Event 375016, LumiSection 1389 on stream 0 at 20-Dec-2022 10:39:09.974 CET
Begin processing the 11001st record. Run 1, Event 377880, LumiSection 1400 on stream 0 at 20-Dec-2022 10:40:35.578 CET
Begin processing the 12001st record. Run 1, Event 1064344, LumiSection 3943 on stream 0 at 20-Dec-2022 10:41:59.859 CET
[2022-12-20 10:42:24.047559 +0100][Error  ][AsyncSock         ] [xrootd.ba.infn.it:1094 #0.0] Socket error while handshaking: [ERROR] Socket timeout
[2022-12-20 10:42:24.047799 +0100][Error  ][PostMaster        ] [xrootd.ba.infn.it:1094 #0] elapsed = 45, pConnectionWindow = 31 seconds.
[2022-12-20 10:43:09.394569 +0100][Error  ][AsyncSock         ] [xrootd.ba.infn.it:1094 #0.0] Socket error while handshaking: [ERROR] Socket timeout
[2022-12-20 10:43:09.394732 +0100][Error  ][PostMaster        ] [xrootd.ba.infn.it:1094 #0] elapsed = 45, pConnectionWindow = 31 seconds.
[2022-12-20 10:43:09.394749 +0100][Error  ][PostMaster        ] [xrootd.ba.infn.it:1094 #0] Unable to recover: [ERROR] Socket timeout.
[2022-12-20 10:43:09.394759 +0100][Error  ][XRootD            ] [xrootd.ba.infn.it:1094] Impossible to send message kXR_open (file: /store/user/alesauva/flashgg/UL2017_3/10_6_4/VHToGG_M125_TuneCP5_13TeV-amcatnloFXFX-madspin-pythia8/UL2017_3-10_6_4-v0-RunIISummer19UL17MiniAOD-106X_mc2017_realistic_v6-v1/200722_091630/0000/myMicroAODOutputFile_7.root?tried=stor96.datagrid.cea.fr, mode: 0660, flags: kXR_open_read kXR_async kXR_retstat ). Trying to recover.
Begin processing the 13001st record. Run 1, Event 917694, LumiSection 3399 on stream 0 at 20-Dec-2022 10:43:21.865 CET
Begin processing the 14001st record. Run 1, Event 934714, LumiSection 3462 on stream 0 at 20-Dec-2022 10:45:04.762 CET
Begin processing the 15001st record. Run 1, Event 937661, LumiSection 3473 on stream 0 at 20-Dec-2022 10:46:38.588 CET
[2022-12-20 10:46:57.327584 +0100][Error  ][AsyncSock         ] [xrootd.ba.infn.it:1094 #0.0] Socket error while handshaking: [ERROR] Socket timeout
[2022-12-20 10:46:57.328278 +0100][Error  ][PostMaster        ] [xrootd.ba.infn.it:1094 #0] elapsed = 45, pConnectionWindow = 31 seconds.
[2022-12-20 10:47:42.581559 +0100][Error  ][AsyncSock         ] [xrootd.ba.infn.it:1094 #0.0] Socket error while handshaking: [ERROR] Socket timeout
[2022-12-20 10:47:42.581740 +0100][Error  ][PostMaster        ] [xrootd.ba.infn.it:1094 #0] elapsed = 45, pConnectionWindow = 31 seconds.
[2022-12-20 10:47:42.581755 +0100][Error  ][PostMaster        ] [xrootd.ba.infn.it:1094 #0] Unable to recover: [ERROR] Socket timeout.
[2022-12-20 10:47:42.581765 +0100][Error  ][XRootD            ] [xrootd.ba.infn.it:1094] Impossible to send message kXR_open (file: /store/user/alesauva/flashgg/UL2017_3/10_6_4/VHToGG_M125_TuneCP5_13TeV-amcatnloFXFX-madspin-pythia8/UL2017_3-10_6_4-v0-RunIISummer19UL17MiniAOD-106X_mc2017_realistic_v6-v1/200722_091630/0000/myMicroAODOutputFile_7.root?tried=stor96.datagrid.cea.fr, mode: 0660, flags: kXR_open_read kXR_async kXR_retstat ). Trying to recover.
Begin processing the 16001st record. Run 1, Event 994922, LumiSection 3685 on stream 0 at 20-Dec-2022 10:48:15.511 CET
Begin processing the 17001st record. Run 1, Event 477207, LumiSection 1768 on stream 0 at 20-Dec-2022 10:49:56.037 CET
Begin processing the 18001st record. Run 1, Event 1193491, LumiSection 4421 on stream 0 at 20-Dec-2022 10:51:29.244 CET
[2022-12-20 10:51:39.097536 +0100][Error  ][AsyncSock         ] [xrootd.ba.infn.it:1094 #0.0] Socket error while handshaking: [ERROR] Socket timeout
[2022-12-20 10:51:39.097690 +0100][Error  ][PostMaster        ] [xrootd.ba.infn.it:1094 #0] elapsed = 45, pConnectionWindow = 31 seconds.
[2022-12-20 10:52:24.372553 +0100][Error  ][AsyncSock         ] [xrootd.ba.infn.it:1094 #0.0] Socket error while handshaking: [ERROR] Socket timeout
[2022-12-20 10:52:24.372701 +0100][Error  ][PostMaster        ] [xrootd.ba.infn.it:1094 #0] elapsed = 45, pConnectionWindow = 31 seconds.
[2022-12-20 10:52:24.372714 +0100][Error  ][PostMaster        ] [xrootd.ba.infn.it:1094 #0] Unable to recover: [ERROR] Socket timeout.
[2022-12-20 10:52:24.372725 +0100][Error  ][XRootD            ] [xrootd.ba.infn.it:1094] Impossible to send message kXR_open (file: /store/user/alesauva/flashgg/UL2017_3/10_6_4/VHToGG_M125_TuneCP5_13TeV-amcatnloFXFX-madspin-pythia8/UL2017_3-10_6_4-v0-RunIISummer19UL17MiniAOD-106X_mc2017_realistic_v6-v1/200722_091630/0000/myMicroAODOutputFile_7.root?tried=stor96.datagrid.cea.fr, mode: 0660, flags: kXR_open_read kXR_async kXR_retstat ). Trying to recover.
Begin processing the 19001st record. Run 1, Event 889825, LumiSection 3296 on stream 0 at 20-Dec-2022 10:53:05.796 CET
Begin processing the 20001st record. Run 1, Event 895638, LumiSection 3318 on stream 0 at 20-Dec-2022 10:54:40.764 CET
Begin processing the 21001st record. Run 1, Event 279216, LumiSection 1035 on stream 0 at 20-Dec-2022 10:56:10.398 CET
[2022-12-20 10:56:15.066591 +0100][Error  ][AsyncSock         ] [xrootd.ba.infn.it:1094 #0.0] Socket error while handshaking: [ERROR] Socket timeout
[2022-12-20 10:56:15.066739 +0100][Error  ][PostMaster        ] [xrootd.ba.infn.it:1094 #0] elapsed = 45, pConnectionWindow = 31 seconds.
[2022-12-20 10:57:00.179567 +0100][Error  ][AsyncSock         ] [xrootd.ba.infn.it:1094 #0.0] Socket error while handshaking: [ERROR] Socket timeout
[2022-12-20 10:57:00.179734 +0100][Error  ][PostMaster        ] [xrootd.ba.infn.it:1094 #0] elapsed = 45, pConnectionWindow = 31 seconds.
[2022-12-20 10:57:00.179745 +0100][Error  ][PostMaster        ] [xrootd.ba.infn.it:1094 #0] Unable to recover: [ERROR] Socket timeout.
[2022-12-20 10:57:00.179754 +0100][Error  ][XRootD            ] [xrootd.ba.infn.it:1094] Impossible to send message kXR_open (file: /store/user/alesauva/flashgg/UL2017_3/10_6_4/VHToGG_M125_TuneCP5_13TeV-amcatnloFXFX-madspin-pythia8/UL2017_3-10_6_4-v0-RunIISummer19UL17MiniAOD-106X_mc2017_realistic_v6-v1/200722_091630/0000/myMicroAODOutputFile_7.root?tried=stor96.datagrid.cea.fr, mode: 0660, flags: kXR_open_read kXR_async kXR_retstat ). Trying to recover.
Begin processing the 22001st record. Run 1, Event 571141, LumiSection 2116 on stream 0 at 20-Dec-2022 10:57:37.824 CET
Begin processing the 23001st record. Run 1, Event 574346, LumiSection 2128 on stream 0 at 20-Dec-2022 10:59:10.886 CET
[2022-12-20 11:00:47.807659 +0100][Error  ][AsyncSock         ] [xrootd.ba.infn.it:1094 #0.0] Socket error while handshaking: [ERROR] Socket timeout
[2022-12-20 11:00:47.807873 +0100][Error  ][PostMaster        ] [xrootd.ba.infn.it:1094 #0] elapsed = 45, pConnectionWindow = 31 seconds.
Begin processing the 24001st record. Run 1, Event 577603, LumiSection 2140 on stream 0 at 20-Dec-2022 11:00:52.052 CET
[2022-12-20 11:01:32.049551 +0100][Error  ][AsyncSock         ] [xrootd.ba.infn.it:1094 #0.0] Socket error while handshaking: [ERROR] Socket timeout
[2022-12-20 11:01:32.049719 +0100][Error  ][PostMaster        ] [xrootd.ba.infn.it:1094 #0] elapsed = 45, pConnectionWindow = 31 seconds.
[2022-12-20 11:01:32.049736 +0100][Error  ][PostMaster        ] [xrootd.ba.infn.it:1094 #0] Unable to recover: [ERROR] Socket timeout.
[2022-12-20 11:01:32.049749 +0100][Error  ][XRootD            ] [xrootd.ba.infn.it:1094] Impossible to send message kXR_open (file: /store/user/alesauva/flashgg/UL2017_3/10_6_4/VHToGG_M125_TuneCP5_13TeV-amcatnloFXFX-madspin-pythia8/UL2017_3-10_6_4-v0-RunIISummer19UL17MiniAOD-106X_mc2017_realistic_v6-v1/200722_091630/0000/myMicroAODOutputFile_7.root?tried=stor96.datagrid.cea.fr, mode: 0660, flags: kXR_open_read kXR_async kXR_retstat ). Trying to recover.
20-Dec-2022 11:02:05 CET  Closed file root://cms-xrd-global.cern.ch//store/user/alesauva/flashgg/UL2017_3/10_6_4/VHToGG_M125_TuneCP5_13TeV-amcatnloFXFX-madspin-pythia8/UL2017_3-10_6_4-v0-RunIISummer19UL17MiniAOD-106X_mc2017_realistic_v6-v1/200722_091630/0000/myMicroAODOutputFile_7.root

TrigReport ---------- Event  Summary ------------
TrigReport Events total = 24801 passed = 15767 failed = 9034

TrigReport ---------- Path   Summary ------------
TrigReport  Trig Bit#   Executed     Passed     Failed      Error Name
TrigReport     1    0      24801      15767       9034          0 p

TrigReport -------End-Path   Summary ------------
TrigReport  Trig Bit#   Executed     Passed     Failed      Error Name

TrigReport ---------- Modules in Path: p ------------
TrigReport  Trig Bit#    Visited     Passed     Failed      Error Name
TrigReport     1    0      24801      24679        122          0 flashggMetFilters
TrigReport     1    1      24679      15767       8912          0 VHFilter
TrigReport     1    2      15767      15767          0          0 flashggDifferentialPhoIdInputsCorrection
TrigReport     1    3      15767      15767          0          0 flashggDiPhotonSystematics
TrigReport     1    4      15767      15767          0          0 flashggMetSystematics
TrigReport     1    5      15767      15767          0          0 flashggMuonSystematics
TrigReport     1    6      15767      15767          0          0 flashggElectronSystematics
TrigReport     1    7      15767      15767          0          0 flashggUnpackedJets
TrigReport     1    8      15767      15767          0          0 flashggJetSystematics0
TrigReport     1    9      15767      15767          0          0 flashggJetSystematics1
TrigReport     1   10      15767      15767          0          0 flashggJetSystematics2
TrigReport     1   11      15767      15767          0          0 flashggJetSystematics3
TrigReport     1   12      15767      15767          0          0 flashggJetSystematics4
TrigReport     1   13      15767      15767          0          0 flashggJetSystematics5
TrigReport     1   14      15767      15767          0          0 flashggJetSystematics6
TrigReport     1   15      15767      15767          0          0 flashggJetSystematics7
TrigReport     1   16      15767      15767          0          0 flashggJetSystematics8
TrigReport     1   17      15767      15767          0          0 flashggJetSystematics9
TrigReport     1   18      15767      15767          0          0 flashggJetSystematics10
TrigReport     1   19      15767      15767          0          0 flashggJetSystematics11
TrigReport     1   20      15767      15767          0          0 flashggPrefireDiPhotons
TrigReport     1   21      15767      15767          0          0 flashggPreselectedDiPhotons
TrigReport     1   22      15767      15767          0          0 flashggDiPhotonMVA
TrigReport     1   23      15767      15767          0          0 flashggVBFMVA
TrigReport     1   24      15767      15767          0          0 flashggVHhadMVA
TrigReport     1   25      15767      15767          0          0 flashggGluGluHMVA
TrigReport     1   26      15767      15767          0          0 flashggStageOneCombinedTag
TrigReport     1   27      15767      15767          0          0 flashggTHQLeptonicTag
TrigReport     1   28      15767      15767          0          0 flashggVHMetTag
TrigReport     1   29      15767      15767          0          0 flashggWHLeptonicTag
TrigReport     1   30      15767      15767          0          0 flashggZHLeptonicTag
TrigReport     1   31      15767      15767          0          0 flashggTTHLeptonicTag
TrigReport     1   32      15767      15767          0          0 flashggTTHHadronicTag
TrigReport     1   33      15767      15767          0          0 flashggTagSorter
TrigReport     1   34      15767      15767          0          0 flashggSystTagMerger
TrigReport     1   35      15767      15767          0          0 tagsDumper

TrigReport ---------- Module Summary ------------
TrigReport    Visited   Executed     Passed     Failed      Error Name
TrigReport      24801      24801      24801          0          0 TriggerResults
TrigReport      24679      24679      15767       8912          0 VHFilter
TrigReport      15767      15767      15767          0          0 ak4PFCHSL1FastL2L3Corrector
TrigReport      15767      15767      15767          0          0 ak4PFCHSL1FastjetCorrector
TrigReport      15767      15767      15767          0          0 ak4PFCHSL2RelativeCorrector
TrigReport      15767      15767      15767          0          0 ak4PFCHSL3AbsoluteCorrector
TrigReport      15767      15767      15767          0          0 flashggDiPhotonMVA
TrigReport      15767      15767      15767          0          0 flashggDiPhotonSystematics
TrigReport      15767      15767      15767          0          0 flashggDifferentialPhoIdInputsCorrection
TrigReport      15767      15767      15767          0          0 flashggElectronSystematics
TrigReport      15767      15767      15767          0          0 flashggGluGluHMVA
TrigReport      15767      15767      15767          0          0 flashggJetSystematics0
TrigReport      15767      15767      15767          0          0 flashggJetSystematics1
TrigReport      15767      15767      15767          0          0 flashggJetSystematics10
TrigReport      15767      15767      15767          0          0 flashggJetSystematics11
TrigReport      15767      15767      15767          0          0 flashggJetSystematics2
TrigReport      15767      15767      15767          0          0 flashggJetSystematics3
TrigReport      15767      15767      15767          0          0 flashggJetSystematics4
TrigReport      15767      15767      15767          0          0 flashggJetSystematics5
TrigReport      15767      15767      15767          0          0 flashggJetSystematics6
TrigReport      15767      15767      15767          0          0 flashggJetSystematics7
TrigReport      15767      15767      15767          0          0 flashggJetSystematics8
TrigReport      15767      15767      15767          0          0 flashggJetSystematics9
TrigReport      24801      24801      24679        122          0 flashggMetFilters
TrigReport      15767      15767      15767          0          0 flashggMetSystematics
TrigReport      15767      15767      15767          0          0 flashggMuonSystematics
TrigReport      15767      15767      15767          0          0 flashggPrefireDiPhotons
TrigReport      15767      15767      15767          0          0 flashggPreselectedDiPhotons
TrigReport      15767      15767      15767          0          0 flashggStageOneCombinedTag
TrigReport      15767      15767      15767          0          0 flashggSystTagMerger
TrigReport      15767      15767      15767          0          0 flashggTHQLeptonicTag
TrigReport      15767      15767      15767          0          0 flashggTTHHadronicTag
TrigReport      15767      15767      15767          0          0 flashggTTHLeptonicTag
TrigReport      15767      15767      15767          0          0 flashggTagSorter
TrigReport      15767      15767      15767          0          0 flashggUnpackedJets
TrigReport      15767      15767      15767          0          0 flashggVBFMVA
TrigReport      15767      15767      15767          0          0 flashggVHMetTag
TrigReport      15767      15767      15767          0          0 flashggVHhadMVA
TrigReport      15767      15767      15767          0          0 flashggWHLeptonicTag
TrigReport      15767      15767      15767          0          0 flashggZHLeptonicTag
TrigReport      24801      24801      24801          0          0 p
TrigReport      15767      15767      15767          0          0 tagsDumper

TimeReport ---------- Event  Summary ---[sec]----
TimeReport       event loop CPU/event = 0.097846
TimeReport      event loop Real/event = 0.098811
TimeReport     sum Streams Real/event = 0.095844
TimeReport efficiency CPU/Real/thread = 0.990235

TimeReport ---------- Path   Summary ---[Real sec]----
TimeReport  per event     per exec  Name
TimeReport   0.095453     0.095453  p
TimeReport  per event     per exec  Name

TimeReport -------End-Path   Summary ---[Real sec]----
TimeReport  per event     per exec  Name
TimeReport  per event     per exec  Name

TimeReport ---------- Modules in Path: p ---[Real sec]----
TimeReport  per event    per visit  Name
TimeReport   0.000013     0.000013  flashggMetFilters
TimeReport   0.000005     0.000005  VHFilter
TimeReport   0.053254     0.083767  flashggDifferentialPhoIdInputsCorrection
TimeReport   0.031341     0.049299  flashggDiPhotonSystematics
TimeReport   0.000117     0.000184  flashggMetSystematics
TimeReport   0.000017     0.000027  flashggMuonSystematics
TimeReport   0.000028     0.000044  flashggElectronSystematics
TimeReport   0.000160     0.000251  flashggUnpackedJets
TimeReport   0.002796     0.004398  flashggJetSystematics0
TimeReport   0.000413     0.000650  flashggJetSystematics1
TimeReport   0.000365     0.000573  flashggJetSystematics2
TimeReport   0.000350     0.000551  flashggJetSystematics3
TimeReport   0.000346     0.000544  flashggJetSystematics4
TimeReport   0.000343     0.000539  flashggJetSystematics5
TimeReport   0.000339     0.000534  flashggJetSystematics6
TimeReport   0.000337     0.000530  flashggJetSystematics7
TimeReport   0.000338     0.000532  flashggJetSystematics8
TimeReport   0.000335     0.000527  flashggJetSystematics9
TimeReport   0.000335     0.000528  flashggJetSystematics10
TimeReport   0.000334     0.000526  flashggJetSystematics11
TimeReport   0.000216     0.000340  flashggPrefireDiPhotons
TimeReport   0.000078     0.000123  flashggPreselectedDiPhotons
TimeReport   0.000020     0.000032  flashggDiPhotonMVA
TimeReport   0.000018     0.000029  flashggVBFMVA
TimeReport   0.000012     0.000018  flashggVHhadMVA
TimeReport   0.000032     0.000050  flashggGluGluHMVA
TimeReport   0.000020     0.000031  flashggStageOneCombinedTag
TimeReport   0.000247     0.000389  flashggTHQLeptonicTag
TimeReport   0.000186     0.000293  flashggVHMetTag
TimeReport   0.000022     0.000035  flashggWHLeptonicTag
TimeReport   0.000011     0.000017  flashggZHLeptonicTag
TimeReport   0.000113     0.000178  flashggTTHLeptonicTag
TimeReport   0.000833     0.001311  flashggTTHHadronicTag
TimeReport   0.000056     0.000089  flashggTagSorter
TimeReport   0.000003     0.000004  flashggSystTagMerger
TimeReport   0.000227     0.000357  tagsDumper
TimeReport  per event    per visit  Name

TimeReport ---------- Module Summary ---[Real sec]----
TimeReport  per event     per exec    per visit  Name
TimeReport   0.000002     0.000002     0.000002  TriggerResults
TimeReport   0.000005     0.000005     0.000005  VHFilter
TimeReport   0.000002     0.000004     0.000004  ak4PFCHSL1FastL2L3Corrector
TimeReport   0.000003     0.000004     0.000004  ak4PFCHSL1FastjetCorrector
TimeReport   0.000001     0.000002     0.000002  ak4PFCHSL2RelativeCorrector
TimeReport   0.000009     0.000015     0.000015  ak4PFCHSL3AbsoluteCorrector
TimeReport   0.000020     0.000032     0.000032  flashggDiPhotonMVA
TimeReport   0.031341     0.049299     0.049299  flashggDiPhotonSystematics
TimeReport   0.053254     0.083767     0.083767  flashggDifferentialPhoIdInputsCorrection
TimeReport   0.000028     0.000044     0.000044  flashggElectronSystematics
TimeReport   0.000032     0.000050     0.000050  flashggGluGluHMVA
TimeReport   0.002796     0.004398     0.004398  flashggJetSystematics0
TimeReport   0.000413     0.000650     0.000650  flashggJetSystematics1
TimeReport   0.000335     0.000528     0.000528  flashggJetSystematics10
TimeReport   0.000334     0.000526     0.000526  flashggJetSystematics11
TimeReport   0.000365     0.000573     0.000573  flashggJetSystematics2
TimeReport   0.000350     0.000551     0.000551  flashggJetSystematics3
TimeReport   0.000346     0.000544     0.000544  flashggJetSystematics4
TimeReport   0.000343     0.000539     0.000539  flashggJetSystematics5
TimeReport   0.000339     0.000534     0.000534  flashggJetSystematics6
TimeReport   0.000337     0.000530     0.000530  flashggJetSystematics7
TimeReport   0.000338     0.000532     0.000532  flashggJetSystematics8
TimeReport   0.000335     0.000527     0.000527  flashggJetSystematics9
TimeReport   0.000013     0.000013     0.000013  flashggMetFilters
TimeReport   0.000117     0.000184     0.000184  flashggMetSystematics
TimeReport   0.000017     0.000027     0.000027  flashggMuonSystematics
TimeReport   0.000216     0.000340     0.000340  flashggPrefireDiPhotons
TimeReport   0.000078     0.000123     0.000123  flashggPreselectedDiPhotons
TimeReport   0.000020     0.000031     0.000031  flashggStageOneCombinedTag
TimeReport   0.000003     0.000004     0.000004  flashggSystTagMerger
TimeReport   0.000247     0.000389     0.000389  flashggTHQLeptonicTag
TimeReport   0.000833     0.001311     0.001311  flashggTTHHadronicTag
TimeReport   0.000113     0.000178     0.000178  flashggTTHLeptonicTag
TimeReport   0.000056     0.000089     0.000089  flashggTagSorter
TimeReport   0.000160     0.000251     0.000251  flashggUnpackedJets
TimeReport   0.000018     0.000029     0.000029  flashggVBFMVA
TimeReport   0.000186     0.000293     0.000293  flashggVHMetTag
TimeReport   0.000012     0.000018     0.000018  flashggVHhadMVA
TimeReport   0.000022     0.000035     0.000035  flashggWHLeptonicTag
TimeReport   0.000011     0.000017     0.000017  flashggZHLeptonicTag
TimeReport   0.000003     0.000003     0.000003  p
TimeReport   0.000227     0.000357     0.000357  tagsDumper
TimeReport  per event     per exec    per visit  Name

T---Report end!


=============================================

MessageLogger Summary

 type     category        sev    module        subroutine        count    total
 ---- -------------------- -- ---------------- ----------------  -----    -----
    1 XrdAdaptor           -w file_open                              1        1
    2 fileAction           -s file_close                             1        1
    3 fileAction           -s file_open                              2        2

 type    category    Examples: run/evt        run/evt          run/evt
 ---- -------------------- ---------------- ---------------- ----------------
    1 XrdAdaptor           pre-events                        
    2 fileAction           PostGlobalEndRun                  
    3 fileAction           pre-events       pre-events       

Severity    # Occurrences   Total Occurrences
--------    -------------   -----------------
Warning                 1                   1
System                  3                   3

dropped waiting message count 0
