mkdir: cannot create directory '/afs/cern.ch/user/x/xisu/private/local/Analysis_workspace/VH_AC_tmp1/flashgg_d2/CMSSW_10_6_29/src/flashgg/VHAC_Analysis_Met/UL_17/UL_17_wh125': File exists
/cvmfs/cms.cern.ch/slc7_amd64_gcc700/external/py2-requests/2.21.0-pafccj2/lib/python2.7/site-packages/requests/__init__.py:91: RequestsDependencyWarning: urllib3 (1.25.2) or chardet (3.0.4) doesn't match a supported version!
  RequestsDependencyWarning)
20-Dec-2022 10:04:38 CET  Initiating request to open file root://cms-xrd-global.cern.ch//store/user/alesauva/flashgg/UL2017_3/10_6_4/VHToGG_M125_TuneCP5_13TeV-amcatnloFXFX-madspin-pythia8/UL2017_3-10_6_4-v0-RunIISummer19UL17MiniAOD-106X_mc2017_realistic_v6-v1/200718_083214/0000/myMicroAODOutputFile_14.root
%MSG-w XrdAdaptor:  file_open 20-Dec-2022 10:04:40 CET pre-events
Data is served from GRIF-IRFU instead of original site CERN-CMSGLOBAL-02
%MSG
20-Dec-2022 10:04:42 CET  Successfully opened file root://cms-xrd-global.cern.ch//store/user/alesauva/flashgg/UL2017_3/10_6_4/VHToGG_M125_TuneCP5_13TeV-amcatnloFXFX-madspin-pythia8/UL2017_3-10_6_4-v0-RunIISummer19UL17MiniAOD-106X_mc2017_realistic_v6-v1/200718_083214/0000/myMicroAODOutputFile_14.root
2022-12-20 10:17:13.544000: I tensorflow/core/platform/cpu_feature_guard.cc:140] Your CPU supports instructions that this TensorFlow binary was not compiled to use: SSE4.1 SSE4.2 AVX AVX2 FMA
Begin processing the 1st record. Run 1, Event 909094, LumiSection 3368 on stream 0 at 20-Dec-2022 10:18:02.503 CET
[2022-12-20 10:18:46.699703 +0100][Error  ][AsyncSock         ] [xrootd.ba.infn.it:1094 #0.0] Socket error while handshaking: [ERROR] Socket timeout
[2022-12-20 10:18:46.699891 +0100][Error  ][PostMaster        ] [xrootd.ba.infn.it:1094 #0] elapsed = 45, pConnectionWindow = 31 seconds.
[2022-12-20 10:19:31.670094 +0100][Error  ][AsyncSock         ] [xrootd.ba.infn.it:1094 #0.0] Socket error while handshaking: [ERROR] Socket timeout
[2022-12-20 10:19:31.670235 +0100][Error  ][PostMaster        ] [xrootd.ba.infn.it:1094 #0] elapsed = 45, pConnectionWindow = 31 seconds.
[2022-12-20 10:19:31.670303 +0100][Error  ][PostMaster        ] [xrootd.ba.infn.it:1094 #0] Unable to recover: [ERROR] Socket timeout.
[2022-12-20 10:19:31.670318 +0100][Error  ][XRootD            ] [xrootd.ba.infn.it:1094] Impossible to send message kXR_open (file: /store/user/alesauva/flashgg/UL2017_3/10_6_4/VHToGG_M125_TuneCP5_13TeV-amcatnloFXFX-madspin-pythia8/UL2017_3-10_6_4-v0-RunIISummer19UL17MiniAOD-106X_mc2017_realistic_v6-v1/200718_083214/0000/myMicroAODOutputFile_14.root?tried=stor95.datagrid.cea.fr, mode: 0660, flags: kXR_open_read kXR_async kXR_retstat ). Trying to recover.
Begin processing the 1001st record. Run 1, Event 1277306, LumiSection 4731 on stream 0 at 20-Dec-2022 10:21:41.029 CET
Begin processing the 2001st record. Run 1, Event 379250, LumiSection 1405 on stream 0 at 20-Dec-2022 10:23:07.892 CET
[2022-12-20 10:23:48.877086 +0100][Error  ][AsyncSock         ] [xrootd.ba.infn.it:1094 #0.0] Socket error while handshaking: [ERROR] Socket timeout
[2022-12-20 10:23:48.877203 +0100][Error  ][PostMaster        ] [xrootd.ba.infn.it:1094 #0] elapsed = 45, pConnectionWindow = 31 seconds.
Begin processing the 3001st record. Run 1, Event 350078, LumiSection 1297 on stream 0 at 20-Dec-2022 10:24:31.193 CET
[2022-12-20 10:24:33.463060 +0100][Error  ][AsyncSock         ] [xrootd.ba.infn.it:1094 #0.0] Socket error while handshaking: [ERROR] Socket timeout
[2022-12-20 10:24:33.463208 +0100][Error  ][PostMaster        ] [xrootd.ba.infn.it:1094 #0] elapsed = 45, pConnectionWindow = 31 seconds.
[2022-12-20 10:24:33.463217 +0100][Error  ][PostMaster        ] [xrootd.ba.infn.it:1094 #0] Unable to recover: [ERROR] Socket timeout.
[2022-12-20 10:24:33.463226 +0100][Error  ][XRootD            ] [xrootd.ba.infn.it:1094] Impossible to send message kXR_open (file: /store/user/alesauva/flashgg/UL2017_3/10_6_4/VHToGG_M125_TuneCP5_13TeV-amcatnloFXFX-madspin-pythia8/UL2017_3-10_6_4-v0-RunIISummer19UL17MiniAOD-106X_mc2017_realistic_v6-v1/200718_083214/0000/myMicroAODOutputFile_14.root?tried=stor95.datagrid.cea.fr, mode: 0660, flags: kXR_open_read kXR_async kXR_retstat ). Trying to recover.
Begin processing the 4001st record. Run 1, Event 353022, LumiSection 1308 on stream 0 at 20-Dec-2022 10:25:58.379 CET
Begin processing the 5001st record. Run 1, Event 355974, LumiSection 1319 on stream 0 at 20-Dec-2022 10:27:18.780 CET
Begin processing the 6001st record. Run 1, Event 420736, LumiSection 1559 on stream 0 at 20-Dec-2022 10:28:39.181 CET
[2022-12-20 10:29:10.444072 +0100][Error  ][AsyncSock         ] [xrootd.ba.infn.it:1094 #0.0] Socket error while handshaking: [ERROR] Socket timeout
[2022-12-20 10:29:10.444207 +0100][Error  ][PostMaster        ] [xrootd.ba.infn.it:1094 #0] elapsed = 45, pConnectionWindow = 31 seconds.
[2022-12-20 10:29:55.157794 +0100][Error  ][AsyncSock         ] [xrootd.ba.infn.it:1094 #0.0] Socket error while handshaking: [ERROR] Socket timeout
[2022-12-20 10:29:55.157871 +0100][Error  ][PostMaster        ] [xrootd.ba.infn.it:1094 #0] elapsed = 45, pConnectionWindow = 31 seconds.
[2022-12-20 10:29:55.157879 +0100][Error  ][PostMaster        ] [xrootd.ba.infn.it:1094 #0] Unable to recover: [ERROR] Socket timeout.
[2022-12-20 10:29:55.157885 +0100][Error  ][XRootD            ] [xrootd.ba.infn.it:1094] Impossible to send message kXR_open (file: /store/user/alesauva/flashgg/UL2017_3/10_6_4/VHToGG_M125_TuneCP5_13TeV-amcatnloFXFX-madspin-pythia8/UL2017_3-10_6_4-v0-RunIISummer19UL17MiniAOD-106X_mc2017_realistic_v6-v1/200718_083214/0000/myMicroAODOutputFile_14.root?tried=stor95.datagrid.cea.fr, mode: 0660, flags: kXR_open_read kXR_async kXR_retstat ). Trying to recover.
Begin processing the 7001st record. Run 1, Event 423790, LumiSection 1570 on stream 0 at 20-Dec-2022 10:30:08.903 CET
Begin processing the 8001st record. Run 1, Event 426891, LumiSection 1582 on stream 0 at 20-Dec-2022 10:31:43.925 CET
Begin processing the 9001st record. Run 1, Event 914777, LumiSection 3389 on stream 0 at 20-Dec-2022 10:33:09.983 CET
Begin processing the 10001st record. Run 1, Event 930063, LumiSection 3445 on stream 0 at 20-Dec-2022 10:34:38.073 CET
Begin processing the 11001st record. Run 1, Event 536034, LumiSection 1986 on stream 0 at 20-Dec-2022 10:36:02.673 CET
Begin processing the 12001st record. Run 1, Event 961986, LumiSection 3563 on stream 0 at 20-Dec-2022 10:37:36.317 CET
Begin processing the 13001st record. Run 1, Event 346750, LumiSection 1285 on stream 0 at 20-Dec-2022 10:39:03.983 CET
[2022-12-20 10:39:22.464072 +0100][Error  ][AsyncSock         ] [xrootd.ba.infn.it:1094 #0.0] Socket error while handshaking: [ERROR] Socket timeout
[2022-12-20 10:39:22.464216 +0100][Error  ][PostMaster        ] [xrootd.ba.infn.it:1094 #0] elapsed = 46, pConnectionWindow = 31 seconds.
[2022-12-20 10:40:07.475034 +0100][Error  ][AsyncSock         ] [xrootd.ba.infn.it:1094 #0.0] Socket error while handshaking: [ERROR] Socket timeout
[2022-12-20 10:40:07.475202 +0100][Error  ][PostMaster        ] [xrootd.ba.infn.it:1094 #0] elapsed = 45, pConnectionWindow = 31 seconds.
[2022-12-20 10:40:07.475214 +0100][Error  ][PostMaster        ] [xrootd.ba.infn.it:1094 #0] Unable to recover: [ERROR] Socket timeout.
[2022-12-20 10:40:07.475223 +0100][Error  ][XRootD            ] [xrootd.ba.infn.it:1094] Impossible to send message kXR_open (file: /store/user/alesauva/flashgg/UL2017_3/10_6_4/VHToGG_M125_TuneCP5_13TeV-amcatnloFXFX-madspin-pythia8/UL2017_3-10_6_4-v0-RunIISummer19UL17MiniAOD-106X_mc2017_realistic_v6-v1/200718_083214/0000/myMicroAODOutputFile_14.root?tried=stor95.datagrid.cea.fr, mode: 0660, flags: kXR_open_read kXR_async kXR_retstat ). Trying to recover.
Begin processing the 14001st record. Run 1, Event 349644, LumiSection 1295 on stream 0 at 20-Dec-2022 10:40:24.694 CET
Begin processing the 15001st record. Run 1, Event 382529, LumiSection 1417 on stream 0 at 20-Dec-2022 10:41:52.368 CET
Begin processing the 16001st record. Run 1, Event 385039, LumiSection 1427 on stream 0 at 20-Dec-2022 10:43:24.599 CET
Begin processing the 17001st record. Run 1, Event 387858, LumiSection 1437 on stream 0 at 20-Dec-2022 10:44:50.267 CET
[2022-12-20 10:45:00.981109 +0100][Error  ][AsyncSock         ] [xrootd.ba.infn.it:1094 #0.0] Socket error while handshaking: [ERROR] Socket timeout
[2022-12-20 10:45:00.981273 +0100][Error  ][PostMaster        ] [xrootd.ba.infn.it:1094 #0] elapsed = 45, pConnectionWindow = 31 seconds.
[2022-12-20 10:45:46.115222 +0100][Error  ][AsyncSock         ] [xrootd.ba.infn.it:1094 #0.0] Socket error while handshaking: [ERROR] Socket timeout
[2022-12-20 10:45:46.115387 +0100][Error  ][PostMaster        ] [xrootd.ba.infn.it:1094 #0] elapsed = 46, pConnectionWindow = 31 seconds.
[2022-12-20 10:45:46.115399 +0100][Error  ][PostMaster        ] [xrootd.ba.infn.it:1094 #0] Unable to recover: [ERROR] Socket timeout.
[2022-12-20 10:45:46.115411 +0100][Error  ][XRootD            ] [xrootd.ba.infn.it:1094] Impossible to send message kXR_open (file: /store/user/alesauva/flashgg/UL2017_3/10_6_4/VHToGG_M125_TuneCP5_13TeV-amcatnloFXFX-madspin-pythia8/UL2017_3-10_6_4-v0-RunIISummer19UL17MiniAOD-106X_mc2017_realistic_v6-v1/200718_083214/0000/myMicroAODOutputFile_14.root?tried=stor95.datagrid.cea.fr, mode: 0660, flags: kXR_open_read kXR_async kXR_retstat ). Trying to recover.
Begin processing the 18001st record. Run 1, Event 1091909, LumiSection 4045 on stream 0 at 20-Dec-2022 10:46:15.323 CET
Begin processing the 19001st record. Run 1, Event 968397, LumiSection 3587 on stream 0 at 20-Dec-2022 10:47:39.004 CET
Begin processing the 20001st record. Run 1, Event 391361, LumiSection 1450 on stream 0 at 20-Dec-2022 10:49:07.919 CET
Begin processing the 21001st record. Run 1, Event 394086, LumiSection 1460 on stream 0 at 20-Dec-2022 10:50:36.715 CET
[2022-12-20 10:50:37.266125 +0100][Error  ][AsyncSock         ] [xrootd.ba.infn.it:1094 #0.0] Socket error while handshaking: [ERROR] Socket timeout
[2022-12-20 10:50:37.266240 +0100][Error  ][PostMaster        ] [xrootd.ba.infn.it:1094 #0] elapsed = 45, pConnectionWindow = 31 seconds.
[2022-12-20 10:51:22.974302 +0100][Error  ][AsyncSock         ] [xrootd.ba.infn.it:1094 #0.0] Socket error while handshaking: [ERROR] Socket timeout
[2022-12-20 10:51:22.974415 +0100][Error  ][PostMaster        ] [xrootd.ba.infn.it:1094 #0] elapsed = 45, pConnectionWindow = 31 seconds.
[2022-12-20 10:51:22.974425 +0100][Error  ][PostMaster        ] [xrootd.ba.infn.it:1094 #0] Unable to recover: [ERROR] Socket timeout.
[2022-12-20 10:51:22.974432 +0100][Error  ][XRootD            ] [xrootd.ba.infn.it:1094] Impossible to send message kXR_open (file: /store/user/alesauva/flashgg/UL2017_3/10_6_4/VHToGG_M125_TuneCP5_13TeV-amcatnloFXFX-madspin-pythia8/UL2017_3-10_6_4-v0-RunIISummer19UL17MiniAOD-106X_mc2017_realistic_v6-v1/200718_083214/0000/myMicroAODOutputFile_14.root?tried=stor95.datagrid.cea.fr, mode: 0660, flags: kXR_open_read kXR_async kXR_retstat ). Trying to recover.
Begin processing the 22001st record. Run 1, Event 398142, LumiSection 1475 on stream 0 at 20-Dec-2022 10:52:03.068 CET
Begin processing the 23001st record. Run 1, Event 1027589, LumiSection 3806 on stream 0 at 20-Dec-2022 10:53:27.674 CET
Begin processing the 24001st record. Run 1, Event 480326, LumiSection 1779 on stream 0 at 20-Dec-2022 10:54:54.202 CET
20-Dec-2022 10:55:50 CET  Closed file root://cms-xrd-global.cern.ch//store/user/alesauva/flashgg/UL2017_3/10_6_4/VHToGG_M125_TuneCP5_13TeV-amcatnloFXFX-madspin-pythia8/UL2017_3-10_6_4-v0-RunIISummer19UL17MiniAOD-106X_mc2017_realistic_v6-v1/200718_083214/0000/myMicroAODOutputFile_14.root

TrigReport ---------- Event  Summary ------------
TrigReport Events total = 24736 passed = 15871 failed = 8865

TrigReport ---------- Path   Summary ------------
TrigReport  Trig Bit#   Executed     Passed     Failed      Error Name
TrigReport     1    0      24736      15871       8865          0 p

TrigReport -------End-Path   Summary ------------
TrigReport  Trig Bit#   Executed     Passed     Failed      Error Name

TrigReport ---------- Modules in Path: p ------------
TrigReport  Trig Bit#    Visited     Passed     Failed      Error Name
TrigReport     1    0      24736      24606        130          0 flashggMetFilters
TrigReport     1    1      24606      15871       8735          0 VHFilter
TrigReport     1    2      15871      15871          0          0 flashggDifferentialPhoIdInputsCorrection
TrigReport     1    3      15871      15871          0          0 flashggDiPhotonSystematics
TrigReport     1    4      15871      15871          0          0 flashggMetSystematics
TrigReport     1    5      15871      15871          0          0 flashggMuonSystematics
TrigReport     1    6      15871      15871          0          0 flashggElectronSystematics
TrigReport     1    7      15871      15871          0          0 flashggUnpackedJets
TrigReport     1    8      15871      15871          0          0 flashggJetSystematics0
TrigReport     1    9      15871      15871          0          0 flashggJetSystematics1
TrigReport     1   10      15871      15871          0          0 flashggJetSystematics2
TrigReport     1   11      15871      15871          0          0 flashggJetSystematics3
TrigReport     1   12      15871      15871          0          0 flashggJetSystematics4
TrigReport     1   13      15871      15871          0          0 flashggJetSystematics5
TrigReport     1   14      15871      15871          0          0 flashggJetSystematics6
TrigReport     1   15      15871      15871          0          0 flashggJetSystematics7
TrigReport     1   16      15871      15871          0          0 flashggJetSystematics8
TrigReport     1   17      15871      15871          0          0 flashggJetSystematics9
TrigReport     1   18      15871      15871          0          0 flashggJetSystematics10
TrigReport     1   19      15871      15871          0          0 flashggJetSystematics11
TrigReport     1   20      15871      15871          0          0 flashggPrefireDiPhotons
TrigReport     1   21      15871      15871          0          0 flashggPreselectedDiPhotons
TrigReport     1   22      15871      15871          0          0 flashggDiPhotonMVA
TrigReport     1   23      15871      15871          0          0 flashggVBFMVA
TrigReport     1   24      15871      15871          0          0 flashggVHhadMVA
TrigReport     1   25      15871      15871          0          0 flashggGluGluHMVA
TrigReport     1   26      15871      15871          0          0 flashggStageOneCombinedTag
TrigReport     1   27      15871      15871          0          0 flashggTHQLeptonicTag
TrigReport     1   28      15871      15871          0          0 flashggVHMetTag
TrigReport     1   29      15871      15871          0          0 flashggWHLeptonicTag
TrigReport     1   30      15871      15871          0          0 flashggZHLeptonicTag
TrigReport     1   31      15871      15871          0          0 flashggTTHLeptonicTag
TrigReport     1   32      15871      15871          0          0 flashggTTHHadronicTag
TrigReport     1   33      15871      15871          0          0 flashggTagSorter
TrigReport     1   34      15871      15871          0          0 flashggSystTagMerger
TrigReport     1   35      15871      15871          0          0 tagsDumper

TrigReport ---------- Module Summary ------------
TrigReport    Visited   Executed     Passed     Failed      Error Name
TrigReport      24736      24736      24736          0          0 TriggerResults
TrigReport      24606      24606      15871       8735          0 VHFilter
TrigReport      15871      15871      15871          0          0 ak4PFCHSL1FastL2L3Corrector
TrigReport      15871      15871      15871          0          0 ak4PFCHSL1FastjetCorrector
TrigReport      15871      15871      15871          0          0 ak4PFCHSL2RelativeCorrector
TrigReport      15871      15871      15871          0          0 ak4PFCHSL3AbsoluteCorrector
TrigReport      15871      15871      15871          0          0 flashggDiPhotonMVA
TrigReport      15871      15871      15871          0          0 flashggDiPhotonSystematics
TrigReport      15871      15871      15871          0          0 flashggDifferentialPhoIdInputsCorrection
TrigReport      15871      15871      15871          0          0 flashggElectronSystematics
TrigReport      15871      15871      15871          0          0 flashggGluGluHMVA
TrigReport      15871      15871      15871          0          0 flashggJetSystematics0
TrigReport      15871      15871      15871          0          0 flashggJetSystematics1
TrigReport      15871      15871      15871          0          0 flashggJetSystematics10
TrigReport      15871      15871      15871          0          0 flashggJetSystematics11
TrigReport      15871      15871      15871          0          0 flashggJetSystematics2
TrigReport      15871      15871      15871          0          0 flashggJetSystematics3
TrigReport      15871      15871      15871          0          0 flashggJetSystematics4
TrigReport      15871      15871      15871          0          0 flashggJetSystematics5
TrigReport      15871      15871      15871          0          0 flashggJetSystematics6
TrigReport      15871      15871      15871          0          0 flashggJetSystematics7
TrigReport      15871      15871      15871          0          0 flashggJetSystematics8
TrigReport      15871      15871      15871          0          0 flashggJetSystematics9
TrigReport      24736      24736      24606        130          0 flashggMetFilters
TrigReport      15871      15871      15871          0          0 flashggMetSystematics
TrigReport      15871      15871      15871          0          0 flashggMuonSystematics
TrigReport      15871      15871      15871          0          0 flashggPrefireDiPhotons
TrigReport      15871      15871      15871          0          0 flashggPreselectedDiPhotons
TrigReport      15871      15871      15871          0          0 flashggStageOneCombinedTag
TrigReport      15871      15871      15871          0          0 flashggSystTagMerger
TrigReport      15871      15871      15871          0          0 flashggTHQLeptonicTag
TrigReport      15871      15871      15871          0          0 flashggTTHHadronicTag
TrigReport      15871      15871      15871          0          0 flashggTTHLeptonicTag
TrigReport      15871      15871      15871          0          0 flashggTagSorter
TrigReport      15871      15871      15871          0          0 flashggUnpackedJets
TrigReport      15871      15871      15871          0          0 flashggVBFMVA
TrigReport      15871      15871      15871          0          0 flashggVHMetTag
TrigReport      15871      15871      15871          0          0 flashggVHhadMVA
TrigReport      15871      15871      15871          0          0 flashggWHLeptonicTag
TrigReport      15871      15871      15871          0          0 flashggZHLeptonicTag
TrigReport      24736      24736      24736          0          0 p
TrigReport      15871      15871      15871          0          0 tagsDumper

TimeReport ---------- Event  Summary ---[sec]----
TimeReport       event loop CPU/event = 0.090953
TimeReport      event loop Real/event = 0.091738
TimeReport     sum Streams Real/event = 0.089066
TimeReport efficiency CPU/Real/thread = 0.991441

TimeReport ---------- Path   Summary ---[Real sec]----
TimeReport  per event     per exec  Name
TimeReport   0.088703     0.088703  p
TimeReport  per event     per exec  Name

TimeReport -------End-Path   Summary ---[Real sec]----
TimeReport  per event     per exec  Name
TimeReport  per event     per exec  Name

TimeReport ---------- Modules in Path: p ---[Real sec]----
TimeReport  per event    per visit  Name
TimeReport   0.000012     0.000012  flashggMetFilters
TimeReport   0.000004     0.000004  VHFilter
TimeReport   0.049506     0.077158  flashggDifferentialPhoIdInputsCorrection
TimeReport   0.029300     0.045666  flashggDiPhotonSystematics
TimeReport   0.000106     0.000165  flashggMetSystematics
TimeReport   0.000015     0.000024  flashggMuonSystematics
TimeReport   0.000024     0.000038  flashggElectronSystematics
TimeReport   0.000143     0.000223  flashggUnpackedJets
TimeReport   0.002583     0.004026  flashggJetSystematics0
TimeReport   0.000382     0.000596  flashggJetSystematics1
TimeReport   0.000339     0.000529  flashggJetSystematics2
TimeReport   0.000326     0.000509  flashggJetSystematics3
TimeReport   0.000320     0.000498  flashggJetSystematics4
TimeReport   0.000316     0.000493  flashggJetSystematics5
TimeReport   0.000313     0.000488  flashggJetSystematics6
TimeReport   0.000313     0.000488  flashggJetSystematics7
TimeReport   0.000312     0.000486  flashggJetSystematics8
TimeReport   0.000310     0.000483  flashggJetSystematics9
TimeReport   0.000309     0.000482  flashggJetSystematics10
TimeReport   0.000309     0.000481  flashggJetSystematics11
TimeReport   0.000198     0.000309  flashggPrefireDiPhotons
TimeReport   0.000070     0.000109  flashggPreselectedDiPhotons
TimeReport   0.000018     0.000028  flashggDiPhotonMVA
TimeReport   0.000017     0.000026  flashggVBFMVA
TimeReport   0.000010     0.000015  flashggVHhadMVA
TimeReport   0.000028     0.000043  flashggGluGluHMVA
TimeReport   0.000018     0.000027  flashggStageOneCombinedTag
TimeReport   0.000194     0.000302  flashggTHQLeptonicTag
TimeReport   0.000165     0.000257  flashggVHMetTag
TimeReport   0.000020     0.000031  flashggWHLeptonicTag
TimeReport   0.000010     0.000015  flashggZHLeptonicTag
TimeReport   0.000117     0.000182  flashggTTHLeptonicTag
TimeReport   0.000761     0.001187  flashggTTHHadronicTag
TimeReport   0.000052     0.000081  flashggTagSorter
TimeReport   0.000002     0.000003  flashggSystTagMerger
TimeReport   0.000193     0.000300  tagsDumper
TimeReport  per event    per visit  Name

TimeReport ---------- Module Summary ---[Real sec]----
TimeReport  per event     per exec    per visit  Name
TimeReport   0.000002     0.000002     0.000002  TriggerResults
TimeReport   0.000004     0.000004     0.000004  VHFilter
TimeReport   0.000002     0.000003     0.000003  ak4PFCHSL1FastL2L3Corrector
TimeReport   0.000002     0.000003     0.000003  ak4PFCHSL1FastjetCorrector
TimeReport   0.000001     0.000001     0.000001  ak4PFCHSL2RelativeCorrector
TimeReport   0.000008     0.000012     0.000012  ak4PFCHSL3AbsoluteCorrector
TimeReport   0.000018     0.000028     0.000028  flashggDiPhotonMVA
TimeReport   0.029300     0.045666     0.045666  flashggDiPhotonSystematics
TimeReport   0.049506     0.077158     0.077158  flashggDifferentialPhoIdInputsCorrection
TimeReport   0.000024     0.000038     0.000038  flashggElectronSystematics
TimeReport   0.000028     0.000043     0.000043  flashggGluGluHMVA
TimeReport   0.002583     0.004026     0.004026  flashggJetSystematics0
TimeReport   0.000382     0.000596     0.000596  flashggJetSystematics1
TimeReport   0.000309     0.000482     0.000482  flashggJetSystematics10
TimeReport   0.000309     0.000481     0.000481  flashggJetSystematics11
TimeReport   0.000339     0.000529     0.000529  flashggJetSystematics2
TimeReport   0.000326     0.000509     0.000509  flashggJetSystematics3
TimeReport   0.000320     0.000498     0.000498  flashggJetSystematics4
TimeReport   0.000316     0.000493     0.000493  flashggJetSystematics5
TimeReport   0.000313     0.000488     0.000488  flashggJetSystematics6
TimeReport   0.000313     0.000488     0.000488  flashggJetSystematics7
TimeReport   0.000312     0.000486     0.000486  flashggJetSystematics8
TimeReport   0.000310     0.000483     0.000483  flashggJetSystematics9
TimeReport   0.000012     0.000012     0.000012  flashggMetFilters
TimeReport   0.000106     0.000165     0.000165  flashggMetSystematics
TimeReport   0.000015     0.000024     0.000024  flashggMuonSystematics
TimeReport   0.000198     0.000309     0.000309  flashggPrefireDiPhotons
TimeReport   0.000070     0.000109     0.000109  flashggPreselectedDiPhotons
TimeReport   0.000018     0.000027     0.000027  flashggStageOneCombinedTag
TimeReport   0.000002     0.000003     0.000003  flashggSystTagMerger
TimeReport   0.000194     0.000302     0.000302  flashggTHQLeptonicTag
TimeReport   0.000761     0.001187     0.001187  flashggTTHHadronicTag
TimeReport   0.000117     0.000182     0.000182  flashggTTHLeptonicTag
TimeReport   0.000052     0.000081     0.000081  flashggTagSorter
TimeReport   0.000143     0.000223     0.000223  flashggUnpackedJets
TimeReport   0.000017     0.000026     0.000026  flashggVBFMVA
TimeReport   0.000165     0.000257     0.000257  flashggVHMetTag
TimeReport   0.000010     0.000015     0.000015  flashggVHhadMVA
TimeReport   0.000020     0.000031     0.000031  flashggWHLeptonicTag
TimeReport   0.000010     0.000015     0.000015  flashggZHLeptonicTag
TimeReport   0.000003     0.000003     0.000003  p
TimeReport   0.000193     0.000300     0.000300  tagsDumper
TimeReport  per event     per exec    per visit  Name

T---Report end!


=============================================

MessageLogger Summary

 type     category        sev    module        subroutine        count    total
 ---- -------------------- -- ---------------- ----------------  -----    -----
    1 XrdAdaptor           -w file_open                              1        1
    2 fileAction           -s file_close                             1        1
    3 fileAction           -s file_open                              2        2

 type    category    Examples: run/evt        run/evt          run/evt
 ---- -------------------- ---------------- ---------------- ----------------
    1 XrdAdaptor           pre-events                        
    2 fileAction           PostGlobalEndRun                  
    3 fileAction           pre-events       pre-events       

Severity    # Occurrences   Total Occurrences
--------    -------------   -----------------
Warning                 1                   1
System                  3                   3

dropped waiting message count 0
