mkdir: cannot create directory '/afs/cern.ch/user/x/xisu/private/local/Analysis_workspace/VH_AC_tmp1/flashgg_d2/CMSSW_10_6_29/src/flashgg/VHAC_Analysis_Met/UL_17/UL_17_wh125': File exists
/cvmfs/cms.cern.ch/slc7_amd64_gcc700/external/py2-requests/2.21.0-pafccj2/lib/python2.7/site-packages/requests/__init__.py:91: RequestsDependencyWarning: urllib3 (1.25.2) or chardet (3.0.4) doesn't match a supported version!
  RequestsDependencyWarning)
20-Dec-2022 10:05:32 CET  Initiating request to open file root://cms-xrd-global.cern.ch//store/user/alesauva/flashgg/UL2017_4/10_6_4/WHiggs0PHToGG_M125_TuneCP5_13TeV-JHUGenV7011-pythia8/UL2017_4-10_6_4-v0-RunIISummer19UL17MiniAOD-106X_mc2017_realistic_v6-v2/200720_155719/0000/myMicroAODOutputFile_26.root
%MSG-w XrdAdaptor:  file_open 20-Dec-2022 10:05:34 CET pre-events
Data is served from GRIF-IRFU instead of original site CERN-CMSGLOBAL-01
%MSG
20-Dec-2022 10:05:39 CET  Successfully opened file root://cms-xrd-global.cern.ch//store/user/alesauva/flashgg/UL2017_4/10_6_4/WHiggs0PHToGG_M125_TuneCP5_13TeV-JHUGenV7011-pythia8/UL2017_4-10_6_4-v0-RunIISummer19UL17MiniAOD-106X_mc2017_realistic_v6-v2/200720_155719/0000/myMicroAODOutputFile_26.root
[2022-12-20 10:06:24.230752 +0100][Error  ][AsyncSock         ] [xrootd.ba.infn.it:1094 #0.0] Socket error while handshaking: [ERROR] Socket timeout
[2022-12-20 10:06:24.231097 +0100][Error  ][PostMaster        ] [xrootd.ba.infn.it:1094 #0] elapsed = 45, pConnectionWindow = 31 seconds.
[2022-12-20 10:07:09.484735 +0100][Error  ][AsyncSock         ] [xrootd.ba.infn.it:1094 #0.0] Socket error while handshaking: [ERROR] Socket timeout
[2022-12-20 10:07:09.484918 +0100][Error  ][PostMaster        ] [xrootd.ba.infn.it:1094 #0] elapsed = 45, pConnectionWindow = 31 seconds.
[2022-12-20 10:07:09.484963 +0100][Error  ][PostMaster        ] [xrootd.ba.infn.it:1094 #0] Unable to recover: [ERROR] Socket timeout.
[2022-12-20 10:07:09.485028 +0100][Error  ][XRootD            ] [xrootd.ba.infn.it:1094] Impossible to send message kXR_open (file: /store/user/alesauva/flashgg/UL2017_4/10_6_4/WHiggs0PHToGG_M125_TuneCP5_13TeV-JHUGenV7011-pythia8/UL2017_4-10_6_4-v0-RunIISummer19UL17MiniAOD-106X_mc2017_realistic_v6-v2/200720_155719/0000/myMicroAODOutputFile_26.root?tried=+1213xrootd-cms-redir-int.cr.cnaf.infn.it,+1213llrxrd-redir.in2p3.fr,+1413llrxrd-redir.in2p3.fr,+1413xrootd-cms-redir-int.cr.cnaf.infn.it,stor85.datagrid.cea.fr,node12.datagrid.cea.fr,xrootd-redic.pi.infn.it&triedrc=enoent, mode: 0660, flags: kXR_open_read kXR_async kXR_retstat ). Trying to recover.
2022-12-20 10:20:53.278955: I tensorflow/core/platform/cpu_feature_guard.cc:140] Your CPU supports instructions that this TensorFlow binary was not compiled to use: SSE4.1 SSE4.2 AVX AVX2 FMA
Begin processing the 1st record. Run 1, Event 178705, LumiSection 1788 on stream 0 at 20-Dec-2022 10:22:28.116 CET
[2022-12-20 10:23:11.336712 +0100][Error  ][AsyncSock         ] [xrootd.ba.infn.it:1094 #0.0] Socket error while handshaking: [ERROR] Socket timeout
[2022-12-20 10:23:11.336905 +0100][Error  ][PostMaster        ] [xrootd.ba.infn.it:1094 #0] elapsed = 45, pConnectionWindow = 31 seconds.
[2022-12-20 10:23:56.599642 +0100][Error  ][AsyncSock         ] [xrootd.ba.infn.it:1094 #0.0] Socket error while handshaking: [ERROR] Socket timeout
[2022-12-20 10:23:56.599777 +0100][Error  ][PostMaster        ] [xrootd.ba.infn.it:1094 #0] elapsed = 45, pConnectionWindow = 31 seconds.
[2022-12-20 10:23:56.599799 +0100][Error  ][PostMaster        ] [xrootd.ba.infn.it:1094 #0] Unable to recover: [ERROR] Socket timeout.
[2022-12-20 10:23:56.599825 +0100][Error  ][XRootD            ] [xrootd.ba.infn.it:1094] Impossible to send message kXR_open (file: /store/user/alesauva/flashgg/UL2017_4/10_6_4/WHiggs0PHToGG_M125_TuneCP5_13TeV-JHUGenV7011-pythia8/UL2017_4-10_6_4-v0-RunIISummer19UL17MiniAOD-106X_mc2017_realistic_v6-v2/200720_155719/0000/myMicroAODOutputFile_26.root?tried=stor85.datagrid.cea.fr, mode: 0660, flags: kXR_open_read kXR_async kXR_retstat ). Trying to recover.
Begin processing the 1001st record. Run 1, Event 288913, LumiSection 2890 on stream 0 at 20-Dec-2022 10:29:35.027 CET
[2022-12-20 10:32:02.745671 +0100][Error  ][AsyncSock         ] [xrootd.ba.infn.it:1094 #0.0] Socket error while handshaking: [ERROR] Socket timeout
[2022-12-20 10:32:02.745821 +0100][Error  ][PostMaster        ] [xrootd.ba.infn.it:1094 #0] elapsed = 45, pConnectionWindow = 31 seconds.
Begin processing the 2001st record. Run 1, Event 369816, LumiSection 3699 on stream 0 at 20-Dec-2022 10:32:28.271 CET
[2022-12-20 10:32:48.006744 +0100][Error  ][AsyncSock         ] [xrootd.ba.infn.it:1094 #0.0] Socket error while handshaking: [ERROR] Socket timeout
[2022-12-20 10:32:48.006884 +0100][Error  ][PostMaster        ] [xrootd.ba.infn.it:1094 #0] elapsed = 46, pConnectionWindow = 31 seconds.
[2022-12-20 10:32:48.006907 +0100][Error  ][PostMaster        ] [xrootd.ba.infn.it:1094 #0] Unable to recover: [ERROR] Socket timeout.
[2022-12-20 10:32:48.006921 +0100][Error  ][XRootD            ] [xrootd.ba.infn.it:1094] Impossible to send message kXR_open (file: /store/user/alesauva/flashgg/UL2017_4/10_6_4/WHiggs0PHToGG_M125_TuneCP5_13TeV-JHUGenV7011-pythia8/UL2017_4-10_6_4-v0-RunIISummer19UL17MiniAOD-106X_mc2017_realistic_v6-v2/200720_155719/0000/myMicroAODOutputFile_26.root?tried=stor85.datagrid.cea.fr, mode: 0660, flags: kXR_open_read kXR_async kXR_retstat ). Trying to recover.
Begin processing the 3001st record. Run 1, Event 591113, LumiSection 5912 on stream 0 at 20-Dec-2022 10:35:15.558 CET
Begin processing the 4001st record. Run 1, Event 592103, LumiSection 5922 on stream 0 at 20-Dec-2022 10:38:11.636 CET
[2022-12-20 10:39:18.103726 +0100][Error  ][AsyncSock         ] [xrootd.ba.infn.it:1094 #0.0] Socket error while handshaking: [ERROR] Socket timeout
[2022-12-20 10:39:18.103927 +0100][Error  ][PostMaster        ] [xrootd.ba.infn.it:1094 #0] elapsed = 45, pConnectionWindow = 31 seconds.
[2022-12-20 10:40:03.373375 +0100][Error  ][AsyncSock         ] [xrootd.ba.infn.it:1094 #0.0] Socket error while handshaking: [ERROR] Socket timeout
[2022-12-20 10:40:03.373565 +0100][Error  ][PostMaster        ] [xrootd.ba.infn.it:1094 #0] elapsed = 45, pConnectionWindow = 31 seconds.
[2022-12-20 10:40:03.373590 +0100][Error  ][PostMaster        ] [xrootd.ba.infn.it:1094 #0] Unable to recover: [ERROR] Socket timeout.
[2022-12-20 10:40:03.373607 +0100][Error  ][XRootD            ] [xrootd.ba.infn.it:1094] Impossible to send message kXR_open (file: /store/user/alesauva/flashgg/UL2017_4/10_6_4/WHiggs0PHToGG_M125_TuneCP5_13TeV-JHUGenV7011-pythia8/UL2017_4-10_6_4-v0-RunIISummer19UL17MiniAOD-106X_mc2017_realistic_v6-v2/200720_155719/0000/myMicroAODOutputFile_26.root?tried=+1413xrootd-cms-redir-int.cr.cnaf.infn.it,+1213llrxrd-redir.in2p3.fr,+1413llrxrd-redir.in2p3.fr,stor85.datagrid.cea.fr,node12.datagrid.cea.fr,xrootd-redic.pi.infn.it,xrootd-cms.infn.it,xrootd-cms-redir-int.cr.cnaf.infn.it&triedrc=enoent,enoent, mode: 0660, flags: kXR_open_read kXR_async kXR_retstat ). Trying to recover.
Begin processing the 5001st record. Run 1, Event 649512, LumiSection 6496 on stream 0 at 20-Dec-2022 10:40:55.724 CET
Begin processing the 6001st record. Run 1, Event 650507, LumiSection 6506 on stream 0 at 20-Dec-2022 10:43:39.275 CET
[2022-12-20 10:44:40.917718 +0100][Error  ][AsyncSock         ] [xrootd.ba.infn.it:1094 #0.0] Socket error while handshaking: [ERROR] Socket timeout
[2022-12-20 10:44:40.917867 +0100][Error  ][PostMaster        ] [xrootd.ba.infn.it:1094 #0] elapsed = 45, pConnectionWindow = 31 seconds.
[2022-12-20 10:45:25.181683 +0100][Error  ][AsyncSock         ] [xrootd.ba.infn.it:1094 #0.0] Socket error while handshaking: [ERROR] Socket timeout
[2022-12-20 10:45:25.181904 +0100][Error  ][PostMaster        ] [xrootd.ba.infn.it:1094 #0] elapsed = 45, pConnectionWindow = 31 seconds.
[2022-12-20 10:45:25.181948 +0100][Error  ][PostMaster        ] [xrootd.ba.infn.it:1094 #0] Unable to recover: [ERROR] Socket timeout.
[2022-12-20 10:45:25.181970 +0100][Error  ][XRootD            ] [xrootd.ba.infn.it:1094] Impossible to send message kXR_open (file: /store/user/alesauva/flashgg/UL2017_4/10_6_4/WHiggs0PHToGG_M125_TuneCP5_13TeV-JHUGenV7011-pythia8/UL2017_4-10_6_4-v0-RunIISummer19UL17MiniAOD-106X_mc2017_realistic_v6-v2/200720_155719/0000/myMicroAODOutputFile_26.root?tried=stor85.datagrid.cea.fr, mode: 0660, flags: kXR_open_read kXR_async kXR_retstat ). Trying to recover.
Begin processing the 7001st record. Run 1, Event 184408, LumiSection 1845 on stream 0 at 20-Dec-2022 10:46:28.169 CET
Begin processing the 8001st record. Run 1, Event 185401, LumiSection 1855 on stream 0 at 20-Dec-2022 10:49:18.575 CET
[2022-12-20 10:50:27.418110 +0100][Error  ][AsyncSock         ] [xrootd.ba.infn.it:1094 #0.0] Socket error while handshaking: [ERROR] Socket timeout
[2022-12-20 10:50:27.418279 +0100][Error  ][PostMaster        ] [xrootd.ba.infn.it:1094 #0] elapsed = 45, pConnectionWindow = 31 seconds.
[2022-12-20 10:51:12.680810 +0100][Error  ][AsyncSock         ] [xrootd.ba.infn.it:1094 #0.0] Socket error while handshaking: [ERROR] Socket timeout
[2022-12-20 10:51:12.680964 +0100][Error  ][PostMaster        ] [xrootd.ba.infn.it:1094 #0] elapsed = 45, pConnectionWindow = 31 seconds.
[2022-12-20 10:51:12.680988 +0100][Error  ][PostMaster        ] [xrootd.ba.infn.it:1094 #0] Unable to recover: [ERROR] Socket timeout.
[2022-12-20 10:51:12.681008 +0100][Error  ][XRootD            ] [xrootd.ba.infn.it:1094] Impossible to send message kXR_open (file: /store/user/alesauva/flashgg/UL2017_4/10_6_4/WHiggs0PHToGG_M125_TuneCP5_13TeV-JHUGenV7011-pythia8/UL2017_4-10_6_4-v0-RunIISummer19UL17MiniAOD-106X_mc2017_realistic_v6-v2/200720_155719/0000/myMicroAODOutputFile_26.root?tried=stor85.datagrid.cea.fr, mode: 0660, flags: kXR_open_read kXR_async kXR_retstat ). Trying to recover.
Begin processing the 9001st record. Run 1, Event 186403, LumiSection 1865 on stream 0 at 20-Dec-2022 10:52:16.808 CET
Begin processing the 10001st record. Run 1, Event 187402, LumiSection 1875 on stream 0 at 20-Dec-2022 10:55:11.781 CET
Begin processing the 11001st record. Run 1, Event 188411, LumiSection 1885 on stream 0 at 20-Dec-2022 10:58:07.729 CET
[2022-12-20 10:59:32.328764 +0100][Error  ][AsyncSock         ] [xrootd.ba.infn.it:1094 #0.0] Socket error while handshaking: [ERROR] Socket timeout
[2022-12-20 10:59:32.328934 +0100][Error  ][PostMaster        ] [xrootd.ba.infn.it:1094 #0] elapsed = 45, pConnectionWindow = 31 seconds.
[2022-12-20 11:00:17.579689 +0100][Error  ][AsyncSock         ] [xrootd.ba.infn.it:1094 #0.0] Socket error while handshaking: [ERROR] Socket timeout
[2022-12-20 11:00:17.579842 +0100][Error  ][PostMaster        ] [xrootd.ba.infn.it:1094 #0] elapsed = 45, pConnectionWindow = 31 seconds.
[2022-12-20 11:00:17.579868 +0100][Error  ][PostMaster        ] [xrootd.ba.infn.it:1094 #0] Unable to recover: [ERROR] Socket timeout.
[2022-12-20 11:00:17.579886 +0100][Error  ][XRootD            ] [xrootd.ba.infn.it:1094] Impossible to send message kXR_open (file: /store/user/alesauva/flashgg/UL2017_4/10_6_4/WHiggs0PHToGG_M125_TuneCP5_13TeV-JHUGenV7011-pythia8/UL2017_4-10_6_4-v0-RunIISummer19UL17MiniAOD-106X_mc2017_realistic_v6-v2/200720_155719/0000/myMicroAODOutputFile_26.root?tried=stor85.datagrid.cea.fr, mode: 0660, flags: kXR_open_read kXR_async kXR_retstat ). Trying to recover.
Begin processing the 12001st record. Run 1, Event 189407, LumiSection 1895 on stream 0 at 20-Dec-2022 11:01:10.566 CET
Begin processing the 13001st record. Run 1, Event 192807, LumiSection 1929 on stream 0 at 20-Dec-2022 11:04:03.668 CET
[2022-12-20 11:05:42.726647 +0100][Error  ][AsyncSock         ] [xrootd.ba.infn.it:1094 #0.0] Socket error while handshaking: [ERROR] Socket timeout
[2022-12-20 11:05:42.726752 +0100][Error  ][PostMaster        ] [xrootd.ba.infn.it:1094 #0] elapsed = 45, pConnectionWindow = 31 seconds.
[2022-12-20 11:06:27.990061 +0100][Error  ][AsyncSock         ] [xrootd.ba.infn.it:1094 #0.0] Socket error while handshaking: [ERROR] Socket timeout
[2022-12-20 11:06:27.990202 +0100][Error  ][PostMaster        ] [xrootd.ba.infn.it:1094 #0] elapsed = 45, pConnectionWindow = 31 seconds.
[2022-12-20 11:06:27.990218 +0100][Error  ][PostMaster        ] [xrootd.ba.infn.it:1094 #0] Unable to recover: [ERROR] Socket timeout.
[2022-12-20 11:06:27.990241 +0100][Error  ][XRootD            ] [xrootd.ba.infn.it:1094] Impossible to send message kXR_open (file: /store/user/alesauva/flashgg/UL2017_4/10_6_4/WHiggs0PHToGG_M125_TuneCP5_13TeV-JHUGenV7011-pythia8/UL2017_4-10_6_4-v0-RunIISummer19UL17MiniAOD-106X_mc2017_realistic_v6-v2/200720_155719/0000/myMicroAODOutputFile_26.root?tried=+1413xrootd-cms-redir-int.cr.cnaf.infn.it,+1213llrxrd-redir.in2p3.fr,+1413xrootd-redic.pi.infn.it,stor85.datagrid.cea.fr,node12.datagrid.cea.fr,llrxrd-redir.in2p3.fr,xrootd-cms.infn.it,xrootd-cms-redir-int.cr.cnaf.infn.it&triedrc=enoent,enoent, mode: 0660, flags: kXR_open_read kXR_async kXR_retstat ). Trying to recover.
Begin processing the 14001st record. Run 1, Event 193801, LumiSection 1939 on stream 0 at 20-Dec-2022 11:07:02.143 CET
Begin processing the 15001st record. Run 1, Event 343406, LumiSection 3435 on stream 0 at 20-Dec-2022 11:10:02.241 CET
[2022-12-20 11:11:39.101772 +0100][Error  ][AsyncSock         ] [xrootd.ba.infn.it:1094 #0.0] Socket error while handshaking: [ERROR] Socket timeout
[2022-12-20 11:11:39.101965 +0100][Error  ][PostMaster        ] [xrootd.ba.infn.it:1094 #0] elapsed = 45, pConnectionWindow = 31 seconds.
[2022-12-20 11:12:24.371618 +0100][Error  ][AsyncSock         ] [xrootd.ba.infn.it:1094 #0.0] Socket error while handshaking: [ERROR] Socket timeout
[2022-12-20 11:12:24.371762 +0100][Error  ][PostMaster        ] [xrootd.ba.infn.it:1094 #0] elapsed = 45, pConnectionWindow = 31 seconds.
[2022-12-20 11:12:24.371785 +0100][Error  ][PostMaster        ] [xrootd.ba.infn.it:1094 #0] Unable to recover: [ERROR] Socket timeout.
[2022-12-20 11:12:24.371805 +0100][Error  ][XRootD            ] [xrootd.ba.infn.it:1094] Impossible to send message kXR_open (file: /store/user/alesauva/flashgg/UL2017_4/10_6_4/WHiggs0PHToGG_M125_TuneCP5_13TeV-JHUGenV7011-pythia8/UL2017_4-10_6_4-v0-RunIISummer19UL17MiniAOD-106X_mc2017_realistic_v6-v2/200720_155719/0000/myMicroAODOutputFile_26.root?tried=+1213xrootd-cms-redir-int.cr.cnaf.infn.it,+1213llrxrd-redir.in2p3.fr,+1413llrxrd-redir.in2p3.fr,+1413xrootd-cms-redir-int.cr.cnaf.infn.it,stor85.datagrid.cea.fr,node12.datagrid.cea.fr,xrootd-redic.pi.infn.it&triedrc=enoent, mode: 0460, flags: kXR_open_read kXR_async kXR_retstat ). Trying to recover.
Begin processing the 16001st record. Run 1, Event 344405, LumiSection 3445 on stream 0 at 20-Dec-2022 11:12:59.510 CET
Begin processing the 17001st record. Run 1, Event 345409, LumiSection 3455 on stream 0 at 20-Dec-2022 11:15:57.284 CET
[2022-12-20 11:17:47.516648 +0100][Error  ][AsyncSock         ] [xrootd.ba.infn.it:1094 #0.0] Socket error while handshaking: [ERROR] Socket timeout
[2022-12-20 11:17:47.516797 +0100][Error  ][PostMaster        ] [xrootd.ba.infn.it:1094 #0] elapsed = 45, pConnectionWindow = 31 seconds.
[2022-12-20 11:18:32.777679 +0100][Error  ][AsyncSock         ] [xrootd.ba.infn.it:1094 #0.0] Socket error while handshaking: [ERROR] Socket timeout
[2022-12-20 11:18:32.777886 +0100][Error  ][PostMaster        ] [xrootd.ba.infn.it:1094 #0] elapsed = 45, pConnectionWindow = 31 seconds.
[2022-12-20 11:18:32.777912 +0100][Error  ][PostMaster        ] [xrootd.ba.infn.it:1094 #0] Unable to recover: [ERROR] Socket timeout.
[2022-12-20 11:18:32.777930 +0100][Error  ][XRootD            ] [xrootd.ba.infn.it:1094] Impossible to send message kXR_open (file: /store/user/alesauva/flashgg/UL2017_4/10_6_4/WHiggs0PHToGG_M125_TuneCP5_13TeV-JHUGenV7011-pythia8/UL2017_4-10_6_4-v0-RunIISummer19UL17MiniAOD-106X_mc2017_realistic_v6-v2/200720_155719/0000/myMicroAODOutputFile_26.root?tried=+1413xrootd-redic.pi.infn.it,+1213llrxrd-redir.in2p3.fr,+1413llrxrd-redir.in2p3.fr,stor85.datagrid.cea.fr,node12.datagrid.cea.fr,xrootd-cms-redir-int.cr.cnaf.infn.it,xrootd-cms.infn.it,xrootd-redic.pi.infn.it&triedrc=enoent,enoent, mode: 0660, flags: kXR_open_read kXR_async kXR_retstat ). Trying to recover.
Begin processing the 18001st record. Run 1, Event 505612, LumiSection 5057 on stream 0 at 20-Dec-2022 11:19:10.152 CET
Begin processing the 19001st record. Run 1, Event 506603, LumiSection 5067 on stream 0 at 20-Dec-2022 11:22:07.174 CET
[2022-12-20 11:23:57.326657 +0100][Error  ][AsyncSock         ] [xrootd.ba.infn.it:1094 #0.0] Socket error while handshaking: [ERROR] Socket timeout
[2022-12-20 11:23:57.326870 +0100][Error  ][PostMaster        ] [xrootd.ba.infn.it:1094 #0] elapsed = 45, pConnectionWindow = 31 seconds.
[2022-12-20 11:24:42.604652 +0100][Error  ][AsyncSock         ] [xrootd.ba.infn.it:1094 #0.0] Socket error while handshaking: [ERROR] Socket timeout
[2022-12-20 11:24:42.604795 +0100][Error  ][PostMaster        ] [xrootd.ba.infn.it:1094 #0] elapsed = 45, pConnectionWindow = 31 seconds.
[2022-12-20 11:24:42.604817 +0100][Error  ][PostMaster        ] [xrootd.ba.infn.it:1094 #0] Unable to recover: [ERROR] Socket timeout.
[2022-12-20 11:24:42.604860 +0100][Error  ][XRootD            ] [xrootd.ba.infn.it:1094] Impossible to send message kXR_open (file: /store/user/alesauva/flashgg/UL2017_4/10_6_4/WHiggs0PHToGG_M125_TuneCP5_13TeV-JHUGenV7011-pythia8/UL2017_4-10_6_4-v0-RunIISummer19UL17MiniAOD-106X_mc2017_realistic_v6-v2/200720_155719/0000/myMicroAODOutputFile_26.root?tried=+1213llrxrd-redir.in2p3.fr,+1413llrxrd-redir.in2p3.fr,+1413xrootd-redic.pi.infn.it,stor85.datagrid.cea.fr,node12.datagrid.cea.fr,xrootd-cms-redir-int.cr.cnaf.infn.it,xrootd-redic.pi.infn.it,xrootd-redic.pi.infn.it&triedrc=enoent,enoent, mode: 0660, flags: kXR_open_read kXR_async kXR_retstat ). Trying to recover.
Begin processing the 20001st record. Run 1, Event 507605, LumiSection 5077 on stream 0 at 20-Dec-2022 11:25:10.812 CET
Begin processing the 21001st record. Run 1, Event 744708, LumiSection 7448 on stream 0 at 20-Dec-2022 11:28:26.352 CET
[2022-12-20 11:30:20.253623 +0100][Error  ][AsyncSock         ] [xrootd.ba.infn.it:1094 #0.0] Socket error while handshaking: [ERROR] Socket timeout
[2022-12-20 11:30:20.253784 +0100][Error  ][PostMaster        ] [xrootd.ba.infn.it:1094 #0] elapsed = 46, pConnectionWindow = 31 seconds.
[2022-12-20 11:31:05.547961 +0100][Error  ][AsyncSock         ] [xrootd.ba.infn.it:1094 #0.0] Socket error while handshaking: [ERROR] Socket timeout
[2022-12-20 11:31:05.548163 +0100][Error  ][PostMaster        ] [xrootd.ba.infn.it:1094 #0] elapsed = 45, pConnectionWindow = 31 seconds.
[2022-12-20 11:31:05.548193 +0100][Error  ][PostMaster        ] [xrootd.ba.infn.it:1094 #0] Unable to recover: [ERROR] Socket timeout.
[2022-12-20 11:31:05.548216 +0100][Error  ][XRootD            ] [xrootd.ba.infn.it:1094] Impossible to send message kXR_open (file: /store/user/alesauva/flashgg/UL2017_4/10_6_4/WHiggs0PHToGG_M125_TuneCP5_13TeV-JHUGenV7011-pythia8/UL2017_4-10_6_4-v0-RunIISummer19UL17MiniAOD-106X_mc2017_realistic_v6-v2/200720_155719/0000/myMicroAODOutputFile_26.root?tried=+1213xrootd-redic.pi.infn.it,+1413xrootd-cms-redir-int.cr.cnaf.infn.it,+1213llrxrd-redir.in2p3.fr,+1413xrootd-redic.pi.infn.it,stor85.datagrid.cea.fr,node12.datagrid.cea.fr,llrxrd-redir.in2p3.fr,xrootd-cms.infn.it,xrootd-cms-redir-int.cr.cnaf.infn.it&triedrc=enoent,enoent, mode: 0660, flags: kXR_open_read kXR_async kXR_retstat ). Trying to recover.
Begin processing the 22001st record. Run 1, Event 745712, LumiSection 7458 on stream 0 at 20-Dec-2022 11:31:21.681 CET
Begin processing the 23001st record. Run 1, Event 202603, LumiSection 2027 on stream 0 at 20-Dec-2022 11:34:20.657 CET
[2022-12-20 11:36:26.920629 +0100][Error  ][AsyncSock         ] [xrootd.ba.infn.it:1094 #0.0] Socket error while handshaking: [ERROR] Socket timeout
[2022-12-20 11:36:26.920787 +0100][Error  ][PostMaster        ] [xrootd.ba.infn.it:1094 #0] elapsed = 45, pConnectionWindow = 31 seconds.
[2022-12-20 11:37:11.219199 +0100][Error  ][AsyncSock         ] [xrootd.ba.infn.it:1094 #0.0] Socket error while handshaking: [ERROR] Socket timeout
[2022-12-20 11:37:11.219345 +0100][Error  ][PostMaster        ] [xrootd.ba.infn.it:1094 #0] elapsed = 45, pConnectionWindow = 31 seconds.
[2022-12-20 11:37:11.219371 +0100][Error  ][PostMaster        ] [xrootd.ba.infn.it:1094 #0] Unable to recover: [ERROR] Socket timeout.
[2022-12-20 11:37:11.219393 +0100][Error  ][XRootD            ] [xrootd.ba.infn.it:1094] Impossible to send message kXR_open (file: /store/user/alesauva/flashgg/UL2017_4/10_6_4/WHiggs0PHToGG_M125_TuneCP5_13TeV-JHUGenV7011-pythia8/UL2017_4-10_6_4-v0-RunIISummer19UL17MiniAOD-106X_mc2017_realistic_v6-v2/200720_155719/0000/myMicroAODOutputFile_26.root?tried=+1413xrootd-redic.pi.infn.it,+1213llrxrd-redir.in2p3.fr,+1413llrxrd-redir.in2p3.fr,stor85.datagrid.cea.fr,node12.datagrid.cea.fr,xrootd-cms-redir-int.cr.cnaf.infn.it,xrootd-cms.infn.it,xrootd-redic.pi.infn.it&triedrc=enoent,enoent, mode: 0660, flags: kXR_open_read kXR_async kXR_retstat ). Trying to recover.
Begin processing the 24001st record. Run 1, Event 203606, LumiSection 2037 on stream 0 at 20-Dec-2022 11:37:23.152 CET
20-Dec-2022 11:40:29 CET  Closed file root://cms-xrd-global.cern.ch//store/user/alesauva/flashgg/UL2017_4/10_6_4/WHiggs0PHToGG_M125_TuneCP5_13TeV-JHUGenV7011-pythia8/UL2017_4-10_6_4-v0-RunIISummer19UL17MiniAOD-106X_mc2017_realistic_v6-v2/200720_155719/0000/myMicroAODOutputFile_26.root

TrigReport ---------- Event  Summary ------------
TrigReport Events total = 25000 passed = 24815 failed = 185

TrigReport ---------- Path   Summary ------------
TrigReport  Trig Bit#   Executed     Passed     Failed      Error Name
TrigReport     1    0      25000      24815        185          0 p

TrigReport -------End-Path   Summary ------------
TrigReport  Trig Bit#   Executed     Passed     Failed      Error Name

TrigReport ---------- Modules in Path: p ------------
TrigReport  Trig Bit#    Visited     Passed     Failed      Error Name
TrigReport     1    0      25000      24815        185          0 flashggMetFilters
TrigReport     1    1      24815      24815          0          0 VHFilter
TrigReport     1    2      24815      24815          0          0 flashggDifferentialPhoIdInputsCorrection
TrigReport     1    3      24815      24815          0          0 flashggDiPhotonSystematics
TrigReport     1    4      24815      24815          0          0 flashggMetSystematics
TrigReport     1    5      24815      24815          0          0 flashggMuonSystematics
TrigReport     1    6      24815      24815          0          0 flashggElectronSystematics
TrigReport     1    7      24815      24815          0          0 flashggUnpackedJets
TrigReport     1    8      24815      24815          0          0 flashggJetSystematics0
TrigReport     1    9      24815      24815          0          0 flashggJetSystematics1
TrigReport     1   10      24815      24815          0          0 flashggJetSystematics2
TrigReport     1   11      24815      24815          0          0 flashggJetSystematics3
TrigReport     1   12      24815      24815          0          0 flashggJetSystematics4
TrigReport     1   13      24815      24815          0          0 flashggJetSystematics5
TrigReport     1   14      24815      24815          0          0 flashggJetSystematics6
TrigReport     1   15      24815      24815          0          0 flashggJetSystematics7
TrigReport     1   16      24815      24815          0          0 flashggJetSystematics8
TrigReport     1   17      24815      24815          0          0 flashggJetSystematics9
TrigReport     1   18      24815      24815          0          0 flashggJetSystematics10
TrigReport     1   19      24815      24815          0          0 flashggJetSystematics11
TrigReport     1   20      24815      24815          0          0 flashggPrefireDiPhotons
TrigReport     1   21      24815      24815          0          0 flashggPreselectedDiPhotons
TrigReport     1   22      24815      24815          0          0 flashggDiPhotonMVA
TrigReport     1   23      24815      24815          0          0 flashggVBFMVA
TrigReport     1   24      24815      24815          0          0 flashggVHhadMVA
TrigReport     1   25      24815      24815          0          0 flashggGluGluHMVA
TrigReport     1   26      24815      24815          0          0 flashggStageOneCombinedTag
TrigReport     1   27      24815      24815          0          0 flashggTHQLeptonicTag
TrigReport     1   28      24815      24815          0          0 flashggVHMetTag
TrigReport     1   29      24815      24815          0          0 flashggWHLeptonicTag
TrigReport     1   30      24815      24815          0          0 flashggZHLeptonicTag
TrigReport     1   31      24815      24815          0          0 flashggTTHLeptonicTag
TrigReport     1   32      24815      24815          0          0 flashggTTHHadronicTag
TrigReport     1   33      24815      24815          0          0 flashggTagSorter
TrigReport     1   34      24815      24815          0          0 flashggSystTagMerger
TrigReport     1   35      24815      24815          0          0 tagsDumper

TrigReport ---------- Module Summary ------------
TrigReport    Visited   Executed     Passed     Failed      Error Name
TrigReport      25000      25000      25000          0          0 TriggerResults
TrigReport      24815      24815      24815          0          0 VHFilter
TrigReport      24815      24815      24815          0          0 ak4PFCHSL1FastL2L3Corrector
TrigReport      24815      24815      24815          0          0 ak4PFCHSL1FastjetCorrector
TrigReport      24815      24815      24815          0          0 ak4PFCHSL2RelativeCorrector
TrigReport      24815      24815      24815          0          0 ak4PFCHSL3AbsoluteCorrector
TrigReport      24815      24815      24815          0          0 flashggDiPhotonMVA
TrigReport      24815      24815      24815          0          0 flashggDiPhotonSystematics
TrigReport      24815      24815      24815          0          0 flashggDifferentialPhoIdInputsCorrection
TrigReport      24815      24815      24815          0          0 flashggElectronSystematics
TrigReport      24815      24815      24815          0          0 flashggGluGluHMVA
TrigReport      24815      24815      24815          0          0 flashggJetSystematics0
TrigReport      24815      24815      24815          0          0 flashggJetSystematics1
TrigReport      24815      24815      24815          0          0 flashggJetSystematics10
TrigReport      24815      24815      24815          0          0 flashggJetSystematics11
TrigReport      24815      24815      24815          0          0 flashggJetSystematics2
TrigReport      24815      24815      24815          0          0 flashggJetSystematics3
TrigReport      24815      24815      24815          0          0 flashggJetSystematics4
TrigReport      24815      24815      24815          0          0 flashggJetSystematics5
TrigReport      24815      24815      24815          0          0 flashggJetSystematics6
TrigReport      24815      24815      24815          0          0 flashggJetSystematics7
TrigReport      24815      24815      24815          0          0 flashggJetSystematics8
TrigReport      24815      24815      24815          0          0 flashggJetSystematics9
TrigReport      25000      25000      24815        185          0 flashggMetFilters
TrigReport      24815      24815      24815          0          0 flashggMetSystematics
TrigReport      24815      24815      24815          0          0 flashggMuonSystematics
TrigReport      24815      24815      24815          0          0 flashggPrefireDiPhotons
TrigReport      24815      24815      24815          0          0 flashggPreselectedDiPhotons
TrigReport      24815      24815      24815          0          0 flashggStageOneCombinedTag
TrigReport      24815      24815      24815          0          0 flashggSystTagMerger
TrigReport      24815      24815      24815          0          0 flashggTHQLeptonicTag
TrigReport      24815      24815      24815          0          0 flashggTTHHadronicTag
TrigReport      24815      24815      24815          0          0 flashggTTHLeptonicTag
TrigReport      24815      24815      24815          0          0 flashggTagSorter
TrigReport      24815      24815      24815          0          0 flashggUnpackedJets
TrigReport      24815      24815      24815          0          0 flashggVBFMVA
TrigReport      24815      24815      24815          0          0 flashggVHMetTag
TrigReport      24815      24815      24815          0          0 flashggVHhadMVA
TrigReport      24815      24815      24815          0          0 flashggWHLeptonicTag
TrigReport      24815      24815      24815          0          0 flashggZHLeptonicTag
TrigReport      25000      25000      25000          0          0 p
TrigReport      24815      24815      24815          0          0 tagsDumper

TimeReport ---------- Event  Summary ---[sec]----
TimeReport       event loop CPU/event = 0.184993
TimeReport      event loop Real/event = 0.187319
TimeReport     sum Streams Real/event = 0.180779
TimeReport efficiency CPU/Real/thread = 0.987582

TimeReport ---------- Path   Summary ---[Real sec]----
TimeReport  per event     per exec  Name
TimeReport   0.180121     0.180121  p
TimeReport  per event     per exec  Name

TimeReport -------End-Path   Summary ---[Real sec]----
TimeReport  per event     per exec  Name
TimeReport  per event     per exec  Name

TimeReport ---------- Modules in Path: p ---[Real sec]----
TimeReport  per event    per visit  Name
TimeReport   0.000026     0.000026  flashggMetFilters
TimeReport   0.000010     0.000010  VHFilter
TimeReport   0.074397     0.074952  flashggDifferentialPhoIdInputsCorrection
TimeReport   0.077532     0.078110  flashggDiPhotonSystematics
TimeReport   0.000288     0.000290  flashggMetSystematics
TimeReport   0.000048     0.000048  flashggMuonSystematics
TimeReport   0.000064     0.000064  flashggElectronSystematics
TimeReport   0.000446     0.000449  flashggUnpackedJets
TimeReport   0.007556     0.007612  flashggJetSystematics0
TimeReport   0.001228     0.001237  flashggJetSystematics1
TimeReport   0.001086     0.001094  flashggJetSystematics2
TimeReport   0.001046     0.001054  flashggJetSystematics3
TimeReport   0.001029     0.001037  flashggJetSystematics4
TimeReport   0.001024     0.001032  flashggJetSystematics5
TimeReport   0.001015     0.001023  flashggJetSystematics6
TimeReport   0.001012     0.001019  flashggJetSystematics7
TimeReport   0.001012     0.001020  flashggJetSystematics8
TimeReport   0.001007     0.001014  flashggJetSystematics9
TimeReport   0.001001     0.001008  flashggJetSystematics10
TimeReport   0.000998     0.001006  flashggJetSystematics11
TimeReport   0.000570     0.000574  flashggPrefireDiPhotons
TimeReport   0.000178     0.000180  flashggPreselectedDiPhotons
TimeReport   0.000037     0.000037  flashggDiPhotonMVA
TimeReport   0.000042     0.000043  flashggVBFMVA
TimeReport   0.000027     0.000027  flashggVHhadMVA
TimeReport   0.000072     0.000073  flashggGluGluHMVA
TimeReport   0.000047     0.000048  flashggStageOneCombinedTag
TimeReport   0.000447     0.000450  flashggTHQLeptonicTag
TimeReport   0.000340     0.000343  flashggVHMetTag
TimeReport   0.000054     0.000054  flashggWHLeptonicTag
TimeReport   0.000035     0.000035  flashggZHLeptonicTag
TimeReport   0.000202     0.000204  flashggTTHLeptonicTag
TimeReport   0.002030     0.002045  flashggTTHHadronicTag
TimeReport   0.000131     0.000132  flashggTagSorter
TimeReport   0.000006     0.000006  flashggSystTagMerger
TimeReport   0.000433     0.000437  tagsDumper
TimeReport  per event    per visit  Name

TimeReport ---------- Module Summary ---[Real sec]----
TimeReport  per event     per exec    per visit  Name
TimeReport   0.000003     0.000003     0.000003  TriggerResults
TimeReport   0.000010     0.000010     0.000010  VHFilter
TimeReport   0.000005     0.000005     0.000005  ak4PFCHSL1FastL2L3Corrector
TimeReport   0.000006     0.000006     0.000006  ak4PFCHSL1FastjetCorrector
TimeReport   0.000003     0.000003     0.000003  ak4PFCHSL2RelativeCorrector
TimeReport   0.000012     0.000012     0.000012  ak4PFCHSL3AbsoluteCorrector
TimeReport   0.000037     0.000037     0.000037  flashggDiPhotonMVA
TimeReport   0.077532     0.078110     0.078110  flashggDiPhotonSystematics
TimeReport   0.074397     0.074952     0.074952  flashggDifferentialPhoIdInputsCorrection
TimeReport   0.000064     0.000064     0.000064  flashggElectronSystematics
TimeReport   0.000072     0.000073     0.000073  flashggGluGluHMVA
TimeReport   0.007556     0.007612     0.007612  flashggJetSystematics0
TimeReport   0.001228     0.001237     0.001237  flashggJetSystematics1
TimeReport   0.001001     0.001008     0.001008  flashggJetSystematics10
TimeReport   0.000998     0.001006     0.001006  flashggJetSystematics11
TimeReport   0.001086     0.001094     0.001094  flashggJetSystematics2
TimeReport   0.001046     0.001054     0.001054  flashggJetSystematics3
TimeReport   0.001029     0.001037     0.001037  flashggJetSystematics4
TimeReport   0.001024     0.001032     0.001032  flashggJetSystematics5
TimeReport   0.001015     0.001023     0.001023  flashggJetSystematics6
TimeReport   0.001012     0.001019     0.001019  flashggJetSystematics7
TimeReport   0.001012     0.001020     0.001020  flashggJetSystematics8
TimeReport   0.001007     0.001014     0.001014  flashggJetSystematics9
TimeReport   0.000026     0.000026     0.000026  flashggMetFilters
TimeReport   0.000288     0.000290     0.000290  flashggMetSystematics
TimeReport   0.000048     0.000048     0.000048  flashggMuonSystematics
TimeReport   0.000570     0.000574     0.000574  flashggPrefireDiPhotons
TimeReport   0.000178     0.000180     0.000180  flashggPreselectedDiPhotons
TimeReport   0.000047     0.000048     0.000048  flashggStageOneCombinedTag
TimeReport   0.000006     0.000006     0.000006  flashggSystTagMerger
TimeReport   0.000447     0.000450     0.000450  flashggTHQLeptonicTag
TimeReport   0.002030     0.002045     0.002045  flashggTTHHadronicTag
TimeReport   0.000202     0.000204     0.000204  flashggTTHLeptonicTag
TimeReport   0.000131     0.000132     0.000132  flashggTagSorter
TimeReport   0.000446     0.000449     0.000449  flashggUnpackedJets
TimeReport   0.000042     0.000043     0.000043  flashggVBFMVA
TimeReport   0.000340     0.000343     0.000343  flashggVHMetTag
TimeReport   0.000027     0.000027     0.000027  flashggVHhadMVA
TimeReport   0.000054     0.000054     0.000054  flashggWHLeptonicTag
TimeReport   0.000035     0.000035     0.000035  flashggZHLeptonicTag
TimeReport   0.000004     0.000004     0.000004  p
TimeReport   0.000433     0.000437     0.000437  tagsDumper
TimeReport  per event     per exec    per visit  Name

T---Report end!


=============================================

MessageLogger Summary

 type     category        sev    module        subroutine        count    total
 ---- -------------------- -- ---------------- ----------------  -----    -----
    1 XrdAdaptor           -w file_open                              1        1
    2 fileAction           -s file_close                             1        1
    3 fileAction           -s file_open                              2        2

 type    category    Examples: run/evt        run/evt          run/evt
 ---- -------------------- ---------------- ---------------- ----------------
    1 XrdAdaptor           pre-events                        
    2 fileAction           PostGlobalEndRun                  
    3 fileAction           pre-events       pre-events       

Severity    # Occurrences   Total Occurrences
--------    -------------   -----------------
Warning                 1                   1
System                  3                   3

dropped waiting message count 0
