mkdir: cannot create directory '/afs/cern.ch/user/x/xisu/private/local/Analysis_workspace/VH_AC_tmp1/flashgg_d2/CMSSW_10_6_29/src/flashgg/VHAC_Analysis_Met/UL_17/UL_17_wh125': File exists
/cvmfs/cms.cern.ch/slc7_amd64_gcc700/external/py2-requests/2.21.0-pafccj2/lib/python2.7/site-packages/requests/__init__.py:91: RequestsDependencyWarning: urllib3 (1.25.2) or chardet (3.0.4) doesn't match a supported version!
  RequestsDependencyWarning)
20-Dec-2022 10:05:35 CET  Initiating request to open file root://cms-xrd-global.cern.ch//store/user/alesauva/flashgg/UL2017_4/10_6_4/WHiggs0PHToGG_M125_TuneCP5_13TeV-JHUGenV7011-pythia8/UL2017_4-10_6_4-v0-RunIISummer19UL17MiniAOD-106X_mc2017_realistic_v6-v2/200720_155719/0000/myMicroAODOutputFile_4.root
%MSG-w XrdAdaptor:  file_open 20-Dec-2022 10:05:38 CET pre-events
Data is served from GRIF-IRFU instead of original site CERN-CMSGLOBAL-01
%MSG
20-Dec-2022 10:05:42 CET  Successfully opened file root://cms-xrd-global.cern.ch//store/user/alesauva/flashgg/UL2017_4/10_6_4/WHiggs0PHToGG_M125_TuneCP5_13TeV-JHUGenV7011-pythia8/UL2017_4-10_6_4-v0-RunIISummer19UL17MiniAOD-106X_mc2017_realistic_v6-v2/200720_155719/0000/myMicroAODOutputFile_4.root
[2022-12-20 10:06:28.724922 +0100][Error  ][AsyncSock         ] [xrootd.ba.infn.it:1094 #0.0] Socket error while handshaking: [ERROR] Socket timeout
[2022-12-20 10:06:28.725214 +0100][Error  ][PostMaster        ] [xrootd.ba.infn.it:1094 #0] elapsed = 45, pConnectionWindow = 31 seconds.
[2022-12-20 10:07:13.997895 +0100][Error  ][AsyncSock         ] [xrootd.ba.infn.it:1094 #0.0] Socket error while handshaking: [ERROR] Socket timeout
[2022-12-20 10:07:13.998121 +0100][Error  ][PostMaster        ] [xrootd.ba.infn.it:1094 #0] elapsed = 45, pConnectionWindow = 31 seconds.
[2022-12-20 10:07:13.998172 +0100][Error  ][PostMaster        ] [xrootd.ba.infn.it:1094 #0] Unable to recover: [ERROR] Socket timeout.
[2022-12-20 10:07:13.998200 +0100][Error  ][XRootD            ] [xrootd.ba.infn.it:1094] Impossible to send message kXR_open (file: /store/user/alesauva/flashgg/UL2017_4/10_6_4/WHiggs0PHToGG_M125_TuneCP5_13TeV-JHUGenV7011-pythia8/UL2017_4-10_6_4-v0-RunIISummer19UL17MiniAOD-106X_mc2017_realistic_v6-v2/200720_155719/0000/myMicroAODOutputFile_4.root?tried=+1413llrxrd-redir.in2p3.fr,+1213xrootd-cms-redir-int.cr.cnaf.infn.it,+1213xrootd-redic.pi.infn.it,+1413xrootd-cms-redir-int.cr.cnaf.infn.it,stor80.datagrid.cea.fr,node12.datagrid.cea.fr,xrootd-redic.pi.infn.it,xrootd-cms.infn.it,llrxrd-redir.in2p3.fr&triedrc=enoent,enoent, mode: 0660, flags: kXR_open_read kXR_async kXR_retstat ). Trying to recover.
2022-12-20 10:22:26.771538: I tensorflow/core/platform/cpu_feature_guard.cc:140] Your CPU supports instructions that this TensorFlow binary was not compiled to use: SSE4.1 SSE4.2 AVX AVX2 FMA
Begin processing the 1st record. Run 1, Event 23914, LumiSection 240 on stream 0 at 20-Dec-2022 10:23:59.777 CET
[2022-12-20 10:24:42.991855 +0100][Error  ][AsyncSock         ] [xrootd.ba.infn.it:1094 #0.0] Socket error while handshaking: [ERROR] Socket timeout
[2022-12-20 10:24:42.992028 +0100][Error  ][PostMaster        ] [xrootd.ba.infn.it:1094 #0] elapsed = 45, pConnectionWindow = 31 seconds.
[2022-12-20 10:25:28.249960 +0100][Error  ][AsyncSock         ] [xrootd.ba.infn.it:1094 #0.0] Socket error while handshaking: [ERROR] Socket timeout
[2022-12-20 10:25:28.250181 +0100][Error  ][PostMaster        ] [xrootd.ba.infn.it:1094 #0] elapsed = 46, pConnectionWindow = 31 seconds.
[2022-12-20 10:25:28.250208 +0100][Error  ][PostMaster        ] [xrootd.ba.infn.it:1094 #0] Unable to recover: [ERROR] Socket timeout.
[2022-12-20 10:25:28.250235 +0100][Error  ][XRootD            ] [xrootd.ba.infn.it:1094] Impossible to send message kXR_open (file: /store/user/alesauva/flashgg/UL2017_4/10_6_4/WHiggs0PHToGG_M125_TuneCP5_13TeV-JHUGenV7011-pythia8/UL2017_4-10_6_4-v0-RunIISummer19UL17MiniAOD-106X_mc2017_realistic_v6-v2/200720_155719/0000/myMicroAODOutputFile_4.root?tried=stor80.datagrid.cea.fr, mode: 0660, flags: kXR_open_read kXR_async kXR_retstat ). Trying to recover.
[2022-12-20 10:29:17.340379 +0100][Error  ][AsyncSock         ] [xrootd.ba.infn.it:1094 #0.0] Socket error while handshaking: [ERROR] Socket timeout
[2022-12-20 10:29:17.340537 +0100][Error  ][PostMaster        ] [xrootd.ba.infn.it:1094 #0] elapsed = 45, pConnectionWindow = 31 seconds.
[2022-12-20 10:30:02.605818 +0100][Error  ][AsyncSock         ] [xrootd.ba.infn.it:1094 #0.0] Socket error while handshaking: [ERROR] Socket timeout
[2022-12-20 10:30:02.605960 +0100][Error  ][PostMaster        ] [xrootd.ba.infn.it:1094 #0] elapsed = 45, pConnectionWindow = 31 seconds.
[2022-12-20 10:30:02.605990 +0100][Error  ][PostMaster        ] [xrootd.ba.infn.it:1094 #0] Unable to recover: [ERROR] Socket timeout.
[2022-12-20 10:30:02.606008 +0100][Error  ][XRootD            ] [xrootd.ba.infn.it:1094] Impossible to send message kXR_open (file: /store/user/alesauva/flashgg/UL2017_4/10_6_4/WHiggs0PHToGG_M125_TuneCP5_13TeV-JHUGenV7011-pythia8/UL2017_4-10_6_4-v0-RunIISummer19UL17MiniAOD-106X_mc2017_realistic_v6-v2/200720_155719/0000/myMicroAODOutputFile_4.root?tried=stor80.datagrid.cea.fr, mode: 0660, flags: kXR_open_read kXR_async kXR_retstat ). Trying to recover.
Begin processing the 1001st record. Run 1, Event 135906, LumiSection 1360 on stream 0 at 20-Dec-2022 10:31:41.621 CET
Begin processing the 2001st record. Run 1, Event 136901, LumiSection 1370 on stream 0 at 20-Dec-2022 10:34:45.883 CET
[2022-12-20 10:35:37.547829 +0100][Error  ][AsyncSock         ] [xrootd.ba.infn.it:1094 #0.0] Socket error while handshaking: [ERROR] Socket timeout
[2022-12-20 10:35:37.547988 +0100][Error  ][PostMaster        ] [xrootd.ba.infn.it:1094 #0] elapsed = 45, pConnectionWindow = 31 seconds.
[2022-12-20 10:36:22.800834 +0100][Error  ][AsyncSock         ] [xrootd.ba.infn.it:1094 #0.0] Socket error while handshaking: [ERROR] Socket timeout
[2022-12-20 10:36:22.801013 +0100][Error  ][PostMaster        ] [xrootd.ba.infn.it:1094 #0] elapsed = 45, pConnectionWindow = 31 seconds.
[2022-12-20 10:36:22.801040 +0100][Error  ][PostMaster        ] [xrootd.ba.infn.it:1094 #0] Unable to recover: [ERROR] Socket timeout.
[2022-12-20 10:36:22.801056 +0100][Error  ][XRootD            ] [xrootd.ba.infn.it:1094] Impossible to send message kXR_open (file: /store/user/alesauva/flashgg/UL2017_4/10_6_4/WHiggs0PHToGG_M125_TuneCP5_13TeV-JHUGenV7011-pythia8/UL2017_4-10_6_4-v0-RunIISummer19UL17MiniAOD-106X_mc2017_realistic_v6-v2/200720_155719/0000/myMicroAODOutputFile_4.root?tried=stor80.datagrid.cea.fr, mode: 0660, flags: kXR_open_read kXR_async kXR_retstat ). Trying to recover.
Begin processing the 3001st record. Run 1, Event 140704, LumiSection 1408 on stream 0 at 20-Dec-2022 10:37:55.360 CET
Begin processing the 4001st record. Run 1, Event 141704, LumiSection 1418 on stream 0 at 20-Dec-2022 10:41:02.185 CET
[2022-12-20 10:42:00.669865 +0100][Error  ][AsyncSock         ] [xrootd.ba.infn.it:1094 #0.0] Socket error while handshaking: [ERROR] Socket timeout
[2022-12-20 10:42:00.670054 +0100][Error  ][PostMaster        ] [xrootd.ba.infn.it:1094 #0] elapsed = 45, pConnectionWindow = 31 seconds.
[2022-12-20 10:42:45.937076 +0100][Error  ][AsyncSock         ] [xrootd.ba.infn.it:1094 #0.0] Socket error while handshaking: [ERROR] Socket timeout
[2022-12-20 10:42:45.937236 +0100][Error  ][PostMaster        ] [xrootd.ba.infn.it:1094 #0] elapsed = 45, pConnectionWindow = 31 seconds.
[2022-12-20 10:42:45.937262 +0100][Error  ][PostMaster        ] [xrootd.ba.infn.it:1094 #0] Unable to recover: [ERROR] Socket timeout.
[2022-12-20 10:42:45.937280 +0100][Error  ][XRootD            ] [xrootd.ba.infn.it:1094] Impossible to send message kXR_open (file: /store/user/alesauva/flashgg/UL2017_4/10_6_4/WHiggs0PHToGG_M125_TuneCP5_13TeV-JHUGenV7011-pythia8/UL2017_4-10_6_4-v0-RunIISummer19UL17MiniAOD-106X_mc2017_realistic_v6-v2/200720_155719/0000/myMicroAODOutputFile_4.root?tried=stor80.datagrid.cea.fr, mode: 0660, flags: kXR_open_read kXR_async kXR_retstat ). Trying to recover.
Begin processing the 5001st record. Run 1, Event 142711, LumiSection 1428 on stream 0 at 20-Dec-2022 10:44:02.479 CET
Begin processing the 6001st record. Run 1, Event 165004, LumiSection 1651 on stream 0 at 20-Dec-2022 10:47:07.908 CET
[2022-12-20 10:48:21.274076 +0100][Error  ][AsyncSock         ] [xrootd.ba.infn.it:1094 #0.0] Socket error while handshaking: [ERROR] Socket timeout
[2022-12-20 10:48:21.274280 +0100][Error  ][PostMaster        ] [xrootd.ba.infn.it:1094 #0] elapsed = 46, pConnectionWindow = 31 seconds.
[2022-12-20 10:49:06.567933 +0100][Error  ][AsyncSock         ] [xrootd.ba.infn.it:1094 #0.0] Socket error while handshaking: [ERROR] Socket timeout
[2022-12-20 10:49:06.568101 +0100][Error  ][PostMaster        ] [xrootd.ba.infn.it:1094 #0] elapsed = 45, pConnectionWindow = 31 seconds.
[2022-12-20 10:49:06.568123 +0100][Error  ][PostMaster        ] [xrootd.ba.infn.it:1094 #0] Unable to recover: [ERROR] Socket timeout.
[2022-12-20 10:49:06.568160 +0100][Error  ][XRootD            ] [xrootd.ba.infn.it:1094] Impossible to send message kXR_open (file: /store/user/alesauva/flashgg/UL2017_4/10_6_4/WHiggs0PHToGG_M125_TuneCP5_13TeV-JHUGenV7011-pythia8/UL2017_4-10_6_4-v0-RunIISummer19UL17MiniAOD-106X_mc2017_realistic_v6-v2/200720_155719/0000/myMicroAODOutputFile_4.root?tried=+1213llrxrd-redir.in2p3.fr,+1413xrootd-redic.pi.infn.it,+1413llrxrd-redir.in2p3.fr,stor80.datagrid.cea.fr,node12.datagrid.cea.fr,xrootd-cms-redir-int.cr.cnaf.infn.it,xrootd-redic.pi.infn.it,xrootd-cms.infn.it&triedrc=enoent,enoent, mode: 0660, flags: kXR_open_read kXR_async kXR_retstat ). Trying to recover.
Begin processing the 7001st record. Run 1, Event 166008, LumiSection 1661 on stream 0 at 20-Dec-2022 10:50:24.596 CET
Begin processing the 8001st record. Run 1, Event 167009, LumiSection 1671 on stream 0 at 20-Dec-2022 10:53:38.218 CET
[2022-12-20 10:54:58.009823 +0100][Error  ][AsyncSock         ] [xrootd.ba.infn.it:1094 #0.0] Socket error while handshaking: [ERROR] Socket timeout
[2022-12-20 10:54:58.009931 +0100][Error  ][PostMaster        ] [xrootd.ba.infn.it:1094 #0] elapsed = 45, pConnectionWindow = 31 seconds.
[2022-12-20 10:55:43.283846 +0100][Error  ][AsyncSock         ] [xrootd.ba.infn.it:1094 #0.0] Socket error while handshaking: [ERROR] Socket timeout
[2022-12-20 10:55:43.284005 +0100][Error  ][PostMaster        ] [xrootd.ba.infn.it:1094 #0] elapsed = 45, pConnectionWindow = 31 seconds.
[2022-12-20 10:55:43.284029 +0100][Error  ][PostMaster        ] [xrootd.ba.infn.it:1094 #0] Unable to recover: [ERROR] Socket timeout.
[2022-12-20 10:55:43.284048 +0100][Error  ][XRootD            ] [xrootd.ba.infn.it:1094] Impossible to send message kXR_open (file: /store/user/alesauva/flashgg/UL2017_4/10_6_4/WHiggs0PHToGG_M125_TuneCP5_13TeV-JHUGenV7011-pythia8/UL2017_4-10_6_4-v0-RunIISummer19UL17MiniAOD-106X_mc2017_realistic_v6-v2/200720_155719/0000/myMicroAODOutputFile_4.root?tried=+1413xrootd-redic.pi.infn.it,stor80.datagrid.cea.fr,node12.datagrid.cea.fr,llrxrd-redir.in2p3.fr,xrootd-redic.pi.infn.it,xrootd-cms.infn.it&triedrc=enoent,enoent, mode: 0660, flags: kXR_open_read kXR_async kXR_retstat ). Trying to recover.
Begin processing the 9001st record. Run 1, Event 190601, LumiSection 1907 on stream 0 at 20-Dec-2022 10:56:51.337 CET
Begin processing the 10001st record. Run 1, Event 191605, LumiSection 1917 on stream 0 at 20-Dec-2022 11:00:06.025 CET
[2022-12-20 11:01:28.941444 +0100][Error  ][AsyncSock         ] [xrootd.ba.infn.it:1094 #0.0] Socket error while handshaking: [ERROR] Socket timeout
[2022-12-20 11:01:28.942915 +0100][Error  ][PostMaster        ] [xrootd.ba.infn.it:1094 #0] elapsed = 45, pConnectionWindow = 31 seconds.
[2022-12-20 11:02:13.189873 +0100][Error  ][AsyncSock         ] [xrootd.ba.infn.it:1094 #0.0] Socket error while handshaking: [ERROR] Socket timeout
[2022-12-20 11:02:13.189986 +0100][Error  ][PostMaster        ] [xrootd.ba.infn.it:1094 #0] elapsed = 45, pConnectionWindow = 31 seconds.
[2022-12-20 11:02:13.190007 +0100][Error  ][PostMaster        ] [xrootd.ba.infn.it:1094 #0] Unable to recover: [ERROR] Socket timeout.
[2022-12-20 11:02:13.190023 +0100][Error  ][XRootD            ] [xrootd.ba.infn.it:1094] Impossible to send message kXR_open (file: /store/user/alesauva/flashgg/UL2017_4/10_6_4/WHiggs0PHToGG_M125_TuneCP5_13TeV-JHUGenV7011-pythia8/UL2017_4-10_6_4-v0-RunIISummer19UL17MiniAOD-106X_mc2017_realistic_v6-v2/200720_155719/0000/myMicroAODOutputFile_4.root?tried=+1213xrootd-cms-redir-int.cr.cnaf.infn.it,+1213xrootd-redic.pi.infn.it,+1413xrootd-cms-redir-int.cr.cnaf.infn.it,+1413xrootd-redic.pi.infn.it,stor80.datagrid.cea.fr,node12.datagrid.cea.fr,llrxrd-redir.in2p3.fr,xrootd-redic.pi.infn.it,xrootd-cms.infn.it&triedrc=enoent,enoent, mode: 0660, flags: kXR_open_read kXR_async kXR_retstat ). Trying to recover.
Begin processing the 11001st record. Run 1, Event 197804, LumiSection 1979 on stream 0 at 20-Dec-2022 11:03:21.940 CET
Begin processing the 12001st record. Run 1, Event 198805, LumiSection 1989 on stream 0 at 20-Dec-2022 11:06:24.164 CET
[2022-12-20 11:07:54.614843 +0100][Error  ][AsyncSock         ] [xrootd.ba.infn.it:1094 #0.0] Socket error while handshaking: [ERROR] Socket timeout
[2022-12-20 11:07:54.615006 +0100][Error  ][PostMaster        ] [xrootd.ba.infn.it:1094 #0] elapsed = 45, pConnectionWindow = 31 seconds.
[2022-12-20 11:08:39.883848 +0100][Error  ][AsyncSock         ] [xrootd.ba.infn.it:1094 #0.0] Socket error while handshaking: [ERROR] Socket timeout
[2022-12-20 11:08:39.884003 +0100][Error  ][PostMaster        ] [xrootd.ba.infn.it:1094 #0] elapsed = 45, pConnectionWindow = 31 seconds.
[2022-12-20 11:08:39.884024 +0100][Error  ][PostMaster        ] [xrootd.ba.infn.it:1094 #0] Unable to recover: [ERROR] Socket timeout.
[2022-12-20 11:08:39.884045 +0100][Error  ][XRootD            ] [xrootd.ba.infn.it:1094] Impossible to send message kXR_open (file: /store/user/alesauva/flashgg/UL2017_4/10_6_4/WHiggs0PHToGG_M125_TuneCP5_13TeV-JHUGenV7011-pythia8/UL2017_4-10_6_4-v0-RunIISummer19UL17MiniAOD-106X_mc2017_realistic_v6-v2/200720_155719/0000/myMicroAODOutputFile_4.root?tried=+1213llrxrd-redir.in2p3.fr,+1413xrootd-redic.pi.infn.it,stor80.datagrid.cea.fr,node12.datagrid.cea.fr,xrootd-cms-redir-int.cr.cnaf.infn.it,xrootd-redic.pi.infn.it,xrootd-cms.infn.it&triedrc=enoent,enoent, mode: 0660, flags: kXR_open_read kXR_async kXR_retstat ). Trying to recover.
Begin processing the 13001st record. Run 1, Event 199801, LumiSection 1999 on stream 0 at 20-Dec-2022 11:09:32.961 CET
Begin processing the 14001st record. Run 1, Event 200809, LumiSection 2009 on stream 0 at 20-Dec-2022 11:12:45.885 CET
[2022-12-20 11:14:10.913899 +0100][Error  ][AsyncSock         ] [xrootd.ba.infn.it:1094 #0.0] Socket error while handshaking: [ERROR] Socket timeout
[2022-12-20 11:14:10.914073 +0100][Error  ][PostMaster        ] [xrootd.ba.infn.it:1094 #0] elapsed = 45, pConnectionWindow = 31 seconds.
[2022-12-20 11:14:56.175997 +0100][Error  ][AsyncSock         ] [xrootd.ba.infn.it:1094 #0.0] Socket error while handshaking: [ERROR] Socket timeout
[2022-12-20 11:14:56.176157 +0100][Error  ][PostMaster        ] [xrootd.ba.infn.it:1094 #0] elapsed = 46, pConnectionWindow = 31 seconds.
[2022-12-20 11:14:56.176182 +0100][Error  ][PostMaster        ] [xrootd.ba.infn.it:1094 #0] Unable to recover: [ERROR] Socket timeout.
[2022-12-20 11:14:56.176197 +0100][Error  ][XRootD            ] [xrootd.ba.infn.it:1094] Impossible to send message kXR_open (file: /store/user/alesauva/flashgg/UL2017_4/10_6_4/WHiggs0PHToGG_M125_TuneCP5_13TeV-JHUGenV7011-pythia8/UL2017_4-10_6_4-v0-RunIISummer19UL17MiniAOD-106X_mc2017_realistic_v6-v2/200720_155719/0000/myMicroAODOutputFile_4.root?tried=stor80.datagrid.cea.fr, mode: 0660, flags: kXR_open_read kXR_async kXR_retstat ). Trying to recover.
Begin processing the 15001st record. Run 1, Event 201803, LumiSection 2019 on stream 0 at 20-Dec-2022 11:15:51.493 CET
Begin processing the 16001st record. Run 1, Event 262706, LumiSection 2628 on stream 0 at 20-Dec-2022 11:19:00.446 CET
[2022-12-20 11:20:34.007948 +0100][Error  ][AsyncSock         ] [xrootd.ba.infn.it:1094 #0.0] Socket error while handshaking: [ERROR] Socket timeout
[2022-12-20 11:20:34.008125 +0100][Error  ][PostMaster        ] [xrootd.ba.infn.it:1094 #0] elapsed = 46, pConnectionWindow = 31 seconds.
[2022-12-20 11:21:19.267859 +0100][Error  ][AsyncSock         ] [xrootd.ba.infn.it:1094 #0.0] Socket error while handshaking: [ERROR] Socket timeout
[2022-12-20 11:21:19.268039 +0100][Error  ][PostMaster        ] [xrootd.ba.infn.it:1094 #0] elapsed = 45, pConnectionWindow = 31 seconds.
[2022-12-20 11:21:19.268062 +0100][Error  ][PostMaster        ] [xrootd.ba.infn.it:1094 #0] Unable to recover: [ERROR] Socket timeout.
[2022-12-20 11:21:19.268084 +0100][Error  ][XRootD            ] [xrootd.ba.infn.it:1094] Impossible to send message kXR_open (file: /store/user/alesauva/flashgg/UL2017_4/10_6_4/WHiggs0PHToGG_M125_TuneCP5_13TeV-JHUGenV7011-pythia8/UL2017_4-10_6_4-v0-RunIISummer19UL17MiniAOD-106X_mc2017_realistic_v6-v2/200720_155719/0000/myMicroAODOutputFile_4.root?tried=+1213xrootd-cms-redir-int.cr.cnaf.infn.it,+1213xrootd-redic.pi.infn.it,+1413xrootd-cms-redir-int.cr.cnaf.infn.it,+1413xrootd-redic.pi.infn.it,stor80.datagrid.cea.fr,node12.datagrid.cea.fr,llrxrd-redir.in2p3.fr,xrootd-redic.pi.infn.it,xrootd-cms.infn.it&triedrc=enoent,enoent, mode: 0660, flags: kXR_open_read kXR_async kXR_retstat ). Trying to recover.
Begin processing the 17001st record. Run 1, Event 357602, LumiSection 3577 on stream 0 at 20-Dec-2022 11:21:54.007 CET
Begin processing the 18001st record. Run 1, Event 440615, LumiSection 4407 on stream 0 at 20-Dec-2022 11:24:56.505 CET
[2022-12-20 11:26:43.453836 +0100][Error  ][AsyncSock         ] [xrootd.ba.infn.it:1094 #0.0] Socket error while handshaking: [ERROR] Socket timeout
[2022-12-20 11:26:43.453972 +0100][Error  ][PostMaster        ] [xrootd.ba.infn.it:1094 #0] elapsed = 45, pConnectionWindow = 31 seconds.
[2022-12-20 11:27:28.728918 +0100][Error  ][AsyncSock         ] [xrootd.ba.infn.it:1094 #0.0] Socket error while handshaking: [ERROR] Socket timeout
[2022-12-20 11:27:28.729067 +0100][Error  ][PostMaster        ] [xrootd.ba.infn.it:1094 #0] elapsed = 45, pConnectionWindow = 31 seconds.
[2022-12-20 11:27:28.729094 +0100][Error  ][PostMaster        ] [xrootd.ba.infn.it:1094 #0] Unable to recover: [ERROR] Socket timeout.
[2022-12-20 11:27:28.729113 +0100][Error  ][XRootD            ] [xrootd.ba.infn.it:1094] Impossible to send message kXR_open (file: /store/user/alesauva/flashgg/UL2017_4/10_6_4/WHiggs0PHToGG_M125_TuneCP5_13TeV-JHUGenV7011-pythia8/UL2017_4-10_6_4-v0-RunIISummer19UL17MiniAOD-106X_mc2017_realistic_v6-v2/200720_155719/0000/myMicroAODOutputFile_4.root?tried=+1413xrootd-redic.pi.infn.it,+1413xrootd-cms-redir-int.cr.cnaf.infn.it,stor80.datagrid.cea.fr,node12.datagrid.cea.fr,llrxrd-redir.in2p3.fr,xrootd-redic.pi.infn.it,xrootd-cms.infn.it&triedrc=enoent,enoent, mode: 0660, flags: kXR_open_read kXR_async kXR_retstat ). Trying to recover.
Begin processing the 19001st record. Run 1, Event 638209, LumiSection 6383 on stream 0 at 20-Dec-2022 11:28:04.806 CET
Begin processing the 20001st record. Run 1, Event 5901, LumiSection 60 on stream 0 at 20-Dec-2022 11:31:11.329 CET
[2022-12-20 11:33:00.627898 +0100][Error  ][AsyncSock         ] [xrootd.ba.infn.it:1094 #0.0] Socket error while handshaking: [ERROR] Socket timeout
[2022-12-20 11:33:00.628053 +0100][Error  ][PostMaster        ] [xrootd.ba.infn.it:1094 #0] elapsed = 45, pConnectionWindow = 31 seconds.
[2022-12-20 11:33:45.889807 +0100][Error  ][AsyncSock         ] [xrootd.ba.infn.it:1094 #0.0] Socket error while handshaking: [ERROR] Socket timeout
[2022-12-20 11:33:45.889909 +0100][Error  ][PostMaster        ] [xrootd.ba.infn.it:1094 #0] elapsed = 45, pConnectionWindow = 31 seconds.
[2022-12-20 11:33:45.889923 +0100][Error  ][PostMaster        ] [xrootd.ba.infn.it:1094 #0] Unable to recover: [ERROR] Socket timeout.
[2022-12-20 11:33:45.889960 +0100][Error  ][XRootD            ] [xrootd.ba.infn.it:1094] Impossible to send message kXR_open (file: /store/user/alesauva/flashgg/UL2017_4/10_6_4/WHiggs0PHToGG_M125_TuneCP5_13TeV-JHUGenV7011-pythia8/UL2017_4-10_6_4-v0-RunIISummer19UL17MiniAOD-106X_mc2017_realistic_v6-v2/200720_155719/0000/myMicroAODOutputFile_4.root?tried=stor80.datagrid.cea.fr, mode: 0660, flags: kXR_open_read kXR_async kXR_retstat ). Trying to recover.
Begin processing the 21001st record. Run 1, Event 7007, LumiSection 71 on stream 0 at 20-Dec-2022 11:34:27.818 CET
Begin processing the 22001st record. Run 1, Event 124504, LumiSection 1246 on stream 0 at 20-Dec-2022 11:37:30.078 CET
[2022-12-20 11:39:21.880876 +0100][Error  ][AsyncSock         ] [xrootd.ba.infn.it:1094 #0.0] Socket error while handshaking: [ERROR] Socket timeout
[2022-12-20 11:39:21.881017 +0100][Error  ][PostMaster        ] [xrootd.ba.infn.it:1094 #0] elapsed = 45, pConnectionWindow = 31 seconds.
[2022-12-20 11:40:06.143846 +0100][Error  ][AsyncSock         ] [xrootd.ba.infn.it:1094 #0.0] Socket error while handshaking: [ERROR] Socket timeout
[2022-12-20 11:40:06.144023 +0100][Error  ][PostMaster        ] [xrootd.ba.infn.it:1094 #0] elapsed = 45, pConnectionWindow = 31 seconds.
[2022-12-20 11:40:06.144078 +0100][Error  ][PostMaster        ] [xrootd.ba.infn.it:1094 #0] Unable to recover: [ERROR] Socket timeout.
[2022-12-20 11:40:06.144096 +0100][Error  ][XRootD            ] [xrootd.ba.infn.it:1094] Impossible to send message kXR_open (file: /store/user/alesauva/flashgg/UL2017_4/10_6_4/WHiggs0PHToGG_M125_TuneCP5_13TeV-JHUGenV7011-pythia8/UL2017_4-10_6_4-v0-RunIISummer19UL17MiniAOD-106X_mc2017_realistic_v6-v2/200720_155719/0000/myMicroAODOutputFile_4.root?tried=+1413xrootd-cms-redir-int.cr.cnaf.infn.it,+1213llrxrd-redir.in2p3.fr,+1213xrootd-redic.pi.infn.it,+1413llrxrd-redir.in2p3.fr,stor80.datagrid.cea.fr,node12.datagrid.cea.fr,xrootd-redic.pi.infn.it,xrootd-cms.infn.it,xrootd-cms-redir-int.cr.cnaf.infn.it&triedrc=enoent,enoent, mode: 0660, flags: kXR_open_read kXR_async kXR_retstat ). Trying to recover.
Begin processing the 23001st record. Run 1, Event 282302, LumiSection 2824 on stream 0 at 20-Dec-2022 11:40:34.130 CET
Begin processing the 24001st record. Run 1, Event 436407, LumiSection 4365 on stream 0 at 20-Dec-2022 11:43:47.203 CET
[2022-12-20 11:45:46.031908 +0100][Error  ][AsyncSock         ] [xrootd.ba.infn.it:1094 #0.0] Socket error while handshaking: [ERROR] Socket timeout
[2022-12-20 11:45:46.032092 +0100][Error  ][PostMaster        ] [xrootd.ba.infn.it:1094 #0] elapsed = 46, pConnectionWindow = 31 seconds.
[2022-12-20 11:46:31.288839 +0100][Error  ][AsyncSock         ] [xrootd.ba.infn.it:1094 #0.0] Socket error while handshaking: [ERROR] Socket timeout
[2022-12-20 11:46:31.288969 +0100][Error  ][PostMaster        ] [xrootd.ba.infn.it:1094 #0] elapsed = 45, pConnectionWindow = 31 seconds.
[2022-12-20 11:46:31.288991 +0100][Error  ][PostMaster        ] [xrootd.ba.infn.it:1094 #0] Unable to recover: [ERROR] Socket timeout.
[2022-12-20 11:46:31.289006 +0100][Error  ][XRootD            ] [xrootd.ba.infn.it:1094] Impossible to send message kXR_open (file: /store/user/alesauva/flashgg/UL2017_4/10_6_4/WHiggs0PHToGG_M125_TuneCP5_13TeV-JHUGenV7011-pythia8/UL2017_4-10_6_4-v0-RunIISummer19UL17MiniAOD-106X_mc2017_realistic_v6-v2/200720_155719/0000/myMicroAODOutputFile_4.root?tried=+1413xrootd-cms-redir-int.cr.cnaf.infn.it,+1213xrootd-redic.pi.infn.it,+1413llrxrd-redir.in2p3.fr,stor80.datagrid.cea.fr,node12.datagrid.cea.fr,xrootd-redic.pi.infn.it,xrootd-cms.infn.it,xrootd-cms-redir-int.cr.cnaf.infn.it&triedrc=enoent,enoent, mode: 0660, flags: kXR_open_read kXR_async kXR_retstat ). Trying to recover.
20-Dec-2022 11:47:00 CET  Closed file root://cms-xrd-global.cern.ch//store/user/alesauva/flashgg/UL2017_4/10_6_4/WHiggs0PHToGG_M125_TuneCP5_13TeV-JHUGenV7011-pythia8/UL2017_4-10_6_4-v0-RunIISummer19UL17MiniAOD-106X_mc2017_realistic_v6-v2/200720_155719/0000/myMicroAODOutputFile_4.root

TrigReport ---------- Event  Summary ------------
TrigReport Events total = 25000 passed = 24825 failed = 175

TrigReport ---------- Path   Summary ------------
TrigReport  Trig Bit#   Executed     Passed     Failed      Error Name
TrigReport     1    0      25000      24825        175          0 p

TrigReport -------End-Path   Summary ------------
TrigReport  Trig Bit#   Executed     Passed     Failed      Error Name

TrigReport ---------- Modules in Path: p ------------
TrigReport  Trig Bit#    Visited     Passed     Failed      Error Name
TrigReport     1    0      25000      24825        175          0 flashggMetFilters
TrigReport     1    1      24825      24825          0          0 VHFilter
TrigReport     1    2      24825      24825          0          0 flashggDifferentialPhoIdInputsCorrection
TrigReport     1    3      24825      24825          0          0 flashggDiPhotonSystematics
TrigReport     1    4      24825      24825          0          0 flashggMetSystematics
TrigReport     1    5      24825      24825          0          0 flashggMuonSystematics
TrigReport     1    6      24825      24825          0          0 flashggElectronSystematics
TrigReport     1    7      24825      24825          0          0 flashggUnpackedJets
TrigReport     1    8      24825      24825          0          0 flashggJetSystematics0
TrigReport     1    9      24825      24825          0          0 flashggJetSystematics1
TrigReport     1   10      24825      24825          0          0 flashggJetSystematics2
TrigReport     1   11      24825      24825          0          0 flashggJetSystematics3
TrigReport     1   12      24825      24825          0          0 flashggJetSystematics4
TrigReport     1   13      24825      24825          0          0 flashggJetSystematics5
TrigReport     1   14      24825      24825          0          0 flashggJetSystematics6
TrigReport     1   15      24825      24825          0          0 flashggJetSystematics7
TrigReport     1   16      24825      24825          0          0 flashggJetSystematics8
TrigReport     1   17      24825      24825          0          0 flashggJetSystematics9
TrigReport     1   18      24825      24825          0          0 flashggJetSystematics10
TrigReport     1   19      24825      24825          0          0 flashggJetSystematics11
TrigReport     1   20      24825      24825          0          0 flashggPrefireDiPhotons
TrigReport     1   21      24825      24825          0          0 flashggPreselectedDiPhotons
TrigReport     1   22      24825      24825          0          0 flashggDiPhotonMVA
TrigReport     1   23      24825      24825          0          0 flashggVBFMVA
TrigReport     1   24      24825      24825          0          0 flashggVHhadMVA
TrigReport     1   25      24825      24825          0          0 flashggGluGluHMVA
TrigReport     1   26      24825      24825          0          0 flashggStageOneCombinedTag
TrigReport     1   27      24825      24825          0          0 flashggTHQLeptonicTag
TrigReport     1   28      24825      24825          0          0 flashggVHMetTag
TrigReport     1   29      24825      24825          0          0 flashggWHLeptonicTag
TrigReport     1   30      24825      24825          0          0 flashggZHLeptonicTag
TrigReport     1   31      24825      24825          0          0 flashggTTHLeptonicTag
TrigReport     1   32      24825      24825          0          0 flashggTTHHadronicTag
TrigReport     1   33      24825      24825          0          0 flashggTagSorter
TrigReport     1   34      24825      24825          0          0 flashggSystTagMerger
TrigReport     1   35      24825      24825          0          0 tagsDumper

TrigReport ---------- Module Summary ------------
TrigReport    Visited   Executed     Passed     Failed      Error Name
TrigReport      25000      25000      25000          0          0 TriggerResults
TrigReport      24825      24825      24825          0          0 VHFilter
TrigReport      24825      24825      24825          0          0 ak4PFCHSL1FastL2L3Corrector
TrigReport      24825      24825      24825          0          0 ak4PFCHSL1FastjetCorrector
TrigReport      24825      24825      24825          0          0 ak4PFCHSL2RelativeCorrector
TrigReport      24825      24825      24825          0          0 ak4PFCHSL3AbsoluteCorrector
TrigReport      24825      24825      24825          0          0 flashggDiPhotonMVA
TrigReport      24825      24825      24825          0          0 flashggDiPhotonSystematics
TrigReport      24825      24825      24825          0          0 flashggDifferentialPhoIdInputsCorrection
TrigReport      24825      24825      24825          0          0 flashggElectronSystematics
TrigReport      24825      24825      24825          0          0 flashggGluGluHMVA
TrigReport      24825      24825      24825          0          0 flashggJetSystematics0
TrigReport      24825      24825      24825          0          0 flashggJetSystematics1
TrigReport      24825      24825      24825          0          0 flashggJetSystematics10
TrigReport      24825      24825      24825          0          0 flashggJetSystematics11
TrigReport      24825      24825      24825          0          0 flashggJetSystematics2
TrigReport      24825      24825      24825          0          0 flashggJetSystematics3
TrigReport      24825      24825      24825          0          0 flashggJetSystematics4
TrigReport      24825      24825      24825          0          0 flashggJetSystematics5
TrigReport      24825      24825      24825          0          0 flashggJetSystematics6
TrigReport      24825      24825      24825          0          0 flashggJetSystematics7
TrigReport      24825      24825      24825          0          0 flashggJetSystematics8
TrigReport      24825      24825      24825          0          0 flashggJetSystematics9
TrigReport      25000      25000      24825        175          0 flashggMetFilters
TrigReport      24825      24825      24825          0          0 flashggMetSystematics
TrigReport      24825      24825      24825          0          0 flashggMuonSystematics
TrigReport      24825      24825      24825          0          0 flashggPrefireDiPhotons
TrigReport      24825      24825      24825          0          0 flashggPreselectedDiPhotons
TrigReport      24825      24825      24825          0          0 flashggStageOneCombinedTag
TrigReport      24825      24825      24825          0          0 flashggSystTagMerger
TrigReport      24825      24825      24825          0          0 flashggTHQLeptonicTag
TrigReport      24825      24825      24825          0          0 flashggTTHHadronicTag
TrigReport      24825      24825      24825          0          0 flashggTTHLeptonicTag
TrigReport      24825      24825      24825          0          0 flashggTagSorter
TrigReport      24825      24825      24825          0          0 flashggUnpackedJets
TrigReport      24825      24825      24825          0          0 flashggVBFMVA
TrigReport      24825      24825      24825          0          0 flashggVHMetTag
TrigReport      24825      24825      24825          0          0 flashggVHhadMVA
TrigReport      24825      24825      24825          0          0 flashggWHLeptonicTag
TrigReport      24825      24825      24825          0          0 flashggZHLeptonicTag
TrigReport      25000      25000      25000          0          0 p
TrigReport      24825      24825      24825          0          0 tagsDumper

TimeReport ---------- Event  Summary ---[sec]----
TimeReport       event loop CPU/event = 0.194953
TimeReport      event loop Real/event = 0.199324
TimeReport     sum Streams Real/event = 0.192331
TimeReport efficiency CPU/Real/thread = 0.978069

TimeReport ---------- Path   Summary ---[Real sec]----
TimeReport  per event     per exec  Name
TimeReport   0.191611     0.191611  p
TimeReport  per event     per exec  Name

TimeReport -------End-Path   Summary ---[Real sec]----
TimeReport  per event     per exec  Name
TimeReport  per event     per exec  Name

TimeReport ---------- Modules in Path: p ---[Real sec]----
TimeReport  per event    per visit  Name
TimeReport   0.000031     0.000031  flashggMetFilters
TimeReport   0.000012     0.000012  VHFilter
TimeReport   0.083405     0.083993  flashggDifferentialPhoIdInputsCorrection
TimeReport   0.078476     0.079029  flashggDiPhotonSystematics
TimeReport   0.000322     0.000325  flashggMetSystematics
TimeReport   0.000052     0.000052  flashggMuonSystematics
TimeReport   0.000068     0.000068  flashggElectronSystematics
TimeReport   0.000478     0.000482  flashggUnpackedJets
TimeReport   0.007793     0.007848  flashggJetSystematics0
TimeReport   0.001275     0.001284  flashggJetSystematics1
TimeReport   0.001110     0.001118  flashggJetSystematics2
TimeReport   0.001062     0.001069  flashggJetSystematics3
TimeReport   0.001040     0.001047  flashggJetSystematics4
TimeReport   0.001035     0.001042  flashggJetSystematics5
TimeReport   0.001023     0.001030  flashggJetSystematics6
TimeReport   0.001025     0.001032  flashggJetSystematics7
TimeReport   0.001021     0.001029  flashggJetSystematics8
TimeReport   0.001016     0.001024  flashggJetSystematics9
TimeReport   0.001013     0.001020  flashggJetSystematics10
TimeReport   0.001012     0.001019  flashggJetSystematics11
TimeReport   0.000593     0.000598  flashggPrefireDiPhotons
TimeReport   0.000187     0.000188  flashggPreselectedDiPhotons
TimeReport   0.000046     0.000047  flashggDiPhotonMVA
TimeReport   0.000045     0.000045  flashggVBFMVA
TimeReport   0.000027     0.000027  flashggVHhadMVA
TimeReport   0.000074     0.000075  flashggGluGluHMVA
TimeReport   0.000048     0.000049  flashggStageOneCombinedTag
TimeReport   0.000756     0.000762  flashggTHQLeptonicTag
TimeReport   0.000377     0.000380  flashggVHMetTag
TimeReport   0.000056     0.000056  flashggWHLeptonicTag
TimeReport   0.000032     0.000033  flashggZHLeptonicTag
TimeReport   0.000279     0.000281  flashggTTHLeptonicTag
TimeReport   0.002294     0.002310  flashggTTHHadronicTag
TimeReport   0.000137     0.000138  flashggTagSorter
TimeReport   0.000007     0.000007  flashggSystTagMerger
TimeReport   0.000486     0.000490  tagsDumper
TimeReport  per event    per visit  Name

TimeReport ---------- Module Summary ---[Real sec]----
TimeReport  per event     per exec    per visit  Name
TimeReport   0.000004     0.000004     0.000004  TriggerResults
TimeReport   0.000012     0.000012     0.000012  VHFilter
TimeReport   0.000005     0.000005     0.000005  ak4PFCHSL1FastL2L3Corrector
TimeReport   0.000006     0.000006     0.000006  ak4PFCHSL1FastjetCorrector
TimeReport   0.000003     0.000003     0.000003  ak4PFCHSL2RelativeCorrector
TimeReport   0.000014     0.000014     0.000014  ak4PFCHSL3AbsoluteCorrector
TimeReport   0.000046     0.000047     0.000047  flashggDiPhotonMVA
TimeReport   0.078476     0.079029     0.079029  flashggDiPhotonSystematics
TimeReport   0.083405     0.083993     0.083993  flashggDifferentialPhoIdInputsCorrection
TimeReport   0.000068     0.000068     0.000068  flashggElectronSystematics
TimeReport   0.000074     0.000075     0.000075  flashggGluGluHMVA
TimeReport   0.007793     0.007848     0.007848  flashggJetSystematics0
TimeReport   0.001275     0.001284     0.001284  flashggJetSystematics1
TimeReport   0.001013     0.001020     0.001020  flashggJetSystematics10
TimeReport   0.001012     0.001019     0.001019  flashggJetSystematics11
TimeReport   0.001110     0.001118     0.001118  flashggJetSystematics2
TimeReport   0.001062     0.001069     0.001069  flashggJetSystematics3
TimeReport   0.001040     0.001047     0.001047  flashggJetSystematics4
TimeReport   0.001035     0.001042     0.001042  flashggJetSystematics5
TimeReport   0.001023     0.001030     0.001030  flashggJetSystematics6
TimeReport   0.001025     0.001032     0.001032  flashggJetSystematics7
TimeReport   0.001021     0.001029     0.001029  flashggJetSystematics8
TimeReport   0.001016     0.001024     0.001024  flashggJetSystematics9
TimeReport   0.000031     0.000031     0.000031  flashggMetFilters
TimeReport   0.000322     0.000325     0.000325  flashggMetSystematics
TimeReport   0.000052     0.000052     0.000052  flashggMuonSystematics
TimeReport   0.000593     0.000598     0.000598  flashggPrefireDiPhotons
TimeReport   0.000187     0.000188     0.000188  flashggPreselectedDiPhotons
TimeReport   0.000048     0.000049     0.000049  flashggStageOneCombinedTag
TimeReport   0.000007     0.000007     0.000007  flashggSystTagMerger
TimeReport   0.000756     0.000762     0.000762  flashggTHQLeptonicTag
TimeReport   0.002294     0.002310     0.002310  flashggTTHHadronicTag
TimeReport   0.000279     0.000281     0.000281  flashggTTHLeptonicTag
TimeReport   0.000137     0.000138     0.000138  flashggTagSorter
TimeReport   0.000478     0.000482     0.000482  flashggUnpackedJets
TimeReport   0.000045     0.000045     0.000045  flashggVBFMVA
TimeReport   0.000377     0.000380     0.000380  flashggVHMetTag
TimeReport   0.000027     0.000027     0.000027  flashggVHhadMVA
TimeReport   0.000056     0.000056     0.000056  flashggWHLeptonicTag
TimeReport   0.000032     0.000033     0.000033  flashggZHLeptonicTag
TimeReport   0.000004     0.000004     0.000004  p
TimeReport   0.000486     0.000490     0.000490  tagsDumper
TimeReport  per event     per exec    per visit  Name

T---Report end!


=============================================

MessageLogger Summary

 type     category        sev    module        subroutine        count    total
 ---- -------------------- -- ---------------- ----------------  -----    -----
    1 XrdAdaptor           -w file_open                              1        1
    2 fileAction           -s file_close                             1        1
    3 fileAction           -s file_open                              2        2

 type    category    Examples: run/evt        run/evt          run/evt
 ---- -------------------- ---------------- ---------------- ----------------
    1 XrdAdaptor           pre-events                        
    2 fileAction           PostGlobalEndRun                  
    3 fileAction           pre-events       pre-events       

Severity    # Occurrences   Total Occurrences
--------    -------------   -----------------
Warning                 1                   1
System                  3                   3

dropped waiting message count 0
