mkdir: cannot create directory '/afs/cern.ch/user/x/xisu/private/local/Analysis_workspace/VH_AC_tmp1/flashgg_d2/CMSSW_10_6_29/src/flashgg/VHAC_Analysis_Met/UL_17/UL_17_wh125': File exists
/cvmfs/cms.cern.ch/slc7_amd64_gcc700/external/py2-requests/2.21.0-pafccj2/lib/python2.7/site-packages/requests/__init__.py:91: RequestsDependencyWarning: urllib3 (1.25.2) or chardet (3.0.4) doesn't match a supported version!
  RequestsDependencyWarning)
20-Dec-2022 10:04:58 CET  Initiating request to open file root://cms-xrd-global.cern.ch//store/user/alesauva/flashgg/UL2017_4/10_6_4/WHiggs0PHToGG_M125_TuneCP5_13TeV-JHUGenV7011-pythia8/UL2017_4-10_6_4-v0-RunIISummer19UL17MiniAOD-106X_mc2017_realistic_v6-v2/200720_155719/0000/myMicroAODOutputFile_14.root
%MSG-w XrdAdaptor:  file_open 20-Dec-2022 10:05:01 CET pre-events
Data is served from GRIF-IRFU instead of original site CERN-CMSGLOBAL-01
%MSG
20-Dec-2022 10:05:02 CET  Successfully opened file root://cms-xrd-global.cern.ch//store/user/alesauva/flashgg/UL2017_4/10_6_4/WHiggs0PHToGG_M125_TuneCP5_13TeV-JHUGenV7011-pythia8/UL2017_4-10_6_4-v0-RunIISummer19UL17MiniAOD-106X_mc2017_realistic_v6-v2/200720_155719/0000/myMicroAODOutputFile_14.root
2022-12-20 10:16:10.802381: I tensorflow/core/platform/cpu_feature_guard.cc:140] Your CPU supports instructions that this TensorFlow binary was not compiled to use: SSE4.1 SSE4.2 AVX AVX2 FMA
Begin processing the 1st record. Run 1, Event 210308, LumiSection 2104 on stream 0 at 20-Dec-2022 10:16:54.357 CET
[2022-12-20 10:17:38.570411 +0100][Error  ][AsyncSock         ] [xrootd.ba.infn.it:1094 #0.0] Socket error while handshaking: [ERROR] Socket timeout
[2022-12-20 10:17:38.570588 +0100][Error  ][PostMaster        ] [xrootd.ba.infn.it:1094 #0] elapsed = 45, pConnectionWindow = 31 seconds.
[2022-12-20 10:18:23.371955 +0100][Error  ][AsyncSock         ] [xrootd.ba.infn.it:1094 #0.0] Socket error while handshaking: [ERROR] Socket timeout
[2022-12-20 10:18:23.372036 +0100][Error  ][PostMaster        ] [xrootd.ba.infn.it:1094 #0] elapsed = 45, pConnectionWindow = 31 seconds.
[2022-12-20 10:18:23.372073 +0100][Error  ][PostMaster        ] [xrootd.ba.infn.it:1094 #0] Unable to recover: [ERROR] Socket timeout.
[2022-12-20 10:18:23.372110 +0100][Error  ][XRootD            ] [xrootd.ba.infn.it:1094] Impossible to send message kXR_open (file: /store/user/alesauva/flashgg/UL2017_4/10_6_4/WHiggs0PHToGG_M125_TuneCP5_13TeV-JHUGenV7011-pythia8/UL2017_4-10_6_4-v0-RunIISummer19UL17MiniAOD-106X_mc2017_realistic_v6-v2/200720_155719/0000/myMicroAODOutputFile_14.root?tried=stor83.datagrid.cea.fr, mode: 0660, flags: kXR_open_read kXR_async kXR_retstat ). Trying to recover.
Begin processing the 1001st record. Run 1, Event 517409, LumiSection 5175 on stream 0 at 20-Dec-2022 10:20:52.777 CET
Begin processing the 2001st record. Run 1, Event 29514, LumiSection 296 on stream 0 at 20-Dec-2022 10:22:40.553 CET
[2022-12-20 10:22:40.557190 +0100][Error  ][AsyncSock         ] [xrootd.ba.infn.it:1094 #0.0] Socket error while handshaking: [ERROR] Socket timeout
[2022-12-20 10:22:40.557302 +0100][Error  ][PostMaster        ] [xrootd.ba.infn.it:1094 #0] elapsed = 45, pConnectionWindow = 31 seconds.
[2022-12-20 10:23:25.770096 +0100][Error  ][AsyncSock         ] [xrootd.ba.infn.it:1094 #0.0] Socket error while handshaking: [ERROR] Socket timeout
[2022-12-20 10:23:25.770216 +0100][Error  ][PostMaster        ] [xrootd.ba.infn.it:1094 #0] elapsed = 45, pConnectionWindow = 31 seconds.
[2022-12-20 10:23:25.770230 +0100][Error  ][PostMaster        ] [xrootd.ba.infn.it:1094 #0] Unable to recover: [ERROR] Socket timeout.
[2022-12-20 10:23:25.770243 +0100][Error  ][XRootD            ] [xrootd.ba.infn.it:1094] Impossible to send message kXR_open (file: /store/user/alesauva/flashgg/UL2017_4/10_6_4/WHiggs0PHToGG_M125_TuneCP5_13TeV-JHUGenV7011-pythia8/UL2017_4-10_6_4-v0-RunIISummer19UL17MiniAOD-106X_mc2017_realistic_v6-v2/200720_155719/0000/myMicroAODOutputFile_14.root?tried=stor83.datagrid.cea.fr, mode: 0660, flags: kXR_open_read kXR_async kXR_retstat ). Trying to recover.
Begin processing the 3001st record. Run 1, Event 30504, LumiSection 306 on stream 0 at 20-Dec-2022 10:24:23.746 CET
Begin processing the 4001st record. Run 1, Event 31510, LumiSection 316 on stream 0 at 20-Dec-2022 10:26:07.169 CET
Begin processing the 5001st record. Run 1, Event 32518, LumiSection 326 on stream 0 at 20-Dec-2022 10:27:51.381 CET
[2022-12-20 10:28:45.617076 +0100][Error  ][AsyncSock         ] [xrootd.ba.infn.it:1094 #0.0] Socket error while handshaking: [ERROR] Socket timeout
[2022-12-20 10:28:45.617231 +0100][Error  ][PostMaster        ] [xrootd.ba.infn.it:1094 #0] elapsed = 45, pConnectionWindow = 31 seconds.
[2022-12-20 10:29:30.845029 +0100][Error  ][AsyncSock         ] [xrootd.ba.infn.it:1094 #0.0] Socket error while handshaking: [ERROR] Socket timeout
[2022-12-20 10:29:30.845164 +0100][Error  ][PostMaster        ] [xrootd.ba.infn.it:1094 #0] elapsed = 45, pConnectionWindow = 31 seconds.
[2022-12-20 10:29:30.845172 +0100][Error  ][PostMaster        ] [xrootd.ba.infn.it:1094 #0] Unable to recover: [ERROR] Socket timeout.
[2022-12-20 10:29:30.845187 +0100][Error  ][XRootD            ] [xrootd.ba.infn.it:1094] Impossible to send message kXR_open (file: /store/user/alesauva/flashgg/UL2017_4/10_6_4/WHiggs0PHToGG_M125_TuneCP5_13TeV-JHUGenV7011-pythia8/UL2017_4-10_6_4-v0-RunIISummer19UL17MiniAOD-106X_mc2017_realistic_v6-v2/200720_155719/0000/myMicroAODOutputFile_14.root?tried=stor83.datagrid.cea.fr, mode: 0660, flags: kXR_open_read kXR_async kXR_retstat ). Trying to recover.
Begin processing the 6001st record. Run 1, Event 33507, LumiSection 336 on stream 0 at 20-Dec-2022 10:29:33.764 CET
Begin processing the 7001st record. Run 1, Event 34510, LumiSection 346 on stream 0 at 20-Dec-2022 10:31:17.490 CET
Begin processing the 8001st record. Run 1, Event 35517, LumiSection 356 on stream 0 at 20-Dec-2022 10:32:51.449 CET
[2022-12-20 10:33:51.986087 +0100][Error  ][AsyncSock         ] [xrootd.ba.infn.it:1094 #0.0] Socket error while handshaking: [ERROR] Socket timeout
[2022-12-20 10:33:51.986182 +0100][Error  ][PostMaster        ] [xrootd.ba.infn.it:1094 #0] elapsed = 45, pConnectionWindow = 31 seconds.
Begin processing the 9001st record. Run 1, Event 106704, LumiSection 1068 on stream 0 at 20-Dec-2022 10:34:34.927 CET
[2022-12-20 10:34:37.188075 +0100][Error  ][AsyncSock         ] [xrootd.ba.infn.it:1094 #0.0] Socket error while handshaking: [ERROR] Socket timeout
[2022-12-20 10:34:37.188206 +0100][Error  ][PostMaster        ] [xrootd.ba.infn.it:1094 #0] elapsed = 46, pConnectionWindow = 31 seconds.
[2022-12-20 10:34:37.188215 +0100][Error  ][PostMaster        ] [xrootd.ba.infn.it:1094 #0] Unable to recover: [ERROR] Socket timeout.
[2022-12-20 10:34:37.188223 +0100][Error  ][XRootD            ] [xrootd.ba.infn.it:1094] Impossible to send message kXR_open (file: /store/user/alesauva/flashgg/UL2017_4/10_6_4/WHiggs0PHToGG_M125_TuneCP5_13TeV-JHUGenV7011-pythia8/UL2017_4-10_6_4-v0-RunIISummer19UL17MiniAOD-106X_mc2017_realistic_v6-v2/200720_155719/0000/myMicroAODOutputFile_14.root?tried=stor83.datagrid.cea.fr, mode: 0660, flags: kXR_open_read kXR_async kXR_retstat ). Trying to recover.
Begin processing the 10001st record. Run 1, Event 107705, LumiSection 1078 on stream 0 at 20-Dec-2022 10:36:10.353 CET
Begin processing the 11001st record. Run 1, Event 696703, LumiSection 6968 on stream 0 at 20-Dec-2022 10:37:51.133 CET
[2022-12-20 10:38:56.663202 +0100][Error  ][AsyncSock         ] [xrootd.ba.infn.it:1094 #0.0] Socket error while handshaking: [ERROR] Socket timeout
[2022-12-20 10:38:56.663321 +0100][Error  ][PostMaster        ] [xrootd.ba.infn.it:1094 #0] elapsed = 45, pConnectionWindow = 31 seconds.
Begin processing the 12001st record. Run 1, Event 116016, LumiSection 1161 on stream 0 at 20-Dec-2022 10:39:29.423 CET
[2022-12-20 10:39:41.902500 +0100][Error  ][AsyncSock         ] [xrootd.ba.infn.it:1094 #0.0] Socket error while handshaking: [ERROR] Socket timeout
[2022-12-20 10:39:41.902635 +0100][Error  ][PostMaster        ] [xrootd.ba.infn.it:1094 #0] elapsed = 45, pConnectionWindow = 31 seconds.
[2022-12-20 10:39:41.902649 +0100][Error  ][PostMaster        ] [xrootd.ba.infn.it:1094 #0] Unable to recover: [ERROR] Socket timeout.
[2022-12-20 10:39:41.902682 +0100][Error  ][XRootD            ] [xrootd.ba.infn.it:1094] Impossible to send message kXR_open (file: /store/user/alesauva/flashgg/UL2017_4/10_6_4/WHiggs0PHToGG_M125_TuneCP5_13TeV-JHUGenV7011-pythia8/UL2017_4-10_6_4-v0-RunIISummer19UL17MiniAOD-106X_mc2017_realistic_v6-v2/200720_155719/0000/myMicroAODOutputFile_14.root?tried=stor83.datagrid.cea.fr, mode: 0660, flags: kXR_open_read kXR_async kXR_retstat ). Trying to recover.
Begin processing the 13001st record. Run 1, Event 117009, LumiSection 1171 on stream 0 at 20-Dec-2022 10:41:10.505 CET
Begin processing the 14001st record. Run 1, Event 446812, LumiSection 4469 on stream 0 at 20-Dec-2022 10:42:47.875 CET
[2022-12-20 10:43:57.662067 +0100][Error  ][AsyncSock         ] [xrootd.ba.infn.it:1094 #0.0] Socket error while handshaking: [ERROR] Socket timeout
[2022-12-20 10:43:57.662190 +0100][Error  ][PostMaster        ] [xrootd.ba.infn.it:1094 #0] elapsed = 45, pConnectionWindow = 31 seconds.
Begin processing the 15001st record. Run 1, Event 447805, LumiSection 4479 on stream 0 at 20-Dec-2022 10:44:24.036 CET
[2022-12-20 10:44:42.901615 +0100][Error  ][AsyncSock         ] [xrootd.ba.infn.it:1094 #0.0] Socket error while handshaking: [ERROR] Socket timeout
[2022-12-20 10:44:42.901741 +0100][Error  ][PostMaster        ] [xrootd.ba.infn.it:1094 #0] elapsed = 45, pConnectionWindow = 31 seconds.
[2022-12-20 10:44:42.901752 +0100][Error  ][PostMaster        ] [xrootd.ba.infn.it:1094 #0] Unable to recover: [ERROR] Socket timeout.
[2022-12-20 10:44:42.901768 +0100][Error  ][XRootD            ] [xrootd.ba.infn.it:1094] Impossible to send message kXR_open (file: /store/user/alesauva/flashgg/UL2017_4/10_6_4/WHiggs0PHToGG_M125_TuneCP5_13TeV-JHUGenV7011-pythia8/UL2017_4-10_6_4-v0-RunIISummer19UL17MiniAOD-106X_mc2017_realistic_v6-v2/200720_155719/0000/myMicroAODOutputFile_14.root?tried=stor83.datagrid.cea.fr, mode: 0660, flags: kXR_open_read kXR_async kXR_retstat ). Trying to recover.
Begin processing the 16001st record. Run 1, Event 448808, LumiSection 4489 on stream 0 at 20-Dec-2022 10:46:04.150 CET
Begin processing the 17001st record. Run 1, Event 519106, LumiSection 5192 on stream 0 at 20-Dec-2022 10:47:56.656 CET
[2022-12-20 10:49:25.451426 +0100][Error  ][AsyncSock         ] [xrootd.ba.infn.it:1094 #0.0] Socket error while handshaking: [ERROR] Socket timeout
[2022-12-20 10:49:25.451576 +0100][Error  ][PostMaster        ] [xrootd.ba.infn.it:1094 #0] elapsed = 45, pConnectionWindow = 31 seconds.
Begin processing the 18001st record. Run 1, Event 520107, LumiSection 5202 on stream 0 at 20-Dec-2022 10:49:45.749 CET
[2022-12-20 10:50:10.678113 +0100][Error  ][AsyncSock         ] [xrootd.ba.infn.it:1094 #0.0] Socket error while handshaking: [ERROR] Socket timeout
[2022-12-20 10:50:10.678239 +0100][Error  ][PostMaster        ] [xrootd.ba.infn.it:1094 #0] elapsed = 45, pConnectionWindow = 31 seconds.
[2022-12-20 10:50:10.678252 +0100][Error  ][PostMaster        ] [xrootd.ba.infn.it:1094 #0] Unable to recover: [ERROR] Socket timeout.
[2022-12-20 10:50:10.678263 +0100][Error  ][XRootD            ] [xrootd.ba.infn.it:1094] Impossible to send message kXR_open (file: /store/user/alesauva/flashgg/UL2017_4/10_6_4/WHiggs0PHToGG_M125_TuneCP5_13TeV-JHUGenV7011-pythia8/UL2017_4-10_6_4-v0-RunIISummer19UL17MiniAOD-106X_mc2017_realistic_v6-v2/200720_155719/0000/myMicroAODOutputFile_14.root?tried=+1213xrootd-redic.pi.infn.it,+1413xrootd-cms-redir-int.cr.cnaf.infn.it,+1213llrxrd-redir.in2p3.fr,+1413xrootd-redic.pi.infn.it,stor83.datagrid.cea.fr,node12.datagrid.cea.fr,llrxrd-redir.in2p3.fr,xrootd-cms.infn.it,xrootd-cms-redir-int.cr.cnaf.infn.it&triedrc=enoent,enoent, mode: 0660, flags: kXR_open_read kXR_async kXR_retstat ). Trying to recover.
Begin processing the 19001st record. Run 1, Event 521101, LumiSection 5212 on stream 0 at 20-Dec-2022 10:51:28.654 CET
Begin processing the 20001st record. Run 1, Event 535011, LumiSection 5351 on stream 0 at 20-Dec-2022 10:53:11.117 CET
[2022-12-20 10:54:37.054807 +0100][Error  ][AsyncSock         ] [xrootd.ba.infn.it:1094 #0.0] Socket error while handshaking: [ERROR] Socket timeout
[2022-12-20 10:54:37.055089 +0100][Error  ][PostMaster        ] [xrootd.ba.infn.it:1094 #0] elapsed = 45, pConnectionWindow = 31 seconds.
Begin processing the 21001st record. Run 1, Event 716701, LumiSection 7168 on stream 0 at 20-Dec-2022 10:55:08.111 CET
[2022-12-20 10:55:22.291143 +0100][Error  ][AsyncSock         ] [xrootd.ba.infn.it:1094 #0.0] Socket error while handshaking: [ERROR] Socket timeout
[2022-12-20 10:55:22.291306 +0100][Error  ][PostMaster        ] [xrootd.ba.infn.it:1094 #0] elapsed = 45, pConnectionWindow = 31 seconds.
[2022-12-20 10:55:22.291323 +0100][Error  ][PostMaster        ] [xrootd.ba.infn.it:1094 #0] Unable to recover: [ERROR] Socket timeout.
[2022-12-20 10:55:22.291332 +0100][Error  ][XRootD            ] [xrootd.ba.infn.it:1094] Impossible to send message kXR_open (file: /store/user/alesauva/flashgg/UL2017_4/10_6_4/WHiggs0PHToGG_M125_TuneCP5_13TeV-JHUGenV7011-pythia8/UL2017_4-10_6_4-v0-RunIISummer19UL17MiniAOD-106X_mc2017_realistic_v6-v2/200720_155719/0000/myMicroAODOutputFile_14.root?tried=stor83.datagrid.cea.fr, mode: 0660, flags: kXR_open_read kXR_async kXR_retstat ). Trying to recover.
Begin processing the 22001st record. Run 1, Event 717708, LumiSection 7178 on stream 0 at 20-Dec-2022 10:57:04.024 CET
Begin processing the 23001st record. Run 1, Event 718703, LumiSection 7188 on stream 0 at 20-Dec-2022 10:59:01.107 CET
[2022-12-20 11:00:36.048127 +0100][Error  ][AsyncSock         ] [xrootd.ba.infn.it:1094 #0.0] Socket error while handshaking: [ERROR] Socket timeout
[2022-12-20 11:00:36.048282 +0100][Error  ][PostMaster        ] [xrootd.ba.infn.it:1094 #0] elapsed = 45, pConnectionWindow = 31 seconds.
Begin processing the 24001st record. Run 1, Event 623014, LumiSection 6231 on stream 0 at 20-Dec-2022 11:00:59.319 CET
[2022-12-20 11:01:21.241218 +0100][Error  ][AsyncSock         ] [xrootd.ba.infn.it:1094 #0.0] Socket error while handshaking: [ERROR] Socket timeout
[2022-12-20 11:01:21.241331 +0100][Error  ][PostMaster        ] [xrootd.ba.infn.it:1094 #0] elapsed = 45, pConnectionWindow = 31 seconds.
[2022-12-20 11:01:21.241341 +0100][Error  ][PostMaster        ] [xrootd.ba.infn.it:1094 #0] Unable to recover: [ERROR] Socket timeout.
[2022-12-20 11:01:21.241350 +0100][Error  ][XRootD            ] [xrootd.ba.infn.it:1094] Impossible to send message kXR_open (file: /store/user/alesauva/flashgg/UL2017_4/10_6_4/WHiggs0PHToGG_M125_TuneCP5_13TeV-JHUGenV7011-pythia8/UL2017_4-10_6_4-v0-RunIISummer19UL17MiniAOD-106X_mc2017_realistic_v6-v2/200720_155719/0000/myMicroAODOutputFile_14.root?tried=stor83.datagrid.cea.fr, mode: 0660, flags: kXR_open_read kXR_async kXR_retstat ). Trying to recover.
20-Dec-2022 11:02:57 CET  Closed file root://cms-xrd-global.cern.ch//store/user/alesauva/flashgg/UL2017_4/10_6_4/WHiggs0PHToGG_M125_TuneCP5_13TeV-JHUGenV7011-pythia8/UL2017_4-10_6_4-v0-RunIISummer19UL17MiniAOD-106X_mc2017_realistic_v6-v2/200720_155719/0000/myMicroAODOutputFile_14.root

TrigReport ---------- Event  Summary ------------
TrigReport Events total = 25000 passed = 24839 failed = 161

TrigReport ---------- Path   Summary ------------
TrigReport  Trig Bit#   Executed     Passed     Failed      Error Name
TrigReport     1    0      25000      24839        161          0 p

TrigReport -------End-Path   Summary ------------
TrigReport  Trig Bit#   Executed     Passed     Failed      Error Name

TrigReport ---------- Modules in Path: p ------------
TrigReport  Trig Bit#    Visited     Passed     Failed      Error Name
TrigReport     1    0      25000      24839        161          0 flashggMetFilters
TrigReport     1    1      24839      24839          0          0 VHFilter
TrigReport     1    2      24839      24839          0          0 flashggDifferentialPhoIdInputsCorrection
TrigReport     1    3      24839      24839          0          0 flashggDiPhotonSystematics
TrigReport     1    4      24839      24839          0          0 flashggMetSystematics
TrigReport     1    5      24839      24839          0          0 flashggMuonSystematics
TrigReport     1    6      24839      24839          0          0 flashggElectronSystematics
TrigReport     1    7      24839      24839          0          0 flashggUnpackedJets
TrigReport     1    8      24839      24839          0          0 flashggJetSystematics0
TrigReport     1    9      24839      24839          0          0 flashggJetSystematics1
TrigReport     1   10      24839      24839          0          0 flashggJetSystematics2
TrigReport     1   11      24839      24839          0          0 flashggJetSystematics3
TrigReport     1   12      24839      24839          0          0 flashggJetSystematics4
TrigReport     1   13      24839      24839          0          0 flashggJetSystematics5
TrigReport     1   14      24839      24839          0          0 flashggJetSystematics6
TrigReport     1   15      24839      24839          0          0 flashggJetSystematics7
TrigReport     1   16      24839      24839          0          0 flashggJetSystematics8
TrigReport     1   17      24839      24839          0          0 flashggJetSystematics9
TrigReport     1   18      24839      24839          0          0 flashggJetSystematics10
TrigReport     1   19      24839      24839          0          0 flashggJetSystematics11
TrigReport     1   20      24839      24839          0          0 flashggPrefireDiPhotons
TrigReport     1   21      24839      24839          0          0 flashggPreselectedDiPhotons
TrigReport     1   22      24839      24839          0          0 flashggDiPhotonMVA
TrigReport     1   23      24839      24839          0          0 flashggVBFMVA
TrigReport     1   24      24839      24839          0          0 flashggVHhadMVA
TrigReport     1   25      24839      24839          0          0 flashggGluGluHMVA
TrigReport     1   26      24839      24839          0          0 flashggStageOneCombinedTag
TrigReport     1   27      24839      24839          0          0 flashggTHQLeptonicTag
TrigReport     1   28      24839      24839          0          0 flashggVHMetTag
TrigReport     1   29      24839      24839          0          0 flashggWHLeptonicTag
TrigReport     1   30      24839      24839          0          0 flashggZHLeptonicTag
TrigReport     1   31      24839      24839          0          0 flashggTTHLeptonicTag
TrigReport     1   32      24839      24839          0          0 flashggTTHHadronicTag
TrigReport     1   33      24839      24839          0          0 flashggTagSorter
TrigReport     1   34      24839      24839          0          0 flashggSystTagMerger
TrigReport     1   35      24839      24839          0          0 tagsDumper

TrigReport ---------- Module Summary ------------
TrigReport    Visited   Executed     Passed     Failed      Error Name
TrigReport      25000      25000      25000          0          0 TriggerResults
TrigReport      24839      24839      24839          0          0 VHFilter
TrigReport      24839      24839      24839          0          0 ak4PFCHSL1FastL2L3Corrector
TrigReport      24839      24839      24839          0          0 ak4PFCHSL1FastjetCorrector
TrigReport      24839      24839      24839          0          0 ak4PFCHSL2RelativeCorrector
TrigReport      24839      24839      24839          0          0 ak4PFCHSL3AbsoluteCorrector
TrigReport      24839      24839      24839          0          0 flashggDiPhotonMVA
TrigReport      24839      24839      24839          0          0 flashggDiPhotonSystematics
TrigReport      24839      24839      24839          0          0 flashggDifferentialPhoIdInputsCorrection
TrigReport      24839      24839      24839          0          0 flashggElectronSystematics
TrigReport      24839      24839      24839          0          0 flashggGluGluHMVA
TrigReport      24839      24839      24839          0          0 flashggJetSystematics0
TrigReport      24839      24839      24839          0          0 flashggJetSystematics1
TrigReport      24839      24839      24839          0          0 flashggJetSystematics10
TrigReport      24839      24839      24839          0          0 flashggJetSystematics11
TrigReport      24839      24839      24839          0          0 flashggJetSystematics2
TrigReport      24839      24839      24839          0          0 flashggJetSystematics3
TrigReport      24839      24839      24839          0          0 flashggJetSystematics4
TrigReport      24839      24839      24839          0          0 flashggJetSystematics5
TrigReport      24839      24839      24839          0          0 flashggJetSystematics6
TrigReport      24839      24839      24839          0          0 flashggJetSystematics7
TrigReport      24839      24839      24839          0          0 flashggJetSystematics8
TrigReport      24839      24839      24839          0          0 flashggJetSystematics9
TrigReport      25000      25000      24839        161          0 flashggMetFilters
TrigReport      24839      24839      24839          0          0 flashggMetSystematics
TrigReport      24839      24839      24839          0          0 flashggMuonSystematics
TrigReport      24839      24839      24839          0          0 flashggPrefireDiPhotons
TrigReport      24839      24839      24839          0          0 flashggPreselectedDiPhotons
TrigReport      24839      24839      24839          0          0 flashggStageOneCombinedTag
TrigReport      24839      24839      24839          0          0 flashggSystTagMerger
TrigReport      24839      24839      24839          0          0 flashggTHQLeptonicTag
TrigReport      24839      24839      24839          0          0 flashggTTHHadronicTag
TrigReport      24839      24839      24839          0          0 flashggTTHLeptonicTag
TrigReport      24839      24839      24839          0          0 flashggTagSorter
TrigReport      24839      24839      24839          0          0 flashggUnpackedJets
TrigReport      24839      24839      24839          0          0 flashggVBFMVA
TrigReport      24839      24839      24839          0          0 flashggVHMetTag
TrigReport      24839      24839      24839          0          0 flashggVHhadMVA
TrigReport      24839      24839      24839          0          0 flashggWHLeptonicTag
TrigReport      24839      24839      24839          0          0 flashggZHLeptonicTag
TrigReport      25000      25000      25000          0          0 p
TrigReport      24839      24839      24839          0          0 tagsDumper

TimeReport ---------- Event  Summary ---[sec]----
TimeReport       event loop CPU/event = 0.109755
TimeReport      event loop Real/event = 0.110592
TimeReport     sum Streams Real/event = 0.107546
TimeReport efficiency CPU/Real/thread = 0.992432

TimeReport ---------- Path   Summary ---[Real sec]----
TimeReport  per event     per exec  Name
TimeReport   0.107151     0.107151  p
TimeReport  per event     per exec  Name

TimeReport -------End-Path   Summary ---[Real sec]----
TimeReport  per event     per exec  Name
TimeReport  per event     per exec  Name

TimeReport ---------- Modules in Path: p ---[Real sec]----
TimeReport  per event    per visit  Name
TimeReport   0.000012     0.000012  flashggMetFilters
TimeReport   0.000004     0.000004  VHFilter
TimeReport   0.060933     0.061328  flashggDifferentialPhoIdInputsCorrection
TimeReport   0.033860     0.034080  flashggDiPhotonSystematics
TimeReport   0.000140     0.000141  flashggMetSystematics
TimeReport   0.000024     0.000024  flashggMuonSystematics
TimeReport   0.000035     0.000035  flashggElectronSystematics
TimeReport   0.000176     0.000177  flashggUnpackedJets
TimeReport   0.003088     0.003108  flashggJetSystematics0
TimeReport   0.000486     0.000489  flashggJetSystematics1
TimeReport   0.000428     0.000431  flashggJetSystematics2
TimeReport   0.000412     0.000415  flashggJetSystematics3
TimeReport   0.000405     0.000408  flashggJetSystematics4
TimeReport   0.000400     0.000403  flashggJetSystematics5
TimeReport   0.000396     0.000399  flashggJetSystematics6
TimeReport   0.000396     0.000398  flashggJetSystematics7
TimeReport   0.000395     0.000397  flashggJetSystematics8
TimeReport   0.000393     0.000395  flashggJetSystematics9
TimeReport   0.000391     0.000393  flashggJetSystematics10
TimeReport   0.000392     0.000394  flashggJetSystematics11
TimeReport   0.000224     0.000226  flashggPrefireDiPhotons
TimeReport   0.000096     0.000097  flashggPreselectedDiPhotons
TimeReport   0.000029     0.000029  flashggDiPhotonMVA
TimeReport   0.000024     0.000025  flashggVBFMVA
TimeReport   0.000014     0.000014  flashggVHhadMVA
TimeReport   0.000040     0.000041  flashggGluGluHMVA
TimeReport   0.000026     0.000026  flashggStageOneCombinedTag
TimeReport   0.000336     0.000339  flashggTHQLeptonicTag
TimeReport   0.000260     0.000262  flashggVHMetTag
TimeReport   0.000029     0.000030  flashggWHLeptonicTag
TimeReport   0.000015     0.000015  flashggZHLeptonicTag
TimeReport   0.000095     0.000096  flashggTTHLeptonicTag
TimeReport   0.000942     0.000948  flashggTTHHadronicTag
TimeReport   0.000072     0.000072  flashggTagSorter
TimeReport   0.000003     0.000003  flashggSystTagMerger
TimeReport   0.000235     0.000236  tagsDumper
TimeReport  per event    per visit  Name

TimeReport ---------- Module Summary ---[Real sec]----
TimeReport  per event     per exec    per visit  Name
TimeReport   0.000002     0.000002     0.000002  TriggerResults
TimeReport   0.000004     0.000004     0.000004  VHFilter
TimeReport   0.000003     0.000003     0.000003  ak4PFCHSL1FastL2L3Corrector
TimeReport   0.000003     0.000003     0.000003  ak4PFCHSL1FastjetCorrector
TimeReport   0.000001     0.000001     0.000001  ak4PFCHSL2RelativeCorrector
TimeReport   0.000011     0.000011     0.000011  ak4PFCHSL3AbsoluteCorrector
TimeReport   0.000029     0.000029     0.000029  flashggDiPhotonMVA
TimeReport   0.033860     0.034080     0.034080  flashggDiPhotonSystematics
TimeReport   0.060933     0.061328     0.061328  flashggDifferentialPhoIdInputsCorrection
TimeReport   0.000035     0.000035     0.000035  flashggElectronSystematics
TimeReport   0.000040     0.000041     0.000041  flashggGluGluHMVA
TimeReport   0.003088     0.003108     0.003108  flashggJetSystematics0
TimeReport   0.000486     0.000489     0.000489  flashggJetSystematics1
TimeReport   0.000391     0.000393     0.000393  flashggJetSystematics10
TimeReport   0.000392     0.000394     0.000394  flashggJetSystematics11
TimeReport   0.000428     0.000431     0.000431  flashggJetSystematics2
TimeReport   0.000412     0.000415     0.000415  flashggJetSystematics3
TimeReport   0.000405     0.000408     0.000408  flashggJetSystematics4
TimeReport   0.000400     0.000403     0.000403  flashggJetSystematics5
TimeReport   0.000396     0.000399     0.000399  flashggJetSystematics6
TimeReport   0.000396     0.000398     0.000398  flashggJetSystematics7
TimeReport   0.000395     0.000397     0.000397  flashggJetSystematics8
TimeReport   0.000393     0.000395     0.000395  flashggJetSystematics9
TimeReport   0.000012     0.000012     0.000012  flashggMetFilters
TimeReport   0.000140     0.000141     0.000141  flashggMetSystematics
TimeReport   0.000024     0.000024     0.000024  flashggMuonSystematics
TimeReport   0.000224     0.000226     0.000226  flashggPrefireDiPhotons
TimeReport   0.000096     0.000097     0.000097  flashggPreselectedDiPhotons
TimeReport   0.000026     0.000026     0.000026  flashggStageOneCombinedTag
TimeReport   0.000003     0.000003     0.000003  flashggSystTagMerger
TimeReport   0.000336     0.000339     0.000339  flashggTHQLeptonicTag
TimeReport   0.000942     0.000948     0.000948  flashggTTHHadronicTag
TimeReport   0.000095     0.000096     0.000096  flashggTTHLeptonicTag
TimeReport   0.000072     0.000072     0.000072  flashggTagSorter
TimeReport   0.000176     0.000177     0.000177  flashggUnpackedJets
TimeReport   0.000024     0.000025     0.000025  flashggVBFMVA
TimeReport   0.000260     0.000262     0.000262  flashggVHMetTag
TimeReport   0.000014     0.000014     0.000014  flashggVHhadMVA
TimeReport   0.000029     0.000030     0.000030  flashggWHLeptonicTag
TimeReport   0.000015     0.000015     0.000015  flashggZHLeptonicTag
TimeReport   0.000002     0.000002     0.000002  p
TimeReport   0.000235     0.000236     0.000236  tagsDumper
TimeReport  per event     per exec    per visit  Name

T---Report end!


=============================================

MessageLogger Summary

 type     category        sev    module        subroutine        count    total
 ---- -------------------- -- ---------------- ----------------  -----    -----
    1 XrdAdaptor           -w file_open                              1        1
    2 fileAction           -s file_close                             1        1
    3 fileAction           -s file_open                              2        2

 type    category    Examples: run/evt        run/evt          run/evt
 ---- -------------------- ---------------- ---------------- ----------------
    1 XrdAdaptor           pre-events                        
    2 fileAction           PostGlobalEndRun                  
    3 fileAction           pre-events       pre-events       

Severity    # Occurrences   Total Occurrences
--------    -------------   -----------------
Warning                 1                   1
System                  3                   3

dropped waiting message count 0
