mkdir: cannot create directory '/afs/cern.ch/user/x/xisu/private/local/Analysis_workspace/VH_AC_tmp1/flashgg_d2/CMSSW_10_6_29/src/flashgg/VHAC_Analysis_Met/UL_17/UL_17_wh125': File exists
/cvmfs/cms.cern.ch/slc7_amd64_gcc700/external/py2-requests/2.21.0-pafccj2/lib/python2.7/site-packages/requests/__init__.py:91: RequestsDependencyWarning: urllib3 (1.25.2) or chardet (3.0.4) doesn't match a supported version!
  RequestsDependencyWarning)
20-Dec-2022 10:05:23 CET  Initiating request to open file root://cms-xrd-global.cern.ch//store/user/alesauva/flashgg/UL2017_4/10_6_4/WHiggs0PMToGG_M125_TuneCP5_13TeV-JHUGenV7011-pythia8/UL2017_4-10_6_4-v0-RunIISummer19UL17MiniAOD-106X_mc2017_realistic_v6-v2/200720_160815/0000/myMicroAODOutputFile_21.root
%MSG-w XrdAdaptor:  file_open 20-Dec-2022 10:05:25 CET pre-events
Data is served from GRIF-IRFU instead of original site CERN-CMSGLOBAL-01
%MSG
20-Dec-2022 10:05:27 CET  Successfully opened file root://cms-xrd-global.cern.ch//store/user/alesauva/flashgg/UL2017_4/10_6_4/WHiggs0PMToGG_M125_TuneCP5_13TeV-JHUGenV7011-pythia8/UL2017_4-10_6_4-v0-RunIISummer19UL17MiniAOD-106X_mc2017_realistic_v6-v2/200720_160815/0000/myMicroAODOutputFile_21.root
2022-12-20 10:16:52.630591: I tensorflow/core/platform/cpu_feature_guard.cc:140] Your CPU supports instructions that this TensorFlow binary was not compiled to use: SSE4.1 SSE4.2 AVX AVX2 FMA
Begin processing the 1st record. Run 1, Event 86607, LumiSection 867 on stream 0 at 20-Dec-2022 10:17:36.404 CET
[2022-12-20 10:18:19.597493 +0100][Error  ][AsyncSock         ] [xrootd.ba.infn.it:1094 #0.0] Socket error while handshaking: [ERROR] Socket timeout
[2022-12-20 10:18:19.597669 +0100][Error  ][PostMaster        ] [xrootd.ba.infn.it:1094 #0] elapsed = 45, pConnectionWindow = 31 seconds.
[2022-12-20 10:19:04.429506 +0100][Error  ][AsyncSock         ] [xrootd.ba.infn.it:1094 #0.0] Socket error while handshaking: [ERROR] Socket timeout
[2022-12-20 10:19:04.429676 +0100][Error  ][PostMaster        ] [xrootd.ba.infn.it:1094 #0] elapsed = 45, pConnectionWindow = 31 seconds.
[2022-12-20 10:19:04.429744 +0100][Error  ][PostMaster        ] [xrootd.ba.infn.it:1094 #0] Unable to recover: [ERROR] Socket timeout.
[2022-12-20 10:19:04.429765 +0100][Error  ][XRootD            ] [xrootd.ba.infn.it:1094] Impossible to send message kXR_open (file: /store/user/alesauva/flashgg/UL2017_4/10_6_4/WHiggs0PMToGG_M125_TuneCP5_13TeV-JHUGenV7011-pythia8/UL2017_4-10_6_4-v0-RunIISummer19UL17MiniAOD-106X_mc2017_realistic_v6-v2/200720_160815/0000/myMicroAODOutputFile_21.root?tried=stor92.datagrid.cea.fr, mode: 0660, flags: kXR_open_read kXR_async kXR_retstat ). Trying to recover.
Begin processing the 1001st record. Run 1, Event 87805, LumiSection 879 on stream 0 at 20-Dec-2022 10:21:07.967 CET
Begin processing the 2001st record. Run 1, Event 132010, LumiSection 1321 on stream 0 at 20-Dec-2022 10:22:48.231 CET
[2022-12-20 10:23:45.976453 +0100][Error  ][AsyncSock         ] [xrootd.ba.infn.it:1094 #0.0] Socket error while handshaking: [ERROR] Socket timeout
[2022-12-20 10:23:45.976543 +0100][Error  ][PostMaster        ] [xrootd.ba.infn.it:1094 #0] elapsed = 45, pConnectionWindow = 31 seconds.
Begin processing the 3001st record. Run 1, Event 306303, LumiSection 3064 on stream 0 at 20-Dec-2022 10:24:25.035 CET
[2022-12-20 10:24:30.201594 +0100][Error  ][AsyncSock         ] [xrootd.ba.infn.it:1094 #0.0] Socket error while handshaking: [ERROR] Socket timeout
[2022-12-20 10:24:30.201692 +0100][Error  ][PostMaster        ] [xrootd.ba.infn.it:1094 #0] elapsed = 45, pConnectionWindow = 31 seconds.
[2022-12-20 10:24:30.201701 +0100][Error  ][PostMaster        ] [xrootd.ba.infn.it:1094 #0] Unable to recover: [ERROR] Socket timeout.
[2022-12-20 10:24:30.201709 +0100][Error  ][XRootD            ] [xrootd.ba.infn.it:1094] Impossible to send message kXR_open (file: /store/user/alesauva/flashgg/UL2017_4/10_6_4/WHiggs0PMToGG_M125_TuneCP5_13TeV-JHUGenV7011-pythia8/UL2017_4-10_6_4-v0-RunIISummer19UL17MiniAOD-106X_mc2017_realistic_v6-v2/200720_160815/0000/myMicroAODOutputFile_21.root?tried=stor92.datagrid.cea.fr, mode: 0660, flags: kXR_open_read kXR_async kXR_retstat ). Trying to recover.
Begin processing the 4001st record. Run 1, Event 279612, LumiSection 2797 on stream 0 at 20-Dec-2022 10:26:01.007 CET
Begin processing the 5001st record. Run 1, Event 280620, LumiSection 2807 on stream 0 at 20-Dec-2022 10:27:40.290 CET
[2022-12-20 10:28:58.790454 +0100][Error  ][AsyncSock         ] [xrootd.ba.infn.it:1094 #0.0] Socket error while handshaking: [ERROR] Socket timeout
[2022-12-20 10:28:58.790602 +0100][Error  ][PostMaster        ] [xrootd.ba.infn.it:1094 #0] elapsed = 45, pConnectionWindow = 31 seconds.
Begin processing the 6001st record. Run 1, Event 516008, LumiSection 5161 on stream 0 at 20-Dec-2022 10:29:20.684 CET
[2022-12-20 10:29:43.034494 +0100][Error  ][AsyncSock         ] [xrootd.ba.infn.it:1094 #0.0] Socket error while handshaking: [ERROR] Socket timeout
[2022-12-20 10:29:43.034631 +0100][Error  ][PostMaster        ] [xrootd.ba.infn.it:1094 #0] elapsed = 45, pConnectionWindow = 31 seconds.
[2022-12-20 10:29:43.034644 +0100][Error  ][PostMaster        ] [xrootd.ba.infn.it:1094 #0] Unable to recover: [ERROR] Socket timeout.
[2022-12-20 10:29:43.034652 +0100][Error  ][XRootD            ] [xrootd.ba.infn.it:1094] Impossible to send message kXR_open (file: /store/user/alesauva/flashgg/UL2017_4/10_6_4/WHiggs0PMToGG_M125_TuneCP5_13TeV-JHUGenV7011-pythia8/UL2017_4-10_6_4-v0-RunIISummer19UL17MiniAOD-106X_mc2017_realistic_v6-v2/200720_160815/0000/myMicroAODOutputFile_21.root?tried=stor92.datagrid.cea.fr, mode: 0660, flags: kXR_open_read kXR_async kXR_retstat ). Trying to recover.
Begin processing the 7001st record. Run 1, Event 524307, LumiSection 5244 on stream 0 at 20-Dec-2022 10:31:01.617 CET
Begin processing the 8001st record. Run 1, Event 697807, LumiSection 6979 on stream 0 at 20-Dec-2022 10:32:53.225 CET
[2022-12-20 10:34:32.351413 +0100][Error  ][AsyncSock         ] [xrootd.ba.infn.it:1094 #0.0] Socket error while handshaking: [ERROR] Socket timeout
[2022-12-20 10:34:32.351540 +0100][Error  ][PostMaster        ] [xrootd.ba.infn.it:1094 #0] elapsed = 45, pConnectionWindow = 31 seconds.
Begin processing the 9001st record. Run 1, Event 703302, LumiSection 7034 on stream 0 at 20-Dec-2022 10:34:34.496 CET
[2022-12-20 10:35:17.575719 +0100][Error  ][AsyncSock         ] [xrootd.ba.infn.it:1094 #0.0] Socket error while handshaking: [ERROR] Socket timeout
[2022-12-20 10:35:17.575856 +0100][Error  ][PostMaster        ] [xrootd.ba.infn.it:1094 #0] elapsed = 45, pConnectionWindow = 31 seconds.
[2022-12-20 10:35:17.575873 +0100][Error  ][PostMaster        ] [xrootd.ba.infn.it:1094 #0] Unable to recover: [ERROR] Socket timeout.
[2022-12-20 10:35:17.575882 +0100][Error  ][XRootD            ] [xrootd.ba.infn.it:1094] Impossible to send message kXR_open (file: /store/user/alesauva/flashgg/UL2017_4/10_6_4/WHiggs0PMToGG_M125_TuneCP5_13TeV-JHUGenV7011-pythia8/UL2017_4-10_6_4-v0-RunIISummer19UL17MiniAOD-106X_mc2017_realistic_v6-v2/200720_160815/0000/myMicroAODOutputFile_21.root?tried=stor92.datagrid.cea.fr, mode: 0660, flags: kXR_open_read kXR_async kXR_retstat ). Trying to recover.
Begin processing the 10001st record. Run 1, Event 89704, LumiSection 898 on stream 0 at 20-Dec-2022 10:36:17.908 CET
Begin processing the 11001st record. Run 1, Event 90704, LumiSection 908 on stream 0 at 20-Dec-2022 10:38:05.359 CET
Begin processing the 12001st record. Run 1, Event 91702, LumiSection 918 on stream 0 at 20-Dec-2022 10:39:42.300 CET
[2022-12-20 10:40:02.441509 +0100][Error  ][AsyncSock         ] [xrootd.ba.infn.it:1094 #0.0] Socket error while handshaking: [ERROR] Socket timeout
[2022-12-20 10:40:02.441640 +0100][Error  ][PostMaster        ] [xrootd.ba.infn.it:1094 #0] elapsed = 45, pConnectionWindow = 31 seconds.
[2022-12-20 10:40:47.661495 +0100][Error  ][AsyncSock         ] [xrootd.ba.infn.it:1094 #0.0] Socket error while handshaking: [ERROR] Socket timeout
[2022-12-20 10:40:47.661649 +0100][Error  ][PostMaster        ] [xrootd.ba.infn.it:1094 #0] elapsed = 45, pConnectionWindow = 31 seconds.
[2022-12-20 10:40:47.661660 +0100][Error  ][PostMaster        ] [xrootd.ba.infn.it:1094 #0] Unable to recover: [ERROR] Socket timeout.
[2022-12-20 10:40:47.661690 +0100][Error  ][XRootD            ] [xrootd.ba.infn.it:1094] Impossible to send message kXR_open (file: /store/user/alesauva/flashgg/UL2017_4/10_6_4/WHiggs0PMToGG_M125_TuneCP5_13TeV-JHUGenV7011-pythia8/UL2017_4-10_6_4-v0-RunIISummer19UL17MiniAOD-106X_mc2017_realistic_v6-v2/200720_160815/0000/myMicroAODOutputFile_21.root?tried=stor92.datagrid.cea.fr, mode: 0660, flags: kXR_open_read kXR_async kXR_retstat ). Trying to recover.
Begin processing the 13001st record. Run 1, Event 92715, LumiSection 928 on stream 0 at 20-Dec-2022 10:41:25.280 CET
Begin processing the 14001st record. Run 1, Event 93714, LumiSection 938 on stream 0 at 20-Dec-2022 10:43:00.897 CET
Begin processing the 15001st record. Run 1, Event 308009, LumiSection 3081 on stream 0 at 20-Dec-2022 10:44:48.644 CET
[2022-12-20 10:45:27.902148 +0100][Error  ][AsyncSock         ] [xrootd.ba.infn.it:1094 #0.0] Socket error while handshaking: [ERROR] Socket timeout
[2022-12-20 10:45:27.902280 +0100][Error  ][PostMaster        ] [xrootd.ba.infn.it:1094 #0] elapsed = 45, pConnectionWindow = 31 seconds.
[2022-12-20 10:46:13.136937 +0100][Error  ][AsyncSock         ] [xrootd.ba.infn.it:1094 #0.0] Socket error while handshaking: [ERROR] Socket timeout
[2022-12-20 10:46:13.137069 +0100][Error  ][PostMaster        ] [xrootd.ba.infn.it:1094 #0] elapsed = 46, pConnectionWindow = 31 seconds.
[2022-12-20 10:46:13.137081 +0100][Error  ][PostMaster        ] [xrootd.ba.infn.it:1094 #0] Unable to recover: [ERROR] Socket timeout.
[2022-12-20 10:46:13.137090 +0100][Error  ][XRootD            ] [xrootd.ba.infn.it:1094] Impossible to send message kXR_open (file: /store/user/alesauva/flashgg/UL2017_4/10_6_4/WHiggs0PMToGG_M125_TuneCP5_13TeV-JHUGenV7011-pythia8/UL2017_4-10_6_4-v0-RunIISummer19UL17MiniAOD-106X_mc2017_realistic_v6-v2/200720_160815/0000/myMicroAODOutputFile_21.root?tried=stor92.datagrid.cea.fr, mode: 0660, flags: kXR_open_read kXR_async kXR_retstat ). Trying to recover.
Begin processing the 16001st record. Run 1, Event 309003, LumiSection 3091 on stream 0 at 20-Dec-2022 10:46:27.566 CET
Begin processing the 17001st record. Run 1, Event 310004, LumiSection 3101 on stream 0 at 20-Dec-2022 10:48:06.310 CET
Begin processing the 18001st record. Run 1, Event 649409, LumiSection 6495 on stream 0 at 20-Dec-2022 10:49:44.028 CET
[2022-12-20 10:50:41.512567 +0100][Error  ][AsyncSock         ] [xrootd.ba.infn.it:1094 #0.0] Socket error while handshaking: [ERROR] Socket timeout
[2022-12-20 10:50:41.512694 +0100][Error  ][PostMaster        ] [xrootd.ba.infn.it:1094 #0] elapsed = 45, pConnectionWindow = 31 seconds.
Begin processing the 19001st record. Run 1, Event 650405, LumiSection 6505 on stream 0 at 20-Dec-2022 10:51:16.633 CET
[2022-12-20 10:51:26.744684 +0100][Error  ][AsyncSock         ] [xrootd.ba.infn.it:1094 #0.0] Socket error while handshaking: [ERROR] Socket timeout
[2022-12-20 10:51:26.744813 +0100][Error  ][PostMaster        ] [xrootd.ba.infn.it:1094 #0] elapsed = 45, pConnectionWindow = 31 seconds.
[2022-12-20 10:51:26.744829 +0100][Error  ][PostMaster        ] [xrootd.ba.infn.it:1094 #0] Unable to recover: [ERROR] Socket timeout.
[2022-12-20 10:51:26.744840 +0100][Error  ][XRootD            ] [xrootd.ba.infn.it:1094] Impossible to send message kXR_open (file: /store/user/alesauva/flashgg/UL2017_4/10_6_4/WHiggs0PMToGG_M125_TuneCP5_13TeV-JHUGenV7011-pythia8/UL2017_4-10_6_4-v0-RunIISummer19UL17MiniAOD-106X_mc2017_realistic_v6-v2/200720_160815/0000/myMicroAODOutputFile_21.root?tried=stor92.datagrid.cea.fr, mode: 0660, flags: kXR_open_read kXR_async kXR_retstat ). Trying to recover.
Begin processing the 20001st record. Run 1, Event 669002, LumiSection 6691 on stream 0 at 20-Dec-2022 10:52:51.942 CET
Begin processing the 21001st record. Run 1, Event 414903, LumiSection 4150 on stream 0 at 20-Dec-2022 10:54:21.866 CET
[2022-12-20 10:55:38.230952 +0100][Error  ][AsyncSock         ] [xrootd.ba.infn.it:1094 #0.0] Socket error while handshaking: [ERROR] Socket timeout
[2022-12-20 10:55:38.231095 +0100][Error  ][PostMaster        ] [xrootd.ba.infn.it:1094 #0] elapsed = 45, pConnectionWindow = 31 seconds.
Begin processing the 22001st record. Run 1, Event 421912, LumiSection 4220 on stream 0 at 20-Dec-2022 10:55:51.198 CET
[2022-12-20 10:56:23.452479 +0100][Error  ][AsyncSock         ] [xrootd.ba.infn.it:1094 #0.0] Socket error while handshaking: [ERROR] Socket timeout
[2022-12-20 10:56:23.452599 +0100][Error  ][PostMaster        ] [xrootd.ba.infn.it:1094 #0] elapsed = 45, pConnectionWindow = 31 seconds.
[2022-12-20 10:56:23.452611 +0100][Error  ][PostMaster        ] [xrootd.ba.infn.it:1094 #0] Unable to recover: [ERROR] Socket timeout.
[2022-12-20 10:56:23.452620 +0100][Error  ][XRootD            ] [xrootd.ba.infn.it:1094] Impossible to send message kXR_open (file: /store/user/alesauva/flashgg/UL2017_4/10_6_4/WHiggs0PMToGG_M125_TuneCP5_13TeV-JHUGenV7011-pythia8/UL2017_4-10_6_4-v0-RunIISummer19UL17MiniAOD-106X_mc2017_realistic_v6-v2/200720_160815/0000/myMicroAODOutputFile_21.root?tried=stor92.datagrid.cea.fr, mode: 0660, flags: kXR_open_read kXR_async kXR_retstat ). Trying to recover.
Begin processing the 23001st record. Run 1, Event 270009, LumiSection 2701 on stream 0 at 20-Dec-2022 10:57:22.679 CET
Begin processing the 24001st record. Run 1, Event 271015, LumiSection 2711 on stream 0 at 20-Dec-2022 10:58:58.786 CET
20-Dec-2022 11:00:42 CET  Closed file root://cms-xrd-global.cern.ch//store/user/alesauva/flashgg/UL2017_4/10_6_4/WHiggs0PMToGG_M125_TuneCP5_13TeV-JHUGenV7011-pythia8/UL2017_4-10_6_4-v0-RunIISummer19UL17MiniAOD-106X_mc2017_realistic_v6-v2/200720_160815/0000/myMicroAODOutputFile_21.root

TrigReport ---------- Event  Summary ------------
TrigReport Events total = 25000 passed = 24876 failed = 124

TrigReport ---------- Path   Summary ------------
TrigReport  Trig Bit#   Executed     Passed     Failed      Error Name
TrigReport     1    0      25000      24876        124          0 p

TrigReport -------End-Path   Summary ------------
TrigReport  Trig Bit#   Executed     Passed     Failed      Error Name

TrigReport ---------- Modules in Path: p ------------
TrigReport  Trig Bit#    Visited     Passed     Failed      Error Name
TrigReport     1    0      25000      24876        124          0 flashggMetFilters
TrigReport     1    1      24876      24876          0          0 VHFilter
TrigReport     1    2      24876      24876          0          0 flashggDifferentialPhoIdInputsCorrection
TrigReport     1    3      24876      24876          0          0 flashggDiPhotonSystematics
TrigReport     1    4      24876      24876          0          0 flashggMetSystematics
TrigReport     1    5      24876      24876          0          0 flashggMuonSystematics
TrigReport     1    6      24876      24876          0          0 flashggElectronSystematics
TrigReport     1    7      24876      24876          0          0 flashggUnpackedJets
TrigReport     1    8      24876      24876          0          0 flashggJetSystematics0
TrigReport     1    9      24876      24876          0          0 flashggJetSystematics1
TrigReport     1   10      24876      24876          0          0 flashggJetSystematics2
TrigReport     1   11      24876      24876          0          0 flashggJetSystematics3
TrigReport     1   12      24876      24876          0          0 flashggJetSystematics4
TrigReport     1   13      24876      24876          0          0 flashggJetSystematics5
TrigReport     1   14      24876      24876          0          0 flashggJetSystematics6
TrigReport     1   15      24876      24876          0          0 flashggJetSystematics7
TrigReport     1   16      24876      24876          0          0 flashggJetSystematics8
TrigReport     1   17      24876      24876          0          0 flashggJetSystematics9
TrigReport     1   18      24876      24876          0          0 flashggJetSystematics10
TrigReport     1   19      24876      24876          0          0 flashggJetSystematics11
TrigReport     1   20      24876      24876          0          0 flashggPrefireDiPhotons
TrigReport     1   21      24876      24876          0          0 flashggPreselectedDiPhotons
TrigReport     1   22      24876      24876          0          0 flashggDiPhotonMVA
TrigReport     1   23      24876      24876          0          0 flashggVBFMVA
TrigReport     1   24      24876      24876          0          0 flashggVHhadMVA
TrigReport     1   25      24876      24876          0          0 flashggGluGluHMVA
TrigReport     1   26      24876      24876          0          0 flashggStageOneCombinedTag
TrigReport     1   27      24876      24876          0          0 flashggTHQLeptonicTag
TrigReport     1   28      24876      24876          0          0 flashggVHMetTag
TrigReport     1   29      24876      24876          0          0 flashggWHLeptonicTag
TrigReport     1   30      24876      24876          0          0 flashggZHLeptonicTag
TrigReport     1   31      24876      24876          0          0 flashggTTHLeptonicTag
TrigReport     1   32      24876      24876          0          0 flashggTTHHadronicTag
TrigReport     1   33      24876      24876          0          0 flashggTagSorter
TrigReport     1   34      24876      24876          0          0 flashggSystTagMerger
TrigReport     1   35      24876      24876          0          0 tagsDumper

TrigReport ---------- Module Summary ------------
TrigReport    Visited   Executed     Passed     Failed      Error Name
TrigReport      25000      25000      25000          0          0 TriggerResults
TrigReport      24876      24876      24876          0          0 VHFilter
TrigReport      24876      24876      24876          0          0 ak4PFCHSL1FastL2L3Corrector
TrigReport      24876      24876      24876          0          0 ak4PFCHSL1FastjetCorrector
TrigReport      24876      24876      24876          0          0 ak4PFCHSL2RelativeCorrector
TrigReport      24876      24876      24876          0          0 ak4PFCHSL3AbsoluteCorrector
TrigReport      24876      24876      24876          0          0 flashggDiPhotonMVA
TrigReport      24876      24876      24876          0          0 flashggDiPhotonSystematics
TrigReport      24876      24876      24876          0          0 flashggDifferentialPhoIdInputsCorrection
TrigReport      24876      24876      24876          0          0 flashggElectronSystematics
TrigReport      24876      24876      24876          0          0 flashggGluGluHMVA
TrigReport      24876      24876      24876          0          0 flashggJetSystematics0
TrigReport      24876      24876      24876          0          0 flashggJetSystematics1
TrigReport      24876      24876      24876          0          0 flashggJetSystematics10
TrigReport      24876      24876      24876          0          0 flashggJetSystematics11
TrigReport      24876      24876      24876          0          0 flashggJetSystematics2
TrigReport      24876      24876      24876          0          0 flashggJetSystematics3
TrigReport      24876      24876      24876          0          0 flashggJetSystematics4
TrigReport      24876      24876      24876          0          0 flashggJetSystematics5
TrigReport      24876      24876      24876          0          0 flashggJetSystematics6
TrigReport      24876      24876      24876          0          0 flashggJetSystematics7
TrigReport      24876      24876      24876          0          0 flashggJetSystematics8
TrigReport      24876      24876      24876          0          0 flashggJetSystematics9
TrigReport      25000      25000      24876        124          0 flashggMetFilters
TrigReport      24876      24876      24876          0          0 flashggMetSystematics
TrigReport      24876      24876      24876          0          0 flashggMuonSystematics
TrigReport      24876      24876      24876          0          0 flashggPrefireDiPhotons
TrigReport      24876      24876      24876          0          0 flashggPreselectedDiPhotons
TrigReport      24876      24876      24876          0          0 flashggStageOneCombinedTag
TrigReport      24876      24876      24876          0          0 flashggSystTagMerger
TrigReport      24876      24876      24876          0          0 flashggTHQLeptonicTag
TrigReport      24876      24876      24876          0          0 flashggTTHHadronicTag
TrigReport      24876      24876      24876          0          0 flashggTTHLeptonicTag
TrigReport      24876      24876      24876          0          0 flashggTagSorter
TrigReport      24876      24876      24876          0          0 flashggUnpackedJets
TrigReport      24876      24876      24876          0          0 flashggVBFMVA
TrigReport      24876      24876      24876          0          0 flashggVHMetTag
TrigReport      24876      24876      24876          0          0 flashggVHhadMVA
TrigReport      24876      24876      24876          0          0 flashggWHLeptonicTag
TrigReport      24876      24876      24876          0          0 flashggZHLeptonicTag
TrigReport      25000      25000      25000          0          0 p
TrigReport      24876      24876      24876          0          0 tagsDumper

TimeReport ---------- Event  Summary ---[sec]----
TimeReport       event loop CPU/event = 0.103248
TimeReport      event loop Real/event = 0.103523
TimeReport     sum Streams Real/event = 0.100514
TimeReport efficiency CPU/Real/thread = 0.997342

TimeReport ---------- Path   Summary ---[Real sec]----
TimeReport  per event     per exec  Name
TimeReport   0.100111     0.100111  p
TimeReport  per event     per exec  Name

TimeReport -------End-Path   Summary ---[Real sec]----
TimeReport  per event     per exec  Name
TimeReport  per event     per exec  Name

TimeReport ---------- Modules in Path: p ---[Real sec]----
TimeReport  per event    per visit  Name
TimeReport   0.000013     0.000013  flashggMetFilters
TimeReport   0.000004     0.000004  VHFilter
TimeReport   0.055279     0.055554  flashggDifferentialPhoIdInputsCorrection
TimeReport   0.032433     0.032595  flashggDiPhotonSystematics
TimeReport   0.000143     0.000143  flashggMetSystematics
TimeReport   0.000019     0.000019  flashggMuonSystematics
TimeReport   0.000031     0.000031  flashggElectronSystematics
TimeReport   0.000174     0.000175  flashggUnpackedJets
TimeReport   0.003146     0.003161  flashggJetSystematics0
TimeReport   0.000461     0.000463  flashggJetSystematics1
TimeReport   0.000403     0.000405  flashggJetSystematics2
TimeReport   0.000389     0.000391  flashggJetSystematics3
TimeReport   0.000381     0.000383  flashggJetSystematics4
TimeReport   0.000374     0.000376  flashggJetSystematics5
TimeReport   0.000372     0.000374  flashggJetSystematics6
TimeReport   0.000371     0.000373  flashggJetSystematics7
TimeReport   0.000369     0.000371  flashggJetSystematics8
TimeReport   0.000368     0.000370  flashggJetSystematics9
TimeReport   0.000366     0.000368  flashggJetSystematics10
TimeReport   0.000366     0.000368  flashggJetSystematics11
TimeReport   0.000219     0.000220  flashggPrefireDiPhotons
TimeReport   0.000088     0.000088  flashggPreselectedDiPhotons
TimeReport   0.000025     0.000025  flashggDiPhotonMVA
TimeReport   0.000021     0.000021  flashggVBFMVA
TimeReport   0.000013     0.000013  flashggVHhadMVA
TimeReport   0.000037     0.000037  flashggGluGluHMVA
TimeReport   0.000023     0.000023  flashggStageOneCombinedTag
TimeReport   0.000893     0.000897  flashggTHQLeptonicTag
TimeReport   0.000226     0.000228  flashggVHMetTag
TimeReport   0.000027     0.000027  flashggWHLeptonicTag
TimeReport   0.000013     0.000013  flashggZHLeptonicTag
TimeReport   0.000078     0.000079  flashggTTHLeptonicTag
TimeReport   0.000829     0.000833  flashggTTHHadronicTag
TimeReport   0.000071     0.000071  flashggTagSorter
TimeReport   0.000003     0.000003  flashggSystTagMerger
TimeReport   0.000210     0.000211  tagsDumper
TimeReport  per event    per visit  Name

TimeReport ---------- Module Summary ---[Real sec]----
TimeReport  per event     per exec    per visit  Name
TimeReport   0.000002     0.000002     0.000002  TriggerResults
TimeReport   0.000004     0.000004     0.000004  VHFilter
TimeReport   0.000003     0.000003     0.000003  ak4PFCHSL1FastL2L3Corrector
TimeReport   0.000003     0.000003     0.000003  ak4PFCHSL1FastjetCorrector
TimeReport   0.000001     0.000001     0.000001  ak4PFCHSL2RelativeCorrector
TimeReport   0.000011     0.000011     0.000011  ak4PFCHSL3AbsoluteCorrector
TimeReport   0.000025     0.000025     0.000025  flashggDiPhotonMVA
TimeReport   0.032433     0.032595     0.032595  flashggDiPhotonSystematics
TimeReport   0.055279     0.055554     0.055554  flashggDifferentialPhoIdInputsCorrection
TimeReport   0.000031     0.000031     0.000031  flashggElectronSystematics
TimeReport   0.000037     0.000037     0.000037  flashggGluGluHMVA
TimeReport   0.003146     0.003161     0.003161  flashggJetSystematics0
TimeReport   0.000461     0.000463     0.000463  flashggJetSystematics1
TimeReport   0.000366     0.000368     0.000368  flashggJetSystematics10
TimeReport   0.000366     0.000368     0.000368  flashggJetSystematics11
TimeReport   0.000403     0.000405     0.000405  flashggJetSystematics2
TimeReport   0.000389     0.000391     0.000391  flashggJetSystematics3
TimeReport   0.000381     0.000383     0.000383  flashggJetSystematics4
TimeReport   0.000374     0.000376     0.000376  flashggJetSystematics5
TimeReport   0.000372     0.000374     0.000374  flashggJetSystematics6
TimeReport   0.000371     0.000373     0.000373  flashggJetSystematics7
TimeReport   0.000369     0.000371     0.000371  flashggJetSystematics8
TimeReport   0.000368     0.000370     0.000370  flashggJetSystematics9
TimeReport   0.000013     0.000013     0.000013  flashggMetFilters
TimeReport   0.000143     0.000143     0.000143  flashggMetSystematics
TimeReport   0.000019     0.000019     0.000019  flashggMuonSystematics
TimeReport   0.000219     0.000220     0.000220  flashggPrefireDiPhotons
TimeReport   0.000088     0.000088     0.000088  flashggPreselectedDiPhotons
TimeReport   0.000023     0.000023     0.000023  flashggStageOneCombinedTag
TimeReport   0.000003     0.000003     0.000003  flashggSystTagMerger
TimeReport   0.000893     0.000897     0.000897  flashggTHQLeptonicTag
TimeReport   0.000829     0.000833     0.000833  flashggTTHHadronicTag
TimeReport   0.000078     0.000079     0.000079  flashggTTHLeptonicTag
TimeReport   0.000071     0.000071     0.000071  flashggTagSorter
TimeReport   0.000174     0.000175     0.000175  flashggUnpackedJets
TimeReport   0.000021     0.000021     0.000021  flashggVBFMVA
TimeReport   0.000226     0.000228     0.000228  flashggVHMetTag
TimeReport   0.000013     0.000013     0.000013  flashggVHhadMVA
TimeReport   0.000027     0.000027     0.000027  flashggWHLeptonicTag
TimeReport   0.000013     0.000013     0.000013  flashggZHLeptonicTag
TimeReport   0.000002     0.000002     0.000002  p
TimeReport   0.000210     0.000211     0.000211  tagsDumper
TimeReport  per event     per exec    per visit  Name

T---Report end!


=============================================

MessageLogger Summary

 type     category        sev    module        subroutine        count    total
 ---- -------------------- -- ---------------- ----------------  -----    -----
    1 XrdAdaptor           -w file_open                              1        1
    2 fileAction           -s file_close                             1        1
    3 fileAction           -s file_open                              2        2

 type    category    Examples: run/evt        run/evt          run/evt
 ---- -------------------- ---------------- ---------------- ----------------
    1 XrdAdaptor           pre-events                        
    2 fileAction           PostGlobalEndRun                  
    3 fileAction           pre-events       pre-events       

Severity    # Occurrences   Total Occurrences
--------    -------------   -----------------
Warning                 1                   1
System                  3                   3

dropped waiting message count 0
[2022-12-20 11:00:43.008078 +0100][Error  ][AsyncSock         ] [xrootd.ba.infn.it:1094 #0.0] Socket error while handshaking: [ERROR] Socket timeout
[2022-12-20 11:00:43.008146 +0100][Error  ][PostMaster        ] [xrootd.ba.infn.it:1094 #0] elapsed = 45, pConnectionWindow = 31 seconds.
