mkdir: cannot create directory '/afs/cern.ch/user/x/xisu/private/local/Analysis_workspace/VH_AC_tmp1/flashgg_d2/CMSSW_10_6_29/src/flashgg/VHAC_Analysis_Met/UL_17/UL_17_wh125': File exists
/cvmfs/cms.cern.ch/slc7_amd64_gcc700/external/py2-requests/2.21.0-pafccj2/lib/python2.7/site-packages/requests/__init__.py:91: RequestsDependencyWarning: urllib3 (1.25.2) or chardet (3.0.4) doesn't match a supported version!
  RequestsDependencyWarning)
20-Dec-2022 10:05:23 CET  Initiating request to open file root://cms-xrd-global.cern.ch//store/user/alesauva/flashgg/UL2017_4/10_6_4/WHiggs0PMToGG_M125_TuneCP5_13TeV-JHUGenV7011-pythia8/UL2017_4-10_6_4-v0-RunIISummer19UL17MiniAOD-106X_mc2017_realistic_v6-v2/200720_160815/0000/myMicroAODOutputFile_13.root
%MSG-w XrdAdaptor:  file_open 20-Dec-2022 10:05:25 CET pre-events
Data is served from GRIF-IRFU instead of original site CERN-CMSGLOBAL-01
%MSG
20-Dec-2022 10:05:27 CET  Successfully opened file root://cms-xrd-global.cern.ch//store/user/alesauva/flashgg/UL2017_4/10_6_4/WHiggs0PMToGG_M125_TuneCP5_13TeV-JHUGenV7011-pythia8/UL2017_4-10_6_4-v0-RunIISummer19UL17MiniAOD-106X_mc2017_realistic_v6-v2/200720_160815/0000/myMicroAODOutputFile_13.root
2022-12-20 10:21:17.753770: I tensorflow/core/platform/cpu_feature_guard.cc:140] Your CPU supports instructions that this TensorFlow binary was not compiled to use: SSE4.1 SSE4.2 AVX AVX2 FMA
Begin processing the 1st record. Run 1, Event 128104, LumiSection 1282 on stream 0 at 20-Dec-2022 10:22:15.164 CET
[2022-12-20 10:22:58.398504 +0100][Error  ][AsyncSock         ] [xrootd.ba.infn.it:1094 #0.0] Socket error while handshaking: [ERROR] Socket timeout
[2022-12-20 10:22:58.398741 +0100][Error  ][PostMaster        ] [xrootd.ba.infn.it:1094 #0] elapsed = 45, pConnectionWindow = 31 seconds.
[2022-12-20 10:23:43.445409 +0100][Error  ][AsyncSock         ] [xrootd.ba.infn.it:1094 #0.0] Socket error while handshaking: [ERROR] Socket timeout
[2022-12-20 10:23:43.445551 +0100][Error  ][PostMaster        ] [xrootd.ba.infn.it:1094 #0] elapsed = 45, pConnectionWindow = 31 seconds.
[2022-12-20 10:23:43.445584 +0100][Error  ][PostMaster        ] [xrootd.ba.infn.it:1094 #0] Unable to recover: [ERROR] Socket timeout.
[2022-12-20 10:23:43.445605 +0100][Error  ][XRootD            ] [xrootd.ba.infn.it:1094] Impossible to send message kXR_open (file: /store/user/alesauva/flashgg/UL2017_4/10_6_4/WHiggs0PMToGG_M125_TuneCP5_13TeV-JHUGenV7011-pythia8/UL2017_4-10_6_4-v0-RunIISummer19UL17MiniAOD-106X_mc2017_realistic_v6-v2/200720_160815/0000/myMicroAODOutputFile_13.root?tried=stor69.datagrid.cea.fr, mode: 0660, flags: kXR_open_read kXR_async kXR_retstat ). Trying to recover.
Begin processing the 1001st record. Run 1, Event 119711, LumiSection 1198 on stream 0 at 20-Dec-2022 10:26:59.202 CET
[2022-12-20 10:27:59.306431 +0100][Error  ][AsyncSock         ] [xrootd.ba.infn.it:1094 #0.0] Socket error while handshaking: [ERROR] Socket timeout
[2022-12-20 10:27:59.306599 +0100][Error  ][PostMaster        ] [xrootd.ba.infn.it:1094 #0] elapsed = 45, pConnectionWindow = 31 seconds.
[2022-12-20 10:28:44.557426 +0100][Error  ][AsyncSock         ] [xrootd.ba.infn.it:1094 #0.0] Socket error while handshaking: [ERROR] Socket timeout
[2022-12-20 10:28:44.557563 +0100][Error  ][PostMaster        ] [xrootd.ba.infn.it:1094 #0] elapsed = 45, pConnectionWindow = 31 seconds.
[2022-12-20 10:28:44.557578 +0100][Error  ][PostMaster        ] [xrootd.ba.infn.it:1094 #0] Unable to recover: [ERROR] Socket timeout.
[2022-12-20 10:28:44.557588 +0100][Error  ][XRootD            ] [xrootd.ba.infn.it:1094] Impossible to send message kXR_open (file: /store/user/alesauva/flashgg/UL2017_4/10_6_4/WHiggs0PMToGG_M125_TuneCP5_13TeV-JHUGenV7011-pythia8/UL2017_4-10_6_4-v0-RunIISummer19UL17MiniAOD-106X_mc2017_realistic_v6-v2/200720_160815/0000/myMicroAODOutputFile_13.root?tried=stor69.datagrid.cea.fr, mode: 0460, flags: kXR_open_read kXR_async kXR_retstat ). Trying to recover.
Begin processing the 2001st record. Run 1, Event 120705, LumiSection 1208 on stream 0 at 20-Dec-2022 10:29:11.825 CET
Begin processing the 3001st record. Run 1, Event 121904, LumiSection 1220 on stream 0 at 20-Dec-2022 10:31:16.183 CET
[2022-12-20 10:32:31.931432 +0100][Error  ][AsyncSock         ] [xrootd.ba.infn.it:1094 #0.0] Socket error while handshaking: [ERROR] Socket timeout
[2022-12-20 10:32:31.931600 +0100][Error  ][PostMaster        ] [xrootd.ba.infn.it:1094 #0] elapsed = 45, pConnectionWindow = 31 seconds.
[2022-12-20 10:33:16.197390 +0100][Error  ][AsyncSock         ] [xrootd.ba.infn.it:1094 #0.0] Socket error while handshaking: [ERROR] Socket timeout
[2022-12-20 10:33:16.197533 +0100][Error  ][PostMaster        ] [xrootd.ba.infn.it:1094 #0] elapsed = 45, pConnectionWindow = 31 seconds.
[2022-12-20 10:33:16.197544 +0100][Error  ][PostMaster        ] [xrootd.ba.infn.it:1094 #0] Unable to recover: [ERROR] Socket timeout.
[2022-12-20 10:33:16.197553 +0100][Error  ][XRootD            ] [xrootd.ba.infn.it:1094] Impossible to send message kXR_open (file: /store/user/alesauva/flashgg/UL2017_4/10_6_4/WHiggs0PMToGG_M125_TuneCP5_13TeV-JHUGenV7011-pythia8/UL2017_4-10_6_4-v0-RunIISummer19UL17MiniAOD-106X_mc2017_realistic_v6-v2/200720_160815/0000/myMicroAODOutputFile_13.root?tried=stor69.datagrid.cea.fr, mode: 0660, flags: kXR_open_read kXR_async kXR_retstat ). Trying to recover.
Begin processing the 4001st record. Run 1, Event 328102, LumiSection 3282 on stream 0 at 20-Dec-2022 10:33:17.490 CET
Begin processing the 5001st record. Run 1, Event 125701, LumiSection 1258 on stream 0 at 20-Dec-2022 10:35:24.243 CET
Begin processing the 6001st record. Run 1, Event 127002, LumiSection 1271 on stream 0 at 20-Dec-2022 10:37:31.602 CET
Begin processing the 7001st record. Run 1, Event 343604, LumiSection 3437 on stream 0 at 20-Dec-2022 10:39:35.341 CET
[2022-12-20 10:41:33.471693 +0100][Error  ][AsyncSock         ] [xrootd.ba.infn.it:1094 #0.0] Socket error while handshaking: [ERROR] Socket timeout
[2022-12-20 10:41:33.471827 +0100][Error  ][PostMaster        ] [xrootd.ba.infn.it:1094 #0] elapsed = 45, pConnectionWindow = 31 seconds.
Begin processing the 8001st record. Run 1, Event 705508, LumiSection 7056 on stream 0 at 20-Dec-2022 10:41:44.457 CET
[2022-12-20 10:42:18.758433 +0100][Error  ][AsyncSock         ] [xrootd.ba.infn.it:1094 #0.0] Socket error while handshaking: [ERROR] Socket timeout
[2022-12-20 10:42:18.758589 +0100][Error  ][PostMaster        ] [xrootd.ba.infn.it:1094 #0] elapsed = 45, pConnectionWindow = 31 seconds.
[2022-12-20 10:42:18.758601 +0100][Error  ][PostMaster        ] [xrootd.ba.infn.it:1094 #0] Unable to recover: [ERROR] Socket timeout.
[2022-12-20 10:42:18.758609 +0100][Error  ][XRootD            ] [xrootd.ba.infn.it:1094] Impossible to send message kXR_open (file: /store/user/alesauva/flashgg/UL2017_4/10_6_4/WHiggs0PMToGG_M125_TuneCP5_13TeV-JHUGenV7011-pythia8/UL2017_4-10_6_4-v0-RunIISummer19UL17MiniAOD-106X_mc2017_realistic_v6-v2/200720_160815/0000/myMicroAODOutputFile_13.root?tried=stor69.datagrid.cea.fr, mode: 0660, flags: kXR_open_read kXR_async kXR_retstat ). Trying to recover.
Begin processing the 9001st record. Run 1, Event 706515, LumiSection 7066 on stream 0 at 20-Dec-2022 10:43:49.866 CET
Begin processing the 10001st record. Run 1, Event 329906, LumiSection 3300 on stream 0 at 20-Dec-2022 10:45:58.017 CET
[2022-12-20 10:46:03.399679 +0100][Error  ][AsyncSock         ] [xrootd.ba.infn.it:1094 #0.0] Socket error while handshaking: [ERROR] Socket timeout
[2022-12-20 10:46:03.399824 +0100][Error  ][PostMaster        ] [xrootd.ba.infn.it:1094 #0] elapsed = 45, pConnectionWindow = 31 seconds.
[2022-12-20 10:46:48.656433 +0100][Error  ][AsyncSock         ] [xrootd.ba.infn.it:1094 #0.0] Socket error while handshaking: [ERROR] Socket timeout
[2022-12-20 10:46:48.656583 +0100][Error  ][PostMaster        ] [xrootd.ba.infn.it:1094 #0] elapsed = 45, pConnectionWindow = 31 seconds.
[2022-12-20 10:46:48.656594 +0100][Error  ][PostMaster        ] [xrootd.ba.infn.it:1094 #0] Unable to recover: [ERROR] Socket timeout.
[2022-12-20 10:46:48.656607 +0100][Error  ][XRootD            ] [xrootd.ba.infn.it:1094] Impossible to send message kXR_open (file: /store/user/alesauva/flashgg/UL2017_4/10_6_4/WHiggs0PMToGG_M125_TuneCP5_13TeV-JHUGenV7011-pythia8/UL2017_4-10_6_4-v0-RunIISummer19UL17MiniAOD-106X_mc2017_realistic_v6-v2/200720_160815/0000/myMicroAODOutputFile_13.root?tried=stor69.datagrid.cea.fr, mode: 0660, flags: kXR_open_read kXR_async kXR_retstat ). Trying to recover.
Begin processing the 11001st record. Run 1, Event 330904, LumiSection 3310 on stream 0 at 20-Dec-2022 10:48:06.887 CET
Begin processing the 12001st record. Run 1, Event 519309, LumiSection 5194 on stream 0 at 20-Dec-2022 10:50:19.940 CET
[2022-12-20 10:50:39.287454 +0100][Error  ][AsyncSock         ] [xrootd.ba.infn.it:1094 #0.0] Socket error while handshaking: [ERROR] Socket timeout
[2022-12-20 10:50:39.287640 +0100][Error  ][PostMaster        ] [xrootd.ba.infn.it:1094 #0] elapsed = 45, pConnectionWindow = 31 seconds.
[2022-12-20 10:51:24.548423 +0100][Error  ][AsyncSock         ] [xrootd.ba.infn.it:1094 #0.0] Socket error while handshaking: [ERROR] Socket timeout
[2022-12-20 10:51:24.548582 +0100][Error  ][PostMaster        ] [xrootd.ba.infn.it:1094 #0] elapsed = 45, pConnectionWindow = 31 seconds.
[2022-12-20 10:51:24.548595 +0100][Error  ][PostMaster        ] [xrootd.ba.infn.it:1094 #0] Unable to recover: [ERROR] Socket timeout.
[2022-12-20 10:51:24.548605 +0100][Error  ][XRootD            ] [xrootd.ba.infn.it:1094] Impossible to send message kXR_open (file: /store/user/alesauva/flashgg/UL2017_4/10_6_4/WHiggs0PMToGG_M125_TuneCP5_13TeV-JHUGenV7011-pythia8/UL2017_4-10_6_4-v0-RunIISummer19UL17MiniAOD-106X_mc2017_realistic_v6-v2/200720_160815/0000/myMicroAODOutputFile_13.root?tried=stor69.datagrid.cea.fr, mode: 0660, flags: kXR_open_read kXR_async kXR_retstat ). Trying to recover.
Begin processing the 13001st record. Run 1, Event 520307, LumiSection 5204 on stream 0 at 20-Dec-2022 10:52:34.508 CET
Begin processing the 14001st record. Run 1, Event 521314, LumiSection 5214 on stream 0 at 20-Dec-2022 10:54:30.655 CET
[2022-12-20 10:55:15.220125 +0100][Error  ][AsyncSock         ] [xrootd.ba.infn.it:1094 #0.0] Socket error while handshaking: [ERROR] Socket timeout
[2022-12-20 10:55:15.220273 +0100][Error  ][PostMaster        ] [xrootd.ba.infn.it:1094 #0] elapsed = 45, pConnectionWindow = 31 seconds.
[2022-12-20 10:56:00.477487 +0100][Error  ][AsyncSock         ] [xrootd.ba.infn.it:1094 #0.0] Socket error while handshaking: [ERROR] Socket timeout
[2022-12-20 10:56:00.477653 +0100][Error  ][PostMaster        ] [xrootd.ba.infn.it:1094 #0] elapsed = 45, pConnectionWindow = 31 seconds.
[2022-12-20 10:56:00.477665 +0100][Error  ][PostMaster        ] [xrootd.ba.infn.it:1094 #0] Unable to recover: [ERROR] Socket timeout.
[2022-12-20 10:56:00.477675 +0100][Error  ][XRootD            ] [xrootd.ba.infn.it:1094] Impossible to send message kXR_open (file: /store/user/alesauva/flashgg/UL2017_4/10_6_4/WHiggs0PMToGG_M125_TuneCP5_13TeV-JHUGenV7011-pythia8/UL2017_4-10_6_4-v0-RunIISummer19UL17MiniAOD-106X_mc2017_realistic_v6-v2/200720_160815/0000/myMicroAODOutputFile_13.root?tried=stor69.datagrid.cea.fr, mode: 0660, flags: kXR_open_read kXR_async kXR_retstat ). Trying to recover.
Begin processing the 15001st record. Run 1, Event 713101, LumiSection 7132 on stream 0 at 20-Dec-2022 10:56:45.949 CET
Begin processing the 16001st record. Run 1, Event 714110, LumiSection 7142 on stream 0 at 20-Dec-2022 10:58:56.175 CET
[2022-12-20 11:00:00.562440 +0100][Error  ][AsyncSock         ] [xrootd.ba.infn.it:1094 #0.0] Socket error while handshaking: [ERROR] Socket timeout
[2022-12-20 11:00:00.562590 +0100][Error  ][PostMaster        ] [xrootd.ba.infn.it:1094 #0] elapsed = 45, pConnectionWindow = 31 seconds.
[2022-12-20 11:00:45.819495 +0100][Error  ][AsyncSock         ] [xrootd.ba.infn.it:1094 #0.0] Socket error while handshaking: [ERROR] Socket timeout
[2022-12-20 11:00:45.819672 +0100][Error  ][PostMaster        ] [xrootd.ba.infn.it:1094 #0] elapsed = 45, pConnectionWindow = 31 seconds.
[2022-12-20 11:00:45.819687 +0100][Error  ][PostMaster        ] [xrootd.ba.infn.it:1094 #0] Unable to recover: [ERROR] Socket timeout.
[2022-12-20 11:00:45.819697 +0100][Error  ][XRootD            ] [xrootd.ba.infn.it:1094] Impossible to send message kXR_open (file: /store/user/alesauva/flashgg/UL2017_4/10_6_4/WHiggs0PMToGG_M125_TuneCP5_13TeV-JHUGenV7011-pythia8/UL2017_4-10_6_4-v0-RunIISummer19UL17MiniAOD-106X_mc2017_realistic_v6-v2/200720_160815/0000/myMicroAODOutputFile_13.root?tried=stor69.datagrid.cea.fr, mode: 0660, flags: kXR_open_read kXR_async kXR_retstat ). Trying to recover.
Begin processing the 17001st record. Run 1, Event 738811, LumiSection 7389 on stream 0 at 20-Dec-2022 11:01:08.026 CET
Begin processing the 18001st record. Run 1, Event 720007, LumiSection 7201 on stream 0 at 20-Dec-2022 11:03:21.733 CET
[2022-12-20 11:04:47.417447 +0100][Error  ][AsyncSock         ] [xrootd.ba.infn.it:1094 #0.0] Socket error while handshaking: [ERROR] Socket timeout
[2022-12-20 11:04:47.417621 +0100][Error  ][PostMaster        ] [xrootd.ba.infn.it:1094 #0] elapsed = 45, pConnectionWindow = 31 seconds.
[2022-12-20 11:05:32.689634 +0100][Error  ][AsyncSock         ] [xrootd.ba.infn.it:1094 #0.0] Socket error while handshaking: [ERROR] Socket timeout
[2022-12-20 11:05:32.689783 +0100][Error  ][PostMaster        ] [xrootd.ba.infn.it:1094 #0] elapsed = 45, pConnectionWindow = 31 seconds.
[2022-12-20 11:05:32.689795 +0100][Error  ][PostMaster        ] [xrootd.ba.infn.it:1094 #0] Unable to recover: [ERROR] Socket timeout.
[2022-12-20 11:05:32.689805 +0100][Error  ][XRootD            ] [xrootd.ba.infn.it:1094] Impossible to send message kXR_open (file: /store/user/alesauva/flashgg/UL2017_4/10_6_4/WHiggs0PMToGG_M125_TuneCP5_13TeV-JHUGenV7011-pythia8/UL2017_4-10_6_4-v0-RunIISummer19UL17MiniAOD-106X_mc2017_realistic_v6-v2/200720_160815/0000/myMicroAODOutputFile_13.root?tried=stor69.datagrid.cea.fr, mode: 0660, flags: kXR_open_read kXR_async kXR_retstat ). Trying to recover.
Begin processing the 19001st record. Run 1, Event 721008, LumiSection 7211 on stream 0 at 20-Dec-2022 11:05:35.750 CET
Begin processing the 20001st record. Run 1, Event 722010, LumiSection 7221 on stream 0 at 20-Dec-2022 11:07:37.235 CET
[2022-12-20 11:09:19.029524 +0100][Error  ][AsyncSock         ] [xrootd.ba.infn.it:1094 #0.0] Socket error while handshaking: [ERROR] Socket timeout
[2022-12-20 11:09:19.029701 +0100][Error  ][PostMaster        ] [xrootd.ba.infn.it:1094 #0] elapsed = 45, pConnectionWindow = 31 seconds.
Begin processing the 21001st record. Run 1, Event 736503, LumiSection 7366 on stream 0 at 20-Dec-2022 11:09:46.694 CET
[2022-12-20 11:10:04.298436 +0100][Error  ][AsyncSock         ] [xrootd.ba.infn.it:1094 #0.0] Socket error while handshaking: [ERROR] Socket timeout
[2022-12-20 11:10:04.298598 +0100][Error  ][PostMaster        ] [xrootd.ba.infn.it:1094 #0] elapsed = 45, pConnectionWindow = 31 seconds.
[2022-12-20 11:10:04.298608 +0100][Error  ][PostMaster        ] [xrootd.ba.infn.it:1094 #0] Unable to recover: [ERROR] Socket timeout.
[2022-12-20 11:10:04.298618 +0100][Error  ][XRootD            ] [xrootd.ba.infn.it:1094] Impossible to send message kXR_open (file: /store/user/alesauva/flashgg/UL2017_4/10_6_4/WHiggs0PMToGG_M125_TuneCP5_13TeV-JHUGenV7011-pythia8/UL2017_4-10_6_4-v0-RunIISummer19UL17MiniAOD-106X_mc2017_realistic_v6-v2/200720_160815/0000/myMicroAODOutputFile_13.root?tried=stor69.datagrid.cea.fr, mode: 0660, flags: kXR_open_read kXR_async kXR_retstat ). Trying to recover.
Begin processing the 22001st record. Run 1, Event 738003, LumiSection 7381 on stream 0 at 20-Dec-2022 11:11:44.807 CET
[2022-12-20 11:13:52.200458 +0100][Error  ][AsyncSock         ] [xrootd.ba.infn.it:1094 #0.0] Socket error while handshaking: [ERROR] Socket timeout
[2022-12-20 11:13:52.200603 +0100][Error  ][PostMaster        ] [xrootd.ba.infn.it:1094 #0] elapsed = 46, pConnectionWindow = 31 seconds.
Begin processing the 23001st record. Run 1, Event 745910, LumiSection 7460 on stream 0 at 20-Dec-2022 11:13:56.198 CET
[2022-12-20 11:14:37.461211 +0100][Error  ][AsyncSock         ] [xrootd.ba.infn.it:1094 #0.0] Socket error while handshaking: [ERROR] Socket timeout
[2022-12-20 11:14:37.461394 +0100][Error  ][PostMaster        ] [xrootd.ba.infn.it:1094 #0] elapsed = 45, pConnectionWindow = 31 seconds.
[2022-12-20 11:14:37.461425 +0100][Error  ][PostMaster        ] [xrootd.ba.infn.it:1094 #0] Unable to recover: [ERROR] Socket timeout.
[2022-12-20 11:14:37.461436 +0100][Error  ][XRootD            ] [xrootd.ba.infn.it:1094] Impossible to send message kXR_open (file: /store/user/alesauva/flashgg/UL2017_4/10_6_4/WHiggs0PMToGG_M125_TuneCP5_13TeV-JHUGenV7011-pythia8/UL2017_4-10_6_4-v0-RunIISummer19UL17MiniAOD-106X_mc2017_realistic_v6-v2/200720_160815/0000/myMicroAODOutputFile_13.root?tried=stor69.datagrid.cea.fr, mode: 0660, flags: kXR_open_read kXR_async kXR_retstat ). Trying to recover.
Begin processing the 24001st record. Run 1, Event 746905, LumiSection 7470 on stream 0 at 20-Dec-2022 11:15:59.816 CET
20-Dec-2022 11:18:08 CET  Closed file root://cms-xrd-global.cern.ch//store/user/alesauva/flashgg/UL2017_4/10_6_4/WHiggs0PMToGG_M125_TuneCP5_13TeV-JHUGenV7011-pythia8/UL2017_4-10_6_4-v0-RunIISummer19UL17MiniAOD-106X_mc2017_realistic_v6-v2/200720_160815/0000/myMicroAODOutputFile_13.root

TrigReport ---------- Event  Summary ------------
TrigReport Events total = 25000 passed = 24885 failed = 115

TrigReport ---------- Path   Summary ------------
TrigReport  Trig Bit#   Executed     Passed     Failed      Error Name
TrigReport     1    0      25000      24885        115          0 p

TrigReport -------End-Path   Summary ------------
TrigReport  Trig Bit#   Executed     Passed     Failed      Error Name

TrigReport ---------- Modules in Path: p ------------
TrigReport  Trig Bit#    Visited     Passed     Failed      Error Name
TrigReport     1    0      25000      24885        115          0 flashggMetFilters
TrigReport     1    1      24885      24885          0          0 VHFilter
TrigReport     1    2      24885      24885          0          0 flashggDifferentialPhoIdInputsCorrection
TrigReport     1    3      24885      24885          0          0 flashggDiPhotonSystematics
TrigReport     1    4      24885      24885          0          0 flashggMetSystematics
TrigReport     1    5      24885      24885          0          0 flashggMuonSystematics
TrigReport     1    6      24885      24885          0          0 flashggElectronSystematics
TrigReport     1    7      24885      24885          0          0 flashggUnpackedJets
TrigReport     1    8      24885      24885          0          0 flashggJetSystematics0
TrigReport     1    9      24885      24885          0          0 flashggJetSystematics1
TrigReport     1   10      24885      24885          0          0 flashggJetSystematics2
TrigReport     1   11      24885      24885          0          0 flashggJetSystematics3
TrigReport     1   12      24885      24885          0          0 flashggJetSystematics4
TrigReport     1   13      24885      24885          0          0 flashggJetSystematics5
TrigReport     1   14      24885      24885          0          0 flashggJetSystematics6
TrigReport     1   15      24885      24885          0          0 flashggJetSystematics7
TrigReport     1   16      24885      24885          0          0 flashggJetSystematics8
TrigReport     1   17      24885      24885          0          0 flashggJetSystematics9
TrigReport     1   18      24885      24885          0          0 flashggJetSystematics10
TrigReport     1   19      24885      24885          0          0 flashggJetSystematics11
TrigReport     1   20      24885      24885          0          0 flashggPrefireDiPhotons
TrigReport     1   21      24885      24885          0          0 flashggPreselectedDiPhotons
TrigReport     1   22      24885      24885          0          0 flashggDiPhotonMVA
TrigReport     1   23      24885      24885          0          0 flashggVBFMVA
TrigReport     1   24      24885      24885          0          0 flashggVHhadMVA
TrigReport     1   25      24885      24885          0          0 flashggGluGluHMVA
TrigReport     1   26      24885      24885          0          0 flashggStageOneCombinedTag
TrigReport     1   27      24885      24885          0          0 flashggTHQLeptonicTag
TrigReport     1   28      24885      24885          0          0 flashggVHMetTag
TrigReport     1   29      24885      24885          0          0 flashggWHLeptonicTag
TrigReport     1   30      24885      24885          0          0 flashggZHLeptonicTag
TrigReport     1   31      24885      24885          0          0 flashggTTHLeptonicTag
TrigReport     1   32      24885      24885          0          0 flashggTTHHadronicTag
TrigReport     1   33      24885      24885          0          0 flashggTagSorter
TrigReport     1   34      24885      24885          0          0 flashggSystTagMerger
TrigReport     1   35      24885      24885          0          0 tagsDumper

TrigReport ---------- Module Summary ------------
TrigReport    Visited   Executed     Passed     Failed      Error Name
TrigReport      25000      25000      25000          0          0 TriggerResults
TrigReport      24885      24885      24885          0          0 VHFilter
TrigReport      24885      24885      24885          0          0 ak4PFCHSL1FastL2L3Corrector
TrigReport      24885      24885      24885          0          0 ak4PFCHSL1FastjetCorrector
TrigReport      24885      24885      24885          0          0 ak4PFCHSL2RelativeCorrector
TrigReport      24885      24885      24885          0          0 ak4PFCHSL3AbsoluteCorrector
TrigReport      24885      24885      24885          0          0 flashggDiPhotonMVA
TrigReport      24885      24885      24885          0          0 flashggDiPhotonSystematics
TrigReport      24885      24885      24885          0          0 flashggDifferentialPhoIdInputsCorrection
TrigReport      24885      24885      24885          0          0 flashggElectronSystematics
TrigReport      24885      24885      24885          0          0 flashggGluGluHMVA
TrigReport      24885      24885      24885          0          0 flashggJetSystematics0
TrigReport      24885      24885      24885          0          0 flashggJetSystematics1
TrigReport      24885      24885      24885          0          0 flashggJetSystematics10
TrigReport      24885      24885      24885          0          0 flashggJetSystematics11
TrigReport      24885      24885      24885          0          0 flashggJetSystematics2
TrigReport      24885      24885      24885          0          0 flashggJetSystematics3
TrigReport      24885      24885      24885          0          0 flashggJetSystematics4
TrigReport      24885      24885      24885          0          0 flashggJetSystematics5
TrigReport      24885      24885      24885          0          0 flashggJetSystematics6
TrigReport      24885      24885      24885          0          0 flashggJetSystematics7
TrigReport      24885      24885      24885          0          0 flashggJetSystematics8
TrigReport      24885      24885      24885          0          0 flashggJetSystematics9
TrigReport      25000      25000      24885        115          0 flashggMetFilters
TrigReport      24885      24885      24885          0          0 flashggMetSystematics
TrigReport      24885      24885      24885          0          0 flashggMuonSystematics
TrigReport      24885      24885      24885          0          0 flashggPrefireDiPhotons
TrigReport      24885      24885      24885          0          0 flashggPreselectedDiPhotons
TrigReport      24885      24885      24885          0          0 flashggStageOneCombinedTag
TrigReport      24885      24885      24885          0          0 flashggSystTagMerger
TrigReport      24885      24885      24885          0          0 flashggTHQLeptonicTag
TrigReport      24885      24885      24885          0          0 flashggTTHHadronicTag
TrigReport      24885      24885      24885          0          0 flashggTTHLeptonicTag
TrigReport      24885      24885      24885          0          0 flashggTagSorter
TrigReport      24885      24885      24885          0          0 flashggUnpackedJets
TrigReport      24885      24885      24885          0          0 flashggVBFMVA
TrigReport      24885      24885      24885          0          0 flashggVHMetTag
TrigReport      24885      24885      24885          0          0 flashggVHhadMVA
TrigReport      24885      24885      24885          0          0 flashggWHLeptonicTag
TrigReport      24885      24885      24885          0          0 flashggZHLeptonicTag
TrigReport      25000      25000      25000          0          0 p
TrigReport      24885      24885      24885          0          0 tagsDumper

TimeReport ---------- Event  Summary ---[sec]----
TimeReport       event loop CPU/event = 0.133075
TimeReport      event loop Real/event = 0.134209
TimeReport     sum Streams Real/event = 0.130264
TimeReport efficiency CPU/Real/thread = 0.991547

TimeReport ---------- Path   Summary ---[Real sec]----
TimeReport  per event     per exec  Name
TimeReport   0.129721     0.129721  p
TimeReport  per event     per exec  Name

TimeReport -------End-Path   Summary ---[Real sec]----
TimeReport  per event     per exec  Name
TimeReport  per event     per exec  Name

TimeReport ---------- Modules in Path: p ---[Real sec]----
TimeReport  per event    per visit  Name
TimeReport   0.000018     0.000018  flashggMetFilters
TimeReport   0.000007     0.000007  VHFilter
TimeReport   0.071361     0.071691  flashggDifferentialPhoIdInputsCorrection
TimeReport   0.042549     0.042746  flashggDiPhotonSystematics
TimeReport   0.000190     0.000191  flashggMetSystematics
TimeReport   0.000028     0.000028  flashggMuonSystematics
TimeReport   0.000042     0.000042  flashggElectronSystematics
TimeReport   0.000238     0.000239  flashggUnpackedJets
TimeReport   0.004171     0.004190  flashggJetSystematics0
TimeReport   0.000603     0.000606  flashggJetSystematics1
TimeReport   0.000529     0.000531  flashggJetSystematics2
TimeReport   0.000505     0.000508  flashggJetSystematics3
TimeReport   0.000496     0.000498  flashggJetSystematics4
TimeReport   0.000491     0.000493  flashggJetSystematics5
TimeReport   0.000486     0.000488  flashggJetSystematics6
TimeReport   0.000483     0.000485  flashggJetSystematics7
TimeReport   0.000486     0.000488  flashggJetSystematics8
TimeReport   0.000482     0.000484  flashggJetSystematics9
TimeReport   0.000482     0.000485  flashggJetSystematics10
TimeReport   0.000477     0.000480  flashggJetSystematics11
TimeReport   0.000292     0.000293  flashggPrefireDiPhotons
TimeReport   0.000117     0.000118  flashggPreselectedDiPhotons
TimeReport   0.000032     0.000033  flashggDiPhotonMVA
TimeReport   0.000029     0.000029  flashggVBFMVA
TimeReport   0.000017     0.000017  flashggVHhadMVA
TimeReport   0.000050     0.000050  flashggGluGluHMVA
TimeReport   0.000034     0.000034  flashggStageOneCombinedTag
TimeReport   0.000560     0.000563  flashggTHQLeptonicTag
TimeReport   0.000307     0.000308  flashggVHMetTag
TimeReport   0.000036     0.000036  flashggWHLeptonicTag
TimeReport   0.000018     0.000018  flashggZHLeptonicTag
TimeReport   0.000100     0.000101  flashggTTHLeptonicTag
TimeReport   0.001076     0.001081  flashggTTHHadronicTag
TimeReport   0.000093     0.000093  flashggTagSorter
TimeReport   0.000004     0.000004  flashggSystTagMerger
TimeReport   0.000304     0.000306  tagsDumper
TimeReport  per event    per visit  Name

TimeReport ---------- Module Summary ---[Real sec]----
TimeReport  per event     per exec    per visit  Name
TimeReport   0.000003     0.000003     0.000003  TriggerResults
TimeReport   0.000007     0.000007     0.000007  VHFilter
TimeReport   0.000004     0.000004     0.000004  ak4PFCHSL1FastL2L3Corrector
TimeReport   0.000004     0.000004     0.000004  ak4PFCHSL1FastjetCorrector
TimeReport   0.000002     0.000002     0.000002  ak4PFCHSL2RelativeCorrector
TimeReport   0.000016     0.000016     0.000016  ak4PFCHSL3AbsoluteCorrector
TimeReport   0.000032     0.000033     0.000033  flashggDiPhotonMVA
TimeReport   0.042549     0.042746     0.042746  flashggDiPhotonSystematics
TimeReport   0.071361     0.071691     0.071691  flashggDifferentialPhoIdInputsCorrection
TimeReport   0.000042     0.000042     0.000042  flashggElectronSystematics
TimeReport   0.000050     0.000050     0.000050  flashggGluGluHMVA
TimeReport   0.004171     0.004190     0.004190  flashggJetSystematics0
TimeReport   0.000603     0.000606     0.000606  flashggJetSystematics1
TimeReport   0.000482     0.000485     0.000485  flashggJetSystematics10
TimeReport   0.000477     0.000480     0.000480  flashggJetSystematics11
TimeReport   0.000529     0.000531     0.000531  flashggJetSystematics2
TimeReport   0.000505     0.000508     0.000508  flashggJetSystematics3
TimeReport   0.000496     0.000498     0.000498  flashggJetSystematics4
TimeReport   0.000491     0.000493     0.000493  flashggJetSystematics5
TimeReport   0.000486     0.000488     0.000488  flashggJetSystematics6
TimeReport   0.000483     0.000485     0.000485  flashggJetSystematics7
TimeReport   0.000486     0.000488     0.000488  flashggJetSystematics8
TimeReport   0.000482     0.000484     0.000484  flashggJetSystematics9
TimeReport   0.000018     0.000018     0.000018  flashggMetFilters
TimeReport   0.000190     0.000191     0.000191  flashggMetSystematics
TimeReport   0.000028     0.000028     0.000028  flashggMuonSystematics
TimeReport   0.000292     0.000293     0.000293  flashggPrefireDiPhotons
TimeReport   0.000117     0.000118     0.000118  flashggPreselectedDiPhotons
TimeReport   0.000034     0.000034     0.000034  flashggStageOneCombinedTag
TimeReport   0.000004     0.000004     0.000004  flashggSystTagMerger
TimeReport   0.000560     0.000563     0.000563  flashggTHQLeptonicTag
TimeReport   0.001076     0.001081     0.001081  flashggTTHHadronicTag
TimeReport   0.000100     0.000101     0.000101  flashggTTHLeptonicTag
TimeReport   0.000093     0.000093     0.000093  flashggTagSorter
TimeReport   0.000238     0.000239     0.000239  flashggUnpackedJets
TimeReport   0.000029     0.000029     0.000029  flashggVBFMVA
TimeReport   0.000307     0.000308     0.000308  flashggVHMetTag
TimeReport   0.000017     0.000017     0.000017  flashggVHhadMVA
TimeReport   0.000036     0.000036     0.000036  flashggWHLeptonicTag
TimeReport   0.000018     0.000018     0.000018  flashggZHLeptonicTag
TimeReport   0.000003     0.000003     0.000003  p
TimeReport   0.000304     0.000306     0.000306  tagsDumper
TimeReport  per event     per exec    per visit  Name

T---Report end!


=============================================

MessageLogger Summary

 type     category        sev    module        subroutine        count    total
 ---- -------------------- -- ---------------- ----------------  -----    -----
    1 XrdAdaptor           -w file_open                              1        1
    2 fileAction           -s file_close                             1        1
    3 fileAction           -s file_open                              2        2

 type    category    Examples: run/evt        run/evt          run/evt
 ---- -------------------- ---------------- ---------------- ----------------
    1 XrdAdaptor           pre-events                        
    2 fileAction           PostGlobalEndRun                  
    3 fileAction           pre-events       pre-events       

Severity    # Occurrences   Total Occurrences
--------    -------------   -----------------
Warning                 1                   1
System                  3                   3

dropped waiting message count 0
