mkdir: cannot create directory '/afs/cern.ch/user/x/xisu/private/local/Analysis_workspace/VH_AC_tmp1/flashgg_d2/CMSSW_10_6_29/src/flashgg/VHAC_Analysis_Met/UL_17/UL_17_wh125': File exists
/cvmfs/cms.cern.ch/slc7_amd64_gcc700/external/py2-requests/2.21.0-pafccj2/lib/python2.7/site-packages/requests/__init__.py:91: RequestsDependencyWarning: urllib3 (1.25.2) or chardet (3.0.4) doesn't match a supported version!
  RequestsDependencyWarning)
20-Dec-2022 10:04:39 CET  Initiating request to open file root://cms-xrd-global.cern.ch//store/user/alesauva/flashgg/UL2017_3/10_6_4/VHToGG_M125_TuneCP5_13TeV-amcatnloFXFX-madspin-pythia8/UL2017_3-10_6_4-v0-RunIISummer19UL17MiniAOD-106X_mc2017_realistic_v6-v1/200718_083214/0000/myMicroAODOutputFile_18.root
%MSG-w XrdAdaptor:  file_open 20-Dec-2022 10:04:41 CET pre-events
Data is served from GRIF-IRFU instead of original site CERN-CMSGLOBAL-01
%MSG
20-Dec-2022 10:04:47 CET  Successfully opened file root://cms-xrd-global.cern.ch//store/user/alesauva/flashgg/UL2017_3/10_6_4/VHToGG_M125_TuneCP5_13TeV-amcatnloFXFX-madspin-pythia8/UL2017_3-10_6_4-v0-RunIISummer19UL17MiniAOD-106X_mc2017_realistic_v6-v1/200718_083214/0000/myMicroAODOutputFile_18.root
[2022-12-20 10:05:32.455108 +0100][Error  ][AsyncSock         ] [xrootd.ba.infn.it:1094 #0.0] Socket error while handshaking: [ERROR] Socket timeout
[2022-12-20 10:05:32.455335 +0100][Error  ][PostMaster        ] [xrootd.ba.infn.it:1094 #0] elapsed = 45, pConnectionWindow = 31 seconds.
[2022-12-20 10:06:17.676464 +0100][Error  ][AsyncSock         ] [xrootd.ba.infn.it:1094 #0.0] Socket error while handshaking: [ERROR] Socket timeout
[2022-12-20 10:06:17.676654 +0100][Error  ][PostMaster        ] [xrootd.ba.infn.it:1094 #0] elapsed = 45, pConnectionWindow = 31 seconds.
[2022-12-20 10:06:17.676677 +0100][Error  ][PostMaster        ] [xrootd.ba.infn.it:1094 #0] Unable to recover: [ERROR] Socket timeout.
[2022-12-20 10:06:17.676693 +0100][Error  ][XRootD            ] [xrootd.ba.infn.it:1094] Impossible to send message kXR_open (file: /store/user/alesauva/flashgg/UL2017_3/10_6_4/VHToGG_M125_TuneCP5_13TeV-amcatnloFXFX-madspin-pythia8/UL2017_3-10_6_4-v0-RunIISummer19UL17MiniAOD-106X_mc2017_realistic_v6-v1/200718_083214/0000/myMicroAODOutputFile_18.root?tried=+1213xrootd-cms-redir-int.cr.cnaf.infn.it,+1413xrootd-redic.pi.infn.it,+1213llrxrd-redir.in2p3.fr,+1413xrootd-cms-redir-int.cr.cnaf.infn.it,stor93.datagrid.cea.fr,node12.datagrid.cea.fr,llrxrd-redir.in2p3.fr,xrootd-cms.infn.it,xrootd-redic.pi.infn.it&triedrc=enoent,enoent, mode: 0660, flags: kXR_open_read kXR_async kXR_retstat ). Trying to recover.
2022-12-20 10:16:30.041552: I tensorflow/core/platform/cpu_feature_guard.cc:140] Your CPU supports instructions that this TensorFlow binary was not compiled to use: SSE4.1 SSE4.2 AVX AVX2 FMA
Begin processing the 1st record. Run 1, Event 1335713, LumiSection 4948 on stream 0 at 20-Dec-2022 10:17:15.443 CET
[2022-12-20 10:17:58.643519 +0100][Error  ][AsyncSock         ] [xrootd.ba.infn.it:1094 #0.0] Socket error while handshaking: [ERROR] Socket timeout
[2022-12-20 10:17:58.643706 +0100][Error  ][PostMaster        ] [xrootd.ba.infn.it:1094 #0] elapsed = 45, pConnectionWindow = 31 seconds.
[2022-12-20 10:18:43.882497 +0100][Error  ][AsyncSock         ] [xrootd.ba.infn.it:1094 #0.0] Socket error while handshaking: [ERROR] Socket timeout
[2022-12-20 10:18:43.882671 +0100][Error  ][PostMaster        ] [xrootd.ba.infn.it:1094 #0] elapsed = 45, pConnectionWindow = 31 seconds.
[2022-12-20 10:18:43.882684 +0100][Error  ][PostMaster        ] [xrootd.ba.infn.it:1094 #0] Unable to recover: [ERROR] Socket timeout.
[2022-12-20 10:18:43.882714 +0100][Error  ][XRootD            ] [xrootd.ba.infn.it:1094] Impossible to send message kXR_open (file: /store/user/alesauva/flashgg/UL2017_3/10_6_4/VHToGG_M125_TuneCP5_13TeV-amcatnloFXFX-madspin-pythia8/UL2017_3-10_6_4-v0-RunIISummer19UL17MiniAOD-106X_mc2017_realistic_v6-v1/200718_083214/0000/myMicroAODOutputFile_18.root?tried=stor93.datagrid.cea.fr, mode: 0660, flags: kXR_open_read kXR_async kXR_retstat ). Trying to recover.
Begin processing the 1001st record. Run 1, Event 1242581, LumiSection 4603 on stream 0 at 20-Dec-2022 10:21:16.912 CET
Begin processing the 2001st record. Run 1, Event 799485, LumiSection 2962 on stream 0 at 20-Dec-2022 10:22:48.561 CET
[2022-12-20 10:23:31.291233 +0100][Error  ][AsyncSock         ] [xrootd.ba.infn.it:1094 #0.0] Socket error while handshaking: [ERROR] Socket timeout
[2022-12-20 10:23:31.291418 +0100][Error  ][PostMaster        ] [xrootd.ba.infn.it:1094 #0] elapsed = 45, pConnectionWindow = 31 seconds.
[2022-12-20 10:24:16.541466 +0100][Error  ][AsyncSock         ] [xrootd.ba.infn.it:1094 #0.0] Socket error while handshaking: [ERROR] Socket timeout
[2022-12-20 10:24:16.541590 +0100][Error  ][PostMaster        ] [xrootd.ba.infn.it:1094 #0] elapsed = 45, pConnectionWindow = 31 seconds.
[2022-12-20 10:24:16.541616 +0100][Error  ][PostMaster        ] [xrootd.ba.infn.it:1094 #0] Unable to recover: [ERROR] Socket timeout.
[2022-12-20 10:24:16.541626 +0100][Error  ][XRootD            ] [xrootd.ba.infn.it:1094] Impossible to send message kXR_open (file: /store/user/alesauva/flashgg/UL2017_3/10_6_4/VHToGG_M125_TuneCP5_13TeV-amcatnloFXFX-madspin-pythia8/UL2017_3-10_6_4-v0-RunIISummer19UL17MiniAOD-106X_mc2017_realistic_v6-v1/200718_083214/0000/myMicroAODOutputFile_18.root?tried=stor93.datagrid.cea.fr, mode: 0660, flags: kXR_open_read kXR_async kXR_retstat ). Trying to recover.
Begin processing the 3001st record. Run 1, Event 802284, LumiSection 2972 on stream 0 at 20-Dec-2022 10:24:29.346 CET
Begin processing the 4001st record. Run 1, Event 805126, LumiSection 2982 on stream 0 at 20-Dec-2022 10:25:57.696 CET
Begin processing the 5001st record. Run 1, Event 1315686, LumiSection 4873 on stream 0 at 20-Dec-2022 10:27:33.268 CET
[2022-12-20 10:28:09.202472 +0100][Error  ][AsyncSock         ] [xrootd.ba.infn.it:1094 #0.0] Socket error while handshaking: [ERROR] Socket timeout
[2022-12-20 10:28:09.202588 +0100][Error  ][PostMaster        ] [xrootd.ba.infn.it:1094 #0] elapsed = 45, pConnectionWindow = 31 seconds.
[2022-12-20 10:28:54.425377 +0100][Error  ][AsyncSock         ] [xrootd.ba.infn.it:1094 #0.0] Socket error while handshaking: [ERROR] Socket timeout
[2022-12-20 10:28:54.425529 +0100][Error  ][PostMaster        ] [xrootd.ba.infn.it:1094 #0] elapsed = 45, pConnectionWindow = 31 seconds.
[2022-12-20 10:28:54.425539 +0100][Error  ][PostMaster        ] [xrootd.ba.infn.it:1094 #0] Unable to recover: [ERROR] Socket timeout.
[2022-12-20 10:28:54.425547 +0100][Error  ][XRootD            ] [xrootd.ba.infn.it:1094] Impossible to send message kXR_open (file: /store/user/alesauva/flashgg/UL2017_3/10_6_4/VHToGG_M125_TuneCP5_13TeV-amcatnloFXFX-madspin-pythia8/UL2017_3-10_6_4-v0-RunIISummer19UL17MiniAOD-106X_mc2017_realistic_v6-v1/200718_083214/0000/myMicroAODOutputFile_18.root?tried=stor93.datagrid.cea.fr, mode: 0660, flags: kXR_open_read kXR_async kXR_retstat ). Trying to recover.
Begin processing the 6001st record. Run 1, Event 688223, LumiSection 2549 on stream 0 at 20-Dec-2022 10:29:03.570 CET
Begin processing the 7001st record. Run 1, Event 729972, LumiSection 2704 on stream 0 at 20-Dec-2022 10:30:36.041 CET
Begin processing the 8001st record. Run 1, Event 736082, LumiSection 2727 on stream 0 at 20-Dec-2022 10:32:09.693 CET
[2022-12-20 10:32:44.137469 +0100][Error  ][AsyncSock         ] [xrootd.ba.infn.it:1094 #0.0] Socket error while handshaking: [ERROR] Socket timeout
[2022-12-20 10:32:44.137655 +0100][Error  ][PostMaster        ] [xrootd.ba.infn.it:1094 #0] elapsed = 46, pConnectionWindow = 31 seconds.
[2022-12-20 10:33:29.279647 +0100][Error  ][AsyncSock         ] [xrootd.ba.infn.it:1094 #0.0] Socket error while handshaking: [ERROR] Socket timeout
[2022-12-20 10:33:29.279757 +0100][Error  ][PostMaster        ] [xrootd.ba.infn.it:1094 #0] elapsed = 45, pConnectionWindow = 31 seconds.
[2022-12-20 10:33:29.279770 +0100][Error  ][PostMaster        ] [xrootd.ba.infn.it:1094 #0] Unable to recover: [ERROR] Socket timeout.
[2022-12-20 10:33:29.279778 +0100][Error  ][XRootD            ] [xrootd.ba.infn.it:1094] Impossible to send message kXR_open (file: /store/user/alesauva/flashgg/UL2017_3/10_6_4/VHToGG_M125_TuneCP5_13TeV-amcatnloFXFX-madspin-pythia8/UL2017_3-10_6_4-v0-RunIISummer19UL17MiniAOD-106X_mc2017_realistic_v6-v1/200718_083214/0000/myMicroAODOutputFile_18.root?tried=stor93.datagrid.cea.fr, mode: 0660, flags: kXR_open_read kXR_async kXR_retstat ). Trying to recover.
Begin processing the 9001st record. Run 1, Event 1260280, LumiSection 4668 on stream 0 at 20-Dec-2022 10:33:45.308 CET
Begin processing the 10001st record. Run 1, Event 1265635, LumiSection 4688 on stream 0 at 20-Dec-2022 10:35:19.312 CET
Begin processing the 11001st record. Run 1, Event 1341733, LumiSection 4970 on stream 0 at 20-Dec-2022 10:36:55.434 CET
[2022-12-20 10:37:25.998461 +0100][Error  ][AsyncSock         ] [xrootd.ba.infn.it:1094 #0.0] Socket error while handshaking: [ERROR] Socket timeout
[2022-12-20 10:37:25.998651 +0100][Error  ][PostMaster        ] [xrootd.ba.infn.it:1094 #0] elapsed = 45, pConnectionWindow = 31 seconds.
[2022-12-20 10:38:11.147374 +0100][Error  ][AsyncSock         ] [xrootd.ba.infn.it:1094 #0.0] Socket error while handshaking: [ERROR] Socket timeout
[2022-12-20 10:38:11.147466 +0100][Error  ][PostMaster        ] [xrootd.ba.infn.it:1094 #0] elapsed = 46, pConnectionWindow = 31 seconds.
[2022-12-20 10:38:11.147475 +0100][Error  ][PostMaster        ] [xrootd.ba.infn.it:1094 #0] Unable to recover: [ERROR] Socket timeout.
[2022-12-20 10:38:11.147481 +0100][Error  ][XRootD            ] [xrootd.ba.infn.it:1094] Impossible to send message kXR_open (file: /store/user/alesauva/flashgg/UL2017_3/10_6_4/VHToGG_M125_TuneCP5_13TeV-amcatnloFXFX-madspin-pythia8/UL2017_3-10_6_4-v0-RunIISummer19UL17MiniAOD-106X_mc2017_realistic_v6-v1/200718_083214/0000/myMicroAODOutputFile_18.root?tried=stor93.datagrid.cea.fr, mode: 0660, flags: kXR_open_read kXR_async kXR_retstat ). Trying to recover.
Begin processing the 12001st record. Run 1, Event 808538, LumiSection 2995 on stream 0 at 20-Dec-2022 10:38:29.758 CET
Begin processing the 13001st record. Run 1, Event 821981, LumiSection 3045 on stream 0 at 20-Dec-2022 10:40:04.973 CET
Begin processing the 14001st record. Run 1, Event 785240, LumiSection 2909 on stream 0 at 20-Dec-2022 10:41:37.227 CET
[2022-12-20 10:42:01.041971 +0100][Error  ][AsyncSock         ] [xrootd.ba.infn.it:1094 #0.0] Socket error while handshaking: [ERROR] Socket timeout
[2022-12-20 10:42:01.042165 +0100][Error  ][PostMaster        ] [xrootd.ba.infn.it:1094 #0] elapsed = 45, pConnectionWindow = 31 seconds.
[2022-12-20 10:42:46.255563 +0100][Error  ][AsyncSock         ] [xrootd.ba.infn.it:1094 #0.0] Socket error while handshaking: [ERROR] Socket timeout
[2022-12-20 10:42:46.255742 +0100][Error  ][PostMaster        ] [xrootd.ba.infn.it:1094 #0] elapsed = 45, pConnectionWindow = 31 seconds.
[2022-12-20 10:42:46.255754 +0100][Error  ][PostMaster        ] [xrootd.ba.infn.it:1094 #0] Unable to recover: [ERROR] Socket timeout.
[2022-12-20 10:42:46.255767 +0100][Error  ][XRootD            ] [xrootd.ba.infn.it:1094] Impossible to send message kXR_open (file: /store/user/alesauva/flashgg/UL2017_3/10_6_4/VHToGG_M125_TuneCP5_13TeV-amcatnloFXFX-madspin-pythia8/UL2017_3-10_6_4-v0-RunIISummer19UL17MiniAOD-106X_mc2017_realistic_v6-v1/200718_083214/0000/myMicroAODOutputFile_18.root?tried=stor93.datagrid.cea.fr, mode: 0660, flags: kXR_open_read kXR_async kXR_retstat ). Trying to recover.
Begin processing the 15001st record. Run 1, Event 1334556, LumiSection 4943 on stream 0 at 20-Dec-2022 10:43:14.803 CET
Begin processing the 16001st record. Run 1, Event 685287, LumiSection 2539 on stream 0 at 20-Dec-2022 10:44:45.707 CET
Begin processing the 17001st record. Run 1, Event 840577, LumiSection 3114 on stream 0 at 20-Dec-2022 10:46:22.510 CET
[2022-12-20 10:46:41.190458 +0100][Error  ][AsyncSock         ] [xrootd.ba.infn.it:1094 #0.0] Socket error while handshaking: [ERROR] Socket timeout
[2022-12-20 10:46:41.190623 +0100][Error  ][PostMaster        ] [xrootd.ba.infn.it:1094 #0] elapsed = 45, pConnectionWindow = 31 seconds.
[2022-12-20 10:47:26.437463 +0100][Error  ][AsyncSock         ] [xrootd.ba.infn.it:1094 #0.0] Socket error while handshaking: [ERROR] Socket timeout
[2022-12-20 10:47:26.437613 +0100][Error  ][PostMaster        ] [xrootd.ba.infn.it:1094 #0] elapsed = 45, pConnectionWindow = 31 seconds.
[2022-12-20 10:47:26.437626 +0100][Error  ][PostMaster        ] [xrootd.ba.infn.it:1094 #0] Unable to recover: [ERROR] Socket timeout.
[2022-12-20 10:47:26.437637 +0100][Error  ][XRootD            ] [xrootd.ba.infn.it:1094] Impossible to send message kXR_open (file: /store/user/alesauva/flashgg/UL2017_3/10_6_4/VHToGG_M125_TuneCP5_13TeV-amcatnloFXFX-madspin-pythia8/UL2017_3-10_6_4-v0-RunIISummer19UL17MiniAOD-106X_mc2017_realistic_v6-v1/200718_083214/0000/myMicroAODOutputFile_18.root?tried=stor93.datagrid.cea.fr, mode: 0660, flags: kXR_open_read kXR_async kXR_retstat ). Trying to recover.
Begin processing the 18001st record. Run 1, Event 843386, LumiSection 3124 on stream 0 at 20-Dec-2022 10:47:54.599 CET
Begin processing the 19001st record. Run 1, Event 1261300, LumiSection 4672 on stream 0 at 20-Dec-2022 10:49:24.492 CET
Begin processing the 20001st record. Run 1, Event 1280837, LumiSection 4744 on stream 0 at 20-Dec-2022 10:50:55.900 CET
[2022-12-20 10:51:12.455500 +0100][Error  ][AsyncSock         ] [xrootd.ba.infn.it:1094 #0.0] Socket error while handshaking: [ERROR] Socket timeout
[2022-12-20 10:51:12.455672 +0100][Error  ][PostMaster        ] [xrootd.ba.infn.it:1094 #0] elapsed = 45, pConnectionWindow = 31 seconds.
[2022-12-20 10:51:57.801746 +0100][Error  ][AsyncSock         ] [xrootd.ba.infn.it:1094 #0.0] Socket error while handshaking: [ERROR] Socket timeout
[2022-12-20 10:51:57.801897 +0100][Error  ][PostMaster        ] [xrootd.ba.infn.it:1094 #0] elapsed = 45, pConnectionWindow = 31 seconds.
[2022-12-20 10:51:57.801908 +0100][Error  ][PostMaster        ] [xrootd.ba.infn.it:1094 #0] Unable to recover: [ERROR] Socket timeout.
[2022-12-20 10:51:57.801918 +0100][Error  ][XRootD            ] [xrootd.ba.infn.it:1094] Impossible to send message kXR_open (file: /store/user/alesauva/flashgg/UL2017_3/10_6_4/VHToGG_M125_TuneCP5_13TeV-amcatnloFXFX-madspin-pythia8/UL2017_3-10_6_4-v0-RunIISummer19UL17MiniAOD-106X_mc2017_realistic_v6-v1/200718_083214/0000/myMicroAODOutputFile_18.root?tried=stor93.datagrid.cea.fr, mode: 0660, flags: kXR_open_read kXR_async kXR_retstat ). Trying to recover.
Begin processing the 21001st record. Run 1, Event 746362, LumiSection 2765 on stream 0 at 20-Dec-2022 10:52:25.279 CET
Begin processing the 22001st record. Run 1, Event 749148, LumiSection 2775 on stream 0 at 20-Dec-2022 10:53:52.615 CET
Begin processing the 23001st record. Run 1, Event 1321815, LumiSection 4896 on stream 0 at 20-Dec-2022 10:55:24.212 CET
Begin processing the 24001st record. Run 1, Event 1270633, LumiSection 4707 on stream 0 at 20-Dec-2022 10:57:06.566 CET
Begin processing the 25001st record. Run 1, Event 1273503, LumiSection 4717 on stream 0 at 20-Dec-2022 10:58:31.997 CET
20-Dec-2022 10:58:45 CET  Closed file root://cms-xrd-global.cern.ch//store/user/alesauva/flashgg/UL2017_3/10_6_4/VHToGG_M125_TuneCP5_13TeV-amcatnloFXFX-madspin-pythia8/UL2017_3-10_6_4-v0-RunIISummer19UL17MiniAOD-106X_mc2017_realistic_v6-v1/200718_083214/0000/myMicroAODOutputFile_18.root

TrigReport ---------- Event  Summary ------------
TrigReport Events total = 25127 passed = 16044 failed = 9083

TrigReport ---------- Path   Summary ------------
TrigReport  Trig Bit#   Executed     Passed     Failed      Error Name
TrigReport     1    0      25127      16044       9083          0 p

TrigReport -------End-Path   Summary ------------
TrigReport  Trig Bit#   Executed     Passed     Failed      Error Name

TrigReport ---------- Modules in Path: p ------------
TrigReport  Trig Bit#    Visited     Passed     Failed      Error Name
TrigReport     1    0      25127      24991        136          0 flashggMetFilters
TrigReport     1    1      24991      16044       8947          0 VHFilter
TrigReport     1    2      16044      16044          0          0 flashggDifferentialPhoIdInputsCorrection
TrigReport     1    3      16044      16044          0          0 flashggDiPhotonSystematics
TrigReport     1    4      16044      16044          0          0 flashggMetSystematics
TrigReport     1    5      16044      16044          0          0 flashggMuonSystematics
TrigReport     1    6      16044      16044          0          0 flashggElectronSystematics
TrigReport     1    7      16044      16044          0          0 flashggUnpackedJets
TrigReport     1    8      16044      16044          0          0 flashggJetSystematics0
TrigReport     1    9      16044      16044          0          0 flashggJetSystematics1
TrigReport     1   10      16044      16044          0          0 flashggJetSystematics2
TrigReport     1   11      16044      16044          0          0 flashggJetSystematics3
TrigReport     1   12      16044      16044          0          0 flashggJetSystematics4
TrigReport     1   13      16044      16044          0          0 flashggJetSystematics5
TrigReport     1   14      16044      16044          0          0 flashggJetSystematics6
TrigReport     1   15      16044      16044          0          0 flashggJetSystematics7
TrigReport     1   16      16044      16044          0          0 flashggJetSystematics8
TrigReport     1   17      16044      16044          0          0 flashggJetSystematics9
TrigReport     1   18      16044      16044          0          0 flashggJetSystematics10
TrigReport     1   19      16044      16044          0          0 flashggJetSystematics11
TrigReport     1   20      16044      16044          0          0 flashggPrefireDiPhotons
TrigReport     1   21      16044      16044          0          0 flashggPreselectedDiPhotons
TrigReport     1   22      16044      16044          0          0 flashggDiPhotonMVA
TrigReport     1   23      16044      16044          0          0 flashggVBFMVA
TrigReport     1   24      16044      16044          0          0 flashggVHhadMVA
TrigReport     1   25      16044      16044          0          0 flashggGluGluHMVA
TrigReport     1   26      16044      16044          0          0 flashggStageOneCombinedTag
TrigReport     1   27      16044      16044          0          0 flashggTHQLeptonicTag
TrigReport     1   28      16044      16044          0          0 flashggVHMetTag
TrigReport     1   29      16044      16044          0          0 flashggWHLeptonicTag
TrigReport     1   30      16044      16044          0          0 flashggZHLeptonicTag
TrigReport     1   31      16044      16044          0          0 flashggTTHLeptonicTag
TrigReport     1   32      16044      16044          0          0 flashggTTHHadronicTag
TrigReport     1   33      16044      16044          0          0 flashggTagSorter
TrigReport     1   34      16044      16044          0          0 flashggSystTagMerger
TrigReport     1   35      16044      16044          0          0 tagsDumper

TrigReport ---------- Module Summary ------------
TrigReport    Visited   Executed     Passed     Failed      Error Name
TrigReport      25127      25127      25127          0          0 TriggerResults
TrigReport      24991      24991      16044       8947          0 VHFilter
TrigReport      16044      16044      16044          0          0 ak4PFCHSL1FastL2L3Corrector
TrigReport      16044      16044      16044          0          0 ak4PFCHSL1FastjetCorrector
TrigReport      16044      16044      16044          0          0 ak4PFCHSL2RelativeCorrector
TrigReport      16044      16044      16044          0          0 ak4PFCHSL3AbsoluteCorrector
TrigReport      16044      16044      16044          0          0 flashggDiPhotonMVA
TrigReport      16044      16044      16044          0          0 flashggDiPhotonSystematics
TrigReport      16044      16044      16044          0          0 flashggDifferentialPhoIdInputsCorrection
TrigReport      16044      16044      16044          0          0 flashggElectronSystematics
TrigReport      16044      16044      16044          0          0 flashggGluGluHMVA
TrigReport      16044      16044      16044          0          0 flashggJetSystematics0
TrigReport      16044      16044      16044          0          0 flashggJetSystematics1
TrigReport      16044      16044      16044          0          0 flashggJetSystematics10
TrigReport      16044      16044      16044          0          0 flashggJetSystematics11
TrigReport      16044      16044      16044          0          0 flashggJetSystematics2
TrigReport      16044      16044      16044          0          0 flashggJetSystematics3
TrigReport      16044      16044      16044          0          0 flashggJetSystematics4
TrigReport      16044      16044      16044          0          0 flashggJetSystematics5
TrigReport      16044      16044      16044          0          0 flashggJetSystematics6
TrigReport      16044      16044      16044          0          0 flashggJetSystematics7
TrigReport      16044      16044      16044          0          0 flashggJetSystematics8
TrigReport      16044      16044      16044          0          0 flashggJetSystematics9
TrigReport      25127      25127      24991        136          0 flashggMetFilters
TrigReport      16044      16044      16044          0          0 flashggMetSystematics
TrigReport      16044      16044      16044          0          0 flashggMuonSystematics
TrigReport      16044      16044      16044          0          0 flashggPrefireDiPhotons
TrigReport      16044      16044      16044          0          0 flashggPreselectedDiPhotons
TrigReport      16044      16044      16044          0          0 flashggStageOneCombinedTag
TrigReport      16044      16044      16044          0          0 flashggSystTagMerger
TrigReport      16044      16044      16044          0          0 flashggTHQLeptonicTag
TrigReport      16044      16044      16044          0          0 flashggTTHHadronicTag
TrigReport      16044      16044      16044          0          0 flashggTTHLeptonicTag
TrigReport      16044      16044      16044          0          0 flashggTagSorter
TrigReport      16044      16044      16044          0          0 flashggUnpackedJets
TrigReport      16044      16044      16044          0          0 flashggVBFMVA
TrigReport      16044      16044      16044          0          0 flashggVHMetTag
TrigReport      16044      16044      16044          0          0 flashggVHhadMVA
TrigReport      16044      16044      16044          0          0 flashggWHLeptonicTag
TrigReport      16044      16044      16044          0          0 flashggZHLeptonicTag
TrigReport      25127      25127      25127          0          0 p
TrigReport      16044      16044      16044          0          0 tagsDumper

TimeReport ---------- Event  Summary ---[sec]----
TimeReport       event loop CPU/event = 0.098423
TimeReport      event loop Real/event = 0.099157
TimeReport     sum Streams Real/event = 0.096289
TimeReport efficiency CPU/Real/thread = 0.992603

TimeReport ---------- Path   Summary ---[Real sec]----
TimeReport  per event     per exec  Name
TimeReport   0.095889     0.095889  p
TimeReport  per event     per exec  Name

TimeReport -------End-Path   Summary ---[Real sec]----
TimeReport  per event     per exec  Name
TimeReport  per event     per exec  Name

TimeReport ---------- Modules in Path: p ---[Real sec]----
TimeReport  per event    per visit  Name
TimeReport   0.000014     0.000014  flashggMetFilters
TimeReport   0.000005     0.000005  VHFilter
TimeReport   0.054811     0.085842  flashggDifferentialPhoIdInputsCorrection
TimeReport   0.030542     0.047833  flashggDiPhotonSystematics
TimeReport   0.000116     0.000182  flashggMetSystematics
TimeReport   0.000017     0.000027  flashggMuonSystematics
TimeReport   0.000027     0.000042  flashggElectronSystematics
TimeReport   0.000158     0.000248  flashggUnpackedJets
TimeReport   0.002733     0.004280  flashggJetSystematics0
TimeReport   0.000407     0.000637  flashggJetSystematics1
TimeReport   0.000353     0.000553  flashggJetSystematics2
TimeReport   0.000339     0.000531  flashggJetSystematics3
TimeReport   0.000333     0.000522  flashggJetSystematics4
TimeReport   0.000329     0.000515  flashggJetSystematics5
TimeReport   0.000327     0.000513  flashggJetSystematics6
TimeReport   0.000325     0.000510  flashggJetSystematics7
TimeReport   0.000325     0.000509  flashggJetSystematics8
TimeReport   0.000323     0.000506  flashggJetSystematics9
TimeReport   0.000322     0.000505  flashggJetSystematics10
TimeReport   0.000321     0.000503  flashggJetSystematics11
TimeReport   0.000217     0.000340  flashggPrefireDiPhotons
TimeReport   0.000077     0.000120  flashggPreselectedDiPhotons
TimeReport   0.000022     0.000034  flashggDiPhotonMVA
TimeReport   0.000019     0.000030  flashggVBFMVA
TimeReport   0.000011     0.000018  flashggVHhadMVA
TimeReport   0.000031     0.000049  flashggGluGluHMVA
TimeReport   0.000020     0.000032  flashggStageOneCombinedTag
TimeReport   0.000192     0.000300  flashggTHQLeptonicTag
TimeReport   0.000188     0.000295  flashggVHMetTag
TimeReport   0.000023     0.000036  flashggWHLeptonicTag
TimeReport   0.000011     0.000018  flashggZHLeptonicTag
TimeReport   0.000118     0.000185  flashggTTHLeptonicTag
TimeReport   0.000822     0.001287  flashggTTHHadronicTag
TimeReport   0.000055     0.000087  flashggTagSorter
TimeReport   0.000003     0.000004  flashggSystTagMerger
TimeReport   0.000190     0.000298  tagsDumper
TimeReport  per event    per visit  Name

TimeReport ---------- Module Summary ---[Real sec]----
TimeReport  per event     per exec    per visit  Name
TimeReport   0.000003     0.000003     0.000003  TriggerResults
TimeReport   0.000005     0.000005     0.000005  VHFilter
TimeReport   0.000003     0.000004     0.000004  ak4PFCHSL1FastL2L3Corrector
TimeReport   0.000003     0.000004     0.000004  ak4PFCHSL1FastjetCorrector
TimeReport   0.000001     0.000002     0.000002  ak4PFCHSL2RelativeCorrector
TimeReport   0.000010     0.000015     0.000015  ak4PFCHSL3AbsoluteCorrector
TimeReport   0.000022     0.000034     0.000034  flashggDiPhotonMVA
TimeReport   0.030542     0.047833     0.047833  flashggDiPhotonSystematics
TimeReport   0.054811     0.085842     0.085842  flashggDifferentialPhoIdInputsCorrection
TimeReport   0.000027     0.000042     0.000042  flashggElectronSystematics
TimeReport   0.000031     0.000049     0.000049  flashggGluGluHMVA
TimeReport   0.002733     0.004280     0.004280  flashggJetSystematics0
TimeReport   0.000407     0.000637     0.000637  flashggJetSystematics1
TimeReport   0.000322     0.000505     0.000505  flashggJetSystematics10
TimeReport   0.000321     0.000503     0.000503  flashggJetSystematics11
TimeReport   0.000353     0.000553     0.000553  flashggJetSystematics2
TimeReport   0.000339     0.000531     0.000531  flashggJetSystematics3
TimeReport   0.000333     0.000522     0.000522  flashggJetSystematics4
TimeReport   0.000329     0.000515     0.000515  flashggJetSystematics5
TimeReport   0.000327     0.000513     0.000513  flashggJetSystematics6
TimeReport   0.000325     0.000510     0.000510  flashggJetSystematics7
TimeReport   0.000325     0.000509     0.000509  flashggJetSystematics8
TimeReport   0.000323     0.000506     0.000506  flashggJetSystematics9
TimeReport   0.000014     0.000014     0.000014  flashggMetFilters
TimeReport   0.000116     0.000182     0.000182  flashggMetSystematics
TimeReport   0.000017     0.000027     0.000027  flashggMuonSystematics
TimeReport   0.000217     0.000340     0.000340  flashggPrefireDiPhotons
TimeReport   0.000077     0.000120     0.000120  flashggPreselectedDiPhotons
TimeReport   0.000020     0.000032     0.000032  flashggStageOneCombinedTag
TimeReport   0.000003     0.000004     0.000004  flashggSystTagMerger
TimeReport   0.000192     0.000300     0.000300  flashggTHQLeptonicTag
TimeReport   0.000822     0.001287     0.001287  flashggTTHHadronicTag
TimeReport   0.000118     0.000185     0.000185  flashggTTHLeptonicTag
TimeReport   0.000055     0.000087     0.000087  flashggTagSorter
TimeReport   0.000158     0.000248     0.000248  flashggUnpackedJets
TimeReport   0.000019     0.000030     0.000030  flashggVBFMVA
TimeReport   0.000188     0.000295     0.000295  flashggVHMetTag
TimeReport   0.000011     0.000018     0.000018  flashggVHhadMVA
TimeReport   0.000023     0.000036     0.000036  flashggWHLeptonicTag
TimeReport   0.000011     0.000018     0.000018  flashggZHLeptonicTag
TimeReport   0.000003     0.000003     0.000003  p
TimeReport   0.000190     0.000298     0.000298  tagsDumper
TimeReport  per event     per exec    per visit  Name

T---Report end!


=============================================

MessageLogger Summary

 type     category        sev    module        subroutine        count    total
 ---- -------------------- -- ---------------- ----------------  -----    -----
    1 XrdAdaptor           -w file_open                              1        1
    2 fileAction           -s file_close                             1        1
    3 fileAction           -s file_open                              2        2

 type    category    Examples: run/evt        run/evt          run/evt
 ---- -------------------- ---------------- ---------------- ----------------
    1 XrdAdaptor           pre-events                        
    2 fileAction           PostGlobalEndRun                  
    3 fileAction           pre-events       pre-events       

Severity    # Occurrences   Total Occurrences
--------    -------------   -----------------
Warning                 1                   1
System                  3                   3

dropped waiting message count 0
