mkdir: cannot create directory '/afs/cern.ch/user/x/xisu/private/local/Analysis_workspace/VH_AC_tmp1/flashgg_d2/CMSSW_10_6_29/src/flashgg/VHAC_Analysis_Met/UL_17/UL_17_wh125': File exists
/cvmfs/cms.cern.ch/slc7_amd64_gcc700/external/py2-requests/2.21.0-pafccj2/lib/python2.7/site-packages/requests/__init__.py:91: RequestsDependencyWarning: urllib3 (1.25.2) or chardet (3.0.4) doesn't match a supported version!
  RequestsDependencyWarning)
20-Dec-2022 10:04:55 CET  Initiating request to open file root://cms-xrd-global.cern.ch//store/user/alesauva/flashgg/UL2017_3/10_6_4/VHToGG_M125_TuneCP5_13TeV-amcatnloFXFX-madspin-pythia8/UL2017_3-10_6_4-v0-RunIISummer19UL17MiniAOD-106X_mc2017_realistic_v6-v1/200718_083214/0000/myMicroAODOutputFile_16.root
%MSG-w XrdAdaptor:  file_open 20-Dec-2022 10:04:57 CET pre-events
Data is served from GRIF-IRFU instead of original site CERN-CMSGLOBAL-01
%MSG
20-Dec-2022 10:05:02 CET  Successfully opened file root://cms-xrd-global.cern.ch//store/user/alesauva/flashgg/UL2017_3/10_6_4/VHToGG_M125_TuneCP5_13TeV-amcatnloFXFX-madspin-pythia8/UL2017_3-10_6_4-v0-RunIISummer19UL17MiniAOD-106X_mc2017_realistic_v6-v1/200718_083214/0000/myMicroAODOutputFile_16.root
[2022-12-20 10:05:53.556685 +0100][Error  ][AsyncSock         ] [xrootd.ba.infn.it:1094 #0.0] Socket error while handshaking: [ERROR] Socket timeout
[2022-12-20 10:05:53.556813 +0100][Error  ][PostMaster        ] [xrootd.ba.infn.it:1094 #0] elapsed = 45, pConnectionWindow = 31 seconds.
[2022-12-20 10:06:38.808641 +0100][Error  ][AsyncSock         ] [xrootd.ba.infn.it:1094 #0.0] Socket error while handshaking: [ERROR] Socket timeout
[2022-12-20 10:06:38.808791 +0100][Error  ][PostMaster        ] [xrootd.ba.infn.it:1094 #0] elapsed = 45, pConnectionWindow = 31 seconds.
[2022-12-20 10:06:38.808831 +0100][Error  ][PostMaster        ] [xrootd.ba.infn.it:1094 #0] Unable to recover: [ERROR] Socket timeout.
[2022-12-20 10:06:38.808852 +0100][Error  ][XRootD            ] [xrootd.ba.infn.it:1094] Impossible to send message kXR_open (file: /store/user/alesauva/flashgg/UL2017_3/10_6_4/VHToGG_M125_TuneCP5_13TeV-amcatnloFXFX-madspin-pythia8/UL2017_3-10_6_4-v0-RunIISummer19UL17MiniAOD-106X_mc2017_realistic_v6-v1/200718_083214/0000/myMicroAODOutputFile_16.root?tried=+1413llrxrd-redir.in2p3.fr,+1213xrootd-cms-redir-int.cr.cnaf.infn.it,+1413xrootd-cms-redir-int.cr.cnaf.infn.it,stor81.datagrid.cea.fr,node12.datagrid.cea.fr,xrootd-redic.pi.infn.it,xrootd-cms.infn.it,llrxrd-redir.in2p3.fr&triedrc=enoent,enoent, mode: 0660, flags: kXR_open_read kXR_async kXR_retstat ). Trying to recover.
2022-12-20 10:18:11.875546: I tensorflow/core/platform/cpu_feature_guard.cc:140] Your CPU supports instructions that this TensorFlow binary was not compiled to use: SSE4.1 SSE4.2 AVX AVX2 FMA
Begin processing the 1st record. Run 1, Event 407716, LumiSection 1511 on stream 0 at 20-Dec-2022 10:19:00.967 CET
[2022-12-20 10:19:44.346624 +0100][Error  ][AsyncSock         ] [xrootd.ba.infn.it:1094 #0.0] Socket error while handshaking: [ERROR] Socket timeout
[2022-12-20 10:19:44.346763 +0100][Error  ][PostMaster        ] [xrootd.ba.infn.it:1094 #0] elapsed = 45, pConnectionWindow = 31 seconds.
[2022-12-20 10:20:29.598783 +0100][Error  ][AsyncSock         ] [xrootd.ba.infn.it:1094 #0.0] Socket error while handshaking: [ERROR] Socket timeout
[2022-12-20 10:20:29.598872 +0100][Error  ][PostMaster        ] [xrootd.ba.infn.it:1094 #0] elapsed = 45, pConnectionWindow = 31 seconds.
[2022-12-20 10:20:29.598888 +0100][Error  ][PostMaster        ] [xrootd.ba.infn.it:1094 #0] Unable to recover: [ERROR] Socket timeout.
[2022-12-20 10:20:29.598911 +0100][Error  ][XRootD            ] [xrootd.ba.infn.it:1094] Impossible to send message kXR_open (file: /store/user/alesauva/flashgg/UL2017_3/10_6_4/VHToGG_M125_TuneCP5_13TeV-amcatnloFXFX-madspin-pythia8/UL2017_3-10_6_4-v0-RunIISummer19UL17MiniAOD-106X_mc2017_realistic_v6-v1/200718_083214/0000/myMicroAODOutputFile_16.root?tried=stor81.datagrid.cea.fr, mode: 0660, flags: kXR_open_read kXR_async kXR_retstat ). Trying to recover.
Begin processing the 1001st record. Run 1, Event 809958, LumiSection 3000 on stream 0 at 20-Dec-2022 10:22:39.990 CET
Begin processing the 2001st record. Run 1, Event 813096, LumiSection 3012 on stream 0 at 20-Dec-2022 10:23:57.642 CET
[2022-12-20 10:24:35.392643 +0100][Error  ][AsyncSock         ] [xrootd.ba.infn.it:1094 #0.0] Socket error while handshaking: [ERROR] Socket timeout
[2022-12-20 10:24:35.392840 +0100][Error  ][PostMaster        ] [xrootd.ba.infn.it:1094 #0] elapsed = 45, pConnectionWindow = 31 seconds.
[2022-12-20 10:25:20.322697 +0100][Error  ][AsyncSock         ] [xrootd.ba.infn.it:1094 #0.0] Socket error while handshaking: [ERROR] Socket timeout
[2022-12-20 10:25:20.322820 +0100][Error  ][PostMaster        ] [xrootd.ba.infn.it:1094 #0] elapsed = 45, pConnectionWindow = 31 seconds.
[2022-12-20 10:25:20.322829 +0100][Error  ][PostMaster        ] [xrootd.ba.infn.it:1094 #0] Unable to recover: [ERROR] Socket timeout.
[2022-12-20 10:25:20.322837 +0100][Error  ][XRootD            ] [xrootd.ba.infn.it:1094] Impossible to send message kXR_open (file: /store/user/alesauva/flashgg/UL2017_3/10_6_4/VHToGG_M125_TuneCP5_13TeV-amcatnloFXFX-madspin-pythia8/UL2017_3-10_6_4-v0-RunIISummer19UL17MiniAOD-106X_mc2017_realistic_v6-v1/200718_083214/0000/myMicroAODOutputFile_16.root?tried=stor81.datagrid.cea.fr, mode: 0660, flags: kXR_open_read kXR_async kXR_retstat ). Trying to recover.
Begin processing the 3001st record. Run 1, Event 815996, LumiSection 3023 on stream 0 at 20-Dec-2022 10:25:20.501 CET
Begin processing the 4001st record. Run 1, Event 402653, LumiSection 1492 on stream 0 at 20-Dec-2022 10:26:44.829 CET
Begin processing the 5001st record. Run 1, Event 361237, LumiSection 1338 on stream 0 at 20-Dec-2022 10:28:07.285 CET
Begin processing the 6001st record. Run 1, Event 363987, LumiSection 1349 on stream 0 at 20-Dec-2022 10:29:31.541 CET
[2022-12-20 10:30:00.605258 +0100][Error  ][AsyncSock         ] [xrootd.ba.infn.it:1094 #0.0] Socket error while handshaking: [ERROR] Socket timeout
[2022-12-20 10:30:00.605371 +0100][Error  ][PostMaster        ] [xrootd.ba.infn.it:1094 #0] elapsed = 45, pConnectionWindow = 31 seconds.
[2022-12-20 10:30:45.465694 +0100][Error  ][AsyncSock         ] [xrootd.ba.infn.it:1094 #0.0] Socket error while handshaking: [ERROR] Socket timeout
[2022-12-20 10:30:45.465818 +0100][Error  ][PostMaster        ] [xrootd.ba.infn.it:1094 #0] elapsed = 45, pConnectionWindow = 31 seconds.
[2022-12-20 10:30:45.465828 +0100][Error  ][PostMaster        ] [xrootd.ba.infn.it:1094 #0] Unable to recover: [ERROR] Socket timeout.
[2022-12-20 10:30:45.465837 +0100][Error  ][XRootD            ] [xrootd.ba.infn.it:1094] Impossible to send message kXR_open (file: /store/user/alesauva/flashgg/UL2017_3/10_6_4/VHToGG_M125_TuneCP5_13TeV-amcatnloFXFX-madspin-pythia8/UL2017_3-10_6_4-v0-RunIISummer19UL17MiniAOD-106X_mc2017_realistic_v6-v1/200718_083214/0000/myMicroAODOutputFile_16.root?tried=stor81.datagrid.cea.fr, mode: 0660, flags: kXR_open_read kXR_async kXR_retstat ). Trying to recover.
Begin processing the 7001st record. Run 1, Event 467021, LumiSection 1730 on stream 0 at 20-Dec-2022 10:30:54.066 CET
Begin processing the 8001st record. Run 1, Event 470063, LumiSection 1741 on stream 0 at 20-Dec-2022 10:32:18.052 CET
Begin processing the 9001st record. Run 1, Event 472888, LumiSection 1752 on stream 0 at 20-Dec-2022 10:33:38.657 CET
Begin processing the 10001st record. Run 1, Event 475885, LumiSection 1763 on stream 0 at 20-Dec-2022 10:34:58.562 CET
[2022-12-20 10:35:15.770598 +0100][Error  ][AsyncSock         ] [xrootd.ba.infn.it:1094 #0.0] Socket error while handshaking: [ERROR] Socket timeout
[2022-12-20 10:35:15.770731 +0100][Error  ][PostMaster        ] [xrootd.ba.infn.it:1094 #0] elapsed = 45, pConnectionWindow = 31 seconds.
[2022-12-20 10:36:00.639704 +0100][Error  ][AsyncSock         ] [xrootd.ba.infn.it:1094 #0.0] Socket error while handshaking: [ERROR] Socket timeout
[2022-12-20 10:36:00.639863 +0100][Error  ][PostMaster        ] [xrootd.ba.infn.it:1094 #0] elapsed = 45, pConnectionWindow = 31 seconds.
[2022-12-20 10:36:00.639879 +0100][Error  ][PostMaster        ] [xrootd.ba.infn.it:1094 #0] Unable to recover: [ERROR] Socket timeout.
[2022-12-20 10:36:00.639897 +0100][Error  ][XRootD            ] [xrootd.ba.infn.it:1094] Impossible to send message kXR_open (file: /store/user/alesauva/flashgg/UL2017_3/10_6_4/VHToGG_M125_TuneCP5_13TeV-amcatnloFXFX-madspin-pythia8/UL2017_3-10_6_4-v0-RunIISummer19UL17MiniAOD-106X_mc2017_realistic_v6-v1/200718_083214/0000/myMicroAODOutputFile_16.root?tried=stor81.datagrid.cea.fr, mode: 0660, flags: kXR_open_read kXR_async kXR_retstat ). Trying to recover.
Begin processing the 11001st record. Run 1, Event 454178, LumiSection 1683 on stream 0 at 20-Dec-2022 10:36:23.278 CET
Begin processing the 12001st record. Run 1, Event 457805, LumiSection 1696 on stream 0 at 20-Dec-2022 10:37:39.600 CET
Begin processing the 13001st record. Run 1, Event 899453, LumiSection 3332 on stream 0 at 20-Dec-2022 10:38:57.242 CET
Begin processing the 14001st record. Run 1, Event 904331, LumiSection 3350 on stream 0 at 20-Dec-2022 10:40:10.403 CET
[2022-12-20 10:40:18.506626 +0100][Error  ][AsyncSock         ] [xrootd.ba.infn.it:1094 #0.0] Socket error while handshaking: [ERROR] Socket timeout
[2022-12-20 10:40:18.506780 +0100][Error  ][PostMaster        ] [xrootd.ba.infn.it:1094 #0] elapsed = 45, pConnectionWindow = 31 seconds.
[2022-12-20 10:41:03.757617 +0100][Error  ][AsyncSock         ] [xrootd.ba.infn.it:1094 #0.0] Socket error while handshaking: [ERROR] Socket timeout
[2022-12-20 10:41:03.757766 +0100][Error  ][PostMaster        ] [xrootd.ba.infn.it:1094 #0] elapsed = 45, pConnectionWindow = 31 seconds.
[2022-12-20 10:41:03.757781 +0100][Error  ][PostMaster        ] [xrootd.ba.infn.it:1094 #0] Unable to recover: [ERROR] Socket timeout.
[2022-12-20 10:41:03.757791 +0100][Error  ][XRootD            ] [xrootd.ba.infn.it:1094] Impossible to send message kXR_open (file: /store/user/alesauva/flashgg/UL2017_3/10_6_4/VHToGG_M125_TuneCP5_13TeV-amcatnloFXFX-madspin-pythia8/UL2017_3-10_6_4-v0-RunIISummer19UL17MiniAOD-106X_mc2017_realistic_v6-v1/200718_083214/0000/myMicroAODOutputFile_16.root?tried=stor81.datagrid.cea.fr, mode: 0660, flags: kXR_open_read kXR_async kXR_retstat ). Trying to recover.
Begin processing the 15001st record. Run 1, Event 949813, LumiSection 3518 on stream 0 at 20-Dec-2022 10:41:32.796 CET
Begin processing the 16001st record. Run 1, Event 952591, LumiSection 3529 on stream 0 at 20-Dec-2022 10:42:51.237 CET
Begin processing the 17001st record. Run 1, Event 958246, LumiSection 3550 on stream 0 at 20-Dec-2022 10:44:01.093 CET
[2022-12-20 10:45:14.695651 +0100][Error  ][AsyncSock         ] [xrootd.ba.infn.it:1094 #0.0] Socket error while handshaking: [ERROR] Socket timeout
[2022-12-20 10:45:14.695782 +0100][Error  ][PostMaster        ] [xrootd.ba.infn.it:1094 #0] elapsed = 45, pConnectionWindow = 31 seconds.
Begin processing the 18001st record. Run 1, Event 925487, LumiSection 3428 on stream 0 at 20-Dec-2022 10:45:19.200 CET
[2022-12-20 10:45:59.703405 +0100][Error  ][AsyncSock         ] [xrootd.ba.infn.it:1094 #0.0] Socket error while handshaking: [ERROR] Socket timeout
[2022-12-20 10:45:59.703560 +0100][Error  ][PostMaster        ] [xrootd.ba.infn.it:1094 #0] elapsed = 45, pConnectionWindow = 31 seconds.
[2022-12-20 10:45:59.703572 +0100][Error  ][PostMaster        ] [xrootd.ba.infn.it:1094 #0] Unable to recover: [ERROR] Socket timeout.
[2022-12-20 10:45:59.703584 +0100][Error  ][XRootD            ] [xrootd.ba.infn.it:1094] Impossible to send message kXR_open (file: /store/user/alesauva/flashgg/UL2017_3/10_6_4/VHToGG_M125_TuneCP5_13TeV-amcatnloFXFX-madspin-pythia8/UL2017_3-10_6_4-v0-RunIISummer19UL17MiniAOD-106X_mc2017_realistic_v6-v1/200718_083214/0000/myMicroAODOutputFile_16.root?tried=stor81.datagrid.cea.fr, mode: 0660, flags: kXR_open_read kXR_async kXR_retstat ). Trying to recover.
Begin processing the 19001st record. Run 1, Event 1000256, LumiSection 3705 on stream 0 at 20-Dec-2022 10:46:34.993 CET
Begin processing the 20001st record. Run 1, Event 1007944, LumiSection 3734 on stream 0 at 20-Dec-2022 10:47:40.396 CET
Begin processing the 21001st record. Run 1, Event 1038670, LumiSection 3847 on stream 0 at 20-Dec-2022 10:48:54.591 CET
[2022-12-20 10:49:58.489614 +0100][Error  ][AsyncSock         ] [xrootd.ba.infn.it:1094 #0.0] Socket error while handshaking: [ERROR] Socket timeout
[2022-12-20 10:49:58.489772 +0100][Error  ][PostMaster        ] [xrootd.ba.infn.it:1094 #0] elapsed = 45, pConnectionWindow = 31 seconds.
Begin processing the 22001st record. Run 1, Event 1041616, LumiSection 3858 on stream 0 at 20-Dec-2022 10:50:08.030 CET
[2022-12-20 10:50:43.476587 +0100][Error  ][AsyncSock         ] [xrootd.ba.infn.it:1094 #0.0] Socket error while handshaking: [ERROR] Socket timeout
[2022-12-20 10:50:43.476683 +0100][Error  ][PostMaster        ] [xrootd.ba.infn.it:1094 #0] elapsed = 45, pConnectionWindow = 31 seconds.
[2022-12-20 10:50:43.476690 +0100][Error  ][PostMaster        ] [xrootd.ba.infn.it:1094 #0] Unable to recover: [ERROR] Socket timeout.
[2022-12-20 10:50:43.476698 +0100][Error  ][XRootD            ] [xrootd.ba.infn.it:1094] Impossible to send message kXR_open (file: /store/user/alesauva/flashgg/UL2017_3/10_6_4/VHToGG_M125_TuneCP5_13TeV-amcatnloFXFX-madspin-pythia8/UL2017_3-10_6_4-v0-RunIISummer19UL17MiniAOD-106X_mc2017_realistic_v6-v1/200718_083214/0000/myMicroAODOutputFile_16.root?tried=stor81.datagrid.cea.fr, mode: 0460, flags: kXR_open_read kXR_async kXR_retstat ). Trying to recover.
Begin processing the 23001st record. Run 1, Event 1044365, LumiSection 3869 on stream 0 at 20-Dec-2022 10:51:22.880 CET
Begin processing the 24001st record. Run 1, Event 1034038, LumiSection 3830 on stream 0 at 20-Dec-2022 10:52:34.060 CET
20-Dec-2022 10:53:39 CET  Closed file root://cms-xrd-global.cern.ch//store/user/alesauva/flashgg/UL2017_3/10_6_4/VHToGG_M125_TuneCP5_13TeV-amcatnloFXFX-madspin-pythia8/UL2017_3-10_6_4-v0-RunIISummer19UL17MiniAOD-106X_mc2017_realistic_v6-v1/200718_083214/0000/myMicroAODOutputFile_16.root

TrigReport ---------- Event  Summary ------------
TrigReport Events total = 24870 passed = 15982 failed = 8888

TrigReport ---------- Path   Summary ------------
TrigReport  Trig Bit#   Executed     Passed     Failed      Error Name
TrigReport     1    0      24870      15982       8888          0 p

TrigReport -------End-Path   Summary ------------
TrigReport  Trig Bit#   Executed     Passed     Failed      Error Name

TrigReport ---------- Modules in Path: p ------------
TrigReport  Trig Bit#    Visited     Passed     Failed      Error Name
TrigReport     1    0      24870      24755        115          0 flashggMetFilters
TrigReport     1    1      24755      15982       8773          0 VHFilter
TrigReport     1    2      15982      15982          0          0 flashggDifferentialPhoIdInputsCorrection
TrigReport     1    3      15982      15982          0          0 flashggDiPhotonSystematics
TrigReport     1    4      15982      15982          0          0 flashggMetSystematics
TrigReport     1    5      15982      15982          0          0 flashggMuonSystematics
TrigReport     1    6      15982      15982          0          0 flashggElectronSystematics
TrigReport     1    7      15982      15982          0          0 flashggUnpackedJets
TrigReport     1    8      15982      15982          0          0 flashggJetSystematics0
TrigReport     1    9      15982      15982          0          0 flashggJetSystematics1
TrigReport     1   10      15982      15982          0          0 flashggJetSystematics2
TrigReport     1   11      15982      15982          0          0 flashggJetSystematics3
TrigReport     1   12      15982      15982          0          0 flashggJetSystematics4
TrigReport     1   13      15982      15982          0          0 flashggJetSystematics5
TrigReport     1   14      15982      15982          0          0 flashggJetSystematics6
TrigReport     1   15      15982      15982          0          0 flashggJetSystematics7
TrigReport     1   16      15982      15982          0          0 flashggJetSystematics8
TrigReport     1   17      15982      15982          0          0 flashggJetSystematics9
TrigReport     1   18      15982      15982          0          0 flashggJetSystematics10
TrigReport     1   19      15982      15982          0          0 flashggJetSystematics11
TrigReport     1   20      15982      15982          0          0 flashggPrefireDiPhotons
TrigReport     1   21      15982      15982          0          0 flashggPreselectedDiPhotons
TrigReport     1   22      15982      15982          0          0 flashggDiPhotonMVA
TrigReport     1   23      15982      15982          0          0 flashggVBFMVA
TrigReport     1   24      15982      15982          0          0 flashggVHhadMVA
TrigReport     1   25      15982      15982          0          0 flashggGluGluHMVA
TrigReport     1   26      15982      15982          0          0 flashggStageOneCombinedTag
TrigReport     1   27      15982      15982          0          0 flashggTHQLeptonicTag
TrigReport     1   28      15982      15982          0          0 flashggVHMetTag
TrigReport     1   29      15982      15982          0          0 flashggWHLeptonicTag
TrigReport     1   30      15982      15982          0          0 flashggZHLeptonicTag
TrigReport     1   31      15982      15982          0          0 flashggTTHLeptonicTag
TrigReport     1   32      15982      15982          0          0 flashggTTHHadronicTag
TrigReport     1   33      15982      15982          0          0 flashggTagSorter
TrigReport     1   34      15982      15982          0          0 flashggSystTagMerger
TrigReport     1   35      15982      15982          0          0 tagsDumper

TrigReport ---------- Module Summary ------------
TrigReport    Visited   Executed     Passed     Failed      Error Name
TrigReport      24870      24870      24870          0          0 TriggerResults
TrigReport      24755      24755      15982       8773          0 VHFilter
TrigReport      15982      15982      15982          0          0 ak4PFCHSL1FastL2L3Corrector
TrigReport      15982      15982      15982          0          0 ak4PFCHSL1FastjetCorrector
TrigReport      15982      15982      15982          0          0 ak4PFCHSL2RelativeCorrector
TrigReport      15982      15982      15982          0          0 ak4PFCHSL3AbsoluteCorrector
TrigReport      15982      15982      15982          0          0 flashggDiPhotonMVA
TrigReport      15982      15982      15982          0          0 flashggDiPhotonSystematics
TrigReport      15982      15982      15982          0          0 flashggDifferentialPhoIdInputsCorrection
TrigReport      15982      15982      15982          0          0 flashggElectronSystematics
TrigReport      15982      15982      15982          0          0 flashggGluGluHMVA
TrigReport      15982      15982      15982          0          0 flashggJetSystematics0
TrigReport      15982      15982      15982          0          0 flashggJetSystematics1
TrigReport      15982      15982      15982          0          0 flashggJetSystematics10
TrigReport      15982      15982      15982          0          0 flashggJetSystematics11
TrigReport      15982      15982      15982          0          0 flashggJetSystematics2
TrigReport      15982      15982      15982          0          0 flashggJetSystematics3
TrigReport      15982      15982      15982          0          0 flashggJetSystematics4
TrigReport      15982      15982      15982          0          0 flashggJetSystematics5
TrigReport      15982      15982      15982          0          0 flashggJetSystematics6
TrigReport      15982      15982      15982          0          0 flashggJetSystematics7
TrigReport      15982      15982      15982          0          0 flashggJetSystematics8
TrigReport      15982      15982      15982          0          0 flashggJetSystematics9
TrigReport      24870      24870      24755        115          0 flashggMetFilters
TrigReport      15982      15982      15982          0          0 flashggMetSystematics
TrigReport      15982      15982      15982          0          0 flashggMuonSystematics
TrigReport      15982      15982      15982          0          0 flashggPrefireDiPhotons
TrigReport      15982      15982      15982          0          0 flashggPreselectedDiPhotons
TrigReport      15982      15982      15982          0          0 flashggStageOneCombinedTag
TrigReport      15982      15982      15982          0          0 flashggSystTagMerger
TrigReport      15982      15982      15982          0          0 flashggTHQLeptonicTag
TrigReport      15982      15982      15982          0          0 flashggTTHHadronicTag
TrigReport      15982      15982      15982          0          0 flashggTTHLeptonicTag
TrigReport      15982      15982      15982          0          0 flashggTagSorter
TrigReport      15982      15982      15982          0          0 flashggUnpackedJets
TrigReport      15982      15982      15982          0          0 flashggVBFMVA
TrigReport      15982      15982      15982          0          0 flashggVHMetTag
TrigReport      15982      15982      15982          0          0 flashggVHhadMVA
TrigReport      15982      15982      15982          0          0 flashggWHLeptonicTag
TrigReport      15982      15982      15982          0          0 flashggZHLeptonicTag
TrigReport      24870      24870      24870          0          0 p
TrigReport      15982      15982      15982          0          0 tagsDumper

TimeReport ---------- Event  Summary ---[sec]----
TimeReport       event loop CPU/event = 0.083040
TimeReport      event loop Real/event = 0.083620
TimeReport     sum Streams Real/event = 0.081232
TimeReport efficiency CPU/Real/thread = 0.993065

TimeReport ---------- Path   Summary ---[Real sec]----
TimeReport  per event     per exec  Name
TimeReport   0.080901     0.080901  p
TimeReport  per event     per exec  Name

TimeReport -------End-Path   Summary ---[Real sec]----
TimeReport  per event     per exec  Name
TimeReport  per event     per exec  Name

TimeReport ---------- Modules in Path: p ---[Real sec]----
TimeReport  per event    per visit  Name
TimeReport   0.000011     0.000011  flashggMetFilters
TimeReport   0.000004     0.000004  VHFilter
TimeReport   0.046471     0.072315  flashggDifferentialPhoIdInputsCorrection
TimeReport   0.025491     0.039667  flashggDiPhotonSystematics
TimeReport   0.000100     0.000156  flashggMetSystematics
TimeReport   0.000015     0.000024  flashggMuonSystematics
TimeReport   0.000023     0.000036  flashggElectronSystematics
TimeReport   0.000130     0.000203  flashggUnpackedJets
TimeReport   0.002323     0.003614  flashggJetSystematics0
TimeReport   0.000345     0.000537  flashggJetSystematics1
TimeReport   0.000305     0.000475  flashggJetSystematics2
TimeReport   0.000293     0.000456  flashggJetSystematics3
TimeReport   0.000287     0.000447  flashggJetSystematics4
TimeReport   0.000285     0.000443  flashggJetSystematics5
TimeReport   0.000281     0.000437  flashggJetSystematics6
TimeReport   0.000281     0.000437  flashggJetSystematics7
TimeReport   0.000280     0.000435  flashggJetSystematics8
TimeReport   0.000278     0.000433  flashggJetSystematics9
TimeReport   0.000278     0.000432  flashggJetSystematics10
TimeReport   0.000277     0.000431  flashggJetSystematics11
TimeReport   0.000175     0.000273  flashggPrefireDiPhotons
TimeReport   0.000063     0.000098  flashggPreselectedDiPhotons
TimeReport   0.000017     0.000026  flashggDiPhotonMVA
TimeReport   0.000015     0.000024  flashggVBFMVA
TimeReport   0.000009     0.000014  flashggVHhadMVA
TimeReport   0.000026     0.000040  flashggGluGluHMVA
TimeReport   0.000016     0.000025  flashggStageOneCombinedTag
TimeReport   0.000151     0.000235  flashggTHQLeptonicTag
TimeReport   0.000154     0.000239  flashggVHMetTag
TimeReport   0.000019     0.000030  flashggWHLeptonicTag
TimeReport   0.000009     0.000014  flashggZHLeptonicTag
TimeReport   0.000110     0.000172  flashggTTHLeptonicTag
TimeReport   0.000707     0.001100  flashggTTHHadronicTag
TimeReport   0.000048     0.000074  flashggTagSorter
TimeReport   0.000002     0.000003  flashggSystTagMerger
TimeReport   0.000168     0.000261  tagsDumper
TimeReport  per event    per visit  Name

TimeReport ---------- Module Summary ---[Real sec]----
TimeReport  per event     per exec    per visit  Name
TimeReport   0.000002     0.000002     0.000002  TriggerResults
TimeReport   0.000004     0.000004     0.000004  VHFilter
TimeReport   0.000002     0.000003     0.000003  ak4PFCHSL1FastL2L3Corrector
TimeReport   0.000002     0.000003     0.000003  ak4PFCHSL1FastjetCorrector
TimeReport   0.000001     0.000001     0.000001  ak4PFCHSL2RelativeCorrector
TimeReport   0.000008     0.000012     0.000012  ak4PFCHSL3AbsoluteCorrector
TimeReport   0.000017     0.000026     0.000026  flashggDiPhotonMVA
TimeReport   0.025491     0.039667     0.039667  flashggDiPhotonSystematics
TimeReport   0.046471     0.072315     0.072315  flashggDifferentialPhoIdInputsCorrection
TimeReport   0.000023     0.000036     0.000036  flashggElectronSystematics
TimeReport   0.000026     0.000040     0.000040  flashggGluGluHMVA
TimeReport   0.002323     0.003614     0.003614  flashggJetSystematics0
TimeReport   0.000345     0.000537     0.000537  flashggJetSystematics1
TimeReport   0.000278     0.000432     0.000432  flashggJetSystematics10
TimeReport   0.000277     0.000431     0.000431  flashggJetSystematics11
TimeReport   0.000305     0.000475     0.000475  flashggJetSystematics2
TimeReport   0.000293     0.000456     0.000456  flashggJetSystematics3
TimeReport   0.000287     0.000447     0.000447  flashggJetSystematics4
TimeReport   0.000285     0.000443     0.000443  flashggJetSystematics5
TimeReport   0.000281     0.000437     0.000437  flashggJetSystematics6
TimeReport   0.000281     0.000437     0.000437  flashggJetSystematics7
TimeReport   0.000280     0.000435     0.000435  flashggJetSystematics8
TimeReport   0.000278     0.000433     0.000433  flashggJetSystematics9
TimeReport   0.000011     0.000011     0.000011  flashggMetFilters
TimeReport   0.000100     0.000156     0.000156  flashggMetSystematics
TimeReport   0.000015     0.000024     0.000024  flashggMuonSystematics
TimeReport   0.000175     0.000273     0.000273  flashggPrefireDiPhotons
TimeReport   0.000063     0.000098     0.000098  flashggPreselectedDiPhotons
TimeReport   0.000016     0.000025     0.000025  flashggStageOneCombinedTag
TimeReport   0.000002     0.000003     0.000003  flashggSystTagMerger
TimeReport   0.000151     0.000235     0.000235  flashggTHQLeptonicTag
TimeReport   0.000707     0.001100     0.001100  flashggTTHHadronicTag
TimeReport   0.000110     0.000172     0.000172  flashggTTHLeptonicTag
TimeReport   0.000048     0.000074     0.000074  flashggTagSorter
TimeReport   0.000130     0.000203     0.000203  flashggUnpackedJets
TimeReport   0.000015     0.000024     0.000024  flashggVBFMVA
TimeReport   0.000154     0.000239     0.000239  flashggVHMetTag
TimeReport   0.000009     0.000014     0.000014  flashggVHhadMVA
TimeReport   0.000019     0.000030     0.000030  flashggWHLeptonicTag
TimeReport   0.000009     0.000014     0.000014  flashggZHLeptonicTag
TimeReport   0.000002     0.000002     0.000002  p
TimeReport   0.000168     0.000261     0.000261  tagsDumper
TimeReport  per event     per exec    per visit  Name

T---Report end!


=============================================

MessageLogger Summary

 type     category        sev    module        subroutine        count    total
 ---- -------------------- -- ---------------- ----------------  -----    -----
    1 XrdAdaptor           -w file_open                              1        1
    2 fileAction           -s file_close                             1        1
    3 fileAction           -s file_open                              2        2

 type    category    Examples: run/evt        run/evt          run/evt
 ---- -------------------- ---------------- ---------------- ----------------
    1 XrdAdaptor           pre-events                        
    2 fileAction           PostGlobalEndRun                  
    3 fileAction           pre-events       pre-events       

Severity    # Occurrences   Total Occurrences
--------    -------------   -----------------
Warning                 1                   1
System                  3                   3

dropped waiting message count 0
