mkdir: cannot create directory '/afs/cern.ch/user/x/xisu/private/local/Analysis_workspace/VH_AC_tmp1/flashgg_d2/CMSSW_10_6_29/src/flashgg/VHAC_Analysis_Met/UL_17/UL_17_wh125': File exists
/cvmfs/cms.cern.ch/slc7_amd64_gcc700/external/py2-requests/2.21.0-pafccj2/lib/python2.7/site-packages/requests/__init__.py:91: RequestsDependencyWarning: urllib3 (1.25.2) or chardet (3.0.4) doesn't match a supported version!
  RequestsDependencyWarning)
20-Dec-2022 10:05:20 CET  Initiating request to open file root://cms-xrd-global.cern.ch//store/user/alesauva/flashgg/UL2017_4/10_6_4/WHiggs0L1ToGG_M125_TuneCP5_13TeV-JHUGenV7011-pythia8/UL2017_4-10_6_4-v0-RunIISummer19UL17MiniAOD-106X_mc2017_realistic_v6-v2/200720_155007/0000/myMicroAODOutputFile_14.root
%MSG-w XrdAdaptor:  file_open 20-Dec-2022 10:05:23 CET pre-events
Data is served from GRIF-IRFU instead of original site CERN-CMSGLOBAL-02
%MSG
20-Dec-2022 10:05:25 CET  Successfully opened file root://cms-xrd-global.cern.ch//store/user/alesauva/flashgg/UL2017_4/10_6_4/WHiggs0L1ToGG_M125_TuneCP5_13TeV-JHUGenV7011-pythia8/UL2017_4-10_6_4-v0-RunIISummer19UL17MiniAOD-106X_mc2017_realistic_v6-v2/200720_155007/0000/myMicroAODOutputFile_14.root
2022-12-20 10:18:27.356869: I tensorflow/core/platform/cpu_feature_guard.cc:140] Your CPU supports instructions that this TensorFlow binary was not compiled to use: SSE4.1 SSE4.2 AVX AVX2 FMA
Begin processing the 1st record. Run 1, Event 102313, LumiSection 1024 on stream 0 at 20-Dec-2022 10:19:31.869 CET
[2022-12-20 10:20:16.086476 +0100][Error  ][AsyncSock         ] [xrootd.ba.infn.it:1094 #0.0] Socket error while handshaking: [ERROR] Socket timeout
[2022-12-20 10:20:16.086642 +0100][Error  ][PostMaster        ] [xrootd.ba.infn.it:1094 #0] elapsed = 46, pConnectionWindow = 31 seconds.
[2022-12-20 10:21:01.332561 +0100][Error  ][AsyncSock         ] [xrootd.ba.infn.it:1094 #0.0] Socket error while handshaking: [ERROR] Socket timeout
[2022-12-20 10:21:01.332732 +0100][Error  ][PostMaster        ] [xrootd.ba.infn.it:1094 #0] elapsed = 45, pConnectionWindow = 31 seconds.
[2022-12-20 10:21:01.332778 +0100][Error  ][PostMaster        ] [xrootd.ba.infn.it:1094 #0] Unable to recover: [ERROR] Socket timeout.
[2022-12-20 10:21:01.332803 +0100][Error  ][XRootD            ] [xrootd.ba.infn.it:1094] Impossible to send message kXR_open (file: /store/user/alesauva/flashgg/UL2017_4/10_6_4/WHiggs0L1ToGG_M125_TuneCP5_13TeV-JHUGenV7011-pythia8/UL2017_4-10_6_4-v0-RunIISummer19UL17MiniAOD-106X_mc2017_realistic_v6-v2/200720_155007/0000/myMicroAODOutputFile_14.root?tried=stor72.datagrid.cea.fr, mode: 0660, flags: kXR_open_read kXR_async kXR_retstat ). Trying to recover.
Begin processing the 1001st record. Run 1, Event 103306, LumiSection 1034 on stream 0 at 20-Dec-2022 10:25:20.588 CET
[2022-12-20 10:27:15.939461 +0100][Error  ][AsyncSock         ] [xrootd.ba.infn.it:1094 #0.0] Socket error while handshaking: [ERROR] Socket timeout
[2022-12-20 10:27:15.939611 +0100][Error  ][PostMaster        ] [xrootd.ba.infn.it:1094 #0] elapsed = 45, pConnectionWindow = 31 seconds.
Begin processing the 2001st record. Run 1, Event 104507, LumiSection 1046 on stream 0 at 20-Dec-2022 10:27:57.675 CET
[2022-12-20 10:28:00.174489 +0100][Error  ][AsyncSock         ] [xrootd.ba.infn.it:1094 #0.0] Socket error while handshaking: [ERROR] Socket timeout
[2022-12-20 10:28:00.174604 +0100][Error  ][PostMaster        ] [xrootd.ba.infn.it:1094 #0] elapsed = 45, pConnectionWindow = 31 seconds.
[2022-12-20 10:28:00.174620 +0100][Error  ][PostMaster        ] [xrootd.ba.infn.it:1094 #0] Unable to recover: [ERROR] Socket timeout.
[2022-12-20 10:28:00.174642 +0100][Error  ][XRootD            ] [xrootd.ba.infn.it:1094] Impossible to send message kXR_open (file: /store/user/alesauva/flashgg/UL2017_4/10_6_4/WHiggs0L1ToGG_M125_TuneCP5_13TeV-JHUGenV7011-pythia8/UL2017_4-10_6_4-v0-RunIISummer19UL17MiniAOD-106X_mc2017_realistic_v6-v2/200720_155007/0000/myMicroAODOutputFile_14.root?tried=stor72.datagrid.cea.fr, mode: 0660, flags: kXR_open_read kXR_async kXR_retstat ). Trying to recover.
Begin processing the 3001st record. Run 1, Event 105509, LumiSection 1056 on stream 0 at 20-Dec-2022 10:30:31.391 CET
Begin processing the 4001st record. Run 1, Event 182806, LumiSection 1829 on stream 0 at 20-Dec-2022 10:33:04.748 CET
[2022-12-20 10:35:28.229870 +0100][Error  ][AsyncSock         ] [xrootd.ba.infn.it:1094 #0.0] Socket error while handshaking: [ERROR] Socket timeout
[2022-12-20 10:35:28.230017 +0100][Error  ][PostMaster        ] [xrootd.ba.infn.it:1094 #0] elapsed = 45, pConnectionWindow = 31 seconds.
Begin processing the 5001st record. Run 1, Event 183806, LumiSection 1839 on stream 0 at 20-Dec-2022 10:35:33.138 CET
[2022-12-20 10:36:13.453509 +0100][Error  ][AsyncSock         ] [xrootd.ba.infn.it:1094 #0.0] Socket error while handshaking: [ERROR] Socket timeout
[2022-12-20 10:36:13.453616 +0100][Error  ][PostMaster        ] [xrootd.ba.infn.it:1094 #0] elapsed = 45, pConnectionWindow = 31 seconds.
[2022-12-20 10:36:13.453632 +0100][Error  ][PostMaster        ] [xrootd.ba.infn.it:1094 #0] Unable to recover: [ERROR] Socket timeout.
[2022-12-20 10:36:13.453640 +0100][Error  ][XRootD            ] [xrootd.ba.infn.it:1094] Impossible to send message kXR_open (file: /store/user/alesauva/flashgg/UL2017_4/10_6_4/WHiggs0L1ToGG_M125_TuneCP5_13TeV-JHUGenV7011-pythia8/UL2017_4-10_6_4-v0-RunIISummer19UL17MiniAOD-106X_mc2017_realistic_v6-v2/200720_155007/0000/myMicroAODOutputFile_14.root?tried=stor72.datagrid.cea.fr, mode: 0660, flags: kXR_open_read kXR_async kXR_retstat ). Trying to recover.
Begin processing the 6001st record. Run 1, Event 311311, LumiSection 3114 on stream 0 at 20-Dec-2022 10:38:14.547 CET
[2022-12-20 10:40:22.913512 +0100][Error  ][AsyncSock         ] [xrootd.ba.infn.it:1094 #0.0] Socket error while handshaking: [ERROR] Socket timeout
[2022-12-20 10:40:22.913629 +0100][Error  ][PostMaster        ] [xrootd.ba.infn.it:1094 #0] elapsed = 45, pConnectionWindow = 31 seconds.
Begin processing the 7001st record. Run 1, Event 312301, LumiSection 3124 on stream 0 at 20-Dec-2022 10:41:06.530 CET
[2022-12-20 10:41:08.139501 +0100][Error  ][AsyncSock         ] [xrootd.ba.infn.it:1094 #0.0] Socket error while handshaking: [ERROR] Socket timeout
[2022-12-20 10:41:08.139614 +0100][Error  ][PostMaster        ] [xrootd.ba.infn.it:1094 #0] elapsed = 46, pConnectionWindow = 31 seconds.
[2022-12-20 10:41:08.139630 +0100][Error  ][PostMaster        ] [xrootd.ba.infn.it:1094 #0] Unable to recover: [ERROR] Socket timeout.
[2022-12-20 10:41:08.139639 +0100][Error  ][XRootD            ] [xrootd.ba.infn.it:1094] Impossible to send message kXR_open (file: /store/user/alesauva/flashgg/UL2017_4/10_6_4/WHiggs0L1ToGG_M125_TuneCP5_13TeV-JHUGenV7011-pythia8/UL2017_4-10_6_4-v0-RunIISummer19UL17MiniAOD-106X_mc2017_realistic_v6-v2/200720_155007/0000/myMicroAODOutputFile_14.root?tried=stor72.datagrid.cea.fr, mode: 0660, flags: kXR_open_read kXR_async kXR_retstat ). Trying to recover.
Begin processing the 8001st record. Run 1, Event 313305, LumiSection 3134 on stream 0 at 20-Dec-2022 10:44:32.460 CET
[2022-12-20 10:46:37.644472 +0100][Error  ][AsyncSock         ] [xrootd.ba.infn.it:1094 #0.0] Socket error while handshaking: [ERROR] Socket timeout
[2022-12-20 10:46:37.644602 +0100][Error  ][PostMaster        ] [xrootd.ba.infn.it:1094 #0] elapsed = 45, pConnectionWindow = 31 seconds.
[2022-12-20 10:47:22.875225 +0100][Error  ][AsyncSock         ] [xrootd.ba.infn.it:1094 #0.0] Socket error while handshaking: [ERROR] Socket timeout
[2022-12-20 10:47:22.875356 +0100][Error  ][PostMaster        ] [xrootd.ba.infn.it:1094 #0] elapsed = 45, pConnectionWindow = 31 seconds.
[2022-12-20 10:47:22.875380 +0100][Error  ][PostMaster        ] [xrootd.ba.infn.it:1094 #0] Unable to recover: [ERROR] Socket timeout.
[2022-12-20 10:47:22.875408 +0100][Error  ][XRootD            ] [xrootd.ba.infn.it:1094] Impossible to send message kXR_open (file: /store/user/alesauva/flashgg/UL2017_4/10_6_4/WHiggs0L1ToGG_M125_TuneCP5_13TeV-JHUGenV7011-pythia8/UL2017_4-10_6_4-v0-RunIISummer19UL17MiniAOD-106X_mc2017_realistic_v6-v2/200720_155007/0000/myMicroAODOutputFile_14.root?tried=stor72.datagrid.cea.fr,node12.datagrid.cea.fr,xrootd-redic.pi.infn.it&triedrc=enoent, mode: 0660, flags: kXR_open_read kXR_async kXR_retstat ). Trying to recover.
Begin processing the 9001st record. Run 1, Event 395104, LumiSection 3952 on stream 0 at 20-Dec-2022 10:47:47.177 CET
Begin processing the 10001st record. Run 1, Event 396105, LumiSection 3962 on stream 0 at 20-Dec-2022 10:50:56.385 CET
[2022-12-20 10:52:35.183185 +0100][Error  ][AsyncSock         ] [xrootd.ba.infn.it:1094 #0.0] Socket error while handshaking: [ERROR] Socket timeout
[2022-12-20 10:52:35.183289 +0100][Error  ][PostMaster        ] [xrootd.ba.infn.it:1094 #0] elapsed = 45, pConnectionWindow = 31 seconds.
[2022-12-20 10:53:20.426511 +0100][Error  ][AsyncSock         ] [xrootd.ba.infn.it:1094 #0.0] Socket error while handshaking: [ERROR] Socket timeout
[2022-12-20 10:53:20.426618 +0100][Error  ][PostMaster        ] [xrootd.ba.infn.it:1094 #0] elapsed = 45, pConnectionWindow = 31 seconds.
[2022-12-20 10:53:20.426635 +0100][Error  ][PostMaster        ] [xrootd.ba.infn.it:1094 #0] Unable to recover: [ERROR] Socket timeout.
[2022-12-20 10:53:20.426645 +0100][Error  ][XRootD            ] [xrootd.ba.infn.it:1094] Impossible to send message kXR_open (file: /store/user/alesauva/flashgg/UL2017_4/10_6_4/WHiggs0L1ToGG_M125_TuneCP5_13TeV-JHUGenV7011-pythia8/UL2017_4-10_6_4-v0-RunIISummer19UL17MiniAOD-106X_mc2017_realistic_v6-v2/200720_155007/0000/myMicroAODOutputFile_14.root?tried=+1213llrxrd-redir.in2p3.fr,+1213xrootd-cms-redir-int.cr.cnaf.infn.it,+1413xrootd-cms-redir-int.cr.cnaf.infn.it,+1413llrxrd-redir.in2p3.fr,stor72.datagrid.cea.fr,node12.datagrid.cea.fr,xrootd-redic.pi.infn.it&triedrc=enoent, mode: 0660, flags: kXR_open_read kXR_async kXR_retstat ). Trying to recover.
Begin processing the 11001st record. Run 1, Event 527911, LumiSection 5280 on stream 0 at 20-Dec-2022 10:54:10.611 CET
Begin processing the 12001st record. Run 1, Event 528905, LumiSection 5290 on stream 0 at 20-Dec-2022 10:57:13.696 CET
Begin processing the 13001st record. Run 1, Event 529906, LumiSection 5300 on stream 0 at 20-Dec-2022 11:00:17.813 CET
[2022-12-20 11:01:16.911455 +0100][Error  ][AsyncSock         ] [xrootd.ba.infn.it:1094 #0.0] Socket error while handshaking: [ERROR] Socket timeout
[2022-12-20 11:01:16.911541 +0100][Error  ][PostMaster        ] [xrootd.ba.infn.it:1094 #0] elapsed = 45, pConnectionWindow = 31 seconds.
[2022-12-20 11:02:01.107486 +0100][Error  ][AsyncSock         ] [xrootd.ba.infn.it:1094 #0.0] Socket error while handshaking: [ERROR] Socket timeout
[2022-12-20 11:02:01.107574 +0100][Error  ][PostMaster        ] [xrootd.ba.infn.it:1094 #0] elapsed = 45, pConnectionWindow = 31 seconds.
[2022-12-20 11:02:01.107590 +0100][Error  ][PostMaster        ] [xrootd.ba.infn.it:1094 #0] Unable to recover: [ERROR] Socket timeout.
[2022-12-20 11:02:01.107601 +0100][Error  ][XRootD            ] [xrootd.ba.infn.it:1094] Impossible to send message kXR_open (file: /store/user/alesauva/flashgg/UL2017_4/10_6_4/WHiggs0L1ToGG_M125_TuneCP5_13TeV-JHUGenV7011-pythia8/UL2017_4-10_6_4-v0-RunIISummer19UL17MiniAOD-106X_mc2017_realistic_v6-v2/200720_155007/0000/myMicroAODOutputFile_14.root?tried=stor72.datagrid.cea.fr, mode: 0660, flags: kXR_open_read kXR_async kXR_retstat ). Trying to recover.
Begin processing the 14001st record. Run 1, Event 554703, LumiSection 5548 on stream 0 at 20-Dec-2022 11:03:20.799 CET
Begin processing the 15001st record. Run 1, Event 555707, LumiSection 5558 on stream 0 at 20-Dec-2022 11:06:17.604 CET
[2022-12-20 11:06:51.343577 +0100][Error  ][AsyncSock         ] [xrootd.ba.infn.it:1094 #0.0] Socket error while handshaking: [ERROR] Socket timeout
[2022-12-20 11:06:51.343717 +0100][Error  ][PostMaster        ] [xrootd.ba.infn.it:1094 #0] elapsed = 45, pConnectionWindow = 31 seconds.
[2022-12-20 11:07:36.593554 +0100][Error  ][AsyncSock         ] [xrootd.ba.infn.it:1094 #0.0] Socket error while handshaking: [ERROR] Socket timeout
[2022-12-20 11:07:36.593716 +0100][Error  ][PostMaster        ] [xrootd.ba.infn.it:1094 #0] elapsed = 45, pConnectionWindow = 31 seconds.
[2022-12-20 11:07:36.593744 +0100][Error  ][PostMaster        ] [xrootd.ba.infn.it:1094 #0] Unable to recover: [ERROR] Socket timeout.
[2022-12-20 11:07:36.593777 +0100][Error  ][XRootD            ] [xrootd.ba.infn.it:1094] Impossible to send message kXR_open (file: /store/user/alesauva/flashgg/UL2017_4/10_6_4/WHiggs0L1ToGG_M125_TuneCP5_13TeV-JHUGenV7011-pythia8/UL2017_4-10_6_4-v0-RunIISummer19UL17MiniAOD-106X_mc2017_realistic_v6-v2/200720_155007/0000/myMicroAODOutputFile_14.root?tried=stor72.datagrid.cea.fr, mode: 0660, flags: kXR_open_read kXR_async kXR_retstat ). Trying to recover.
Begin processing the 16001st record. Run 1, Event 556707, LumiSection 5568 on stream 0 at 20-Dec-2022 11:09:25.064 CET
Begin processing the 17001st record. Run 1, Event 560704, LumiSection 5608 on stream 0 at 20-Dec-2022 11:12:17.458 CET
[2022-12-20 11:12:25.237055 +0100][Error  ][AsyncSock         ] [xrootd.ba.infn.it:1094 #0.0] Socket error while handshaking: [ERROR] Socket timeout
[2022-12-20 11:12:25.237183 +0100][Error  ][PostMaster        ] [xrootd.ba.infn.it:1094 #0] elapsed = 45, pConnectionWindow = 31 seconds.
[2022-12-20 11:13:10.489481 +0100][Error  ][AsyncSock         ] [xrootd.ba.infn.it:1094 #0.0] Socket error while handshaking: [ERROR] Socket timeout
[2022-12-20 11:13:10.489609 +0100][Error  ][PostMaster        ] [xrootd.ba.infn.it:1094 #0] elapsed = 45, pConnectionWindow = 31 seconds.
[2022-12-20 11:13:10.489625 +0100][Error  ][PostMaster        ] [xrootd.ba.infn.it:1094 #0] Unable to recover: [ERROR] Socket timeout.
[2022-12-20 11:13:10.489634 +0100][Error  ][XRootD            ] [xrootd.ba.infn.it:1094] Impossible to send message kXR_open (file: /store/user/alesauva/flashgg/UL2017_4/10_6_4/WHiggs0L1ToGG_M125_TuneCP5_13TeV-JHUGenV7011-pythia8/UL2017_4-10_6_4-v0-RunIISummer19UL17MiniAOD-106X_mc2017_realistic_v6-v2/200720_155007/0000/myMicroAODOutputFile_14.root?tried=stor72.datagrid.cea.fr, mode: 0660, flags: kXR_open_read kXR_async kXR_retstat ). Trying to recover.
Begin processing the 18001st record. Run 1, Event 561706, LumiSection 5618 on stream 0 at 20-Dec-2022 11:15:23.308 CET
Begin processing the 19001st record. Run 1, Event 715609, LumiSection 7157 on stream 0 at 20-Dec-2022 11:18:37.418 CET
[2022-12-20 11:21:19.116714 +0100][Error  ][AsyncSock         ] [xrootd.ba.infn.it:1094 #0.0] Socket error while handshaking: [ERROR] Socket timeout
[2022-12-20 11:21:19.116843 +0100][Error  ][PostMaster        ] [xrootd.ba.infn.it:1094 #0] elapsed = 45, pConnectionWindow = 31 seconds.
Begin processing the 20001st record. Run 1, Event 724113, LumiSection 7242 on stream 0 at 20-Dec-2022 11:21:43.835 CET
[2022-12-20 11:22:04.364462 +0100][Error  ][AsyncSock         ] [xrootd.ba.infn.it:1094 #0.0] Socket error while handshaking: [ERROR] Socket timeout
[2022-12-20 11:22:04.364587 +0100][Error  ][PostMaster        ] [xrootd.ba.infn.it:1094 #0] elapsed = 45, pConnectionWindow = 31 seconds.
[2022-12-20 11:22:04.364600 +0100][Error  ][PostMaster        ] [xrootd.ba.infn.it:1094 #0] Unable to recover: [ERROR] Socket timeout.
[2022-12-20 11:22:04.364609 +0100][Error  ][XRootD            ] [xrootd.ba.infn.it:1094] Impossible to send message kXR_open (file: /store/user/alesauva/flashgg/UL2017_4/10_6_4/WHiggs0L1ToGG_M125_TuneCP5_13TeV-JHUGenV7011-pythia8/UL2017_4-10_6_4-v0-RunIISummer19UL17MiniAOD-106X_mc2017_realistic_v6-v2/200720_155007/0000/myMicroAODOutputFile_14.root?tried=stor72.datagrid.cea.fr, mode: 0660, flags: kXR_open_read kXR_async kXR_retstat ). Trying to recover.
Begin processing the 21001st record. Run 1, Event 725314, LumiSection 7254 on stream 0 at 20-Dec-2022 11:24:49.505 CET
[2022-12-20 11:27:04.505515 +0100][Error  ][AsyncSock         ] [xrootd.ba.infn.it:1094 #0.0] Socket error while handshaking: [ERROR] Socket timeout
[2022-12-20 11:27:04.505688 +0100][Error  ][PostMaster        ] [xrootd.ba.infn.it:1094 #0] elapsed = 45, pConnectionWindow = 31 seconds.
[2022-12-20 11:27:49.728648 +0100][Error  ][AsyncSock         ] [xrootd.ba.infn.it:1094 #0.0] Socket error while handshaking: [ERROR] Socket timeout
[2022-12-20 11:27:49.728759 +0100][Error  ][PostMaster        ] [xrootd.ba.infn.it:1094 #0] elapsed = 45, pConnectionWindow = 31 seconds.
[2022-12-20 11:27:49.728791 +0100][Error  ][PostMaster        ] [xrootd.ba.infn.it:1094 #0] Unable to recover: [ERROR] Socket timeout.
[2022-12-20 11:27:49.728801 +0100][Error  ][XRootD            ] [xrootd.ba.infn.it:1094] Impossible to send message kXR_open (file: /store/user/alesauva/flashgg/UL2017_4/10_6_4/WHiggs0L1ToGG_M125_TuneCP5_13TeV-JHUGenV7011-pythia8/UL2017_4-10_6_4-v0-RunIISummer19UL17MiniAOD-106X_mc2017_realistic_v6-v2/200720_155007/0000/myMicroAODOutputFile_14.root?tried=stor72.datagrid.cea.fr, mode: 0660, flags: kXR_open_read kXR_async kXR_retstat ). Trying to recover.
Begin processing the 22001st record. Run 1, Event 703606, LumiSection 7037 on stream 0 at 20-Dec-2022 11:27:58.942 CET
Begin processing the 23001st record. Run 1, Event 710002, LumiSection 7101 on stream 0 at 20-Dec-2022 11:31:02.618 CET
Begin processing the 24001st record. Run 1, Event 711009, LumiSection 7111 on stream 0 at 20-Dec-2022 11:34:04.699 CET
[2022-12-20 11:35:43.302546 +0100][Error  ][AsyncSock         ] [xrootd.ba.infn.it:1094 #0.0] Socket error while handshaking: [ERROR] Socket timeout
[2022-12-20 11:35:43.302707 +0100][Error  ][PostMaster        ] [xrootd.ba.infn.it:1094 #0] elapsed = 45, pConnectionWindow = 31 seconds.
[2022-12-20 11:36:28.544494 +0100][Error  ][AsyncSock         ] [xrootd.ba.infn.it:1094 #0.0] Socket error while handshaking: [ERROR] Socket timeout
[2022-12-20 11:36:28.544629 +0100][Error  ][PostMaster        ] [xrootd.ba.infn.it:1094 #0] elapsed = 45, pConnectionWindow = 31 seconds.
[2022-12-20 11:36:28.544645 +0100][Error  ][PostMaster        ] [xrootd.ba.infn.it:1094 #0] Unable to recover: [ERROR] Socket timeout.
[2022-12-20 11:36:28.544657 +0100][Error  ][XRootD            ] [xrootd.ba.infn.it:1094] Impossible to send message kXR_open (file: /store/user/alesauva/flashgg/UL2017_4/10_6_4/WHiggs0L1ToGG_M125_TuneCP5_13TeV-JHUGenV7011-pythia8/UL2017_4-10_6_4-v0-RunIISummer19UL17MiniAOD-106X_mc2017_realistic_v6-v2/200720_155007/0000/myMicroAODOutputFile_14.root?tried=stor72.datagrid.cea.fr, mode: 0660, flags: kXR_open_read kXR_async kXR_retstat ). Trying to recover.
20-Dec-2022 11:37:13 CET  Closed file root://cms-xrd-global.cern.ch//store/user/alesauva/flashgg/UL2017_4/10_6_4/WHiggs0L1ToGG_M125_TuneCP5_13TeV-JHUGenV7011-pythia8/UL2017_4-10_6_4-v0-RunIISummer19UL17MiniAOD-106X_mc2017_realistic_v6-v2/200720_155007/0000/myMicroAODOutputFile_14.root

TrigReport ---------- Event  Summary ------------
TrigReport Events total = 25000 passed = 24651 failed = 349

TrigReport ---------- Path   Summary ------------
TrigReport  Trig Bit#   Executed     Passed     Failed      Error Name
TrigReport     1    0      25000      24651        349          0 p

TrigReport -------End-Path   Summary ------------
TrigReport  Trig Bit#   Executed     Passed     Failed      Error Name

TrigReport ---------- Modules in Path: p ------------
TrigReport  Trig Bit#    Visited     Passed     Failed      Error Name
TrigReport     1    0      25000      24651        349          0 flashggMetFilters
TrigReport     1    1      24651      24651          0          0 VHFilter
TrigReport     1    2      24651      24651          0          0 flashggDifferentialPhoIdInputsCorrection
TrigReport     1    3      24651      24651          0          0 flashggDiPhotonSystematics
TrigReport     1    4      24651      24651          0          0 flashggMetSystematics
TrigReport     1    5      24651      24651          0          0 flashggMuonSystematics
TrigReport     1    6      24651      24651          0          0 flashggElectronSystematics
TrigReport     1    7      24651      24651          0          0 flashggUnpackedJets
TrigReport     1    8      24651      24651          0          0 flashggJetSystematics0
TrigReport     1    9      24651      24651          0          0 flashggJetSystematics1
TrigReport     1   10      24651      24651          0          0 flashggJetSystematics2
TrigReport     1   11      24651      24651          0          0 flashggJetSystematics3
TrigReport     1   12      24651      24651          0          0 flashggJetSystematics4
TrigReport     1   13      24651      24651          0          0 flashggJetSystematics5
TrigReport     1   14      24651      24651          0          0 flashggJetSystematics6
TrigReport     1   15      24651      24651          0          0 flashggJetSystematics7
TrigReport     1   16      24651      24651          0          0 flashggJetSystematics8
TrigReport     1   17      24651      24651          0          0 flashggJetSystematics9
TrigReport     1   18      24651      24651          0          0 flashggJetSystematics10
TrigReport     1   19      24651      24651          0          0 flashggJetSystematics11
TrigReport     1   20      24651      24651          0          0 flashggPrefireDiPhotons
TrigReport     1   21      24651      24651          0          0 flashggPreselectedDiPhotons
TrigReport     1   22      24651      24651          0          0 flashggDiPhotonMVA
TrigReport     1   23      24651      24651          0          0 flashggVBFMVA
TrigReport     1   24      24651      24651          0          0 flashggVHhadMVA
TrigReport     1   25      24651      24651          0          0 flashggGluGluHMVA
TrigReport     1   26      24651      24651          0          0 flashggStageOneCombinedTag
TrigReport     1   27      24651      24651          0          0 flashggTHQLeptonicTag
TrigReport     1   28      24651      24651          0          0 flashggVHMetTag
TrigReport     1   29      24651      24651          0          0 flashggWHLeptonicTag
TrigReport     1   30      24651      24651          0          0 flashggZHLeptonicTag
TrigReport     1   31      24651      24651          0          0 flashggTTHLeptonicTag
TrigReport     1   32      24651      24651          0          0 flashggTTHHadronicTag
TrigReport     1   33      24651      24651          0          0 flashggTagSorter
TrigReport     1   34      24651      24651          0          0 flashggSystTagMerger
TrigReport     1   35      24651      24651          0          0 tagsDumper

TrigReport ---------- Module Summary ------------
TrigReport    Visited   Executed     Passed     Failed      Error Name
TrigReport      25000      25000      25000          0          0 TriggerResults
TrigReport      24651      24651      24651          0          0 VHFilter
TrigReport      24651      24651      24651          0          0 ak4PFCHSL1FastL2L3Corrector
TrigReport      24651      24651      24651          0          0 ak4PFCHSL1FastjetCorrector
TrigReport      24651      24651      24651          0          0 ak4PFCHSL2RelativeCorrector
TrigReport      24651      24651      24651          0          0 ak4PFCHSL3AbsoluteCorrector
TrigReport      24651      24651      24651          0          0 flashggDiPhotonMVA
TrigReport      24651      24651      24651          0          0 flashggDiPhotonSystematics
TrigReport      24651      24651      24651          0          0 flashggDifferentialPhoIdInputsCorrection
TrigReport      24651      24651      24651          0          0 flashggElectronSystematics
TrigReport      24651      24651      24651          0          0 flashggGluGluHMVA
TrigReport      24651      24651      24651          0          0 flashggJetSystematics0
TrigReport      24651      24651      24651          0          0 flashggJetSystematics1
TrigReport      24651      24651      24651          0          0 flashggJetSystematics10
TrigReport      24651      24651      24651          0          0 flashggJetSystematics11
TrigReport      24651      24651      24651          0          0 flashggJetSystematics2
TrigReport      24651      24651      24651          0          0 flashggJetSystematics3
TrigReport      24651      24651      24651          0          0 flashggJetSystematics4
TrigReport      24651      24651      24651          0          0 flashggJetSystematics5
TrigReport      24651      24651      24651          0          0 flashggJetSystematics6
TrigReport      24651      24651      24651          0          0 flashggJetSystematics7
TrigReport      24651      24651      24651          0          0 flashggJetSystematics8
TrigReport      24651      24651      24651          0          0 flashggJetSystematics9
TrigReport      25000      25000      24651        349          0 flashggMetFilters
TrigReport      24651      24651      24651          0          0 flashggMetSystematics
TrigReport      24651      24651      24651          0          0 flashggMuonSystematics
TrigReport      24651      24651      24651          0          0 flashggPrefireDiPhotons
TrigReport      24651      24651      24651          0          0 flashggPreselectedDiPhotons
TrigReport      24651      24651      24651          0          0 flashggStageOneCombinedTag
TrigReport      24651      24651      24651          0          0 flashggSystTagMerger
TrigReport      24651      24651      24651          0          0 flashggTHQLeptonicTag
TrigReport      24651      24651      24651          0          0 flashggTTHHadronicTag
TrigReport      24651      24651      24651          0          0 flashggTTHLeptonicTag
TrigReport      24651      24651      24651          0          0 flashggTagSorter
TrigReport      24651      24651      24651          0          0 flashggUnpackedJets
TrigReport      24651      24651      24651          0          0 flashggVBFMVA
TrigReport      24651      24651      24651          0          0 flashggVHMetTag
TrigReport      24651      24651      24651          0          0 flashggVHhadMVA
TrigReport      24651      24651      24651          0          0 flashggWHLeptonicTag
TrigReport      24651      24651      24651          0          0 flashggZHLeptonicTag
TrigReport      25000      25000      25000          0          0 p
TrigReport      24651      24651      24651          0          0 tagsDumper

TimeReport ---------- Event  Summary ---[sec]----
TimeReport       event loop CPU/event = 0.185266
TimeReport      event loop Real/event = 0.186530
TimeReport     sum Streams Real/event = 0.180250
TimeReport efficiency CPU/Real/thread = 0.993222

TimeReport ---------- Path   Summary ---[Real sec]----
TimeReport  per event     per exec  Name
TimeReport   0.179655     0.179655  p
TimeReport  per event     per exec  Name

TimeReport -------End-Path   Summary ---[Real sec]----
TimeReport  per event     per exec  Name
TimeReport  per event     per exec  Name

TimeReport ---------- Modules in Path: p ---[Real sec]----
TimeReport  per event    per visit  Name
TimeReport   0.000024     0.000024  flashggMetFilters
TimeReport   0.000009     0.000009  VHFilter
TimeReport   0.082648     0.083818  flashggDifferentialPhoIdInputsCorrection
TimeReport   0.071138     0.072145  flashggDiPhotonSystematics
TimeReport   0.000238     0.000242  flashggMetSystematics
TimeReport   0.000071     0.000072  flashggMuonSystematics
TimeReport   0.000056     0.000057  flashggElectronSystematics
TimeReport   0.000393     0.000399  flashggUnpackedJets
TimeReport   0.005915     0.005999  flashggJetSystematics0
TimeReport   0.001159     0.001176  flashggJetSystematics1
TimeReport   0.001040     0.001054  flashggJetSystematics2
TimeReport   0.001009     0.001023  flashggJetSystematics3
TimeReport   0.000996     0.001010  flashggJetSystematics4
TimeReport   0.000987     0.001001  flashggJetSystematics5
TimeReport   0.000982     0.000996  flashggJetSystematics6
TimeReport   0.000979     0.000993  flashggJetSystematics7
TimeReport   0.000978     0.000991  flashggJetSystematics8
TimeReport   0.000972     0.000986  flashggJetSystematics9
TimeReport   0.000972     0.000986  flashggJetSystematics10
TimeReport   0.000971     0.000985  flashggJetSystematics11
TimeReport   0.000543     0.000551  flashggPrefireDiPhotons
TimeReport   0.000188     0.000190  flashggPreselectedDiPhotons
TimeReport   0.000042     0.000043  flashggDiPhotonMVA
TimeReport   0.000046     0.000047  flashggVBFMVA
TimeReport   0.000026     0.000026  flashggVHhadMVA
TimeReport   0.000073     0.000074  flashggGluGluHMVA
TimeReport   0.000048     0.000048  flashggStageOneCombinedTag
TimeReport   0.000444     0.000451  flashggTHQLeptonicTag
TimeReport   0.000403     0.000409  flashggVHMetTag
TimeReport   0.000058     0.000059  flashggWHLeptonicTag
TimeReport   0.000030     0.000031  flashggZHLeptonicTag
TimeReport   0.000287     0.000291  flashggTTHLeptonicTag
TimeReport   0.002105     0.002135  flashggTTHHadronicTag
TimeReport   0.000112     0.000113  flashggTagSorter
TimeReport   0.000006     0.000006  flashggSystTagMerger
TimeReport   0.000404     0.000409  tagsDumper
TimeReport  per event    per visit  Name

TimeReport ---------- Module Summary ---[Real sec]----
TimeReport  per event     per exec    per visit  Name
TimeReport   0.000003     0.000003     0.000003  TriggerResults
TimeReport   0.000009     0.000009     0.000009  VHFilter
TimeReport   0.000004     0.000004     0.000004  ak4PFCHSL1FastL2L3Corrector
TimeReport   0.000005     0.000005     0.000005  ak4PFCHSL1FastjetCorrector
TimeReport   0.000002     0.000002     0.000002  ak4PFCHSL2RelativeCorrector
TimeReport   0.000012     0.000012     0.000012  ak4PFCHSL3AbsoluteCorrector
TimeReport   0.000042     0.000043     0.000043  flashggDiPhotonMVA
TimeReport   0.071138     0.072145     0.072145  flashggDiPhotonSystematics
TimeReport   0.082648     0.083818     0.083818  flashggDifferentialPhoIdInputsCorrection
TimeReport   0.000056     0.000057     0.000057  flashggElectronSystematics
TimeReport   0.000073     0.000074     0.000074  flashggGluGluHMVA
TimeReport   0.005915     0.005999     0.005999  flashggJetSystematics0
TimeReport   0.001159     0.001176     0.001176  flashggJetSystematics1
TimeReport   0.000972     0.000986     0.000986  flashggJetSystematics10
TimeReport   0.000971     0.000985     0.000985  flashggJetSystematics11
TimeReport   0.001040     0.001054     0.001054  flashggJetSystematics2
TimeReport   0.001009     0.001023     0.001023  flashggJetSystematics3
TimeReport   0.000996     0.001010     0.001010  flashggJetSystematics4
TimeReport   0.000987     0.001001     0.001001  flashggJetSystematics5
TimeReport   0.000982     0.000996     0.000996  flashggJetSystematics6
TimeReport   0.000979     0.000993     0.000993  flashggJetSystematics7
TimeReport   0.000978     0.000991     0.000991  flashggJetSystematics8
TimeReport   0.000972     0.000986     0.000986  flashggJetSystematics9
TimeReport   0.000024     0.000024     0.000024  flashggMetFilters
TimeReport   0.000238     0.000242     0.000242  flashggMetSystematics
TimeReport   0.000071     0.000072     0.000072  flashggMuonSystematics
TimeReport   0.000543     0.000551     0.000551  flashggPrefireDiPhotons
TimeReport   0.000188     0.000190     0.000190  flashggPreselectedDiPhotons
TimeReport   0.000048     0.000048     0.000048  flashggStageOneCombinedTag
TimeReport   0.000006     0.000006     0.000006  flashggSystTagMerger
TimeReport   0.000444     0.000451     0.000451  flashggTHQLeptonicTag
TimeReport   0.002105     0.002135     0.002135  flashggTTHHadronicTag
TimeReport   0.000287     0.000291     0.000291  flashggTTHLeptonicTag
TimeReport   0.000112     0.000113     0.000113  flashggTagSorter
TimeReport   0.000393     0.000399     0.000399  flashggUnpackedJets
TimeReport   0.000046     0.000047     0.000047  flashggVBFMVA
TimeReport   0.000403     0.000409     0.000409  flashggVHMetTag
TimeReport   0.000026     0.000026     0.000026  flashggVHhadMVA
TimeReport   0.000058     0.000059     0.000059  flashggWHLeptonicTag
TimeReport   0.000030     0.000031     0.000031  flashggZHLeptonicTag
TimeReport   0.000004     0.000004     0.000004  p
TimeReport   0.000404     0.000409     0.000409  tagsDumper
TimeReport  per event     per exec    per visit  Name

T---Report end!


=============================================

MessageLogger Summary

 type     category        sev    module        subroutine        count    total
 ---- -------------------- -- ---------------- ----------------  -----    -----
    1 XrdAdaptor           -w file_open                              1        1
    2 fileAction           -s file_close                             1        1
    3 fileAction           -s file_open                              2        2

 type    category    Examples: run/evt        run/evt          run/evt
 ---- -------------------- ---------------- ---------------- ----------------
    1 XrdAdaptor           pre-events                        
    2 fileAction           PostGlobalEndRun                  
    3 fileAction           pre-events       pre-events       

Severity    # Occurrences   Total Occurrences
--------    -------------   -----------------
Warning                 1                   1
System                  3                   3

dropped waiting message count 0
