mkdir: cannot create directory '/afs/cern.ch/user/x/xisu/private/local/Analysis_workspace/VH_AC_tmp1/flashgg_d2/CMSSW_10_6_29/src/flashgg/VHAC_Analysis_Met/UL_17/UL_17_wh125': File exists
/cvmfs/cms.cern.ch/slc7_amd64_gcc700/external/py2-requests/2.21.0-pafccj2/lib/python2.7/site-packages/requests/__init__.py:91: RequestsDependencyWarning: urllib3 (1.25.2) or chardet (3.0.4) doesn't match a supported version!
  RequestsDependencyWarning)
20-Dec-2022 10:05:01 CET  Initiating request to open file root://cms-xrd-global.cern.ch//store/user/alesauva/flashgg/UL2017_4/10_6_4/WHiggs0PMToGG_M125_TuneCP5_13TeV-JHUGenV7011-pythia8/UL2017_4-10_6_4-v0-RunIISummer19UL17MiniAOD-106X_mc2017_realistic_v6-v2/200720_160815/0000/myMicroAODOutputFile_4.root
%MSG-w XrdAdaptor:  file_open 20-Dec-2022 10:05:03 CET pre-events
Data is served from GRIF-IRFU instead of original site CERN-CMSGLOBAL-02
%MSG
20-Dec-2022 10:05:04 CET  Successfully opened file root://cms-xrd-global.cern.ch//store/user/alesauva/flashgg/UL2017_4/10_6_4/WHiggs0PMToGG_M125_TuneCP5_13TeV-JHUGenV7011-pythia8/UL2017_4-10_6_4-v0-RunIISummer19UL17MiniAOD-106X_mc2017_realistic_v6-v2/200720_160815/0000/myMicroAODOutputFile_4.root
2022-12-20 10:17:25.279061: I tensorflow/core/platform/cpu_feature_guard.cc:140] Your CPU supports instructions that this TensorFlow binary was not compiled to use: SSE4.1 SSE4.2 AVX AVX2 FMA
Begin processing the 1st record. Run 1, Event 149907, LumiSection 1500 on stream 0 at 20-Dec-2022 10:18:14.207 CET
[2022-12-20 10:18:57.420313 +0100][Error  ][AsyncSock         ] [xrootd.ba.infn.it:1094 #0.0] Socket error while handshaking: [ERROR] Socket timeout
[2022-12-20 10:18:57.420513 +0100][Error  ][PostMaster        ] [xrootd.ba.infn.it:1094 #0] elapsed = 45, pConnectionWindow = 31 seconds.
[2022-12-20 10:19:42.684628 +0100][Error  ][AsyncSock         ] [xrootd.ba.infn.it:1094 #0.0] Socket error while handshaking: [ERROR] Socket timeout
[2022-12-20 10:19:42.684800 +0100][Error  ][PostMaster        ] [xrootd.ba.infn.it:1094 #0] elapsed = 45, pConnectionWindow = 31 seconds.
[2022-12-20 10:19:42.684835 +0100][Error  ][PostMaster        ] [xrootd.ba.infn.it:1094 #0] Unable to recover: [ERROR] Socket timeout.
[2022-12-20 10:19:42.684855 +0100][Error  ][XRootD            ] [xrootd.ba.infn.it:1094] Impossible to send message kXR_open (file: /store/user/alesauva/flashgg/UL2017_4/10_6_4/WHiggs0PMToGG_M125_TuneCP5_13TeV-JHUGenV7011-pythia8/UL2017_4-10_6_4-v0-RunIISummer19UL17MiniAOD-106X_mc2017_realistic_v6-v2/200720_160815/0000/myMicroAODOutputFile_4.root?tried=stor91.datagrid.cea.fr, mode: 0660, flags: kXR_open_read kXR_async kXR_retstat ). Trying to recover.
Begin processing the 1001st record. Run 1, Event 150905, LumiSection 1510 on stream 0 at 20-Dec-2022 10:22:02.232 CET
Begin processing the 2001st record. Run 1, Event 170401, LumiSection 1705 on stream 0 at 20-Dec-2022 10:23:45.814 CET
[2022-12-20 10:24:47.888259 +0100][Error  ][AsyncSock         ] [xrootd.ba.infn.it:1094 #0.0] Socket error while handshaking: [ERROR] Socket timeout
[2022-12-20 10:24:47.888419 +0100][Error  ][PostMaster        ] [xrootd.ba.infn.it:1094 #0] elapsed = 45, pConnectionWindow = 31 seconds.
Begin processing the 3001st record. Run 1, Event 172301, LumiSection 1724 on stream 0 at 20-Dec-2022 10:25:28.183 CET
[2022-12-20 10:25:32.128757 +0100][Error  ][AsyncSock         ] [xrootd.ba.infn.it:1094 #0.0] Socket error while handshaking: [ERROR] Socket timeout
[2022-12-20 10:25:32.128888 +0100][Error  ][PostMaster        ] [xrootd.ba.infn.it:1094 #0] elapsed = 45, pConnectionWindow = 31 seconds.
[2022-12-20 10:25:32.128900 +0100][Error  ][PostMaster        ] [xrootd.ba.infn.it:1094 #0] Unable to recover: [ERROR] Socket timeout.
[2022-12-20 10:25:32.128910 +0100][Error  ][XRootD            ] [xrootd.ba.infn.it:1094] Impossible to send message kXR_open (file: /store/user/alesauva/flashgg/UL2017_4/10_6_4/WHiggs0PMToGG_M125_TuneCP5_13TeV-JHUGenV7011-pythia8/UL2017_4-10_6_4-v0-RunIISummer19UL17MiniAOD-106X_mc2017_realistic_v6-v2/200720_160815/0000/myMicroAODOutputFile_4.root?tried=stor91.datagrid.cea.fr, mode: 0660, flags: kXR_open_read kXR_async kXR_retstat ). Trying to recover.
Begin processing the 4001st record. Run 1, Event 196302, LumiSection 1964 on stream 0 at 20-Dec-2022 10:27:09.861 CET
Begin processing the 5001st record. Run 1, Event 197302, LumiSection 1974 on stream 0 at 20-Dec-2022 10:28:56.507 CET
[2022-12-20 10:30:26.736060 +0100][Error  ][AsyncSock         ] [xrootd.ba.infn.it:1094 #0.0] Socket error while handshaking: [ERROR] Socket timeout
[2022-12-20 10:30:26.736181 +0100][Error  ][PostMaster        ] [xrootd.ba.infn.it:1094 #0] elapsed = 45, pConnectionWindow = 31 seconds.
Begin processing the 6001st record. Run 1, Event 369408, LumiSection 3695 on stream 0 at 20-Dec-2022 10:30:42.160 CET
[2022-12-20 10:31:11.972103 +0100][Error  ][AsyncSock         ] [xrootd.ba.infn.it:1094 #0.0] Socket error while handshaking: [ERROR] Socket timeout
[2022-12-20 10:31:11.972286 +0100][Error  ][PostMaster        ] [xrootd.ba.infn.it:1094 #0] elapsed = 45, pConnectionWindow = 31 seconds.
[2022-12-20 10:31:11.972297 +0100][Error  ][PostMaster        ] [xrootd.ba.infn.it:1094 #0] Unable to recover: [ERROR] Socket timeout.
[2022-12-20 10:31:11.972307 +0100][Error  ][XRootD            ] [xrootd.ba.infn.it:1094] Impossible to send message kXR_open (file: /store/user/alesauva/flashgg/UL2017_4/10_6_4/WHiggs0PMToGG_M125_TuneCP5_13TeV-JHUGenV7011-pythia8/UL2017_4-10_6_4-v0-RunIISummer19UL17MiniAOD-106X_mc2017_realistic_v6-v2/200720_160815/0000/myMicroAODOutputFile_4.root?tried=stor91.datagrid.cea.fr, mode: 0660, flags: kXR_open_read kXR_async kXR_retstat ). Trying to recover.
Begin processing the 7001st record. Run 1, Event 375104, LumiSection 3752 on stream 0 at 20-Dec-2022 10:32:30.727 CET
Begin processing the 8001st record. Run 1, Event 376803, LumiSection 3769 on stream 0 at 20-Dec-2022 10:34:32.816 CET
Begin processing the 9001st record. Run 1, Event 387602, LumiSection 3877 on stream 0 at 20-Dec-2022 10:36:25.963 CET
Begin processing the 10001st record. Run 1, Event 388605, LumiSection 3887 on stream 0 at 20-Dec-2022 10:38:10.435 CET
Begin processing the 11001st record. Run 1, Event 389602, LumiSection 3897 on stream 0 at 20-Dec-2022 10:39:59.530 CET
[2022-12-20 10:40:27.703126 +0100][Error  ][AsyncSock         ] [xrootd.ba.infn.it:1094 #0.0] Socket error while handshaking: [ERROR] Socket timeout
[2022-12-20 10:40:27.703302 +0100][Error  ][PostMaster        ] [xrootd.ba.infn.it:1094 #0] elapsed = 45, pConnectionWindow = 31 seconds.
[2022-12-20 10:41:12.957284 +0100][Error  ][AsyncSock         ] [xrootd.ba.infn.it:1094 #0.0] Socket error while handshaking: [ERROR] Socket timeout
[2022-12-20 10:41:12.957407 +0100][Error  ][PostMaster        ] [xrootd.ba.infn.it:1094 #0] elapsed = 45, pConnectionWindow = 31 seconds.
[2022-12-20 10:41:12.957419 +0100][Error  ][PostMaster        ] [xrootd.ba.infn.it:1094 #0] Unable to recover: [ERROR] Socket timeout.
[2022-12-20 10:41:12.957435 +0100][Error  ][XRootD            ] [xrootd.ba.infn.it:1094] Impossible to send message kXR_open (file: /store/user/alesauva/flashgg/UL2017_4/10_6_4/WHiggs0PMToGG_M125_TuneCP5_13TeV-JHUGenV7011-pythia8/UL2017_4-10_6_4-v0-RunIISummer19UL17MiniAOD-106X_mc2017_realistic_v6-v2/200720_160815/0000/myMicroAODOutputFile_4.root?tried=stor91.datagrid.cea.fr, mode: 0660, flags: kXR_open_read kXR_async kXR_retstat ). Trying to recover.
Begin processing the 12001st record. Run 1, Event 404202, LumiSection 4043 on stream 0 at 20-Dec-2022 10:41:48.495 CET
Begin processing the 13001st record. Run 1, Event 561503, LumiSection 5616 on stream 0 at 20-Dec-2022 10:43:37.026 CET
Begin processing the 14001st record. Run 1, Event 613701, LumiSection 6138 on stream 0 at 20-Dec-2022 10:45:25.187 CET
[2022-12-20 10:46:22.944134 +0100][Error  ][AsyncSock         ] [xrootd.ba.infn.it:1094 #0.0] Socket error while handshaking: [ERROR] Socket timeout
[2022-12-20 10:46:22.944302 +0100][Error  ][PostMaster        ] [xrootd.ba.infn.it:1094 #0] elapsed = 45, pConnectionWindow = 31 seconds.
[2022-12-20 10:47:07.173068 +0100][Error  ][AsyncSock         ] [xrootd.ba.infn.it:1094 #0.0] Socket error while handshaking: [ERROR] Socket timeout
[2022-12-20 10:47:07.173171 +0100][Error  ][PostMaster        ] [xrootd.ba.infn.it:1094 #0] elapsed = 45, pConnectionWindow = 31 seconds.
[2022-12-20 10:47:07.173184 +0100][Error  ][PostMaster        ] [xrootd.ba.infn.it:1094 #0] Unable to recover: [ERROR] Socket timeout.
[2022-12-20 10:47:07.173195 +0100][Error  ][XRootD            ] [xrootd.ba.infn.it:1094] Impossible to send message kXR_open (file: /store/user/alesauva/flashgg/UL2017_4/10_6_4/WHiggs0PMToGG_M125_TuneCP5_13TeV-JHUGenV7011-pythia8/UL2017_4-10_6_4-v0-RunIISummer19UL17MiniAOD-106X_mc2017_realistic_v6-v2/200720_160815/0000/myMicroAODOutputFile_4.root?tried=stor91.datagrid.cea.fr, mode: 0660, flags: kXR_open_read kXR_async kXR_retstat ). Trying to recover.
Begin processing the 15001st record. Run 1, Event 584202, LumiSection 5843 on stream 0 at 20-Dec-2022 10:47:20.961 CET
Begin processing the 16001st record. Run 1, Event 585203, LumiSection 5853 on stream 0 at 20-Dec-2022 10:49:07.866 CET
Begin processing the 17001st record. Run 1, Event 586203, LumiSection 5863 on stream 0 at 20-Dec-2022 10:50:49.717 CET
[2022-12-20 10:52:14.832058 +0100][Error  ][AsyncSock         ] [xrootd.ba.infn.it:1094 #0.0] Socket error while handshaking: [ERROR] Socket timeout
[2022-12-20 10:52:14.832272 +0100][Error  ][PostMaster        ] [xrootd.ba.infn.it:1094 #0] elapsed = 45, pConnectionWindow = 31 seconds.
Begin processing the 18001st record. Run 1, Event 587205, LumiSection 5873 on stream 0 at 20-Dec-2022 10:52:32.661 CET
[2022-12-20 10:53:00.084051 +0100][Error  ][AsyncSock         ] [xrootd.ba.infn.it:1094 #0.0] Socket error while handshaking: [ERROR] Socket timeout
[2022-12-20 10:53:00.084245 +0100][Error  ][PostMaster        ] [xrootd.ba.infn.it:1094 #0] elapsed = 46, pConnectionWindow = 31 seconds.
[2022-12-20 10:53:00.084262 +0100][Error  ][PostMaster        ] [xrootd.ba.infn.it:1094 #0] Unable to recover: [ERROR] Socket timeout.
[2022-12-20 10:53:00.084270 +0100][Error  ][XRootD            ] [xrootd.ba.infn.it:1094] Impossible to send message kXR_open (file: /store/user/alesauva/flashgg/UL2017_4/10_6_4/WHiggs0PMToGG_M125_TuneCP5_13TeV-JHUGenV7011-pythia8/UL2017_4-10_6_4-v0-RunIISummer19UL17MiniAOD-106X_mc2017_realistic_v6-v2/200720_160815/0000/myMicroAODOutputFile_4.root?tried=stor91.datagrid.cea.fr, mode: 0660, flags: kXR_open_read kXR_async kXR_retstat ). Trying to recover.
Begin processing the 19001st record. Run 1, Event 588202, LumiSection 5883 on stream 0 at 20-Dec-2022 10:54:24.092 CET
Begin processing the 20001st record. Run 1, Event 12305, LumiSection 124 on stream 0 at 20-Dec-2022 10:56:06.863 CET
Begin processing the 21001st record. Run 1, Event 412602, LumiSection 4127 on stream 0 at 20-Dec-2022 10:57:46.583 CET
[2022-12-20 10:57:56.734127 +0100][Error  ][AsyncSock         ] [xrootd.ba.infn.it:1094 #0.0] Socket error while handshaking: [ERROR] Socket timeout
[2022-12-20 10:57:56.734283 +0100][Error  ][PostMaster        ] [xrootd.ba.infn.it:1094 #0] elapsed = 45, pConnectionWindow = 31 seconds.
[2022-12-20 10:58:41.973075 +0100][Error  ][AsyncSock         ] [xrootd.ba.infn.it:1094 #0.0] Socket error while handshaking: [ERROR] Socket timeout
[2022-12-20 10:58:41.973293 +0100][Error  ][PostMaster        ] [xrootd.ba.infn.it:1094 #0] elapsed = 45, pConnectionWindow = 31 seconds.
[2022-12-20 10:58:41.973307 +0100][Error  ][PostMaster        ] [xrootd.ba.infn.it:1094 #0] Unable to recover: [ERROR] Socket timeout.
[2022-12-20 10:58:41.973317 +0100][Error  ][XRootD            ] [xrootd.ba.infn.it:1094] Impossible to send message kXR_open (file: /store/user/alesauva/flashgg/UL2017_4/10_6_4/WHiggs0PMToGG_M125_TuneCP5_13TeV-JHUGenV7011-pythia8/UL2017_4-10_6_4-v0-RunIISummer19UL17MiniAOD-106X_mc2017_realistic_v6-v2/200720_160815/0000/myMicroAODOutputFile_4.root?tried=stor91.datagrid.cea.fr, mode: 0660, flags: kXR_open_read kXR_async kXR_retstat ). Trying to recover.
Begin processing the 22001st record. Run 1, Event 342602, LumiSection 3427 on stream 0 at 20-Dec-2022 10:59:26.895 CET
Begin processing the 23001st record. Run 1, Event 684404, LumiSection 6845 on stream 0 at 20-Dec-2022 11:01:08.186 CET
Begin processing the 24001st record. Run 1, Event 626006, LumiSection 6261 on stream 0 at 20-Dec-2022 11:02:56.187 CET
[2022-12-20 11:03:23.981392 +0100][Error  ][AsyncSock         ] [xrootd.ba.infn.it:1094 #0.0] Socket error while handshaking: [ERROR] Socket timeout
[2022-12-20 11:03:23.981516 +0100][Error  ][PostMaster        ] [xrootd.ba.infn.it:1094 #0] elapsed = 45, pConnectionWindow = 31 seconds.
[2022-12-20 11:04:09.218917 +0100][Error  ][AsyncSock         ] [xrootd.ba.infn.it:1094 #0.0] Socket error while handshaking: [ERROR] Socket timeout
[2022-12-20 11:04:09.219096 +0100][Error  ][PostMaster        ] [xrootd.ba.infn.it:1094 #0] elapsed = 46, pConnectionWindow = 31 seconds.
[2022-12-20 11:04:09.219107 +0100][Error  ][PostMaster        ] [xrootd.ba.infn.it:1094 #0] Unable to recover: [ERROR] Socket timeout.
[2022-12-20 11:04:09.219117 +0100][Error  ][XRootD            ] [xrootd.ba.infn.it:1094] Impossible to send message kXR_open (file: /store/user/alesauva/flashgg/UL2017_4/10_6_4/WHiggs0PMToGG_M125_TuneCP5_13TeV-JHUGenV7011-pythia8/UL2017_4-10_6_4-v0-RunIISummer19UL17MiniAOD-106X_mc2017_realistic_v6-v2/200720_160815/0000/myMicroAODOutputFile_4.root?tried=stor91.datagrid.cea.fr, mode: 0660, flags: kXR_open_read kXR_async kXR_retstat ). Trying to recover.
20-Dec-2022 11:04:46 CET  Closed file root://cms-xrd-global.cern.ch//store/user/alesauva/flashgg/UL2017_4/10_6_4/WHiggs0PMToGG_M125_TuneCP5_13TeV-JHUGenV7011-pythia8/UL2017_4-10_6_4-v0-RunIISummer19UL17MiniAOD-106X_mc2017_realistic_v6-v2/200720_160815/0000/myMicroAODOutputFile_4.root

TrigReport ---------- Event  Summary ------------
TrigReport Events total = 25000 passed = 24868 failed = 132

TrigReport ---------- Path   Summary ------------
TrigReport  Trig Bit#   Executed     Passed     Failed      Error Name
TrigReport     1    0      25000      24868        132          0 p

TrigReport -------End-Path   Summary ------------
TrigReport  Trig Bit#   Executed     Passed     Failed      Error Name

TrigReport ---------- Modules in Path: p ------------
TrigReport  Trig Bit#    Visited     Passed     Failed      Error Name
TrigReport     1    0      25000      24868        132          0 flashggMetFilters
TrigReport     1    1      24868      24868          0          0 VHFilter
TrigReport     1    2      24868      24868          0          0 flashggDifferentialPhoIdInputsCorrection
TrigReport     1    3      24868      24868          0          0 flashggDiPhotonSystematics
TrigReport     1    4      24868      24868          0          0 flashggMetSystematics
TrigReport     1    5      24868      24868          0          0 flashggMuonSystematics
TrigReport     1    6      24868      24868          0          0 flashggElectronSystematics
TrigReport     1    7      24868      24868          0          0 flashggUnpackedJets
TrigReport     1    8      24868      24868          0          0 flashggJetSystematics0
TrigReport     1    9      24868      24868          0          0 flashggJetSystematics1
TrigReport     1   10      24868      24868          0          0 flashggJetSystematics2
TrigReport     1   11      24868      24868          0          0 flashggJetSystematics3
TrigReport     1   12      24868      24868          0          0 flashggJetSystematics4
TrigReport     1   13      24868      24868          0          0 flashggJetSystematics5
TrigReport     1   14      24868      24868          0          0 flashggJetSystematics6
TrigReport     1   15      24868      24868          0          0 flashggJetSystematics7
TrigReport     1   16      24868      24868          0          0 flashggJetSystematics8
TrigReport     1   17      24868      24868          0          0 flashggJetSystematics9
TrigReport     1   18      24868      24868          0          0 flashggJetSystematics10
TrigReport     1   19      24868      24868          0          0 flashggJetSystematics11
TrigReport     1   20      24868      24868          0          0 flashggPrefireDiPhotons
TrigReport     1   21      24868      24868          0          0 flashggPreselectedDiPhotons
TrigReport     1   22      24868      24868          0          0 flashggDiPhotonMVA
TrigReport     1   23      24868      24868          0          0 flashggVBFMVA
TrigReport     1   24      24868      24868          0          0 flashggVHhadMVA
TrigReport     1   25      24868      24868          0          0 flashggGluGluHMVA
TrigReport     1   26      24868      24868          0          0 flashggStageOneCombinedTag
TrigReport     1   27      24868      24868          0          0 flashggTHQLeptonicTag
TrigReport     1   28      24868      24868          0          0 flashggVHMetTag
TrigReport     1   29      24868      24868          0          0 flashggWHLeptonicTag
TrigReport     1   30      24868      24868          0          0 flashggZHLeptonicTag
TrigReport     1   31      24868      24868          0          0 flashggTTHLeptonicTag
TrigReport     1   32      24868      24868          0          0 flashggTTHHadronicTag
TrigReport     1   33      24868      24868          0          0 flashggTagSorter
TrigReport     1   34      24868      24868          0          0 flashggSystTagMerger
TrigReport     1   35      24868      24868          0          0 tagsDumper

TrigReport ---------- Module Summary ------------
TrigReport    Visited   Executed     Passed     Failed      Error Name
TrigReport      25000      25000      25000          0          0 TriggerResults
TrigReport      24868      24868      24868          0          0 VHFilter
TrigReport      24868      24868      24868          0          0 ak4PFCHSL1FastL2L3Corrector
TrigReport      24868      24868      24868          0          0 ak4PFCHSL1FastjetCorrector
TrigReport      24868      24868      24868          0          0 ak4PFCHSL2RelativeCorrector
TrigReport      24868      24868      24868          0          0 ak4PFCHSL3AbsoluteCorrector
TrigReport      24868      24868      24868          0          0 flashggDiPhotonMVA
TrigReport      24868      24868      24868          0          0 flashggDiPhotonSystematics
TrigReport      24868      24868      24868          0          0 flashggDifferentialPhoIdInputsCorrection
TrigReport      24868      24868      24868          0          0 flashggElectronSystematics
TrigReport      24868      24868      24868          0          0 flashggGluGluHMVA
TrigReport      24868      24868      24868          0          0 flashggJetSystematics0
TrigReport      24868      24868      24868          0          0 flashggJetSystematics1
TrigReport      24868      24868      24868          0          0 flashggJetSystematics10
TrigReport      24868      24868      24868          0          0 flashggJetSystematics11
TrigReport      24868      24868      24868          0          0 flashggJetSystematics2
TrigReport      24868      24868      24868          0          0 flashggJetSystematics3
TrigReport      24868      24868      24868          0          0 flashggJetSystematics4
TrigReport      24868      24868      24868          0          0 flashggJetSystematics5
TrigReport      24868      24868      24868          0          0 flashggJetSystematics6
TrigReport      24868      24868      24868          0          0 flashggJetSystematics7
TrigReport      24868      24868      24868          0          0 flashggJetSystematics8
TrigReport      24868      24868      24868          0          0 flashggJetSystematics9
TrigReport      25000      25000      24868        132          0 flashggMetFilters
TrigReport      24868      24868      24868          0          0 flashggMetSystematics
TrigReport      24868      24868      24868          0          0 flashggMuonSystematics
TrigReport      24868      24868      24868          0          0 flashggPrefireDiPhotons
TrigReport      24868      24868      24868          0          0 flashggPreselectedDiPhotons
TrigReport      24868      24868      24868          0          0 flashggStageOneCombinedTag
TrigReport      24868      24868      24868          0          0 flashggSystTagMerger
TrigReport      24868      24868      24868          0          0 flashggTHQLeptonicTag
TrigReport      24868      24868      24868          0          0 flashggTTHHadronicTag
TrigReport      24868      24868      24868          0          0 flashggTTHLeptonicTag
TrigReport      24868      24868      24868          0          0 flashggTagSorter
TrigReport      24868      24868      24868          0          0 flashggUnpackedJets
TrigReport      24868      24868      24868          0          0 flashggVBFMVA
TrigReport      24868      24868      24868          0          0 flashggVHMetTag
TrigReport      24868      24868      24868          0          0 flashggVHhadMVA
TrigReport      24868      24868      24868          0          0 flashggWHLeptonicTag
TrigReport      24868      24868      24868          0          0 flashggZHLeptonicTag
TrigReport      25000      25000      25000          0          0 p
TrigReport      24868      24868      24868          0          0 tagsDumper

TimeReport ---------- Event  Summary ---[sec]----
TimeReport       event loop CPU/event = 0.111297
TimeReport      event loop Real/event = 0.111762
TimeReport     sum Streams Real/event = 0.108504
TimeReport efficiency CPU/Real/thread = 0.995844

TimeReport ---------- Path   Summary ---[Real sec]----
TimeReport  per event     per exec  Name
TimeReport   0.108063     0.108063  p
TimeReport  per event     per exec  Name

TimeReport -------End-Path   Summary ---[Real sec]----
TimeReport  per event     per exec  Name
TimeReport  per event     per exec  Name

TimeReport ---------- Modules in Path: p ---[Real sec]----
TimeReport  per event    per visit  Name
TimeReport   0.000014     0.000014  flashggMetFilters
TimeReport   0.000005     0.000005  VHFilter
TimeReport   0.058876     0.059188  flashggDifferentialPhoIdInputsCorrection
TimeReport   0.035551     0.035740  flashggDiPhotonSystematics
TimeReport   0.000156     0.000157  flashggMetSystematics
TimeReport   0.000022     0.000022  flashggMuonSystematics
TimeReport   0.000033     0.000033  flashggElectronSystematics
TimeReport   0.000189     0.000190  flashggUnpackedJets
TimeReport   0.003486     0.003504  flashggJetSystematics0
TimeReport   0.000507     0.000510  flashggJetSystematics1
TimeReport   0.000442     0.000444  flashggJetSystematics2
TimeReport   0.000426     0.000429  flashggJetSystematics3
TimeReport   0.000417     0.000419  flashggJetSystematics4
TimeReport   0.000411     0.000413  flashggJetSystematics5
TimeReport   0.000408     0.000410  flashggJetSystematics6
TimeReport   0.000408     0.000410  flashggJetSystematics7
TimeReport   0.000406     0.000408  flashggJetSystematics8
TimeReport   0.000405     0.000408  flashggJetSystematics9
TimeReport   0.000404     0.000407  flashggJetSystematics10
TimeReport   0.000403     0.000405  flashggJetSystematics11
TimeReport   0.000237     0.000238  flashggPrefireDiPhotons
TimeReport   0.000100     0.000100  flashggPreselectedDiPhotons
TimeReport   0.000027     0.000027  flashggDiPhotonMVA
TimeReport   0.000023     0.000023  flashggVBFMVA
TimeReport   0.000014     0.000014  flashggVHhadMVA
TimeReport   0.000040     0.000041  flashggGluGluHMVA
TimeReport   0.000026     0.000026  flashggStageOneCombinedTag
TimeReport   0.000898     0.000903  flashggTHQLeptonicTag
TimeReport   0.000245     0.000246  flashggVHMetTag
TimeReport   0.000030     0.000030  flashggWHLeptonicTag
TimeReport   0.000015     0.000015  flashggZHLeptonicTag
TimeReport   0.000084     0.000085  flashggTTHLeptonicTag
TimeReport   0.000936     0.000941  flashggTTHHadronicTag
TimeReport   0.000078     0.000078  flashggTagSorter
TimeReport   0.000003     0.000003  flashggSystTagMerger
TimeReport   0.000234     0.000236  tagsDumper
TimeReport  per event    per visit  Name

TimeReport ---------- Module Summary ---[Real sec]----
TimeReport  per event     per exec    per visit  Name
TimeReport   0.000003     0.000003     0.000003  TriggerResults
TimeReport   0.000005     0.000005     0.000005  VHFilter
TimeReport   0.000003     0.000003     0.000003  ak4PFCHSL1FastL2L3Corrector
TimeReport   0.000003     0.000003     0.000003  ak4PFCHSL1FastjetCorrector
TimeReport   0.000001     0.000001     0.000001  ak4PFCHSL2RelativeCorrector
TimeReport   0.000012     0.000012     0.000012  ak4PFCHSL3AbsoluteCorrector
TimeReport   0.000027     0.000027     0.000027  flashggDiPhotonMVA
TimeReport   0.035551     0.035740     0.035740  flashggDiPhotonSystematics
TimeReport   0.058876     0.059188     0.059188  flashggDifferentialPhoIdInputsCorrection
TimeReport   0.000033     0.000033     0.000033  flashggElectronSystematics
TimeReport   0.000040     0.000041     0.000041  flashggGluGluHMVA
TimeReport   0.003486     0.003504     0.003504  flashggJetSystematics0
TimeReport   0.000507     0.000510     0.000510  flashggJetSystematics1
TimeReport   0.000404     0.000407     0.000407  flashggJetSystematics10
TimeReport   0.000403     0.000405     0.000405  flashggJetSystematics11
TimeReport   0.000442     0.000444     0.000444  flashggJetSystematics2
TimeReport   0.000426     0.000429     0.000429  flashggJetSystematics3
TimeReport   0.000417     0.000419     0.000419  flashggJetSystematics4
TimeReport   0.000411     0.000413     0.000413  flashggJetSystematics5
TimeReport   0.000408     0.000410     0.000410  flashggJetSystematics6
TimeReport   0.000408     0.000410     0.000410  flashggJetSystematics7
TimeReport   0.000406     0.000408     0.000408  flashggJetSystematics8
TimeReport   0.000405     0.000408     0.000408  flashggJetSystematics9
TimeReport   0.000014     0.000014     0.000014  flashggMetFilters
TimeReport   0.000156     0.000157     0.000157  flashggMetSystematics
TimeReport   0.000022     0.000022     0.000022  flashggMuonSystematics
TimeReport   0.000237     0.000238     0.000238  flashggPrefireDiPhotons
TimeReport   0.000100     0.000100     0.000100  flashggPreselectedDiPhotons
TimeReport   0.000026     0.000026     0.000026  flashggStageOneCombinedTag
TimeReport   0.000003     0.000003     0.000003  flashggSystTagMerger
TimeReport   0.000898     0.000903     0.000903  flashggTHQLeptonicTag
TimeReport   0.000936     0.000941     0.000941  flashggTTHHadronicTag
TimeReport   0.000084     0.000085     0.000085  flashggTTHLeptonicTag
TimeReport   0.000078     0.000078     0.000078  flashggTagSorter
TimeReport   0.000189     0.000190     0.000190  flashggUnpackedJets
TimeReport   0.000023     0.000023     0.000023  flashggVBFMVA
TimeReport   0.000245     0.000246     0.000246  flashggVHMetTag
TimeReport   0.000014     0.000014     0.000014  flashggVHhadMVA
TimeReport   0.000030     0.000030     0.000030  flashggWHLeptonicTag
TimeReport   0.000015     0.000015     0.000015  flashggZHLeptonicTag
TimeReport   0.000003     0.000003     0.000003  p
TimeReport   0.000234     0.000236     0.000236  tagsDumper
TimeReport  per event     per exec    per visit  Name

T---Report end!


=============================================

MessageLogger Summary

 type     category        sev    module        subroutine        count    total
 ---- -------------------- -- ---------------- ----------------  -----    -----
    1 XrdAdaptor           -w file_open                              1        1
    2 fileAction           -s file_close                             1        1
    3 fileAction           -s file_open                              2        2

 type    category    Examples: run/evt        run/evt          run/evt
 ---- -------------------- ---------------- ---------------- ----------------
    1 XrdAdaptor           pre-events                        
    2 fileAction           PostGlobalEndRun                  
    3 fileAction           pre-events       pre-events       

Severity    # Occurrences   Total Occurrences
--------    -------------   -----------------
Warning                 1                   1
System                  3                   3

dropped waiting message count 0
