mkdir: cannot create directory '/afs/cern.ch/user/x/xisu/private/local/Analysis_workspace/VH_AC_tmp1/flashgg_d2/CMSSW_10_6_29/src/flashgg/VHAC_Analysis_Met/UL_17/UL_17_wh125': File exists
/cvmfs/cms.cern.ch/slc7_amd64_gcc700/external/py2-requests/2.21.0-pafccj2/lib/python2.7/site-packages/requests/__init__.py:91: RequestsDependencyWarning: urllib3 (1.25.2) or chardet (3.0.4) doesn't match a supported version!
  RequestsDependencyWarning)
20-Dec-2022 10:05:24 CET  Initiating request to open file root://cms-xrd-global.cern.ch//store/user/alesauva/flashgg/UL2017_4/10_6_4/WHiggs0PHToGG_M125_TuneCP5_13TeV-JHUGenV7011-pythia8/UL2017_4-10_6_4-v0-RunIISummer19UL17MiniAOD-106X_mc2017_realistic_v6-v2/200720_155719/0000/myMicroAODOutputFile_12.root
%MSG-w XrdAdaptor:  file_open 20-Dec-2022 10:05:27 CET pre-events
Data is served from GRIF-IRFU instead of original site CERN-CMSGLOBAL-01
%MSG
20-Dec-2022 10:05:29 CET  Successfully opened file root://cms-xrd-global.cern.ch//store/user/alesauva/flashgg/UL2017_4/10_6_4/WHiggs0PHToGG_M125_TuneCP5_13TeV-JHUGenV7011-pythia8/UL2017_4-10_6_4-v0-RunIISummer19UL17MiniAOD-106X_mc2017_realistic_v6-v2/200720_155719/0000/myMicroAODOutputFile_12.root
2022-12-20 10:20:38.235487: I tensorflow/core/platform/cpu_feature_guard.cc:140] Your CPU supports instructions that this TensorFlow binary was not compiled to use: SSE4.1 SSE4.2 AVX AVX2 FMA
Begin processing the 1st record. Run 1, Event 40802, LumiSection 409 on stream 0 at 20-Dec-2022 10:21:30.799 CET
[2022-12-20 10:22:14.982881 +0100][Error  ][AsyncSock         ] [xrootd.ba.infn.it:1094 #0.0] Socket error while handshaking: [ERROR] Socket timeout
[2022-12-20 10:22:14.983163 +0100][Error  ][PostMaster        ] [xrootd.ba.infn.it:1094 #0] elapsed = 45, pConnectionWindow = 31 seconds.
[2022-12-20 10:23:00.573703 +0100][Error  ][AsyncSock         ] [xrootd.ba.infn.it:1094 #0.0] Socket error while handshaking: [ERROR] Socket timeout
[2022-12-20 10:23:00.573890 +0100][Error  ][PostMaster        ] [xrootd.ba.infn.it:1094 #0] elapsed = 46, pConnectionWindow = 31 seconds.
[2022-12-20 10:23:00.573927 +0100][Error  ][PostMaster        ] [xrootd.ba.infn.it:1094 #0] Unable to recover: [ERROR] Socket timeout.
[2022-12-20 10:23:00.573962 +0100][Error  ][XRootD            ] [xrootd.ba.infn.it:1094] Impossible to send message kXR_open (file: /store/user/alesauva/flashgg/UL2017_4/10_6_4/WHiggs0PHToGG_M125_TuneCP5_13TeV-JHUGenV7011-pythia8/UL2017_4-10_6_4-v0-RunIISummer19UL17MiniAOD-106X_mc2017_realistic_v6-v2/200720_155719/0000/myMicroAODOutputFile_12.root?tried=stor72.datagrid.cea.fr, mode: 0660, flags: kXR_open_read kXR_async kXR_retstat ). Trying to recover.
Begin processing the 1001st record. Run 1, Event 41805, LumiSection 419 on stream 0 at 20-Dec-2022 10:25:55.645 CET
[2022-12-20 10:28:00.359619 +0100][Error  ][AsyncSock         ] [xrootd.ba.infn.it:1094 #0.0] Socket error while handshaking: [ERROR] Socket timeout
[2022-12-20 10:28:00.360266 +0100][Error  ][PostMaster        ] [xrootd.ba.infn.it:1094 #0] elapsed = 45, pConnectionWindow = 31 seconds.
Begin processing the 2001st record. Run 1, Event 42801, LumiSection 429 on stream 0 at 20-Dec-2022 10:28:06.111 CET
[2022-12-20 10:28:45.606602 +0100][Error  ][AsyncSock         ] [xrootd.ba.infn.it:1094 #0.0] Socket error while handshaking: [ERROR] Socket timeout
[2022-12-20 10:28:45.606772 +0100][Error  ][PostMaster        ] [xrootd.ba.infn.it:1094 #0] elapsed = 45, pConnectionWindow = 31 seconds.
[2022-12-20 10:28:45.606782 +0100][Error  ][PostMaster        ] [xrootd.ba.infn.it:1094 #0] Unable to recover: [ERROR] Socket timeout.
[2022-12-20 10:28:45.606793 +0100][Error  ][XRootD            ] [xrootd.ba.infn.it:1094] Impossible to send message kXR_open (file: /store/user/alesauva/flashgg/UL2017_4/10_6_4/WHiggs0PHToGG_M125_TuneCP5_13TeV-JHUGenV7011-pythia8/UL2017_4-10_6_4-v0-RunIISummer19UL17MiniAOD-106X_mc2017_realistic_v6-v2/200720_155719/0000/myMicroAODOutputFile_12.root?tried=stor72.datagrid.cea.fr, mode: 0460, flags: kXR_open_read kXR_async kXR_retstat ). Trying to recover.
Begin processing the 3001st record. Run 1, Event 43803, LumiSection 439 on stream 0 at 20-Dec-2022 10:30:10.025 CET
Begin processing the 4001st record. Run 1, Event 44805, LumiSection 449 on stream 0 at 20-Dec-2022 10:32:17.933 CET
Begin processing the 5001st record. Run 1, Event 297812, LumiSection 2979 on stream 0 at 20-Dec-2022 10:34:32.534 CET
[2022-12-20 10:35:29.259651 +0100][Error  ][AsyncSock         ] [xrootd.ba.infn.it:1094 #0.0] Socket error while handshaking: [ERROR] Socket timeout
[2022-12-20 10:35:29.259924 +0100][Error  ][PostMaster        ] [xrootd.ba.infn.it:1094 #0] elapsed = 45, pConnectionWindow = 31 seconds.
[2022-12-20 10:36:14.509599 +0100][Error  ][AsyncSock         ] [xrootd.ba.infn.it:1094 #0.0] Socket error while handshaking: [ERROR] Socket timeout
[2022-12-20 10:36:14.509741 +0100][Error  ][PostMaster        ] [xrootd.ba.infn.it:1094 #0] elapsed = 45, pConnectionWindow = 31 seconds.
[2022-12-20 10:36:14.509752 +0100][Error  ][PostMaster        ] [xrootd.ba.infn.it:1094 #0] Unable to recover: [ERROR] Socket timeout.
[2022-12-20 10:36:14.509763 +0100][Error  ][XRootD            ] [xrootd.ba.infn.it:1094] Impossible to send message kXR_open (file: /store/user/alesauva/flashgg/UL2017_4/10_6_4/WHiggs0PHToGG_M125_TuneCP5_13TeV-JHUGenV7011-pythia8/UL2017_4-10_6_4-v0-RunIISummer19UL17MiniAOD-106X_mc2017_realistic_v6-v2/200720_155719/0000/myMicroAODOutputFile_12.root?tried=stor72.datagrid.cea.fr, mode: 0660, flags: kXR_open_read kXR_async kXR_retstat ). Trying to recover.
Begin processing the 6001st record. Run 1, Event 298803, LumiSection 2989 on stream 0 at 20-Dec-2022 10:36:35.486 CET
Begin processing the 7001st record. Run 1, Event 299808, LumiSection 2999 on stream 0 at 20-Dec-2022 10:38:57.420 CET
[2022-12-20 10:40:04.541800 +0100][Error  ][AsyncSock         ] [xrootd.ba.infn.it:1094 #0.0] Socket error while handshaking: [ERROR] Socket timeout
[2022-12-20 10:40:04.541968 +0100][Error  ][PostMaster        ] [xrootd.ba.infn.it:1094 #0] elapsed = 45, pConnectionWindow = 31 seconds.
[2022-12-20 10:40:49.768613 +0100][Error  ][AsyncSock         ] [xrootd.ba.infn.it:1094 #0.0] Socket error while handshaking: [ERROR] Socket timeout
[2022-12-20 10:40:49.768742 +0100][Error  ][PostMaster        ] [xrootd.ba.infn.it:1094 #0] elapsed = 45, pConnectionWindow = 31 seconds.
[2022-12-20 10:40:49.768754 +0100][Error  ][PostMaster        ] [xrootd.ba.infn.it:1094 #0] Unable to recover: [ERROR] Socket timeout.
[2022-12-20 10:40:49.768764 +0100][Error  ][XRootD            ] [xrootd.ba.infn.it:1094] Impossible to send message kXR_open (file: /store/user/alesauva/flashgg/UL2017_4/10_6_4/WHiggs0PHToGG_M125_TuneCP5_13TeV-JHUGenV7011-pythia8/UL2017_4-10_6_4-v0-RunIISummer19UL17MiniAOD-106X_mc2017_realistic_v6-v2/200720_155719/0000/myMicroAODOutputFile_12.root?tried=stor72.datagrid.cea.fr, mode: 0660, flags: kXR_open_read kXR_async kXR_retstat ). Trying to recover.
Begin processing the 8001st record. Run 1, Event 259701, LumiSection 2598 on stream 0 at 20-Dec-2022 10:41:17.132 CET
Begin processing the 9001st record. Run 1, Event 260706, LumiSection 2608 on stream 0 at 20-Dec-2022 10:43:31.140 CET
[2022-12-20 10:44:39.056645 +0100][Error  ][AsyncSock         ] [xrootd.ba.infn.it:1094 #0.0] Socket error while handshaking: [ERROR] Socket timeout
[2022-12-20 10:44:39.056812 +0100][Error  ][PostMaster        ] [xrootd.ba.infn.it:1094 #0] elapsed = 45, pConnectionWindow = 31 seconds.
[2022-12-20 10:45:24.291681 +0100][Error  ][AsyncSock         ] [xrootd.ba.infn.it:1094 #0.0] Socket error while handshaking: [ERROR] Socket timeout
[2022-12-20 10:45:24.291838 +0100][Error  ][PostMaster        ] [xrootd.ba.infn.it:1094 #0] elapsed = 45, pConnectionWindow = 31 seconds.
[2022-12-20 10:45:24.291850 +0100][Error  ][PostMaster        ] [xrootd.ba.infn.it:1094 #0] Unable to recover: [ERROR] Socket timeout.
[2022-12-20 10:45:24.291858 +0100][Error  ][XRootD            ] [xrootd.ba.infn.it:1094] Impossible to send message kXR_open (file: /store/user/alesauva/flashgg/UL2017_4/10_6_4/WHiggs0PHToGG_M125_TuneCP5_13TeV-JHUGenV7011-pythia8/UL2017_4-10_6_4-v0-RunIISummer19UL17MiniAOD-106X_mc2017_realistic_v6-v2/200720_155719/0000/myMicroAODOutputFile_12.root?tried=stor72.datagrid.cea.fr, mode: 0660, flags: kXR_open_read kXR_async kXR_retstat ). Trying to recover.
Begin processing the 10001st record. Run 1, Event 269505, LumiSection 2696 on stream 0 at 20-Dec-2022 10:45:46.653 CET
Begin processing the 11001st record. Run 1, Event 270509, LumiSection 2706 on stream 0 at 20-Dec-2022 10:47:58.398 CET
[2022-12-20 10:49:28.680673 +0100][Error  ][AsyncSock         ] [xrootd.ba.infn.it:1094 #0.0] Socket error while handshaking: [ERROR] Socket timeout
[2022-12-20 10:49:28.680806 +0100][Error  ][PostMaster        ] [xrootd.ba.infn.it:1094 #0] elapsed = 45, pConnectionWindow = 31 seconds.
[2022-12-20 10:50:13.916596 +0100][Error  ][AsyncSock         ] [xrootd.ba.infn.it:1094 #0.0] Socket error while handshaking: [ERROR] Socket timeout
[2022-12-20 10:50:13.916733 +0100][Error  ][PostMaster        ] [xrootd.ba.infn.it:1094 #0] elapsed = 45, pConnectionWindow = 31 seconds.
[2022-12-20 10:50:13.916742 +0100][Error  ][PostMaster        ] [xrootd.ba.infn.it:1094 #0] Unable to recover: [ERROR] Socket timeout.
[2022-12-20 10:50:13.916763 +0100][Error  ][XRootD            ] [xrootd.ba.infn.it:1094] Impossible to send message kXR_open (file: /store/user/alesauva/flashgg/UL2017_4/10_6_4/WHiggs0PHToGG_M125_TuneCP5_13TeV-JHUGenV7011-pythia8/UL2017_4-10_6_4-v0-RunIISummer19UL17MiniAOD-106X_mc2017_realistic_v6-v2/200720_155719/0000/myMicroAODOutputFile_12.root?tried=+1213llrxrd-redir.in2p3.fr,+1413llrxrd-redir.in2p3.fr,+1413xrootd-redic.pi.infn.it,stor72.datagrid.cea.fr,node12.datagrid.cea.fr,xrootd-cms-redir-int.cr.cnaf.infn.it,xrootd-redic.pi.infn.it,xrootd-redic.pi.infn.it&triedrc=enoent,enoent, mode: 0660, flags: kXR_open_read kXR_async kXR_retstat ). Trying to recover.
Begin processing the 12001st record. Run 1, Event 271507, LumiSection 2716 on stream 0 at 20-Dec-2022 10:50:13.958 CET
Begin processing the 13001st record. Run 1, Event 304601, LumiSection 3047 on stream 0 at 20-Dec-2022 10:52:32.472 CET
Begin processing the 14001st record. Run 1, Event 305608, LumiSection 3057 on stream 0 at 20-Dec-2022 10:54:47.034 CET
Begin processing the 15001st record. Run 1, Event 306603, LumiSection 3067 on stream 0 at 20-Dec-2022 10:57:24.307 CET
[2022-12-20 10:58:49.700607 +0100][Error  ][AsyncSock         ] [xrootd.ba.infn.it:1094 #0.0] Socket error while handshaking: [ERROR] Socket timeout
[2022-12-20 10:58:49.700911 +0100][Error  ][PostMaster        ] [xrootd.ba.infn.it:1094 #0] elapsed = 45, pConnectionWindow = 31 seconds.
[2022-12-20 10:59:34.953614 +0100][Error  ][AsyncSock         ] [xrootd.ba.infn.it:1094 #0.0] Socket error while handshaking: [ERROR] Socket timeout
[2022-12-20 10:59:34.953987 +0100][Error  ][PostMaster        ] [xrootd.ba.infn.it:1094 #0] elapsed = 45, pConnectionWindow = 31 seconds.
[2022-12-20 10:59:34.954004 +0100][Error  ][PostMaster        ] [xrootd.ba.infn.it:1094 #0] Unable to recover: [ERROR] Socket timeout.
[2022-12-20 10:59:34.954014 +0100][Error  ][XRootD            ] [xrootd.ba.infn.it:1094] Impossible to send message kXR_open (file: /store/user/alesauva/flashgg/UL2017_4/10_6_4/WHiggs0PHToGG_M125_TuneCP5_13TeV-JHUGenV7011-pythia8/UL2017_4-10_6_4-v0-RunIISummer19UL17MiniAOD-106X_mc2017_realistic_v6-v2/200720_155719/0000/myMicroAODOutputFile_12.root?tried=stor72.datagrid.cea.fr, mode: 0660, flags: kXR_open_read kXR_async kXR_retstat ). Trying to recover.
Begin processing the 16001st record. Run 1, Event 307606, LumiSection 3077 on stream 0 at 20-Dec-2022 10:59:41.624 CET
Begin processing the 17001st record. Run 1, Event 308602, LumiSection 3087 on stream 0 at 20-Dec-2022 11:01:59.909 CET
[2022-12-20 11:03:34.732004 +0100][Error  ][AsyncSock         ] [xrootd.ba.infn.it:1094 #0.0] Socket error while handshaking: [ERROR] Socket timeout
[2022-12-20 11:03:34.732123 +0100][Error  ][PostMaster        ] [xrootd.ba.infn.it:1094 #0] elapsed = 45, pConnectionWindow = 31 seconds.
[2022-12-20 11:04:19.976581 +0100][Error  ][AsyncSock         ] [xrootd.ba.infn.it:1094 #0.0] Socket error while handshaking: [ERROR] Socket timeout
[2022-12-20 11:04:19.976745 +0100][Error  ][PostMaster        ] [xrootd.ba.infn.it:1094 #0] elapsed = 45, pConnectionWindow = 31 seconds.
[2022-12-20 11:04:19.976756 +0100][Error  ][PostMaster        ] [xrootd.ba.infn.it:1094 #0] Unable to recover: [ERROR] Socket timeout.
[2022-12-20 11:04:19.976765 +0100][Error  ][XRootD            ] [xrootd.ba.infn.it:1094] Impossible to send message kXR_open (file: /store/user/alesauva/flashgg/UL2017_4/10_6_4/WHiggs0PHToGG_M125_TuneCP5_13TeV-JHUGenV7011-pythia8/UL2017_4-10_6_4-v0-RunIISummer19UL17MiniAOD-106X_mc2017_realistic_v6-v2/200720_155719/0000/myMicroAODOutputFile_12.root?tried=stor72.datagrid.cea.fr, mode: 0660, flags: kXR_open_read kXR_async kXR_retstat ). Trying to recover.
Begin processing the 18001st record. Run 1, Event 468402, LumiSection 4685 on stream 0 at 20-Dec-2022 11:04:30.614 CET
Begin processing the 19001st record. Run 1, Event 469403, LumiSection 4695 on stream 0 at 20-Dec-2022 11:06:49.467 CET
[2022-12-20 11:08:31.364610 +0100][Error  ][AsyncSock         ] [xrootd.ba.infn.it:1094 #0.0] Socket error while handshaking: [ERROR] Socket timeout
[2022-12-20 11:08:31.364796 +0100][Error  ][PostMaster        ] [xrootd.ba.infn.it:1094 #0] elapsed = 45, pConnectionWindow = 31 seconds.
[2022-12-20 11:09:16.595258 +0100][Error  ][AsyncSock         ] [xrootd.ba.infn.it:1094 #0.0] Socket error while handshaking: [ERROR] Socket timeout
[2022-12-20 11:09:16.595359 +0100][Error  ][PostMaster        ] [xrootd.ba.infn.it:1094 #0] elapsed = 45, pConnectionWindow = 31 seconds.
[2022-12-20 11:09:16.595381 +0100][Error  ][PostMaster        ] [xrootd.ba.infn.it:1094 #0] Unable to recover: [ERROR] Socket timeout.
[2022-12-20 11:09:16.595392 +0100][Error  ][XRootD            ] [xrootd.ba.infn.it:1094] Impossible to send message kXR_open (file: /store/user/alesauva/flashgg/UL2017_4/10_6_4/WHiggs0PHToGG_M125_TuneCP5_13TeV-JHUGenV7011-pythia8/UL2017_4-10_6_4-v0-RunIISummer19UL17MiniAOD-106X_mc2017_realistic_v6-v2/200720_155719/0000/myMicroAODOutputFile_12.root?tried=stor72.datagrid.cea.fr, mode: 0660, flags: kXR_open_read kXR_async kXR_retstat ). Trying to recover.
Begin processing the 20001st record. Run 1, Event 470411, LumiSection 4705 on stream 0 at 20-Dec-2022 11:09:17.846 CET
Begin processing the 21001st record. Run 1, Event 471408, LumiSection 4715 on stream 0 at 20-Dec-2022 11:11:33.326 CET
[2022-12-20 11:13:13.276594 +0100][Error  ][AsyncSock         ] [xrootd.ba.infn.it:1094 #0.0] Socket error while handshaking: [ERROR] Socket timeout
[2022-12-20 11:13:13.276722 +0100][Error  ][PostMaster        ] [xrootd.ba.infn.it:1094 #0] elapsed = 45, pConnectionWindow = 31 seconds.
Begin processing the 22001st record. Run 1, Event 472407, LumiSection 4725 on stream 0 at 20-Dec-2022 11:13:51.151 CET
[2022-12-20 11:13:58.533598 +0100][Error  ][AsyncSock         ] [xrootd.ba.infn.it:1094 #0.0] Socket error while handshaking: [ERROR] Socket timeout
[2022-12-20 11:13:58.533723 +0100][Error  ][PostMaster        ] [xrootd.ba.infn.it:1094 #0] elapsed = 45, pConnectionWindow = 31 seconds.
[2022-12-20 11:13:58.533733 +0100][Error  ][PostMaster        ] [xrootd.ba.infn.it:1094 #0] Unable to recover: [ERROR] Socket timeout.
[2022-12-20 11:13:58.533744 +0100][Error  ][XRootD            ] [xrootd.ba.infn.it:1094] Impossible to send message kXR_open (file: /store/user/alesauva/flashgg/UL2017_4/10_6_4/WHiggs0PHToGG_M125_TuneCP5_13TeV-JHUGenV7011-pythia8/UL2017_4-10_6_4-v0-RunIISummer19UL17MiniAOD-106X_mc2017_realistic_v6-v2/200720_155719/0000/myMicroAODOutputFile_12.root?tried=stor72.datagrid.cea.fr, mode: 0660, flags: kXR_open_read kXR_async kXR_retstat ). Trying to recover.
Begin processing the 23001st record. Run 1, Event 513609, LumiSection 5137 on stream 0 at 20-Dec-2022 11:16:23.581 CET
[2022-12-20 11:18:10.459588 +0100][Error  ][AsyncSock         ] [xrootd.ba.infn.it:1094 #0.0] Socket error while handshaking: [ERROR] Socket timeout
[2022-12-20 11:18:10.459781 +0100][Error  ][PostMaster        ] [xrootd.ba.infn.it:1094 #0] elapsed = 45, pConnectionWindow = 31 seconds.
Begin processing the 24001st record. Run 1, Event 515012, LumiSection 5151 on stream 0 at 20-Dec-2022 11:18:45.883 CET
[2022-12-20 11:18:55.719576 +0100][Error  ][AsyncSock         ] [xrootd.ba.infn.it:1094 #0.0] Socket error while handshaking: [ERROR] Socket timeout
[2022-12-20 11:18:55.719687 +0100][Error  ][PostMaster        ] [xrootd.ba.infn.it:1094 #0] elapsed = 45, pConnectionWindow = 31 seconds.
[2022-12-20 11:18:55.719698 +0100][Error  ][PostMaster        ] [xrootd.ba.infn.it:1094 #0] Unable to recover: [ERROR] Socket timeout.
[2022-12-20 11:18:55.719708 +0100][Error  ][XRootD            ] [xrootd.ba.infn.it:1094] Impossible to send message kXR_open (file: /store/user/alesauva/flashgg/UL2017_4/10_6_4/WHiggs0PHToGG_M125_TuneCP5_13TeV-JHUGenV7011-pythia8/UL2017_4-10_6_4-v0-RunIISummer19UL17MiniAOD-106X_mc2017_realistic_v6-v2/200720_155719/0000/myMicroAODOutputFile_12.root?tried=stor72.datagrid.cea.fr, mode: 0660, flags: kXR_open_read kXR_async kXR_retstat ). Trying to recover.
20-Dec-2022 11:21:11 CET  Closed file root://cms-xrd-global.cern.ch//store/user/alesauva/flashgg/UL2017_4/10_6_4/WHiggs0PHToGG_M125_TuneCP5_13TeV-JHUGenV7011-pythia8/UL2017_4-10_6_4-v0-RunIISummer19UL17MiniAOD-106X_mc2017_realistic_v6-v2/200720_155719/0000/myMicroAODOutputFile_12.root

TrigReport ---------- Event  Summary ------------
TrigReport Events total = 25000 passed = 24827 failed = 173

TrigReport ---------- Path   Summary ------------
TrigReport  Trig Bit#   Executed     Passed     Failed      Error Name
TrigReport     1    0      25000      24827        173          0 p

TrigReport -------End-Path   Summary ------------
TrigReport  Trig Bit#   Executed     Passed     Failed      Error Name

TrigReport ---------- Modules in Path: p ------------
TrigReport  Trig Bit#    Visited     Passed     Failed      Error Name
TrigReport     1    0      25000      24827        173          0 flashggMetFilters
TrigReport     1    1      24827      24827          0          0 VHFilter
TrigReport     1    2      24827      24827          0          0 flashggDifferentialPhoIdInputsCorrection
TrigReport     1    3      24827      24827          0          0 flashggDiPhotonSystematics
TrigReport     1    4      24827      24827          0          0 flashggMetSystematics
TrigReport     1    5      24827      24827          0          0 flashggMuonSystematics
TrigReport     1    6      24827      24827          0          0 flashggElectronSystematics
TrigReport     1    7      24827      24827          0          0 flashggUnpackedJets
TrigReport     1    8      24827      24827          0          0 flashggJetSystematics0
TrigReport     1    9      24827      24827          0          0 flashggJetSystematics1
TrigReport     1   10      24827      24827          0          0 flashggJetSystematics2
TrigReport     1   11      24827      24827          0          0 flashggJetSystematics3
TrigReport     1   12      24827      24827          0          0 flashggJetSystematics4
TrigReport     1   13      24827      24827          0          0 flashggJetSystematics5
TrigReport     1   14      24827      24827          0          0 flashggJetSystematics6
TrigReport     1   15      24827      24827          0          0 flashggJetSystematics7
TrigReport     1   16      24827      24827          0          0 flashggJetSystematics8
TrigReport     1   17      24827      24827          0          0 flashggJetSystematics9
TrigReport     1   18      24827      24827          0          0 flashggJetSystematics10
TrigReport     1   19      24827      24827          0          0 flashggJetSystematics11
TrigReport     1   20      24827      24827          0          0 flashggPrefireDiPhotons
TrigReport     1   21      24827      24827          0          0 flashggPreselectedDiPhotons
TrigReport     1   22      24827      24827          0          0 flashggDiPhotonMVA
TrigReport     1   23      24827      24827          0          0 flashggVBFMVA
TrigReport     1   24      24827      24827          0          0 flashggVHhadMVA
TrigReport     1   25      24827      24827          0          0 flashggGluGluHMVA
TrigReport     1   26      24827      24827          0          0 flashggStageOneCombinedTag
TrigReport     1   27      24827      24827          0          0 flashggTHQLeptonicTag
TrigReport     1   28      24827      24827          0          0 flashggVHMetTag
TrigReport     1   29      24827      24827          0          0 flashggWHLeptonicTag
TrigReport     1   30      24827      24827          0          0 flashggZHLeptonicTag
TrigReport     1   31      24827      24827          0          0 flashggTTHLeptonicTag
TrigReport     1   32      24827      24827          0          0 flashggTTHHadronicTag
TrigReport     1   33      24827      24827          0          0 flashggTagSorter
TrigReport     1   34      24827      24827          0          0 flashggSystTagMerger
TrigReport     1   35      24827      24827          0          0 tagsDumper

TrigReport ---------- Module Summary ------------
TrigReport    Visited   Executed     Passed     Failed      Error Name
TrigReport      25000      25000      25000          0          0 TriggerResults
TrigReport      24827      24827      24827          0          0 VHFilter
TrigReport      24827      24827      24827          0          0 ak4PFCHSL1FastL2L3Corrector
TrigReport      24827      24827      24827          0          0 ak4PFCHSL1FastjetCorrector
TrigReport      24827      24827      24827          0          0 ak4PFCHSL2RelativeCorrector
TrigReport      24827      24827      24827          0          0 ak4PFCHSL3AbsoluteCorrector
TrigReport      24827      24827      24827          0          0 flashggDiPhotonMVA
TrigReport      24827      24827      24827          0          0 flashggDiPhotonSystematics
TrigReport      24827      24827      24827          0          0 flashggDifferentialPhoIdInputsCorrection
TrigReport      24827      24827      24827          0          0 flashggElectronSystematics
TrigReport      24827      24827      24827          0          0 flashggGluGluHMVA
TrigReport      24827      24827      24827          0          0 flashggJetSystematics0
TrigReport      24827      24827      24827          0          0 flashggJetSystematics1
TrigReport      24827      24827      24827          0          0 flashggJetSystematics10
TrigReport      24827      24827      24827          0          0 flashggJetSystematics11
TrigReport      24827      24827      24827          0          0 flashggJetSystematics2
TrigReport      24827      24827      24827          0          0 flashggJetSystematics3
TrigReport      24827      24827      24827          0          0 flashggJetSystematics4
TrigReport      24827      24827      24827          0          0 flashggJetSystematics5
TrigReport      24827      24827      24827          0          0 flashggJetSystematics6
TrigReport      24827      24827      24827          0          0 flashggJetSystematics7
TrigReport      24827      24827      24827          0          0 flashggJetSystematics8
TrigReport      24827      24827      24827          0          0 flashggJetSystematics9
TrigReport      25000      25000      24827        173          0 flashggMetFilters
TrigReport      24827      24827      24827          0          0 flashggMetSystematics
TrigReport      24827      24827      24827          0          0 flashggMuonSystematics
TrigReport      24827      24827      24827          0          0 flashggPrefireDiPhotons
TrigReport      24827      24827      24827          0          0 flashggPreselectedDiPhotons
TrigReport      24827      24827      24827          0          0 flashggStageOneCombinedTag
TrigReport      24827      24827      24827          0          0 flashggSystTagMerger
TrigReport      24827      24827      24827          0          0 flashggTHQLeptonicTag
TrigReport      24827      24827      24827          0          0 flashggTTHHadronicTag
TrigReport      24827      24827      24827          0          0 flashggTTHLeptonicTag
TrigReport      24827      24827      24827          0          0 flashggTagSorter
TrigReport      24827      24827      24827          0          0 flashggUnpackedJets
TrigReport      24827      24827      24827          0          0 flashggVBFMVA
TrigReport      24827      24827      24827          0          0 flashggVHMetTag
TrigReport      24827      24827      24827          0          0 flashggVHhadMVA
TrigReport      24827      24827      24827          0          0 flashggWHLeptonicTag
TrigReport      24827      24827      24827          0          0 flashggZHLeptonicTag
TrigReport      25000      25000      25000          0          0 p
TrigReport      24827      24827      24827          0          0 tagsDumper

TimeReport ---------- Event  Summary ---[sec]----
TimeReport       event loop CPU/event = 0.140930
TimeReport      event loop Real/event = 0.143287
TimeReport     sum Streams Real/event = 0.139128
TimeReport efficiency CPU/Real/thread = 0.983548

TimeReport ---------- Path   Summary ---[Real sec]----
TimeReport  per event     per exec  Name
TimeReport   0.138588     0.138588  p
TimeReport  per event     per exec  Name

TimeReport -------End-Path   Summary ---[Real sec]----
TimeReport  per event     per exec  Name
TimeReport  per event     per exec  Name

TimeReport ---------- Modules in Path: p ---[Real sec]----
TimeReport  per event    per visit  Name
TimeReport   0.000018     0.000018  flashggMetFilters
TimeReport   0.000007     0.000007  VHFilter
TimeReport   0.079446     0.080000  flashggDifferentialPhoIdInputsCorrection
TimeReport   0.042536     0.042832  flashggDiPhotonSystematics
TimeReport   0.000180     0.000181  flashggMetSystematics
TimeReport   0.000030     0.000031  flashggMuonSystematics
TimeReport   0.000040     0.000040  flashggElectronSystematics
TimeReport   0.000233     0.000235  flashggUnpackedJets
TimeReport   0.003959     0.003986  flashggJetSystematics0
TimeReport   0.000626     0.000631  flashggJetSystematics1
TimeReport   0.000546     0.000550  flashggJetSystematics2
TimeReport   0.000524     0.000528  flashggJetSystematics3
TimeReport   0.000515     0.000518  flashggJetSystematics4
TimeReport   0.000512     0.000516  flashggJetSystematics5
TimeReport   0.000507     0.000510  flashggJetSystematics6
TimeReport   0.000504     0.000507  flashggJetSystematics7
TimeReport   0.000504     0.000507  flashggJetSystematics8
TimeReport   0.000500     0.000504  flashggJetSystematics9
TimeReport   0.000501     0.000504  flashggJetSystematics10
TimeReport   0.000498     0.000501  flashggJetSystematics11
TimeReport   0.000350     0.000352  flashggPrefireDiPhotons
TimeReport   0.000122     0.000123  flashggPreselectedDiPhotons
TimeReport   0.000039     0.000039  flashggDiPhotonMVA
TimeReport   0.000031     0.000031  flashggVBFMVA
TimeReport   0.000018     0.000018  flashggVHhadMVA
TimeReport   0.000052     0.000052  flashggGluGluHMVA
TimeReport   0.000033     0.000033  flashggStageOneCombinedTag
TimeReport   0.000440     0.000444  flashggTHQLeptonicTag
TimeReport   0.000340     0.000342  flashggVHMetTag
TimeReport   0.000037     0.000037  flashggWHLeptonicTag
TimeReport   0.000018     0.000018  flashggZHLeptonicTag
TimeReport   0.000332     0.000334  flashggTTHLeptonicTag
TimeReport   0.001528     0.001539  flashggTTHHadronicTag
TimeReport   0.000093     0.000094  flashggTagSorter
TimeReport   0.000004     0.000004  flashggSystTagMerger
TimeReport   0.000334     0.000336  tagsDumper
TimeReport  per event    per visit  Name

TimeReport ---------- Module Summary ---[Real sec]----
TimeReport  per event     per exec    per visit  Name
TimeReport   0.000003     0.000003     0.000003  TriggerResults
TimeReport   0.000007     0.000007     0.000007  VHFilter
TimeReport   0.000004     0.000004     0.000004  ak4PFCHSL1FastL2L3Corrector
TimeReport   0.000004     0.000004     0.000004  ak4PFCHSL1FastjetCorrector
TimeReport   0.000002     0.000002     0.000002  ak4PFCHSL2RelativeCorrector
TimeReport   0.000014     0.000015     0.000015  ak4PFCHSL3AbsoluteCorrector
TimeReport   0.000039     0.000039     0.000039  flashggDiPhotonMVA
TimeReport   0.042536     0.042832     0.042832  flashggDiPhotonSystematics
TimeReport   0.079446     0.080000     0.080000  flashggDifferentialPhoIdInputsCorrection
TimeReport   0.000040     0.000040     0.000040  flashggElectronSystematics
TimeReport   0.000052     0.000052     0.000052  flashggGluGluHMVA
TimeReport   0.003959     0.003986     0.003986  flashggJetSystematics0
TimeReport   0.000626     0.000631     0.000631  flashggJetSystematics1
TimeReport   0.000501     0.000504     0.000504  flashggJetSystematics10
TimeReport   0.000498     0.000501     0.000501  flashggJetSystematics11
TimeReport   0.000546     0.000550     0.000550  flashggJetSystematics2
TimeReport   0.000524     0.000528     0.000528  flashggJetSystematics3
TimeReport   0.000515     0.000518     0.000518  flashggJetSystematics4
TimeReport   0.000512     0.000516     0.000516  flashggJetSystematics5
TimeReport   0.000507     0.000510     0.000510  flashggJetSystematics6
TimeReport   0.000504     0.000507     0.000507  flashggJetSystematics7
TimeReport   0.000504     0.000507     0.000507  flashggJetSystematics8
TimeReport   0.000500     0.000504     0.000504  flashggJetSystematics9
TimeReport   0.000018     0.000018     0.000018  flashggMetFilters
TimeReport   0.000180     0.000181     0.000181  flashggMetSystematics
TimeReport   0.000030     0.000031     0.000031  flashggMuonSystematics
TimeReport   0.000350     0.000352     0.000352  flashggPrefireDiPhotons
TimeReport   0.000122     0.000123     0.000123  flashggPreselectedDiPhotons
TimeReport   0.000033     0.000033     0.000033  flashggStageOneCombinedTag
TimeReport   0.000004     0.000004     0.000004  flashggSystTagMerger
TimeReport   0.000440     0.000444     0.000444  flashggTHQLeptonicTag
TimeReport   0.001528     0.001539     0.001539  flashggTTHHadronicTag
TimeReport   0.000332     0.000334     0.000334  flashggTTHLeptonicTag
TimeReport   0.000093     0.000094     0.000094  flashggTagSorter
TimeReport   0.000233     0.000235     0.000235  flashggUnpackedJets
TimeReport   0.000031     0.000031     0.000031  flashggVBFMVA
TimeReport   0.000340     0.000342     0.000342  flashggVHMetTag
TimeReport   0.000018     0.000018     0.000018  flashggVHhadMVA
TimeReport   0.000037     0.000037     0.000037  flashggWHLeptonicTag
TimeReport   0.000018     0.000018     0.000018  flashggZHLeptonicTag
TimeReport   0.000003     0.000003     0.000003  p
TimeReport   0.000334     0.000336     0.000336  tagsDumper
TimeReport  per event     per exec    per visit  Name

T---Report end!


=============================================

MessageLogger Summary

 type     category        sev    module        subroutine        count    total
 ---- -------------------- -- ---------------- ----------------  -----    -----
    1 XrdAdaptor           -w file_open                              1        1
    2 fileAction           -s file_close                             1        1
    3 fileAction           -s file_open                              2        2

 type    category    Examples: run/evt        run/evt          run/evt
 ---- -------------------- ---------------- ---------------- ----------------
    1 XrdAdaptor           pre-events                        
    2 fileAction           PostGlobalEndRun                  
    3 fileAction           pre-events       pre-events       

Severity    # Occurrences   Total Occurrences
--------    -------------   -----------------
Warning                 1                   1
System                  3                   3

dropped waiting message count 0
