mkdir: cannot create directory '/afs/cern.ch/user/x/xisu/private/local/Analysis_workspace/VH_AC_tmp1/flashgg_d2/CMSSW_10_6_29/src/flashgg/VHAC_Analysis_Met/UL_17/UL_17_wh125': File exists
/cvmfs/cms.cern.ch/slc7_amd64_gcc700/external/py2-requests/2.21.0-pafccj2/lib/python2.7/site-packages/requests/__init__.py:91: RequestsDependencyWarning: urllib3 (1.25.2) or chardet (3.0.4) doesn't match a supported version!
  RequestsDependencyWarning)
20-Dec-2022 10:04:56 CET  Initiating request to open file root://cms-xrd-global.cern.ch//store/user/alesauva/flashgg/UL2017_4/10_6_4/WHiggs0PHToGG_M125_TuneCP5_13TeV-JHUGenV7011-pythia8/UL2017_4-10_6_4-v0-RunIISummer19UL17MiniAOD-106X_mc2017_realistic_v6-v2/200720_155719/0000/myMicroAODOutputFile_2.root
%MSG-w XrdAdaptor:  file_open 20-Dec-2022 10:04:59 CET pre-events
Data is served from GRIF-IRFU instead of original site CERN-CMSGLOBAL-02
%MSG
20-Dec-2022 10:05:00 CET  Successfully opened file root://cms-xrd-global.cern.ch//store/user/alesauva/flashgg/UL2017_4/10_6_4/WHiggs0PHToGG_M125_TuneCP5_13TeV-JHUGenV7011-pythia8/UL2017_4-10_6_4-v0-RunIISummer19UL17MiniAOD-106X_mc2017_realistic_v6-v2/200720_155719/0000/myMicroAODOutputFile_2.root
2022-12-20 10:18:17.167580: I tensorflow/core/platform/cpu_feature_guard.cc:140] Your CPU supports instructions that this TensorFlow binary was not compiled to use: SSE4.1 SSE4.2 AVX AVX2 FMA
Begin processing the 1st record. Run 1, Event 127204, LumiSection 1273 on stream 0 at 20-Dec-2022 10:19:02.836 CET
[2022-12-20 10:19:47.047798 +0100][Error  ][AsyncSock         ] [xrootd.ba.infn.it:1094 #0.0] Socket error while handshaking: [ERROR] Socket timeout
[2022-12-20 10:19:47.048010 +0100][Error  ][PostMaster        ] [xrootd.ba.infn.it:1094 #0] elapsed = 46, pConnectionWindow = 31 seconds.
[2022-12-20 10:20:32.951674 +0100][Error  ][AsyncSock         ] [xrootd.ba.infn.it:1094 #0.0] Socket error while handshaking: [ERROR] Socket timeout
[2022-12-20 10:20:32.951835 +0100][Error  ][PostMaster        ] [xrootd.ba.infn.it:1094 #0] elapsed = 45, pConnectionWindow = 31 seconds.
[2022-12-20 10:20:32.951864 +0100][Error  ][PostMaster        ] [xrootd.ba.infn.it:1094 #0] Unable to recover: [ERROR] Socket timeout.
[2022-12-20 10:20:32.951883 +0100][Error  ][XRootD            ] [xrootd.ba.infn.it:1094] Impossible to send message kXR_open (file: /store/user/alesauva/flashgg/UL2017_4/10_6_4/WHiggs0PHToGG_M125_TuneCP5_13TeV-JHUGenV7011-pythia8/UL2017_4-10_6_4-v0-RunIISummer19UL17MiniAOD-106X_mc2017_realistic_v6-v2/200720_155719/0000/myMicroAODOutputFile_2.root?tried=stor95.datagrid.cea.fr, mode: 0660, flags: kXR_open_read kXR_async kXR_retstat ). Trying to recover.
[2022-12-20 10:21:23.274339 +0100][Error  ][AsyncSock         ] [xrootd-cms.infn.it:1094 #0.0] Socket error while handshaking: [ERROR] Socket timeout
[2022-12-20 10:21:23.274481 +0100][Error  ][PostMaster        ] [xrootd-cms.infn.it:1094 #0] elapsed = 46, pConnectionWindow = 31 seconds.
Begin processing the 1001st record. Run 1, Event 128212, LumiSection 1283 on stream 0 at 20-Dec-2022 10:22:58.738 CET
Begin processing the 2001st record. Run 1, Event 129205, LumiSection 1293 on stream 0 at 20-Dec-2022 10:24:45.773 CET
[2022-12-20 10:25:36.642350 +0100][Error  ][AsyncSock         ] [xrootd.ba.infn.it:1094 #0.0] Socket error while handshaking: [ERROR] Socket timeout
[2022-12-20 10:25:36.642440 +0100][Error  ][PostMaster        ] [xrootd.ba.infn.it:1094 #0] elapsed = 45, pConnectionWindow = 31 seconds.
[2022-12-20 10:26:21.795286 +0100][Error  ][AsyncSock         ] [xrootd.ba.infn.it:1094 #0.0] Socket error while handshaking: [ERROR] Socket timeout
[2022-12-20 10:26:21.795420 +0100][Error  ][PostMaster        ] [xrootd.ba.infn.it:1094 #0] elapsed = 45, pConnectionWindow = 31 seconds.
[2022-12-20 10:26:21.795434 +0100][Error  ][PostMaster        ] [xrootd.ba.infn.it:1094 #0] Unable to recover: [ERROR] Socket timeout.
[2022-12-20 10:26:21.795443 +0100][Error  ][XRootD            ] [xrootd.ba.infn.it:1094] Impossible to send message kXR_open (file: /store/user/alesauva/flashgg/UL2017_4/10_6_4/WHiggs0PHToGG_M125_TuneCP5_13TeV-JHUGenV7011-pythia8/UL2017_4-10_6_4-v0-RunIISummer19UL17MiniAOD-106X_mc2017_realistic_v6-v2/200720_155719/0000/myMicroAODOutputFile_2.root?tried=stor95.datagrid.cea.fr, mode: 0660, flags: kXR_open_read kXR_async kXR_retstat ). Trying to recover.
Begin processing the 3001st record. Run 1, Event 130205, LumiSection 1303 on stream 0 at 20-Dec-2022 10:26:39.401 CET
Begin processing the 4001st record. Run 1, Event 131215, LumiSection 1313 on stream 0 at 20-Dec-2022 10:28:24.802 CET
Begin processing the 5001st record. Run 1, Event 648406, LumiSection 6485 on stream 0 at 20-Dec-2022 10:30:14.000 CET
[2022-12-20 10:31:12.612475 +0100][Error  ][AsyncSock         ] [xrootd.ba.infn.it:1094 #0.0] Socket error while handshaking: [ERROR] Socket timeout
[2022-12-20 10:31:12.612640 +0100][Error  ][PostMaster        ] [xrootd.ba.infn.it:1094 #0] elapsed = 45, pConnectionWindow = 31 seconds.
[2022-12-20 10:31:57.832334 +0100][Error  ][AsyncSock         ] [xrootd.ba.infn.it:1094 #0.0] Socket error while handshaking: [ERROR] Socket timeout
[2022-12-20 10:31:57.832467 +0100][Error  ][PostMaster        ] [xrootd.ba.infn.it:1094 #0] elapsed = 45, pConnectionWindow = 31 seconds.
[2022-12-20 10:31:57.832475 +0100][Error  ][PostMaster        ] [xrootd.ba.infn.it:1094 #0] Unable to recover: [ERROR] Socket timeout.
[2022-12-20 10:31:57.832483 +0100][Error  ][XRootD            ] [xrootd.ba.infn.it:1094] Impossible to send message kXR_open (file: /store/user/alesauva/flashgg/UL2017_4/10_6_4/WHiggs0PHToGG_M125_TuneCP5_13TeV-JHUGenV7011-pythia8/UL2017_4-10_6_4-v0-RunIISummer19UL17MiniAOD-106X_mc2017_realistic_v6-v2/200720_155719/0000/myMicroAODOutputFile_2.root?tried=stor95.datagrid.cea.fr, mode: 0660, flags: kXR_open_read kXR_async kXR_retstat ). Trying to recover.
Begin processing the 6001st record. Run 1, Event 138507, LumiSection 1386 on stream 0 at 20-Dec-2022 10:32:07.587 CET
Begin processing the 7001st record. Run 1, Event 139508, LumiSection 1396 on stream 0 at 20-Dec-2022 10:33:58.905 CET
Begin processing the 8001st record. Run 1, Event 159104, LumiSection 1592 on stream 0 at 20-Dec-2022 10:35:42.822 CET
[2022-12-20 10:36:48.054827 +0100][Error  ][AsyncSock         ] [xrootd.ba.infn.it:1094 #0.0] Socket error while handshaking: [ERROR] Socket timeout
[2022-12-20 10:36:48.054930 +0100][Error  ][PostMaster        ] [xrootd.ba.infn.it:1094 #0] elapsed = 46, pConnectionWindow = 31 seconds.
Begin processing the 9001st record. Run 1, Event 160102, LumiSection 1602 on stream 0 at 20-Dec-2022 10:37:26.991 CET
[2022-12-20 10:37:33.208918 +0100][Error  ][AsyncSock         ] [xrootd.ba.infn.it:1094 #0.0] Socket error while handshaking: [ERROR] Socket timeout
[2022-12-20 10:37:33.209053 +0100][Error  ][PostMaster        ] [xrootd.ba.infn.it:1094 #0] elapsed = 45, pConnectionWindow = 31 seconds.
[2022-12-20 10:37:33.209070 +0100][Error  ][PostMaster        ] [xrootd.ba.infn.it:1094 #0] Unable to recover: [ERROR] Socket timeout.
[2022-12-20 10:37:33.209082 +0100][Error  ][XRootD            ] [xrootd.ba.infn.it:1094] Impossible to send message kXR_open (file: /store/user/alesauva/flashgg/UL2017_4/10_6_4/WHiggs0PHToGG_M125_TuneCP5_13TeV-JHUGenV7011-pythia8/UL2017_4-10_6_4-v0-RunIISummer19UL17MiniAOD-106X_mc2017_realistic_v6-v2/200720_155719/0000/myMicroAODOutputFile_2.root?tried=stor95.datagrid.cea.fr, mode: 0660, flags: kXR_open_read kXR_async kXR_retstat ). Trying to recover.
Begin processing the 10001st record. Run 1, Event 161112, LumiSection 1612 on stream 0 at 20-Dec-2022 10:39:17.895 CET
Begin processing the 11001st record. Run 1, Event 168408, LumiSection 1685 on stream 0 at 20-Dec-2022 10:41:31.368 CET
[2022-12-20 10:42:51.715299 +0100][Error  ][AsyncSock         ] [xrootd.ba.infn.it:1094 #0.0] Socket error while handshaking: [ERROR] Socket timeout
[2022-12-20 10:42:51.715451 +0100][Error  ][PostMaster        ] [xrootd.ba.infn.it:1094 #0] elapsed = 45, pConnectionWindow = 31 seconds.
[2022-12-20 10:43:36.962373 +0100][Error  ][AsyncSock         ] [xrootd.ba.infn.it:1094 #0.0] Socket error while handshaking: [ERROR] Socket timeout
[2022-12-20 10:43:36.962570 +0100][Error  ][PostMaster        ] [xrootd.ba.infn.it:1094 #0] elapsed = 45, pConnectionWindow = 31 seconds.
[2022-12-20 10:43:36.962604 +0100][Error  ][PostMaster        ] [xrootd.ba.infn.it:1094 #0] Unable to recover: [ERROR] Socket timeout.
[2022-12-20 10:43:36.962615 +0100][Error  ][XRootD            ] [xrootd.ba.infn.it:1094] Impossible to send message kXR_open (file: /store/user/alesauva/flashgg/UL2017_4/10_6_4/WHiggs0PHToGG_M125_TuneCP5_13TeV-JHUGenV7011-pythia8/UL2017_4-10_6_4-v0-RunIISummer19UL17MiniAOD-106X_mc2017_realistic_v6-v2/200720_155719/0000/myMicroAODOutputFile_2.root?tried=stor95.datagrid.cea.fr, mode: 0660, flags: kXR_open_read kXR_async kXR_retstat ). Trying to recover.
Begin processing the 12001st record. Run 1, Event 169405, LumiSection 1695 on stream 0 at 20-Dec-2022 10:43:39.868 CET
Begin processing the 13001st record. Run 1, Event 170407, LumiSection 1705 on stream 0 at 20-Dec-2022 10:45:53.728 CET
Begin processing the 14001st record. Run 1, Event 372701, LumiSection 3728 on stream 0 at 20-Dec-2022 10:47:59.725 CET
Begin processing the 15001st record. Run 1, Event 373702, LumiSection 3738 on stream 0 at 20-Dec-2022 10:49:59.422 CET
[2022-12-20 10:51:27.673743 +0100][Error  ][AsyncSock         ] [xrootd.ba.infn.it:1094 #0.0] Socket error while handshaking: [ERROR] Socket timeout
[2022-12-20 10:51:27.673910 +0100][Error  ][PostMaster        ] [xrootd.ba.infn.it:1094 #0] elapsed = 45, pConnectionWindow = 31 seconds.
Begin processing the 16001st record. Run 1, Event 374711, LumiSection 3748 on stream 0 at 20-Dec-2022 10:51:57.119 CET
[2022-12-20 10:52:12.914338 +0100][Error  ][AsyncSock         ] [xrootd.ba.infn.it:1094 #0.0] Socket error while handshaking: [ERROR] Socket timeout
[2022-12-20 10:52:12.914505 +0100][Error  ][PostMaster        ] [xrootd.ba.infn.it:1094 #0] elapsed = 45, pConnectionWindow = 31 seconds.
[2022-12-20 10:52:12.914521 +0100][Error  ][PostMaster        ] [xrootd.ba.infn.it:1094 #0] Unable to recover: [ERROR] Socket timeout.
[2022-12-20 10:52:12.914532 +0100][Error  ][XRootD            ] [xrootd.ba.infn.it:1094] Impossible to send message kXR_open (file: /store/user/alesauva/flashgg/UL2017_4/10_6_4/WHiggs0PHToGG_M125_TuneCP5_13TeV-JHUGenV7011-pythia8/UL2017_4-10_6_4-v0-RunIISummer19UL17MiniAOD-106X_mc2017_realistic_v6-v2/200720_155719/0000/myMicroAODOutputFile_2.root?tried=stor95.datagrid.cea.fr, mode: 0660, flags: kXR_open_read kXR_async kXR_retstat ). Trying to recover.
Begin processing the 17001st record. Run 1, Event 540408, LumiSection 5405 on stream 0 at 20-Dec-2022 10:53:48.143 CET
Begin processing the 18001st record. Run 1, Event 541401, LumiSection 5415 on stream 0 at 20-Dec-2022 10:55:54.633 CET
[2022-12-20 10:57:34.788290 +0100][Error  ][AsyncSock         ] [xrootd.ba.infn.it:1094 #0.0] Socket error while handshaking: [ERROR] Socket timeout
[2022-12-20 10:57:34.788448 +0100][Error  ][PostMaster        ] [xrootd.ba.infn.it:1094 #0] elapsed = 45, pConnectionWindow = 31 seconds.
Begin processing the 19001st record. Run 1, Event 552613, LumiSection 5527 on stream 0 at 20-Dec-2022 10:58:07.121 CET
[2022-12-20 10:58:19.035309 +0100][Error  ][AsyncSock         ] [xrootd.ba.infn.it:1094 #0.0] Socket error while handshaking: [ERROR] Socket timeout
[2022-12-20 10:58:19.035439 +0100][Error  ][PostMaster        ] [xrootd.ba.infn.it:1094 #0] elapsed = 45, pConnectionWindow = 31 seconds.
[2022-12-20 10:58:19.035452 +0100][Error  ][PostMaster        ] [xrootd.ba.infn.it:1094 #0] Unable to recover: [ERROR] Socket timeout.
[2022-12-20 10:58:19.035462 +0100][Error  ][XRootD            ] [xrootd.ba.infn.it:1094] Impossible to send message kXR_open (file: /store/user/alesauva/flashgg/UL2017_4/10_6_4/WHiggs0PHToGG_M125_TuneCP5_13TeV-JHUGenV7011-pythia8/UL2017_4-10_6_4-v0-RunIISummer19UL17MiniAOD-106X_mc2017_realistic_v6-v2/200720_155719/0000/myMicroAODOutputFile_2.root?tried=stor95.datagrid.cea.fr, mode: 0660, flags: kXR_open_read kXR_async kXR_retstat ). Trying to recover.
Begin processing the 20001st record. Run 1, Event 553604, LumiSection 5537 on stream 0 at 20-Dec-2022 11:00:28.142 CET
[2022-12-20 11:02:12.589795 +0100][Error  ][AsyncSock         ] [xrootd.ba.infn.it:1094 #0.0] Socket error while handshaking: [ERROR] Socket timeout
[2022-12-20 11:02:12.589951 +0100][Error  ][PostMaster        ] [xrootd.ba.infn.it:1094 #0] elapsed = 45, pConnectionWindow = 31 seconds.
Begin processing the 21001st record. Run 1, Event 592409, LumiSection 5925 on stream 0 at 20-Dec-2022 11:02:42.258 CET
[2022-12-20 11:02:57.839720 +0100][Error  ][AsyncSock         ] [xrootd.ba.infn.it:1094 #0.0] Socket error while handshaking: [ERROR] Socket timeout
[2022-12-20 11:02:57.839819 +0100][Error  ][PostMaster        ] [xrootd.ba.infn.it:1094 #0] elapsed = 45, pConnectionWindow = 31 seconds.
[2022-12-20 11:02:57.839829 +0100][Error  ][PostMaster        ] [xrootd.ba.infn.it:1094 #0] Unable to recover: [ERROR] Socket timeout.
[2022-12-20 11:02:57.839839 +0100][Error  ][XRootD            ] [xrootd.ba.infn.it:1094] Impossible to send message kXR_open (file: /store/user/alesauva/flashgg/UL2017_4/10_6_4/WHiggs0PHToGG_M125_TuneCP5_13TeV-JHUGenV7011-pythia8/UL2017_4-10_6_4-v0-RunIISummer19UL17MiniAOD-106X_mc2017_realistic_v6-v2/200720_155719/0000/myMicroAODOutputFile_2.root?tried=stor95.datagrid.cea.fr, mode: 0660, flags: kXR_open_read kXR_async kXR_retstat ). Trying to recover.
Begin processing the 22001st record. Run 1, Event 593403, LumiSection 5935 on stream 0 at 20-Dec-2022 11:04:50.484 CET
Begin processing the 23001st record. Run 1, Event 594408, LumiSection 5945 on stream 0 at 20-Dec-2022 11:06:57.352 CET
Begin processing the 24001st record. Run 1, Event 411507, LumiSection 4116 on stream 0 at 20-Dec-2022 11:09:03.556 CET
[2022-12-20 11:10:54.883524 +0100][Error  ][AsyncSock         ] [xrootd.ba.infn.it:1094 #0.0] Socket error while handshaking: [ERROR] Socket timeout
[2022-12-20 11:10:54.883681 +0100][Error  ][PostMaster        ] [xrootd.ba.infn.it:1094 #0] elapsed = 45, pConnectionWindow = 31 seconds.
20-Dec-2022 11:11:07 CET  Closed file root://cms-xrd-global.cern.ch//store/user/alesauva/flashgg/UL2017_4/10_6_4/WHiggs0PHToGG_M125_TuneCP5_13TeV-JHUGenV7011-pythia8/UL2017_4-10_6_4-v0-RunIISummer19UL17MiniAOD-106X_mc2017_realistic_v6-v2/200720_155719/0000/myMicroAODOutputFile_2.root

TrigReport ---------- Event  Summary ------------
TrigReport Events total = 25000 passed = 24834 failed = 166

TrigReport ---------- Path   Summary ------------
TrigReport  Trig Bit#   Executed     Passed     Failed      Error Name
TrigReport     1    0      25000      24834        166          0 p

TrigReport -------End-Path   Summary ------------
TrigReport  Trig Bit#   Executed     Passed     Failed      Error Name

TrigReport ---------- Modules in Path: p ------------
TrigReport  Trig Bit#    Visited     Passed     Failed      Error Name
TrigReport     1    0      25000      24834        166          0 flashggMetFilters
TrigReport     1    1      24834      24834          0          0 VHFilter
TrigReport     1    2      24834      24834          0          0 flashggDifferentialPhoIdInputsCorrection
TrigReport     1    3      24834      24834          0          0 flashggDiPhotonSystematics
TrigReport     1    4      24834      24834          0          0 flashggMetSystematics
TrigReport     1    5      24834      24834          0          0 flashggMuonSystematics
TrigReport     1    6      24834      24834          0          0 flashggElectronSystematics
TrigReport     1    7      24834      24834          0          0 flashggUnpackedJets
TrigReport     1    8      24834      24834          0          0 flashggJetSystematics0
TrigReport     1    9      24834      24834          0          0 flashggJetSystematics1
TrigReport     1   10      24834      24834          0          0 flashggJetSystematics2
TrigReport     1   11      24834      24834          0          0 flashggJetSystematics3
TrigReport     1   12      24834      24834          0          0 flashggJetSystematics4
TrigReport     1   13      24834      24834          0          0 flashggJetSystematics5
TrigReport     1   14      24834      24834          0          0 flashggJetSystematics6
TrigReport     1   15      24834      24834          0          0 flashggJetSystematics7
TrigReport     1   16      24834      24834          0          0 flashggJetSystematics8
TrigReport     1   17      24834      24834          0          0 flashggJetSystematics9
TrigReport     1   18      24834      24834          0          0 flashggJetSystematics10
TrigReport     1   19      24834      24834          0          0 flashggJetSystematics11
TrigReport     1   20      24834      24834          0          0 flashggPrefireDiPhotons
TrigReport     1   21      24834      24834          0          0 flashggPreselectedDiPhotons
TrigReport     1   22      24834      24834          0          0 flashggDiPhotonMVA
TrigReport     1   23      24834      24834          0          0 flashggVBFMVA
TrigReport     1   24      24834      24834          0          0 flashggVHhadMVA
TrigReport     1   25      24834      24834          0          0 flashggGluGluHMVA
TrigReport     1   26      24834      24834          0          0 flashggStageOneCombinedTag
TrigReport     1   27      24834      24834          0          0 flashggTHQLeptonicTag
TrigReport     1   28      24834      24834          0          0 flashggVHMetTag
TrigReport     1   29      24834      24834          0          0 flashggWHLeptonicTag
TrigReport     1   30      24834      24834          0          0 flashggZHLeptonicTag
TrigReport     1   31      24834      24834          0          0 flashggTTHLeptonicTag
TrigReport     1   32      24834      24834          0          0 flashggTTHHadronicTag
TrigReport     1   33      24834      24834          0          0 flashggTagSorter
TrigReport     1   34      24834      24834          0          0 flashggSystTagMerger
TrigReport     1   35      24834      24834          0          0 tagsDumper

TrigReport ---------- Module Summary ------------
TrigReport    Visited   Executed     Passed     Failed      Error Name
TrigReport      25000      25000      25000          0          0 TriggerResults
TrigReport      24834      24834      24834          0          0 VHFilter
TrigReport      24834      24834      24834          0          0 ak4PFCHSL1FastL2L3Corrector
TrigReport      24834      24834      24834          0          0 ak4PFCHSL1FastjetCorrector
TrigReport      24834      24834      24834          0          0 ak4PFCHSL2RelativeCorrector
TrigReport      24834      24834      24834          0          0 ak4PFCHSL3AbsoluteCorrector
TrigReport      24834      24834      24834          0          0 flashggDiPhotonMVA
TrigReport      24834      24834      24834          0          0 flashggDiPhotonSystematics
TrigReport      24834      24834      24834          0          0 flashggDifferentialPhoIdInputsCorrection
TrigReport      24834      24834      24834          0          0 flashggElectronSystematics
TrigReport      24834      24834      24834          0          0 flashggGluGluHMVA
TrigReport      24834      24834      24834          0          0 flashggJetSystematics0
TrigReport      24834      24834      24834          0          0 flashggJetSystematics1
TrigReport      24834      24834      24834          0          0 flashggJetSystematics10
TrigReport      24834      24834      24834          0          0 flashggJetSystematics11
TrigReport      24834      24834      24834          0          0 flashggJetSystematics2
TrigReport      24834      24834      24834          0          0 flashggJetSystematics3
TrigReport      24834      24834      24834          0          0 flashggJetSystematics4
TrigReport      24834      24834      24834          0          0 flashggJetSystematics5
TrigReport      24834      24834      24834          0          0 flashggJetSystematics6
TrigReport      24834      24834      24834          0          0 flashggJetSystematics7
TrigReport      24834      24834      24834          0          0 flashggJetSystematics8
TrigReport      24834      24834      24834          0          0 flashggJetSystematics9
TrigReport      25000      25000      24834        166          0 flashggMetFilters
TrigReport      24834      24834      24834          0          0 flashggMetSystematics
TrigReport      24834      24834      24834          0          0 flashggMuonSystematics
TrigReport      24834      24834      24834          0          0 flashggPrefireDiPhotons
TrigReport      24834      24834      24834          0          0 flashggPreselectedDiPhotons
TrigReport      24834      24834      24834          0          0 flashggStageOneCombinedTag
TrigReport      24834      24834      24834          0          0 flashggSystTagMerger
TrigReport      24834      24834      24834          0          0 flashggTHQLeptonicTag
TrigReport      24834      24834      24834          0          0 flashggTTHHadronicTag
TrigReport      24834      24834      24834          0          0 flashggTTHLeptonicTag
TrigReport      24834      24834      24834          0          0 flashggTagSorter
TrigReport      24834      24834      24834          0          0 flashggUnpackedJets
TrigReport      24834      24834      24834          0          0 flashggVBFMVA
TrigReport      24834      24834      24834          0          0 flashggVHMetTag
TrigReport      24834      24834      24834          0          0 flashggVHhadMVA
TrigReport      24834      24834      24834          0          0 flashggWHLeptonicTag
TrigReport      24834      24834      24834          0          0 flashggZHLeptonicTag
TrigReport      25000      25000      25000          0          0 p
TrigReport      24834      24834      24834          0          0 tagsDumper

TimeReport ---------- Event  Summary ---[sec]----
TimeReport       event loop CPU/event = 0.124536
TimeReport      event loop Real/event = 0.125014
TimeReport     sum Streams Real/event = 0.121351
TimeReport efficiency CPU/Real/thread = 0.996177

TimeReport ---------- Path   Summary ---[Real sec]----
TimeReport  per event     per exec  Name
TimeReport   0.120874     0.120874  p
TimeReport  per event     per exec  Name

TimeReport -------End-Path   Summary ---[Real sec]----
TimeReport  per event     per exec  Name
TimeReport  per event     per exec  Name

TimeReport ---------- Modules in Path: p ---[Real sec]----
TimeReport  per event    per visit  Name
TimeReport   0.000016     0.000016  flashggMetFilters
TimeReport   0.000006     0.000006  VHFilter
TimeReport   0.066739     0.067185  flashggDifferentialPhoIdInputsCorrection
TimeReport   0.039307     0.039570  flashggDiPhotonSystematics
TimeReport   0.000168     0.000169  flashggMetSystematics
TimeReport   0.000028     0.000029  flashggMuonSystematics
TimeReport   0.000041     0.000041  flashggElectronSystematics
TimeReport   0.000216     0.000217  flashggUnpackedJets
TimeReport   0.003742     0.003767  flashggJetSystematics0
TimeReport   0.000585     0.000589  flashggJetSystematics1
TimeReport   0.000514     0.000517  flashggJetSystematics2
TimeReport   0.000493     0.000496  flashggJetSystematics3
TimeReport   0.000486     0.000489  flashggJetSystematics4
TimeReport   0.000481     0.000484  flashggJetSystematics5
TimeReport   0.000477     0.000480  flashggJetSystematics6
TimeReport   0.000475     0.000479  flashggJetSystematics7
TimeReport   0.000473     0.000476  flashggJetSystematics8
TimeReport   0.000472     0.000475  flashggJetSystematics9
TimeReport   0.000471     0.000474  flashggJetSystematics10
TimeReport   0.000469     0.000472  flashggJetSystematics11
TimeReport   0.000275     0.000277  flashggPrefireDiPhotons
TimeReport   0.000116     0.000116  flashggPreselectedDiPhotons
TimeReport   0.000034     0.000034  flashggDiPhotonMVA
TimeReport   0.000029     0.000029  flashggVBFMVA
TimeReport   0.000017     0.000017  flashggVHhadMVA
TimeReport   0.000049     0.000049  flashggGluGluHMVA
TimeReport   0.000032     0.000032  flashggStageOneCombinedTag
TimeReport   0.000384     0.000386  flashggTHQLeptonicTag
TimeReport   0.000287     0.000289  flashggVHMetTag
TimeReport   0.000034     0.000035  flashggWHLeptonicTag
TimeReport   0.000018     0.000018  flashggZHLeptonicTag
TimeReport   0.000116     0.000116  flashggTTHLeptonicTag
TimeReport   0.001107     0.001115  flashggTTHHadronicTag
TimeReport   0.000085     0.000086  flashggTagSorter
TimeReport   0.000004     0.000004  flashggSystTagMerger
TimeReport   0.000275     0.000276  tagsDumper
TimeReport  per event    per visit  Name

TimeReport ---------- Module Summary ---[Real sec]----
TimeReport  per event     per exec    per visit  Name
TimeReport   0.000003     0.000003     0.000003  TriggerResults
TimeReport   0.000006     0.000006     0.000006  VHFilter
TimeReport   0.000003     0.000003     0.000003  ak4PFCHSL1FastL2L3Corrector
TimeReport   0.000003     0.000003     0.000003  ak4PFCHSL1FastjetCorrector
TimeReport   0.000001     0.000001     0.000001  ak4PFCHSL2RelativeCorrector
TimeReport   0.000013     0.000013     0.000013  ak4PFCHSL3AbsoluteCorrector
TimeReport   0.000034     0.000034     0.000034  flashggDiPhotonMVA
TimeReport   0.039307     0.039570     0.039570  flashggDiPhotonSystematics
TimeReport   0.066739     0.067185     0.067185  flashggDifferentialPhoIdInputsCorrection
TimeReport   0.000041     0.000041     0.000041  flashggElectronSystematics
TimeReport   0.000049     0.000049     0.000049  flashggGluGluHMVA
TimeReport   0.003742     0.003767     0.003767  flashggJetSystematics0
TimeReport   0.000585     0.000589     0.000589  flashggJetSystematics1
TimeReport   0.000471     0.000474     0.000474  flashggJetSystematics10
TimeReport   0.000469     0.000472     0.000472  flashggJetSystematics11
TimeReport   0.000514     0.000517     0.000517  flashggJetSystematics2
TimeReport   0.000493     0.000496     0.000496  flashggJetSystematics3
TimeReport   0.000486     0.000489     0.000489  flashggJetSystematics4
TimeReport   0.000481     0.000484     0.000484  flashggJetSystematics5
TimeReport   0.000477     0.000480     0.000480  flashggJetSystematics6
TimeReport   0.000475     0.000479     0.000479  flashggJetSystematics7
TimeReport   0.000473     0.000476     0.000476  flashggJetSystematics8
TimeReport   0.000472     0.000475     0.000475  flashggJetSystematics9
TimeReport   0.000016     0.000016     0.000016  flashggMetFilters
TimeReport   0.000168     0.000169     0.000169  flashggMetSystematics
TimeReport   0.000028     0.000029     0.000029  flashggMuonSystematics
TimeReport   0.000275     0.000277     0.000277  flashggPrefireDiPhotons
TimeReport   0.000116     0.000116     0.000116  flashggPreselectedDiPhotons
TimeReport   0.000032     0.000032     0.000032  flashggStageOneCombinedTag
TimeReport   0.000004     0.000004     0.000004  flashggSystTagMerger
TimeReport   0.000384     0.000386     0.000386  flashggTHQLeptonicTag
TimeReport   0.001107     0.001115     0.001115  flashggTTHHadronicTag
TimeReport   0.000116     0.000116     0.000116  flashggTTHLeptonicTag
TimeReport   0.000085     0.000086     0.000086  flashggTagSorter
TimeReport   0.000216     0.000217     0.000217  flashggUnpackedJets
TimeReport   0.000029     0.000029     0.000029  flashggVBFMVA
TimeReport   0.000287     0.000289     0.000289  flashggVHMetTag
TimeReport   0.000017     0.000017     0.000017  flashggVHhadMVA
TimeReport   0.000034     0.000035     0.000035  flashggWHLeptonicTag
TimeReport   0.000018     0.000018     0.000018  flashggZHLeptonicTag
TimeReport   0.000003     0.000003     0.000003  p
TimeReport   0.000275     0.000276     0.000276  tagsDumper
TimeReport  per event     per exec    per visit  Name

T---Report end!


=============================================

MessageLogger Summary

 type     category        sev    module        subroutine        count    total
 ---- -------------------- -- ---------------- ----------------  -----    -----
    1 XrdAdaptor           -w file_open                              1        1
    2 fileAction           -s file_close                             1        1
    3 fileAction           -s file_open                              2        2

 type    category    Examples: run/evt        run/evt          run/evt
 ---- -------------------- ---------------- ---------------- ----------------
    1 XrdAdaptor           pre-events                        
    2 fileAction           PostGlobalEndRun                  
    3 fileAction           pre-events       pre-events       

Severity    # Occurrences   Total Occurrences
--------    -------------   -----------------
Warning                 1                   1
System                  3                   3

dropped waiting message count 0
