mkdir: cannot create directory '/afs/cern.ch/user/x/xisu/private/local/Analysis_workspace/VH_AC_tmp1/flashgg_d2/CMSSW_10_6_29/src/flashgg/VHAC_Analysis_Met/UL_17/UL_17_wh125': File exists
/cvmfs/cms.cern.ch/slc7_amd64_gcc700/external/py2-requests/2.21.0-pafccj2/lib/python2.7/site-packages/requests/__init__.py:91: RequestsDependencyWarning: urllib3 (1.25.2) or chardet (3.0.4) doesn't match a supported version!
  RequestsDependencyWarning)
20-Dec-2022 10:05:27 CET  Initiating request to open file root://cms-xrd-global.cern.ch//store/user/alesauva/flashgg/UL2017_4/10_6_4/WHiggs0PMToGG_M125_TuneCP5_13TeV-JHUGenV7011-pythia8/UL2017_4-10_6_4-v0-RunIISummer19UL17MiniAOD-106X_mc2017_realistic_v6-v2/200720_160815/0000/myMicroAODOutputFile_6.root
%MSG-w XrdAdaptor:  file_open 20-Dec-2022 10:05:30 CET pre-events
Data is served from GRIF-IRFU instead of original site CERN-CMSGLOBAL-02
%MSG
20-Dec-2022 10:05:31 CET  Successfully opened file root://cms-xrd-global.cern.ch//store/user/alesauva/flashgg/UL2017_4/10_6_4/WHiggs0PMToGG_M125_TuneCP5_13TeV-JHUGenV7011-pythia8/UL2017_4-10_6_4-v0-RunIISummer19UL17MiniAOD-106X_mc2017_realistic_v6-v2/200720_160815/0000/myMicroAODOutputFile_6.root
2022-12-20 10:18:09.857916: I tensorflow/core/platform/cpu_feature_guard.cc:140] Your CPU supports instructions that this TensorFlow binary was not compiled to use: SSE4.1 SSE4.2 AVX AVX2 FMA
Begin processing the 1st record. Run 1, Event 11603, LumiSection 117 on stream 0 at 20-Dec-2022 10:19:00.542 CET
[2022-12-20 10:19:44.763988 +0100][Error  ][AsyncSock         ] [xrootd.ba.infn.it:1094 #0.0] Socket error while handshaking: [ERROR] Socket timeout
[2022-12-20 10:19:44.764208 +0100][Error  ][PostMaster        ] [xrootd.ba.infn.it:1094 #0] elapsed = 45, pConnectionWindow = 31 seconds.
[2022-12-20 10:20:30.001845 +0100][Error  ][AsyncSock         ] [xrootd.ba.infn.it:1094 #0.0] Socket error while handshaking: [ERROR] Socket timeout
[2022-12-20 10:20:30.002000 +0100][Error  ][PostMaster        ] [xrootd.ba.infn.it:1094 #0] elapsed = 46, pConnectionWindow = 31 seconds.
[2022-12-20 10:20:30.002034 +0100][Error  ][PostMaster        ] [xrootd.ba.infn.it:1094 #0] Unable to recover: [ERROR] Socket timeout.
[2022-12-20 10:20:30.002060 +0100][Error  ][XRootD            ] [xrootd.ba.infn.it:1094] Impossible to send message kXR_open (file: /store/user/alesauva/flashgg/UL2017_4/10_6_4/WHiggs0PMToGG_M125_TuneCP5_13TeV-JHUGenV7011-pythia8/UL2017_4-10_6_4-v0-RunIISummer19UL17MiniAOD-106X_mc2017_realistic_v6-v2/200720_160815/0000/myMicroAODOutputFile_6.root?tried=stor85.datagrid.cea.fr, mode: 0660, flags: kXR_open_read kXR_async kXR_retstat ). Trying to recover.
[2022-12-20 10:21:20.562873 +0100][Error  ][AsyncSock         ] [xrootd-cms.infn.it:1094 #0.0] Socket error while handshaking: [ERROR] Socket timeout
[2022-12-20 10:21:20.562972 +0100][Error  ][PostMaster        ] [xrootd-cms.infn.it:1094 #0] elapsed = 45, pConnectionWindow = 31 seconds.
Begin processing the 1001st record. Run 1, Event 14302, LumiSection 144 on stream 0 at 20-Dec-2022 10:23:10.421 CET
Begin processing the 2001st record. Run 1, Event 687004, LumiSection 6871 on stream 0 at 20-Dec-2022 10:24:55.801 CET
[2022-12-20 10:26:00.199802 +0100][Error  ][AsyncSock         ] [xrootd.ba.infn.it:1094 #0.0] Socket error while handshaking: [ERROR] Socket timeout
[2022-12-20 10:26:00.199930 +0100][Error  ][PostMaster        ] [xrootd.ba.infn.it:1094 #0] elapsed = 45, pConnectionWindow = 31 seconds.
[2022-12-20 10:26:45.449833 +0100][Error  ][AsyncSock         ] [xrootd.ba.infn.it:1094 #0.0] Socket error while handshaking: [ERROR] Socket timeout
[2022-12-20 10:26:45.449948 +0100][Error  ][PostMaster        ] [xrootd.ba.infn.it:1094 #0] elapsed = 45, pConnectionWindow = 31 seconds.
[2022-12-20 10:26:45.449957 +0100][Error  ][PostMaster        ] [xrootd.ba.infn.it:1094 #0] Unable to recover: [ERROR] Socket timeout.
[2022-12-20 10:26:45.449964 +0100][Error  ][XRootD            ] [xrootd.ba.infn.it:1094] Impossible to send message kXR_open (file: /store/user/alesauva/flashgg/UL2017_4/10_6_4/WHiggs0PMToGG_M125_TuneCP5_13TeV-JHUGenV7011-pythia8/UL2017_4-10_6_4-v0-RunIISummer19UL17MiniAOD-106X_mc2017_realistic_v6-v2/200720_160815/0000/myMicroAODOutputFile_6.root?tried=stor85.datagrid.cea.fr, mode: 0660, flags: kXR_open_read kXR_async kXR_retstat ). Trying to recover.
Begin processing the 3001st record. Run 1, Event 156501, LumiSection 1566 on stream 0 at 20-Dec-2022 10:26:48.517 CET
Begin processing the 4001st record. Run 1, Event 160602, LumiSection 1607 on stream 0 at 20-Dec-2022 10:28:41.671 CET
Begin processing the 5001st record. Run 1, Event 534001, LumiSection 5341 on stream 0 at 20-Dec-2022 10:30:29.083 CET
Begin processing the 6001st record. Run 1, Event 535201, LumiSection 5353 on stream 0 at 20-Dec-2022 10:32:19.976 CET
[2022-12-20 10:34:00.105910 +0100][Error  ][AsyncSock         ] [xrootd.ba.infn.it:1094 #0.0] Socket error while handshaking: [ERROR] Socket timeout
[2022-12-20 10:34:00.106044 +0100][Error  ][PostMaster        ] [xrootd.ba.infn.it:1094 #0] elapsed = 46, pConnectionWindow = 31 seconds.
Begin processing the 7001st record. Run 1, Event 337305, LumiSection 3374 on stream 0 at 20-Dec-2022 10:34:10.341 CET
[2022-12-20 10:34:45.329905 +0100][Error  ][AsyncSock         ] [xrootd.ba.infn.it:1094 #0.0] Socket error while handshaking: [ERROR] Socket timeout
[2022-12-20 10:34:45.330052 +0100][Error  ][PostMaster        ] [xrootd.ba.infn.it:1094 #0] elapsed = 45, pConnectionWindow = 31 seconds.
[2022-12-20 10:34:45.330064 +0100][Error  ][PostMaster        ] [xrootd.ba.infn.it:1094 #0] Unable to recover: [ERROR] Socket timeout.
[2022-12-20 10:34:45.330074 +0100][Error  ][XRootD            ] [xrootd.ba.infn.it:1094] Impossible to send message kXR_open (file: /store/user/alesauva/flashgg/UL2017_4/10_6_4/WHiggs0PMToGG_M125_TuneCP5_13TeV-JHUGenV7011-pythia8/UL2017_4-10_6_4-v0-RunIISummer19UL17MiniAOD-106X_mc2017_realistic_v6-v2/200720_160815/0000/myMicroAODOutputFile_6.root?tried=stor85.datagrid.cea.fr, mode: 0660, flags: kXR_open_read kXR_async kXR_retstat ). Trying to recover.
Begin processing the 8001st record. Run 1, Event 339002, LumiSection 3391 on stream 0 at 20-Dec-2022 10:36:03.397 CET
Begin processing the 9001st record. Run 1, Event 497203, LumiSection 4973 on stream 0 at 20-Dec-2022 10:38:02.128 CET
Begin processing the 10001st record. Run 1, Event 498202, LumiSection 4983 on stream 0 at 20-Dec-2022 10:39:58.348 CET
Begin processing the 11001st record. Run 1, Event 362202, LumiSection 3623 on stream 0 at 20-Dec-2022 10:41:53.203 CET
[2022-12-20 10:42:14.178092 +0100][Error  ][AsyncSock         ] [xrootd.ba.infn.it:1094 #0.0] Socket error while handshaking: [ERROR] Socket timeout
[2022-12-20 10:42:14.178264 +0100][Error  ][PostMaster        ] [xrootd.ba.infn.it:1094 #0] elapsed = 46, pConnectionWindow = 31 seconds.
[2022-12-20 10:42:59.410941 +0100][Error  ][AsyncSock         ] [xrootd.ba.infn.it:1094 #0.0] Socket error while handshaking: [ERROR] Socket timeout
[2022-12-20 10:42:59.411088 +0100][Error  ][PostMaster        ] [xrootd.ba.infn.it:1094 #0] elapsed = 45, pConnectionWindow = 31 seconds.
[2022-12-20 10:42:59.411099 +0100][Error  ][PostMaster        ] [xrootd.ba.infn.it:1094 #0] Unable to recover: [ERROR] Socket timeout.
[2022-12-20 10:42:59.411107 +0100][Error  ][XRootD            ] [xrootd.ba.infn.it:1094] Impossible to send message kXR_open (file: /store/user/alesauva/flashgg/UL2017_4/10_6_4/WHiggs0PMToGG_M125_TuneCP5_13TeV-JHUGenV7011-pythia8/UL2017_4-10_6_4-v0-RunIISummer19UL17MiniAOD-106X_mc2017_realistic_v6-v2/200720_160815/0000/myMicroAODOutputFile_6.root?tried=stor85.datagrid.cea.fr, mode: 0660, flags: kXR_open_read kXR_async kXR_retstat ). Trying to recover.
Begin processing the 12001st record. Run 1, Event 397805, LumiSection 3979 on stream 0 at 20-Dec-2022 10:43:52.904 CET
Begin processing the 13001st record. Run 1, Event 685604, LumiSection 6857 on stream 0 at 20-Dec-2022 10:45:50.125 CET
Begin processing the 14001st record. Run 1, Event 424604, LumiSection 4247 on stream 0 at 20-Dec-2022 10:47:50.060 CET
Begin processing the 15001st record. Run 1, Event 490303, LumiSection 4904 on stream 0 at 20-Dec-2022 10:49:40.517 CET
[2022-12-20 10:50:36.231863 +0100][Error  ][AsyncSock         ] [xrootd.ba.infn.it:1094 #0.0] Socket error while handshaking: [ERROR] Socket timeout
[2022-12-20 10:50:36.232023 +0100][Error  ][PostMaster        ] [xrootd.ba.infn.it:1094 #0] elapsed = 45, pConnectionWindow = 31 seconds.
[2022-12-20 10:51:21.484051 +0100][Error  ][AsyncSock         ] [xrootd.ba.infn.it:1094 #0.0] Socket error while handshaking: [ERROR] Socket timeout
[2022-12-20 10:51:21.484160 +0100][Error  ][PostMaster        ] [xrootd.ba.infn.it:1094 #0] elapsed = 45, pConnectionWindow = 31 seconds.
[2022-12-20 10:51:21.484171 +0100][Error  ][PostMaster        ] [xrootd.ba.infn.it:1094 #0] Unable to recover: [ERROR] Socket timeout.
[2022-12-20 10:51:21.484180 +0100][Error  ][XRootD            ] [xrootd.ba.infn.it:1094] Impossible to send message kXR_open (file: /store/user/alesauva/flashgg/UL2017_4/10_6_4/WHiggs0PMToGG_M125_TuneCP5_13TeV-JHUGenV7011-pythia8/UL2017_4-10_6_4-v0-RunIISummer19UL17MiniAOD-106X_mc2017_realistic_v6-v2/200720_160815/0000/myMicroAODOutputFile_6.root?tried=stor85.datagrid.cea.fr, mode: 0660, flags: kXR_open_read kXR_async kXR_retstat ). Trying to recover.
Begin processing the 16001st record. Run 1, Event 474505, LumiSection 4746 on stream 0 at 20-Dec-2022 10:51:35.676 CET
Begin processing the 17001st record. Run 1, Event 488803, LumiSection 4889 on stream 0 at 20-Dec-2022 10:53:37.078 CET
Begin processing the 18001st record. Run 1, Event 489804, LumiSection 4899 on stream 0 at 20-Dec-2022 10:55:36.007 CET
Begin processing the 19001st record. Run 1, Event 478402, LumiSection 4785 on stream 0 at 20-Dec-2022 10:57:29.514 CET
[2022-12-20 10:59:03.688874 +0100][Error  ][AsyncSock         ] [xrootd.ba.infn.it:1094 #0.0] Socket error while handshaking: [ERROR] Socket timeout
[2022-12-20 10:59:03.689001 +0100][Error  ][PostMaster        ] [xrootd.ba.infn.it:1094 #0] elapsed = 45, pConnectionWindow = 31 seconds.
Begin processing the 20001st record. Run 1, Event 479503, LumiSection 4796 on stream 0 at 20-Dec-2022 10:59:28.433 CET
[2022-12-20 10:59:48.941252 +0100][Error  ][AsyncSock         ] [xrootd.ba.infn.it:1094 #0.0] Socket error while handshaking: [ERROR] Socket timeout
[2022-12-20 10:59:48.941370 +0100][Error  ][PostMaster        ] [xrootd.ba.infn.it:1094 #0] elapsed = 45, pConnectionWindow = 31 seconds.
[2022-12-20 10:59:48.941385 +0100][Error  ][PostMaster        ] [xrootd.ba.infn.it:1094 #0] Unable to recover: [ERROR] Socket timeout.
[2022-12-20 10:59:48.941394 +0100][Error  ][XRootD            ] [xrootd.ba.infn.it:1094] Impossible to send message kXR_open (file: /store/user/alesauva/flashgg/UL2017_4/10_6_4/WHiggs0PMToGG_M125_TuneCP5_13TeV-JHUGenV7011-pythia8/UL2017_4-10_6_4-v0-RunIISummer19UL17MiniAOD-106X_mc2017_realistic_v6-v2/200720_160815/0000/myMicroAODOutputFile_6.root?tried=stor85.datagrid.cea.fr, mode: 0660, flags: kXR_open_read kXR_async kXR_retstat ). Trying to recover.
Begin processing the 21001st record. Run 1, Event 483603, LumiSection 4837 on stream 0 at 20-Dec-2022 11:01:29.202 CET
Begin processing the 22001st record. Run 1, Event 546403, LumiSection 5465 on stream 0 at 20-Dec-2022 11:03:32.531 CET
Begin processing the 23001st record. Run 1, Event 627701, LumiSection 6278 on stream 0 at 20-Dec-2022 11:05:31.995 CET
Begin processing the 24001st record. Run 1, Event 542804, LumiSection 5429 on stream 0 at 20-Dec-2022 11:07:31.987 CET
[2022-12-20 11:07:45.196040 +0100][Error  ][AsyncSock         ] [xrootd.ba.infn.it:1094 #0.0] Socket error while handshaking: [ERROR] Socket timeout
[2022-12-20 11:07:45.196184 +0100][Error  ][PostMaster        ] [xrootd.ba.infn.it:1094 #0] elapsed = 45, pConnectionWindow = 31 seconds.
[2022-12-20 11:08:30.448849 +0100][Error  ][AsyncSock         ] [xrootd.ba.infn.it:1094 #0.0] Socket error while handshaking: [ERROR] Socket timeout
[2022-12-20 11:08:30.448963 +0100][Error  ][PostMaster        ] [xrootd.ba.infn.it:1094 #0] elapsed = 45, pConnectionWindow = 31 seconds.
[2022-12-20 11:08:30.448983 +0100][Error  ][PostMaster        ] [xrootd.ba.infn.it:1094 #0] Unable to recover: [ERROR] Socket timeout.
[2022-12-20 11:08:30.449006 +0100][Error  ][XRootD            ] [xrootd.ba.infn.it:1094] Impossible to send message kXR_open (file: /store/user/alesauva/flashgg/UL2017_4/10_6_4/WHiggs0PMToGG_M125_TuneCP5_13TeV-JHUGenV7011-pythia8/UL2017_4-10_6_4-v0-RunIISummer19UL17MiniAOD-106X_mc2017_realistic_v6-v2/200720_160815/0000/myMicroAODOutputFile_6.root?tried=stor85.datagrid.cea.fr, mode: 0660, flags: kXR_open_read kXR_async kXR_retstat ). Trying to recover.
20-Dec-2022 11:09:34 CET  Closed file root://cms-xrd-global.cern.ch//store/user/alesauva/flashgg/UL2017_4/10_6_4/WHiggs0PMToGG_M125_TuneCP5_13TeV-JHUGenV7011-pythia8/UL2017_4-10_6_4-v0-RunIISummer19UL17MiniAOD-106X_mc2017_realistic_v6-v2/200720_160815/0000/myMicroAODOutputFile_6.root

TrigReport ---------- Event  Summary ------------
TrigReport Events total = 25000 passed = 24862 failed = 138

TrigReport ---------- Path   Summary ------------
TrigReport  Trig Bit#   Executed     Passed     Failed      Error Name
TrigReport     1    0      25000      24862        138          0 p

TrigReport -------End-Path   Summary ------------
TrigReport  Trig Bit#   Executed     Passed     Failed      Error Name

TrigReport ---------- Modules in Path: p ------------
TrigReport  Trig Bit#    Visited     Passed     Failed      Error Name
TrigReport     1    0      25000      24862        138          0 flashggMetFilters
TrigReport     1    1      24862      24862          0          0 VHFilter
TrigReport     1    2      24862      24862          0          0 flashggDifferentialPhoIdInputsCorrection
TrigReport     1    3      24862      24862          0          0 flashggDiPhotonSystematics
TrigReport     1    4      24862      24862          0          0 flashggMetSystematics
TrigReport     1    5      24862      24862          0          0 flashggMuonSystematics
TrigReport     1    6      24862      24862          0          0 flashggElectronSystematics
TrigReport     1    7      24862      24862          0          0 flashggUnpackedJets
TrigReport     1    8      24862      24862          0          0 flashggJetSystematics0
TrigReport     1    9      24862      24862          0          0 flashggJetSystematics1
TrigReport     1   10      24862      24862          0          0 flashggJetSystematics2
TrigReport     1   11      24862      24862          0          0 flashggJetSystematics3
TrigReport     1   12      24862      24862          0          0 flashggJetSystematics4
TrigReport     1   13      24862      24862          0          0 flashggJetSystematics5
TrigReport     1   14      24862      24862          0          0 flashggJetSystematics6
TrigReport     1   15      24862      24862          0          0 flashggJetSystematics7
TrigReport     1   16      24862      24862          0          0 flashggJetSystematics8
TrigReport     1   17      24862      24862          0          0 flashggJetSystematics9
TrigReport     1   18      24862      24862          0          0 flashggJetSystematics10
TrigReport     1   19      24862      24862          0          0 flashggJetSystematics11
TrigReport     1   20      24862      24862          0          0 flashggPrefireDiPhotons
TrigReport     1   21      24862      24862          0          0 flashggPreselectedDiPhotons
TrigReport     1   22      24862      24862          0          0 flashggDiPhotonMVA
TrigReport     1   23      24862      24862          0          0 flashggVBFMVA
TrigReport     1   24      24862      24862          0          0 flashggVHhadMVA
TrigReport     1   25      24862      24862          0          0 flashggGluGluHMVA
TrigReport     1   26      24862      24862          0          0 flashggStageOneCombinedTag
TrigReport     1   27      24862      24862          0          0 flashggTHQLeptonicTag
TrigReport     1   28      24862      24862          0          0 flashggVHMetTag
TrigReport     1   29      24862      24862          0          0 flashggWHLeptonicTag
TrigReport     1   30      24862      24862          0          0 flashggZHLeptonicTag
TrigReport     1   31      24862      24862          0          0 flashggTTHLeptonicTag
TrigReport     1   32      24862      24862          0          0 flashggTTHHadronicTag
TrigReport     1   33      24862      24862          0          0 flashggTagSorter
TrigReport     1   34      24862      24862          0          0 flashggSystTagMerger
TrigReport     1   35      24862      24862          0          0 tagsDumper

TrigReport ---------- Module Summary ------------
TrigReport    Visited   Executed     Passed     Failed      Error Name
TrigReport      25000      25000      25000          0          0 TriggerResults
TrigReport      24862      24862      24862          0          0 VHFilter
TrigReport      24862      24862      24862          0          0 ak4PFCHSL1FastL2L3Corrector
TrigReport      24862      24862      24862          0          0 ak4PFCHSL1FastjetCorrector
TrigReport      24862      24862      24862          0          0 ak4PFCHSL2RelativeCorrector
TrigReport      24862      24862      24862          0          0 ak4PFCHSL3AbsoluteCorrector
TrigReport      24862      24862      24862          0          0 flashggDiPhotonMVA
TrigReport      24862      24862      24862          0          0 flashggDiPhotonSystematics
TrigReport      24862      24862      24862          0          0 flashggDifferentialPhoIdInputsCorrection
TrigReport      24862      24862      24862          0          0 flashggElectronSystematics
TrigReport      24862      24862      24862          0          0 flashggGluGluHMVA
TrigReport      24862      24862      24862          0          0 flashggJetSystematics0
TrigReport      24862      24862      24862          0          0 flashggJetSystematics1
TrigReport      24862      24862      24862          0          0 flashggJetSystematics10
TrigReport      24862      24862      24862          0          0 flashggJetSystematics11
TrigReport      24862      24862      24862          0          0 flashggJetSystematics2
TrigReport      24862      24862      24862          0          0 flashggJetSystematics3
TrigReport      24862      24862      24862          0          0 flashggJetSystematics4
TrigReport      24862      24862      24862          0          0 flashggJetSystematics5
TrigReport      24862      24862      24862          0          0 flashggJetSystematics6
TrigReport      24862      24862      24862          0          0 flashggJetSystematics7
TrigReport      24862      24862      24862          0          0 flashggJetSystematics8
TrigReport      24862      24862      24862          0          0 flashggJetSystematics9
TrigReport      25000      25000      24862        138          0 flashggMetFilters
TrigReport      24862      24862      24862          0          0 flashggMetSystematics
TrigReport      24862      24862      24862          0          0 flashggMuonSystematics
TrigReport      24862      24862      24862          0          0 flashggPrefireDiPhotons
TrigReport      24862      24862      24862          0          0 flashggPreselectedDiPhotons
TrigReport      24862      24862      24862          0          0 flashggStageOneCombinedTag
TrigReport      24862      24862      24862          0          0 flashggSystTagMerger
TrigReport      24862      24862      24862          0          0 flashggTHQLeptonicTag
TrigReport      24862      24862      24862          0          0 flashggTTHHadronicTag
TrigReport      24862      24862      24862          0          0 flashggTTHLeptonicTag
TrigReport      24862      24862      24862          0          0 flashggTagSorter
TrigReport      24862      24862      24862          0          0 flashggUnpackedJets
TrigReport      24862      24862      24862          0          0 flashggVBFMVA
TrigReport      24862      24862      24862          0          0 flashggVHMetTag
TrigReport      24862      24862      24862          0          0 flashggVHhadMVA
TrigReport      24862      24862      24862          0          0 flashggWHLeptonicTag
TrigReport      24862      24862      24862          0          0 flashggZHLeptonicTag
TrigReport      25000      25000      25000          0          0 p
TrigReport      24862      24862      24862          0          0 tagsDumper

TimeReport ---------- Event  Summary ---[sec]----
TimeReport       event loop CPU/event = 0.120436
TimeReport      event loop Real/event = 0.121431
TimeReport     sum Streams Real/event = 0.117897
TimeReport efficiency CPU/Real/thread = 0.991807

TimeReport ---------- Path   Summary ---[Real sec]----
TimeReport  per event     per exec  Name
TimeReport   0.117433     0.117433  p
TimeReport  per event     per exec  Name

TimeReport -------End-Path   Summary ---[Real sec]----
TimeReport  per event     per exec  Name
TimeReport  per event     per exec  Name

TimeReport ---------- Modules in Path: p ---[Real sec]----
TimeReport  per event    per visit  Name
TimeReport   0.000014     0.000014  flashggMetFilters
TimeReport   0.000005     0.000005  VHFilter
TimeReport   0.065906     0.066272  flashggDifferentialPhoIdInputsCorrection
TimeReport   0.037198     0.037404  flashggDiPhotonSystematics
TimeReport   0.000165     0.000166  flashggMetSystematics
TimeReport   0.000023     0.000023  flashggMuonSystematics
TimeReport   0.000035     0.000036  flashggElectronSystematics
TimeReport   0.000203     0.000204  flashggUnpackedJets
TimeReport   0.003728     0.003748  flashggJetSystematics0
TimeReport   0.000542     0.000545  flashggJetSystematics1
TimeReport   0.000476     0.000479  flashggJetSystematics2
TimeReport   0.000457     0.000460  flashggJetSystematics3
TimeReport   0.000448     0.000450  flashggJetSystematics4
TimeReport   0.000443     0.000446  flashggJetSystematics5
TimeReport   0.000438     0.000441  flashggJetSystematics6
TimeReport   0.000436     0.000439  flashggJetSystematics7
TimeReport   0.000437     0.000439  flashggJetSystematics8
TimeReport   0.000434     0.000436  flashggJetSystematics9
TimeReport   0.000436     0.000439  flashggJetSystematics10
TimeReport   0.000431     0.000434  flashggJetSystematics11
TimeReport   0.000255     0.000257  flashggPrefireDiPhotons
TimeReport   0.000099     0.000100  flashggPreselectedDiPhotons
TimeReport   0.000027     0.000027  flashggDiPhotonMVA
TimeReport   0.000024     0.000024  flashggVBFMVA
TimeReport   0.000015     0.000015  flashggVHhadMVA
TimeReport   0.000043     0.000043  flashggGluGluHMVA
TimeReport   0.000026     0.000026  flashggStageOneCombinedTag
TimeReport   0.000758     0.000762  flashggTHQLeptonicTag
TimeReport   0.000268     0.000270  flashggVHMetTag
TimeReport   0.000031     0.000032  flashggWHLeptonicTag
TimeReport   0.000016     0.000016  flashggZHLeptonicTag
TimeReport   0.000094     0.000095  flashggTTHLeptonicTag
TimeReport   0.000974     0.000980  flashggTTHHadronicTag
TimeReport   0.000079     0.000079  flashggTagSorter
TimeReport   0.000003     0.000003  flashggSystTagMerger
TimeReport   0.000257     0.000258  tagsDumper
TimeReport  per event    per visit  Name

TimeReport ---------- Module Summary ---[Real sec]----
TimeReport  per event     per exec    per visit  Name
TimeReport   0.000002     0.000002     0.000002  TriggerResults
TimeReport   0.000005     0.000005     0.000005  VHFilter
TimeReport   0.000003     0.000003     0.000003  ak4PFCHSL1FastL2L3Corrector
TimeReport   0.000003     0.000003     0.000003  ak4PFCHSL1FastjetCorrector
TimeReport   0.000001     0.000001     0.000001  ak4PFCHSL2RelativeCorrector
TimeReport   0.000013     0.000013     0.000013  ak4PFCHSL3AbsoluteCorrector
TimeReport   0.000027     0.000027     0.000027  flashggDiPhotonMVA
TimeReport   0.037198     0.037404     0.037404  flashggDiPhotonSystematics
TimeReport   0.065906     0.066272     0.066272  flashggDifferentialPhoIdInputsCorrection
TimeReport   0.000035     0.000036     0.000036  flashggElectronSystematics
TimeReport   0.000043     0.000043     0.000043  flashggGluGluHMVA
TimeReport   0.003728     0.003748     0.003748  flashggJetSystematics0
TimeReport   0.000542     0.000545     0.000545  flashggJetSystematics1
TimeReport   0.000436     0.000439     0.000439  flashggJetSystematics10
TimeReport   0.000431     0.000434     0.000434  flashggJetSystematics11
TimeReport   0.000476     0.000479     0.000479  flashggJetSystematics2
TimeReport   0.000457     0.000460     0.000460  flashggJetSystematics3
TimeReport   0.000448     0.000450     0.000450  flashggJetSystematics4
TimeReport   0.000443     0.000446     0.000446  flashggJetSystematics5
TimeReport   0.000438     0.000441     0.000441  flashggJetSystematics6
TimeReport   0.000436     0.000439     0.000439  flashggJetSystematics7
TimeReport   0.000437     0.000439     0.000439  flashggJetSystematics8
TimeReport   0.000434     0.000436     0.000436  flashggJetSystematics9
TimeReport   0.000014     0.000014     0.000014  flashggMetFilters
TimeReport   0.000165     0.000166     0.000166  flashggMetSystematics
TimeReport   0.000023     0.000023     0.000023  flashggMuonSystematics
TimeReport   0.000255     0.000257     0.000257  flashggPrefireDiPhotons
TimeReport   0.000099     0.000100     0.000100  flashggPreselectedDiPhotons
TimeReport   0.000026     0.000026     0.000026  flashggStageOneCombinedTag
TimeReport   0.000003     0.000003     0.000003  flashggSystTagMerger
TimeReport   0.000758     0.000762     0.000762  flashggTHQLeptonicTag
TimeReport   0.000974     0.000980     0.000980  flashggTTHHadronicTag
TimeReport   0.000094     0.000095     0.000095  flashggTTHLeptonicTag
TimeReport   0.000079     0.000079     0.000079  flashggTagSorter
TimeReport   0.000203     0.000204     0.000204  flashggUnpackedJets
TimeReport   0.000024     0.000024     0.000024  flashggVBFMVA
TimeReport   0.000268     0.000270     0.000270  flashggVHMetTag
TimeReport   0.000015     0.000015     0.000015  flashggVHhadMVA
TimeReport   0.000031     0.000032     0.000032  flashggWHLeptonicTag
TimeReport   0.000016     0.000016     0.000016  flashggZHLeptonicTag
TimeReport   0.000002     0.000002     0.000002  p
TimeReport   0.000257     0.000258     0.000258  tagsDumper
TimeReport  per event     per exec    per visit  Name

T---Report end!


=============================================

MessageLogger Summary

 type     category        sev    module        subroutine        count    total
 ---- -------------------- -- ---------------- ----------------  -----    -----
    1 XrdAdaptor           -w file_open                              1        1
    2 fileAction           -s file_close                             1        1
    3 fileAction           -s file_open                              2        2

 type    category    Examples: run/evt        run/evt          run/evt
 ---- -------------------- ---------------- ---------------- ----------------
    1 XrdAdaptor           pre-events                        
    2 fileAction           PostGlobalEndRun                  
    3 fileAction           pre-events       pre-events       

Severity    # Occurrences   Total Occurrences
--------    -------------   -----------------
Warning                 1                   1
System                  3                   3

dropped waiting message count 0
