mkdir: cannot create directory '/afs/cern.ch/user/x/xisu/private/local/Analysis_workspace/VH_AC_tmp1/flashgg_d2/CMSSW_10_6_29/src/flashgg/VHAC_Analysis_Met/UL_17/UL_17_wh125': File exists
/cvmfs/cms.cern.ch/slc7_amd64_gcc700/external/py2-requests/2.21.0-pafccj2/lib/python2.7/site-packages/requests/__init__.py:91: RequestsDependencyWarning: urllib3 (1.25.2) or chardet (3.0.4) doesn't match a supported version!
  RequestsDependencyWarning)
20-Dec-2022 10:05:15 CET  Initiating request to open file root://cms-xrd-global.cern.ch//store/user/alesauva/flashgg/UL2017_4/10_6_4/WHiggs0L1ToGG_M125_TuneCP5_13TeV-JHUGenV7011-pythia8/UL2017_4-10_6_4-v0-RunIISummer19UL17MiniAOD-106X_mc2017_realistic_v6-v2/200720_155007/0000/myMicroAODOutputFile_10.root
%MSG-w XrdAdaptor:  file_open 20-Dec-2022 10:05:18 CET pre-events
Data is served from GRIF-IRFU instead of original site CERN-CMSGLOBAL-01
%MSG
20-Dec-2022 10:05:19 CET  Successfully opened file root://cms-xrd-global.cern.ch//store/user/alesauva/flashgg/UL2017_4/10_6_4/WHiggs0L1ToGG_M125_TuneCP5_13TeV-JHUGenV7011-pythia8/UL2017_4-10_6_4-v0-RunIISummer19UL17MiniAOD-106X_mc2017_realistic_v6-v2/200720_155007/0000/myMicroAODOutputFile_10.root
2022-12-20 10:18:37.802381: I tensorflow/core/platform/cpu_feature_guard.cc:140] Your CPU supports instructions that this TensorFlow binary was not compiled to use: SSE4.1 SSE4.2 AVX AVX2 FMA
Begin processing the 1st record. Run 1, Event 14410, LumiSection 145 on stream 0 at 20-Dec-2022 10:19:24.969 CET
[2022-12-20 10:20:08.429627 +0100][Error  ][AsyncSock         ] [xrootd.ba.infn.it:1094 #0.0] Socket error while handshaking: [ERROR] Socket timeout
[2022-12-20 10:20:08.429826 +0100][Error  ][PostMaster        ] [xrootd.ba.infn.it:1094 #0] elapsed = 45, pConnectionWindow = 31 seconds.
[2022-12-20 10:20:53.673166 +0100][Error  ][AsyncSock         ] [xrootd.ba.infn.it:1094 #0.0] Socket error while handshaking: [ERROR] Socket timeout
[2022-12-20 10:20:53.673384 +0100][Error  ][PostMaster        ] [xrootd.ba.infn.it:1094 #0] elapsed = 45, pConnectionWindow = 31 seconds.
[2022-12-20 10:20:53.673459 +0100][Error  ][PostMaster        ] [xrootd.ba.infn.it:1094 #0] Unable to recover: [ERROR] Socket timeout.
[2022-12-20 10:20:53.673477 +0100][Error  ][XRootD            ] [xrootd.ba.infn.it:1094] Impossible to send message kXR_open (file: /store/user/alesauva/flashgg/UL2017_4/10_6_4/WHiggs0L1ToGG_M125_TuneCP5_13TeV-JHUGenV7011-pythia8/UL2017_4-10_6_4-v0-RunIISummer19UL17MiniAOD-106X_mc2017_realistic_v6-v2/200720_155007/0000/myMicroAODOutputFile_10.root?tried=stor78.datagrid.cea.fr, mode: 0660, flags: kXR_open_read kXR_async kXR_retstat ). Trying to recover.
Begin processing the 1001st record. Run 1, Event 80905, LumiSection 810 on stream 0 at 20-Dec-2022 10:24:34.188 CET
[2022-12-20 10:26:42.038508 +0100][Error  ][AsyncSock         ] [xrootd.ba.infn.it:1094 #0.0] Socket error while handshaking: [ERROR] Socket timeout
[2022-12-20 10:26:42.038912 +0100][Error  ][PostMaster        ] [xrootd.ba.infn.it:1094 #0] elapsed = 45, pConnectionWindow = 31 seconds.
Begin processing the 2001st record. Run 1, Event 81909, LumiSection 820 on stream 0 at 20-Dec-2022 10:27:11.210 CET
[2022-12-20 10:27:27.288360 +0100][Error  ][AsyncSock         ] [xrootd.ba.infn.it:1094 #0.0] Socket error while handshaking: [ERROR] Socket timeout
[2022-12-20 10:27:27.288509 +0100][Error  ][PostMaster        ] [xrootd.ba.infn.it:1094 #0] elapsed = 45, pConnectionWindow = 31 seconds.
[2022-12-20 10:27:27.288519 +0100][Error  ][PostMaster        ] [xrootd.ba.infn.it:1094 #0] Unable to recover: [ERROR] Socket timeout.
[2022-12-20 10:27:27.288530 +0100][Error  ][XRootD            ] [xrootd.ba.infn.it:1094] Impossible to send message kXR_open (file: /store/user/alesauva/flashgg/UL2017_4/10_6_4/WHiggs0L1ToGG_M125_TuneCP5_13TeV-JHUGenV7011-pythia8/UL2017_4-10_6_4-v0-RunIISummer19UL17MiniAOD-106X_mc2017_realistic_v6-v2/200720_155007/0000/myMicroAODOutputFile_10.root?tried=stor78.datagrid.cea.fr, mode: 0660, flags: kXR_open_read kXR_async kXR_retstat ). Trying to recover.
Begin processing the 3001st record. Run 1, Event 153003, LumiSection 1531 on stream 0 at 20-Dec-2022 10:29:41.071 CET
Begin processing the 4001st record. Run 1, Event 195507, LumiSection 1956 on stream 0 at 20-Dec-2022 10:32:18.108 CET
[2022-12-20 10:34:37.310382 +0100][Error  ][AsyncSock         ] [xrootd.ba.infn.it:1094 #0.0] Socket error while handshaking: [ERROR] Socket timeout
[2022-12-20 10:34:37.310562 +0100][Error  ][PostMaster        ] [xrootd.ba.infn.it:1094 #0] elapsed = 45, pConnectionWindow = 31 seconds.
Begin processing the 5001st record. Run 1, Event 392308, LumiSection 3924 on stream 0 at 20-Dec-2022 10:34:48.084 CET
[2022-12-20 10:35:22.581427 +0100][Error  ][AsyncSock         ] [xrootd.ba.infn.it:1094 #0.0] Socket error while handshaking: [ERROR] Socket timeout
[2022-12-20 10:35:22.581661 +0100][Error  ][PostMaster        ] [xrootd.ba.infn.it:1094 #0] elapsed = 45, pConnectionWindow = 31 seconds.
[2022-12-20 10:35:22.581682 +0100][Error  ][PostMaster        ] [xrootd.ba.infn.it:1094 #0] Unable to recover: [ERROR] Socket timeout.
[2022-12-20 10:35:22.581691 +0100][Error  ][XRootD            ] [xrootd.ba.infn.it:1094] Impossible to send message kXR_open (file: /store/user/alesauva/flashgg/UL2017_4/10_6_4/WHiggs0L1ToGG_M125_TuneCP5_13TeV-JHUGenV7011-pythia8/UL2017_4-10_6_4-v0-RunIISummer19UL17MiniAOD-106X_mc2017_realistic_v6-v2/200720_155007/0000/myMicroAODOutputFile_10.root?tried=stor78.datagrid.cea.fr, mode: 0660, flags: kXR_open_read kXR_async kXR_retstat ). Trying to recover.
Begin processing the 6001st record. Run 1, Event 393309, LumiSection 3934 on stream 0 at 20-Dec-2022 10:37:19.521 CET
[2022-12-20 10:39:15.931444 +0100][Error  ][AsyncSock         ] [xrootd.ba.infn.it:1094 #0.0] Socket error while handshaking: [ERROR] Socket timeout
[2022-12-20 10:39:15.931576 +0100][Error  ][PostMaster        ] [xrootd.ba.infn.it:1094 #0] elapsed = 45, pConnectionWindow = 31 seconds.
Begin processing the 7001st record. Run 1, Event 354701, LumiSection 3548 on stream 0 at 20-Dec-2022 10:39:56.076 CET
[2022-12-20 10:40:00.134374 +0100][Error  ][AsyncSock         ] [xrootd.ba.infn.it:1094 #0.0] Socket error while handshaking: [ERROR] Socket timeout
[2022-12-20 10:40:00.134532 +0100][Error  ][PostMaster        ] [xrootd.ba.infn.it:1094 #0] elapsed = 45, pConnectionWindow = 31 seconds.
[2022-12-20 10:40:00.134544 +0100][Error  ][PostMaster        ] [xrootd.ba.infn.it:1094 #0] Unable to recover: [ERROR] Socket timeout.
[2022-12-20 10:40:00.134555 +0100][Error  ][XRootD            ] [xrootd.ba.infn.it:1094] Impossible to send message kXR_open (file: /store/user/alesauva/flashgg/UL2017_4/10_6_4/WHiggs0L1ToGG_M125_TuneCP5_13TeV-JHUGenV7011-pythia8/UL2017_4-10_6_4-v0-RunIISummer19UL17MiniAOD-106X_mc2017_realistic_v6-v2/200720_155007/0000/myMicroAODOutputFile_10.root?tried=stor78.datagrid.cea.fr, mode: 0660, flags: kXR_open_read kXR_async kXR_retstat ). Trying to recover.
Begin processing the 8001st record. Run 1, Event 355705, LumiSection 3558 on stream 0 at 20-Dec-2022 10:42:36.151 CET
[2022-12-20 10:44:07.698431 +0100][Error  ][AsyncSock         ] [xrootd.ba.infn.it:1094 #0.0] Socket error while handshaking: [ERROR] Socket timeout
[2022-12-20 10:44:07.698648 +0100][Error  ][PostMaster        ] [xrootd.ba.infn.it:1094 #0] elapsed = 45, pConnectionWindow = 31 seconds.
[2022-12-20 10:44:52.946371 +0100][Error  ][AsyncSock         ] [xrootd.ba.infn.it:1094 #0.0] Socket error while handshaking: [ERROR] Socket timeout
[2022-12-20 10:44:52.946513 +0100][Error  ][PostMaster        ] [xrootd.ba.infn.it:1094 #0] elapsed = 45, pConnectionWindow = 31 seconds.
[2022-12-20 10:44:52.946524 +0100][Error  ][PostMaster        ] [xrootd.ba.infn.it:1094 #0] Unable to recover: [ERROR] Socket timeout.
[2022-12-20 10:44:52.946534 +0100][Error  ][XRootD            ] [xrootd.ba.infn.it:1094] Impossible to send message kXR_open (file: /store/user/alesauva/flashgg/UL2017_4/10_6_4/WHiggs0L1ToGG_M125_TuneCP5_13TeV-JHUGenV7011-pythia8/UL2017_4-10_6_4-v0-RunIISummer19UL17MiniAOD-106X_mc2017_realistic_v6-v2/200720_155007/0000/myMicroAODOutputFile_10.root?tried=stor78.datagrid.cea.fr, mode: 0660, flags: kXR_open_read kXR_async kXR_retstat ). Trying to recover.
Begin processing the 9001st record. Run 1, Event 356706, LumiSection 3568 on stream 0 at 20-Dec-2022 10:45:07.246 CET
Begin processing the 10001st record. Run 1, Event 693408, LumiSection 6935 on stream 0 at 20-Dec-2022 10:47:39.304 CET
[2022-12-20 10:48:53.641414 +0100][Error  ][AsyncSock         ] [xrootd.ba.infn.it:1094 #0.0] Socket error while handshaking: [ERROR] Socket timeout
[2022-12-20 10:48:53.641590 +0100][Error  ][PostMaster        ] [xrootd.ba.infn.it:1094 #0] elapsed = 45, pConnectionWindow = 31 seconds.
[2022-12-20 10:49:38.889368 +0100][Error  ][AsyncSock         ] [xrootd.ba.infn.it:1094 #0.0] Socket error while handshaking: [ERROR] Socket timeout
[2022-12-20 10:49:38.889558 +0100][Error  ][PostMaster        ] [xrootd.ba.infn.it:1094 #0] elapsed = 45, pConnectionWindow = 31 seconds.
[2022-12-20 10:49:38.889574 +0100][Error  ][PostMaster        ] [xrootd.ba.infn.it:1094 #0] Unable to recover: [ERROR] Socket timeout.
[2022-12-20 10:49:38.889583 +0100][Error  ][XRootD            ] [xrootd.ba.infn.it:1094] Impossible to send message kXR_open (file: /store/user/alesauva/flashgg/UL2017_4/10_6_4/WHiggs0L1ToGG_M125_TuneCP5_13TeV-JHUGenV7011-pythia8/UL2017_4-10_6_4-v0-RunIISummer19UL17MiniAOD-106X_mc2017_realistic_v6-v2/200720_155007/0000/myMicroAODOutputFile_10.root?tried=stor78.datagrid.cea.fr, mode: 0660, flags: kXR_open_read kXR_async kXR_retstat ). Trying to recover.
Begin processing the 11001st record. Run 1, Event 694906, LumiSection 6950 on stream 0 at 20-Dec-2022 10:50:14.868 CET
Begin processing the 12001st record. Run 1, Event 17007, LumiSection 171 on stream 0 at 20-Dec-2022 10:52:56.646 CET
[2022-12-20 10:53:44.149607 +0100][Error  ][AsyncSock         ] [xrootd.ba.infn.it:1094 #0.0] Socket error while handshaking: [ERROR] Socket timeout
[2022-12-20 10:53:44.149798 +0100][Error  ][PostMaster        ] [xrootd.ba.infn.it:1094 #0] elapsed = 46, pConnectionWindow = 31 seconds.
[2022-12-20 10:54:29.371456 +0100][Error  ][AsyncSock         ] [xrootd.ba.infn.it:1094 #0.0] Socket error while handshaking: [ERROR] Socket timeout
[2022-12-20 10:54:29.371601 +0100][Error  ][PostMaster        ] [xrootd.ba.infn.it:1094 #0] elapsed = 45, pConnectionWindow = 31 seconds.
[2022-12-20 10:54:29.371614 +0100][Error  ][PostMaster        ] [xrootd.ba.infn.it:1094 #0] Unable to recover: [ERROR] Socket timeout.
[2022-12-20 10:54:29.371624 +0100][Error  ][XRootD            ] [xrootd.ba.infn.it:1094] Impossible to send message kXR_open (file: /store/user/alesauva/flashgg/UL2017_4/10_6_4/WHiggs0L1ToGG_M125_TuneCP5_13TeV-JHUGenV7011-pythia8/UL2017_4-10_6_4-v0-RunIISummer19UL17MiniAOD-106X_mc2017_realistic_v6-v2/200720_155007/0000/myMicroAODOutputFile_10.root?tried=stor78.datagrid.cea.fr, mode: 0660, flags: kXR_open_read kXR_async kXR_retstat ). Trying to recover.
Begin processing the 13001st record. Run 1, Event 18107, LumiSection 182 on stream 0 at 20-Dec-2022 10:55:39.432 CET
Begin processing the 14001st record. Run 1, Event 19105, LumiSection 192 on stream 0 at 20-Dec-2022 10:58:20.000 CET
[2022-12-20 10:58:43.172495 +0100][Error  ][AsyncSock         ] [xrootd.ba.infn.it:1094 #0.0] Socket error while handshaking: [ERROR] Socket timeout
[2022-12-20 10:58:43.172698 +0100][Error  ][PostMaster        ] [xrootd.ba.infn.it:1094 #0] elapsed = 46, pConnectionWindow = 31 seconds.
[2022-12-20 10:59:28.415602 +0100][Error  ][AsyncSock         ] [xrootd.ba.infn.it:1094 #0.0] Socket error while handshaking: [ERROR] Socket timeout
[2022-12-20 10:59:28.415796 +0100][Error  ][PostMaster        ] [xrootd.ba.infn.it:1094 #0] elapsed = 45, pConnectionWindow = 31 seconds.
[2022-12-20 10:59:28.415821 +0100][Error  ][PostMaster        ] [xrootd.ba.infn.it:1094 #0] Unable to recover: [ERROR] Socket timeout.
[2022-12-20 10:59:28.415832 +0100][Error  ][XRootD            ] [xrootd.ba.infn.it:1094] Impossible to send message kXR_open (file: /store/user/alesauva/flashgg/UL2017_4/10_6_4/WHiggs0L1ToGG_M125_TuneCP5_13TeV-JHUGenV7011-pythia8/UL2017_4-10_6_4-v0-RunIISummer19UL17MiniAOD-106X_mc2017_realistic_v6-v2/200720_155007/0000/myMicroAODOutputFile_10.root?tried=stor78.datagrid.cea.fr, mode: 0660, flags: kXR_open_read kXR_async kXR_retstat ). Trying to recover.
Begin processing the 15001st record. Run 1, Event 39202, LumiSection 393 on stream 0 at 20-Dec-2022 11:00:57.816 CET
[2022-12-20 11:03:25.114363 +0100][Error  ][AsyncSock         ] [xrootd.ba.infn.it:1094 #0.0] Socket error while handshaking: [ERROR] Socket timeout
[2022-12-20 11:03:25.114526 +0100][Error  ][PostMaster        ] [xrootd.ba.infn.it:1094 #0] elapsed = 45, pConnectionWindow = 31 seconds.
Begin processing the 16001st record. Run 1, Event 40209, LumiSection 403 on stream 0 at 20-Dec-2022 11:03:26.708 CET
[2022-12-20 11:04:10.371394 +0100][Error  ][AsyncSock         ] [xrootd.ba.infn.it:1094 #0.0] Socket error while handshaking: [ERROR] Socket timeout
[2022-12-20 11:04:10.371530 +0100][Error  ][PostMaster        ] [xrootd.ba.infn.it:1094 #0] elapsed = 45, pConnectionWindow = 31 seconds.
[2022-12-20 11:04:10.371545 +0100][Error  ][PostMaster        ] [xrootd.ba.infn.it:1094 #0] Unable to recover: [ERROR] Socket timeout.
[2022-12-20 11:04:10.371556 +0100][Error  ][XRootD            ] [xrootd.ba.infn.it:1094] Impossible to send message kXR_open (file: /store/user/alesauva/flashgg/UL2017_4/10_6_4/WHiggs0L1ToGG_M125_TuneCP5_13TeV-JHUGenV7011-pythia8/UL2017_4-10_6_4-v0-RunIISummer19UL17MiniAOD-106X_mc2017_realistic_v6-v2/200720_155007/0000/myMicroAODOutputFile_10.root?tried=stor78.datagrid.cea.fr, mode: 0660, flags: kXR_open_read kXR_async kXR_retstat ). Trying to recover.
Begin processing the 17001st record. Run 1, Event 105711, LumiSection 1058 on stream 0 at 20-Dec-2022 11:06:06.672 CET
[2022-12-20 11:08:19.581581 +0100][Error  ][AsyncSock         ] [xrootd.ba.infn.it:1094 #0.0] Socket error while handshaking: [ERROR] Socket timeout
[2022-12-20 11:08:19.581745 +0100][Error  ][PostMaster        ] [xrootd.ba.infn.it:1094 #0] elapsed = 45, pConnectionWindow = 31 seconds.
Begin processing the 18001st record. Run 1, Event 107608, LumiSection 1077 on stream 0 at 20-Dec-2022 11:08:41.537 CET
[2022-12-20 11:09:04.836385 +0100][Error  ][AsyncSock         ] [xrootd.ba.infn.it:1094 #0.0] Socket error while handshaking: [ERROR] Socket timeout
[2022-12-20 11:09:04.836524 +0100][Error  ][PostMaster        ] [xrootd.ba.infn.it:1094 #0] elapsed = 45, pConnectionWindow = 31 seconds.
[2022-12-20 11:09:04.836534 +0100][Error  ][PostMaster        ] [xrootd.ba.infn.it:1094 #0] Unable to recover: [ERROR] Socket timeout.
[2022-12-20 11:09:04.836543 +0100][Error  ][XRootD            ] [xrootd.ba.infn.it:1094] Impossible to send message kXR_open (file: /store/user/alesauva/flashgg/UL2017_4/10_6_4/WHiggs0L1ToGG_M125_TuneCP5_13TeV-JHUGenV7011-pythia8/UL2017_4-10_6_4-v0-RunIISummer19UL17MiniAOD-106X_mc2017_realistic_v6-v2/200720_155007/0000/myMicroAODOutputFile_10.root?tried=stor78.datagrid.cea.fr, mode: 0660, flags: kXR_open_read kXR_async kXR_retstat ). Trying to recover.
Begin processing the 19001st record. Run 1, Event 290613, LumiSection 2907 on stream 0 at 20-Dec-2022 11:11:21.161 CET
[2022-12-20 11:13:11.339382 +0100][Error  ][AsyncSock         ] [xrootd.ba.infn.it:1094 #0.0] Socket error while handshaking: [ERROR] Socket timeout
[2022-12-20 11:13:11.339542 +0100][Error  ][PostMaster        ] [xrootd.ba.infn.it:1094 #0] elapsed = 45, pConnectionWindow = 31 seconds.
[2022-12-20 11:13:56.596390 +0100][Error  ][AsyncSock         ] [xrootd.ba.infn.it:1094 #0.0] Socket error while handshaking: [ERROR] Socket timeout
[2022-12-20 11:13:56.596540 +0100][Error  ][PostMaster        ] [xrootd.ba.infn.it:1094 #0] elapsed = 45, pConnectionWindow = 31 seconds.
[2022-12-20 11:13:56.596552 +0100][Error  ][PostMaster        ] [xrootd.ba.infn.it:1094 #0] Unable to recover: [ERROR] Socket timeout.
[2022-12-20 11:13:56.596563 +0100][Error  ][XRootD            ] [xrootd.ba.infn.it:1094] Impossible to send message kXR_open (file: /store/user/alesauva/flashgg/UL2017_4/10_6_4/WHiggs0L1ToGG_M125_TuneCP5_13TeV-JHUGenV7011-pythia8/UL2017_4-10_6_4-v0-RunIISummer19UL17MiniAOD-106X_mc2017_realistic_v6-v2/200720_155007/0000/myMicroAODOutputFile_10.root?tried=stor78.datagrid.cea.fr, mode: 0660, flags: kXR_open_read kXR_async kXR_retstat ). Trying to recover.
Begin processing the 20001st record. Run 1, Event 291607, LumiSection 2917 on stream 0 at 20-Dec-2022 11:13:57.246 CET
Begin processing the 21001st record. Run 1, Event 514603, LumiSection 5147 on stream 0 at 20-Dec-2022 11:16:29.000 CET
[2022-12-20 11:17:55.220426 +0100][Error  ][AsyncSock         ] [xrootd.ba.infn.it:1094 #0.0] Socket error while handshaking: [ERROR] Socket timeout
[2022-12-20 11:17:55.220654 +0100][Error  ][PostMaster        ] [xrootd.ba.infn.it:1094 #0] elapsed = 45, pConnectionWindow = 31 seconds.
[2022-12-20 11:18:40.486369 +0100][Error  ][AsyncSock         ] [xrootd.ba.infn.it:1094 #0.0] Socket error while handshaking: [ERROR] Socket timeout
[2022-12-20 11:18:40.486515 +0100][Error  ][PostMaster        ] [xrootd.ba.infn.it:1094 #0] elapsed = 45, pConnectionWindow = 31 seconds.
[2022-12-20 11:18:40.486526 +0100][Error  ][PostMaster        ] [xrootd.ba.infn.it:1094 #0] Unable to recover: [ERROR] Socket timeout.
[2022-12-20 11:18:40.486537 +0100][Error  ][XRootD            ] [xrootd.ba.infn.it:1094] Impossible to send message kXR_open (file: /store/user/alesauva/flashgg/UL2017_4/10_6_4/WHiggs0L1ToGG_M125_TuneCP5_13TeV-JHUGenV7011-pythia8/UL2017_4-10_6_4-v0-RunIISummer19UL17MiniAOD-106X_mc2017_realistic_v6-v2/200720_155007/0000/myMicroAODOutputFile_10.root?tried=stor78.datagrid.cea.fr, mode: 0660, flags: kXR_open_read kXR_async kXR_retstat ). Trying to recover.
Begin processing the 22001st record. Run 1, Event 516903, LumiSection 5170 on stream 0 at 20-Dec-2022 11:19:13.724 CET
Begin processing the 23001st record. Run 1, Event 619514, LumiSection 6196 on stream 0 at 20-Dec-2022 11:21:50.872 CET
[2022-12-20 11:22:50.303381 +0100][Error  ][AsyncSock         ] [xrootd.ba.infn.it:1094 #0.0] Socket error while handshaking: [ERROR] Socket timeout
[2022-12-20 11:22:50.303541 +0100][Error  ][PostMaster        ] [xrootd.ba.infn.it:1094 #0] elapsed = 45, pConnectionWindow = 31 seconds.
[2022-12-20 11:23:35.569391 +0100][Error  ][AsyncSock         ] [xrootd.ba.infn.it:1094 #0.0] Socket error while handshaking: [ERROR] Socket timeout
[2022-12-20 11:23:35.569568 +0100][Error  ][PostMaster        ] [xrootd.ba.infn.it:1094 #0] elapsed = 45, pConnectionWindow = 31 seconds.
[2022-12-20 11:23:35.569583 +0100][Error  ][PostMaster        ] [xrootd.ba.infn.it:1094 #0] Unable to recover: [ERROR] Socket timeout.
[2022-12-20 11:23:35.569593 +0100][Error  ][XRootD            ] [xrootd.ba.infn.it:1094] Impossible to send message kXR_open (file: /store/user/alesauva/flashgg/UL2017_4/10_6_4/WHiggs0L1ToGG_M125_TuneCP5_13TeV-JHUGenV7011-pythia8/UL2017_4-10_6_4-v0-RunIISummer19UL17MiniAOD-106X_mc2017_realistic_v6-v2/200720_155007/0000/myMicroAODOutputFile_10.root?tried=stor78.datagrid.cea.fr, mode: 0660, flags: kXR_open_read kXR_async kXR_retstat ). Trying to recover.
Begin processing the 24001st record. Run 1, Event 620513, LumiSection 6206 on stream 0 at 20-Dec-2022 11:24:31.770 CET
20-Dec-2022 11:27:13 CET  Closed file root://cms-xrd-global.cern.ch//store/user/alesauva/flashgg/UL2017_4/10_6_4/WHiggs0L1ToGG_M125_TuneCP5_13TeV-JHUGenV7011-pythia8/UL2017_4-10_6_4-v0-RunIISummer19UL17MiniAOD-106X_mc2017_realistic_v6-v2/200720_155007/0000/myMicroAODOutputFile_10.root

TrigReport ---------- Event  Summary ------------
TrigReport Events total = 25000 passed = 24630 failed = 370

TrigReport ---------- Path   Summary ------------
TrigReport  Trig Bit#   Executed     Passed     Failed      Error Name
TrigReport     1    0      25000      24630        370          0 p

TrigReport -------End-Path   Summary ------------
TrigReport  Trig Bit#   Executed     Passed     Failed      Error Name

TrigReport ---------- Modules in Path: p ------------
TrigReport  Trig Bit#    Visited     Passed     Failed      Error Name
TrigReport     1    0      25000      24630        370          0 flashggMetFilters
TrigReport     1    1      24630      24630          0          0 VHFilter
TrigReport     1    2      24630      24630          0          0 flashggDifferentialPhoIdInputsCorrection
TrigReport     1    3      24630      24630          0          0 flashggDiPhotonSystematics
TrigReport     1    4      24630      24630          0          0 flashggMetSystematics
TrigReport     1    5      24630      24630          0          0 flashggMuonSystematics
TrigReport     1    6      24630      24630          0          0 flashggElectronSystematics
TrigReport     1    7      24630      24630          0          0 flashggUnpackedJets
TrigReport     1    8      24630      24630          0          0 flashggJetSystematics0
TrigReport     1    9      24630      24630          0          0 flashggJetSystematics1
TrigReport     1   10      24630      24630          0          0 flashggJetSystematics2
TrigReport     1   11      24630      24630          0          0 flashggJetSystematics3
TrigReport     1   12      24630      24630          0          0 flashggJetSystematics4
TrigReport     1   13      24630      24630          0          0 flashggJetSystematics5
TrigReport     1   14      24630      24630          0          0 flashggJetSystematics6
TrigReport     1   15      24630      24630          0          0 flashggJetSystematics7
TrigReport     1   16      24630      24630          0          0 flashggJetSystematics8
TrigReport     1   17      24630      24630          0          0 flashggJetSystematics9
TrigReport     1   18      24630      24630          0          0 flashggJetSystematics10
TrigReport     1   19      24630      24630          0          0 flashggJetSystematics11
TrigReport     1   20      24630      24630          0          0 flashggPrefireDiPhotons
TrigReport     1   21      24630      24630          0          0 flashggPreselectedDiPhotons
TrigReport     1   22      24630      24630          0          0 flashggDiPhotonMVA
TrigReport     1   23      24630      24630          0          0 flashggVBFMVA
TrigReport     1   24      24630      24630          0          0 flashggVHhadMVA
TrigReport     1   25      24630      24630          0          0 flashggGluGluHMVA
TrigReport     1   26      24630      24630          0          0 flashggStageOneCombinedTag
TrigReport     1   27      24630      24630          0          0 flashggTHQLeptonicTag
TrigReport     1   28      24630      24630          0          0 flashggVHMetTag
TrigReport     1   29      24630      24630          0          0 flashggWHLeptonicTag
TrigReport     1   30      24630      24630          0          0 flashggZHLeptonicTag
TrigReport     1   31      24630      24630          0          0 flashggTTHLeptonicTag
TrigReport     1   32      24630      24630          0          0 flashggTTHHadronicTag
TrigReport     1   33      24630      24630          0          0 flashggTagSorter
TrigReport     1   34      24630      24630          0          0 flashggSystTagMerger
TrigReport     1   35      24630      24630          0          0 tagsDumper

TrigReport ---------- Module Summary ------------
TrigReport    Visited   Executed     Passed     Failed      Error Name
TrigReport      25000      25000      25000          0          0 TriggerResults
TrigReport      24630      24630      24630          0          0 VHFilter
TrigReport      24630      24630      24630          0          0 ak4PFCHSL1FastL2L3Corrector
TrigReport      24630      24630      24630          0          0 ak4PFCHSL1FastjetCorrector
TrigReport      24630      24630      24630          0          0 ak4PFCHSL2RelativeCorrector
TrigReport      24630      24630      24630          0          0 ak4PFCHSL3AbsoluteCorrector
TrigReport      24630      24630      24630          0          0 flashggDiPhotonMVA
TrigReport      24630      24630      24630          0          0 flashggDiPhotonSystematics
TrigReport      24630      24630      24630          0          0 flashggDifferentialPhoIdInputsCorrection
TrigReport      24630      24630      24630          0          0 flashggElectronSystematics
TrigReport      24630      24630      24630          0          0 flashggGluGluHMVA
TrigReport      24630      24630      24630          0          0 flashggJetSystematics0
TrigReport      24630      24630      24630          0          0 flashggJetSystematics1
TrigReport      24630      24630      24630          0          0 flashggJetSystematics10
TrigReport      24630      24630      24630          0          0 flashggJetSystematics11
TrigReport      24630      24630      24630          0          0 flashggJetSystematics2
TrigReport      24630      24630      24630          0          0 flashggJetSystematics3
TrigReport      24630      24630      24630          0          0 flashggJetSystematics4
TrigReport      24630      24630      24630          0          0 flashggJetSystematics5
TrigReport      24630      24630      24630          0          0 flashggJetSystematics6
TrigReport      24630      24630      24630          0          0 flashggJetSystematics7
TrigReport      24630      24630      24630          0          0 flashggJetSystematics8
TrigReport      24630      24630      24630          0          0 flashggJetSystematics9
TrigReport      25000      25000      24630        370          0 flashggMetFilters
TrigReport      24630      24630      24630          0          0 flashggMetSystematics
TrigReport      24630      24630      24630          0          0 flashggMuonSystematics
TrigReport      24630      24630      24630          0          0 flashggPrefireDiPhotons
TrigReport      24630      24630      24630          0          0 flashggPreselectedDiPhotons
TrigReport      24630      24630      24630          0          0 flashggStageOneCombinedTag
TrigReport      24630      24630      24630          0          0 flashggSystTagMerger
TrigReport      24630      24630      24630          0          0 flashggTHQLeptonicTag
TrigReport      24630      24630      24630          0          0 flashggTTHHadronicTag
TrigReport      24630      24630      24630          0          0 flashggTTHLeptonicTag
TrigReport      24630      24630      24630          0          0 flashggTagSorter
TrigReport      24630      24630      24630          0          0 flashggUnpackedJets
TrigReport      24630      24630      24630          0          0 flashggVBFMVA
TrigReport      24630      24630      24630          0          0 flashggVHMetTag
TrigReport      24630      24630      24630          0          0 flashggVHhadMVA
TrigReport      24630      24630      24630          0          0 flashggWHLeptonicTag
TrigReport      24630      24630      24630          0          0 flashggZHLeptonicTag
TrigReport      25000      25000      25000          0          0 p
TrigReport      24630      24630      24630          0          0 tagsDumper

TimeReport ---------- Event  Summary ---[sec]----
TimeReport       event loop CPU/event = 0.161963
TimeReport      event loop Real/event = 0.162799
TimeReport     sum Streams Real/event = 0.158326
TimeReport efficiency CPU/Real/thread = 0.994865

TimeReport ---------- Path   Summary ---[Real sec]----
TimeReport  per event     per exec  Name
TimeReport   0.157783     0.157783  p
TimeReport  per event     per exec  Name

TimeReport -------End-Path   Summary ---[Real sec]----
TimeReport  per event     per exec  Name
TimeReport  per event     per exec  Name

TimeReport ---------- Modules in Path: p ---[Real sec]----
TimeReport  per event    per visit  Name
TimeReport   0.000019     0.000019  flashggMetFilters
TimeReport   0.000006     0.000006  VHFilter
TimeReport   0.089103     0.090442  flashggDifferentialPhoIdInputsCorrection
TimeReport   0.050490     0.051248  flashggDiPhotonSystematics
TimeReport   0.000181     0.000183  flashggMetSystematics
TimeReport   0.000049     0.000050  flashggMuonSystematics
TimeReport   0.000041     0.000042  flashggElectronSystematics
TimeReport   0.000237     0.000241  flashggUnpackedJets
TimeReport   0.003968     0.004027  flashggJetSystematics0
TimeReport   0.000753     0.000764  flashggJetSystematics1
TimeReport   0.000678     0.000688  flashggJetSystematics2
TimeReport   0.000653     0.000663  flashggJetSystematics3
TimeReport   0.000643     0.000653  flashggJetSystematics4
TimeReport   0.000639     0.000648  flashggJetSystematics5
TimeReport   0.000635     0.000644  flashggJetSystematics6
TimeReport   0.000632     0.000641  flashggJetSystematics7
TimeReport   0.000630     0.000640  flashggJetSystematics8
TimeReport   0.000628     0.000638  flashggJetSystematics9
TimeReport   0.000628     0.000637  flashggJetSystematics10
TimeReport   0.000626     0.000635  flashggJetSystematics11
TimeReport   0.000348     0.000353  flashggPrefireDiPhotons
TimeReport   0.000147     0.000149  flashggPreselectedDiPhotons
TimeReport   0.000044     0.000045  flashggDiPhotonMVA
TimeReport   0.000037     0.000038  flashggVBFMVA
TimeReport   0.000021     0.000021  flashggVHhadMVA
TimeReport   0.000063     0.000064  flashggGluGluHMVA
TimeReport   0.000038     0.000038  flashggStageOneCombinedTag
TimeReport   0.000432     0.000439  flashggTHQLeptonicTag
TimeReport   0.000398     0.000404  flashggVHMetTag
TimeReport   0.000045     0.000045  flashggWHLeptonicTag
TimeReport   0.000021     0.000021  flashggZHLeptonicTag
TimeReport   0.000198     0.000201  flashggTTHLeptonicTag
TimeReport   0.001508     0.001530  flashggTTHHadronicTag
TimeReport   0.000093     0.000094  flashggTagSorter
TimeReport   0.000004     0.000004  flashggSystTagMerger
TimeReport   0.000370     0.000375  tagsDumper
TimeReport  per event    per visit  Name

TimeReport ---------- Module Summary ---[Real sec]----
TimeReport  per event     per exec    per visit  Name
TimeReport   0.000003     0.000003     0.000003  TriggerResults
TimeReport   0.000006     0.000006     0.000006  VHFilter
TimeReport   0.000004     0.000004     0.000004  ak4PFCHSL1FastL2L3Corrector
TimeReport   0.000004     0.000004     0.000004  ak4PFCHSL1FastjetCorrector
TimeReport   0.000002     0.000002     0.000002  ak4PFCHSL2RelativeCorrector
TimeReport   0.000016     0.000016     0.000016  ak4PFCHSL3AbsoluteCorrector
TimeReport   0.000044     0.000045     0.000045  flashggDiPhotonMVA
TimeReport   0.050490     0.051248     0.051248  flashggDiPhotonSystematics
TimeReport   0.089103     0.090442     0.090442  flashggDifferentialPhoIdInputsCorrection
TimeReport   0.000041     0.000042     0.000042  flashggElectronSystematics
TimeReport   0.000063     0.000064     0.000064  flashggGluGluHMVA
TimeReport   0.003968     0.004027     0.004027  flashggJetSystematics0
TimeReport   0.000753     0.000764     0.000764  flashggJetSystematics1
TimeReport   0.000628     0.000637     0.000637  flashggJetSystematics10
TimeReport   0.000626     0.000635     0.000635  flashggJetSystematics11
TimeReport   0.000678     0.000688     0.000688  flashggJetSystematics2
TimeReport   0.000653     0.000663     0.000663  flashggJetSystematics3
TimeReport   0.000643     0.000653     0.000653  flashggJetSystematics4
TimeReport   0.000639     0.000648     0.000648  flashggJetSystematics5
TimeReport   0.000635     0.000644     0.000644  flashggJetSystematics6
TimeReport   0.000632     0.000641     0.000641  flashggJetSystematics7
TimeReport   0.000630     0.000640     0.000640  flashggJetSystematics8
TimeReport   0.000628     0.000638     0.000638  flashggJetSystematics9
TimeReport   0.000019     0.000019     0.000019  flashggMetFilters
TimeReport   0.000181     0.000183     0.000183  flashggMetSystematics
TimeReport   0.000049     0.000050     0.000050  flashggMuonSystematics
TimeReport   0.000348     0.000353     0.000353  flashggPrefireDiPhotons
TimeReport   0.000147     0.000149     0.000149  flashggPreselectedDiPhotons
TimeReport   0.000038     0.000038     0.000038  flashggStageOneCombinedTag
TimeReport   0.000004     0.000004     0.000004  flashggSystTagMerger
TimeReport   0.000432     0.000439     0.000439  flashggTHQLeptonicTag
TimeReport   0.001508     0.001530     0.001530  flashggTTHHadronicTag
TimeReport   0.000198     0.000201     0.000201  flashggTTHLeptonicTag
TimeReport   0.000093     0.000094     0.000094  flashggTagSorter
TimeReport   0.000237     0.000241     0.000241  flashggUnpackedJets
TimeReport   0.000037     0.000038     0.000038  flashggVBFMVA
TimeReport   0.000398     0.000404     0.000404  flashggVHMetTag
TimeReport   0.000021     0.000021     0.000021  flashggVHhadMVA
TimeReport   0.000045     0.000045     0.000045  flashggWHLeptonicTag
TimeReport   0.000021     0.000021     0.000021  flashggZHLeptonicTag
TimeReport   0.000003     0.000003     0.000003  p
TimeReport   0.000370     0.000375     0.000375  tagsDumper
TimeReport  per event     per exec    per visit  Name

T---Report end!


=============================================

MessageLogger Summary

 type     category        sev    module        subroutine        count    total
 ---- -------------------- -- ---------------- ----------------  -----    -----
    1 XrdAdaptor           -w file_open                              1        1
    2 fileAction           -s file_close                             1        1
    3 fileAction           -s file_open                              2        2

 type    category    Examples: run/evt        run/evt          run/evt
 ---- -------------------- ---------------- ---------------- ----------------
    1 XrdAdaptor           pre-events                        
    2 fileAction           PostGlobalEndRun                  
    3 fileAction           pre-events       pre-events       

Severity    # Occurrences   Total Occurrences
--------    -------------   -----------------
Warning                 1                   1
System                  3                   3

dropped waiting message count 0
