mkdir: cannot create directory '/afs/cern.ch/user/x/xisu/private/local/Analysis_workspace/VH_AC_tmp1/flashgg_d2/CMSSW_10_6_29/src/flashgg/VHAC_Analysis_Met/UL_17/UL_17_wh125': File exists
/cvmfs/cms.cern.ch/slc7_amd64_gcc700/external/py2-requests/2.21.0-pafccj2/lib/python2.7/site-packages/requests/__init__.py:91: RequestsDependencyWarning: urllib3 (1.25.2) or chardet (3.0.4) doesn't match a supported version!
  RequestsDependencyWarning)
20-Dec-2022 10:05:27 CET  Initiating request to open file root://cms-xrd-global.cern.ch//store/user/alesauva/flashgg/UL2017_4/10_6_4/WHiggs0PHToGG_M125_TuneCP5_13TeV-JHUGenV7011-pythia8/UL2017_4-10_6_4-v0-RunIISummer19UL17MiniAOD-106X_mc2017_realistic_v6-v2/200720_155719/0000/myMicroAODOutputFile_17.root
%MSG-w XrdAdaptor:  file_open 20-Dec-2022 10:05:30 CET pre-events
Data is served from GRIF-IRFU instead of original site CERN-CMSGLOBAL-01
%MSG
20-Dec-2022 10:05:32 CET  Successfully opened file root://cms-xrd-global.cern.ch//store/user/alesauva/flashgg/UL2017_4/10_6_4/WHiggs0PHToGG_M125_TuneCP5_13TeV-JHUGenV7011-pythia8/UL2017_4-10_6_4-v0-RunIISummer19UL17MiniAOD-106X_mc2017_realistic_v6-v2/200720_155719/0000/myMicroAODOutputFile_17.root
[2022-12-20 10:06:19.927370 +0100][Error  ][AsyncSock         ] [xrootd.ba.infn.it:1094 #0.0] Socket error while handshaking: [ERROR] Socket timeout
[2022-12-20 10:06:19.927668 +0100][Error  ][PostMaster        ] [xrootd.ba.infn.it:1094 #0] elapsed = 45, pConnectionWindow = 31 seconds.
[2022-12-20 10:07:05.180212 +0100][Error  ][AsyncSock         ] [xrootd.ba.infn.it:1094 #0.0] Socket error while handshaking: [ERROR] Socket timeout
[2022-12-20 10:07:05.180399 +0100][Error  ][PostMaster        ] [xrootd.ba.infn.it:1094 #0] elapsed = 46, pConnectionWindow = 31 seconds.
[2022-12-20 10:07:05.180443 +0100][Error  ][PostMaster        ] [xrootd.ba.infn.it:1094 #0] Unable to recover: [ERROR] Socket timeout.
[2022-12-20 10:07:05.180473 +0100][Error  ][XRootD            ] [xrootd.ba.infn.it:1094] Impossible to send message kXR_open (file: /store/user/alesauva/flashgg/UL2017_4/10_6_4/WHiggs0PHToGG_M125_TuneCP5_13TeV-JHUGenV7011-pythia8/UL2017_4-10_6_4-v0-RunIISummer19UL17MiniAOD-106X_mc2017_realistic_v6-v2/200720_155719/0000/myMicroAODOutputFile_17.root?tried=+1413llrxrd-redir.in2p3.fr,+1213xrootd-cms-redir-int.cr.cnaf.infn.it,+1213xrootd-redic.pi.infn.it,+1413xrootd-cms-redir-int.cr.cnaf.infn.it,stor91.datagrid.cea.fr,node12.datagrid.cea.fr,xrootd-redic.pi.infn.it,xrootd-cms.infn.it,llrxrd-redir.in2p3.fr&triedrc=enoent,enoent, mode: 0660, flags: kXR_open_read kXR_async kXR_retstat ). Trying to recover.
2022-12-20 10:20:13.240245: I tensorflow/core/platform/cpu_feature_guard.cc:140] Your CPU supports instructions that this TensorFlow binary was not compiled to use: SSE4.1 SSE4.2 AVX AVX2 FMA
Begin processing the 1st record. Run 1, Event 68108, LumiSection 682 on stream 0 at 20-Dec-2022 10:21:07.149 CET
[2022-12-20 10:21:50.367253 +0100][Error  ][AsyncSock         ] [xrootd.ba.infn.it:1094 #0.0] Socket error while handshaking: [ERROR] Socket timeout
[2022-12-20 10:21:50.367361 +0100][Error  ][PostMaster        ] [xrootd.ba.infn.it:1094 #0] elapsed = 45, pConnectionWindow = 31 seconds.
[2022-12-20 10:22:35.629268 +0100][Error  ][AsyncSock         ] [xrootd.ba.infn.it:1094 #0.0] Socket error while handshaking: [ERROR] Socket timeout
[2022-12-20 10:22:35.629417 +0100][Error  ][PostMaster        ] [xrootd.ba.infn.it:1094 #0] elapsed = 45, pConnectionWindow = 31 seconds.
[2022-12-20 10:22:35.629431 +0100][Error  ][PostMaster        ] [xrootd.ba.infn.it:1094 #0] Unable to recover: [ERROR] Socket timeout.
[2022-12-20 10:22:35.629453 +0100][Error  ][XRootD            ] [xrootd.ba.infn.it:1094] Impossible to send message kXR_open (file: /store/user/alesauva/flashgg/UL2017_4/10_6_4/WHiggs0PHToGG_M125_TuneCP5_13TeV-JHUGenV7011-pythia8/UL2017_4-10_6_4-v0-RunIISummer19UL17MiniAOD-106X_mc2017_realistic_v6-v2/200720_155719/0000/myMicroAODOutputFile_17.root?tried=stor91.datagrid.cea.fr, mode: 0660, flags: kXR_open_read kXR_async kXR_retstat ). Trying to recover.
Begin processing the 1001st record. Run 1, Event 608001, LumiSection 6081 on stream 0 at 20-Dec-2022 10:25:40.812 CET
Begin processing the 2001st record. Run 1, Event 70211, LumiSection 703 on stream 0 at 20-Dec-2022 10:27:48.679 CET
[2022-12-20 10:27:52.570213 +0100][Error  ][AsyncSock         ] [xrootd.ba.infn.it:1094 #0.0] Socket error while handshaking: [ERROR] Socket timeout
[2022-12-20 10:27:52.570380 +0100][Error  ][PostMaster        ] [xrootd.ba.infn.it:1094 #0] elapsed = 45, pConnectionWindow = 31 seconds.
[2022-12-20 10:28:37.846191 +0100][Error  ][AsyncSock         ] [xrootd.ba.infn.it:1094 #0.0] Socket error while handshaking: [ERROR] Socket timeout
[2022-12-20 10:28:37.846364 +0100][Error  ][PostMaster        ] [xrootd.ba.infn.it:1094 #0] elapsed = 45, pConnectionWindow = 31 seconds.
[2022-12-20 10:28:37.846375 +0100][Error  ][PostMaster        ] [xrootd.ba.infn.it:1094 #0] Unable to recover: [ERROR] Socket timeout.
[2022-12-20 10:28:37.846475 +0100][Error  ][XRootD            ] [xrootd.ba.infn.it:1094] Impossible to send message kXR_open (file: /store/user/alesauva/flashgg/UL2017_4/10_6_4/WHiggs0PHToGG_M125_TuneCP5_13TeV-JHUGenV7011-pythia8/UL2017_4-10_6_4-v0-RunIISummer19UL17MiniAOD-106X_mc2017_realistic_v6-v2/200720_155719/0000/myMicroAODOutputFile_17.root?tried=stor91.datagrid.cea.fr, mode: 0460, flags: kXR_open_read kXR_async kXR_retstat ). Trying to recover.
Begin processing the 3001st record. Run 1, Event 71213, LumiSection 713 on stream 0 at 20-Dec-2022 10:30:01.984 CET
Begin processing the 4001st record. Run 1, Event 600203, LumiSection 6003 on stream 0 at 20-Dec-2022 10:32:07.789 CET
Begin processing the 5001st record. Run 1, Event 660901, LumiSection 6610 on stream 0 at 20-Dec-2022 10:34:11.721 CET
[2022-12-20 10:35:06.595241 +0100][Error  ][AsyncSock         ] [xrootd.ba.infn.it:1094 #0.0] Socket error while handshaking: [ERROR] Socket timeout
[2022-12-20 10:35:06.595452 +0100][Error  ][PostMaster        ] [xrootd.ba.infn.it:1094 #0] elapsed = 45, pConnectionWindow = 31 seconds.
[2022-12-20 10:35:51.853249 +0100][Error  ][AsyncSock         ] [xrootd.ba.infn.it:1094 #0.0] Socket error while handshaking: [ERROR] Socket timeout
[2022-12-20 10:35:51.853429 +0100][Error  ][PostMaster        ] [xrootd.ba.infn.it:1094 #0] elapsed = 45, pConnectionWindow = 31 seconds.
[2022-12-20 10:35:51.853444 +0100][Error  ][PostMaster        ] [xrootd.ba.infn.it:1094 #0] Unable to recover: [ERROR] Socket timeout.
[2022-12-20 10:35:51.853455 +0100][Error  ][XRootD            ] [xrootd.ba.infn.it:1094] Impossible to send message kXR_open (file: /store/user/alesauva/flashgg/UL2017_4/10_6_4/WHiggs0PHToGG_M125_TuneCP5_13TeV-JHUGenV7011-pythia8/UL2017_4-10_6_4-v0-RunIISummer19UL17MiniAOD-106X_mc2017_realistic_v6-v2/200720_155719/0000/myMicroAODOutputFile_17.root?tried=stor91.datagrid.cea.fr, mode: 0660, flags: kXR_open_read kXR_async kXR_retstat ). Trying to recover.
Begin processing the 6001st record. Run 1, Event 661906, LumiSection 6620 on stream 0 at 20-Dec-2022 10:36:27.958 CET
Begin processing the 7001st record. Run 1, Event 677007, LumiSection 6771 on stream 0 at 20-Dec-2022 10:38:39.325 CET
[2022-12-20 10:39:41.653191 +0100][Error  ][AsyncSock         ] [xrootd.ba.infn.it:1094 #0.0] Socket error while handshaking: [ERROR] Socket timeout
[2022-12-20 10:39:41.653317 +0100][Error  ][PostMaster        ] [xrootd.ba.infn.it:1094 #0] elapsed = 45, pConnectionWindow = 31 seconds.
[2022-12-20 10:40:26.904690 +0100][Error  ][AsyncSock         ] [xrootd.ba.infn.it:1094 #0.0] Socket error while handshaking: [ERROR] Socket timeout
[2022-12-20 10:40:26.904867 +0100][Error  ][PostMaster        ] [xrootd.ba.infn.it:1094 #0] elapsed = 45, pConnectionWindow = 31 seconds.
[2022-12-20 10:40:26.904879 +0100][Error  ][PostMaster        ] [xrootd.ba.infn.it:1094 #0] Unable to recover: [ERROR] Socket timeout.
[2022-12-20 10:40:26.904889 +0100][Error  ][XRootD            ] [xrootd.ba.infn.it:1094] Impossible to send message kXR_open (file: /store/user/alesauva/flashgg/UL2017_4/10_6_4/WHiggs0PHToGG_M125_TuneCP5_13TeV-JHUGenV7011-pythia8/UL2017_4-10_6_4-v0-RunIISummer19UL17MiniAOD-106X_mc2017_realistic_v6-v2/200720_155719/0000/myMicroAODOutputFile_17.root?tried=stor91.datagrid.cea.fr, mode: 0660, flags: kXR_open_read kXR_async kXR_retstat ). Trying to recover.
Begin processing the 8001st record. Run 1, Event 678008, LumiSection 6781 on stream 0 at 20-Dec-2022 10:40:42.413 CET
Begin processing the 9001st record. Run 1, Event 679006, LumiSection 6791 on stream 0 at 20-Dec-2022 10:42:51.014 CET
Begin processing the 10001st record. Run 1, Event 689010, LumiSection 6891 on stream 0 at 20-Dec-2022 10:44:55.782 CET
Begin processing the 11001st record. Run 1, Event 690002, LumiSection 6901 on stream 0 at 20-Dec-2022 10:46:58.726 CET
[2022-12-20 10:48:09.238203 +0100][Error  ][AsyncSock         ] [xrootd.ba.infn.it:1094 #0.0] Socket error while handshaking: [ERROR] Socket timeout
[2022-12-20 10:48:09.238433 +0100][Error  ][PostMaster        ] [xrootd.ba.infn.it:1094 #0] elapsed = 45, pConnectionWindow = 31 seconds.
[2022-12-20 10:48:54.504220 +0100][Error  ][AsyncSock         ] [xrootd.ba.infn.it:1094 #0.0] Socket error while handshaking: [ERROR] Socket timeout
[2022-12-20 10:48:54.504397 +0100][Error  ][PostMaster        ] [xrootd.ba.infn.it:1094 #0] elapsed = 45, pConnectionWindow = 31 seconds.
[2022-12-20 10:48:54.504417 +0100][Error  ][PostMaster        ] [xrootd.ba.infn.it:1094 #0] Unable to recover: [ERROR] Socket timeout.
[2022-12-20 10:48:54.504427 +0100][Error  ][XRootD            ] [xrootd.ba.infn.it:1094] Impossible to send message kXR_open (file: /store/user/alesauva/flashgg/UL2017_4/10_6_4/WHiggs0PHToGG_M125_TuneCP5_13TeV-JHUGenV7011-pythia8/UL2017_4-10_6_4-v0-RunIISummer19UL17MiniAOD-106X_mc2017_realistic_v6-v2/200720_155719/0000/myMicroAODOutputFile_17.root?tried=stor91.datagrid.cea.fr, mode: 0660, flags: kXR_open_read kXR_async kXR_retstat ). Trying to recover.
Begin processing the 12001st record. Run 1, Event 691006, LumiSection 6911 on stream 0 at 20-Dec-2022 10:49:04.922 CET
Begin processing the 13001st record. Run 1, Event 73406, LumiSection 735 on stream 0 at 20-Dec-2022 10:51:13.587 CET
Begin processing the 14001st record. Run 1, Event 672015, LumiSection 6721 on stream 0 at 20-Dec-2022 10:53:20.029 CET
Begin processing the 15001st record. Run 1, Event 673106, LumiSection 6732 on stream 0 at 20-Dec-2022 10:55:29.314 CET
[2022-12-20 10:56:50.941205 +0100][Error  ][AsyncSock         ] [xrootd.ba.infn.it:1094 #0.0] Socket error while handshaking: [ERROR] Socket timeout
[2022-12-20 10:56:50.941385 +0100][Error  ][PostMaster        ] [xrootd.ba.infn.it:1094 #0] elapsed = 45, pConnectionWindow = 31 seconds.
[2022-12-20 10:57:35.194340 +0100][Error  ][AsyncSock         ] [xrootd.ba.infn.it:1094 #0.0] Socket error while handshaking: [ERROR] Socket timeout
[2022-12-20 10:57:35.194488 +0100][Error  ][PostMaster        ] [xrootd.ba.infn.it:1094 #0] elapsed = 45, pConnectionWindow = 31 seconds.
[2022-12-20 10:57:35.194562 +0100][Error  ][PostMaster        ] [xrootd.ba.infn.it:1094 #0] Unable to recover: [ERROR] Socket timeout.
[2022-12-20 10:57:35.194578 +0100][Error  ][XRootD            ] [xrootd.ba.infn.it:1094] Impossible to send message kXR_open (file: /store/user/alesauva/flashgg/UL2017_4/10_6_4/WHiggs0PHToGG_M125_TuneCP5_13TeV-JHUGenV7011-pythia8/UL2017_4-10_6_4-v0-RunIISummer19UL17MiniAOD-106X_mc2017_realistic_v6-v2/200720_155719/0000/myMicroAODOutputFile_17.root?tried=stor91.datagrid.cea.fr, mode: 0660, flags: kXR_open_read kXR_async kXR_retstat ). Trying to recover.
Begin processing the 16001st record. Run 1, Event 98702, LumiSection 988 on stream 0 at 20-Dec-2022 10:57:39.235 CET
Begin processing the 17001st record. Run 1, Event 421611, LumiSection 4217 on stream 0 at 20-Dec-2022 10:59:53.567 CET
Begin processing the 18001st record. Run 1, Event 422615, LumiSection 4227 on stream 0 at 20-Dec-2022 11:02:08.994 CET
Begin processing the 19001st record. Run 1, Event 423601, LumiSection 4237 on stream 0 at 20-Dec-2022 11:04:15.356 CET
[2022-12-20 11:05:49.534208 +0100][Error  ][AsyncSock         ] [xrootd.ba.infn.it:1094 #0.0] Socket error while handshaking: [ERROR] Socket timeout
[2022-12-20 11:05:49.534379 +0100][Error  ][PostMaster        ] [xrootd.ba.infn.it:1094 #0] elapsed = 45, pConnectionWindow = 31 seconds.
Begin processing the 20001st record. Run 1, Event 480309, LumiSection 4804 on stream 0 at 20-Dec-2022 11:06:32.918 CET
[2022-12-20 11:06:34.814195 +0100][Error  ][AsyncSock         ] [xrootd.ba.infn.it:1094 #0.0] Socket error while handshaking: [ERROR] Socket timeout
[2022-12-20 11:06:34.814368 +0100][Error  ][PostMaster        ] [xrootd.ba.infn.it:1094 #0] elapsed = 45, pConnectionWindow = 31 seconds.
[2022-12-20 11:06:34.814379 +0100][Error  ][PostMaster        ] [xrootd.ba.infn.it:1094 #0] Unable to recover: [ERROR] Socket timeout.
[2022-12-20 11:06:34.814388 +0100][Error  ][XRootD            ] [xrootd.ba.infn.it:1094] Impossible to send message kXR_open (file: /store/user/alesauva/flashgg/UL2017_4/10_6_4/WHiggs0PHToGG_M125_TuneCP5_13TeV-JHUGenV7011-pythia8/UL2017_4-10_6_4-v0-RunIISummer19UL17MiniAOD-106X_mc2017_realistic_v6-v2/200720_155719/0000/myMicroAODOutputFile_17.root?tried=stor91.datagrid.cea.fr, mode: 0660, flags: kXR_open_read kXR_async kXR_retstat ). Trying to recover.
Begin processing the 21001st record. Run 1, Event 682613, LumiSection 6827 on stream 0 at 20-Dec-2022 11:08:40.547 CET
Begin processing the 22001st record. Run 1, Event 683604, LumiSection 6837 on stream 0 at 20-Dec-2022 11:10:50.647 CET
Begin processing the 23001st record. Run 1, Event 487002, LumiSection 4871 on stream 0 at 20-Dec-2022 11:13:06.058 CET
[2022-12-20 11:14:49.432198 +0100][Error  ][AsyncSock         ] [xrootd.ba.infn.it:1094 #0.0] Socket error while handshaking: [ERROR] Socket timeout
[2022-12-20 11:14:49.432368 +0100][Error  ][PostMaster        ] [xrootd.ba.infn.it:1094 #0] elapsed = 45, pConnectionWindow = 31 seconds.
Begin processing the 24001st record. Run 1, Event 488904, LumiSection 4890 on stream 0 at 20-Dec-2022 11:15:29.472 CET
[2022-12-20 11:15:34.720326 +0100][Error  ][AsyncSock         ] [xrootd.ba.infn.it:1094 #0.0] Socket error while handshaking: [ERROR] Socket timeout
[2022-12-20 11:15:34.720493 +0100][Error  ][PostMaster        ] [xrootd.ba.infn.it:1094 #0] elapsed = 45, pConnectionWindow = 31 seconds.
[2022-12-20 11:15:34.720508 +0100][Error  ][PostMaster        ] [xrootd.ba.infn.it:1094 #0] Unable to recover: [ERROR] Socket timeout.
[2022-12-20 11:15:34.720517 +0100][Error  ][XRootD            ] [xrootd.ba.infn.it:1094] Impossible to send message kXR_open (file: /store/user/alesauva/flashgg/UL2017_4/10_6_4/WHiggs0PHToGG_M125_TuneCP5_13TeV-JHUGenV7011-pythia8/UL2017_4-10_6_4-v0-RunIISummer19UL17MiniAOD-106X_mc2017_realistic_v6-v2/200720_155719/0000/myMicroAODOutputFile_17.root?tried=stor91.datagrid.cea.fr, mode: 0660, flags: kXR_open_read kXR_async kXR_retstat ). Trying to recover.
20-Dec-2022 11:17:39 CET  Closed file root://cms-xrd-global.cern.ch//store/user/alesauva/flashgg/UL2017_4/10_6_4/WHiggs0PHToGG_M125_TuneCP5_13TeV-JHUGenV7011-pythia8/UL2017_4-10_6_4-v0-RunIISummer19UL17MiniAOD-106X_mc2017_realistic_v6-v2/200720_155719/0000/myMicroAODOutputFile_17.root

TrigReport ---------- Event  Summary ------------
TrigReport Events total = 25000 passed = 24818 failed = 182

TrigReport ---------- Path   Summary ------------
TrigReport  Trig Bit#   Executed     Passed     Failed      Error Name
TrigReport     1    0      25000      24818        182          0 p

TrigReport -------End-Path   Summary ------------
TrigReport  Trig Bit#   Executed     Passed     Failed      Error Name

TrigReport ---------- Modules in Path: p ------------
TrigReport  Trig Bit#    Visited     Passed     Failed      Error Name
TrigReport     1    0      25000      24818        182          0 flashggMetFilters
TrigReport     1    1      24818      24818          0          0 VHFilter
TrigReport     1    2      24818      24818          0          0 flashggDifferentialPhoIdInputsCorrection
TrigReport     1    3      24818      24818          0          0 flashggDiPhotonSystematics
TrigReport     1    4      24818      24818          0          0 flashggMetSystematics
TrigReport     1    5      24818      24818          0          0 flashggMuonSystematics
TrigReport     1    6      24818      24818          0          0 flashggElectronSystematics
TrigReport     1    7      24818      24818          0          0 flashggUnpackedJets
TrigReport     1    8      24818      24818          0          0 flashggJetSystematics0
TrigReport     1    9      24818      24818          0          0 flashggJetSystematics1
TrigReport     1   10      24818      24818          0          0 flashggJetSystematics2
TrigReport     1   11      24818      24818          0          0 flashggJetSystematics3
TrigReport     1   12      24818      24818          0          0 flashggJetSystematics4
TrigReport     1   13      24818      24818          0          0 flashggJetSystematics5
TrigReport     1   14      24818      24818          0          0 flashggJetSystematics6
TrigReport     1   15      24818      24818          0          0 flashggJetSystematics7
TrigReport     1   16      24818      24818          0          0 flashggJetSystematics8
TrigReport     1   17      24818      24818          0          0 flashggJetSystematics9
TrigReport     1   18      24818      24818          0          0 flashggJetSystematics10
TrigReport     1   19      24818      24818          0          0 flashggJetSystematics11
TrigReport     1   20      24818      24818          0          0 flashggPrefireDiPhotons
TrigReport     1   21      24818      24818          0          0 flashggPreselectedDiPhotons
TrigReport     1   22      24818      24818          0          0 flashggDiPhotonMVA
TrigReport     1   23      24818      24818          0          0 flashggVBFMVA
TrigReport     1   24      24818      24818          0          0 flashggVHhadMVA
TrigReport     1   25      24818      24818          0          0 flashggGluGluHMVA
TrigReport     1   26      24818      24818          0          0 flashggStageOneCombinedTag
TrigReport     1   27      24818      24818          0          0 flashggTHQLeptonicTag
TrigReport     1   28      24818      24818          0          0 flashggVHMetTag
TrigReport     1   29      24818      24818          0          0 flashggWHLeptonicTag
TrigReport     1   30      24818      24818          0          0 flashggZHLeptonicTag
TrigReport     1   31      24818      24818          0          0 flashggTTHLeptonicTag
TrigReport     1   32      24818      24818          0          0 flashggTTHHadronicTag
TrigReport     1   33      24818      24818          0          0 flashggTagSorter
TrigReport     1   34      24818      24818          0          0 flashggSystTagMerger
TrigReport     1   35      24818      24818          0          0 tagsDumper

TrigReport ---------- Module Summary ------------
TrigReport    Visited   Executed     Passed     Failed      Error Name
TrigReport      25000      25000      25000          0          0 TriggerResults
TrigReport      24818      24818      24818          0          0 VHFilter
TrigReport      24818      24818      24818          0          0 ak4PFCHSL1FastL2L3Corrector
TrigReport      24818      24818      24818          0          0 ak4PFCHSL1FastjetCorrector
TrigReport      24818      24818      24818          0          0 ak4PFCHSL2RelativeCorrector
TrigReport      24818      24818      24818          0          0 ak4PFCHSL3AbsoluteCorrector
TrigReport      24818      24818      24818          0          0 flashggDiPhotonMVA
TrigReport      24818      24818      24818          0          0 flashggDiPhotonSystematics
TrigReport      24818      24818      24818          0          0 flashggDifferentialPhoIdInputsCorrection
TrigReport      24818      24818      24818          0          0 flashggElectronSystematics
TrigReport      24818      24818      24818          0          0 flashggGluGluHMVA
TrigReport      24818      24818      24818          0          0 flashggJetSystematics0
TrigReport      24818      24818      24818          0          0 flashggJetSystematics1
TrigReport      24818      24818      24818          0          0 flashggJetSystematics10
TrigReport      24818      24818      24818          0          0 flashggJetSystematics11
TrigReport      24818      24818      24818          0          0 flashggJetSystematics2
TrigReport      24818      24818      24818          0          0 flashggJetSystematics3
TrigReport      24818      24818      24818          0          0 flashggJetSystematics4
TrigReport      24818      24818      24818          0          0 flashggJetSystematics5
TrigReport      24818      24818      24818          0          0 flashggJetSystematics6
TrigReport      24818      24818      24818          0          0 flashggJetSystematics7
TrigReport      24818      24818      24818          0          0 flashggJetSystematics8
TrigReport      24818      24818      24818          0          0 flashggJetSystematics9
TrigReport      25000      25000      24818        182          0 flashggMetFilters
TrigReport      24818      24818      24818          0          0 flashggMetSystematics
TrigReport      24818      24818      24818          0          0 flashggMuonSystematics
TrigReport      24818      24818      24818          0          0 flashggPrefireDiPhotons
TrigReport      24818      24818      24818          0          0 flashggPreselectedDiPhotons
TrigReport      24818      24818      24818          0          0 flashggStageOneCombinedTag
TrigReport      24818      24818      24818          0          0 flashggSystTagMerger
TrigReport      24818      24818      24818          0          0 flashggTHQLeptonicTag
TrigReport      24818      24818      24818          0          0 flashggTTHHadronicTag
TrigReport      24818      24818      24818          0          0 flashggTTHLeptonicTag
TrigReport      24818      24818      24818          0          0 flashggTagSorter
TrigReport      24818      24818      24818          0          0 flashggUnpackedJets
TrigReport      24818      24818      24818          0          0 flashggVBFMVA
TrigReport      24818      24818      24818          0          0 flashggVHMetTag
TrigReport      24818      24818      24818          0          0 flashggVHhadMVA
TrigReport      24818      24818      24818          0          0 flashggWHLeptonicTag
TrigReport      24818      24818      24818          0          0 flashggZHLeptonicTag
TrigReport      25000      25000      25000          0          0 p
TrigReport      24818      24818      24818          0          0 tagsDumper

TimeReport ---------- Event  Summary ---[sec]----
TimeReport       event loop CPU/event = 0.134034
TimeReport      event loop Real/event = 0.135754
TimeReport     sum Streams Real/event = 0.131790
TimeReport efficiency CPU/Real/thread = 0.987335

TimeReport ---------- Path   Summary ---[Real sec]----
TimeReport  per event     per exec  Name
TimeReport   0.131279     0.131279  p
TimeReport  per event     per exec  Name

TimeReport -------End-Path   Summary ---[Real sec]----
TimeReport  per event     per exec  Name
TimeReport  per event     per exec  Name

TimeReport ---------- Modules in Path: p ---[Real sec]----
TimeReport  per event    per visit  Name
TimeReport   0.000017     0.000017  flashggMetFilters
TimeReport   0.000006     0.000006  VHFilter
TimeReport   0.071139     0.071660  flashggDifferentialPhoIdInputsCorrection
TimeReport   0.043791     0.044112  flashggDiPhotonSystematics
TimeReport   0.000182     0.000184  flashggMetSystematics
TimeReport   0.000028     0.000028  flashggMuonSystematics
TimeReport   0.000040     0.000040  flashggElectronSystematics
TimeReport   0.000229     0.000230  flashggUnpackedJets
TimeReport   0.004086     0.004116  flashggJetSystematics0
TimeReport   0.000636     0.000641  flashggJetSystematics1
TimeReport   0.000564     0.000568  flashggJetSystematics2
TimeReport   0.000543     0.000547  flashggJetSystematics3
TimeReport   0.000536     0.000540  flashggJetSystematics4
TimeReport   0.000528     0.000532  flashggJetSystematics5
TimeReport   0.000526     0.000529  flashggJetSystematics6
TimeReport   0.000525     0.000529  flashggJetSystematics7
TimeReport   0.000522     0.000526  flashggJetSystematics8
TimeReport   0.000521     0.000525  flashggJetSystematics9
TimeReport   0.000522     0.000526  flashggJetSystematics10
TimeReport   0.000518     0.000522  flashggJetSystematics11
TimeReport   0.000295     0.000297  flashggPrefireDiPhotons
TimeReport   0.000121     0.000122  flashggPreselectedDiPhotons
TimeReport   0.000032     0.000032  flashggDiPhotonMVA
TimeReport   0.000029     0.000029  flashggVBFMVA
TimeReport   0.000017     0.000017  flashggVHhadMVA
TimeReport   0.000051     0.000052  flashggGluGluHMVA
TimeReport   0.000032     0.000032  flashggStageOneCombinedTag
TimeReport   0.000585     0.000590  flashggTHQLeptonicTag
TimeReport   0.000313     0.000315  flashggVHMetTag
TimeReport   0.000035     0.000035  flashggWHLeptonicTag
TimeReport   0.000018     0.000018  flashggZHLeptonicTag
TimeReport   0.000120     0.000121  flashggTTHLeptonicTag
TimeReport   0.001218     0.001227  flashggTTHHadronicTag
TimeReport   0.000086     0.000087  flashggTagSorter
TimeReport   0.000004     0.000004  flashggSystTagMerger
TimeReport   0.000302     0.000304  tagsDumper
TimeReport  per event    per visit  Name

TimeReport ---------- Module Summary ---[Real sec]----
TimeReport  per event     per exec    per visit  Name
TimeReport   0.000003     0.000003     0.000003  TriggerResults
TimeReport   0.000006     0.000006     0.000006  VHFilter
TimeReport   0.000004     0.000004     0.000004  ak4PFCHSL1FastL2L3Corrector
TimeReport   0.000004     0.000004     0.000004  ak4PFCHSL1FastjetCorrector
TimeReport   0.000002     0.000002     0.000002  ak4PFCHSL2RelativeCorrector
TimeReport   0.000015     0.000015     0.000015  ak4PFCHSL3AbsoluteCorrector
TimeReport   0.000032     0.000032     0.000032  flashggDiPhotonMVA
TimeReport   0.043791     0.044112     0.044112  flashggDiPhotonSystematics
TimeReport   0.071139     0.071660     0.071660  flashggDifferentialPhoIdInputsCorrection
TimeReport   0.000040     0.000040     0.000040  flashggElectronSystematics
TimeReport   0.000051     0.000052     0.000052  flashggGluGluHMVA
TimeReport   0.004086     0.004116     0.004116  flashggJetSystematics0
TimeReport   0.000636     0.000641     0.000641  flashggJetSystematics1
TimeReport   0.000522     0.000526     0.000526  flashggJetSystematics10
TimeReport   0.000518     0.000522     0.000522  flashggJetSystematics11
TimeReport   0.000564     0.000568     0.000568  flashggJetSystematics2
TimeReport   0.000543     0.000547     0.000547  flashggJetSystematics3
TimeReport   0.000536     0.000540     0.000540  flashggJetSystematics4
TimeReport   0.000528     0.000532     0.000532  flashggJetSystematics5
TimeReport   0.000526     0.000529     0.000529  flashggJetSystematics6
TimeReport   0.000525     0.000529     0.000529  flashggJetSystematics7
TimeReport   0.000522     0.000526     0.000526  flashggJetSystematics8
TimeReport   0.000521     0.000525     0.000525  flashggJetSystematics9
TimeReport   0.000017     0.000017     0.000017  flashggMetFilters
TimeReport   0.000182     0.000184     0.000184  flashggMetSystematics
TimeReport   0.000028     0.000028     0.000028  flashggMuonSystematics
TimeReport   0.000295     0.000297     0.000297  flashggPrefireDiPhotons
TimeReport   0.000121     0.000122     0.000122  flashggPreselectedDiPhotons
TimeReport   0.000032     0.000032     0.000032  flashggStageOneCombinedTag
TimeReport   0.000004     0.000004     0.000004  flashggSystTagMerger
TimeReport   0.000585     0.000590     0.000590  flashggTHQLeptonicTag
TimeReport   0.001218     0.001227     0.001227  flashggTTHHadronicTag
TimeReport   0.000120     0.000121     0.000121  flashggTTHLeptonicTag
TimeReport   0.000086     0.000087     0.000087  flashggTagSorter
TimeReport   0.000229     0.000230     0.000230  flashggUnpackedJets
TimeReport   0.000029     0.000029     0.000029  flashggVBFMVA
TimeReport   0.000313     0.000315     0.000315  flashggVHMetTag
TimeReport   0.000017     0.000017     0.000017  flashggVHhadMVA
TimeReport   0.000035     0.000035     0.000035  flashggWHLeptonicTag
TimeReport   0.000018     0.000018     0.000018  flashggZHLeptonicTag
TimeReport   0.000003     0.000003     0.000003  p
TimeReport   0.000302     0.000304     0.000304  tagsDumper
TimeReport  per event     per exec    per visit  Name

T---Report end!


=============================================

MessageLogger Summary

 type     category        sev    module        subroutine        count    total
 ---- -------------------- -- ---------------- ----------------  -----    -----
    1 XrdAdaptor           -w file_open                              1        1
    2 fileAction           -s file_close                             1        1
    3 fileAction           -s file_open                              2        2

 type    category    Examples: run/evt        run/evt          run/evt
 ---- -------------------- ---------------- ---------------- ----------------
    1 XrdAdaptor           pre-events                        
    2 fileAction           PostGlobalEndRun                  
    3 fileAction           pre-events       pre-events       

Severity    # Occurrences   Total Occurrences
--------    -------------   -----------------
Warning                 1                   1
System                  3                   3

dropped waiting message count 0
