mkdir: cannot create directory '/afs/cern.ch/user/x/xisu/private/local/Analysis_workspace/VH_AC_tmp1/flashgg_d2/CMSSW_10_6_29/src/flashgg/VHAC_Analysis_Met/UL_17/UL_17_wh125': File exists
/cvmfs/cms.cern.ch/slc7_amd64_gcc700/external/py2-requests/2.21.0-pafccj2/lib/python2.7/site-packages/requests/__init__.py:91: RequestsDependencyWarning: urllib3 (1.25.2) or chardet (3.0.4) doesn't match a supported version!
  RequestsDependencyWarning)
20-Dec-2022 10:04:42 CET  Initiating request to open file root://cms-xrd-global.cern.ch//store/user/alesauva/flashgg/UL2017_3/10_6_4/VHToGG_M125_TuneCP5_13TeV-amcatnloFXFX-madspin-pythia8/UL2017_3-10_6_4-v0-RunIISummer19UL17MiniAOD-106X_mc2017_realistic_v6-v1/200718_083214/0000/myMicroAODOutputFile_2.root
%MSG-w XrdAdaptor:  file_open 20-Dec-2022 10:04:45 CET pre-events
Data is served from GRIF-IRFU instead of original site CERN-CMSGLOBAL-02
%MSG
20-Dec-2022 10:04:50 CET  Successfully opened file root://cms-xrd-global.cern.ch//store/user/alesauva/flashgg/UL2017_3/10_6_4/VHToGG_M125_TuneCP5_13TeV-amcatnloFXFX-madspin-pythia8/UL2017_3-10_6_4-v0-RunIISummer19UL17MiniAOD-106X_mc2017_realistic_v6-v1/200718_083214/0000/myMicroAODOutputFile_2.root
[2022-12-20 10:05:41.922241 +0100][Error  ][AsyncSock         ] [xrootd.ba.infn.it:1094 #0.0] Socket error while handshaking: [ERROR] Socket timeout
[2022-12-20 10:05:41.922456 +0100][Error  ][PostMaster        ] [xrootd.ba.infn.it:1094 #0] elapsed = 45, pConnectionWindow = 31 seconds.
[2022-12-20 10:06:27.151142 +0100][Error  ][AsyncSock         ] [xrootd.ba.infn.it:1094 #0.0] Socket error while handshaking: [ERROR] Socket timeout
[2022-12-20 10:06:27.151279 +0100][Error  ][PostMaster        ] [xrootd.ba.infn.it:1094 #0] elapsed = 46, pConnectionWindow = 31 seconds.
[2022-12-20 10:06:27.151314 +0100][Error  ][PostMaster        ] [xrootd.ba.infn.it:1094 #0] Unable to recover: [ERROR] Socket timeout.
[2022-12-20 10:06:27.151358 +0100][Error  ][XRootD            ] [xrootd.ba.infn.it:1094] Impossible to send message kXR_open (file: /store/user/alesauva/flashgg/UL2017_3/10_6_4/VHToGG_M125_TuneCP5_13TeV-amcatnloFXFX-madspin-pythia8/UL2017_3-10_6_4-v0-RunIISummer19UL17MiniAOD-106X_mc2017_realistic_v6-v1/200718_083214/0000/myMicroAODOutputFile_2.root?tried=+1213llrxrd-redir.in2p3.fr,+1413xrootd-redic.pi.infn.it,stor90.datagrid.cea.fr,node12.datagrid.cea.fr,xrootd-cms-redir-int.cr.cnaf.infn.it,xrootd-redic.pi.infn.it,xrootd-cms.infn.it&triedrc=enoent,enoent, mode: 0660, flags: kXR_open_read kXR_async kXR_retstat ). Trying to recover.
2022-12-20 10:18:16.380012: I tensorflow/core/platform/cpu_feature_guard.cc:140] Your CPU supports instructions that this TensorFlow binary was not compiled to use: SSE4.1 SSE4.2 AVX AVX2 FMA
Begin processing the 1st record. Run 1, Event 549, LumiSection 3 on stream 0 at 20-Dec-2022 10:19:11.438 CET
[2022-12-20 10:19:55.645625 +0100][Error  ][AsyncSock         ] [xrootd.ba.infn.it:1094 #0.0] Socket error while handshaking: [ERROR] Socket timeout
[2022-12-20 10:19:55.645720 +0100][Error  ][PostMaster        ] [xrootd.ba.infn.it:1094 #0] elapsed = 45, pConnectionWindow = 31 seconds.
[2022-12-20 10:20:40.992909 +0100][Error  ][AsyncSock         ] [xrootd.ba.infn.it:1094 #0.0] Socket error while handshaking: [ERROR] Socket timeout
[2022-12-20 10:20:40.993002 +0100][Error  ][PostMaster        ] [xrootd.ba.infn.it:1094 #0] elapsed = 45, pConnectionWindow = 31 seconds.
[2022-12-20 10:20:40.993013 +0100][Error  ][PostMaster        ] [xrootd.ba.infn.it:1094 #0] Unable to recover: [ERROR] Socket timeout.
[2022-12-20 10:20:40.993035 +0100][Error  ][XRootD            ] [xrootd.ba.infn.it:1094] Impossible to send message kXR_open (file: /store/user/alesauva/flashgg/UL2017_3/10_6_4/VHToGG_M125_TuneCP5_13TeV-amcatnloFXFX-madspin-pythia8/UL2017_3-10_6_4-v0-RunIISummer19UL17MiniAOD-106X_mc2017_realistic_v6-v1/200718_083214/0000/myMicroAODOutputFile_2.root?tried=stor90.datagrid.cea.fr, mode: 0660, flags: kXR_open_read kXR_async kXR_retstat ). Trying to recover.
Begin processing the 1001st record. Run 1, Event 696399, LumiSection 2580 on stream 0 at 20-Dec-2022 10:23:27.521 CET
Begin processing the 2001st record. Run 1, Event 729486, LumiSection 2702 on stream 0 at 20-Dec-2022 10:24:57.223 CET
[2022-12-20 10:25:40.261895 +0100][Error  ][AsyncSock         ] [xrootd.ba.infn.it:1094 #0.0] Socket error while handshaking: [ERROR] Socket timeout
[2022-12-20 10:25:40.262026 +0100][Error  ][PostMaster        ] [xrootd.ba.infn.it:1094 #0] elapsed = 45, pConnectionWindow = 31 seconds.
Begin processing the 3001st record. Run 1, Event 735747, LumiSection 2725 on stream 0 at 20-Dec-2022 10:26:16.896 CET
[2022-12-20 10:26:25.230125 +0100][Error  ][AsyncSock         ] [xrootd.ba.infn.it:1094 #0.0] Socket error while handshaking: [ERROR] Socket timeout
[2022-12-20 10:26:25.230260 +0100][Error  ][PostMaster        ] [xrootd.ba.infn.it:1094 #0] elapsed = 45, pConnectionWindow = 31 seconds.
[2022-12-20 10:26:25.230270 +0100][Error  ][PostMaster        ] [xrootd.ba.infn.it:1094 #0] Unable to recover: [ERROR] Socket timeout.
[2022-12-20 10:26:25.230279 +0100][Error  ][XRootD            ] [xrootd.ba.infn.it:1094] Impossible to send message kXR_open (file: /store/user/alesauva/flashgg/UL2017_3/10_6_4/VHToGG_M125_TuneCP5_13TeV-amcatnloFXFX-madspin-pythia8/UL2017_3-10_6_4-v0-RunIISummer19UL17MiniAOD-106X_mc2017_realistic_v6-v1/200718_083214/0000/myMicroAODOutputFile_2.root?tried=stor90.datagrid.cea.fr, mode: 0660, flags: kXR_open_read kXR_async kXR_retstat ). Trying to recover.
Begin processing the 4001st record. Run 1, Event 755604, LumiSection 2799 on stream 0 at 20-Dec-2022 10:27:42.863 CET
Begin processing the 5001st record. Run 1, Event 759070, LumiSection 2812 on stream 0 at 20-Dec-2022 10:29:06.286 CET
Begin processing the 6001st record. Run 1, Event 208329, LumiSection 772 on stream 0 at 20-Dec-2022 10:30:29.188 CET
[2022-12-20 10:31:10.926908 +0100][Error  ][AsyncSock         ] [xrootd.ba.infn.it:1094 #0.0] Socket error while handshaking: [ERROR] Socket timeout
[2022-12-20 10:31:10.927037 +0100][Error  ][PostMaster        ] [xrootd.ba.infn.it:1094 #0] elapsed = 45, pConnectionWindow = 31 seconds.
[2022-12-20 10:31:55.393655 +0100][Error  ][AsyncSock         ] [xrootd.ba.infn.it:1094 #0.0] Socket error while handshaking: [ERROR] Socket timeout
[2022-12-20 10:31:55.393822 +0100][Error  ][PostMaster        ] [xrootd.ba.infn.it:1094 #0] elapsed = 45, pConnectionWindow = 31 seconds.
[2022-12-20 10:31:55.393832 +0100][Error  ][PostMaster        ] [xrootd.ba.infn.it:1094 #0] Unable to recover: [ERROR] Socket timeout.
[2022-12-20 10:31:55.393841 +0100][Error  ][XRootD            ] [xrootd.ba.infn.it:1094] Impossible to send message kXR_open (file: /store/user/alesauva/flashgg/UL2017_3/10_6_4/VHToGG_M125_TuneCP5_13TeV-amcatnloFXFX-madspin-pythia8/UL2017_3-10_6_4-v0-RunIISummer19UL17MiniAOD-106X_mc2017_realistic_v6-v1/200718_083214/0000/myMicroAODOutputFile_2.root?tried=stor90.datagrid.cea.fr, mode: 0660, flags: kXR_open_read kXR_async kXR_retstat ). Trying to recover.
Begin processing the 7001st record. Run 1, Event 162682, LumiSection 603 on stream 0 at 20-Dec-2022 10:32:00.901 CET
Begin processing the 8001st record. Run 1, Event 165441, LumiSection 613 on stream 0 at 20-Dec-2022 10:33:29.877 CET
Begin processing the 9001st record. Run 1, Event 168356, LumiSection 624 on stream 0 at 20-Dec-2022 10:34:58.186 CET
Begin processing the 10001st record. Run 1, Event 211759, LumiSection 785 on stream 0 at 20-Dec-2022 10:36:37.239 CET
Begin processing the 11001st record. Run 1, Event 189881, LumiSection 704 on stream 0 at 20-Dec-2022 10:38:08.696 CET
Begin processing the 12001st record. Run 1, Event 139180, LumiSection 516 on stream 0 at 20-Dec-2022 10:39:36.717 CET
[2022-12-20 10:40:09.841933 +0100][Error  ][AsyncSock         ] [xrootd.ba.infn.it:1094 #0.0] Socket error while handshaking: [ERROR] Socket timeout
[2022-12-20 10:40:09.842057 +0100][Error  ][PostMaster        ] [xrootd.ba.infn.it:1094 #0] elapsed = 45, pConnectionWindow = 31 seconds.
[2022-12-20 10:40:54.495901 +0100][Error  ][AsyncSock         ] [xrootd.ba.infn.it:1094 #0.0] Socket error while handshaking: [ERROR] Socket timeout
[2022-12-20 10:40:54.495999 +0100][Error  ][PostMaster        ] [xrootd.ba.infn.it:1094 #0] elapsed = 45, pConnectionWindow = 31 seconds.
[2022-12-20 10:40:54.496016 +0100][Error  ][PostMaster        ] [xrootd.ba.infn.it:1094 #0] Unable to recover: [ERROR] Socket timeout.
[2022-12-20 10:40:54.496024 +0100][Error  ][XRootD            ] [xrootd.ba.infn.it:1094] Impossible to send message kXR_open (file: /store/user/alesauva/flashgg/UL2017_3/10_6_4/VHToGG_M125_TuneCP5_13TeV-amcatnloFXFX-madspin-pythia8/UL2017_3-10_6_4-v0-RunIISummer19UL17MiniAOD-106X_mc2017_realistic_v6-v1/200718_083214/0000/myMicroAODOutputFile_2.root?tried=stor90.datagrid.cea.fr, mode: 0660, flags: kXR_open_read kXR_async kXR_retstat ). Trying to recover.
Begin processing the 13001st record. Run 1, Event 152232, LumiSection 564 on stream 0 at 20-Dec-2022 10:41:03.922 CET
Begin processing the 14001st record. Run 1, Event 741194, LumiSection 2746 on stream 0 at 20-Dec-2022 10:42:32.070 CET
Begin processing the 15001st record. Run 1, Event 744597, LumiSection 2758 on stream 0 at 20-Dec-2022 10:44:05.818 CET
Begin processing the 16001st record. Run 1, Event 116987, LumiSection 434 on stream 0 at 20-Dec-2022 10:45:31.284 CET
Begin processing the 17001st record. Run 1, Event 754981, LumiSection 2797 on stream 0 at 20-Dec-2022 10:47:02.826 CET
Begin processing the 18001st record. Run 1, Event 216202, LumiSection 801 on stream 0 at 20-Dec-2022 10:48:22.571 CET
Begin processing the 19001st record. Run 1, Event 219464, LumiSection 813 on stream 0 at 20-Dec-2022 10:49:48.060 CET
[2022-12-20 10:50:18.010002 +0100][Error  ][AsyncSock         ] [xrootd.ba.infn.it:1094 #0.0] Socket error while handshaking: [ERROR] Socket timeout
[2022-12-20 10:50:18.010145 +0100][Error  ][PostMaster        ] [xrootd.ba.infn.it:1094 #0] elapsed = 46, pConnectionWindow = 31 seconds.
[2022-12-20 10:51:03.533372 +0100][Error  ][AsyncSock         ] [xrootd.ba.infn.it:1094 #0.0] Socket error while handshaking: [ERROR] Socket timeout
[2022-12-20 10:51:03.533518 +0100][Error  ][PostMaster        ] [xrootd.ba.infn.it:1094 #0] elapsed = 45, pConnectionWindow = 31 seconds.
[2022-12-20 10:51:03.533528 +0100][Error  ][PostMaster        ] [xrootd.ba.infn.it:1094 #0] Unable to recover: [ERROR] Socket timeout.
[2022-12-20 10:51:03.533537 +0100][Error  ][XRootD            ] [xrootd.ba.infn.it:1094] Impossible to send message kXR_open (file: /store/user/alesauva/flashgg/UL2017_3/10_6_4/VHToGG_M125_TuneCP5_13TeV-amcatnloFXFX-madspin-pythia8/UL2017_3-10_6_4-v0-RunIISummer19UL17MiniAOD-106X_mc2017_realistic_v6-v1/200718_083214/0000/myMicroAODOutputFile_2.root?tried=stor90.datagrid.cea.fr, mode: 0660, flags: kXR_open_read kXR_async kXR_retstat ). Trying to recover.
Begin processing the 20001st record. Run 1, Event 231516, LumiSection 858 on stream 0 at 20-Dec-2022 10:51:14.552 CET
Begin processing the 21001st record. Run 1, Event 234328, LumiSection 868 on stream 0 at 20-Dec-2022 10:52:42.544 CET
Begin processing the 22001st record. Run 1, Event 592492, LumiSection 2195 on stream 0 at 20-Dec-2022 10:54:17.589 CET
Begin processing the 23001st record. Run 1, Event 171942, LumiSection 637 on stream 0 at 20-Dec-2022 10:55:45.217 CET
[2022-12-20 10:56:06.317918 +0100][Error  ][AsyncSock         ] [xrootd.ba.infn.it:1094 #0.0] Socket error while handshaking: [ERROR] Socket timeout
[2022-12-20 10:56:06.318050 +0100][Error  ][PostMaster        ] [xrootd.ba.infn.it:1094 #0] elapsed = 45, pConnectionWindow = 31 seconds.
[2022-12-20 10:56:51.829918 +0100][Error  ][AsyncSock         ] [xrootd.ba.infn.it:1094 #0.0] Socket error while handshaking: [ERROR] Socket timeout
[2022-12-20 10:56:51.830047 +0100][Error  ][PostMaster        ] [xrootd.ba.infn.it:1094 #0] elapsed = 45, pConnectionWindow = 31 seconds.
[2022-12-20 10:56:51.830057 +0100][Error  ][PostMaster        ] [xrootd.ba.infn.it:1094 #0] Unable to recover: [ERROR] Socket timeout.
[2022-12-20 10:56:51.830065 +0100][Error  ][XRootD            ] [xrootd.ba.infn.it:1094] Impossible to send message kXR_open (file: /store/user/alesauva/flashgg/UL2017_3/10_6_4/VHToGG_M125_TuneCP5_13TeV-amcatnloFXFX-madspin-pythia8/UL2017_3-10_6_4-v0-RunIISummer19UL17MiniAOD-106X_mc2017_realistic_v6-v1/200718_083214/0000/myMicroAODOutputFile_2.root?tried=stor90.datagrid.cea.fr, mode: 0660, flags: kXR_open_read kXR_async kXR_retstat ). Trying to recover.
Begin processing the 24001st record. Run 1, Event 702352, LumiSection 2602 on stream 0 at 20-Dec-2022 10:57:08.623 CET
20-Dec-2022 10:58:30 CET  Closed file root://cms-xrd-global.cern.ch//store/user/alesauva/flashgg/UL2017_3/10_6_4/VHToGG_M125_TuneCP5_13TeV-amcatnloFXFX-madspin-pythia8/UL2017_3-10_6_4-v0-RunIISummer19UL17MiniAOD-106X_mc2017_realistic_v6-v1/200718_083214/0000/myMicroAODOutputFile_2.root

TrigReport ---------- Event  Summary ------------
TrigReport Events total = 24991 passed = 15863 failed = 9128

TrigReport ---------- Path   Summary ------------
TrigReport  Trig Bit#   Executed     Passed     Failed      Error Name
TrigReport     1    0      24991      15863       9128          0 p

TrigReport -------End-Path   Summary ------------
TrigReport  Trig Bit#   Executed     Passed     Failed      Error Name

TrigReport ---------- Modules in Path: p ------------
TrigReport  Trig Bit#    Visited     Passed     Failed      Error Name
TrigReport     1    0      24991      24873        118          0 flashggMetFilters
TrigReport     1    1      24873      15863       9010          0 VHFilter
TrigReport     1    2      15863      15863          0          0 flashggDifferentialPhoIdInputsCorrection
TrigReport     1    3      15863      15863          0          0 flashggDiPhotonSystematics
TrigReport     1    4      15863      15863          0          0 flashggMetSystematics
TrigReport     1    5      15863      15863          0          0 flashggMuonSystematics
TrigReport     1    6      15863      15863          0          0 flashggElectronSystematics
TrigReport     1    7      15863      15863          0          0 flashggUnpackedJets
TrigReport     1    8      15863      15863          0          0 flashggJetSystematics0
TrigReport     1    9      15863      15863          0          0 flashggJetSystematics1
TrigReport     1   10      15863      15863          0          0 flashggJetSystematics2
TrigReport     1   11      15863      15863          0          0 flashggJetSystematics3
TrigReport     1   12      15863      15863          0          0 flashggJetSystematics4
TrigReport     1   13      15863      15863          0          0 flashggJetSystematics5
TrigReport     1   14      15863      15863          0          0 flashggJetSystematics6
TrigReport     1   15      15863      15863          0          0 flashggJetSystematics7
TrigReport     1   16      15863      15863          0          0 flashggJetSystematics8
TrigReport     1   17      15863      15863          0          0 flashggJetSystematics9
TrigReport     1   18      15863      15863          0          0 flashggJetSystematics10
TrigReport     1   19      15863      15863          0          0 flashggJetSystematics11
TrigReport     1   20      15863      15863          0          0 flashggPrefireDiPhotons
TrigReport     1   21      15863      15863          0          0 flashggPreselectedDiPhotons
TrigReport     1   22      15863      15863          0          0 flashggDiPhotonMVA
TrigReport     1   23      15863      15863          0          0 flashggVBFMVA
TrigReport     1   24      15863      15863          0          0 flashggVHhadMVA
TrigReport     1   25      15863      15863          0          0 flashggGluGluHMVA
TrigReport     1   26      15863      15863          0          0 flashggStageOneCombinedTag
TrigReport     1   27      15863      15863          0          0 flashggTHQLeptonicTag
TrigReport     1   28      15863      15863          0          0 flashggVHMetTag
TrigReport     1   29      15863      15863          0          0 flashggWHLeptonicTag
TrigReport     1   30      15863      15863          0          0 flashggZHLeptonicTag
TrigReport     1   31      15863      15863          0          0 flashggTTHLeptonicTag
TrigReport     1   32      15863      15863          0          0 flashggTTHHadronicTag
TrigReport     1   33      15863      15863          0          0 flashggTagSorter
TrigReport     1   34      15863      15863          0          0 flashggSystTagMerger
TrigReport     1   35      15863      15863          0          0 tagsDumper

TrigReport ---------- Module Summary ------------
TrigReport    Visited   Executed     Passed     Failed      Error Name
TrigReport      24991      24991      24991          0          0 TriggerResults
TrigReport      24873      24873      15863       9010          0 VHFilter
TrigReport      15863      15863      15863          0          0 ak4PFCHSL1FastL2L3Corrector
TrigReport      15863      15863      15863          0          0 ak4PFCHSL1FastjetCorrector
TrigReport      15863      15863      15863          0          0 ak4PFCHSL2RelativeCorrector
TrigReport      15863      15863      15863          0          0 ak4PFCHSL3AbsoluteCorrector
TrigReport      15863      15863      15863          0          0 flashggDiPhotonMVA
TrigReport      15863      15863      15863          0          0 flashggDiPhotonSystematics
TrigReport      15863      15863      15863          0          0 flashggDifferentialPhoIdInputsCorrection
TrigReport      15863      15863      15863          0          0 flashggElectronSystematics
TrigReport      15863      15863      15863          0          0 flashggGluGluHMVA
TrigReport      15863      15863      15863          0          0 flashggJetSystematics0
TrigReport      15863      15863      15863          0          0 flashggJetSystematics1
TrigReport      15863      15863      15863          0          0 flashggJetSystematics10
TrigReport      15863      15863      15863          0          0 flashggJetSystematics11
TrigReport      15863      15863      15863          0          0 flashggJetSystematics2
TrigReport      15863      15863      15863          0          0 flashggJetSystematics3
TrigReport      15863      15863      15863          0          0 flashggJetSystematics4
TrigReport      15863      15863      15863          0          0 flashggJetSystematics5
TrigReport      15863      15863      15863          0          0 flashggJetSystematics6
TrigReport      15863      15863      15863          0          0 flashggJetSystematics7
TrigReport      15863      15863      15863          0          0 flashggJetSystematics8
TrigReport      15863      15863      15863          0          0 flashggJetSystematics9
TrigReport      24991      24991      24873        118          0 flashggMetFilters
TrigReport      15863      15863      15863          0          0 flashggMetSystematics
TrigReport      15863      15863      15863          0          0 flashggMuonSystematics
TrigReport      15863      15863      15863          0          0 flashggPrefireDiPhotons
TrigReport      15863      15863      15863          0          0 flashggPreselectedDiPhotons
TrigReport      15863      15863      15863          0          0 flashggStageOneCombinedTag
TrigReport      15863      15863      15863          0          0 flashggSystTagMerger
TrigReport      15863      15863      15863          0          0 flashggTHQLeptonicTag
TrigReport      15863      15863      15863          0          0 flashggTTHHadronicTag
TrigReport      15863      15863      15863          0          0 flashggTTHLeptonicTag
TrigReport      15863      15863      15863          0          0 flashggTagSorter
TrigReport      15863      15863      15863          0          0 flashggUnpackedJets
TrigReport      15863      15863      15863          0          0 flashggVBFMVA
TrigReport      15863      15863      15863          0          0 flashggVHMetTag
TrigReport      15863      15863      15863          0          0 flashggVHhadMVA
TrigReport      15863      15863      15863          0          0 flashggWHLeptonicTag
TrigReport      15863      15863      15863          0          0 flashggZHLeptonicTag
TrigReport      24991      24991      24991          0          0 p
TrigReport      15863      15863      15863          0          0 tagsDumper

TimeReport ---------- Event  Summary ---[sec]----
TimeReport       event loop CPU/event = 0.093373
TimeReport      event loop Real/event = 0.094454
TimeReport     sum Streams Real/event = 0.091668
TimeReport efficiency CPU/Real/thread = 0.988556

TimeReport ---------- Path   Summary ---[Real sec]----
TimeReport  per event     per exec  Name
TimeReport   0.091305     0.091305  p
TimeReport  per event     per exec  Name

TimeReport -------End-Path   Summary ---[Real sec]----
TimeReport  per event     per exec  Name
TimeReport  per event     per exec  Name

TimeReport ---------- Modules in Path: p ---[Real sec]----
TimeReport  per event    per visit  Name
TimeReport   0.000013     0.000013  flashggMetFilters
TimeReport   0.000005     0.000005  VHFilter
TimeReport   0.050759     0.079966  flashggDifferentialPhoIdInputsCorrection
TimeReport   0.030123     0.047457  flashggDiPhotonSystematics
TimeReport   0.000114     0.000180  flashggMetSystematics
TimeReport   0.000016     0.000026  flashggMuonSystematics
TimeReport   0.000027     0.000042  flashggElectronSystematics
TimeReport   0.000151     0.000238  flashggUnpackedJets
TimeReport   0.002742     0.004320  flashggJetSystematics0
TimeReport   0.000408     0.000643  flashggJetSystematics1
TimeReport   0.000359     0.000566  flashggJetSystematics2
TimeReport   0.000344     0.000542  flashggJetSystematics3
TimeReport   0.000339     0.000534  flashggJetSystematics4
TimeReport   0.000336     0.000530  flashggJetSystematics5
TimeReport   0.000332     0.000524  flashggJetSystematics6
TimeReport   0.000332     0.000523  flashggJetSystematics7
TimeReport   0.000331     0.000521  flashggJetSystematics8
TimeReport   0.000331     0.000521  flashggJetSystematics9
TimeReport   0.000329     0.000518  flashggJetSystematics10
TimeReport   0.000328     0.000517  flashggJetSystematics11
TimeReport   0.000208     0.000328  flashggPrefireDiPhotons
TimeReport   0.000071     0.000112  flashggPreselectedDiPhotons
TimeReport   0.000018     0.000028  flashggDiPhotonMVA
TimeReport   0.000017     0.000027  flashggVBFMVA
TimeReport   0.000010     0.000016  flashggVHhadMVA
TimeReport   0.000028     0.000045  flashggGluGluHMVA
TimeReport   0.000018     0.000028  flashggStageOneCombinedTag
TimeReport   0.000181     0.000285  flashggTHQLeptonicTag
TimeReport   0.000159     0.000250  flashggVHMetTag
TimeReport   0.000020     0.000032  flashggWHLeptonicTag
TimeReport   0.000011     0.000017  flashggZHLeptonicTag
TimeReport   0.000124     0.000195  flashggTTHLeptonicTag
TimeReport   0.000792     0.001247  flashggTTHHadronicTag
TimeReport   0.000053     0.000083  flashggTagSorter
TimeReport   0.000002     0.000004  flashggSystTagMerger
TimeReport   0.000202     0.000318  tagsDumper
TimeReport  per event    per visit  Name

TimeReport ---------- Module Summary ---[Real sec]----
TimeReport  per event     per exec    per visit  Name
TimeReport   0.000002     0.000002     0.000002  TriggerResults
TimeReport   0.000005     0.000005     0.000005  VHFilter
TimeReport   0.000002     0.000003     0.000003  ak4PFCHSL1FastL2L3Corrector
TimeReport   0.000002     0.000003     0.000003  ak4PFCHSL1FastjetCorrector
TimeReport   0.000001     0.000002     0.000002  ak4PFCHSL2RelativeCorrector
TimeReport   0.000008     0.000013     0.000013  ak4PFCHSL3AbsoluteCorrector
TimeReport   0.000018     0.000028     0.000028  flashggDiPhotonMVA
TimeReport   0.030123     0.047457     0.047457  flashggDiPhotonSystematics
TimeReport   0.050759     0.079966     0.079966  flashggDifferentialPhoIdInputsCorrection
TimeReport   0.000027     0.000042     0.000042  flashggElectronSystematics
TimeReport   0.000028     0.000045     0.000045  flashggGluGluHMVA
TimeReport   0.002742     0.004320     0.004320  flashggJetSystematics0
TimeReport   0.000408     0.000643     0.000643  flashggJetSystematics1
TimeReport   0.000329     0.000518     0.000518  flashggJetSystematics10
TimeReport   0.000328     0.000517     0.000517  flashggJetSystematics11
TimeReport   0.000359     0.000566     0.000566  flashggJetSystematics2
TimeReport   0.000344     0.000542     0.000542  flashggJetSystematics3
TimeReport   0.000339     0.000534     0.000534  flashggJetSystematics4
TimeReport   0.000336     0.000530     0.000530  flashggJetSystematics5
TimeReport   0.000332     0.000524     0.000524  flashggJetSystematics6
TimeReport   0.000332     0.000523     0.000523  flashggJetSystematics7
TimeReport   0.000331     0.000521     0.000521  flashggJetSystematics8
TimeReport   0.000331     0.000521     0.000521  flashggJetSystematics9
TimeReport   0.000013     0.000013     0.000013  flashggMetFilters
TimeReport   0.000114     0.000180     0.000180  flashggMetSystematics
TimeReport   0.000016     0.000026     0.000026  flashggMuonSystematics
TimeReport   0.000208     0.000328     0.000328  flashggPrefireDiPhotons
TimeReport   0.000071     0.000112     0.000112  flashggPreselectedDiPhotons
TimeReport   0.000018     0.000028     0.000028  flashggStageOneCombinedTag
TimeReport   0.000002     0.000004     0.000004  flashggSystTagMerger
TimeReport   0.000181     0.000285     0.000285  flashggTHQLeptonicTag
TimeReport   0.000792     0.001247     0.001247  flashggTTHHadronicTag
TimeReport   0.000124     0.000195     0.000195  flashggTTHLeptonicTag
TimeReport   0.000053     0.000083     0.000083  flashggTagSorter
TimeReport   0.000151     0.000238     0.000238  flashggUnpackedJets
TimeReport   0.000017     0.000027     0.000027  flashggVBFMVA
TimeReport   0.000159     0.000250     0.000250  flashggVHMetTag
TimeReport   0.000010     0.000016     0.000016  flashggVHhadMVA
TimeReport   0.000020     0.000032     0.000032  flashggWHLeptonicTag
TimeReport   0.000011     0.000017     0.000017  flashggZHLeptonicTag
TimeReport   0.000003     0.000003     0.000003  p
TimeReport   0.000202     0.000318     0.000318  tagsDumper
TimeReport  per event     per exec    per visit  Name

T---Report end!


=============================================

MessageLogger Summary

 type     category        sev    module        subroutine        count    total
 ---- -------------------- -- ---------------- ----------------  -----    -----
    1 XrdAdaptor           -w file_open                              1        1
    2 fileAction           -s file_close                             1        1
    3 fileAction           -s file_open                              2        2

 type    category    Examples: run/evt        run/evt          run/evt
 ---- -------------------- ---------------- ---------------- ----------------
    1 XrdAdaptor           pre-events                        
    2 fileAction           PostGlobalEndRun                  
    3 fileAction           pre-events       pre-events       

Severity    # Occurrences   Total Occurrences
--------    -------------   -----------------
Warning                 1                   1
System                  3                   3

dropped waiting message count 0
