mkdir: cannot create directory '/afs/cern.ch/user/x/xisu/private/local/Analysis_workspace/VH_AC_tmp1/flashgg_d2/CMSSW_10_6_29/src/flashgg/VHAC_Analysis_Met/UL_17/UL_17_wh125': File exists
/cvmfs/cms.cern.ch/slc7_amd64_gcc700/external/py2-requests/2.21.0-pafccj2/lib/python2.7/site-packages/requests/__init__.py:91: RequestsDependencyWarning: urllib3 (1.25.2) or chardet (3.0.4) doesn't match a supported version!
  RequestsDependencyWarning)
20-Dec-2022 10:05:09 CET  Initiating request to open file root://cms-xrd-global.cern.ch//store/user/alesauva/flashgg/UL2017_4/10_6_4/WHiggs0PMToGG_M125_TuneCP5_13TeV-JHUGenV7011-pythia8/UL2017_4-10_6_4-v0-RunIISummer19UL17MiniAOD-106X_mc2017_realistic_v6-v2/200720_160815/0000/myMicroAODOutputFile_20.root
%MSG-w XrdAdaptor:  file_open 20-Dec-2022 10:05:11 CET pre-events
Data is served from GRIF-IRFU instead of original site CERN-CMSGLOBAL-01
%MSG
20-Dec-2022 10:05:12 CET  Successfully opened file root://cms-xrd-global.cern.ch//store/user/alesauva/flashgg/UL2017_4/10_6_4/WHiggs0PMToGG_M125_TuneCP5_13TeV-JHUGenV7011-pythia8/UL2017_4-10_6_4-v0-RunIISummer19UL17MiniAOD-106X_mc2017_realistic_v6-v2/200720_160815/0000/myMicroAODOutputFile_20.root
2022-12-20 10:19:14.494850: I tensorflow/core/platform/cpu_feature_guard.cc:140] Your CPU supports instructions that this TensorFlow binary was not compiled to use: SSE4.1 SSE4.2 AVX AVX2 FMA
Begin processing the 1st record. Run 1, Event 187502, LumiSection 1876 on stream 0 at 20-Dec-2022 10:20:10.489 CET
[2022-12-20 10:20:54.704969 +0100][Error  ][AsyncSock         ] [xrootd.ba.infn.it:1094 #0.0] Socket error while handshaking: [ERROR] Socket timeout
[2022-12-20 10:20:54.705396 +0100][Error  ][PostMaster        ] [xrootd.ba.infn.it:1094 #0] elapsed = 45, pConnectionWindow = 31 seconds.
[2022-12-20 10:21:39.900617 +0100][Error  ][AsyncSock         ] [xrootd.ba.infn.it:1094 #0.0] Socket error while handshaking: [ERROR] Socket timeout
[2022-12-20 10:21:39.903896 +0100][Error  ][PostMaster        ] [xrootd.ba.infn.it:1094 #0] elapsed = 45, pConnectionWindow = 31 seconds.
[2022-12-20 10:21:39.911793 +0100][Error  ][PostMaster        ] [xrootd.ba.infn.it:1094 #0] Unable to recover: [ERROR] Socket timeout.
[2022-12-20 10:21:39.911940 +0100][Error  ][XRootD            ] [xrootd.ba.infn.it:1094] Impossible to send message kXR_open (file: /store/user/alesauva/flashgg/UL2017_4/10_6_4/WHiggs0PMToGG_M125_TuneCP5_13TeV-JHUGenV7011-pythia8/UL2017_4-10_6_4-v0-RunIISummer19UL17MiniAOD-106X_mc2017_realistic_v6-v2/200720_160815/0000/myMicroAODOutputFile_20.root?tried=stor79.datagrid.cea.fr, mode: 0660, flags: kXR_open_read kXR_async kXR_retstat ). Trying to recover.
Begin processing the 1001st record. Run 1, Event 188505, LumiSection 1886 on stream 0 at 20-Dec-2022 10:25:09.032 CET
Begin processing the 2001st record. Run 1, Event 190103, LumiSection 1902 on stream 0 at 20-Dec-2022 10:27:25.864 CET
[2022-12-20 10:27:29.168693 +0100][Error  ][AsyncSock         ] [xrootd.ba.infn.it:1094 #0.0] Socket error while handshaking: [ERROR] Socket timeout
[2022-12-20 10:27:29.169176 +0100][Error  ][PostMaster        ] [xrootd.ba.infn.it:1094 #0] elapsed = 45, pConnectionWindow = 31 seconds.
[2022-12-20 10:28:14.415342 +0100][Error  ][AsyncSock         ] [xrootd.ba.infn.it:1094 #0.0] Socket error while handshaking: [ERROR] Socket timeout
[2022-12-20 10:28:14.415469 +0100][Error  ][PostMaster        ] [xrootd.ba.infn.it:1094 #0] elapsed = 45, pConnectionWindow = 31 seconds.
[2022-12-20 10:28:14.415481 +0100][Error  ][PostMaster        ] [xrootd.ba.infn.it:1094 #0] Unable to recover: [ERROR] Socket timeout.
[2022-12-20 10:28:14.415501 +0100][Error  ][XRootD            ] [xrootd.ba.infn.it:1094] Impossible to send message kXR_open (file: /store/user/alesauva/flashgg/UL2017_4/10_6_4/WHiggs0PMToGG_M125_TuneCP5_13TeV-JHUGenV7011-pythia8/UL2017_4-10_6_4-v0-RunIISummer19UL17MiniAOD-106X_mc2017_realistic_v6-v2/200720_160815/0000/myMicroAODOutputFile_20.root?tried=stor79.datagrid.cea.fr, mode: 0660, flags: kXR_open_read kXR_async kXR_retstat ). Trying to recover.
Begin processing the 3001st record. Run 1, Event 406102, LumiSection 4062 on stream 0 at 20-Dec-2022 10:29:31.919 CET
Begin processing the 4001st record. Run 1, Event 407102, LumiSection 4072 on stream 0 at 20-Dec-2022 10:31:35.877 CET
Begin processing the 5001st record. Run 1, Event 539609, LumiSection 5397 on stream 0 at 20-Dec-2022 10:33:29.088 CET
[2022-12-20 10:34:36.626349 +0100][Error  ][AsyncSock         ] [xrootd.ba.infn.it:1094 #0.0] Socket error while handshaking: [ERROR] Socket timeout
[2022-12-20 10:34:36.626529 +0100][Error  ][PostMaster        ] [xrootd.ba.infn.it:1094 #0] elapsed = 45, pConnectionWindow = 31 seconds.
[2022-12-20 10:35:21.880368 +0100][Error  ][AsyncSock         ] [xrootd.ba.infn.it:1094 #0.0] Socket error while handshaking: [ERROR] Socket timeout
[2022-12-20 10:35:21.880514 +0100][Error  ][PostMaster        ] [xrootd.ba.infn.it:1094 #0] elapsed = 45, pConnectionWindow = 31 seconds.
[2022-12-20 10:35:21.880526 +0100][Error  ][PostMaster        ] [xrootd.ba.infn.it:1094 #0] Unable to recover: [ERROR] Socket timeout.
[2022-12-20 10:35:21.880544 +0100][Error  ][XRootD            ] [xrootd.ba.infn.it:1094] Impossible to send message kXR_open (file: /store/user/alesauva/flashgg/UL2017_4/10_6_4/WHiggs0PMToGG_M125_TuneCP5_13TeV-JHUGenV7011-pythia8/UL2017_4-10_6_4-v0-RunIISummer19UL17MiniAOD-106X_mc2017_realistic_v6-v2/200720_160815/0000/myMicroAODOutputFile_20.root?tried=stor79.datagrid.cea.fr, mode: 0660, flags: kXR_open_read kXR_async kXR_retstat ). Trying to recover.
Begin processing the 6001st record. Run 1, Event 606601, LumiSection 6067 on stream 0 at 20-Dec-2022 10:35:43.347 CET
Begin processing the 7001st record. Run 1, Event 591103, LumiSection 5912 on stream 0 at 20-Dec-2022 10:37:58.626 CET
[2022-12-20 10:39:17.192794 +0100][Error  ][AsyncSock         ] [xrootd.ba.infn.it:1094 #0.0] Socket error while handshaking: [ERROR] Socket timeout
[2022-12-20 10:39:17.193213 +0100][Error  ][PostMaster        ] [xrootd.ba.infn.it:1094 #0] elapsed = 45, pConnectionWindow = 31 seconds.
[2022-12-20 10:40:02.408340 +0100][Error  ][AsyncSock         ] [xrootd.ba.infn.it:1094 #0.0] Socket error while handshaking: [ERROR] Socket timeout
[2022-12-20 10:40:02.408489 +0100][Error  ][PostMaster        ] [xrootd.ba.infn.it:1094 #0] elapsed = 45, pConnectionWindow = 31 seconds.
[2022-12-20 10:40:02.408503 +0100][Error  ][PostMaster        ] [xrootd.ba.infn.it:1094 #0] Unable to recover: [ERROR] Socket timeout.
[2022-12-20 10:40:02.408513 +0100][Error  ][XRootD            ] [xrootd.ba.infn.it:1094] Impossible to send message kXR_open (file: /store/user/alesauva/flashgg/UL2017_4/10_6_4/WHiggs0PMToGG_M125_TuneCP5_13TeV-JHUGenV7011-pythia8/UL2017_4-10_6_4-v0-RunIISummer19UL17MiniAOD-106X_mc2017_realistic_v6-v2/200720_160815/0000/myMicroAODOutputFile_20.root?tried=stor79.datagrid.cea.fr, mode: 0660, flags: kXR_open_read kXR_async kXR_retstat ). Trying to recover.
Begin processing the 8001st record. Run 1, Event 599803, LumiSection 5999 on stream 0 at 20-Dec-2022 10:40:13.409 CET
Begin processing the 9001st record. Run 1, Event 637304, LumiSection 6374 on stream 0 at 20-Dec-2022 10:42:27.925 CET
[2022-12-20 10:43:53.998389 +0100][Error  ][AsyncSock         ] [xrootd.ba.infn.it:1094 #0.0] Socket error while handshaking: [ERROR] Socket timeout
[2022-12-20 10:43:53.998548 +0100][Error  ][PostMaster        ] [xrootd.ba.infn.it:1094 #0] elapsed = 45, pConnectionWindow = 31 seconds.
Begin processing the 10001st record. Run 1, Event 699402, LumiSection 6995 on stream 0 at 20-Dec-2022 10:44:35.035 CET
[2022-12-20 10:44:39.235340 +0100][Error  ][AsyncSock         ] [xrootd.ba.infn.it:1094 #0.0] Socket error while handshaking: [ERROR] Socket timeout
[2022-12-20 10:44:39.235528 +0100][Error  ][PostMaster        ] [xrootd.ba.infn.it:1094 #0] elapsed = 46, pConnectionWindow = 31 seconds.
[2022-12-20 10:44:39.235550 +0100][Error  ][PostMaster        ] [xrootd.ba.infn.it:1094 #0] Unable to recover: [ERROR] Socket timeout.
[2022-12-20 10:44:39.235559 +0100][Error  ][XRootD            ] [xrootd.ba.infn.it:1094] Impossible to send message kXR_open (file: /store/user/alesauva/flashgg/UL2017_4/10_6_4/WHiggs0PMToGG_M125_TuneCP5_13TeV-JHUGenV7011-pythia8/UL2017_4-10_6_4-v0-RunIISummer19UL17MiniAOD-106X_mc2017_realistic_v6-v2/200720_160815/0000/myMicroAODOutputFile_20.root?tried=stor79.datagrid.cea.fr, mode: 0660, flags: kXR_open_read kXR_async kXR_retstat ). Trying to recover.
Begin processing the 11001st record. Run 1, Event 81901, LumiSection 820 on stream 0 at 20-Dec-2022 10:46:38.742 CET
Begin processing the 12001st record. Run 1, Event 82903, LumiSection 830 on stream 0 at 20-Dec-2022 10:48:44.134 CET
Begin processing the 13001st record. Run 1, Event 87205, LumiSection 873 on stream 0 at 20-Dec-2022 10:50:41.392 CET
[2022-12-20 10:52:20.046385 +0100][Error  ][AsyncSock         ] [xrootd.ba.infn.it:1094 #0.0] Socket error while handshaking: [ERROR] Socket timeout
[2022-12-20 10:52:20.046507 +0100][Error  ][PostMaster        ] [xrootd.ba.infn.it:1094 #0] elapsed = 45, pConnectionWindow = 31 seconds.
Begin processing the 14001st record. Run 1, Event 307410, LumiSection 3075 on stream 0 at 20-Dec-2022 10:52:45.093 CET
[2022-12-20 10:53:05.293327 +0100][Error  ][AsyncSock         ] [xrootd.ba.infn.it:1094 #0.0] Socket error while handshaking: [ERROR] Socket timeout
[2022-12-20 10:53:05.293416 +0100][Error  ][PostMaster        ] [xrootd.ba.infn.it:1094 #0] elapsed = 45, pConnectionWindow = 31 seconds.
[2022-12-20 10:53:05.293424 +0100][Error  ][PostMaster        ] [xrootd.ba.infn.it:1094 #0] Unable to recover: [ERROR] Socket timeout.
[2022-12-20 10:53:05.293433 +0100][Error  ][XRootD            ] [xrootd.ba.infn.it:1094] Impossible to send message kXR_open (file: /store/user/alesauva/flashgg/UL2017_4/10_6_4/WHiggs0PMToGG_M125_TuneCP5_13TeV-JHUGenV7011-pythia8/UL2017_4-10_6_4-v0-RunIISummer19UL17MiniAOD-106X_mc2017_realistic_v6-v2/200720_160815/0000/myMicroAODOutputFile_20.root?tried=stor79.datagrid.cea.fr, mode: 0660, flags: kXR_open_read kXR_async kXR_retstat ). Trying to recover.
Begin processing the 15001st record. Run 1, Event 278506, LumiSection 2786 on stream 0 at 20-Dec-2022 10:54:46.941 CET
Begin processing the 16001st record. Run 1, Event 310402, LumiSection 3105 on stream 0 at 20-Dec-2022 10:56:44.247 CET
Begin processing the 17001st record. Run 1, Event 311802, LumiSection 3119 on stream 0 at 20-Dec-2022 10:58:41.236 CET
[2022-12-20 11:00:45.882354 +0100][Error  ][AsyncSock         ] [xrootd.ba.infn.it:1094 #0.0] Socket error while handshaking: [ERROR] Socket timeout
[2022-12-20 11:00:45.882538 +0100][Error  ][PostMaster        ] [xrootd.ba.infn.it:1094 #0] elapsed = 45, pConnectionWindow = 31 seconds.
Begin processing the 18001st record. Run 1, Event 318411, LumiSection 3185 on stream 0 at 20-Dec-2022 11:00:50.710 CET
[2022-12-20 11:01:31.099328 +0100][Error  ][AsyncSock         ] [xrootd.ba.infn.it:1094 #0.0] Socket error while handshaking: [ERROR] Socket timeout
[2022-12-20 11:01:31.099437 +0100][Error  ][PostMaster        ] [xrootd.ba.infn.it:1094 #0] elapsed = 46, pConnectionWindow = 31 seconds.
[2022-12-20 11:01:31.099444 +0100][Error  ][PostMaster        ] [xrootd.ba.infn.it:1094 #0] Unable to recover: [ERROR] Socket timeout.
[2022-12-20 11:01:31.099452 +0100][Error  ][XRootD            ] [xrootd.ba.infn.it:1094] Impossible to send message kXR_open (file: /store/user/alesauva/flashgg/UL2017_4/10_6_4/WHiggs0PMToGG_M125_TuneCP5_13TeV-JHUGenV7011-pythia8/UL2017_4-10_6_4-v0-RunIISummer19UL17MiniAOD-106X_mc2017_realistic_v6-v2/200720_160815/0000/myMicroAODOutputFile_20.root?tried=stor79.datagrid.cea.fr, mode: 0660, flags: kXR_open_read kXR_async kXR_retstat ). Trying to recover.
Begin processing the 19001st record. Run 1, Event 319414, LumiSection 3195 on stream 0 at 20-Dec-2022 11:03:03.278 CET
Begin processing the 20001st record. Run 1, Event 320511, LumiSection 3206 on stream 0 at 20-Dec-2022 11:05:09.034 CET
[2022-12-20 11:05:16.242882 +0100][Error  ][AsyncSock         ] [xrootd.ba.infn.it:1094 #0.0] Socket error while handshaking: [ERROR] Socket timeout
[2022-12-20 11:05:16.243041 +0100][Error  ][PostMaster        ] [xrootd.ba.infn.it:1094 #0] elapsed = 45, pConnectionWindow = 31 seconds.
[2022-12-20 11:06:01.472331 +0100][Error  ][AsyncSock         ] [xrootd.ba.infn.it:1094 #0.0] Socket error while handshaking: [ERROR] Socket timeout
[2022-12-20 11:06:01.472437 +0100][Error  ][PostMaster        ] [xrootd.ba.infn.it:1094 #0] elapsed = 45, pConnectionWindow = 31 seconds.
[2022-12-20 11:06:01.472445 +0100][Error  ][PostMaster        ] [xrootd.ba.infn.it:1094 #0] Unable to recover: [ERROR] Socket timeout.
[2022-12-20 11:06:01.472454 +0100][Error  ][XRootD            ] [xrootd.ba.infn.it:1094] Impossible to send message kXR_open (file: /store/user/alesauva/flashgg/UL2017_4/10_6_4/WHiggs0PMToGG_M125_TuneCP5_13TeV-JHUGenV7011-pythia8/UL2017_4-10_6_4-v0-RunIISummer19UL17MiniAOD-106X_mc2017_realistic_v6-v2/200720_160815/0000/myMicroAODOutputFile_20.root?tried=stor79.datagrid.cea.fr, mode: 0660, flags: kXR_open_read kXR_async kXR_retstat ). Trying to recover.
Begin processing the 21001st record. Run 1, Event 515502, LumiSection 5156 on stream 0 at 20-Dec-2022 11:07:19.660 CET
Begin processing the 22001st record. Run 1, Event 517011, LumiSection 5171 on stream 0 at 20-Dec-2022 11:09:23.750 CET
Begin processing the 23001st record. Run 1, Event 522701, LumiSection 5228 on stream 0 at 20-Dec-2022 11:11:40.346 CET
Begin processing the 24001st record. Run 1, Event 523705, LumiSection 5238 on stream 0 at 20-Dec-2022 11:13:45.853 CET
[2022-12-20 11:14:08.947342 +0100][Error  ][AsyncSock         ] [xrootd.ba.infn.it:1094 #0.0] Socket error while handshaking: [ERROR] Socket timeout
[2022-12-20 11:14:08.947513 +0100][Error  ][PostMaster        ] [xrootd.ba.infn.it:1094 #0] elapsed = 45, pConnectionWindow = 31 seconds.
[2022-12-20 11:14:53.184359 +0100][Error  ][AsyncSock         ] [xrootd.ba.infn.it:1094 #0.0] Socket error while handshaking: [ERROR] Socket timeout
[2022-12-20 11:14:53.184520 +0100][Error  ][PostMaster        ] [xrootd.ba.infn.it:1094 #0] elapsed = 45, pConnectionWindow = 31 seconds.
[2022-12-20 11:14:53.184534 +0100][Error  ][PostMaster        ] [xrootd.ba.infn.it:1094 #0] Unable to recover: [ERROR] Socket timeout.
[2022-12-20 11:14:53.184545 +0100][Error  ][XRootD            ] [xrootd.ba.infn.it:1094] Impossible to send message kXR_open (file: /store/user/alesauva/flashgg/UL2017_4/10_6_4/WHiggs0PMToGG_M125_TuneCP5_13TeV-JHUGenV7011-pythia8/UL2017_4-10_6_4-v0-RunIISummer19UL17MiniAOD-106X_mc2017_realistic_v6-v2/200720_160815/0000/myMicroAODOutputFile_20.root?tried=stor79.datagrid.cea.fr, mode: 0660, flags: kXR_open_read kXR_async kXR_retstat ). Trying to recover.
20-Dec-2022 11:15:49 CET  Closed file root://cms-xrd-global.cern.ch//store/user/alesauva/flashgg/UL2017_4/10_6_4/WHiggs0PMToGG_M125_TuneCP5_13TeV-JHUGenV7011-pythia8/UL2017_4-10_6_4-v0-RunIISummer19UL17MiniAOD-106X_mc2017_realistic_v6-v2/200720_160815/0000/myMicroAODOutputFile_20.root

TrigReport ---------- Event  Summary ------------
TrigReport Events total = 25000 passed = 24899 failed = 101

TrigReport ---------- Path   Summary ------------
TrigReport  Trig Bit#   Executed     Passed     Failed      Error Name
TrigReport     1    0      25000      24899        101          0 p

TrigReport -------End-Path   Summary ------------
TrigReport  Trig Bit#   Executed     Passed     Failed      Error Name

TrigReport ---------- Modules in Path: p ------------
TrigReport  Trig Bit#    Visited     Passed     Failed      Error Name
TrigReport     1    0      25000      24899        101          0 flashggMetFilters
TrigReport     1    1      24899      24899          0          0 VHFilter
TrigReport     1    2      24899      24899          0          0 flashggDifferentialPhoIdInputsCorrection
TrigReport     1    3      24899      24899          0          0 flashggDiPhotonSystematics
TrigReport     1    4      24899      24899          0          0 flashggMetSystematics
TrigReport     1    5      24899      24899          0          0 flashggMuonSystematics
TrigReport     1    6      24899      24899          0          0 flashggElectronSystematics
TrigReport     1    7      24899      24899          0          0 flashggUnpackedJets
TrigReport     1    8      24899      24899          0          0 flashggJetSystematics0
TrigReport     1    9      24899      24899          0          0 flashggJetSystematics1
TrigReport     1   10      24899      24899          0          0 flashggJetSystematics2
TrigReport     1   11      24899      24899          0          0 flashggJetSystematics3
TrigReport     1   12      24899      24899          0          0 flashggJetSystematics4
TrigReport     1   13      24899      24899          0          0 flashggJetSystematics5
TrigReport     1   14      24899      24899          0          0 flashggJetSystematics6
TrigReport     1   15      24899      24899          0          0 flashggJetSystematics7
TrigReport     1   16      24899      24899          0          0 flashggJetSystematics8
TrigReport     1   17      24899      24899          0          0 flashggJetSystematics9
TrigReport     1   18      24899      24899          0          0 flashggJetSystematics10
TrigReport     1   19      24899      24899          0          0 flashggJetSystematics11
TrigReport     1   20      24899      24899          0          0 flashggPrefireDiPhotons
TrigReport     1   21      24899      24899          0          0 flashggPreselectedDiPhotons
TrigReport     1   22      24899      24899          0          0 flashggDiPhotonMVA
TrigReport     1   23      24899      24899          0          0 flashggVBFMVA
TrigReport     1   24      24899      24899          0          0 flashggVHhadMVA
TrigReport     1   25      24899      24899          0          0 flashggGluGluHMVA
TrigReport     1   26      24899      24899          0          0 flashggStageOneCombinedTag
TrigReport     1   27      24899      24899          0          0 flashggTHQLeptonicTag
TrigReport     1   28      24899      24899          0          0 flashggVHMetTag
TrigReport     1   29      24899      24899          0          0 flashggWHLeptonicTag
TrigReport     1   30      24899      24899          0          0 flashggZHLeptonicTag
TrigReport     1   31      24899      24899          0          0 flashggTTHLeptonicTag
TrigReport     1   32      24899      24899          0          0 flashggTTHHadronicTag
TrigReport     1   33      24899      24899          0          0 flashggTagSorter
TrigReport     1   34      24899      24899          0          0 flashggSystTagMerger
TrigReport     1   35      24899      24899          0          0 tagsDumper

TrigReport ---------- Module Summary ------------
TrigReport    Visited   Executed     Passed     Failed      Error Name
TrigReport      25000      25000      25000          0          0 TriggerResults
TrigReport      24899      24899      24899          0          0 VHFilter
TrigReport      24899      24899      24899          0          0 ak4PFCHSL1FastL2L3Corrector
TrigReport      24899      24899      24899          0          0 ak4PFCHSL1FastjetCorrector
TrigReport      24899      24899      24899          0          0 ak4PFCHSL2RelativeCorrector
TrigReport      24899      24899      24899          0          0 ak4PFCHSL3AbsoluteCorrector
TrigReport      24899      24899      24899          0          0 flashggDiPhotonMVA
TrigReport      24899      24899      24899          0          0 flashggDiPhotonSystematics
TrigReport      24899      24899      24899          0          0 flashggDifferentialPhoIdInputsCorrection
TrigReport      24899      24899      24899          0          0 flashggElectronSystematics
TrigReport      24899      24899      24899          0          0 flashggGluGluHMVA
TrigReport      24899      24899      24899          0          0 flashggJetSystematics0
TrigReport      24899      24899      24899          0          0 flashggJetSystematics1
TrigReport      24899      24899      24899          0          0 flashggJetSystematics10
TrigReport      24899      24899      24899          0          0 flashggJetSystematics11
TrigReport      24899      24899      24899          0          0 flashggJetSystematics2
TrigReport      24899      24899      24899          0          0 flashggJetSystematics3
TrigReport      24899      24899      24899          0          0 flashggJetSystematics4
TrigReport      24899      24899      24899          0          0 flashggJetSystematics5
TrigReport      24899      24899      24899          0          0 flashggJetSystematics6
TrigReport      24899      24899      24899          0          0 flashggJetSystematics7
TrigReport      24899      24899      24899          0          0 flashggJetSystematics8
TrigReport      24899      24899      24899          0          0 flashggJetSystematics9
TrigReport      25000      25000      24899        101          0 flashggMetFilters
TrigReport      24899      24899      24899          0          0 flashggMetSystematics
TrigReport      24899      24899      24899          0          0 flashggMuonSystematics
TrigReport      24899      24899      24899          0          0 flashggPrefireDiPhotons
TrigReport      24899      24899      24899          0          0 flashggPreselectedDiPhotons
TrigReport      24899      24899      24899          0          0 flashggStageOneCombinedTag
TrigReport      24899      24899      24899          0          0 flashggSystTagMerger
TrigReport      24899      24899      24899          0          0 flashggTHQLeptonicTag
TrigReport      24899      24899      24899          0          0 flashggTTHHadronicTag
TrigReport      24899      24899      24899          0          0 flashggTTHLeptonicTag
TrigReport      24899      24899      24899          0          0 flashggTagSorter
TrigReport      24899      24899      24899          0          0 flashggUnpackedJets
TrigReport      24899      24899      24899          0          0 flashggVBFMVA
TrigReport      24899      24899      24899          0          0 flashggVHMetTag
TrigReport      24899      24899      24899          0          0 flashggVHhadMVA
TrigReport      24899      24899      24899          0          0 flashggWHLeptonicTag
TrigReport      24899      24899      24899          0          0 flashggZHLeptonicTag
TrigReport      25000      25000      25000          0          0 p
TrigReport      24899      24899      24899          0          0 tagsDumper

TimeReport ---------- Event  Summary ---[sec]----
TimeReport       event loop CPU/event = 0.131285
TimeReport      event loop Real/event = 0.133628
TimeReport     sum Streams Real/event = 0.129817
TimeReport efficiency CPU/Real/thread = 0.982469

TimeReport ---------- Path   Summary ---[Real sec]----
TimeReport  per event     per exec  Name
TimeReport   0.129294     0.129294  p
TimeReport  per event     per exec  Name

TimeReport -------End-Path   Summary ---[Real sec]----
TimeReport  per event     per exec  Name
TimeReport  per event     per exec  Name

TimeReport ---------- Modules in Path: p ---[Real sec]----
TimeReport  per event    per visit  Name
TimeReport   0.000017     0.000017  flashggMetFilters
TimeReport   0.000007     0.000007  VHFilter
TimeReport   0.069991     0.070275  flashggDifferentialPhoIdInputsCorrection
TimeReport   0.042416     0.042588  flashggDiPhotonSystematics
TimeReport   0.000219     0.000220  flashggMetSystematics
TimeReport   0.000027     0.000027  flashggMuonSystematics
TimeReport   0.000043     0.000043  flashggElectronSystematics
TimeReport   0.000229     0.000230  flashggUnpackedJets
TimeReport   0.004237     0.004255  flashggJetSystematics0
TimeReport   0.000616     0.000619  flashggJetSystematics1
TimeReport   0.000537     0.000540  flashggJetSystematics2
TimeReport   0.000518     0.000521  flashggJetSystematics3
TimeReport   0.000508     0.000511  flashggJetSystematics4
TimeReport   0.000502     0.000504  flashggJetSystematics5
TimeReport   0.000498     0.000500  flashggJetSystematics6
TimeReport   0.000497     0.000499  flashggJetSystematics7
TimeReport   0.000494     0.000496  flashggJetSystematics8
TimeReport   0.000492     0.000494  flashggJetSystematics9
TimeReport   0.000492     0.000494  flashggJetSystematics10
TimeReport   0.000490     0.000492  flashggJetSystematics11
TimeReport   0.000287     0.000288  flashggPrefireDiPhotons
TimeReport   0.000167     0.000168  flashggPreselectedDiPhotons
TimeReport   0.000034     0.000034  flashggDiPhotonMVA
TimeReport   0.000028     0.000028  flashggVBFMVA
TimeReport   0.000018     0.000018  flashggVHhadMVA
TimeReport   0.000049     0.000050  flashggGluGluHMVA
TimeReport   0.000032     0.000032  flashggStageOneCombinedTag
TimeReport   0.000941     0.000945  flashggTHQLeptonicTag
TimeReport   0.000290     0.000291  flashggVHMetTag
TimeReport   0.000037     0.000037  flashggWHLeptonicTag
TimeReport   0.000019     0.000019  flashggZHLeptonicTag
TimeReport   0.000213     0.000214  flashggTTHLeptonicTag
TimeReport   0.001301     0.001306  flashggTTHHadronicTag
TimeReport   0.000092     0.000093  flashggTagSorter
TimeReport   0.000004     0.000004  flashggSystTagMerger
TimeReport   0.000354     0.000355  tagsDumper
TimeReport  per event    per visit  Name

TimeReport ---------- Module Summary ---[Real sec]----
TimeReport  per event     per exec    per visit  Name
TimeReport   0.000003     0.000003     0.000003  TriggerResults
TimeReport   0.000007     0.000007     0.000007  VHFilter
TimeReport   0.000004     0.000004     0.000004  ak4PFCHSL1FastL2L3Corrector
TimeReport   0.000004     0.000004     0.000004  ak4PFCHSL1FastjetCorrector
TimeReport   0.000002     0.000002     0.000002  ak4PFCHSL2RelativeCorrector
TimeReport   0.000015     0.000015     0.000015  ak4PFCHSL3AbsoluteCorrector
TimeReport   0.000034     0.000034     0.000034  flashggDiPhotonMVA
TimeReport   0.042416     0.042588     0.042588  flashggDiPhotonSystematics
TimeReport   0.069991     0.070275     0.070275  flashggDifferentialPhoIdInputsCorrection
TimeReport   0.000043     0.000043     0.000043  flashggElectronSystematics
TimeReport   0.000049     0.000050     0.000050  flashggGluGluHMVA
TimeReport   0.004237     0.004255     0.004255  flashggJetSystematics0
TimeReport   0.000616     0.000619     0.000619  flashggJetSystematics1
TimeReport   0.000492     0.000494     0.000494  flashggJetSystematics10
TimeReport   0.000490     0.000492     0.000492  flashggJetSystematics11
TimeReport   0.000537     0.000540     0.000540  flashggJetSystematics2
TimeReport   0.000518     0.000521     0.000521  flashggJetSystematics3
TimeReport   0.000508     0.000511     0.000511  flashggJetSystematics4
TimeReport   0.000502     0.000504     0.000504  flashggJetSystematics5
TimeReport   0.000498     0.000500     0.000500  flashggJetSystematics6
TimeReport   0.000497     0.000499     0.000499  flashggJetSystematics7
TimeReport   0.000494     0.000496     0.000496  flashggJetSystematics8
TimeReport   0.000492     0.000494     0.000494  flashggJetSystematics9
TimeReport   0.000017     0.000017     0.000017  flashggMetFilters
TimeReport   0.000219     0.000220     0.000220  flashggMetSystematics
TimeReport   0.000027     0.000027     0.000027  flashggMuonSystematics
TimeReport   0.000287     0.000288     0.000288  flashggPrefireDiPhotons
TimeReport   0.000167     0.000168     0.000168  flashggPreselectedDiPhotons
TimeReport   0.000032     0.000032     0.000032  flashggStageOneCombinedTag
TimeReport   0.000004     0.000004     0.000004  flashggSystTagMerger
TimeReport   0.000941     0.000945     0.000945  flashggTHQLeptonicTag
TimeReport   0.001301     0.001306     0.001306  flashggTTHHadronicTag
TimeReport   0.000213     0.000214     0.000214  flashggTTHLeptonicTag
TimeReport   0.000092     0.000093     0.000093  flashggTagSorter
TimeReport   0.000229     0.000230     0.000230  flashggUnpackedJets
TimeReport   0.000028     0.000028     0.000028  flashggVBFMVA
TimeReport   0.000290     0.000291     0.000291  flashggVHMetTag
TimeReport   0.000018     0.000018     0.000018  flashggVHhadMVA
TimeReport   0.000037     0.000037     0.000037  flashggWHLeptonicTag
TimeReport   0.000019     0.000019     0.000019  flashggZHLeptonicTag
TimeReport   0.000003     0.000003     0.000003  p
TimeReport   0.000354     0.000355     0.000355  tagsDumper
TimeReport  per event     per exec    per visit  Name

T---Report end!


=============================================

MessageLogger Summary

 type     category        sev    module        subroutine        count    total
 ---- -------------------- -- ---------------- ----------------  -----    -----
    1 XrdAdaptor           -w file_open                              1        1
    2 fileAction           -s file_close                             1        1
    3 fileAction           -s file_open                              2        2

 type    category    Examples: run/evt        run/evt          run/evt
 ---- -------------------- ---------------- ---------------- ----------------
    1 XrdAdaptor           pre-events                        
    2 fileAction           PostGlobalEndRun                  
    3 fileAction           pre-events       pre-events       

Severity    # Occurrences   Total Occurrences
--------    -------------   -----------------
Warning                 1                   1
System                  3                   3

dropped waiting message count 0
