mkdir: cannot create directory '/afs/cern.ch/user/x/xisu/private/local/Analysis_workspace/VH_AC_tmp1/flashgg_d2/CMSSW_10_6_29/src/flashgg/VHAC_Analysis_Met/UL_17/UL_17_wh125': File exists
/cvmfs/cms.cern.ch/slc7_amd64_gcc700/external/py2-requests/2.21.0-pafccj2/lib/python2.7/site-packages/requests/__init__.py:91: RequestsDependencyWarning: urllib3 (1.25.2) or chardet (3.0.4) doesn't match a supported version!
  RequestsDependencyWarning)
20-Dec-2022 10:05:36 CET  Initiating request to open file root://cms-xrd-global.cern.ch//store/user/alesauva/flashgg/UL2017_4/10_6_4/WHiggs0L1ToGG_M125_TuneCP5_13TeV-JHUGenV7011-pythia8/UL2017_4-10_6_4-v0-RunIISummer19UL17MiniAOD-106X_mc2017_realistic_v6-v2/200720_155007/0000/myMicroAODOutputFile_29.root
%MSG-w XrdAdaptor:  file_open 20-Dec-2022 10:05:38 CET pre-events
Data is served from GRIF-IRFU instead of original site CERN-CMSGLOBAL-01
%MSG
20-Dec-2022 10:05:40 CET  Successfully opened file root://cms-xrd-global.cern.ch//store/user/alesauva/flashgg/UL2017_4/10_6_4/WHiggs0L1ToGG_M125_TuneCP5_13TeV-JHUGenV7011-pythia8/UL2017_4-10_6_4-v0-RunIISummer19UL17MiniAOD-106X_mc2017_realistic_v6-v2/200720_155007/0000/myMicroAODOutputFile_29.root
2022-12-20 10:22:38.560178: I tensorflow/core/platform/cpu_feature_guard.cc:140] Your CPU supports instructions that this TensorFlow binary was not compiled to use: SSE4.1 SSE4.2 AVX AVX2 FMA
Begin processing the 1st record. Run 1, Event 301803, LumiSection 3019 on stream 0 at 20-Dec-2022 10:23:35.097 CET
[2022-12-20 10:24:18.311830 +0100][Error  ][AsyncSock         ] [xrootd.ba.infn.it:1094 #0.0] Socket error while handshaking: [ERROR] Socket timeout
[2022-12-20 10:24:18.312074 +0100][Error  ][PostMaster        ] [xrootd.ba.infn.it:1094 #0] elapsed = 45, pConnectionWindow = 31 seconds.
[2022-12-20 10:25:03.993181 +0100][Error  ][AsyncSock         ] [xrootd.ba.infn.it:1094 #0.0] Socket error while handshaking: [ERROR] Socket timeout
[2022-12-20 10:25:03.993448 +0100][Error  ][PostMaster        ] [xrootd.ba.infn.it:1094 #0] elapsed = 45, pConnectionWindow = 31 seconds.
[2022-12-20 10:25:03.993494 +0100][Error  ][PostMaster        ] [xrootd.ba.infn.it:1094 #0] Unable to recover: [ERROR] Socket timeout.
[2022-12-20 10:25:03.993513 +0100][Error  ][XRootD            ] [xrootd.ba.infn.it:1094] Impossible to send message kXR_open (file: /store/user/alesauva/flashgg/UL2017_4/10_6_4/WHiggs0L1ToGG_M125_TuneCP5_13TeV-JHUGenV7011-pythia8/UL2017_4-10_6_4-v0-RunIISummer19UL17MiniAOD-106X_mc2017_realistic_v6-v2/200720_155007/0000/myMicroAODOutputFile_29.root?tried=stor74.datagrid.cea.fr, mode: 0660, flags: kXR_open_read kXR_async kXR_retstat ). Trying to recover.
Begin processing the 1001st record. Run 1, Event 302805, LumiSection 3029 on stream 0 at 20-Dec-2022 10:28:52.770 CET
[2022-12-20 10:31:00.740027 +0100][Error  ][AsyncSock         ] [xrootd.ba.infn.it:1094 #0.0] Socket error while handshaking: [ERROR] Socket timeout
[2022-12-20 10:31:00.740204 +0100][Error  ][PostMaster        ] [xrootd.ba.infn.it:1094 #0] elapsed = 45, pConnectionWindow = 31 seconds.
Begin processing the 2001st record. Run 1, Event 303801, LumiSection 3039 on stream 0 at 20-Dec-2022 10:31:38.423 CET
[2022-12-20 10:31:45.965018 +0100][Error  ][AsyncSock         ] [xrootd.ba.infn.it:1094 #0.0] Socket error while handshaking: [ERROR] Socket timeout
[2022-12-20 10:31:45.965232 +0100][Error  ][PostMaster        ] [xrootd.ba.infn.it:1094 #0] elapsed = 45, pConnectionWindow = 31 seconds.
[2022-12-20 10:31:45.965244 +0100][Error  ][PostMaster        ] [xrootd.ba.infn.it:1094 #0] Unable to recover: [ERROR] Socket timeout.
[2022-12-20 10:31:45.965255 +0100][Error  ][XRootD            ] [xrootd.ba.infn.it:1094] Impossible to send message kXR_open (file: /store/user/alesauva/flashgg/UL2017_4/10_6_4/WHiggs0L1ToGG_M125_TuneCP5_13TeV-JHUGenV7011-pythia8/UL2017_4-10_6_4-v0-RunIISummer19UL17MiniAOD-106X_mc2017_realistic_v6-v2/200720_155007/0000/myMicroAODOutputFile_29.root?tried=stor74.datagrid.cea.fr, mode: 0660, flags: kXR_open_read kXR_async kXR_retstat ). Trying to recover.
Begin processing the 3001st record. Run 1, Event 397805, LumiSection 3979 on stream 0 at 20-Dec-2022 10:34:18.964 CET
Begin processing the 4001st record. Run 1, Event 398806, LumiSection 3989 on stream 0 at 20-Dec-2022 10:37:05.168 CET
[2022-12-20 10:39:35.516011 +0100][Error  ][AsyncSock         ] [xrootd.ba.infn.it:1094 #0.0] Socket error while handshaking: [ERROR] Socket timeout
[2022-12-20 10:39:35.516203 +0100][Error  ][PostMaster        ] [xrootd.ba.infn.it:1094 #0] elapsed = 45, pConnectionWindow = 31 seconds.
Begin processing the 5001st record. Run 1, Event 495104, LumiSection 4952 on stream 0 at 20-Dec-2022 10:39:43.454 CET
[2022-12-20 10:40:20.790986 +0100][Error  ][AsyncSock         ] [xrootd.ba.infn.it:1094 #0.0] Socket error while handshaking: [ERROR] Socket timeout
[2022-12-20 10:40:20.791135 +0100][Error  ][PostMaster        ] [xrootd.ba.infn.it:1094 #0] elapsed = 45, pConnectionWindow = 31 seconds.
[2022-12-20 10:40:20.791146 +0100][Error  ][PostMaster        ] [xrootd.ba.infn.it:1094 #0] Unable to recover: [ERROR] Socket timeout.
[2022-12-20 10:40:20.791159 +0100][Error  ][XRootD            ] [xrootd.ba.infn.it:1094] Impossible to send message kXR_open (file: /store/user/alesauva/flashgg/UL2017_4/10_6_4/WHiggs0L1ToGG_M125_TuneCP5_13TeV-JHUGenV7011-pythia8/UL2017_4-10_6_4-v0-RunIISummer19UL17MiniAOD-106X_mc2017_realistic_v6-v2/200720_155007/0000/myMicroAODOutputFile_29.root?tried=stor74.datagrid.cea.fr, mode: 0660, flags: kXR_open_read kXR_async kXR_retstat ). Trying to recover.
Begin processing the 6001st record. Run 1, Event 496109, LumiSection 4962 on stream 0 at 20-Dec-2022 10:42:27.882 CET
[2022-12-20 10:44:45.187986 +0100][Error  ][AsyncSock         ] [xrootd.ba.infn.it:1094 #0.0] Socket error while handshaking: [ERROR] Socket timeout
[2022-12-20 10:44:45.188149 +0100][Error  ][PostMaster        ] [xrootd.ba.infn.it:1094 #0] elapsed = 45, pConnectionWindow = 31 seconds.
Begin processing the 7001st record. Run 1, Event 497110, LumiSection 4972 on stream 0 at 20-Dec-2022 10:45:19.368 CET
[2022-12-20 10:45:30.430048 +0100][Error  ][AsyncSock         ] [xrootd.ba.infn.it:1094 #0.0] Socket error while handshaking: [ERROR] Socket timeout
[2022-12-20 10:45:30.430235 +0100][Error  ][PostMaster        ] [xrootd.ba.infn.it:1094 #0] elapsed = 45, pConnectionWindow = 31 seconds.
[2022-12-20 10:45:30.430249 +0100][Error  ][PostMaster        ] [xrootd.ba.infn.it:1094 #0] Unable to recover: [ERROR] Socket timeout.
[2022-12-20 10:45:30.430258 +0100][Error  ][XRootD            ] [xrootd.ba.infn.it:1094] Impossible to send message kXR_open (file: /store/user/alesauva/flashgg/UL2017_4/10_6_4/WHiggs0L1ToGG_M125_TuneCP5_13TeV-JHUGenV7011-pythia8/UL2017_4-10_6_4-v0-RunIISummer19UL17MiniAOD-106X_mc2017_realistic_v6-v2/200720_155007/0000/myMicroAODOutputFile_29.root?tried=stor74.datagrid.cea.fr, mode: 0660, flags: kXR_open_read kXR_async kXR_retstat ). Trying to recover.
Begin processing the 8001st record. Run 1, Event 525601, LumiSection 5257 on stream 0 at 20-Dec-2022 10:48:11.028 CET
[2022-12-20 10:50:06.819990 +0100][Error  ][AsyncSock         ] [xrootd.ba.infn.it:1094 #0.0] Socket error while handshaking: [ERROR] Socket timeout
[2022-12-20 10:50:06.820140 +0100][Error  ][PostMaster        ] [xrootd.ba.infn.it:1094 #0] elapsed = 45, pConnectionWindow = 31 seconds.
[2022-12-20 10:50:52.080048 +0100][Error  ][AsyncSock         ] [xrootd.ba.infn.it:1094 #0.0] Socket error while handshaking: [ERROR] Socket timeout
[2022-12-20 10:50:52.080226 +0100][Error  ][PostMaster        ] [xrootd.ba.infn.it:1094 #0] elapsed = 46, pConnectionWindow = 31 seconds.
[2022-12-20 10:50:52.080238 +0100][Error  ][PostMaster        ] [xrootd.ba.infn.it:1094 #0] Unable to recover: [ERROR] Socket timeout.
[2022-12-20 10:50:52.080249 +0100][Error  ][XRootD            ] [xrootd.ba.infn.it:1094] Impossible to send message kXR_open (file: /store/user/alesauva/flashgg/UL2017_4/10_6_4/WHiggs0L1ToGG_M125_TuneCP5_13TeV-JHUGenV7011-pythia8/UL2017_4-10_6_4-v0-RunIISummer19UL17MiniAOD-106X_mc2017_realistic_v6-v2/200720_155007/0000/myMicroAODOutputFile_29.root?tried=stor74.datagrid.cea.fr, mode: 0660, flags: kXR_open_read kXR_async kXR_retstat ). Trying to recover.
Begin processing the 9001st record. Run 1, Event 526603, LumiSection 5267 on stream 0 at 20-Dec-2022 10:50:56.937 CET
Begin processing the 10001st record. Run 1, Event 527609, LumiSection 5277 on stream 0 at 20-Dec-2022 10:53:37.389 CET
[2022-12-20 10:55:09.710987 +0100][Error  ][AsyncSock         ] [xrootd.ba.infn.it:1094 #0.0] Socket error while handshaking: [ERROR] Socket timeout
[2022-12-20 10:55:09.711158 +0100][Error  ][PostMaster        ] [xrootd.ba.infn.it:1094 #0] elapsed = 45, pConnectionWindow = 31 seconds.
[2022-12-20 10:55:54.978995 +0100][Error  ][AsyncSock         ] [xrootd.ba.infn.it:1094 #0.0] Socket error while handshaking: [ERROR] Socket timeout
[2022-12-20 10:55:54.979163 +0100][Error  ][PostMaster        ] [xrootd.ba.infn.it:1094 #0] elapsed = 45, pConnectionWindow = 31 seconds.
[2022-12-20 10:55:54.979174 +0100][Error  ][PostMaster        ] [xrootd.ba.infn.it:1094 #0] Unable to recover: [ERROR] Socket timeout.
[2022-12-20 10:55:54.979183 +0100][Error  ][XRootD            ] [xrootd.ba.infn.it:1094] Impossible to send message kXR_open (file: /store/user/alesauva/flashgg/UL2017_4/10_6_4/WHiggs0L1ToGG_M125_TuneCP5_13TeV-JHUGenV7011-pythia8/UL2017_4-10_6_4-v0-RunIISummer19UL17MiniAOD-106X_mc2017_realistic_v6-v2/200720_155007/0000/myMicroAODOutputFile_29.root?tried=stor74.datagrid.cea.fr, mode: 0660, flags: kXR_open_read kXR_async kXR_retstat ). Trying to recover.
Begin processing the 11001st record. Run 1, Event 704712, LumiSection 7048 on stream 0 at 20-Dec-2022 10:56:20.181 CET
Begin processing the 12001st record. Run 1, Event 705707, LumiSection 7058 on stream 0 at 20-Dec-2022 10:59:09.257 CET
[2022-12-20 11:00:20.238198 +0100][Error  ][AsyncSock         ] [xrootd.ba.infn.it:1094 #0.0] Socket error while handshaking: [ERROR] Socket timeout
[2022-12-20 11:00:20.238321 +0100][Error  ][PostMaster        ] [xrootd.ba.infn.it:1094 #0] elapsed = 45, pConnectionWindow = 31 seconds.
[2022-12-20 11:01:05.501017 +0100][Error  ][AsyncSock         ] [xrootd.ba.infn.it:1094 #0.0] Socket error while handshaking: [ERROR] Socket timeout
[2022-12-20 11:01:05.501162 +0100][Error  ][PostMaster        ] [xrootd.ba.infn.it:1094 #0] elapsed = 45, pConnectionWindow = 31 seconds.
[2022-12-20 11:01:05.501174 +0100][Error  ][PostMaster        ] [xrootd.ba.infn.it:1094 #0] Unable to recover: [ERROR] Socket timeout.
[2022-12-20 11:01:05.501240 +0100][Error  ][XRootD            ] [xrootd.ba.infn.it:1094] Impossible to send message kXR_open (file: /store/user/alesauva/flashgg/UL2017_4/10_6_4/WHiggs0L1ToGG_M125_TuneCP5_13TeV-JHUGenV7011-pythia8/UL2017_4-10_6_4-v0-RunIISummer19UL17MiniAOD-106X_mc2017_realistic_v6-v2/200720_155007/0000/myMicroAODOutputFile_29.root?tried=stor74.datagrid.cea.fr, mode: 0660, flags: kXR_open_read kXR_async kXR_retstat ). Trying to recover.
Begin processing the 13001st record. Run 1, Event 712108, LumiSection 7122 on stream 0 at 20-Dec-2022 11:01:53.643 CET
Begin processing the 14001st record. Run 1, Event 713108, LumiSection 7132 on stream 0 at 20-Dec-2022 11:04:46.118 CET
[2022-12-20 11:05:37.448982 +0100][Error  ][AsyncSock         ] [xrootd.ba.infn.it:1094 #0.0] Socket error while handshaking: [ERROR] Socket timeout
[2022-12-20 11:05:37.449145 +0100][Error  ][PostMaster        ] [xrootd.ba.infn.it:1094 #0] elapsed = 45, pConnectionWindow = 31 seconds.
[2022-12-20 11:06:22.711999 +0100][Error  ][AsyncSock         ] [xrootd.ba.infn.it:1094 #0.0] Socket error while handshaking: [ERROR] Socket timeout
[2022-12-20 11:06:22.712206 +0100][Error  ][PostMaster        ] [xrootd.ba.infn.it:1094 #0] elapsed = 45, pConnectionWindow = 31 seconds.
[2022-12-20 11:06:22.712219 +0100][Error  ][PostMaster        ] [xrootd.ba.infn.it:1094 #0] Unable to recover: [ERROR] Socket timeout.
[2022-12-20 11:06:22.712229 +0100][Error  ][XRootD            ] [xrootd.ba.infn.it:1094] Impossible to send message kXR_open (file: /store/user/alesauva/flashgg/UL2017_4/10_6_4/WHiggs0L1ToGG_M125_TuneCP5_13TeV-JHUGenV7011-pythia8/UL2017_4-10_6_4-v0-RunIISummer19UL17MiniAOD-106X_mc2017_realistic_v6-v2/200720_155007/0000/myMicroAODOutputFile_29.root?tried=stor74.datagrid.cea.fr, mode: 0660, flags: kXR_open_read kXR_async kXR_retstat ). Trying to recover.
20-Dec-2022 11:07:17 CET  Closed file root://cms-xrd-global.cern.ch//store/user/alesauva/flashgg/UL2017_4/10_6_4/WHiggs0L1ToGG_M125_TuneCP5_13TeV-JHUGenV7011-pythia8/UL2017_4-10_6_4-v0-RunIISummer19UL17MiniAOD-106X_mc2017_realistic_v6-v2/200720_155007/0000/myMicroAODOutputFile_29.root

TrigReport ---------- Event  Summary ------------
TrigReport Events total = 14900 passed = 14690 failed = 210

TrigReport ---------- Path   Summary ------------
TrigReport  Trig Bit#   Executed     Passed     Failed      Error Name
TrigReport     1    0      14900      14690        210          0 p

TrigReport -------End-Path   Summary ------------
TrigReport  Trig Bit#   Executed     Passed     Failed      Error Name

TrigReport ---------- Modules in Path: p ------------
TrigReport  Trig Bit#    Visited     Passed     Failed      Error Name
TrigReport     1    0      14900      14690        210          0 flashggMetFilters
TrigReport     1    1      14690      14690          0          0 VHFilter
TrigReport     1    2      14690      14690          0          0 flashggDifferentialPhoIdInputsCorrection
TrigReport     1    3      14690      14690          0          0 flashggDiPhotonSystematics
TrigReport     1    4      14690      14690          0          0 flashggMetSystematics
TrigReport     1    5      14690      14690          0          0 flashggMuonSystematics
TrigReport     1    6      14690      14690          0          0 flashggElectronSystematics
TrigReport     1    7      14690      14690          0          0 flashggUnpackedJets
TrigReport     1    8      14690      14690          0          0 flashggJetSystematics0
TrigReport     1    9      14690      14690          0          0 flashggJetSystematics1
TrigReport     1   10      14690      14690          0          0 flashggJetSystematics2
TrigReport     1   11      14690      14690          0          0 flashggJetSystematics3
TrigReport     1   12      14690      14690          0          0 flashggJetSystematics4
TrigReport     1   13      14690      14690          0          0 flashggJetSystematics5
TrigReport     1   14      14690      14690          0          0 flashggJetSystematics6
TrigReport     1   15      14690      14690          0          0 flashggJetSystematics7
TrigReport     1   16      14690      14690          0          0 flashggJetSystematics8
TrigReport     1   17      14690      14690          0          0 flashggJetSystematics9
TrigReport     1   18      14690      14690          0          0 flashggJetSystematics10
TrigReport     1   19      14690      14690          0          0 flashggJetSystematics11
TrigReport     1   20      14690      14690          0          0 flashggPrefireDiPhotons
TrigReport     1   21      14690      14690          0          0 flashggPreselectedDiPhotons
TrigReport     1   22      14690      14690          0          0 flashggDiPhotonMVA
TrigReport     1   23      14690      14690          0          0 flashggVBFMVA
TrigReport     1   24      14690      14690          0          0 flashggVHhadMVA
TrigReport     1   25      14690      14690          0          0 flashggGluGluHMVA
TrigReport     1   26      14690      14690          0          0 flashggStageOneCombinedTag
TrigReport     1   27      14690      14690          0          0 flashggTHQLeptonicTag
TrigReport     1   28      14690      14690          0          0 flashggVHMetTag
TrigReport     1   29      14690      14690          0          0 flashggWHLeptonicTag
TrigReport     1   30      14690      14690          0          0 flashggZHLeptonicTag
TrigReport     1   31      14690      14690          0          0 flashggTTHLeptonicTag
TrigReport     1   32      14690      14690          0          0 flashggTTHHadronicTag
TrigReport     1   33      14690      14690          0          0 flashggTagSorter
TrigReport     1   34      14690      14690          0          0 flashggSystTagMerger
TrigReport     1   35      14690      14690          0          0 tagsDumper

TrigReport ---------- Module Summary ------------
TrigReport    Visited   Executed     Passed     Failed      Error Name
TrigReport      14900      14900      14900          0          0 TriggerResults
TrigReport      14690      14690      14690          0          0 VHFilter
TrigReport      14690      14690      14690          0          0 ak4PFCHSL1FastL2L3Corrector
TrigReport      14690      14690      14690          0          0 ak4PFCHSL1FastjetCorrector
TrigReport      14690      14690      14690          0          0 ak4PFCHSL2RelativeCorrector
TrigReport      14690      14690      14690          0          0 ak4PFCHSL3AbsoluteCorrector
TrigReport      14690      14690      14690          0          0 flashggDiPhotonMVA
TrigReport      14690      14690      14690          0          0 flashggDiPhotonSystematics
TrigReport      14690      14690      14690          0          0 flashggDifferentialPhoIdInputsCorrection
TrigReport      14690      14690      14690          0          0 flashggElectronSystematics
TrigReport      14690      14690      14690          0          0 flashggGluGluHMVA
TrigReport      14690      14690      14690          0          0 flashggJetSystematics0
TrigReport      14690      14690      14690          0          0 flashggJetSystematics1
TrigReport      14690      14690      14690          0          0 flashggJetSystematics10
TrigReport      14690      14690      14690          0          0 flashggJetSystematics11
TrigReport      14690      14690      14690          0          0 flashggJetSystematics2
TrigReport      14690      14690      14690          0          0 flashggJetSystematics3
TrigReport      14690      14690      14690          0          0 flashggJetSystematics4
TrigReport      14690      14690      14690          0          0 flashggJetSystematics5
TrigReport      14690      14690      14690          0          0 flashggJetSystematics6
TrigReport      14690      14690      14690          0          0 flashggJetSystematics7
TrigReport      14690      14690      14690          0          0 flashggJetSystematics8
TrigReport      14690      14690      14690          0          0 flashggJetSystematics9
TrigReport      14900      14900      14690        210          0 flashggMetFilters
TrigReport      14690      14690      14690          0          0 flashggMetSystematics
TrigReport      14690      14690      14690          0          0 flashggMuonSystematics
TrigReport      14690      14690      14690          0          0 flashggPrefireDiPhotons
TrigReport      14690      14690      14690          0          0 flashggPreselectedDiPhotons
TrigReport      14690      14690      14690          0          0 flashggStageOneCombinedTag
TrigReport      14690      14690      14690          0          0 flashggSystTagMerger
TrigReport      14690      14690      14690          0          0 flashggTHQLeptonicTag
TrigReport      14690      14690      14690          0          0 flashggTTHHadronicTag
TrigReport      14690      14690      14690          0          0 flashggTTHLeptonicTag
TrigReport      14690      14690      14690          0          0 flashggTagSorter
TrigReport      14690      14690      14690          0          0 flashggUnpackedJets
TrigReport      14690      14690      14690          0          0 flashggVBFMVA
TrigReport      14690      14690      14690          0          0 flashggVHMetTag
TrigReport      14690      14690      14690          0          0 flashggVHhadMVA
TrigReport      14690      14690      14690          0          0 flashggWHLeptonicTag
TrigReport      14690      14690      14690          0          0 flashggZHLeptonicTag
TrigReport      14900      14900      14900          0          0 p
TrigReport      14690      14690      14690          0          0 tagsDumper

TimeReport ---------- Event  Summary ---[sec]----
TimeReport       event loop CPU/event = 0.174239
TimeReport      event loop Real/event = 0.176097
TimeReport     sum Streams Real/event = 0.171259
TimeReport efficiency CPU/Real/thread = 0.989447

TimeReport ---------- Path   Summary ---[Real sec]----
TimeReport  per event     per exec  Name
TimeReport   0.170697     0.170697  p
TimeReport  per event     per exec  Name

TimeReport -------End-Path   Summary ---[Real sec]----
TimeReport  per event     per exec  Name
TimeReport  per event     per exec  Name

TimeReport ---------- Modules in Path: p ---[Real sec]----
TimeReport  per event    per visit  Name
TimeReport   0.000020     0.000020  flashggMetFilters
TimeReport   0.000007     0.000007  VHFilter
TimeReport   0.100535     0.101972  flashggDifferentialPhoIdInputsCorrection
TimeReport   0.051511     0.052247  flashggDiPhotonSystematics
TimeReport   0.000200     0.000202  flashggMetSystematics
TimeReport   0.000054     0.000055  flashggMuonSystematics
TimeReport   0.000044     0.000045  flashggElectronSystematics
TimeReport   0.000259     0.000262  flashggUnpackedJets
TimeReport   0.004041     0.004098  flashggJetSystematics0
TimeReport   0.000766     0.000776  flashggJetSystematics1
TimeReport   0.000683     0.000693  flashggJetSystematics2
TimeReport   0.000659     0.000669  flashggJetSystematics3
TimeReport   0.000648     0.000657  flashggJetSystematics4
TimeReport   0.000642     0.000651  flashggJetSystematics5
TimeReport   0.000640     0.000649  flashggJetSystematics6
TimeReport   0.000639     0.000648  flashggJetSystematics7
TimeReport   0.000639     0.000648  flashggJetSystematics8
TimeReport   0.000636     0.000646  flashggJetSystematics9
TimeReport   0.000635     0.000644  flashggJetSystematics10
TimeReport   0.000633     0.000642  flashggJetSystematics11
TimeReport   0.000363     0.000368  flashggPrefireDiPhotons
TimeReport   0.000153     0.000155  flashggPreselectedDiPhotons
TimeReport   0.000045     0.000046  flashggDiPhotonMVA
TimeReport   0.000039     0.000040  flashggVBFMVA
TimeReport   0.000021     0.000021  flashggVHhadMVA
TimeReport   0.000066     0.000067  flashggGluGluHMVA
TimeReport   0.000037     0.000038  flashggStageOneCombinedTag
TimeReport   0.000398     0.000404  flashggTHQLeptonicTag
TimeReport   0.000437     0.000443  flashggVHMetTag
TimeReport   0.000047     0.000047  flashggWHLeptonicTag
TimeReport   0.000021     0.000021  flashggZHLeptonicTag
TimeReport   0.000200     0.000203  flashggTTHLeptonicTag
TimeReport   0.001577     0.001600  flashggTTHHadronicTag
TimeReport   0.000094     0.000095  flashggTagSorter
TimeReport   0.000004     0.000004  flashggSystTagMerger
TimeReport   0.000432     0.000438  tagsDumper
TimeReport  per event    per visit  Name

TimeReport ---------- Module Summary ---[Real sec]----
TimeReport  per event     per exec    per visit  Name
TimeReport   0.000003     0.000003     0.000003  TriggerResults
TimeReport   0.000007     0.000007     0.000007  VHFilter
TimeReport   0.000004     0.000004     0.000004  ak4PFCHSL1FastL2L3Corrector
TimeReport   0.000004     0.000004     0.000004  ak4PFCHSL1FastjetCorrector
TimeReport   0.000002     0.000002     0.000002  ak4PFCHSL2RelativeCorrector
TimeReport   0.000015     0.000015     0.000015  ak4PFCHSL3AbsoluteCorrector
TimeReport   0.000045     0.000046     0.000046  flashggDiPhotonMVA
TimeReport   0.051511     0.052247     0.052247  flashggDiPhotonSystematics
TimeReport   0.100535     0.101972     0.101972  flashggDifferentialPhoIdInputsCorrection
TimeReport   0.000044     0.000045     0.000045  flashggElectronSystematics
TimeReport   0.000066     0.000067     0.000067  flashggGluGluHMVA
TimeReport   0.004041     0.004098     0.004098  flashggJetSystematics0
TimeReport   0.000766     0.000776     0.000776  flashggJetSystematics1
TimeReport   0.000635     0.000644     0.000644  flashggJetSystematics10
TimeReport   0.000633     0.000642     0.000642  flashggJetSystematics11
TimeReport   0.000683     0.000693     0.000693  flashggJetSystematics2
TimeReport   0.000659     0.000669     0.000669  flashggJetSystematics3
TimeReport   0.000648     0.000657     0.000657  flashggJetSystematics4
TimeReport   0.000642     0.000651     0.000651  flashggJetSystematics5
TimeReport   0.000640     0.000649     0.000649  flashggJetSystematics6
TimeReport   0.000639     0.000648     0.000648  flashggJetSystematics7
TimeReport   0.000639     0.000648     0.000648  flashggJetSystematics8
TimeReport   0.000636     0.000646     0.000646  flashggJetSystematics9
TimeReport   0.000020     0.000020     0.000020  flashggMetFilters
TimeReport   0.000200     0.000202     0.000202  flashggMetSystematics
TimeReport   0.000054     0.000055     0.000055  flashggMuonSystematics
TimeReport   0.000363     0.000368     0.000368  flashggPrefireDiPhotons
TimeReport   0.000153     0.000155     0.000155  flashggPreselectedDiPhotons
TimeReport   0.000037     0.000038     0.000038  flashggStageOneCombinedTag
TimeReport   0.000004     0.000004     0.000004  flashggSystTagMerger
TimeReport   0.000398     0.000404     0.000404  flashggTHQLeptonicTag
TimeReport   0.001577     0.001600     0.001600  flashggTTHHadronicTag
TimeReport   0.000200     0.000203     0.000203  flashggTTHLeptonicTag
TimeReport   0.000094     0.000095     0.000095  flashggTagSorter
TimeReport   0.000259     0.000262     0.000262  flashggUnpackedJets
TimeReport   0.000039     0.000040     0.000040  flashggVBFMVA
TimeReport   0.000437     0.000443     0.000443  flashggVHMetTag
TimeReport   0.000021     0.000021     0.000021  flashggVHhadMVA
TimeReport   0.000047     0.000047     0.000047  flashggWHLeptonicTag
TimeReport   0.000021     0.000021     0.000021  flashggZHLeptonicTag
TimeReport   0.000003     0.000003     0.000003  p
TimeReport   0.000432     0.000438     0.000438  tagsDumper
TimeReport  per event     per exec    per visit  Name

T---Report end!


=============================================

MessageLogger Summary

 type     category        sev    module        subroutine        count    total
 ---- -------------------- -- ---------------- ----------------  -----    -----
    1 XrdAdaptor           -w file_open                              1        1
    2 fileAction           -s file_close                             1        1
    3 fileAction           -s file_open                              2        2

 type    category    Examples: run/evt        run/evt          run/evt
 ---- -------------------- ---------------- ---------------- ----------------
    1 XrdAdaptor           pre-events                        
    2 fileAction           PostGlobalEndRun                  
    3 fileAction           pre-events       pre-events       

Severity    # Occurrences   Total Occurrences
--------    -------------   -----------------
Warning                 1                   1
System                  3                   3

dropped waiting message count 0
