mkdir: cannot create directory '/afs/cern.ch/user/x/xisu/private/local/Analysis_workspace/VH_AC_tmp1/flashgg_d2/CMSSW_10_6_29/src/flashgg/VHAC_Analysis_Met/UL_17/UL_17_wh125': File exists
/cvmfs/cms.cern.ch/slc7_amd64_gcc700/external/py2-requests/2.21.0-pafccj2/lib/python2.7/site-packages/requests/__init__.py:91: RequestsDependencyWarning: urllib3 (1.25.2) or chardet (3.0.4) doesn't match a supported version!
  RequestsDependencyWarning)
20-Dec-2022 10:05:02 CET  Initiating request to open file root://cms-xrd-global.cern.ch//store/user/alesauva/flashgg/UL2017_4/10_6_4/WHiggs0PMToGG_M125_TuneCP5_13TeV-JHUGenV7011-pythia8/UL2017_4-10_6_4-v0-RunIISummer19UL17MiniAOD-106X_mc2017_realistic_v6-v2/200720_160815/0000/myMicroAODOutputFile_17.root
%MSG-w XrdAdaptor:  file_open 20-Dec-2022 10:05:04 CET pre-events
Data is served from GRIF-IRFU instead of original site CERN-CMSGLOBAL-02
%MSG
20-Dec-2022 10:05:05 CET  Successfully opened file root://cms-xrd-global.cern.ch//store/user/alesauva/flashgg/UL2017_4/10_6_4/WHiggs0PMToGG_M125_TuneCP5_13TeV-JHUGenV7011-pythia8/UL2017_4-10_6_4-v0-RunIISummer19UL17MiniAOD-106X_mc2017_realistic_v6-v2/200720_160815/0000/myMicroAODOutputFile_17.root
2022-12-20 10:18:12.204069: I tensorflow/core/platform/cpu_feature_guard.cc:140] Your CPU supports instructions that this TensorFlow binary was not compiled to use: SSE4.1 SSE4.2 AVX AVX2 FMA
Begin processing the 1st record. Run 1, Event 63014, LumiSection 631 on stream 0 at 20-Dec-2022 10:18:59.495 CET
[2022-12-20 10:19:42.986313 +0100][Error  ][AsyncSock         ] [xrootd.ba.infn.it:1094 #0.0] Socket error while handshaking: [ERROR] Socket timeout
[2022-12-20 10:19:42.986461 +0100][Error  ][PostMaster        ] [xrootd.ba.infn.it:1094 #0] elapsed = 45, pConnectionWindow = 31 seconds.
[2022-12-20 10:20:28.188302 +0100][Error  ][AsyncSock         ] [xrootd.ba.infn.it:1094 #0.0] Socket error while handshaking: [ERROR] Socket timeout
[2022-12-20 10:20:28.188374 +0100][Error  ][PostMaster        ] [xrootd.ba.infn.it:1094 #0] elapsed = 46, pConnectionWindow = 31 seconds.
[2022-12-20 10:20:28.188399 +0100][Error  ][PostMaster        ] [xrootd.ba.infn.it:1094 #0] Unable to recover: [ERROR] Socket timeout.
[2022-12-20 10:20:28.188432 +0100][Error  ][XRootD            ] [xrootd.ba.infn.it:1094] Impossible to send message kXR_open (file: /store/user/alesauva/flashgg/UL2017_4/10_6_4/WHiggs0PMToGG_M125_TuneCP5_13TeV-JHUGenV7011-pythia8/UL2017_4-10_6_4-v0-RunIISummer19UL17MiniAOD-106X_mc2017_realistic_v6-v2/200720_160815/0000/myMicroAODOutputFile_17.root?tried=stor78.datagrid.cea.fr, mode: 0660, flags: kXR_open_read kXR_async kXR_retstat ). Trying to recover.
Begin processing the 1001st record. Run 1, Event 64009, LumiSection 641 on stream 0 at 20-Dec-2022 10:22:55.330 CET
Begin processing the 2001st record. Run 1, Event 65001, LumiSection 651 on stream 0 at 20-Dec-2022 10:24:38.299 CET
[2022-12-20 10:25:38.922537 +0100][Error  ][AsyncSock         ] [xrootd.ba.infn.it:1094 #0.0] Socket error while handshaking: [ERROR] Socket timeout
[2022-12-20 10:25:38.922696 +0100][Error  ][PostMaster        ] [xrootd.ba.infn.it:1094 #0] elapsed = 45, pConnectionWindow = 31 seconds.
Begin processing the 3001st record. Run 1, Event 66004, LumiSection 661 on stream 0 at 20-Dec-2022 10:26:19.383 CET
[2022-12-20 10:26:24.115277 +0100][Error  ][AsyncSock         ] [xrootd.ba.infn.it:1094 #0.0] Socket error while handshaking: [ERROR] Socket timeout
[2022-12-20 10:26:24.115400 +0100][Error  ][PostMaster        ] [xrootd.ba.infn.it:1094 #0] elapsed = 46, pConnectionWindow = 31 seconds.
[2022-12-20 10:26:24.115421 +0100][Error  ][PostMaster        ] [xrootd.ba.infn.it:1094 #0] Unable to recover: [ERROR] Socket timeout.
[2022-12-20 10:26:24.115432 +0100][Error  ][XRootD            ] [xrootd.ba.infn.it:1094] Impossible to send message kXR_open (file: /store/user/alesauva/flashgg/UL2017_4/10_6_4/WHiggs0PMToGG_M125_TuneCP5_13TeV-JHUGenV7011-pythia8/UL2017_4-10_6_4-v0-RunIISummer19UL17MiniAOD-106X_mc2017_realistic_v6-v2/200720_160815/0000/myMicroAODOutputFile_17.root?tried=stor78.datagrid.cea.fr, mode: 0660, flags: kXR_open_read kXR_async kXR_retstat ). Trying to recover.
Begin processing the 4001st record. Run 1, Event 69701, LumiSection 698 on stream 0 at 20-Dec-2022 10:27:57.347 CET
Begin processing the 5001st record. Run 1, Event 79508, LumiSection 796 on stream 0 at 20-Dec-2022 10:29:42.518 CET
[2022-12-20 10:31:05.225285 +0100][Error  ][AsyncSock         ] [xrootd.ba.infn.it:1094 #0.0] Socket error while handshaking: [ERROR] Socket timeout
[2022-12-20 10:31:05.225419 +0100][Error  ][PostMaster        ] [xrootd.ba.infn.it:1094 #0] elapsed = 45, pConnectionWindow = 31 seconds.
Begin processing the 6001st record. Run 1, Event 80506, LumiSection 806 on stream 0 at 20-Dec-2022 10:31:26.062 CET
[2022-12-20 10:31:50.435593 +0100][Error  ][AsyncSock         ] [xrootd.ba.infn.it:1094 #0.0] Socket error while handshaking: [ERROR] Socket timeout
[2022-12-20 10:31:50.435788 +0100][Error  ][PostMaster        ] [xrootd.ba.infn.it:1094 #0] elapsed = 45, pConnectionWindow = 31 seconds.
[2022-12-20 10:31:50.435804 +0100][Error  ][PostMaster        ] [xrootd.ba.infn.it:1094 #0] Unable to recover: [ERROR] Socket timeout.
[2022-12-20 10:31:50.435814 +0100][Error  ][XRootD            ] [xrootd.ba.infn.it:1094] Impossible to send message kXR_open (file: /store/user/alesauva/flashgg/UL2017_4/10_6_4/WHiggs0PMToGG_M125_TuneCP5_13TeV-JHUGenV7011-pythia8/UL2017_4-10_6_4-v0-RunIISummer19UL17MiniAOD-106X_mc2017_realistic_v6-v2/200720_160815/0000/myMicroAODOutputFile_17.root?tried=stor78.datagrid.cea.fr, mode: 0660, flags: kXR_open_read kXR_async kXR_retstat ). Trying to recover.
Begin processing the 7001st record. Run 1, Event 328405, LumiSection 3285 on stream 0 at 20-Dec-2022 10:33:05.462 CET
Begin processing the 8001st record. Run 1, Event 333006, LumiSection 3331 on stream 0 at 20-Dec-2022 10:34:44.972 CET
Begin processing the 9001st record. Run 1, Event 334006, LumiSection 3341 on stream 0 at 20-Dec-2022 10:36:23.538 CET
[2022-12-20 10:36:30.671284 +0100][Error  ][AsyncSock         ] [xrootd.ba.infn.it:1094 #0.0] Socket error while handshaking: [ERROR] Socket timeout
[2022-12-20 10:36:30.671385 +0100][Error  ][PostMaster        ] [xrootd.ba.infn.it:1094 #0] elapsed = 45, pConnectionWindow = 31 seconds.
[2022-12-20 10:37:15.865295 +0100][Error  ][AsyncSock         ] [xrootd.ba.infn.it:1094 #0.0] Socket error while handshaking: [ERROR] Socket timeout
[2022-12-20 10:37:15.865414 +0100][Error  ][PostMaster        ] [xrootd.ba.infn.it:1094 #0] elapsed = 45, pConnectionWindow = 31 seconds.
[2022-12-20 10:37:15.865426 +0100][Error  ][PostMaster        ] [xrootd.ba.infn.it:1094 #0] Unable to recover: [ERROR] Socket timeout.
[2022-12-20 10:37:15.865435 +0100][Error  ][XRootD            ] [xrootd.ba.infn.it:1094] Impossible to send message kXR_open (file: /store/user/alesauva/flashgg/UL2017_4/10_6_4/WHiggs0PMToGG_M125_TuneCP5_13TeV-JHUGenV7011-pythia8/UL2017_4-10_6_4-v0-RunIISummer19UL17MiniAOD-106X_mc2017_realistic_v6-v2/200720_160815/0000/myMicroAODOutputFile_17.root?tried=stor78.datagrid.cea.fr, mode: 0660, flags: kXR_open_read kXR_async kXR_retstat ). Trying to recover.
Begin processing the 10001st record. Run 1, Event 326401, LumiSection 3265 on stream 0 at 20-Dec-2022 10:38:02.441 CET
Begin processing the 11001st record. Run 1, Event 135515, LumiSection 1356 on stream 0 at 20-Dec-2022 10:39:52.085 CET
Begin processing the 12001st record. Run 1, Event 136516, LumiSection 1366 on stream 0 at 20-Dec-2022 10:41:53.401 CET
[2022-12-20 10:42:18.278288 +0100][Error  ][AsyncSock         ] [xrootd.ba.infn.it:1094 #0.0] Socket error while handshaking: [ERROR] Socket timeout
[2022-12-20 10:42:18.278440 +0100][Error  ][PostMaster        ] [xrootd.ba.infn.it:1094 #0] elapsed = 45, pConnectionWindow = 31 seconds.
[2022-12-20 10:43:03.506285 +0100][Error  ][AsyncSock         ] [xrootd.ba.infn.it:1094 #0.0] Socket error while handshaking: [ERROR] Socket timeout
[2022-12-20 10:43:03.506433 +0100][Error  ][PostMaster        ] [xrootd.ba.infn.it:1094 #0] elapsed = 45, pConnectionWindow = 31 seconds.
[2022-12-20 10:43:03.506444 +0100][Error  ][PostMaster        ] [xrootd.ba.infn.it:1094 #0] Unable to recover: [ERROR] Socket timeout.
[2022-12-20 10:43:03.506468 +0100][Error  ][XRootD            ] [xrootd.ba.infn.it:1094] Impossible to send message kXR_open (file: /store/user/alesauva/flashgg/UL2017_4/10_6_4/WHiggs0PMToGG_M125_TuneCP5_13TeV-JHUGenV7011-pythia8/UL2017_4-10_6_4-v0-RunIISummer19UL17MiniAOD-106X_mc2017_realistic_v6-v2/200720_160815/0000/myMicroAODOutputFile_17.root?tried=stor78.datagrid.cea.fr, mode: 0660, flags: kXR_open_read kXR_async kXR_retstat ). Trying to recover.
Begin processing the 13001st record. Run 1, Event 137512, LumiSection 1376 on stream 0 at 20-Dec-2022 10:43:54.463 CET
Begin processing the 14001st record. Run 1, Event 292913, LumiSection 2930 on stream 0 at 20-Dec-2022 10:45:55.180 CET
Begin processing the 15001st record. Run 1, Event 293903, LumiSection 2940 on stream 0 at 20-Dec-2022 10:47:51.683 CET
Begin processing the 16001st record. Run 1, Event 294905, LumiSection 2950 on stream 0 at 20-Dec-2022 10:49:47.467 CET
[2022-12-20 10:50:49.255746 +0100][Error  ][AsyncSock         ] [xrootd.ba.infn.it:1094 #0.0] Socket error while handshaking: [ERROR] Socket timeout
[2022-12-20 10:50:49.255925 +0100][Error  ][PostMaster        ] [xrootd.ba.infn.it:1094 #0] elapsed = 45, pConnectionWindow = 31 seconds.
[2022-12-20 10:51:34.440447 +0100][Error  ][AsyncSock         ] [xrootd.ba.infn.it:1094 #0.0] Socket error while handshaking: [ERROR] Socket timeout
[2022-12-20 10:51:34.440620 +0100][Error  ][PostMaster        ] [xrootd.ba.infn.it:1094 #0] elapsed = 45, pConnectionWindow = 31 seconds.
[2022-12-20 10:51:34.440633 +0100][Error  ][PostMaster        ] [xrootd.ba.infn.it:1094 #0] Unable to recover: [ERROR] Socket timeout.
[2022-12-20 10:51:34.440644 +0100][Error  ][XRootD            ] [xrootd.ba.infn.it:1094] Impossible to send message kXR_open (file: /store/user/alesauva/flashgg/UL2017_4/10_6_4/WHiggs0PMToGG_M125_TuneCP5_13TeV-JHUGenV7011-pythia8/UL2017_4-10_6_4-v0-RunIISummer19UL17MiniAOD-106X_mc2017_realistic_v6-v2/200720_160815/0000/myMicroAODOutputFile_17.root?tried=stor78.datagrid.cea.fr, mode: 0660, flags: kXR_open_read kXR_async kXR_retstat ). Trying to recover.
Begin processing the 17001st record. Run 1, Event 295906, LumiSection 2960 on stream 0 at 20-Dec-2022 10:51:38.341 CET
Begin processing the 18001st record. Run 1, Event 296912, LumiSection 2970 on stream 0 at 20-Dec-2022 10:53:31.892 CET
Begin processing the 19001st record. Run 1, Event 321106, LumiSection 3212 on stream 0 at 20-Dec-2022 10:55:21.958 CET
Begin processing the 20001st record. Run 1, Event 322104, LumiSection 3222 on stream 0 at 20-Dec-2022 10:57:30.170 CET
[2022-12-20 10:59:08.968893 +0100][Error  ][AsyncSock         ] [xrootd.ba.infn.it:1094 #0.0] Socket error while handshaking: [ERROR] Socket timeout
[2022-12-20 10:59:08.969025 +0100][Error  ][PostMaster        ] [xrootd.ba.infn.it:1094 #0] elapsed = 45, pConnectionWindow = 31 seconds.
Begin processing the 21001st record. Run 1, Event 323101, LumiSection 3232 on stream 0 at 20-Dec-2022 10:59:29.484 CET
[2022-12-20 10:59:53.198345 +0100][Error  ][AsyncSock         ] [xrootd.ba.infn.it:1094 #0.0] Socket error while handshaking: [ERROR] Socket timeout
[2022-12-20 10:59:53.198515 +0100][Error  ][PostMaster        ] [xrootd.ba.infn.it:1094 #0] elapsed = 45, pConnectionWindow = 31 seconds.
[2022-12-20 10:59:53.198526 +0100][Error  ][PostMaster        ] [xrootd.ba.infn.it:1094 #0] Unable to recover: [ERROR] Socket timeout.
[2022-12-20 10:59:53.198536 +0100][Error  ][XRootD            ] [xrootd.ba.infn.it:1094] Impossible to send message kXR_open (file: /store/user/alesauva/flashgg/UL2017_4/10_6_4/WHiggs0PMToGG_M125_TuneCP5_13TeV-JHUGenV7011-pythia8/UL2017_4-10_6_4-v0-RunIISummer19UL17MiniAOD-106X_mc2017_realistic_v6-v2/200720_160815/0000/myMicroAODOutputFile_17.root?tried=stor78.datagrid.cea.fr, mode: 0660, flags: kXR_open_read kXR_async kXR_retstat ). Trying to recover.
Begin processing the 22001st record. Run 1, Event 572905, LumiSection 5730 on stream 0 at 20-Dec-2022 11:01:30.716 CET
Begin processing the 23001st record. Run 1, Event 573905, LumiSection 5740 on stream 0 at 20-Dec-2022 11:03:31.398 CET
Begin processing the 24001st record. Run 1, Event 574910, LumiSection 5750 on stream 0 at 20-Dec-2022 11:05:29.086 CET
20-Dec-2022 11:07:27 CET  Closed file root://cms-xrd-global.cern.ch//store/user/alesauva/flashgg/UL2017_4/10_6_4/WHiggs0PMToGG_M125_TuneCP5_13TeV-JHUGenV7011-pythia8/UL2017_4-10_6_4-v0-RunIISummer19UL17MiniAOD-106X_mc2017_realistic_v6-v2/200720_160815/0000/myMicroAODOutputFile_17.root

TrigReport ---------- Event  Summary ------------
TrigReport Events total = 25000 passed = 24862 failed = 138

TrigReport ---------- Path   Summary ------------
TrigReport  Trig Bit#   Executed     Passed     Failed      Error Name
TrigReport     1    0      25000      24862        138          0 p

TrigReport -------End-Path   Summary ------------
TrigReport  Trig Bit#   Executed     Passed     Failed      Error Name

TrigReport ---------- Modules in Path: p ------------
TrigReport  Trig Bit#    Visited     Passed     Failed      Error Name
TrigReport     1    0      25000      24862        138          0 flashggMetFilters
TrigReport     1    1      24862      24862          0          0 VHFilter
TrigReport     1    2      24862      24862          0          0 flashggDifferentialPhoIdInputsCorrection
TrigReport     1    3      24862      24862          0          0 flashggDiPhotonSystematics
TrigReport     1    4      24862      24862          0          0 flashggMetSystematics
TrigReport     1    5      24862      24862          0          0 flashggMuonSystematics
TrigReport     1    6      24862      24862          0          0 flashggElectronSystematics
TrigReport     1    7      24862      24862          0          0 flashggUnpackedJets
TrigReport     1    8      24862      24862          0          0 flashggJetSystematics0
TrigReport     1    9      24862      24862          0          0 flashggJetSystematics1
TrigReport     1   10      24862      24862          0          0 flashggJetSystematics2
TrigReport     1   11      24862      24862          0          0 flashggJetSystematics3
TrigReport     1   12      24862      24862          0          0 flashggJetSystematics4
TrigReport     1   13      24862      24862          0          0 flashggJetSystematics5
TrigReport     1   14      24862      24862          0          0 flashggJetSystematics6
TrigReport     1   15      24862      24862          0          0 flashggJetSystematics7
TrigReport     1   16      24862      24862          0          0 flashggJetSystematics8
TrigReport     1   17      24862      24862          0          0 flashggJetSystematics9
TrigReport     1   18      24862      24862          0          0 flashggJetSystematics10
TrigReport     1   19      24862      24862          0          0 flashggJetSystematics11
TrigReport     1   20      24862      24862          0          0 flashggPrefireDiPhotons
TrigReport     1   21      24862      24862          0          0 flashggPreselectedDiPhotons
TrigReport     1   22      24862      24862          0          0 flashggDiPhotonMVA
TrigReport     1   23      24862      24862          0          0 flashggVBFMVA
TrigReport     1   24      24862      24862          0          0 flashggVHhadMVA
TrigReport     1   25      24862      24862          0          0 flashggGluGluHMVA
TrigReport     1   26      24862      24862          0          0 flashggStageOneCombinedTag
TrigReport     1   27      24862      24862          0          0 flashggTHQLeptonicTag
TrigReport     1   28      24862      24862          0          0 flashggVHMetTag
TrigReport     1   29      24862      24862          0          0 flashggWHLeptonicTag
TrigReport     1   30      24862      24862          0          0 flashggZHLeptonicTag
TrigReport     1   31      24862      24862          0          0 flashggTTHLeptonicTag
TrigReport     1   32      24862      24862          0          0 flashggTTHHadronicTag
TrigReport     1   33      24862      24862          0          0 flashggTagSorter
TrigReport     1   34      24862      24862          0          0 flashggSystTagMerger
TrigReport     1   35      24862      24862          0          0 tagsDumper

TrigReport ---------- Module Summary ------------
TrigReport    Visited   Executed     Passed     Failed      Error Name
TrigReport      25000      25000      25000          0          0 TriggerResults
TrigReport      24862      24862      24862          0          0 VHFilter
TrigReport      24862      24862      24862          0          0 ak4PFCHSL1FastL2L3Corrector
TrigReport      24862      24862      24862          0          0 ak4PFCHSL1FastjetCorrector
TrigReport      24862      24862      24862          0          0 ak4PFCHSL2RelativeCorrector
TrigReport      24862      24862      24862          0          0 ak4PFCHSL3AbsoluteCorrector
TrigReport      24862      24862      24862          0          0 flashggDiPhotonMVA
TrigReport      24862      24862      24862          0          0 flashggDiPhotonSystematics
TrigReport      24862      24862      24862          0          0 flashggDifferentialPhoIdInputsCorrection
TrigReport      24862      24862      24862          0          0 flashggElectronSystematics
TrigReport      24862      24862      24862          0          0 flashggGluGluHMVA
TrigReport      24862      24862      24862          0          0 flashggJetSystematics0
TrigReport      24862      24862      24862          0          0 flashggJetSystematics1
TrigReport      24862      24862      24862          0          0 flashggJetSystematics10
TrigReport      24862      24862      24862          0          0 flashggJetSystematics11
TrigReport      24862      24862      24862          0          0 flashggJetSystematics2
TrigReport      24862      24862      24862          0          0 flashggJetSystematics3
TrigReport      24862      24862      24862          0          0 flashggJetSystematics4
TrigReport      24862      24862      24862          0          0 flashggJetSystematics5
TrigReport      24862      24862      24862          0          0 flashggJetSystematics6
TrigReport      24862      24862      24862          0          0 flashggJetSystematics7
TrigReport      24862      24862      24862          0          0 flashggJetSystematics8
TrigReport      24862      24862      24862          0          0 flashggJetSystematics9
TrigReport      25000      25000      24862        138          0 flashggMetFilters
TrigReport      24862      24862      24862          0          0 flashggMetSystematics
TrigReport      24862      24862      24862          0          0 flashggMuonSystematics
TrigReport      24862      24862      24862          0          0 flashggPrefireDiPhotons
TrigReport      24862      24862      24862          0          0 flashggPreselectedDiPhotons
TrigReport      24862      24862      24862          0          0 flashggStageOneCombinedTag
TrigReport      24862      24862      24862          0          0 flashggSystTagMerger
TrigReport      24862      24862      24862          0          0 flashggTHQLeptonicTag
TrigReport      24862      24862      24862          0          0 flashggTTHHadronicTag
TrigReport      24862      24862      24862          0          0 flashggTTHLeptonicTag
TrigReport      24862      24862      24862          0          0 flashggTagSorter
TrigReport      24862      24862      24862          0          0 flashggUnpackedJets
TrigReport      24862      24862      24862          0          0 flashggVBFMVA
TrigReport      24862      24862      24862          0          0 flashggVHMetTag
TrigReport      24862      24862      24862          0          0 flashggVHhadMVA
TrigReport      24862      24862      24862          0          0 flashggWHLeptonicTag
TrigReport      24862      24862      24862          0          0 flashggZHLeptonicTag
TrigReport      25000      25000      25000          0          0 p
TrigReport      24862      24862      24862          0          0 tagsDumper

TimeReport ---------- Event  Summary ---[sec]----
TimeReport       event loop CPU/event = 0.115756
TimeReport      event loop Real/event = 0.116402
TimeReport     sum Streams Real/event = 0.112931
TimeReport efficiency CPU/Real/thread = 0.994450

TimeReport ---------- Path   Summary ---[Real sec]----
TimeReport  per event     per exec  Name
TimeReport   0.112459     0.112459  p
TimeReport  per event     per exec  Name

TimeReport -------End-Path   Summary ---[Real sec]----
TimeReport  per event     per exec  Name
TimeReport  per event     per exec  Name

TimeReport ---------- Modules in Path: p ---[Real sec]----
TimeReport  per event    per visit  Name
TimeReport   0.000016     0.000016  flashggMetFilters
TimeReport   0.000006     0.000006  VHFilter
TimeReport   0.061825     0.062168  flashggDifferentialPhoIdInputsCorrection
TimeReport   0.036492     0.036694  flashggDiPhotonSystematics
TimeReport   0.000169     0.000170  flashggMetSystematics
TimeReport   0.000024     0.000024  flashggMuonSystematics
TimeReport   0.000037     0.000037  flashggElectronSystematics
TimeReport   0.000205     0.000206  flashggUnpackedJets
TimeReport   0.003643     0.003663  flashggJetSystematics0
TimeReport   0.000538     0.000541  flashggJetSystematics1
TimeReport   0.000467     0.000470  flashggJetSystematics2
TimeReport   0.000449     0.000451  flashggJetSystematics3
TimeReport   0.000440     0.000442  flashggJetSystematics4
TimeReport   0.000433     0.000436  flashggJetSystematics5
TimeReport   0.000430     0.000432  flashggJetSystematics6
TimeReport   0.000430     0.000432  flashggJetSystematics7
TimeReport   0.000427     0.000429  flashggJetSystematics8
TimeReport   0.000425     0.000427  flashggJetSystematics9
TimeReport   0.000424     0.000426  flashggJetSystematics10
TimeReport   0.000423     0.000425  flashggJetSystematics11
TimeReport   0.000256     0.000257  flashggPrefireDiPhotons
TimeReport   0.000105     0.000106  flashggPreselectedDiPhotons
TimeReport   0.000030     0.000030  flashggDiPhotonMVA
TimeReport   0.000025     0.000026  flashggVBFMVA
TimeReport   0.000015     0.000015  flashggVHhadMVA
TimeReport   0.000044     0.000044  flashggGluGluHMVA
TimeReport   0.000029     0.000029  flashggStageOneCombinedTag
TimeReport   0.000683     0.000686  flashggTHQLeptonicTag
TimeReport   0.000255     0.000257  flashggVHMetTag
TimeReport   0.000031     0.000031  flashggWHLeptonicTag
TimeReport   0.000016     0.000016  flashggZHLeptonicTag
TimeReport   0.000088     0.000089  flashggTTHLeptonicTag
TimeReport   0.000979     0.000984  flashggTTHHadronicTag
TimeReport   0.000083     0.000084  flashggTagSorter
TimeReport   0.000004     0.000004  flashggSystTagMerger
TimeReport   0.000251     0.000252  tagsDumper
TimeReport  per event    per visit  Name

TimeReport ---------- Module Summary ---[Real sec]----
TimeReport  per event     per exec    per visit  Name
TimeReport   0.000002     0.000002     0.000002  TriggerResults
TimeReport   0.000006     0.000006     0.000006  VHFilter
TimeReport   0.000003     0.000003     0.000003  ak4PFCHSL1FastL2L3Corrector
TimeReport   0.000003     0.000004     0.000004  ak4PFCHSL1FastjetCorrector
TimeReport   0.000001     0.000001     0.000001  ak4PFCHSL2RelativeCorrector
TimeReport   0.000012     0.000012     0.000012  ak4PFCHSL3AbsoluteCorrector
TimeReport   0.000030     0.000030     0.000030  flashggDiPhotonMVA
TimeReport   0.036492     0.036694     0.036694  flashggDiPhotonSystematics
TimeReport   0.061825     0.062168     0.062168  flashggDifferentialPhoIdInputsCorrection
TimeReport   0.000037     0.000037     0.000037  flashggElectronSystematics
TimeReport   0.000044     0.000044     0.000044  flashggGluGluHMVA
TimeReport   0.003643     0.003663     0.003663  flashggJetSystematics0
TimeReport   0.000538     0.000541     0.000541  flashggJetSystematics1
TimeReport   0.000424     0.000426     0.000426  flashggJetSystematics10
TimeReport   0.000423     0.000425     0.000425  flashggJetSystematics11
TimeReport   0.000467     0.000470     0.000470  flashggJetSystematics2
TimeReport   0.000449     0.000451     0.000451  flashggJetSystematics3
TimeReport   0.000440     0.000442     0.000442  flashggJetSystematics4
TimeReport   0.000433     0.000436     0.000436  flashggJetSystematics5
TimeReport   0.000430     0.000432     0.000432  flashggJetSystematics6
TimeReport   0.000430     0.000432     0.000432  flashggJetSystematics7
TimeReport   0.000427     0.000429     0.000429  flashggJetSystematics8
TimeReport   0.000425     0.000427     0.000427  flashggJetSystematics9
TimeReport   0.000016     0.000016     0.000016  flashggMetFilters
TimeReport   0.000169     0.000170     0.000170  flashggMetSystematics
TimeReport   0.000024     0.000024     0.000024  flashggMuonSystematics
TimeReport   0.000256     0.000257     0.000257  flashggPrefireDiPhotons
TimeReport   0.000105     0.000106     0.000106  flashggPreselectedDiPhotons
TimeReport   0.000029     0.000029     0.000029  flashggStageOneCombinedTag
TimeReport   0.000004     0.000004     0.000004  flashggSystTagMerger
TimeReport   0.000683     0.000686     0.000686  flashggTHQLeptonicTag
TimeReport   0.000979     0.000984     0.000984  flashggTTHHadronicTag
TimeReport   0.000088     0.000089     0.000089  flashggTTHLeptonicTag
TimeReport   0.000083     0.000084     0.000084  flashggTagSorter
TimeReport   0.000205     0.000206     0.000206  flashggUnpackedJets
TimeReport   0.000025     0.000026     0.000026  flashggVBFMVA
TimeReport   0.000255     0.000257     0.000257  flashggVHMetTag
TimeReport   0.000015     0.000015     0.000015  flashggVHhadMVA
TimeReport   0.000031     0.000031     0.000031  flashggWHLeptonicTag
TimeReport   0.000016     0.000016     0.000016  flashggZHLeptonicTag
TimeReport   0.000003     0.000003     0.000003  p
TimeReport   0.000251     0.000252     0.000252  tagsDumper
TimeReport  per event     per exec    per visit  Name

T---Report end!


=============================================

MessageLogger Summary

 type     category        sev    module        subroutine        count    total
 ---- -------------------- -- ---------------- ----------------  -----    -----
    1 XrdAdaptor           -w file_open                              1        1
    2 fileAction           -s file_close                             1        1
    3 fileAction           -s file_open                              2        2

 type    category    Examples: run/evt        run/evt          run/evt
 ---- -------------------- ---------------- ---------------- ----------------
    1 XrdAdaptor           pre-events                        
    2 fileAction           PostGlobalEndRun                  
    3 fileAction           pre-events       pre-events       

Severity    # Occurrences   Total Occurrences
--------    -------------   -----------------
Warning                 1                   1
System                  3                   3

dropped waiting message count 0
