mkdir: cannot create directory '/afs/cern.ch/user/x/xisu/private/local/Analysis_workspace/VH_AC_tmp1/flashgg_d2/CMSSW_10_6_29/src/flashgg/VHAC_Analysis_Met/UL_17/UL_17_wh125': File exists
/cvmfs/cms.cern.ch/slc7_amd64_gcc700/external/py2-requests/2.21.0-pafccj2/lib/python2.7/site-packages/requests/__init__.py:91: RequestsDependencyWarning: urllib3 (1.25.2) or chardet (3.0.4) doesn't match a supported version!
  RequestsDependencyWarning)
20-Dec-2022 10:05:16 CET  Initiating request to open file root://cms-xrd-global.cern.ch//store/user/alesauva/flashgg/UL2017_4/10_6_4/WHiggs0PHToGG_M125_TuneCP5_13TeV-JHUGenV7011-pythia8/UL2017_4-10_6_4-v0-RunIISummer19UL17MiniAOD-106X_mc2017_realistic_v6-v2/200720_155719/0000/myMicroAODOutputFile_11.root
%MSG-w XrdAdaptor:  file_open 20-Dec-2022 10:05:19 CET pre-events
Data is served from GRIF-IRFU instead of original site CERN-CMSGLOBAL-01
%MSG
20-Dec-2022 10:05:21 CET  Successfully opened file root://cms-xrd-global.cern.ch//store/user/alesauva/flashgg/UL2017_4/10_6_4/WHiggs0PHToGG_M125_TuneCP5_13TeV-JHUGenV7011-pythia8/UL2017_4-10_6_4-v0-RunIISummer19UL17MiniAOD-106X_mc2017_realistic_v6-v2/200720_155719/0000/myMicroAODOutputFile_11.root
2022-12-20 10:20:27.202089: I tensorflow/core/platform/cpu_feature_guard.cc:140] Your CPU supports instructions that this TensorFlow binary was not compiled to use: SSE4.1 SSE4.2 AVX AVX2 FMA
Begin processing the 1st record. Run 1, Event 161706, LumiSection 1618 on stream 0 at 20-Dec-2022 10:21:58.159 CET
[2022-12-20 10:22:41.383638 +0100][Error  ][AsyncSock         ] [xrootd.ba.infn.it:1094 #0.0] Socket error while handshaking: [ERROR] Socket timeout
[2022-12-20 10:22:41.383901 +0100][Error  ][PostMaster        ] [xrootd.ba.infn.it:1094 #0] elapsed = 45, pConnectionWindow = 31 seconds.
[2022-12-20 10:23:26.640453 +0100][Error  ][AsyncSock         ] [xrootd.ba.infn.it:1094 #0.0] Socket error while handshaking: [ERROR] Socket timeout
[2022-12-20 10:23:26.640568 +0100][Error  ][PostMaster        ] [xrootd.ba.infn.it:1094 #0] elapsed = 45, pConnectionWindow = 31 seconds.
[2022-12-20 10:23:26.640611 +0100][Error  ][PostMaster        ] [xrootd.ba.infn.it:1094 #0] Unable to recover: [ERROR] Socket timeout.
[2022-12-20 10:23:26.640647 +0100][Error  ][XRootD            ] [xrootd.ba.infn.it:1094] Impossible to send message kXR_open (file: /store/user/alesauva/flashgg/UL2017_4/10_6_4/WHiggs0PHToGG_M125_TuneCP5_13TeV-JHUGenV7011-pythia8/UL2017_4-10_6_4-v0-RunIISummer19UL17MiniAOD-106X_mc2017_realistic_v6-v2/200720_155719/0000/myMicroAODOutputFile_11.root?tried=stor92.datagrid.cea.fr, mode: 0660, flags: kXR_open_read kXR_async kXR_retstat ). Trying to recover.
Begin processing the 1001st record. Run 1, Event 162702, LumiSection 1628 on stream 0 at 20-Dec-2022 10:29:18.792 CET
[2022-12-20 10:31:59.096557 +0100][Error  ][AsyncSock         ] [xrootd.ba.infn.it:1094 #0.0] Socket error while handshaking: [ERROR] Socket timeout
[2022-12-20 10:31:59.098413 +0100][Error  ][PostMaster        ] [xrootd.ba.infn.it:1094 #0] elapsed = 46, pConnectionWindow = 31 seconds.
Begin processing the 2001st record. Run 1, Event 163713, LumiSection 1638 on stream 0 at 20-Dec-2022 10:32:11.680 CET
[2022-12-20 10:32:44.355497 +0100][Error  ][AsyncSock         ] [xrootd.ba.infn.it:1094 #0.0] Socket error while handshaking: [ERROR] Socket timeout
[2022-12-20 10:32:44.355642 +0100][Error  ][PostMaster        ] [xrootd.ba.infn.it:1094 #0] elapsed = 45, pConnectionWindow = 31 seconds.
[2022-12-20 10:32:44.355669 +0100][Error  ][PostMaster        ] [xrootd.ba.infn.it:1094 #0] Unable to recover: [ERROR] Socket timeout.
[2022-12-20 10:32:44.355686 +0100][Error  ][XRootD            ] [xrootd.ba.infn.it:1094] Impossible to send message kXR_open (file: /store/user/alesauva/flashgg/UL2017_4/10_6_4/WHiggs0PHToGG_M125_TuneCP5_13TeV-JHUGenV7011-pythia8/UL2017_4-10_6_4-v0-RunIISummer19UL17MiniAOD-106X_mc2017_realistic_v6-v2/200720_155719/0000/myMicroAODOutputFile_11.root?tried=stor92.datagrid.cea.fr, mode: 0660, flags: kXR_open_read kXR_async kXR_retstat ). Trying to recover.
Begin processing the 3001st record. Run 1, Event 167402, LumiSection 1675 on stream 0 at 20-Dec-2022 10:35:10.707 CET
Begin processing the 4001st record. Run 1, Event 182313, LumiSection 1824 on stream 0 at 20-Dec-2022 10:38:15.963 CET
Begin processing the 5001st record. Run 1, Event 183508, LumiSection 1836 on stream 0 at 20-Dec-2022 10:41:20.433 CET
[2022-12-20 10:42:05.654532 +0100][Error  ][AsyncSock         ] [xrootd.ba.infn.it:1094 #0.0] Socket error while handshaking: [ERROR] Socket timeout
[2022-12-20 10:42:05.654706 +0100][Error  ][PostMaster        ] [xrootd.ba.infn.it:1094 #0] elapsed = 45, pConnectionWindow = 31 seconds.
[2022-12-20 10:42:50.887477 +0100][Error  ][AsyncSock         ] [xrootd.ba.infn.it:1094 #0.0] Socket error while handshaking: [ERROR] Socket timeout
[2022-12-20 10:42:50.887615 +0100][Error  ][PostMaster        ] [xrootd.ba.infn.it:1094 #0] elapsed = 45, pConnectionWindow = 31 seconds.
[2022-12-20 10:42:50.887640 +0100][Error  ][PostMaster        ] [xrootd.ba.infn.it:1094 #0] Unable to recover: [ERROR] Socket timeout.
[2022-12-20 10:42:50.887659 +0100][Error  ][XRootD            ] [xrootd.ba.infn.it:1094] Impossible to send message kXR_open (file: /store/user/alesauva/flashgg/UL2017_4/10_6_4/WHiggs0PHToGG_M125_TuneCP5_13TeV-JHUGenV7011-pythia8/UL2017_4-10_6_4-v0-RunIISummer19UL17MiniAOD-106X_mc2017_realistic_v6-v2/200720_155719/0000/myMicroAODOutputFile_11.root?tried=stor92.datagrid.cea.fr, mode: 0660, flags: kXR_open_read kXR_async kXR_retstat ). Trying to recover.
Begin processing the 6001st record. Run 1, Event 194804, LumiSection 1949 on stream 0 at 20-Dec-2022 10:44:10.257 CET
Begin processing the 7001st record. Run 1, Event 195801, LumiSection 1959 on stream 0 at 20-Dec-2022 10:47:10.589 CET
[2022-12-20 10:47:55.801890 +0100][Error  ][AsyncSock         ] [xrootd.ba.infn.it:1094 #0.0] Socket error while handshaking: [ERROR] Socket timeout
[2022-12-20 10:47:55.802046 +0100][Error  ][PostMaster        ] [xrootd.ba.infn.it:1094 #0] elapsed = 45, pConnectionWindow = 31 seconds.
[2022-12-20 10:48:40.069457 +0100][Error  ][AsyncSock         ] [xrootd.ba.infn.it:1094 #0.0] Socket error while handshaking: [ERROR] Socket timeout
[2022-12-20 10:48:40.069582 +0100][Error  ][PostMaster        ] [xrootd.ba.infn.it:1094 #0] elapsed = 45, pConnectionWindow = 31 seconds.
[2022-12-20 10:48:40.069607 +0100][Error  ][PostMaster        ] [xrootd.ba.infn.it:1094 #0] Unable to recover: [ERROR] Socket timeout.
[2022-12-20 10:48:40.069624 +0100][Error  ][XRootD            ] [xrootd.ba.infn.it:1094] Impossible to send message kXR_open (file: /store/user/alesauva/flashgg/UL2017_4/10_6_4/WHiggs0PHToGG_M125_TuneCP5_13TeV-JHUGenV7011-pythia8/UL2017_4-10_6_4-v0-RunIISummer19UL17MiniAOD-106X_mc2017_realistic_v6-v2/200720_155719/0000/myMicroAODOutputFile_11.root?tried=stor92.datagrid.cea.fr, mode: 0660, flags: kXR_open_read kXR_async kXR_retstat ). Trying to recover.
Begin processing the 8001st record. Run 1, Event 196806, LumiSection 1969 on stream 0 at 20-Dec-2022 10:50:35.746 CET
Begin processing the 9001st record. Run 1, Event 384509, LumiSection 3846 on stream 0 at 20-Dec-2022 10:53:31.488 CET
[2022-12-20 10:54:26.490497 +0100][Error  ][AsyncSock         ] [xrootd.ba.infn.it:1094 #0.0] Socket error while handshaking: [ERROR] Socket timeout
[2022-12-20 10:54:26.490652 +0100][Error  ][PostMaster        ] [xrootd.ba.infn.it:1094 #0] elapsed = 45, pConnectionWindow = 31 seconds.
[2022-12-20 10:55:11.747464 +0100][Error  ][AsyncSock         ] [xrootd.ba.infn.it:1094 #0.0] Socket error while handshaking: [ERROR] Socket timeout
[2022-12-20 10:55:11.747591 +0100][Error  ][PostMaster        ] [xrootd.ba.infn.it:1094 #0] elapsed = 45, pConnectionWindow = 31 seconds.
[2022-12-20 10:55:11.747625 +0100][Error  ][PostMaster        ] [xrootd.ba.infn.it:1094 #0] Unable to recover: [ERROR] Socket timeout.
[2022-12-20 10:55:11.747644 +0100][Error  ][XRootD            ] [xrootd.ba.infn.it:1094] Impossible to send message kXR_open (file: /store/user/alesauva/flashgg/UL2017_4/10_6_4/WHiggs0PHToGG_M125_TuneCP5_13TeV-JHUGenV7011-pythia8/UL2017_4-10_6_4-v0-RunIISummer19UL17MiniAOD-106X_mc2017_realistic_v6-v2/200720_155719/0000/myMicroAODOutputFile_11.root?tried=+1213llrxrd-redir.in2p3.fr,+1413xrootd-redic.pi.infn.it,+1413llrxrd-redir.in2p3.fr,stor92.datagrid.cea.fr,node12.datagrid.cea.fr,xrootd-cms-redir-int.cr.cnaf.infn.it,xrootd-redic.pi.infn.it,xrootd-cms.infn.it&triedrc=enoent,enoent, mode: 0660, flags: kXR_open_read kXR_async kXR_retstat ). Trying to recover.
Begin processing the 10001st record. Run 1, Event 365811, LumiSection 3659 on stream 0 at 20-Dec-2022 10:56:26.096 CET
Begin processing the 11001st record. Run 1, Event 366802, LumiSection 3669 on stream 0 at 20-Dec-2022 10:59:31.817 CET
[2022-12-20 11:00:16.047468 +0100][Error  ][AsyncSock         ] [xrootd.ba.infn.it:1094 #0.0] Socket error while handshaking: [ERROR] Socket timeout
[2022-12-20 11:00:16.047625 +0100][Error  ][PostMaster        ] [xrootd.ba.infn.it:1094 #0] elapsed = 45, pConnectionWindow = 31 seconds.
[2022-12-20 11:01:01.326447 +0100][Error  ][AsyncSock         ] [xrootd.ba.infn.it:1094 #0.0] Socket error while handshaking: [ERROR] Socket timeout
[2022-12-20 11:01:01.326580 +0100][Error  ][PostMaster        ] [xrootd.ba.infn.it:1094 #0] elapsed = 45, pConnectionWindow = 31 seconds.
[2022-12-20 11:01:01.326601 +0100][Error  ][PostMaster        ] [xrootd.ba.infn.it:1094 #0] Unable to recover: [ERROR] Socket timeout.
[2022-12-20 11:01:01.326615 +0100][Error  ][XRootD            ] [xrootd.ba.infn.it:1094] Impossible to send message kXR_open (file: /store/user/alesauva/flashgg/UL2017_4/10_6_4/WHiggs0PHToGG_M125_TuneCP5_13TeV-JHUGenV7011-pythia8/UL2017_4-10_6_4-v0-RunIISummer19UL17MiniAOD-106X_mc2017_realistic_v6-v2/200720_155719/0000/myMicroAODOutputFile_11.root?tried=stor92.datagrid.cea.fr, mode: 0660, flags: kXR_open_read kXR_async kXR_retstat ). Trying to recover.
Begin processing the 12001st record. Run 1, Event 367808, LumiSection 3679 on stream 0 at 20-Dec-2022 11:02:33.278 CET
Begin processing the 13001st record. Run 1, Event 385611, LumiSection 3857 on stream 0 at 20-Dec-2022 11:05:31.275 CET
[2022-12-20 11:06:26.596462 +0100][Error  ][AsyncSock         ] [xrootd.ba.infn.it:1094 #0.0] Socket error while handshaking: [ERROR] Socket timeout
[2022-12-20 11:06:26.596618 +0100][Error  ][PostMaster        ] [xrootd.ba.infn.it:1094 #0] elapsed = 45, pConnectionWindow = 31 seconds.
[2022-12-20 11:07:11.847458 +0100][Error  ][AsyncSock         ] [xrootd.ba.infn.it:1094 #0.0] Socket error while handshaking: [ERROR] Socket timeout
[2022-12-20 11:07:11.847579 +0100][Error  ][PostMaster        ] [xrootd.ba.infn.it:1094 #0] elapsed = 45, pConnectionWindow = 31 seconds.
[2022-12-20 11:07:11.847600 +0100][Error  ][PostMaster        ] [xrootd.ba.infn.it:1094 #0] Unable to recover: [ERROR] Socket timeout.
[2022-12-20 11:07:11.847620 +0100][Error  ][XRootD            ] [xrootd.ba.infn.it:1094] Impossible to send message kXR_open (file: /store/user/alesauva/flashgg/UL2017_4/10_6_4/WHiggs0PHToGG_M125_TuneCP5_13TeV-JHUGenV7011-pythia8/UL2017_4-10_6_4-v0-RunIISummer19UL17MiniAOD-106X_mc2017_realistic_v6-v2/200720_155719/0000/myMicroAODOutputFile_11.root?tried=+1213xrootd-cms-redir-int.cr.cnaf.infn.it,+1213xrootd-redic.pi.infn.it,+1413xrootd-cms-redir-int.cr.cnaf.infn.it,+1413xrootd-redic.pi.infn.it,stor92.datagrid.cea.fr,node12.datagrid.cea.fr,llrxrd-redir.in2p3.fr,xrootd-redic.pi.infn.it,xrootd-cms.infn.it&triedrc=enoent,enoent, mode: 0660, flags: kXR_open_read kXR_async kXR_retstat ). Trying to recover.
Begin processing the 14001st record. Run 1, Event 386909, LumiSection 3870 on stream 0 at 20-Dec-2022 11:08:22.563 CET
Begin processing the 15001st record. Run 1, Event 18108, LumiSection 182 on stream 0 at 20-Dec-2022 11:11:14.794 CET
[2022-12-20 11:11:59.013521 +0100][Error  ][AsyncSock         ] [xrootd.ba.infn.it:1094 #0.0] Socket error while handshaking: [ERROR] Socket timeout
[2022-12-20 11:11:59.013650 +0100][Error  ][PostMaster        ] [xrootd.ba.infn.it:1094 #0] elapsed = 45, pConnectionWindow = 31 seconds.
[2022-12-20 11:12:44.258504 +0100][Error  ][AsyncSock         ] [xrootd.ba.infn.it:1094 #0.0] Socket error while handshaking: [ERROR] Socket timeout
[2022-12-20 11:12:44.259090 +0100][Error  ][PostMaster        ] [xrootd.ba.infn.it:1094 #0] elapsed = 45, pConnectionWindow = 31 seconds.
[2022-12-20 11:12:44.259119 +0100][Error  ][PostMaster        ] [xrootd.ba.infn.it:1094 #0] Unable to recover: [ERROR] Socket timeout.
[2022-12-20 11:12:44.259135 +0100][Error  ][XRootD            ] [xrootd.ba.infn.it:1094] Impossible to send message kXR_open (file: /store/user/alesauva/flashgg/UL2017_4/10_6_4/WHiggs0PHToGG_M125_TuneCP5_13TeV-JHUGenV7011-pythia8/UL2017_4-10_6_4-v0-RunIISummer19UL17MiniAOD-106X_mc2017_realistic_v6-v2/200720_155719/0000/myMicroAODOutputFile_11.root?tried=stor92.datagrid.cea.fr, mode: 0660, flags: kXR_open_read kXR_async kXR_retstat ). Trying to recover.
[2022-12-20 11:14:14.095964 +0100][Error  ][XRootD            ] [stor92.datagrid.cea.fr:1095] Impossible to send message kXR_readv (handle: 0x00000000, chunks: 34, total size: 12387261). Trying to recover.
[2022-12-20 11:14:14.096039 +0100][Error  ][XRootD            ] [stor92.datagrid.cea.fr:1095] Unable to get the response to request kXR_readv (handle: 0x00000000, chunks: 34, total size: 12387261)
Begin processing the 16001st record. Run 1, Event 19107, LumiSection 192 on stream 0 at 20-Dec-2022 11:14:19.967 CET
Begin processing the 17001st record. Run 1, Event 37505, LumiSection 376 on stream 0 at 20-Dec-2022 11:17:07.558 CET
Begin processing the 18001st record. Run 1, Event 38513, LumiSection 386 on stream 0 at 20-Dec-2022 11:20:04.595 CET
[2022-12-20 11:20:49.820862 +0100][Error  ][AsyncSock         ] [xrootd.ba.infn.it:1094 #0.0] Socket error while handshaking: [ERROR] Socket timeout
[2022-12-20 11:20:49.821044 +0100][Error  ][PostMaster        ] [xrootd.ba.infn.it:1094 #0] elapsed = 45, pConnectionWindow = 31 seconds.
[2022-12-20 11:21:34.069450 +0100][Error  ][AsyncSock         ] [xrootd.ba.infn.it:1094 #0.0] Socket error while handshaking: [ERROR] Socket timeout
[2022-12-20 11:21:34.069574 +0100][Error  ][PostMaster        ] [xrootd.ba.infn.it:1094 #0] elapsed = 45, pConnectionWindow = 31 seconds.
[2022-12-20 11:21:34.069595 +0100][Error  ][PostMaster        ] [xrootd.ba.infn.it:1094 #0] Unable to recover: [ERROR] Socket timeout.
[2022-12-20 11:21:34.069615 +0100][Error  ][XRootD            ] [xrootd.ba.infn.it:1094] Impossible to send message kXR_open (file: /store/user/alesauva/flashgg/UL2017_4/10_6_4/WHiggs0PHToGG_M125_TuneCP5_13TeV-JHUGenV7011-pythia8/UL2017_4-10_6_4-v0-RunIISummer19UL17MiniAOD-106X_mc2017_realistic_v6-v2/200720_155719/0000/myMicroAODOutputFile_11.root?tried=stor92.datagrid.cea.fr, mode: 0660, flags: kXR_open_read kXR_async kXR_retstat ). Trying to recover.
Begin processing the 19001st record. Run 1, Event 39505, LumiSection 396 on stream 0 at 20-Dec-2022 11:23:08.909 CET
Begin processing the 20001st record. Run 1, Event 40506, LumiSection 406 on stream 0 at 20-Dec-2022 11:26:09.650 CET
[2022-12-20 11:26:55.026489 +0100][Error  ][AsyncSock         ] [xrootd.ba.infn.it:1094 #0.0] Socket error while handshaking: [ERROR] Socket timeout
[2022-12-20 11:26:55.026651 +0100][Error  ][PostMaster        ] [xrootd.ba.infn.it:1094 #0] elapsed = 46, pConnectionWindow = 31 seconds.
[2022-12-20 11:27:40.276584 +0100][Error  ][AsyncSock         ] [xrootd.ba.infn.it:1094 #0.0] Socket error while handshaking: [ERROR] Socket timeout
[2022-12-20 11:27:40.276750 +0100][Error  ][PostMaster        ] [xrootd.ba.infn.it:1094 #0] elapsed = 45, pConnectionWindow = 31 seconds.
[2022-12-20 11:27:40.276777 +0100][Error  ][PostMaster        ] [xrootd.ba.infn.it:1094 #0] Unable to recover: [ERROR] Socket timeout.
[2022-12-20 11:27:40.276823 +0100][Error  ][XRootD            ] [xrootd.ba.infn.it:1094] Impossible to send message kXR_open (file: /store/user/alesauva/flashgg/UL2017_4/10_6_4/WHiggs0PHToGG_M125_TuneCP5_13TeV-JHUGenV7011-pythia8/UL2017_4-10_6_4-v0-RunIISummer19UL17MiniAOD-106X_mc2017_realistic_v6-v2/200720_155719/0000/myMicroAODOutputFile_11.root?tried=+1413llrxrd-redir.in2p3.fr,+1213xrootd-cms-redir-int.cr.cnaf.infn.it,+1213xrootd-redic.pi.infn.it,+1413xrootd-cms-redir-int.cr.cnaf.infn.it,stor92.datagrid.cea.fr,node12.datagrid.cea.fr,xrootd-redic.pi.infn.it,xrootd-cms.infn.it,llrxrd-redir.in2p3.fr&triedrc=enoent,enoent, mode: 0660, flags: kXR_open_read kXR_async kXR_retstat ). Trying to recover.
Begin processing the 21001st record. Run 1, Event 234107, LumiSection 2342 on stream 0 at 20-Dec-2022 11:29:05.860 CET
Begin processing the 22001st record. Run 1, Event 235101, LumiSection 2352 on stream 0 at 20-Dec-2022 11:32:05.439 CET
[2022-12-20 11:32:56.356503 +0100][Error  ][AsyncSock         ] [xrootd.ba.infn.it:1094 #0.0] Socket error while handshaking: [ERROR] Socket timeout
[2022-12-20 11:32:56.356636 +0100][Error  ][PostMaster        ] [xrootd.ba.infn.it:1094 #0] elapsed = 45, pConnectionWindow = 31 seconds.
[2022-12-20 11:33:41.610585 +0100][Error  ][AsyncSock         ] [xrootd.ba.infn.it:1094 #0.0] Socket error while handshaking: [ERROR] Socket timeout
[2022-12-20 11:33:41.610683 +0100][Error  ][PostMaster        ] [xrootd.ba.infn.it:1094 #0] elapsed = 45, pConnectionWindow = 31 seconds.
[2022-12-20 11:33:41.610702 +0100][Error  ][PostMaster        ] [xrootd.ba.infn.it:1094 #0] Unable to recover: [ERROR] Socket timeout.
[2022-12-20 11:33:41.610722 +0100][Error  ][XRootD            ] [xrootd.ba.infn.it:1094] Impossible to send message kXR_open (file: /store/user/alesauva/flashgg/UL2017_4/10_6_4/WHiggs0PHToGG_M125_TuneCP5_13TeV-JHUGenV7011-pythia8/UL2017_4-10_6_4-v0-RunIISummer19UL17MiniAOD-106X_mc2017_realistic_v6-v2/200720_155719/0000/myMicroAODOutputFile_11.root?tried=+1213xrootd-cms-redir-int.cr.cnaf.infn.it,+1213xrootd-redic.pi.infn.it,+1413xrootd-cms-redir-int.cr.cnaf.infn.it,+1413xrootd-redic.pi.infn.it,stor92.datagrid.cea.fr,node12.datagrid.cea.fr,llrxrd-redir.in2p3.fr,xrootd-redic.pi.infn.it,xrootd-cms.infn.it&triedrc=enoent,enoent, mode: 0660, flags: kXR_open_read kXR_async kXR_retstat ). Trying to recover.
Begin processing the 23001st record. Run 1, Event 236104, LumiSection 2362 on stream 0 at 20-Dec-2022 11:34:57.483 CET
Begin processing the 24001st record. Run 1, Event 419704, LumiSection 4198 on stream 0 at 20-Dec-2022 11:37:53.799 CET
[2022-12-20 11:38:38.033459 +0100][Error  ][AsyncSock         ] [xrootd.ba.infn.it:1094 #0.0] Socket error while handshaking: [ERROR] Socket timeout
[2022-12-20 11:38:38.033616 +0100][Error  ][PostMaster        ] [xrootd.ba.infn.it:1094 #0] elapsed = 45, pConnectionWindow = 31 seconds.
[2022-12-20 11:39:23.292476 +0100][Error  ][AsyncSock         ] [xrootd.ba.infn.it:1094 #0.0] Socket error while handshaking: [ERROR] Socket timeout
[2022-12-20 11:39:23.292665 +0100][Error  ][PostMaster        ] [xrootd.ba.infn.it:1094 #0] elapsed = 45, pConnectionWindow = 31 seconds.
[2022-12-20 11:39:23.292690 +0100][Error  ][PostMaster        ] [xrootd.ba.infn.it:1094 #0] Unable to recover: [ERROR] Socket timeout.
[2022-12-20 11:39:23.292705 +0100][Error  ][XRootD            ] [xrootd.ba.infn.it:1094] Impossible to send message kXR_open (file: /store/user/alesauva/flashgg/UL2017_4/10_6_4/WHiggs0PHToGG_M125_TuneCP5_13TeV-JHUGenV7011-pythia8/UL2017_4-10_6_4-v0-RunIISummer19UL17MiniAOD-106X_mc2017_realistic_v6-v2/200720_155719/0000/myMicroAODOutputFile_11.root?tried=stor92.datagrid.cea.fr, mode: 0660, flags: kXR_open_read kXR_async kXR_retstat ). Trying to recover.
20-Dec-2022 11:40:58 CET  Closed file root://cms-xrd-global.cern.ch//store/user/alesauva/flashgg/UL2017_4/10_6_4/WHiggs0PHToGG_M125_TuneCP5_13TeV-JHUGenV7011-pythia8/UL2017_4-10_6_4-v0-RunIISummer19UL17MiniAOD-106X_mc2017_realistic_v6-v2/200720_155719/0000/myMicroAODOutputFile_11.root

TrigReport ---------- Event  Summary ------------
TrigReport Events total = 25000 passed = 24837 failed = 163

TrigReport ---------- Path   Summary ------------
TrigReport  Trig Bit#   Executed     Passed     Failed      Error Name
TrigReport     1    0      25000      24837        163          0 p

TrigReport -------End-Path   Summary ------------
TrigReport  Trig Bit#   Executed     Passed     Failed      Error Name

TrigReport ---------- Modules in Path: p ------------
TrigReport  Trig Bit#    Visited     Passed     Failed      Error Name
TrigReport     1    0      25000      24837        163          0 flashggMetFilters
TrigReport     1    1      24837      24837          0          0 VHFilter
TrigReport     1    2      24837      24837          0          0 flashggDifferentialPhoIdInputsCorrection
TrigReport     1    3      24837      24837          0          0 flashggDiPhotonSystematics
TrigReport     1    4      24837      24837          0          0 flashggMetSystematics
TrigReport     1    5      24837      24837          0          0 flashggMuonSystematics
TrigReport     1    6      24837      24837          0          0 flashggElectronSystematics
TrigReport     1    7      24837      24837          0          0 flashggUnpackedJets
TrigReport     1    8      24837      24837          0          0 flashggJetSystematics0
TrigReport     1    9      24837      24837          0          0 flashggJetSystematics1
TrigReport     1   10      24837      24837          0          0 flashggJetSystematics2
TrigReport     1   11      24837      24837          0          0 flashggJetSystematics3
TrigReport     1   12      24837      24837          0          0 flashggJetSystematics4
TrigReport     1   13      24837      24837          0          0 flashggJetSystematics5
TrigReport     1   14      24837      24837          0          0 flashggJetSystematics6
TrigReport     1   15      24837      24837          0          0 flashggJetSystematics7
TrigReport     1   16      24837      24837          0          0 flashggJetSystematics8
TrigReport     1   17      24837      24837          0          0 flashggJetSystematics9
TrigReport     1   18      24837      24837          0          0 flashggJetSystematics10
TrigReport     1   19      24837      24837          0          0 flashggJetSystematics11
TrigReport     1   20      24837      24837          0          0 flashggPrefireDiPhotons
TrigReport     1   21      24837      24837          0          0 flashggPreselectedDiPhotons
TrigReport     1   22      24837      24837          0          0 flashggDiPhotonMVA
TrigReport     1   23      24837      24837          0          0 flashggVBFMVA
TrigReport     1   24      24837      24837          0          0 flashggVHhadMVA
TrigReport     1   25      24837      24837          0          0 flashggGluGluHMVA
TrigReport     1   26      24837      24837          0          0 flashggStageOneCombinedTag
TrigReport     1   27      24837      24837          0          0 flashggTHQLeptonicTag
TrigReport     1   28      24837      24837          0          0 flashggVHMetTag
TrigReport     1   29      24837      24837          0          0 flashggWHLeptonicTag
TrigReport     1   30      24837      24837          0          0 flashggZHLeptonicTag
TrigReport     1   31      24837      24837          0          0 flashggTTHLeptonicTag
TrigReport     1   32      24837      24837          0          0 flashggTTHHadronicTag
TrigReport     1   33      24837      24837          0          0 flashggTagSorter
TrigReport     1   34      24837      24837          0          0 flashggSystTagMerger
TrigReport     1   35      24837      24837          0          0 tagsDumper

TrigReport ---------- Module Summary ------------
TrigReport    Visited   Executed     Passed     Failed      Error Name
TrigReport      25000      25000      25000          0          0 TriggerResults
TrigReport      24837      24837      24837          0          0 VHFilter
TrigReport      24837      24837      24837          0          0 ak4PFCHSL1FastL2L3Corrector
TrigReport      24837      24837      24837          0          0 ak4PFCHSL1FastjetCorrector
TrigReport      24837      24837      24837          0          0 ak4PFCHSL2RelativeCorrector
TrigReport      24837      24837      24837          0          0 ak4PFCHSL3AbsoluteCorrector
TrigReport      24837      24837      24837          0          0 flashggDiPhotonMVA
TrigReport      24837      24837      24837          0          0 flashggDiPhotonSystematics
TrigReport      24837      24837      24837          0          0 flashggDifferentialPhoIdInputsCorrection
TrigReport      24837      24837      24837          0          0 flashggElectronSystematics
TrigReport      24837      24837      24837          0          0 flashggGluGluHMVA
TrigReport      24837      24837      24837          0          0 flashggJetSystematics0
TrigReport      24837      24837      24837          0          0 flashggJetSystematics1
TrigReport      24837      24837      24837          0          0 flashggJetSystematics10
TrigReport      24837      24837      24837          0          0 flashggJetSystematics11
TrigReport      24837      24837      24837          0          0 flashggJetSystematics2
TrigReport      24837      24837      24837          0          0 flashggJetSystematics3
TrigReport      24837      24837      24837          0          0 flashggJetSystematics4
TrigReport      24837      24837      24837          0          0 flashggJetSystematics5
TrigReport      24837      24837      24837          0          0 flashggJetSystematics6
TrigReport      24837      24837      24837          0          0 flashggJetSystematics7
TrigReport      24837      24837      24837          0          0 flashggJetSystematics8
TrigReport      24837      24837      24837          0          0 flashggJetSystematics9
TrigReport      25000      25000      24837        163          0 flashggMetFilters
TrigReport      24837      24837      24837          0          0 flashggMetSystematics
TrigReport      24837      24837      24837          0          0 flashggMuonSystematics
TrigReport      24837      24837      24837          0          0 flashggPrefireDiPhotons
TrigReport      24837      24837      24837          0          0 flashggPreselectedDiPhotons
TrigReport      24837      24837      24837          0          0 flashggStageOneCombinedTag
TrigReport      24837      24837      24837          0          0 flashggSystTagMerger
TrigReport      24837      24837      24837          0          0 flashggTHQLeptonicTag
TrigReport      24837      24837      24837          0          0 flashggTTHHadronicTag
TrigReport      24837      24837      24837          0          0 flashggTTHLeptonicTag
TrigReport      24837      24837      24837          0          0 flashggTagSorter
TrigReport      24837      24837      24837          0          0 flashggUnpackedJets
TrigReport      24837      24837      24837          0          0 flashggVBFMVA
TrigReport      24837      24837      24837          0          0 flashggVHMetTag
TrigReport      24837      24837      24837          0          0 flashggVHhadMVA
TrigReport      24837      24837      24837          0          0 flashggWHLeptonicTag
TrigReport      24837      24837      24837          0          0 flashggZHLeptonicTag
TrigReport      25000      25000      25000          0          0 p
TrigReport      24837      24837      24837          0          0 tagsDumper

TimeReport ---------- Event  Summary ---[sec]----
TimeReport       event loop CPU/event = 0.184855
TimeReport      event loop Real/event = 0.189667
TimeReport     sum Streams Real/event = 0.182806
TimeReport efficiency CPU/Real/thread = 0.974628

TimeReport ---------- Path   Summary ---[Real sec]----
TimeReport  per event     per exec  Name
TimeReport   0.182137     0.182137  p
TimeReport  per event     per exec  Name

TimeReport -------End-Path   Summary ---[Real sec]----
TimeReport  per event     per exec  Name
TimeReport  per event     per exec  Name

TimeReport ---------- Modules in Path: p ---[Real sec]----
TimeReport  per event    per visit  Name
TimeReport   0.000027     0.000027  flashggMetFilters
TimeReport   0.000010     0.000011  VHFilter
TimeReport   0.076813     0.077317  flashggDifferentialPhoIdInputsCorrection
TimeReport   0.076478     0.076980  flashggDiPhotonSystematics
TimeReport   0.000303     0.000305  flashggMetSystematics
TimeReport   0.000047     0.000048  flashggMuonSystematics
TimeReport   0.000066     0.000066  flashggElectronSystematics
TimeReport   0.000452     0.000455  flashggUnpackedJets
TimeReport   0.007583     0.007632  flashggJetSystematics0
TimeReport   0.001241     0.001249  flashggJetSystematics1
TimeReport   0.001080     0.001087  flashggJetSystematics2
TimeReport   0.001042     0.001049  flashggJetSystematics3
TimeReport   0.001027     0.001033  flashggJetSystematics4
TimeReport   0.001018     0.001025  flashggJetSystematics5
TimeReport   0.001009     0.001015  flashggJetSystematics6
TimeReport   0.001006     0.001012  flashggJetSystematics7
TimeReport   0.001007     0.001014  flashggJetSystematics8
TimeReport   0.001004     0.001010  flashggJetSystematics9
TimeReport   0.001000     0.001006  flashggJetSystematics10
TimeReport   0.000998     0.001005  flashggJetSystematics11
TimeReport   0.000580     0.000584  flashggPrefireDiPhotons
TimeReport   0.000182     0.000183  flashggPreselectedDiPhotons
TimeReport   0.000040     0.000040  flashggDiPhotonMVA
TimeReport   0.000042     0.000042  flashggVBFMVA
TimeReport   0.000026     0.000026  flashggVHhadMVA
TimeReport   0.000071     0.000072  flashggGluGluHMVA
TimeReport   0.000046     0.000046  flashggStageOneCombinedTag
TimeReport   0.000554     0.000558  flashggTHQLeptonicTag
TimeReport   0.000369     0.000372  flashggVHMetTag
TimeReport   0.000053     0.000054  flashggWHLeptonicTag
TimeReport   0.000032     0.000032  flashggZHLeptonicTag
TimeReport   0.000391     0.000394  flashggTTHLeptonicTag
TimeReport   0.002255     0.002269  flashggTTHHadronicTag
TimeReport   0.000129     0.000130  flashggTagSorter
TimeReport   0.000006     0.000006  flashggSystTagMerger
TimeReport   0.000495     0.000498  tagsDumper
TimeReport  per event    per visit  Name

TimeReport ---------- Module Summary ---[Real sec]----
TimeReport  per event     per exec    per visit  Name
TimeReport   0.000004     0.000004     0.000004  TriggerResults
TimeReport   0.000010     0.000011     0.000011  VHFilter
TimeReport   0.000005     0.000005     0.000005  ak4PFCHSL1FastL2L3Corrector
TimeReport   0.000006     0.000006     0.000006  ak4PFCHSL1FastjetCorrector
TimeReport   0.000002     0.000002     0.000002  ak4PFCHSL2RelativeCorrector
TimeReport   0.000013     0.000013     0.000013  ak4PFCHSL3AbsoluteCorrector
TimeReport   0.000040     0.000040     0.000040  flashggDiPhotonMVA
TimeReport   0.076478     0.076980     0.076980  flashggDiPhotonSystematics
TimeReport   0.076813     0.077317     0.077317  flashggDifferentialPhoIdInputsCorrection
TimeReport   0.000066     0.000066     0.000066  flashggElectronSystematics
TimeReport   0.000071     0.000072     0.000072  flashggGluGluHMVA
TimeReport   0.007583     0.007632     0.007632  flashggJetSystematics0
TimeReport   0.001241     0.001249     0.001249  flashggJetSystematics1
TimeReport   0.001000     0.001006     0.001006  flashggJetSystematics10
TimeReport   0.000998     0.001005     0.001005  flashggJetSystematics11
TimeReport   0.001080     0.001087     0.001087  flashggJetSystematics2
TimeReport   0.001042     0.001049     0.001049  flashggJetSystematics3
TimeReport   0.001027     0.001033     0.001033  flashggJetSystematics4
TimeReport   0.001018     0.001025     0.001025  flashggJetSystematics5
TimeReport   0.001009     0.001015     0.001015  flashggJetSystematics6
TimeReport   0.001006     0.001012     0.001012  flashggJetSystematics7
TimeReport   0.001007     0.001014     0.001014  flashggJetSystematics8
TimeReport   0.001004     0.001010     0.001010  flashggJetSystematics9
TimeReport   0.000027     0.000027     0.000027  flashggMetFilters
TimeReport   0.000303     0.000305     0.000305  flashggMetSystematics
TimeReport   0.000047     0.000048     0.000048  flashggMuonSystematics
TimeReport   0.000580     0.000584     0.000584  flashggPrefireDiPhotons
TimeReport   0.000182     0.000183     0.000183  flashggPreselectedDiPhotons
TimeReport   0.000046     0.000046     0.000046  flashggStageOneCombinedTag
TimeReport   0.000006     0.000006     0.000006  flashggSystTagMerger
TimeReport   0.000554     0.000558     0.000558  flashggTHQLeptonicTag
TimeReport   0.002255     0.002269     0.002269  flashggTTHHadronicTag
TimeReport   0.000391     0.000394     0.000394  flashggTTHLeptonicTag
TimeReport   0.000129     0.000130     0.000130  flashggTagSorter
TimeReport   0.000452     0.000455     0.000455  flashggUnpackedJets
TimeReport   0.000042     0.000042     0.000042  flashggVBFMVA
TimeReport   0.000369     0.000372     0.000372  flashggVHMetTag
TimeReport   0.000026     0.000026     0.000026  flashggVHhadMVA
TimeReport   0.000053     0.000054     0.000054  flashggWHLeptonicTag
TimeReport   0.000032     0.000032     0.000032  flashggZHLeptonicTag
TimeReport   0.000004     0.000004     0.000004  p
TimeReport   0.000495     0.000498     0.000498  tagsDumper
TimeReport  per event     per exec    per visit  Name

T---Report end!


=============================================

MessageLogger Summary

 type     category        sev    module        subroutine        count    total
 ---- -------------------- -- ---------------- ----------------  -----    -----
    1 XrdAdaptor           -w file_open                              1        1
    2 fileAction           -s file_close                             1        1
    3 fileAction           -s file_open                              2        2

 type    category    Examples: run/evt        run/evt          run/evt
 ---- -------------------- ---------------- ---------------- ----------------
    1 XrdAdaptor           pre-events                        
    2 fileAction           PostGlobalEndRun                  
    3 fileAction           pre-events       pre-events       

Severity    # Occurrences   Total Occurrences
--------    -------------   -----------------
Warning                 1                   1
System                  3                   3

dropped waiting message count 0
