mkdir: cannot create directory '/afs/cern.ch/user/x/xisu/private/local/Analysis_workspace/VH_AC_tmp1/flashgg_d2/CMSSW_10_6_29/src/flashgg/VHAC_Analysis_Met/UL_17/UL_17_wh125': File exists
/cvmfs/cms.cern.ch/slc7_amd64_gcc700/external/py2-requests/2.21.0-pafccj2/lib/python2.7/site-packages/requests/__init__.py:91: RequestsDependencyWarning: urllib3 (1.25.2) or chardet (3.0.4) doesn't match a supported version!
  RequestsDependencyWarning)
20-Dec-2022 10:05:31 CET  Initiating request to open file root://cms-xrd-global.cern.ch//store/user/alesauva/flashgg/UL2017_4/10_6_4/WHiggs0PHToGG_M125_TuneCP5_13TeV-JHUGenV7011-pythia8/UL2017_4-10_6_4-v0-RunIISummer19UL17MiniAOD-106X_mc2017_realistic_v6-v2/200720_155719/0000/myMicroAODOutputFile_19.root
%MSG-w XrdAdaptor:  file_open 20-Dec-2022 10:05:33 CET pre-events
Data is served from GRIF-IRFU instead of original site CERN-CMSGLOBAL-01
%MSG
20-Dec-2022 10:05:38 CET  Successfully opened file root://cms-xrd-global.cern.ch//store/user/alesauva/flashgg/UL2017_4/10_6_4/WHiggs0PHToGG_M125_TuneCP5_13TeV-JHUGenV7011-pythia8/UL2017_4-10_6_4-v0-RunIISummer19UL17MiniAOD-106X_mc2017_realistic_v6-v2/200720_155719/0000/myMicroAODOutputFile_19.root
[2022-12-20 10:06:28.755399 +0100][Error  ][AsyncSock         ] [xrootd.ba.infn.it:1094 #0.0] Socket error while handshaking: [ERROR] Socket timeout
[2022-12-20 10:06:28.755675 +0100][Error  ][PostMaster        ] [xrootd.ba.infn.it:1094 #0] elapsed = 45, pConnectionWindow = 31 seconds.
[2022-12-20 10:07:13.062240 +0100][Error  ][AsyncSock         ] [xrootd.ba.infn.it:1094 #0.0] Socket error while handshaking: [ERROR] Socket timeout
[2022-12-20 10:07:13.062393 +0100][Error  ][PostMaster        ] [xrootd.ba.infn.it:1094 #0] elapsed = 45, pConnectionWindow = 31 seconds.
[2022-12-20 10:07:13.062438 +0100][Error  ][PostMaster        ] [xrootd.ba.infn.it:1094 #0] Unable to recover: [ERROR] Socket timeout.
[2022-12-20 10:07:13.062490 +0100][Error  ][XRootD            ] [xrootd.ba.infn.it:1094] Impossible to send message kXR_open (file: /store/user/alesauva/flashgg/UL2017_4/10_6_4/WHiggs0PHToGG_M125_TuneCP5_13TeV-JHUGenV7011-pythia8/UL2017_4-10_6_4-v0-RunIISummer19UL17MiniAOD-106X_mc2017_realistic_v6-v2/200720_155719/0000/myMicroAODOutputFile_19.root?tried=+1213xrootd-redic.pi.infn.it,+1413xrootd-cms-redir-int.cr.cnaf.infn.it,+1413xrootd-redic.pi.infn.it,stor80.datagrid.cea.fr,node12.datagrid.cea.fr,llrxrd-redir.in2p3.fr,xrootd-redic.pi.infn.it,xrootd-cms.infn.it&triedrc=enoent,enoent, mode: 0660, flags: kXR_open_read kXR_async kXR_retstat ). Trying to recover.
2022-12-20 10:22:01.054018: I tensorflow/core/platform/cpu_feature_guard.cc:140] Your CPU supports instructions that this TensorFlow binary was not compiled to use: SSE4.1 SSE4.2 AVX AVX2 FMA
Begin processing the 1st record. Run 1, Event 81404, LumiSection 815 on stream 0 at 20-Dec-2022 10:23:38.346 CET
[2022-12-20 10:24:21.557347 +0100][Error  ][AsyncSock         ] [xrootd.ba.infn.it:1094 #0.0] Socket error while handshaking: [ERROR] Socket timeout
[2022-12-20 10:24:21.557489 +0100][Error  ][PostMaster        ] [xrootd.ba.infn.it:1094 #0] elapsed = 45, pConnectionWindow = 31 seconds.
[2022-12-20 10:25:06.813292 +0100][Error  ][AsyncSock         ] [xrootd.ba.infn.it:1094 #0.0] Socket error while handshaking: [ERROR] Socket timeout
[2022-12-20 10:25:06.813461 +0100][Error  ][PostMaster        ] [xrootd.ba.infn.it:1094 #0] elapsed = 45, pConnectionWindow = 31 seconds.
[2022-12-20 10:25:06.813490 +0100][Error  ][PostMaster        ] [xrootd.ba.infn.it:1094 #0] Unable to recover: [ERROR] Socket timeout.
[2022-12-20 10:25:06.813516 +0100][Error  ][XRootD            ] [xrootd.ba.infn.it:1094] Impossible to send message kXR_open (file: /store/user/alesauva/flashgg/UL2017_4/10_6_4/WHiggs0PHToGG_M125_TuneCP5_13TeV-JHUGenV7011-pythia8/UL2017_4-10_6_4-v0-RunIISummer19UL17MiniAOD-106X_mc2017_realistic_v6-v2/200720_155719/0000/myMicroAODOutputFile_19.root?tried=stor80.datagrid.cea.fr, mode: 0660, flags: kXR_open_read kXR_async kXR_retstat ). Trying to recover.
Begin processing the 1001st record. Run 1, Event 396415, LumiSection 3965 on stream 0 at 20-Dec-2022 10:31:19.548 CET
[2022-12-20 10:32:07.682320 +0100][Error  ][AsyncSock         ] [xrootd.ba.infn.it:1094 #0.0] Socket error while handshaking: [ERROR] Socket timeout
[2022-12-20 10:32:07.682487 +0100][Error  ][PostMaster        ] [xrootd.ba.infn.it:1094 #0] elapsed = 45, pConnectionWindow = 31 seconds.
[2022-12-20 10:32:52.945268 +0100][Error  ][AsyncSock         ] [xrootd.ba.infn.it:1094 #0.0] Socket error while handshaking: [ERROR] Socket timeout
[2022-12-20 10:32:52.945421 +0100][Error  ][PostMaster        ] [xrootd.ba.infn.it:1094 #0] elapsed = 45, pConnectionWindow = 31 seconds.
[2022-12-20 10:32:52.945445 +0100][Error  ][PostMaster        ] [xrootd.ba.infn.it:1094 #0] Unable to recover: [ERROR] Socket timeout.
[2022-12-20 10:32:52.945461 +0100][Error  ][XRootD            ] [xrootd.ba.infn.it:1094] Impossible to send message kXR_open (file: /store/user/alesauva/flashgg/UL2017_4/10_6_4/WHiggs0PHToGG_M125_TuneCP5_13TeV-JHUGenV7011-pythia8/UL2017_4-10_6_4-v0-RunIISummer19UL17MiniAOD-106X_mc2017_realistic_v6-v2/200720_155719/0000/myMicroAODOutputFile_19.root?tried=stor80.datagrid.cea.fr, mode: 0660, flags: kXR_open_read kXR_async kXR_retstat ). Trying to recover.
Begin processing the 2001st record. Run 1, Event 397417, LumiSection 3975 on stream 0 at 20-Dec-2022 10:34:29.266 CET
Begin processing the 3001st record. Run 1, Event 603601, LumiSection 6037 on stream 0 at 20-Dec-2022 10:37:42.915 CET
[2022-12-20 10:38:36.810244 +0100][Error  ][AsyncSock         ] [xrootd.ba.infn.it:1094 #0.0] Socket error while handshaking: [ERROR] Socket timeout
[2022-12-20 10:38:36.810397 +0100][Error  ][PostMaster        ] [xrootd.ba.infn.it:1094 #0] elapsed = 45, pConnectionWindow = 31 seconds.
[2022-12-20 10:39:21.061229 +0100][Error  ][AsyncSock         ] [xrootd.ba.infn.it:1094 #0.0] Socket error while handshaking: [ERROR] Socket timeout
[2022-12-20 10:39:21.061342 +0100][Error  ][PostMaster        ] [xrootd.ba.infn.it:1094 #0] elapsed = 45, pConnectionWindow = 31 seconds.
[2022-12-20 10:39:21.061361 +0100][Error  ][PostMaster        ] [xrootd.ba.infn.it:1094 #0] Unable to recover: [ERROR] Socket timeout.
[2022-12-20 10:39:21.061374 +0100][Error  ][XRootD            ] [xrootd.ba.infn.it:1094] Impossible to send message kXR_open (file: /store/user/alesauva/flashgg/UL2017_4/10_6_4/WHiggs0PHToGG_M125_TuneCP5_13TeV-JHUGenV7011-pythia8/UL2017_4-10_6_4-v0-RunIISummer19UL17MiniAOD-106X_mc2017_realistic_v6-v2/200720_155719/0000/myMicroAODOutputFile_19.root?tried=stor80.datagrid.cea.fr, mode: 0660, flags: kXR_open_read kXR_async kXR_retstat ). Trying to recover.
Begin processing the 4001st record. Run 1, Event 604603, LumiSection 6047 on stream 0 at 20-Dec-2022 10:40:49.777 CET
Begin processing the 5001st record. Run 1, Event 608401, LumiSection 6085 on stream 0 at 20-Dec-2022 10:43:59.978 CET
[2022-12-20 10:44:59.393690 +0100][Error  ][AsyncSock         ] [xrootd.ba.infn.it:1094 #0.0] Socket error while handshaking: [ERROR] Socket timeout
[2022-12-20 10:44:59.393879 +0100][Error  ][PostMaster        ] [xrootd.ba.infn.it:1094 #0] elapsed = 45, pConnectionWindow = 31 seconds.
[2022-12-20 10:45:44.653208 +0100][Error  ][AsyncSock         ] [xrootd.ba.infn.it:1094 #0.0] Socket error while handshaking: [ERROR] Socket timeout
[2022-12-20 10:45:44.653351 +0100][Error  ][PostMaster        ] [xrootd.ba.infn.it:1094 #0] elapsed = 45, pConnectionWindow = 31 seconds.
[2022-12-20 10:45:44.653375 +0100][Error  ][PostMaster        ] [xrootd.ba.infn.it:1094 #0] Unable to recover: [ERROR] Socket timeout.
[2022-12-20 10:45:44.653388 +0100][Error  ][XRootD            ] [xrootd.ba.infn.it:1094] Impossible to send message kXR_open (file: /store/user/alesauva/flashgg/UL2017_4/10_6_4/WHiggs0PHToGG_M125_TuneCP5_13TeV-JHUGenV7011-pythia8/UL2017_4-10_6_4-v0-RunIISummer19UL17MiniAOD-106X_mc2017_realistic_v6-v2/200720_155719/0000/myMicroAODOutputFile_19.root?tried=stor80.datagrid.cea.fr, mode: 0660, flags: kXR_open_read kXR_async kXR_retstat ). Trying to recover.
Begin processing the 6001st record. Run 1, Event 609407, LumiSection 6095 on stream 0 at 20-Dec-2022 10:46:58.085 CET
Begin processing the 7001st record. Run 1, Event 610402, LumiSection 6105 on stream 0 at 20-Dec-2022 10:49:57.486 CET
[2022-12-20 10:50:59.904237 +0100][Error  ][AsyncSock         ] [xrootd.ba.infn.it:1094 #0.0] Socket error while handshaking: [ERROR] Socket timeout
[2022-12-20 10:50:59.904381 +0100][Error  ][PostMaster        ] [xrootd.ba.infn.it:1094 #0] elapsed = 45, pConnectionWindow = 31 seconds.
[2022-12-20 10:51:45.183277 +0100][Error  ][AsyncSock         ] [xrootd.ba.infn.it:1094 #0.0] Socket error while handshaking: [ERROR] Socket timeout
[2022-12-20 10:51:45.183427 +0100][Error  ][PostMaster        ] [xrootd.ba.infn.it:1094 #0] elapsed = 46, pConnectionWindow = 31 seconds.
[2022-12-20 10:51:45.183452 +0100][Error  ][PostMaster        ] [xrootd.ba.infn.it:1094 #0] Unable to recover: [ERROR] Socket timeout.
[2022-12-20 10:51:45.183483 +0100][Error  ][XRootD            ] [xrootd.ba.infn.it:1094] Impossible to send message kXR_open (file: /store/user/alesauva/flashgg/UL2017_4/10_6_4/WHiggs0PHToGG_M125_TuneCP5_13TeV-JHUGenV7011-pythia8/UL2017_4-10_6_4-v0-RunIISummer19UL17MiniAOD-106X_mc2017_realistic_v6-v2/200720_155719/0000/myMicroAODOutputFile_19.root?tried=stor80.datagrid.cea.fr, mode: 0660, flags: kXR_open_read kXR_async kXR_retstat ). Trying to recover.
Begin processing the 8001st record. Run 1, Event 714402, LumiSection 7145 on stream 0 at 20-Dec-2022 10:53:10.782 CET
Begin processing the 9001st record. Run 1, Event 76207, LumiSection 763 on stream 0 at 20-Dec-2022 10:56:05.097 CET
Begin processing the 10001st record. Run 1, Event 77206, LumiSection 773 on stream 0 at 20-Dec-2022 10:59:15.120 CET
[2022-12-20 11:00:28.886201 +0100][Error  ][AsyncSock         ] [xrootd.ba.infn.it:1094 #0.0] Socket error while handshaking: [ERROR] Socket timeout
[2022-12-20 11:00:28.886367 +0100][Error  ][PostMaster        ] [xrootd.ba.infn.it:1094 #0] elapsed = 45, pConnectionWindow = 31 seconds.
[2022-12-20 11:01:14.176286 +0100][Error  ][AsyncSock         ] [xrootd.ba.infn.it:1094 #0.0] Socket error while handshaking: [ERROR] Socket timeout
[2022-12-20 11:01:14.176464 +0100][Error  ][PostMaster        ] [xrootd.ba.infn.it:1094 #0] elapsed = 46, pConnectionWindow = 31 seconds.
[2022-12-20 11:01:14.176487 +0100][Error  ][PostMaster        ] [xrootd.ba.infn.it:1094 #0] Unable to recover: [ERROR] Socket timeout.
[2022-12-20 11:01:14.176501 +0100][Error  ][XRootD            ] [xrootd.ba.infn.it:1094] Impossible to send message kXR_open (file: /store/user/alesauva/flashgg/UL2017_4/10_6_4/WHiggs0PHToGG_M125_TuneCP5_13TeV-JHUGenV7011-pythia8/UL2017_4-10_6_4-v0-RunIISummer19UL17MiniAOD-106X_mc2017_realistic_v6-v2/200720_155719/0000/myMicroAODOutputFile_19.root?tried=stor80.datagrid.cea.fr, mode: 0660, flags: kXR_open_read kXR_async kXR_retstat ). Trying to recover.
Begin processing the 11001st record. Run 1, Event 241709, LumiSection 2418 on stream 0 at 20-Dec-2022 11:02:21.890 CET
Begin processing the 12001st record. Run 1, Event 242709, LumiSection 2428 on stream 0 at 20-Dec-2022 11:05:32.758 CET
[2022-12-20 11:06:55.221787 +0100][Error  ][AsyncSock         ] [xrootd.ba.infn.it:1094 #0.0] Socket error while handshaking: [ERROR] Socket timeout
[2022-12-20 11:06:55.221947 +0100][Error  ][PostMaster        ] [xrootd.ba.infn.it:1094 #0] elapsed = 45, pConnectionWindow = 31 seconds.
[2022-12-20 11:07:40.470271 +0100][Error  ][AsyncSock         ] [xrootd.ba.infn.it:1094 #0.0] Socket error while handshaking: [ERROR] Socket timeout
[2022-12-20 11:07:40.470412 +0100][Error  ][PostMaster        ] [xrootd.ba.infn.it:1094 #0] elapsed = 45, pConnectionWindow = 31 seconds.
[2022-12-20 11:07:40.470434 +0100][Error  ][PostMaster        ] [xrootd.ba.infn.it:1094 #0] Unable to recover: [ERROR] Socket timeout.
[2022-12-20 11:07:40.470472 +0100][Error  ][XRootD            ] [xrootd.ba.infn.it:1094] Impossible to send message kXR_open (file: /store/user/alesauva/flashgg/UL2017_4/10_6_4/WHiggs0PHToGG_M125_TuneCP5_13TeV-JHUGenV7011-pythia8/UL2017_4-10_6_4-v0-RunIISummer19UL17MiniAOD-106X_mc2017_realistic_v6-v2/200720_155719/0000/myMicroAODOutputFile_19.root?tried=+1213xrootd-cms-redir-int.cr.cnaf.infn.it,+1213xrootd-redic.pi.infn.it,+1413xrootd-cms-redir-int.cr.cnaf.infn.it,+1413xrootd-redic.pi.infn.it,stor80.datagrid.cea.fr,node12.datagrid.cea.fr,llrxrd-redir.in2p3.fr,xrootd-redic.pi.infn.it,xrootd-cms.infn.it&triedrc=enoent,enoent, mode: 0660, flags: kXR_open_read kXR_async kXR_retstat ). Trying to recover.
Begin processing the 13001st record. Run 1, Event 243712, LumiSection 2438 on stream 0 at 20-Dec-2022 11:08:25.034 CET
Begin processing the 14001st record. Run 1, Event 427507, LumiSection 4276 on stream 0 at 20-Dec-2022 11:11:22.062 CET
Begin processing the 15001st record. Run 1, Event 428505, LumiSection 4286 on stream 0 at 20-Dec-2022 11:14:30.320 CET
[2022-12-20 11:15:57.205215 +0100][Error  ][AsyncSock         ] [xrootd.ba.infn.it:1094 #0.0] Socket error while handshaking: [ERROR] Socket timeout
[2022-12-20 11:15:57.205380 +0100][Error  ][PostMaster        ] [xrootd.ba.infn.it:1094 #0] elapsed = 45, pConnectionWindow = 31 seconds.
[2022-12-20 11:16:42.461224 +0100][Error  ][AsyncSock         ] [xrootd.ba.infn.it:1094 #0.0] Socket error while handshaking: [ERROR] Socket timeout
[2022-12-20 11:16:42.461401 +0100][Error  ][PostMaster        ] [xrootd.ba.infn.it:1094 #0] elapsed = 45, pConnectionWindow = 31 seconds.
[2022-12-20 11:16:42.461430 +0100][Error  ][PostMaster        ] [xrootd.ba.infn.it:1094 #0] Unable to recover: [ERROR] Socket timeout.
[2022-12-20 11:16:42.461449 +0100][Error  ][XRootD            ] [xrootd.ba.infn.it:1094] Impossible to send message kXR_open (file: /store/user/alesauva/flashgg/UL2017_4/10_6_4/WHiggs0PHToGG_M125_TuneCP5_13TeV-JHUGenV7011-pythia8/UL2017_4-10_6_4-v0-RunIISummer19UL17MiniAOD-106X_mc2017_realistic_v6-v2/200720_155719/0000/myMicroAODOutputFile_19.root?tried=stor80.datagrid.cea.fr, mode: 0660, flags: kXR_open_read kXR_async kXR_retstat ). Trying to recover.
Begin processing the 16001st record. Run 1, Event 429502, LumiSection 4296 on stream 0 at 20-Dec-2022 11:17:38.929 CET
Begin processing the 17001st record. Run 1, Event 452906, LumiSection 4530 on stream 0 at 20-Dec-2022 11:20:47.449 CET
[2022-12-20 11:22:33.767584 +0100][Error  ][AsyncSock         ] [xrootd.ba.infn.it:1094 #0.0] Socket error while handshaking: [ERROR] Socket timeout
[2022-12-20 11:22:33.767711 +0100][Error  ][PostMaster        ] [xrootd.ba.infn.it:1094 #0] elapsed = 45, pConnectionWindow = 31 seconds.
[2022-12-20 11:23:18.013518 +0100][Error  ][AsyncSock         ] [xrootd.ba.infn.it:1094 #0.0] Socket error while handshaking: [ERROR] Socket timeout
[2022-12-20 11:23:18.013644 +0100][Error  ][PostMaster        ] [xrootd.ba.infn.it:1094 #0] elapsed = 45, pConnectionWindow = 31 seconds.
[2022-12-20 11:23:18.013668 +0100][Error  ][PostMaster        ] [xrootd.ba.infn.it:1094 #0] Unable to recover: [ERROR] Socket timeout.
[2022-12-20 11:23:18.013685 +0100][Error  ][XRootD            ] [xrootd.ba.infn.it:1094] Impossible to send message kXR_open (file: /store/user/alesauva/flashgg/UL2017_4/10_6_4/WHiggs0PHToGG_M125_TuneCP5_13TeV-JHUGenV7011-pythia8/UL2017_4-10_6_4-v0-RunIISummer19UL17MiniAOD-106X_mc2017_realistic_v6-v2/200720_155719/0000/myMicroAODOutputFile_19.root?tried=+1413xrootd-redic.pi.infn.it,+1413llrxrd-redir.in2p3.fr,stor80.datagrid.cea.fr,node12.datagrid.cea.fr,xrootd-cms-redir-int.cr.cnaf.infn.it,xrootd-redic.pi.infn.it,xrootd-cms.infn.it&triedrc=enoent,enoent, mode: 0660, flags: kXR_open_read kXR_async kXR_retstat ). Trying to recover.
Begin processing the 18001st record. Run 1, Event 453901, LumiSection 4540 on stream 0 at 20-Dec-2022 11:23:55.371 CET
Begin processing the 19001st record. Run 1, Event 492105, LumiSection 4922 on stream 0 at 20-Dec-2022 11:26:55.070 CET
[2022-12-20 11:28:44.334273 +0100][Error  ][AsyncSock         ] [xrootd.ba.infn.it:1094 #0.0] Socket error while handshaking: [ERROR] Socket timeout
[2022-12-20 11:28:44.334438 +0100][Error  ][PostMaster        ] [xrootd.ba.infn.it:1094 #0] elapsed = 45, pConnectionWindow = 31 seconds.
[2022-12-20 11:29:29.611220 +0100][Error  ][AsyncSock         ] [xrootd.ba.infn.it:1094 #0.0] Socket error while handshaking: [ERROR] Socket timeout
[2022-12-20 11:29:29.611374 +0100][Error  ][PostMaster        ] [xrootd.ba.infn.it:1094 #0] elapsed = 45, pConnectionWindow = 31 seconds.
[2022-12-20 11:29:29.611396 +0100][Error  ][PostMaster        ] [xrootd.ba.infn.it:1094 #0] Unable to recover: [ERROR] Socket timeout.
[2022-12-20 11:29:29.611422 +0100][Error  ][XRootD            ] [xrootd.ba.infn.it:1094] Impossible to send message kXR_open (file: /store/user/alesauva/flashgg/UL2017_4/10_6_4/WHiggs0PHToGG_M125_TuneCP5_13TeV-JHUGenV7011-pythia8/UL2017_4-10_6_4-v0-RunIISummer19UL17MiniAOD-106X_mc2017_realistic_v6-v2/200720_155719/0000/myMicroAODOutputFile_19.root?tried=+1413xrootd-redic.pi.infn.it,stor80.datagrid.cea.fr,node12.datagrid.cea.fr,xrootd-cms-redir-int.cr.cnaf.infn.it,xrootd-redic.pi.infn.it,xrootd-cms.infn.it&triedrc=enoent,enoent, mode: 0660, flags: kXR_open_read kXR_async kXR_retstat ). Trying to recover.
Begin processing the 20001st record. Run 1, Event 617408, LumiSection 6175 on stream 0 at 20-Dec-2022 11:29:57.949 CET
Begin processing the 21001st record. Run 1, Event 618404, LumiSection 6185 on stream 0 at 20-Dec-2022 11:33:09.377 CET
[2022-12-20 11:34:59.227238 +0100][Error  ][AsyncSock         ] [xrootd.ba.infn.it:1094 #0.0] Socket error while handshaking: [ERROR] Socket timeout
[2022-12-20 11:34:59.227391 +0100][Error  ][PostMaster        ] [xrootd.ba.infn.it:1094 #0] elapsed = 45, pConnectionWindow = 31 seconds.
[2022-12-20 11:35:44.505292 +0100][Error  ][AsyncSock         ] [xrootd.ba.infn.it:1094 #0.0] Socket error while handshaking: [ERROR] Socket timeout
[2022-12-20 11:35:44.505492 +0100][Error  ][PostMaster        ] [xrootd.ba.infn.it:1094 #0] elapsed = 45, pConnectionWindow = 31 seconds.
[2022-12-20 11:35:44.505517 +0100][Error  ][PostMaster        ] [xrootd.ba.infn.it:1094 #0] Unable to recover: [ERROR] Socket timeout.
[2022-12-20 11:35:44.505539 +0100][Error  ][XRootD            ] [xrootd.ba.infn.it:1094] Impossible to send message kXR_open (file: /store/user/alesauva/flashgg/UL2017_4/10_6_4/WHiggs0PHToGG_M125_TuneCP5_13TeV-JHUGenV7011-pythia8/UL2017_4-10_6_4-v0-RunIISummer19UL17MiniAOD-106X_mc2017_realistic_v6-v2/200720_155719/0000/myMicroAODOutputFile_19.root?tried=+1413xrootd-redic.pi.infn.it,+1413xrootd-cms-redir-int.cr.cnaf.infn.it,stor80.datagrid.cea.fr,node12.datagrid.cea.fr,llrxrd-redir.in2p3.fr,xrootd-redic.pi.infn.it,xrootd-cms.infn.it&triedrc=enoent,enoent, mode: 0660, flags: kXR_open_read kXR_async kXR_retstat ). Trying to recover.
Begin processing the 22001st record. Run 1, Event 619408, LumiSection 6195 on stream 0 at 20-Dec-2022 11:36:21.316 CET
Begin processing the 23001st record. Run 1, Event 686501, LumiSection 6866 on stream 0 at 20-Dec-2022 11:39:35.294 CET
[2022-12-20 11:41:35.077466 +0100][Error  ][AsyncSock         ] [xrootd.ba.infn.it:1094 #0.0] Socket error while handshaking: [ERROR] Socket timeout
[2022-12-20 11:41:35.077657 +0100][Error  ][PostMaster        ] [xrootd.ba.infn.it:1094 #0] elapsed = 46, pConnectionWindow = 31 seconds.
[2022-12-20 11:42:20.343233 +0100][Error  ][AsyncSock         ] [xrootd.ba.infn.it:1094 #0.0] Socket error while handshaking: [ERROR] Socket timeout
[2022-12-20 11:42:20.343363 +0100][Error  ][PostMaster        ] [xrootd.ba.infn.it:1094 #0] elapsed = 45, pConnectionWindow = 31 seconds.
[2022-12-20 11:42:20.343388 +0100][Error  ][PostMaster        ] [xrootd.ba.infn.it:1094 #0] Unable to recover: [ERROR] Socket timeout.
[2022-12-20 11:42:20.343412 +0100][Error  ][XRootD            ] [xrootd.ba.infn.it:1094] Impossible to send message kXR_open (file: /store/user/alesauva/flashgg/UL2017_4/10_6_4/WHiggs0PHToGG_M125_TuneCP5_13TeV-JHUGenV7011-pythia8/UL2017_4-10_6_4-v0-RunIISummer19UL17MiniAOD-106X_mc2017_realistic_v6-v2/200720_155719/0000/myMicroAODOutputFile_19.root?tried=+1413xrootd-cms-redir-int.cr.cnaf.infn.it,+1213llrxrd-redir.in2p3.fr,+1213xrootd-redic.pi.infn.it,+1413llrxrd-redir.in2p3.fr,stor80.datagrid.cea.fr,node12.datagrid.cea.fr,xrootd-redic.pi.infn.it,xrootd-cms.infn.it,xrootd-cms-redir-int.cr.cnaf.infn.it&triedrc=enoent,enoent, mode: 0660, flags: kXR_open_read kXR_async kXR_retstat ). Trying to recover.
Begin processing the 24001st record. Run 1, Event 687504, LumiSection 6876 on stream 0 at 20-Dec-2022 11:42:47.775 CET
20-Dec-2022 11:45:49 CET  Closed file root://cms-xrd-global.cern.ch//store/user/alesauva/flashgg/UL2017_4/10_6_4/WHiggs0PHToGG_M125_TuneCP5_13TeV-JHUGenV7011-pythia8/UL2017_4-10_6_4-v0-RunIISummer19UL17MiniAOD-106X_mc2017_realistic_v6-v2/200720_155719/0000/myMicroAODOutputFile_19.root

TrigReport ---------- Event  Summary ------------
TrigReport Events total = 25000 passed = 24833 failed = 167

TrigReport ---------- Path   Summary ------------
TrigReport  Trig Bit#   Executed     Passed     Failed      Error Name
TrigReport     1    0      25000      24833        167          0 p

TrigReport -------End-Path   Summary ------------
TrigReport  Trig Bit#   Executed     Passed     Failed      Error Name

TrigReport ---------- Modules in Path: p ------------
TrigReport  Trig Bit#    Visited     Passed     Failed      Error Name
TrigReport     1    0      25000      24833        167          0 flashggMetFilters
TrigReport     1    1      24833      24833          0          0 VHFilter
TrigReport     1    2      24833      24833          0          0 flashggDifferentialPhoIdInputsCorrection
TrigReport     1    3      24833      24833          0          0 flashggDiPhotonSystematics
TrigReport     1    4      24833      24833          0          0 flashggMetSystematics
TrigReport     1    5      24833      24833          0          0 flashggMuonSystematics
TrigReport     1    6      24833      24833          0          0 flashggElectronSystematics
TrigReport     1    7      24833      24833          0          0 flashggUnpackedJets
TrigReport     1    8      24833      24833          0          0 flashggJetSystematics0
TrigReport     1    9      24833      24833          0          0 flashggJetSystematics1
TrigReport     1   10      24833      24833          0          0 flashggJetSystematics2
TrigReport     1   11      24833      24833          0          0 flashggJetSystematics3
TrigReport     1   12      24833      24833          0          0 flashggJetSystematics4
TrigReport     1   13      24833      24833          0          0 flashggJetSystematics5
TrigReport     1   14      24833      24833          0          0 flashggJetSystematics6
TrigReport     1   15      24833      24833          0          0 flashggJetSystematics7
TrigReport     1   16      24833      24833          0          0 flashggJetSystematics8
TrigReport     1   17      24833      24833          0          0 flashggJetSystematics9
TrigReport     1   18      24833      24833          0          0 flashggJetSystematics10
TrigReport     1   19      24833      24833          0          0 flashggJetSystematics11
TrigReport     1   20      24833      24833          0          0 flashggPrefireDiPhotons
TrigReport     1   21      24833      24833          0          0 flashggPreselectedDiPhotons
TrigReport     1   22      24833      24833          0          0 flashggDiPhotonMVA
TrigReport     1   23      24833      24833          0          0 flashggVBFMVA
TrigReport     1   24      24833      24833          0          0 flashggVHhadMVA
TrigReport     1   25      24833      24833          0          0 flashggGluGluHMVA
TrigReport     1   26      24833      24833          0          0 flashggStageOneCombinedTag
TrigReport     1   27      24833      24833          0          0 flashggTHQLeptonicTag
TrigReport     1   28      24833      24833          0          0 flashggVHMetTag
TrigReport     1   29      24833      24833          0          0 flashggWHLeptonicTag
TrigReport     1   30      24833      24833          0          0 flashggZHLeptonicTag
TrigReport     1   31      24833      24833          0          0 flashggTTHLeptonicTag
TrigReport     1   32      24833      24833          0          0 flashggTTHHadronicTag
TrigReport     1   33      24833      24833          0          0 flashggTagSorter
TrigReport     1   34      24833      24833          0          0 flashggSystTagMerger
TrigReport     1   35      24833      24833          0          0 tagsDumper

TrigReport ---------- Module Summary ------------
TrigReport    Visited   Executed     Passed     Failed      Error Name
TrigReport      25000      25000      25000          0          0 TriggerResults
TrigReport      24833      24833      24833          0          0 VHFilter
TrigReport      24833      24833      24833          0          0 ak4PFCHSL1FastL2L3Corrector
TrigReport      24833      24833      24833          0          0 ak4PFCHSL1FastjetCorrector
TrigReport      24833      24833      24833          0          0 ak4PFCHSL2RelativeCorrector
TrigReport      24833      24833      24833          0          0 ak4PFCHSL3AbsoluteCorrector
TrigReport      24833      24833      24833          0          0 flashggDiPhotonMVA
TrigReport      24833      24833      24833          0          0 flashggDiPhotonSystematics
TrigReport      24833      24833      24833          0          0 flashggDifferentialPhoIdInputsCorrection
TrigReport      24833      24833      24833          0          0 flashggElectronSystematics
TrigReport      24833      24833      24833          0          0 flashggGluGluHMVA
TrigReport      24833      24833      24833          0          0 flashggJetSystematics0
TrigReport      24833      24833      24833          0          0 flashggJetSystematics1
TrigReport      24833      24833      24833          0          0 flashggJetSystematics10
TrigReport      24833      24833      24833          0          0 flashggJetSystematics11
TrigReport      24833      24833      24833          0          0 flashggJetSystematics2
TrigReport      24833      24833      24833          0          0 flashggJetSystematics3
TrigReport      24833      24833      24833          0          0 flashggJetSystematics4
TrigReport      24833      24833      24833          0          0 flashggJetSystematics5
TrigReport      24833      24833      24833          0          0 flashggJetSystematics6
TrigReport      24833      24833      24833          0          0 flashggJetSystematics7
TrigReport      24833      24833      24833          0          0 flashggJetSystematics8
TrigReport      24833      24833      24833          0          0 flashggJetSystematics9
TrigReport      25000      25000      24833        167          0 flashggMetFilters
TrigReport      24833      24833      24833          0          0 flashggMetSystematics
TrigReport      24833      24833      24833          0          0 flashggMuonSystematics
TrigReport      24833      24833      24833          0          0 flashggPrefireDiPhotons
TrigReport      24833      24833      24833          0          0 flashggPreselectedDiPhotons
TrigReport      24833      24833      24833          0          0 flashggStageOneCombinedTag
TrigReport      24833      24833      24833          0          0 flashggSystTagMerger
TrigReport      24833      24833      24833          0          0 flashggTHQLeptonicTag
TrigReport      24833      24833      24833          0          0 flashggTTHHadronicTag
TrigReport      24833      24833      24833          0          0 flashggTTHLeptonicTag
TrigReport      24833      24833      24833          0          0 flashggTagSorter
TrigReport      24833      24833      24833          0          0 flashggUnpackedJets
TrigReport      24833      24833      24833          0          0 flashggVBFMVA
TrigReport      24833      24833      24833          0          0 flashggVHMetTag
TrigReport      24833      24833      24833          0          0 flashggVHhadMVA
TrigReport      24833      24833      24833          0          0 flashggWHLeptonicTag
TrigReport      24833      24833      24833          0          0 flashggZHLeptonicTag
TrigReport      25000      25000      25000          0          0 p
TrigReport      24833      24833      24833          0          0 tagsDumper

TimeReport ---------- Event  Summary ---[sec]----
TimeReport       event loop CPU/event = 0.194181
TimeReport      event loop Real/event = 0.197319
TimeReport     sum Streams Real/event = 0.190395
TimeReport efficiency CPU/Real/thread = 0.984096

TimeReport ---------- Path   Summary ---[Real sec]----
TimeReport  per event     per exec  Name
TimeReport   0.189695     0.189695  p
TimeReport  per event     per exec  Name

TimeReport -------End-Path   Summary ---[Real sec]----
TimeReport  per event     per exec  Name
TimeReport  per event     per exec  Name

TimeReport ---------- Modules in Path: p ---[Real sec]----
TimeReport  per event    per visit  Name
TimeReport   0.000028     0.000028  flashggMetFilters
TimeReport   0.000010     0.000010  VHFilter
TimeReport   0.078870     0.079401  flashggDifferentialPhoIdInputsCorrection
TimeReport   0.080470     0.081011  flashggDiPhotonSystematics
TimeReport   0.000334     0.000336  flashggMetSystematics
TimeReport   0.000051     0.000051  flashggMuonSystematics
TimeReport   0.000068     0.000069  flashggElectronSystematics
TimeReport   0.000475     0.000478  flashggUnpackedJets
TimeReport   0.007963     0.008017  flashggJetSystematics0
TimeReport   0.001292     0.001300  flashggJetSystematics1
TimeReport   0.001137     0.001145  flashggJetSystematics2
TimeReport   0.001097     0.001105  flashggJetSystematics3
TimeReport   0.001085     0.001093  flashggJetSystematics4
TimeReport   0.001078     0.001085  flashggJetSystematics5
TimeReport   0.001070     0.001078  flashggJetSystematics6
TimeReport   0.001063     0.001070  flashggJetSystematics7
TimeReport   0.001062     0.001069  flashggJetSystematics8
TimeReport   0.001056     0.001063  flashggJetSystematics9
TimeReport   0.001054     0.001061  flashggJetSystematics10
TimeReport   0.001050     0.001057  flashggJetSystematics11
TimeReport   0.000603     0.000607  flashggPrefireDiPhotons
TimeReport   0.000189     0.000190  flashggPreselectedDiPhotons
TimeReport   0.000043     0.000043  flashggDiPhotonMVA
TimeReport   0.000043     0.000044  flashggVBFMVA
TimeReport   0.000027     0.000027  flashggVHhadMVA
TimeReport   0.000074     0.000075  flashggGluGluHMVA
TimeReport   0.000049     0.000049  flashggStageOneCombinedTag
TimeReport   0.001063     0.001071  flashggTHQLeptonicTag
TimeReport   0.000354     0.000356  flashggVHMetTag
TimeReport   0.000056     0.000056  flashggWHLeptonicTag
TimeReport   0.000035     0.000035  flashggZHLeptonicTag
TimeReport   0.000225     0.000227  flashggTTHLeptonicTag
TimeReport   0.002165     0.002180  flashggTTHHadronicTag
TimeReport   0.000137     0.000138  flashggTagSorter
TimeReport   0.000006     0.000006  flashggSystTagMerger
TimeReport   0.000452     0.000455  tagsDumper
TimeReport  per event    per visit  Name

TimeReport ---------- Module Summary ---[Real sec]----
TimeReport  per event     per exec    per visit  Name
TimeReport   0.000004     0.000004     0.000004  TriggerResults
TimeReport   0.000010     0.000010     0.000010  VHFilter
TimeReport   0.000005     0.000005     0.000005  ak4PFCHSL1FastL2L3Corrector
TimeReport   0.000007     0.000007     0.000007  ak4PFCHSL1FastjetCorrector
TimeReport   0.000003     0.000003     0.000003  ak4PFCHSL2RelativeCorrector
TimeReport   0.000014     0.000014     0.000014  ak4PFCHSL3AbsoluteCorrector
TimeReport   0.000043     0.000043     0.000043  flashggDiPhotonMVA
TimeReport   0.080470     0.081011     0.081011  flashggDiPhotonSystematics
TimeReport   0.078870     0.079401     0.079401  flashggDifferentialPhoIdInputsCorrection
TimeReport   0.000068     0.000069     0.000069  flashggElectronSystematics
TimeReport   0.000074     0.000075     0.000075  flashggGluGluHMVA
TimeReport   0.007963     0.008017     0.008017  flashggJetSystematics0
TimeReport   0.001292     0.001300     0.001300  flashggJetSystematics1
TimeReport   0.001054     0.001061     0.001061  flashggJetSystematics10
TimeReport   0.001050     0.001057     0.001057  flashggJetSystematics11
TimeReport   0.001137     0.001145     0.001145  flashggJetSystematics2
TimeReport   0.001097     0.001105     0.001105  flashggJetSystematics3
TimeReport   0.001085     0.001093     0.001093  flashggJetSystematics4
TimeReport   0.001078     0.001085     0.001085  flashggJetSystematics5
TimeReport   0.001070     0.001078     0.001078  flashggJetSystematics6
TimeReport   0.001063     0.001070     0.001070  flashggJetSystematics7
TimeReport   0.001062     0.001069     0.001069  flashggJetSystematics8
TimeReport   0.001056     0.001063     0.001063  flashggJetSystematics9
TimeReport   0.000028     0.000028     0.000028  flashggMetFilters
TimeReport   0.000334     0.000336     0.000336  flashggMetSystematics
TimeReport   0.000051     0.000051     0.000051  flashggMuonSystematics
TimeReport   0.000603     0.000607     0.000607  flashggPrefireDiPhotons
TimeReport   0.000189     0.000190     0.000190  flashggPreselectedDiPhotons
TimeReport   0.000049     0.000049     0.000049  flashggStageOneCombinedTag
TimeReport   0.000006     0.000006     0.000006  flashggSystTagMerger
TimeReport   0.001063     0.001071     0.001071  flashggTHQLeptonicTag
TimeReport   0.002165     0.002180     0.002180  flashggTTHHadronicTag
TimeReport   0.000225     0.000227     0.000227  flashggTTHLeptonicTag
TimeReport   0.000137     0.000138     0.000138  flashggTagSorter
TimeReport   0.000475     0.000478     0.000478  flashggUnpackedJets
TimeReport   0.000043     0.000044     0.000044  flashggVBFMVA
TimeReport   0.000354     0.000356     0.000356  flashggVHMetTag
TimeReport   0.000027     0.000027     0.000027  flashggVHhadMVA
TimeReport   0.000056     0.000056     0.000056  flashggWHLeptonicTag
TimeReport   0.000035     0.000035     0.000035  flashggZHLeptonicTag
TimeReport   0.000004     0.000004     0.000004  p
TimeReport   0.000452     0.000455     0.000455  tagsDumper
TimeReport  per event     per exec    per visit  Name

T---Report end!


=============================================

MessageLogger Summary

 type     category        sev    module        subroutine        count    total
 ---- -------------------- -- ---------------- ----------------  -----    -----
    1 XrdAdaptor           -w file_open                              1        1
    2 fileAction           -s file_close                             1        1
    3 fileAction           -s file_open                              2        2

 type    category    Examples: run/evt        run/evt          run/evt
 ---- -------------------- ---------------- ---------------- ----------------
    1 XrdAdaptor           pre-events                        
    2 fileAction           PostGlobalEndRun                  
    3 fileAction           pre-events       pre-events       

Severity    # Occurrences   Total Occurrences
--------    -------------   -----------------
Warning                 1                   1
System                  3                   3

dropped waiting message count 0
