mkdir: cannot create directory '/afs/cern.ch/user/x/xisu/private/local/Analysis_workspace/VH_AC_tmp1/flashgg_d2/CMSSW_10_6_29/src/flashgg/VHAC_Analysis_Met/UL_17/UL_17_wh125': File exists
/cvmfs/cms.cern.ch/slc7_amd64_gcc700/external/py2-requests/2.21.0-pafccj2/lib/python2.7/site-packages/requests/__init__.py:91: RequestsDependencyWarning: urllib3 (1.25.2) or chardet (3.0.4) doesn't match a supported version!
  RequestsDependencyWarning)
20-Dec-2022 10:05:19 CET  Initiating request to open file root://cms-xrd-global.cern.ch//store/user/alesauva/flashgg/UL2017_4/10_6_4/WHiggs0L1ToGG_M125_TuneCP5_13TeV-JHUGenV7011-pythia8/UL2017_4-10_6_4-v0-RunIISummer19UL17MiniAOD-106X_mc2017_realistic_v6-v2/200720_155007/0000/myMicroAODOutputFile_15.root
%MSG-w XrdAdaptor:  file_open 20-Dec-2022 10:05:22 CET pre-events
Data is served from GRIF-IRFU instead of original site CERN-CMSGLOBAL-01
%MSG
20-Dec-2022 10:05:24 CET  Successfully opened file root://cms-xrd-global.cern.ch//store/user/alesauva/flashgg/UL2017_4/10_6_4/WHiggs0L1ToGG_M125_TuneCP5_13TeV-JHUGenV7011-pythia8/UL2017_4-10_6_4-v0-RunIISummer19UL17MiniAOD-106X_mc2017_realistic_v6-v2/200720_155007/0000/myMicroAODOutputFile_15.root
2022-12-20 10:19:35.536954: I tensorflow/core/platform/cpu_feature_guard.cc:140] Your CPU supports instructions that this TensorFlow binary was not compiled to use: SSE4.1 SSE4.2 AVX AVX2 FMA
Begin processing the 1st record. Run 1, Event 27506, LumiSection 276 on stream 0 at 20-Dec-2022 10:20:32.200 CET
[2022-12-20 10:21:15.421174 +0100][Error  ][AsyncSock         ] [xrootd.ba.infn.it:1094 #0.0] Socket error while handshaking: [ERROR] Socket timeout
[2022-12-20 10:21:15.422956 +0100][Error  ][PostMaster        ] [xrootd.ba.infn.it:1094 #0] elapsed = 45, pConnectionWindow = 31 seconds.
[2022-12-20 10:22:00.098431 +0100][Error  ][AsyncSock         ] [xrootd.ba.infn.it:1094 #0.0] Socket error while handshaking: [ERROR] Socket timeout
[2022-12-20 10:22:00.099612 +0100][Error  ][PostMaster        ] [xrootd.ba.infn.it:1094 #0] elapsed = 45, pConnectionWindow = 31 seconds.
[2022-12-20 10:22:00.104267 +0100][Error  ][PostMaster        ] [xrootd.ba.infn.it:1094 #0] Unable to recover: [ERROR] Socket timeout.
[2022-12-20 10:22:00.104485 +0100][Error  ][XRootD            ] [xrootd.ba.infn.it:1094] Impossible to send message kXR_open (file: /store/user/alesauva/flashgg/UL2017_4/10_6_4/WHiggs0L1ToGG_M125_TuneCP5_13TeV-JHUGenV7011-pythia8/UL2017_4-10_6_4-v0-RunIISummer19UL17MiniAOD-106X_mc2017_realistic_v6-v2/200720_155007/0000/myMicroAODOutputFile_15.root?tried=stor93.datagrid.cea.fr, mode: 0660, flags: kXR_open_read kXR_async kXR_retstat ). Trying to recover.
Begin processing the 1001st record. Run 1, Event 236510, LumiSection 2366 on stream 0 at 20-Dec-2022 10:25:58.708 CET
[2022-12-20 10:27:54.926616 +0100][Error  ][AsyncSock         ] [xrootd.ba.infn.it:1094 #0.0] Socket error while handshaking: [ERROR] Socket timeout
[2022-12-20 10:27:54.928115 +0100][Error  ][PostMaster        ] [xrootd.ba.infn.it:1094 #0] elapsed = 45, pConnectionWindow = 31 seconds.
Begin processing the 2001st record. Run 1, Event 237506, LumiSection 2376 on stream 0 at 20-Dec-2022 10:28:19.919 CET
[2022-12-20 10:28:39.172735 +0100][Error  ][AsyncSock         ] [xrootd.ba.infn.it:1094 #0.0] Socket error while handshaking: [ERROR] Socket timeout
[2022-12-20 10:28:39.172901 +0100][Error  ][PostMaster        ] [xrootd.ba.infn.it:1094 #0] elapsed = 45, pConnectionWindow = 31 seconds.
[2022-12-20 10:28:39.172916 +0100][Error  ][PostMaster        ] [xrootd.ba.infn.it:1094 #0] Unable to recover: [ERROR] Socket timeout.
[2022-12-20 10:28:39.172928 +0100][Error  ][XRootD            ] [xrootd.ba.infn.it:1094] Impossible to send message kXR_open (file: /store/user/alesauva/flashgg/UL2017_4/10_6_4/WHiggs0L1ToGG_M125_TuneCP5_13TeV-JHUGenV7011-pythia8/UL2017_4-10_6_4-v0-RunIISummer19UL17MiniAOD-106X_mc2017_realistic_v6-v2/200720_155007/0000/myMicroAODOutputFile_15.root?tried=stor93.datagrid.cea.fr, mode: 0460, flags: kXR_open_read kXR_async kXR_retstat ). Trying to recover.
Begin processing the 3001st record. Run 1, Event 349505, LumiSection 3496 on stream 0 at 20-Dec-2022 10:30:46.028 CET
Begin processing the 4001st record. Run 1, Event 531004, LumiSection 5311 on stream 0 at 20-Dec-2022 10:33:13.717 CET
Begin processing the 5001st record. Run 1, Event 587506, LumiSection 5876 on stream 0 at 20-Dec-2022 10:35:35.682 CET
[2022-12-20 10:35:37.493815 +0100][Error  ][AsyncSock         ] [xrootd.ba.infn.it:1094 #0.0] Socket error while handshaking: [ERROR] Socket timeout
[2022-12-20 10:35:37.494270 +0100][Error  ][PostMaster        ] [xrootd.ba.infn.it:1094 #0] elapsed = 45, pConnectionWindow = 31 seconds.
[2022-12-20 10:36:22.742734 +0100][Error  ][AsyncSock         ] [xrootd.ba.infn.it:1094 #0.0] Socket error while handshaking: [ERROR] Socket timeout
[2022-12-20 10:36:22.742873 +0100][Error  ][PostMaster        ] [xrootd.ba.infn.it:1094 #0] elapsed = 45, pConnectionWindow = 31 seconds.
[2022-12-20 10:36:22.742912 +0100][Error  ][PostMaster        ] [xrootd.ba.infn.it:1094 #0] Unable to recover: [ERROR] Socket timeout.
[2022-12-20 10:36:22.742929 +0100][Error  ][XRootD            ] [xrootd.ba.infn.it:1094] Impossible to send message kXR_open (file: /store/user/alesauva/flashgg/UL2017_4/10_6_4/WHiggs0L1ToGG_M125_TuneCP5_13TeV-JHUGenV7011-pythia8/UL2017_4-10_6_4-v0-RunIISummer19UL17MiniAOD-106X_mc2017_realistic_v6-v2/200720_155007/0000/myMicroAODOutputFile_15.root?tried=stor93.datagrid.cea.fr, mode: 0660, flags: kXR_open_read kXR_async kXR_retstat ). Trying to recover.
Begin processing the 6001st record. Run 1, Event 28002, LumiSection 281 on stream 0 at 20-Dec-2022 10:37:54.736 CET
Begin processing the 7001st record. Run 1, Event 29012, LumiSection 291 on stream 0 at 20-Dec-2022 10:40:12.488 CET
Begin processing the 8001st record. Run 1, Event 30008, LumiSection 301 on stream 0 at 20-Dec-2022 10:42:33.371 CET
[2022-12-20 10:44:28.899517 +0100][Error  ][AsyncSock         ] [xrootd.ba.infn.it:1094 #0.0] Socket error while handshaking: [ERROR] Socket timeout
[2022-12-20 10:44:28.899966 +0100][Error  ][PostMaster        ] [xrootd.ba.infn.it:1094 #0] elapsed = 45, pConnectionWindow = 31 seconds.
Begin processing the 9001st record. Run 1, Event 33407, LumiSection 335 on stream 0 at 20-Dec-2022 10:44:57.775 CET
[2022-12-20 10:45:13.126822 +0100][Error  ][AsyncSock         ] [xrootd.ba.infn.it:1094 #0.0] Socket error while handshaking: [ERROR] Socket timeout
[2022-12-20 10:45:13.126961 +0100][Error  ][PostMaster        ] [xrootd.ba.infn.it:1094 #0] elapsed = 45, pConnectionWindow = 31 seconds.
[2022-12-20 10:45:13.126974 +0100][Error  ][PostMaster        ] [xrootd.ba.infn.it:1094 #0] Unable to recover: [ERROR] Socket timeout.
[2022-12-20 10:45:13.126991 +0100][Error  ][XRootD            ] [xrootd.ba.infn.it:1094] Impossible to send message kXR_open (file: /store/user/alesauva/flashgg/UL2017_4/10_6_4/WHiggs0L1ToGG_M125_TuneCP5_13TeV-JHUGenV7011-pythia8/UL2017_4-10_6_4-v0-RunIISummer19UL17MiniAOD-106X_mc2017_realistic_v6-v2/200720_155007/0000/myMicroAODOutputFile_15.root?tried=stor93.datagrid.cea.fr, mode: 0660, flags: kXR_open_read kXR_async kXR_retstat ). Trying to recover.
Begin processing the 10001st record. Run 1, Event 34401, LumiSection 345 on stream 0 at 20-Dec-2022 10:47:22.218 CET
Begin processing the 11001st record. Run 1, Event 35401, LumiSection 355 on stream 0 at 20-Dec-2022 10:49:38.414 CET
Begin processing the 12001st record. Run 1, Event 98612, LumiSection 987 on stream 0 at 20-Dec-2022 10:52:11.169 CET
[2022-12-20 10:53:32.447328 +0100][Error  ][AsyncSock         ] [xrootd.ba.infn.it:1094 #0.0] Socket error while handshaking: [ERROR] Socket timeout
[2022-12-20 10:53:32.447786 +0100][Error  ][PostMaster        ] [xrootd.ba.infn.it:1094 #0] elapsed = 45, pConnectionWindow = 31 seconds.
[2022-12-20 10:54:17.670715 +0100][Error  ][AsyncSock         ] [xrootd.ba.infn.it:1094 #0.0] Socket error while handshaking: [ERROR] Socket timeout
[2022-12-20 10:54:17.670871 +0100][Error  ][PostMaster        ] [xrootd.ba.infn.it:1094 #0] elapsed = 45, pConnectionWindow = 31 seconds.
[2022-12-20 10:54:17.670883 +0100][Error  ][PostMaster        ] [xrootd.ba.infn.it:1094 #0] Unable to recover: [ERROR] Socket timeout.
[2022-12-20 10:54:17.670913 +0100][Error  ][XRootD            ] [xrootd.ba.infn.it:1094] Impossible to send message kXR_open (file: /store/user/alesauva/flashgg/UL2017_4/10_6_4/WHiggs0L1ToGG_M125_TuneCP5_13TeV-JHUGenV7011-pythia8/UL2017_4-10_6_4-v0-RunIISummer19UL17MiniAOD-106X_mc2017_realistic_v6-v2/200720_155007/0000/myMicroAODOutputFile_15.root?tried=stor93.datagrid.cea.fr, mode: 0660, flags: kXR_open_read kXR_async kXR_retstat ). Trying to recover.
Begin processing the 13001st record. Run 1, Event 160402, LumiSection 1605 on stream 0 at 20-Dec-2022 10:54:38.095 CET
Begin processing the 14001st record. Run 1, Event 161703, LumiSection 1618 on stream 0 at 20-Dec-2022 10:56:59.535 CET
[2022-12-20 10:58:02.663355 +0100][Error  ][AsyncSock         ] [xrootd.ba.infn.it:1094 #0.0] Socket error while handshaking: [ERROR] Socket timeout
[2022-12-20 10:58:02.663806 +0100][Error  ][PostMaster        ] [xrootd.ba.infn.it:1094 #0] elapsed = 45, pConnectionWindow = 31 seconds.
[2022-12-20 10:58:47.912767 +0100][Error  ][AsyncSock         ] [xrootd.ba.infn.it:1094 #0.0] Socket error while handshaking: [ERROR] Socket timeout
[2022-12-20 10:58:47.912912 +0100][Error  ][PostMaster        ] [xrootd.ba.infn.it:1094 #0] elapsed = 45, pConnectionWindow = 31 seconds.
[2022-12-20 10:58:47.912926 +0100][Error  ][PostMaster        ] [xrootd.ba.infn.it:1094 #0] Unable to recover: [ERROR] Socket timeout.
[2022-12-20 10:58:47.912935 +0100][Error  ][XRootD            ] [xrootd.ba.infn.it:1094] Impossible to send message kXR_open (file: /store/user/alesauva/flashgg/UL2017_4/10_6_4/WHiggs0L1ToGG_M125_TuneCP5_13TeV-JHUGenV7011-pythia8/UL2017_4-10_6_4-v0-RunIISummer19UL17MiniAOD-106X_mc2017_realistic_v6-v2/200720_155007/0000/myMicroAODOutputFile_15.root?tried=stor93.datagrid.cea.fr, mode: 0660, flags: kXR_open_read kXR_async kXR_retstat ). Trying to recover.
Begin processing the 15001st record. Run 1, Event 155106, LumiSection 1552 on stream 0 at 20-Dec-2022 10:59:26.892 CET
Begin processing the 16001st record. Run 1, Event 163908, LumiSection 1640 on stream 0 at 20-Dec-2022 11:02:05.477 CET
[2022-12-20 11:02:49.933646 +0100][Error  ][AsyncSock         ] [xrootd.ba.infn.it:1094 #0.0] Socket error while handshaking: [ERROR] Socket timeout
[2022-12-20 11:02:49.933997 +0100][Error  ][PostMaster        ] [xrootd.ba.infn.it:1094 #0] elapsed = 45, pConnectionWindow = 31 seconds.
[2022-12-20 11:03:35.184246 +0100][Error  ][AsyncSock         ] [xrootd.ba.infn.it:1094 #0.0] Socket error while handshaking: [ERROR] Socket timeout
[2022-12-20 11:03:35.184747 +0100][Error  ][PostMaster        ] [xrootd.ba.infn.it:1094 #0] elapsed = 46, pConnectionWindow = 31 seconds.
[2022-12-20 11:03:35.184763 +0100][Error  ][PostMaster        ] [xrootd.ba.infn.it:1094 #0] Unable to recover: [ERROR] Socket timeout.
[2022-12-20 11:03:35.184774 +0100][Error  ][XRootD            ] [xrootd.ba.infn.it:1094] Impossible to send message kXR_open (file: /store/user/alesauva/flashgg/UL2017_4/10_6_4/WHiggs0L1ToGG_M125_TuneCP5_13TeV-JHUGenV7011-pythia8/UL2017_4-10_6_4-v0-RunIISummer19UL17MiniAOD-106X_mc2017_realistic_v6-v2/200720_155007/0000/myMicroAODOutputFile_15.root?tried=stor93.datagrid.cea.fr, mode: 0660, flags: kXR_open_read kXR_async kXR_retstat ). Trying to recover.
Begin processing the 17001st record. Run 1, Event 352110, LumiSection 3522 on stream 0 at 20-Dec-2022 11:04:59.457 CET
Begin processing the 18001st record. Run 1, Event 353110, LumiSection 3532 on stream 0 at 20-Dec-2022 11:07:29.024 CET
[2022-12-20 11:07:53.724739 +0100][Error  ][AsyncSock         ] [xrootd.ba.infn.it:1094 #0.0] Socket error while handshaking: [ERROR] Socket timeout
[2022-12-20 11:07:53.724892 +0100][Error  ][PostMaster        ] [xrootd.ba.infn.it:1094 #0] elapsed = 45, pConnectionWindow = 31 seconds.
[2022-12-20 11:08:38.977881 +0100][Error  ][AsyncSock         ] [xrootd.ba.infn.it:1094 #0.0] Socket error while handshaking: [ERROR] Socket timeout
[2022-12-20 11:08:38.978041 +0100][Error  ][PostMaster        ] [xrootd.ba.infn.it:1094 #0] elapsed = 45, pConnectionWindow = 31 seconds.
[2022-12-20 11:08:38.978074 +0100][Error  ][PostMaster        ] [xrootd.ba.infn.it:1094 #0] Unable to recover: [ERROR] Socket timeout.
[2022-12-20 11:08:38.978085 +0100][Error  ][XRootD            ] [xrootd.ba.infn.it:1094] Impossible to send message kXR_open (file: /store/user/alesauva/flashgg/UL2017_4/10_6_4/WHiggs0L1ToGG_M125_TuneCP5_13TeV-JHUGenV7011-pythia8/UL2017_4-10_6_4-v0-RunIISummer19UL17MiniAOD-106X_mc2017_realistic_v6-v2/200720_155007/0000/myMicroAODOutputFile_15.root?tried=stor93.datagrid.cea.fr, mode: 0660, flags: kXR_open_read kXR_async kXR_retstat ). Trying to recover.
Begin processing the 19001st record. Run 1, Event 354108, LumiSection 3542 on stream 0 at 20-Dec-2022 11:10:09.468 CET
Begin processing the 20001st record. Run 1, Event 483608, LumiSection 4837 on stream 0 at 20-Dec-2022 11:12:49.849 CET
[2022-12-20 11:12:53.508983 +0100][Error  ][AsyncSock         ] [xrootd.ba.infn.it:1094 #0.0] Socket error while handshaking: [ERROR] Socket timeout
[2022-12-20 11:12:53.509123 +0100][Error  ][PostMaster        ] [xrootd.ba.infn.it:1094 #0] elapsed = 45, pConnectionWindow = 31 seconds.
[2022-12-20 11:13:38.744714 +0100][Error  ][AsyncSock         ] [xrootd.ba.infn.it:1094 #0.0] Socket error while handshaking: [ERROR] Socket timeout
[2022-12-20 11:13:38.744876 +0100][Error  ][PostMaster        ] [xrootd.ba.infn.it:1094 #0] elapsed = 45, pConnectionWindow = 31 seconds.
[2022-12-20 11:13:38.744889 +0100][Error  ][PostMaster        ] [xrootd.ba.infn.it:1094 #0] Unable to recover: [ERROR] Socket timeout.
[2022-12-20 11:13:38.744901 +0100][Error  ][XRootD            ] [xrootd.ba.infn.it:1094] Impossible to send message kXR_open (file: /store/user/alesauva/flashgg/UL2017_4/10_6_4/WHiggs0L1ToGG_M125_TuneCP5_13TeV-JHUGenV7011-pythia8/UL2017_4-10_6_4-v0-RunIISummer19UL17MiniAOD-106X_mc2017_realistic_v6-v2/200720_155007/0000/myMicroAODOutputFile_15.root?tried=stor93.datagrid.cea.fr, mode: 0660, flags: kXR_open_read kXR_async kXR_retstat ). Trying to recover.
Begin processing the 21001st record. Run 1, Event 484609, LumiSection 4847 on stream 0 at 20-Dec-2022 11:15:24.474 CET
[2022-12-20 11:17:50.857673 +0100][Error  ][AsyncSock         ] [xrootd.ba.infn.it:1094 #0.0] Socket error while handshaking: [ERROR] Socket timeout
[2022-12-20 11:17:50.876908 +0100][Error  ][PostMaster        ] [xrootd.ba.infn.it:1094 #0] elapsed = 45, pConnectionWindow = 31 seconds.
Begin processing the 22001st record. Run 1, Event 485603, LumiSection 4857 on stream 0 at 20-Dec-2022 11:18:00.674 CET
[2022-12-20 11:18:35.116823 +0100][Error  ][AsyncSock         ] [xrootd.ba.infn.it:1094 #0.0] Socket error while handshaking: [ERROR] Socket timeout
[2022-12-20 11:18:35.116923 +0100][Error  ][PostMaster        ] [xrootd.ba.infn.it:1094 #0] elapsed = 45, pConnectionWindow = 31 seconds.
[2022-12-20 11:18:35.116931 +0100][Error  ][PostMaster        ] [xrootd.ba.infn.it:1094 #0] Unable to recover: [ERROR] Socket timeout.
[2022-12-20 11:18:35.116939 +0100][Error  ][XRootD            ] [xrootd.ba.infn.it:1094] Impossible to send message kXR_open (file: /store/user/alesauva/flashgg/UL2017_4/10_6_4/WHiggs0L1ToGG_M125_TuneCP5_13TeV-JHUGenV7011-pythia8/UL2017_4-10_6_4-v0-RunIISummer19UL17MiniAOD-106X_mc2017_realistic_v6-v2/200720_155007/0000/myMicroAODOutputFile_15.root?tried=stor93.datagrid.cea.fr, mode: 0660, flags: kXR_open_read kXR_async kXR_retstat ). Trying to recover.
Begin processing the 23001st record. Run 1, Event 210801, LumiSection 2109 on stream 0 at 20-Dec-2022 11:20:29.804 CET
[2022-12-20 11:22:40.550786 +0100][Error  ][AsyncSock         ] [xrootd.ba.infn.it:1094 #0.0] Socket error while handshaking: [ERROR] Socket timeout
[2022-12-20 11:22:40.550969 +0100][Error  ][PostMaster        ] [xrootd.ba.infn.it:1094 #0] elapsed = 45, pConnectionWindow = 31 seconds.
Begin processing the 24001st record. Run 1, Event 432611, LumiSection 4327 on stream 0 at 20-Dec-2022 11:23:09.854 CET
[2022-12-20 11:23:25.814737 +0100][Error  ][AsyncSock         ] [xrootd.ba.infn.it:1094 #0.0] Socket error while handshaking: [ERROR] Socket timeout
[2022-12-20 11:23:25.814899 +0100][Error  ][PostMaster        ] [xrootd.ba.infn.it:1094 #0] elapsed = 45, pConnectionWindow = 31 seconds.
[2022-12-20 11:23:25.814909 +0100][Error  ][PostMaster        ] [xrootd.ba.infn.it:1094 #0] Unable to recover: [ERROR] Socket timeout.
[2022-12-20 11:23:25.814920 +0100][Error  ][XRootD            ] [xrootd.ba.infn.it:1094] Impossible to send message kXR_open (file: /store/user/alesauva/flashgg/UL2017_4/10_6_4/WHiggs0L1ToGG_M125_TuneCP5_13TeV-JHUGenV7011-pythia8/UL2017_4-10_6_4-v0-RunIISummer19UL17MiniAOD-106X_mc2017_realistic_v6-v2/200720_155007/0000/myMicroAODOutputFile_15.root?tried=stor93.datagrid.cea.fr, mode: 0660, flags: kXR_open_read kXR_async kXR_retstat ). Trying to recover.
20-Dec-2022 11:25:42 CET  Closed file root://cms-xrd-global.cern.ch//store/user/alesauva/flashgg/UL2017_4/10_6_4/WHiggs0L1ToGG_M125_TuneCP5_13TeV-JHUGenV7011-pythia8/UL2017_4-10_6_4-v0-RunIISummer19UL17MiniAOD-106X_mc2017_realistic_v6-v2/200720_155007/0000/myMicroAODOutputFile_15.root

TrigReport ---------- Event  Summary ------------
TrigReport Events total = 25000 passed = 24638 failed = 362

TrigReport ---------- Path   Summary ------------
TrigReport  Trig Bit#   Executed     Passed     Failed      Error Name
TrigReport     1    0      25000      24638        362          0 p

TrigReport -------End-Path   Summary ------------
TrigReport  Trig Bit#   Executed     Passed     Failed      Error Name

TrigReport ---------- Modules in Path: p ------------
TrigReport  Trig Bit#    Visited     Passed     Failed      Error Name
TrigReport     1    0      25000      24638        362          0 flashggMetFilters
TrigReport     1    1      24638      24638          0          0 VHFilter
TrigReport     1    2      24638      24638          0          0 flashggDifferentialPhoIdInputsCorrection
TrigReport     1    3      24638      24638          0          0 flashggDiPhotonSystematics
TrigReport     1    4      24638      24638          0          0 flashggMetSystematics
TrigReport     1    5      24638      24638          0          0 flashggMuonSystematics
TrigReport     1    6      24638      24638          0          0 flashggElectronSystematics
TrigReport     1    7      24638      24638          0          0 flashggUnpackedJets
TrigReport     1    8      24638      24638          0          0 flashggJetSystematics0
TrigReport     1    9      24638      24638          0          0 flashggJetSystematics1
TrigReport     1   10      24638      24638          0          0 flashggJetSystematics2
TrigReport     1   11      24638      24638          0          0 flashggJetSystematics3
TrigReport     1   12      24638      24638          0          0 flashggJetSystematics4
TrigReport     1   13      24638      24638          0          0 flashggJetSystematics5
TrigReport     1   14      24638      24638          0          0 flashggJetSystematics6
TrigReport     1   15      24638      24638          0          0 flashggJetSystematics7
TrigReport     1   16      24638      24638          0          0 flashggJetSystematics8
TrigReport     1   17      24638      24638          0          0 flashggJetSystematics9
TrigReport     1   18      24638      24638          0          0 flashggJetSystematics10
TrigReport     1   19      24638      24638          0          0 flashggJetSystematics11
TrigReport     1   20      24638      24638          0          0 flashggPrefireDiPhotons
TrigReport     1   21      24638      24638          0          0 flashggPreselectedDiPhotons
TrigReport     1   22      24638      24638          0          0 flashggDiPhotonMVA
TrigReport     1   23      24638      24638          0          0 flashggVBFMVA
TrigReport     1   24      24638      24638          0          0 flashggVHhadMVA
TrigReport     1   25      24638      24638          0          0 flashggGluGluHMVA
TrigReport     1   26      24638      24638          0          0 flashggStageOneCombinedTag
TrigReport     1   27      24638      24638          0          0 flashggTHQLeptonicTag
TrigReport     1   28      24638      24638          0          0 flashggVHMetTag
TrigReport     1   29      24638      24638          0          0 flashggWHLeptonicTag
TrigReport     1   30      24638      24638          0          0 flashggZHLeptonicTag
TrigReport     1   31      24638      24638          0          0 flashggTTHLeptonicTag
TrigReport     1   32      24638      24638          0          0 flashggTTHHadronicTag
TrigReport     1   33      24638      24638          0          0 flashggTagSorter
TrigReport     1   34      24638      24638          0          0 flashggSystTagMerger
TrigReport     1   35      24638      24638          0          0 tagsDumper

TrigReport ---------- Module Summary ------------
TrigReport    Visited   Executed     Passed     Failed      Error Name
TrigReport      25000      25000      25000          0          0 TriggerResults
TrigReport      24638      24638      24638          0          0 VHFilter
TrigReport      24638      24638      24638          0          0 ak4PFCHSL1FastL2L3Corrector
TrigReport      24638      24638      24638          0          0 ak4PFCHSL1FastjetCorrector
TrigReport      24638      24638      24638          0          0 ak4PFCHSL2RelativeCorrector
TrigReport      24638      24638      24638          0          0 ak4PFCHSL3AbsoluteCorrector
TrigReport      24638      24638      24638          0          0 flashggDiPhotonMVA
TrigReport      24638      24638      24638          0          0 flashggDiPhotonSystematics
TrigReport      24638      24638      24638          0          0 flashggDifferentialPhoIdInputsCorrection
TrigReport      24638      24638      24638          0          0 flashggElectronSystematics
TrigReport      24638      24638      24638          0          0 flashggGluGluHMVA
TrigReport      24638      24638      24638          0          0 flashggJetSystematics0
TrigReport      24638      24638      24638          0          0 flashggJetSystematics1
TrigReport      24638      24638      24638          0          0 flashggJetSystematics10
TrigReport      24638      24638      24638          0          0 flashggJetSystematics11
TrigReport      24638      24638      24638          0          0 flashggJetSystematics2
TrigReport      24638      24638      24638          0          0 flashggJetSystematics3
TrigReport      24638      24638      24638          0          0 flashggJetSystematics4
TrigReport      24638      24638      24638          0          0 flashggJetSystematics5
TrigReport      24638      24638      24638          0          0 flashggJetSystematics6
TrigReport      24638      24638      24638          0          0 flashggJetSystematics7
TrigReport      24638      24638      24638          0          0 flashggJetSystematics8
TrigReport      24638      24638      24638          0          0 flashggJetSystematics9
TrigReport      25000      25000      24638        362          0 flashggMetFilters
TrigReport      24638      24638      24638          0          0 flashggMetSystematics
TrigReport      24638      24638      24638          0          0 flashggMuonSystematics
TrigReport      24638      24638      24638          0          0 flashggPrefireDiPhotons
TrigReport      24638      24638      24638          0          0 flashggPreselectedDiPhotons
TrigReport      24638      24638      24638          0          0 flashggStageOneCombinedTag
TrigReport      24638      24638      24638          0          0 flashggSystTagMerger
TrigReport      24638      24638      24638          0          0 flashggTHQLeptonicTag
TrigReport      24638      24638      24638          0          0 flashggTTHHadronicTag
TrigReport      24638      24638      24638          0          0 flashggTTHLeptonicTag
TrigReport      24638      24638      24638          0          0 flashggTagSorter
TrigReport      24638      24638      24638          0          0 flashggUnpackedJets
TrigReport      24638      24638      24638          0          0 flashggVBFMVA
TrigReport      24638      24638      24638          0          0 flashggVHMetTag
TrigReport      24638      24638      24638          0          0 flashggVHhadMVA
TrigReport      24638      24638      24638          0          0 flashggWHLeptonicTag
TrigReport      24638      24638      24638          0          0 flashggZHLeptonicTag
TrigReport      25000      25000      25000          0          0 p
TrigReport      24638      24638      24638          0          0 tagsDumper

TimeReport ---------- Event  Summary ---[sec]----
TimeReport       event loop CPU/event = 0.150020
TimeReport      event loop Real/event = 0.156477
TimeReport     sum Streams Real/event = 0.151995
TimeReport efficiency CPU/Real/thread = 0.958738

TimeReport ---------- Path   Summary ---[Real sec]----
TimeReport  per event     per exec  Name
TimeReport   0.151500     0.151500  p
TimeReport  per event     per exec  Name

TimeReport -------End-Path   Summary ---[Real sec]----
TimeReport  per event     per exec  Name
TimeReport  per event     per exec  Name

TimeReport ---------- Modules in Path: p ---[Real sec]----
TimeReport  per event    per visit  Name
TimeReport   0.000017     0.000017  flashggMetFilters
TimeReport   0.000006     0.000006  VHFilter
TimeReport   0.082775     0.083991  flashggDifferentialPhoIdInputsCorrection
TimeReport   0.048927     0.049646  flashggDiPhotonSystematics
TimeReport   0.000249     0.000253  flashggMetSystematics
TimeReport   0.000051     0.000052  flashggMuonSystematics
TimeReport   0.000042     0.000043  flashggElectronSystematics
TimeReport   0.000234     0.000237  flashggUnpackedJets
TimeReport   0.003977     0.004035  flashggJetSystematics0
TimeReport   0.000760     0.000772  flashggJetSystematics1
TimeReport   0.000684     0.000694  flashggJetSystematics2
TimeReport   0.000661     0.000670  flashggJetSystematics3
TimeReport   0.000655     0.000664  flashggJetSystematics4
TimeReport   0.000645     0.000655  flashggJetSystematics5
TimeReport   0.000643     0.000652  flashggJetSystematics6
TimeReport   0.000639     0.000648  flashggJetSystematics7
TimeReport   0.000636     0.000645  flashggJetSystematics8
TimeReport   0.000636     0.000645  flashggJetSystematics9
TimeReport   0.000637     0.000646  flashggJetSystematics10
TimeReport   0.000633     0.000643  flashggJetSystematics11
TimeReport   0.000340     0.000345  flashggPrefireDiPhotons
TimeReport   0.000165     0.000167  flashggPreselectedDiPhotons
TimeReport   0.000051     0.000052  flashggDiPhotonMVA
TimeReport   0.000036     0.000037  flashggVBFMVA
TimeReport   0.000020     0.000020  flashggVHhadMVA
TimeReport   0.000060     0.000061  flashggGluGluHMVA
TimeReport   0.000037     0.000037  flashggStageOneCombinedTag
TimeReport   0.000494     0.000501  flashggTHQLeptonicTag
TimeReport   0.000398     0.000404  flashggVHMetTag
TimeReport   0.000045     0.000046  flashggWHLeptonicTag
TimeReport   0.000020     0.000020  flashggZHLeptonicTag
TimeReport   0.000712     0.000723  flashggTTHLeptonicTag
TimeReport   0.002304     0.002338  flashggTTHHadronicTag
TimeReport   0.000092     0.000094  flashggTagSorter
TimeReport   0.000004     0.000004  flashggSystTagMerger
TimeReport   0.000387     0.000393  tagsDumper
TimeReport  per event    per visit  Name

TimeReport ---------- Module Summary ---[Real sec]----
TimeReport  per event     per exec    per visit  Name
TimeReport   0.000002     0.000002     0.000002  TriggerResults
TimeReport   0.000006     0.000006     0.000006  VHFilter
TimeReport   0.000003     0.000003     0.000003  ak4PFCHSL1FastL2L3Corrector
TimeReport   0.000004     0.000004     0.000004  ak4PFCHSL1FastjetCorrector
TimeReport   0.000002     0.000002     0.000002  ak4PFCHSL2RelativeCorrector
TimeReport   0.000014     0.000014     0.000014  ak4PFCHSL3AbsoluteCorrector
TimeReport   0.000051     0.000052     0.000052  flashggDiPhotonMVA
TimeReport   0.048927     0.049646     0.049646  flashggDiPhotonSystematics
TimeReport   0.082775     0.083991     0.083991  flashggDifferentialPhoIdInputsCorrection
TimeReport   0.000042     0.000043     0.000043  flashggElectronSystematics
TimeReport   0.000060     0.000061     0.000061  flashggGluGluHMVA
TimeReport   0.003977     0.004035     0.004035  flashggJetSystematics0
TimeReport   0.000760     0.000772     0.000772  flashggJetSystematics1
TimeReport   0.000637     0.000646     0.000646  flashggJetSystematics10
TimeReport   0.000633     0.000643     0.000643  flashggJetSystematics11
TimeReport   0.000684     0.000694     0.000694  flashggJetSystematics2
TimeReport   0.000661     0.000670     0.000670  flashggJetSystematics3
TimeReport   0.000655     0.000664     0.000664  flashggJetSystematics4
TimeReport   0.000645     0.000655     0.000655  flashggJetSystematics5
TimeReport   0.000643     0.000652     0.000652  flashggJetSystematics6
TimeReport   0.000639     0.000648     0.000648  flashggJetSystematics7
TimeReport   0.000636     0.000645     0.000645  flashggJetSystematics8
TimeReport   0.000636     0.000645     0.000645  flashggJetSystematics9
TimeReport   0.000017     0.000017     0.000017  flashggMetFilters
TimeReport   0.000249     0.000253     0.000253  flashggMetSystematics
TimeReport   0.000051     0.000052     0.000052  flashggMuonSystematics
TimeReport   0.000340     0.000345     0.000345  flashggPrefireDiPhotons
TimeReport   0.000165     0.000167     0.000167  flashggPreselectedDiPhotons
TimeReport   0.000037     0.000037     0.000037  flashggStageOneCombinedTag
TimeReport   0.000004     0.000004     0.000004  flashggSystTagMerger
TimeReport   0.000494     0.000501     0.000501  flashggTHQLeptonicTag
TimeReport   0.002304     0.002338     0.002338  flashggTTHHadronicTag
TimeReport   0.000712     0.000723     0.000723  flashggTTHLeptonicTag
TimeReport   0.000092     0.000094     0.000094  flashggTagSorter
TimeReport   0.000234     0.000237     0.000237  flashggUnpackedJets
TimeReport   0.000036     0.000037     0.000037  flashggVBFMVA
TimeReport   0.000398     0.000404     0.000404  flashggVHMetTag
TimeReport   0.000020     0.000020     0.000020  flashggVHhadMVA
TimeReport   0.000045     0.000046     0.000046  flashggWHLeptonicTag
TimeReport   0.000020     0.000020     0.000020  flashggZHLeptonicTag
TimeReport   0.000003     0.000003     0.000003  p
TimeReport   0.000387     0.000393     0.000393  tagsDumper
TimeReport  per event     per exec    per visit  Name

T---Report end!


=============================================

MessageLogger Summary

 type     category        sev    module        subroutine        count    total
 ---- -------------------- -- ---------------- ----------------  -----    -----
    1 XrdAdaptor           -w file_open                              1        1
    2 fileAction           -s file_close                             1        1
    3 fileAction           -s file_open                              2        2

 type    category    Examples: run/evt        run/evt          run/evt
 ---- -------------------- ---------------- ---------------- ----------------
    1 XrdAdaptor           pre-events                        
    2 fileAction           PostGlobalEndRun                  
    3 fileAction           pre-events       pre-events       

Severity    # Occurrences   Total Occurrences
--------    -------------   -----------------
Warning                 1                   1
System                  3                   3

dropped waiting message count 0
