mkdir: cannot create directory '/afs/cern.ch/user/x/xisu/private/local/Analysis_workspace/VH_AC_tmp1/flashgg_d2/CMSSW_10_6_29/src/flashgg/VHAC_Analysis_Met/UL_17/UL_17_wh125': File exists
/cvmfs/cms.cern.ch/slc7_amd64_gcc700/external/py2-requests/2.21.0-pafccj2/lib/python2.7/site-packages/requests/__init__.py:91: RequestsDependencyWarning: urllib3 (1.25.2) or chardet (3.0.4) doesn't match a supported version!
  RequestsDependencyWarning)
20-Dec-2022 10:05:13 CET  Initiating request to open file root://cms-xrd-global.cern.ch//store/user/alesauva/flashgg/UL2017_4/10_6_4/WHiggs0L1ToGG_M125_TuneCP5_13TeV-JHUGenV7011-pythia8/UL2017_4-10_6_4-v0-RunIISummer19UL17MiniAOD-106X_mc2017_realistic_v6-v2/200720_155007/0000/myMicroAODOutputFile_2.root
%MSG-w XrdAdaptor:  file_open 20-Dec-2022 10:05:15 CET pre-events
Data is served from GRIF-IRFU instead of original site CERN-CMSGLOBAL-01
%MSG
20-Dec-2022 10:05:17 CET  Successfully opened file root://cms-xrd-global.cern.ch//store/user/alesauva/flashgg/UL2017_4/10_6_4/WHiggs0L1ToGG_M125_TuneCP5_13TeV-JHUGenV7011-pythia8/UL2017_4-10_6_4-v0-RunIISummer19UL17MiniAOD-106X_mc2017_realistic_v6-v2/200720_155007/0000/myMicroAODOutputFile_2.root
2022-12-20 10:15:33.296225: I tensorflow/core/platform/cpu_feature_guard.cc:140] Your CPU supports instructions that this TensorFlow binary was not compiled to use: SSE4.1 SSE4.2 AVX AVX2 FMA
Begin processing the 1st record. Run 1, Event 184208, LumiSection 1843 on stream 0 at 20-Dec-2022 10:16:13.258 CET
[2022-12-20 10:17:01.447698 +0100][Error  ][AsyncSock         ] [xrootd.ba.infn.it:1094 #0.0] Socket error while handshaking: [ERROR] Socket timeout
[2022-12-20 10:17:01.447877 +0100][Error  ][PostMaster        ] [xrootd.ba.infn.it:1094 #0] elapsed = 45, pConnectionWindow = 31 seconds.
[2022-12-20 10:17:46.616863 +0100][Error  ][AsyncSock         ] [xrootd.ba.infn.it:1094 #0.0] Socket error while handshaking: [ERROR] Socket timeout
[2022-12-20 10:17:46.617023 +0100][Error  ][PostMaster        ] [xrootd.ba.infn.it:1094 #0] elapsed = 45, pConnectionWindow = 31 seconds.
[2022-12-20 10:17:46.617108 +0100][Error  ][PostMaster        ] [xrootd.ba.infn.it:1094 #0] Unable to recover: [ERROR] Socket timeout.
[2022-12-20 10:17:46.617130 +0100][Error  ][XRootD            ] [xrootd.ba.infn.it:1094] Impossible to send message kXR_open (file: /store/user/alesauva/flashgg/UL2017_4/10_6_4/WHiggs0L1ToGG_M125_TuneCP5_13TeV-JHUGenV7011-pythia8/UL2017_4-10_6_4-v0-RunIISummer19UL17MiniAOD-106X_mc2017_realistic_v6-v2/200720_155007/0000/myMicroAODOutputFile_2.root?tried=stor96.datagrid.cea.fr, mode: 0460, flags: kXR_open_read kXR_async kXR_retstat ). Trying to recover.
Begin processing the 1001st record. Run 1, Event 185203, LumiSection 1853 on stream 0 at 20-Dec-2022 10:20:10.544 CET
Begin processing the 2001st record. Run 1, Event 186204, LumiSection 1863 on stream 0 at 20-Dec-2022 10:22:00.622 CET
[2022-12-20 10:22:30.450369 +0100][Error  ][AsyncSock         ] [xrootd.ba.infn.it:1094 #0.0] Socket error while handshaking: [ERROR] Socket timeout
[2022-12-20 10:22:30.450517 +0100][Error  ][PostMaster        ] [xrootd.ba.infn.it:1094 #0] elapsed = 45, pConnectionWindow = 31 seconds.
[2022-12-20 10:23:15.693393 +0100][Error  ][AsyncSock         ] [xrootd.ba.infn.it:1094 #0.0] Socket error while handshaking: [ERROR] Socket timeout
[2022-12-20 10:23:15.693537 +0100][Error  ][PostMaster        ] [xrootd.ba.infn.it:1094 #0] elapsed = 45, pConnectionWindow = 31 seconds.
[2022-12-20 10:23:15.693547 +0100][Error  ][PostMaster        ] [xrootd.ba.infn.it:1094 #0] Unable to recover: [ERROR] Socket timeout.
[2022-12-20 10:23:15.693557 +0100][Error  ][XRootD            ] [xrootd.ba.infn.it:1094] Impossible to send message kXR_open (file: /store/user/alesauva/flashgg/UL2017_4/10_6_4/WHiggs0L1ToGG_M125_TuneCP5_13TeV-JHUGenV7011-pythia8/UL2017_4-10_6_4-v0-RunIISummer19UL17MiniAOD-106X_mc2017_realistic_v6-v2/200720_155007/0000/myMicroAODOutputFile_2.root?tried=stor96.datagrid.cea.fr, mode: 0660, flags: kXR_open_read kXR_async kXR_retstat ). Trying to recover.
Begin processing the 3001st record. Run 1, Event 187201, LumiSection 1873 on stream 0 at 20-Dec-2022 10:23:52.146 CET
Begin processing the 4001st record. Run 1, Event 188215, LumiSection 1883 on stream 0 at 20-Dec-2022 10:25:40.235 CET
Begin processing the 5001st record. Run 1, Event 189203, LumiSection 1893 on stream 0 at 20-Dec-2022 10:27:27.676 CET
[2022-12-20 10:27:41.564369 +0100][Error  ][AsyncSock         ] [xrootd.ba.infn.it:1094 #0.0] Socket error while handshaking: [ERROR] Socket timeout
[2022-12-20 10:27:41.564508 +0100][Error  ][PostMaster        ] [xrootd.ba.infn.it:1094 #0] elapsed = 45, pConnectionWindow = 31 seconds.
[2022-12-20 10:28:26.730693 +0100][Error  ][AsyncSock         ] [xrootd.ba.infn.it:1094 #0.0] Socket error while handshaking: [ERROR] Socket timeout
[2022-12-20 10:28:26.730828 +0100][Error  ][PostMaster        ] [xrootd.ba.infn.it:1094 #0] elapsed = 45, pConnectionWindow = 31 seconds.
[2022-12-20 10:28:26.730838 +0100][Error  ][PostMaster        ] [xrootd.ba.infn.it:1094 #0] Unable to recover: [ERROR] Socket timeout.
[2022-12-20 10:28:26.730867 +0100][Error  ][XRootD            ] [xrootd.ba.infn.it:1094] Impossible to send message kXR_open (file: /store/user/alesauva/flashgg/UL2017_4/10_6_4/WHiggs0L1ToGG_M125_TuneCP5_13TeV-JHUGenV7011-pythia8/UL2017_4-10_6_4-v0-RunIISummer19UL17MiniAOD-106X_mc2017_realistic_v6-v2/200720_155007/0000/myMicroAODOutputFile_2.root?tried=stor96.datagrid.cea.fr, mode: 0460, flags: kXR_open_read kXR_async kXR_retstat ). Trying to recover.
Begin processing the 6001st record. Run 1, Event 336603, LumiSection 3367 on stream 0 at 20-Dec-2022 10:29:15.916 CET
Begin processing the 7001st record. Run 1, Event 337615, LumiSection 3377 on stream 0 at 20-Dec-2022 10:31:12.652 CET
[2022-12-20 10:32:49.247378 +0100][Error  ][AsyncSock         ] [xrootd.ba.infn.it:1094 #0.0] Socket error while handshaking: [ERROR] Socket timeout
[2022-12-20 10:32:49.247505 +0100][Error  ][PostMaster        ] [xrootd.ba.infn.it:1094 #0] elapsed = 45, pConnectionWindow = 31 seconds.
Begin processing the 8001st record. Run 1, Event 338606, LumiSection 3387 on stream 0 at 20-Dec-2022 10:32:59.305 CET
[2022-12-20 10:33:34.448358 +0100][Error  ][AsyncSock         ] [xrootd.ba.infn.it:1094 #0.0] Socket error while handshaking: [ERROR] Socket timeout
[2022-12-20 10:33:34.448487 +0100][Error  ][PostMaster        ] [xrootd.ba.infn.it:1094 #0] elapsed = 45, pConnectionWindow = 31 seconds.
[2022-12-20 10:33:34.448498 +0100][Error  ][PostMaster        ] [xrootd.ba.infn.it:1094 #0] Unable to recover: [ERROR] Socket timeout.
[2022-12-20 10:33:34.448509 +0100][Error  ][XRootD            ] [xrootd.ba.infn.it:1094] Impossible to send message kXR_open (file: /store/user/alesauva/flashgg/UL2017_4/10_6_4/WHiggs0L1ToGG_M125_TuneCP5_13TeV-JHUGenV7011-pythia8/UL2017_4-10_6_4-v0-RunIISummer19UL17MiniAOD-106X_mc2017_realistic_v6-v2/200720_155007/0000/myMicroAODOutputFile_2.root?tried=stor96.datagrid.cea.fr, mode: 0660, flags: kXR_open_read kXR_async kXR_retstat ). Trying to recover.
Begin processing the 9001st record. Run 1, Event 342306, LumiSection 3424 on stream 0 at 20-Dec-2022 10:34:49.738 CET
Begin processing the 10001st record. Run 1, Event 343303, LumiSection 3434 on stream 0 at 20-Dec-2022 10:36:56.053 CET
[2022-12-20 10:38:17.854516 +0100][Error  ][AsyncSock         ] [xrootd.ba.infn.it:1094 #0.0] Socket error while handshaking: [ERROR] Socket timeout
[2022-12-20 10:38:17.854656 +0100][Error  ][PostMaster        ] [xrootd.ba.infn.it:1094 #0] elapsed = 45, pConnectionWindow = 31 seconds.
Begin processing the 11001st record. Run 1, Event 402501, LumiSection 4026 on stream 0 at 20-Dec-2022 10:38:58.260 CET
[2022-12-20 10:39:02.090351 +0100][Error  ][AsyncSock         ] [xrootd.ba.infn.it:1094 #0.0] Socket error while handshaking: [ERROR] Socket timeout
[2022-12-20 10:39:02.090455 +0100][Error  ][PostMaster        ] [xrootd.ba.infn.it:1094 #0] elapsed = 45, pConnectionWindow = 31 seconds.
[2022-12-20 10:39:02.090465 +0100][Error  ][PostMaster        ] [xrootd.ba.infn.it:1094 #0] Unable to recover: [ERROR] Socket timeout.
[2022-12-20 10:39:02.090475 +0100][Error  ][XRootD            ] [xrootd.ba.infn.it:1094] Impossible to send message kXR_open (file: /store/user/alesauva/flashgg/UL2017_4/10_6_4/WHiggs0L1ToGG_M125_TuneCP5_13TeV-JHUGenV7011-pythia8/UL2017_4-10_6_4-v0-RunIISummer19UL17MiniAOD-106X_mc2017_realistic_v6-v2/200720_155007/0000/myMicroAODOutputFile_2.root?tried=stor96.datagrid.cea.fr, mode: 0660, flags: kXR_open_read kXR_async kXR_retstat ). Trying to recover.
Begin processing the 12001st record. Run 1, Event 403507, LumiSection 4036 on stream 0 at 20-Dec-2022 10:41:08.308 CET
Begin processing the 13001st record. Run 1, Event 404512, LumiSection 4046 on stream 0 at 20-Dec-2022 10:43:03.556 CET
Begin processing the 14001st record. Run 1, Event 522203, LumiSection 5223 on stream 0 at 20-Dec-2022 10:45:10.960 CET
Begin processing the 15001st record. Run 1, Event 523204, LumiSection 5233 on stream 0 at 20-Dec-2022 10:47:15.361 CET
[2022-12-20 10:47:56.906376 +0100][Error  ][AsyncSock         ] [xrootd.ba.infn.it:1094 #0.0] Socket error while handshaking: [ERROR] Socket timeout
[2022-12-20 10:47:56.906519 +0100][Error  ][PostMaster        ] [xrootd.ba.infn.it:1094 #0] elapsed = 45, pConnectionWindow = 31 seconds.
[2022-12-20 10:48:42.132372 +0100][Error  ][AsyncSock         ] [xrootd.ba.infn.it:1094 #0.0] Socket error while handshaking: [ERROR] Socket timeout
[2022-12-20 10:48:42.132469 +0100][Error  ][PostMaster        ] [xrootd.ba.infn.it:1094 #0] elapsed = 46, pConnectionWindow = 31 seconds.
[2022-12-20 10:48:42.132478 +0100][Error  ][PostMaster        ] [xrootd.ba.infn.it:1094 #0] Unable to recover: [ERROR] Socket timeout.
[2022-12-20 10:48:42.132486 +0100][Error  ][XRootD            ] [xrootd.ba.infn.it:1094] Impossible to send message kXR_open (file: /store/user/alesauva/flashgg/UL2017_4/10_6_4/WHiggs0L1ToGG_M125_TuneCP5_13TeV-JHUGenV7011-pythia8/UL2017_4-10_6_4-v0-RunIISummer19UL17MiniAOD-106X_mc2017_realistic_v6-v2/200720_155007/0000/myMicroAODOutputFile_2.root?tried=stor96.datagrid.cea.fr, mode: 0660, flags: kXR_open_read kXR_async kXR_retstat ). Trying to recover.
Begin processing the 16001st record. Run 1, Event 524211, LumiSection 5243 on stream 0 at 20-Dec-2022 10:49:14.662 CET
Begin processing the 17001st record. Run 1, Event 733305, LumiSection 7334 on stream 0 at 20-Dec-2022 10:51:20.451 CET
Begin processing the 18001st record. Run 1, Event 741507, LumiSection 7416 on stream 0 at 20-Dec-2022 10:53:24.325 CET
[2022-12-20 10:53:42.406578 +0100][Error  ][AsyncSock         ] [xrootd.ba.infn.it:1094 #0.0] Socket error while handshaking: [ERROR] Socket timeout
[2022-12-20 10:53:42.406693 +0100][Error  ][PostMaster        ] [xrootd.ba.infn.it:1094 #0] elapsed = 45, pConnectionWindow = 31 seconds.
[2022-12-20 10:54:27.647371 +0100][Error  ][AsyncSock         ] [xrootd.ba.infn.it:1094 #0.0] Socket error while handshaking: [ERROR] Socket timeout
[2022-12-20 10:54:27.647466 +0100][Error  ][PostMaster        ] [xrootd.ba.infn.it:1094 #0] elapsed = 45, pConnectionWindow = 31 seconds.
[2022-12-20 10:54:27.647486 +0100][Error  ][PostMaster        ] [xrootd.ba.infn.it:1094 #0] Unable to recover: [ERROR] Socket timeout.
[2022-12-20 10:54:27.647496 +0100][Error  ][XRootD            ] [xrootd.ba.infn.it:1094] Impossible to send message kXR_open (file: /store/user/alesauva/flashgg/UL2017_4/10_6_4/WHiggs0L1ToGG_M125_TuneCP5_13TeV-JHUGenV7011-pythia8/UL2017_4-10_6_4-v0-RunIISummer19UL17MiniAOD-106X_mc2017_realistic_v6-v2/200720_155007/0000/myMicroAODOutputFile_2.root?tried=stor96.datagrid.cea.fr, mode: 0660, flags: kXR_open_read kXR_async kXR_retstat ). Trying to recover.
Begin processing the 19001st record. Run 1, Event 730013, LumiSection 7301 on stream 0 at 20-Dec-2022 10:55:26.037 CET
Begin processing the 20001st record. Run 1, Event 731002, LumiSection 7311 on stream 0 at 20-Dec-2022 10:57:26.212 CET
[2022-12-20 10:59:27.401398 +0100][Error  ][AsyncSock         ] [xrootd.ba.infn.it:1094 #0.0] Socket error while handshaking: [ERROR] Socket timeout
[2022-12-20 10:59:27.401526 +0100][Error  ][PostMaster        ] [xrootd.ba.infn.it:1094 #0] elapsed = 45, pConnectionWindow = 31 seconds.
Begin processing the 21001st record. Run 1, Event 2804, LumiSection 29 on stream 0 at 20-Dec-2022 10:59:35.420 CET
[2022-12-20 11:00:12.636651 +0100][Error  ][AsyncSock         ] [xrootd.ba.infn.it:1094 #0.0] Socket error while handshaking: [ERROR] Socket timeout
[2022-12-20 11:00:12.636835 +0100][Error  ][PostMaster        ] [xrootd.ba.infn.it:1094 #0] elapsed = 45, pConnectionWindow = 31 seconds.
[2022-12-20 11:00:12.636850 +0100][Error  ][PostMaster        ] [xrootd.ba.infn.it:1094 #0] Unable to recover: [ERROR] Socket timeout.
[2022-12-20 11:00:12.636860 +0100][Error  ][XRootD            ] [xrootd.ba.infn.it:1094] Impossible to send message kXR_open (file: /store/user/alesauva/flashgg/UL2017_4/10_6_4/WHiggs0L1ToGG_M125_TuneCP5_13TeV-JHUGenV7011-pythia8/UL2017_4-10_6_4-v0-RunIISummer19UL17MiniAOD-106X_mc2017_realistic_v6-v2/200720_155007/0000/myMicroAODOutputFile_2.root?tried=stor96.datagrid.cea.fr, mode: 0660, flags: kXR_open_read kXR_async kXR_retstat ). Trying to recover.
Begin processing the 22001st record. Run 1, Event 3906, LumiSection 40 on stream 0 at 20-Dec-2022 11:01:41.148 CET
Begin processing the 23001st record. Run 1, Event 5106, LumiSection 52 on stream 0 at 20-Dec-2022 11:03:45.379 CET
[2022-12-20 11:05:20.085389 +0100][Error  ][AsyncSock         ] [xrootd.ba.infn.it:1094 #0.0] Socket error while handshaking: [ERROR] Socket timeout
[2022-12-20 11:05:20.085536 +0100][Error  ][PostMaster        ] [xrootd.ba.infn.it:1094 #0] elapsed = 45, pConnectionWindow = 31 seconds.
Begin processing the 24001st record. Run 1, Event 616710, LumiSection 6168 on stream 0 at 20-Dec-2022 11:05:56.638 CET
[2022-12-20 11:06:05.281366 +0100][Error  ][AsyncSock         ] [xrootd.ba.infn.it:1094 #0.0] Socket error while handshaking: [ERROR] Socket timeout
[2022-12-20 11:06:05.281476 +0100][Error  ][PostMaster        ] [xrootd.ba.infn.it:1094 #0] elapsed = 45, pConnectionWindow = 31 seconds.
[2022-12-20 11:06:05.281486 +0100][Error  ][PostMaster        ] [xrootd.ba.infn.it:1094 #0] Unable to recover: [ERROR] Socket timeout.
[2022-12-20 11:06:05.281495 +0100][Error  ][XRootD            ] [xrootd.ba.infn.it:1094] Impossible to send message kXR_open (file: /store/user/alesauva/flashgg/UL2017_4/10_6_4/WHiggs0L1ToGG_M125_TuneCP5_13TeV-JHUGenV7011-pythia8/UL2017_4-10_6_4-v0-RunIISummer19UL17MiniAOD-106X_mc2017_realistic_v6-v2/200720_155007/0000/myMicroAODOutputFile_2.root?tried=stor96.datagrid.cea.fr, mode: 0660, flags: kXR_open_read kXR_async kXR_retstat ). Trying to recover.
20-Dec-2022 11:08:14 CET  Closed file root://cms-xrd-global.cern.ch//store/user/alesauva/flashgg/UL2017_4/10_6_4/WHiggs0L1ToGG_M125_TuneCP5_13TeV-JHUGenV7011-pythia8/UL2017_4-10_6_4-v0-RunIISummer19UL17MiniAOD-106X_mc2017_realistic_v6-v2/200720_155007/0000/myMicroAODOutputFile_2.root

TrigReport ---------- Event  Summary ------------
TrigReport Events total = 25000 passed = 24642 failed = 358

TrigReport ---------- Path   Summary ------------
TrigReport  Trig Bit#   Executed     Passed     Failed      Error Name
TrigReport     1    0      25000      24642        358          0 p

TrigReport -------End-Path   Summary ------------
TrigReport  Trig Bit#   Executed     Passed     Failed      Error Name

TrigReport ---------- Modules in Path: p ------------
TrigReport  Trig Bit#    Visited     Passed     Failed      Error Name
TrigReport     1    0      25000      24642        358          0 flashggMetFilters
TrigReport     1    1      24642      24642          0          0 VHFilter
TrigReport     1    2      24642      24642          0          0 flashggDifferentialPhoIdInputsCorrection
TrigReport     1    3      24642      24642          0          0 flashggDiPhotonSystematics
TrigReport     1    4      24642      24642          0          0 flashggMetSystematics
TrigReport     1    5      24642      24642          0          0 flashggMuonSystematics
TrigReport     1    6      24642      24642          0          0 flashggElectronSystematics
TrigReport     1    7      24642      24642          0          0 flashggUnpackedJets
TrigReport     1    8      24642      24642          0          0 flashggJetSystematics0
TrigReport     1    9      24642      24642          0          0 flashggJetSystematics1
TrigReport     1   10      24642      24642          0          0 flashggJetSystematics2
TrigReport     1   11      24642      24642          0          0 flashggJetSystematics3
TrigReport     1   12      24642      24642          0          0 flashggJetSystematics4
TrigReport     1   13      24642      24642          0          0 flashggJetSystematics5
TrigReport     1   14      24642      24642          0          0 flashggJetSystematics6
TrigReport     1   15      24642      24642          0          0 flashggJetSystematics7
TrigReport     1   16      24642      24642          0          0 flashggJetSystematics8
TrigReport     1   17      24642      24642          0          0 flashggJetSystematics9
TrigReport     1   18      24642      24642          0          0 flashggJetSystematics10
TrigReport     1   19      24642      24642          0          0 flashggJetSystematics11
TrigReport     1   20      24642      24642          0          0 flashggPrefireDiPhotons
TrigReport     1   21      24642      24642          0          0 flashggPreselectedDiPhotons
TrigReport     1   22      24642      24642          0          0 flashggDiPhotonMVA
TrigReport     1   23      24642      24642          0          0 flashggVBFMVA
TrigReport     1   24      24642      24642          0          0 flashggVHhadMVA
TrigReport     1   25      24642      24642          0          0 flashggGluGluHMVA
TrigReport     1   26      24642      24642          0          0 flashggStageOneCombinedTag
TrigReport     1   27      24642      24642          0          0 flashggTHQLeptonicTag
TrigReport     1   28      24642      24642          0          0 flashggVHMetTag
TrigReport     1   29      24642      24642          0          0 flashggWHLeptonicTag
TrigReport     1   30      24642      24642          0          0 flashggZHLeptonicTag
TrigReport     1   31      24642      24642          0          0 flashggTTHLeptonicTag
TrigReport     1   32      24642      24642          0          0 flashggTTHHadronicTag
TrigReport     1   33      24642      24642          0          0 flashggTagSorter
TrigReport     1   34      24642      24642          0          0 flashggSystTagMerger
TrigReport     1   35      24642      24642          0          0 tagsDumper

TrigReport ---------- Module Summary ------------
TrigReport    Visited   Executed     Passed     Failed      Error Name
TrigReport      25000      25000      25000          0          0 TriggerResults
TrigReport      24642      24642      24642          0          0 VHFilter
TrigReport      24642      24642      24642          0          0 ak4PFCHSL1FastL2L3Corrector
TrigReport      24642      24642      24642          0          0 ak4PFCHSL1FastjetCorrector
TrigReport      24642      24642      24642          0          0 ak4PFCHSL2RelativeCorrector
TrigReport      24642      24642      24642          0          0 ak4PFCHSL3AbsoluteCorrector
TrigReport      24642      24642      24642          0          0 flashggDiPhotonMVA
TrigReport      24642      24642      24642          0          0 flashggDiPhotonSystematics
TrigReport      24642      24642      24642          0          0 flashggDifferentialPhoIdInputsCorrection
TrigReport      24642      24642      24642          0          0 flashggElectronSystematics
TrigReport      24642      24642      24642          0          0 flashggGluGluHMVA
TrigReport      24642      24642      24642          0          0 flashggJetSystematics0
TrigReport      24642      24642      24642          0          0 flashggJetSystematics1
TrigReport      24642      24642      24642          0          0 flashggJetSystematics10
TrigReport      24642      24642      24642          0          0 flashggJetSystematics11
TrigReport      24642      24642      24642          0          0 flashggJetSystematics2
TrigReport      24642      24642      24642          0          0 flashggJetSystematics3
TrigReport      24642      24642      24642          0          0 flashggJetSystematics4
TrigReport      24642      24642      24642          0          0 flashggJetSystematics5
TrigReport      24642      24642      24642          0          0 flashggJetSystematics6
TrigReport      24642      24642      24642          0          0 flashggJetSystematics7
TrigReport      24642      24642      24642          0          0 flashggJetSystematics8
TrigReport      24642      24642      24642          0          0 flashggJetSystematics9
TrigReport      25000      25000      24642        358          0 flashggMetFilters
TrigReport      24642      24642      24642          0          0 flashggMetSystematics
TrigReport      24642      24642      24642          0          0 flashggMuonSystematics
TrigReport      24642      24642      24642          0          0 flashggPrefireDiPhotons
TrigReport      24642      24642      24642          0          0 flashggPreselectedDiPhotons
TrigReport      24642      24642      24642          0          0 flashggStageOneCombinedTag
TrigReport      24642      24642      24642          0          0 flashggSystTagMerger
TrigReport      24642      24642      24642          0          0 flashggTHQLeptonicTag
TrigReport      24642      24642      24642          0          0 flashggTTHHadronicTag
TrigReport      24642      24642      24642          0          0 flashggTTHLeptonicTag
TrigReport      24642      24642      24642          0          0 flashggTagSorter
TrigReport      24642      24642      24642          0          0 flashggUnpackedJets
TrigReport      24642      24642      24642          0          0 flashggVBFMVA
TrigReport      24642      24642      24642          0          0 flashggVHMetTag
TrigReport      24642      24642      24642          0          0 flashggVHhadMVA
TrigReport      24642      24642      24642          0          0 flashggWHLeptonicTag
TrigReport      24642      24642      24642          0          0 flashggZHLeptonicTag
TrigReport      25000      25000      25000          0          0 p
TrigReport      24642      24642      24642          0          0 tagsDumper

TimeReport ---------- Event  Summary ---[sec]----
TimeReport       event loop CPU/event = 0.123765
TimeReport      event loop Real/event = 0.124894
TimeReport     sum Streams Real/event = 0.121497
TimeReport efficiency CPU/Real/thread = 0.990960

TimeReport ---------- Path   Summary ---[Real sec]----
TimeReport  per event     per exec  Name
TimeReport   0.121089     0.121089  p
TimeReport  per event     per exec  Name

TimeReport -------End-Path   Summary ---[Real sec]----
TimeReport  per event     per exec  Name
TimeReport  per event     per exec  Name

TimeReport ---------- Modules in Path: p ---[Real sec]----
TimeReport  per event    per visit  Name
TimeReport   0.000012     0.000012  flashggMetFilters
TimeReport   0.000004     0.000004  VHFilter
TimeReport   0.069852     0.070866  flashggDifferentialPhoIdInputsCorrection
TimeReport   0.037561     0.038107  flashggDiPhotonSystematics
TimeReport   0.000137     0.000139  flashggMetSystematics
TimeReport   0.000039     0.000040  flashggMuonSystematics
TimeReport   0.000031     0.000032  flashggElectronSystematics
TimeReport   0.000181     0.000184  flashggUnpackedJets
TimeReport   0.002985     0.003028  flashggJetSystematics0
TimeReport   0.000570     0.000578  flashggJetSystematics1
TimeReport   0.000514     0.000521  flashggJetSystematics2
TimeReport   0.000495     0.000502  flashggJetSystematics3
TimeReport   0.000487     0.000495  flashggJetSystematics4
TimeReport   0.000483     0.000490  flashggJetSystematics5
TimeReport   0.000479     0.000486  flashggJetSystematics6
TimeReport   0.000479     0.000486  flashggJetSystematics7
TimeReport   0.000479     0.000486  flashggJetSystematics8
TimeReport   0.000478     0.000485  flashggJetSystematics9
TimeReport   0.000476     0.000483  flashggJetSystematics10
TimeReport   0.000477     0.000483  flashggJetSystematics11
TimeReport   0.000250     0.000254  flashggPrefireDiPhotons
TimeReport   0.000108     0.000110  flashggPreselectedDiPhotons
TimeReport   0.000033     0.000033  flashggDiPhotonMVA
TimeReport   0.000028     0.000029  flashggVBFMVA
TimeReport   0.000016     0.000016  flashggVHhadMVA
TimeReport   0.000047     0.000048  flashggGluGluHMVA
TimeReport   0.000028     0.000028  flashggStageOneCombinedTag
TimeReport   0.000338     0.000343  flashggTHQLeptonicTag
TimeReport   0.000315     0.000320  flashggVHMetTag
TimeReport   0.000035     0.000035  flashggWHLeptonicTag
TimeReport   0.000015     0.000016  flashggZHLeptonicTag
TimeReport   0.000145     0.000147  flashggTTHLeptonicTag
TimeReport   0.001139     0.001156  flashggTTHHadronicTag
TimeReport   0.000070     0.000071  flashggTagSorter
TimeReport   0.000003     0.000003  flashggSystTagMerger
TimeReport   0.000254     0.000258  tagsDumper
TimeReport  per event    per visit  Name

TimeReport ---------- Module Summary ---[Real sec]----
TimeReport  per event     per exec    per visit  Name
TimeReport   0.000002     0.000002     0.000002  TriggerResults
TimeReport   0.000004     0.000004     0.000004  VHFilter
TimeReport   0.000003     0.000003     0.000003  ak4PFCHSL1FastL2L3Corrector
TimeReport   0.000003     0.000003     0.000003  ak4PFCHSL1FastjetCorrector
TimeReport   0.000001     0.000001     0.000001  ak4PFCHSL2RelativeCorrector
TimeReport   0.000011     0.000011     0.000011  ak4PFCHSL3AbsoluteCorrector
TimeReport   0.000033     0.000033     0.000033  flashggDiPhotonMVA
TimeReport   0.037561     0.038107     0.038107  flashggDiPhotonSystematics
TimeReport   0.069852     0.070866     0.070866  flashggDifferentialPhoIdInputsCorrection
TimeReport   0.000031     0.000032     0.000032  flashggElectronSystematics
TimeReport   0.000047     0.000048     0.000048  flashggGluGluHMVA
TimeReport   0.002985     0.003028     0.003028  flashggJetSystematics0
TimeReport   0.000570     0.000578     0.000578  flashggJetSystematics1
TimeReport   0.000476     0.000483     0.000483  flashggJetSystematics10
TimeReport   0.000477     0.000483     0.000483  flashggJetSystematics11
TimeReport   0.000514     0.000521     0.000521  flashggJetSystematics2
TimeReport   0.000495     0.000502     0.000502  flashggJetSystematics3
TimeReport   0.000487     0.000495     0.000495  flashggJetSystematics4
TimeReport   0.000483     0.000490     0.000490  flashggJetSystematics5
TimeReport   0.000479     0.000486     0.000486  flashggJetSystematics6
TimeReport   0.000479     0.000486     0.000486  flashggJetSystematics7
TimeReport   0.000479     0.000486     0.000486  flashggJetSystematics8
TimeReport   0.000478     0.000485     0.000485  flashggJetSystematics9
TimeReport   0.000012     0.000012     0.000012  flashggMetFilters
TimeReport   0.000137     0.000139     0.000139  flashggMetSystematics
TimeReport   0.000039     0.000040     0.000040  flashggMuonSystematics
TimeReport   0.000250     0.000254     0.000254  flashggPrefireDiPhotons
TimeReport   0.000108     0.000110     0.000110  flashggPreselectedDiPhotons
TimeReport   0.000028     0.000028     0.000028  flashggStageOneCombinedTag
TimeReport   0.000003     0.000003     0.000003  flashggSystTagMerger
TimeReport   0.000338     0.000343     0.000343  flashggTHQLeptonicTag
TimeReport   0.001139     0.001156     0.001156  flashggTTHHadronicTag
TimeReport   0.000145     0.000147     0.000147  flashggTTHLeptonicTag
TimeReport   0.000070     0.000071     0.000071  flashggTagSorter
TimeReport   0.000181     0.000184     0.000184  flashggUnpackedJets
TimeReport   0.000028     0.000029     0.000029  flashggVBFMVA
TimeReport   0.000315     0.000320     0.000320  flashggVHMetTag
TimeReport   0.000016     0.000016     0.000016  flashggVHhadMVA
TimeReport   0.000035     0.000035     0.000035  flashggWHLeptonicTag
TimeReport   0.000015     0.000016     0.000016  flashggZHLeptonicTag
TimeReport   0.000002     0.000002     0.000002  p
TimeReport   0.000254     0.000258     0.000258  tagsDumper
TimeReport  per event     per exec    per visit  Name

T---Report end!


=============================================

MessageLogger Summary

 type     category        sev    module        subroutine        count    total
 ---- -------------------- -- ---------------- ----------------  -----    -----
    1 XrdAdaptor           -w file_open                              1        1
    2 fileAction           -s file_close                             1        1
    3 fileAction           -s file_open                              2        2

 type    category    Examples: run/evt        run/evt          run/evt
 ---- -------------------- ---------------- ---------------- ----------------
    1 XrdAdaptor           pre-events                        
    2 fileAction           PostGlobalEndRun                  
    3 fileAction           pre-events       pre-events       

Severity    # Occurrences   Total Occurrences
--------    -------------   -----------------
Warning                 1                   1
System                  3                   3

dropped waiting message count 0
