mkdir: cannot create directory '/afs/cern.ch/user/x/xisu/private/local/Analysis_workspace/VH_AC_tmp1/flashgg_d2/CMSSW_10_6_29/src/flashgg/VHAC_Analysis_Met/UL_17/UL_17_wh125': File exists
/cvmfs/cms.cern.ch/slc7_amd64_gcc700/external/py2-requests/2.21.0-pafccj2/lib/python2.7/site-packages/requests/__init__.py:91: RequestsDependencyWarning: urllib3 (1.25.2) or chardet (3.0.4) doesn't match a supported version!
  RequestsDependencyWarning)
20-Dec-2022 10:05:06 CET  Initiating request to open file root://cms-xrd-global.cern.ch//store/user/alesauva/flashgg/UL2017_4/10_6_4/WHiggs0PMToGG_M125_TuneCP5_13TeV-JHUGenV7011-pythia8/UL2017_4-10_6_4-v0-RunIISummer19UL17MiniAOD-106X_mc2017_realistic_v6-v2/200720_160815/0000/myMicroAODOutputFile_8.root
%MSG-w XrdAdaptor:  file_open 20-Dec-2022 10:05:09 CET pre-events
Data is served from GRIF-IRFU instead of original site CERN-CMSGLOBAL-01
%MSG
20-Dec-2022 10:05:10 CET  Successfully opened file root://cms-xrd-global.cern.ch//store/user/alesauva/flashgg/UL2017_4/10_6_4/WHiggs0PMToGG_M125_TuneCP5_13TeV-JHUGenV7011-pythia8/UL2017_4-10_6_4-v0-RunIISummer19UL17MiniAOD-106X_mc2017_realistic_v6-v2/200720_160815/0000/myMicroAODOutputFile_8.root
2022-12-20 10:18:34.529539: I tensorflow/core/platform/cpu_feature_guard.cc:140] Your CPU supports instructions that this TensorFlow binary was not compiled to use: SSE4.1 SSE4.2 AVX AVX2 FMA
Begin processing the 1st record. Run 1, Event 13305, LumiSection 134 on stream 0 at 20-Dec-2022 10:19:25.934 CET
[2022-12-20 10:20:10.153014 +0100][Error  ][AsyncSock         ] [xrootd.ba.infn.it:1094 #0.0] Socket error while handshaking: [ERROR] Socket timeout
[2022-12-20 10:20:10.153279 +0100][Error  ][PostMaster        ] [xrootd.ba.infn.it:1094 #0] elapsed = 46, pConnectionWindow = 31 seconds.
[2022-12-20 10:20:55.362891 +0100][Error  ][AsyncSock         ] [xrootd.ba.infn.it:1094 #0.0] Socket error while handshaking: [ERROR] Socket timeout
[2022-12-20 10:20:55.363076 +0100][Error  ][PostMaster        ] [xrootd.ba.infn.it:1094 #0] elapsed = 45, pConnectionWindow = 31 seconds.
[2022-12-20 10:20:55.363111 +0100][Error  ][PostMaster        ] [xrootd.ba.infn.it:1094 #0] Unable to recover: [ERROR] Socket timeout.
[2022-12-20 10:20:55.363133 +0100][Error  ][XRootD            ] [xrootd.ba.infn.it:1094] Impossible to send message kXR_open (file: /store/user/alesauva/flashgg/UL2017_4/10_6_4/WHiggs0PMToGG_M125_TuneCP5_13TeV-JHUGenV7011-pythia8/UL2017_4-10_6_4-v0-RunIISummer19UL17MiniAOD-106X_mc2017_realistic_v6-v2/200720_160815/0000/myMicroAODOutputFile_8.root?tried=stor96.datagrid.cea.fr, mode: 0660, flags: kXR_open_read kXR_async kXR_retstat ). Trying to recover.
Begin processing the 1001st record. Run 1, Event 195501, LumiSection 1956 on stream 0 at 20-Dec-2022 10:23:36.892 CET
Begin processing the 2001st record. Run 1, Event 199301, LumiSection 1994 on stream 0 at 20-Dec-2022 10:25:22.282 CET
Begin processing the 3001st record. Run 1, Event 200403, LumiSection 2005 on stream 0 at 20-Dec-2022 10:27:05.294 CET
Begin processing the 4001st record. Run 1, Event 201405, LumiSection 2015 on stream 0 at 20-Dec-2022 10:28:48.590 CET
[2022-12-20 10:30:09.936883 +0100][Error  ][AsyncSock         ] [xrootd.ba.infn.it:1094 #0.0] Socket error while handshaking: [ERROR] Socket timeout
[2022-12-20 10:30:09.937048 +0100][Error  ][PostMaster        ] [xrootd.ba.infn.it:1094 #0] elapsed = 45, pConnectionWindow = 31 seconds.
Begin processing the 5001st record. Run 1, Event 367908, LumiSection 3680 on stream 0 at 20-Dec-2022 10:30:27.256 CET
[2022-12-20 10:30:54.173180 +0100][Error  ][AsyncSock         ] [xrootd.ba.infn.it:1094 #0.0] Socket error while handshaking: [ERROR] Socket timeout
[2022-12-20 10:30:54.173259 +0100][Error  ][PostMaster        ] [xrootd.ba.infn.it:1094 #0] elapsed = 45, pConnectionWindow = 31 seconds.
[2022-12-20 10:30:54.173266 +0100][Error  ][PostMaster        ] [xrootd.ba.infn.it:1094 #0] Unable to recover: [ERROR] Socket timeout.
[2022-12-20 10:30:54.173274 +0100][Error  ][XRootD            ] [xrootd.ba.infn.it:1094] Impossible to send message kXR_open (file: /store/user/alesauva/flashgg/UL2017_4/10_6_4/WHiggs0PMToGG_M125_TuneCP5_13TeV-JHUGenV7011-pythia8/UL2017_4-10_6_4-v0-RunIISummer19UL17MiniAOD-106X_mc2017_realistic_v6-v2/200720_160815/0000/myMicroAODOutputFile_8.root?tried=stor96.datagrid.cea.fr, mode: 0660, flags: kXR_open_read kXR_async kXR_retstat ). Trying to recover.
Begin processing the 6001st record. Run 1, Event 400401, LumiSection 4005 on stream 0 at 20-Dec-2022 10:32:02.583 CET
Begin processing the 7001st record. Run 1, Event 401504, LumiSection 4016 on stream 0 at 20-Dec-2022 10:33:44.166 CET
Begin processing the 8001st record. Run 1, Event 402601, LumiSection 4027 on stream 0 at 20-Dec-2022 10:35:31.081 CET
[2022-12-20 10:35:34.653875 +0100][Error  ][AsyncSock         ] [xrootd.ba.infn.it:1094 #0.0] Socket error while handshaking: [ERROR] Socket timeout
[2022-12-20 10:35:34.654034 +0100][Error  ][PostMaster        ] [xrootd.ba.infn.it:1094 #0] elapsed = 45, pConnectionWindow = 31 seconds.
[2022-12-20 10:36:19.894875 +0100][Error  ][AsyncSock         ] [xrootd.ba.infn.it:1094 #0.0] Socket error while handshaking: [ERROR] Socket timeout
[2022-12-20 10:36:19.895016 +0100][Error  ][PostMaster        ] [xrootd.ba.infn.it:1094 #0] elapsed = 45, pConnectionWindow = 31 seconds.
[2022-12-20 10:36:19.895026 +0100][Error  ][PostMaster        ] [xrootd.ba.infn.it:1094 #0] Unable to recover: [ERROR] Socket timeout.
[2022-12-20 10:36:19.895037 +0100][Error  ][XRootD            ] [xrootd.ba.infn.it:1094] Impossible to send message kXR_open (file: /store/user/alesauva/flashgg/UL2017_4/10_6_4/WHiggs0PMToGG_M125_TuneCP5_13TeV-JHUGenV7011-pythia8/UL2017_4-10_6_4-v0-RunIISummer19UL17MiniAOD-106X_mc2017_realistic_v6-v2/200720_160815/0000/myMicroAODOutputFile_8.root?tried=stor96.datagrid.cea.fr, mode: 0660, flags: kXR_open_read kXR_async kXR_retstat ). Trying to recover.
Begin processing the 9001st record. Run 1, Event 18011, LumiSection 181 on stream 0 at 20-Dec-2022 10:37:30.312 CET
Begin processing the 10001st record. Run 1, Event 19009, LumiSection 191 on stream 0 at 20-Dec-2022 10:39:27.847 CET
Begin processing the 11001st record. Run 1, Event 20017, LumiSection 201 on stream 0 at 20-Dec-2022 10:41:11.773 CET
Begin processing the 12001st record. Run 1, Event 658010, LumiSection 6581 on stream 0 at 20-Dec-2022 10:42:54.691 CET
Begin processing the 13001st record. Run 1, Event 659004, LumiSection 6591 on stream 0 at 20-Dec-2022 10:44:34.557 CET
[2022-12-20 10:45:25.104697 +0100][Error  ][AsyncSock         ] [xrootd.ba.infn.it:1094 #0.0] Socket error while handshaking: [ERROR] Socket timeout
[2022-12-20 10:45:25.104852 +0100][Error  ][PostMaster        ] [xrootd.ba.infn.it:1094 #0] elapsed = 45, pConnectionWindow = 31 seconds.
[2022-12-20 10:46:10.338939 +0100][Error  ][AsyncSock         ] [xrootd.ba.infn.it:1094 #0.0] Socket error while handshaking: [ERROR] Socket timeout
[2022-12-20 10:46:10.339076 +0100][Error  ][PostMaster        ] [xrootd.ba.infn.it:1094 #0] elapsed = 45, pConnectionWindow = 31 seconds.
[2022-12-20 10:46:10.339086 +0100][Error  ][PostMaster        ] [xrootd.ba.infn.it:1094 #0] Unable to recover: [ERROR] Socket timeout.
[2022-12-20 10:46:10.339095 +0100][Error  ][XRootD            ] [xrootd.ba.infn.it:1094] Impossible to send message kXR_open (file: /store/user/alesauva/flashgg/UL2017_4/10_6_4/WHiggs0PMToGG_M125_TuneCP5_13TeV-JHUGenV7011-pythia8/UL2017_4-10_6_4-v0-RunIISummer19UL17MiniAOD-106X_mc2017_realistic_v6-v2/200720_160815/0000/myMicroAODOutputFile_8.root?tried=stor96.datagrid.cea.fr, mode: 0660, flags: kXR_open_read kXR_async kXR_retstat ). Trying to recover.
Begin processing the 14001st record. Run 1, Event 457901, LumiSection 4580 on stream 0 at 20-Dec-2022 10:46:17.353 CET
Begin processing the 15001st record. Run 1, Event 458905, LumiSection 4590 on stream 0 at 20-Dec-2022 10:48:07.981 CET
Begin processing the 16001st record. Run 1, Event 460104, LumiSection 4602 on stream 0 at 20-Dec-2022 10:49:54.499 CET
Begin processing the 17001st record. Run 1, Event 463803, LumiSection 4639 on stream 0 at 20-Dec-2022 10:51:44.521 CET
Begin processing the 18001st record. Run 1, Event 464801, LumiSection 4649 on stream 0 at 20-Dec-2022 10:53:34.587 CET
[2022-12-20 10:55:09.992334 +0100][Error  ][AsyncSock         ] [xrootd.ba.infn.it:1094 #0.0] Socket error while handshaking: [ERROR] Socket timeout
[2022-12-20 10:55:09.992528 +0100][Error  ][PostMaster        ] [xrootd.ba.infn.it:1094 #0] elapsed = 45, pConnectionWindow = 31 seconds.
Begin processing the 19001st record. Run 1, Event 465804, LumiSection 4659 on stream 0 at 20-Dec-2022 10:55:18.995 CET
[2022-12-20 10:55:55.221415 +0100][Error  ][AsyncSock         ] [xrootd.ba.infn.it:1094 #0.0] Socket error while handshaking: [ERROR] Socket timeout
[2022-12-20 10:55:55.221521 +0100][Error  ][PostMaster        ] [xrootd.ba.infn.it:1094 #0] elapsed = 46, pConnectionWindow = 31 seconds.
[2022-12-20 10:55:55.221529 +0100][Error  ][PostMaster        ] [xrootd.ba.infn.it:1094 #0] Unable to recover: [ERROR] Socket timeout.
[2022-12-20 10:55:55.221537 +0100][Error  ][XRootD            ] [xrootd.ba.infn.it:1094] Impossible to send message kXR_open (file: /store/user/alesauva/flashgg/UL2017_4/10_6_4/WHiggs0PMToGG_M125_TuneCP5_13TeV-JHUGenV7011-pythia8/UL2017_4-10_6_4-v0-RunIISummer19UL17MiniAOD-106X_mc2017_realistic_v6-v2/200720_160815/0000/myMicroAODOutputFile_8.root?tried=stor96.datagrid.cea.fr, mode: 0660, flags: kXR_open_read kXR_async kXR_retstat ). Trying to recover.
Begin processing the 20001st record. Run 1, Event 653004, LumiSection 6531 on stream 0 at 20-Dec-2022 10:57:03.831 CET
Begin processing the 21001st record. Run 1, Event 654002, LumiSection 6541 on stream 0 at 20-Dec-2022 10:58:55.598 CET
Begin processing the 22001st record. Run 1, Event 655004, LumiSection 6551 on stream 0 at 20-Dec-2022 11:00:45.415 CET
Begin processing the 23001st record. Run 1, Event 656014, LumiSection 6561 on stream 0 at 20-Dec-2022 11:02:30.964 CET
Begin processing the 24001st record. Run 1, Event 657009, LumiSection 6571 on stream 0 at 20-Dec-2022 11:04:20.747 CET
[2022-12-20 11:04:57.736947 +0100][Error  ][AsyncSock         ] [xrootd.ba.infn.it:1094 #0.0] Socket error while handshaking: [ERROR] Socket timeout
[2022-12-20 11:04:57.737083 +0100][Error  ][PostMaster        ] [xrootd.ba.infn.it:1094 #0] elapsed = 45, pConnectionWindow = 31 seconds.
[2022-12-20 11:05:42.961890 +0100][Error  ][AsyncSock         ] [xrootd.ba.infn.it:1094 #0.0] Socket error while handshaking: [ERROR] Socket timeout
[2022-12-20 11:05:42.962034 +0100][Error  ][PostMaster        ] [xrootd.ba.infn.it:1094 #0] elapsed = 45, pConnectionWindow = 31 seconds.
[2022-12-20 11:05:42.962045 +0100][Error  ][PostMaster        ] [xrootd.ba.infn.it:1094 #0] Unable to recover: [ERROR] Socket timeout.
[2022-12-20 11:05:42.962054 +0100][Error  ][XRootD            ] [xrootd.ba.infn.it:1094] Impossible to send message kXR_open (file: /store/user/alesauva/flashgg/UL2017_4/10_6_4/WHiggs0PMToGG_M125_TuneCP5_13TeV-JHUGenV7011-pythia8/UL2017_4-10_6_4-v0-RunIISummer19UL17MiniAOD-106X_mc2017_realistic_v6-v2/200720_160815/0000/myMicroAODOutputFile_8.root?tried=stor96.datagrid.cea.fr, mode: 0660, flags: kXR_open_read kXR_async kXR_retstat ). Trying to recover.
20-Dec-2022 11:06:06 CET  Closed file root://cms-xrd-global.cern.ch//store/user/alesauva/flashgg/UL2017_4/10_6_4/WHiggs0PMToGG_M125_TuneCP5_13TeV-JHUGenV7011-pythia8/UL2017_4-10_6_4-v0-RunIISummer19UL17MiniAOD-106X_mc2017_realistic_v6-v2/200720_160815/0000/myMicroAODOutputFile_8.root

TrigReport ---------- Event  Summary ------------
TrigReport Events total = 25000 passed = 24883 failed = 117

TrigReport ---------- Path   Summary ------------
TrigReport  Trig Bit#   Executed     Passed     Failed      Error Name
TrigReport     1    0      25000      24883        117          0 p

TrigReport -------End-Path   Summary ------------
TrigReport  Trig Bit#   Executed     Passed     Failed      Error Name

TrigReport ---------- Modules in Path: p ------------
TrigReport  Trig Bit#    Visited     Passed     Failed      Error Name
TrigReport     1    0      25000      24883        117          0 flashggMetFilters
TrigReport     1    1      24883      24883          0          0 VHFilter
TrigReport     1    2      24883      24883          0          0 flashggDifferentialPhoIdInputsCorrection
TrigReport     1    3      24883      24883          0          0 flashggDiPhotonSystematics
TrigReport     1    4      24883      24883          0          0 flashggMetSystematics
TrigReport     1    5      24883      24883          0          0 flashggMuonSystematics
TrigReport     1    6      24883      24883          0          0 flashggElectronSystematics
TrigReport     1    7      24883      24883          0          0 flashggUnpackedJets
TrigReport     1    8      24883      24883          0          0 flashggJetSystematics0
TrigReport     1    9      24883      24883          0          0 flashggJetSystematics1
TrigReport     1   10      24883      24883          0          0 flashggJetSystematics2
TrigReport     1   11      24883      24883          0          0 flashggJetSystematics3
TrigReport     1   12      24883      24883          0          0 flashggJetSystematics4
TrigReport     1   13      24883      24883          0          0 flashggJetSystematics5
TrigReport     1   14      24883      24883          0          0 flashggJetSystematics6
TrigReport     1   15      24883      24883          0          0 flashggJetSystematics7
TrigReport     1   16      24883      24883          0          0 flashggJetSystematics8
TrigReport     1   17      24883      24883          0          0 flashggJetSystematics9
TrigReport     1   18      24883      24883          0          0 flashggJetSystematics10
TrigReport     1   19      24883      24883          0          0 flashggJetSystematics11
TrigReport     1   20      24883      24883          0          0 flashggPrefireDiPhotons
TrigReport     1   21      24883      24883          0          0 flashggPreselectedDiPhotons
TrigReport     1   22      24883      24883          0          0 flashggDiPhotonMVA
TrigReport     1   23      24883      24883          0          0 flashggVBFMVA
TrigReport     1   24      24883      24883          0          0 flashggVHhadMVA
TrigReport     1   25      24883      24883          0          0 flashggGluGluHMVA
TrigReport     1   26      24883      24883          0          0 flashggStageOneCombinedTag
TrigReport     1   27      24883      24883          0          0 flashggTHQLeptonicTag
TrigReport     1   28      24883      24883          0          0 flashggVHMetTag
TrigReport     1   29      24883      24883          0          0 flashggWHLeptonicTag
TrigReport     1   30      24883      24883          0          0 flashggZHLeptonicTag
TrigReport     1   31      24883      24883          0          0 flashggTTHLeptonicTag
TrigReport     1   32      24883      24883          0          0 flashggTTHHadronicTag
TrigReport     1   33      24883      24883          0          0 flashggTagSorter
TrigReport     1   34      24883      24883          0          0 flashggSystTagMerger
TrigReport     1   35      24883      24883          0          0 tagsDumper

TrigReport ---------- Module Summary ------------
TrigReport    Visited   Executed     Passed     Failed      Error Name
TrigReport      25000      25000      25000          0          0 TriggerResults
TrigReport      24883      24883      24883          0          0 VHFilter
TrigReport      24883      24883      24883          0          0 ak4PFCHSL1FastL2L3Corrector
TrigReport      24883      24883      24883          0          0 ak4PFCHSL1FastjetCorrector
TrigReport      24883      24883      24883          0          0 ak4PFCHSL2RelativeCorrector
TrigReport      24883      24883      24883          0          0 ak4PFCHSL3AbsoluteCorrector
TrigReport      24883      24883      24883          0          0 flashggDiPhotonMVA
TrigReport      24883      24883      24883          0          0 flashggDiPhotonSystematics
TrigReport      24883      24883      24883          0          0 flashggDifferentialPhoIdInputsCorrection
TrigReport      24883      24883      24883          0          0 flashggElectronSystematics
TrigReport      24883      24883      24883          0          0 flashggGluGluHMVA
TrigReport      24883      24883      24883          0          0 flashggJetSystematics0
TrigReport      24883      24883      24883          0          0 flashggJetSystematics1
TrigReport      24883      24883      24883          0          0 flashggJetSystematics10
TrigReport      24883      24883      24883          0          0 flashggJetSystematics11
TrigReport      24883      24883      24883          0          0 flashggJetSystematics2
TrigReport      24883      24883      24883          0          0 flashggJetSystematics3
TrigReport      24883      24883      24883          0          0 flashggJetSystematics4
TrigReport      24883      24883      24883          0          0 flashggJetSystematics5
TrigReport      24883      24883      24883          0          0 flashggJetSystematics6
TrigReport      24883      24883      24883          0          0 flashggJetSystematics7
TrigReport      24883      24883      24883          0          0 flashggJetSystematics8
TrigReport      24883      24883      24883          0          0 flashggJetSystematics9
TrigReport      25000      25000      24883        117          0 flashggMetFilters
TrigReport      24883      24883      24883          0          0 flashggMetSystematics
TrigReport      24883      24883      24883          0          0 flashggMuonSystematics
TrigReport      24883      24883      24883          0          0 flashggPrefireDiPhotons
TrigReport      24883      24883      24883          0          0 flashggPreselectedDiPhotons
TrigReport      24883      24883      24883          0          0 flashggStageOneCombinedTag
TrigReport      24883      24883      24883          0          0 flashggSystTagMerger
TrigReport      24883      24883      24883          0          0 flashggTHQLeptonicTag
TrigReport      24883      24883      24883          0          0 flashggTTHHadronicTag
TrigReport      24883      24883      24883          0          0 flashggTTHLeptonicTag
TrigReport      24883      24883      24883          0          0 flashggTagSorter
TrigReport      24883      24883      24883          0          0 flashggUnpackedJets
TrigReport      24883      24883      24883          0          0 flashggVBFMVA
TrigReport      24883      24883      24883          0          0 flashggVHMetTag
TrigReport      24883      24883      24883          0          0 flashggVHhadMVA
TrigReport      24883      24883      24883          0          0 flashggWHLeptonicTag
TrigReport      24883      24883      24883          0          0 flashggZHLeptonicTag
TrigReport      25000      25000      25000          0          0 p
TrigReport      24883      24883      24883          0          0 tagsDumper

TimeReport ---------- Event  Summary ---[sec]----
TimeReport       event loop CPU/event = 0.111765
TimeReport      event loop Real/event = 0.112072
TimeReport     sum Streams Real/event = 0.108861
TimeReport efficiency CPU/Real/thread = 0.997252

TimeReport ---------- Path   Summary ---[Real sec]----
TimeReport  per event     per exec  Name
TimeReport   0.108430     0.108430  p
TimeReport  per event     per exec  Name

TimeReport -------End-Path   Summary ---[Real sec]----
TimeReport  per event     per exec  Name
TimeReport  per event     per exec  Name

TimeReport ---------- Modules in Path: p ---[Real sec]----
TimeReport  per event    per visit  Name
TimeReport   0.000013     0.000013  flashggMetFilters
TimeReport   0.000005     0.000005  VHFilter
TimeReport   0.060932     0.061219  flashggDifferentialPhoIdInputsCorrection
TimeReport   0.034683     0.034846  flashggDiPhotonSystematics
TimeReport   0.000155     0.000155  flashggMetSystematics
TimeReport   0.000022     0.000022  flashggMuonSystematics
TimeReport   0.000034     0.000034  flashggElectronSystematics
TimeReport   0.000188     0.000188  flashggUnpackedJets
TimeReport   0.003374     0.003389  flashggJetSystematics0
TimeReport   0.000493     0.000495  flashggJetSystematics1
TimeReport   0.000431     0.000433  flashggJetSystematics2
TimeReport   0.000412     0.000414  flashggJetSystematics3
TimeReport   0.000403     0.000405  flashggJetSystematics4
TimeReport   0.000400     0.000402  flashggJetSystematics5
TimeReport   0.000397     0.000399  flashggJetSystematics6
TimeReport   0.000395     0.000397  flashggJetSystematics7
TimeReport   0.000394     0.000396  flashggJetSystematics8
TimeReport   0.000391     0.000393  flashggJetSystematics9
TimeReport   0.000390     0.000392  flashggJetSystematics10
TimeReport   0.000389     0.000390  flashggJetSystematics11
TimeReport   0.000237     0.000238  flashggPrefireDiPhotons
TimeReport   0.000097     0.000098  flashggPreselectedDiPhotons
TimeReport   0.000029     0.000029  flashggDiPhotonMVA
TimeReport   0.000023     0.000023  flashggVBFMVA
TimeReport   0.000014     0.000014  flashggVHhadMVA
TimeReport   0.000041     0.000041  flashggGluGluHMVA
TimeReport   0.000025     0.000025  flashggStageOneCombinedTag
TimeReport   0.000371     0.000372  flashggTHQLeptonicTag
TimeReport   0.000252     0.000253  flashggVHMetTag
TimeReport   0.000030     0.000030  flashggWHLeptonicTag
TimeReport   0.000015     0.000015  flashggZHLeptonicTag
TimeReport   0.000083     0.000083  flashggTTHLeptonicTag
TimeReport   0.000928     0.000932  flashggTTHHadronicTag
TimeReport   0.000074     0.000074  flashggTagSorter
TimeReport   0.000003     0.000003  flashggSystTagMerger
TimeReport   0.000247     0.000249  tagsDumper
TimeReport  per event    per visit  Name

TimeReport ---------- Module Summary ---[Real sec]----
TimeReport  per event     per exec    per visit  Name
TimeReport   0.000002     0.000002     0.000002  TriggerResults
TimeReport   0.000005     0.000005     0.000005  VHFilter
TimeReport   0.000003     0.000003     0.000003  ak4PFCHSL1FastL2L3Corrector
TimeReport   0.000004     0.000004     0.000004  ak4PFCHSL1FastjetCorrector
TimeReport   0.000001     0.000001     0.000001  ak4PFCHSL2RelativeCorrector
TimeReport   0.000014     0.000014     0.000014  ak4PFCHSL3AbsoluteCorrector
TimeReport   0.000029     0.000029     0.000029  flashggDiPhotonMVA
TimeReport   0.034683     0.034846     0.034846  flashggDiPhotonSystematics
TimeReport   0.060932     0.061219     0.061219  flashggDifferentialPhoIdInputsCorrection
TimeReport   0.000034     0.000034     0.000034  flashggElectronSystematics
TimeReport   0.000041     0.000041     0.000041  flashggGluGluHMVA
TimeReport   0.003374     0.003389     0.003389  flashggJetSystematics0
TimeReport   0.000493     0.000495     0.000495  flashggJetSystematics1
TimeReport   0.000390     0.000392     0.000392  flashggJetSystematics10
TimeReport   0.000389     0.000390     0.000390  flashggJetSystematics11
TimeReport   0.000431     0.000433     0.000433  flashggJetSystematics2
TimeReport   0.000412     0.000414     0.000414  flashggJetSystematics3
TimeReport   0.000403     0.000405     0.000405  flashggJetSystematics4
TimeReport   0.000400     0.000402     0.000402  flashggJetSystematics5
TimeReport   0.000397     0.000399     0.000399  flashggJetSystematics6
TimeReport   0.000395     0.000397     0.000397  flashggJetSystematics7
TimeReport   0.000394     0.000396     0.000396  flashggJetSystematics8
TimeReport   0.000391     0.000393     0.000393  flashggJetSystematics9
TimeReport   0.000013     0.000013     0.000013  flashggMetFilters
TimeReport   0.000155     0.000155     0.000155  flashggMetSystematics
TimeReport   0.000022     0.000022     0.000022  flashggMuonSystematics
TimeReport   0.000237     0.000238     0.000238  flashggPrefireDiPhotons
TimeReport   0.000097     0.000098     0.000098  flashggPreselectedDiPhotons
TimeReport   0.000025     0.000025     0.000025  flashggStageOneCombinedTag
TimeReport   0.000003     0.000003     0.000003  flashggSystTagMerger
TimeReport   0.000371     0.000372     0.000372  flashggTHQLeptonicTag
TimeReport   0.000928     0.000932     0.000932  flashggTTHHadronicTag
TimeReport   0.000083     0.000083     0.000083  flashggTTHLeptonicTag
TimeReport   0.000074     0.000074     0.000074  flashggTagSorter
TimeReport   0.000188     0.000188     0.000188  flashggUnpackedJets
TimeReport   0.000023     0.000023     0.000023  flashggVBFMVA
TimeReport   0.000252     0.000253     0.000253  flashggVHMetTag
TimeReport   0.000014     0.000014     0.000014  flashggVHhadMVA
TimeReport   0.000030     0.000030     0.000030  flashggWHLeptonicTag
TimeReport   0.000015     0.000015     0.000015  flashggZHLeptonicTag
TimeReport   0.000002     0.000002     0.000002  p
TimeReport   0.000247     0.000249     0.000249  tagsDumper
TimeReport  per event     per exec    per visit  Name

T---Report end!


=============================================

MessageLogger Summary

 type     category        sev    module        subroutine        count    total
 ---- -------------------- -- ---------------- ----------------  -----    -----
    1 XrdAdaptor           -w file_open                              1        1
    2 fileAction           -s file_close                             1        1
    3 fileAction           -s file_open                              2        2

 type    category    Examples: run/evt        run/evt          run/evt
 ---- -------------------- ---------------- ---------------- ----------------
    1 XrdAdaptor           pre-events                        
    2 fileAction           PostGlobalEndRun                  
    3 fileAction           pre-events       pre-events       

Severity    # Occurrences   Total Occurrences
--------    -------------   -----------------
Warning                 1                   1
System                  3                   3

dropped waiting message count 0
