mkdir: cannot create directory '/afs/cern.ch/user/x/xisu/private/local/Analysis_workspace/VH_AC_tmp1/flashgg_d2/CMSSW_10_6_29/src/flashgg/VHAC_Analysis_Met/UL_17/UL_17_wh125': File exists
/cvmfs/cms.cern.ch/slc7_amd64_gcc700/external/py2-requests/2.21.0-pafccj2/lib/python2.7/site-packages/requests/__init__.py:91: RequestsDependencyWarning: urllib3 (1.25.2) or chardet (3.0.4) doesn't match a supported version!
  RequestsDependencyWarning)
20-Dec-2022 10:04:39 CET  Initiating request to open file root://cms-xrd-global.cern.ch//store/user/alesauva/flashgg/UL2017_3/10_6_4/VHToGG_M125_TuneCP5_13TeV-amcatnloFXFX-madspin-pythia8/UL2017_3-10_6_4-v0-RunIISummer19UL17MiniAOD-106X_mc2017_realistic_v6-v1/200718_083214/0000/myMicroAODOutputFile_19.root
%MSG-w XrdAdaptor:  file_open 20-Dec-2022 10:04:42 CET pre-events
Data is served from GRIF-IRFU instead of original site CERN-CMSGLOBAL-01
%MSG
20-Dec-2022 10:04:43 CET  Successfully opened file root://cms-xrd-global.cern.ch//store/user/alesauva/flashgg/UL2017_3/10_6_4/VHToGG_M125_TuneCP5_13TeV-amcatnloFXFX-madspin-pythia8/UL2017_3-10_6_4-v0-RunIISummer19UL17MiniAOD-106X_mc2017_realistic_v6-v1/200718_083214/0000/myMicroAODOutputFile_19.root
2022-12-20 10:16:59.106945: I tensorflow/core/platform/cpu_feature_guard.cc:140] Your CPU supports instructions that this TensorFlow binary was not compiled to use: SSE4.1 SSE4.2 AVX AVX2 FMA
Begin processing the 1st record. Run 1, Event 539474, LumiSection 1999 on stream 0 at 20-Dec-2022 10:17:53.089 CET
[2022-12-20 10:18:36.304107 +0100][Error  ][AsyncSock         ] [xrootd.ba.infn.it:1094 #0.0] Socket error while handshaking: [ERROR] Socket timeout
[2022-12-20 10:18:36.304384 +0100][Error  ][PostMaster        ] [xrootd.ba.infn.it:1094 #0] elapsed = 45, pConnectionWindow = 31 seconds.
[2022-12-20 10:19:21.919066 +0100][Error  ][AsyncSock         ] [xrootd.ba.infn.it:1094 #0.0] Socket error while handshaking: [ERROR] Socket timeout
[2022-12-20 10:19:21.919183 +0100][Error  ][PostMaster        ] [xrootd.ba.infn.it:1094 #0] elapsed = 45, pConnectionWindow = 31 seconds.
[2022-12-20 10:19:21.919215 +0100][Error  ][PostMaster        ] [xrootd.ba.infn.it:1094 #0] Unable to recover: [ERROR] Socket timeout.
[2022-12-20 10:19:21.919241 +0100][Error  ][XRootD            ] [xrootd.ba.infn.it:1094] Impossible to send message kXR_open (file: /store/user/alesauva/flashgg/UL2017_3/10_6_4/VHToGG_M125_TuneCP5_13TeV-amcatnloFXFX-madspin-pythia8/UL2017_3-10_6_4-v0-RunIISummer19UL17MiniAOD-106X_mc2017_realistic_v6-v1/200718_083214/0000/myMicroAODOutputFile_19.root?tried=stor82.datagrid.cea.fr, mode: 0660, flags: kXR_open_read kXR_async kXR_retstat ). Trying to recover.
Begin processing the 1001st record. Run 1, Event 542513, LumiSection 2010 on stream 0 at 20-Dec-2022 10:21:47.812 CET
Begin processing the 2001st record. Run 1, Event 545383, LumiSection 2020 on stream 0 at 20-Dec-2022 10:23:21.420 CET
[2022-12-20 10:23:58.645060 +0100][Error  ][AsyncSock         ] [xrootd.ba.infn.it:1094 #0.0] Socket error while handshaking: [ERROR] Socket timeout
[2022-12-20 10:23:58.645223 +0100][Error  ][PostMaster        ] [xrootd.ba.infn.it:1094 #0] elapsed = 45, pConnectionWindow = 31 seconds.
[2022-12-20 10:24:43.826173 +0100][Error  ][AsyncSock         ] [xrootd.ba.infn.it:1094 #0.0] Socket error while handshaking: [ERROR] Socket timeout
[2022-12-20 10:24:43.826343 +0100][Error  ][PostMaster        ] [xrootd.ba.infn.it:1094 #0] elapsed = 45, pConnectionWindow = 31 seconds.
[2022-12-20 10:24:43.826366 +0100][Error  ][PostMaster        ] [xrootd.ba.infn.it:1094 #0] Unable to recover: [ERROR] Socket timeout.
[2022-12-20 10:24:43.826378 +0100][Error  ][XRootD            ] [xrootd.ba.infn.it:1094] Impossible to send message kXR_open (file: /store/user/alesauva/flashgg/UL2017_3/10_6_4/VHToGG_M125_TuneCP5_13TeV-amcatnloFXFX-madspin-pythia8/UL2017_3-10_6_4-v0-RunIISummer19UL17MiniAOD-106X_mc2017_realistic_v6-v1/200718_083214/0000/myMicroAODOutputFile_19.root?tried=stor82.datagrid.cea.fr, mode: 0660, flags: kXR_open_read kXR_async kXR_retstat ). Trying to recover.
Begin processing the 3001st record. Run 1, Event 548385, LumiSection 2032 on stream 0 at 20-Dec-2022 10:24:47.696 CET
Begin processing the 4001st record. Run 1, Event 1206625, LumiSection 4469 on stream 0 at 20-Dec-2022 10:26:15.503 CET
Begin processing the 5001st record. Run 1, Event 928999, LumiSection 3441 on stream 0 at 20-Dec-2022 10:27:43.849 CET
Begin processing the 6001st record. Run 1, Event 1260785, LumiSection 4670 on stream 0 at 20-Dec-2022 10:29:03.019 CET
[2022-12-20 10:29:29.051064 +0100][Error  ][AsyncSock         ] [xrootd.ba.infn.it:1094 #0.0] Socket error while handshaking: [ERROR] Socket timeout
[2022-12-20 10:29:29.051249 +0100][Error  ][PostMaster        ] [xrootd.ba.infn.it:1094 #0] elapsed = 45, pConnectionWindow = 31 seconds.
[2022-12-20 10:30:14.914062 +0100][Error  ][AsyncSock         ] [xrootd.ba.infn.it:1094 #0.0] Socket error while handshaking: [ERROR] Socket timeout
[2022-12-20 10:30:14.914208 +0100][Error  ][PostMaster        ] [xrootd.ba.infn.it:1094 #0] elapsed = 45, pConnectionWindow = 31 seconds.
[2022-12-20 10:30:14.914220 +0100][Error  ][PostMaster        ] [xrootd.ba.infn.it:1094 #0] Unable to recover: [ERROR] Socket timeout.
[2022-12-20 10:30:14.914231 +0100][Error  ][XRootD            ] [xrootd.ba.infn.it:1094] Impossible to send message kXR_open (file: /store/user/alesauva/flashgg/UL2017_3/10_6_4/VHToGG_M125_TuneCP5_13TeV-amcatnloFXFX-madspin-pythia8/UL2017_3-10_6_4-v0-RunIISummer19UL17MiniAOD-106X_mc2017_realistic_v6-v1/200718_083214/0000/myMicroAODOutputFile_19.root?tried=stor82.datagrid.cea.fr, mode: 0660, flags: kXR_open_read kXR_async kXR_retstat ). Trying to recover.
Begin processing the 7001st record. Run 1, Event 921671, LumiSection 3414 on stream 0 at 20-Dec-2022 10:30:24.499 CET
Begin processing the 8001st record. Run 1, Event 1077480, LumiSection 3991 on stream 0 at 20-Dec-2022 10:31:41.827 CET
Begin processing the 9001st record. Run 1, Event 894070, LumiSection 3312 on stream 0 at 20-Dec-2022 10:33:15.174 CET
Begin processing the 10001st record. Run 1, Event 1080343, LumiSection 4002 on stream 0 at 20-Dec-2022 10:34:54.600 CET
[2022-12-20 10:35:10.252230 +0100][Error  ][AsyncSock         ] [xrootd.ba.infn.it:1094 #0.0] Socket error while handshaking: [ERROR] Socket timeout
[2022-12-20 10:35:10.252382 +0100][Error  ][PostMaster        ] [xrootd.ba.infn.it:1094 #0] elapsed = 45, pConnectionWindow = 31 seconds.
[2022-12-20 10:35:55.883610 +0100][Error  ][AsyncSock         ] [xrootd.ba.infn.it:1094 #0.0] Socket error while handshaking: [ERROR] Socket timeout
[2022-12-20 10:35:55.883766 +0100][Error  ][PostMaster        ] [xrootd.ba.infn.it:1094 #0] elapsed = 45, pConnectionWindow = 31 seconds.
[2022-12-20 10:35:55.883778 +0100][Error  ][PostMaster        ] [xrootd.ba.infn.it:1094 #0] Unable to recover: [ERROR] Socket timeout.
[2022-12-20 10:35:55.883788 +0100][Error  ][XRootD            ] [xrootd.ba.infn.it:1094] Impossible to send message kXR_open (file: /store/user/alesauva/flashgg/UL2017_3/10_6_4/VHToGG_M125_TuneCP5_13TeV-amcatnloFXFX-madspin-pythia8/UL2017_3-10_6_4-v0-RunIISummer19UL17MiniAOD-106X_mc2017_realistic_v6-v1/200718_083214/0000/myMicroAODOutputFile_19.root?tried=stor82.datagrid.cea.fr, mode: 0660, flags: kXR_open_read kXR_async kXR_retstat ). Trying to recover.
Begin processing the 11001st record. Run 1, Event 1083453, LumiSection 4013 on stream 0 at 20-Dec-2022 10:36:21.726 CET
Begin processing the 12001st record. Run 1, Event 1102096, LumiSection 4082 on stream 0 at 20-Dec-2022 10:37:50.882 CET
Begin processing the 13001st record. Run 1, Event 1104975, LumiSection 4093 on stream 0 at 20-Dec-2022 10:39:19.621 CET
Begin processing the 14001st record. Run 1, Event 980139, LumiSection 3631 on stream 0 at 20-Dec-2022 10:40:39.264 CET
[2022-12-20 10:40:46.266053 +0100][Error  ][AsyncSock         ] [xrootd.ba.infn.it:1094 #0.0] Socket error while handshaking: [ERROR] Socket timeout
[2022-12-20 10:40:46.266217 +0100][Error  ][PostMaster        ] [xrootd.ba.infn.it:1094 #0] elapsed = 46, pConnectionWindow = 31 seconds.
[2022-12-20 10:41:31.064069 +0100][Error  ][AsyncSock         ] [xrootd.ba.infn.it:1094 #0.0] Socket error while handshaking: [ERROR] Socket timeout
[2022-12-20 10:41:31.064277 +0100][Error  ][PostMaster        ] [xrootd.ba.infn.it:1094 #0] elapsed = 45, pConnectionWindow = 31 seconds.
[2022-12-20 10:41:31.064293 +0100][Error  ][PostMaster        ] [xrootd.ba.infn.it:1094 #0] Unable to recover: [ERROR] Socket timeout.
[2022-12-20 10:41:31.064303 +0100][Error  ][XRootD            ] [xrootd.ba.infn.it:1094] Impossible to send message kXR_open (file: /store/user/alesauva/flashgg/UL2017_3/10_6_4/VHToGG_M125_TuneCP5_13TeV-amcatnloFXFX-madspin-pythia8/UL2017_3-10_6_4-v0-RunIISummer19UL17MiniAOD-106X_mc2017_realistic_v6-v1/200718_083214/0000/myMicroAODOutputFile_19.root?tried=stor82.datagrid.cea.fr, mode: 0660, flags: kXR_open_read kXR_async kXR_retstat ). Trying to recover.
Begin processing the 15001st record. Run 1, Event 983317, LumiSection 3642 on stream 0 at 20-Dec-2022 10:42:02.070 CET
Begin processing the 16001st record. Run 1, Event 988149, LumiSection 3660 on stream 0 at 20-Dec-2022 10:43:29.339 CET
Begin processing the 17001st record. Run 1, Event 1283463, LumiSection 4754 on stream 0 at 20-Dec-2022 10:44:54.516 CET
[2022-12-20 10:46:18.703111 +0100][Error  ][AsyncSock         ] [xrootd.ba.infn.it:1094 #0.0] Socket error while handshaking: [ERROR] Socket timeout
[2022-12-20 10:46:18.703272 +0100][Error  ][PostMaster        ] [xrootd.ba.infn.it:1094 #0] elapsed = 45, pConnectionWindow = 31 seconds.
Begin processing the 18001st record. Run 1, Event 955523, LumiSection 3539 on stream 0 at 20-Dec-2022 10:46:22.889 CET
[2022-12-20 10:47:04.005091 +0100][Error  ][AsyncSock         ] [xrootd.ba.infn.it:1094 #0.0] Socket error while handshaking: [ERROR] Socket timeout
[2022-12-20 10:47:04.005234 +0100][Error  ][PostMaster        ] [xrootd.ba.infn.it:1094 #0] elapsed = 46, pConnectionWindow = 31 seconds.
[2022-12-20 10:47:04.005246 +0100][Error  ][PostMaster        ] [xrootd.ba.infn.it:1094 #0] Unable to recover: [ERROR] Socket timeout.
[2022-12-20 10:47:04.005256 +0100][Error  ][XRootD            ] [xrootd.ba.infn.it:1094] Impossible to send message kXR_open (file: /store/user/alesauva/flashgg/UL2017_3/10_6_4/VHToGG_M125_TuneCP5_13TeV-amcatnloFXFX-madspin-pythia8/UL2017_3-10_6_4-v0-RunIISummer19UL17MiniAOD-106X_mc2017_realistic_v6-v1/200718_083214/0000/myMicroAODOutputFile_19.root?tried=stor82.datagrid.cea.fr, mode: 0660, flags: kXR_open_read kXR_async kXR_retstat ). Trying to recover.
Begin processing the 19001st record. Run 1, Event 1023459, LumiSection 3791 on stream 0 at 20-Dec-2022 10:47:46.221 CET
Begin processing the 20001st record. Run 1, Event 1026428, LumiSection 3802 on stream 0 at 20-Dec-2022 10:49:17.001 CET
Begin processing the 21001st record. Run 1, Event 1350874, LumiSection 5004 on stream 0 at 20-Dec-2022 10:50:46.146 CET
20-Dec-2022 10:50:58 CET  Closed file root://cms-xrd-global.cern.ch//store/user/alesauva/flashgg/UL2017_3/10_6_4/VHToGG_M125_TuneCP5_13TeV-amcatnloFXFX-madspin-pythia8/UL2017_3-10_6_4-v0-RunIISummer19UL17MiniAOD-106X_mc2017_realistic_v6-v1/200718_083214/0000/myMicroAODOutputFile_19.root

TrigReport ---------- Event  Summary ------------
TrigReport Events total = 21162 passed = 13496 failed = 7666

TrigReport ---------- Path   Summary ------------
TrigReport  Trig Bit#   Executed     Passed     Failed      Error Name
TrigReport     1    0      21162      13496       7666          0 p

TrigReport -------End-Path   Summary ------------
TrigReport  Trig Bit#   Executed     Passed     Failed      Error Name

TrigReport ---------- Modules in Path: p ------------
TrigReport  Trig Bit#    Visited     Passed     Failed      Error Name
TrigReport     1    0      21162      21066         96          0 flashggMetFilters
TrigReport     1    1      21066      13496       7570          0 VHFilter
TrigReport     1    2      13496      13496          0          0 flashggDifferentialPhoIdInputsCorrection
TrigReport     1    3      13496      13496          0          0 flashggDiPhotonSystematics
TrigReport     1    4      13496      13496          0          0 flashggMetSystematics
TrigReport     1    5      13496      13496          0          0 flashggMuonSystematics
TrigReport     1    6      13496      13496          0          0 flashggElectronSystematics
TrigReport     1    7      13496      13496          0          0 flashggUnpackedJets
TrigReport     1    8      13496      13496          0          0 flashggJetSystematics0
TrigReport     1    9      13496      13496          0          0 flashggJetSystematics1
TrigReport     1   10      13496      13496          0          0 flashggJetSystematics2
TrigReport     1   11      13496      13496          0          0 flashggJetSystematics3
TrigReport     1   12      13496      13496          0          0 flashggJetSystematics4
TrigReport     1   13      13496      13496          0          0 flashggJetSystematics5
TrigReport     1   14      13496      13496          0          0 flashggJetSystematics6
TrigReport     1   15      13496      13496          0          0 flashggJetSystematics7
TrigReport     1   16      13496      13496          0          0 flashggJetSystematics8
TrigReport     1   17      13496      13496          0          0 flashggJetSystematics9
TrigReport     1   18      13496      13496          0          0 flashggJetSystematics10
TrigReport     1   19      13496      13496          0          0 flashggJetSystematics11
TrigReport     1   20      13496      13496          0          0 flashggPrefireDiPhotons
TrigReport     1   21      13496      13496          0          0 flashggPreselectedDiPhotons
TrigReport     1   22      13496      13496          0          0 flashggDiPhotonMVA
TrigReport     1   23      13496      13496          0          0 flashggVBFMVA
TrigReport     1   24      13496      13496          0          0 flashggVHhadMVA
TrigReport     1   25      13496      13496          0          0 flashggGluGluHMVA
TrigReport     1   26      13496      13496          0          0 flashggStageOneCombinedTag
TrigReport     1   27      13496      13496          0          0 flashggTHQLeptonicTag
TrigReport     1   28      13496      13496          0          0 flashggVHMetTag
TrigReport     1   29      13496      13496          0          0 flashggWHLeptonicTag
TrigReport     1   30      13496      13496          0          0 flashggZHLeptonicTag
TrigReport     1   31      13496      13496          0          0 flashggTTHLeptonicTag
TrigReport     1   32      13496      13496          0          0 flashggTTHHadronicTag
TrigReport     1   33      13496      13496          0          0 flashggTagSorter
TrigReport     1   34      13496      13496          0          0 flashggSystTagMerger
TrigReport     1   35      13496      13496          0          0 tagsDumper

TrigReport ---------- Module Summary ------------
TrigReport    Visited   Executed     Passed     Failed      Error Name
TrigReport      21162      21162      21162          0          0 TriggerResults
TrigReport      21066      21066      13496       7570          0 VHFilter
TrigReport      13496      13496      13496          0          0 ak4PFCHSL1FastL2L3Corrector
TrigReport      13496      13496      13496          0          0 ak4PFCHSL1FastjetCorrector
TrigReport      13496      13496      13496          0          0 ak4PFCHSL2RelativeCorrector
TrigReport      13496      13496      13496          0          0 ak4PFCHSL3AbsoluteCorrector
TrigReport      13496      13496      13496          0          0 flashggDiPhotonMVA
TrigReport      13496      13496      13496          0          0 flashggDiPhotonSystematics
TrigReport      13496      13496      13496          0          0 flashggDifferentialPhoIdInputsCorrection
TrigReport      13496      13496      13496          0          0 flashggElectronSystematics
TrigReport      13496      13496      13496          0          0 flashggGluGluHMVA
TrigReport      13496      13496      13496          0          0 flashggJetSystematics0
TrigReport      13496      13496      13496          0          0 flashggJetSystematics1
TrigReport      13496      13496      13496          0          0 flashggJetSystematics10
TrigReport      13496      13496      13496          0          0 flashggJetSystematics11
TrigReport      13496      13496      13496          0          0 flashggJetSystematics2
TrigReport      13496      13496      13496          0          0 flashggJetSystematics3
TrigReport      13496      13496      13496          0          0 flashggJetSystematics4
TrigReport      13496      13496      13496          0          0 flashggJetSystematics5
TrigReport      13496      13496      13496          0          0 flashggJetSystematics6
TrigReport      13496      13496      13496          0          0 flashggJetSystematics7
TrigReport      13496      13496      13496          0          0 flashggJetSystematics8
TrigReport      13496      13496      13496          0          0 flashggJetSystematics9
TrigReport      21162      21162      21066         96          0 flashggMetFilters
TrigReport      13496      13496      13496          0          0 flashggMetSystematics
TrigReport      13496      13496      13496          0          0 flashggMuonSystematics
TrigReport      13496      13496      13496          0          0 flashggPrefireDiPhotons
TrigReport      13496      13496      13496          0          0 flashggPreselectedDiPhotons
TrigReport      13496      13496      13496          0          0 flashggStageOneCombinedTag
TrigReport      13496      13496      13496          0          0 flashggSystTagMerger
TrigReport      13496      13496      13496          0          0 flashggTHQLeptonicTag
TrigReport      13496      13496      13496          0          0 flashggTTHHadronicTag
TrigReport      13496      13496      13496          0          0 flashggTTHLeptonicTag
TrigReport      13496      13496      13496          0          0 flashggTagSorter
TrigReport      13496      13496      13496          0          0 flashggUnpackedJets
TrigReport      13496      13496      13496          0          0 flashggVBFMVA
TrigReport      13496      13496      13496          0          0 flashggVHMetTag
TrigReport      13496      13496      13496          0          0 flashggVHhadMVA
TrigReport      13496      13496      13496          0          0 flashggWHLeptonicTag
TrigReport      13496      13496      13496          0          0 flashggZHLeptonicTag
TrigReport      21162      21162      21162          0          0 p
TrigReport      13496      13496      13496          0          0 tagsDumper

TimeReport ---------- Event  Summary ---[sec]----
TimeReport       event loop CPU/event = 0.092938
TimeReport      event loop Real/event = 0.093909
TimeReport     sum Streams Real/event = 0.091164
TimeReport efficiency CPU/Real/thread = 0.989654

TimeReport ---------- Path   Summary ---[Real sec]----
TimeReport  per event     per exec  Name
TimeReport   0.090795     0.090795  p
TimeReport  per event     per exec  Name

TimeReport -------End-Path   Summary ---[Real sec]----
TimeReport  per event     per exec  Name
TimeReport  per event     per exec  Name

TimeReport ---------- Modules in Path: p ---[Real sec]----
TimeReport  per event    per visit  Name
TimeReport   0.000013     0.000013  flashggMetFilters
TimeReport   0.000005     0.000005  VHFilter
TimeReport   0.048510     0.076064  flashggDifferentialPhoIdInputsCorrection
TimeReport   0.031413     0.049257  flashggDiPhotonSystematics
TimeReport   0.000115     0.000181  flashggMetSystematics
TimeReport   0.000018     0.000028  flashggMuonSystematics
TimeReport   0.000028     0.000043  flashggElectronSystematics
TimeReport   0.000155     0.000243  flashggUnpackedJets
TimeReport   0.002906     0.004556  flashggJetSystematics0
TimeReport   0.000429     0.000672  flashggJetSystematics1
TimeReport   0.000379     0.000594  flashggJetSystematics2
TimeReport   0.000365     0.000572  flashggJetSystematics3
TimeReport   0.000359     0.000564  flashggJetSystematics4
TimeReport   0.000356     0.000558  flashggJetSystematics5
TimeReport   0.000353     0.000554  flashggJetSystematics6
TimeReport   0.000353     0.000554  flashggJetSystematics7
TimeReport   0.000351     0.000550  flashggJetSystematics8
TimeReport   0.000349     0.000548  flashggJetSystematics9
TimeReport   0.000348     0.000546  flashggJetSystematics10
TimeReport   0.000347     0.000544  flashggJetSystematics11
TimeReport   0.000213     0.000334  flashggPrefireDiPhotons
TimeReport   0.000074     0.000116  flashggPreselectedDiPhotons
TimeReport   0.000019     0.000030  flashggDiPhotonMVA
TimeReport   0.000018     0.000028  flashggVBFMVA
TimeReport   0.000011     0.000017  flashggVHhadMVA
TimeReport   0.000030     0.000048  flashggGluGluHMVA
TimeReport   0.000020     0.000032  flashggStageOneCombinedTag
TimeReport   0.000189     0.000296  flashggTHQLeptonicTag
TimeReport   0.000157     0.000246  flashggVHMetTag
TimeReport   0.000022     0.000035  flashggWHLeptonicTag
TimeReport   0.000011     0.000018  flashggZHLeptonicTag
TimeReport   0.000121     0.000190  flashggTTHLeptonicTag
TimeReport   0.000796     0.001249  flashggTTHHadronicTag
TimeReport   0.000056     0.000088  flashggTagSorter
TimeReport   0.000002     0.000003  flashggSystTagMerger
TimeReport   0.000215     0.000338  tagsDumper
TimeReport  per event    per visit  Name

TimeReport ---------- Module Summary ---[Real sec]----
TimeReport  per event     per exec    per visit  Name
TimeReport   0.000002     0.000002     0.000002  TriggerResults
TimeReport   0.000005     0.000005     0.000005  VHFilter
TimeReport   0.000002     0.000004     0.000004  ak4PFCHSL1FastL2L3Corrector
TimeReport   0.000003     0.000004     0.000004  ak4PFCHSL1FastjetCorrector
TimeReport   0.000001     0.000002     0.000002  ak4PFCHSL2RelativeCorrector
TimeReport   0.000009     0.000013     0.000013  ak4PFCHSL3AbsoluteCorrector
TimeReport   0.000019     0.000030     0.000030  flashggDiPhotonMVA
TimeReport   0.031413     0.049257     0.049257  flashggDiPhotonSystematics
TimeReport   0.048510     0.076064     0.076064  flashggDifferentialPhoIdInputsCorrection
TimeReport   0.000028     0.000043     0.000043  flashggElectronSystematics
TimeReport   0.000030     0.000048     0.000048  flashggGluGluHMVA
TimeReport   0.002906     0.004556     0.004556  flashggJetSystematics0
TimeReport   0.000429     0.000672     0.000672  flashggJetSystematics1
TimeReport   0.000348     0.000546     0.000546  flashggJetSystematics10
TimeReport   0.000347     0.000544     0.000544  flashggJetSystematics11
TimeReport   0.000379     0.000594     0.000594  flashggJetSystematics2
TimeReport   0.000365     0.000572     0.000572  flashggJetSystematics3
TimeReport   0.000359     0.000564     0.000564  flashggJetSystematics4
TimeReport   0.000356     0.000558     0.000558  flashggJetSystematics5
TimeReport   0.000353     0.000554     0.000554  flashggJetSystematics6
TimeReport   0.000353     0.000554     0.000554  flashggJetSystematics7
TimeReport   0.000351     0.000550     0.000550  flashggJetSystematics8
TimeReport   0.000349     0.000548     0.000548  flashggJetSystematics9
TimeReport   0.000013     0.000013     0.000013  flashggMetFilters
TimeReport   0.000115     0.000181     0.000181  flashggMetSystematics
TimeReport   0.000018     0.000028     0.000028  flashggMuonSystematics
TimeReport   0.000213     0.000334     0.000334  flashggPrefireDiPhotons
TimeReport   0.000074     0.000116     0.000116  flashggPreselectedDiPhotons
TimeReport   0.000020     0.000032     0.000032  flashggStageOneCombinedTag
TimeReport   0.000002     0.000003     0.000003  flashggSystTagMerger
TimeReport   0.000189     0.000296     0.000296  flashggTHQLeptonicTag
TimeReport   0.000796     0.001249     0.001249  flashggTTHHadronicTag
TimeReport   0.000121     0.000190     0.000190  flashggTTHLeptonicTag
TimeReport   0.000056     0.000088     0.000088  flashggTagSorter
TimeReport   0.000155     0.000243     0.000243  flashggUnpackedJets
TimeReport   0.000018     0.000028     0.000028  flashggVBFMVA
TimeReport   0.000157     0.000246     0.000246  flashggVHMetTag
TimeReport   0.000011     0.000017     0.000017  flashggVHhadMVA
TimeReport   0.000022     0.000035     0.000035  flashggWHLeptonicTag
TimeReport   0.000011     0.000018     0.000018  flashggZHLeptonicTag
TimeReport   0.000003     0.000003     0.000003  p
TimeReport   0.000215     0.000338     0.000338  tagsDumper
TimeReport  per event     per exec    per visit  Name

T---Report end!


=============================================

MessageLogger Summary

 type     category        sev    module        subroutine        count    total
 ---- -------------------- -- ---------------- ----------------  -----    -----
    1 XrdAdaptor           -w file_open                              1        1
    2 fileAction           -s file_close                             1        1
    3 fileAction           -s file_open                              2        2

 type    category    Examples: run/evt        run/evt          run/evt
 ---- -------------------- ---------------- ---------------- ----------------
    1 XrdAdaptor           pre-events                        
    2 fileAction           PostGlobalEndRun                  
    3 fileAction           pre-events       pre-events       

Severity    # Occurrences   Total Occurrences
--------    -------------   -----------------
Warning                 1                   1
System                  3                   3

dropped waiting message count 0
