mkdir: cannot create directory '/afs/cern.ch/user/x/xisu/private/local/Analysis_workspace/VH_AC_tmp1/flashgg_d2/CMSSW_10_6_29/src/flashgg/VHAC_Analysis_Met/UL_17/UL_17_wh125': File exists
/cvmfs/cms.cern.ch/slc7_amd64_gcc700/external/py2-requests/2.21.0-pafccj2/lib/python2.7/site-packages/requests/__init__.py:91: RequestsDependencyWarning: urllib3 (1.25.2) or chardet (3.0.4) doesn't match a supported version!
  RequestsDependencyWarning)
20-Dec-2022 10:05:20 CET  Initiating request to open file root://cms-xrd-global.cern.ch//store/user/alesauva/flashgg/UL2017_4/10_6_4/WHiggs0L1ToGG_M125_TuneCP5_13TeV-JHUGenV7011-pythia8/UL2017_4-10_6_4-v0-RunIISummer19UL17MiniAOD-106X_mc2017_realistic_v6-v2/200720_155007/0000/myMicroAODOutputFile_27.root
%MSG-w XrdAdaptor:  file_open 20-Dec-2022 10:05:22 CET pre-events
Data is served from GRIF-IRFU instead of original site CERN-CMSGLOBAL-02
%MSG
20-Dec-2022 10:05:25 CET  Successfully opened file root://cms-xrd-global.cern.ch//store/user/alesauva/flashgg/UL2017_4/10_6_4/WHiggs0L1ToGG_M125_TuneCP5_13TeV-JHUGenV7011-pythia8/UL2017_4-10_6_4-v0-RunIISummer19UL17MiniAOD-106X_mc2017_realistic_v6-v2/200720_155007/0000/myMicroAODOutputFile_27.root
[2022-12-20 10:06:17.719659 +0100][Error  ][AsyncSock         ] [xrootd.ba.infn.it:1094 #0.0] Socket error while handshaking: [ERROR] Socket timeout
[2022-12-20 10:06:17.719916 +0100][Error  ][PostMaster        ] [xrootd.ba.infn.it:1094 #0] elapsed = 45, pConnectionWindow = 31 seconds.
[2022-12-20 10:07:02.964363 +0100][Error  ][AsyncSock         ] [xrootd.ba.infn.it:1094 #0.0] Socket error while handshaking: [ERROR] Socket timeout
[2022-12-20 10:07:02.964526 +0100][Error  ][PostMaster        ] [xrootd.ba.infn.it:1094 #0] elapsed = 45, pConnectionWindow = 31 seconds.
[2022-12-20 10:07:02.964571 +0100][Error  ][PostMaster        ] [xrootd.ba.infn.it:1094 #0] Unable to recover: [ERROR] Socket timeout.
[2022-12-20 10:07:02.964592 +0100][Error  ][XRootD            ] [xrootd.ba.infn.it:1094] Impossible to send message kXR_open (file: /store/user/alesauva/flashgg/UL2017_4/10_6_4/WHiggs0L1ToGG_M125_TuneCP5_13TeV-JHUGenV7011-pythia8/UL2017_4-10_6_4-v0-RunIISummer19UL17MiniAOD-106X_mc2017_realistic_v6-v2/200720_155007/0000/myMicroAODOutputFile_27.root?tried=+1213llrxrd-redir.in2p3.fr,+1413xrootd-redic.pi.infn.it,stor95.datagrid.cea.fr,node12.datagrid.cea.fr,xrootd-cms-redir-int.cr.cnaf.infn.it,xrootd-redic.pi.infn.it,xrootd-cms.infn.it&triedrc=enoent,enoent, mode: 0660, flags: kXR_open_read kXR_async kXR_retstat ). Trying to recover.
2022-12-20 10:21:30.408189: I tensorflow/core/platform/cpu_feature_guard.cc:140] Your CPU supports instructions that this TensorFlow binary was not compiled to use: SSE4.1 SSE4.2 AVX AVX2 FMA
Begin processing the 1st record. Run 1, Event 146808, LumiSection 1469 on stream 0 at 20-Dec-2022 10:22:21.702 CET
[2022-12-20 10:23:05.939547 +0100][Error  ][AsyncSock         ] [xrootd.ba.infn.it:1094 #0.0] Socket error while handshaking: [ERROR] Socket timeout
[2022-12-20 10:23:05.939666 +0100][Error  ][PostMaster        ] [xrootd.ba.infn.it:1094 #0] elapsed = 45, pConnectionWindow = 31 seconds.
[2022-12-20 10:23:51.092544 +0100][Error  ][AsyncSock         ] [xrootd.ba.infn.it:1094 #0.0] Socket error while handshaking: [ERROR] Socket timeout
[2022-12-20 10:23:51.092682 +0100][Error  ][PostMaster        ] [xrootd.ba.infn.it:1094 #0] elapsed = 46, pConnectionWindow = 31 seconds.
[2022-12-20 10:23:51.092691 +0100][Error  ][PostMaster        ] [xrootd.ba.infn.it:1094 #0] Unable to recover: [ERROR] Socket timeout.
[2022-12-20 10:23:51.092718 +0100][Error  ][XRootD            ] [xrootd.ba.infn.it:1094] Impossible to send message kXR_open (file: /store/user/alesauva/flashgg/UL2017_4/10_6_4/WHiggs0L1ToGG_M125_TuneCP5_13TeV-JHUGenV7011-pythia8/UL2017_4-10_6_4-v0-RunIISummer19UL17MiniAOD-106X_mc2017_realistic_v6-v2/200720_155007/0000/myMicroAODOutputFile_27.root?tried=stor95.datagrid.cea.fr, mode: 0660, flags: kXR_open_read kXR_async kXR_retstat ). Trying to recover.
Begin processing the 1001st record. Run 1, Event 148010, LumiSection 1481 on stream 0 at 20-Dec-2022 10:27:21.199 CET
[2022-12-20 10:29:17.051201 +0100][Error  ][AsyncSock         ] [xrootd.ba.infn.it:1094 #0.0] Socket error while handshaking: [ERROR] Socket timeout
[2022-12-20 10:29:17.051372 +0100][Error  ][PostMaster        ] [xrootd.ba.infn.it:1094 #0] elapsed = 45, pConnectionWindow = 31 seconds.
Begin processing the 2001st record. Run 1, Event 453801, LumiSection 4539 on stream 0 at 20-Dec-2022 10:29:54.413 CET
[2022-12-20 10:30:02.307569 +0100][Error  ][AsyncSock         ] [xrootd.ba.infn.it:1094 #0.0] Socket error while handshaking: [ERROR] Socket timeout
[2022-12-20 10:30:02.307675 +0100][Error  ][PostMaster        ] [xrootd.ba.infn.it:1094 #0] elapsed = 45, pConnectionWindow = 31 seconds.
[2022-12-20 10:30:02.307684 +0100][Error  ][PostMaster        ] [xrootd.ba.infn.it:1094 #0] Unable to recover: [ERROR] Socket timeout.
[2022-12-20 10:30:02.307693 +0100][Error  ][XRootD            ] [xrootd.ba.infn.it:1094] Impossible to send message kXR_open (file: /store/user/alesauva/flashgg/UL2017_4/10_6_4/WHiggs0L1ToGG_M125_TuneCP5_13TeV-JHUGenV7011-pythia8/UL2017_4-10_6_4-v0-RunIISummer19UL17MiniAOD-106X_mc2017_realistic_v6-v2/200720_155007/0000/myMicroAODOutputFile_27.root?tried=stor95.datagrid.cea.fr, mode: 0660, flags: kXR_open_read kXR_async kXR_retstat ). Trying to recover.
Begin processing the 3001st record. Run 1, Event 612316, LumiSection 6124 on stream 0 at 20-Dec-2022 10:32:28.521 CET
Begin processing the 4001st record. Run 1, Event 614102, LumiSection 6142 on stream 0 at 20-Dec-2022 10:35:11.524 CET
Begin processing the 5001st record. Run 1, Event 165103, LumiSection 1652 on stream 0 at 20-Dec-2022 10:37:55.693 CET
[2022-12-20 10:37:58.578556 +0100][Error  ][AsyncSock         ] [xrootd.ba.infn.it:1094 #0.0] Socket error while handshaking: [ERROR] Socket timeout
[2022-12-20 10:37:58.578716 +0100][Error  ][PostMaster        ] [xrootd.ba.infn.it:1094 #0] elapsed = 45, pConnectionWindow = 31 seconds.
[2022-12-20 10:38:43.845540 +0100][Error  ][AsyncSock         ] [xrootd.ba.infn.it:1094 #0.0] Socket error while handshaking: [ERROR] Socket timeout
[2022-12-20 10:38:43.845683 +0100][Error  ][PostMaster        ] [xrootd.ba.infn.it:1094 #0] elapsed = 45, pConnectionWindow = 31 seconds.
[2022-12-20 10:38:43.845693 +0100][Error  ][PostMaster        ] [xrootd.ba.infn.it:1094 #0] Unable to recover: [ERROR] Socket timeout.
[2022-12-20 10:38:43.845703 +0100][Error  ][XRootD            ] [xrootd.ba.infn.it:1094] Impossible to send message kXR_open (file: /store/user/alesauva/flashgg/UL2017_4/10_6_4/WHiggs0L1ToGG_M125_TuneCP5_13TeV-JHUGenV7011-pythia8/UL2017_4-10_6_4-v0-RunIISummer19UL17MiniAOD-106X_mc2017_realistic_v6-v2/200720_155007/0000/myMicroAODOutputFile_27.root?tried=stor95.datagrid.cea.fr, mode: 0660, flags: kXR_open_read kXR_async kXR_retstat ). Trying to recover.
Begin processing the 6001st record. Run 1, Event 166401, LumiSection 1665 on stream 0 at 20-Dec-2022 10:40:33.611 CET
[2022-12-20 10:42:49.798556 +0100][Error  ][AsyncSock         ] [xrootd.ba.infn.it:1094 #0.0] Socket error while handshaking: [ERROR] Socket timeout
[2022-12-20 10:42:49.798743 +0100][Error  ][PostMaster        ] [xrootd.ba.infn.it:1094 #0] elapsed = 45, pConnectionWindow = 31 seconds.
Begin processing the 7001st record. Run 1, Event 175501, LumiSection 1756 on stream 0 at 20-Dec-2022 10:42:59.803 CET
[2022-12-20 10:43:34.058597 +0100][Error  ][AsyncSock         ] [xrootd.ba.infn.it:1094 #0.0] Socket error while handshaking: [ERROR] Socket timeout
[2022-12-20 10:43:34.058769 +0100][Error  ][PostMaster        ] [xrootd.ba.infn.it:1094 #0] elapsed = 45, pConnectionWindow = 31 seconds.
[2022-12-20 10:43:34.058822 +0100][Error  ][PostMaster        ] [xrootd.ba.infn.it:1094 #0] Unable to recover: [ERROR] Socket timeout.
[2022-12-20 10:43:34.058837 +0100][Error  ][XRootD            ] [xrootd.ba.infn.it:1094] Impossible to send message kXR_open (file: /store/user/alesauva/flashgg/UL2017_4/10_6_4/WHiggs0L1ToGG_M125_TuneCP5_13TeV-JHUGenV7011-pythia8/UL2017_4-10_6_4-v0-RunIISummer19UL17MiniAOD-106X_mc2017_realistic_v6-v2/200720_155007/0000/myMicroAODOutputFile_27.root?tried=stor95.datagrid.cea.fr, mode: 0660, flags: kXR_open_read kXR_async kXR_retstat ). Trying to recover.
Begin processing the 8001st record. Run 1, Event 176508, LumiSection 1766 on stream 0 at 20-Dec-2022 10:45:38.381 CET
[2022-12-20 10:47:54.106539 +0100][Error  ][AsyncSock         ] [xrootd.ba.infn.it:1094 #0.0] Socket error while handshaking: [ERROR] Socket timeout
[2022-12-20 10:47:54.106691 +0100][Error  ][PostMaster        ] [xrootd.ba.infn.it:1094 #0] elapsed = 46, pConnectionWindow = 31 seconds.
Begin processing the 9001st record. Run 1, Event 177514, LumiSection 1776 on stream 0 at 20-Dec-2022 10:48:23.090 CET
[2022-12-20 10:48:39.355596 +0100][Error  ][AsyncSock         ] [xrootd.ba.infn.it:1094 #0.0] Socket error while handshaking: [ERROR] Socket timeout
[2022-12-20 10:48:39.355763 +0100][Error  ][PostMaster        ] [xrootd.ba.infn.it:1094 #0] elapsed = 45, pConnectionWindow = 31 seconds.
[2022-12-20 10:48:39.355773 +0100][Error  ][PostMaster        ] [xrootd.ba.infn.it:1094 #0] Unable to recover: [ERROR] Socket timeout.
[2022-12-20 10:48:39.355783 +0100][Error  ][XRootD            ] [xrootd.ba.infn.it:1094] Impossible to send message kXR_open (file: /store/user/alesauva/flashgg/UL2017_4/10_6_4/WHiggs0L1ToGG_M125_TuneCP5_13TeV-JHUGenV7011-pythia8/UL2017_4-10_6_4-v0-RunIISummer19UL17MiniAOD-106X_mc2017_realistic_v6-v2/200720_155007/0000/myMicroAODOutputFile_27.root?tried=stor95.datagrid.cea.fr, mode: 0660, flags: kXR_open_read kXR_async kXR_retstat ). Trying to recover.
Begin processing the 10001st record. Run 1, Event 253102, LumiSection 2532 on stream 0 at 20-Dec-2022 10:51:02.245 CET
[2022-12-20 10:52:57.989540 +0100][Error  ][AsyncSock         ] [xrootd.ba.infn.it:1094 #0.0] Socket error while handshaking: [ERROR] Socket timeout
[2022-12-20 10:52:57.989690 +0100][Error  ][PostMaster        ] [xrootd.ba.infn.it:1094 #0] elapsed = 45, pConnectionWindow = 31 seconds.
[2022-12-20 10:53:43.252820 +0100][Error  ][AsyncSock         ] [xrootd.ba.infn.it:1094 #0.0] Socket error while handshaking: [ERROR] Socket timeout
[2022-12-20 10:53:43.253006 +0100][Error  ][PostMaster        ] [xrootd.ba.infn.it:1094 #0] elapsed = 46, pConnectionWindow = 31 seconds.
[2022-12-20 10:53:43.253018 +0100][Error  ][PostMaster        ] [xrootd.ba.infn.it:1094 #0] Unable to recover: [ERROR] Socket timeout.
[2022-12-20 10:53:43.253029 +0100][Error  ][XRootD            ] [xrootd.ba.infn.it:1094] Impossible to send message kXR_open (file: /store/user/alesauva/flashgg/UL2017_4/10_6_4/WHiggs0L1ToGG_M125_TuneCP5_13TeV-JHUGenV7011-pythia8/UL2017_4-10_6_4-v0-RunIISummer19UL17MiniAOD-106X_mc2017_realistic_v6-v2/200720_155007/0000/myMicroAODOutputFile_27.root?tried=stor95.datagrid.cea.fr, mode: 0660, flags: kXR_open_read kXR_async kXR_retstat ). Trying to recover.
Begin processing the 11001st record. Run 1, Event 254101, LumiSection 2542 on stream 0 at 20-Dec-2022 10:53:55.288 CET
Begin processing the 12001st record. Run 1, Event 255108, LumiSection 2552 on stream 0 at 20-Dec-2022 10:56:32.347 CET
[2022-12-20 10:58:07.890541 +0100][Error  ][AsyncSock         ] [xrootd.ba.infn.it:1094 #0.0] Socket error while handshaking: [ERROR] Socket timeout
[2022-12-20 10:58:07.890707 +0100][Error  ][PostMaster        ] [xrootd.ba.infn.it:1094 #0] elapsed = 45, pConnectionWindow = 31 seconds.
[2022-12-20 10:58:52.153564 +0100][Error  ][AsyncSock         ] [xrootd.ba.infn.it:1094 #0.0] Socket error while handshaking: [ERROR] Socket timeout
[2022-12-20 10:58:52.153706 +0100][Error  ][PostMaster        ] [xrootd.ba.infn.it:1094 #0] elapsed = 45, pConnectionWindow = 31 seconds.
[2022-12-20 10:58:52.153718 +0100][Error  ][PostMaster        ] [xrootd.ba.infn.it:1094 #0] Unable to recover: [ERROR] Socket timeout.
[2022-12-20 10:58:52.153730 +0100][Error  ][XRootD            ] [xrootd.ba.infn.it:1094] Impossible to send message kXR_open (file: /store/user/alesauva/flashgg/UL2017_4/10_6_4/WHiggs0L1ToGG_M125_TuneCP5_13TeV-JHUGenV7011-pythia8/UL2017_4-10_6_4-v0-RunIISummer19UL17MiniAOD-106X_mc2017_realistic_v6-v2/200720_155007/0000/myMicroAODOutputFile_27.root?tried=stor95.datagrid.cea.fr, mode: 0660, flags: kXR_open_read kXR_async kXR_retstat ). Trying to recover.
Begin processing the 13001st record. Run 1, Event 430502, LumiSection 4306 on stream 0 at 20-Dec-2022 10:59:15.933 CET
Begin processing the 14001st record. Run 1, Event 431507, LumiSection 4316 on stream 0 at 20-Dec-2022 11:01:52.030 CET
[2022-12-20 11:03:08.266523 +0100][Error  ][AsyncSock         ] [xrootd.ba.infn.it:1094 #0.0] Socket error while handshaking: [ERROR] Socket timeout
[2022-12-20 11:03:08.266739 +0100][Error  ][PostMaster        ] [xrootd.ba.infn.it:1094 #0] elapsed = 46, pConnectionWindow = 31 seconds.
[2022-12-20 11:03:53.533524 +0100][Error  ][AsyncSock         ] [xrootd.ba.infn.it:1094 #0.0] Socket error while handshaking: [ERROR] Socket timeout
[2022-12-20 11:03:53.533622 +0100][Error  ][PostMaster        ] [xrootd.ba.infn.it:1094 #0] elapsed = 45, pConnectionWindow = 31 seconds.
[2022-12-20 11:03:53.533631 +0100][Error  ][PostMaster        ] [xrootd.ba.infn.it:1094 #0] Unable to recover: [ERROR] Socket timeout.
[2022-12-20 11:03:53.533645 +0100][Error  ][XRootD            ] [xrootd.ba.infn.it:1094] Impossible to send message kXR_open (file: /store/user/alesauva/flashgg/UL2017_4/10_6_4/WHiggs0L1ToGG_M125_TuneCP5_13TeV-JHUGenV7011-pythia8/UL2017_4-10_6_4-v0-RunIISummer19UL17MiniAOD-106X_mc2017_realistic_v6-v2/200720_155007/0000/myMicroAODOutputFile_27.root?tried=stor95.datagrid.cea.fr, mode: 0660, flags: kXR_open_read kXR_async kXR_retstat ). Trying to recover.
Begin processing the 15001st record. Run 1, Event 462707, LumiSection 4628 on stream 0 at 20-Dec-2022 11:04:27.771 CET
Begin processing the 16001st record. Run 1, Event 463716, LumiSection 4638 on stream 0 at 20-Dec-2022 11:06:51.570 CET
[2022-12-20 11:07:49.261559 +0100][Error  ][AsyncSock         ] [xrootd.ba.infn.it:1094 #0.0] Socket error while handshaking: [ERROR] Socket timeout
[2022-12-20 11:07:49.261722 +0100][Error  ][PostMaster        ] [xrootd.ba.infn.it:1094 #0] elapsed = 46, pConnectionWindow = 31 seconds.
[2022-12-20 11:08:34.502137 +0100][Error  ][AsyncSock         ] [xrootd.ba.infn.it:1094 #0.0] Socket error while handshaking: [ERROR] Socket timeout
[2022-12-20 11:08:34.502276 +0100][Error  ][PostMaster        ] [xrootd.ba.infn.it:1094 #0] elapsed = 45, pConnectionWindow = 31 seconds.
[2022-12-20 11:08:34.502285 +0100][Error  ][PostMaster        ] [xrootd.ba.infn.it:1094 #0] Unable to recover: [ERROR] Socket timeout.
[2022-12-20 11:08:34.502294 +0100][Error  ][XRootD            ] [xrootd.ba.infn.it:1094] Impossible to send message kXR_open (file: /store/user/alesauva/flashgg/UL2017_4/10_6_4/WHiggs0L1ToGG_M125_TuneCP5_13TeV-JHUGenV7011-pythia8/UL2017_4-10_6_4-v0-RunIISummer19UL17MiniAOD-106X_mc2017_realistic_v6-v2/200720_155007/0000/myMicroAODOutputFile_27.root?tried=stor95.datagrid.cea.fr, mode: 0660, flags: kXR_open_read kXR_async kXR_retstat ). Trying to recover.
Begin processing the 17001st record. Run 1, Event 464709, LumiSection 4648 on stream 0 at 20-Dec-2022 11:09:18.521 CET
Begin processing the 18001st record. Run 1, Event 608207, LumiSection 6083 on stream 0 at 20-Dec-2022 11:11:41.012 CET
[2022-12-20 11:12:22.958642 +0100][Error  ][AsyncSock         ] [xrootd.ba.infn.it:1094 #0.0] Socket error while handshaking: [ERROR] Socket timeout
[2022-12-20 11:12:22.958839 +0100][Error  ][PostMaster        ] [xrootd.ba.infn.it:1094 #0] elapsed = 45, pConnectionWindow = 31 seconds.
[2022-12-20 11:13:07.204579 +0100][Error  ][AsyncSock         ] [xrootd.ba.infn.it:1094 #0.0] Socket error while handshaking: [ERROR] Socket timeout
[2022-12-20 11:13:07.204747 +0100][Error  ][PostMaster        ] [xrootd.ba.infn.it:1094 #0] elapsed = 45, pConnectionWindow = 31 seconds.
[2022-12-20 11:13:07.204759 +0100][Error  ][PostMaster        ] [xrootd.ba.infn.it:1094 #0] Unable to recover: [ERROR] Socket timeout.
[2022-12-20 11:13:07.204770 +0100][Error  ][XRootD            ] [xrootd.ba.infn.it:1094] Impossible to send message kXR_open (file: /store/user/alesauva/flashgg/UL2017_4/10_6_4/WHiggs0L1ToGG_M125_TuneCP5_13TeV-JHUGenV7011-pythia8/UL2017_4-10_6_4-v0-RunIISummer19UL17MiniAOD-106X_mc2017_realistic_v6-v2/200720_155007/0000/myMicroAODOutputFile_27.root?tried=stor95.datagrid.cea.fr, mode: 0660, flags: kXR_open_read kXR_async kXR_retstat ). Trying to recover.
Begin processing the 19001st record. Run 1, Event 609204, LumiSection 6093 on stream 0 at 20-Dec-2022 11:14:08.427 CET
Begin processing the 20001st record. Run 1, Event 610216, LumiSection 6103 on stream 0 at 20-Dec-2022 11:16:49.840 CET
[2022-12-20 11:17:10.598615 +0100][Error  ][AsyncSock         ] [xrootd.ba.infn.it:1094 #0.0] Socket error while handshaking: [ERROR] Socket timeout
[2022-12-20 11:17:10.598807 +0100][Error  ][PostMaster        ] [xrootd.ba.infn.it:1094 #0] elapsed = 45, pConnectionWindow = 31 seconds.
[2022-12-20 11:17:55.849882 +0100][Error  ][AsyncSock         ] [xrootd.ba.infn.it:1094 #0.0] Socket error while handshaking: [ERROR] Socket timeout
[2022-12-20 11:17:55.850051 +0100][Error  ][PostMaster        ] [xrootd.ba.infn.it:1094 #0] elapsed = 45, pConnectionWindow = 31 seconds.
[2022-12-20 11:17:55.850062 +0100][Error  ][PostMaster        ] [xrootd.ba.infn.it:1094 #0] Unable to recover: [ERROR] Socket timeout.
[2022-12-20 11:17:55.850072 +0100][Error  ][XRootD            ] [xrootd.ba.infn.it:1094] Impossible to send message kXR_open (file: /store/user/alesauva/flashgg/UL2017_4/10_6_4/WHiggs0L1ToGG_M125_TuneCP5_13TeV-JHUGenV7011-pythia8/UL2017_4-10_6_4-v0-RunIISummer19UL17MiniAOD-106X_mc2017_realistic_v6-v2/200720_155007/0000/myMicroAODOutputFile_27.root?tried=stor95.datagrid.cea.fr, mode: 0660, flags: kXR_open_read kXR_async kXR_retstat ). Trying to recover.
Begin processing the 21001st record. Run 1, Event 643610, LumiSection 6437 on stream 0 at 20-Dec-2022 11:19:28.290 CET
Begin processing the 22001st record. Run 1, Event 738709, LumiSection 7388 on stream 0 at 20-Dec-2022 11:21:54.435 CET
[2022-12-20 11:22:05.723547 +0100][Error  ][AsyncSock         ] [xrootd.ba.infn.it:1094 #0.0] Socket error while handshaking: [ERROR] Socket timeout
[2022-12-20 11:22:05.723740 +0100][Error  ][PostMaster        ] [xrootd.ba.infn.it:1094 #0] elapsed = 45, pConnectionWindow = 31 seconds.
[2022-12-20 11:22:50.982554 +0100][Error  ][AsyncSock         ] [xrootd.ba.infn.it:1094 #0.0] Socket error while handshaking: [ERROR] Socket timeout
[2022-12-20 11:22:50.982729 +0100][Error  ][PostMaster        ] [xrootd.ba.infn.it:1094 #0] elapsed = 45, pConnectionWindow = 31 seconds.
[2022-12-20 11:22:50.982742 +0100][Error  ][PostMaster        ] [xrootd.ba.infn.it:1094 #0] Unable to recover: [ERROR] Socket timeout.
[2022-12-20 11:22:50.982752 +0100][Error  ][XRootD            ] [xrootd.ba.infn.it:1094] Impossible to send message kXR_open (file: /store/user/alesauva/flashgg/UL2017_4/10_6_4/WHiggs0L1ToGG_M125_TuneCP5_13TeV-JHUGenV7011-pythia8/UL2017_4-10_6_4-v0-RunIISummer19UL17MiniAOD-106X_mc2017_realistic_v6-v2/200720_155007/0000/myMicroAODOutputFile_27.root?tried=stor95.datagrid.cea.fr, mode: 0660, flags: kXR_open_read kXR_async kXR_retstat ). Trying to recover.
Begin processing the 23001st record. Run 1, Event 741407, LumiSection 7415 on stream 0 at 20-Dec-2022 11:24:20.968 CET
[2022-12-20 11:26:43.542538 +0100][Error  ][AsyncSock         ] [xrootd.ba.infn.it:1094 #0.0] Socket error while handshaking: [ERROR] Socket timeout
[2022-12-20 11:26:43.542721 +0100][Error  ][PostMaster        ] [xrootd.ba.infn.it:1094 #0] elapsed = 45, pConnectionWindow = 31 seconds.
Begin processing the 24001st record. Run 1, Event 217909, LumiSection 2180 on stream 0 at 20-Dec-2022 11:26:55.068 CET
[2022-12-20 11:27:28.752751 +0100][Error  ][AsyncSock         ] [xrootd.ba.infn.it:1094 #0.0] Socket error while handshaking: [ERROR] Socket timeout
[2022-12-20 11:27:28.752887 +0100][Error  ][PostMaster        ] [xrootd.ba.infn.it:1094 #0] elapsed = 45, pConnectionWindow = 31 seconds.
[2022-12-20 11:27:28.752898 +0100][Error  ][PostMaster        ] [xrootd.ba.infn.it:1094 #0] Unable to recover: [ERROR] Socket timeout.
[2022-12-20 11:27:28.752909 +0100][Error  ][XRootD            ] [xrootd.ba.infn.it:1094] Impossible to send message kXR_open (file: /store/user/alesauva/flashgg/UL2017_4/10_6_4/WHiggs0L1ToGG_M125_TuneCP5_13TeV-JHUGenV7011-pythia8/UL2017_4-10_6_4-v0-RunIISummer19UL17MiniAOD-106X_mc2017_realistic_v6-v2/200720_155007/0000/myMicroAODOutputFile_27.root?tried=stor95.datagrid.cea.fr, mode: 0660, flags: kXR_open_read kXR_async kXR_retstat ). Trying to recover.
20-Dec-2022 11:29:22 CET  Closed file root://cms-xrd-global.cern.ch//store/user/alesauva/flashgg/UL2017_4/10_6_4/WHiggs0L1ToGG_M125_TuneCP5_13TeV-JHUGenV7011-pythia8/UL2017_4-10_6_4-v0-RunIISummer19UL17MiniAOD-106X_mc2017_realistic_v6-v2/200720_155007/0000/myMicroAODOutputFile_27.root

TrigReport ---------- Event  Summary ------------
TrigReport Events total = 25000 passed = 24639 failed = 361

TrigReport ---------- Path   Summary ------------
TrigReport  Trig Bit#   Executed     Passed     Failed      Error Name
TrigReport     1    0      25000      24639        361          0 p

TrigReport -------End-Path   Summary ------------
TrigReport  Trig Bit#   Executed     Passed     Failed      Error Name

TrigReport ---------- Modules in Path: p ------------
TrigReport  Trig Bit#    Visited     Passed     Failed      Error Name
TrigReport     1    0      25000      24639        361          0 flashggMetFilters
TrigReport     1    1      24639      24639          0          0 VHFilter
TrigReport     1    2      24639      24639          0          0 flashggDifferentialPhoIdInputsCorrection
TrigReport     1    3      24639      24639          0          0 flashggDiPhotonSystematics
TrigReport     1    4      24639      24639          0          0 flashggMetSystematics
TrigReport     1    5      24639      24639          0          0 flashggMuonSystematics
TrigReport     1    6      24639      24639          0          0 flashggElectronSystematics
TrigReport     1    7      24639      24639          0          0 flashggUnpackedJets
TrigReport     1    8      24639      24639          0          0 flashggJetSystematics0
TrigReport     1    9      24639      24639          0          0 flashggJetSystematics1
TrigReport     1   10      24639      24639          0          0 flashggJetSystematics2
TrigReport     1   11      24639      24639          0          0 flashggJetSystematics3
TrigReport     1   12      24639      24639          0          0 flashggJetSystematics4
TrigReport     1   13      24639      24639          0          0 flashggJetSystematics5
TrigReport     1   14      24639      24639          0          0 flashggJetSystematics6
TrigReport     1   15      24639      24639          0          0 flashggJetSystematics7
TrigReport     1   16      24639      24639          0          0 flashggJetSystematics8
TrigReport     1   17      24639      24639          0          0 flashggJetSystematics9
TrigReport     1   18      24639      24639          0          0 flashggJetSystematics10
TrigReport     1   19      24639      24639          0          0 flashggJetSystematics11
TrigReport     1   20      24639      24639          0          0 flashggPrefireDiPhotons
TrigReport     1   21      24639      24639          0          0 flashggPreselectedDiPhotons
TrigReport     1   22      24639      24639          0          0 flashggDiPhotonMVA
TrigReport     1   23      24639      24639          0          0 flashggVBFMVA
TrigReport     1   24      24639      24639          0          0 flashggVHhadMVA
TrigReport     1   25      24639      24639          0          0 flashggGluGluHMVA
TrigReport     1   26      24639      24639          0          0 flashggStageOneCombinedTag
TrigReport     1   27      24639      24639          0          0 flashggTHQLeptonicTag
TrigReport     1   28      24639      24639          0          0 flashggVHMetTag
TrigReport     1   29      24639      24639          0          0 flashggWHLeptonicTag
TrigReport     1   30      24639      24639          0          0 flashggZHLeptonicTag
TrigReport     1   31      24639      24639          0          0 flashggTTHLeptonicTag
TrigReport     1   32      24639      24639          0          0 flashggTTHHadronicTag
TrigReport     1   33      24639      24639          0          0 flashggTagSorter
TrigReport     1   34      24639      24639          0          0 flashggSystTagMerger
TrigReport     1   35      24639      24639          0          0 tagsDumper

TrigReport ---------- Module Summary ------------
TrigReport    Visited   Executed     Passed     Failed      Error Name
TrigReport      25000      25000      25000          0          0 TriggerResults
TrigReport      24639      24639      24639          0          0 VHFilter
TrigReport      24639      24639      24639          0          0 ak4PFCHSL1FastL2L3Corrector
TrigReport      24639      24639      24639          0          0 ak4PFCHSL1FastjetCorrector
TrigReport      24639      24639      24639          0          0 ak4PFCHSL2RelativeCorrector
TrigReport      24639      24639      24639          0          0 ak4PFCHSL3AbsoluteCorrector
TrigReport      24639      24639      24639          0          0 flashggDiPhotonMVA
TrigReport      24639      24639      24639          0          0 flashggDiPhotonSystematics
TrigReport      24639      24639      24639          0          0 flashggDifferentialPhoIdInputsCorrection
TrigReport      24639      24639      24639          0          0 flashggElectronSystematics
TrigReport      24639      24639      24639          0          0 flashggGluGluHMVA
TrigReport      24639      24639      24639          0          0 flashggJetSystematics0
TrigReport      24639      24639      24639          0          0 flashggJetSystematics1
TrigReport      24639      24639      24639          0          0 flashggJetSystematics10
TrigReport      24639      24639      24639          0          0 flashggJetSystematics11
TrigReport      24639      24639      24639          0          0 flashggJetSystematics2
TrigReport      24639      24639      24639          0          0 flashggJetSystematics3
TrigReport      24639      24639      24639          0          0 flashggJetSystematics4
TrigReport      24639      24639      24639          0          0 flashggJetSystematics5
TrigReport      24639      24639      24639          0          0 flashggJetSystematics6
TrigReport      24639      24639      24639          0          0 flashggJetSystematics7
TrigReport      24639      24639      24639          0          0 flashggJetSystematics8
TrigReport      24639      24639      24639          0          0 flashggJetSystematics9
TrigReport      25000      25000      24639        361          0 flashggMetFilters
TrigReport      24639      24639      24639          0          0 flashggMetSystematics
TrigReport      24639      24639      24639          0          0 flashggMuonSystematics
TrigReport      24639      24639      24639          0          0 flashggPrefireDiPhotons
TrigReport      24639      24639      24639          0          0 flashggPreselectedDiPhotons
TrigReport      24639      24639      24639          0          0 flashggStageOneCombinedTag
TrigReport      24639      24639      24639          0          0 flashggSystTagMerger
TrigReport      24639      24639      24639          0          0 flashggTHQLeptonicTag
TrigReport      24639      24639      24639          0          0 flashggTTHHadronicTag
TrigReport      24639      24639      24639          0          0 flashggTTHLeptonicTag
TrigReport      24639      24639      24639          0          0 flashggTagSorter
TrigReport      24639      24639      24639          0          0 flashggUnpackedJets
TrigReport      24639      24639      24639          0          0 flashggVBFMVA
TrigReport      24639      24639      24639          0          0 flashggVHMetTag
TrigReport      24639      24639      24639          0          0 flashggVHhadMVA
TrigReport      24639      24639      24639          0          0 flashggWHLeptonicTag
TrigReport      24639      24639      24639          0          0 flashggZHLeptonicTag
TrigReport      25000      25000      25000          0          0 p
TrigReport      24639      24639      24639          0          0 tagsDumper

TimeReport ---------- Event  Summary ---[sec]----
TimeReport       event loop CPU/event = 0.159107
TimeReport      event loop Real/event = 0.160868
TimeReport     sum Streams Real/event = 0.156416
TimeReport efficiency CPU/Real/thread = 0.989053

TimeReport ---------- Path   Summary ---[Real sec]----
TimeReport  per event     per exec  Name
TimeReport   0.155876     0.155876  p
TimeReport  per event     per exec  Name

TimeReport -------End-Path   Summary ---[Real sec]----
TimeReport  per event     per exec  Name
TimeReport  per event     per exec  Name

TimeReport ---------- Modules in Path: p ---[Real sec]----
TimeReport  per event    per visit  Name
TimeReport   0.000017     0.000017  flashggMetFilters
TimeReport   0.000007     0.000007  VHFilter
TimeReport   0.091608     0.092950  flashggDifferentialPhoIdInputsCorrection
TimeReport   0.047214     0.047906  flashggDiPhotonSystematics
TimeReport   0.000172     0.000175  flashggMetSystematics
TimeReport   0.000047     0.000048  flashggMuonSystematics
TimeReport   0.000038     0.000039  flashggElectronSystematics
TimeReport   0.000232     0.000235  flashggUnpackedJets
TimeReport   0.003679     0.003733  flashggJetSystematics0
TimeReport   0.000697     0.000708  flashggJetSystematics1
TimeReport   0.000624     0.000633  flashggJetSystematics2
TimeReport   0.000603     0.000611  flashggJetSystematics3
TimeReport   0.000597     0.000605  flashggJetSystematics4
TimeReport   0.000590     0.000598  flashggJetSystematics5
TimeReport   0.000588     0.000596  flashggJetSystematics6
TimeReport   0.000582     0.000591  flashggJetSystematics7
TimeReport   0.000582     0.000591  flashggJetSystematics8
TimeReport   0.000580     0.000589  flashggJetSystematics9
TimeReport   0.000579     0.000588  flashggJetSystematics10
TimeReport   0.000577     0.000585  flashggJetSystematics11
TimeReport   0.000330     0.000335  flashggPrefireDiPhotons
TimeReport   0.000139     0.000141  flashggPreselectedDiPhotons
TimeReport   0.000041     0.000042  flashggDiPhotonMVA
TimeReport   0.000035     0.000036  flashggVBFMVA
TimeReport   0.000019     0.000020  flashggVHhadMVA
TimeReport   0.000060     0.000061  flashggGluGluHMVA
TimeReport   0.000034     0.000035  flashggStageOneCombinedTag
TimeReport   0.000397     0.000402  flashggTHQLeptonicTag
TimeReport   0.000428     0.000435  flashggVHMetTag
TimeReport   0.000041     0.000042  flashggWHLeptonicTag
TimeReport   0.000019     0.000019  flashggZHLeptonicTag
TimeReport   0.000188     0.000191  flashggTTHLeptonicTag
TimeReport   0.001431     0.001452  flashggTTHHadronicTag
TimeReport   0.000086     0.000087  flashggTagSorter
TimeReport   0.000004     0.000004  flashggSystTagMerger
TimeReport   0.000368     0.000374  tagsDumper
TimeReport  per event    per visit  Name

TimeReport ---------- Module Summary ---[Real sec]----
TimeReport  per event     per exec    per visit  Name
TimeReport   0.000003     0.000003     0.000003  TriggerResults
TimeReport   0.000007     0.000007     0.000007  VHFilter
TimeReport   0.000004     0.000004     0.000004  ak4PFCHSL1FastL2L3Corrector
TimeReport   0.000004     0.000004     0.000004  ak4PFCHSL1FastjetCorrector
TimeReport   0.000002     0.000002     0.000002  ak4PFCHSL2RelativeCorrector
TimeReport   0.000013     0.000013     0.000013  ak4PFCHSL3AbsoluteCorrector
TimeReport   0.000041     0.000042     0.000042  flashggDiPhotonMVA
TimeReport   0.047214     0.047906     0.047906  flashggDiPhotonSystematics
TimeReport   0.091608     0.092950     0.092950  flashggDifferentialPhoIdInputsCorrection
TimeReport   0.000038     0.000039     0.000039  flashggElectronSystematics
TimeReport   0.000060     0.000061     0.000061  flashggGluGluHMVA
TimeReport   0.003679     0.003733     0.003733  flashggJetSystematics0
TimeReport   0.000697     0.000708     0.000708  flashggJetSystematics1
TimeReport   0.000579     0.000588     0.000588  flashggJetSystematics10
TimeReport   0.000577     0.000585     0.000585  flashggJetSystematics11
TimeReport   0.000624     0.000633     0.000633  flashggJetSystematics2
TimeReport   0.000603     0.000611     0.000611  flashggJetSystematics3
TimeReport   0.000597     0.000605     0.000605  flashggJetSystematics4
TimeReport   0.000590     0.000598     0.000598  flashggJetSystematics5
TimeReport   0.000588     0.000596     0.000596  flashggJetSystematics6
TimeReport   0.000582     0.000591     0.000591  flashggJetSystematics7
TimeReport   0.000582     0.000591     0.000591  flashggJetSystematics8
TimeReport   0.000580     0.000589     0.000589  flashggJetSystematics9
TimeReport   0.000017     0.000017     0.000017  flashggMetFilters
TimeReport   0.000172     0.000175     0.000175  flashggMetSystematics
TimeReport   0.000047     0.000048     0.000048  flashggMuonSystematics
TimeReport   0.000330     0.000335     0.000335  flashggPrefireDiPhotons
TimeReport   0.000139     0.000141     0.000141  flashggPreselectedDiPhotons
TimeReport   0.000034     0.000035     0.000035  flashggStageOneCombinedTag
TimeReport   0.000004     0.000004     0.000004  flashggSystTagMerger
TimeReport   0.000397     0.000402     0.000402  flashggTHQLeptonicTag
TimeReport   0.001431     0.001452     0.001452  flashggTTHHadronicTag
TimeReport   0.000188     0.000191     0.000191  flashggTTHLeptonicTag
TimeReport   0.000086     0.000087     0.000087  flashggTagSorter
TimeReport   0.000232     0.000235     0.000235  flashggUnpackedJets
TimeReport   0.000035     0.000036     0.000036  flashggVBFMVA
TimeReport   0.000428     0.000435     0.000435  flashggVHMetTag
TimeReport   0.000019     0.000020     0.000020  flashggVHhadMVA
TimeReport   0.000041     0.000042     0.000042  flashggWHLeptonicTag
TimeReport   0.000019     0.000019     0.000019  flashggZHLeptonicTag
TimeReport   0.000003     0.000003     0.000003  p
TimeReport   0.000368     0.000374     0.000374  tagsDumper
TimeReport  per event     per exec    per visit  Name

T---Report end!


=============================================

MessageLogger Summary

 type     category        sev    module        subroutine        count    total
 ---- -------------------- -- ---------------- ----------------  -----    -----
    1 XrdAdaptor           -w file_open                              1        1
    2 fileAction           -s file_close                             1        1
    3 fileAction           -s file_open                              2        2

 type    category    Examples: run/evt        run/evt          run/evt
 ---- -------------------- ---------------- ---------------- ----------------
    1 XrdAdaptor           pre-events                        
    2 fileAction           PostGlobalEndRun                  
    3 fileAction           pre-events       pre-events       

Severity    # Occurrences   Total Occurrences
--------    -------------   -----------------
Warning                 1                   1
System                  3                   3

dropped waiting message count 0
