mkdir: cannot create directory '/afs/cern.ch/user/x/xisu/private/local/Analysis_workspace/VH_AC_tmp1/flashgg_d2/CMSSW_10_6_29/src/flashgg/VHAC_Analysis_Met/UL_17/UL_17_wh125': File exists
/cvmfs/cms.cern.ch/slc7_amd64_gcc700/external/py2-requests/2.21.0-pafccj2/lib/python2.7/site-packages/requests/__init__.py:91: RequestsDependencyWarning: urllib3 (1.25.2) or chardet (3.0.4) doesn't match a supported version!
  RequestsDependencyWarning)
20-Dec-2022 10:05:24 CET  Initiating request to open file root://cms-xrd-global.cern.ch//store/user/alesauva/flashgg/UL2017_4/10_6_4/WHiggs0PHToGG_M125_TuneCP5_13TeV-JHUGenV7011-pythia8/UL2017_4-10_6_4-v0-RunIISummer19UL17MiniAOD-106X_mc2017_realistic_v6-v2/200720_155719/0000/myMicroAODOutputFile_23.root
%MSG-w XrdAdaptor:  file_open 20-Dec-2022 10:05:27 CET pre-events
Data is served from GRIF-IRFU instead of original site CERN-CMSGLOBAL-01
%MSG
20-Dec-2022 10:05:29 CET  Successfully opened file root://cms-xrd-global.cern.ch//store/user/alesauva/flashgg/UL2017_4/10_6_4/WHiggs0PHToGG_M125_TuneCP5_13TeV-JHUGenV7011-pythia8/UL2017_4-10_6_4-v0-RunIISummer19UL17MiniAOD-106X_mc2017_realistic_v6-v2/200720_155719/0000/myMicroAODOutputFile_23.root
2022-12-20 10:19:40.329863: I tensorflow/core/platform/cpu_feature_guard.cc:140] Your CPU supports instructions that this TensorFlow binary was not compiled to use: SSE4.1 SSE4.2 AVX AVX2 FMA
Begin processing the 1st record. Run 1, Event 101106, LumiSection 1012 on stream 0 at 20-Dec-2022 10:21:09.047 CET
[2022-12-20 10:21:52.214275 +0100][Error  ][AsyncSock         ] [xrootd.ba.infn.it:1094 #0.0] Socket error while handshaking: [ERROR] Socket timeout
[2022-12-20 10:21:52.214453 +0100][Error  ][PostMaster        ] [xrootd.ba.infn.it:1094 #0] elapsed = 45, pConnectionWindow = 31 seconds.
[2022-12-20 10:22:37.458245 +0100][Error  ][AsyncSock         ] [xrootd.ba.infn.it:1094 #0.0] Socket error while handshaking: [ERROR] Socket timeout
[2022-12-20 10:22:37.458511 +0100][Error  ][PostMaster        ] [xrootd.ba.infn.it:1094 #0] elapsed = 45, pConnectionWindow = 31 seconds.
[2022-12-20 10:22:37.458547 +0100][Error  ][PostMaster        ] [xrootd.ba.infn.it:1094 #0] Unable to recover: [ERROR] Socket timeout.
[2022-12-20 10:22:37.458580 +0100][Error  ][XRootD            ] [xrootd.ba.infn.it:1094] Impossible to send message kXR_open (file: /store/user/alesauva/flashgg/UL2017_4/10_6_4/WHiggs0PHToGG_M125_TuneCP5_13TeV-JHUGenV7011-pythia8/UL2017_4-10_6_4-v0-RunIISummer19UL17MiniAOD-106X_mc2017_realistic_v6-v2/200720_155719/0000/myMicroAODOutputFile_23.root?tried=stor72.datagrid.cea.fr, mode: 0660, flags: kXR_open_read kXR_async kXR_retstat ). Trying to recover.
[2022-12-20 10:26:33.676194 +0100][Error  ][AsyncSock         ] [xrootd.ba.infn.it:1094 #0.0] Socket error while handshaking: [ERROR] Socket timeout
[2022-12-20 10:26:33.676748 +0100][Error  ][PostMaster        ] [xrootd.ba.infn.it:1094 #0] elapsed = 45, pConnectionWindow = 31 seconds.
[2022-12-20 10:27:18.927239 +0100][Error  ][AsyncSock         ] [xrootd.ba.infn.it:1094 #0.0] Socket error while handshaking: [ERROR] Socket timeout
[2022-12-20 10:27:18.927357 +0100][Error  ][PostMaster        ] [xrootd.ba.infn.it:1094 #0] elapsed = 45, pConnectionWindow = 31 seconds.
[2022-12-20 10:27:18.927371 +0100][Error  ][PostMaster        ] [xrootd.ba.infn.it:1094 #0] Unable to recover: [ERROR] Socket timeout.
[2022-12-20 10:27:18.927382 +0100][Error  ][XRootD            ] [xrootd.ba.infn.it:1094] Impossible to send message kXR_open (file: /store/user/alesauva/flashgg/UL2017_4/10_6_4/WHiggs0PHToGG_M125_TuneCP5_13TeV-JHUGenV7011-pythia8/UL2017_4-10_6_4-v0-RunIISummer19UL17MiniAOD-106X_mc2017_realistic_v6-v2/200720_155719/0000/myMicroAODOutputFile_23.root?tried=stor72.datagrid.cea.fr, mode: 0660, flags: kXR_open_read kXR_async kXR_retstat ). Trying to recover.
Begin processing the 1001st record. Run 1, Event 102101, LumiSection 1022 on stream 0 at 20-Dec-2022 10:28:54.683 CET
[2022-12-20 10:31:15.097290 +0100][Error  ][AsyncSock         ] [xrootd.ba.infn.it:1094 #0.0] Socket error while handshaking: [ERROR] Socket timeout
[2022-12-20 10:31:15.097441 +0100][Error  ][PostMaster        ] [xrootd.ba.infn.it:1094 #0] elapsed = 45, pConnectionWindow = 31 seconds.
Begin processing the 2001st record. Run 1, Event 481701, LumiSection 4818 on stream 0 at 20-Dec-2022 10:31:36.982 CET
[2022-12-20 10:32:00.329474 +0100][Error  ][AsyncSock         ] [xrootd.ba.infn.it:1094 #0.0] Socket error while handshaking: [ERROR] Socket timeout
[2022-12-20 10:32:00.329642 +0100][Error  ][PostMaster        ] [xrootd.ba.infn.it:1094 #0] elapsed = 45, pConnectionWindow = 31 seconds.
[2022-12-20 10:32:00.329672 +0100][Error  ][PostMaster        ] [xrootd.ba.infn.it:1094 #0] Unable to recover: [ERROR] Socket timeout.
[2022-12-20 10:32:00.329688 +0100][Error  ][XRootD            ] [xrootd.ba.infn.it:1094] Impossible to send message kXR_open (file: /store/user/alesauva/flashgg/UL2017_4/10_6_4/WHiggs0PHToGG_M125_TuneCP5_13TeV-JHUGenV7011-pythia8/UL2017_4-10_6_4-v0-RunIISummer19UL17MiniAOD-106X_mc2017_realistic_v6-v2/200720_155719/0000/myMicroAODOutputFile_23.root?tried=stor72.datagrid.cea.fr, mode: 0660, flags: kXR_open_read kXR_async kXR_retstat ). Trying to recover.
Begin processing the 3001st record. Run 1, Event 482707, LumiSection 4828 on stream 0 at 20-Dec-2022 10:34:20.861 CET
Begin processing the 4001st record. Run 1, Event 528104, LumiSection 5282 on stream 0 at 20-Dec-2022 10:37:04.438 CET
Begin processing the 5001st record. Run 1, Event 730407, LumiSection 7305 on stream 0 at 20-Dec-2022 10:39:37.587 CET
[2022-12-20 10:40:32.832717 +0100][Error  ][AsyncSock         ] [xrootd.ba.infn.it:1094 #0.0] Socket error while handshaking: [ERROR] Socket timeout
[2022-12-20 10:40:32.832850 +0100][Error  ][PostMaster        ] [xrootd.ba.infn.it:1094 #0] elapsed = 45, pConnectionWindow = 31 seconds.
[2022-12-20 10:41:17.054254 +0100][Error  ][AsyncSock         ] [xrootd.ba.infn.it:1094 #0.0] Socket error while handshaking: [ERROR] Socket timeout
[2022-12-20 10:41:17.054396 +0100][Error  ][PostMaster        ] [xrootd.ba.infn.it:1094 #0] elapsed = 45, pConnectionWindow = 31 seconds.
[2022-12-20 10:41:17.054426 +0100][Error  ][PostMaster        ] [xrootd.ba.infn.it:1094 #0] Unable to recover: [ERROR] Socket timeout.
[2022-12-20 10:41:17.054441 +0100][Error  ][XRootD            ] [xrootd.ba.infn.it:1094] Impossible to send message kXR_open (file: /store/user/alesauva/flashgg/UL2017_4/10_6_4/WHiggs0PHToGG_M125_TuneCP5_13TeV-JHUGenV7011-pythia8/UL2017_4-10_6_4-v0-RunIISummer19UL17MiniAOD-106X_mc2017_realistic_v6-v2/200720_155719/0000/myMicroAODOutputFile_23.root?tried=stor72.datagrid.cea.fr, mode: 0660, flags: kXR_open_read kXR_async kXR_retstat ). Trying to recover.
Begin processing the 6001st record. Run 1, Event 731402, LumiSection 7315 on stream 0 at 20-Dec-2022 10:42:18.327 CET
Begin processing the 7001st record. Run 1, Event 671006, LumiSection 6711 on stream 0 at 20-Dec-2022 10:45:03.238 CET
[2022-12-20 10:46:05.829266 +0100][Error  ][AsyncSock         ] [xrootd.ba.infn.it:1094 #0.0] Socket error while handshaking: [ERROR] Socket timeout
[2022-12-20 10:46:05.829405 +0100][Error  ][PostMaster        ] [xrootd.ba.infn.it:1094 #0] elapsed = 45, pConnectionWindow = 31 seconds.
[2022-12-20 10:46:51.033256 +0100][Error  ][AsyncSock         ] [xrootd.ba.infn.it:1094 #0.0] Socket error while handshaking: [ERROR] Socket timeout
[2022-12-20 10:46:51.033417 +0100][Error  ][PostMaster        ] [xrootd.ba.infn.it:1094 #0] elapsed = 46, pConnectionWindow = 31 seconds.
[2022-12-20 10:46:51.033440 +0100][Error  ][PostMaster        ] [xrootd.ba.infn.it:1094 #0] Unable to recover: [ERROR] Socket timeout.
[2022-12-20 10:46:51.033455 +0100][Error  ][XRootD            ] [xrootd.ba.infn.it:1094] Impossible to send message kXR_open (file: /store/user/alesauva/flashgg/UL2017_4/10_6_4/WHiggs0PHToGG_M125_TuneCP5_13TeV-JHUGenV7011-pythia8/UL2017_4-10_6_4-v0-RunIISummer19UL17MiniAOD-106X_mc2017_realistic_v6-v2/200720_155719/0000/myMicroAODOutputFile_23.root?tried=stor72.datagrid.cea.fr, mode: 0660, flags: kXR_open_read kXR_async kXR_retstat ). Trying to recover.
Begin processing the 8001st record. Run 1, Event 693907, LumiSection 6940 on stream 0 at 20-Dec-2022 10:47:58.251 CET
Begin processing the 9001st record. Run 1, Event 694911, LumiSection 6950 on stream 0 at 20-Dec-2022 10:50:53.575 CET
[2022-12-20 10:52:05.968476 +0100][Error  ][AsyncSock         ] [xrootd.ba.infn.it:1094 #0.0] Socket error while handshaking: [ERROR] Socket timeout
[2022-12-20 10:52:05.968668 +0100][Error  ][PostMaster        ] [xrootd.ba.infn.it:1094 #0] elapsed = 45, pConnectionWindow = 31 seconds.
[2022-12-20 10:52:50.213423 +0100][Error  ][AsyncSock         ] [xrootd.ba.infn.it:1094 #0.0] Socket error while handshaking: [ERROR] Socket timeout
[2022-12-20 10:52:50.213563 +0100][Error  ][PostMaster        ] [xrootd.ba.infn.it:1094 #0] elapsed = 45, pConnectionWindow = 31 seconds.
[2022-12-20 10:52:50.213588 +0100][Error  ][PostMaster        ] [xrootd.ba.infn.it:1094 #0] Unable to recover: [ERROR] Socket timeout.
[2022-12-20 10:52:50.213606 +0100][Error  ][XRootD            ] [xrootd.ba.infn.it:1094] Impossible to send message kXR_open (file: /store/user/alesauva/flashgg/UL2017_4/10_6_4/WHiggs0PHToGG_M125_TuneCP5_13TeV-JHUGenV7011-pythia8/UL2017_4-10_6_4-v0-RunIISummer19UL17MiniAOD-106X_mc2017_realistic_v6-v2/200720_155719/0000/myMicroAODOutputFile_23.root?tried=+1413xrootd-redic.pi.infn.it,+1213xrootd-cms-redir-int.cr.cnaf.infn.it,+1413xrootd-cms-redir-int.cr.cnaf.infn.it,stor72.datagrid.cea.fr,node12.datagrid.cea.fr,llrxrd-redir.in2p3.fr,xrootd-cms.infn.it,xrootd-redic.pi.infn.it&triedrc=enoent,enoent, mode: 0660, flags: kXR_open_read kXR_async kXR_retstat ). Trying to recover.
Begin processing the 10001st record. Run 1, Event 695902, LumiSection 6960 on stream 0 at 20-Dec-2022 10:53:39.513 CET
Begin processing the 11001st record. Run 1, Event 708907, LumiSection 7090 on stream 0 at 20-Dec-2022 10:56:26.713 CET
[2022-12-20 10:57:36.336239 +0100][Error  ][AsyncSock         ] [xrootd.ba.infn.it:1094 #0.0] Socket error while handshaking: [ERROR] Socket timeout
[2022-12-20 10:57:36.336366 +0100][Error  ][PostMaster        ] [xrootd.ba.infn.it:1094 #0] elapsed = 45, pConnectionWindow = 31 seconds.
[2022-12-20 10:58:21.575534 +0100][Error  ][AsyncSock         ] [xrootd.ba.infn.it:1094 #0.0] Socket error while handshaking: [ERROR] Socket timeout
[2022-12-20 10:58:21.575656 +0100][Error  ][PostMaster        ] [xrootd.ba.infn.it:1094 #0] elapsed = 45, pConnectionWindow = 31 seconds.
[2022-12-20 10:58:21.575670 +0100][Error  ][PostMaster        ] [xrootd.ba.infn.it:1094 #0] Unable to recover: [ERROR] Socket timeout.
[2022-12-20 10:58:21.575679 +0100][Error  ][XRootD            ] [xrootd.ba.infn.it:1094] Impossible to send message kXR_open (file: /store/user/alesauva/flashgg/UL2017_4/10_6_4/WHiggs0PHToGG_M125_TuneCP5_13TeV-JHUGenV7011-pythia8/UL2017_4-10_6_4-v0-RunIISummer19UL17MiniAOD-106X_mc2017_realistic_v6-v2/200720_155719/0000/myMicroAODOutputFile_23.root?tried=stor72.datagrid.cea.fr, mode: 0660, flags: kXR_open_read kXR_async kXR_retstat ). Trying to recover.
Begin processing the 12001st record. Run 1, Event 709916, LumiSection 7100 on stream 0 at 20-Dec-2022 10:59:11.656 CET
Begin processing the 13001st record. Run 1, Event 710911, LumiSection 7110 on stream 0 at 20-Dec-2022 11:02:03.213 CET
[2022-12-20 11:03:18.007245 +0100][Error  ][AsyncSock         ] [xrootd.ba.infn.it:1094 #0.0] Socket error while handshaking: [ERROR] Socket timeout
[2022-12-20 11:03:18.007393 +0100][Error  ][PostMaster        ] [xrootd.ba.infn.it:1094 #0] elapsed = 45, pConnectionWindow = 31 seconds.
[2022-12-20 11:04:03.220388 +0100][Error  ][AsyncSock         ] [xrootd.ba.infn.it:1094 #0.0] Socket error while handshaking: [ERROR] Socket timeout
[2022-12-20 11:04:03.220531 +0100][Error  ][PostMaster        ] [xrootd.ba.infn.it:1094 #0] elapsed = 45, pConnectionWindow = 31 seconds.
[2022-12-20 11:04:03.220553 +0100][Error  ][PostMaster        ] [xrootd.ba.infn.it:1094 #0] Unable to recover: [ERROR] Socket timeout.
[2022-12-20 11:04:03.220567 +0100][Error  ][XRootD            ] [xrootd.ba.infn.it:1094] Impossible to send message kXR_open (file: /store/user/alesauva/flashgg/UL2017_4/10_6_4/WHiggs0PHToGG_M125_TuneCP5_13TeV-JHUGenV7011-pythia8/UL2017_4-10_6_4-v0-RunIISummer19UL17MiniAOD-106X_mc2017_realistic_v6-v2/200720_155719/0000/myMicroAODOutputFile_23.root?tried=stor72.datagrid.cea.fr, mode: 0660, flags: kXR_open_read kXR_async kXR_retstat ). Trying to recover.
Begin processing the 14001st record. Run 1, Event 104106, LumiSection 1042 on stream 0 at 20-Dec-2022 11:04:57.713 CET
[2022-12-20 11:05:33.012115 +0100][Error  ][XRootD            ] [stor72.datagrid.cea.fr:1095] Impossible to send message kXR_readv (handle: 0x00000000, chunks: 34, total size: 12469363). Trying to recover.
[2022-12-20 11:05:33.012160 +0100][Error  ][XRootD            ] [stor72.datagrid.cea.fr:1095] Unable to get the response to request kXR_readv (handle: 0x00000000, chunks: 34, total size: 12469363)
Begin processing the 15001st record. Run 1, Event 105113, LumiSection 1052 on stream 0 at 20-Dec-2022 11:07:42.130 CET
Begin processing the 16001st record. Run 1, Event 106103, LumiSection 1062 on stream 0 at 20-Dec-2022 11:10:29.922 CET
[2022-12-20 11:11:51.464240 +0100][Error  ][AsyncSock         ] [xrootd.ba.infn.it:1094 #0.0] Socket error while handshaking: [ERROR] Socket timeout
[2022-12-20 11:11:51.464374 +0100][Error  ][PostMaster        ] [xrootd.ba.infn.it:1094 #0] elapsed = 45, pConnectionWindow = 31 seconds.
[2022-12-20 11:12:36.712230 +0100][Error  ][AsyncSock         ] [xrootd.ba.infn.it:1094 #0.0] Socket error while handshaking: [ERROR] Socket timeout
[2022-12-20 11:12:36.712359 +0100][Error  ][PostMaster        ] [xrootd.ba.infn.it:1094 #0] elapsed = 45, pConnectionWindow = 31 seconds.
[2022-12-20 11:12:36.712373 +0100][Error  ][PostMaster        ] [xrootd.ba.infn.it:1094 #0] Unable to recover: [ERROR] Socket timeout.
[2022-12-20 11:12:36.712383 +0100][Error  ][XRootD            ] [xrootd.ba.infn.it:1094] Impossible to send message kXR_open (file: /store/user/alesauva/flashgg/UL2017_4/10_6_4/WHiggs0PHToGG_M125_TuneCP5_13TeV-JHUGenV7011-pythia8/UL2017_4-10_6_4-v0-RunIISummer19UL17MiniAOD-106X_mc2017_realistic_v6-v2/200720_155719/0000/myMicroAODOutputFile_23.root?tried=stor72.datagrid.cea.fr, mode: 0660, flags: kXR_open_read kXR_async kXR_retstat ). Trying to recover.
Begin processing the 17001st record. Run 1, Event 684913, LumiSection 6850 on stream 0 at 20-Dec-2022 11:13:11.637 CET
Begin processing the 18001st record. Run 1, Event 719213, LumiSection 7193 on stream 0 at 20-Dec-2022 11:15:58.892 CET
[2022-12-20 11:17:21.580248 +0100][Error  ][AsyncSock         ] [xrootd.ba.infn.it:1094 #0.0] Socket error while handshaking: [ERROR] Socket timeout
[2022-12-20 11:17:21.580380 +0100][Error  ][PostMaster        ] [xrootd.ba.infn.it:1094 #0] elapsed = 45, pConnectionWindow = 31 seconds.
[2022-12-20 11:18:06.788244 +0100][Error  ][AsyncSock         ] [xrootd.ba.infn.it:1094 #0.0] Socket error while handshaking: [ERROR] Socket timeout
[2022-12-20 11:18:06.788395 +0100][Error  ][PostMaster        ] [xrootd.ba.infn.it:1094 #0] elapsed = 45, pConnectionWindow = 31 seconds.
[2022-12-20 11:18:06.788420 +0100][Error  ][PostMaster        ] [xrootd.ba.infn.it:1094 #0] Unable to recover: [ERROR] Socket timeout.
[2022-12-20 11:18:06.788439 +0100][Error  ][XRootD            ] [xrootd.ba.infn.it:1094] Impossible to send message kXR_open (file: /store/user/alesauva/flashgg/UL2017_4/10_6_4/WHiggs0PHToGG_M125_TuneCP5_13TeV-JHUGenV7011-pythia8/UL2017_4-10_6_4-v0-RunIISummer19UL17MiniAOD-106X_mc2017_realistic_v6-v2/200720_155719/0000/myMicroAODOutputFile_23.root?tried=stor72.datagrid.cea.fr, mode: 0660, flags: kXR_open_read kXR_async kXR_retstat ). Trying to recover.
Begin processing the 19001st record. Run 1, Event 132503, LumiSection 1326 on stream 0 at 20-Dec-2022 11:18:32.374 CET
Begin processing the 20001st record. Run 1, Event 133503, LumiSection 1336 on stream 0 at 20-Dec-2022 11:21:17.103 CET
[2022-12-20 11:22:47.717607 +0100][Error  ][AsyncSock         ] [xrootd.ba.infn.it:1094 #0.0] Socket error while handshaking: [ERROR] Socket timeout
[2022-12-20 11:22:47.717747 +0100][Error  ][PostMaster        ] [xrootd.ba.infn.it:1094 #0] elapsed = 45, pConnectionWindow = 31 seconds.
[2022-12-20 11:23:32.965859 +0100][Error  ][AsyncSock         ] [xrootd.ba.infn.it:1094 #0.0] Socket error while handshaking: [ERROR] Socket timeout
[2022-12-20 11:23:32.965979 +0100][Error  ][PostMaster        ] [xrootd.ba.infn.it:1094 #0] elapsed = 45, pConnectionWindow = 31 seconds.
[2022-12-20 11:23:32.965994 +0100][Error  ][PostMaster        ] [xrootd.ba.infn.it:1094 #0] Unable to recover: [ERROR] Socket timeout.
[2022-12-20 11:23:32.966007 +0100][Error  ][XRootD            ] [xrootd.ba.infn.it:1094] Impossible to send message kXR_open (file: /store/user/alesauva/flashgg/UL2017_4/10_6_4/WHiggs0PHToGG_M125_TuneCP5_13TeV-JHUGenV7011-pythia8/UL2017_4-10_6_4-v0-RunIISummer19UL17MiniAOD-106X_mc2017_realistic_v6-v2/200720_155719/0000/myMicroAODOutputFile_23.root?tried=stor72.datagrid.cea.fr, mode: 0660, flags: kXR_open_read kXR_async kXR_retstat ). Trying to recover.
Begin processing the 21001st record. Run 1, Event 134507, LumiSection 1346 on stream 0 at 20-Dec-2022 11:24:05.220 CET
Begin processing the 22001st record. Run 1, Event 154003, LumiSection 1541 on stream 0 at 20-Dec-2022 11:27:00.178 CET
[2022-12-20 11:28:37.928259 +0100][Error  ][AsyncSock         ] [xrootd.ba.infn.it:1094 #0.0] Socket error while handshaking: [ERROR] Socket timeout
[2022-12-20 11:28:37.928376 +0100][Error  ][PostMaster        ] [xrootd.ba.infn.it:1094 #0] elapsed = 45, pConnectionWindow = 31 seconds.
[2022-12-20 11:29:23.173249 +0100][Error  ][AsyncSock         ] [xrootd.ba.infn.it:1094 #0.0] Socket error while handshaking: [ERROR] Socket timeout
[2022-12-20 11:29:23.173389 +0100][Error  ][PostMaster        ] [xrootd.ba.infn.it:1094 #0] elapsed = 46, pConnectionWindow = 31 seconds.
[2022-12-20 11:29:23.173405 +0100][Error  ][PostMaster        ] [xrootd.ba.infn.it:1094 #0] Unable to recover: [ERROR] Socket timeout.
[2022-12-20 11:29:23.173414 +0100][Error  ][XRootD            ] [xrootd.ba.infn.it:1094] Impossible to send message kXR_open (file: /store/user/alesauva/flashgg/UL2017_4/10_6_4/WHiggs0PHToGG_M125_TuneCP5_13TeV-JHUGenV7011-pythia8/UL2017_4-10_6_4-v0-RunIISummer19UL17MiniAOD-106X_mc2017_realistic_v6-v2/200720_155719/0000/myMicroAODOutputFile_23.root?tried=stor72.datagrid.cea.fr, mode: 0660, flags: kXR_open_read kXR_async kXR_retstat ). Trying to recover.
Begin processing the 23001st record. Run 1, Event 155012, LumiSection 1551 on stream 0 at 20-Dec-2022 11:29:49.417 CET
Begin processing the 24001st record. Run 1, Event 521413, LumiSection 5215 on stream 0 at 20-Dec-2022 11:32:41.832 CET
[2022-12-20 11:34:23.518766 +0100][Error  ][AsyncSock         ] [xrootd.ba.infn.it:1094 #0.0] Socket error while handshaking: [ERROR] Socket timeout
[2022-12-20 11:34:23.518916 +0100][Error  ][PostMaster        ] [xrootd.ba.infn.it:1094 #0] elapsed = 45, pConnectionWindow = 31 seconds.
[2022-12-20 11:35:08.762974 +0100][Error  ][AsyncSock         ] [xrootd.ba.infn.it:1094 #0.0] Socket error while handshaking: [ERROR] Socket timeout
[2022-12-20 11:35:08.763128 +0100][Error  ][PostMaster        ] [xrootd.ba.infn.it:1094 #0] elapsed = 45, pConnectionWindow = 31 seconds.
[2022-12-20 11:35:08.763152 +0100][Error  ][PostMaster        ] [xrootd.ba.infn.it:1094 #0] Unable to recover: [ERROR] Socket timeout.
[2022-12-20 11:35:08.763184 +0100][Error  ][XRootD            ] [xrootd.ba.infn.it:1094] Impossible to send message kXR_open (file: /store/user/alesauva/flashgg/UL2017_4/10_6_4/WHiggs0PHToGG_M125_TuneCP5_13TeV-JHUGenV7011-pythia8/UL2017_4-10_6_4-v0-RunIISummer19UL17MiniAOD-106X_mc2017_realistic_v6-v2/200720_155719/0000/myMicroAODOutputFile_23.root?tried=stor72.datagrid.cea.fr, mode: 0660, flags: kXR_open_read kXR_async kXR_retstat ). Trying to recover.
20-Dec-2022 11:35:30 CET  Closed file root://cms-xrd-global.cern.ch//store/user/alesauva/flashgg/UL2017_4/10_6_4/WHiggs0PHToGG_M125_TuneCP5_13TeV-JHUGenV7011-pythia8/UL2017_4-10_6_4-v0-RunIISummer19UL17MiniAOD-106X_mc2017_realistic_v6-v2/200720_155719/0000/myMicroAODOutputFile_23.root

TrigReport ---------- Event  Summary ------------
TrigReport Events total = 25000 passed = 24820 failed = 180

TrigReport ---------- Path   Summary ------------
TrigReport  Trig Bit#   Executed     Passed     Failed      Error Name
TrigReport     1    0      25000      24820        180          0 p

TrigReport -------End-Path   Summary ------------
TrigReport  Trig Bit#   Executed     Passed     Failed      Error Name

TrigReport ---------- Modules in Path: p ------------
TrigReport  Trig Bit#    Visited     Passed     Failed      Error Name
TrigReport     1    0      25000      24820        180          0 flashggMetFilters
TrigReport     1    1      24820      24820          0          0 VHFilter
TrigReport     1    2      24820      24820          0          0 flashggDifferentialPhoIdInputsCorrection
TrigReport     1    3      24820      24820          0          0 flashggDiPhotonSystematics
TrigReport     1    4      24820      24820          0          0 flashggMetSystematics
TrigReport     1    5      24820      24820          0          0 flashggMuonSystematics
TrigReport     1    6      24820      24820          0          0 flashggElectronSystematics
TrigReport     1    7      24820      24820          0          0 flashggUnpackedJets
TrigReport     1    8      24820      24820          0          0 flashggJetSystematics0
TrigReport     1    9      24820      24820          0          0 flashggJetSystematics1
TrigReport     1   10      24820      24820          0          0 flashggJetSystematics2
TrigReport     1   11      24820      24820          0          0 flashggJetSystematics3
TrigReport     1   12      24820      24820          0          0 flashggJetSystematics4
TrigReport     1   13      24820      24820          0          0 flashggJetSystematics5
TrigReport     1   14      24820      24820          0          0 flashggJetSystematics6
TrigReport     1   15      24820      24820          0          0 flashggJetSystematics7
TrigReport     1   16      24820      24820          0          0 flashggJetSystematics8
TrigReport     1   17      24820      24820          0          0 flashggJetSystematics9
TrigReport     1   18      24820      24820          0          0 flashggJetSystematics10
TrigReport     1   19      24820      24820          0          0 flashggJetSystematics11
TrigReport     1   20      24820      24820          0          0 flashggPrefireDiPhotons
TrigReport     1   21      24820      24820          0          0 flashggPreselectedDiPhotons
TrigReport     1   22      24820      24820          0          0 flashggDiPhotonMVA
TrigReport     1   23      24820      24820          0          0 flashggVBFMVA
TrigReport     1   24      24820      24820          0          0 flashggVHhadMVA
TrigReport     1   25      24820      24820          0          0 flashggGluGluHMVA
TrigReport     1   26      24820      24820          0          0 flashggStageOneCombinedTag
TrigReport     1   27      24820      24820          0          0 flashggTHQLeptonicTag
TrigReport     1   28      24820      24820          0          0 flashggVHMetTag
TrigReport     1   29      24820      24820          0          0 flashggWHLeptonicTag
TrigReport     1   30      24820      24820          0          0 flashggZHLeptonicTag
TrigReport     1   31      24820      24820          0          0 flashggTTHLeptonicTag
TrigReport     1   32      24820      24820          0          0 flashggTTHHadronicTag
TrigReport     1   33      24820      24820          0          0 flashggTagSorter
TrigReport     1   34      24820      24820          0          0 flashggSystTagMerger
TrigReport     1   35      24820      24820          0          0 tagsDumper

TrigReport ---------- Module Summary ------------
TrigReport    Visited   Executed     Passed     Failed      Error Name
TrigReport      25000      25000      25000          0          0 TriggerResults
TrigReport      24820      24820      24820          0          0 VHFilter
TrigReport      24820      24820      24820          0          0 ak4PFCHSL1FastL2L3Corrector
TrigReport      24820      24820      24820          0          0 ak4PFCHSL1FastjetCorrector
TrigReport      24820      24820      24820          0          0 ak4PFCHSL2RelativeCorrector
TrigReport      24820      24820      24820          0          0 ak4PFCHSL3AbsoluteCorrector
TrigReport      24820      24820      24820          0          0 flashggDiPhotonMVA
TrigReport      24820      24820      24820          0          0 flashggDiPhotonSystematics
TrigReport      24820      24820      24820          0          0 flashggDifferentialPhoIdInputsCorrection
TrigReport      24820      24820      24820          0          0 flashggElectronSystematics
TrigReport      24820      24820      24820          0          0 flashggGluGluHMVA
TrigReport      24820      24820      24820          0          0 flashggJetSystematics0
TrigReport      24820      24820      24820          0          0 flashggJetSystematics1
TrigReport      24820      24820      24820          0          0 flashggJetSystematics10
TrigReport      24820      24820      24820          0          0 flashggJetSystematics11
TrigReport      24820      24820      24820          0          0 flashggJetSystematics2
TrigReport      24820      24820      24820          0          0 flashggJetSystematics3
TrigReport      24820      24820      24820          0          0 flashggJetSystematics4
TrigReport      24820      24820      24820          0          0 flashggJetSystematics5
TrigReport      24820      24820      24820          0          0 flashggJetSystematics6
TrigReport      24820      24820      24820          0          0 flashggJetSystematics7
TrigReport      24820      24820      24820          0          0 flashggJetSystematics8
TrigReport      24820      24820      24820          0          0 flashggJetSystematics9
TrigReport      25000      25000      24820        180          0 flashggMetFilters
TrigReport      24820      24820      24820          0          0 flashggMetSystematics
TrigReport      24820      24820      24820          0          0 flashggMuonSystematics
TrigReport      24820      24820      24820          0          0 flashggPrefireDiPhotons
TrigReport      24820      24820      24820          0          0 flashggPreselectedDiPhotons
TrigReport      24820      24820      24820          0          0 flashggStageOneCombinedTag
TrigReport      24820      24820      24820          0          0 flashggSystTagMerger
TrigReport      24820      24820      24820          0          0 flashggTHQLeptonicTag
TrigReport      24820      24820      24820          0          0 flashggTTHHadronicTag
TrigReport      24820      24820      24820          0          0 flashggTTHLeptonicTag
TrigReport      24820      24820      24820          0          0 flashggTagSorter
TrigReport      24820      24820      24820          0          0 flashggUnpackedJets
TrigReport      24820      24820      24820          0          0 flashggVBFMVA
TrigReport      24820      24820      24820          0          0 flashggVHMetTag
TrigReport      24820      24820      24820          0          0 flashggVHhadMVA
TrigReport      24820      24820      24820          0          0 flashggWHLeptonicTag
TrigReport      24820      24820      24820          0          0 flashggZHLeptonicTag
TrigReport      25000      25000      25000          0          0 p
TrigReport      24820      24820      24820          0          0 tagsDumper

TimeReport ---------- Event  Summary ---[sec]----
TimeReport       event loop CPU/event = 0.174539
TimeReport      event loop Real/event = 0.178508
TimeReport     sum Streams Real/event = 0.172352
TimeReport efficiency CPU/Real/thread = 0.977766

TimeReport ---------- Path   Summary ---[Real sec]----
TimeReport  per event     per exec  Name
TimeReport   0.171717     0.171717  p
TimeReport  per event     per exec  Name

TimeReport -------End-Path   Summary ---[Real sec]----
TimeReport  per event     per exec  Name
TimeReport  per event     per exec  Name

TimeReport ---------- Modules in Path: p ---[Real sec]----
TimeReport  per event    per visit  Name
TimeReport   0.000024     0.000024  flashggMetFilters
TimeReport   0.000009     0.000009  VHFilter
TimeReport   0.075397     0.075944  flashggDifferentialPhoIdInputsCorrection
TimeReport   0.069329     0.069832  flashggDiPhotonSystematics
TimeReport   0.000275     0.000277  flashggMetSystematics
TimeReport   0.000045     0.000046  flashggMuonSystematics
TimeReport   0.000061     0.000062  flashggElectronSystematics
TimeReport   0.000418     0.000421  flashggUnpackedJets
TimeReport   0.006891     0.006941  flashggJetSystematics0
TimeReport   0.001114     0.001122  flashggJetSystematics1
TimeReport   0.000984     0.000991  flashggJetSystematics2
TimeReport   0.000948     0.000955  flashggJetSystematics3
TimeReport   0.000934     0.000941  flashggJetSystematics4
TimeReport   0.000927     0.000934  flashggJetSystematics5
TimeReport   0.000922     0.000928  flashggJetSystematics6
TimeReport   0.000920     0.000926  flashggJetSystematics7
TimeReport   0.000915     0.000921  flashggJetSystematics8
TimeReport   0.000912     0.000918  flashggJetSystematics9
TimeReport   0.000909     0.000916  flashggJetSystematics10
TimeReport   0.000912     0.000918  flashggJetSystematics11
TimeReport   0.000534     0.000538  flashggPrefireDiPhotons
TimeReport   0.000305     0.000307  flashggPreselectedDiPhotons
TimeReport   0.000057     0.000058  flashggDiPhotonMVA
TimeReport   0.000040     0.000041  flashggVBFMVA
TimeReport   0.000024     0.000024  flashggVHhadMVA
TimeReport   0.000067     0.000067  flashggGluGluHMVA
TimeReport   0.000045     0.000045  flashggStageOneCombinedTag
TimeReport   0.000855     0.000862  flashggTHQLeptonicTag
TimeReport   0.000353     0.000356  flashggVHMetTag
TimeReport   0.000052     0.000052  flashggWHLeptonicTag
TimeReport   0.000031     0.000031  flashggZHLeptonicTag
TimeReport   0.000401     0.000404  flashggTTHLeptonicTag
TimeReport   0.002166     0.002182  flashggTTHHadronicTag
TimeReport   0.000122     0.000123  flashggTagSorter
TimeReport   0.000006     0.000006  flashggSystTagMerger
TimeReport   0.000398     0.000401  tagsDumper
TimeReport  per event    per visit  Name

TimeReport ---------- Module Summary ---[Real sec]----
TimeReport  per event     per exec    per visit  Name
TimeReport   0.000004     0.000004     0.000004  TriggerResults
TimeReport   0.000009     0.000009     0.000009  VHFilter
TimeReport   0.000005     0.000005     0.000005  ak4PFCHSL1FastL2L3Corrector
TimeReport   0.000006     0.000006     0.000006  ak4PFCHSL1FastjetCorrector
TimeReport   0.000002     0.000002     0.000002  ak4PFCHSL2RelativeCorrector
TimeReport   0.000013     0.000013     0.000013  ak4PFCHSL3AbsoluteCorrector
TimeReport   0.000057     0.000058     0.000058  flashggDiPhotonMVA
TimeReport   0.069329     0.069832     0.069832  flashggDiPhotonSystematics
TimeReport   0.075397     0.075944     0.075944  flashggDifferentialPhoIdInputsCorrection
TimeReport   0.000061     0.000062     0.000062  flashggElectronSystematics
TimeReport   0.000067     0.000067     0.000067  flashggGluGluHMVA
TimeReport   0.006891     0.006941     0.006941  flashggJetSystematics0
TimeReport   0.001114     0.001122     0.001122  flashggJetSystematics1
TimeReport   0.000909     0.000916     0.000916  flashggJetSystematics10
TimeReport   0.000912     0.000918     0.000918  flashggJetSystematics11
TimeReport   0.000984     0.000991     0.000991  flashggJetSystematics2
TimeReport   0.000948     0.000955     0.000955  flashggJetSystematics3
TimeReport   0.000934     0.000941     0.000941  flashggJetSystematics4
TimeReport   0.000927     0.000934     0.000934  flashggJetSystematics5
TimeReport   0.000922     0.000928     0.000928  flashggJetSystematics6
TimeReport   0.000920     0.000926     0.000926  flashggJetSystematics7
TimeReport   0.000915     0.000921     0.000921  flashggJetSystematics8
TimeReport   0.000912     0.000918     0.000918  flashggJetSystematics9
TimeReport   0.000024     0.000024     0.000024  flashggMetFilters
TimeReport   0.000275     0.000277     0.000277  flashggMetSystematics
TimeReport   0.000045     0.000046     0.000046  flashggMuonSystematics
TimeReport   0.000534     0.000538     0.000538  flashggPrefireDiPhotons
TimeReport   0.000305     0.000307     0.000307  flashggPreselectedDiPhotons
TimeReport   0.000045     0.000045     0.000045  flashggStageOneCombinedTag
TimeReport   0.000006     0.000006     0.000006  flashggSystTagMerger
TimeReport   0.000855     0.000862     0.000862  flashggTHQLeptonicTag
TimeReport   0.002166     0.002182     0.002182  flashggTTHHadronicTag
TimeReport   0.000401     0.000404     0.000404  flashggTTHLeptonicTag
TimeReport   0.000122     0.000123     0.000123  flashggTagSorter
TimeReport   0.000418     0.000421     0.000421  flashggUnpackedJets
TimeReport   0.000040     0.000041     0.000041  flashggVBFMVA
TimeReport   0.000353     0.000356     0.000356  flashggVHMetTag
TimeReport   0.000024     0.000024     0.000024  flashggVHhadMVA
TimeReport   0.000052     0.000052     0.000052  flashggWHLeptonicTag
TimeReport   0.000031     0.000031     0.000031  flashggZHLeptonicTag
TimeReport   0.000004     0.000004     0.000004  p
TimeReport   0.000398     0.000401     0.000401  tagsDumper
TimeReport  per event     per exec    per visit  Name

T---Report end!


=============================================

MessageLogger Summary

 type     category        sev    module        subroutine        count    total
 ---- -------------------- -- ---------------- ----------------  -----    -----
    1 XrdAdaptor           -w file_open                              1        1
    2 fileAction           -s file_close                             1        1
    3 fileAction           -s file_open                              2        2

 type    category    Examples: run/evt        run/evt          run/evt
 ---- -------------------- ---------------- ---------------- ----------------
    1 XrdAdaptor           pre-events                        
    2 fileAction           PostGlobalEndRun                  
    3 fileAction           pre-events       pre-events       

Severity    # Occurrences   Total Occurrences
--------    -------------   -----------------
Warning                 1                   1
System                  3                   3

dropped waiting message count 0
