mkdir: cannot create directory '/afs/cern.ch/user/x/xisu/private/local/Analysis_workspace/VH_AC_tmp1/flashgg_d2/CMSSW_10_6_29/src/flashgg/VHAC_Analysis_Met/UL_17/UL_17_wh125': File exists
/cvmfs/cms.cern.ch/slc7_amd64_gcc700/external/py2-requests/2.21.0-pafccj2/lib/python2.7/site-packages/requests/__init__.py:91: RequestsDependencyWarning: urllib3 (1.25.2) or chardet (3.0.4) doesn't match a supported version!
  RequestsDependencyWarning)
20-Dec-2022 10:05:15 CET  Initiating request to open file root://cms-xrd-global.cern.ch//store/user/alesauva/flashgg/UL2017_4/10_6_4/WHiggs0PMToGG_M125_TuneCP5_13TeV-JHUGenV7011-pythia8/UL2017_4-10_6_4-v0-RunIISummer19UL17MiniAOD-106X_mc2017_realistic_v6-v2/200720_160815/0000/myMicroAODOutputFile_10.root
%MSG-w XrdAdaptor:  file_open 20-Dec-2022 10:05:17 CET pre-events
Data is served from GRIF-IRFU instead of original site CERN-CMSGLOBAL-01
%MSG
20-Dec-2022 10:05:19 CET  Successfully opened file root://cms-xrd-global.cern.ch//store/user/alesauva/flashgg/UL2017_4/10_6_4/WHiggs0PMToGG_M125_TuneCP5_13TeV-JHUGenV7011-pythia8/UL2017_4-10_6_4-v0-RunIISummer19UL17MiniAOD-106X_mc2017_realistic_v6-v2/200720_160815/0000/myMicroAODOutputFile_10.root
2022-12-20 10:18:20.630734: I tensorflow/core/platform/cpu_feature_guard.cc:140] Your CPU supports instructions that this TensorFlow binary was not compiled to use: SSE4.1 SSE4.2 AVX AVX2 FMA
Begin processing the 1st record. Run 1, Event 139501, LumiSection 1396 on stream 0 at 20-Dec-2022 10:19:10.765 CET
[2022-12-20 10:19:54.991317 +0100][Error  ][AsyncSock         ] [xrootd.ba.infn.it:1094 #0.0] Socket error while handshaking: [ERROR] Socket timeout
[2022-12-20 10:19:54.991556 +0100][Error  ][PostMaster        ] [xrootd.ba.infn.it:1094 #0] elapsed = 45, pConnectionWindow = 31 seconds.
[2022-12-20 10:20:40.494388 +0100][Error  ][AsyncSock         ] [xrootd.ba.infn.it:1094 #0.0] Socket error while handshaking: [ERROR] Socket timeout
[2022-12-20 10:20:40.494524 +0100][Error  ][PostMaster        ] [xrootd.ba.infn.it:1094 #0] elapsed = 46, pConnectionWindow = 31 seconds.
[2022-12-20 10:20:40.494558 +0100][Error  ][PostMaster        ] [xrootd.ba.infn.it:1094 #0] Unable to recover: [ERROR] Socket timeout.
[2022-12-20 10:20:40.494577 +0100][Error  ][XRootD            ] [xrootd.ba.infn.it:1094] Impossible to send message kXR_open (file: /store/user/alesauva/flashgg/UL2017_4/10_6_4/WHiggs0PMToGG_M125_TuneCP5_13TeV-JHUGenV7011-pythia8/UL2017_4-10_6_4-v0-RunIISummer19UL17MiniAOD-106X_mc2017_realistic_v6-v2/200720_160815/0000/myMicroAODOutputFile_10.root?tried=stor76.datagrid.cea.fr, mode: 0660, flags: kXR_open_read kXR_async kXR_retstat ). Trying to recover.
Begin processing the 1001st record. Run 1, Event 140501, LumiSection 1406 on stream 0 at 20-Dec-2022 10:23:36.212 CET
[2022-12-20 10:24:29.611262 +0100][Error  ][AsyncSock         ] [xrootd.ba.infn.it:1094 #0.0] Socket error while handshaking: [ERROR] Socket timeout
[2022-12-20 10:24:29.611431 +0100][Error  ][PostMaster        ] [xrootd.ba.infn.it:1094 #0] elapsed = 45, pConnectionWindow = 31 seconds.
[2022-12-20 10:25:14.859348 +0100][Error  ][AsyncSock         ] [xrootd.ba.infn.it:1094 #0.0] Socket error while handshaking: [ERROR] Socket timeout
[2022-12-20 10:25:14.859521 +0100][Error  ][PostMaster        ] [xrootd.ba.infn.it:1094 #0] elapsed = 45, pConnectionWindow = 31 seconds.
[2022-12-20 10:25:14.859531 +0100][Error  ][PostMaster        ] [xrootd.ba.infn.it:1094 #0] Unable to recover: [ERROR] Socket timeout.
[2022-12-20 10:25:14.859542 +0100][Error  ][XRootD            ] [xrootd.ba.infn.it:1094] Impossible to send message kXR_open (file: /store/user/alesauva/flashgg/UL2017_4/10_6_4/WHiggs0PMToGG_M125_TuneCP5_13TeV-JHUGenV7011-pythia8/UL2017_4-10_6_4-v0-RunIISummer19UL17MiniAOD-106X_mc2017_realistic_v6-v2/200720_160815/0000/myMicroAODOutputFile_10.root?tried=stor76.datagrid.cea.fr, mode: 0660, flags: kXR_open_read kXR_async kXR_retstat ). Trying to recover.
Begin processing the 2001st record. Run 1, Event 349701, LumiSection 3498 on stream 0 at 20-Dec-2022 10:25:21.371 CET
Begin processing the 3001st record. Run 1, Event 350713, LumiSection 3508 on stream 0 at 20-Dec-2022 10:27:05.089 CET
Begin processing the 4001st record. Run 1, Event 351702, LumiSection 3518 on stream 0 at 20-Dec-2022 10:28:53.419 CET
[2022-12-20 10:30:16.465402 +0100][Error  ][AsyncSock         ] [xrootd.ba.infn.it:1094 #0.0] Socket error while handshaking: [ERROR] Socket timeout
[2022-12-20 10:30:16.465593 +0100][Error  ][PostMaster        ] [xrootd.ba.infn.it:1094 #0] elapsed = 45, pConnectionWindow = 31 seconds.
Begin processing the 5001st record. Run 1, Event 20807, LumiSection 209 on stream 0 at 20-Dec-2022 10:30:42.620 CET
[2022-12-20 10:31:01.695353 +0100][Error  ][AsyncSock         ] [xrootd.ba.infn.it:1094 #0.0] Socket error while handshaking: [ERROR] Socket timeout
[2022-12-20 10:31:01.695505 +0100][Error  ][PostMaster        ] [xrootd.ba.infn.it:1094 #0] elapsed = 45, pConnectionWindow = 31 seconds.
[2022-12-20 10:31:01.695513 +0100][Error  ][PostMaster        ] [xrootd.ba.infn.it:1094 #0] Unable to recover: [ERROR] Socket timeout.
[2022-12-20 10:31:01.695522 +0100][Error  ][XRootD            ] [xrootd.ba.infn.it:1094] Impossible to send message kXR_open (file: /store/user/alesauva/flashgg/UL2017_4/10_6_4/WHiggs0PMToGG_M125_TuneCP5_13TeV-JHUGenV7011-pythia8/UL2017_4-10_6_4-v0-RunIISummer19UL17MiniAOD-106X_mc2017_realistic_v6-v2/200720_160815/0000/myMicroAODOutputFile_10.root?tried=stor76.datagrid.cea.fr, mode: 0660, flags: kXR_open_read kXR_async kXR_retstat ). Trying to recover.
Begin processing the 6001st record. Run 1, Event 21804, LumiSection 219 on stream 0 at 20-Dec-2022 10:32:34.045 CET
Begin processing the 7001st record. Run 1, Event 22802, LumiSection 229 on stream 0 at 20-Dec-2022 10:34:23.821 CET
[2022-12-20 10:36:04.892198 +0100][Error  ][AsyncSock         ] [xrootd.ba.infn.it:1094 #0.0] Socket error while handshaking: [ERROR] Socket timeout
[2022-12-20 10:36:04.892382 +0100][Error  ][PostMaster        ] [xrootd.ba.infn.it:1094 #0] elapsed = 45, pConnectionWindow = 31 seconds.
Begin processing the 8001st record. Run 1, Event 38702, LumiSection 388 on stream 0 at 20-Dec-2022 10:36:10.284 CET
[2022-12-20 10:36:49.121397 +0100][Error  ][AsyncSock         ] [xrootd.ba.infn.it:1094 #0.0] Socket error while handshaking: [ERROR] Socket timeout
[2022-12-20 10:36:49.121578 +0100][Error  ][PostMaster        ] [xrootd.ba.infn.it:1094 #0] elapsed = 45, pConnectionWindow = 31 seconds.
[2022-12-20 10:36:49.121587 +0100][Error  ][PostMaster        ] [xrootd.ba.infn.it:1094 #0] Unable to recover: [ERROR] Socket timeout.
[2022-12-20 10:36:49.121596 +0100][Error  ][XRootD            ] [xrootd.ba.infn.it:1094] Impossible to send message kXR_open (file: /store/user/alesauva/flashgg/UL2017_4/10_6_4/WHiggs0PMToGG_M125_TuneCP5_13TeV-JHUGenV7011-pythia8/UL2017_4-10_6_4-v0-RunIISummer19UL17MiniAOD-106X_mc2017_realistic_v6-v2/200720_160815/0000/myMicroAODOutputFile_10.root?tried=stor76.datagrid.cea.fr, mode: 0660, flags: kXR_open_read kXR_async kXR_retstat ). Trying to recover.
Begin processing the 9001st record. Run 1, Event 39705, LumiSection 398 on stream 0 at 20-Dec-2022 10:38:05.366 CET
Begin processing the 10001st record. Run 1, Event 46105, LumiSection 462 on stream 0 at 20-Dec-2022 10:39:52.070 CET
Begin processing the 11001st record. Run 1, Event 47306, LumiSection 474 on stream 0 at 20-Dec-2022 10:41:35.997 CET
[2022-12-20 10:41:54.582407 +0100][Error  ][AsyncSock         ] [xrootd.ba.infn.it:1094 #0.0] Socket error while handshaking: [ERROR] Socket timeout
[2022-12-20 10:41:54.582563 +0100][Error  ][PostMaster        ] [xrootd.ba.infn.it:1094 #0] elapsed = 45, pConnectionWindow = 31 seconds.
[2022-12-20 10:42:39.826385 +0100][Error  ][AsyncSock         ] [xrootd.ba.infn.it:1094 #0.0] Socket error while handshaking: [ERROR] Socket timeout
[2022-12-20 10:42:39.826570 +0100][Error  ][PostMaster        ] [xrootd.ba.infn.it:1094 #0] elapsed = 45, pConnectionWindow = 31 seconds.
[2022-12-20 10:42:39.826582 +0100][Error  ][PostMaster        ] [xrootd.ba.infn.it:1094 #0] Unable to recover: [ERROR] Socket timeout.
[2022-12-20 10:42:39.826595 +0100][Error  ][XRootD            ] [xrootd.ba.infn.it:1094] Impossible to send message kXR_open (file: /store/user/alesauva/flashgg/UL2017_4/10_6_4/WHiggs0PMToGG_M125_TuneCP5_13TeV-JHUGenV7011-pythia8/UL2017_4-10_6_4-v0-RunIISummer19UL17MiniAOD-106X_mc2017_realistic_v6-v2/200720_160815/0000/myMicroAODOutputFile_10.root?tried=stor76.datagrid.cea.fr, mode: 0660, flags: kXR_open_read kXR_async kXR_retstat ). Trying to recover.
Begin processing the 12001st record. Run 1, Event 54407, LumiSection 545 on stream 0 at 20-Dec-2022 10:43:22.626 CET
Begin processing the 13001st record. Run 1, Event 55407, LumiSection 555 on stream 0 at 20-Dec-2022 10:45:10.090 CET
Begin processing the 14001st record. Run 1, Event 56409, LumiSection 565 on stream 0 at 20-Dec-2022 10:47:01.491 CET
[2022-12-20 10:47:46.831360 +0100][Error  ][AsyncSock         ] [xrootd.ba.infn.it:1094 #0.0] Socket error while handshaking: [ERROR] Socket timeout
[2022-12-20 10:47:46.831465 +0100][Error  ][PostMaster        ] [xrootd.ba.infn.it:1094 #0] elapsed = 45, pConnectionWindow = 31 seconds.
[2022-12-20 10:48:32.048397 +0100][Error  ][AsyncSock         ] [xrootd.ba.infn.it:1094 #0.0] Socket error while handshaking: [ERROR] Socket timeout
[2022-12-20 10:48:32.048580 +0100][Error  ][PostMaster        ] [xrootd.ba.infn.it:1094 #0] elapsed = 46, pConnectionWindow = 31 seconds.
[2022-12-20 10:48:32.048593 +0100][Error  ][PostMaster        ] [xrootd.ba.infn.it:1094 #0] Unable to recover: [ERROR] Socket timeout.
[2022-12-20 10:48:32.048604 +0100][Error  ][XRootD            ] [xrootd.ba.infn.it:1094] Impossible to send message kXR_open (file: /store/user/alesauva/flashgg/UL2017_4/10_6_4/WHiggs0PMToGG_M125_TuneCP5_13TeV-JHUGenV7011-pythia8/UL2017_4-10_6_4-v0-RunIISummer19UL17MiniAOD-106X_mc2017_realistic_v6-v2/200720_160815/0000/myMicroAODOutputFile_10.root?tried=stor76.datagrid.cea.fr, mode: 0660, flags: kXR_open_read kXR_async kXR_retstat ). Trying to recover.
Begin processing the 15001st record. Run 1, Event 57410, LumiSection 575 on stream 0 at 20-Dec-2022 10:48:48.384 CET
Begin processing the 16001st record. Run 1, Event 58401, LumiSection 585 on stream 0 at 20-Dec-2022 10:50:31.652 CET
Begin processing the 17001st record. Run 1, Event 228504, LumiSection 2286 on stream 0 at 20-Dec-2022 10:52:21.382 CET
[2022-12-20 10:53:29.721498 +0100][Error  ][AsyncSock         ] [xrootd.ba.infn.it:1094 #0.0] Socket error while handshaking: [ERROR] Socket timeout
[2022-12-20 10:53:29.721624 +0100][Error  ][PostMaster        ] [xrootd.ba.infn.it:1094 #0] elapsed = 45, pConnectionWindow = 31 seconds.
Begin processing the 18001st record. Run 1, Event 216601, LumiSection 2167 on stream 0 at 20-Dec-2022 10:54:05.655 CET
[2022-12-20 10:54:14.975376 +0100][Error  ][AsyncSock         ] [xrootd.ba.infn.it:1094 #0.0] Socket error while handshaking: [ERROR] Socket timeout
[2022-12-20 10:54:14.975548 +0100][Error  ][PostMaster        ] [xrootd.ba.infn.it:1094 #0] elapsed = 45, pConnectionWindow = 31 seconds.
[2022-12-20 10:54:14.975557 +0100][Error  ][PostMaster        ] [xrootd.ba.infn.it:1094 #0] Unable to recover: [ERROR] Socket timeout.
[2022-12-20 10:54:14.975567 +0100][Error  ][XRootD            ] [xrootd.ba.infn.it:1094] Impossible to send message kXR_open (file: /store/user/alesauva/flashgg/UL2017_4/10_6_4/WHiggs0PMToGG_M125_TuneCP5_13TeV-JHUGenV7011-pythia8/UL2017_4-10_6_4-v0-RunIISummer19UL17MiniAOD-106X_mc2017_realistic_v6-v2/200720_160815/0000/myMicroAODOutputFile_10.root?tried=stor76.datagrid.cea.fr, mode: 0660, flags: kXR_open_read kXR_async kXR_retstat ). Trying to recover.
Begin processing the 19001st record. Run 1, Event 217601, LumiSection 2177 on stream 0 at 20-Dec-2022 10:55:53.545 CET
Begin processing the 20001st record. Run 1, Event 345902, LumiSection 3460 on stream 0 at 20-Dec-2022 10:57:45.490 CET
[2022-12-20 10:59:26.784390 +0100][Error  ][AsyncSock         ] [xrootd.ba.infn.it:1094 #0.0] Socket error while handshaking: [ERROR] Socket timeout
[2022-12-20 10:59:26.784540 +0100][Error  ][PostMaster        ] [xrootd.ba.infn.it:1094 #0] elapsed = 45, pConnectionWindow = 31 seconds.
Begin processing the 21001st record. Run 1, Event 461203, LumiSection 4613 on stream 0 at 20-Dec-2022 10:59:48.068 CET
[2022-12-20 11:00:11.020374 +0100][Error  ][AsyncSock         ] [xrootd.ba.infn.it:1094 #0.0] Socket error while handshaking: [ERROR] Socket timeout
[2022-12-20 11:00:11.020520 +0100][Error  ][PostMaster        ] [xrootd.ba.infn.it:1094 #0] elapsed = 45, pConnectionWindow = 31 seconds.
[2022-12-20 11:00:11.020530 +0100][Error  ][PostMaster        ] [xrootd.ba.infn.it:1094 #0] Unable to recover: [ERROR] Socket timeout.
[2022-12-20 11:00:11.020539 +0100][Error  ][XRootD            ] [xrootd.ba.infn.it:1094] Impossible to send message kXR_open (file: /store/user/alesauva/flashgg/UL2017_4/10_6_4/WHiggs0PMToGG_M125_TuneCP5_13TeV-JHUGenV7011-pythia8/UL2017_4-10_6_4-v0-RunIISummer19UL17MiniAOD-106X_mc2017_realistic_v6-v2/200720_160815/0000/myMicroAODOutputFile_10.root?tried=stor76.datagrid.cea.fr, mode: 0660, flags: kXR_open_read kXR_async kXR_retstat ). Trying to recover.
Begin processing the 22001st record. Run 1, Event 462201, LumiSection 4623 on stream 0 at 20-Dec-2022 11:01:53.377 CET
Begin processing the 23001st record. Run 1, Event 463207, LumiSection 4633 on stream 0 at 20-Dec-2022 11:03:51.550 CET
Begin processing the 24001st record. Run 1, Event 663102, LumiSection 6632 on stream 0 at 20-Dec-2022 11:05:53.102 CET
20-Dec-2022 11:07:43 CET  Closed file root://cms-xrd-global.cern.ch//store/user/alesauva/flashgg/UL2017_4/10_6_4/WHiggs0PMToGG_M125_TuneCP5_13TeV-JHUGenV7011-pythia8/UL2017_4-10_6_4-v0-RunIISummer19UL17MiniAOD-106X_mc2017_realistic_v6-v2/200720_160815/0000/myMicroAODOutputFile_10.root

TrigReport ---------- Event  Summary ------------
TrigReport Events total = 25000 passed = 24873 failed = 127

TrigReport ---------- Path   Summary ------------
TrigReport  Trig Bit#   Executed     Passed     Failed      Error Name
TrigReport     1    0      25000      24873        127          0 p

TrigReport -------End-Path   Summary ------------
TrigReport  Trig Bit#   Executed     Passed     Failed      Error Name

TrigReport ---------- Modules in Path: p ------------
TrigReport  Trig Bit#    Visited     Passed     Failed      Error Name
TrigReport     1    0      25000      24873        127          0 flashggMetFilters
TrigReport     1    1      24873      24873          0          0 VHFilter
TrigReport     1    2      24873      24873          0          0 flashggDifferentialPhoIdInputsCorrection
TrigReport     1    3      24873      24873          0          0 flashggDiPhotonSystematics
TrigReport     1    4      24873      24873          0          0 flashggMetSystematics
TrigReport     1    5      24873      24873          0          0 flashggMuonSystematics
TrigReport     1    6      24873      24873          0          0 flashggElectronSystematics
TrigReport     1    7      24873      24873          0          0 flashggUnpackedJets
TrigReport     1    8      24873      24873          0          0 flashggJetSystematics0
TrigReport     1    9      24873      24873          0          0 flashggJetSystematics1
TrigReport     1   10      24873      24873          0          0 flashggJetSystematics2
TrigReport     1   11      24873      24873          0          0 flashggJetSystematics3
TrigReport     1   12      24873      24873          0          0 flashggJetSystematics4
TrigReport     1   13      24873      24873          0          0 flashggJetSystematics5
TrigReport     1   14      24873      24873          0          0 flashggJetSystematics6
TrigReport     1   15      24873      24873          0          0 flashggJetSystematics7
TrigReport     1   16      24873      24873          0          0 flashggJetSystematics8
TrigReport     1   17      24873      24873          0          0 flashggJetSystematics9
TrigReport     1   18      24873      24873          0          0 flashggJetSystematics10
TrigReport     1   19      24873      24873          0          0 flashggJetSystematics11
TrigReport     1   20      24873      24873          0          0 flashggPrefireDiPhotons
TrigReport     1   21      24873      24873          0          0 flashggPreselectedDiPhotons
TrigReport     1   22      24873      24873          0          0 flashggDiPhotonMVA
TrigReport     1   23      24873      24873          0          0 flashggVBFMVA
TrigReport     1   24      24873      24873          0          0 flashggVHhadMVA
TrigReport     1   25      24873      24873          0          0 flashggGluGluHMVA
TrigReport     1   26      24873      24873          0          0 flashggStageOneCombinedTag
TrigReport     1   27      24873      24873          0          0 flashggTHQLeptonicTag
TrigReport     1   28      24873      24873          0          0 flashggVHMetTag
TrigReport     1   29      24873      24873          0          0 flashggWHLeptonicTag
TrigReport     1   30      24873      24873          0          0 flashggZHLeptonicTag
TrigReport     1   31      24873      24873          0          0 flashggTTHLeptonicTag
TrigReport     1   32      24873      24873          0          0 flashggTTHHadronicTag
TrigReport     1   33      24873      24873          0          0 flashggTagSorter
TrigReport     1   34      24873      24873          0          0 flashggSystTagMerger
TrigReport     1   35      24873      24873          0          0 tagsDumper

TrigReport ---------- Module Summary ------------
TrigReport    Visited   Executed     Passed     Failed      Error Name
TrigReport      25000      25000      25000          0          0 TriggerResults
TrigReport      24873      24873      24873          0          0 VHFilter
TrigReport      24873      24873      24873          0          0 ak4PFCHSL1FastL2L3Corrector
TrigReport      24873      24873      24873          0          0 ak4PFCHSL1FastjetCorrector
TrigReport      24873      24873      24873          0          0 ak4PFCHSL2RelativeCorrector
TrigReport      24873      24873      24873          0          0 ak4PFCHSL3AbsoluteCorrector
TrigReport      24873      24873      24873          0          0 flashggDiPhotonMVA
TrigReport      24873      24873      24873          0          0 flashggDiPhotonSystematics
TrigReport      24873      24873      24873          0          0 flashggDifferentialPhoIdInputsCorrection
TrigReport      24873      24873      24873          0          0 flashggElectronSystematics
TrigReport      24873      24873      24873          0          0 flashggGluGluHMVA
TrigReport      24873      24873      24873          0          0 flashggJetSystematics0
TrigReport      24873      24873      24873          0          0 flashggJetSystematics1
TrigReport      24873      24873      24873          0          0 flashggJetSystematics10
TrigReport      24873      24873      24873          0          0 flashggJetSystematics11
TrigReport      24873      24873      24873          0          0 flashggJetSystematics2
TrigReport      24873      24873      24873          0          0 flashggJetSystematics3
TrigReport      24873      24873      24873          0          0 flashggJetSystematics4
TrigReport      24873      24873      24873          0          0 flashggJetSystematics5
TrigReport      24873      24873      24873          0          0 flashggJetSystematics6
TrigReport      24873      24873      24873          0          0 flashggJetSystematics7
TrigReport      24873      24873      24873          0          0 flashggJetSystematics8
TrigReport      24873      24873      24873          0          0 flashggJetSystematics9
TrigReport      25000      25000      24873        127          0 flashggMetFilters
TrigReport      24873      24873      24873          0          0 flashggMetSystematics
TrigReport      24873      24873      24873          0          0 flashggMuonSystematics
TrigReport      24873      24873      24873          0          0 flashggPrefireDiPhotons
TrigReport      24873      24873      24873          0          0 flashggPreselectedDiPhotons
TrigReport      24873      24873      24873          0          0 flashggStageOneCombinedTag
TrigReport      24873      24873      24873          0          0 flashggSystTagMerger
TrigReport      24873      24873      24873          0          0 flashggTHQLeptonicTag
TrigReport      24873      24873      24873          0          0 flashggTTHHadronicTag
TrigReport      24873      24873      24873          0          0 flashggTTHLeptonicTag
TrigReport      24873      24873      24873          0          0 flashggTagSorter
TrigReport      24873      24873      24873          0          0 flashggUnpackedJets
TrigReport      24873      24873      24873          0          0 flashggVBFMVA
TrigReport      24873      24873      24873          0          0 flashggVHMetTag
TrigReport      24873      24873      24873          0          0 flashggVHhadMVA
TrigReport      24873      24873      24873          0          0 flashggWHLeptonicTag
TrigReport      24873      24873      24873          0          0 flashggZHLeptonicTag
TrigReport      25000      25000      25000          0          0 p
TrigReport      24873      24873      24873          0          0 tagsDumper

TimeReport ---------- Event  Summary ---[sec]----
TimeReport       event loop CPU/event = 0.115466
TimeReport      event loop Real/event = 0.116582
TimeReport     sum Streams Real/event = 0.113230
TimeReport efficiency CPU/Real/thread = 0.990428

TimeReport ---------- Path   Summary ---[Real sec]----
TimeReport  per event     per exec  Name
TimeReport   0.112766     0.112766  p
TimeReport  per event     per exec  Name

TimeReport -------End-Path   Summary ---[Real sec]----
TimeReport  per event     per exec  Name
TimeReport  per event     per exec  Name

TimeReport ---------- Modules in Path: p ---[Real sec]----
TimeReport  per event    per visit  Name
TimeReport   0.000015     0.000015  flashggMetFilters
TimeReport   0.000005     0.000005  VHFilter
TimeReport   0.064292     0.064620  flashggDifferentialPhoIdInputsCorrection
TimeReport   0.035040     0.035219  flashggDiPhotonSystematics
TimeReport   0.000162     0.000162  flashggMetSystematics
TimeReport   0.000023     0.000024  flashggMuonSystematics
TimeReport   0.000036     0.000036  flashggElectronSystematics
TimeReport   0.000199     0.000200  flashggUnpackedJets
TimeReport   0.003505     0.003523  flashggJetSystematics0
TimeReport   0.000512     0.000515  flashggJetSystematics1
TimeReport   0.000449     0.000451  flashggJetSystematics2
TimeReport   0.000429     0.000432  flashggJetSystematics3
TimeReport   0.000422     0.000424  flashggJetSystematics4
TimeReport   0.000416     0.000418  flashggJetSystematics5
TimeReport   0.000414     0.000416  flashggJetSystematics6
TimeReport   0.000411     0.000413  flashggJetSystematics7
TimeReport   0.000411     0.000413  flashggJetSystematics8
TimeReport   0.000409     0.000411  flashggJetSystematics9
TimeReport   0.000408     0.000410  flashggJetSystematics10
TimeReport   0.000407     0.000409  flashggJetSystematics11
TimeReport   0.000246     0.000247  flashggPrefireDiPhotons
TimeReport   0.000101     0.000101  flashggPreselectedDiPhotons
TimeReport   0.000028     0.000028  flashggDiPhotonMVA
TimeReport   0.000024     0.000024  flashggVBFMVA
TimeReport   0.000014     0.000014  flashggVHhadMVA
TimeReport   0.000042     0.000042  flashggGluGluHMVA
TimeReport   0.000026     0.000026  flashggStageOneCombinedTag
TimeReport   0.000474     0.000476  flashggTHQLeptonicTag
TimeReport   0.000256     0.000257  flashggVHMetTag
TimeReport   0.000031     0.000031  flashggWHLeptonicTag
TimeReport   0.000015     0.000015  flashggZHLeptonicTag
TimeReport   0.000087     0.000088  flashggTTHLeptonicTag
TimeReport   0.000936     0.000941  flashggTTHHadronicTag
TimeReport   0.000078     0.000078  flashggTagSorter
TimeReport   0.000004     0.000004  flashggSystTagMerger
TimeReport   0.000255     0.000257  tagsDumper
TimeReport  per event    per visit  Name

TimeReport ---------- Module Summary ---[Real sec]----
TimeReport  per event     per exec    per visit  Name
TimeReport   0.000002     0.000002     0.000002  TriggerResults
TimeReport   0.000005     0.000005     0.000005  VHFilter
TimeReport   0.000003     0.000003     0.000003  ak4PFCHSL1FastL2L3Corrector
TimeReport   0.000004     0.000004     0.000004  ak4PFCHSL1FastjetCorrector
TimeReport   0.000001     0.000001     0.000001  ak4PFCHSL2RelativeCorrector
TimeReport   0.000012     0.000012     0.000012  ak4PFCHSL3AbsoluteCorrector
TimeReport   0.000028     0.000028     0.000028  flashggDiPhotonMVA
TimeReport   0.035040     0.035219     0.035219  flashggDiPhotonSystematics
TimeReport   0.064292     0.064620     0.064620  flashggDifferentialPhoIdInputsCorrection
TimeReport   0.000036     0.000036     0.000036  flashggElectronSystematics
TimeReport   0.000042     0.000042     0.000042  flashggGluGluHMVA
TimeReport   0.003505     0.003523     0.003523  flashggJetSystematics0
TimeReport   0.000512     0.000515     0.000515  flashggJetSystematics1
TimeReport   0.000408     0.000410     0.000410  flashggJetSystematics10
TimeReport   0.000407     0.000409     0.000409  flashggJetSystematics11
TimeReport   0.000449     0.000451     0.000451  flashggJetSystematics2
TimeReport   0.000429     0.000432     0.000432  flashggJetSystematics3
TimeReport   0.000422     0.000424     0.000424  flashggJetSystematics4
TimeReport   0.000416     0.000418     0.000418  flashggJetSystematics5
TimeReport   0.000414     0.000416     0.000416  flashggJetSystematics6
TimeReport   0.000411     0.000413     0.000413  flashggJetSystematics7
TimeReport   0.000411     0.000413     0.000413  flashggJetSystematics8
TimeReport   0.000409     0.000411     0.000411  flashggJetSystematics9
TimeReport   0.000015     0.000015     0.000015  flashggMetFilters
TimeReport   0.000162     0.000162     0.000162  flashggMetSystematics
TimeReport   0.000023     0.000024     0.000024  flashggMuonSystematics
TimeReport   0.000246     0.000247     0.000247  flashggPrefireDiPhotons
TimeReport   0.000101     0.000101     0.000101  flashggPreselectedDiPhotons
TimeReport   0.000026     0.000026     0.000026  flashggStageOneCombinedTag
TimeReport   0.000004     0.000004     0.000004  flashggSystTagMerger
TimeReport   0.000474     0.000476     0.000476  flashggTHQLeptonicTag
TimeReport   0.000936     0.000941     0.000941  flashggTTHHadronicTag
TimeReport   0.000087     0.000088     0.000088  flashggTTHLeptonicTag
TimeReport   0.000078     0.000078     0.000078  flashggTagSorter
TimeReport   0.000199     0.000200     0.000200  flashggUnpackedJets
TimeReport   0.000024     0.000024     0.000024  flashggVBFMVA
TimeReport   0.000256     0.000257     0.000257  flashggVHMetTag
TimeReport   0.000014     0.000014     0.000014  flashggVHhadMVA
TimeReport   0.000031     0.000031     0.000031  flashggWHLeptonicTag
TimeReport   0.000015     0.000015     0.000015  flashggZHLeptonicTag
TimeReport   0.000003     0.000003     0.000003  p
TimeReport   0.000255     0.000257     0.000257  tagsDumper
TimeReport  per event     per exec    per visit  Name

T---Report end!


=============================================

MessageLogger Summary

 type     category        sev    module        subroutine        count    total
 ---- -------------------- -- ---------------- ----------------  -----    -----
    1 XrdAdaptor           -w file_open                              1        1
    2 fileAction           -s file_close                             1        1
    3 fileAction           -s file_open                              2        2

 type    category    Examples: run/evt        run/evt          run/evt
 ---- -------------------- ---------------- ---------------- ----------------
    1 XrdAdaptor           pre-events                        
    2 fileAction           PostGlobalEndRun                  
    3 fileAction           pre-events       pre-events       

Severity    # Occurrences   Total Occurrences
--------    -------------   -----------------
Warning                 1                   1
System                  3                   3

dropped waiting message count 0
