mkdir: cannot create directory '/afs/cern.ch/user/x/xisu/private/local/Analysis_workspace/VH_AC_tmp1/flashgg_d2/CMSSW_10_6_29/src/flashgg/VHAC_Analysis_Met/UL_17/UL17_zh125': File exists
/cvmfs/cms.cern.ch/slc7_amd64_gcc700/external/py2-requests/2.21.0-pafccj2/lib/python2.7/site-packages/requests/__init__.py:91: RequestsDependencyWarning: urllib3 (1.25.2) or chardet (3.0.4) doesn't match a supported version!
  RequestsDependencyWarning)
07-Feb-2023 05:22:39 CET  Initiating request to open file root://cms-xrd-global.cern.ch//store/user/alesauva/flashgg/UL2017_3/10_6_4/VHToGG_M125_TuneCP5_13TeV-amcatnloFXFX-madspin-pythia8/UL2017_3-10_6_4-v0-RunIISummer19UL17MiniAOD-106X_mc2017_realistic_v6-v1/200718_083214/0000/myMicroAODOutputFile_15.root
[2023-02-07 05:23:25.791360 +0100][Error  ][AsyncSock         ] [xrootd.ba.infn.it:1094 #0.0] Socket error while handshaking: [ERROR] Socket timeout
[2023-02-07 05:23:25.791623 +0100][Error  ][PostMaster        ] [xrootd.ba.infn.it:1094 #0] elapsed = 45, pConnectionWindow = 31 seconds.
[2023-02-07 05:24:11.041320 +0100][Error  ][AsyncSock         ] [xrootd.ba.infn.it:1094 #0.0] Socket error while handshaking: [ERROR] Socket timeout
[2023-02-07 05:24:11.041447 +0100][Error  ][PostMaster        ] [xrootd.ba.infn.it:1094 #0] elapsed = 46, pConnectionWindow = 31 seconds.
[2023-02-07 05:24:11.041490 +0100][Error  ][PostMaster        ] [xrootd.ba.infn.it:1094 #0] Unable to recover: [ERROR] Socket timeout.
[2023-02-07 05:24:11.041509 +0100][Error  ][XRootD            ] [xrootd.ba.infn.it:1094] Impossible to send message kXR_open (file: /store/user/alesauva/flashgg/UL2017_3/10_6_4/VHToGG_M125_TuneCP5_13TeV-amcatnloFXFX-madspin-pythia8/UL2017_3-10_6_4-v0-RunIISummer19UL17MiniAOD-106X_mc2017_realistic_v6-v1/200718_083214/0000/myMicroAODOutputFile_15.root, mode: 0660, flags: kXR_open_read kXR_async kXR_retstat ). Trying to recover.
%MSG-w XrdAdaptor:  file_open 07-Feb-2023 05:24:23 CET pre-events
Data is served from GRIF-IRFU instead of original site CERN-CMSGLOBAL-02
%MSG
07-Feb-2023 05:24:24 CET  Successfully opened file root://cms-xrd-global.cern.ch//store/user/alesauva/flashgg/UL2017_3/10_6_4/VHToGG_M125_TuneCP5_13TeV-amcatnloFXFX-madspin-pythia8/UL2017_3-10_6_4-v0-RunIISummer19UL17MiniAOD-106X_mc2017_realistic_v6-v1/200718_083214/0000/myMicroAODOutputFile_15.root
2023-02-07 05:39:11.065284: I tensorflow/core/platform/cpu_feature_guard.cc:140] Your CPU supports instructions that this TensorFlow binary was not compiled to use: SSE4.1 SSE4.2 AVX AVX2 FMA
Begin processing the 1st record. Run 1, Event 514634, LumiSection 1907 on stream 0 at 07-Feb-2023 05:40:09.729 CET
[2023-02-07 05:40:53.945538 +0100][Error  ][AsyncSock         ] [xrootd.ba.infn.it:1094 #0.0] Socket error while handshaking: [ERROR] Socket timeout
[2023-02-07 05:40:53.945694 +0100][Error  ][PostMaster        ] [xrootd.ba.infn.it:1094 #0] elapsed = 45, pConnectionWindow = 31 seconds.
[2023-02-07 05:41:39.196334 +0100][Error  ][AsyncSock         ] [xrootd.ba.infn.it:1094 #0.0] Socket error while handshaking: [ERROR] Socket timeout
[2023-02-07 05:41:39.196508 +0100][Error  ][PostMaster        ] [xrootd.ba.infn.it:1094 #0] elapsed = 46, pConnectionWindow = 31 seconds.
[2023-02-07 05:41:39.196519 +0100][Error  ][PostMaster        ] [xrootd.ba.infn.it:1094 #0] Unable to recover: [ERROR] Socket timeout.
[2023-02-07 05:41:39.196528 +0100][Error  ][XRootD            ] [xrootd.ba.infn.it:1094] Impossible to send message kXR_open (file: /store/user/alesauva/flashgg/UL2017_3/10_6_4/VHToGG_M125_TuneCP5_13TeV-amcatnloFXFX-madspin-pythia8/UL2017_3-10_6_4-v0-RunIISummer19UL17MiniAOD-106X_mc2017_realistic_v6-v1/200718_083214/0000/myMicroAODOutputFile_15.root?tried=stor95.datagrid.cea.fr, mode: 0660, flags: kXR_open_read kXR_async kXR_retstat ). Trying to recover.
[2023-02-07 05:42:29.991400 +0100][Error  ][AsyncSock         ] [xrootd-cms.infn.it:1094 #0.0] Socket error while handshaking: [ERROR] Socket timeout
[2023-02-07 05:42:29.991559 +0100][Error  ][PostMaster        ] [xrootd-cms.infn.it:1094 #0] elapsed = 45, pConnectionWindow = 31 seconds.
Begin processing the 1001st record. Run 1, Event 524785, LumiSection 1944 on stream 0 at 07-Feb-2023 05:43:38.497 CET
Begin processing the 2001st record. Run 1, Event 527663, LumiSection 1955 on stream 0 at 07-Feb-2023 05:44:30.889 CET
Begin processing the 3001st record. Run 1, Event 1062116, LumiSection 3934 on stream 0 at 07-Feb-2023 05:45:25.427 CET
[2023-02-07 05:46:07.959600 +0100][Error  ][AsyncSock         ] [xrootd.ba.infn.it:1094 #0.0] Socket error while handshaking: [ERROR] Socket timeout
[2023-02-07 05:46:07.959764 +0100][Error  ][PostMaster        ] [xrootd.ba.infn.it:1094 #0] elapsed = 45, pConnectionWindow = 31 seconds.
Begin processing the 4001st record. Run 1, Event 1068665, LumiSection 3959 on stream 0 at 07-Feb-2023 05:46:17.057 CET
[2023-02-07 05:46:52.858304 +0100][Error  ][AsyncSock         ] [xrootd.ba.infn.it:1094 #0.0] Socket error while handshaking: [ERROR] Socket timeout
[2023-02-07 05:46:52.858404 +0100][Error  ][PostMaster        ] [xrootd.ba.infn.it:1094 #0] elapsed = 45, pConnectionWindow = 31 seconds.
[2023-02-07 05:46:52.858415 +0100][Error  ][PostMaster        ] [xrootd.ba.infn.it:1094 #0] Unable to recover: [ERROR] Socket timeout.
[2023-02-07 05:46:52.858430 +0100][Error  ][XRootD            ] [xrootd.ba.infn.it:1094] Impossible to send message kXR_open (file: /store/user/alesauva/flashgg/UL2017_3/10_6_4/VHToGG_M125_TuneCP5_13TeV-amcatnloFXFX-madspin-pythia8/UL2017_3-10_6_4-v0-RunIISummer19UL17MiniAOD-106X_mc2017_realistic_v6-v1/200718_083214/0000/myMicroAODOutputFile_15.root?tried=+1413xrootd-redic.pi.infn.it,+1213xrootd-cms-redir-int.cr.cnaf.infn.it,+1413xrootd-cms-redir-int.cr.cnaf.infn.it,stor95.datagrid.cea.fr,node12.datagrid.cea.fr,llrxrd-redir.in2p3.fr,xrootd-cms.infn.it,xrootd-redic.pi.infn.it&triedrc=enoent,enoent, mode: 0660, flags: kXR_open_read kXR_async kXR_retstat ). Trying to recover.
Begin processing the 5001st record. Run 1, Event 1054764, LumiSection 3907 on stream 0 at 07-Feb-2023 05:47:09.886 CET
Begin processing the 6001st record. Run 1, Event 1089167, LumiSection 4034 on stream 0 at 07-Feb-2023 05:48:11.763 CET
Begin processing the 7001st record. Run 1, Event 1093061, LumiSection 4049 on stream 0 at 07-Feb-2023 05:49:05.115 CET
Begin processing the 8001st record. Run 1, Event 1096101, LumiSection 4060 on stream 0 at 07-Feb-2023 05:50:03.491 CET
Begin processing the 9001st record. Run 1, Event 490595, LumiSection 1818 on stream 0 at 07-Feb-2023 05:51:02.671 CET
[2023-02-07 05:51:29.170325 +0100][Error  ][AsyncSock         ] [xrootd.ba.infn.it:1094 #0.0] Socket error while handshaking: [ERROR] Socket timeout
[2023-02-07 05:51:29.170495 +0100][Error  ][PostMaster        ] [xrootd.ba.infn.it:1094 #0] elapsed = 46, pConnectionWindow = 31 seconds.
Begin processing the 10001st record. Run 1, Event 538499, LumiSection 1995 on stream 0 at 07-Feb-2023 05:52:01.314 CET
[2023-02-07 05:52:14.444297 +0100][Error  ][AsyncSock         ] [xrootd.ba.infn.it:1094 #0.0] Socket error while handshaking: [ERROR] Socket timeout
[2023-02-07 05:52:14.444462 +0100][Error  ][PostMaster        ] [xrootd.ba.infn.it:1094 #0] elapsed = 45, pConnectionWindow = 31 seconds.
[2023-02-07 05:52:14.444475 +0100][Error  ][PostMaster        ] [xrootd.ba.infn.it:1094 #0] Unable to recover: [ERROR] Socket timeout.
[2023-02-07 05:52:14.444486 +0100][Error  ][XRootD            ] [xrootd.ba.infn.it:1094] Impossible to send message kXR_open (file: /store/user/alesauva/flashgg/UL2017_3/10_6_4/VHToGG_M125_TuneCP5_13TeV-amcatnloFXFX-madspin-pythia8/UL2017_3-10_6_4-v0-RunIISummer19UL17MiniAOD-106X_mc2017_realistic_v6-v1/200718_083214/0000/myMicroAODOutputFile_15.root?tried=stor95.datagrid.cea.fr, mode: 0660, flags: kXR_open_read kXR_async kXR_retstat ). Trying to recover.
Begin processing the 11001st record. Run 1, Event 497258, LumiSection 1842 on stream 0 at 07-Feb-2023 05:53:06.004 CET
Begin processing the 12001st record. Run 1, Event 790895, LumiSection 2930 on stream 0 at 07-Feb-2023 05:54:08.770 CET
Begin processing the 13001st record. Run 1, Event 1262591, LumiSection 4677 on stream 0 at 07-Feb-2023 05:55:02.519 CET
Begin processing the 14001st record. Run 1, Event 621288, LumiSection 2302 on stream 0 at 07-Feb-2023 05:56:01.259 CET
Begin processing the 15001st record. Run 1, Event 624225, LumiSection 2312 on stream 0 at 07-Feb-2023 05:56:51.103 CET
[2023-02-07 05:57:05.756458 +0100][Error  ][AsyncSock         ] [xrootd.ba.infn.it:1094 #0.0] Socket error while handshaking: [ERROR] Socket timeout
[2023-02-07 05:57:05.756622 +0100][Error  ][PostMaster        ] [xrootd.ba.infn.it:1094 #0] elapsed = 45, pConnectionWindow = 31 seconds.
Begin processing the 16001st record. Run 1, Event 627846, LumiSection 2326 on stream 0 at 07-Feb-2023 05:57:50.030 CET
[2023-02-07 05:57:50.864420 +0100][Error  ][AsyncSock         ] [xrootd.ba.infn.it:1094 #0.0] Socket error while handshaking: [ERROR] Socket timeout
[2023-02-07 05:57:50.864610 +0100][Error  ][PostMaster        ] [xrootd.ba.infn.it:1094 #0] elapsed = 45, pConnectionWindow = 31 seconds.
[2023-02-07 05:57:50.864621 +0100][Error  ][PostMaster        ] [xrootd.ba.infn.it:1094 #0] Unable to recover: [ERROR] Socket timeout.
[2023-02-07 05:57:50.864631 +0100][Error  ][XRootD            ] [xrootd.ba.infn.it:1094] Impossible to send message kXR_open (file: /store/user/alesauva/flashgg/UL2017_3/10_6_4/VHToGG_M125_TuneCP5_13TeV-amcatnloFXFX-madspin-pythia8/UL2017_3-10_6_4-v0-RunIISummer19UL17MiniAOD-106X_mc2017_realistic_v6-v1/200718_083214/0000/myMicroAODOutputFile_15.root?tried=stor95.datagrid.cea.fr, mode: 0660, flags: kXR_open_read kXR_async kXR_retstat ). Trying to recover.
Begin processing the 17001st record. Run 1, Event 797256, LumiSection 2953 on stream 0 at 07-Feb-2023 05:58:45.981 CET
Begin processing the 18001st record. Run 1, Event 629757, LumiSection 2333 on stream 0 at 07-Feb-2023 05:59:39.350 CET
Begin processing the 19001st record. Run 1, Event 632698, LumiSection 2344 on stream 0 at 07-Feb-2023 06:00:27.783 CET
Begin processing the 20001st record. Run 1, Event 635628, LumiSection 2355 on stream 0 at 07-Feb-2023 06:01:18.147 CET
Begin processing the 21001st record. Run 1, Event 1303793, LumiSection 4829 on stream 0 at 07-Feb-2023 06:02:14.673 CET
[2023-02-07 06:02:15.273330 +0100][Error  ][AsyncSock         ] [xrootd.ba.infn.it:1094 #0.0] Socket error while handshaking: [ERROR] Socket timeout
[2023-02-07 06:02:15.273511 +0100][Error  ][PostMaster        ] [xrootd.ba.infn.it:1094 #0] elapsed = 46, pConnectionWindow = 31 seconds.
[2023-02-07 06:03:00.940281 +0100][Error  ][AsyncSock         ] [xrootd.ba.infn.it:1094 #0.0] Socket error while handshaking: [ERROR] Socket timeout
[2023-02-07 06:03:00.940454 +0100][Error  ][PostMaster        ] [xrootd.ba.infn.it:1094 #0] elapsed = 45, pConnectionWindow = 31 seconds.
[2023-02-07 06:03:00.940465 +0100][Error  ][PostMaster        ] [xrootd.ba.infn.it:1094 #0] Unable to recover: [ERROR] Socket timeout.
[2023-02-07 06:03:00.940475 +0100][Error  ][XRootD            ] [xrootd.ba.infn.it:1094] Impossible to send message kXR_open (file: /store/user/alesauva/flashgg/UL2017_3/10_6_4/VHToGG_M125_TuneCP5_13TeV-amcatnloFXFX-madspin-pythia8/UL2017_3-10_6_4-v0-RunIISummer19UL17MiniAOD-106X_mc2017_realistic_v6-v1/200718_083214/0000/myMicroAODOutputFile_15.root?tried=stor95.datagrid.cea.fr, mode: 0660, flags: kXR_open_read kXR_async kXR_retstat ). Trying to recover.
Begin processing the 22001st record. Run 1, Event 1307206, LumiSection 4842 on stream 0 at 07-Feb-2023 06:03:06.302 CET
Begin processing the 23001st record. Run 1, Event 1138898, LumiSection 4219 on stream 0 at 07-Feb-2023 06:04:01.624 CET
Begin processing the 24001st record. Run 1, Event 1194133, LumiSection 4423 on stream 0 at 07-Feb-2023 06:04:54.289 CET
Begin processing the 25001st record. Run 1, Event 1217304, LumiSection 4509 on stream 0 at 07-Feb-2023 06:05:50.320 CET
07-Feb-2023 06:05:59 CET  Closed file root://cms-xrd-global.cern.ch//store/user/alesauva/flashgg/UL2017_3/10_6_4/VHToGG_M125_TuneCP5_13TeV-amcatnloFXFX-madspin-pythia8/UL2017_3-10_6_4-v0-RunIISummer19UL17MiniAOD-106X_mc2017_realistic_v6-v1/200718_083214/0000/myMicroAODOutputFile_15.root

TrigReport ---------- Event  Summary ------------
TrigReport Events total = 25150 passed = 8906 failed = 16244

TrigReport ---------- Path   Summary ------------
TrigReport  Trig Bit#   Executed     Passed     Failed      Error Name
TrigReport     1    0      25150       8906      16244          0 p

TrigReport -------End-Path   Summary ------------
TrigReport  Trig Bit#   Executed     Passed     Failed      Error Name

TrigReport ---------- Modules in Path: p ------------
TrigReport  Trig Bit#    Visited     Passed     Failed      Error Name
TrigReport     1    0      25150      25015        135          0 flashggMetFilters
TrigReport     1    1      25015       8906      16109          0 VHFilter
TrigReport     1    2       8906       8906          0          0 flashggDifferentialPhoIdInputsCorrection
TrigReport     1    3       8906       8906          0          0 flashggDiPhotonSystematics
TrigReport     1    4       8906       8906          0          0 flashggMetSystematics
TrigReport     1    5       8906       8906          0          0 flashggMuonSystematics
TrigReport     1    6       8906       8906          0          0 flashggElectronSystematics
TrigReport     1    7       8906       8906          0          0 flashggUnpackedJets
TrigReport     1    8       8906       8906          0          0 flashggJetSystematics0
TrigReport     1    9       8906       8906          0          0 flashggJetSystematics1
TrigReport     1   10       8906       8906          0          0 flashggJetSystematics2
TrigReport     1   11       8906       8906          0          0 flashggJetSystematics3
TrigReport     1   12       8906       8906          0          0 flashggJetSystematics4
TrigReport     1   13       8906       8906          0          0 flashggJetSystematics5
TrigReport     1   14       8906       8906          0          0 flashggJetSystematics6
TrigReport     1   15       8906       8906          0          0 flashggJetSystematics7
TrigReport     1   16       8906       8906          0          0 flashggJetSystematics8
TrigReport     1   17       8906       8906          0          0 flashggJetSystematics9
TrigReport     1   18       8906       8906          0          0 flashggJetSystematics10
TrigReport     1   19       8906       8906          0          0 flashggJetSystematics11
TrigReport     1   20       8906       8906          0          0 flashggPrefireDiPhotons
TrigReport     1   21       8906       8906          0          0 flashggPreselectedDiPhotons
TrigReport     1   22       8906       8906          0          0 flashggDiPhotonMVA
TrigReport     1   23       8906       8906          0          0 flashggVBFMVA
TrigReport     1   24       8906       8906          0          0 flashggVHhadMVA
TrigReport     1   25       8906       8906          0          0 flashggGluGluHMVA
TrigReport     1   26       8906       8906          0          0 flashggStageOneCombinedTag
TrigReport     1   27       8906       8906          0          0 flashggTHQLeptonicTag
TrigReport     1   28       8906       8906          0          0 flashggVHMetTag
TrigReport     1   29       8906       8906          0          0 flashggWHLeptonicTag
TrigReport     1   30       8906       8906          0          0 flashggZHLeptonicTag
TrigReport     1   31       8906       8906          0          0 flashggTTHLeptonicTag
TrigReport     1   32       8906       8906          0          0 flashggTTHHadronicTag
TrigReport     1   33       8906       8906          0          0 flashggTagSorter
TrigReport     1   34       8906       8906          0          0 flashggSystTagMerger
TrigReport     1   35       8906       8906          0          0 tagsDumper

TrigReport ---------- Module Summary ------------
TrigReport    Visited   Executed     Passed     Failed      Error Name
TrigReport      25150      25150      25150          0          0 TriggerResults
TrigReport      25015      25015       8906      16109          0 VHFilter
TrigReport       8906       8906       8906          0          0 ak4PFCHSL1FastL2L3Corrector
TrigReport       8906       8906       8906          0          0 ak4PFCHSL1FastjetCorrector
TrigReport       8906       8906       8906          0          0 ak4PFCHSL2RelativeCorrector
TrigReport       8906       8906       8906          0          0 ak4PFCHSL3AbsoluteCorrector
TrigReport       8906       8906       8906          0          0 flashggDiPhotonMVA
TrigReport       8906       8906       8906          0          0 flashggDiPhotonSystematics
TrigReport       8906       8906       8906          0          0 flashggDifferentialPhoIdInputsCorrection
TrigReport       8906       8906       8906          0          0 flashggElectronSystematics
TrigReport       8906       8906       8906          0          0 flashggGluGluHMVA
TrigReport       8906       8906       8906          0          0 flashggJetSystematics0
TrigReport       8906       8906       8906          0          0 flashggJetSystematics1
TrigReport       8906       8906       8906          0          0 flashggJetSystematics10
TrigReport       8906       8906       8906          0          0 flashggJetSystematics11
TrigReport       8906       8906       8906          0          0 flashggJetSystematics2
TrigReport       8906       8906       8906          0          0 flashggJetSystematics3
TrigReport       8906       8906       8906          0          0 flashggJetSystematics4
TrigReport       8906       8906       8906          0          0 flashggJetSystematics5
TrigReport       8906       8906       8906          0          0 flashggJetSystematics6
TrigReport       8906       8906       8906          0          0 flashggJetSystematics7
TrigReport       8906       8906       8906          0          0 flashggJetSystematics8
TrigReport       8906       8906       8906          0          0 flashggJetSystematics9
TrigReport      25150      25150      25015        135          0 flashggMetFilters
TrigReport       8906       8906       8906          0          0 flashggMetSystematics
TrigReport       8906       8906       8906          0          0 flashggMuonSystematics
TrigReport       8906       8906       8906          0          0 flashggPrefireDiPhotons
TrigReport       8906       8906       8906          0          0 flashggPreselectedDiPhotons
TrigReport       8906       8906       8906          0          0 flashggStageOneCombinedTag
TrigReport       8906       8906       8906          0          0 flashggSystTagMerger
TrigReport       8906       8906       8906          0          0 flashggTHQLeptonicTag
TrigReport       8906       8906       8906          0          0 flashggTTHHadronicTag
TrigReport       8906       8906       8906          0          0 flashggTTHLeptonicTag
TrigReport       8906       8906       8906          0          0 flashggTagSorter
TrigReport       8906       8906       8906          0          0 flashggUnpackedJets
TrigReport       8906       8906       8906          0          0 flashggVBFMVA
TrigReport       8906       8906       8906          0          0 flashggVHMetTag
TrigReport       8906       8906       8906          0          0 flashggVHhadMVA
TrigReport       8906       8906       8906          0          0 flashggWHLeptonicTag
TrigReport       8906       8906       8906          0          0 flashggZHLeptonicTag
TrigReport      25150      25150      25150          0          0 p
TrigReport       8906       8906       8906          0          0 tagsDumper

TimeReport ---------- Event  Summary ---[sec]----
TimeReport       event loop CPU/event = 0.061182
TimeReport      event loop Real/event = 0.061651
TimeReport     sum Streams Real/event = 0.059867
TimeReport efficiency CPU/Real/thread = 0.992406

TimeReport ---------- Path   Summary ---[Real sec]----
TimeReport  per event     per exec  Name
TimeReport   0.059560     0.059560  p
TimeReport  per event     per exec  Name

TimeReport -------End-Path   Summary ---[Real sec]----
TimeReport  per event     per exec  Name
TimeReport  per event     per exec  Name

TimeReport ---------- Modules in Path: p ---[Real sec]----
TimeReport  per event    per visit  Name
TimeReport   0.000011     0.000011  flashggMetFilters
TimeReport   0.000004     0.000004  VHFilter
TimeReport   0.033349     0.094175  flashggDifferentialPhoIdInputsCorrection
TimeReport   0.019523     0.055132  flashggDiPhotonSystematics
TimeReport   0.000076     0.000215  flashggMetSystematics
TimeReport   0.000010     0.000027  flashggMuonSystematics
TimeReport   0.000016     0.000046  flashggElectronSystematics
TimeReport   0.000099     0.000280  flashggUnpackedJets
TimeReport   0.001704     0.004812  flashggJetSystematics0
TimeReport   0.000256     0.000723  flashggJetSystematics1
TimeReport   0.000225     0.000634  flashggJetSystematics2
TimeReport   0.000217     0.000612  flashggJetSystematics3
TimeReport   0.000213     0.000603  flashggJetSystematics4
TimeReport   0.000210     0.000594  flashggJetSystematics5
TimeReport   0.000209     0.000591  flashggJetSystematics6
TimeReport   0.000209     0.000590  flashggJetSystematics7
TimeReport   0.000208     0.000587  flashggJetSystematics8
TimeReport   0.000206     0.000583  flashggJetSystematics9
TimeReport   0.000206     0.000583  flashggJetSystematics10
TimeReport   0.000205     0.000579  flashggJetSystematics11
TimeReport   0.000132     0.000374  flashggPrefireDiPhotons
TimeReport   0.000046     0.000131  flashggPreselectedDiPhotons
TimeReport   0.000012     0.000033  flashggDiPhotonMVA
TimeReport   0.000011     0.000031  flashggVBFMVA
TimeReport   0.000007     0.000019  flashggVHhadMVA
TimeReport   0.000019     0.000053  flashggGluGluHMVA
TimeReport   0.000012     0.000035  flashggStageOneCombinedTag
TimeReport   0.000120     0.000338  flashggTHQLeptonicTag
TimeReport   0.000071     0.000200  flashggVHMetTag
TimeReport   0.000010     0.000027  flashggWHLeptonicTag
TimeReport   0.000008     0.000021  flashggZHLeptonicTag
TimeReport   0.000050     0.000140  flashggTTHLeptonicTag
TimeReport   0.000563     0.001591  flashggTTHHadronicTag
TimeReport   0.000034     0.000096  flashggTagSorter
TimeReport   0.000001     0.000004  flashggSystTagMerger
TimeReport   0.000162     0.000459  tagsDumper
TimeReport  per event    per visit  Name

TimeReport ---------- Module Summary ---[Real sec]----
TimeReport  per event     per exec    per visit  Name
TimeReport   0.000002     0.000002     0.000002  TriggerResults
TimeReport   0.000004     0.000004     0.000004  VHFilter
TimeReport   0.000001     0.000004     0.000004  ak4PFCHSL1FastL2L3Corrector
TimeReport   0.000002     0.000004     0.000004  ak4PFCHSL1FastjetCorrector
TimeReport   0.000001     0.000002     0.000002  ak4PFCHSL2RelativeCorrector
TimeReport   0.000006     0.000016     0.000016  ak4PFCHSL3AbsoluteCorrector
TimeReport   0.000012     0.000033     0.000033  flashggDiPhotonMVA
TimeReport   0.019523     0.055132     0.055132  flashggDiPhotonSystematics
TimeReport   0.033349     0.094175     0.094175  flashggDifferentialPhoIdInputsCorrection
TimeReport   0.000016     0.000046     0.000046  flashggElectronSystematics
TimeReport   0.000019     0.000053     0.000053  flashggGluGluHMVA
TimeReport   0.001704     0.004812     0.004812  flashggJetSystematics0
TimeReport   0.000256     0.000723     0.000723  flashggJetSystematics1
TimeReport   0.000206     0.000583     0.000583  flashggJetSystematics10
TimeReport   0.000205     0.000579     0.000579  flashggJetSystematics11
TimeReport   0.000225     0.000634     0.000634  flashggJetSystematics2
TimeReport   0.000217     0.000612     0.000612  flashggJetSystematics3
TimeReport   0.000213     0.000603     0.000603  flashggJetSystematics4
TimeReport   0.000210     0.000594     0.000594  flashggJetSystematics5
TimeReport   0.000209     0.000591     0.000591  flashggJetSystematics6
TimeReport   0.000209     0.000590     0.000590  flashggJetSystematics7
TimeReport   0.000208     0.000587     0.000587  flashggJetSystematics8
TimeReport   0.000206     0.000583     0.000583  flashggJetSystematics9
TimeReport   0.000011     0.000011     0.000011  flashggMetFilters
TimeReport   0.000076     0.000215     0.000215  flashggMetSystematics
TimeReport   0.000010     0.000027     0.000027  flashggMuonSystematics
TimeReport   0.000132     0.000374     0.000374  flashggPrefireDiPhotons
TimeReport   0.000046     0.000131     0.000131  flashggPreselectedDiPhotons
TimeReport   0.000012     0.000035     0.000035  flashggStageOneCombinedTag
TimeReport   0.000001     0.000004     0.000004  flashggSystTagMerger
TimeReport   0.000120     0.000338     0.000338  flashggTHQLeptonicTag
TimeReport   0.000563     0.001591     0.001591  flashggTTHHadronicTag
TimeReport   0.000050     0.000140     0.000140  flashggTTHLeptonicTag
TimeReport   0.000034     0.000096     0.000096  flashggTagSorter
TimeReport   0.000099     0.000280     0.000280  flashggUnpackedJets
TimeReport   0.000011     0.000031     0.000031  flashggVBFMVA
TimeReport   0.000071     0.000200     0.000200  flashggVHMetTag
TimeReport   0.000007     0.000019     0.000019  flashggVHhadMVA
TimeReport   0.000010     0.000027     0.000027  flashggWHLeptonicTag
TimeReport   0.000008     0.000021     0.000021  flashggZHLeptonicTag
TimeReport   0.000002     0.000002     0.000002  p
TimeReport   0.000162     0.000459     0.000459  tagsDumper
TimeReport  per event     per exec    per visit  Name

T---Report end!


=============================================

MessageLogger Summary

 type     category        sev    module        subroutine        count    total
 ---- -------------------- -- ---------------- ----------------  -----    -----
    1 XrdAdaptor           -w file_open                              1        1
    2 fileAction           -s file_close                             1        1
    3 fileAction           -s file_open                              2        2

 type    category    Examples: run/evt        run/evt          run/evt
 ---- -------------------- ---------------- ---------------- ----------------
    1 XrdAdaptor           pre-events                        
    2 fileAction           PostGlobalEndRun                  
    3 fileAction           pre-events       pre-events       

Severity    # Occurrences   Total Occurrences
--------    -------------   -----------------
Warning                 1                   1
System                  3                   3

dropped waiting message count 0
