mkdir: cannot create directory '/afs/cern.ch/user/x/xisu/private/local/Analysis_workspace/VH_AC_tmp1/flashgg_d2/CMSSW_10_6_29/src/flashgg/VHAC_Analysis_Met/UL_17/UL17_zh125': File exists
/cvmfs/cms.cern.ch/slc7_amd64_gcc700/external/py2-requests/2.21.0-pafccj2/lib/python2.7/site-packages/requests/__init__.py:91: RequestsDependencyWarning: urllib3 (1.25.2) or chardet (3.0.4) doesn't match a supported version!
  RequestsDependencyWarning)
07-Feb-2023 05:22:52 CET  Initiating request to open file root://cms-xrd-global.cern.ch//store/user/alesauva/flashgg/UL2017_3/10_6_4/VHToGG_M125_TuneCP5_13TeV-amcatnloFXFX-madspin-pythia8/UL2017_3-10_6_4-v0-RunIISummer19UL17MiniAOD-106X_mc2017_realistic_v6-v1/200718_083214/0000/myMicroAODOutputFile_2.root
[2023-02-07 05:23:38.970333 +0100][Error  ][AsyncSock         ] [xrootd.ba.infn.it:1094 #0.0] Socket error while handshaking: [ERROR] Socket timeout
[2023-02-07 05:23:38.970539 +0100][Error  ][PostMaster        ] [xrootd.ba.infn.it:1094 #0] elapsed = 45, pConnectionWindow = 31 seconds.
[2023-02-07 05:24:24.221453 +0100][Error  ][AsyncSock         ] [xrootd.ba.infn.it:1094 #0.0] Socket error while handshaking: [ERROR] Socket timeout
[2023-02-07 05:24:24.221609 +0100][Error  ][PostMaster        ] [xrootd.ba.infn.it:1094 #0] elapsed = 46, pConnectionWindow = 31 seconds.
[2023-02-07 05:24:24.221655 +0100][Error  ][PostMaster        ] [xrootd.ba.infn.it:1094 #0] Unable to recover: [ERROR] Socket timeout.
[2023-02-07 05:24:24.221679 +0100][Error  ][XRootD            ] [xrootd.ba.infn.it:1094] Impossible to send message kXR_open (file: /store/user/alesauva/flashgg/UL2017_3/10_6_4/VHToGG_M125_TuneCP5_13TeV-amcatnloFXFX-madspin-pythia8/UL2017_3-10_6_4-v0-RunIISummer19UL17MiniAOD-106X_mc2017_realistic_v6-v1/200718_083214/0000/myMicroAODOutputFile_2.root, mode: 0660, flags: kXR_open_read kXR_async kXR_retstat ). Trying to recover.
%MSG-w XrdAdaptor:  file_open 07-Feb-2023 05:24:26 CET pre-events
Data is served from GRIF-IRFU instead of original site CERN-CMSGLOBAL-02
%MSG
07-Feb-2023 05:24:28 CET  Successfully opened file root://cms-xrd-global.cern.ch//store/user/alesauva/flashgg/UL2017_3/10_6_4/VHToGG_M125_TuneCP5_13TeV-amcatnloFXFX-madspin-pythia8/UL2017_3-10_6_4-v0-RunIISummer19UL17MiniAOD-106X_mc2017_realistic_v6-v1/200718_083214/0000/myMicroAODOutputFile_2.root
2023-02-07 05:41:24.917027: I tensorflow/core/platform/cpu_feature_guard.cc:140] Your CPU supports instructions that this TensorFlow binary was not compiled to use: SSE4.1 SSE4.2 AVX AVX2 FMA
Begin processing the 1st record. Run 1, Event 549, LumiSection 3 on stream 0 at 07-Feb-2023 05:43:01.613 CET
[2023-02-07 05:43:44.844628 +0100][Error  ][AsyncSock         ] [xrootd.ba.infn.it:1094 #0.0] Socket error while handshaking: [ERROR] Socket timeout
[2023-02-07 05:43:44.844828 +0100][Error  ][PostMaster        ] [xrootd.ba.infn.it:1094 #0] elapsed = 45, pConnectionWindow = 31 seconds.
[2023-02-07 05:44:29.143480 +0100][Error  ][AsyncSock         ] [xrootd.ba.infn.it:1094 #0.0] Socket error while handshaking: [ERROR] Socket timeout
[2023-02-07 05:44:29.143605 +0100][Error  ][PostMaster        ] [xrootd.ba.infn.it:1094 #0] elapsed = 45, pConnectionWindow = 31 seconds.
[2023-02-07 05:44:29.143629 +0100][Error  ][PostMaster        ] [xrootd.ba.infn.it:1094 #0] Unable to recover: [ERROR] Socket timeout.
[2023-02-07 05:44:29.143660 +0100][Error  ][XRootD            ] [xrootd.ba.infn.it:1094] Impossible to send message kXR_open (file: /store/user/alesauva/flashgg/UL2017_3/10_6_4/VHToGG_M125_TuneCP5_13TeV-amcatnloFXFX-madspin-pythia8/UL2017_3-10_6_4-v0-RunIISummer19UL17MiniAOD-106X_mc2017_realistic_v6-v1/200718_083214/0000/myMicroAODOutputFile_2.root?tried=stor90.datagrid.cea.fr, mode: 0660, flags: kXR_open_read kXR_async kXR_retstat ). Trying to recover.
Begin processing the 1001st record. Run 1, Event 696399, LumiSection 2580 on stream 0 at 07-Feb-2023 05:48:37.635 CET
Begin processing the 2001st record. Run 1, Event 729486, LumiSection 2702 on stream 0 at 07-Feb-2023 05:50:01.749 CET
Begin processing the 3001st record. Run 1, Event 735747, LumiSection 2725 on stream 0 at 07-Feb-2023 05:51:33.498 CET
Begin processing the 4001st record. Run 1, Event 755604, LumiSection 2799 on stream 0 at 07-Feb-2023 05:52:48.860 CET
[2023-02-07 05:53:28.195476 +0100][Error  ][AsyncSock         ] [xrootd.ba.infn.it:1094 #0.0] Socket error while handshaking: [ERROR] Socket timeout
[2023-02-07 05:53:28.195641 +0100][Error  ][PostMaster        ] [xrootd.ba.infn.it:1094 #0] elapsed = 45, pConnectionWindow = 31 seconds.
[2023-02-07 05:54:13.776468 +0100][Error  ][AsyncSock         ] [xrootd.ba.infn.it:1094 #0.0] Socket error while handshaking: [ERROR] Socket timeout
[2023-02-07 05:54:13.776646 +0100][Error  ][PostMaster        ] [xrootd.ba.infn.it:1094 #0] elapsed = 45, pConnectionWindow = 31 seconds.
[2023-02-07 05:54:13.776670 +0100][Error  ][PostMaster        ] [xrootd.ba.infn.it:1094 #0] Unable to recover: [ERROR] Socket timeout.
[2023-02-07 05:54:13.776692 +0100][Error  ][XRootD            ] [xrootd.ba.infn.it:1094] Impossible to send message kXR_open (file: /store/user/alesauva/flashgg/UL2017_3/10_6_4/VHToGG_M125_TuneCP5_13TeV-amcatnloFXFX-madspin-pythia8/UL2017_3-10_6_4-v0-RunIISummer19UL17MiniAOD-106X_mc2017_realistic_v6-v1/200718_083214/0000/myMicroAODOutputFile_2.root?tried=stor90.datagrid.cea.fr, mode: 0660, flags: kXR_open_read kXR_async kXR_retstat ). Trying to recover.
Begin processing the 5001st record. Run 1, Event 759070, LumiSection 2812 on stream 0 at 07-Feb-2023 05:54:13.978 CET
Begin processing the 6001st record. Run 1, Event 208329, LumiSection 772 on stream 0 at 07-Feb-2023 05:55:42.153 CET
Begin processing the 7001st record. Run 1, Event 162682, LumiSection 603 on stream 0 at 07-Feb-2023 05:57:03.398 CET
Begin processing the 8001st record. Run 1, Event 165441, LumiSection 613 on stream 0 at 07-Feb-2023 05:58:28.263 CET
[2023-02-07 05:59:08.007487 +0100][Error  ][AsyncSock         ] [xrootd.ba.infn.it:1094 #0.0] Socket error while handshaking: [ERROR] Socket timeout
[2023-02-07 05:59:08.007638 +0100][Error  ][PostMaster        ] [xrootd.ba.infn.it:1094 #0] elapsed = 46, pConnectionWindow = 31 seconds.
Begin processing the 9001st record. Run 1, Event 168356, LumiSection 624 on stream 0 at 07-Feb-2023 05:59:48.450 CET
[2023-02-07 05:59:53.246541 +0100][Error  ][AsyncSock         ] [xrootd.ba.infn.it:1094 #0.0] Socket error while handshaking: [ERROR] Socket timeout
[2023-02-07 05:59:53.246715 +0100][Error  ][PostMaster        ] [xrootd.ba.infn.it:1094 #0] elapsed = 45, pConnectionWindow = 31 seconds.
[2023-02-07 05:59:53.246741 +0100][Error  ][PostMaster        ] [xrootd.ba.infn.it:1094 #0] Unable to recover: [ERROR] Socket timeout.
[2023-02-07 05:59:53.246758 +0100][Error  ][XRootD            ] [xrootd.ba.infn.it:1094] Impossible to send message kXR_open (file: /store/user/alesauva/flashgg/UL2017_3/10_6_4/VHToGG_M125_TuneCP5_13TeV-amcatnloFXFX-madspin-pythia8/UL2017_3-10_6_4-v0-RunIISummer19UL17MiniAOD-106X_mc2017_realistic_v6-v1/200718_083214/0000/myMicroAODOutputFile_2.root?tried=stor90.datagrid.cea.fr, mode: 0660, flags: kXR_open_read kXR_async kXR_retstat ). Trying to recover.
Begin processing the 10001st record. Run 1, Event 211759, LumiSection 785 on stream 0 at 07-Feb-2023 06:01:05.276 CET
Begin processing the 11001st record. Run 1, Event 189881, LumiSection 704 on stream 0 at 07-Feb-2023 06:02:25.198 CET
Begin processing the 12001st record. Run 1, Event 139180, LumiSection 516 on stream 0 at 07-Feb-2023 06:03:48.658 CET
[2023-02-07 06:04:24.625471 +0100][Error  ][AsyncSock         ] [xrootd.ba.infn.it:1094 #0.0] Socket error while handshaking: [ERROR] Socket timeout
[2023-02-07 06:04:24.625671 +0100][Error  ][PostMaster        ] [xrootd.ba.infn.it:1094 #0] elapsed = 45, pConnectionWindow = 31 seconds.
[2023-02-07 06:05:09.312473 +0100][Error  ][AsyncSock         ] [xrootd.ba.infn.it:1094 #0.0] Socket error while handshaking: [ERROR] Socket timeout
[2023-02-07 06:05:09.312654 +0100][Error  ][PostMaster        ] [xrootd.ba.infn.it:1094 #0] elapsed = 45, pConnectionWindow = 31 seconds.
[2023-02-07 06:05:09.312677 +0100][Error  ][PostMaster        ] [xrootd.ba.infn.it:1094 #0] Unable to recover: [ERROR] Socket timeout.
[2023-02-07 06:05:09.312714 +0100][Error  ][XRootD            ] [xrootd.ba.infn.it:1094] Impossible to send message kXR_open (file: /store/user/alesauva/flashgg/UL2017_3/10_6_4/VHToGG_M125_TuneCP5_13TeV-amcatnloFXFX-madspin-pythia8/UL2017_3-10_6_4-v0-RunIISummer19UL17MiniAOD-106X_mc2017_realistic_v6-v1/200718_083214/0000/myMicroAODOutputFile_2.root?tried=stor90.datagrid.cea.fr, mode: 0660, flags: kXR_open_read kXR_async kXR_retstat ). Trying to recover.
Begin processing the 13001st record. Run 1, Event 152232, LumiSection 564 on stream 0 at 07-Feb-2023 06:05:10.420 CET
Begin processing the 14001st record. Run 1, Event 741194, LumiSection 2746 on stream 0 at 07-Feb-2023 06:06:43.828 CET
Begin processing the 15001st record. Run 1, Event 744597, LumiSection 2758 on stream 0 at 07-Feb-2023 06:08:13.478 CET
Begin processing the 16001st record. Run 1, Event 116987, LumiSection 434 on stream 0 at 07-Feb-2023 06:09:26.755 CET
[2023-02-07 06:09:57.698506 +0100][Error  ][AsyncSock         ] [xrootd.ba.infn.it:1094 #0.0] Socket error while handshaking: [ERROR] Socket timeout
[2023-02-07 06:09:57.698679 +0100][Error  ][PostMaster        ] [xrootd.ba.infn.it:1094 #0] elapsed = 45, pConnectionWindow = 31 seconds.
[2023-02-07 06:10:42.606557 +0100][Error  ][AsyncSock         ] [xrootd.ba.infn.it:1094 #0.0] Socket error while handshaking: [ERROR] Socket timeout
[2023-02-07 06:10:42.606735 +0100][Error  ][PostMaster        ] [xrootd.ba.infn.it:1094 #0] elapsed = 45, pConnectionWindow = 31 seconds.
[2023-02-07 06:10:42.606757 +0100][Error  ][PostMaster        ] [xrootd.ba.infn.it:1094 #0] Unable to recover: [ERROR] Socket timeout.
[2023-02-07 06:10:42.606770 +0100][Error  ][XRootD            ] [xrootd.ba.infn.it:1094] Impossible to send message kXR_open (file: /store/user/alesauva/flashgg/UL2017_3/10_6_4/VHToGG_M125_TuneCP5_13TeV-amcatnloFXFX-madspin-pythia8/UL2017_3-10_6_4-v0-RunIISummer19UL17MiniAOD-106X_mc2017_realistic_v6-v1/200718_083214/0000/myMicroAODOutputFile_2.root?tried=stor90.datagrid.cea.fr, mode: 0660, flags: kXR_open_read kXR_async kXR_retstat ). Trying to recover.
Begin processing the 17001st record. Run 1, Event 754981, LumiSection 2797 on stream 0 at 07-Feb-2023 06:10:43.944 CET
Begin processing the 18001st record. Run 1, Event 216202, LumiSection 801 on stream 0 at 07-Feb-2023 06:12:15.592 CET
Begin processing the 19001st record. Run 1, Event 219464, LumiSection 813 on stream 0 at 07-Feb-2023 06:13:29.641 CET
Begin processing the 20001st record. Run 1, Event 231516, LumiSection 858 on stream 0 at 07-Feb-2023 06:14:50.075 CET
[2023-02-07 06:15:16.329445 +0100][Error  ][AsyncSock         ] [xrootd.ba.infn.it:1094 #0.0] Socket error while handshaking: [ERROR] Socket timeout
[2023-02-07 06:15:16.329624 +0100][Error  ][PostMaster        ] [xrootd.ba.infn.it:1094 #0] elapsed = 46, pConnectionWindow = 31 seconds.
[2023-02-07 06:16:01.160429 +0100][Error  ][AsyncSock         ] [xrootd.ba.infn.it:1094 #0.0] Socket error while handshaking: [ERROR] Socket timeout
[2023-02-07 06:16:01.160587 +0100][Error  ][PostMaster        ] [xrootd.ba.infn.it:1094 #0] elapsed = 45, pConnectionWindow = 31 seconds.
[2023-02-07 06:16:01.160610 +0100][Error  ][PostMaster        ] [xrootd.ba.infn.it:1094 #0] Unable to recover: [ERROR] Socket timeout.
[2023-02-07 06:16:01.160626 +0100][Error  ][XRootD            ] [xrootd.ba.infn.it:1094] Impossible to send message kXR_open (file: /store/user/alesauva/flashgg/UL2017_3/10_6_4/VHToGG_M125_TuneCP5_13TeV-amcatnloFXFX-madspin-pythia8/UL2017_3-10_6_4-v0-RunIISummer19UL17MiniAOD-106X_mc2017_realistic_v6-v1/200718_083214/0000/myMicroAODOutputFile_2.root?tried=stor90.datagrid.cea.fr, mode: 0660, flags: kXR_open_read kXR_async kXR_retstat ). Trying to recover.
Begin processing the 21001st record. Run 1, Event 234328, LumiSection 868 on stream 0 at 07-Feb-2023 06:16:15.257 CET
Begin processing the 22001st record. Run 1, Event 592492, LumiSection 2195 on stream 0 at 07-Feb-2023 06:17:35.144 CET
Begin processing the 23001st record. Run 1, Event 171942, LumiSection 637 on stream 0 at 07-Feb-2023 06:18:57.977 CET
Begin processing the 24001st record. Run 1, Event 702352, LumiSection 2602 on stream 0 at 07-Feb-2023 06:20:15.438 CET
[2023-02-07 06:20:42.782576 +0100][Error  ][AsyncSock         ] [xrootd.ba.infn.it:1094 #0.0] Socket error while handshaking: [ERROR] Socket timeout
[2023-02-07 06:20:42.782757 +0100][Error  ][PostMaster        ] [xrootd.ba.infn.it:1094 #0] elapsed = 45, pConnectionWindow = 31 seconds.
07-Feb-2023 06:21:26 CET  Closed file root://cms-xrd-global.cern.ch//store/user/alesauva/flashgg/UL2017_3/10_6_4/VHToGG_M125_TuneCP5_13TeV-amcatnloFXFX-madspin-pythia8/UL2017_3-10_6_4-v0-RunIISummer19UL17MiniAOD-106X_mc2017_realistic_v6-v1/200718_083214/0000/myMicroAODOutputFile_2.root

TrigReport ---------- Event  Summary ------------
TrigReport Events total = 24991 passed = 9010 failed = 15981

TrigReport ---------- Path   Summary ------------
TrigReport  Trig Bit#   Executed     Passed     Failed      Error Name
TrigReport     1    0      24991       9010      15981          0 p

TrigReport -------End-Path   Summary ------------
TrigReport  Trig Bit#   Executed     Passed     Failed      Error Name

TrigReport ---------- Modules in Path: p ------------
TrigReport  Trig Bit#    Visited     Passed     Failed      Error Name
TrigReport     1    0      24991      24873        118          0 flashggMetFilters
TrigReport     1    1      24873       9010      15863          0 VHFilter
TrigReport     1    2       9010       9010          0          0 flashggDifferentialPhoIdInputsCorrection
TrigReport     1    3       9010       9010          0          0 flashggDiPhotonSystematics
TrigReport     1    4       9010       9010          0          0 flashggMetSystematics
TrigReport     1    5       9010       9010          0          0 flashggMuonSystematics
TrigReport     1    6       9010       9010          0          0 flashggElectronSystematics
TrigReport     1    7       9010       9010          0          0 flashggUnpackedJets
TrigReport     1    8       9010       9010          0          0 flashggJetSystematics0
TrigReport     1    9       9010       9010          0          0 flashggJetSystematics1
TrigReport     1   10       9010       9010          0          0 flashggJetSystematics2
TrigReport     1   11       9010       9010          0          0 flashggJetSystematics3
TrigReport     1   12       9010       9010          0          0 flashggJetSystematics4
TrigReport     1   13       9010       9010          0          0 flashggJetSystematics5
TrigReport     1   14       9010       9010          0          0 flashggJetSystematics6
TrigReport     1   15       9010       9010          0          0 flashggJetSystematics7
TrigReport     1   16       9010       9010          0          0 flashggJetSystematics8
TrigReport     1   17       9010       9010          0          0 flashggJetSystematics9
TrigReport     1   18       9010       9010          0          0 flashggJetSystematics10
TrigReport     1   19       9010       9010          0          0 flashggJetSystematics11
TrigReport     1   20       9010       9010          0          0 flashggPrefireDiPhotons
TrigReport     1   21       9010       9010          0          0 flashggPreselectedDiPhotons
TrigReport     1   22       9010       9010          0          0 flashggDiPhotonMVA
TrigReport     1   23       9010       9010          0          0 flashggVBFMVA
TrigReport     1   24       9010       9010          0          0 flashggVHhadMVA
TrigReport     1   25       9010       9010          0          0 flashggGluGluHMVA
TrigReport     1   26       9010       9010          0          0 flashggStageOneCombinedTag
TrigReport     1   27       9010       9010          0          0 flashggTHQLeptonicTag
TrigReport     1   28       9010       9010          0          0 flashggVHMetTag
TrigReport     1   29       9010       9010          0          0 flashggWHLeptonicTag
TrigReport     1   30       9010       9010          0          0 flashggZHLeptonicTag
TrigReport     1   31       9010       9010          0          0 flashggTTHLeptonicTag
TrigReport     1   32       9010       9010          0          0 flashggTTHHadronicTag
TrigReport     1   33       9010       9010          0          0 flashggTagSorter
TrigReport     1   34       9010       9010          0          0 flashggSystTagMerger
TrigReport     1   35       9010       9010          0          0 tagsDumper

TrigReport ---------- Module Summary ------------
TrigReport    Visited   Executed     Passed     Failed      Error Name
TrigReport      24991      24991      24991          0          0 TriggerResults
TrigReport      24873      24873       9010      15863          0 VHFilter
TrigReport       9010       9010       9010          0          0 ak4PFCHSL1FastL2L3Corrector
TrigReport       9010       9010       9010          0          0 ak4PFCHSL1FastjetCorrector
TrigReport       9010       9010       9010          0          0 ak4PFCHSL2RelativeCorrector
TrigReport       9010       9010       9010          0          0 ak4PFCHSL3AbsoluteCorrector
TrigReport       9010       9010       9010          0          0 flashggDiPhotonMVA
TrigReport       9010       9010       9010          0          0 flashggDiPhotonSystematics
TrigReport       9010       9010       9010          0          0 flashggDifferentialPhoIdInputsCorrection
TrigReport       9010       9010       9010          0          0 flashggElectronSystematics
TrigReport       9010       9010       9010          0          0 flashggGluGluHMVA
TrigReport       9010       9010       9010          0          0 flashggJetSystematics0
TrigReport       9010       9010       9010          0          0 flashggJetSystematics1
TrigReport       9010       9010       9010          0          0 flashggJetSystematics10
TrigReport       9010       9010       9010          0          0 flashggJetSystematics11
TrigReport       9010       9010       9010          0          0 flashggJetSystematics2
TrigReport       9010       9010       9010          0          0 flashggJetSystematics3
TrigReport       9010       9010       9010          0          0 flashggJetSystematics4
TrigReport       9010       9010       9010          0          0 flashggJetSystematics5
TrigReport       9010       9010       9010          0          0 flashggJetSystematics6
TrigReport       9010       9010       9010          0          0 flashggJetSystematics7
TrigReport       9010       9010       9010          0          0 flashggJetSystematics8
TrigReport       9010       9010       9010          0          0 flashggJetSystematics9
TrigReport      24991      24991      24873        118          0 flashggMetFilters
TrigReport       9010       9010       9010          0          0 flashggMetSystematics
TrigReport       9010       9010       9010          0          0 flashggMuonSystematics
TrigReport       9010       9010       9010          0          0 flashggPrefireDiPhotons
TrigReport       9010       9010       9010          0          0 flashggPreselectedDiPhotons
TrigReport       9010       9010       9010          0          0 flashggStageOneCombinedTag
TrigReport       9010       9010       9010          0          0 flashggSystTagMerger
TrigReport       9010       9010       9010          0          0 flashggTHQLeptonicTag
TrigReport       9010       9010       9010          0          0 flashggTTHHadronicTag
TrigReport       9010       9010       9010          0          0 flashggTTHLeptonicTag
TrigReport       9010       9010       9010          0          0 flashggTagSorter
TrigReport       9010       9010       9010          0          0 flashggUnpackedJets
TrigReport       9010       9010       9010          0          0 flashggVBFMVA
TrigReport       9010       9010       9010          0          0 flashggVHMetTag
TrigReport       9010       9010       9010          0          0 flashggVHhadMVA
TrigReport       9010       9010       9010          0          0 flashggWHLeptonicTag
TrigReport       9010       9010       9010          0          0 flashggZHLeptonicTag
TrigReport      24991      24991      24991          0          0 p
TrigReport       9010       9010       9010          0          0 tagsDumper

TimeReport ---------- Event  Summary ---[sec]----
TimeReport       event loop CPU/event = 0.089586
TimeReport      event loop Real/event = 0.092307
TimeReport     sum Streams Real/event = 0.089157
TimeReport efficiency CPU/Real/thread = 0.970523

TimeReport ---------- Path   Summary ---[Real sec]----
TimeReport  per event     per exec  Name
TimeReport   0.088668     0.088668  p
TimeReport  per event     per exec  Name

TimeReport -------End-Path   Summary ---[Real sec]----
TimeReport  per event     per exec  Name
TimeReport  per event     per exec  Name

TimeReport ---------- Modules in Path: p ---[Real sec]----
TimeReport  per event    per visit  Name
TimeReport   0.000022     0.000022  flashggMetFilters
TimeReport   0.000009     0.000009  VHFilter
TimeReport   0.042128     0.116849  flashggDifferentialPhoIdInputsCorrection
TimeReport   0.034266     0.095043  flashggDiPhotonSystematics
TimeReport   0.000125     0.000347  flashggMetSystematics
TimeReport   0.000017     0.000048  flashggMuonSystematics
TimeReport   0.000026     0.000073  flashggElectronSystematics
TimeReport   0.000209     0.000581  flashggUnpackedJets
TimeReport   0.003149     0.008735  flashggJetSystematics0
TimeReport   0.000491     0.001363  flashggJetSystematics1
TimeReport   0.000427     0.001184  flashggJetSystematics2
TimeReport   0.000409     0.001133  flashggJetSystematics3
TimeReport   0.000403     0.001117  flashggJetSystematics4
TimeReport   0.000401     0.001113  flashggJetSystematics5
TimeReport   0.000398     0.001103  flashggJetSystematics6
TimeReport   0.000393     0.001090  flashggJetSystematics7
TimeReport   0.000394     0.001094  flashggJetSystematics8
TimeReport   0.000393     0.001091  flashggJetSystematics9
TimeReport   0.000388     0.001076  flashggJetSystematics10
TimeReport   0.000392     0.001088  flashggJetSystematics11
TimeReport   0.000260     0.000722  flashggPrefireDiPhotons
TimeReport   0.000070     0.000195  flashggPreselectedDiPhotons
TimeReport   0.000015     0.000041  flashggDiPhotonMVA
TimeReport   0.000017     0.000047  flashggVBFMVA
TimeReport   0.000010     0.000028  flashggVHhadMVA
TimeReport   0.000028     0.000077  flashggGluGluHMVA
TimeReport   0.000018     0.000049  flashggStageOneCombinedTag
TimeReport   0.000476     0.001320  flashggTHQLeptonicTag
TimeReport   0.000087     0.000241  flashggVHMetTag
TimeReport   0.000016     0.000044  flashggWHLeptonicTag
TimeReport   0.000013     0.000035  flashggZHLeptonicTag
TimeReport   0.000086     0.000239  flashggTTHLeptonicTag
TimeReport   0.001047     0.002904  flashggTTHHadronicTag
TimeReport   0.000050     0.000140  flashggTagSorter
TimeReport   0.000002     0.000007  flashggSystTagMerger
TimeReport   0.000237     0.000658  tagsDumper
TimeReport  per event    per visit  Name

TimeReport ---------- Module Summary ---[Real sec]----
TimeReport  per event     per exec    per visit  Name
TimeReport   0.000004     0.000004     0.000004  TriggerResults
TimeReport   0.000009     0.000009     0.000009  VHFilter
TimeReport   0.000002     0.000005     0.000005  ak4PFCHSL1FastL2L3Corrector
TimeReport   0.000002     0.000006     0.000006  ak4PFCHSL1FastjetCorrector
TimeReport   0.000001     0.000003     0.000003  ak4PFCHSL2RelativeCorrector
TimeReport   0.000005     0.000014     0.000014  ak4PFCHSL3AbsoluteCorrector
TimeReport   0.000015     0.000041     0.000041  flashggDiPhotonMVA
TimeReport   0.034266     0.095043     0.095043  flashggDiPhotonSystematics
TimeReport   0.042128     0.116849     0.116849  flashggDifferentialPhoIdInputsCorrection
TimeReport   0.000026     0.000073     0.000073  flashggElectronSystematics
TimeReport   0.000028     0.000077     0.000077  flashggGluGluHMVA
TimeReport   0.003149     0.008735     0.008735  flashggJetSystematics0
TimeReport   0.000491     0.001363     0.001363  flashggJetSystematics1
TimeReport   0.000388     0.001076     0.001076  flashggJetSystematics10
TimeReport   0.000392     0.001088     0.001088  flashggJetSystematics11
TimeReport   0.000427     0.001184     0.001184  flashggJetSystematics2
TimeReport   0.000409     0.001133     0.001133  flashggJetSystematics3
TimeReport   0.000403     0.001117     0.001117  flashggJetSystematics4
TimeReport   0.000401     0.001113     0.001113  flashggJetSystematics5
TimeReport   0.000398     0.001103     0.001103  flashggJetSystematics6
TimeReport   0.000393     0.001090     0.001090  flashggJetSystematics7
TimeReport   0.000394     0.001094     0.001094  flashggJetSystematics8
TimeReport   0.000393     0.001091     0.001091  flashggJetSystematics9
TimeReport   0.000022     0.000022     0.000022  flashggMetFilters
TimeReport   0.000125     0.000347     0.000347  flashggMetSystematics
TimeReport   0.000017     0.000048     0.000048  flashggMuonSystematics
TimeReport   0.000260     0.000722     0.000722  flashggPrefireDiPhotons
TimeReport   0.000070     0.000195     0.000195  flashggPreselectedDiPhotons
TimeReport   0.000018     0.000049     0.000049  flashggStageOneCombinedTag
TimeReport   0.000002     0.000007     0.000007  flashggSystTagMerger
TimeReport   0.000476     0.001320     0.001320  flashggTHQLeptonicTag
TimeReport   0.001047     0.002904     0.002904  flashggTTHHadronicTag
TimeReport   0.000086     0.000239     0.000239  flashggTTHLeptonicTag
TimeReport   0.000050     0.000140     0.000140  flashggTagSorter
TimeReport   0.000209     0.000581     0.000581  flashggUnpackedJets
TimeReport   0.000017     0.000047     0.000047  flashggVBFMVA
TimeReport   0.000087     0.000241     0.000241  flashggVHMetTag
TimeReport   0.000010     0.000028     0.000028  flashggVHhadMVA
TimeReport   0.000016     0.000044     0.000044  flashggWHLeptonicTag
TimeReport   0.000013     0.000035     0.000035  flashggZHLeptonicTag
TimeReport   0.000004     0.000004     0.000004  p
TimeReport   0.000237     0.000658     0.000658  tagsDumper
TimeReport  per event     per exec    per visit  Name

T---Report end!


=============================================

MessageLogger Summary

 type     category        sev    module        subroutine        count    total
 ---- -------------------- -- ---------------- ----------------  -----    -----
    1 XrdAdaptor           -w file_open                              1        1
    2 fileAction           -s file_close                             1        1
    3 fileAction           -s file_open                              2        2

 type    category    Examples: run/evt        run/evt          run/evt
 ---- -------------------- ---------------- ---------------- ----------------
    1 XrdAdaptor           pre-events                        
    2 fileAction           PostGlobalEndRun                  
    3 fileAction           pre-events       pre-events       

Severity    # Occurrences   Total Occurrences
--------    -------------   -----------------
Warning                 1                   1
System                  3                   3

dropped waiting message count 0
[2023-02-07 06:21:27.482500 +0100][Error  ][AsyncSock         ] [xrootd.ba.infn.it:1094 #0.0] Socket error while handshaking: [ERROR] Socket timeout
[2023-02-07 06:21:27.482649 +0100][Error  ][PostMaster        ] [xrootd.ba.infn.it:1094 #0] elapsed = 45, pConnectionWindow = 31 seconds.
[2023-02-07 06:21:27.482671 +0100][Error  ][PostMaster        ] [xrootd.ba.infn.it:1094 #0] Unable to recover: [ERROR] Socket timeout.
[2023-02-07 06:21:27.482685 +0100][Error  ][XRootD            ] [xrootd.ba.infn.it:1094] Impossible to send message kXR_open (file: /store/user/alesauva/flashgg/UL2017_3/10_6_4/VHToGG_M125_TuneCP5_13TeV-amcatnloFXFX-madspin-pythia8/UL2017_3-10_6_4-v0-RunIISummer19UL17MiniAOD-106X_mc2017_realistic_v6-v1/200718_083214/0000/myMicroAODOutputFile_2.root?tried=+1213llrxrd-redir.in2p3.fr,+1413xrootd-redic.pi.infn.it,stor90.datagrid.cea.fr,node12.datagrid.cea.fr,llrxrd-redir.in2p3.fr&triedrc=enoent, mode: 0660, flags: kXR_open_read kXR_async kXR_retstat ). Trying to recover.
