mkdir: cannot create directory '/afs/cern.ch/user/x/xisu/private/local/Analysis_workspace/VH_AC_tmp1/flashgg_d2/CMSSW_10_6_29/src/flashgg/VHAC_Analysis_Met/UL_17/UL17_zh125': File exists
/cvmfs/cms.cern.ch/slc7_amd64_gcc700/external/py2-requests/2.21.0-pafccj2/lib/python2.7/site-packages/requests/__init__.py:91: RequestsDependencyWarning: urllib3 (1.25.2) or chardet (3.0.4) doesn't match a supported version!
  RequestsDependencyWarning)
07-Feb-2023 05:23:55 CET  Initiating request to open file root://cms-xrd-global.cern.ch//store/user/alesauva/flashgg/UL2017_3/10_6_4/VHToGG_M125_TuneCP5_13TeV-amcatnloFXFX-madspin-pythia8/UL2017_3-10_6_4-v0-RunIISummer19UL17MiniAOD-106X_mc2017_realistic_v6-v1/200718_083214/0000/myMicroAODOutputFile_6.root
[2023-02-07 05:24:41.683157 +0100][Error  ][AsyncSock         ] [xrootd.ba.infn.it:1094 #0.0] Socket error while handshaking: [ERROR] Socket timeout
[2023-02-07 05:24:41.683410 +0100][Error  ][PostMaster        ] [xrootd.ba.infn.it:1094 #0] elapsed = 45, pConnectionWindow = 31 seconds.
[2023-02-07 05:25:26.933289 +0100][Error  ][AsyncSock         ] [xrootd.ba.infn.it:1094 #0.0] Socket error while handshaking: [ERROR] Socket timeout
[2023-02-07 05:25:26.933460 +0100][Error  ][PostMaster        ] [xrootd.ba.infn.it:1094 #0] elapsed = 45, pConnectionWindow = 31 seconds.
[2023-02-07 05:25:26.933508 +0100][Error  ][PostMaster        ] [xrootd.ba.infn.it:1094 #0] Unable to recover: [ERROR] Socket timeout.
[2023-02-07 05:25:26.933537 +0100][Error  ][XRootD            ] [xrootd.ba.infn.it:1094] Impossible to send message kXR_open (file: /store/user/alesauva/flashgg/UL2017_3/10_6_4/VHToGG_M125_TuneCP5_13TeV-amcatnloFXFX-madspin-pythia8/UL2017_3-10_6_4-v0-RunIISummer19UL17MiniAOD-106X_mc2017_realistic_v6-v1/200718_083214/0000/myMicroAODOutputFile_6.root, mode: 0660, flags: kXR_open_read kXR_async kXR_retstat ). Trying to recover.
%MSG-w XrdAdaptor:  file_open 07-Feb-2023 05:25:33 CET pre-events
Data is served from GRIF-IRFU instead of original site CERN-CMSGLOBAL-02
%MSG
07-Feb-2023 05:25:35 CET  Successfully opened file root://cms-xrd-global.cern.ch//store/user/alesauva/flashgg/UL2017_3/10_6_4/VHToGG_M125_TuneCP5_13TeV-amcatnloFXFX-madspin-pythia8/UL2017_3-10_6_4-v0-RunIISummer19UL17MiniAOD-106X_mc2017_realistic_v6-v1/200718_083214/0000/myMicroAODOutputFile_6.root
2023-02-07 05:42:05.780655: I tensorflow/core/platform/cpu_feature_guard.cc:140] Your CPU supports instructions that this TensorFlow binary was not compiled to use: SSE4.1 SSE4.2 AVX AVX2 FMA
Begin processing the 1st record. Run 1, Event 39160, LumiSection 146 on stream 0 at 07-Feb-2023 05:44:07.019 CET
[2023-02-07 05:44:51.236183 +0100][Error  ][AsyncSock         ] [xrootd.ba.infn.it:1094 #0.0] Socket error while handshaking: [ERROR] Socket timeout
[2023-02-07 05:44:51.236310 +0100][Error  ][PostMaster        ] [xrootd.ba.infn.it:1094 #0] elapsed = 45, pConnectionWindow = 31 seconds.
[2023-02-07 05:45:36.492429 +0100][Error  ][AsyncSock         ] [xrootd.ba.infn.it:1094 #0.0] Socket error while handshaking: [ERROR] Socket timeout
[2023-02-07 05:45:36.492605 +0100][Error  ][PostMaster        ] [xrootd.ba.infn.it:1094 #0] elapsed = 45, pConnectionWindow = 31 seconds.
[2023-02-07 05:45:36.492640 +0100][Error  ][PostMaster        ] [xrootd.ba.infn.it:1094 #0] Unable to recover: [ERROR] Socket timeout.
[2023-02-07 05:45:36.492669 +0100][Error  ][XRootD            ] [xrootd.ba.infn.it:1094] Impossible to send message kXR_open (file: /store/user/alesauva/flashgg/UL2017_3/10_6_4/VHToGG_M125_TuneCP5_13TeV-amcatnloFXFX-madspin-pythia8/UL2017_3-10_6_4-v0-RunIISummer19UL17MiniAOD-106X_mc2017_realistic_v6-v1/200718_083214/0000/myMicroAODOutputFile_6.root?tried=stor97.datagrid.cea.fr, mode: 0660, flags: kXR_open_read kXR_async kXR_retstat ). Trying to recover.
[2023-02-07 05:46:22.208201 +0100][Error  ][AsyncSock         ] [xrootd-cms.infn.it:1094 #0.0] Socket error while handshaking: [ERROR] Socket timeout
[2023-02-07 05:46:22.208396 +0100][Error  ][PostMaster        ] [xrootd-cms.infn.it:1094 #0] elapsed = 46, pConnectionWindow = 31 seconds.
[2023-02-07 05:49:39.468147 +0100][Error  ][AsyncSock         ] [xrootd.ba.infn.it:1094 #0.0] Socket error while handshaking: [ERROR] Socket timeout
[2023-02-07 05:49:39.468350 +0100][Error  ][PostMaster        ] [xrootd.ba.infn.it:1094 #0] elapsed = 45, pConnectionWindow = 31 seconds.
[2023-02-07 05:50:24.734180 +0100][Error  ][AsyncSock         ] [xrootd.ba.infn.it:1094 #0.0] Socket error while handshaking: [ERROR] Socket timeout
[2023-02-07 05:50:24.734355 +0100][Error  ][PostMaster        ] [xrootd.ba.infn.it:1094 #0] elapsed = 45, pConnectionWindow = 31 seconds.
[2023-02-07 05:50:24.734378 +0100][Error  ][PostMaster        ] [xrootd.ba.infn.it:1094 #0] Unable to recover: [ERROR] Socket timeout.
[2023-02-07 05:50:24.734400 +0100][Error  ][XRootD            ] [xrootd.ba.infn.it:1094] Impossible to send message kXR_open (file: /store/user/alesauva/flashgg/UL2017_3/10_6_4/VHToGG_M125_TuneCP5_13TeV-amcatnloFXFX-madspin-pythia8/UL2017_3-10_6_4-v0-RunIISummer19UL17MiniAOD-106X_mc2017_realistic_v6-v1/200718_083214/0000/myMicroAODOutputFile_6.root?tried=stor97.datagrid.cea.fr, mode: 0660, flags: kXR_open_read kXR_async kXR_retstat ). Trying to recover.
Begin processing the 1001st record. Run 1, Event 300125, LumiSection 1112 on stream 0 at 07-Feb-2023 05:50:32.657 CET
Begin processing the 2001st record. Run 1, Event 311076, LumiSection 1153 on stream 0 at 07-Feb-2023 05:51:40.672 CET
Begin processing the 3001st record. Run 1, Event 313745, LumiSection 1163 on stream 0 at 07-Feb-2023 05:52:53.882 CET
Begin processing the 4001st record. Run 1, Event 316832, LumiSection 1174 on stream 0 at 07-Feb-2023 05:54:26.130 CET
[2023-02-07 05:55:02.345125 +0100][Error  ][AsyncSock         ] [xrootd.ba.infn.it:1094 #0.0] Socket error while handshaking: [ERROR] Socket timeout
[2023-02-07 05:55:02.345323 +0100][Error  ][PostMaster        ] [xrootd.ba.infn.it:1094 #0] elapsed = 45, pConnectionWindow = 31 seconds.
[2023-02-07 05:55:47.993122 +0100][Error  ][AsyncSock         ] [xrootd.ba.infn.it:1094 #0.0] Socket error while handshaking: [ERROR] Socket timeout
[2023-02-07 05:55:47.993320 +0100][Error  ][PostMaster        ] [xrootd.ba.infn.it:1094 #0] elapsed = 45, pConnectionWindow = 31 seconds.
[2023-02-07 05:55:47.993343 +0100][Error  ][PostMaster        ] [xrootd.ba.infn.it:1094 #0] Unable to recover: [ERROR] Socket timeout.
[2023-02-07 05:55:47.993358 +0100][Error  ][XRootD            ] [xrootd.ba.infn.it:1094] Impossible to send message kXR_open (file: /store/user/alesauva/flashgg/UL2017_3/10_6_4/VHToGG_M125_TuneCP5_13TeV-amcatnloFXFX-madspin-pythia8/UL2017_3-10_6_4-v0-RunIISummer19UL17MiniAOD-106X_mc2017_realistic_v6-v1/200718_083214/0000/myMicroAODOutputFile_6.root?tried=stor97.datagrid.cea.fr, mode: 0660, flags: kXR_open_read kXR_async kXR_retstat ). Trying to recover.
Begin processing the 5001st record. Run 1, Event 1232881, LumiSection 4567 on stream 0 at 07-Feb-2023 05:55:52.099 CET
Begin processing the 6001st record. Run 1, Event 280239, LumiSection 1038 on stream 0 at 07-Feb-2023 05:57:18.418 CET
Begin processing the 7001st record. Run 1, Event 283026, LumiSection 1049 on stream 0 at 07-Feb-2023 05:58:36.174 CET
Begin processing the 8001st record. Run 1, Event 285837, LumiSection 1059 on stream 0 at 07-Feb-2023 06:00:03.471 CET
[2023-02-07 06:00:26.790206 +0100][Error  ][AsyncSock         ] [xrootd.ba.infn.it:1094 #0.0] Socket error while handshaking: [ERROR] Socket timeout
[2023-02-07 06:00:26.790401 +0100][Error  ][PostMaster        ] [xrootd.ba.infn.it:1094 #0] elapsed = 45, pConnectionWindow = 31 seconds.
[2023-02-07 06:01:11.688112 +0100][Error  ][AsyncSock         ] [xrootd.ba.infn.it:1094 #0.0] Socket error while handshaking: [ERROR] Socket timeout
[2023-02-07 06:01:11.688280 +0100][Error  ][PostMaster        ] [xrootd.ba.infn.it:1094 #0] elapsed = 45, pConnectionWindow = 31 seconds.
[2023-02-07 06:01:11.688309 +0100][Error  ][PostMaster        ] [xrootd.ba.infn.it:1094 #0] Unable to recover: [ERROR] Socket timeout.
[2023-02-07 06:01:11.688332 +0100][Error  ][XRootD            ] [xrootd.ba.infn.it:1094] Impossible to send message kXR_open (file: /store/user/alesauva/flashgg/UL2017_3/10_6_4/VHToGG_M125_TuneCP5_13TeV-amcatnloFXFX-madspin-pythia8/UL2017_3-10_6_4-v0-RunIISummer19UL17MiniAOD-106X_mc2017_realistic_v6-v1/200718_083214/0000/myMicroAODOutputFile_6.root?tried=stor97.datagrid.cea.fr, mode: 0660, flags: kXR_open_read kXR_async kXR_retstat ). Trying to recover.
Begin processing the 9001st record. Run 1, Event 288817, LumiSection 1070 on stream 0 at 07-Feb-2023 06:01:22.338 CET
Begin processing the 10001st record. Run 1, Event 254679, LumiSection 944 on stream 0 at 07-Feb-2023 06:02:34.578 CET
Begin processing the 11001st record. Run 1, Event 751570, LumiSection 2784 on stream 0 at 07-Feb-2023 06:03:46.728 CET
Begin processing the 12001st record. Run 1, Event 268371, LumiSection 994 on stream 0 at 07-Feb-2023 06:05:16.741 CET
[2023-02-07 06:05:26.906166 +0100][Error  ][AsyncSock         ] [xrootd.ba.infn.it:1094 #0.0] Socket error while handshaking: [ERROR] Socket timeout
[2023-02-07 06:05:26.906408 +0100][Error  ][PostMaster        ] [xrootd.ba.infn.it:1094 #0] elapsed = 45, pConnectionWindow = 31 seconds.
[2023-02-07 06:06:11.204164 +0100][Error  ][AsyncSock         ] [xrootd.ba.infn.it:1094 #0.0] Socket error while handshaking: [ERROR] Socket timeout
[2023-02-07 06:06:11.204322 +0100][Error  ][PostMaster        ] [xrootd.ba.infn.it:1094 #0] elapsed = 45, pConnectionWindow = 31 seconds.
[2023-02-07 06:06:11.204347 +0100][Error  ][PostMaster        ] [xrootd.ba.infn.it:1094 #0] Unable to recover: [ERROR] Socket timeout.
[2023-02-07 06:06:11.204364 +0100][Error  ][XRootD            ] [xrootd.ba.infn.it:1094] Impossible to send message kXR_open (file: /store/user/alesauva/flashgg/UL2017_3/10_6_4/VHToGG_M125_TuneCP5_13TeV-amcatnloFXFX-madspin-pythia8/UL2017_3-10_6_4-v0-RunIISummer19UL17MiniAOD-106X_mc2017_realistic_v6-v1/200718_083214/0000/myMicroAODOutputFile_6.root?tried=stor97.datagrid.cea.fr, mode: 0660, flags: kXR_open_read kXR_async kXR_retstat ). Trying to recover.
Begin processing the 13001st record. Run 1, Event 271208, LumiSection 1005 on stream 0 at 07-Feb-2023 06:06:35.517 CET
Begin processing the 14001st record. Run 1, Event 273957, LumiSection 1015 on stream 0 at 07-Feb-2023 06:07:54.349 CET
Begin processing the 15001st record. Run 1, Event 1298926, LumiSection 4811 on stream 0 at 07-Feb-2023 06:09:14.211 CET
Begin processing the 16001st record. Run 1, Event 257410, LumiSection 954 on stream 0 at 07-Feb-2023 06:10:39.196 CET
[2023-02-07 06:10:46.811167 +0100][Error  ][AsyncSock         ] [xrootd.ba.infn.it:1094 #0.0] Socket error while handshaking: [ERROR] Socket timeout
[2023-02-07 06:10:46.811381 +0100][Error  ][PostMaster        ] [xrootd.ba.infn.it:1094 #0] elapsed = 45, pConnectionWindow = 31 seconds.
[2023-02-07 06:11:31.335121 +0100][Error  ][AsyncSock         ] [xrootd.ba.infn.it:1094 #0.0] Socket error while handshaking: [ERROR] Socket timeout
[2023-02-07 06:11:31.335276 +0100][Error  ][PostMaster        ] [xrootd.ba.infn.it:1094 #0] elapsed = 45, pConnectionWindow = 31 seconds.
[2023-02-07 06:11:31.335299 +0100][Error  ][PostMaster        ] [xrootd.ba.infn.it:1094 #0] Unable to recover: [ERROR] Socket timeout.
[2023-02-07 06:11:31.335313 +0100][Error  ][XRootD            ] [xrootd.ba.infn.it:1094] Impossible to send message kXR_open (file: /store/user/alesauva/flashgg/UL2017_3/10_6_4/VHToGG_M125_TuneCP5_13TeV-amcatnloFXFX-madspin-pythia8/UL2017_3-10_6_4-v0-RunIISummer19UL17MiniAOD-106X_mc2017_realistic_v6-v1/200718_083214/0000/myMicroAODOutputFile_6.root?tried=stor97.datagrid.cea.fr, mode: 0660, flags: kXR_open_read kXR_async kXR_retstat ). Trying to recover.
Begin processing the 17001st record. Run 1, Event 127947, LumiSection 474 on stream 0 at 07-Feb-2023 06:11:54.704 CET
Begin processing the 18001st record. Run 1, Event 200472, LumiSection 743 on stream 0 at 07-Feb-2023 06:13:21.568 CET
Begin processing the 19001st record. Run 1, Event 204631, LumiSection 758 on stream 0 at 07-Feb-2023 06:14:39.761 CET
[2023-02-07 06:16:00.995105 +0100][Error  ][AsyncSock         ] [xrootd.ba.infn.it:1094 #0.0] Socket error while handshaking: [ERROR] Socket timeout
[2023-02-07 06:16:00.995265 +0100][Error  ][PostMaster        ] [xrootd.ba.infn.it:1094 #0] elapsed = 45, pConnectionWindow = 31 seconds.
Begin processing the 20001st record. Run 1, Event 869547, LumiSection 3221 on stream 0 at 07-Feb-2023 06:16:02.163 CET
[2023-02-07 06:16:46.248131 +0100][Error  ][AsyncSock         ] [xrootd.ba.infn.it:1094 #0.0] Socket error while handshaking: [ERROR] Socket timeout
[2023-02-07 06:16:46.248301 +0100][Error  ][PostMaster        ] [xrootd.ba.infn.it:1094 #0] elapsed = 46, pConnectionWindow = 31 seconds.
[2023-02-07 06:16:46.248325 +0100][Error  ][PostMaster        ] [xrootd.ba.infn.it:1094 #0] Unable to recover: [ERROR] Socket timeout.
[2023-02-07 06:16:46.248341 +0100][Error  ][XRootD            ] [xrootd.ba.infn.it:1094] Impossible to send message kXR_open (file: /store/user/alesauva/flashgg/UL2017_3/10_6_4/VHToGG_M125_TuneCP5_13TeV-amcatnloFXFX-madspin-pythia8/UL2017_3-10_6_4-v0-RunIISummer19UL17MiniAOD-106X_mc2017_realistic_v6-v1/200718_083214/0000/myMicroAODOutputFile_6.root?tried=stor97.datagrid.cea.fr, mode: 0660, flags: kXR_open_read kXR_async kXR_retstat ). Trying to recover.
Begin processing the 21001st record. Run 1, Event 863007, LumiSection 3197 on stream 0 at 07-Feb-2023 06:17:13.662 CET
Begin processing the 22001st record. Run 1, Event 1345179, LumiSection 4983 on stream 0 at 07-Feb-2023 06:18:30.280 CET
Begin processing the 23001st record. Run 1, Event 850473, LumiSection 3150 on stream 0 at 07-Feb-2023 06:19:52.455 CET
[2023-02-07 06:20:58.355148 +0100][Error  ][AsyncSock         ] [xrootd.ba.infn.it:1094 #0.0] Socket error while handshaking: [ERROR] Socket timeout
[2023-02-07 06:20:58.355315 +0100][Error  ][PostMaster        ] [xrootd.ba.infn.it:1094 #0] elapsed = 45, pConnectionWindow = 31 seconds.
Begin processing the 24001st record. Run 1, Event 854707, LumiSection 3166 on stream 0 at 07-Feb-2023 06:21:05.509 CET
[2023-02-07 06:21:43.458112 +0100][Error  ][AsyncSock         ] [xrootd.ba.infn.it:1094 #0.0] Socket error while handshaking: [ERROR] Socket timeout
[2023-02-07 06:21:43.458283 +0100][Error  ][PostMaster        ] [xrootd.ba.infn.it:1094 #0] elapsed = 45, pConnectionWindow = 31 seconds.
[2023-02-07 06:21:43.458307 +0100][Error  ][PostMaster        ] [xrootd.ba.infn.it:1094 #0] Unable to recover: [ERROR] Socket timeout.
[2023-02-07 06:21:43.458322 +0100][Error  ][XRootD            ] [xrootd.ba.infn.it:1094] Impossible to send message kXR_open (file: /store/user/alesauva/flashgg/UL2017_3/10_6_4/VHToGG_M125_TuneCP5_13TeV-amcatnloFXFX-madspin-pythia8/UL2017_3-10_6_4-v0-RunIISummer19UL17MiniAOD-106X_mc2017_realistic_v6-v1/200718_083214/0000/myMicroAODOutputFile_6.root?tried=stor97.datagrid.cea.fr, mode: 0660, flags: kXR_open_read kXR_async kXR_retstat ). Trying to recover.
07-Feb-2023 06:22:20 CET  Closed file root://cms-xrd-global.cern.ch//store/user/alesauva/flashgg/UL2017_3/10_6_4/VHToGG_M125_TuneCP5_13TeV-amcatnloFXFX-madspin-pythia8/UL2017_3-10_6_4-v0-RunIISummer19UL17MiniAOD-106X_mc2017_realistic_v6-v1/200718_083214/0000/myMicroAODOutputFile_6.root

TrigReport ---------- Event  Summary ------------
TrigReport Events total = 24947 passed = 8958 failed = 15989

TrigReport ---------- Path   Summary ------------
TrigReport  Trig Bit#   Executed     Passed     Failed      Error Name
TrigReport     1    0      24947       8958      15989          0 p

TrigReport -------End-Path   Summary ------------
TrigReport  Trig Bit#   Executed     Passed     Failed      Error Name

TrigReport ---------- Modules in Path: p ------------
TrigReport  Trig Bit#    Visited     Passed     Failed      Error Name
TrigReport     1    0      24947      24864         83          0 flashggMetFilters
TrigReport     1    1      24864       8958      15906          0 VHFilter
TrigReport     1    2       8958       8958          0          0 flashggDifferentialPhoIdInputsCorrection
TrigReport     1    3       8958       8958          0          0 flashggDiPhotonSystematics
TrigReport     1    4       8958       8958          0          0 flashggMetSystematics
TrigReport     1    5       8958       8958          0          0 flashggMuonSystematics
TrigReport     1    6       8958       8958          0          0 flashggElectronSystematics
TrigReport     1    7       8958       8958          0          0 flashggUnpackedJets
TrigReport     1    8       8958       8958          0          0 flashggJetSystematics0
TrigReport     1    9       8958       8958          0          0 flashggJetSystematics1
TrigReport     1   10       8958       8958          0          0 flashggJetSystematics2
TrigReport     1   11       8958       8958          0          0 flashggJetSystematics3
TrigReport     1   12       8958       8958          0          0 flashggJetSystematics4
TrigReport     1   13       8958       8958          0          0 flashggJetSystematics5
TrigReport     1   14       8958       8958          0          0 flashggJetSystematics6
TrigReport     1   15       8958       8958          0          0 flashggJetSystematics7
TrigReport     1   16       8958       8958          0          0 flashggJetSystematics8
TrigReport     1   17       8958       8958          0          0 flashggJetSystematics9
TrigReport     1   18       8958       8958          0          0 flashggJetSystematics10
TrigReport     1   19       8958       8958          0          0 flashggJetSystematics11
TrigReport     1   20       8958       8958          0          0 flashggPrefireDiPhotons
TrigReport     1   21       8958       8958          0          0 flashggPreselectedDiPhotons
TrigReport     1   22       8958       8958          0          0 flashggDiPhotonMVA
TrigReport     1   23       8958       8958          0          0 flashggVBFMVA
TrigReport     1   24       8958       8958          0          0 flashggVHhadMVA
TrigReport     1   25       8958       8958          0          0 flashggGluGluHMVA
TrigReport     1   26       8958       8958          0          0 flashggStageOneCombinedTag
TrigReport     1   27       8958       8958          0          0 flashggTHQLeptonicTag
TrigReport     1   28       8958       8958          0          0 flashggVHMetTag
TrigReport     1   29       8958       8958          0          0 flashggWHLeptonicTag
TrigReport     1   30       8958       8958          0          0 flashggZHLeptonicTag
TrigReport     1   31       8958       8958          0          0 flashggTTHLeptonicTag
TrigReport     1   32       8958       8958          0          0 flashggTTHHadronicTag
TrigReport     1   33       8958       8958          0          0 flashggTagSorter
TrigReport     1   34       8958       8958          0          0 flashggSystTagMerger
TrigReport     1   35       8958       8958          0          0 tagsDumper

TrigReport ---------- Module Summary ------------
TrigReport    Visited   Executed     Passed     Failed      Error Name
TrigReport      24947      24947      24947          0          0 TriggerResults
TrigReport      24864      24864       8958      15906          0 VHFilter
TrigReport       8958       8958       8958          0          0 ak4PFCHSL1FastL2L3Corrector
TrigReport       8958       8958       8958          0          0 ak4PFCHSL1FastjetCorrector
TrigReport       8958       8958       8958          0          0 ak4PFCHSL2RelativeCorrector
TrigReport       8958       8958       8958          0          0 ak4PFCHSL3AbsoluteCorrector
TrigReport       8958       8958       8958          0          0 flashggDiPhotonMVA
TrigReport       8958       8958       8958          0          0 flashggDiPhotonSystematics
TrigReport       8958       8958       8958          0          0 flashggDifferentialPhoIdInputsCorrection
TrigReport       8958       8958       8958          0          0 flashggElectronSystematics
TrigReport       8958       8958       8958          0          0 flashggGluGluHMVA
TrigReport       8958       8958       8958          0          0 flashggJetSystematics0
TrigReport       8958       8958       8958          0          0 flashggJetSystematics1
TrigReport       8958       8958       8958          0          0 flashggJetSystematics10
TrigReport       8958       8958       8958          0          0 flashggJetSystematics11
TrigReport       8958       8958       8958          0          0 flashggJetSystematics2
TrigReport       8958       8958       8958          0          0 flashggJetSystematics3
TrigReport       8958       8958       8958          0          0 flashggJetSystematics4
TrigReport       8958       8958       8958          0          0 flashggJetSystematics5
TrigReport       8958       8958       8958          0          0 flashggJetSystematics6
TrigReport       8958       8958       8958          0          0 flashggJetSystematics7
TrigReport       8958       8958       8958          0          0 flashggJetSystematics8
TrigReport       8958       8958       8958          0          0 flashggJetSystematics9
TrigReport      24947      24947      24864         83          0 flashggMetFilters
TrigReport       8958       8958       8958          0          0 flashggMetSystematics
TrigReport       8958       8958       8958          0          0 flashggMuonSystematics
TrigReport       8958       8958       8958          0          0 flashggPrefireDiPhotons
TrigReport       8958       8958       8958          0          0 flashggPreselectedDiPhotons
TrigReport       8958       8958       8958          0          0 flashggStageOneCombinedTag
TrigReport       8958       8958       8958          0          0 flashggSystTagMerger
TrigReport       8958       8958       8958          0          0 flashggTHQLeptonicTag
TrigReport       8958       8958       8958          0          0 flashggTTHHadronicTag
TrigReport       8958       8958       8958          0          0 flashggTTHLeptonicTag
TrigReport       8958       8958       8958          0          0 flashggTagSorter
TrigReport       8958       8958       8958          0          0 flashggUnpackedJets
TrigReport       8958       8958       8958          0          0 flashggVBFMVA
TrigReport       8958       8958       8958          0          0 flashggVHMetTag
TrigReport       8958       8958       8958          0          0 flashggVHhadMVA
TrigReport       8958       8958       8958          0          0 flashggWHLeptonicTag
TrigReport       8958       8958       8958          0          0 flashggZHLeptonicTag
TrigReport      24947      24947      24947          0          0 p
TrigReport       8958       8958       8958          0          0 tagsDumper

TimeReport ---------- Event  Summary ---[sec]----
TimeReport       event loop CPU/event = 0.088296
TimeReport      event loop Real/event = 0.091974
TimeReport     sum Streams Real/event = 0.088828
TimeReport efficiency CPU/Real/thread = 0.960012

TimeReport ---------- Path   Summary ---[Real sec]----
TimeReport  per event     per exec  Name
TimeReport   0.088346     0.088346  p
TimeReport  per event     per exec  Name

TimeReport -------End-Path   Summary ---[Real sec]----
TimeReport  per event     per exec  Name
TimeReport  per event     per exec  Name

TimeReport ---------- Modules in Path: p ---[Real sec]----
TimeReport  per event    per visit  Name
TimeReport   0.000021     0.000021  flashggMetFilters
TimeReport   0.000009     0.000009  VHFilter
TimeReport   0.042089     0.117214  flashggDifferentialPhoIdInputsCorrection
TimeReport   0.034238     0.095348  flashggDiPhotonSystematics
TimeReport   0.000127     0.000353  flashggMetSystematics
TimeReport   0.000017     0.000048  flashggMuonSystematics
TimeReport   0.000027     0.000074  flashggElectronSystematics
TimeReport   0.000204     0.000569  flashggUnpackedJets
TimeReport   0.003178     0.008850  flashggJetSystematics0
TimeReport   0.000495     0.001380  flashggJetSystematics1
TimeReport   0.000434     0.001210  flashggJetSystematics2
TimeReport   0.000416     0.001157  flashggJetSystematics3
TimeReport   0.000407     0.001135  flashggJetSystematics4
TimeReport   0.000403     0.001122  flashggJetSystematics5
TimeReport   0.000403     0.001123  flashggJetSystematics6
TimeReport   0.000400     0.001113  flashggJetSystematics7
TimeReport   0.000397     0.001105  flashggJetSystematics8
TimeReport   0.000398     0.001109  flashggJetSystematics9
TimeReport   0.000398     0.001108  flashggJetSystematics10
TimeReport   0.000394     0.001097  flashggJetSystematics11
TimeReport   0.000262     0.000729  flashggPrefireDiPhotons
TimeReport   0.000070     0.000195  flashggPreselectedDiPhotons
TimeReport   0.000015     0.000043  flashggDiPhotonMVA
TimeReport   0.000017     0.000046  flashggVBFMVA
TimeReport   0.000010     0.000028  flashggVHhadMVA
TimeReport   0.000027     0.000076  flashggGluGluHMVA
TimeReport   0.000018     0.000050  flashggStageOneCombinedTag
TimeReport   0.000243     0.000678  flashggTHQLeptonicTag
TimeReport   0.000082     0.000229  flashggVHMetTag
TimeReport   0.000016     0.000044  flashggWHLeptonicTag
TimeReport   0.000013     0.000037  flashggZHLeptonicTag
TimeReport   0.000080     0.000222  flashggTTHLeptonicTag
TimeReport   0.000990     0.002758  flashggTTHHadronicTag
TimeReport   0.000051     0.000143  flashggTagSorter
TimeReport   0.000003     0.000010  flashggSystTagMerger
TimeReport   0.000223     0.000622  tagsDumper
TimeReport  per event    per visit  Name

TimeReport ---------- Module Summary ---[Real sec]----
TimeReport  per event     per exec    per visit  Name
TimeReport   0.000003     0.000003     0.000003  TriggerResults
TimeReport   0.000009     0.000009     0.000009  VHFilter
TimeReport   0.000002     0.000006     0.000006  ak4PFCHSL1FastL2L3Corrector
TimeReport   0.000002     0.000006     0.000006  ak4PFCHSL1FastjetCorrector
TimeReport   0.000001     0.000003     0.000003  ak4PFCHSL2RelativeCorrector
TimeReport   0.000006     0.000017     0.000017  ak4PFCHSL3AbsoluteCorrector
TimeReport   0.000015     0.000043     0.000043  flashggDiPhotonMVA
TimeReport   0.034238     0.095348     0.095348  flashggDiPhotonSystematics
TimeReport   0.042089     0.117214     0.117214  flashggDifferentialPhoIdInputsCorrection
TimeReport   0.000027     0.000074     0.000074  flashggElectronSystematics
TimeReport   0.000027     0.000076     0.000076  flashggGluGluHMVA
TimeReport   0.003178     0.008850     0.008850  flashggJetSystematics0
TimeReport   0.000495     0.001380     0.001380  flashggJetSystematics1
TimeReport   0.000398     0.001108     0.001108  flashggJetSystematics10
TimeReport   0.000394     0.001097     0.001097  flashggJetSystematics11
TimeReport   0.000434     0.001210     0.001210  flashggJetSystematics2
TimeReport   0.000416     0.001157     0.001157  flashggJetSystematics3
TimeReport   0.000407     0.001135     0.001135  flashggJetSystematics4
TimeReport   0.000403     0.001122     0.001122  flashggJetSystematics5
TimeReport   0.000403     0.001123     0.001123  flashggJetSystematics6
TimeReport   0.000400     0.001113     0.001113  flashggJetSystematics7
TimeReport   0.000397     0.001105     0.001105  flashggJetSystematics8
TimeReport   0.000398     0.001109     0.001109  flashggJetSystematics9
TimeReport   0.000021     0.000021     0.000021  flashggMetFilters
TimeReport   0.000127     0.000353     0.000353  flashggMetSystematics
TimeReport   0.000017     0.000048     0.000048  flashggMuonSystematics
TimeReport   0.000262     0.000729     0.000729  flashggPrefireDiPhotons
TimeReport   0.000070     0.000195     0.000195  flashggPreselectedDiPhotons
TimeReport   0.000018     0.000050     0.000050  flashggStageOneCombinedTag
TimeReport   0.000003     0.000010     0.000010  flashggSystTagMerger
TimeReport   0.000243     0.000678     0.000678  flashggTHQLeptonicTag
TimeReport   0.000990     0.002758     0.002758  flashggTTHHadronicTag
TimeReport   0.000080     0.000222     0.000222  flashggTTHLeptonicTag
TimeReport   0.000051     0.000143     0.000143  flashggTagSorter
TimeReport   0.000204     0.000569     0.000569  flashggUnpackedJets
TimeReport   0.000017     0.000046     0.000046  flashggVBFMVA
TimeReport   0.000082     0.000229     0.000229  flashggVHMetTag
TimeReport   0.000010     0.000028     0.000028  flashggVHhadMVA
TimeReport   0.000016     0.000044     0.000044  flashggWHLeptonicTag
TimeReport   0.000013     0.000037     0.000037  flashggZHLeptonicTag
TimeReport   0.000004     0.000004     0.000004  p
TimeReport   0.000223     0.000622     0.000622  tagsDumper
TimeReport  per event     per exec    per visit  Name

T---Report end!


=============================================

MessageLogger Summary

 type     category        sev    module        subroutine        count    total
 ---- -------------------- -- ---------------- ----------------  -----    -----
    1 XrdAdaptor           -w file_open                              1        1
    2 fileAction           -s file_close                             1        1
    3 fileAction           -s file_open                              2        2

 type    category    Examples: run/evt        run/evt          run/evt
 ---- -------------------- ---------------- ---------------- ----------------
    1 XrdAdaptor           pre-events                        
    2 fileAction           PostGlobalEndRun                  
    3 fileAction           pre-events       pre-events       

Severity    # Occurrences   Total Occurrences
--------    -------------   -----------------
Warning                 1                   1
System                  3                   3

dropped waiting message count 0
