mkdir: cannot create directory '/afs/cern.ch/user/x/xisu/private/local/Analysis_workspace/VH_AC_tmp1/flashgg_d2/CMSSW_10_6_29/src/flashgg/VHAC_Analysis_Met/UL_17/UL17_zh125': File exists
/cvmfs/cms.cern.ch/slc7_amd64_gcc700/external/py2-requests/2.21.0-pafccj2/lib/python2.7/site-packages/requests/__init__.py:91: RequestsDependencyWarning: urllib3 (1.25.2) or chardet (3.0.4) doesn't match a supported version!
  RequestsDependencyWarning)
07-Feb-2023 05:24:47 CET  Initiating request to open file root://cms-xrd-global.cern.ch//store/user/alesauva/flashgg/UL2017_3/10_6_4/VHToGG_M125_TuneCP5_13TeV-amcatnloFXFX-madspin-pythia8/UL2017_3-10_6_4-v0-RunIISummer19UL17MiniAOD-106X_mc2017_realistic_v6-v1/200722_091630/0000/myMicroAODOutputFile_1.root
[2023-02-07 05:25:33.483702 +0100][Error  ][AsyncSock         ] [xrootd.ba.infn.it:1094 #0.0] Socket error while handshaking: [ERROR] Socket timeout
[2023-02-07 05:25:33.483955 +0100][Error  ][PostMaster        ] [xrootd.ba.infn.it:1094 #0] elapsed = 45, pConnectionWindow = 31 seconds.
[2023-02-07 05:26:18.734783 +0100][Error  ][AsyncSock         ] [xrootd.ba.infn.it:1094 #0.0] Socket error while handshaking: [ERROR] Socket timeout
[2023-02-07 05:26:18.734941 +0100][Error  ][PostMaster        ] [xrootd.ba.infn.it:1094 #0] elapsed = 45, pConnectionWindow = 31 seconds.
[2023-02-07 05:26:18.734988 +0100][Error  ][PostMaster        ] [xrootd.ba.infn.it:1094 #0] Unable to recover: [ERROR] Socket timeout.
[2023-02-07 05:26:18.735014 +0100][Error  ][XRootD            ] [xrootd.ba.infn.it:1094] Impossible to send message kXR_open (file: /store/user/alesauva/flashgg/UL2017_3/10_6_4/VHToGG_M125_TuneCP5_13TeV-amcatnloFXFX-madspin-pythia8/UL2017_3-10_6_4-v0-RunIISummer19UL17MiniAOD-106X_mc2017_realistic_v6-v1/200722_091630/0000/myMicroAODOutputFile_1.root, mode: 0660, flags: kXR_open_read kXR_async kXR_retstat ). Trying to recover.
%MSG-w XrdAdaptor:  file_open 07-Feb-2023 05:26:25 CET pre-events
Data is served from GRIF-IRFU instead of original site CERN-CMSGLOBAL-02
%MSG
07-Feb-2023 05:26:34 CET  Successfully opened file root://cms-xrd-global.cern.ch//store/user/alesauva/flashgg/UL2017_3/10_6_4/VHToGG_M125_TuneCP5_13TeV-amcatnloFXFX-madspin-pythia8/UL2017_3-10_6_4-v0-RunIISummer19UL17MiniAOD-106X_mc2017_realistic_v6-v1/200722_091630/0000/myMicroAODOutputFile_1.root
2023-02-07 05:44:10.927678: I tensorflow/core/platform/cpu_feature_guard.cc:140] Your CPU supports instructions that this TensorFlow binary was not compiled to use: SSE4.1 SSE4.2 AVX AVX2 FMA
Begin processing the 1st record. Run 1, Event 36, LumiSection 1 on stream 0 at 07-Feb-2023 05:45:53.884 CET
[2023-02-07 05:46:36.126223 +0100][Error  ][AsyncSock         ] [xrootd.ba.infn.it:1094 #0.0] Socket error while handshaking: [ERROR] Socket timeout
[2023-02-07 05:46:36.126335 +0100][Error  ][PostMaster        ] [xrootd.ba.infn.it:1094 #0] elapsed = 45, pConnectionWindow = 31 seconds.
[2023-02-07 05:47:21.401679 +0100][Error  ][AsyncSock         ] [xrootd.ba.infn.it:1094 #0.0] Socket error while handshaking: [ERROR] Socket timeout
[2023-02-07 05:47:21.401832 +0100][Error  ][PostMaster        ] [xrootd.ba.infn.it:1094 #0] elapsed = 45, pConnectionWindow = 31 seconds.
[2023-02-07 05:47:21.401862 +0100][Error  ][PostMaster        ] [xrootd.ba.infn.it:1094 #0] Unable to recover: [ERROR] Socket timeout.
[2023-02-07 05:47:21.401895 +0100][Error  ][XRootD            ] [xrootd.ba.infn.it:1094] Impossible to send message kXR_open (file: /store/user/alesauva/flashgg/UL2017_3/10_6_4/VHToGG_M125_TuneCP5_13TeV-amcatnloFXFX-madspin-pythia8/UL2017_3-10_6_4-v0-RunIISummer19UL17MiniAOD-106X_mc2017_realistic_v6-v1/200722_091630/0000/myMicroAODOutputFile_1.root?tried=stor95.datagrid.cea.fr, mode: 0660, flags: kXR_open_read kXR_async kXR_retstat ). Trying to recover.
[2023-02-07 05:51:53.640733 +0100][Error  ][AsyncSock         ] [xrootd.ba.infn.it:1094 #0.0] Socket error while handshaking: [ERROR] Socket timeout
[2023-02-07 05:51:53.640975 +0100][Error  ][PostMaster        ] [xrootd.ba.infn.it:1094 #0] elapsed = 45, pConnectionWindow = 31 seconds.
Begin processing the 1001st record. Run 1, Event 4508, LumiSection 17 on stream 0 at 07-Feb-2023 05:52:26.123 CET
[2023-02-07 05:52:38.842687 +0100][Error  ][AsyncSock         ] [xrootd.ba.infn.it:1094 #0.0] Socket error while handshaking: [ERROR] Socket timeout
[2023-02-07 05:52:38.842849 +0100][Error  ][PostMaster        ] [xrootd.ba.infn.it:1094 #0] elapsed = 45, pConnectionWindow = 31 seconds.
[2023-02-07 05:52:38.842871 +0100][Error  ][PostMaster        ] [xrootd.ba.infn.it:1094 #0] Unable to recover: [ERROR] Socket timeout.
[2023-02-07 05:52:38.842885 +0100][Error  ][XRootD            ] [xrootd.ba.infn.it:1094] Impossible to send message kXR_open (file: /store/user/alesauva/flashgg/UL2017_3/10_6_4/VHToGG_M125_TuneCP5_13TeV-amcatnloFXFX-madspin-pythia8/UL2017_3-10_6_4-v0-RunIISummer19UL17MiniAOD-106X_mc2017_realistic_v6-v1/200722_091630/0000/myMicroAODOutputFile_1.root?tried=stor95.datagrid.cea.fr, mode: 0660, flags: kXR_open_read kXR_async kXR_retstat ). Trying to recover.
Begin processing the 2001st record. Run 1, Event 7753, LumiSection 29 on stream 0 at 07-Feb-2023 05:53:49.868 CET
Begin processing the 3001st record. Run 1, Event 10536, LumiSection 40 on stream 0 at 07-Feb-2023 05:55:06.090 CET
Begin processing the 4001st record. Run 1, Event 13604, LumiSection 51 on stream 0 at 07-Feb-2023 05:56:29.867 CET
[2023-02-07 05:57:05.214803 +0100][Error  ][AsyncSock         ] [xrootd.ba.infn.it:1094 #0.0] Socket error while handshaking: [ERROR] Socket timeout
[2023-02-07 05:57:05.214967 +0100][Error  ][PostMaster        ] [xrootd.ba.infn.it:1094 #0] elapsed = 45, pConnectionWindow = 31 seconds.
Begin processing the 5001st record. Run 1, Event 16508, LumiSection 62 on stream 0 at 07-Feb-2023 05:57:44.851 CET
[2023-02-07 05:57:50.156678 +0100][Error  ][AsyncSock         ] [xrootd.ba.infn.it:1094 #0.0] Socket error while handshaking: [ERROR] Socket timeout
[2023-02-07 05:57:50.156867 +0100][Error  ][PostMaster        ] [xrootd.ba.infn.it:1094 #0] elapsed = 45, pConnectionWindow = 31 seconds.
[2023-02-07 05:57:50.156890 +0100][Error  ][PostMaster        ] [xrootd.ba.infn.it:1094 #0] Unable to recover: [ERROR] Socket timeout.
[2023-02-07 05:57:50.156909 +0100][Error  ][XRootD            ] [xrootd.ba.infn.it:1094] Impossible to send message kXR_open (file: /store/user/alesauva/flashgg/UL2017_3/10_6_4/VHToGG_M125_TuneCP5_13TeV-amcatnloFXFX-madspin-pythia8/UL2017_3-10_6_4-v0-RunIISummer19UL17MiniAOD-106X_mc2017_realistic_v6-v1/200722_091630/0000/myMicroAODOutputFile_1.root?tried=stor95.datagrid.cea.fr, mode: 0660, flags: kXR_open_read kXR_async kXR_retstat ). Trying to recover.
Begin processing the 6001st record. Run 1, Event 19368, LumiSection 72 on stream 0 at 07-Feb-2023 05:59:13.011 CET
Begin processing the 7001st record. Run 1, Event 556000, LumiSection 2060 on stream 0 at 07-Feb-2023 06:00:39.687 CET
Begin processing the 8001st record. Run 1, Event 21814, LumiSection 81 on stream 0 at 07-Feb-2023 06:01:56.944 CET
[2023-02-07 06:02:19.614684 +0100][Error  ][AsyncSock         ] [xrootd.ba.infn.it:1094 #0.0] Socket error while handshaking: [ERROR] Socket timeout
[2023-02-07 06:02:19.614868 +0100][Error  ][PostMaster        ] [xrootd.ba.infn.it:1094 #0] elapsed = 45, pConnectionWindow = 31 seconds.
[2023-02-07 06:03:04.441673 +0100][Error  ][AsyncSock         ] [xrootd.ba.infn.it:1094 #0.0] Socket error while handshaking: [ERROR] Socket timeout
[2023-02-07 06:03:04.441841 +0100][Error  ][PostMaster        ] [xrootd.ba.infn.it:1094 #0] elapsed = 45, pConnectionWindow = 31 seconds.
[2023-02-07 06:03:04.441862 +0100][Error  ][PostMaster        ] [xrootd.ba.infn.it:1094 #0] Unable to recover: [ERROR] Socket timeout.
[2023-02-07 06:03:04.441875 +0100][Error  ][XRootD            ] [xrootd.ba.infn.it:1094] Impossible to send message kXR_open (file: /store/user/alesauva/flashgg/UL2017_3/10_6_4/VHToGG_M125_TuneCP5_13TeV-amcatnloFXFX-madspin-pythia8/UL2017_3-10_6_4-v0-RunIISummer19UL17MiniAOD-106X_mc2017_realistic_v6-v1/200722_091630/0000/myMicroAODOutputFile_1.root?tried=stor95.datagrid.cea.fr, mode: 0660, flags: kXR_open_read kXR_async kXR_retstat ). Trying to recover.
Begin processing the 9001st record. Run 1, Event 24719, LumiSection 92 on stream 0 at 07-Feb-2023 06:03:23.659 CET
Begin processing the 10001st record. Run 1, Event 27527, LumiSection 102 on stream 0 at 07-Feb-2023 06:04:50.181 CET
Begin processing the 11001st record. Run 1, Event 32873, LumiSection 122 on stream 0 at 07-Feb-2023 06:06:10.873 CET
Begin processing the 12001st record. Run 1, Event 1113008, LumiSection 4123 on stream 0 at 07-Feb-2023 06:07:22.342 CET
[2023-02-07 06:07:37.257688 +0100][Error  ][AsyncSock         ] [xrootd.ba.infn.it:1094 #0.0] Socket error while handshaking: [ERROR] Socket timeout
[2023-02-07 06:07:37.257890 +0100][Error  ][PostMaster        ] [xrootd.ba.infn.it:1094 #0] elapsed = 45, pConnectionWindow = 31 seconds.
[2023-02-07 06:08:22.590683 +0100][Error  ][AsyncSock         ] [xrootd.ba.infn.it:1094 #0.0] Socket error while handshaking: [ERROR] Socket timeout
[2023-02-07 06:08:22.590881 +0100][Error  ][PostMaster        ] [xrootd.ba.infn.it:1094 #0] elapsed = 45, pConnectionWindow = 31 seconds.
[2023-02-07 06:08:22.590902 +0100][Error  ][PostMaster        ] [xrootd.ba.infn.it:1094 #0] Unable to recover: [ERROR] Socket timeout.
[2023-02-07 06:08:22.590916 +0100][Error  ][XRootD            ] [xrootd.ba.infn.it:1094] Impossible to send message kXR_open (file: /store/user/alesauva/flashgg/UL2017_3/10_6_4/VHToGG_M125_TuneCP5_13TeV-amcatnloFXFX-madspin-pythia8/UL2017_3-10_6_4-v0-RunIISummer19UL17MiniAOD-106X_mc2017_realistic_v6-v1/200722_091630/0000/myMicroAODOutputFile_1.root?tried=stor95.datagrid.cea.fr, mode: 0660, flags: kXR_open_read kXR_async kXR_retstat ). Trying to recover.
Begin processing the 13001st record. Run 1, Event 43602, LumiSection 162 on stream 0 at 07-Feb-2023 06:08:48.854 CET
Begin processing the 14001st record. Run 1, Event 48024, LumiSection 178 on stream 0 at 07-Feb-2023 06:10:00.624 CET
Begin processing the 15001st record. Run 1, Event 50425, LumiSection 187 on stream 0 at 07-Feb-2023 06:11:15.237 CET
Begin processing the 16001st record. Run 1, Event 53401, LumiSection 198 on stream 0 at 07-Feb-2023 06:12:33.623 CET
[2023-02-07 06:12:38.894684 +0100][Error  ][AsyncSock         ] [xrootd.ba.infn.it:1094 #0.0] Socket error while handshaking: [ERROR] Socket timeout
[2023-02-07 06:12:38.894828 +0100][Error  ][PostMaster        ] [xrootd.ba.infn.it:1094 #0] elapsed = 45, pConnectionWindow = 31 seconds.
[2023-02-07 06:13:23.557722 +0100][Error  ][AsyncSock         ] [xrootd.ba.infn.it:1094 #0.0] Socket error while handshaking: [ERROR] Socket timeout
[2023-02-07 06:13:23.557885 +0100][Error  ][PostMaster        ] [xrootd.ba.infn.it:1094 #0] elapsed = 45, pConnectionWindow = 31 seconds.
[2023-02-07 06:13:23.557914 +0100][Error  ][PostMaster        ] [xrootd.ba.infn.it:1094 #0] Unable to recover: [ERROR] Socket timeout.
[2023-02-07 06:13:23.557932 +0100][Error  ][XRootD            ] [xrootd.ba.infn.it:1094] Impossible to send message kXR_open (file: /store/user/alesauva/flashgg/UL2017_3/10_6_4/VHToGG_M125_TuneCP5_13TeV-amcatnloFXFX-madspin-pythia8/UL2017_3-10_6_4-v0-RunIISummer19UL17MiniAOD-106X_mc2017_realistic_v6-v1/200722_091630/0000/myMicroAODOutputFile_1.root?tried=stor95.datagrid.cea.fr, mode: 0660, flags: kXR_open_read kXR_async kXR_retstat ). Trying to recover.
Begin processing the 17001st record. Run 1, Event 56526, LumiSection 210 on stream 0 at 07-Feb-2023 06:13:50.115 CET
Begin processing the 18001st record. Run 1, Event 59369, LumiSection 220 on stream 0 at 07-Feb-2023 06:15:17.921 CET
Begin processing the 19001st record. Run 1, Event 1181109, LumiSection 4375 on stream 0 at 07-Feb-2023 06:16:43.560 CET
[2023-02-07 06:17:48.270668 +0100][Error  ][AsyncSock         ] [xrootd.ba.infn.it:1094 #0.0] Socket error while handshaking: [ERROR] Socket timeout
[2023-02-07 06:17:48.270838 +0100][Error  ][PostMaster        ] [xrootd.ba.infn.it:1094 #0] elapsed = 45, pConnectionWindow = 31 seconds.
Begin processing the 20001st record. Run 1, Event 1184269, LumiSection 4387 on stream 0 at 07-Feb-2023 06:17:55.382 CET
[2023-02-07 06:18:33.697687 +0100][Error  ][AsyncSock         ] [xrootd.ba.infn.it:1094 #0.0] Socket error while handshaking: [ERROR] Socket timeout
[2023-02-07 06:18:33.697929 +0100][Error  ][PostMaster        ] [xrootd.ba.infn.it:1094 #0] elapsed = 45, pConnectionWindow = 31 seconds.
[2023-02-07 06:18:33.697954 +0100][Error  ][PostMaster        ] [xrootd.ba.infn.it:1094 #0] Unable to recover: [ERROR] Socket timeout.
[2023-02-07 06:18:33.697969 +0100][Error  ][XRootD            ] [xrootd.ba.infn.it:1094] Impossible to send message kXR_open (file: /store/user/alesauva/flashgg/UL2017_3/10_6_4/VHToGG_M125_TuneCP5_13TeV-amcatnloFXFX-madspin-pythia8/UL2017_3-10_6_4-v0-RunIISummer19UL17MiniAOD-106X_mc2017_realistic_v6-v1/200722_091630/0000/myMicroAODOutputFile_1.root?tried=stor95.datagrid.cea.fr, mode: 0660, flags: kXR_open_read kXR_async kXR_retstat ). Trying to recover.
Begin processing the 21001st record. Run 1, Event 1187432, LumiSection 4398 on stream 0 at 07-Feb-2023 06:19:20.699 CET
Begin processing the 22001st record. Run 1, Event 591190, LumiSection 2190 on stream 0 at 07-Feb-2023 06:20:20.600 CET
Begin processing the 23001st record. Run 1, Event 596146, LumiSection 2208 on stream 0 at 07-Feb-2023 06:21:35.968 CET
[2023-02-07 06:22:34.143681 +0100][Error  ][AsyncSock         ] [xrootd.ba.infn.it:1094 #0.0] Socket error while handshaking: [ERROR] Socket timeout
[2023-02-07 06:22:34.143814 +0100][Error  ][PostMaster        ] [xrootd.ba.infn.it:1094 #0] elapsed = 45, pConnectionWindow = 31 seconds.
Begin processing the 24001st record. Run 1, Event 1153272, LumiSection 4272 on stream 0 at 07-Feb-2023 06:22:44.794 CET
[2023-02-07 06:23:19.230695 +0100][Error  ][AsyncSock         ] [xrootd.ba.infn.it:1094 #0.0] Socket error while handshaking: [ERROR] Socket timeout
[2023-02-07 06:23:19.230860 +0100][Error  ][PostMaster        ] [xrootd.ba.infn.it:1094 #0] elapsed = 45, pConnectionWindow = 31 seconds.
[2023-02-07 06:23:19.230880 +0100][Error  ][PostMaster        ] [xrootd.ba.infn.it:1094 #0] Unable to recover: [ERROR] Socket timeout.
[2023-02-07 06:23:19.230893 +0100][Error  ][XRootD            ] [xrootd.ba.infn.it:1094] Impossible to send message kXR_open (file: /store/user/alesauva/flashgg/UL2017_3/10_6_4/VHToGG_M125_TuneCP5_13TeV-amcatnloFXFX-madspin-pythia8/UL2017_3-10_6_4-v0-RunIISummer19UL17MiniAOD-106X_mc2017_realistic_v6-v1/200722_091630/0000/myMicroAODOutputFile_1.root?tried=stor95.datagrid.cea.fr, mode: 0660, flags: kXR_open_read kXR_async kXR_retstat ). Trying to recover.
07-Feb-2023 06:23:46 CET  Closed file root://cms-xrd-global.cern.ch//store/user/alesauva/flashgg/UL2017_3/10_6_4/VHToGG_M125_TuneCP5_13TeV-amcatnloFXFX-madspin-pythia8/UL2017_3-10_6_4-v0-RunIISummer19UL17MiniAOD-106X_mc2017_realistic_v6-v1/200722_091630/0000/myMicroAODOutputFile_1.root

TrigReport ---------- Event  Summary ------------
TrigReport Events total = 24901 passed = 8824 failed = 16077

TrigReport ---------- Path   Summary ------------
TrigReport  Trig Bit#   Executed     Passed     Failed      Error Name
TrigReport     1    0      24901       8824      16077          0 p

TrigReport -------End-Path   Summary ------------
TrigReport  Trig Bit#   Executed     Passed     Failed      Error Name

TrigReport ---------- Modules in Path: p ------------
TrigReport  Trig Bit#    Visited     Passed     Failed      Error Name
TrigReport     1    0      24901      24787        114          0 flashggMetFilters
TrigReport     1    1      24787       8824      15963          0 VHFilter
TrigReport     1    2       8824       8824          0          0 flashggDifferentialPhoIdInputsCorrection
TrigReport     1    3       8824       8824          0          0 flashggDiPhotonSystematics
TrigReport     1    4       8824       8824          0          0 flashggMetSystematics
TrigReport     1    5       8824       8824          0          0 flashggMuonSystematics
TrigReport     1    6       8824       8824          0          0 flashggElectronSystematics
TrigReport     1    7       8824       8824          0          0 flashggUnpackedJets
TrigReport     1    8       8824       8824          0          0 flashggJetSystematics0
TrigReport     1    9       8824       8824          0          0 flashggJetSystematics1
TrigReport     1   10       8824       8824          0          0 flashggJetSystematics2
TrigReport     1   11       8824       8824          0          0 flashggJetSystematics3
TrigReport     1   12       8824       8824          0          0 flashggJetSystematics4
TrigReport     1   13       8824       8824          0          0 flashggJetSystematics5
TrigReport     1   14       8824       8824          0          0 flashggJetSystematics6
TrigReport     1   15       8824       8824          0          0 flashggJetSystematics7
TrigReport     1   16       8824       8824          0          0 flashggJetSystematics8
TrigReport     1   17       8824       8824          0          0 flashggJetSystematics9
TrigReport     1   18       8824       8824          0          0 flashggJetSystematics10
TrigReport     1   19       8824       8824          0          0 flashggJetSystematics11
TrigReport     1   20       8824       8824          0          0 flashggPrefireDiPhotons
TrigReport     1   21       8824       8824          0          0 flashggPreselectedDiPhotons
TrigReport     1   22       8824       8824          0          0 flashggDiPhotonMVA
TrigReport     1   23       8824       8824          0          0 flashggVBFMVA
TrigReport     1   24       8824       8824          0          0 flashggVHhadMVA
TrigReport     1   25       8824       8824          0          0 flashggGluGluHMVA
TrigReport     1   26       8824       8824          0          0 flashggStageOneCombinedTag
TrigReport     1   27       8824       8824          0          0 flashggTHQLeptonicTag
TrigReport     1   28       8824       8824          0          0 flashggVHMetTag
TrigReport     1   29       8824       8824          0          0 flashggWHLeptonicTag
TrigReport     1   30       8824       8824          0          0 flashggZHLeptonicTag
TrigReport     1   31       8824       8824          0          0 flashggTTHLeptonicTag
TrigReport     1   32       8824       8824          0          0 flashggTTHHadronicTag
TrigReport     1   33       8824       8824          0          0 flashggTagSorter
TrigReport     1   34       8824       8824          0          0 flashggSystTagMerger
TrigReport     1   35       8824       8824          0          0 tagsDumper

TrigReport ---------- Module Summary ------------
TrigReport    Visited   Executed     Passed     Failed      Error Name
TrigReport      24901      24901      24901          0          0 TriggerResults
TrigReport      24787      24787       8824      15963          0 VHFilter
TrigReport       8824       8824       8824          0          0 ak4PFCHSL1FastL2L3Corrector
TrigReport       8824       8824       8824          0          0 ak4PFCHSL1FastjetCorrector
TrigReport       8824       8824       8824          0          0 ak4PFCHSL2RelativeCorrector
TrigReport       8824       8824       8824          0          0 ak4PFCHSL3AbsoluteCorrector
TrigReport       8824       8824       8824          0          0 flashggDiPhotonMVA
TrigReport       8824       8824       8824          0          0 flashggDiPhotonSystematics
TrigReport       8824       8824       8824          0          0 flashggDifferentialPhoIdInputsCorrection
TrigReport       8824       8824       8824          0          0 flashggElectronSystematics
TrigReport       8824       8824       8824          0          0 flashggGluGluHMVA
TrigReport       8824       8824       8824          0          0 flashggJetSystematics0
TrigReport       8824       8824       8824          0          0 flashggJetSystematics1
TrigReport       8824       8824       8824          0          0 flashggJetSystematics10
TrigReport       8824       8824       8824          0          0 flashggJetSystematics11
TrigReport       8824       8824       8824          0          0 flashggJetSystematics2
TrigReport       8824       8824       8824          0          0 flashggJetSystematics3
TrigReport       8824       8824       8824          0          0 flashggJetSystematics4
TrigReport       8824       8824       8824          0          0 flashggJetSystematics5
TrigReport       8824       8824       8824          0          0 flashggJetSystematics6
TrigReport       8824       8824       8824          0          0 flashggJetSystematics7
TrigReport       8824       8824       8824          0          0 flashggJetSystematics8
TrigReport       8824       8824       8824          0          0 flashggJetSystematics9
TrigReport      24901      24901      24787        114          0 flashggMetFilters
TrigReport       8824       8824       8824          0          0 flashggMetSystematics
TrigReport       8824       8824       8824          0          0 flashggMuonSystematics
TrigReport       8824       8824       8824          0          0 flashggPrefireDiPhotons
TrigReport       8824       8824       8824          0          0 flashggPreselectedDiPhotons
TrigReport       8824       8824       8824          0          0 flashggStageOneCombinedTag
TrigReport       8824       8824       8824          0          0 flashggSystTagMerger
TrigReport       8824       8824       8824          0          0 flashggTHQLeptonicTag
TrigReport       8824       8824       8824          0          0 flashggTTHHadronicTag
TrigReport       8824       8824       8824          0          0 flashggTTHLeptonicTag
TrigReport       8824       8824       8824          0          0 flashggTagSorter
TrigReport       8824       8824       8824          0          0 flashggUnpackedJets
TrigReport       8824       8824       8824          0          0 flashggVBFMVA
TrigReport       8824       8824       8824          0          0 flashggVHMetTag
TrigReport       8824       8824       8824          0          0 flashggVHhadMVA
TrigReport       8824       8824       8824          0          0 flashggWHLeptonicTag
TrigReport       8824       8824       8824          0          0 flashggZHLeptonicTag
TrigReport      24901      24901      24901          0          0 p
TrigReport       8824       8824       8824          0          0 tagsDumper

TimeReport ---------- Event  Summary ---[sec]----
TimeReport       event loop CPU/event = 0.087687
TimeReport      event loop Real/event = 0.091348
TimeReport     sum Streams Real/event = 0.088250
TimeReport efficiency CPU/Real/thread = 0.959930

TimeReport ---------- Path   Summary ---[Real sec]----
TimeReport  per event     per exec  Name
TimeReport   0.087768     0.087768  p
TimeReport  per event     per exec  Name

TimeReport -------End-Path   Summary ---[Real sec]----
TimeReport  per event     per exec  Name
TimeReport  per event     per exec  Name

TimeReport ---------- Modules in Path: p ---[Real sec]----
TimeReport  per event    per visit  Name
TimeReport   0.000022     0.000022  flashggMetFilters
TimeReport   0.000009     0.000009  VHFilter
TimeReport   0.041468     0.117023  flashggDifferentialPhoIdInputsCorrection
TimeReport   0.034094     0.096213  flashggDiPhotonSystematics
TimeReport   0.000122     0.000345  flashggMetSystematics
TimeReport   0.000021     0.000058  flashggMuonSystematics
TimeReport   0.000025     0.000071  flashggElectronSystematics
TimeReport   0.000203     0.000574  flashggUnpackedJets
TimeReport   0.003187     0.008995  flashggJetSystematics0
TimeReport   0.000497     0.001404  flashggJetSystematics1
TimeReport   0.000435     0.001227  flashggJetSystematics2
TimeReport   0.000419     0.001183  flashggJetSystematics3
TimeReport   0.000410     0.001156  flashggJetSystematics4
TimeReport   0.000408     0.001151  flashggJetSystematics5
TimeReport   0.000403     0.001137  flashggJetSystematics6
TimeReport   0.000403     0.001139  flashggJetSystematics7
TimeReport   0.000403     0.001136  flashggJetSystematics8
TimeReport   0.000405     0.001143  flashggJetSystematics9
TimeReport   0.000397     0.001120  flashggJetSystematics10
TimeReport   0.000400     0.001129  flashggJetSystematics11
TimeReport   0.000263     0.000742  flashggPrefireDiPhotons
TimeReport   0.000072     0.000203  flashggPreselectedDiPhotons
TimeReport   0.000014     0.000039  flashggDiPhotonMVA
TimeReport   0.000017     0.000049  flashggVBFMVA
TimeReport   0.000010     0.000028  flashggVHhadMVA
TimeReport   0.000027     0.000075  flashggGluGluHMVA
TimeReport   0.000018     0.000051  flashggStageOneCombinedTag
TimeReport   0.000172     0.000484  flashggTHQLeptonicTag
TimeReport   0.000082     0.000232  flashggVHMetTag
TimeReport   0.000016     0.000044  flashggWHLeptonicTag
TimeReport   0.000013     0.000036  flashggZHLeptonicTag
TimeReport   0.000057     0.000160  flashggTTHLeptonicTag
TimeReport   0.000974     0.002749  flashggTTHHadronicTag
TimeReport   0.000049     0.000140  flashggTagSorter
TimeReport   0.000003     0.000007  flashggSystTagMerger
TimeReport   0.000395     0.001116  tagsDumper
TimeReport  per event    per visit  Name

TimeReport ---------- Module Summary ---[Real sec]----
TimeReport  per event     per exec    per visit  Name
TimeReport   0.000003     0.000003     0.000003  TriggerResults
TimeReport   0.000009     0.000009     0.000009  VHFilter
TimeReport   0.000002     0.000005     0.000005  ak4PFCHSL1FastL2L3Corrector
TimeReport   0.000002     0.000006     0.000006  ak4PFCHSL1FastjetCorrector
TimeReport   0.000002     0.000005     0.000005  ak4PFCHSL2RelativeCorrector
TimeReport   0.000007     0.000021     0.000021  ak4PFCHSL3AbsoluteCorrector
TimeReport   0.000014     0.000039     0.000039  flashggDiPhotonMVA
TimeReport   0.034094     0.096213     0.096213  flashggDiPhotonSystematics
TimeReport   0.041468     0.117023     0.117023  flashggDifferentialPhoIdInputsCorrection
TimeReport   0.000025     0.000071     0.000071  flashggElectronSystematics
TimeReport   0.000027     0.000075     0.000075  flashggGluGluHMVA
TimeReport   0.003187     0.008995     0.008995  flashggJetSystematics0
TimeReport   0.000497     0.001404     0.001404  flashggJetSystematics1
TimeReport   0.000397     0.001120     0.001120  flashggJetSystematics10
TimeReport   0.000400     0.001129     0.001129  flashggJetSystematics11
TimeReport   0.000435     0.001227     0.001227  flashggJetSystematics2
TimeReport   0.000419     0.001183     0.001183  flashggJetSystematics3
TimeReport   0.000410     0.001156     0.001156  flashggJetSystematics4
TimeReport   0.000408     0.001151     0.001151  flashggJetSystematics5
TimeReport   0.000403     0.001137     0.001137  flashggJetSystematics6
TimeReport   0.000403     0.001139     0.001139  flashggJetSystematics7
TimeReport   0.000403     0.001136     0.001136  flashggJetSystematics8
TimeReport   0.000405     0.001143     0.001143  flashggJetSystematics9
TimeReport   0.000022     0.000022     0.000022  flashggMetFilters
TimeReport   0.000122     0.000345     0.000345  flashggMetSystematics
TimeReport   0.000021     0.000058     0.000058  flashggMuonSystematics
TimeReport   0.000263     0.000742     0.000742  flashggPrefireDiPhotons
TimeReport   0.000072     0.000203     0.000203  flashggPreselectedDiPhotons
TimeReport   0.000018     0.000051     0.000051  flashggStageOneCombinedTag
TimeReport   0.000003     0.000007     0.000007  flashggSystTagMerger
TimeReport   0.000172     0.000484     0.000484  flashggTHQLeptonicTag
TimeReport   0.000974     0.002749     0.002749  flashggTTHHadronicTag
TimeReport   0.000057     0.000160     0.000160  flashggTTHLeptonicTag
TimeReport   0.000049     0.000140     0.000140  flashggTagSorter
TimeReport   0.000203     0.000574     0.000574  flashggUnpackedJets
TimeReport   0.000017     0.000049     0.000049  flashggVBFMVA
TimeReport   0.000082     0.000232     0.000232  flashggVHMetTag
TimeReport   0.000010     0.000028     0.000028  flashggVHhadMVA
TimeReport   0.000016     0.000044     0.000044  flashggWHLeptonicTag
TimeReport   0.000013     0.000036     0.000036  flashggZHLeptonicTag
TimeReport   0.000005     0.000005     0.000005  p
TimeReport   0.000395     0.001116     0.001116  tagsDumper
TimeReport  per event     per exec    per visit  Name

T---Report end!


=============================================

MessageLogger Summary

 type     category        sev    module        subroutine        count    total
 ---- -------------------- -- ---------------- ----------------  -----    -----
    1 XrdAdaptor           -w file_open                              1        1
    2 fileAction           -s file_close                             1        1
    3 fileAction           -s file_open                              2        2

 type    category    Examples: run/evt        run/evt          run/evt
 ---- -------------------- ---------------- ---------------- ----------------
    1 XrdAdaptor           pre-events                        
    2 fileAction           PostGlobalEndRun                  
    3 fileAction           pre-events       pre-events       

Severity    # Occurrences   Total Occurrences
--------    -------------   -----------------
Warning                 1                   1
System                  3                   3

dropped waiting message count 0
