mkdir: cannot create directory '/afs/cern.ch/user/x/xisu/private/local/Analysis_workspace/VH_AC_tmp1/flashgg_d2/CMSSW_10_6_29/src/flashgg/VHAC_Analysis_Met/UL_17/UL17_zh125': File exists
/cvmfs/cms.cern.ch/slc7_amd64_gcc700/external/py2-requests/2.21.0-pafccj2/lib/python2.7/site-packages/requests/__init__.py:91: RequestsDependencyWarning: urllib3 (1.25.2) or chardet (3.0.4) doesn't match a supported version!
  RequestsDependencyWarning)
07-Feb-2023 05:24:38 CET  Initiating request to open file root://cms-xrd-global.cern.ch//store/user/alesauva/flashgg/UL2017_3/10_6_4/VHToGG_M125_TuneCP5_13TeV-amcatnloFXFX-madspin-pythia8/UL2017_3-10_6_4-v0-RunIISummer19UL17MiniAOD-106X_mc2017_realistic_v6-v1/200718_083214/0000/myMicroAODOutputFile_11.root
[2023-02-07 05:25:25.072523 +0100][Error  ][AsyncSock         ] [xrootd.ba.infn.it:1094 #0.0] Socket error while handshaking: [ERROR] Socket timeout
[2023-02-07 05:25:25.072787 +0100][Error  ][PostMaster        ] [xrootd.ba.infn.it:1094 #0] elapsed = 46, pConnectionWindow = 31 seconds.
[2023-02-07 05:26:10.322133 +0100][Error  ][AsyncSock         ] [xrootd.ba.infn.it:1094 #0.0] Socket error while handshaking: [ERROR] Socket timeout
[2023-02-07 05:26:10.322261 +0100][Error  ][PostMaster        ] [xrootd.ba.infn.it:1094 #0] elapsed = 45, pConnectionWindow = 31 seconds.
[2023-02-07 05:26:10.322309 +0100][Error  ][PostMaster        ] [xrootd.ba.infn.it:1094 #0] Unable to recover: [ERROR] Socket timeout.
[2023-02-07 05:26:10.322332 +0100][Error  ][XRootD            ] [xrootd.ba.infn.it:1094] Impossible to send message kXR_open (file: /store/user/alesauva/flashgg/UL2017_3/10_6_4/VHToGG_M125_TuneCP5_13TeV-amcatnloFXFX-madspin-pythia8/UL2017_3-10_6_4-v0-RunIISummer19UL17MiniAOD-106X_mc2017_realistic_v6-v1/200718_083214/0000/myMicroAODOutputFile_11.root, mode: 0660, flags: kXR_open_read kXR_async kXR_retstat ). Trying to recover.
%MSG-w XrdAdaptor:  file_open 07-Feb-2023 05:26:23 CET pre-events
Data is served from GRIF-IRFU instead of original site CERN-CMSGLOBAL-01
%MSG
07-Feb-2023 05:26:27 CET  Successfully opened file root://cms-xrd-global.cern.ch//store/user/alesauva/flashgg/UL2017_3/10_6_4/VHToGG_M125_TuneCP5_13TeV-amcatnloFXFX-madspin-pythia8/UL2017_3-10_6_4-v0-RunIISummer19UL17MiniAOD-106X_mc2017_realistic_v6-v1/200718_083214/0000/myMicroAODOutputFile_11.root
2023-02-07 05:45:12.217126: I tensorflow/core/platform/cpu_feature_guard.cc:140] Your CPU supports instructions that this TensorFlow binary was not compiled to use: SSE4.1 SSE4.2 AVX AVX2 FMA
Begin processing the 1st record. Run 1, Event 85067, LumiSection 316 on stream 0 at 07-Feb-2023 05:46:54.472 CET
[2023-02-07 05:47:38.392112 +0100][Error  ][AsyncSock         ] [xrootd.ba.infn.it:1094 #0.0] Socket error while handshaking: [ERROR] Socket timeout
[2023-02-07 05:47:38.392338 +0100][Error  ][PostMaster        ] [xrootd.ba.infn.it:1094 #0] elapsed = 45, pConnectionWindow = 31 seconds.
[2023-02-07 05:48:23.649208 +0100][Error  ][AsyncSock         ] [xrootd.ba.infn.it:1094 #0.0] Socket error while handshaking: [ERROR] Socket timeout
[2023-02-07 05:48:23.649389 +0100][Error  ][PostMaster        ] [xrootd.ba.infn.it:1094 #0] elapsed = 45, pConnectionWindow = 31 seconds.
[2023-02-07 05:48:23.649419 +0100][Error  ][PostMaster        ] [xrootd.ba.infn.it:1094 #0] Unable to recover: [ERROR] Socket timeout.
[2023-02-07 05:48:23.649447 +0100][Error  ][XRootD            ] [xrootd.ba.infn.it:1094] Impossible to send message kXR_open (file: /store/user/alesauva/flashgg/UL2017_3/10_6_4/VHToGG_M125_TuneCP5_13TeV-amcatnloFXFX-madspin-pythia8/UL2017_3-10_6_4-v0-RunIISummer19UL17MiniAOD-106X_mc2017_realistic_v6-v1/200718_083214/0000/myMicroAODOutputFile_11.root?tried=stor96.datagrid.cea.fr, mode: 0660, flags: kXR_open_read kXR_async kXR_retstat ). Trying to recover.
[2023-02-07 05:52:41.295119 +0100][Error  ][AsyncSock         ] [xrootd.ba.infn.it:1094 #0.0] Socket error while handshaking: [ERROR] Socket timeout
[2023-02-07 05:52:41.306259 +0100][Error  ][PostMaster        ] [xrootd.ba.infn.it:1094 #0] elapsed = 45, pConnectionWindow = 31 seconds.
[2023-02-07 05:53:26.598101 +0100][Error  ][AsyncSock         ] [xrootd.ba.infn.it:1094 #0.0] Socket error while handshaking: [ERROR] Socket timeout
[2023-02-07 05:53:26.598286 +0100][Error  ][PostMaster        ] [xrootd.ba.infn.it:1094 #0] elapsed = 45, pConnectionWindow = 31 seconds.
[2023-02-07 05:53:26.598310 +0100][Error  ][PostMaster        ] [xrootd.ba.infn.it:1094 #0] Unable to recover: [ERROR] Socket timeout.
[2023-02-07 05:53:26.598324 +0100][Error  ][XRootD            ] [xrootd.ba.infn.it:1094] Impossible to send message kXR_open (file: /store/user/alesauva/flashgg/UL2017_3/10_6_4/VHToGG_M125_TuneCP5_13TeV-amcatnloFXFX-madspin-pythia8/UL2017_3-10_6_4-v0-RunIISummer19UL17MiniAOD-106X_mc2017_realistic_v6-v1/200718_083214/0000/myMicroAODOutputFile_11.root?tried=stor96.datagrid.cea.fr, mode: 0660, flags: kXR_open_read kXR_async kXR_retstat ). Trying to recover.
Begin processing the 1001st record. Run 1, Event 499785, LumiSection 1852 on stream 0 at 07-Feb-2023 05:53:39.306 CET
Begin processing the 2001st record. Run 1, Event 502710, LumiSection 1862 on stream 0 at 07-Feb-2023 05:55:10.479 CET
Begin processing the 3001st record. Run 1, Event 505758, LumiSection 1874 on stream 0 at 07-Feb-2023 05:56:34.268 CET
Begin processing the 4001st record. Run 1, Event 509168, LumiSection 1886 on stream 0 at 07-Feb-2023 05:58:14.852 CET
Begin processing the 5001st record. Run 1, Event 1099742, LumiSection 4074 on stream 0 at 07-Feb-2023 05:59:44.749 CET
Begin processing the 6001st record. Run 1, Event 1051292, LumiSection 3894 on stream 0 at 07-Feb-2023 06:01:04.870 CET
[2023-02-07 06:01:30.670127 +0100][Error  ][AsyncSock         ] [xrootd.ba.infn.it:1094 #0.0] Socket error while handshaking: [ERROR] Socket timeout
[2023-02-07 06:01:30.670285 +0100][Error  ][PostMaster        ] [xrootd.ba.infn.it:1094 #0] elapsed = 45, pConnectionWindow = 31 seconds.
[2023-02-07 06:02:15.831103 +0100][Error  ][AsyncSock         ] [xrootd.ba.infn.it:1094 #0.0] Socket error while handshaking: [ERROR] Socket timeout
[2023-02-07 06:02:15.831266 +0100][Error  ][PostMaster        ] [xrootd.ba.infn.it:1094 #0] elapsed = 45, pConnectionWindow = 31 seconds.
[2023-02-07 06:02:15.831292 +0100][Error  ][PostMaster        ] [xrootd.ba.infn.it:1094 #0] Unable to recover: [ERROR] Socket timeout.
[2023-02-07 06:02:15.831308 +0100][Error  ][XRootD            ] [xrootd.ba.infn.it:1094] Impossible to send message kXR_open (file: /store/user/alesauva/flashgg/UL2017_3/10_6_4/VHToGG_M125_TuneCP5_13TeV-amcatnloFXFX-madspin-pythia8/UL2017_3-10_6_4-v0-RunIISummer19UL17MiniAOD-106X_mc2017_realistic_v6-v1/200718_083214/0000/myMicroAODOutputFile_11.root?tried=stor96.datagrid.cea.fr, mode: 0660, flags: kXR_open_read kXR_async kXR_retstat ). Trying to recover.
Begin processing the 7001st record. Run 1, Event 65204, LumiSection 242 on stream 0 at 07-Feb-2023 06:02:36.386 CET
Begin processing the 8001st record. Run 1, Event 68164, LumiSection 253 on stream 0 at 07-Feb-2023 06:03:55.932 CET
Begin processing the 9001st record. Run 1, Event 92088, LumiSection 342 on stream 0 at 07-Feb-2023 06:05:13.952 CET
Begin processing the 10001st record. Run 1, Event 94921, LumiSection 352 on stream 0 at 07-Feb-2023 06:06:39.892 CET
[2023-02-07 06:06:44.366149 +0100][Error  ][AsyncSock         ] [xrootd.ba.infn.it:1094 #0.0] Socket error while handshaking: [ERROR] Socket timeout
[2023-02-07 06:06:44.366346 +0100][Error  ][PostMaster        ] [xrootd.ba.infn.it:1094 #0] elapsed = 45, pConnectionWindow = 31 seconds.
[2023-02-07 06:07:29.374115 +0100][Error  ][AsyncSock         ] [xrootd.ba.infn.it:1094 #0.0] Socket error while handshaking: [ERROR] Socket timeout
[2023-02-07 06:07:29.374298 +0100][Error  ][PostMaster        ] [xrootd.ba.infn.it:1094 #0] elapsed = 45, pConnectionWindow = 31 seconds.
[2023-02-07 06:07:29.374322 +0100][Error  ][PostMaster        ] [xrootd.ba.infn.it:1094 #0] Unable to recover: [ERROR] Socket timeout.
[2023-02-07 06:07:29.374337 +0100][Error  ][XRootD            ] [xrootd.ba.infn.it:1094] Impossible to send message kXR_open (file: /store/user/alesauva/flashgg/UL2017_3/10_6_4/VHToGG_M125_TuneCP5_13TeV-amcatnloFXFX-madspin-pythia8/UL2017_3-10_6_4-v0-RunIISummer19UL17MiniAOD-106X_mc2017_realistic_v6-v1/200718_083214/0000/myMicroAODOutputFile_11.root?tried=stor96.datagrid.cea.fr, mode: 0660, flags: kXR_open_read kXR_async kXR_retstat ). Trying to recover.
Begin processing the 11001st record. Run 1, Event 97697, LumiSection 362 on stream 0 at 07-Feb-2023 06:08:14.303 CET
Begin processing the 12001st record. Run 1, Event 110608, LumiSection 410 on stream 0 at 07-Feb-2023 06:09:29.054 CET
Begin processing the 13001st record. Run 1, Event 113397, LumiSection 420 on stream 0 at 07-Feb-2023 06:10:49.566 CET
[2023-02-07 06:12:00.468632 +0100][Error  ][AsyncSock         ] [xrootd.ba.infn.it:1094 #0.0] Socket error while handshaking: [ERROR] Socket timeout
[2023-02-07 06:12:00.468820 +0100][Error  ][PostMaster        ] [xrootd.ba.infn.it:1094 #0] elapsed = 45, pConnectionWindow = 31 seconds.
Begin processing the 14001st record. Run 1, Event 1009918, LumiSection 3741 on stream 0 at 07-Feb-2023 06:12:12.782 CET
[2023-02-07 06:12:45.385143 +0100][Error  ][AsyncSock         ] [xrootd.ba.infn.it:1094 #0.0] Socket error while handshaking: [ERROR] Socket timeout
[2023-02-07 06:12:45.385326 +0100][Error  ][PostMaster        ] [xrootd.ba.infn.it:1094 #0] elapsed = 45, pConnectionWindow = 31 seconds.
[2023-02-07 06:12:45.385351 +0100][Error  ][PostMaster        ] [xrootd.ba.infn.it:1094 #0] Unable to recover: [ERROR] Socket timeout.
[2023-02-07 06:12:45.385371 +0100][Error  ][XRootD            ] [xrootd.ba.infn.it:1094] Impossible to send message kXR_open (file: /store/user/alesauva/flashgg/UL2017_3/10_6_4/VHToGG_M125_TuneCP5_13TeV-amcatnloFXFX-madspin-pythia8/UL2017_3-10_6_4-v0-RunIISummer19UL17MiniAOD-106X_mc2017_realistic_v6-v1/200718_083214/0000/myMicroAODOutputFile_11.root?tried=stor96.datagrid.cea.fr, mode: 0660, flags: kXR_open_read kXR_async kXR_retstat ). Trying to recover.
Begin processing the 15001st record. Run 1, Event 1012651, LumiSection 3751 on stream 0 at 07-Feb-2023 06:13:31.061 CET
Begin processing the 16001st record. Run 1, Event 1249017, LumiSection 4626 on stream 0 at 07-Feb-2023 06:15:20.995 CET
Begin processing the 17001st record. Run 1, Event 1313189, LumiSection 4864 on stream 0 at 07-Feb-2023 06:16:35.359 CET
[2023-02-07 06:17:33.597111 +0100][Error  ][AsyncSock         ] [xrootd.ba.infn.it:1094 #0.0] Socket error while handshaking: [ERROR] Socket timeout
[2023-02-07 06:17:33.597289 +0100][Error  ][PostMaster        ] [xrootd.ba.infn.it:1094 #0] elapsed = 45, pConnectionWindow = 31 seconds.
Begin processing the 18001st record. Run 1, Event 101796, LumiSection 378 on stream 0 at 07-Feb-2023 06:18:06.384 CET
[2023-02-07 06:18:18.605110 +0100][Error  ][AsyncSock         ] [xrootd.ba.infn.it:1094 #0.0] Socket error while handshaking: [ERROR] Socket timeout
[2023-02-07 06:18:18.605235 +0100][Error  ][PostMaster        ] [xrootd.ba.infn.it:1094 #0] elapsed = 45, pConnectionWindow = 31 seconds.
[2023-02-07 06:18:18.605260 +0100][Error  ][PostMaster        ] [xrootd.ba.infn.it:1094 #0] Unable to recover: [ERROR] Socket timeout.
[2023-02-07 06:18:18.605275 +0100][Error  ][XRootD            ] [xrootd.ba.infn.it:1094] Impossible to send message kXR_open (file: /store/user/alesauva/flashgg/UL2017_3/10_6_4/VHToGG_M125_TuneCP5_13TeV-amcatnloFXFX-madspin-pythia8/UL2017_3-10_6_4-v0-RunIISummer19UL17MiniAOD-106X_mc2017_realistic_v6-v1/200718_083214/0000/myMicroAODOutputFile_11.root?tried=stor96.datagrid.cea.fr, mode: 0660, flags: kXR_open_read kXR_async kXR_retstat ). Trying to recover.
Begin processing the 19001st record. Run 1, Event 104662, LumiSection 388 on stream 0 at 07-Feb-2023 06:19:25.010 CET
Begin processing the 20001st record. Run 1, Event 107509, LumiSection 399 on stream 0 at 07-Feb-2023 06:20:59.035 CET
Begin processing the 21001st record. Run 1, Event 369527, LumiSection 1369 on stream 0 at 07-Feb-2023 06:22:19.621 CET
[2023-02-07 06:23:00.357179 +0100][Error  ][AsyncSock         ] [xrootd.ba.infn.it:1094 #0.0] Socket error while handshaking: [ERROR] Socket timeout
[2023-02-07 06:23:00.357332 +0100][Error  ][PostMaster        ] [xrootd.ba.infn.it:1094 #0] elapsed = 46, pConnectionWindow = 31 seconds.
[2023-02-07 06:23:45.656143 +0100][Error  ][AsyncSock         ] [xrootd.ba.infn.it:1094 #0.0] Socket error while handshaking: [ERROR] Socket timeout
[2023-02-07 06:23:45.656322 +0100][Error  ][PostMaster        ] [xrootd.ba.infn.it:1094 #0] elapsed = 45, pConnectionWindow = 31 seconds.
[2023-02-07 06:23:45.656353 +0100][Error  ][PostMaster        ] [xrootd.ba.infn.it:1094 #0] Unable to recover: [ERROR] Socket timeout.
[2023-02-07 06:23:45.656372 +0100][Error  ][XRootD            ] [xrootd.ba.infn.it:1094] Impossible to send message kXR_open (file: /store/user/alesauva/flashgg/UL2017_3/10_6_4/VHToGG_M125_TuneCP5_13TeV-amcatnloFXFX-madspin-pythia8/UL2017_3-10_6_4-v0-RunIISummer19UL17MiniAOD-106X_mc2017_realistic_v6-v1/200718_083214/0000/myMicroAODOutputFile_11.root?tried=stor96.datagrid.cea.fr, mode: 0660, flags: kXR_open_read kXR_async kXR_retstat ). Trying to recover.
Begin processing the 22001st record. Run 1, Event 512177, LumiSection 1897 on stream 0 at 07-Feb-2023 06:23:48.792 CET
Begin processing the 23001st record. Run 1, Event 782392, LumiSection 2898 on stream 0 at 07-Feb-2023 06:25:14.204 CET
Begin processing the 24001st record. Run 1, Event 1253227, LumiSection 4642 on stream 0 at 07-Feb-2023 06:26:32.305 CET
07-Feb-2023 06:27:54 CET  Closed file root://cms-xrd-global.cern.ch//store/user/alesauva/flashgg/UL2017_3/10_6_4/VHToGG_M125_TuneCP5_13TeV-amcatnloFXFX-madspin-pythia8/UL2017_3-10_6_4-v0-RunIISummer19UL17MiniAOD-106X_mc2017_realistic_v6-v1/200718_083214/0000/myMicroAODOutputFile_11.root

TrigReport ---------- Event  Summary ------------
TrigReport Events total = 24976 passed = 8867 failed = 16109

TrigReport ---------- Path   Summary ------------
TrigReport  Trig Bit#   Executed     Passed     Failed      Error Name
TrigReport     1    0      24976       8867      16109          0 p

TrigReport -------End-Path   Summary ------------
TrigReport  Trig Bit#   Executed     Passed     Failed      Error Name

TrigReport ---------- Modules in Path: p ------------
TrigReport  Trig Bit#    Visited     Passed     Failed      Error Name
TrigReport     1    0      24976      24854        122          0 flashggMetFilters
TrigReport     1    1      24854       8867      15987          0 VHFilter
TrigReport     1    2       8867       8867          0          0 flashggDifferentialPhoIdInputsCorrection
TrigReport     1    3       8867       8867          0          0 flashggDiPhotonSystematics
TrigReport     1    4       8867       8867          0          0 flashggMetSystematics
TrigReport     1    5       8867       8867          0          0 flashggMuonSystematics
TrigReport     1    6       8867       8867          0          0 flashggElectronSystematics
TrigReport     1    7       8867       8867          0          0 flashggUnpackedJets
TrigReport     1    8       8867       8867          0          0 flashggJetSystematics0
TrigReport     1    9       8867       8867          0          0 flashggJetSystematics1
TrigReport     1   10       8867       8867          0          0 flashggJetSystematics2
TrigReport     1   11       8867       8867          0          0 flashggJetSystematics3
TrigReport     1   12       8867       8867          0          0 flashggJetSystematics4
TrigReport     1   13       8867       8867          0          0 flashggJetSystematics5
TrigReport     1   14       8867       8867          0          0 flashggJetSystematics6
TrigReport     1   15       8867       8867          0          0 flashggJetSystematics7
TrigReport     1   16       8867       8867          0          0 flashggJetSystematics8
TrigReport     1   17       8867       8867          0          0 flashggJetSystematics9
TrigReport     1   18       8867       8867          0          0 flashggJetSystematics10
TrigReport     1   19       8867       8867          0          0 flashggJetSystematics11
TrigReport     1   20       8867       8867          0          0 flashggPrefireDiPhotons
TrigReport     1   21       8867       8867          0          0 flashggPreselectedDiPhotons
TrigReport     1   22       8867       8867          0          0 flashggDiPhotonMVA
TrigReport     1   23       8867       8867          0          0 flashggVBFMVA
TrigReport     1   24       8867       8867          0          0 flashggVHhadMVA
TrigReport     1   25       8867       8867          0          0 flashggGluGluHMVA
TrigReport     1   26       8867       8867          0          0 flashggStageOneCombinedTag
TrigReport     1   27       8867       8867          0          0 flashggTHQLeptonicTag
TrigReport     1   28       8867       8867          0          0 flashggVHMetTag
TrigReport     1   29       8867       8867          0          0 flashggWHLeptonicTag
TrigReport     1   30       8867       8867          0          0 flashggZHLeptonicTag
TrigReport     1   31       8867       8867          0          0 flashggTTHLeptonicTag
TrigReport     1   32       8867       8867          0          0 flashggTTHHadronicTag
TrigReport     1   33       8867       8867          0          0 flashggTagSorter
TrigReport     1   34       8867       8867          0          0 flashggSystTagMerger
TrigReport     1   35       8867       8867          0          0 tagsDumper

TrigReport ---------- Module Summary ------------
TrigReport    Visited   Executed     Passed     Failed      Error Name
TrigReport      24976      24976      24976          0          0 TriggerResults
TrigReport      24854      24854       8867      15987          0 VHFilter
TrigReport       8867       8867       8867          0          0 ak4PFCHSL1FastL2L3Corrector
TrigReport       8867       8867       8867          0          0 ak4PFCHSL1FastjetCorrector
TrigReport       8867       8867       8867          0          0 ak4PFCHSL2RelativeCorrector
TrigReport       8867       8867       8867          0          0 ak4PFCHSL3AbsoluteCorrector
TrigReport       8867       8867       8867          0          0 flashggDiPhotonMVA
TrigReport       8867       8867       8867          0          0 flashggDiPhotonSystematics
TrigReport       8867       8867       8867          0          0 flashggDifferentialPhoIdInputsCorrection
TrigReport       8867       8867       8867          0          0 flashggElectronSystematics
TrigReport       8867       8867       8867          0          0 flashggGluGluHMVA
TrigReport       8867       8867       8867          0          0 flashggJetSystematics0
TrigReport       8867       8867       8867          0          0 flashggJetSystematics1
TrigReport       8867       8867       8867          0          0 flashggJetSystematics10
TrigReport       8867       8867       8867          0          0 flashggJetSystematics11
TrigReport       8867       8867       8867          0          0 flashggJetSystematics2
TrigReport       8867       8867       8867          0          0 flashggJetSystematics3
TrigReport       8867       8867       8867          0          0 flashggJetSystematics4
TrigReport       8867       8867       8867          0          0 flashggJetSystematics5
TrigReport       8867       8867       8867          0          0 flashggJetSystematics6
TrigReport       8867       8867       8867          0          0 flashggJetSystematics7
TrigReport       8867       8867       8867          0          0 flashggJetSystematics8
TrigReport       8867       8867       8867          0          0 flashggJetSystematics9
TrigReport      24976      24976      24854        122          0 flashggMetFilters
TrigReport       8867       8867       8867          0          0 flashggMetSystematics
TrigReport       8867       8867       8867          0          0 flashggMuonSystematics
TrigReport       8867       8867       8867          0          0 flashggPrefireDiPhotons
TrigReport       8867       8867       8867          0          0 flashggPreselectedDiPhotons
TrigReport       8867       8867       8867          0          0 flashggStageOneCombinedTag
TrigReport       8867       8867       8867          0          0 flashggSystTagMerger
TrigReport       8867       8867       8867          0          0 flashggTHQLeptonicTag
TrigReport       8867       8867       8867          0          0 flashggTTHHadronicTag
TrigReport       8867       8867       8867          0          0 flashggTTHLeptonicTag
TrigReport       8867       8867       8867          0          0 flashggTagSorter
TrigReport       8867       8867       8867          0          0 flashggUnpackedJets
TrigReport       8867       8867       8867          0          0 flashggVBFMVA
TrigReport       8867       8867       8867          0          0 flashggVHMetTag
TrigReport       8867       8867       8867          0          0 flashggVHhadMVA
TrigReport       8867       8867       8867          0          0 flashggWHLeptonicTag
TrigReport       8867       8867       8867          0          0 flashggZHLeptonicTag
TrigReport      24976      24976      24976          0          0 p
TrigReport       8867       8867       8867          0          0 tagsDumper

TimeReport ---------- Event  Summary ---[sec]----
TimeReport       event loop CPU/event = 0.093804
TimeReport      event loop Real/event = 0.098564
TimeReport     sum Streams Real/event = 0.095289
TimeReport efficiency CPU/Real/thread = 0.951704

TimeReport ---------- Path   Summary ---[Real sec]----
TimeReport  per event     per exec  Name
TimeReport   0.094759     0.094759  p
TimeReport  per event     per exec  Name

TimeReport -------End-Path   Summary ---[Real sec]----
TimeReport  per event     per exec  Name
TimeReport  per event     per exec  Name

TimeReport ---------- Modules in Path: p ---[Real sec]----
TimeReport  per event    per visit  Name
TimeReport   0.000025     0.000025  flashggMetFilters
TimeReport   0.000010     0.000010  VHFilter
TimeReport   0.043432     0.122337  flashggDifferentialPhoIdInputsCorrection
TimeReport   0.037666     0.106096  flashggDiPhotonSystematics
TimeReport   0.000129     0.000363  flashggMetSystematics
TimeReport   0.000019     0.000053  flashggMuonSystematics
TimeReport   0.000030     0.000084  flashggElectronSystematics
TimeReport   0.000220     0.000618  flashggUnpackedJets
TimeReport   0.003321     0.009353  flashggJetSystematics0
TimeReport   0.000524     0.001475  flashggJetSystematics1
TimeReport   0.000462     0.001302  flashggJetSystematics2
TimeReport   0.000446     0.001255  flashggJetSystematics3
TimeReport   0.000435     0.001226  flashggJetSystematics4
TimeReport   0.000434     0.001223  flashggJetSystematics5
TimeReport   0.000428     0.001206  flashggJetSystematics6
TimeReport   0.000426     0.001199  flashggJetSystematics7
TimeReport   0.000429     0.001209  flashggJetSystematics8
TimeReport   0.000422     0.001189  flashggJetSystematics9
TimeReport   0.000424     0.001194  flashggJetSystematics10
TimeReport   0.000422     0.001189  flashggJetSystematics11
TimeReport   0.000271     0.000764  flashggPrefireDiPhotons
TimeReport   0.000079     0.000224  flashggPreselectedDiPhotons
TimeReport   0.000024     0.000067  flashggDiPhotonMVA
TimeReport   0.000018     0.000050  flashggVBFMVA
TimeReport   0.000011     0.000030  flashggVHhadMVA
TimeReport   0.000027     0.000077  flashggGluGluHMVA
TimeReport   0.000019     0.000055  flashggStageOneCombinedTag
TimeReport   0.000473     0.001332  flashggTHQLeptonicTag
TimeReport   0.000109     0.000307  flashggVHMetTag
TimeReport   0.000020     0.000057  flashggWHLeptonicTag
TimeReport   0.000016     0.000046  flashggZHLeptonicTag
TimeReport   0.000403     0.001136  flashggTTHLeptonicTag
TimeReport   0.001216     0.003426  flashggTTHHadronicTag
TimeReport   0.000053     0.000150  flashggTagSorter
TimeReport   0.000002     0.000007  flashggSystTagMerger
TimeReport   0.000419     0.001179  tagsDumper
TimeReport  per event    per visit  Name

TimeReport ---------- Module Summary ---[Real sec]----
TimeReport  per event     per exec    per visit  Name
TimeReport   0.000003     0.000003     0.000003  TriggerResults
TimeReport   0.000010     0.000010     0.000010  VHFilter
TimeReport   0.000002     0.000006     0.000006  ak4PFCHSL1FastL2L3Corrector
TimeReport   0.000003     0.000008     0.000008  ak4PFCHSL1FastjetCorrector
TimeReport   0.000001     0.000003     0.000003  ak4PFCHSL2RelativeCorrector
TimeReport   0.000005     0.000015     0.000015  ak4PFCHSL3AbsoluteCorrector
TimeReport   0.000024     0.000067     0.000067  flashggDiPhotonMVA
TimeReport   0.037666     0.106096     0.106096  flashggDiPhotonSystematics
TimeReport   0.043432     0.122337     0.122337  flashggDifferentialPhoIdInputsCorrection
TimeReport   0.000030     0.000084     0.000084  flashggElectronSystematics
TimeReport   0.000027     0.000077     0.000077  flashggGluGluHMVA
TimeReport   0.003321     0.009353     0.009353  flashggJetSystematics0
TimeReport   0.000524     0.001475     0.001475  flashggJetSystematics1
TimeReport   0.000424     0.001194     0.001194  flashggJetSystematics10
TimeReport   0.000422     0.001189     0.001189  flashggJetSystematics11
TimeReport   0.000462     0.001302     0.001302  flashggJetSystematics2
TimeReport   0.000446     0.001255     0.001255  flashggJetSystematics3
TimeReport   0.000435     0.001226     0.001226  flashggJetSystematics4
TimeReport   0.000434     0.001223     0.001223  flashggJetSystematics5
TimeReport   0.000428     0.001206     0.001206  flashggJetSystematics6
TimeReport   0.000426     0.001199     0.001199  flashggJetSystematics7
TimeReport   0.000429     0.001209     0.001209  flashggJetSystematics8
TimeReport   0.000422     0.001189     0.001189  flashggJetSystematics9
TimeReport   0.000025     0.000025     0.000025  flashggMetFilters
TimeReport   0.000129     0.000363     0.000363  flashggMetSystematics
TimeReport   0.000019     0.000053     0.000053  flashggMuonSystematics
TimeReport   0.000271     0.000764     0.000764  flashggPrefireDiPhotons
TimeReport   0.000079     0.000224     0.000224  flashggPreselectedDiPhotons
TimeReport   0.000019     0.000055     0.000055  flashggStageOneCombinedTag
TimeReport   0.000002     0.000007     0.000007  flashggSystTagMerger
TimeReport   0.000473     0.001332     0.001332  flashggTHQLeptonicTag
TimeReport   0.001216     0.003426     0.003426  flashggTTHHadronicTag
TimeReport   0.000403     0.001136     0.001136  flashggTTHLeptonicTag
TimeReport   0.000053     0.000150     0.000150  flashggTagSorter
TimeReport   0.000220     0.000618     0.000618  flashggUnpackedJets
TimeReport   0.000018     0.000050     0.000050  flashggVBFMVA
TimeReport   0.000109     0.000307     0.000307  flashggVHMetTag
TimeReport   0.000011     0.000030     0.000030  flashggVHhadMVA
TimeReport   0.000020     0.000057     0.000057  flashggWHLeptonicTag
TimeReport   0.000016     0.000046     0.000046  flashggZHLeptonicTag
TimeReport   0.000005     0.000005     0.000005  p
TimeReport   0.000419     0.001179     0.001179  tagsDumper
TimeReport  per event     per exec    per visit  Name

T---Report end!


=============================================

MessageLogger Summary

 type     category        sev    module        subroutine        count    total
 ---- -------------------- -- ---------------- ----------------  -----    -----
    1 XrdAdaptor           -w file_open                              1        1
    2 fileAction           -s file_close                             1        1
    3 fileAction           -s file_open                              2        2

 type    category    Examples: run/evt        run/evt          run/evt
 ---- -------------------- ---------------- ---------------- ----------------
    1 XrdAdaptor           pre-events                        
    2 fileAction           PostGlobalEndRun                  
    3 fileAction           pre-events       pre-events       

Severity    # Occurrences   Total Occurrences
--------    -------------   -----------------
Warning                 1                   1
System                  3                   3

dropped waiting message count 0
[2023-02-07 06:28:21.052120 +0100][Error  ][AsyncSock         ] [xrootd.ba.infn.it:1094 #0.0] Socket error while handshaking: [ERROR] Socket timeout
[2023-02-07 06:28:21.052277 +0100][Error  ][PostMaster        ] [xrootd.ba.infn.it:1094 #0] elapsed = 45, pConnectionWindow = 31 seconds.
[2023-02-07 06:29:06.322222 +0100][Error  ][AsyncSock         ] [xrootd.ba.infn.it:1094 #0.0] Socket error while handshaking: [ERROR] Socket timeout
[2023-02-07 06:29:06.322430 +0100][Error  ][PostMaster        ] [xrootd.ba.infn.it:1094 #0] elapsed = 45, pConnectionWindow = 31 seconds.
[2023-02-07 06:29:06.322478 +0100][Error  ][PostMaster        ] [xrootd.ba.infn.it:1094 #0] Unable to recover: [ERROR] Socket timeout.
[2023-02-07 06:29:06.322500 +0100][Error  ][XRootD            ] [xrootd.ba.infn.it:1094] Impossible to send message kXR_open (file: /store/user/alesauva/flashgg/UL2017_3/10_6_4/VHToGG_M125_TuneCP5_13TeV-amcatnloFXFX-madspin-pythia8/UL2017_3-10_6_4-v0-RunIISummer19UL17MiniAOD-106X_mc2017_realistic_v6-v1/200718_083214/0000/myMicroAODOutputFile_11.root?tried=stor96.datagrid.cea.fr, mode: 0660, flags: kXR_open_read kXR_async kXR_retstat ). Trying to recover.
