mkdir: cannot create directory '/afs/cern.ch/user/x/xisu/private/local/Analysis_workspace/VH_AC_tmp1/flashgg_d2/CMSSW_10_6_29/src/flashgg/VHAC_Analysis_Met/UL_17/UL17_zh125': File exists
/cvmfs/cms.cern.ch/slc7_amd64_gcc700/external/py2-requests/2.21.0-pafccj2/lib/python2.7/site-packages/requests/__init__.py:91: RequestsDependencyWarning: urllib3 (1.25.2) or chardet (3.0.4) doesn't match a supported version!
  RequestsDependencyWarning)
07-Feb-2023 05:24:53 CET  Initiating request to open file root://cms-xrd-global.cern.ch//store/user/alesauva/flashgg/UL2017_3/10_6_4/VHToGG_M125_TuneCP5_13TeV-amcatnloFXFX-madspin-pythia8/UL2017_3-10_6_4-v0-RunIISummer19UL17MiniAOD-106X_mc2017_realistic_v6-v1/200718_083214/0000/myMicroAODOutputFile_18.root
[2023-02-07 05:25:40.229319 +0100][Error  ][AsyncSock         ] [xrootd.ba.infn.it:1094 #0.0] Socket error while handshaking: [ERROR] Socket timeout
[2023-02-07 05:25:40.229535 +0100][Error  ][PostMaster        ] [xrootd.ba.infn.it:1094 #0] elapsed = 46, pConnectionWindow = 31 seconds.
[2023-02-07 05:26:25.484051 +0100][Error  ][AsyncSock         ] [xrootd.ba.infn.it:1094 #0.0] Socket error while handshaking: [ERROR] Socket timeout
[2023-02-07 05:26:25.484221 +0100][Error  ][PostMaster        ] [xrootd.ba.infn.it:1094 #0] elapsed = 45, pConnectionWindow = 31 seconds.
[2023-02-07 05:26:25.484258 +0100][Error  ][PostMaster        ] [xrootd.ba.infn.it:1094 #0] Unable to recover: [ERROR] Socket timeout.
[2023-02-07 05:26:25.484274 +0100][Error  ][XRootD            ] [xrootd.ba.infn.it:1094] Impossible to send message kXR_open (file: /store/user/alesauva/flashgg/UL2017_3/10_6_4/VHToGG_M125_TuneCP5_13TeV-amcatnloFXFX-madspin-pythia8/UL2017_3-10_6_4-v0-RunIISummer19UL17MiniAOD-106X_mc2017_realistic_v6-v1/200718_083214/0000/myMicroAODOutputFile_18.root, mode: 0660, flags: kXR_open_read kXR_async kXR_retstat ). Trying to recover.
%MSG-w XrdAdaptor:  file_open 07-Feb-2023 05:26:31 CET pre-events
Data is served from GRIF-IRFU instead of original site CERN-CMSGLOBAL-02
%MSG
07-Feb-2023 05:26:34 CET  Successfully opened file root://cms-xrd-global.cern.ch//store/user/alesauva/flashgg/UL2017_3/10_6_4/VHToGG_M125_TuneCP5_13TeV-amcatnloFXFX-madspin-pythia8/UL2017_3-10_6_4-v0-RunIISummer19UL17MiniAOD-106X_mc2017_realistic_v6-v1/200718_083214/0000/myMicroAODOutputFile_18.root
2023-02-07 05:41:38.162624: I tensorflow/core/platform/cpu_feature_guard.cc:140] Your CPU supports instructions that this TensorFlow binary was not compiled to use: SSE4.1 SSE4.2 AVX AVX2 FMA
Begin processing the 1st record. Run 1, Event 1335713, LumiSection 4948 on stream 0 at 07-Feb-2023 05:42:40.121 CET
[2023-02-07 05:43:23.316158 +0100][Error  ][AsyncSock         ] [xrootd.ba.infn.it:1094 #0.0] Socket error while handshaking: [ERROR] Socket timeout
[2023-02-07 05:43:23.316328 +0100][Error  ][PostMaster        ] [xrootd.ba.infn.it:1094 #0] elapsed = 45, pConnectionWindow = 31 seconds.
[2023-02-07 05:44:08.585028 +0100][Error  ][AsyncSock         ] [xrootd.ba.infn.it:1094 #0.0] Socket error while handshaking: [ERROR] Socket timeout
[2023-02-07 05:44:08.585609 +0100][Error  ][PostMaster        ] [xrootd.ba.infn.it:1094 #0] elapsed = 45, pConnectionWindow = 31 seconds.
[2023-02-07 05:44:08.585629 +0100][Error  ][PostMaster        ] [xrootd.ba.infn.it:1094 #0] Unable to recover: [ERROR] Socket timeout.
[2023-02-07 05:44:08.585642 +0100][Error  ][XRootD            ] [xrootd.ba.infn.it:1094] Impossible to send message kXR_open (file: /store/user/alesauva/flashgg/UL2017_3/10_6_4/VHToGG_M125_TuneCP5_13TeV-amcatnloFXFX-madspin-pythia8/UL2017_3-10_6_4-v0-RunIISummer19UL17MiniAOD-106X_mc2017_realistic_v6-v1/200718_083214/0000/myMicroAODOutputFile_18.root?tried=stor93.datagrid.cea.fr, mode: 0660, flags: kXR_open_read kXR_async kXR_retstat ). Trying to recover.
Begin processing the 1001st record. Run 1, Event 1242581, LumiSection 4603 on stream 0 at 07-Feb-2023 05:46:41.366 CET
Begin processing the 2001st record. Run 1, Event 799485, LumiSection 2962 on stream 0 at 07-Feb-2023 05:47:32.670 CET
[2023-02-07 05:48:15.154121 +0100][Error  ][AsyncSock         ] [xrootd.ba.infn.it:1094 #0.0] Socket error while handshaking: [ERROR] Socket timeout
[2023-02-07 05:48:15.154293 +0100][Error  ][PostMaster        ] [xrootd.ba.infn.it:1094 #0] elapsed = 46, pConnectionWindow = 31 seconds.
Begin processing the 3001st record. Run 1, Event 802284, LumiSection 2972 on stream 0 at 07-Feb-2023 05:48:27.369 CET
[2023-02-07 05:49:00.845920 +0100][Error  ][AsyncSock         ] [xrootd.ba.infn.it:1094 #0.0] Socket error while handshaking: [ERROR] Socket timeout
[2023-02-07 05:49:00.846082 +0100][Error  ][PostMaster        ] [xrootd.ba.infn.it:1094 #0] elapsed = 45, pConnectionWindow = 31 seconds.
[2023-02-07 05:49:00.846099 +0100][Error  ][PostMaster        ] [xrootd.ba.infn.it:1094 #0] Unable to recover: [ERROR] Socket timeout.
[2023-02-07 05:49:00.846109 +0100][Error  ][XRootD            ] [xrootd.ba.infn.it:1094] Impossible to send message kXR_open (file: /store/user/alesauva/flashgg/UL2017_3/10_6_4/VHToGG_M125_TuneCP5_13TeV-amcatnloFXFX-madspin-pythia8/UL2017_3-10_6_4-v0-RunIISummer19UL17MiniAOD-106X_mc2017_realistic_v6-v1/200718_083214/0000/myMicroAODOutputFile_18.root?tried=stor93.datagrid.cea.fr, mode: 0660, flags: kXR_open_read kXR_async kXR_retstat ). Trying to recover.
Begin processing the 4001st record. Run 1, Event 805126, LumiSection 2982 on stream 0 at 07-Feb-2023 05:49:25.599 CET
Begin processing the 5001st record. Run 1, Event 1315686, LumiSection 4873 on stream 0 at 07-Feb-2023 05:50:24.266 CET
Begin processing the 6001st record. Run 1, Event 688223, LumiSection 2549 on stream 0 at 07-Feb-2023 05:51:30.141 CET
Begin processing the 7001st record. Run 1, Event 729972, LumiSection 2704 on stream 0 at 07-Feb-2023 05:52:38.518 CET
[2023-02-07 05:53:16.391959 +0100][Error  ][AsyncSock         ] [xrootd.ba.infn.it:1094 #0.0] Socket error while handshaking: [ERROR] Socket timeout
[2023-02-07 05:53:16.392101 +0100][Error  ][PostMaster        ] [xrootd.ba.infn.it:1094 #0] elapsed = 45, pConnectionWindow = 31 seconds.
Begin processing the 8001st record. Run 1, Event 736082, LumiSection 2727 on stream 0 at 07-Feb-2023 05:53:37.425 CET
[2023-02-07 05:54:01.878929 +0100][Error  ][AsyncSock         ] [xrootd.ba.infn.it:1094 #0.0] Socket error while handshaking: [ERROR] Socket timeout
[2023-02-07 05:54:01.879063 +0100][Error  ][PostMaster        ] [xrootd.ba.infn.it:1094 #0] elapsed = 45, pConnectionWindow = 31 seconds.
[2023-02-07 05:54:01.879079 +0100][Error  ][PostMaster        ] [xrootd.ba.infn.it:1094 #0] Unable to recover: [ERROR] Socket timeout.
[2023-02-07 05:54:01.879092 +0100][Error  ][XRootD            ] [xrootd.ba.infn.it:1094] Impossible to send message kXR_open (file: /store/user/alesauva/flashgg/UL2017_3/10_6_4/VHToGG_M125_TuneCP5_13TeV-amcatnloFXFX-madspin-pythia8/UL2017_3-10_6_4-v0-RunIISummer19UL17MiniAOD-106X_mc2017_realistic_v6-v1/200718_083214/0000/myMicroAODOutputFile_18.root?tried=stor93.datagrid.cea.fr, mode: 0660, flags: kXR_open_read kXR_async kXR_retstat ). Trying to recover.
Begin processing the 9001st record. Run 1, Event 1260280, LumiSection 4668 on stream 0 at 07-Feb-2023 05:54:26.746 CET
Begin processing the 10001st record. Run 1, Event 1265635, LumiSection 4688 on stream 0 at 07-Feb-2023 05:55:19.310 CET
Begin processing the 11001st record. Run 1, Event 1341733, LumiSection 4970 on stream 0 at 07-Feb-2023 05:56:20.537 CET
Begin processing the 12001st record. Run 1, Event 808538, LumiSection 2995 on stream 0 at 07-Feb-2023 05:57:16.371 CET
Begin processing the 13001st record. Run 1, Event 821981, LumiSection 3045 on stream 0 at 07-Feb-2023 05:58:18.511 CET
[2023-02-07 05:58:52.644936 +0100][Error  ][AsyncSock         ] [xrootd.ba.infn.it:1094 #0.0] Socket error while handshaking: [ERROR] Socket timeout
[2023-02-07 05:58:52.645110 +0100][Error  ][PostMaster        ] [xrootd.ba.infn.it:1094 #0] elapsed = 45, pConnectionWindow = 31 seconds.
Begin processing the 14001st record. Run 1, Event 785240, LumiSection 2909 on stream 0 at 07-Feb-2023 05:59:13.175 CET
[2023-02-07 05:59:37.242924 +0100][Error  ][AsyncSock         ] [xrootd.ba.infn.it:1094 #0.0] Socket error while handshaking: [ERROR] Socket timeout
[2023-02-07 05:59:37.243115 +0100][Error  ][PostMaster        ] [xrootd.ba.infn.it:1094 #0] elapsed = 45, pConnectionWindow = 31 seconds.
[2023-02-07 05:59:37.243129 +0100][Error  ][PostMaster        ] [xrootd.ba.infn.it:1094 #0] Unable to recover: [ERROR] Socket timeout.
[2023-02-07 05:59:37.243139 +0100][Error  ][XRootD            ] [xrootd.ba.infn.it:1094] Impossible to send message kXR_open (file: /store/user/alesauva/flashgg/UL2017_3/10_6_4/VHToGG_M125_TuneCP5_13TeV-amcatnloFXFX-madspin-pythia8/UL2017_3-10_6_4-v0-RunIISummer19UL17MiniAOD-106X_mc2017_realistic_v6-v1/200718_083214/0000/myMicroAODOutputFile_18.root?tried=stor93.datagrid.cea.fr, mode: 0660, flags: kXR_open_read kXR_async kXR_retstat ). Trying to recover.
Begin processing the 15001st record. Run 1, Event 1334556, LumiSection 4943 on stream 0 at 07-Feb-2023 06:00:08.155 CET
Begin processing the 16001st record. Run 1, Event 685287, LumiSection 2539 on stream 0 at 07-Feb-2023 06:00:58.979 CET
Begin processing the 17001st record. Run 1, Event 840577, LumiSection 3114 on stream 0 at 07-Feb-2023 06:01:55.536 CET
Begin processing the 18001st record. Run 1, Event 843386, LumiSection 3124 on stream 0 at 07-Feb-2023 06:02:37.515 CET
Begin processing the 19001st record. Run 1, Event 1261300, LumiSection 4672 on stream 0 at 07-Feb-2023 06:03:30.877 CET
[2023-02-07 06:04:02.095950 +0100][Error  ][AsyncSock         ] [xrootd.ba.infn.it:1094 #0.0] Socket error while handshaking: [ERROR] Socket timeout
[2023-02-07 06:04:02.096124 +0100][Error  ][PostMaster        ] [xrootd.ba.infn.it:1094 #0] elapsed = 45, pConnectionWindow = 31 seconds.
Begin processing the 20001st record. Run 1, Event 1280837, LumiSection 4744 on stream 0 at 07-Feb-2023 06:04:22.397 CET
[2023-02-07 06:04:47.299948 +0100][Error  ][AsyncSock         ] [xrootd.ba.infn.it:1094 #0.0] Socket error while handshaking: [ERROR] Socket timeout
[2023-02-07 06:04:47.300158 +0100][Error  ][PostMaster        ] [xrootd.ba.infn.it:1094 #0] elapsed = 45, pConnectionWindow = 31 seconds.
[2023-02-07 06:04:47.300183 +0100][Error  ][PostMaster        ] [xrootd.ba.infn.it:1094 #0] Unable to recover: [ERROR] Socket timeout.
[2023-02-07 06:04:47.300192 +0100][Error  ][XRootD            ] [xrootd.ba.infn.it:1094] Impossible to send message kXR_open (file: /store/user/alesauva/flashgg/UL2017_3/10_6_4/VHToGG_M125_TuneCP5_13TeV-amcatnloFXFX-madspin-pythia8/UL2017_3-10_6_4-v0-RunIISummer19UL17MiniAOD-106X_mc2017_realistic_v6-v1/200718_083214/0000/myMicroAODOutputFile_18.root?tried=stor93.datagrid.cea.fr, mode: 0660, flags: kXR_open_read kXR_async kXR_retstat ). Trying to recover.
Begin processing the 21001st record. Run 1, Event 746362, LumiSection 2765 on stream 0 at 07-Feb-2023 06:05:14.786 CET
Begin processing the 22001st record. Run 1, Event 749148, LumiSection 2775 on stream 0 at 07-Feb-2023 06:06:12.603 CET
Begin processing the 23001st record. Run 1, Event 1321815, LumiSection 4896 on stream 0 at 07-Feb-2023 06:07:04.264 CET
Begin processing the 24001st record. Run 1, Event 1270633, LumiSection 4707 on stream 0 at 07-Feb-2023 06:07:58.752 CET
Begin processing the 25001st record. Run 1, Event 1273503, LumiSection 4717 on stream 0 at 07-Feb-2023 06:08:58.827 CET
07-Feb-2023 06:09:07 CET  Closed file root://cms-xrd-global.cern.ch//store/user/alesauva/flashgg/UL2017_3/10_6_4/VHToGG_M125_TuneCP5_13TeV-amcatnloFXFX-madspin-pythia8/UL2017_3-10_6_4-v0-RunIISummer19UL17MiniAOD-106X_mc2017_realistic_v6-v1/200718_083214/0000/myMicroAODOutputFile_18.root

TrigReport ---------- Event  Summary ------------
TrigReport Events total = 25127 passed = 8947 failed = 16180

TrigReport ---------- Path   Summary ------------
TrigReport  Trig Bit#   Executed     Passed     Failed      Error Name
TrigReport     1    0      25127       8947      16180          0 p

TrigReport -------End-Path   Summary ------------
TrigReport  Trig Bit#   Executed     Passed     Failed      Error Name

TrigReport ---------- Modules in Path: p ------------
TrigReport  Trig Bit#    Visited     Passed     Failed      Error Name
TrigReport     1    0      25127      24991        136          0 flashggMetFilters
TrigReport     1    1      24991       8947      16044          0 VHFilter
TrigReport     1    2       8947       8947          0          0 flashggDifferentialPhoIdInputsCorrection
TrigReport     1    3       8947       8947          0          0 flashggDiPhotonSystematics
TrigReport     1    4       8947       8947          0          0 flashggMetSystematics
TrigReport     1    5       8947       8947          0          0 flashggMuonSystematics
TrigReport     1    6       8947       8947          0          0 flashggElectronSystematics
TrigReport     1    7       8947       8947          0          0 flashggUnpackedJets
TrigReport     1    8       8947       8947          0          0 flashggJetSystematics0
TrigReport     1    9       8947       8947          0          0 flashggJetSystematics1
TrigReport     1   10       8947       8947          0          0 flashggJetSystematics2
TrigReport     1   11       8947       8947          0          0 flashggJetSystematics3
TrigReport     1   12       8947       8947          0          0 flashggJetSystematics4
TrigReport     1   13       8947       8947          0          0 flashggJetSystematics5
TrigReport     1   14       8947       8947          0          0 flashggJetSystematics6
TrigReport     1   15       8947       8947          0          0 flashggJetSystematics7
TrigReport     1   16       8947       8947          0          0 flashggJetSystematics8
TrigReport     1   17       8947       8947          0          0 flashggJetSystematics9
TrigReport     1   18       8947       8947          0          0 flashggJetSystematics10
TrigReport     1   19       8947       8947          0          0 flashggJetSystematics11
TrigReport     1   20       8947       8947          0          0 flashggPrefireDiPhotons
TrigReport     1   21       8947       8947          0          0 flashggPreselectedDiPhotons
TrigReport     1   22       8947       8947          0          0 flashggDiPhotonMVA
TrigReport     1   23       8947       8947          0          0 flashggVBFMVA
TrigReport     1   24       8947       8947          0          0 flashggVHhadMVA
TrigReport     1   25       8947       8947          0          0 flashggGluGluHMVA
TrigReport     1   26       8947       8947          0          0 flashggStageOneCombinedTag
TrigReport     1   27       8947       8947          0          0 flashggTHQLeptonicTag
TrigReport     1   28       8947       8947          0          0 flashggVHMetTag
TrigReport     1   29       8947       8947          0          0 flashggWHLeptonicTag
TrigReport     1   30       8947       8947          0          0 flashggZHLeptonicTag
TrigReport     1   31       8947       8947          0          0 flashggTTHLeptonicTag
TrigReport     1   32       8947       8947          0          0 flashggTTHHadronicTag
TrigReport     1   33       8947       8947          0          0 flashggTagSorter
TrigReport     1   34       8947       8947          0          0 flashggSystTagMerger
TrigReport     1   35       8947       8947          0          0 tagsDumper

TrigReport ---------- Module Summary ------------
TrigReport    Visited   Executed     Passed     Failed      Error Name
TrigReport      25127      25127      25127          0          0 TriggerResults
TrigReport      24991      24991       8947      16044          0 VHFilter
TrigReport       8947       8947       8947          0          0 ak4PFCHSL1FastL2L3Corrector
TrigReport       8947       8947       8947          0          0 ak4PFCHSL1FastjetCorrector
TrigReport       8947       8947       8947          0          0 ak4PFCHSL2RelativeCorrector
TrigReport       8947       8947       8947          0          0 ak4PFCHSL3AbsoluteCorrector
TrigReport       8947       8947       8947          0          0 flashggDiPhotonMVA
TrigReport       8947       8947       8947          0          0 flashggDiPhotonSystematics
TrigReport       8947       8947       8947          0          0 flashggDifferentialPhoIdInputsCorrection
TrigReport       8947       8947       8947          0          0 flashggElectronSystematics
TrigReport       8947       8947       8947          0          0 flashggGluGluHMVA
TrigReport       8947       8947       8947          0          0 flashggJetSystematics0
TrigReport       8947       8947       8947          0          0 flashggJetSystematics1
TrigReport       8947       8947       8947          0          0 flashggJetSystematics10
TrigReport       8947       8947       8947          0          0 flashggJetSystematics11
TrigReport       8947       8947       8947          0          0 flashggJetSystematics2
TrigReport       8947       8947       8947          0          0 flashggJetSystematics3
TrigReport       8947       8947       8947          0          0 flashggJetSystematics4
TrigReport       8947       8947       8947          0          0 flashggJetSystematics5
TrigReport       8947       8947       8947          0          0 flashggJetSystematics6
TrigReport       8947       8947       8947          0          0 flashggJetSystematics7
TrigReport       8947       8947       8947          0          0 flashggJetSystematics8
TrigReport       8947       8947       8947          0          0 flashggJetSystematics9
TrigReport      25127      25127      24991        136          0 flashggMetFilters
TrigReport       8947       8947       8947          0          0 flashggMetSystematics
TrigReport       8947       8947       8947          0          0 flashggMuonSystematics
TrigReport       8947       8947       8947          0          0 flashggPrefireDiPhotons
TrigReport       8947       8947       8947          0          0 flashggPreselectedDiPhotons
TrigReport       8947       8947       8947          0          0 flashggStageOneCombinedTag
TrigReport       8947       8947       8947          0          0 flashggSystTagMerger
TrigReport       8947       8947       8947          0          0 flashggTHQLeptonicTag
TrigReport       8947       8947       8947          0          0 flashggTTHHadronicTag
TrigReport       8947       8947       8947          0          0 flashggTTHLeptonicTag
TrigReport       8947       8947       8947          0          0 flashggTagSorter
TrigReport       8947       8947       8947          0          0 flashggUnpackedJets
TrigReport       8947       8947       8947          0          0 flashggVBFMVA
TrigReport       8947       8947       8947          0          0 flashggVHMetTag
TrigReport       8947       8947       8947          0          0 flashggVHhadMVA
TrigReport       8947       8947       8947          0          0 flashggWHLeptonicTag
TrigReport       8947       8947       8947          0          0 flashggZHLeptonicTag
TrigReport      25127      25127      25127          0          0 p
TrigReport       8947       8947       8947          0          0 tagsDumper

TimeReport ---------- Event  Summary ---[sec]----
TimeReport       event loop CPU/event = 0.055503
TimeReport      event loop Real/event = 0.063229
TimeReport     sum Streams Real/event = 0.061402
TimeReport efficiency CPU/Real/thread = 0.877808

TimeReport ---------- Path   Summary ---[Real sec]----
TimeReport  per event     per exec  Name
TimeReport   0.061094     0.061094  p
TimeReport  per event     per exec  Name

TimeReport -------End-Path   Summary ---[Real sec]----
TimeReport  per event     per exec  Name
TimeReport  per event     per exec  Name

TimeReport ---------- Modules in Path: p ---[Real sec]----
TimeReport  per event    per visit  Name
TimeReport   0.000011     0.000011  flashggMetFilters
TimeReport   0.000004     0.000004  VHFilter
TimeReport   0.035266     0.099042  flashggDifferentialPhoIdInputsCorrection
TimeReport   0.019083     0.053595  flashggDiPhotonSystematics
TimeReport   0.000078     0.000219  flashggMetSystematics
TimeReport   0.000009     0.000024  flashggMuonSystematics
TimeReport   0.000014     0.000041  flashggElectronSystematics
TimeReport   0.000094     0.000263  flashggUnpackedJets
TimeReport   0.001717     0.004823  flashggJetSystematics0
TimeReport   0.000255     0.000717  flashggJetSystematics1
TimeReport   0.000234     0.000658  flashggJetSystematics2
TimeReport   0.000227     0.000637  flashggJetSystematics3
TimeReport   0.000216     0.000608  flashggJetSystematics4
TimeReport   0.000223     0.000626  flashggJetSystematics5
TimeReport   0.000208     0.000584  flashggJetSystematics6
TimeReport   0.000216     0.000607  flashggJetSystematics7
TimeReport   0.000213     0.000598  flashggJetSystematics8
TimeReport   0.000213     0.000599  flashggJetSystematics9
TimeReport   0.000212     0.000596  flashggJetSystematics10
TimeReport   0.000214     0.000600  flashggJetSystematics11
TimeReport   0.000132     0.000370  flashggPrefireDiPhotons
TimeReport   0.000041     0.000114  flashggPreselectedDiPhotons
TimeReport   0.000013     0.000035  flashggDiPhotonMVA
TimeReport   0.000010     0.000028  flashggVBFMVA
TimeReport   0.000006     0.000016  flashggVHhadMVA
TimeReport   0.000020     0.000057  flashggGluGluHMVA
TimeReport   0.000015     0.000041  flashggStageOneCombinedTag
TimeReport   0.000128     0.000360  flashggTHQLeptonicTag
TimeReport   0.000070     0.000197  flashggVHMetTag
TimeReport   0.000010     0.000028  flashggWHLeptonicTag
TimeReport   0.000008     0.000022  flashggZHLeptonicTag
TimeReport   0.000032     0.000089  flashggTTHLeptonicTag
TimeReport   0.000553     0.001552  flashggTTHHadronicTag
TimeReport   0.000033     0.000093  flashggTagSorter
TimeReport   0.000001     0.000004  flashggSystTagMerger
TimeReport   0.000187     0.000524  tagsDumper
TimeReport  per event    per visit  Name

TimeReport ---------- Module Summary ---[Real sec]----
TimeReport  per event     per exec    per visit  Name
TimeReport   0.000002     0.000002     0.000002  TriggerResults
TimeReport   0.000004     0.000004     0.000004  VHFilter
TimeReport   0.000001     0.000003     0.000003  ak4PFCHSL1FastL2L3Corrector
TimeReport   0.000001     0.000004     0.000004  ak4PFCHSL1FastjetCorrector
TimeReport   0.000001     0.000002     0.000002  ak4PFCHSL2RelativeCorrector
TimeReport   0.000005     0.000015     0.000015  ak4PFCHSL3AbsoluteCorrector
TimeReport   0.000013     0.000035     0.000035  flashggDiPhotonMVA
TimeReport   0.019083     0.053595     0.053595  flashggDiPhotonSystematics
TimeReport   0.035266     0.099042     0.099042  flashggDifferentialPhoIdInputsCorrection
TimeReport   0.000014     0.000041     0.000041  flashggElectronSystematics
TimeReport   0.000020     0.000057     0.000057  flashggGluGluHMVA
TimeReport   0.001717     0.004823     0.004823  flashggJetSystematics0
TimeReport   0.000255     0.000717     0.000717  flashggJetSystematics1
TimeReport   0.000212     0.000596     0.000596  flashggJetSystematics10
TimeReport   0.000214     0.000600     0.000600  flashggJetSystematics11
TimeReport   0.000234     0.000658     0.000658  flashggJetSystematics2
TimeReport   0.000227     0.000637     0.000637  flashggJetSystematics3
TimeReport   0.000216     0.000608     0.000608  flashggJetSystematics4
TimeReport   0.000223     0.000626     0.000626  flashggJetSystematics5
TimeReport   0.000208     0.000584     0.000584  flashggJetSystematics6
TimeReport   0.000216     0.000607     0.000607  flashggJetSystematics7
TimeReport   0.000213     0.000598     0.000598  flashggJetSystematics8
TimeReport   0.000213     0.000599     0.000599  flashggJetSystematics9
TimeReport   0.000011     0.000011     0.000011  flashggMetFilters
TimeReport   0.000078     0.000219     0.000219  flashggMetSystematics
TimeReport   0.000009     0.000024     0.000024  flashggMuonSystematics
TimeReport   0.000132     0.000370     0.000370  flashggPrefireDiPhotons
TimeReport   0.000041     0.000114     0.000114  flashggPreselectedDiPhotons
TimeReport   0.000015     0.000041     0.000041  flashggStageOneCombinedTag
TimeReport   0.000001     0.000004     0.000004  flashggSystTagMerger
TimeReport   0.000128     0.000360     0.000360  flashggTHQLeptonicTag
TimeReport   0.000553     0.001552     0.001552  flashggTTHHadronicTag
TimeReport   0.000032     0.000089     0.000089  flashggTTHLeptonicTag
TimeReport   0.000033     0.000093     0.000093  flashggTagSorter
TimeReport   0.000094     0.000263     0.000263  flashggUnpackedJets
TimeReport   0.000010     0.000028     0.000028  flashggVBFMVA
TimeReport   0.000070     0.000197     0.000197  flashggVHMetTag
TimeReport   0.000006     0.000016     0.000016  flashggVHhadMVA
TimeReport   0.000010     0.000028     0.000028  flashggWHLeptonicTag
TimeReport   0.000008     0.000022     0.000022  flashggZHLeptonicTag
TimeReport   0.000003     0.000003     0.000003  p
TimeReport   0.000187     0.000524     0.000524  tagsDumper
TimeReport  per event     per exec    per visit  Name

T---Report end!


=============================================

MessageLogger Summary

 type     category        sev    module        subroutine        count    total
 ---- -------------------- -- ---------------- ----------------  -----    -----
    1 XrdAdaptor           -w file_open                              1        1
    2 fileAction           -s file_close                             1        1
    3 fileAction           -s file_open                              2        2

 type    category    Examples: run/evt        run/evt          run/evt
 ---- -------------------- ---------------- ---------------- ----------------
    1 XrdAdaptor           pre-events                        
    2 fileAction           PostGlobalEndRun                  
    3 fileAction           pre-events       pre-events       

Severity    # Occurrences   Total Occurrences
--------    -------------   -----------------
Warning                 1                   1
System                  3                   3

dropped waiting message count 0
