mkdir: cannot create directory '/afs/cern.ch/user/x/xisu/private/local/Analysis_workspace/VH_AC_tmp1/flashgg_d2/CMSSW_10_6_29/src/flashgg/VHAC_Analysis_Met/UL_17/UL17_zh125': File exists
/cvmfs/cms.cern.ch/slc7_amd64_gcc700/external/py2-requests/2.21.0-pafccj2/lib/python2.7/site-packages/requests/__init__.py:91: RequestsDependencyWarning: urllib3 (1.25.2) or chardet (3.0.4) doesn't match a supported version!
  RequestsDependencyWarning)
07-Feb-2023 05:23:48 CET  Initiating request to open file root://cms-xrd-global.cern.ch//store/user/alesauva/flashgg/UL2017_3/10_6_4/VHToGG_M125_TuneCP5_13TeV-amcatnloFXFX-madspin-pythia8/UL2017_3-10_6_4-v0-RunIISummer19UL17MiniAOD-106X_mc2017_realistic_v6-v1/200718_083214/0000/myMicroAODOutputFile_13.root
[2023-02-07 05:24:34.842619 +0100][Error  ][AsyncSock         ] [xrootd.ba.infn.it:1094 #0.0] Socket error while handshaking: [ERROR] Socket timeout
[2023-02-07 05:24:34.842859 +0100][Error  ][PostMaster        ] [xrootd.ba.infn.it:1094 #0] elapsed = 45, pConnectionWindow = 31 seconds.
[2023-02-07 05:25:20.091625 +0100][Error  ][AsyncSock         ] [xrootd.ba.infn.it:1094 #0.0] Socket error while handshaking: [ERROR] Socket timeout
[2023-02-07 05:25:20.091763 +0100][Error  ][PostMaster        ] [xrootd.ba.infn.it:1094 #0] elapsed = 46, pConnectionWindow = 31 seconds.
[2023-02-07 05:25:20.091799 +0100][Error  ][PostMaster        ] [xrootd.ba.infn.it:1094 #0] Unable to recover: [ERROR] Socket timeout.
[2023-02-07 05:25:20.091814 +0100][Error  ][XRootD            ] [xrootd.ba.infn.it:1094] Impossible to send message kXR_open (file: /store/user/alesauva/flashgg/UL2017_3/10_6_4/VHToGG_M125_TuneCP5_13TeV-amcatnloFXFX-madspin-pythia8/UL2017_3-10_6_4-v0-RunIISummer19UL17MiniAOD-106X_mc2017_realistic_v6-v1/200718_083214/0000/myMicroAODOutputFile_13.root, mode: 0660, flags: kXR_open_read kXR_async kXR_retstat ). Trying to recover.
%MSG-w XrdAdaptor:  file_open 07-Feb-2023 05:25:27 CET pre-events
Data is served from GRIF-IRFU instead of original site CERN-CMSGLOBAL-01
%MSG
07-Feb-2023 05:25:28 CET  Successfully opened file root://cms-xrd-global.cern.ch//store/user/alesauva/flashgg/UL2017_3/10_6_4/VHToGG_M125_TuneCP5_13TeV-amcatnloFXFX-madspin-pythia8/UL2017_3-10_6_4-v0-RunIISummer19UL17MiniAOD-106X_mc2017_realistic_v6-v1/200718_083214/0000/myMicroAODOutputFile_13.root
2023-02-07 05:42:47.709755: I tensorflow/core/platform/cpu_feature_guard.cc:140] Your CPU supports instructions that this TensorFlow binary was not compiled to use: SSE4.1 SSE4.2 AVX AVX2 FMA
Begin processing the 1st record. Run 1, Event 911798, LumiSection 3378 on stream 0 at 07-Feb-2023 05:43:42.829 CET
[2023-02-07 05:44:25.291568 +0100][Error  ][AsyncSock         ] [xrootd.ba.infn.it:1094 #0.0] Socket error while handshaking: [ERROR] Socket timeout
[2023-02-07 05:44:25.291732 +0100][Error  ][PostMaster        ] [xrootd.ba.infn.it:1094 #0] elapsed = 46, pConnectionWindow = 31 seconds.
[2023-02-07 05:45:10.549577 +0100][Error  ][AsyncSock         ] [xrootd.ba.infn.it:1094 #0.0] Socket error while handshaking: [ERROR] Socket timeout
[2023-02-07 05:45:10.549769 +0100][Error  ][PostMaster        ] [xrootd.ba.infn.it:1094 #0] elapsed = 45, pConnectionWindow = 31 seconds.
[2023-02-07 05:45:10.549788 +0100][Error  ][PostMaster        ] [xrootd.ba.infn.it:1094 #0] Unable to recover: [ERROR] Socket timeout.
[2023-02-07 05:45:10.549803 +0100][Error  ][XRootD            ] [xrootd.ba.infn.it:1094] Impossible to send message kXR_open (file: /store/user/alesauva/flashgg/UL2017_3/10_6_4/VHToGG_M125_TuneCP5_13TeV-amcatnloFXFX-madspin-pythia8/UL2017_3-10_6_4-v0-RunIISummer19UL17MiniAOD-106X_mc2017_realistic_v6-v1/200718_083214/0000/myMicroAODOutputFile_13.root?tried=stor76.datagrid.cea.fr, mode: 0660, flags: kXR_open_read kXR_async kXR_retstat ). Trying to recover.
Begin processing the 1001st record. Run 1, Event 872906, LumiSection 3233 on stream 0 at 07-Feb-2023 05:47:02.800 CET
Begin processing the 2001st record. Run 1, Event 822579, LumiSection 3047 on stream 0 at 07-Feb-2023 05:47:59.706 CET
Begin processing the 3001st record. Run 1, Event 303768, LumiSection 1126 on stream 0 at 07-Feb-2023 05:48:57.855 CET
[2023-02-07 05:49:39.894622 +0100][Error  ][AsyncSock         ] [xrootd.ba.infn.it:1094 #0.0] Socket error while handshaking: [ERROR] Socket timeout
[2023-02-07 05:49:39.894777 +0100][Error  ][PostMaster        ] [xrootd.ba.infn.it:1094 #0] elapsed = 45, pConnectionWindow = 31 seconds.
Begin processing the 4001st record. Run 1, Event 306747, LumiSection 1137 on stream 0 at 07-Feb-2023 05:49:59.398 CET
[2023-02-07 05:50:24.886577 +0100][Error  ][AsyncSock         ] [xrootd.ba.infn.it:1094 #0.0] Socket error while handshaking: [ERROR] Socket timeout
[2023-02-07 05:50:24.886734 +0100][Error  ][PostMaster        ] [xrootd.ba.infn.it:1094 #0] elapsed = 45, pConnectionWindow = 31 seconds.
[2023-02-07 05:50:24.886745 +0100][Error  ][PostMaster        ] [xrootd.ba.infn.it:1094 #0] Unable to recover: [ERROR] Socket timeout.
[2023-02-07 05:50:24.886756 +0100][Error  ][XRootD            ] [xrootd.ba.infn.it:1094] Impossible to send message kXR_open (file: /store/user/alesauva/flashgg/UL2017_3/10_6_4/VHToGG_M125_TuneCP5_13TeV-amcatnloFXFX-madspin-pythia8/UL2017_3-10_6_4-v0-RunIISummer19UL17MiniAOD-106X_mc2017_realistic_v6-v1/200718_083214/0000/myMicroAODOutputFile_13.root?tried=stor76.datagrid.cea.fr, mode: 0660, flags: kXR_open_read kXR_async kXR_retstat ). Trying to recover.
Begin processing the 5001st record. Run 1, Event 309735, LumiSection 1148 on stream 0 at 07-Feb-2023 05:50:57.568 CET
Begin processing the 6001st record. Run 1, Event 319380, LumiSection 1183 on stream 0 at 07-Feb-2023 05:51:54.263 CET
Begin processing the 7001st record. Run 1, Event 240696, LumiSection 892 on stream 0 at 07-Feb-2023 05:52:41.327 CET
Begin processing the 8001st record. Run 1, Event 824740, LumiSection 3055 on stream 0 at 07-Feb-2023 05:53:33.721 CET
Begin processing the 9001st record. Run 1, Event 828196, LumiSection 3068 on stream 0 at 07-Feb-2023 05:54:31.534 CET
[2023-02-07 05:55:08.781612 +0100][Error  ][AsyncSock         ] [xrootd.ba.infn.it:1094 #0.0] Socket error while handshaking: [ERROR] Socket timeout
[2023-02-07 05:55:08.781821 +0100][Error  ][PostMaster        ] [xrootd.ba.infn.it:1094 #0] elapsed = 45, pConnectionWindow = 31 seconds.
Begin processing the 10001st record. Run 1, Event 341549, LumiSection 1265 on stream 0 at 07-Feb-2023 05:55:29.337 CET
[2023-02-07 05:55:54.078573 +0100][Error  ][AsyncSock         ] [xrootd.ba.infn.it:1094 #0.0] Socket error while handshaking: [ERROR] Socket timeout
[2023-02-07 05:55:54.078733 +0100][Error  ][PostMaster        ] [xrootd.ba.infn.it:1094 #0] elapsed = 46, pConnectionWindow = 31 seconds.
[2023-02-07 05:55:54.078744 +0100][Error  ][PostMaster        ] [xrootd.ba.infn.it:1094 #0] Unable to recover: [ERROR] Socket timeout.
[2023-02-07 05:55:54.078754 +0100][Error  ][XRootD            ] [xrootd.ba.infn.it:1094] Impossible to send message kXR_open (file: /store/user/alesauva/flashgg/UL2017_3/10_6_4/VHToGG_M125_TuneCP5_13TeV-amcatnloFXFX-madspin-pythia8/UL2017_3-10_6_4-v0-RunIISummer19UL17MiniAOD-106X_mc2017_realistic_v6-v1/200718_083214/0000/myMicroAODOutputFile_13.root?tried=stor76.datagrid.cea.fr, mode: 0660, flags: kXR_open_read kXR_async kXR_retstat ). Trying to recover.
Begin processing the 11001st record. Run 1, Event 344626, LumiSection 1277 on stream 0 at 07-Feb-2023 05:56:26.290 CET
Begin processing the 12001st record. Run 1, Event 1324775, LumiSection 4907 on stream 0 at 07-Feb-2023 05:57:23.486 CET
Begin processing the 13001st record. Run 1, Event 1327721, LumiSection 4918 on stream 0 at 07-Feb-2023 05:58:18.603 CET
Begin processing the 14001st record. Run 1, Event 247264, LumiSection 916 on stream 0 at 07-Feb-2023 05:59:13.232 CET
Begin processing the 15001st record. Run 1, Event 395207, LumiSection 1464 on stream 0 at 07-Feb-2023 06:00:14.345 CET
[2023-02-07 06:00:38.228588 +0100][Error  ][AsyncSock         ] [xrootd.ba.infn.it:1094 #0.0] Socket error while handshaking: [ERROR] Socket timeout
[2023-02-07 06:00:38.228756 +0100][Error  ][PostMaster        ] [xrootd.ba.infn.it:1094 #0] elapsed = 45, pConnectionWindow = 31 seconds.
Begin processing the 16001st record. Run 1, Event 1346666, LumiSection 4988 on stream 0 at 07-Feb-2023 06:01:15.032 CET
[2023-02-07 06:01:23.604552 +0100][Error  ][AsyncSock         ] [xrootd.ba.infn.it:1094 #0.0] Socket error while handshaking: [ERROR] Socket timeout
[2023-02-07 06:01:23.604699 +0100][Error  ][PostMaster        ] [xrootd.ba.infn.it:1094 #0] elapsed = 45, pConnectionWindow = 31 seconds.
[2023-02-07 06:01:23.604710 +0100][Error  ][PostMaster        ] [xrootd.ba.infn.it:1094 #0] Unable to recover: [ERROR] Socket timeout.
[2023-02-07 06:01:23.604719 +0100][Error  ][XRootD            ] [xrootd.ba.infn.it:1094] Impossible to send message kXR_open (file: /store/user/alesauva/flashgg/UL2017_3/10_6_4/VHToGG_M125_TuneCP5_13TeV-amcatnloFXFX-madspin-pythia8/UL2017_3-10_6_4-v0-RunIISummer19UL17MiniAOD-106X_mc2017_realistic_v6-v1/200718_083214/0000/myMicroAODOutputFile_13.root?tried=stor76.datagrid.cea.fr, mode: 0660, flags: kXR_open_read kXR_async kXR_retstat ). Trying to recover.
Begin processing the 17001st record. Run 1, Event 790658, LumiSection 2929 on stream 0 at 07-Feb-2023 06:02:07.230 CET
Begin processing the 18001st record. Run 1, Event 1340160, LumiSection 4964 on stream 0 at 07-Feb-2023 06:03:00.052 CET
Begin processing the 19001st record. Run 1, Event 760063, LumiSection 2816 on stream 0 at 07-Feb-2023 06:04:04.903 CET
Begin processing the 20001st record. Run 1, Event 762986, LumiSection 2826 on stream 0 at 07-Feb-2023 06:05:00.992 CET
Begin processing the 21001st record. Run 1, Event 765827, LumiSection 2837 on stream 0 at 07-Feb-2023 06:06:01.038 CET
[2023-02-07 06:06:16.798589 +0100][Error  ][AsyncSock         ] [xrootd.ba.infn.it:1094 #0.0] Socket error while handshaking: [ERROR] Socket timeout
[2023-02-07 06:06:16.798750 +0100][Error  ][PostMaster        ] [xrootd.ba.infn.it:1094 #0] elapsed = 45, pConnectionWindow = 31 seconds.
Begin processing the 22001st record. Run 1, Event 816908, LumiSection 3026 on stream 0 at 07-Feb-2023 06:06:51.622 CET
[2023-02-07 06:07:01.036587 +0100][Error  ][AsyncSock         ] [xrootd.ba.infn.it:1094 #0.0] Socket error while handshaking: [ERROR] Socket timeout
[2023-02-07 06:07:01.036738 +0100][Error  ][PostMaster        ] [xrootd.ba.infn.it:1094 #0] elapsed = 45, pConnectionWindow = 31 seconds.
[2023-02-07 06:07:01.036750 +0100][Error  ][PostMaster        ] [xrootd.ba.infn.it:1094 #0] Unable to recover: [ERROR] Socket timeout.
[2023-02-07 06:07:01.036758 +0100][Error  ][XRootD            ] [xrootd.ba.infn.it:1094] Impossible to send message kXR_open (file: /store/user/alesauva/flashgg/UL2017_3/10_6_4/VHToGG_M125_TuneCP5_13TeV-amcatnloFXFX-madspin-pythia8/UL2017_3-10_6_4-v0-RunIISummer19UL17MiniAOD-106X_mc2017_realistic_v6-v1/200718_083214/0000/myMicroAODOutputFile_13.root?tried=stor76.datagrid.cea.fr, mode: 0660, flags: kXR_open_read kXR_async kXR_retstat ). Trying to recover.
Begin processing the 23001st record. Run 1, Event 332711, LumiSection 1233 on stream 0 at 07-Feb-2023 06:07:52.061 CET
Begin processing the 24001st record. Run 1, Event 335507, LumiSection 1243 on stream 0 at 07-Feb-2023 06:08:50.436 CET
07-Feb-2023 06:09:38 CET  Closed file root://cms-xrd-global.cern.ch//store/user/alesauva/flashgg/UL2017_3/10_6_4/VHToGG_M125_TuneCP5_13TeV-amcatnloFXFX-madspin-pythia8/UL2017_3-10_6_4-v0-RunIISummer19UL17MiniAOD-106X_mc2017_realistic_v6-v1/200718_083214/0000/myMicroAODOutputFile_13.root

TrigReport ---------- Event  Summary ------------
TrigReport Events total = 24822 passed = 8637 failed = 16185

TrigReport ---------- Path   Summary ------------
TrigReport  Trig Bit#   Executed     Passed     Failed      Error Name
TrigReport     1    0      24822       8637      16185          0 p

TrigReport -------End-Path   Summary ------------
TrigReport  Trig Bit#   Executed     Passed     Failed      Error Name

TrigReport ---------- Modules in Path: p ------------
TrigReport  Trig Bit#    Visited     Passed     Failed      Error Name
TrigReport     1    0      24822      24701        121          0 flashggMetFilters
TrigReport     1    1      24701       8637      16064          0 VHFilter
TrigReport     1    2       8637       8637          0          0 flashggDifferentialPhoIdInputsCorrection
TrigReport     1    3       8637       8637          0          0 flashggDiPhotonSystematics
TrigReport     1    4       8637       8637          0          0 flashggMetSystematics
TrigReport     1    5       8637       8637          0          0 flashggMuonSystematics
TrigReport     1    6       8637       8637          0          0 flashggElectronSystematics
TrigReport     1    7       8637       8637          0          0 flashggUnpackedJets
TrigReport     1    8       8637       8637          0          0 flashggJetSystematics0
TrigReport     1    9       8637       8637          0          0 flashggJetSystematics1
TrigReport     1   10       8637       8637          0          0 flashggJetSystematics2
TrigReport     1   11       8637       8637          0          0 flashggJetSystematics3
TrigReport     1   12       8637       8637          0          0 flashggJetSystematics4
TrigReport     1   13       8637       8637          0          0 flashggJetSystematics5
TrigReport     1   14       8637       8637          0          0 flashggJetSystematics6
TrigReport     1   15       8637       8637          0          0 flashggJetSystematics7
TrigReport     1   16       8637       8637          0          0 flashggJetSystematics8
TrigReport     1   17       8637       8637          0          0 flashggJetSystematics9
TrigReport     1   18       8637       8637          0          0 flashggJetSystematics10
TrigReport     1   19       8637       8637          0          0 flashggJetSystematics11
TrigReport     1   20       8637       8637          0          0 flashggPrefireDiPhotons
TrigReport     1   21       8637       8637          0          0 flashggPreselectedDiPhotons
TrigReport     1   22       8637       8637          0          0 flashggDiPhotonMVA
TrigReport     1   23       8637       8637          0          0 flashggVBFMVA
TrigReport     1   24       8637       8637          0          0 flashggVHhadMVA
TrigReport     1   25       8637       8637          0          0 flashggGluGluHMVA
TrigReport     1   26       8637       8637          0          0 flashggStageOneCombinedTag
TrigReport     1   27       8637       8637          0          0 flashggTHQLeptonicTag
TrigReport     1   28       8637       8637          0          0 flashggVHMetTag
TrigReport     1   29       8637       8637          0          0 flashggWHLeptonicTag
TrigReport     1   30       8637       8637          0          0 flashggZHLeptonicTag
TrigReport     1   31       8637       8637          0          0 flashggTTHLeptonicTag
TrigReport     1   32       8637       8637          0          0 flashggTTHHadronicTag
TrigReport     1   33       8637       8637          0          0 flashggTagSorter
TrigReport     1   34       8637       8637          0          0 flashggSystTagMerger
TrigReport     1   35       8637       8637          0          0 tagsDumper

TrigReport ---------- Module Summary ------------
TrigReport    Visited   Executed     Passed     Failed      Error Name
TrigReport      24822      24822      24822          0          0 TriggerResults
TrigReport      24701      24701       8637      16064          0 VHFilter
TrigReport       8637       8637       8637          0          0 ak4PFCHSL1FastL2L3Corrector
TrigReport       8637       8637       8637          0          0 ak4PFCHSL1FastjetCorrector
TrigReport       8637       8637       8637          0          0 ak4PFCHSL2RelativeCorrector
TrigReport       8637       8637       8637          0          0 ak4PFCHSL3AbsoluteCorrector
TrigReport       8637       8637       8637          0          0 flashggDiPhotonMVA
TrigReport       8637       8637       8637          0          0 flashggDiPhotonSystematics
TrigReport       8637       8637       8637          0          0 flashggDifferentialPhoIdInputsCorrection
TrigReport       8637       8637       8637          0          0 flashggElectronSystematics
TrigReport       8637       8637       8637          0          0 flashggGluGluHMVA
TrigReport       8637       8637       8637          0          0 flashggJetSystematics0
TrigReport       8637       8637       8637          0          0 flashggJetSystematics1
TrigReport       8637       8637       8637          0          0 flashggJetSystematics10
TrigReport       8637       8637       8637          0          0 flashggJetSystematics11
TrigReport       8637       8637       8637          0          0 flashggJetSystematics2
TrigReport       8637       8637       8637          0          0 flashggJetSystematics3
TrigReport       8637       8637       8637          0          0 flashggJetSystematics4
TrigReport       8637       8637       8637          0          0 flashggJetSystematics5
TrigReport       8637       8637       8637          0          0 flashggJetSystematics6
TrigReport       8637       8637       8637          0          0 flashggJetSystematics7
TrigReport       8637       8637       8637          0          0 flashggJetSystematics8
TrigReport       8637       8637       8637          0          0 flashggJetSystematics9
TrigReport      24822      24822      24701        121          0 flashggMetFilters
TrigReport       8637       8637       8637          0          0 flashggMetSystematics
TrigReport       8637       8637       8637          0          0 flashggMuonSystematics
TrigReport       8637       8637       8637          0          0 flashggPrefireDiPhotons
TrigReport       8637       8637       8637          0          0 flashggPreselectedDiPhotons
TrigReport       8637       8637       8637          0          0 flashggStageOneCombinedTag
TrigReport       8637       8637       8637          0          0 flashggSystTagMerger
TrigReport       8637       8637       8637          0          0 flashggTHQLeptonicTag
TrigReport       8637       8637       8637          0          0 flashggTTHHadronicTag
TrigReport       8637       8637       8637          0          0 flashggTTHLeptonicTag
TrigReport       8637       8637       8637          0          0 flashggTagSorter
TrigReport       8637       8637       8637          0          0 flashggUnpackedJets
TrigReport       8637       8637       8637          0          0 flashggVBFMVA
TrigReport       8637       8637       8637          0          0 flashggVHMetTag
TrigReport       8637       8637       8637          0          0 flashggVHhadMVA
TrigReport       8637       8637       8637          0          0 flashggWHLeptonicTag
TrigReport       8637       8637       8637          0          0 flashggZHLeptonicTag
TrigReport      24822      24822      24822          0          0 p
TrigReport       8637       8637       8637          0          0 tagsDumper

TimeReport ---------- Event  Summary ---[sec]----
TimeReport       event loop CPU/event = 0.061777
TimeReport      event loop Real/event = 0.062800
TimeReport     sum Streams Real/event = 0.060844
TimeReport efficiency CPU/Real/thread = 0.983710

TimeReport ---------- Path   Summary ---[Real sec]----
TimeReport  per event     per exec  Name
TimeReport   0.060517     0.060517  p
TimeReport  per event     per exec  Name

TimeReport -------End-Path   Summary ---[Real sec]----
TimeReport  per event     per exec  Name
TimeReport  per event     per exec  Name

TimeReport ---------- Modules in Path: p ---[Real sec]----
TimeReport  per event    per visit  Name
TimeReport   0.000011     0.000011  flashggMetFilters
TimeReport   0.000004     0.000004  VHFilter
TimeReport   0.036015     0.103503  flashggDifferentialPhoIdInputsCorrection
TimeReport   0.017851     0.051302  flashggDiPhotonSystematics
TimeReport   0.000077     0.000221  flashggMetSystematics
TimeReport   0.000009     0.000027  flashggMuonSystematics
TimeReport   0.000015     0.000042  flashggElectronSystematics
TimeReport   0.000098     0.000281  flashggUnpackedJets
TimeReport   0.001648     0.004736  flashggJetSystematics0
TimeReport   0.000249     0.000716  flashggJetSystematics1
TimeReport   0.000218     0.000625  flashggJetSystematics2
TimeReport   0.000209     0.000601  flashggJetSystematics3
TimeReport   0.000204     0.000587  flashggJetSystematics4
TimeReport   0.000202     0.000581  flashggJetSystematics5
TimeReport   0.000202     0.000580  flashggJetSystematics6
TimeReport   0.000201     0.000579  flashggJetSystematics7
TimeReport   0.000200     0.000575  flashggJetSystematics8
TimeReport   0.000200     0.000575  flashggJetSystematics9
TimeReport   0.000198     0.000569  flashggJetSystematics10
TimeReport   0.000197     0.000567  flashggJetSystematics11
TimeReport   0.000129     0.000370  flashggPrefireDiPhotons
TimeReport   0.000050     0.000143  flashggPreselectedDiPhotons
TimeReport   0.000013     0.000036  flashggDiPhotonMVA
TimeReport   0.000011     0.000032  flashggVBFMVA
TimeReport   0.000007     0.000019  flashggVHhadMVA
TimeReport   0.000019     0.000054  flashggGluGluHMVA
TimeReport   0.000011     0.000032  flashggStageOneCombinedTag
TimeReport   0.000144     0.000413  flashggTHQLeptonicTag
TimeReport   0.000079     0.000227  flashggVHMetTag
TimeReport   0.000008     0.000024  flashggWHLeptonicTag
TimeReport   0.000007     0.000020  flashggZHLeptonicTag
TimeReport   0.000039     0.000111  flashggTTHLeptonicTag
TimeReport   0.000562     0.001616  flashggTTHHadronicTag
TimeReport   0.000032     0.000093  flashggTagSorter
TimeReport   0.000001     0.000004  flashggSystTagMerger
TimeReport   0.000174     0.000501  tagsDumper
TimeReport  per event    per visit  Name

TimeReport ---------- Module Summary ---[Real sec]----
TimeReport  per event     per exec    per visit  Name
TimeReport   0.000002     0.000002     0.000002  TriggerResults
TimeReport   0.000004     0.000004     0.000004  VHFilter
TimeReport   0.000001     0.000004     0.000004  ak4PFCHSL1FastL2L3Corrector
TimeReport   0.000002     0.000005     0.000005  ak4PFCHSL1FastjetCorrector
TimeReport   0.000001     0.000002     0.000002  ak4PFCHSL2RelativeCorrector
TimeReport   0.000007     0.000019     0.000019  ak4PFCHSL3AbsoluteCorrector
TimeReport   0.000013     0.000036     0.000036  flashggDiPhotonMVA
TimeReport   0.017851     0.051302     0.051302  flashggDiPhotonSystematics
TimeReport   0.036015     0.103503     0.103503  flashggDifferentialPhoIdInputsCorrection
TimeReport   0.000015     0.000042     0.000042  flashggElectronSystematics
TimeReport   0.000019     0.000054     0.000054  flashggGluGluHMVA
TimeReport   0.001648     0.004736     0.004736  flashggJetSystematics0
TimeReport   0.000249     0.000716     0.000716  flashggJetSystematics1
TimeReport   0.000198     0.000569     0.000569  flashggJetSystematics10
TimeReport   0.000197     0.000567     0.000567  flashggJetSystematics11
TimeReport   0.000218     0.000625     0.000625  flashggJetSystematics2
TimeReport   0.000209     0.000601     0.000601  flashggJetSystematics3
TimeReport   0.000204     0.000587     0.000587  flashggJetSystematics4
TimeReport   0.000202     0.000581     0.000581  flashggJetSystematics5
TimeReport   0.000202     0.000580     0.000580  flashggJetSystematics6
TimeReport   0.000201     0.000579     0.000579  flashggJetSystematics7
TimeReport   0.000200     0.000575     0.000575  flashggJetSystematics8
TimeReport   0.000200     0.000575     0.000575  flashggJetSystematics9
TimeReport   0.000011     0.000011     0.000011  flashggMetFilters
TimeReport   0.000077     0.000221     0.000221  flashggMetSystematics
TimeReport   0.000009     0.000027     0.000027  flashggMuonSystematics
TimeReport   0.000129     0.000370     0.000370  flashggPrefireDiPhotons
TimeReport   0.000050     0.000143     0.000143  flashggPreselectedDiPhotons
TimeReport   0.000011     0.000032     0.000032  flashggStageOneCombinedTag
TimeReport   0.000001     0.000004     0.000004  flashggSystTagMerger
TimeReport   0.000144     0.000413     0.000413  flashggTHQLeptonicTag
TimeReport   0.000562     0.001616     0.001616  flashggTTHHadronicTag
TimeReport   0.000039     0.000111     0.000111  flashggTTHLeptonicTag
TimeReport   0.000032     0.000093     0.000093  flashggTagSorter
TimeReport   0.000098     0.000281     0.000281  flashggUnpackedJets
TimeReport   0.000011     0.000032     0.000032  flashggVBFMVA
TimeReport   0.000079     0.000227     0.000227  flashggVHMetTag
TimeReport   0.000007     0.000019     0.000019  flashggVHhadMVA
TimeReport   0.000008     0.000024     0.000024  flashggWHLeptonicTag
TimeReport   0.000007     0.000020     0.000020  flashggZHLeptonicTag
TimeReport   0.000003     0.000003     0.000003  p
TimeReport   0.000174     0.000501     0.000501  tagsDumper
TimeReport  per event     per exec    per visit  Name

T---Report end!


=============================================

MessageLogger Summary

 type     category        sev    module        subroutine        count    total
 ---- -------------------- -- ---------------- ----------------  -----    -----
    1 XrdAdaptor           -w file_open                              1        1
    2 fileAction           -s file_close                             1        1
    3 fileAction           -s file_open                              2        2

 type    category    Examples: run/evt        run/evt          run/evt
 ---- -------------------- ---------------- ---------------- ----------------
    1 XrdAdaptor           pre-events                        
    2 fileAction           PostGlobalEndRun                  
    3 fileAction           pre-events       pre-events       

Severity    # Occurrences   Total Occurrences
--------    -------------   -----------------
Warning                 1                   1
System                  3                   3

dropped waiting message count 0
