mkdir: cannot create directory '/afs/cern.ch/user/x/xisu/private/local/Analysis_workspace/VH_AC_tmp1/flashgg_d2/CMSSW_10_6_29/src/flashgg/VHAC_Analysis_Met/UL_17/UL17_zh125': File exists
/cvmfs/cms.cern.ch/slc7_amd64_gcc700/external/py2-requests/2.21.0-pafccj2/lib/python2.7/site-packages/requests/__init__.py:91: RequestsDependencyWarning: urllib3 (1.25.2) or chardet (3.0.4) doesn't match a supported version!
  RequestsDependencyWarning)
07-Feb-2023 05:22:56 CET  Initiating request to open file root://cms-xrd-global.cern.ch//store/user/alesauva/flashgg/UL2017_3/10_6_4/VHToGG_M125_TuneCP5_13TeV-amcatnloFXFX-madspin-pythia8/UL2017_3-10_6_4-v0-RunIISummer19UL17MiniAOD-106X_mc2017_realistic_v6-v1/200718_083214/0000/myMicroAODOutputFile_14.root
[2023-02-07 05:23:42.366696 +0100][Error  ][AsyncSock         ] [xrootd.ba.infn.it:1094 #0.0] Socket error while handshaking: [ERROR] Socket timeout
[2023-02-07 05:23:42.366963 +0100][Error  ][PostMaster        ] [xrootd.ba.infn.it:1094 #0] elapsed = 45, pConnectionWindow = 31 seconds.
[2023-02-07 05:24:27.611455 +0100][Error  ][AsyncSock         ] [xrootd.ba.infn.it:1094 #0.0] Socket error while handshaking: [ERROR] Socket timeout
[2023-02-07 05:24:27.611584 +0100][Error  ][PostMaster        ] [xrootd.ba.infn.it:1094 #0] elapsed = 45, pConnectionWindow = 31 seconds.
[2023-02-07 05:24:27.611624 +0100][Error  ][PostMaster        ] [xrootd.ba.infn.it:1094 #0] Unable to recover: [ERROR] Socket timeout.
[2023-02-07 05:24:27.611645 +0100][Error  ][XRootD            ] [xrootd.ba.infn.it:1094] Impossible to send message kXR_open (file: /store/user/alesauva/flashgg/UL2017_3/10_6_4/VHToGG_M125_TuneCP5_13TeV-amcatnloFXFX-madspin-pythia8/UL2017_3-10_6_4-v0-RunIISummer19UL17MiniAOD-106X_mc2017_realistic_v6-v1/200718_083214/0000/myMicroAODOutputFile_14.root, mode: 0660, flags: kXR_open_read kXR_async kXR_retstat ). Trying to recover.
%MSG-w XrdAdaptor:  file_open 07-Feb-2023 05:24:33 CET pre-events
Data is served from GRIF-IRFU instead of original site CERN-CMSGLOBAL-02
%MSG
07-Feb-2023 05:24:36 CET  Successfully opened file root://cms-xrd-global.cern.ch//store/user/alesauva/flashgg/UL2017_3/10_6_4/VHToGG_M125_TuneCP5_13TeV-amcatnloFXFX-madspin-pythia8/UL2017_3-10_6_4-v0-RunIISummer19UL17MiniAOD-106X_mc2017_realistic_v6-v1/200718_083214/0000/myMicroAODOutputFile_14.root
2023-02-07 05:41:14.201739: I tensorflow/core/platform/cpu_feature_guard.cc:140] Your CPU supports instructions that this TensorFlow binary was not compiled to use: SSE4.1 SSE4.2 AVX AVX2 FMA
Begin processing the 1st record. Run 1, Event 909094, LumiSection 3368 on stream 0 at 07-Feb-2023 05:42:53.969 CET
[2023-02-07 05:43:37.204532 +0100][Error  ][AsyncSock         ] [xrootd.ba.infn.it:1094 #0.0] Socket error while handshaking: [ERROR] Socket timeout
[2023-02-07 05:43:37.204685 +0100][Error  ][PostMaster        ] [xrootd.ba.infn.it:1094 #0] elapsed = 46, pConnectionWindow = 31 seconds.
[2023-02-07 05:44:22.493452 +0100][Error  ][AsyncSock         ] [xrootd.ba.infn.it:1094 #0.0] Socket error while handshaking: [ERROR] Socket timeout
[2023-02-07 05:44:22.493625 +0100][Error  ][PostMaster        ] [xrootd.ba.infn.it:1094 #0] elapsed = 45, pConnectionWindow = 31 seconds.
[2023-02-07 05:44:22.493654 +0100][Error  ][PostMaster        ] [xrootd.ba.infn.it:1094 #0] Unable to recover: [ERROR] Socket timeout.
[2023-02-07 05:44:22.493678 +0100][Error  ][XRootD            ] [xrootd.ba.infn.it:1094] Impossible to send message kXR_open (file: /store/user/alesauva/flashgg/UL2017_3/10_6_4/VHToGG_M125_TuneCP5_13TeV-amcatnloFXFX-madspin-pythia8/UL2017_3-10_6_4-v0-RunIISummer19UL17MiniAOD-106X_mc2017_realistic_v6-v1/200718_083214/0000/myMicroAODOutputFile_14.root?tried=stor95.datagrid.cea.fr, mode: 0660, flags: kXR_open_read kXR_async kXR_retstat ). Trying to recover.
[2023-02-07 05:48:08.741503 +0100][Error  ][AsyncSock         ] [xrootd.ba.infn.it:1094 #0.0] Socket error while handshaking: [ERROR] Socket timeout
[2023-02-07 05:48:08.741628 +0100][Error  ][PostMaster        ] [xrootd.ba.infn.it:1094 #0] elapsed = 45, pConnectionWindow = 31 seconds.
[2023-02-07 05:48:54.007522 +0100][Error  ][AsyncSock         ] [xrootd.ba.infn.it:1094 #0.0] Socket error while handshaking: [ERROR] Socket timeout
[2023-02-07 05:48:54.007773 +0100][Error  ][PostMaster        ] [xrootd.ba.infn.it:1094 #0] elapsed = 46, pConnectionWindow = 31 seconds.
[2023-02-07 05:48:54.007801 +0100][Error  ][PostMaster        ] [xrootd.ba.infn.it:1094 #0] Unable to recover: [ERROR] Socket timeout.
[2023-02-07 05:48:54.007821 +0100][Error  ][XRootD            ] [xrootd.ba.infn.it:1094] Impossible to send message kXR_open (file: /store/user/alesauva/flashgg/UL2017_3/10_6_4/VHToGG_M125_TuneCP5_13TeV-amcatnloFXFX-madspin-pythia8/UL2017_3-10_6_4-v0-RunIISummer19UL17MiniAOD-106X_mc2017_realistic_v6-v1/200718_083214/0000/myMicroAODOutputFile_14.root?tried=stor95.datagrid.cea.fr, mode: 0660, flags: kXR_open_read kXR_async kXR_retstat ). Trying to recover.
Begin processing the 1001st record. Run 1, Event 1277306, LumiSection 4731 on stream 0 at 07-Feb-2023 05:49:03.429 CET
Begin processing the 2001st record. Run 1, Event 379250, LumiSection 1405 on stream 0 at 07-Feb-2023 05:50:28.384 CET
Begin processing the 3001st record. Run 1, Event 350078, LumiSection 1297 on stream 0 at 07-Feb-2023 05:51:52.403 CET
Begin processing the 4001st record. Run 1, Event 353022, LumiSection 1308 on stream 0 at 07-Feb-2023 05:53:17.742 CET
Begin processing the 5001st record. Run 1, Event 355974, LumiSection 1319 on stream 0 at 07-Feb-2023 05:54:40.372 CET
Begin processing the 6001st record. Run 1, Event 420736, LumiSection 1559 on stream 0 at 07-Feb-2023 05:56:14.376 CET
Begin processing the 7001st record. Run 1, Event 423790, LumiSection 1570 on stream 0 at 07-Feb-2023 05:57:28.610 CET
[2023-02-07 05:58:05.478481 +0100][Error  ][AsyncSock         ] [xrootd.ba.infn.it:1094 #0.0] Socket error while handshaking: [ERROR] Socket timeout
[2023-02-07 05:58:05.478636 +0100][Error  ][PostMaster        ] [xrootd.ba.infn.it:1094 #0] elapsed = 45, pConnectionWindow = 31 seconds.
Begin processing the 8001st record. Run 1, Event 426891, LumiSection 1582 on stream 0 at 07-Feb-2023 05:58:38.236 CET
[2023-02-07 05:58:50.213528 +0100][Error  ][AsyncSock         ] [xrootd.ba.infn.it:1094 #0.0] Socket error while handshaking: [ERROR] Socket timeout
[2023-02-07 05:58:50.213704 +0100][Error  ][PostMaster        ] [xrootd.ba.infn.it:1094 #0] elapsed = 45, pConnectionWindow = 31 seconds.
[2023-02-07 05:58:50.213732 +0100][Error  ][PostMaster        ] [xrootd.ba.infn.it:1094 #0] Unable to recover: [ERROR] Socket timeout.
[2023-02-07 05:58:50.213747 +0100][Error  ][XRootD            ] [xrootd.ba.infn.it:1094] Impossible to send message kXR_open (file: /store/user/alesauva/flashgg/UL2017_3/10_6_4/VHToGG_M125_TuneCP5_13TeV-amcatnloFXFX-madspin-pythia8/UL2017_3-10_6_4-v0-RunIISummer19UL17MiniAOD-106X_mc2017_realistic_v6-v1/200718_083214/0000/myMicroAODOutputFile_14.root?tried=stor95.datagrid.cea.fr, mode: 0660, flags: kXR_open_read kXR_async kXR_retstat ). Trying to recover.
Begin processing the 9001st record. Run 1, Event 914777, LumiSection 3389 on stream 0 at 07-Feb-2023 05:59:57.353 CET
Begin processing the 10001st record. Run 1, Event 930063, LumiSection 3445 on stream 0 at 07-Feb-2023 06:01:25.661 CET
Begin processing the 11001st record. Run 1, Event 536034, LumiSection 1986 on stream 0 at 07-Feb-2023 06:02:50.087 CET
[2023-02-07 06:03:13.008608 +0100][Error  ][AsyncSock         ] [xrootd.ba.infn.it:1094 #0.0] Socket error while handshaking: [ERROR] Socket timeout
[2023-02-07 06:03:13.008746 +0100][Error  ][PostMaster        ] [xrootd.ba.infn.it:1094 #0] elapsed = 45, pConnectionWindow = 31 seconds.
[2023-02-07 06:03:58.149548 +0100][Error  ][AsyncSock         ] [xrootd.ba.infn.it:1094 #0.0] Socket error while handshaking: [ERROR] Socket timeout
[2023-02-07 06:03:58.149699 +0100][Error  ][PostMaster        ] [xrootd.ba.infn.it:1094 #0] elapsed = 45, pConnectionWindow = 31 seconds.
[2023-02-07 06:03:58.149725 +0100][Error  ][PostMaster        ] [xrootd.ba.infn.it:1094 #0] Unable to recover: [ERROR] Socket timeout.
[2023-02-07 06:03:58.149740 +0100][Error  ][XRootD            ] [xrootd.ba.infn.it:1094] Impossible to send message kXR_open (file: /store/user/alesauva/flashgg/UL2017_3/10_6_4/VHToGG_M125_TuneCP5_13TeV-amcatnloFXFX-madspin-pythia8/UL2017_3-10_6_4-v0-RunIISummer19UL17MiniAOD-106X_mc2017_realistic_v6-v1/200718_083214/0000/myMicroAODOutputFile_14.root?tried=stor95.datagrid.cea.fr, mode: 0660, flags: kXR_open_read kXR_async kXR_retstat ). Trying to recover.
Begin processing the 12001st record. Run 1, Event 961986, LumiSection 3563 on stream 0 at 07-Feb-2023 06:04:09.180 CET
Begin processing the 13001st record. Run 1, Event 346750, LumiSection 1285 on stream 0 at 07-Feb-2023 06:05:26.345 CET
Begin processing the 14001st record. Run 1, Event 349644, LumiSection 1295 on stream 0 at 07-Feb-2023 06:06:55.584 CET
Begin processing the 15001st record. Run 1, Event 382529, LumiSection 1417 on stream 0 at 07-Feb-2023 06:08:09.430 CET
[2023-02-07 06:08:26.500473 +0100][Error  ][AsyncSock         ] [xrootd.ba.infn.it:1094 #0.0] Socket error while handshaking: [ERROR] Socket timeout
[2023-02-07 06:08:26.500671 +0100][Error  ][PostMaster        ] [xrootd.ba.infn.it:1094 #0] elapsed = 45, pConnectionWindow = 31 seconds.
[2023-02-07 06:09:11.101477 +0100][Error  ][AsyncSock         ] [xrootd.ba.infn.it:1094 #0.0] Socket error while handshaking: [ERROR] Socket timeout
[2023-02-07 06:09:11.101673 +0100][Error  ][PostMaster        ] [xrootd.ba.infn.it:1094 #0] elapsed = 45, pConnectionWindow = 31 seconds.
[2023-02-07 06:09:11.101703 +0100][Error  ][PostMaster        ] [xrootd.ba.infn.it:1094 #0] Unable to recover: [ERROR] Socket timeout.
[2023-02-07 06:09:11.101721 +0100][Error  ][XRootD            ] [xrootd.ba.infn.it:1094] Impossible to send message kXR_open (file: /store/user/alesauva/flashgg/UL2017_3/10_6_4/VHToGG_M125_TuneCP5_13TeV-amcatnloFXFX-madspin-pythia8/UL2017_3-10_6_4-v0-RunIISummer19UL17MiniAOD-106X_mc2017_realistic_v6-v1/200718_083214/0000/myMicroAODOutputFile_14.root?tried=stor95.datagrid.cea.fr, mode: 0660, flags: kXR_open_read kXR_async kXR_retstat ). Trying to recover.
Begin processing the 16001st record. Run 1, Event 385039, LumiSection 1427 on stream 0 at 07-Feb-2023 06:09:22.315 CET
Begin processing the 17001st record. Run 1, Event 387858, LumiSection 1437 on stream 0 at 07-Feb-2023 06:10:39.036 CET
Begin processing the 18001st record. Run 1, Event 1091909, LumiSection 4045 on stream 0 at 07-Feb-2023 06:12:08.068 CET
Begin processing the 19001st record. Run 1, Event 968397, LumiSection 3587 on stream 0 at 07-Feb-2023 06:13:27.848 CET
[2023-02-07 06:13:32.064506 +0100][Error  ][AsyncSock         ] [xrootd.ba.infn.it:1094 #0.0] Socket error while handshaking: [ERROR] Socket timeout
[2023-02-07 06:13:32.064761 +0100][Error  ][PostMaster        ] [xrootd.ba.infn.it:1094 #0] elapsed = 45, pConnectionWindow = 31 seconds.
[2023-02-07 06:14:17.174488 +0100][Error  ][AsyncSock         ] [xrootd.ba.infn.it:1094 #0.0] Socket error while handshaking: [ERROR] Socket timeout
[2023-02-07 06:14:17.174651 +0100][Error  ][PostMaster        ] [xrootd.ba.infn.it:1094 #0] elapsed = 45, pConnectionWindow = 31 seconds.
[2023-02-07 06:14:17.174691 +0100][Error  ][PostMaster        ] [xrootd.ba.infn.it:1094 #0] Unable to recover: [ERROR] Socket timeout.
[2023-02-07 06:14:17.174711 +0100][Error  ][XRootD            ] [xrootd.ba.infn.it:1094] Impossible to send message kXR_open (file: /store/user/alesauva/flashgg/UL2017_3/10_6_4/VHToGG_M125_TuneCP5_13TeV-amcatnloFXFX-madspin-pythia8/UL2017_3-10_6_4-v0-RunIISummer19UL17MiniAOD-106X_mc2017_realistic_v6-v1/200718_083214/0000/myMicroAODOutputFile_14.root?tried=stor95.datagrid.cea.fr, mode: 0660, flags: kXR_open_read kXR_async kXR_retstat ). Trying to recover.
Begin processing the 20001st record. Run 1, Event 391361, LumiSection 1450 on stream 0 at 07-Feb-2023 06:14:44.874 CET
Begin processing the 21001st record. Run 1, Event 394086, LumiSection 1460 on stream 0 at 07-Feb-2023 06:15:53.660 CET
Begin processing the 22001st record. Run 1, Event 398142, LumiSection 1475 on stream 0 at 07-Feb-2023 06:17:10.040 CET
[2023-02-07 06:18:34.942463 +0100][Error  ][AsyncSock         ] [xrootd.ba.infn.it:1094 #0.0] Socket error while handshaking: [ERROR] Socket timeout
[2023-02-07 06:18:34.942708 +0100][Error  ][PostMaster        ] [xrootd.ba.infn.it:1094 #0] elapsed = 45, pConnectionWindow = 31 seconds.
Begin processing the 23001st record. Run 1, Event 1027589, LumiSection 3806 on stream 0 at 07-Feb-2023 06:18:36.609 CET
[2023-02-07 06:19:19.361488 +0100][Error  ][AsyncSock         ] [xrootd.ba.infn.it:1094 #0.0] Socket error while handshaking: [ERROR] Socket timeout
[2023-02-07 06:19:19.361634 +0100][Error  ][PostMaster        ] [xrootd.ba.infn.it:1094 #0] elapsed = 45, pConnectionWindow = 31 seconds.
[2023-02-07 06:19:19.361659 +0100][Error  ][PostMaster        ] [xrootd.ba.infn.it:1094 #0] Unable to recover: [ERROR] Socket timeout.
[2023-02-07 06:19:19.361682 +0100][Error  ][XRootD            ] [xrootd.ba.infn.it:1094] Impossible to send message kXR_open (file: /store/user/alesauva/flashgg/UL2017_3/10_6_4/VHToGG_M125_TuneCP5_13TeV-amcatnloFXFX-madspin-pythia8/UL2017_3-10_6_4-v0-RunIISummer19UL17MiniAOD-106X_mc2017_realistic_v6-v1/200718_083214/0000/myMicroAODOutputFile_14.root?tried=stor95.datagrid.cea.fr, mode: 0660, flags: kXR_open_read kXR_async kXR_retstat ). Trying to recover.
Begin processing the 24001st record. Run 1, Event 480326, LumiSection 1779 on stream 0 at 07-Feb-2023 06:19:53.904 CET
07-Feb-2023 06:20:48 CET  Closed file root://cms-xrd-global.cern.ch//store/user/alesauva/flashgg/UL2017_3/10_6_4/VHToGG_M125_TuneCP5_13TeV-amcatnloFXFX-madspin-pythia8/UL2017_3-10_6_4-v0-RunIISummer19UL17MiniAOD-106X_mc2017_realistic_v6-v1/200718_083214/0000/myMicroAODOutputFile_14.root

TrigReport ---------- Event  Summary ------------
TrigReport Events total = 24736 passed = 8735 failed = 16001

TrigReport ---------- Path   Summary ------------
TrigReport  Trig Bit#   Executed     Passed     Failed      Error Name
TrigReport     1    0      24736       8735      16001          0 p

TrigReport -------End-Path   Summary ------------
TrigReport  Trig Bit#   Executed     Passed     Failed      Error Name

TrigReport ---------- Modules in Path: p ------------
TrigReport  Trig Bit#    Visited     Passed     Failed      Error Name
TrigReport     1    0      24736      24606        130          0 flashggMetFilters
TrigReport     1    1      24606       8735      15871          0 VHFilter
TrigReport     1    2       8735       8735          0          0 flashggDifferentialPhoIdInputsCorrection
TrigReport     1    3       8735       8735          0          0 flashggDiPhotonSystematics
TrigReport     1    4       8735       8735          0          0 flashggMetSystematics
TrigReport     1    5       8735       8735          0          0 flashggMuonSystematics
TrigReport     1    6       8735       8735          0          0 flashggElectronSystematics
TrigReport     1    7       8735       8735          0          0 flashggUnpackedJets
TrigReport     1    8       8735       8735          0          0 flashggJetSystematics0
TrigReport     1    9       8735       8735          0          0 flashggJetSystematics1
TrigReport     1   10       8735       8735          0          0 flashggJetSystematics2
TrigReport     1   11       8735       8735          0          0 flashggJetSystematics3
TrigReport     1   12       8735       8735          0          0 flashggJetSystematics4
TrigReport     1   13       8735       8735          0          0 flashggJetSystematics5
TrigReport     1   14       8735       8735          0          0 flashggJetSystematics6
TrigReport     1   15       8735       8735          0          0 flashggJetSystematics7
TrigReport     1   16       8735       8735          0          0 flashggJetSystematics8
TrigReport     1   17       8735       8735          0          0 flashggJetSystematics9
TrigReport     1   18       8735       8735          0          0 flashggJetSystematics10
TrigReport     1   19       8735       8735          0          0 flashggJetSystematics11
TrigReport     1   20       8735       8735          0          0 flashggPrefireDiPhotons
TrigReport     1   21       8735       8735          0          0 flashggPreselectedDiPhotons
TrigReport     1   22       8735       8735          0          0 flashggDiPhotonMVA
TrigReport     1   23       8735       8735          0          0 flashggVBFMVA
TrigReport     1   24       8735       8735          0          0 flashggVHhadMVA
TrigReport     1   25       8735       8735          0          0 flashggGluGluHMVA
TrigReport     1   26       8735       8735          0          0 flashggStageOneCombinedTag
TrigReport     1   27       8735       8735          0          0 flashggTHQLeptonicTag
TrigReport     1   28       8735       8735          0          0 flashggVHMetTag
TrigReport     1   29       8735       8735          0          0 flashggWHLeptonicTag
TrigReport     1   30       8735       8735          0          0 flashggZHLeptonicTag
TrigReport     1   31       8735       8735          0          0 flashggTTHLeptonicTag
TrigReport     1   32       8735       8735          0          0 flashggTTHHadronicTag
TrigReport     1   33       8735       8735          0          0 flashggTagSorter
TrigReport     1   34       8735       8735          0          0 flashggSystTagMerger
TrigReport     1   35       8735       8735          0          0 tagsDumper

TrigReport ---------- Module Summary ------------
TrigReport    Visited   Executed     Passed     Failed      Error Name
TrigReport      24736      24736      24736          0          0 TriggerResults
TrigReport      24606      24606       8735      15871          0 VHFilter
TrigReport       8735       8735       8735          0          0 ak4PFCHSL1FastL2L3Corrector
TrigReport       8735       8735       8735          0          0 ak4PFCHSL1FastjetCorrector
TrigReport       8735       8735       8735          0          0 ak4PFCHSL2RelativeCorrector
TrigReport       8735       8735       8735          0          0 ak4PFCHSL3AbsoluteCorrector
TrigReport       8735       8735       8735          0          0 flashggDiPhotonMVA
TrigReport       8735       8735       8735          0          0 flashggDiPhotonSystematics
TrigReport       8735       8735       8735          0          0 flashggDifferentialPhoIdInputsCorrection
TrigReport       8735       8735       8735          0          0 flashggElectronSystematics
TrigReport       8735       8735       8735          0          0 flashggGluGluHMVA
TrigReport       8735       8735       8735          0          0 flashggJetSystematics0
TrigReport       8735       8735       8735          0          0 flashggJetSystematics1
TrigReport       8735       8735       8735          0          0 flashggJetSystematics10
TrigReport       8735       8735       8735          0          0 flashggJetSystematics11
TrigReport       8735       8735       8735          0          0 flashggJetSystematics2
TrigReport       8735       8735       8735          0          0 flashggJetSystematics3
TrigReport       8735       8735       8735          0          0 flashggJetSystematics4
TrigReport       8735       8735       8735          0          0 flashggJetSystematics5
TrigReport       8735       8735       8735          0          0 flashggJetSystematics6
TrigReport       8735       8735       8735          0          0 flashggJetSystematics7
TrigReport       8735       8735       8735          0          0 flashggJetSystematics8
TrigReport       8735       8735       8735          0          0 flashggJetSystematics9
TrigReport      24736      24736      24606        130          0 flashggMetFilters
TrigReport       8735       8735       8735          0          0 flashggMetSystematics
TrigReport       8735       8735       8735          0          0 flashggMuonSystematics
TrigReport       8735       8735       8735          0          0 flashggPrefireDiPhotons
TrigReport       8735       8735       8735          0          0 flashggPreselectedDiPhotons
TrigReport       8735       8735       8735          0          0 flashggStageOneCombinedTag
TrigReport       8735       8735       8735          0          0 flashggSystTagMerger
TrigReport       8735       8735       8735          0          0 flashggTHQLeptonicTag
TrigReport       8735       8735       8735          0          0 flashggTTHHadronicTag
TrigReport       8735       8735       8735          0          0 flashggTTHLeptonicTag
TrigReport       8735       8735       8735          0          0 flashggTagSorter
TrigReport       8735       8735       8735          0          0 flashggUnpackedJets
TrigReport       8735       8735       8735          0          0 flashggVBFMVA
TrigReport       8735       8735       8735          0          0 flashggVHMetTag
TrigReport       8735       8735       8735          0          0 flashggVHhadMVA
TrigReport       8735       8735       8735          0          0 flashggWHLeptonicTag
TrigReport       8735       8735       8735          0          0 flashggZHLeptonicTag
TrigReport      24736      24736      24736          0          0 p
TrigReport       8735       8735       8735          0          0 tagsDumper

TimeReport ---------- Event  Summary ---[sec]----
TimeReport       event loop CPU/event = 0.087877
TimeReport      event loop Real/event = 0.092060
TimeReport     sum Streams Real/event = 0.088885
TimeReport efficiency CPU/Real/thread = 0.954569

TimeReport ---------- Path   Summary ---[Real sec]----
TimeReport  per event     per exec  Name
TimeReport   0.088372     0.088372  p
TimeReport  per event     per exec  Name

TimeReport -------End-Path   Summary ---[Real sec]----
TimeReport  per event     per exec  Name
TimeReport  per event     per exec  Name

TimeReport ---------- Modules in Path: p ---[Real sec]----
TimeReport  per event    per visit  Name
TimeReport   0.000022     0.000022  flashggMetFilters
TimeReport   0.000009     0.000009  VHFilter
TimeReport   0.041795     0.118357  flashggDifferentialPhoIdInputsCorrection
TimeReport   0.034232     0.096938  flashggDiPhotonSystematics
TimeReport   0.000133     0.000376  flashggMetSystematics
TimeReport   0.000018     0.000051  flashggMuonSystematics
TimeReport   0.000026     0.000072  flashggElectronSystematics
TimeReport   0.000209     0.000591  flashggUnpackedJets
TimeReport   0.003252     0.009210  flashggJetSystematics0
TimeReport   0.000504     0.001426  flashggJetSystematics1
TimeReport   0.000441     0.001250  flashggJetSystematics2
TimeReport   0.000423     0.001199  flashggJetSystematics3
TimeReport   0.000415     0.001176  flashggJetSystematics4
TimeReport   0.000414     0.001172  flashggJetSystematics5
TimeReport   0.000408     0.001154  flashggJetSystematics6
TimeReport   0.000410     0.001161  flashggJetSystematics7
TimeReport   0.000409     0.001159  flashggJetSystematics8
TimeReport   0.000407     0.001152  flashggJetSystematics9
TimeReport   0.000404     0.001144  flashggJetSystematics10
TimeReport   0.000409     0.001157  flashggJetSystematics11
TimeReport   0.000259     0.000733  flashggPrefireDiPhotons
TimeReport   0.000069     0.000194  flashggPreselectedDiPhotons
TimeReport   0.000015     0.000042  flashggDiPhotonMVA
TimeReport   0.000016     0.000046  flashggVBFMVA
TimeReport   0.000010     0.000027  flashggVHhadMVA
TimeReport   0.000026     0.000074  flashggGluGluHMVA
TimeReport   0.000017     0.000050  flashggStageOneCombinedTag
TimeReport   0.000211     0.000597  flashggTHQLeptonicTag
TimeReport   0.000083     0.000234  flashggVHMetTag
TimeReport   0.000015     0.000043  flashggWHLeptonicTag
TimeReport   0.000013     0.000036  flashggZHLeptonicTag
TimeReport   0.000098     0.000277  flashggTTHLeptonicTag
TimeReport   0.001006     0.002848  flashggTTHHadronicTag
TimeReport   0.000051     0.000145  flashggTagSorter
TimeReport   0.000002     0.000007  flashggSystTagMerger
TimeReport   0.000260     0.000736  tagsDumper
TimeReport  per event    per visit  Name

TimeReport ---------- Module Summary ---[Real sec]----
TimeReport  per event     per exec    per visit  Name
TimeReport   0.000004     0.000004     0.000004  TriggerResults
TimeReport   0.000009     0.000009     0.000009  VHFilter
TimeReport   0.000002     0.000005     0.000005  ak4PFCHSL1FastL2L3Corrector
TimeReport   0.000002     0.000006     0.000006  ak4PFCHSL1FastjetCorrector
TimeReport   0.000001     0.000003     0.000003  ak4PFCHSL2RelativeCorrector
TimeReport   0.000005     0.000015     0.000015  ak4PFCHSL3AbsoluteCorrector
TimeReport   0.000015     0.000042     0.000042  flashggDiPhotonMVA
TimeReport   0.034232     0.096938     0.096938  flashggDiPhotonSystematics
TimeReport   0.041795     0.118357     0.118357  flashggDifferentialPhoIdInputsCorrection
TimeReport   0.000026     0.000072     0.000072  flashggElectronSystematics
TimeReport   0.000026     0.000074     0.000074  flashggGluGluHMVA
TimeReport   0.003252     0.009210     0.009210  flashggJetSystematics0
TimeReport   0.000504     0.001426     0.001426  flashggJetSystematics1
TimeReport   0.000404     0.001144     0.001144  flashggJetSystematics10
TimeReport   0.000409     0.001157     0.001157  flashggJetSystematics11
TimeReport   0.000441     0.001250     0.001250  flashggJetSystematics2
TimeReport   0.000423     0.001199     0.001199  flashggJetSystematics3
TimeReport   0.000415     0.001176     0.001176  flashggJetSystematics4
TimeReport   0.000414     0.001172     0.001172  flashggJetSystematics5
TimeReport   0.000408     0.001154     0.001154  flashggJetSystematics6
TimeReport   0.000410     0.001161     0.001161  flashggJetSystematics7
TimeReport   0.000409     0.001159     0.001159  flashggJetSystematics8
TimeReport   0.000407     0.001152     0.001152  flashggJetSystematics9
TimeReport   0.000022     0.000022     0.000022  flashggMetFilters
TimeReport   0.000133     0.000376     0.000376  flashggMetSystematics
TimeReport   0.000018     0.000051     0.000051  flashggMuonSystematics
TimeReport   0.000259     0.000733     0.000733  flashggPrefireDiPhotons
TimeReport   0.000069     0.000194     0.000194  flashggPreselectedDiPhotons
TimeReport   0.000017     0.000050     0.000050  flashggStageOneCombinedTag
TimeReport   0.000002     0.000007     0.000007  flashggSystTagMerger
TimeReport   0.000211     0.000597     0.000597  flashggTHQLeptonicTag
TimeReport   0.001006     0.002848     0.002848  flashggTTHHadronicTag
TimeReport   0.000098     0.000277     0.000277  flashggTTHLeptonicTag
TimeReport   0.000051     0.000145     0.000145  flashggTagSorter
TimeReport   0.000209     0.000591     0.000591  flashggUnpackedJets
TimeReport   0.000016     0.000046     0.000046  flashggVBFMVA
TimeReport   0.000083     0.000234     0.000234  flashggVHMetTag
TimeReport   0.000010     0.000027     0.000027  flashggVHhadMVA
TimeReport   0.000015     0.000043     0.000043  flashggWHLeptonicTag
TimeReport   0.000013     0.000036     0.000036  flashggZHLeptonicTag
TimeReport   0.000005     0.000005     0.000005  p
TimeReport   0.000260     0.000736     0.000736  tagsDumper
TimeReport  per event     per exec    per visit  Name

T---Report end!


=============================================

MessageLogger Summary

 type     category        sev    module        subroutine        count    total
 ---- -------------------- -- ---------------- ----------------  -----    -----
    1 XrdAdaptor           -w file_open                              1        1
    2 fileAction           -s file_close                             1        1
    3 fileAction           -s file_open                              2        2

 type    category    Examples: run/evt        run/evt          run/evt
 ---- -------------------- ---------------- ---------------- ----------------
    1 XrdAdaptor           pre-events                        
    2 fileAction           PostGlobalEndRun                  
    3 fileAction           pre-events       pre-events       

Severity    # Occurrences   Total Occurrences
--------    -------------   -----------------
Warning                 1                   1
System                  3                   3

dropped waiting message count 0
