mkdir: cannot create directory '/afs/cern.ch/user/x/xisu/private/local/Analysis_workspace/VH_AC_tmp1/flashgg_d2/CMSSW_10_6_29/src/flashgg/VHAC_Analysis_Met/UL_17/UL17_zh125': File exists
/cvmfs/cms.cern.ch/slc7_amd64_gcc700/external/py2-requests/2.21.0-pafccj2/lib/python2.7/site-packages/requests/__init__.py:91: RequestsDependencyWarning: urllib3 (1.25.2) or chardet (3.0.4) doesn't match a supported version!
  RequestsDependencyWarning)
07-Feb-2023 05:22:39 CET  Initiating request to open file root://cms-xrd-global.cern.ch//store/user/alesauva/flashgg/UL2017_3/10_6_4/VHToGG_M125_TuneCP5_13TeV-amcatnloFXFX-madspin-pythia8/UL2017_3-10_6_4-v0-RunIISummer19UL17MiniAOD-106X_mc2017_realistic_v6-v1/200722_091630/0000/myMicroAODOutputFile_10.root
[2023-02-07 05:23:25.784361 +0100][Error  ][AsyncSock         ] [xrootd.ba.infn.it:1094 #0.0] Socket error while handshaking: [ERROR] Socket timeout
[2023-02-07 05:23:25.784587 +0100][Error  ][PostMaster        ] [xrootd.ba.infn.it:1094 #0] elapsed = 45, pConnectionWindow = 31 seconds.
[2023-02-07 05:24:11.032584 +0100][Error  ][AsyncSock         ] [xrootd.ba.infn.it:1094 #0.0] Socket error while handshaking: [ERROR] Socket timeout
[2023-02-07 05:24:11.032709 +0100][Error  ][PostMaster        ] [xrootd.ba.infn.it:1094 #0] elapsed = 46, pConnectionWindow = 31 seconds.
[2023-02-07 05:24:11.032744 +0100][Error  ][PostMaster        ] [xrootd.ba.infn.it:1094 #0] Unable to recover: [ERROR] Socket timeout.
[2023-02-07 05:24:11.032759 +0100][Error  ][XRootD            ] [xrootd.ba.infn.it:1094] Impossible to send message kXR_open (file: /store/user/alesauva/flashgg/UL2017_3/10_6_4/VHToGG_M125_TuneCP5_13TeV-amcatnloFXFX-madspin-pythia8/UL2017_3-10_6_4-v0-RunIISummer19UL17MiniAOD-106X_mc2017_realistic_v6-v1/200722_091630/0000/myMicroAODOutputFile_10.root, mode: 0660, flags: kXR_open_read kXR_async kXR_retstat ). Trying to recover.
%MSG-w XrdAdaptor:  file_open 07-Feb-2023 05:24:23 CET pre-events
Data is served from GRIF-IRFU instead of original site CERN-CMSGLOBAL-01
%MSG
07-Feb-2023 05:24:24 CET  Successfully opened file root://cms-xrd-global.cern.ch//store/user/alesauva/flashgg/UL2017_3/10_6_4/VHToGG_M125_TuneCP5_13TeV-amcatnloFXFX-madspin-pythia8/UL2017_3-10_6_4-v0-RunIISummer19UL17MiniAOD-106X_mc2017_realistic_v6-v1/200722_091630/0000/myMicroAODOutputFile_10.root
2023-02-07 05:40:31.963621: I tensorflow/core/platform/cpu_feature_guard.cc:140] Your CPU supports instructions that this TensorFlow binary was not compiled to use: SSE4.1 SSE4.2 AVX AVX2 FMA
Begin processing the 1st record. Run 1, Event 63216, LumiSection 235 on stream 0 at 07-Feb-2023 05:41:30.822 CET
[2023-02-07 05:42:14.037707 +0100][Error  ][AsyncSock         ] [xrootd.ba.infn.it:1094 #0.0] Socket error while handshaking: [ERROR] Socket timeout
[2023-02-07 05:42:14.037870 +0100][Error  ][PostMaster        ] [xrootd.ba.infn.it:1094 #0] elapsed = 45, pConnectionWindow = 31 seconds.
[2023-02-07 05:42:59.271261 +0100][Error  ][AsyncSock         ] [xrootd.ba.infn.it:1094 #0.0] Socket error while handshaking: [ERROR] Socket timeout
[2023-02-07 05:42:59.271428 +0100][Error  ][PostMaster        ] [xrootd.ba.infn.it:1094 #0] elapsed = 45, pConnectionWindow = 31 seconds.
[2023-02-07 05:42:59.271443 +0100][Error  ][PostMaster        ] [xrootd.ba.infn.it:1094 #0] Unable to recover: [ERROR] Socket timeout.
[2023-02-07 05:42:59.271483 +0100][Error  ][XRootD            ] [xrootd.ba.infn.it:1094] Impossible to send message kXR_open (file: /store/user/alesauva/flashgg/UL2017_3/10_6_4/VHToGG_M125_TuneCP5_13TeV-amcatnloFXFX-madspin-pythia8/UL2017_3-10_6_4-v0-RunIISummer19UL17MiniAOD-106X_mc2017_realistic_v6-v1/200722_091630/0000/myMicroAODOutputFile_10.root?tried=stor76.datagrid.cea.fr, mode: 0660, flags: kXR_open_read kXR_async kXR_retstat ). Trying to recover.
[2023-02-07 05:43:49.125369 +0100][Error  ][AsyncSock         ] [xrootd-cms.infn.it:1094 #0.0] Socket error while handshaking: [ERROR] Socket timeout
[2023-02-07 05:43:49.125582 +0100][Error  ][PostMaster        ] [xrootd-cms.infn.it:1094 #0] elapsed = 45, pConnectionWindow = 31 seconds.
Begin processing the 1001st record. Run 1, Event 170887, LumiSection 633 on stream 0 at 07-Feb-2023 05:45:02.749 CET
Begin processing the 2001st record. Run 1, Event 885670, LumiSection 3281 on stream 0 at 07-Feb-2023 05:46:04.470 CET
Begin processing the 3001st record. Run 1, Event 888394, LumiSection 3291 on stream 0 at 07-Feb-2023 05:47:04.068 CET
[2023-02-07 05:47:44.321318 +0100][Error  ][AsyncSock         ] [xrootd.ba.infn.it:1094 #0.0] Socket error while handshaking: [ERROR] Socket timeout
[2023-02-07 05:47:44.321454 +0100][Error  ][PostMaster        ] [xrootd.ba.infn.it:1094 #0] elapsed = 45, pConnectionWindow = 31 seconds.
Begin processing the 4001st record. Run 1, Event 974177, LumiSection 3609 on stream 0 at 07-Feb-2023 05:48:02.532 CET
[2023-02-07 05:48:29.445372 +0100][Error  ][AsyncSock         ] [xrootd.ba.infn.it:1094 #0.0] Socket error while handshaking: [ERROR] Socket timeout
[2023-02-07 05:48:29.445533 +0100][Error  ][PostMaster        ] [xrootd.ba.infn.it:1094 #0] elapsed = 45, pConnectionWindow = 31 seconds.
[2023-02-07 05:48:29.445547 +0100][Error  ][PostMaster        ] [xrootd.ba.infn.it:1094 #0] Unable to recover: [ERROR] Socket timeout.
[2023-02-07 05:48:29.445557 +0100][Error  ][XRootD            ] [xrootd.ba.infn.it:1094] Impossible to send message kXR_open (file: /store/user/alesauva/flashgg/UL2017_3/10_6_4/VHToGG_M125_TuneCP5_13TeV-amcatnloFXFX-madspin-pythia8/UL2017_3-10_6_4-v0-RunIISummer19UL17MiniAOD-106X_mc2017_realistic_v6-v1/200722_091630/0000/myMicroAODOutputFile_10.root?tried=stor76.datagrid.cea.fr, mode: 0660, flags: kXR_open_read kXR_async kXR_retstat ). Trying to recover.
Begin processing the 5001st record. Run 1, Event 977216, LumiSection 3620 on stream 0 at 07-Feb-2023 05:49:01.596 CET
Begin processing the 6001st record. Run 1, Event 939347, LumiSection 3480 on stream 0 at 07-Feb-2023 05:49:58.467 CET
Begin processing the 7001st record. Run 1, Event 942612, LumiSection 3492 on stream 0 at 07-Feb-2023 05:50:57.197 CET
Begin processing the 8001st record. Run 1, Event 945723, LumiSection 3503 on stream 0 at 07-Feb-2023 05:51:54.376 CET
Begin processing the 9001st record. Run 1, Event 410673, LumiSection 1522 on stream 0 at 07-Feb-2023 05:53:01.733 CET
[2023-02-07 05:53:23.465350 +0100][Error  ][AsyncSock         ] [xrootd.ba.infn.it:1094 #0.0] Socket error while handshaking: [ERROR] Socket timeout
[2023-02-07 05:53:23.465536 +0100][Error  ][PostMaster        ] [xrootd.ba.infn.it:1094 #0] elapsed = 45, pConnectionWindow = 31 seconds.
Begin processing the 10001st record. Run 1, Event 338847, LumiSection 1255 on stream 0 at 07-Feb-2023 05:53:57.098 CET
[2023-02-07 05:54:08.418483 +0100][Error  ][AsyncSock         ] [xrootd.ba.infn.it:1094 #0.0] Socket error while handshaking: [ERROR] Socket timeout
[2023-02-07 05:54:08.418612 +0100][Error  ][PostMaster        ] [xrootd.ba.infn.it:1094 #0] elapsed = 45, pConnectionWindow = 31 seconds.
[2023-02-07 05:54:08.418622 +0100][Error  ][PostMaster        ] [xrootd.ba.infn.it:1094 #0] Unable to recover: [ERROR] Socket timeout.
[2023-02-07 05:54:08.418632 +0100][Error  ][XRootD            ] [xrootd.ba.infn.it:1094] Impossible to send message kXR_open (file: /store/user/alesauva/flashgg/UL2017_3/10_6_4/VHToGG_M125_TuneCP5_13TeV-amcatnloFXFX-madspin-pythia8/UL2017_3-10_6_4-v0-RunIISummer19UL17MiniAOD-106X_mc2017_realistic_v6-v1/200722_091630/0000/myMicroAODOutputFile_10.root?tried=stor76.datagrid.cea.fr, mode: 0660, flags: kXR_open_read kXR_async kXR_retstat ). Trying to recover.
Begin processing the 11001st record. Run 1, Event 442490, LumiSection 1639 on stream 0 at 07-Feb-2023 05:54:54.735 CET
Begin processing the 12001st record. Run 1, Event 445419, LumiSection 1650 on stream 0 at 07-Feb-2023 05:55:47.100 CET
Begin processing the 13001st record. Run 1, Event 448267, LumiSection 1661 on stream 0 at 07-Feb-2023 05:56:47.332 CET
Begin processing the 14001st record. Run 1, Event 461698, LumiSection 1710 on stream 0 at 07-Feb-2023 05:57:40.243 CET
Begin processing the 15001st record. Run 1, Event 464510, LumiSection 1721 on stream 0 at 07-Feb-2023 05:58:39.817 CET
[2023-02-07 05:58:51.368178 +0100][Error  ][AsyncSock         ] [xrootd.ba.infn.it:1094 #0.0] Socket error while handshaking: [ERROR] Socket timeout
[2023-02-07 05:58:51.368351 +0100][Error  ][PostMaster        ] [xrootd.ba.infn.it:1094 #0] elapsed = 45, pConnectionWindow = 31 seconds.
Begin processing the 16001st record. Run 1, Event 405295, LumiSection 1502 on stream 0 at 07-Feb-2023 05:59:33.819 CET
[2023-02-07 05:59:36.854627 +0100][Error  ][AsyncSock         ] [xrootd.ba.infn.it:1094 #0.0] Socket error while handshaking: [ERROR] Socket timeout
[2023-02-07 05:59:36.854764 +0100][Error  ][PostMaster        ] [xrootd.ba.infn.it:1094 #0] elapsed = 45, pConnectionWindow = 31 seconds.
[2023-02-07 05:59:36.854776 +0100][Error  ][PostMaster        ] [xrootd.ba.infn.it:1094 #0] Unable to recover: [ERROR] Socket timeout.
[2023-02-07 05:59:36.854786 +0100][Error  ][XRootD            ] [xrootd.ba.infn.it:1094] Impossible to send message kXR_open (file: /store/user/alesauva/flashgg/UL2017_3/10_6_4/VHToGG_M125_TuneCP5_13TeV-amcatnloFXFX-madspin-pythia8/UL2017_3-10_6_4-v0-RunIISummer19UL17MiniAOD-106X_mc2017_realistic_v6-v1/200722_091630/0000/myMicroAODOutputFile_10.root?tried=stor76.datagrid.cea.fr, mode: 0660, flags: kXR_open_read kXR_async kXR_retstat ). Trying to recover.
Begin processing the 17001st record. Run 1, Event 429751, LumiSection 1592 on stream 0 at 07-Feb-2023 06:00:33.905 CET
Begin processing the 18001st record. Run 1, Event 432725, LumiSection 1603 on stream 0 at 07-Feb-2023 06:01:34.695 CET
Begin processing the 19001st record. Run 1, Event 435597, LumiSection 1614 on stream 0 at 07-Feb-2023 06:02:33.279 CET
Begin processing the 20001st record. Run 1, Event 438515, LumiSection 1625 on stream 0 at 07-Feb-2023 06:03:47.478 CET
[2023-02-07 06:04:42.304359 +0100][Error  ][AsyncSock         ] [xrootd.ba.infn.it:1094 #0.0] Socket error while handshaking: [ERROR] Socket timeout
[2023-02-07 06:04:42.304494 +0100][Error  ][PostMaster        ] [xrootd.ba.infn.it:1094 #0] elapsed = 45, pConnectionWindow = 31 seconds.
Begin processing the 21001st record. Run 1, Event 494042, LumiSection 1830 on stream 0 at 07-Feb-2023 06:04:45.106 CET
[2023-02-07 06:05:27.078357 +0100][Error  ][AsyncSock         ] [xrootd.ba.infn.it:1094 #0.0] Socket error while handshaking: [ERROR] Socket timeout
[2023-02-07 06:05:27.078498 +0100][Error  ][PostMaster        ] [xrootd.ba.infn.it:1094 #0] elapsed = 45, pConnectionWindow = 31 seconds.
[2023-02-07 06:05:27.078513 +0100][Error  ][PostMaster        ] [xrootd.ba.infn.it:1094 #0] Unable to recover: [ERROR] Socket timeout.
[2023-02-07 06:05:27.078523 +0100][Error  ][XRootD            ] [xrootd.ba.infn.it:1094] Impossible to send message kXR_open (file: /store/user/alesauva/flashgg/UL2017_3/10_6_4/VHToGG_M125_TuneCP5_13TeV-amcatnloFXFX-madspin-pythia8/UL2017_3-10_6_4-v0-RunIISummer19UL17MiniAOD-106X_mc2017_realistic_v6-v1/200722_091630/0000/myMicroAODOutputFile_10.root?tried=stor76.datagrid.cea.fr, mode: 0660, flags: kXR_open_read kXR_async kXR_retstat ). Trying to recover.
Begin processing the 22001st record. Run 1, Event 700702, LumiSection 2596 on stream 0 at 07-Feb-2023 06:05:47.848 CET
Begin processing the 23001st record. Run 1, Event 906120, LumiSection 3356 on stream 0 at 07-Feb-2023 06:06:41.558 CET
Begin processing the 24001st record. Run 1, Event 636961, LumiSection 2360 on stream 0 at 07-Feb-2023 06:07:45.577 CET
07-Feb-2023 06:08:42 CET  Closed file root://cms-xrd-global.cern.ch//store/user/alesauva/flashgg/UL2017_3/10_6_4/VHToGG_M125_TuneCP5_13TeV-amcatnloFXFX-madspin-pythia8/UL2017_3-10_6_4-v0-RunIISummer19UL17MiniAOD-106X_mc2017_realistic_v6-v1/200722_091630/0000/myMicroAODOutputFile_10.root

TrigReport ---------- Event  Summary ------------
TrigReport Events total = 24928 passed = 8911 failed = 16017

TrigReport ---------- Path   Summary ------------
TrigReport  Trig Bit#   Executed     Passed     Failed      Error Name
TrigReport     1    0      24928       8911      16017          0 p

TrigReport -------End-Path   Summary ------------
TrigReport  Trig Bit#   Executed     Passed     Failed      Error Name

TrigReport ---------- Modules in Path: p ------------
TrigReport  Trig Bit#    Visited     Passed     Failed      Error Name
TrigReport     1    0      24928      24789        139          0 flashggMetFilters
TrigReport     1    1      24789       8911      15878          0 VHFilter
TrigReport     1    2       8911       8911          0          0 flashggDifferentialPhoIdInputsCorrection
TrigReport     1    3       8911       8911          0          0 flashggDiPhotonSystematics
TrigReport     1    4       8911       8911          0          0 flashggMetSystematics
TrigReport     1    5       8911       8911          0          0 flashggMuonSystematics
TrigReport     1    6       8911       8911          0          0 flashggElectronSystematics
TrigReport     1    7       8911       8911          0          0 flashggUnpackedJets
TrigReport     1    8       8911       8911          0          0 flashggJetSystematics0
TrigReport     1    9       8911       8911          0          0 flashggJetSystematics1
TrigReport     1   10       8911       8911          0          0 flashggJetSystematics2
TrigReport     1   11       8911       8911          0          0 flashggJetSystematics3
TrigReport     1   12       8911       8911          0          0 flashggJetSystematics4
TrigReport     1   13       8911       8911          0          0 flashggJetSystematics5
TrigReport     1   14       8911       8911          0          0 flashggJetSystematics6
TrigReport     1   15       8911       8911          0          0 flashggJetSystematics7
TrigReport     1   16       8911       8911          0          0 flashggJetSystematics8
TrigReport     1   17       8911       8911          0          0 flashggJetSystematics9
TrigReport     1   18       8911       8911          0          0 flashggJetSystematics10
TrigReport     1   19       8911       8911          0          0 flashggJetSystematics11
TrigReport     1   20       8911       8911          0          0 flashggPrefireDiPhotons
TrigReport     1   21       8911       8911          0          0 flashggPreselectedDiPhotons
TrigReport     1   22       8911       8911          0          0 flashggDiPhotonMVA
TrigReport     1   23       8911       8911          0          0 flashggVBFMVA
TrigReport     1   24       8911       8911          0          0 flashggVHhadMVA
TrigReport     1   25       8911       8911          0          0 flashggGluGluHMVA
TrigReport     1   26       8911       8911          0          0 flashggStageOneCombinedTag
TrigReport     1   27       8911       8911          0          0 flashggTHQLeptonicTag
TrigReport     1   28       8911       8911          0          0 flashggVHMetTag
TrigReport     1   29       8911       8911          0          0 flashggWHLeptonicTag
TrigReport     1   30       8911       8911          0          0 flashggZHLeptonicTag
TrigReport     1   31       8911       8911          0          0 flashggTTHLeptonicTag
TrigReport     1   32       8911       8911          0          0 flashggTTHHadronicTag
TrigReport     1   33       8911       8911          0          0 flashggTagSorter
TrigReport     1   34       8911       8911          0          0 flashggSystTagMerger
TrigReport     1   35       8911       8911          0          0 tagsDumper

TrigReport ---------- Module Summary ------------
TrigReport    Visited   Executed     Passed     Failed      Error Name
TrigReport      24928      24928      24928          0          0 TriggerResults
TrigReport      24789      24789       8911      15878          0 VHFilter
TrigReport       8911       8911       8911          0          0 ak4PFCHSL1FastL2L3Corrector
TrigReport       8911       8911       8911          0          0 ak4PFCHSL1FastjetCorrector
TrigReport       8911       8911       8911          0          0 ak4PFCHSL2RelativeCorrector
TrigReport       8911       8911       8911          0          0 ak4PFCHSL3AbsoluteCorrector
TrigReport       8911       8911       8911          0          0 flashggDiPhotonMVA
TrigReport       8911       8911       8911          0          0 flashggDiPhotonSystematics
TrigReport       8911       8911       8911          0          0 flashggDifferentialPhoIdInputsCorrection
TrigReport       8911       8911       8911          0          0 flashggElectronSystematics
TrigReport       8911       8911       8911          0          0 flashggGluGluHMVA
TrigReport       8911       8911       8911          0          0 flashggJetSystematics0
TrigReport       8911       8911       8911          0          0 flashggJetSystematics1
TrigReport       8911       8911       8911          0          0 flashggJetSystematics10
TrigReport       8911       8911       8911          0          0 flashggJetSystematics11
TrigReport       8911       8911       8911          0          0 flashggJetSystematics2
TrigReport       8911       8911       8911          0          0 flashggJetSystematics3
TrigReport       8911       8911       8911          0          0 flashggJetSystematics4
TrigReport       8911       8911       8911          0          0 flashggJetSystematics5
TrigReport       8911       8911       8911          0          0 flashggJetSystematics6
TrigReport       8911       8911       8911          0          0 flashggJetSystematics7
TrigReport       8911       8911       8911          0          0 flashggJetSystematics8
TrigReport       8911       8911       8911          0          0 flashggJetSystematics9
TrigReport      24928      24928      24789        139          0 flashggMetFilters
TrigReport       8911       8911       8911          0          0 flashggMetSystematics
TrigReport       8911       8911       8911          0          0 flashggMuonSystematics
TrigReport       8911       8911       8911          0          0 flashggPrefireDiPhotons
TrigReport       8911       8911       8911          0          0 flashggPreselectedDiPhotons
TrigReport       8911       8911       8911          0          0 flashggStageOneCombinedTag
TrigReport       8911       8911       8911          0          0 flashggSystTagMerger
TrigReport       8911       8911       8911          0          0 flashggTHQLeptonicTag
TrigReport       8911       8911       8911          0          0 flashggTTHHadronicTag
TrigReport       8911       8911       8911          0          0 flashggTTHLeptonicTag
TrigReport       8911       8911       8911          0          0 flashggTagSorter
TrigReport       8911       8911       8911          0          0 flashggUnpackedJets
TrigReport       8911       8911       8911          0          0 flashggVBFMVA
TrigReport       8911       8911       8911          0          0 flashggVHMetTag
TrigReport       8911       8911       8911          0          0 flashggVHhadMVA
TrigReport       8911       8911       8911          0          0 flashggWHLeptonicTag
TrigReport       8911       8911       8911          0          0 flashggZHLeptonicTag
TrigReport      24928      24928      24928          0          0 p
TrigReport       8911       8911       8911          0          0 tagsDumper

TimeReport ---------- Event  Summary ---[sec]----
TimeReport       event loop CPU/event = 0.065021
TimeReport      event loop Real/event = 0.065529
TimeReport     sum Streams Real/event = 0.063603
TimeReport efficiency CPU/Real/thread = 0.992253

TimeReport ---------- Path   Summary ---[Real sec]----
TimeReport  per event     per exec  Name
TimeReport   0.063268     0.063268  p
TimeReport  per event     per exec  Name

TimeReport -------End-Path   Summary ---[Real sec]----
TimeReport  per event     per exec  Name
TimeReport  per event     per exec  Name

TimeReport ---------- Modules in Path: p ---[Real sec]----
TimeReport  per event    per visit  Name
TimeReport   0.000012     0.000012  flashggMetFilters
TimeReport   0.000005     0.000005  VHFilter
TimeReport   0.036336     0.101648  flashggDifferentialPhoIdInputsCorrection
TimeReport   0.019842     0.055508  flashggDiPhotonSystematics
TimeReport   0.000081     0.000226  flashggMetSystematics
TimeReport   0.000009     0.000026  flashggMuonSystematics
TimeReport   0.000016     0.000044  flashggElectronSystematics
TimeReport   0.000101     0.000283  flashggUnpackedJets
TimeReport   0.001773     0.004961  flashggJetSystematics0
TimeReport   0.000267     0.000748  flashggJetSystematics1
TimeReport   0.000237     0.000664  flashggJetSystematics2
TimeReport   0.000229     0.000641  flashggJetSystematics3
TimeReport   0.000224     0.000628  flashggJetSystematics4
TimeReport   0.000223     0.000624  flashggJetSystematics5
TimeReport   0.000221     0.000617  flashggJetSystematics6
TimeReport   0.000222     0.000620  flashggJetSystematics7
TimeReport   0.000221     0.000617  flashggJetSystematics8
TimeReport   0.000219     0.000613  flashggJetSystematics9
TimeReport   0.000218     0.000610  flashggJetSystematics10
TimeReport   0.000218     0.000609  flashggJetSystematics11
TimeReport   0.000136     0.000380  flashggPrefireDiPhotons
TimeReport   0.000047     0.000132  flashggPreselectedDiPhotons
TimeReport   0.000012     0.000034  flashggDiPhotonMVA
TimeReport   0.000011     0.000031  flashggVBFMVA
TimeReport   0.000007     0.000019  flashggVHhadMVA
TimeReport   0.000019     0.000053  flashggGluGluHMVA
TimeReport   0.000012     0.000033  flashggStageOneCombinedTag
TimeReport   0.000212     0.000592  flashggTHQLeptonicTag
TimeReport   0.000077     0.000215  flashggVHMetTag
TimeReport   0.000010     0.000027  flashggWHLeptonicTag
TimeReport   0.000007     0.000021  flashggZHLeptonicTag
TimeReport   0.000040     0.000113  flashggTTHLeptonicTag
TimeReport   0.000590     0.001651  flashggTTHHadronicTag
TimeReport   0.000033     0.000092  flashggTagSorter
TimeReport   0.000001     0.000004  flashggSystTagMerger
TimeReport   0.000181     0.000506  tagsDumper
TimeReport  per event    per visit  Name

TimeReport ---------- Module Summary ---[Real sec]----
TimeReport  per event     per exec    per visit  Name
TimeReport   0.000002     0.000002     0.000002  TriggerResults
TimeReport   0.000005     0.000005     0.000005  VHFilter
TimeReport   0.000001     0.000004     0.000004  ak4PFCHSL1FastL2L3Corrector
TimeReport   0.000001     0.000004     0.000004  ak4PFCHSL1FastjetCorrector
TimeReport   0.000001     0.000002     0.000002  ak4PFCHSL2RelativeCorrector
TimeReport   0.000005     0.000015     0.000015  ak4PFCHSL3AbsoluteCorrector
TimeReport   0.000012     0.000034     0.000034  flashggDiPhotonMVA
TimeReport   0.019842     0.055508     0.055508  flashggDiPhotonSystematics
TimeReport   0.036336     0.101648     0.101648  flashggDifferentialPhoIdInputsCorrection
TimeReport   0.000016     0.000044     0.000044  flashggElectronSystematics
TimeReport   0.000019     0.000053     0.000053  flashggGluGluHMVA
TimeReport   0.001773     0.004961     0.004961  flashggJetSystematics0
TimeReport   0.000267     0.000748     0.000748  flashggJetSystematics1
TimeReport   0.000218     0.000610     0.000610  flashggJetSystematics10
TimeReport   0.000218     0.000609     0.000609  flashggJetSystematics11
TimeReport   0.000237     0.000664     0.000664  flashggJetSystematics2
TimeReport   0.000229     0.000641     0.000641  flashggJetSystematics3
TimeReport   0.000224     0.000628     0.000628  flashggJetSystematics4
TimeReport   0.000223     0.000624     0.000624  flashggJetSystematics5
TimeReport   0.000221     0.000617     0.000617  flashggJetSystematics6
TimeReport   0.000222     0.000620     0.000620  flashggJetSystematics7
TimeReport   0.000221     0.000617     0.000617  flashggJetSystematics8
TimeReport   0.000219     0.000613     0.000613  flashggJetSystematics9
TimeReport   0.000012     0.000012     0.000012  flashggMetFilters
TimeReport   0.000081     0.000226     0.000226  flashggMetSystematics
TimeReport   0.000009     0.000026     0.000026  flashggMuonSystematics
TimeReport   0.000136     0.000380     0.000380  flashggPrefireDiPhotons
TimeReport   0.000047     0.000132     0.000132  flashggPreselectedDiPhotons
TimeReport   0.000012     0.000033     0.000033  flashggStageOneCombinedTag
TimeReport   0.000001     0.000004     0.000004  flashggSystTagMerger
TimeReport   0.000212     0.000592     0.000592  flashggTHQLeptonicTag
TimeReport   0.000590     0.001651     0.001651  flashggTTHHadronicTag
TimeReport   0.000040     0.000113     0.000113  flashggTTHLeptonicTag
TimeReport   0.000033     0.000092     0.000092  flashggTagSorter
TimeReport   0.000101     0.000283     0.000283  flashggUnpackedJets
TimeReport   0.000011     0.000031     0.000031  flashggVBFMVA
TimeReport   0.000077     0.000215     0.000215  flashggVHMetTag
TimeReport   0.000007     0.000019     0.000019  flashggVHhadMVA
TimeReport   0.000010     0.000027     0.000027  flashggWHLeptonicTag
TimeReport   0.000007     0.000021     0.000021  flashggZHLeptonicTag
TimeReport   0.000003     0.000003     0.000003  p
TimeReport   0.000181     0.000506     0.000506  tagsDumper
TimeReport  per event     per exec    per visit  Name

T---Report end!


=============================================

MessageLogger Summary

 type     category        sev    module        subroutine        count    total
 ---- -------------------- -- ---------------- ----------------  -----    -----
    1 XrdAdaptor           -w file_open                              1        1
    2 fileAction           -s file_close                             1        1
    3 fileAction           -s file_open                              2        2

 type    category    Examples: run/evt        run/evt          run/evt
 ---- -------------------- ---------------- ---------------- ----------------
    1 XrdAdaptor           pre-events                        
    2 fileAction           PostGlobalEndRun                  
    3 fileAction           pre-events       pre-events       

Severity    # Occurrences   Total Occurrences
--------    -------------   -----------------
Warning                 1                   1
System                  3                   3

dropped waiting message count 0
