mkdir: cannot create directory '/afs/cern.ch/user/x/xisu/private/local/Analysis_workspace/VH_AC_tmp1/flashgg_d2/CMSSW_10_6_29/src/flashgg/VHAC_Analysis_Met/UL_17/UL17_zh125': File exists
/cvmfs/cms.cern.ch/slc7_amd64_gcc700/external/py2-requests/2.21.0-pafccj2/lib/python2.7/site-packages/requests/__init__.py:91: RequestsDependencyWarning: urllib3 (1.25.2) or chardet (3.0.4) doesn't match a supported version!
  RequestsDependencyWarning)
07-Feb-2023 05:22:48 CET  Initiating request to open file root://cms-xrd-global.cern.ch//store/user/alesauva/flashgg/UL2017_3/10_6_4/VHToGG_M125_TuneCP5_13TeV-amcatnloFXFX-madspin-pythia8/UL2017_3-10_6_4-v0-RunIISummer19UL17MiniAOD-106X_mc2017_realistic_v6-v1/200718_083214/0000/myMicroAODOutputFile_17.root
[2023-02-07 05:23:34.500580 +0100][Error  ][AsyncSock         ] [xrootd.ba.infn.it:1094 #0.0] Socket error while handshaking: [ERROR] Socket timeout
[2023-02-07 05:23:34.500850 +0100][Error  ][PostMaster        ] [xrootd.ba.infn.it:1094 #0] elapsed = 45, pConnectionWindow = 31 seconds.
[2023-02-07 05:24:19.750725 +0100][Error  ][AsyncSock         ] [xrootd.ba.infn.it:1094 #0.0] Socket error while handshaking: [ERROR] Socket timeout
[2023-02-07 05:24:19.750853 +0100][Error  ][PostMaster        ] [xrootd.ba.infn.it:1094 #0] elapsed = 45, pConnectionWindow = 31 seconds.
[2023-02-07 05:24:19.750896 +0100][Error  ][PostMaster        ] [xrootd.ba.infn.it:1094 #0] Unable to recover: [ERROR] Socket timeout.
[2023-02-07 05:24:19.750918 +0100][Error  ][XRootD            ] [xrootd.ba.infn.it:1094] Impossible to send message kXR_open (file: /store/user/alesauva/flashgg/UL2017_3/10_6_4/VHToGG_M125_TuneCP5_13TeV-amcatnloFXFX-madspin-pythia8/UL2017_3-10_6_4-v0-RunIISummer19UL17MiniAOD-106X_mc2017_realistic_v6-v1/200718_083214/0000/myMicroAODOutputFile_17.root, mode: 0660, flags: kXR_open_read kXR_async kXR_retstat ). Trying to recover.
%MSG-w XrdAdaptor:  file_open 07-Feb-2023 05:24:25 CET pre-events
Data is served from GRIF-IRFU instead of original site CERN-CMSGLOBAL-02
%MSG
07-Feb-2023 05:24:28 CET  Successfully opened file root://cms-xrd-global.cern.ch//store/user/alesauva/flashgg/UL2017_3/10_6_4/VHToGG_M125_TuneCP5_13TeV-amcatnloFXFX-madspin-pythia8/UL2017_3-10_6_4-v0-RunIISummer19UL17MiniAOD-106X_mc2017_realistic_v6-v1/200718_083214/0000/myMicroAODOutputFile_17.root
2023-02-07 05:40:53.329651: I tensorflow/core/platform/cpu_feature_guard.cc:140] Your CPU supports instructions that this TensorFlow binary was not compiled to use: SSE4.1 SSE4.2 AVX AVX2 FMA
Begin processing the 1st record. Run 1, Event 529747, LumiSection 1963 on stream 0 at 07-Feb-2023 05:42:36.029 CET
[2023-02-07 05:43:16.240513 +0100][Error  ][AsyncSock         ] [xrootd.ba.infn.it:1094 #0.0] Socket error while handshaking: [ERROR] Socket timeout
[2023-02-07 05:43:16.240648 +0100][Error  ][PostMaster        ] [xrootd.ba.infn.it:1094 #0] elapsed = 45, pConnectionWindow = 31 seconds.
[2023-02-07 05:44:01.517703 +0100][Error  ][AsyncSock         ] [xrootd.ba.infn.it:1094 #0.0] Socket error while handshaking: [ERROR] Socket timeout
[2023-02-07 05:44:01.517876 +0100][Error  ][PostMaster        ] [xrootd.ba.infn.it:1094 #0] elapsed = 45, pConnectionWindow = 31 seconds.
[2023-02-07 05:44:01.517897 +0100][Error  ][PostMaster        ] [xrootd.ba.infn.it:1094 #0] Unable to recover: [ERROR] Socket timeout.
[2023-02-07 05:44:01.517918 +0100][Error  ][XRootD            ] [xrootd.ba.infn.it:1094] Impossible to send message kXR_open (file: /store/user/alesauva/flashgg/UL2017_3/10_6_4/VHToGG_M125_TuneCP5_13TeV-amcatnloFXFX-madspin-pythia8/UL2017_3-10_6_4-v0-RunIISummer19UL17MiniAOD-106X_mc2017_realistic_v6-v1/200718_083214/0000/myMicroAODOutputFile_17.root?tried=stor92.datagrid.cea.fr, mode: 0660, flags: kXR_open_read kXR_async kXR_retstat ). Trying to recover.
Begin processing the 1001st record. Run 1, Event 519415, LumiSection 1924 on stream 0 at 07-Feb-2023 05:48:31.354 CET
Begin processing the 2001st record. Run 1, Event 552061, LumiSection 2045 on stream 0 at 07-Feb-2023 05:49:51.447 CET
Begin processing the 3001st record. Run 1, Event 1056082, LumiSection 3912 on stream 0 at 07-Feb-2023 05:51:12.502 CET
Begin processing the 4001st record. Run 1, Event 1087333, LumiSection 4028 on stream 0 at 07-Feb-2023 05:52:24.970 CET
[2023-02-07 05:53:00.609535 +0100][Error  ][AsyncSock         ] [xrootd.ba.infn.it:1094 #0.0] Socket error while handshaking: [ERROR] Socket timeout
[2023-02-07 05:53:00.609709 +0100][Error  ][PostMaster        ] [xrootd.ba.infn.it:1094 #0] elapsed = 45, pConnectionWindow = 31 seconds.
Begin processing the 5001st record. Run 1, Event 1046464, LumiSection 3876 on stream 0 at 07-Feb-2023 05:53:45.282 CET
[2023-02-07 05:53:45.379509 +0100][Error  ][AsyncSock         ] [xrootd.ba.infn.it:1094 #0.0] Socket error while handshaking: [ERROR] Socket timeout
[2023-02-07 05:53:45.379656 +0100][Error  ][PostMaster        ] [xrootd.ba.infn.it:1094 #0] elapsed = 45, pConnectionWindow = 31 seconds.
[2023-02-07 05:53:45.379682 +0100][Error  ][PostMaster        ] [xrootd.ba.infn.it:1094 #0] Unable to recover: [ERROR] Socket timeout.
[2023-02-07 05:53:45.379698 +0100][Error  ][XRootD            ] [xrootd.ba.infn.it:1094] Impossible to send message kXR_open (file: /store/user/alesauva/flashgg/UL2017_3/10_6_4/VHToGG_M125_TuneCP5_13TeV-amcatnloFXFX-madspin-pythia8/UL2017_3-10_6_4-v0-RunIISummer19UL17MiniAOD-106X_mc2017_realistic_v6-v1/200718_083214/0000/myMicroAODOutputFile_17.root?tried=stor92.datagrid.cea.fr, mode: 0660, flags: kXR_open_read kXR_async kXR_retstat ). Trying to recover.
Begin processing the 6001st record. Run 1, Event 1069424, LumiSection 3961 on stream 0 at 07-Feb-2023 05:55:05.531 CET
Begin processing the 7001st record. Run 1, Event 668106, LumiSection 2475 on stream 0 at 07-Feb-2023 05:56:14.473 CET
Begin processing the 8001st record. Run 1, Event 1200450, LumiSection 4447 on stream 0 at 07-Feb-2023 05:57:25.485 CET
[2023-02-07 05:57:54.196518 +0100][Error  ][AsyncSock         ] [xrootd.ba.infn.it:1094 #0.0] Socket error while handshaking: [ERROR] Socket timeout
[2023-02-07 05:57:54.196648 +0100][Error  ][PostMaster        ] [xrootd.ba.infn.it:1094 #0] elapsed = 45, pConnectionWindow = 31 seconds.
[2023-02-07 05:58:39.130510 +0100][Error  ][AsyncSock         ] [xrootd.ba.infn.it:1094 #0.0] Socket error while handshaking: [ERROR] Socket timeout
[2023-02-07 05:58:39.130660 +0100][Error  ][PostMaster        ] [xrootd.ba.infn.it:1094 #0] elapsed = 45, pConnectionWindow = 31 seconds.
[2023-02-07 05:58:39.130687 +0100][Error  ][PostMaster        ] [xrootd.ba.infn.it:1094 #0] Unable to recover: [ERROR] Socket timeout.
[2023-02-07 05:58:39.130703 +0100][Error  ][XRootD            ] [xrootd.ba.infn.it:1094] Impossible to send message kXR_open (file: /store/user/alesauva/flashgg/UL2017_3/10_6_4/VHToGG_M125_TuneCP5_13TeV-amcatnloFXFX-madspin-pythia8/UL2017_3-10_6_4-v0-RunIISummer19UL17MiniAOD-106X_mc2017_realistic_v6-v1/200718_083214/0000/myMicroAODOutputFile_17.root?tried=stor92.datagrid.cea.fr, mode: 0660, flags: kXR_open_read kXR_async kXR_retstat ). Trying to recover.
Begin processing the 9001st record. Run 1, Event 1203304, LumiSection 4457 on stream 0 at 07-Feb-2023 05:58:45.184 CET
Begin processing the 10001st record. Run 1, Event 1206319, LumiSection 4468 on stream 0 at 07-Feb-2023 06:00:03.128 CET
Begin processing the 11001st record. Run 1, Event 1195459, LumiSection 4428 on stream 0 at 07-Feb-2023 06:01:27.170 CET
Begin processing the 12001st record. Run 1, Event 1120880, LumiSection 4152 on stream 0 at 07-Feb-2023 06:02:52.890 CET
[2023-02-07 06:03:06.823519 +0100][Error  ][AsyncSock         ] [xrootd.ba.infn.it:1094 #0.0] Socket error while handshaking: [ERROR] Socket timeout
[2023-02-07 06:03:06.823674 +0100][Error  ][PostMaster        ] [xrootd.ba.infn.it:1094 #0] elapsed = 45, pConnectionWindow = 31 seconds.
[2023-02-07 06:03:51.586540 +0100][Error  ][AsyncSock         ] [xrootd.ba.infn.it:1094 #0.0] Socket error while handshaking: [ERROR] Socket timeout
[2023-02-07 06:03:51.586726 +0100][Error  ][PostMaster        ] [xrootd.ba.infn.it:1094 #0] elapsed = 45, pConnectionWindow = 31 seconds.
[2023-02-07 06:03:51.586754 +0100][Error  ][PostMaster        ] [xrootd.ba.infn.it:1094 #0] Unable to recover: [ERROR] Socket timeout.
[2023-02-07 06:03:51.586793 +0100][Error  ][XRootD            ] [xrootd.ba.infn.it:1094] Impossible to send message kXR_open (file: /store/user/alesauva/flashgg/UL2017_3/10_6_4/VHToGG_M125_TuneCP5_13TeV-amcatnloFXFX-madspin-pythia8/UL2017_3-10_6_4-v0-RunIISummer19UL17MiniAOD-106X_mc2017_realistic_v6-v1/200718_083214/0000/myMicroAODOutputFile_17.root?tried=stor92.datagrid.cea.fr, mode: 0660, flags: kXR_open_read kXR_async kXR_retstat ). Trying to recover.
Begin processing the 13001st record. Run 1, Event 1123690, LumiSection 4162 on stream 0 at 07-Feb-2023 06:04:09.149 CET
Begin processing the 14001st record. Run 1, Event 1126561, LumiSection 4173 on stream 0 at 07-Feb-2023 06:05:25.446 CET
Begin processing the 15001st record. Run 1, Event 1159499, LumiSection 4295 on stream 0 at 07-Feb-2023 06:06:44.371 CET
Begin processing the 16001st record. Run 1, Event 1164587, LumiSection 4314 on stream 0 at 07-Feb-2023 06:07:58.441 CET
[2023-02-07 06:08:08.046512 +0100][Error  ][AsyncSock         ] [xrootd.ba.infn.it:1094 #0.0] Socket error while handshaking: [ERROR] Socket timeout
[2023-02-07 06:08:08.046659 +0100][Error  ][PostMaster        ] [xrootd.ba.infn.it:1094 #0] elapsed = 45, pConnectionWindow = 31 seconds.
[2023-02-07 06:08:53.271589 +0100][Error  ][AsyncSock         ] [xrootd.ba.infn.it:1094 #0.0] Socket error while handshaking: [ERROR] Socket timeout
[2023-02-07 06:08:53.271714 +0100][Error  ][PostMaster        ] [xrootd.ba.infn.it:1094 #0] elapsed = 45, pConnectionWindow = 31 seconds.
[2023-02-07 06:08:53.271735 +0100][Error  ][PostMaster        ] [xrootd.ba.infn.it:1094 #0] Unable to recover: [ERROR] Socket timeout.
[2023-02-07 06:08:53.271756 +0100][Error  ][XRootD            ] [xrootd.ba.infn.it:1094] Impossible to send message kXR_open (file: /store/user/alesauva/flashgg/UL2017_3/10_6_4/VHToGG_M125_TuneCP5_13TeV-amcatnloFXFX-madspin-pythia8/UL2017_3-10_6_4-v0-RunIISummer19UL17MiniAOD-106X_mc2017_realistic_v6-v1/200718_083214/0000/myMicroAODOutputFile_17.root?tried=stor92.datagrid.cea.fr, mode: 0660, flags: kXR_open_read kXR_async kXR_retstat ). Trying to recover.
Begin processing the 17001st record. Run 1, Event 1167729, LumiSection 4325 on stream 0 at 07-Feb-2023 06:09:17.981 CET
Begin processing the 18001st record. Run 1, Event 675422, LumiSection 2502 on stream 0 at 07-Feb-2023 06:10:30.843 CET
Begin processing the 19001st record. Run 1, Event 1226042, LumiSection 4541 on stream 0 at 07-Feb-2023 06:11:58.269 CET
Begin processing the 20001st record. Run 1, Event 1154931, LumiSection 4278 on stream 0 at 07-Feb-2023 06:13:08.135 CET
[2023-02-07 06:13:10.412509 +0100][Error  ][AsyncSock         ] [xrootd.ba.infn.it:1094 #0.0] Socket error while handshaking: [ERROR] Socket timeout
[2023-02-07 06:13:10.412632 +0100][Error  ][PostMaster        ] [xrootd.ba.infn.it:1094 #0] elapsed = 45, pConnectionWindow = 31 seconds.
[2023-02-07 06:13:55.419713 +0100][Error  ][AsyncSock         ] [xrootd.ba.infn.it:1094 #0.0] Socket error while handshaking: [ERROR] Socket timeout
[2023-02-07 06:13:55.419871 +0100][Error  ][PostMaster        ] [xrootd.ba.infn.it:1094 #0] elapsed = 45, pConnectionWindow = 31 seconds.
[2023-02-07 06:13:55.419899 +0100][Error  ][PostMaster        ] [xrootd.ba.infn.it:1094 #0] Unable to recover: [ERROR] Socket timeout.
[2023-02-07 06:13:55.419922 +0100][Error  ][XRootD            ] [xrootd.ba.infn.it:1094] Impossible to send message kXR_open (file: /store/user/alesauva/flashgg/UL2017_3/10_6_4/VHToGG_M125_TuneCP5_13TeV-amcatnloFXFX-madspin-pythia8/UL2017_3-10_6_4-v0-RunIISummer19UL17MiniAOD-106X_mc2017_realistic_v6-v1/200718_083214/0000/myMicroAODOutputFile_17.root?tried=stor92.datagrid.cea.fr, mode: 0660, flags: kXR_open_read kXR_async kXR_retstat ). Trying to recover.
Begin processing the 21001st record. Run 1, Event 1157769, LumiSection 4289 on stream 0 at 07-Feb-2023 06:14:26.487 CET
Begin processing the 22001st record. Run 1, Event 1173121, LumiSection 4345 on stream 0 at 07-Feb-2023 06:15:41.719 CET
Begin processing the 23001st record. Run 1, Event 652230, LumiSection 2416 on stream 0 at 07-Feb-2023 06:16:57.068 CET
[2023-02-07 06:17:58.562538 +0100][Error  ][AsyncSock         ] [xrootd.ba.infn.it:1094 #0.0] Socket error while handshaking: [ERROR] Socket timeout
[2023-02-07 06:17:58.562695 +0100][Error  ][PostMaster        ] [xrootd.ba.infn.it:1094 #0] elapsed = 45, pConnectionWindow = 31 seconds.
Begin processing the 24001st record. Run 1, Event 1209282, LumiSection 4479 on stream 0 at 07-Feb-2023 06:18:11.100 CET
[2023-02-07 06:18:43.804562 +0100][Error  ][AsyncSock         ] [xrootd.ba.infn.it:1094 #0.0] Socket error while handshaking: [ERROR] Socket timeout
[2023-02-07 06:18:43.804713 +0100][Error  ][PostMaster        ] [xrootd.ba.infn.it:1094 #0] elapsed = 45, pConnectionWindow = 31 seconds.
[2023-02-07 06:18:43.804734 +0100][Error  ][PostMaster        ] [xrootd.ba.infn.it:1094 #0] Unable to recover: [ERROR] Socket timeout.
[2023-02-07 06:18:43.804748 +0100][Error  ][XRootD            ] [xrootd.ba.infn.it:1094] Impossible to send message kXR_open (file: /store/user/alesauva/flashgg/UL2017_3/10_6_4/VHToGG_M125_TuneCP5_13TeV-amcatnloFXFX-madspin-pythia8/UL2017_3-10_6_4-v0-RunIISummer19UL17MiniAOD-106X_mc2017_realistic_v6-v1/200718_083214/0000/myMicroAODOutputFile_17.root?tried=stor92.datagrid.cea.fr, mode: 0660, flags: kXR_open_read kXR_async kXR_retstat ). Trying to recover.
Begin processing the 25001st record. Run 1, Event 1196593, LumiSection 4432 on stream 0 at 07-Feb-2023 06:19:23.965 CET
07-Feb-2023 06:19:27 CET  Closed file root://cms-xrd-global.cern.ch//store/user/alesauva/flashgg/UL2017_3/10_6_4/VHToGG_M125_TuneCP5_13TeV-amcatnloFXFX-madspin-pythia8/UL2017_3-10_6_4-v0-RunIISummer19UL17MiniAOD-106X_mc2017_realistic_v6-v1/200718_083214/0000/myMicroAODOutputFile_17.root

TrigReport ---------- Event  Summary ------------
TrigReport Events total = 25027 passed = 8867 failed = 16160

TrigReport ---------- Path   Summary ------------
TrigReport  Trig Bit#   Executed     Passed     Failed      Error Name
TrigReport     1    0      25027       8867      16160          0 p

TrigReport -------End-Path   Summary ------------
TrigReport  Trig Bit#   Executed     Passed     Failed      Error Name

TrigReport ---------- Modules in Path: p ------------
TrigReport  Trig Bit#    Visited     Passed     Failed      Error Name
TrigReport     1    0      25027      24910        117          0 flashggMetFilters
TrigReport     1    1      24910       8867      16043          0 VHFilter
TrigReport     1    2       8867       8867          0          0 flashggDifferentialPhoIdInputsCorrection
TrigReport     1    3       8867       8867          0          0 flashggDiPhotonSystematics
TrigReport     1    4       8867       8867          0          0 flashggMetSystematics
TrigReport     1    5       8867       8867          0          0 flashggMuonSystematics
TrigReport     1    6       8867       8867          0          0 flashggElectronSystematics
TrigReport     1    7       8867       8867          0          0 flashggUnpackedJets
TrigReport     1    8       8867       8867          0          0 flashggJetSystematics0
TrigReport     1    9       8867       8867          0          0 flashggJetSystematics1
TrigReport     1   10       8867       8867          0          0 flashggJetSystematics2
TrigReport     1   11       8867       8867          0          0 flashggJetSystematics3
TrigReport     1   12       8867       8867          0          0 flashggJetSystematics4
TrigReport     1   13       8867       8867          0          0 flashggJetSystematics5
TrigReport     1   14       8867       8867          0          0 flashggJetSystematics6
TrigReport     1   15       8867       8867          0          0 flashggJetSystematics7
TrigReport     1   16       8867       8867          0          0 flashggJetSystematics8
TrigReport     1   17       8867       8867          0          0 flashggJetSystematics9
TrigReport     1   18       8867       8867          0          0 flashggJetSystematics10
TrigReport     1   19       8867       8867          0          0 flashggJetSystematics11
TrigReport     1   20       8867       8867          0          0 flashggPrefireDiPhotons
TrigReport     1   21       8867       8867          0          0 flashggPreselectedDiPhotons
TrigReport     1   22       8867       8867          0          0 flashggDiPhotonMVA
TrigReport     1   23       8867       8867          0          0 flashggVBFMVA
TrigReport     1   24       8867       8867          0          0 flashggVHhadMVA
TrigReport     1   25       8867       8867          0          0 flashggGluGluHMVA
TrigReport     1   26       8867       8867          0          0 flashggStageOneCombinedTag
TrigReport     1   27       8867       8867          0          0 flashggTHQLeptonicTag
TrigReport     1   28       8867       8867          0          0 flashggVHMetTag
TrigReport     1   29       8867       8867          0          0 flashggWHLeptonicTag
TrigReport     1   30       8867       8867          0          0 flashggZHLeptonicTag
TrigReport     1   31       8867       8867          0          0 flashggTTHLeptonicTag
TrigReport     1   32       8867       8867          0          0 flashggTTHHadronicTag
TrigReport     1   33       8867       8867          0          0 flashggTagSorter
TrigReport     1   34       8867       8867          0          0 flashggSystTagMerger
TrigReport     1   35       8867       8867          0          0 tagsDumper

TrigReport ---------- Module Summary ------------
TrigReport    Visited   Executed     Passed     Failed      Error Name
TrigReport      25027      25027      25027          0          0 TriggerResults
TrigReport      24910      24910       8867      16043          0 VHFilter
TrigReport       8867       8867       8867          0          0 ak4PFCHSL1FastL2L3Corrector
TrigReport       8867       8867       8867          0          0 ak4PFCHSL1FastjetCorrector
TrigReport       8867       8867       8867          0          0 ak4PFCHSL2RelativeCorrector
TrigReport       8867       8867       8867          0          0 ak4PFCHSL3AbsoluteCorrector
TrigReport       8867       8867       8867          0          0 flashggDiPhotonMVA
TrigReport       8867       8867       8867          0          0 flashggDiPhotonSystematics
TrigReport       8867       8867       8867          0          0 flashggDifferentialPhoIdInputsCorrection
TrigReport       8867       8867       8867          0          0 flashggElectronSystematics
TrigReport       8867       8867       8867          0          0 flashggGluGluHMVA
TrigReport       8867       8867       8867          0          0 flashggJetSystematics0
TrigReport       8867       8867       8867          0          0 flashggJetSystematics1
TrigReport       8867       8867       8867          0          0 flashggJetSystematics10
TrigReport       8867       8867       8867          0          0 flashggJetSystematics11
TrigReport       8867       8867       8867          0          0 flashggJetSystematics2
TrigReport       8867       8867       8867          0          0 flashggJetSystematics3
TrigReport       8867       8867       8867          0          0 flashggJetSystematics4
TrigReport       8867       8867       8867          0          0 flashggJetSystematics5
TrigReport       8867       8867       8867          0          0 flashggJetSystematics6
TrigReport       8867       8867       8867          0          0 flashggJetSystematics7
TrigReport       8867       8867       8867          0          0 flashggJetSystematics8
TrigReport       8867       8867       8867          0          0 flashggJetSystematics9
TrigReport      25027      25027      24910        117          0 flashggMetFilters
TrigReport       8867       8867       8867          0          0 flashggMetSystematics
TrigReport       8867       8867       8867          0          0 flashggMuonSystematics
TrigReport       8867       8867       8867          0          0 flashggPrefireDiPhotons
TrigReport       8867       8867       8867          0          0 flashggPreselectedDiPhotons
TrigReport       8867       8867       8867          0          0 flashggStageOneCombinedTag
TrigReport       8867       8867       8867          0          0 flashggSystTagMerger
TrigReport       8867       8867       8867          0          0 flashggTHQLeptonicTag
TrigReport       8867       8867       8867          0          0 flashggTTHHadronicTag
TrigReport       8867       8867       8867          0          0 flashggTTHLeptonicTag
TrigReport       8867       8867       8867          0          0 flashggTagSorter
TrigReport       8867       8867       8867          0          0 flashggUnpackedJets
TrigReport       8867       8867       8867          0          0 flashggVBFMVA
TrigReport       8867       8867       8867          0          0 flashggVHMetTag
TrigReport       8867       8867       8867          0          0 flashggVHhadMVA
TrigReport       8867       8867       8867          0          0 flashggWHLeptonicTag
TrigReport       8867       8867       8867          0          0 flashggZHLeptonicTag
TrigReport      25027      25027      25027          0          0 p
TrigReport       8867       8867       8867          0          0 tagsDumper

TimeReport ---------- Event  Summary ---[sec]----
TimeReport       event loop CPU/event = 0.085225
TimeReport      event loop Real/event = 0.088529
TimeReport     sum Streams Real/event = 0.085118
TimeReport efficiency CPU/Real/thread = 0.962681

TimeReport ---------- Path   Summary ---[Real sec]----
TimeReport  per event     per exec  Name
TimeReport   0.084646     0.084646  p
TimeReport  per event     per exec  Name

TimeReport -------End-Path   Summary ---[Real sec]----
TimeReport  per event     per exec  Name
TimeReport  per event     per exec  Name

TimeReport ---------- Modules in Path: p ---[Real sec]----
TimeReport  per event    per visit  Name
TimeReport   0.000021     0.000021  flashggMetFilters
TimeReport   0.000009     0.000009  VHFilter
TimeReport   0.038292     0.108080  flashggDifferentialPhoIdInputsCorrection
TimeReport   0.034299     0.096809  flashggDiPhotonSystematics
TimeReport   0.000167     0.000471  flashggMetSystematics
TimeReport   0.000017     0.000048  flashggMuonSystematics
TimeReport   0.000025     0.000071  flashggElectronSystematics
TimeReport   0.000205     0.000579  flashggUnpackedJets
TimeReport   0.003213     0.009070  flashggJetSystematics0
TimeReport   0.000507     0.001432  flashggJetSystematics1
TimeReport   0.000442     0.001247  flashggJetSystematics2
TimeReport   0.000429     0.001211  flashggJetSystematics3
TimeReport   0.000419     0.001182  flashggJetSystematics4
TimeReport   0.000414     0.001169  flashggJetSystematics5
TimeReport   0.000414     0.001170  flashggJetSystematics6
TimeReport   0.000412     0.001162  flashggJetSystematics7
TimeReport   0.000409     0.001154  flashggJetSystematics8
TimeReport   0.000410     0.001156  flashggJetSystematics9
TimeReport   0.000410     0.001157  flashggJetSystematics10
TimeReport   0.000404     0.001141  flashggJetSystematics11
TimeReport   0.000268     0.000756  flashggPrefireDiPhotons
TimeReport   0.000068     0.000191  flashggPreselectedDiPhotons
TimeReport   0.000013     0.000036  flashggDiPhotonMVA
TimeReport   0.000016     0.000045  flashggVBFMVA
TimeReport   0.000011     0.000032  flashggVHhadMVA
TimeReport   0.000025     0.000070  flashggGluGluHMVA
TimeReport   0.000017     0.000049  flashggStageOneCombinedTag
TimeReport   0.000207     0.000584  flashggTHQLeptonicTag
TimeReport   0.000074     0.000208  flashggVHMetTag
TimeReport   0.000016     0.000045  flashggWHLeptonicTag
TimeReport   0.000013     0.000036  flashggZHLeptonicTag
TimeReport   0.000075     0.000212  flashggTTHLeptonicTag
TimeReport   0.000897     0.002532  flashggTTHHadronicTag
TimeReport   0.000051     0.000143  flashggTagSorter
TimeReport   0.000002     0.000006  flashggSystTagMerger
TimeReport   0.000219     0.000619  tagsDumper
TimeReport  per event    per visit  Name

TimeReport ---------- Module Summary ---[Real sec]----
TimeReport  per event     per exec    per visit  Name
TimeReport   0.000003     0.000003     0.000003  TriggerResults
TimeReport   0.000009     0.000009     0.000009  VHFilter
TimeReport   0.000002     0.000005     0.000005  ak4PFCHSL1FastL2L3Corrector
TimeReport   0.000002     0.000006     0.000006  ak4PFCHSL1FastjetCorrector
TimeReport   0.000001     0.000003     0.000003  ak4PFCHSL2RelativeCorrector
TimeReport   0.000006     0.000016     0.000016  ak4PFCHSL3AbsoluteCorrector
TimeReport   0.000013     0.000036     0.000036  flashggDiPhotonMVA
TimeReport   0.034299     0.096809     0.096809  flashggDiPhotonSystematics
TimeReport   0.038292     0.108080     0.108080  flashggDifferentialPhoIdInputsCorrection
TimeReport   0.000025     0.000071     0.000071  flashggElectronSystematics
TimeReport   0.000025     0.000070     0.000070  flashggGluGluHMVA
TimeReport   0.003213     0.009070     0.009070  flashggJetSystematics0
TimeReport   0.000507     0.001432     0.001432  flashggJetSystematics1
TimeReport   0.000410     0.001157     0.001157  flashggJetSystematics10
TimeReport   0.000404     0.001141     0.001141  flashggJetSystematics11
TimeReport   0.000442     0.001247     0.001247  flashggJetSystematics2
TimeReport   0.000429     0.001211     0.001211  flashggJetSystematics3
TimeReport   0.000419     0.001182     0.001182  flashggJetSystematics4
TimeReport   0.000414     0.001169     0.001169  flashggJetSystematics5
TimeReport   0.000414     0.001170     0.001170  flashggJetSystematics6
TimeReport   0.000412     0.001162     0.001162  flashggJetSystematics7
TimeReport   0.000409     0.001154     0.001154  flashggJetSystematics8
TimeReport   0.000410     0.001156     0.001156  flashggJetSystematics9
TimeReport   0.000021     0.000021     0.000021  flashggMetFilters
TimeReport   0.000167     0.000471     0.000471  flashggMetSystematics
TimeReport   0.000017     0.000048     0.000048  flashggMuonSystematics
TimeReport   0.000268     0.000756     0.000756  flashggPrefireDiPhotons
TimeReport   0.000068     0.000191     0.000191  flashggPreselectedDiPhotons
TimeReport   0.000017     0.000049     0.000049  flashggStageOneCombinedTag
TimeReport   0.000002     0.000006     0.000006  flashggSystTagMerger
TimeReport   0.000207     0.000584     0.000584  flashggTHQLeptonicTag
TimeReport   0.000897     0.002532     0.002532  flashggTTHHadronicTag
TimeReport   0.000075     0.000212     0.000212  flashggTTHLeptonicTag
TimeReport   0.000051     0.000143     0.000143  flashggTagSorter
TimeReport   0.000205     0.000579     0.000579  flashggUnpackedJets
TimeReport   0.000016     0.000045     0.000045  flashggVBFMVA
TimeReport   0.000074     0.000208     0.000208  flashggVHMetTag
TimeReport   0.000011     0.000032     0.000032  flashggVHhadMVA
TimeReport   0.000016     0.000045     0.000045  flashggWHLeptonicTag
TimeReport   0.000013     0.000036     0.000036  flashggZHLeptonicTag
TimeReport   0.000004     0.000004     0.000004  p
TimeReport   0.000219     0.000619     0.000619  tagsDumper
TimeReport  per event     per exec    per visit  Name

T---Report end!


=============================================

MessageLogger Summary

 type     category        sev    module        subroutine        count    total
 ---- -------------------- -- ---------------- ----------------  -----    -----
    1 XrdAdaptor           -w file_open                              1        1
    2 fileAction           -s file_close                             1        1
    3 fileAction           -s file_open                              2        2

 type    category    Examples: run/evt        run/evt          run/evt
 ---- -------------------- ---------------- ---------------- ----------------
    1 XrdAdaptor           pre-events                        
    2 fileAction           PostGlobalEndRun                  
    3 fileAction           pre-events       pre-events       

Severity    # Occurrences   Total Occurrences
--------    -------------   -----------------
Warning                 1                   1
System                  3                   3

dropped waiting message count 0
