mkdir: cannot create directory '/afs/cern.ch/user/x/xisu/private/local/Analysis_workspace/VH_AC_tmp1/flashgg_d2/CMSSW_10_6_29/src/flashgg/VHAC_Analysis_Met/UL_17/UL17_zh125': File exists
/cvmfs/cms.cern.ch/slc7_amd64_gcc700/external/py2-requests/2.21.0-pafccj2/lib/python2.7/site-packages/requests/__init__.py:91: RequestsDependencyWarning: urllib3 (1.25.2) or chardet (3.0.4) doesn't match a supported version!
  RequestsDependencyWarning)
07-Feb-2023 05:23:45 CET  Initiating request to open file root://cms-xrd-global.cern.ch//store/user/alesauva/flashgg/UL2017_3/10_6_4/VHToGG_M125_TuneCP5_13TeV-amcatnloFXFX-madspin-pythia8/UL2017_3-10_6_4-v0-RunIISummer19UL17MiniAOD-106X_mc2017_realistic_v6-v1/200718_083214/0000/myMicroAODOutputFile_8.root
[2023-02-07 05:24:31.911821 +0100][Error  ][AsyncSock         ] [xrootd.ba.infn.it:1094 #0.0] Socket error while handshaking: [ERROR] Socket timeout
[2023-02-07 05:24:31.912013 +0100][Error  ][PostMaster        ] [xrootd.ba.infn.it:1094 #0] elapsed = 45, pConnectionWindow = 31 seconds.
[2023-02-07 05:25:17.150796 +0100][Error  ][AsyncSock         ] [xrootd.ba.infn.it:1094 #0.0] Socket error while handshaking: [ERROR] Socket timeout
[2023-02-07 05:25:17.151109 +0100][Error  ][PostMaster        ] [xrootd.ba.infn.it:1094 #0] elapsed = 46, pConnectionWindow = 31 seconds.
[2023-02-07 05:25:17.151142 +0100][Error  ][PostMaster        ] [xrootd.ba.infn.it:1094 #0] Unable to recover: [ERROR] Socket timeout.
[2023-02-07 05:25:17.151157 +0100][Error  ][XRootD            ] [xrootd.ba.infn.it:1094] Impossible to send message kXR_open (file: /store/user/alesauva/flashgg/UL2017_3/10_6_4/VHToGG_M125_TuneCP5_13TeV-amcatnloFXFX-madspin-pythia8/UL2017_3-10_6_4-v0-RunIISummer19UL17MiniAOD-106X_mc2017_realistic_v6-v1/200718_083214/0000/myMicroAODOutputFile_8.root, mode: 0660, flags: kXR_open_read kXR_async kXR_retstat ). Trying to recover.
%MSG-w XrdAdaptor:  file_open 07-Feb-2023 05:25:24 CET pre-events
Data is served from GRIF-IRFU instead of original site CERN-CMSGLOBAL-02
%MSG
07-Feb-2023 05:25:25 CET  Successfully opened file root://cms-xrd-global.cern.ch//store/user/alesauva/flashgg/UL2017_3/10_6_4/VHToGG_M125_TuneCP5_13TeV-amcatnloFXFX-madspin-pythia8/UL2017_3-10_6_4-v0-RunIISummer19UL17MiniAOD-106X_mc2017_realistic_v6-v1/200718_083214/0000/myMicroAODOutputFile_8.root
2023-02-07 05:38:14.191639: I tensorflow/core/platform/cpu_feature_guard.cc:140] Your CPU supports instructions that this TensorFlow binary was not compiled to use: SSE4.1 SSE4.2 AVX AVX2 FMA
Begin processing the 1st record. Run 1, Event 64040, LumiSection 238 on stream 0 at 07-Feb-2023 05:39:11.516 CET
[2023-02-07 05:39:55.734792 +0100][Error  ][AsyncSock         ] [xrootd.ba.infn.it:1094 #0.0] Socket error while handshaking: [ERROR] Socket timeout
[2023-02-07 05:39:55.734920 +0100][Error  ][PostMaster        ] [xrootd.ba.infn.it:1094 #0] elapsed = 45, pConnectionWindow = 31 seconds.
[2023-02-07 05:40:40.947553 +0100][Error  ][AsyncSock         ] [xrootd.ba.infn.it:1094 #0.0] Socket error while handshaking: [ERROR] Socket timeout
[2023-02-07 05:40:40.947716 +0100][Error  ][PostMaster        ] [xrootd.ba.infn.it:1094 #0] elapsed = 45, pConnectionWindow = 31 seconds.
[2023-02-07 05:40:40.947731 +0100][Error  ][PostMaster        ] [xrootd.ba.infn.it:1094 #0] Unable to recover: [ERROR] Socket timeout.
[2023-02-07 05:40:40.947748 +0100][Error  ][XRootD            ] [xrootd.ba.infn.it:1094] Impossible to send message kXR_open (file: /store/user/alesauva/flashgg/UL2017_3/10_6_4/VHToGG_M125_TuneCP5_13TeV-amcatnloFXFX-madspin-pythia8/UL2017_3-10_6_4-v0-RunIISummer19UL17MiniAOD-106X_mc2017_realistic_v6-v1/200718_083214/0000/myMicroAODOutputFile_8.root?tried=stor78.datagrid.cea.fr, mode: 0660, flags: kXR_open_read kXR_async kXR_retstat ). Trying to recover.
Begin processing the 1001st record. Run 1, Event 82456, LumiSection 306 on stream 0 at 07-Feb-2023 05:42:23.910 CET
Begin processing the 2001st record. Run 1, Event 86334, LumiSection 320 on stream 0 at 07-Feb-2023 05:43:16.207 CET
Begin processing the 3001st record. Run 1, Event 121665, LumiSection 451 on stream 0 at 07-Feb-2023 05:44:04.300 CET
[2023-02-07 05:44:42.514802 +0100][Error  ][AsyncSock         ] [xrootd.ba.infn.it:1094 #0.0] Socket error while handshaking: [ERROR] Socket timeout
[2023-02-07 05:44:42.515014 +0100][Error  ][PostMaster        ] [xrootd.ba.infn.it:1094 #0] elapsed = 45, pConnectionWindow = 31 seconds.
Begin processing the 4001st record. Run 1, Event 606105, LumiSection 2245 on stream 0 at 07-Feb-2023 05:44:45.864 CET
[2023-02-07 05:45:27.674868 +0100][Error  ][AsyncSock         ] [xrootd.ba.infn.it:1094 #0.0] Socket error while handshaking: [ERROR] Socket timeout
[2023-02-07 05:45:27.674962 +0100][Error  ][PostMaster        ] [xrootd.ba.infn.it:1094 #0] elapsed = 45, pConnectionWindow = 31 seconds.
[2023-02-07 05:45:27.674979 +0100][Error  ][PostMaster        ] [xrootd.ba.infn.it:1094 #0] Unable to recover: [ERROR] Socket timeout.
[2023-02-07 05:45:27.674987 +0100][Error  ][XRootD            ] [xrootd.ba.infn.it:1094] Impossible to send message kXR_open (file: /store/user/alesauva/flashgg/UL2017_3/10_6_4/VHToGG_M125_TuneCP5_13TeV-amcatnloFXFX-madspin-pythia8/UL2017_3-10_6_4-v0-RunIISummer19UL17MiniAOD-106X_mc2017_realistic_v6-v1/200718_083214/0000/myMicroAODOutputFile_8.root?tried=stor78.datagrid.cea.fr, mode: 0660, flags: kXR_open_read kXR_async kXR_retstat ). Trying to recover.
Begin processing the 5001st record. Run 1, Event 609267, LumiSection 2257 on stream 0 at 07-Feb-2023 05:45:28.468 CET
Begin processing the 6001st record. Run 1, Event 612130, LumiSection 2268 on stream 0 at 07-Feb-2023 05:46:15.176 CET
Begin processing the 7001st record. Run 1, Event 614924, LumiSection 2278 on stream 0 at 07-Feb-2023 05:47:01.954 CET
Begin processing the 8001st record. Run 1, Event 618758, LumiSection 2292 on stream 0 at 07-Feb-2023 05:47:54.196 CET
Begin processing the 9001st record. Run 1, Event 142460, LumiSection 528 on stream 0 at 07-Feb-2023 05:48:42.313 CET
Begin processing the 10001st record. Run 1, Event 145354, LumiSection 539 on stream 0 at 07-Feb-2023 05:49:29.800 CET
[2023-02-07 05:49:54.226838 +0100][Error  ][AsyncSock         ] [xrootd.ba.infn.it:1094 #0.0] Socket error while handshaking: [ERROR] Socket timeout
[2023-02-07 05:49:54.226998 +0100][Error  ][PostMaster        ] [xrootd.ba.infn.it:1094 #0] elapsed = 45, pConnectionWindow = 31 seconds.
Begin processing the 11001st record. Run 1, Event 148889, LumiSection 552 on stream 0 at 07-Feb-2023 05:50:19.109 CET
[2023-02-07 05:50:39.596019 +0100][Error  ][AsyncSock         ] [xrootd.ba.infn.it:1094 #0.0] Socket error while handshaking: [ERROR] Socket timeout
[2023-02-07 05:50:39.596188 +0100][Error  ][PostMaster        ] [xrootd.ba.infn.it:1094 #0] elapsed = 45, pConnectionWindow = 31 seconds.
[2023-02-07 05:50:39.596203 +0100][Error  ][PostMaster        ] [xrootd.ba.infn.it:1094 #0] Unable to recover: [ERROR] Socket timeout.
[2023-02-07 05:50:39.596215 +0100][Error  ][XRootD            ] [xrootd.ba.infn.it:1094] Impossible to send message kXR_open (file: /store/user/alesauva/flashgg/UL2017_3/10_6_4/VHToGG_M125_TuneCP5_13TeV-amcatnloFXFX-madspin-pythia8/UL2017_3-10_6_4-v0-RunIISummer19UL17MiniAOD-106X_mc2017_realistic_v6-v1/200718_083214/0000/myMicroAODOutputFile_8.root?tried=stor78.datagrid.cea.fr, mode: 0660, flags: kXR_open_read kXR_async kXR_retstat ). Trying to recover.
Begin processing the 12001st record. Run 1, Event 582004, LumiSection 2156 on stream 0 at 07-Feb-2023 05:51:05.477 CET
Begin processing the 13001st record. Run 1, Event 222236, LumiSection 824 on stream 0 at 07-Feb-2023 05:51:43.952 CET
Begin processing the 14001st record. Run 1, Event 693540, LumiSection 2569 on stream 0 at 07-Feb-2023 05:52:36.897 CET
Begin processing the 15001st record. Run 1, Event 601808, LumiSection 2229 on stream 0 at 07-Feb-2023 05:53:28.083 CET
Begin processing the 16001st record. Run 1, Event 605239, LumiSection 2242 on stream 0 at 07-Feb-2023 05:54:18.834 CET
[2023-02-07 05:54:34.671324 +0100][Error  ][AsyncSock         ] [xrootd.ba.infn.it:1094 #0.0] Socket error while handshaking: [ERROR] Socket timeout
[2023-02-07 05:54:34.671466 +0100][Error  ][PostMaster        ] [xrootd.ba.infn.it:1094 #0] elapsed = 45, pConnectionWindow = 31 seconds.
Begin processing the 17001st record. Run 1, Event 1240289, LumiSection 4594 on stream 0 at 07-Feb-2023 05:55:02.683 CET
[2023-02-07 05:55:19.899868 +0100][Error  ][AsyncSock         ] [xrootd.ba.infn.it:1094 #0.0] Socket error while handshaking: [ERROR] Socket timeout
[2023-02-07 05:55:19.900040 +0100][Error  ][PostMaster        ] [xrootd.ba.infn.it:1094 #0] elapsed = 45, pConnectionWindow = 31 seconds.
[2023-02-07 05:55:19.900053 +0100][Error  ][PostMaster        ] [xrootd.ba.infn.it:1094 #0] Unable to recover: [ERROR] Socket timeout.
[2023-02-07 05:55:19.900064 +0100][Error  ][XRootD            ] [xrootd.ba.infn.it:1094] Impossible to send message kXR_open (file: /store/user/alesauva/flashgg/UL2017_3/10_6_4/VHToGG_M125_TuneCP5_13TeV-amcatnloFXFX-madspin-pythia8/UL2017_3-10_6_4-v0-RunIISummer19UL17MiniAOD-106X_mc2017_realistic_v6-v1/200718_083214/0000/myMicroAODOutputFile_8.root?tried=stor78.datagrid.cea.fr, mode: 0660, flags: kXR_open_read kXR_async kXR_retstat ). Trying to recover.
Begin processing the 18001st record. Run 1, Event 638880, LumiSection 2367 on stream 0 at 07-Feb-2023 05:55:51.359 CET
Begin processing the 19001st record. Run 1, Event 661515, LumiSection 2451 on stream 0 at 07-Feb-2023 05:56:39.371 CET
Begin processing the 20001st record. Run 1, Event 664354, LumiSection 2461 on stream 0 at 07-Feb-2023 05:57:31.258 CET
Begin processing the 21001st record. Run 1, Event 667290, LumiSection 2472 on stream 0 at 07-Feb-2023 05:58:17.566 CET
[2023-02-07 05:59:05.960846 +0100][Error  ][AsyncSock         ] [xrootd.ba.infn.it:1094 #0.0] Socket error while handshaking: [ERROR] Socket timeout
[2023-02-07 05:59:05.961038 +0100][Error  ][PostMaster        ] [xrootd.ba.infn.it:1094 #0] elapsed = 45, pConnectionWindow = 31 seconds.
Begin processing the 22001st record. Run 1, Event 682022, LumiSection 2527 on stream 0 at 07-Feb-2023 05:59:12.019 CET
[2023-02-07 05:59:50.208777 +0100][Error  ][AsyncSock         ] [xrootd.ba.infn.it:1094 #0.0] Socket error while handshaking: [ERROR] Socket timeout
[2023-02-07 05:59:50.208938 +0100][Error  ][PostMaster        ] [xrootd.ba.infn.it:1094 #0] elapsed = 45, pConnectionWindow = 31 seconds.
[2023-02-07 05:59:50.208949 +0100][Error  ][PostMaster        ] [xrootd.ba.infn.it:1094 #0] Unable to recover: [ERROR] Socket timeout.
[2023-02-07 05:59:50.208959 +0100][Error  ][XRootD            ] [xrootd.ba.infn.it:1094] Impossible to send message kXR_open (file: /store/user/alesauva/flashgg/UL2017_3/10_6_4/VHToGG_M125_TuneCP5_13TeV-amcatnloFXFX-madspin-pythia8/UL2017_3-10_6_4-v0-RunIISummer19UL17MiniAOD-106X_mc2017_realistic_v6-v1/200718_083214/0000/myMicroAODOutputFile_8.root?tried=stor78.datagrid.cea.fr, mode: 0660, flags: kXR_open_read kXR_async kXR_retstat ). Trying to recover.
Begin processing the 23001st record. Run 1, Event 1176150, LumiSection 4357 on stream 0 at 07-Feb-2023 06:00:01.563 CET
Begin processing the 24001st record. Run 1, Event 1219377, LumiSection 4517 on stream 0 at 07-Feb-2023 06:00:51.818 CET
07-Feb-2023 06:01:23 CET  Closed file root://cms-xrd-global.cern.ch//store/user/alesauva/flashgg/UL2017_3/10_6_4/VHToGG_M125_TuneCP5_13TeV-amcatnloFXFX-madspin-pythia8/UL2017_3-10_6_4-v0-RunIISummer19UL17MiniAOD-106X_mc2017_realistic_v6-v1/200718_083214/0000/myMicroAODOutputFile_8.root

TrigReport ---------- Event  Summary ------------
TrigReport Events total = 24720 passed = 8705 failed = 16015

TrigReport ---------- Path   Summary ------------
TrigReport  Trig Bit#   Executed     Passed     Failed      Error Name
TrigReport     1    0      24720       8705      16015          0 p

TrigReport -------End-Path   Summary ------------
TrigReport  Trig Bit#   Executed     Passed     Failed      Error Name

TrigReport ---------- Modules in Path: p ------------
TrigReport  Trig Bit#    Visited     Passed     Failed      Error Name
TrigReport     1    0      24720      24597        123          0 flashggMetFilters
TrigReport     1    1      24597       8705      15892          0 VHFilter
TrigReport     1    2       8705       8705          0          0 flashggDifferentialPhoIdInputsCorrection
TrigReport     1    3       8705       8705          0          0 flashggDiPhotonSystematics
TrigReport     1    4       8705       8705          0          0 flashggMetSystematics
TrigReport     1    5       8705       8705          0          0 flashggMuonSystematics
TrigReport     1    6       8705       8705          0          0 flashggElectronSystematics
TrigReport     1    7       8705       8705          0          0 flashggUnpackedJets
TrigReport     1    8       8705       8705          0          0 flashggJetSystematics0
TrigReport     1    9       8705       8705          0          0 flashggJetSystematics1
TrigReport     1   10       8705       8705          0          0 flashggJetSystematics2
TrigReport     1   11       8705       8705          0          0 flashggJetSystematics3
TrigReport     1   12       8705       8705          0          0 flashggJetSystematics4
TrigReport     1   13       8705       8705          0          0 flashggJetSystematics5
TrigReport     1   14       8705       8705          0          0 flashggJetSystematics6
TrigReport     1   15       8705       8705          0          0 flashggJetSystematics7
TrigReport     1   16       8705       8705          0          0 flashggJetSystematics8
TrigReport     1   17       8705       8705          0          0 flashggJetSystematics9
TrigReport     1   18       8705       8705          0          0 flashggJetSystematics10
TrigReport     1   19       8705       8705          0          0 flashggJetSystematics11
TrigReport     1   20       8705       8705          0          0 flashggPrefireDiPhotons
TrigReport     1   21       8705       8705          0          0 flashggPreselectedDiPhotons
TrigReport     1   22       8705       8705          0          0 flashggDiPhotonMVA
TrigReport     1   23       8705       8705          0          0 flashggVBFMVA
TrigReport     1   24       8705       8705          0          0 flashggVHhadMVA
TrigReport     1   25       8705       8705          0          0 flashggGluGluHMVA
TrigReport     1   26       8705       8705          0          0 flashggStageOneCombinedTag
TrigReport     1   27       8705       8705          0          0 flashggTHQLeptonicTag
TrigReport     1   28       8705       8705          0          0 flashggVHMetTag
TrigReport     1   29       8705       8705          0          0 flashggWHLeptonicTag
TrigReport     1   30       8705       8705          0          0 flashggZHLeptonicTag
TrigReport     1   31       8705       8705          0          0 flashggTTHLeptonicTag
TrigReport     1   32       8705       8705          0          0 flashggTTHHadronicTag
TrigReport     1   33       8705       8705          0          0 flashggTagSorter
TrigReport     1   34       8705       8705          0          0 flashggSystTagMerger
TrigReport     1   35       8705       8705          0          0 tagsDumper

TrigReport ---------- Module Summary ------------
TrigReport    Visited   Executed     Passed     Failed      Error Name
TrigReport      24720      24720      24720          0          0 TriggerResults
TrigReport      24597      24597       8705      15892          0 VHFilter
TrigReport       8705       8705       8705          0          0 ak4PFCHSL1FastL2L3Corrector
TrigReport       8705       8705       8705          0          0 ak4PFCHSL1FastjetCorrector
TrigReport       8705       8705       8705          0          0 ak4PFCHSL2RelativeCorrector
TrigReport       8705       8705       8705          0          0 ak4PFCHSL3AbsoluteCorrector
TrigReport       8705       8705       8705          0          0 flashggDiPhotonMVA
TrigReport       8705       8705       8705          0          0 flashggDiPhotonSystematics
TrigReport       8705       8705       8705          0          0 flashggDifferentialPhoIdInputsCorrection
TrigReport       8705       8705       8705          0          0 flashggElectronSystematics
TrigReport       8705       8705       8705          0          0 flashggGluGluHMVA
TrigReport       8705       8705       8705          0          0 flashggJetSystematics0
TrigReport       8705       8705       8705          0          0 flashggJetSystematics1
TrigReport       8705       8705       8705          0          0 flashggJetSystematics10
TrigReport       8705       8705       8705          0          0 flashggJetSystematics11
TrigReport       8705       8705       8705          0          0 flashggJetSystematics2
TrigReport       8705       8705       8705          0          0 flashggJetSystematics3
TrigReport       8705       8705       8705          0          0 flashggJetSystematics4
TrigReport       8705       8705       8705          0          0 flashggJetSystematics5
TrigReport       8705       8705       8705          0          0 flashggJetSystematics6
TrigReport       8705       8705       8705          0          0 flashggJetSystematics7
TrigReport       8705       8705       8705          0          0 flashggJetSystematics8
TrigReport       8705       8705       8705          0          0 flashggJetSystematics9
TrigReport      24720      24720      24597        123          0 flashggMetFilters
TrigReport       8705       8705       8705          0          0 flashggMetSystematics
TrigReport       8705       8705       8705          0          0 flashggMuonSystematics
TrigReport       8705       8705       8705          0          0 flashggPrefireDiPhotons
TrigReport       8705       8705       8705          0          0 flashggPreselectedDiPhotons
TrigReport       8705       8705       8705          0          0 flashggStageOneCombinedTag
TrigReport       8705       8705       8705          0          0 flashggSystTagMerger
TrigReport       8705       8705       8705          0          0 flashggTHQLeptonicTag
TrigReport       8705       8705       8705          0          0 flashggTTHHadronicTag
TrigReport       8705       8705       8705          0          0 flashggTTHLeptonicTag
TrigReport       8705       8705       8705          0          0 flashggTagSorter
TrigReport       8705       8705       8705          0          0 flashggUnpackedJets
TrigReport       8705       8705       8705          0          0 flashggVBFMVA
TrigReport       8705       8705       8705          0          0 flashggVHMetTag
TrigReport       8705       8705       8705          0          0 flashggVHhadMVA
TrigReport       8705       8705       8705          0          0 flashggWHLeptonicTag
TrigReport       8705       8705       8705          0          0 flashggZHLeptonicTag
TrigReport      24720      24720      24720          0          0 p
TrigReport       8705       8705       8705          0          0 tagsDumper

TimeReport ---------- Event  Summary ---[sec]----
TimeReport       event loop CPU/event = 0.053542
TimeReport      event loop Real/event = 0.053947
TimeReport     sum Streams Real/event = 0.052321
TimeReport efficiency CPU/Real/thread = 0.992479

TimeReport ---------- Path   Summary ---[Real sec]----
TimeReport  per event     per exec  Name
TimeReport   0.052033     0.052033  p
TimeReport  per event     per exec  Name

TimeReport -------End-Path   Summary ---[Real sec]----
TimeReport  per event     per exec  Name
TimeReport  per event     per exec  Name

TimeReport ---------- Modules in Path: p ---[Real sec]----
TimeReport  per event    per visit  Name
TimeReport   0.000010     0.000010  flashggMetFilters
TimeReport   0.000004     0.000004  VHFilter
TimeReport   0.028933     0.082162  flashggDifferentialPhoIdInputsCorrection
TimeReport   0.016968     0.048185  flashggDiPhotonSystematics
TimeReport   0.000069     0.000195  flashggMetSystematics
TimeReport   0.000009     0.000026  flashggMuonSystematics
TimeReport   0.000014     0.000040  flashggElectronSystematics
TimeReport   0.000086     0.000244  flashggUnpackedJets
TimeReport   0.001553     0.004409  flashggJetSystematics0
TimeReport   0.000233     0.000662  flashggJetSystematics1
TimeReport   0.000207     0.000587  flashggJetSystematics2
TimeReport   0.000199     0.000567  flashggJetSystematics3
TimeReport   0.000195     0.000554  flashggJetSystematics4
TimeReport   0.000193     0.000549  flashggJetSystematics5
TimeReport   0.000191     0.000543  flashggJetSystematics6
TimeReport   0.000192     0.000545  flashggJetSystematics7
TimeReport   0.000190     0.000541  flashggJetSystematics8
TimeReport   0.000190     0.000540  flashggJetSystematics9
TimeReport   0.000190     0.000539  flashggJetSystematics10
TimeReport   0.000189     0.000537  flashggJetSystematics11
TimeReport   0.000117     0.000332  flashggPrefireDiPhotons
TimeReport   0.000041     0.000116  flashggPreselectedDiPhotons
TimeReport   0.000010     0.000028  flashggDiPhotonMVA
TimeReport   0.000009     0.000027  flashggVBFMVA
TimeReport   0.000006     0.000017  flashggVHhadMVA
TimeReport   0.000016     0.000046  flashggGluGluHMVA
TimeReport   0.000011     0.000030  flashggStageOneCombinedTag
TimeReport   0.000178     0.000506  flashggTHQLeptonicTag
TimeReport   0.000058     0.000164  flashggVHMetTag
TimeReport   0.000008     0.000023  flashggWHLeptonicTag
TimeReport   0.000007     0.000019  flashggZHLeptonicTag
TimeReport   0.000030     0.000084  flashggTTHLeptonicTag
TimeReport   0.000506     0.001436  flashggTTHHadronicTag
TimeReport   0.000030     0.000087  flashggTagSorter
TimeReport   0.000001     0.000004  flashggSystTagMerger
TimeReport   0.000154     0.000436  tagsDumper
TimeReport  per event    per visit  Name

TimeReport ---------- Module Summary ---[Real sec]----
TimeReport  per event     per exec    per visit  Name
TimeReport   0.000002     0.000002     0.000002  TriggerResults
TimeReport   0.000004     0.000004     0.000004  VHFilter
TimeReport   0.000001     0.000003     0.000003  ak4PFCHSL1FastL2L3Corrector
TimeReport   0.000001     0.000004     0.000004  ak4PFCHSL1FastjetCorrector
TimeReport   0.000001     0.000001     0.000001  ak4PFCHSL2RelativeCorrector
TimeReport   0.000004     0.000013     0.000013  ak4PFCHSL3AbsoluteCorrector
TimeReport   0.000010     0.000028     0.000028  flashggDiPhotonMVA
TimeReport   0.016968     0.048185     0.048185  flashggDiPhotonSystematics
TimeReport   0.028933     0.082162     0.082162  flashggDifferentialPhoIdInputsCorrection
TimeReport   0.000014     0.000040     0.000040  flashggElectronSystematics
TimeReport   0.000016     0.000046     0.000046  flashggGluGluHMVA
TimeReport   0.001553     0.004409     0.004409  flashggJetSystematics0
TimeReport   0.000233     0.000662     0.000662  flashggJetSystematics1
TimeReport   0.000190     0.000539     0.000539  flashggJetSystematics10
TimeReport   0.000189     0.000537     0.000537  flashggJetSystematics11
TimeReport   0.000207     0.000587     0.000587  flashggJetSystematics2
TimeReport   0.000199     0.000567     0.000567  flashggJetSystematics3
TimeReport   0.000195     0.000554     0.000554  flashggJetSystematics4
TimeReport   0.000193     0.000549     0.000549  flashggJetSystematics5
TimeReport   0.000191     0.000543     0.000543  flashggJetSystematics6
TimeReport   0.000192     0.000545     0.000545  flashggJetSystematics7
TimeReport   0.000190     0.000541     0.000541  flashggJetSystematics8
TimeReport   0.000190     0.000540     0.000540  flashggJetSystematics9
TimeReport   0.000010     0.000010     0.000010  flashggMetFilters
TimeReport   0.000069     0.000195     0.000195  flashggMetSystematics
TimeReport   0.000009     0.000026     0.000026  flashggMuonSystematics
TimeReport   0.000117     0.000332     0.000332  flashggPrefireDiPhotons
TimeReport   0.000041     0.000116     0.000116  flashggPreselectedDiPhotons
TimeReport   0.000011     0.000030     0.000030  flashggStageOneCombinedTag
TimeReport   0.000001     0.000004     0.000004  flashggSystTagMerger
TimeReport   0.000178     0.000506     0.000506  flashggTHQLeptonicTag
TimeReport   0.000506     0.001436     0.001436  flashggTTHHadronicTag
TimeReport   0.000030     0.000084     0.000084  flashggTTHLeptonicTag
TimeReport   0.000030     0.000087     0.000087  flashggTagSorter
TimeReport   0.000086     0.000244     0.000244  flashggUnpackedJets
TimeReport   0.000009     0.000027     0.000027  flashggVBFMVA
TimeReport   0.000058     0.000164     0.000164  flashggVHMetTag
TimeReport   0.000006     0.000017     0.000017  flashggVHhadMVA
TimeReport   0.000008     0.000023     0.000023  flashggWHLeptonicTag
TimeReport   0.000007     0.000019     0.000019  flashggZHLeptonicTag
TimeReport   0.000002     0.000002     0.000002  p
TimeReport   0.000154     0.000436     0.000436  tagsDumper
TimeReport  per event     per exec    per visit  Name

T---Report end!


=============================================

MessageLogger Summary

 type     category        sev    module        subroutine        count    total
 ---- -------------------- -- ---------------- ----------------  -----    -----
    1 XrdAdaptor           -w file_open                              1        1
    2 fileAction           -s file_close                             1        1
    3 fileAction           -s file_open                              2        2

 type    category    Examples: run/evt        run/evt          run/evt
 ---- -------------------- ---------------- ---------------- ----------------
    1 XrdAdaptor           pre-events                        
    2 fileAction           PostGlobalEndRun                  
    3 fileAction           pre-events       pre-events       

Severity    # Occurrences   Total Occurrences
--------    -------------   -----------------
Warning                 1                   1
System                  3                   3

dropped waiting message count 0
