


ls /afs/cern.ch/user/x/xisu/x509up_u118456
/afs/cern.ch/user/x/xisu/x509up_u118456
Printing defaults
acceptance NONE
tthTagsOnly False
Reading dataset (Era2017_legacy_v1_Summer19UL) /VHToGG_M125_TuneCP5_13TeV-amcatnloFXFX-madspin-pythia8
Will use the following datasets catalog:
['/afs/cern.ch/user/x/xisu/private/local/Analysis_workspace/VH_AC_tmp1/flashgg_d2/CMSSW_10_6_29/src/flashgg/MetaData/data/Era2017_legacy_v1_Summer19UL/datasets.json', '/afs/cern.ch/user/x/xisu/private/local/Analysis_workspace/VH_AC_tmp1/flashgg_d2/CMSSW_10_6_29/src/flashgg/MetaData/data/Era2017_legacy_v1_Summer19UL/datasets_1.json', '/afs/cern.ch/user/x/xisu/private/local/Analysis_workspace/VH_AC_tmp1/flashgg_d2/CMSSW_10_6_29/src/flashgg/MetaData/data/Era2017_legacy_v1_Summer19UL/datasets_10.json', '/afs/cern.ch/user/x/xisu/private/local/Analysis_workspace/VH_AC_tmp1/flashgg_d2/CMSSW_10_6_29/src/flashgg/MetaData/data/Era2017_legacy_v1_Summer19UL/datasets_11.json', '/afs/cern.ch/user/x/xisu/private/local/Analysis_workspace/VH_AC_tmp1/flashgg_d2/CMSSW_10_6_29/src/flashgg/MetaData/data/Era2017_legacy_v1_Summer19UL/datasets_12.json', '/afs/cern.ch/user/x/xisu/private/local/Analysis_workspace/VH_AC_tmp1/flashgg_d2/CMSSW_10_6_29/src/flashgg/MetaData/data/Era2017_legacy_v1_Summer19UL/datasets_13.json', '/afs/cern.ch/user/x/xisu/private/local/Analysis_workspace/VH_AC_tmp1/flashgg_d2/CMSSW_10_6_29/src/flashgg/MetaData/data/Era2017_legacy_v1_Summer19UL/datasets_14.json', '/afs/cern.ch/user/x/xisu/private/local/Analysis_workspace/VH_AC_tmp1/flashgg_d2/CMSSW_10_6_29/src/flashgg/MetaData/data/Era2017_legacy_v1_Summer19UL/datasets_15.json', '/afs/cern.ch/user/x/xisu/private/local/Analysis_workspace/VH_AC_tmp1/flashgg_d2/CMSSW_10_6_29/src/flashgg/MetaData/data/Era2017_legacy_v1_Summer19UL/datasets_16.json', '/afs/cern.ch/user/x/xisu/private/local/Analysis_workspace/VH_AC_tmp1/flashgg_d2/CMSSW_10_6_29/src/flashgg/MetaData/data/Era2017_legacy_v1_Summer19UL/datasets_17.json', '/afs/cern.ch/user/x/xisu/private/local/Analysis_workspace/VH_AC_tmp1/flashgg_d2/CMSSW_10_6_29/src/flashgg/MetaData/data/Era2017_legacy_v1_Summer19UL/datasets_18.json', '/afs/cern.ch/user/x/xisu/private/local/Analysis_workspace/VH_AC_tmp1/flashgg_d2/CMSSW_10_6_29/src/flashgg/MetaData/data/Era2017_legacy_v1_Summer19UL/datasets_19.json', '/afs/cern.ch/user/x/xisu/private/local/Analysis_workspace/VH_AC_tmp1/flashgg_d2/CMSSW_10_6_29/src/flashgg/MetaData/data/Era2017_legacy_v1_Summer19UL/datasets_2.json', '/afs/cern.ch/user/x/xisu/private/local/Analysis_workspace/VH_AC_tmp1/flashgg_d2/CMSSW_10_6_29/src/flashgg/MetaData/data/Era2017_legacy_v1_Summer19UL/datasets_20.json', '/afs/cern.ch/user/x/xisu/private/local/Analysis_workspace/VH_AC_tmp1/flashgg_d2/CMSSW_10_6_29/src/flashgg/MetaData/data/Era2017_legacy_v1_Summer19UL/datasets_21.json', '/afs/cern.ch/user/x/xisu/private/local/Analysis_workspace/VH_AC_tmp1/flashgg_d2/CMSSW_10_6_29/src/flashgg/MetaData/data/Era2017_legacy_v1_Summer19UL/datasets_22.json', '/afs/cern.ch/user/x/xisu/private/local/Analysis_workspace/VH_AC_tmp1/flashgg_d2/CMSSW_10_6_29/src/flashgg/MetaData/data/Era2017_legacy_v1_Summer19UL/datasets_23.json', '/afs/cern.ch/user/x/xisu/private/local/Analysis_workspace/VH_AC_tmp1/flashgg_d2/CMSSW_10_6_29/src/flashgg/MetaData/data/Era2017_legacy_v1_Summer19UL/datasets_24.json', '/afs/cern.ch/user/x/xisu/private/local/Analysis_workspace/VH_AC_tmp1/flashgg_d2/CMSSW_10_6_29/src/flashgg/MetaData/data/Era2017_legacy_v1_Summer19UL/datasets_25.json', '/afs/cern.ch/user/x/xisu/private/local/Analysis_workspace/VH_AC_tmp1/flashgg_d2/CMSSW_10_6_29/src/flashgg/MetaData/data/Era2017_legacy_v1_Summer19UL/datasets_26.json', '/afs/cern.ch/user/x/xisu/private/local/Analysis_workspace/VH_AC_tmp1/flashgg_d2/CMSSW_10_6_29/src/flashgg/MetaData/data/Era2017_legacy_v1_Summer19UL/datasets_27.json', '/afs/cern.ch/user/x/xisu/private/local/Analysis_workspace/VH_AC_tmp1/flashgg_d2/CMSSW_10_6_29/src/flashgg/MetaData/data/Era2017_legacy_v1_Summer19UL/datasets_28.json', '/afs/cern.ch/user/x/xisu/private/local/Analysis_workspace/VH_AC_tmp1/flashgg_d2/CMSSW_10_6_29/src/flashgg/MetaData/data/Era2017_legacy_v1_Summer19UL/datasets_29.json', '/afs/cern.ch/user/x/xisu/private/local/Analysis_workspace/VH_AC_tmp1/flashgg_d2/CMSSW_10_6_29/src/flashgg/MetaData/data/Era2017_legacy_v1_Summer19UL/datasets_3.json', '/afs/cern.ch/user/x/xisu/private/local/Analysis_workspace/VH_AC_tmp1/flashgg_d2/CMSSW_10_6_29/src/flashgg/MetaData/data/Era2017_legacy_v1_Summer19UL/datasets_30.json', '/afs/cern.ch/user/x/xisu/private/local/Analysis_workspace/VH_AC_tmp1/flashgg_d2/CMSSW_10_6_29/src/flashgg/MetaData/data/Era2017_legacy_v1_Summer19UL/datasets_31.json', '/afs/cern.ch/user/x/xisu/private/local/Analysis_workspace/VH_AC_tmp1/flashgg_d2/CMSSW_10_6_29/src/flashgg/MetaData/data/Era2017_legacy_v1_Summer19UL/datasets_4.json', '/afs/cern.ch/user/x/xisu/private/local/Analysis_workspace/VH_AC_tmp1/flashgg_d2/CMSSW_10_6_29/src/flashgg/MetaData/data/Era2017_legacy_v1_Summer19UL/datasets_32.json', '/afs/cern.ch/user/x/xisu/private/local/Analysis_workspace/VH_AC_tmp1/flashgg_d2/CMSSW_10_6_29/src/flashgg/MetaData/data/Era2017_legacy_v1_Summer19UL/datasets_33.json', '/afs/cern.ch/user/x/xisu/private/local/Analysis_workspace/VH_AC_tmp1/flashgg_d2/CMSSW_10_6_29/src/flashgg/MetaData/data/Era2017_legacy_v1_Summer19UL/datasets_34.json', '/afs/cern.ch/user/x/xisu/private/local/Analysis_workspace/VH_AC_tmp1/flashgg_d2/CMSSW_10_6_29/src/flashgg/MetaData/data/Era2017_legacy_v1_Summer19UL/datasets_35.json', '/afs/cern.ch/user/x/xisu/private/local/Analysis_workspace/VH_AC_tmp1/flashgg_d2/CMSSW_10_6_29/src/flashgg/MetaData/data/Era2017_legacy_v1_Summer19UL/datasets_36.json', '/afs/cern.ch/user/x/xisu/private/local/Analysis_workspace/VH_AC_tmp1/flashgg_d2/CMSSW_10_6_29/src/flashgg/MetaData/data/Era2017_legacy_v1_Summer19UL/datasets_37.json', '/afs/cern.ch/user/x/xisu/private/local/Analysis_workspace/VH_AC_tmp1/flashgg_d2/CMSSW_10_6_29/src/flashgg/MetaData/data/Era2017_legacy_v1_Summer19UL/datasets_38.json', '/afs/cern.ch/user/x/xisu/private/local/Analysis_workspace/VH_AC_tmp1/flashgg_d2/CMSSW_10_6_29/src/flashgg/MetaData/data/Era2017_legacy_v1_Summer19UL/datasets_39.json', '/afs/cern.ch/user/x/xisu/private/local/Analysis_workspace/VH_AC_tmp1/flashgg_d2/CMSSW_10_6_29/src/flashgg/MetaData/data/Era2017_legacy_v1_Summer19UL/datasets_40.json', '/afs/cern.ch/user/x/xisu/private/local/Analysis_workspace/VH_AC_tmp1/flashgg_d2/CMSSW_10_6_29/src/flashgg/MetaData/data/Era2017_legacy_v1_Summer19UL/datasets_5.json', '/afs/cern.ch/user/x/xisu/private/local/Analysis_workspace/VH_AC_tmp1/flashgg_d2/CMSSW_10_6_29/src/flashgg/MetaData/data/Era2017_legacy_v1_Summer19UL/datasets_6.json', '/afs/cern.ch/user/x/xisu/private/local/Analysis_workspace/VH_AC_tmp1/flashgg_d2/CMSSW_10_6_29/src/flashgg/MetaData/data/Era2017_legacy_v1_Summer19UL/datasets_7.json', '/afs/cern.ch/user/x/xisu/private/local/Analysis_workspace/VH_AC_tmp1/flashgg_d2/CMSSW_10_6_29/src/flashgg/MetaData/data/Era2017_legacy_v1_Summer19UL/datasets_8.json', '/afs/cern.ch/user/x/xisu/private/local/Analysis_workspace/VH_AC_tmp1/flashgg_d2/CMSSW_10_6_29/src/flashgg/MetaData/data/Era2017_legacy_v1_Summer19UL/datasets_9.json']
/VHToGG_M125_TuneCP5_13TeV-amcatnloFXFX-madspin-pythia8
Printing options
acceptance NONE
tthTagsOnly False
here we print the tag sequence before
flashggPrefireDiPhotons+flashggPreselectedDiPhotons+flashggDiPhotonMVA+flashggVBFMVA+flashggVHhadMVA+flashggGluGluHMVA+flashggVBFDiPhoDiJetMVA+flashggUntagged+flashggVBFTag+flashggTTHDiLeptonTag+flashggTTHLeptonicTag+flashggTHQLeptonicTag+flashggTTHHadronicTag+flashggVHMetTag+flashggWHLeptonicTag+flashggZHLeptonicTag+flashggVHHadronicTag+flashggTagSorter
here we print the tag sequence after
flashggPrefireDiPhotons+flashggPreselectedDiPhotons+flashggDiPhotonMVA+flashggVBFMVA+flashggVHhadMVA+flashggGluGluHMVA+flashggStageOneCombinedTag+flashggTHQLeptonicTag+flashggVHMetTag+flashggWHLeptonicTag+flashggZHLeptonicTag+flashggTagSorter
customize.processId: zh_125
Here we account for L1 pre-firing. We will only change the central diphoton weight if it is an appropriate sample (only MC, not data), and the applyToCentral flag is set to true
================================================
{u'isECALRelevant': True, u'applyToCentral': True, u'ECALFileName': u'flashgg/Taggers/data/L1PrefiringMaps.root', u'MuonFileName': u'flashgg/Taggers/data/L1MuonPrefiringParametriations.root', u'dataeraEcal': u'UL2017BtoF', u'dataeraMuon': u'20172018'}
L1 pre-firing is relevant to ECAL (photons, jets)
Signal MC, so adding systematics and dZ
--- Systematics  with independent collections ---
['']
-------------------------------------------------
--- Variables to be dumped, including systematic weights ---
['stage1p2bin[57,-8.5,48.5] := tagTruth().HTXSstage1p2orderedBin', 'CMS_hgg_mass[160,100,180]:=diPhoton().mass', 'dZ[40,-20.,20.]:=(tagTruth().genPV().z-diPhoton().vtx().z)', 'NNLOPSweight[1,-999999.,999999.] := tagTruth().weight("NNLOPSweight")', 'btagReshapeNorm_TTH_LEP[1,-999999.,999999.] := weight("btagReshapeNorm_TTH_LEP")', 'btagReshapeNorm_TTH_HAD[1,-999999.,999999.] := weight("btagReshapeNorm_TTH_HAD")', 'btagReshapeNorm_THQ_LEP[1,-999999.,999999.] := weight("btagReshapeNorm_THQ_LEP")', 'centralObjectWeight[1,-999999.,999999.] := centralWeight', 'dipho_sumpt                  := diPhoton.sumPt', 'dipho_mass                   := diPhoton.mass', 'dipho_leadPt                 := diPhoton.leadingPhoton.pt', 'dipho_leadEta                := diPhoton.leadingPhoton.eta', 'dipho_leadPhi                := diPhoton.leadingPhoton.phi', 'dipho_leadE                  := diPhoton.leadingPhoton.energy', 'dipho_lead_sieie             := diPhoton.leadingPhoton.sigmaIetaIeta', 'dipho_lead_hoe               := diPhoton.leadingPhoton.hadronicOverEm', 'dipho_lead_sigmaEoE          := diPhoton.leadingPhoton.sigEOverE', 'dipho_lead_ptoM              := diPhoton.leadingPhoton.pt/diPhoton.mass', 'dipho_leadR9                 := diPhoton.leadingPhoton.full5x5_r9', 'dipho_leadIDMVA              := diPhoton.leadingView.phoIdMvaWrtChosenVtx', 'dipho_lead_elveto            := diPhoton.leadingPhoton.passElectronVeto', 'dipho_leadhasPixelSeed       := diPhoton.leadingPhoton.hasPixelSeed', 'dipho_lead_prompt            := diPhoton.leadingPhoton.genMatchType', 'dipho_subleadPt              := diPhoton.subLeadingPhoton.pt', 'dipho_subleadEta             := diPhoton.subLeadingPhoton.eta', 'dipho_subleadPhi             := diPhoton.subLeadingPhoton.phi', 'dipho_subleadE               := diPhoton.subLeadingPhoton.energy', 'dipho_sublead_sieie          := diPhoton.subLeadingPhoton.sigmaIetaIeta', 'dipho_sublead_hoe            := diPhoton.subLeadingPhoton.hadronicOverEm', 'dipho_sublead_sigmaEoE       := diPhoton.subLeadingPhoton.sigEOverE', 'dipho_sublead_ptoM           := diPhoton.subLeadingPhoton.pt/diPhoton.mass', 'dipho_subleadR9              := diPhoton.subLeadingPhoton.full5x5_r9', 'dipho_subleadIDMVA           := diPhoton.subLeadingView.phoIdMvaWrtChosenVtx', 'dipho_sublead_elveto         := diPhoton.subLeadingPhoton.passElectronVeto', 'dipho_subleadhasPixelSeed    := diPhoton.subLeadingPhoton.hasPixelSeed', 'dipho_sublead_prompt         := diPhoton.subLeadingPhoton.genMatchType', 'dipho_mva                    := diPhotonMVA.result', 'dipho_PToM                   := diPhoton.pt/diPhoton.mass', 'sigmarv                      := diPhotonMVA.sigmarv', 'sigmarvDecorr                := diPhotonMVA.decorrSigmarv', 'sigmawv                      := diPhotonMVA.sigmawv', 'CosPhi                       := diPhotonMVA.CosPhi', 'vtxprob                      := diPhotonMVA.vtxprob', 'pt                           := diPhoton.pt', 'leadSCeta                    := diPhoton.leadingPhoton.superCluster.eta', 'subleadSCeta                 := diPhoton.subLeadingPhoton.superCluster.eta', 'n_jets      := jets.size', 'jet1_Pt  := ?(jets.size>0)? jets.at(0).pt      : -999', 'jet1_Eta := ?(jets.size>0)? jets.at(0).eta     : -999', 'jet1_Phi := ?(jets.size>0)? jets.at(0).phi     : -999', 'jet1_E   := ?(jets.size>0)? jets.at(0).energy  : -999', "jet1_deepbtag   := ?(jets.size>0)? jets.at(0).bDiscriminator('pfDeepCSVJetTags:probb') + jets.at(0).bDiscriminator('pfDeepCSVJetTags:probbb') : -999", 'jet2_Pt  := ?(jets.size>1)? jets.at(1).pt      : -999', 'jet2_Eta := ?(jets.size>1)? jets.at(1).eta     : -999', 'jet2_Phi := ?(jets.size>1)? jets.at(1).phi     : -999', 'jet2_E   := ?(jets.size>1)? jets.at(1).energy  : -999', "jet2_deepbtag   := ?(jets.size>1)? jets.at(1).bDiscriminator('pfDeepCSVJetTags:probb') + jets.at(1).bDiscriminator('pfDeepCSVJetTags:probbb') : -999", 'jet3_Pt  := ?(jets.size>2)? jets.at(2).pt      : -999', 'jet3_Eta := ?(jets.size>2)? jets.at(2).eta     : -999', 'jet3_Phi := ?(jets.size>2)? jets.at(2).phi     : -999', 'jet3_E   := ?(jets.size>2)? jets.at(2).energy  : -999', "jet3_deepbtag   := ?(jets.size>2)? jets.at(2).bDiscriminator('pfDeepCSVJetTags:probb') + jets.at(2).bDiscriminator('pfDeepCSVJetTags:probbb') : -999", 'jet4_Pt  := ?(jets.size>3)? jets.at(3).pt      : -999', 'jet4_Eta := ?(jets.size>3)? jets.at(3).eta     : -999', 'jet4_Phi := ?(jets.size>3)? jets.at(3).phi     : -999', 'jet4_E   := ?(jets.size>3)? jets.at(3).energy  : -999', "jet4_deepbtag   := ?(jets.size>3)? jets.at(3).bDiscriminator('pfDeepCSVJetTags:probb') + jets.at(3).bDiscriminator('pfDeepCSVJetTags:probbb') : -999", 'jet5_Pt  := ?(jets.size>4)? jets.at(4).pt      : -999', 'jet5_Eta := ?(jets.size>4)? jets.at(4).eta     : -999', 'jet5_Phi := ?(jets.size>4)? jets.at(4).phi     : -999', 'jet5_E   := ?(jets.size>4)? jets.at(4).energy  : -999', "jet5_deepbtag   := ?(jets.size>4)? jets.at(4).bDiscriminator('pfDeepCSVJetTags:probb') + jets.at(4).bDiscriminator('pfDeepCSVJetTags:probbb') : -999", 'jet6_Pt  := ?(jets.size>5)? jets.at(5).pt      : -999', 'jet6_Eta := ?(jets.size>5)? jets.at(5).eta     : -999', 'jet6_Phi := ?(jets.size>5)? jets.at(5).phi     : -999', 'jet6_E   := ?(jets.size>5)? jets.at(5).energy  : -999', "jet6_deepbtag   := ?(jets.size>5)? jets.at(5).bDiscriminator('pfDeepCSVJetTags:probb') + jets.at(5).bDiscriminator('pfDeepCSVJetTags:probbb') : -999", 'jet7_Pt  := ?(jets.size>6)? jets.at(6).pt      : -999', 'jet7_Eta := ?(jets.size>6)? jets.at(6).eta     : -999', 'jet7_Phi := ?(jets.size>6)? jets.at(6).phi     : -999', 'jet7_E   := ?(jets.size>6)? jets.at(6).energy  : -999', "jet7_deepbtag   := ?(jets.size>6)? jets.at(6).bDiscriminator('pfDeepCSVJetTags:probb') + jets.at(6).bDiscriminator('pfDeepCSVJetTags:probbb') : -999", 'jet8_Pt  := ?(jets.size>7)? jets.at(7).pt      : -999', 'jet8_Eta := ?(jets.size>7)? jets.at(7).eta     : -999', 'jet8_Phi := ?(jets.size>7)? jets.at(7).phi     : -999', 'jet8_E   := ?(jets.size>7)? jets.at(7).energy  : -999', "jet8_deepbtag   := ?(jets.size>7)? jets.at(7).bDiscriminator('pfDeepCSVJetTags:probb') + jets.at(7).bDiscriminator('pfDeepCSVJetTags:probbb') : -999", 'jet9_Pt  := ?(jets.size>8)? jets.at(8).pt      : -999', 'jet9_Eta := ?(jets.size>8)? jets.at(8).eta     : -999', 'jet9_Phi := ?(jets.size>8)? jets.at(8).phi     : -999', 'jet9_E   := ?(jets.size>8)? jets.at(8).energy  : -999', "jet9_deepbtag   := ?(jets.size>8)? jets.at(8).bDiscriminator('pfDeepCSVJetTags:probb') + jets.at(8).bDiscriminator('pfDeepCSVJetTags:probbb') : -999", 'jet10_Pt  := ?(jets.size>9)? jets.at(9).pt      : -999', 'jet10_Eta := ?(jets.size>9)? jets.at(9).eta     : -999', 'jet10_Phi := ?(jets.size>9)? jets.at(9).phi     : -999', 'jet10_E   := ?(jets.size>9)? jets.at(9).energy  : -999', "jet10_deepbtag   := ?(jets.size>9)? jets.at(9).bDiscriminator('pfDeepCSVJetTags:probb') + jets.at(9).bDiscriminator('pfDeepCSVJetTags:probbb') : -999", 'jet11_Pt  := ?(jets.size>10)? jets.at(10).pt      : -999', 'jet11_Eta := ?(jets.size>10)? jets.at(10).eta     : -999', 'jet11_Phi := ?(jets.size>10)? jets.at(10).phi     : -999', 'jet11_E   := ?(jets.size>10)? jets.at(10).energy  : -999', "jet11_deepbtag   := ?(jets.size>10)? jets.at(10).bDiscriminator('pfDeepCSVJetTags:probb') + jets.at(10).bDiscriminator('pfDeepCSVJetTags:probbb') : -999", 'jet12_Pt  := ?(jets.size>11)? jets.at(11).pt      : -999', 'jet12_Eta := ?(jets.size>11)? jets.at(11).eta     : -999', 'jet12_Phi := ?(jets.size>11)? jets.at(11).phi     : -999', 'jet12_E   := ?(jets.size>11)? jets.at(11).energy  : -999', "jet12_deepbtag   := ?(jets.size>11)? jets.at(11).bDiscriminator('pfDeepCSVJetTags:probb') + jets.at(11).bDiscriminator('pfDeepCSVJetTags:probbb') : -999", 'jet13_Pt  := ?(jets.size>12)? jets.at(12).pt      : -999', 'jet13_Eta := ?(jets.size>12)? jets.at(12).eta     : -999', 'jet13_Phi := ?(jets.size>12)? jets.at(12).phi     : -999', 'jet13_E   := ?(jets.size>12)? jets.at(12).energy  : -999', "jet13_deepbtag   := ?(jets.size>12)? jets.at(12).bDiscriminator('pfDeepCSVJetTags:probb') + jets.at(12).bDiscriminator('pfDeepCSVJetTags:probbb') : -999", 'jet14_Pt  := ?(jets.size>13)? jets.at(13).pt      : -999', 'jet14_Eta := ?(jets.size>13)? jets.at(13).eta     : -999', 'jet14_Phi := ?(jets.size>13)? jets.at(13).phi     : -999', 'jet14_E   := ?(jets.size>13)? jets.at(13).energy  : -999', "jet14_deepbtag   := ?(jets.size>13)? jets.at(13).bDiscriminator('pfDeepCSVJetTags:probb') + jets.at(13).bDiscriminator('pfDeepCSVJetTags:probbb') : -999", 'jet15_Pt  := ?(jets.size>14)? jets.at(14).pt      : -999', 'jet15_Eta := ?(jets.size>14)? jets.at(14).eta     : -999', 'jet15_Phi := ?(jets.size>14)? jets.at(14).phi     : -999', 'jet15_E   := ?(jets.size>14)? jets.at(14).energy  : -999', "jet15_deepbtag   := ?(jets.size>14)? jets.at(14).bDiscriminator('pfDeepCSVJetTags:probb') + jets.at(14).bDiscriminator('pfDeepCSVJetTags:probbb') : -999", 'met_Pt      := met.getCorPt()', 'met_Phi     := met.getCorPhi()', 'met_sumEt   := met.sumEt()', 'met_Sig     := met.mEtSig()', 'met_RealSig := met.significance()', 'acmvafa3d0zh := ACMVAfa3d0ZH()']
------------------------------------------------------------
Only events with [] paths will be processed.
enabling vh filter!!!!!
--- Dumping modules that take diphotons as input: ---
flashggZHLeptonicTag cms.InputTag("flashggPreselectedDiPhotons")
flashggStageOneCombinedTag cms.InputTag("flashggPreselectedDiPhotons")
flashggVBFMVA cms.InputTag("flashggPreselectedDiPhotons")
flashggGluGluHMVA cms.InputTag("flashggPreselectedDiPhotons")
flashggWHLeptonicTag cms.InputTag("flashggPreselectedDiPhotons")
flashggDiPhotonMVA cms.InputTag("flashggPreselectedDiPhotons")
flashggPreselectedDiPhotons cms.InputTag("flashggPrefireDiPhotons")
flashggTTHLeptonicTag cms.InputTag("flashggPreselectedDiPhotons")
flashggVHhadMVA cms.InputTag("flashggPreselectedDiPhotons")
flashggTHQLeptonicTag cms.InputTag("flashggPreselectedDiPhotons")
flashggVHMetTag cms.InputTag("flashggPreselectedDiPhotons")
flashggPrefireDiPhotons cms.InputTag("flashggDiPhotonSystematics")
flashggTagSorter cms.InputTag("flashggPreselectedDiPhotons")
flashggTTHHadronicTag cms.InputTag("flashggPreselectedDiPhotons")

-------------- DUMPING SYSTEMATIC OVERVIEW --------------
          Systematic  Central value?   Systematic shifts?
---------------------------------------------------------
      MCScaleLowR9EE              NO                -1 1 
     MCScaleHighR9EE              NO                -1 1 
      MCScaleLowR9EB              NO                -1 1 
     MCScaleHighR9EB              NO                -1 1 
      MCScaleGain6EB              NO                -1 1 
      MCScaleGain1EB              NO                -1 1 
MaterialCentralBarrel              NO                -1 1 
 MaterialOuterBarrel              NO                -1 1 
     MaterialForward              NO                -1 1 
 ShowerShapeHighR9EB              NO                -1 1 
 ShowerShapeHighR9EE              NO                -1 1 
  ShowerShapeLowR9EB              NO                -1 1 
  ShowerShapeLowR9EE              NO                -1 1 
              FNUFEB              NO                -1 1 
              FNUFEE              NO                -1 1 
            MvaShift              NO                -1 1 
            PreselSF             YES                -1 1 
      electronVetoSF             YES                -1 1 
       TriggerWeight             YES                -1 1 
          LooseMvaSF             YES                -1 1 
 SigmaEOverESmearing             YES                   NO
    SigmaEOverEShift              NO                -1 1 
---------------------------------------------------------
  MuonMediumIDWeight             YES                -1 1 
MuonLooseRelISOWeight             YES                -1 1 
---------------------------------------------------------
    ElectronIDWeight             YES                -1 1 
  ElectronRecoWeight             YES                -1 1 
---------------------------------------------------------
                 JEC             YES                -1 1 
                 JER             YES                -1 1 
    JetBTagCutWeight             YES                -1 1 
JetBTagReshapeWeight             YES                -1 1 
          PUJIDShift              NO                -1 1 
   UnmatchedPUWeight              NO                -1 1 
---------------------------------------------------------
------------- DUMPING 2D SYSTEMATIC OVERVIEW ------------
          Systematic  Central value?   Systematic shifts?
---------------------------------------------------------
     MCSmearHighR9EE             YES       1st: 1 -1 0 0 
                                           2nd: 0 0 1 -1 
      MCSmearLowR9EE             YES       1st: 1 -1 0 0 
                                           2nd: 0 0 1 -1 
     MCSmearHighR9EB             YES       1st: 1 -1 0 0 
                                           2nd: 0 0 1 -1 
      MCSmearLowR9EB             YES       1st: 1 -1 0 0 
                                           2nd: 0 0 1 -1 
---------------------------------------------------------
['Summer19UL17MiniAOD']
/afs/cern.ch/user/x/xisu/private/local/Analysis_workspace/VH_AC_tmp1/flashgg_d2/CMSSW_10_6_29/src/flashgg/Systematics/data/SystematicsIDMVA_LegRunII_v1_UL2017.root
/afs/cern.ch/user/x/xisu/private/local/Analysis_workspace/VH_AC_tmp1/flashgg_d2/CMSSW_10_6_29/src/flashgg/Systematics/data/SystematicsIDMVA_LegRunII_v1_UL2017.root
WARNING Tag centralWeight=0.346585 outside of bound [0.4,2.5] - flashggVHMetTag chosen_i=0 - consider investigating!
WARNING Tag centralWeight=0.269269 outside of bound [0.4,2.5] - flashggTTHHadronicTag chosen_i=0 - consider investigating!
