mkdir: cannot create directory '/afs/cern.ch/user/x/xisu/private/local/Analysis_workspace/VH_AC_tmp1/flashgg_d2/CMSSW_10_6_29/src/flashgg/VHAC_Analysis_Met/UL_17/UL_17_zh125': File exists
/cvmfs/cms.cern.ch/slc7_amd64_gcc700/external/py2-requests/2.21.0-pafccj2/lib/python2.7/site-packages/requests/__init__.py:91: RequestsDependencyWarning: urllib3 (1.25.2) or chardet (3.0.4) doesn't match a supported version!
  RequestsDependencyWarning)
20-Dec-2022 11:10:57 CET  Initiating request to open file root://cms-xrd-global.cern.ch//store/user/alesauva/flashgg/UL2017_4/10_6_4/ZHiggs0PMToGG_M125_TuneCP5_13TeV-JHUGenV7011-pythia8/UL2017_4-10_6_4-v0-RunIISummer19UL17MiniAOD-106X_mc2017_realistic_v6-v2/200720_162909/0000/myMicroAODOutputFile_25.root
%MSG-w XrdAdaptor:  file_open 20-Dec-2022 11:10:59 CET pre-events
Data is served from GRIF-IRFU instead of original site CERN-CMSGLOBAL-01
%MSG
20-Dec-2022 11:11:01 CET  Successfully opened file root://cms-xrd-global.cern.ch//store/user/alesauva/flashgg/UL2017_4/10_6_4/ZHiggs0PMToGG_M125_TuneCP5_13TeV-JHUGenV7011-pythia8/UL2017_4-10_6_4-v0-RunIISummer19UL17MiniAOD-106X_mc2017_realistic_v6-v2/200720_162909/0000/myMicroAODOutputFile_25.root
2022-12-20 11:25:44.939179: I tensorflow/core/platform/cpu_feature_guard.cc:140] Your CPU supports instructions that this TensorFlow binary was not compiled to use: SSE4.1 SSE4.2 AVX AVX2 FMA
Begin processing the 1st record. Run 1, Event 60505, LumiSection 606 on stream 0 at 20-Dec-2022 11:26:40.934 CET
[2022-12-20 11:27:24.335433 +0100][Error  ][AsyncSock         ] [xrootd.ba.infn.it:1094 #0.0] Socket error while handshaking: [ERROR] Socket timeout
[2022-12-20 11:27:24.335623 +0100][Error  ][PostMaster        ] [xrootd.ba.infn.it:1094 #0] elapsed = 45, pConnectionWindow = 31 seconds.
[2022-12-20 11:28:09.518464 +0100][Error  ][AsyncSock         ] [xrootd.ba.infn.it:1094 #0.0] Socket error while handshaking: [ERROR] Socket timeout
[2022-12-20 11:28:09.518650 +0100][Error  ][PostMaster        ] [xrootd.ba.infn.it:1094 #0] elapsed = 45, pConnectionWindow = 31 seconds.
[2022-12-20 11:28:09.518752 +0100][Error  ][PostMaster        ] [xrootd.ba.infn.it:1094 #0] Unable to recover: [ERROR] Socket timeout.
[2022-12-20 11:28:09.518798 +0100][Error  ][XRootD            ] [xrootd.ba.infn.it:1094] Impossible to send message kXR_open (file: /store/user/alesauva/flashgg/UL2017_4/10_6_4/ZHiggs0PMToGG_M125_TuneCP5_13TeV-JHUGenV7011-pythia8/UL2017_4-10_6_4-v0-RunIISummer19UL17MiniAOD-106X_mc2017_realistic_v6-v2/200720_162909/0000/myMicroAODOutputFile_25.root?tried=stor78.datagrid.cea.fr, mode: 0660, flags: kXR_open_read kXR_async kXR_retstat ). Trying to recover.
Begin processing the 1001st record. Run 1, Event 360701, LumiSection 3608 on stream 0 at 20-Dec-2022 11:31:00.421 CET
[2022-12-20 11:31:54.734415 +0100][Error  ][AsyncSock         ] [xrootd.ba.infn.it:1094 #0.0] Socket error while handshaking: [ERROR] Socket timeout
[2022-12-20 11:31:54.734535 +0100][Error  ][PostMaster        ] [xrootd.ba.infn.it:1094 #0] elapsed = 45, pConnectionWindow = 31 seconds.
[2022-12-20 11:32:39.973693 +0100][Error  ][AsyncSock         ] [xrootd.ba.infn.it:1094 #0.0] Socket error while handshaking: [ERROR] Socket timeout
[2022-12-20 11:32:39.973809 +0100][Error  ][PostMaster        ] [xrootd.ba.infn.it:1094 #0] elapsed = 45, pConnectionWindow = 31 seconds.
[2022-12-20 11:32:39.973818 +0100][Error  ][PostMaster        ] [xrootd.ba.infn.it:1094 #0] Unable to recover: [ERROR] Socket timeout.
[2022-12-20 11:32:39.973827 +0100][Error  ][XRootD            ] [xrootd.ba.infn.it:1094] Impossible to send message kXR_open (file: /store/user/alesauva/flashgg/UL2017_4/10_6_4/ZHiggs0PMToGG_M125_TuneCP5_13TeV-JHUGenV7011-pythia8/UL2017_4-10_6_4-v0-RunIISummer19UL17MiniAOD-106X_mc2017_realistic_v6-v2/200720_162909/0000/myMicroAODOutputFile_25.root?tried=stor78.datagrid.cea.fr, mode: 0660, flags: kXR_open_read kXR_async kXR_retstat ). Trying to recover.
Begin processing the 2001st record. Run 1, Event 398403, LumiSection 3985 on stream 0 at 20-Dec-2022 11:32:50.151 CET
Begin processing the 3001st record. Run 1, Event 399410, LumiSection 3995 on stream 0 at 20-Dec-2022 11:34:46.605 CET
Begin processing the 4001st record. Run 1, Event 702201, LumiSection 7023 on stream 0 at 20-Dec-2022 11:36:42.877 CET
Begin processing the 5001st record. Run 1, Event 137104, LumiSection 1372 on stream 0 at 20-Dec-2022 11:38:39.958 CET
[2022-12-20 11:40:14.841406 +0100][Error  ][AsyncSock         ] [xrootd.ba.infn.it:1094 #0.0] Socket error while handshaking: [ERROR] Socket timeout
[2022-12-20 11:40:14.841521 +0100][Error  ][PostMaster        ] [xrootd.ba.infn.it:1094 #0] elapsed = 45, pConnectionWindow = 31 seconds.
Begin processing the 6001st record. Run 1, Event 648610, LumiSection 6487 on stream 0 at 20-Dec-2022 11:40:37.598 CET
[2022-12-20 11:40:59.068471 +0100][Error  ][AsyncSock         ] [xrootd.ba.infn.it:1094 #0.0] Socket error while handshaking: [ERROR] Socket timeout
[2022-12-20 11:40:59.068608 +0100][Error  ][PostMaster        ] [xrootd.ba.infn.it:1094 #0] elapsed = 45, pConnectionWindow = 31 seconds.
[2022-12-20 11:40:59.068618 +0100][Error  ][PostMaster        ] [xrootd.ba.infn.it:1094 #0] Unable to recover: [ERROR] Socket timeout.
[2022-12-20 11:40:59.068628 +0100][Error  ][XRootD            ] [xrootd.ba.infn.it:1094] Impossible to send message kXR_open (file: /store/user/alesauva/flashgg/UL2017_4/10_6_4/ZHiggs0PMToGG_M125_TuneCP5_13TeV-JHUGenV7011-pythia8/UL2017_4-10_6_4-v0-RunIISummer19UL17MiniAOD-106X_mc2017_realistic_v6-v2/200720_162909/0000/myMicroAODOutputFile_25.root?tried=stor78.datagrid.cea.fr, mode: 0660, flags: kXR_open_read kXR_async kXR_retstat ). Trying to recover.
Begin processing the 7001st record. Run 1, Event 433608, LumiSection 4337 on stream 0 at 20-Dec-2022 11:42:33.095 CET
Begin processing the 8001st record. Run 1, Event 243508, LumiSection 2436 on stream 0 at 20-Dec-2022 11:44:25.497 CET
Begin processing the 9001st record. Run 1, Event 244711, LumiSection 2448 on stream 0 at 20-Dec-2022 11:46:23.762 CET
Begin processing the 10001st record. Run 1, Event 274105, LumiSection 2742 on stream 0 at 20-Dec-2022 11:48:18.289 CET
[2022-12-20 11:48:33.040286 +0100][Error  ][AsyncSock         ] [xrootd.ba.infn.it:1094 #0.0] Socket error while handshaking: [ERROR] Socket timeout
[2022-12-20 11:48:33.040393 +0100][Error  ][PostMaster        ] [xrootd.ba.infn.it:1094 #0] elapsed = 45, pConnectionWindow = 31 seconds.
[2022-12-20 11:49:18.289402 +0100][Error  ][AsyncSock         ] [xrootd.ba.infn.it:1094 #0.0] Socket error while handshaking: [ERROR] Socket timeout
[2022-12-20 11:49:18.289594 +0100][Error  ][PostMaster        ] [xrootd.ba.infn.it:1094 #0] elapsed = 45, pConnectionWindow = 31 seconds.
[2022-12-20 11:49:18.289611 +0100][Error  ][PostMaster        ] [xrootd.ba.infn.it:1094 #0] Unable to recover: [ERROR] Socket timeout.
[2022-12-20 11:49:18.289622 +0100][Error  ][XRootD            ] [xrootd.ba.infn.it:1094] Impossible to send message kXR_open (file: /store/user/alesauva/flashgg/UL2017_4/10_6_4/ZHiggs0PMToGG_M125_TuneCP5_13TeV-JHUGenV7011-pythia8/UL2017_4-10_6_4-v0-RunIISummer19UL17MiniAOD-106X_mc2017_realistic_v6-v2/200720_162909/0000/myMicroAODOutputFile_25.root?tried=stor78.datagrid.cea.fr, mode: 0660, flags: kXR_open_read kXR_async kXR_retstat ). Trying to recover.
Begin processing the 11001st record. Run 1, Event 275104, LumiSection 2752 on stream 0 at 20-Dec-2022 11:50:13.905 CET
Begin processing the 12001st record. Run 1, Event 261502, LumiSection 2616 on stream 0 at 20-Dec-2022 11:51:56.747 CET
Begin processing the 13001st record. Run 1, Event 262503, LumiSection 2626 on stream 0 at 20-Dec-2022 11:53:49.327 CET
[2022-12-20 11:54:32.011411 +0100][Error  ][AsyncSock         ] [xrootd.ba.infn.it:1094 #0.0] Socket error while handshaking: [ERROR] Socket timeout
[2022-12-20 11:54:32.011541 +0100][Error  ][PostMaster        ] [xrootd.ba.infn.it:1094 #0] elapsed = 45, pConnectionWindow = 31 seconds.
[2022-12-20 11:55:17.262447 +0100][Error  ][AsyncSock         ] [xrootd.ba.infn.it:1094 #0.0] Socket error while handshaking: [ERROR] Socket timeout
[2022-12-20 11:55:17.262663 +0100][Error  ][PostMaster        ] [xrootd.ba.infn.it:1094 #0] elapsed = 45, pConnectionWindow = 31 seconds.
[2022-12-20 11:55:17.262697 +0100][Error  ][PostMaster        ] [xrootd.ba.infn.it:1094 #0] Unable to recover: [ERROR] Socket timeout.
[2022-12-20 11:55:17.262707 +0100][Error  ][XRootD            ] [xrootd.ba.infn.it:1094] Impossible to send message kXR_open (file: /store/user/alesauva/flashgg/UL2017_4/10_6_4/ZHiggs0PMToGG_M125_TuneCP5_13TeV-JHUGenV7011-pythia8/UL2017_4-10_6_4-v0-RunIISummer19UL17MiniAOD-106X_mc2017_realistic_v6-v2/200720_162909/0000/myMicroAODOutputFile_25.root?tried=stor78.datagrid.cea.fr, mode: 0660, flags: kXR_open_read kXR_async kXR_retstat ). Trying to recover.
Begin processing the 14001st record. Run 1, Event 263508, LumiSection 2636 on stream 0 at 20-Dec-2022 11:55:43.610 CET
Begin processing the 15001st record. Run 1, Event 473606, LumiSection 4737 on stream 0 at 20-Dec-2022 11:57:40.703 CET
Begin processing the 16001st record. Run 1, Event 474612, LumiSection 4747 on stream 0 at 20-Dec-2022 11:59:29.659 CET
Begin processing the 17001st record. Run 1, Event 475601, LumiSection 4757 on stream 0 at 20-Dec-2022 12:01:27.086 CET
[2022-12-20 12:02:50.292374 +0100][Error  ][AsyncSock         ] [xrootd.ba.infn.it:1094 #0.0] Socket error while handshaking: [ERROR] Socket timeout
[2022-12-20 12:02:50.292598 +0100][Error  ][PostMaster        ] [xrootd.ba.infn.it:1094 #0] elapsed = 46, pConnectionWindow = 31 seconds.
Begin processing the 18001st record. Run 1, Event 650208, LumiSection 6503 on stream 0 at 20-Dec-2022 12:03:27.747 CET
[2022-12-20 12:03:35.533362 +0100][Error  ][AsyncSock         ] [xrootd.ba.infn.it:1094 #0.0] Socket error while handshaking: [ERROR] Socket timeout
[2022-12-20 12:03:35.533490 +0100][Error  ][PostMaster        ] [xrootd.ba.infn.it:1094 #0] elapsed = 45, pConnectionWindow = 31 seconds.
[2022-12-20 12:03:35.533500 +0100][Error  ][PostMaster        ] [xrootd.ba.infn.it:1094 #0] Unable to recover: [ERROR] Socket timeout.
[2022-12-20 12:03:35.533510 +0100][Error  ][XRootD            ] [xrootd.ba.infn.it:1094] Impossible to send message kXR_open (file: /store/user/alesauva/flashgg/UL2017_4/10_6_4/ZHiggs0PMToGG_M125_TuneCP5_13TeV-JHUGenV7011-pythia8/UL2017_4-10_6_4-v0-RunIISummer19UL17MiniAOD-106X_mc2017_realistic_v6-v2/200720_162909/0000/myMicroAODOutputFile_25.root?tried=stor78.datagrid.cea.fr, mode: 0660, flags: kXR_open_read kXR_async kXR_retstat ). Trying to recover.
Begin processing the 19001st record. Run 1, Event 651205, LumiSection 6513 on stream 0 at 20-Dec-2022 12:05:21.261 CET
Begin processing the 20001st record. Run 1, Event 674707, LumiSection 6748 on stream 0 at 20-Dec-2022 12:07:10.586 CET
Begin processing the 21001st record. Run 1, Event 675703, LumiSection 6758 on stream 0 at 20-Dec-2022 12:09:13.673 CET
Begin processing the 22001st record. Run 1, Event 676701, LumiSection 6768 on stream 0 at 20-Dec-2022 12:11:02.611 CET
[2022-12-20 12:11:10.162487 +0100][Error  ][AsyncSock         ] [xrootd.ba.infn.it:1094 #0.0] Socket error while handshaking: [ERROR] Socket timeout
[2022-12-20 12:11:10.162614 +0100][Error  ][PostMaster        ] [xrootd.ba.infn.it:1094 #0] elapsed = 45, pConnectionWindow = 31 seconds.
[2022-12-20 12:11:55.347418 +0100][Error  ][AsyncSock         ] [xrootd.ba.infn.it:1094 #0.0] Socket error while handshaking: [ERROR] Socket timeout
[2022-12-20 12:11:55.347537 +0100][Error  ][PostMaster        ] [xrootd.ba.infn.it:1094 #0] elapsed = 45, pConnectionWindow = 31 seconds.
[2022-12-20 12:11:55.347554 +0100][Error  ][PostMaster        ] [xrootd.ba.infn.it:1094 #0] Unable to recover: [ERROR] Socket timeout.
[2022-12-20 12:11:55.347564 +0100][Error  ][XRootD            ] [xrootd.ba.infn.it:1094] Impossible to send message kXR_open (file: /store/user/alesauva/flashgg/UL2017_4/10_6_4/ZHiggs0PMToGG_M125_TuneCP5_13TeV-JHUGenV7011-pythia8/UL2017_4-10_6_4-v0-RunIISummer19UL17MiniAOD-106X_mc2017_realistic_v6-v2/200720_162909/0000/myMicroAODOutputFile_25.root?tried=stor78.datagrid.cea.fr, mode: 0660, flags: kXR_open_read kXR_async kXR_retstat ). Trying to recover.
Begin processing the 23001st record. Run 1, Event 682906, LumiSection 6830 on stream 0 at 20-Dec-2022 12:12:49.701 CET
Begin processing the 24001st record. Run 1, Event 683902, LumiSection 6840 on stream 0 at 20-Dec-2022 12:14:31.893 CET
20-Dec-2022 12:16:19 CET  Closed file root://cms-xrd-global.cern.ch//store/user/alesauva/flashgg/UL2017_4/10_6_4/ZHiggs0PMToGG_M125_TuneCP5_13TeV-JHUGenV7011-pythia8/UL2017_4-10_6_4-v0-RunIISummer19UL17MiniAOD-106X_mc2017_realistic_v6-v2/200720_162909/0000/myMicroAODOutputFile_25.root

TrigReport ---------- Event  Summary ------------
TrigReport Events total = 25000 passed = 24898 failed = 102

TrigReport ---------- Path   Summary ------------
TrigReport  Trig Bit#   Executed     Passed     Failed      Error Name
TrigReport     1    0      25000      24898        102          0 p

TrigReport -------End-Path   Summary ------------
TrigReport  Trig Bit#   Executed     Passed     Failed      Error Name

TrigReport ---------- Modules in Path: p ------------
TrigReport  Trig Bit#    Visited     Passed     Failed      Error Name
TrigReport     1    0      25000      24898        102          0 flashggMetFilters
TrigReport     1    1      24898      24898          0          0 VHFilter
TrigReport     1    2      24898      24898          0          0 flashggDifferentialPhoIdInputsCorrection
TrigReport     1    3      24898      24898          0          0 flashggDiPhotonSystematics
TrigReport     1    4      24898      24898          0          0 flashggMetSystematics
TrigReport     1    5      24898      24898          0          0 flashggMuonSystematics
TrigReport     1    6      24898      24898          0          0 flashggElectronSystematics
TrigReport     1    7      24898      24898          0          0 flashggUnpackedJets
TrigReport     1    8      24898      24898          0          0 flashggJetSystematics0
TrigReport     1    9      24898      24898          0          0 flashggJetSystematics1
TrigReport     1   10      24898      24898          0          0 flashggJetSystematics2
TrigReport     1   11      24898      24898          0          0 flashggJetSystematics3
TrigReport     1   12      24898      24898          0          0 flashggJetSystematics4
TrigReport     1   13      24898      24898          0          0 flashggJetSystematics5
TrigReport     1   14      24898      24898          0          0 flashggJetSystematics6
TrigReport     1   15      24898      24898          0          0 flashggJetSystematics7
TrigReport     1   16      24898      24898          0          0 flashggJetSystematics8
TrigReport     1   17      24898      24898          0          0 flashggJetSystematics9
TrigReport     1   18      24898      24898          0          0 flashggJetSystematics10
TrigReport     1   19      24898      24898          0          0 flashggJetSystematics11
TrigReport     1   20      24898      24898          0          0 flashggPrefireDiPhotons
TrigReport     1   21      24898      24898          0          0 flashggPreselectedDiPhotons
TrigReport     1   22      24898      24898          0          0 flashggDiPhotonMVA
TrigReport     1   23      24898      24898          0          0 flashggVBFMVA
TrigReport     1   24      24898      24898          0          0 flashggVHhadMVA
TrigReport     1   25      24898      24898          0          0 flashggGluGluHMVA
TrigReport     1   26      24898      24898          0          0 flashggStageOneCombinedTag
TrigReport     1   27      24898      24898          0          0 flashggTHQLeptonicTag
TrigReport     1   28      24898      24898          0          0 flashggVHMetTag
TrigReport     1   29      24898      24898          0          0 flashggWHLeptonicTag
TrigReport     1   30      24898      24898          0          0 flashggZHLeptonicTag
TrigReport     1   31      24898      24898          0          0 flashggTTHLeptonicTag
TrigReport     1   32      24898      24898          0          0 flashggTTHHadronicTag
TrigReport     1   33      24898      24898          0          0 flashggTagSorter
TrigReport     1   34      24898      24898          0          0 flashggSystTagMerger
TrigReport     1   35      24898      24898          0          0 tagsDumper

TrigReport ---------- Module Summary ------------
TrigReport    Visited   Executed     Passed     Failed      Error Name
TrigReport      25000      25000      25000          0          0 TriggerResults
TrigReport      24898      24898      24898          0          0 VHFilter
TrigReport      24898      24898      24898          0          0 ak4PFCHSL1FastL2L3Corrector
TrigReport      24898      24898      24898          0          0 ak4PFCHSL1FastjetCorrector
TrigReport      24898      24898      24898          0          0 ak4PFCHSL2RelativeCorrector
TrigReport      24898      24898      24898          0          0 ak4PFCHSL3AbsoluteCorrector
TrigReport      24898      24898      24898          0          0 flashggDiPhotonMVA
TrigReport      24898      24898      24898          0          0 flashggDiPhotonSystematics
TrigReport      24898      24898      24898          0          0 flashggDifferentialPhoIdInputsCorrection
TrigReport      24898      24898      24898          0          0 flashggElectronSystematics
TrigReport      24898      24898      24898          0          0 flashggGluGluHMVA
TrigReport      24898      24898      24898          0          0 flashggJetSystematics0
TrigReport      24898      24898      24898          0          0 flashggJetSystematics1
TrigReport      24898      24898      24898          0          0 flashggJetSystematics10
TrigReport      24898      24898      24898          0          0 flashggJetSystematics11
TrigReport      24898      24898      24898          0          0 flashggJetSystematics2
TrigReport      24898      24898      24898          0          0 flashggJetSystematics3
TrigReport      24898      24898      24898          0          0 flashggJetSystematics4
TrigReport      24898      24898      24898          0          0 flashggJetSystematics5
TrigReport      24898      24898      24898          0          0 flashggJetSystematics6
TrigReport      24898      24898      24898          0          0 flashggJetSystematics7
TrigReport      24898      24898      24898          0          0 flashggJetSystematics8
TrigReport      24898      24898      24898          0          0 flashggJetSystematics9
TrigReport      25000      25000      24898        102          0 flashggMetFilters
TrigReport      24898      24898      24898          0          0 flashggMetSystematics
TrigReport      24898      24898      24898          0          0 flashggMuonSystematics
TrigReport      24898      24898      24898          0          0 flashggPrefireDiPhotons
TrigReport      24898      24898      24898          0          0 flashggPreselectedDiPhotons
TrigReport      24898      24898      24898          0          0 flashggStageOneCombinedTag
TrigReport      24898      24898      24898          0          0 flashggSystTagMerger
TrigReport      24898      24898      24898          0          0 flashggTHQLeptonicTag
TrigReport      24898      24898      24898          0          0 flashggTTHHadronicTag
TrigReport      24898      24898      24898          0          0 flashggTTHLeptonicTag
TrigReport      24898      24898      24898          0          0 flashggTagSorter
TrigReport      24898      24898      24898          0          0 flashggUnpackedJets
TrigReport      24898      24898      24898          0          0 flashggVBFMVA
TrigReport      24898      24898      24898          0          0 flashggVHMetTag
TrigReport      24898      24898      24898          0          0 flashggVHhadMVA
TrigReport      24898      24898      24898          0          0 flashggWHLeptonicTag
TrigReport      24898      24898      24898          0          0 flashggZHLeptonicTag
TrigReport      25000      25000      25000          0          0 p
TrigReport      24898      24898      24898          0          0 tagsDumper

TimeReport ---------- Event  Summary ---[sec]----
TimeReport       event loop CPU/event = 0.118895
TimeReport      event loop Real/event = 0.119220
TimeReport     sum Streams Real/event = 0.115698
TimeReport efficiency CPU/Real/thread = 0.997277

TimeReport ---------- Path   Summary ---[Real sec]----
TimeReport  per event     per exec  Name
TimeReport   0.115212     0.115212  p
TimeReport  per event     per exec  Name

TimeReport -------End-Path   Summary ---[Real sec]----
TimeReport  per event     per exec  Name
TimeReport  per event     per exec  Name

TimeReport ---------- Modules in Path: p ---[Real sec]----
TimeReport  per event    per visit  Name
TimeReport   0.000016     0.000016  flashggMetFilters
TimeReport   0.000006     0.000006  VHFilter
TimeReport   0.061783     0.062036  flashggDifferentialPhoIdInputsCorrection
TimeReport   0.038707     0.038866  flashggDiPhotonSystematics
TimeReport   0.000178     0.000178  flashggMetSystematics
TimeReport   0.000023     0.000023  flashggMuonSystematics
TimeReport   0.000037     0.000037  flashggElectronSystematics
TimeReport   0.000217     0.000218  flashggUnpackedJets
TimeReport   0.003830     0.003846  flashggJetSystematics0
TimeReport   0.000567     0.000569  flashggJetSystematics1
TimeReport   0.000499     0.000501  flashggJetSystematics2
TimeReport   0.000479     0.000481  flashggJetSystematics3
TimeReport   0.000469     0.000471  flashggJetSystematics4
TimeReport   0.000464     0.000466  flashggJetSystematics5
TimeReport   0.000462     0.000463  flashggJetSystematics6
TimeReport   0.000459     0.000461  flashggJetSystematics7
TimeReport   0.000458     0.000460  flashggJetSystematics8
TimeReport   0.000456     0.000458  flashggJetSystematics9
TimeReport   0.000454     0.000456  flashggJetSystematics10
TimeReport   0.000453     0.000455  flashggJetSystematics11
TimeReport   0.000261     0.000262  flashggPrefireDiPhotons
TimeReport   0.000110     0.000110  flashggPreselectedDiPhotons
TimeReport   0.000031     0.000031  flashggDiPhotonMVA
TimeReport   0.000027     0.000027  flashggVBFMVA
TimeReport   0.000016     0.000016  flashggVHhadMVA
TimeReport   0.000045     0.000045  flashggGluGluHMVA
TimeReport   0.000030     0.000030  flashggStageOneCombinedTag
TimeReport   0.000427     0.000428  flashggTHQLeptonicTag
TimeReport   0.000284     0.000285  flashggVHMetTag
TimeReport   0.000024     0.000024  flashggWHLeptonicTag
TimeReport   0.000018     0.000019  flashggZHLeptonicTag
TimeReport   0.000058     0.000058  flashggTTHLeptonicTag
TimeReport   0.001127     0.001132  flashggTTHHadronicTag
TimeReport   0.000089     0.000089  flashggTagSorter
TimeReport   0.000004     0.000004  flashggSystTagMerger
TimeReport   0.000286     0.000287  tagsDumper
TimeReport  per event    per visit  Name

TimeReport ---------- Module Summary ---[Real sec]----
TimeReport  per event     per exec    per visit  Name
TimeReport   0.000003     0.000003     0.000003  TriggerResults
TimeReport   0.000006     0.000006     0.000006  VHFilter
TimeReport   0.000003     0.000003     0.000003  ak4PFCHSL1FastL2L3Corrector
TimeReport   0.000004     0.000004     0.000004  ak4PFCHSL1FastjetCorrector
TimeReport   0.000002     0.000002     0.000002  ak4PFCHSL2RelativeCorrector
TimeReport   0.000014     0.000014     0.000014  ak4PFCHSL3AbsoluteCorrector
TimeReport   0.000031     0.000031     0.000031  flashggDiPhotonMVA
TimeReport   0.038707     0.038866     0.038866  flashggDiPhotonSystematics
TimeReport   0.061783     0.062036     0.062036  flashggDifferentialPhoIdInputsCorrection
TimeReport   0.000037     0.000037     0.000037  flashggElectronSystematics
TimeReport   0.000045     0.000045     0.000045  flashggGluGluHMVA
TimeReport   0.003830     0.003846     0.003846  flashggJetSystematics0
TimeReport   0.000567     0.000569     0.000569  flashggJetSystematics1
TimeReport   0.000454     0.000456     0.000456  flashggJetSystematics10
TimeReport   0.000453     0.000455     0.000455  flashggJetSystematics11
TimeReport   0.000499     0.000501     0.000501  flashggJetSystematics2
TimeReport   0.000479     0.000481     0.000481  flashggJetSystematics3
TimeReport   0.000469     0.000471     0.000471  flashggJetSystematics4
TimeReport   0.000464     0.000466     0.000466  flashggJetSystematics5
TimeReport   0.000462     0.000463     0.000463  flashggJetSystematics6
TimeReport   0.000459     0.000461     0.000461  flashggJetSystematics7
TimeReport   0.000458     0.000460     0.000460  flashggJetSystematics8
TimeReport   0.000456     0.000458     0.000458  flashggJetSystematics9
TimeReport   0.000016     0.000016     0.000016  flashggMetFilters
TimeReport   0.000178     0.000178     0.000178  flashggMetSystematics
TimeReport   0.000023     0.000023     0.000023  flashggMuonSystematics
TimeReport   0.000261     0.000262     0.000262  flashggPrefireDiPhotons
TimeReport   0.000110     0.000110     0.000110  flashggPreselectedDiPhotons
TimeReport   0.000030     0.000030     0.000030  flashggStageOneCombinedTag
TimeReport   0.000004     0.000004     0.000004  flashggSystTagMerger
TimeReport   0.000427     0.000428     0.000428  flashggTHQLeptonicTag
TimeReport   0.001127     0.001132     0.001132  flashggTTHHadronicTag
TimeReport   0.000058     0.000058     0.000058  flashggTTHLeptonicTag
TimeReport   0.000089     0.000089     0.000089  flashggTagSorter
TimeReport   0.000217     0.000218     0.000218  flashggUnpackedJets
TimeReport   0.000027     0.000027     0.000027  flashggVBFMVA
TimeReport   0.000284     0.000285     0.000285  flashggVHMetTag
TimeReport   0.000016     0.000016     0.000016  flashggVHhadMVA
TimeReport   0.000024     0.000024     0.000024  flashggWHLeptonicTag
TimeReport   0.000018     0.000019     0.000019  flashggZHLeptonicTag
TimeReport   0.000003     0.000003     0.000003  p
TimeReport   0.000286     0.000287     0.000287  tagsDumper
TimeReport  per event     per exec    per visit  Name

T---Report end!


=============================================

MessageLogger Summary

 type     category        sev    module        subroutine        count    total
 ---- -------------------- -- ---------------- ----------------  -----    -----
    1 XrdAdaptor           -w file_open                              1        1
    2 fileAction           -s file_close                             1        1
    3 fileAction           -s file_open                              2        2

 type    category    Examples: run/evt        run/evt          run/evt
 ---- -------------------- ---------------- ---------------- ----------------
    1 XrdAdaptor           pre-events                        
    2 fileAction           PostGlobalEndRun                  
    3 fileAction           pre-events       pre-events       

Severity    # Occurrences   Total Occurrences
--------    -------------   -----------------
Warning                 1                   1
System                  3                   3

dropped waiting message count 0
