mkdir: cannot create directory '/afs/cern.ch/user/x/xisu/private/local/Analysis_workspace/VH_AC_tmp1/flashgg_d2/CMSSW_10_6_29/src/flashgg/VHAC_Analysis_Met/UL_17/UL_17_zh125': File exists
/cvmfs/cms.cern.ch/slc7_amd64_gcc700/external/py2-requests/2.21.0-pafccj2/lib/python2.7/site-packages/requests/__init__.py:91: RequestsDependencyWarning: urllib3 (1.25.2) or chardet (3.0.4) doesn't match a supported version!
  RequestsDependencyWarning)
20-Dec-2022 11:14:16 CET  Initiating request to open file root://cms-xrd-global.cern.ch//store/user/alesauva/flashgg/UL2017_4/10_6_4/ZHiggs0MToGG_M125_TuneCP5_13TeV-JHUGenV7011-pythia8/UL2017_4-10_6_4-v0-RunIISummer19UL17MiniAOD-106X_mc2017_realistic_v6-v2/200720_162208/0000/myMicroAODOutputFile_16.root
%MSG-w XrdAdaptor:  file_open 20-Dec-2022 11:14:19 CET pre-events
Data is served from GRIF-IRFU instead of original site CERN-CMSGLOBAL-02
%MSG
20-Dec-2022 11:14:21 CET  Successfully opened file root://cms-xrd-global.cern.ch//store/user/alesauva/flashgg/UL2017_4/10_6_4/ZHiggs0MToGG_M125_TuneCP5_13TeV-JHUGenV7011-pythia8/UL2017_4-10_6_4-v0-RunIISummer19UL17MiniAOD-106X_mc2017_realistic_v6-v2/200720_162208/0000/myMicroAODOutputFile_16.root
[2022-12-20 11:15:09.030367 +0100][Error  ][AsyncSock         ] [xrootd-cms.infn.it:1094 #0.0] Socket error while handshaking: [ERROR] Socket timeout
[2022-12-20 11:15:09.030673 +0100][Error  ][PostMaster        ] [xrootd-cms.infn.it:1094 #0] elapsed = 46, pConnectionWindow = 31 seconds.
[2022-12-20 11:15:54.417187 +0100][Error  ][AsyncSock         ] [xrootd.ba.infn.it:1094 #0.0] Socket error while handshaking: [ERROR] Socket timeout
[2022-12-20 11:15:54.417352 +0100][Error  ][PostMaster        ] [xrootd.ba.infn.it:1094 #0] elapsed = 45, pConnectionWindow = 31 seconds.
[2022-12-20 11:16:39.671218 +0100][Error  ][AsyncSock         ] [xrootd.ba.infn.it:1094 #0.0] Socket error while handshaking: [ERROR] Socket timeout
[2022-12-20 11:16:39.671451 +0100][Error  ][PostMaster        ] [xrootd.ba.infn.it:1094 #0] elapsed = 45, pConnectionWindow = 31 seconds.
[2022-12-20 11:16:39.671497 +0100][Error  ][PostMaster        ] [xrootd.ba.infn.it:1094 #0] Unable to recover: [ERROR] Socket timeout.
[2022-12-20 11:16:39.671516 +0100][Error  ][XRootD            ] [xrootd.ba.infn.it:1094] Impossible to send message kXR_open (file: /store/user/alesauva/flashgg/UL2017_4/10_6_4/ZHiggs0MToGG_M125_TuneCP5_13TeV-JHUGenV7011-pythia8/UL2017_4-10_6_4-v0-RunIISummer19UL17MiniAOD-106X_mc2017_realistic_v6-v2/200720_162208/0000/myMicroAODOutputFile_16.root?tried=+1213xrootd-cms-redir-int.cr.cnaf.infn.it,+1213llrxrd-redir.in2p3.fr,+1413llrxrd-redir.in2p3.fr,+1413xrootd-cms-redir-int.cr.cnaf.infn.it,stor97.datagrid.cea.fr,node12.datagrid.cea.fr,xrootd-redic.pi.infn.it&triedrc=enoent, mode: 0660, flags: kXR_open_read kXR_async kXR_retstat ). Trying to recover.
2022-12-20 11:32:20.877657: I tensorflow/core/platform/cpu_feature_guard.cc:140] Your CPU supports instructions that this TensorFlow binary was not compiled to use: SSE4.1 SSE4.2 AVX AVX2 FMA
Begin processing the 1st record. Run 1, Event 129004, LumiSection 1291 on stream 0 at 20-Dec-2022 11:33:22.756 CET
[2022-12-20 11:34:05.993135 +0100][Error  ][AsyncSock         ] [xrootd.ba.infn.it:1094 #0.0] Socket error while handshaking: [ERROR] Socket timeout
[2022-12-20 11:34:05.993299 +0100][Error  ][PostMaster        ] [xrootd.ba.infn.it:1094 #0] elapsed = 45, pConnectionWindow = 31 seconds.
[2022-12-20 11:34:51.274173 +0100][Error  ][AsyncSock         ] [xrootd.ba.infn.it:1094 #0.0] Socket error while handshaking: [ERROR] Socket timeout
[2022-12-20 11:34:51.274376 +0100][Error  ][PostMaster        ] [xrootd.ba.infn.it:1094 #0] elapsed = 46, pConnectionWindow = 31 seconds.
[2022-12-20 11:34:51.274389 +0100][Error  ][PostMaster        ] [xrootd.ba.infn.it:1094 #0] Unable to recover: [ERROR] Socket timeout.
[2022-12-20 11:34:51.274416 +0100][Error  ][XRootD            ] [xrootd.ba.infn.it:1094] Impossible to send message kXR_open (file: /store/user/alesauva/flashgg/UL2017_4/10_6_4/ZHiggs0MToGG_M125_TuneCP5_13TeV-JHUGenV7011-pythia8/UL2017_4-10_6_4-v0-RunIISummer19UL17MiniAOD-106X_mc2017_realistic_v6-v2/200720_162208/0000/myMicroAODOutputFile_16.root?tried=stor97.datagrid.cea.fr, mode: 0660, flags: kXR_open_read kXR_async kXR_retstat ). Trying to recover.
Begin processing the 1001st record. Run 1, Event 134711, LumiSection 1348 on stream 0 at 20-Dec-2022 11:38:45.143 CET
[2022-12-20 11:41:03.341248 +0100][Error  ][AsyncSock         ] [xrootd.ba.infn.it:1094 #0.0] Socket error while handshaking: [ERROR] Socket timeout
[2022-12-20 11:41:03.341483 +0100][Error  ][PostMaster        ] [xrootd.ba.infn.it:1094 #0] elapsed = 45, pConnectionWindow = 31 seconds.
Begin processing the 2001st record. Run 1, Event 135815, LumiSection 1359 on stream 0 at 20-Dec-2022 11:41:25.161 CET
[2022-12-20 11:41:48.604133 +0100][Error  ][AsyncSock         ] [xrootd.ba.infn.it:1094 #0.0] Socket error while handshaking: [ERROR] Socket timeout
[2022-12-20 11:41:48.604320 +0100][Error  ][PostMaster        ] [xrootd.ba.infn.it:1094 #0] elapsed = 45, pConnectionWindow = 31 seconds.
[2022-12-20 11:41:48.604334 +0100][Error  ][PostMaster        ] [xrootd.ba.infn.it:1094 #0] Unable to recover: [ERROR] Socket timeout.
[2022-12-20 11:41:48.604344 +0100][Error  ][XRootD            ] [xrootd.ba.infn.it:1094] Impossible to send message kXR_open (file: /store/user/alesauva/flashgg/UL2017_4/10_6_4/ZHiggs0MToGG_M125_TuneCP5_13TeV-JHUGenV7011-pythia8/UL2017_4-10_6_4-v0-RunIISummer19UL17MiniAOD-106X_mc2017_realistic_v6-v2/200720_162208/0000/myMicroAODOutputFile_16.root?tried=stor97.datagrid.cea.fr, mode: 0660, flags: kXR_open_read kXR_async kXR_retstat ). Trying to recover.
Begin processing the 3001st record. Run 1, Event 159213, LumiSection 1593 on stream 0 at 20-Dec-2022 11:44:07.250 CET
Begin processing the 4001st record. Run 1, Event 298802, LumiSection 2989 on stream 0 at 20-Dec-2022 11:46:36.614 CET
Begin processing the 5001st record. Run 1, Event 344007, LumiSection 3441 on stream 0 at 20-Dec-2022 11:49:10.519 CET
[2022-12-20 11:49:45.138171 +0100][Error  ][AsyncSock         ] [xrootd.ba.infn.it:1094 #0.0] Socket error while handshaking: [ERROR] Socket timeout
[2022-12-20 11:49:45.138361 +0100][Error  ][PostMaster        ] [xrootd.ba.infn.it:1094 #0] elapsed = 45, pConnectionWindow = 31 seconds.
[2022-12-20 11:50:30.391260 +0100][Error  ][AsyncSock         ] [xrootd.ba.infn.it:1094 #0.0] Socket error while handshaking: [ERROR] Socket timeout
[2022-12-20 11:50:30.391427 +0100][Error  ][PostMaster        ] [xrootd.ba.infn.it:1094 #0] elapsed = 45, pConnectionWindow = 31 seconds.
[2022-12-20 11:50:30.391439 +0100][Error  ][PostMaster        ] [xrootd.ba.infn.it:1094 #0] Unable to recover: [ERROR] Socket timeout.
[2022-12-20 11:50:30.391458 +0100][Error  ][XRootD            ] [xrootd.ba.infn.it:1094] Impossible to send message kXR_open (file: /store/user/alesauva/flashgg/UL2017_4/10_6_4/ZHiggs0MToGG_M125_TuneCP5_13TeV-JHUGenV7011-pythia8/UL2017_4-10_6_4-v0-RunIISummer19UL17MiniAOD-106X_mc2017_realistic_v6-v2/200720_162208/0000/myMicroAODOutputFile_16.root?tried=stor97.datagrid.cea.fr, mode: 0660, flags: kXR_open_read kXR_async kXR_retstat ). Trying to recover.
Begin processing the 6001st record. Run 1, Event 345005, LumiSection 3451 on stream 0 at 20-Dec-2022 11:51:48.354 CET
Begin processing the 7001st record. Run 1, Event 346002, LumiSection 3461 on stream 0 at 20-Dec-2022 11:54:25.095 CET
[2022-12-20 11:54:59.997757 +0100][Error  ][AsyncSock         ] [xrootd.ba.infn.it:1094 #0.0] Socket error while handshaking: [ERROR] Socket timeout
[2022-12-20 11:54:59.997936 +0100][Error  ][PostMaster        ] [xrootd.ba.infn.it:1094 #0] elapsed = 45, pConnectionWindow = 31 seconds.
[2022-12-20 11:55:45.264111 +0100][Error  ][AsyncSock         ] [xrootd.ba.infn.it:1094 #0.0] Socket error while handshaking: [ERROR] Socket timeout
[2022-12-20 11:55:45.264314 +0100][Error  ][PostMaster        ] [xrootd.ba.infn.it:1094 #0] elapsed = 46, pConnectionWindow = 31 seconds.
[2022-12-20 11:55:45.264327 +0100][Error  ][PostMaster        ] [xrootd.ba.infn.it:1094 #0] Unable to recover: [ERROR] Socket timeout.
[2022-12-20 11:55:45.264336 +0100][Error  ][XRootD            ] [xrootd.ba.infn.it:1094] Impossible to send message kXR_open (file: /store/user/alesauva/flashgg/UL2017_4/10_6_4/ZHiggs0MToGG_M125_TuneCP5_13TeV-JHUGenV7011-pythia8/UL2017_4-10_6_4-v0-RunIISummer19UL17MiniAOD-106X_mc2017_realistic_v6-v2/200720_162208/0000/myMicroAODOutputFile_16.root?tried=stor97.datagrid.cea.fr, mode: 0660, flags: kXR_open_read kXR_async kXR_retstat ). Trying to recover.
Begin processing the 8001st record. Run 1, Event 377903, LumiSection 3780 on stream 0 at 20-Dec-2022 11:56:55.542 CET
Begin processing the 9001st record. Run 1, Event 379715, LumiSection 3798 on stream 0 at 20-Dec-2022 11:59:34.446 CET
[2022-12-20 12:00:03.138134 +0100][Error  ][AsyncSock         ] [xrootd.ba.infn.it:1094 #0.0] Socket error while handshaking: [ERROR] Socket timeout
[2022-12-20 12:00:03.138294 +0100][Error  ][PostMaster        ] [xrootd.ba.infn.it:1094 #0] elapsed = 45, pConnectionWindow = 31 seconds.
[2022-12-20 12:00:48.413225 +0100][Error  ][AsyncSock         ] [xrootd.ba.infn.it:1094 #0.0] Socket error while handshaking: [ERROR] Socket timeout
[2022-12-20 12:00:48.413371 +0100][Error  ][PostMaster        ] [xrootd.ba.infn.it:1094 #0] elapsed = 45, pConnectionWindow = 31 seconds.
[2022-12-20 12:00:48.413382 +0100][Error  ][PostMaster        ] [xrootd.ba.infn.it:1094 #0] Unable to recover: [ERROR] Socket timeout.
[2022-12-20 12:00:48.413393 +0100][Error  ][XRootD            ] [xrootd.ba.infn.it:1094] Impossible to send message kXR_open (file: /store/user/alesauva/flashgg/UL2017_4/10_6_4/ZHiggs0MToGG_M125_TuneCP5_13TeV-JHUGenV7011-pythia8/UL2017_4-10_6_4-v0-RunIISummer19UL17MiniAOD-106X_mc2017_realistic_v6-v2/200720_162208/0000/myMicroAODOutputFile_16.root?tried=stor97.datagrid.cea.fr, mode: 0660, flags: kXR_open_read kXR_async kXR_retstat ). Trying to recover.
Begin processing the 10001st record. Run 1, Event 503707, LumiSection 5038 on stream 0 at 20-Dec-2022 12:02:06.864 CET
Begin processing the 11001st record. Run 1, Event 561203, LumiSection 5613 on stream 0 at 20-Dec-2022 12:04:40.283 CET
[2022-12-20 12:05:08.430230 +0100][Error  ][AsyncSock         ] [xrootd.ba.infn.it:1094 #0.0] Socket error while handshaking: [ERROR] Socket timeout
[2022-12-20 12:05:08.430407 +0100][Error  ][PostMaster        ] [xrootd.ba.infn.it:1094 #0] elapsed = 45, pConnectionWindow = 31 seconds.
[2022-12-20 12:05:53.725414 +0100][Error  ][AsyncSock         ] [xrootd.ba.infn.it:1094 #0.0] Socket error while handshaking: [ERROR] Socket timeout
[2022-12-20 12:05:53.725571 +0100][Error  ][PostMaster        ] [xrootd.ba.infn.it:1094 #0] elapsed = 45, pConnectionWindow = 31 seconds.
[2022-12-20 12:05:53.725583 +0100][Error  ][PostMaster        ] [xrootd.ba.infn.it:1094 #0] Unable to recover: [ERROR] Socket timeout.
[2022-12-20 12:05:53.725593 +0100][Error  ][XRootD            ] [xrootd.ba.infn.it:1094] Impossible to send message kXR_open (file: /store/user/alesauva/flashgg/UL2017_4/10_6_4/ZHiggs0MToGG_M125_TuneCP5_13TeV-JHUGenV7011-pythia8/UL2017_4-10_6_4-v0-RunIISummer19UL17MiniAOD-106X_mc2017_realistic_v6-v2/200720_162208/0000/myMicroAODOutputFile_16.root?tried=stor97.datagrid.cea.fr, mode: 0660, flags: kXR_open_read kXR_async kXR_retstat ). Trying to recover.
Begin processing the 12001st record. Run 1, Event 562202, LumiSection 5623 on stream 0 at 20-Dec-2022 12:07:12.851 CET
Begin processing the 13001st record. Run 1, Event 564403, LumiSection 5645 on stream 0 at 20-Dec-2022 12:09:57.417 CET
[2022-12-20 12:10:17.306127 +0100][Error  ][AsyncSock         ] [xrootd.ba.infn.it:1094 #0.0] Socket error while handshaking: [ERROR] Socket timeout
[2022-12-20 12:10:17.306374 +0100][Error  ][PostMaster        ] [xrootd.ba.infn.it:1094 #0] elapsed = 46, pConnectionWindow = 31 seconds.
[2022-12-20 12:11:02.573124 +0100][Error  ][AsyncSock         ] [xrootd.ba.infn.it:1094 #0.0] Socket error while handshaking: [ERROR] Socket timeout
[2022-12-20 12:11:02.573331 +0100][Error  ][PostMaster        ] [xrootd.ba.infn.it:1094 #0] elapsed = 45, pConnectionWindow = 31 seconds.
[2022-12-20 12:11:02.573345 +0100][Error  ][PostMaster        ] [xrootd.ba.infn.it:1094 #0] Unable to recover: [ERROR] Socket timeout.
[2022-12-20 12:11:02.573361 +0100][Error  ][XRootD            ] [xrootd.ba.infn.it:1094] Impossible to send message kXR_open (file: /store/user/alesauva/flashgg/UL2017_4/10_6_4/ZHiggs0MToGG_M125_TuneCP5_13TeV-JHUGenV7011-pythia8/UL2017_4-10_6_4-v0-RunIISummer19UL17MiniAOD-106X_mc2017_realistic_v6-v2/200720_162208/0000/myMicroAODOutputFile_16.root?tried=stor97.datagrid.cea.fr, mode: 0660, flags: kXR_open_read kXR_async kXR_retstat ). Trying to recover.
Begin processing the 14001st record. Run 1, Event 565805, LumiSection 5659 on stream 0 at 20-Dec-2022 12:12:38.017 CET
Begin processing the 15001st record. Run 1, Event 566915, LumiSection 5670 on stream 0 at 20-Dec-2022 12:14:57.220 CET
[2022-12-20 12:15:19.553190 +0100][Error  ][AsyncSock         ] [xrootd.ba.infn.it:1094 #0.0] Socket error while handshaking: [ERROR] Socket timeout
[2022-12-20 12:15:19.553371 +0100][Error  ][PostMaster        ] [xrootd.ba.infn.it:1094 #0] elapsed = 45, pConnectionWindow = 31 seconds.
[2022-12-20 12:16:04.796181 +0100][Error  ][AsyncSock         ] [xrootd.ba.infn.it:1094 #0.0] Socket error while handshaking: [ERROR] Socket timeout
[2022-12-20 12:16:04.796331 +0100][Error  ][PostMaster        ] [xrootd.ba.infn.it:1094 #0] elapsed = 45, pConnectionWindow = 31 seconds.
[2022-12-20 12:16:04.796343 +0100][Error  ][PostMaster        ] [xrootd.ba.infn.it:1094 #0] Unable to recover: [ERROR] Socket timeout.
[2022-12-20 12:16:04.796353 +0100][Error  ][XRootD            ] [xrootd.ba.infn.it:1094] Impossible to send message kXR_open (file: /store/user/alesauva/flashgg/UL2017_4/10_6_4/ZHiggs0MToGG_M125_TuneCP5_13TeV-JHUGenV7011-pythia8/UL2017_4-10_6_4-v0-RunIISummer19UL17MiniAOD-106X_mc2017_realistic_v6-v2/200720_162208/0000/myMicroAODOutputFile_16.root?tried=stor97.datagrid.cea.fr, mode: 0660, flags: kXR_open_read kXR_async kXR_retstat ). Trying to recover.
Begin processing the 16001st record. Run 1, Event 567902, LumiSection 5680 on stream 0 at 20-Dec-2022 12:17:27.389 CET
Begin processing the 17001st record. Run 1, Event 569210, LumiSection 5693 on stream 0 at 20-Dec-2022 12:19:45.442 CET
[2022-12-20 12:20:03.591136 +0100][Error  ][AsyncSock         ] [xrootd.ba.infn.it:1094 #0.0] Socket error while handshaking: [ERROR] Socket timeout
[2022-12-20 12:20:03.591284 +0100][Error  ][PostMaster        ] [xrootd.ba.infn.it:1094 #0] elapsed = 45, pConnectionWindow = 31 seconds.
[2022-12-20 12:20:48.846135 +0100][Error  ][AsyncSock         ] [xrootd.ba.infn.it:1094 #0.0] Socket error while handshaking: [ERROR] Socket timeout
[2022-12-20 12:20:48.846307 +0100][Error  ][PostMaster        ] [xrootd.ba.infn.it:1094 #0] elapsed = 45, pConnectionWindow = 31 seconds.
[2022-12-20 12:20:48.846317 +0100][Error  ][PostMaster        ] [xrootd.ba.infn.it:1094 #0] Unable to recover: [ERROR] Socket timeout.
[2022-12-20 12:20:48.846326 +0100][Error  ][XRootD            ] [xrootd.ba.infn.it:1094] Impossible to send message kXR_open (file: /store/user/alesauva/flashgg/UL2017_4/10_6_4/ZHiggs0MToGG_M125_TuneCP5_13TeV-JHUGenV7011-pythia8/UL2017_4-10_6_4-v0-RunIISummer19UL17MiniAOD-106X_mc2017_realistic_v6-v2/200720_162208/0000/myMicroAODOutputFile_16.root?tried=stor97.datagrid.cea.fr, mode: 0660, flags: kXR_open_read kXR_async kXR_retstat ). Trying to recover.
Begin processing the 18001st record. Run 1, Event 570505, LumiSection 5706 on stream 0 at 20-Dec-2022 12:22:04.977 CET
Begin processing the 19001st record. Run 1, Event 574204, LumiSection 5743 on stream 0 at 20-Dec-2022 12:24:28.378 CET
[2022-12-20 12:24:44.306143 +0100][Error  ][AsyncSock         ] [xrootd.ba.infn.it:1094 #0.0] Socket error while handshaking: [ERROR] Socket timeout
[2022-12-20 12:24:44.306317 +0100][Error  ][PostMaster        ] [xrootd.ba.infn.it:1094 #0] elapsed = 45, pConnectionWindow = 31 seconds.
[2022-12-20 12:25:29.573145 +0100][Error  ][AsyncSock         ] [xrootd.ba.infn.it:1094 #0.0] Socket error while handshaking: [ERROR] Socket timeout
[2022-12-20 12:25:29.573327 +0100][Error  ][PostMaster        ] [xrootd.ba.infn.it:1094 #0] elapsed = 45, pConnectionWindow = 31 seconds.
[2022-12-20 12:25:29.573360 +0100][Error  ][PostMaster        ] [xrootd.ba.infn.it:1094 #0] Unable to recover: [ERROR] Socket timeout.
[2022-12-20 12:25:29.573371 +0100][Error  ][XRootD            ] [xrootd.ba.infn.it:1094] Impossible to send message kXR_open (file: /store/user/alesauva/flashgg/UL2017_4/10_6_4/ZHiggs0MToGG_M125_TuneCP5_13TeV-JHUGenV7011-pythia8/UL2017_4-10_6_4-v0-RunIISummer19UL17MiniAOD-106X_mc2017_realistic_v6-v2/200720_162208/0000/myMicroAODOutputFile_16.root?tried=stor97.datagrid.cea.fr, mode: 0660, flags: kXR_open_read kXR_async kXR_retstat ). Trying to recover.
Begin processing the 20001st record. Run 1, Event 575505, LumiSection 5756 on stream 0 at 20-Dec-2022 12:26:55.670 CET
Begin processing the 21001st record. Run 1, Event 579308, LumiSection 5794 on stream 0 at 20-Dec-2022 12:29:22.209 CET
[2022-12-20 12:29:33.136437 +0100][Error  ][AsyncSock         ] [xrootd.ba.infn.it:1094 #0.0] Socket error while handshaking: [ERROR] Socket timeout
[2022-12-20 12:29:33.136620 +0100][Error  ][PostMaster        ] [xrootd.ba.infn.it:1094 #0] elapsed = 45, pConnectionWindow = 31 seconds.
[2022-12-20 12:30:18.396111 +0100][Error  ][AsyncSock         ] [xrootd.ba.infn.it:1094 #0.0] Socket error while handshaking: [ERROR] Socket timeout
[2022-12-20 12:30:18.396259 +0100][Error  ][PostMaster        ] [xrootd.ba.infn.it:1094 #0] elapsed = 45, pConnectionWindow = 31 seconds.
[2022-12-20 12:30:18.396272 +0100][Error  ][PostMaster        ] [xrootd.ba.infn.it:1094 #0] Unable to recover: [ERROR] Socket timeout.
[2022-12-20 12:30:18.396281 +0100][Error  ][XRootD            ] [xrootd.ba.infn.it:1094] Impossible to send message kXR_open (file: /store/user/alesauva/flashgg/UL2017_4/10_6_4/ZHiggs0MToGG_M125_TuneCP5_13TeV-JHUGenV7011-pythia8/UL2017_4-10_6_4-v0-RunIISummer19UL17MiniAOD-106X_mc2017_realistic_v6-v2/200720_162208/0000/myMicroAODOutputFile_16.root?tried=stor97.datagrid.cea.fr, mode: 0660, flags: kXR_open_read kXR_async kXR_retstat ). Trying to recover.
Begin processing the 22001st record. Run 1, Event 580401, LumiSection 5805 on stream 0 at 20-Dec-2022 12:31:43.225 CET
Begin processing the 23001st record. Run 1, Event 581501, LumiSection 5816 on stream 0 at 20-Dec-2022 12:34:04.188 CET
[2022-12-20 12:34:11.561254 +0100][Error  ][AsyncSock         ] [xrootd.ba.infn.it:1094 #0.0] Socket error while handshaking: [ERROR] Socket timeout
[2022-12-20 12:34:11.561404 +0100][Error  ][PostMaster        ] [xrootd.ba.infn.it:1094 #0] elapsed = 45, pConnectionWindow = 31 seconds.
[2022-12-20 12:34:56.833190 +0100][Error  ][AsyncSock         ] [xrootd.ba.infn.it:1094 #0.0] Socket error while handshaking: [ERROR] Socket timeout
[2022-12-20 12:34:56.833364 +0100][Error  ][PostMaster        ] [xrootd.ba.infn.it:1094 #0] elapsed = 45, pConnectionWindow = 31 seconds.
[2022-12-20 12:34:56.833392 +0100][Error  ][PostMaster        ] [xrootd.ba.infn.it:1094 #0] Unable to recover: [ERROR] Socket timeout.
[2022-12-20 12:34:56.833404 +0100][Error  ][XRootD            ] [xrootd.ba.infn.it:1094] Impossible to send message kXR_open (file: /store/user/alesauva/flashgg/UL2017_4/10_6_4/ZHiggs0MToGG_M125_TuneCP5_13TeV-JHUGenV7011-pythia8/UL2017_4-10_6_4-v0-RunIISummer19UL17MiniAOD-106X_mc2017_realistic_v6-v2/200720_162208/0000/myMicroAODOutputFile_16.root?tried=stor97.datagrid.cea.fr, mode: 0660, flags: kXR_open_read kXR_async kXR_retstat ). Trying to recover.
Begin processing the 24001st record. Run 1, Event 583702, LumiSection 5838 on stream 0 at 20-Dec-2022 12:36:34.105 CET
20-Dec-2022 12:39:01 CET  Closed file root://cms-xrd-global.cern.ch//store/user/alesauva/flashgg/UL2017_4/10_6_4/ZHiggs0MToGG_M125_TuneCP5_13TeV-JHUGenV7011-pythia8/UL2017_4-10_6_4-v0-RunIISummer19UL17MiniAOD-106X_mc2017_realistic_v6-v2/200720_162208/0000/myMicroAODOutputFile_16.root

TrigReport ---------- Event  Summary ------------
TrigReport Events total = 25000 passed = 24789 failed = 211

TrigReport ---------- Path   Summary ------------
TrigReport  Trig Bit#   Executed     Passed     Failed      Error Name
TrigReport     1    0      25000      24789        211          0 p

TrigReport -------End-Path   Summary ------------
TrigReport  Trig Bit#   Executed     Passed     Failed      Error Name

TrigReport ---------- Modules in Path: p ------------
TrigReport  Trig Bit#    Visited     Passed     Failed      Error Name
TrigReport     1    0      25000      24789        211          0 flashggMetFilters
TrigReport     1    1      24789      24789          0          0 VHFilter
TrigReport     1    2      24789      24789          0          0 flashggDifferentialPhoIdInputsCorrection
TrigReport     1    3      24789      24789          0          0 flashggDiPhotonSystematics
TrigReport     1    4      24789      24789          0          0 flashggMetSystematics
TrigReport     1    5      24789      24789          0          0 flashggMuonSystematics
TrigReport     1    6      24789      24789          0          0 flashggElectronSystematics
TrigReport     1    7      24789      24789          0          0 flashggUnpackedJets
TrigReport     1    8      24789      24789          0          0 flashggJetSystematics0
TrigReport     1    9      24789      24789          0          0 flashggJetSystematics1
TrigReport     1   10      24789      24789          0          0 flashggJetSystematics2
TrigReport     1   11      24789      24789          0          0 flashggJetSystematics3
TrigReport     1   12      24789      24789          0          0 flashggJetSystematics4
TrigReport     1   13      24789      24789          0          0 flashggJetSystematics5
TrigReport     1   14      24789      24789          0          0 flashggJetSystematics6
TrigReport     1   15      24789      24789          0          0 flashggJetSystematics7
TrigReport     1   16      24789      24789          0          0 flashggJetSystematics8
TrigReport     1   17      24789      24789          0          0 flashggJetSystematics9
TrigReport     1   18      24789      24789          0          0 flashggJetSystematics10
TrigReport     1   19      24789      24789          0          0 flashggJetSystematics11
TrigReport     1   20      24789      24789          0          0 flashggPrefireDiPhotons
TrigReport     1   21      24789      24789          0          0 flashggPreselectedDiPhotons
TrigReport     1   22      24789      24789          0          0 flashggDiPhotonMVA
TrigReport     1   23      24789      24789          0          0 flashggVBFMVA
TrigReport     1   24      24789      24789          0          0 flashggVHhadMVA
TrigReport     1   25      24789      24789          0          0 flashggGluGluHMVA
TrigReport     1   26      24789      24789          0          0 flashggStageOneCombinedTag
TrigReport     1   27      24789      24789          0          0 flashggTHQLeptonicTag
TrigReport     1   28      24789      24789          0          0 flashggVHMetTag
TrigReport     1   29      24789      24789          0          0 flashggWHLeptonicTag
TrigReport     1   30      24789      24789          0          0 flashggZHLeptonicTag
TrigReport     1   31      24789      24789          0          0 flashggTTHLeptonicTag
TrigReport     1   32      24789      24789          0          0 flashggTTHHadronicTag
TrigReport     1   33      24789      24789          0          0 flashggTagSorter
TrigReport     1   34      24789      24789          0          0 flashggSystTagMerger
TrigReport     1   35      24789      24789          0          0 tagsDumper

TrigReport ---------- Module Summary ------------
TrigReport    Visited   Executed     Passed     Failed      Error Name
TrigReport      25000      25000      25000          0          0 TriggerResults
TrigReport      24789      24789      24789          0          0 VHFilter
TrigReport      24789      24789      24789          0          0 ak4PFCHSL1FastL2L3Corrector
TrigReport      24789      24789      24789          0          0 ak4PFCHSL1FastjetCorrector
TrigReport      24789      24789      24789          0          0 ak4PFCHSL2RelativeCorrector
TrigReport      24789      24789      24789          0          0 ak4PFCHSL3AbsoluteCorrector
TrigReport      24789      24789      24789          0          0 flashggDiPhotonMVA
TrigReport      24789      24789      24789          0          0 flashggDiPhotonSystematics
TrigReport      24789      24789      24789          0          0 flashggDifferentialPhoIdInputsCorrection
TrigReport      24789      24789      24789          0          0 flashggElectronSystematics
TrigReport      24789      24789      24789          0          0 flashggGluGluHMVA
TrigReport      24789      24789      24789          0          0 flashggJetSystematics0
TrigReport      24789      24789      24789          0          0 flashggJetSystematics1
TrigReport      24789      24789      24789          0          0 flashggJetSystematics10
TrigReport      24789      24789      24789          0          0 flashggJetSystematics11
TrigReport      24789      24789      24789          0          0 flashggJetSystematics2
TrigReport      24789      24789      24789          0          0 flashggJetSystematics3
TrigReport      24789      24789      24789          0          0 flashggJetSystematics4
TrigReport      24789      24789      24789          0          0 flashggJetSystematics5
TrigReport      24789      24789      24789          0          0 flashggJetSystematics6
TrigReport      24789      24789      24789          0          0 flashggJetSystematics7
TrigReport      24789      24789      24789          0          0 flashggJetSystematics8
TrigReport      24789      24789      24789          0          0 flashggJetSystematics9
TrigReport      25000      25000      24789        211          0 flashggMetFilters
TrigReport      24789      24789      24789          0          0 flashggMetSystematics
TrigReport      24789      24789      24789          0          0 flashggMuonSystematics
TrigReport      24789      24789      24789          0          0 flashggPrefireDiPhotons
TrigReport      24789      24789      24789          0          0 flashggPreselectedDiPhotons
TrigReport      24789      24789      24789          0          0 flashggStageOneCombinedTag
TrigReport      24789      24789      24789          0          0 flashggSystTagMerger
TrigReport      24789      24789      24789          0          0 flashggTHQLeptonicTag
TrigReport      24789      24789      24789          0          0 flashggTTHHadronicTag
TrigReport      24789      24789      24789          0          0 flashggTTHLeptonicTag
TrigReport      24789      24789      24789          0          0 flashggTagSorter
TrigReport      24789      24789      24789          0          0 flashggUnpackedJets
TrigReport      24789      24789      24789          0          0 flashggVBFMVA
TrigReport      24789      24789      24789          0          0 flashggVHMetTag
TrigReport      24789      24789      24789          0          0 flashggVHhadMVA
TrigReport      24789      24789      24789          0          0 flashggWHLeptonicTag
TrigReport      24789      24789      24789          0          0 flashggZHLeptonicTag
TrigReport      25000      25000      25000          0          0 p
TrigReport      24789      24789      24789          0          0 tagsDumper

TimeReport ---------- Event  Summary ---[sec]----
TimeReport       event loop CPU/event = 0.155687
TimeReport      event loop Real/event = 0.157619
TimeReport     sum Streams Real/event = 0.153003
TimeReport efficiency CPU/Real/thread = 0.987748

TimeReport ---------- Path   Summary ---[Real sec]----
TimeReport  per event     per exec  Name
TimeReport   0.152437     0.152437  p
TimeReport  per event     per exec  Name

TimeReport -------End-Path   Summary ---[Real sec]----
TimeReport  per event     per exec  Name
TimeReport  per event     per exec  Name

TimeReport ---------- Modules in Path: p ---[Real sec]----
TimeReport  per event    per visit  Name
TimeReport   0.000019     0.000019  flashggMetFilters
TimeReport   0.000007     0.000007  VHFilter
TimeReport   0.083714     0.084427  flashggDifferentialPhoIdInputsCorrection
TimeReport   0.049623     0.050045  flashggDiPhotonSystematics
TimeReport   0.000203     0.000205  flashggMetSystematics
TimeReport   0.000035     0.000035  flashggMuonSystematics
TimeReport   0.000043     0.000043  flashggElectronSystematics
TimeReport   0.000267     0.000270  flashggUnpackedJets
TimeReport   0.004528     0.004567  flashggJetSystematics0
TimeReport   0.000757     0.000763  flashggJetSystematics1
TimeReport   0.000676     0.000682  flashggJetSystematics2
TimeReport   0.000654     0.000659  flashggJetSystematics3
TimeReport   0.000645     0.000650  flashggJetSystematics4
TimeReport   0.000635     0.000640  flashggJetSystematics5
TimeReport   0.000631     0.000637  flashggJetSystematics6
TimeReport   0.000627     0.000632  flashggJetSystematics7
TimeReport   0.000625     0.000630  flashggJetSystematics8
TimeReport   0.000623     0.000628  flashggJetSystematics9
TimeReport   0.000624     0.000629  flashggJetSystematics10
TimeReport   0.000622     0.000627  flashggJetSystematics11
TimeReport   0.000343     0.000346  flashggPrefireDiPhotons
TimeReport   0.000134     0.000135  flashggPreselectedDiPhotons
TimeReport   0.000036     0.000036  flashggDiPhotonMVA
TimeReport   0.000034     0.000034  flashggVBFMVA
TimeReport   0.000019     0.000020  flashggVHhadMVA
TimeReport   0.000059     0.000059  flashggGluGluHMVA
TimeReport   0.000035     0.000035  flashggStageOneCombinedTag
TimeReport   0.000790     0.000797  flashggTHQLeptonicTag
TimeReport   0.000399     0.000402  flashggVHMetTag
TimeReport   0.000029     0.000029  flashggWHLeptonicTag
TimeReport   0.000023     0.000023  flashggZHLeptonicTag
TimeReport   0.000072     0.000072  flashggTTHLeptonicTag
TimeReport   0.001566     0.001579  flashggTTHHadronicTag
TimeReport   0.000097     0.000098  flashggTagSorter
TimeReport   0.000004     0.000004  flashggSystTagMerger
TimeReport   0.000387     0.000391  tagsDumper
TimeReport  per event    per visit  Name

TimeReport ---------- Module Summary ---[Real sec]----
TimeReport  per event     per exec    per visit  Name
TimeReport   0.000003     0.000003     0.000003  TriggerResults
TimeReport   0.000007     0.000007     0.000007  VHFilter
TimeReport   0.000004     0.000004     0.000004  ak4PFCHSL1FastL2L3Corrector
TimeReport   0.000004     0.000004     0.000004  ak4PFCHSL1FastjetCorrector
TimeReport   0.000002     0.000002     0.000002  ak4PFCHSL2RelativeCorrector
TimeReport   0.000017     0.000017     0.000017  ak4PFCHSL3AbsoluteCorrector
TimeReport   0.000036     0.000036     0.000036  flashggDiPhotonMVA
TimeReport   0.049623     0.050045     0.050045  flashggDiPhotonSystematics
TimeReport   0.083714     0.084427     0.084427  flashggDifferentialPhoIdInputsCorrection
TimeReport   0.000043     0.000043     0.000043  flashggElectronSystematics
TimeReport   0.000059     0.000059     0.000059  flashggGluGluHMVA
TimeReport   0.004528     0.004567     0.004567  flashggJetSystematics0
TimeReport   0.000757     0.000763     0.000763  flashggJetSystematics1
TimeReport   0.000624     0.000629     0.000629  flashggJetSystematics10
TimeReport   0.000622     0.000627     0.000627  flashggJetSystematics11
TimeReport   0.000676     0.000682     0.000682  flashggJetSystematics2
TimeReport   0.000654     0.000659     0.000659  flashggJetSystematics3
TimeReport   0.000645     0.000650     0.000650  flashggJetSystematics4
TimeReport   0.000635     0.000640     0.000640  flashggJetSystematics5
TimeReport   0.000631     0.000637     0.000637  flashggJetSystematics6
TimeReport   0.000627     0.000632     0.000632  flashggJetSystematics7
TimeReport   0.000625     0.000630     0.000630  flashggJetSystematics8
TimeReport   0.000623     0.000628     0.000628  flashggJetSystematics9
TimeReport   0.000019     0.000019     0.000019  flashggMetFilters
TimeReport   0.000203     0.000205     0.000205  flashggMetSystematics
TimeReport   0.000035     0.000035     0.000035  flashggMuonSystematics
TimeReport   0.000343     0.000346     0.000346  flashggPrefireDiPhotons
TimeReport   0.000134     0.000135     0.000135  flashggPreselectedDiPhotons
TimeReport   0.000035     0.000035     0.000035  flashggStageOneCombinedTag
TimeReport   0.000004     0.000004     0.000004  flashggSystTagMerger
TimeReport   0.000790     0.000797     0.000797  flashggTHQLeptonicTag
TimeReport   0.001566     0.001579     0.001579  flashggTTHHadronicTag
TimeReport   0.000072     0.000072     0.000072  flashggTTHLeptonicTag
TimeReport   0.000097     0.000098     0.000098  flashggTagSorter
TimeReport   0.000267     0.000270     0.000270  flashggUnpackedJets
TimeReport   0.000034     0.000034     0.000034  flashggVBFMVA
TimeReport   0.000399     0.000402     0.000402  flashggVHMetTag
TimeReport   0.000019     0.000020     0.000020  flashggVHhadMVA
TimeReport   0.000029     0.000029     0.000029  flashggWHLeptonicTag
TimeReport   0.000023     0.000023     0.000023  flashggZHLeptonicTag
TimeReport   0.000003     0.000003     0.000003  p
TimeReport   0.000387     0.000391     0.000391  tagsDumper
TimeReport  per event     per exec    per visit  Name

T---Report end!


=============================================

MessageLogger Summary

 type     category        sev    module        subroutine        count    total
 ---- -------------------- -- ---------------- ----------------  -----    -----
    1 XrdAdaptor           -w file_open                              1        1
    2 fileAction           -s file_close                             1        1
    3 fileAction           -s file_open                              2        2

 type    category    Examples: run/evt        run/evt          run/evt
 ---- -------------------- ---------------- ---------------- ----------------
    1 XrdAdaptor           pre-events                        
    2 fileAction           PostGlobalEndRun                  
    3 fileAction           pre-events       pre-events       

Severity    # Occurrences   Total Occurrences
--------    -------------   -----------------
Warning                 1                   1
System                  3                   3

dropped waiting message count 0
[2022-12-20 12:39:10.459206 +0100][Error  ][AsyncSock         ] [xrootd.ba.infn.it:1094 #0.0] Socket error while handshaking: [ERROR] Socket timeout
[2022-12-20 12:39:10.459359 +0100][Error  ][PostMaster        ] [xrootd.ba.infn.it:1094 #0] elapsed = 45, pConnectionWindow = 31 seconds.
