mkdir: cannot create directory '/afs/cern.ch/user/x/xisu/private/local/Analysis_workspace/VH_AC_tmp1/flashgg_d2/CMSSW_10_6_29/src/flashgg/VHAC_Analysis_Met/UL_17/UL_17_zh125': File exists
/cvmfs/cms.cern.ch/slc7_amd64_gcc700/external/py2-requests/2.21.0-pafccj2/lib/python2.7/site-packages/requests/__init__.py:91: RequestsDependencyWarning: urllib3 (1.25.2) or chardet (3.0.4) doesn't match a supported version!
  RequestsDependencyWarning)
20-Dec-2022 11:10:25 CET  Initiating request to open file root://cms-xrd-global.cern.ch//store/user/alesauva/flashgg/UL2017_4/10_6_4/ZHiggs0MToGG_M125_TuneCP5_13TeV-JHUGenV7011-pythia8/UL2017_4-10_6_4-v0-RunIISummer19UL17MiniAOD-106X_mc2017_realistic_v6-v2/200720_162208/0000/myMicroAODOutputFile_1.root
%MSG-w XrdAdaptor:  file_open 20-Dec-2022 11:10:28 CET pre-events
Data is served from GRIF-IRFU instead of original site CERN-CMSGLOBAL-02
%MSG
20-Dec-2022 11:10:29 CET  Successfully opened file root://cms-xrd-global.cern.ch//store/user/alesauva/flashgg/UL2017_4/10_6_4/ZHiggs0MToGG_M125_TuneCP5_13TeV-JHUGenV7011-pythia8/UL2017_4-10_6_4-v0-RunIISummer19UL17MiniAOD-106X_mc2017_realistic_v6-v2/200720_162208/0000/myMicroAODOutputFile_1.root
2022-12-20 11:24:54.016818: I tensorflow/core/platform/cpu_feature_guard.cc:140] Your CPU supports instructions that this TensorFlow binary was not compiled to use: SSE4.1 SSE4.2 AVX AVX2 FMA
Begin processing the 1st record. Run 1, Event 4, LumiSection 1 on stream 0 at 20-Dec-2022 11:25:54.367 CET
[2022-12-20 11:26:37.548960 +0100][Error  ][AsyncSock         ] [xrootd.ba.infn.it:1094 #0.0] Socket error while handshaking: [ERROR] Socket timeout
[2022-12-20 11:26:37.549160 +0100][Error  ][PostMaster        ] [xrootd.ba.infn.it:1094 #0] elapsed = 45, pConnectionWindow = 31 seconds.
[2022-12-20 11:27:22.379158 +0100][Error  ][AsyncSock         ] [xrootd.ba.infn.it:1094 #0.0] Socket error while handshaking: [ERROR] Socket timeout
[2022-12-20 11:27:22.379324 +0100][Error  ][PostMaster        ] [xrootd.ba.infn.it:1094 #0] elapsed = 45, pConnectionWindow = 31 seconds.
[2022-12-20 11:27:22.379357 +0100][Error  ][PostMaster        ] [xrootd.ba.infn.it:1094 #0] Unable to recover: [ERROR] Socket timeout.
[2022-12-20 11:27:22.379387 +0100][Error  ][XRootD            ] [xrootd.ba.infn.it:1094] Impossible to send message kXR_open (file: /store/user/alesauva/flashgg/UL2017_4/10_6_4/ZHiggs0MToGG_M125_TuneCP5_13TeV-JHUGenV7011-pythia8/UL2017_4-10_6_4-v0-RunIISummer19UL17MiniAOD-106X_mc2017_realistic_v6-v2/200720_162208/0000/myMicroAODOutputFile_1.root?tried=stor75.datagrid.cea.fr, mode: 0660, flags: kXR_open_read kXR_async kXR_retstat ). Trying to recover.
[2022-12-20 11:28:12.472803 +0100][Error  ][AsyncSock         ] [xrootd-cms.infn.it:1094 #0.0] Socket error while handshaking: [ERROR] Socket timeout
[2022-12-20 11:28:12.473003 +0100][Error  ][PostMaster        ] [xrootd-cms.infn.it:1094 #0] elapsed = 45, pConnectionWindow = 31 seconds.
Begin processing the 1001st record. Run 1, Event 1006, LumiSection 11 on stream 0 at 20-Dec-2022 11:30:43.009 CET
[2022-12-20 11:32:51.909203 +0100][Error  ][AsyncSock         ] [xrootd.ba.infn.it:1094 #0.0] Socket error while handshaking: [ERROR] Socket timeout
[2022-12-20 11:32:51.909382 +0100][Error  ][PostMaster        ] [xrootd.ba.infn.it:1094 #0] elapsed = 45, pConnectionWindow = 31 seconds.
Begin processing the 2001st record. Run 1, Event 2004, LumiSection 21 on stream 0 at 20-Dec-2022 11:33:08.942 CET
[2022-12-20 11:33:37.159205 +0100][Error  ][AsyncSock         ] [xrootd.ba.infn.it:1094 #0.0] Socket error while handshaking: [ERROR] Socket timeout
[2022-12-20 11:33:37.159372 +0100][Error  ][PostMaster        ] [xrootd.ba.infn.it:1094 #0] elapsed = 46, pConnectionWindow = 31 seconds.
[2022-12-20 11:33:37.159387 +0100][Error  ][PostMaster        ] [xrootd.ba.infn.it:1094 #0] Unable to recover: [ERROR] Socket timeout.
[2022-12-20 11:33:37.159398 +0100][Error  ][XRootD            ] [xrootd.ba.infn.it:1094] Impossible to send message kXR_open (file: /store/user/alesauva/flashgg/UL2017_4/10_6_4/ZHiggs0MToGG_M125_TuneCP5_13TeV-JHUGenV7011-pythia8/UL2017_4-10_6_4-v0-RunIISummer19UL17MiniAOD-106X_mc2017_realistic_v6-v2/200720_162208/0000/myMicroAODOutputFile_1.root?tried=stor75.datagrid.cea.fr, mode: 0660, flags: kXR_open_read kXR_async kXR_retstat ). Trying to recover.
Begin processing the 3001st record. Run 1, Event 555807, LumiSection 5559 on stream 0 at 20-Dec-2022 11:35:25.472 CET
Begin processing the 4001st record. Run 1, Event 556808, LumiSection 5569 on stream 0 at 20-Dec-2022 11:37:36.365 CET
Begin processing the 5001st record. Run 1, Event 557802, LumiSection 5579 on stream 0 at 20-Dec-2022 11:39:51.950 CET
[2022-12-20 11:40:30.391208 +0100][Error  ][AsyncSock         ] [xrootd.ba.infn.it:1094 #0.0] Socket error while handshaking: [ERROR] Socket timeout
[2022-12-20 11:40:30.391397 +0100][Error  ][PostMaster        ] [xrootd.ba.infn.it:1094 #0] elapsed = 45, pConnectionWindow = 31 seconds.
[2022-12-20 11:41:15.642975 +0100][Error  ][AsyncSock         ] [xrootd.ba.infn.it:1094 #0.0] Socket error while handshaking: [ERROR] Socket timeout
[2022-12-20 11:41:15.643173 +0100][Error  ][PostMaster        ] [xrootd.ba.infn.it:1094 #0] elapsed = 45, pConnectionWindow = 31 seconds.
[2022-12-20 11:41:15.643184 +0100][Error  ][PostMaster        ] [xrootd.ba.infn.it:1094 #0] Unable to recover: [ERROR] Socket timeout.
[2022-12-20 11:41:15.643194 +0100][Error  ][XRootD            ] [xrootd.ba.infn.it:1094] Impossible to send message kXR_open (file: /store/user/alesauva/flashgg/UL2017_4/10_6_4/ZHiggs0MToGG_M125_TuneCP5_13TeV-JHUGenV7011-pythia8/UL2017_4-10_6_4-v0-RunIISummer19UL17MiniAOD-106X_mc2017_realistic_v6-v2/200720_162208/0000/myMicroAODOutputFile_1.root?tried=stor75.datagrid.cea.fr, mode: 0660, flags: kXR_open_read kXR_async kXR_retstat ). Trying to recover.
Begin processing the 6001st record. Run 1, Event 607103, LumiSection 6072 on stream 0 at 20-Dec-2022 11:42:02.260 CET
Begin processing the 7001st record. Run 1, Event 608105, LumiSection 6082 on stream 0 at 20-Dec-2022 11:44:17.754 CET
Begin processing the 8001st record. Run 1, Event 614403, LumiSection 6145 on stream 0 at 20-Dec-2022 11:46:32.185 CET
Begin processing the 9001st record. Run 1, Event 620801, LumiSection 6209 on stream 0 at 20-Dec-2022 11:48:50.473 CET
[2022-12-20 11:49:24.028191 +0100][Error  ][AsyncSock         ] [xrootd.ba.infn.it:1094 #0.0] Socket error while handshaking: [ERROR] Socket timeout
[2022-12-20 11:49:24.028373 +0100][Error  ][PostMaster        ] [xrootd.ba.infn.it:1094 #0] elapsed = 45, pConnectionWindow = 31 seconds.
[2022-12-20 11:50:09.268194 +0100][Error  ][AsyncSock         ] [xrootd.ba.infn.it:1094 #0.0] Socket error while handshaking: [ERROR] Socket timeout
[2022-12-20 11:50:09.268321 +0100][Error  ][PostMaster        ] [xrootd.ba.infn.it:1094 #0] elapsed = 45, pConnectionWindow = 31 seconds.
[2022-12-20 11:50:09.268334 +0100][Error  ][PostMaster        ] [xrootd.ba.infn.it:1094 #0] Unable to recover: [ERROR] Socket timeout.
[2022-12-20 11:50:09.268346 +0100][Error  ][XRootD            ] [xrootd.ba.infn.it:1094] Impossible to send message kXR_open (file: /store/user/alesauva/flashgg/UL2017_4/10_6_4/ZHiggs0MToGG_M125_TuneCP5_13TeV-JHUGenV7011-pythia8/UL2017_4-10_6_4-v0-RunIISummer19UL17MiniAOD-106X_mc2017_realistic_v6-v2/200720_162208/0000/myMicroAODOutputFile_1.root?tried=stor75.datagrid.cea.fr, mode: 0660, flags: kXR_open_read kXR_async kXR_retstat ). Trying to recover.
Begin processing the 10001st record. Run 1, Event 621802, LumiSection 6219 on stream 0 at 20-Dec-2022 11:51:03.406 CET
Begin processing the 11001st record. Run 1, Event 642718, LumiSection 6428 on stream 0 at 20-Dec-2022 11:53:17.467 CET
Begin processing the 12001st record. Run 1, Event 643701, LumiSection 6438 on stream 0 at 20-Dec-2022 11:55:41.169 CET
Begin processing the 13001st record. Run 1, Event 644704, LumiSection 6448 on stream 0 at 20-Dec-2022 11:57:52.289 CET
[2022-12-20 11:58:23.805188 +0100][Error  ][AsyncSock         ] [xrootd.ba.infn.it:1094 #0.0] Socket error while handshaking: [ERROR] Socket timeout
[2022-12-20 11:58:23.805367 +0100][Error  ][PostMaster        ] [xrootd.ba.infn.it:1094 #0] elapsed = 45, pConnectionWindow = 31 seconds.
[2022-12-20 11:59:08.062183 +0100][Error  ][AsyncSock         ] [xrootd.ba.infn.it:1094 #0.0] Socket error while handshaking: [ERROR] Socket timeout
[2022-12-20 11:59:08.062330 +0100][Error  ][PostMaster        ] [xrootd.ba.infn.it:1094 #0] elapsed = 45, pConnectionWindow = 31 seconds.
[2022-12-20 11:59:08.062342 +0100][Error  ][PostMaster        ] [xrootd.ba.infn.it:1094 #0] Unable to recover: [ERROR] Socket timeout.
[2022-12-20 11:59:08.062352 +0100][Error  ][XRootD            ] [xrootd.ba.infn.it:1094] Impossible to send message kXR_open (file: /store/user/alesauva/flashgg/UL2017_4/10_6_4/ZHiggs0MToGG_M125_TuneCP5_13TeV-JHUGenV7011-pythia8/UL2017_4-10_6_4-v0-RunIISummer19UL17MiniAOD-106X_mc2017_realistic_v6-v2/200720_162208/0000/myMicroAODOutputFile_1.root?tried=stor75.datagrid.cea.fr, mode: 0660, flags: kXR_open_read kXR_async kXR_retstat ). Trying to recover.
Begin processing the 14001st record. Run 1, Event 711016, LumiSection 7111 on stream 0 at 20-Dec-2022 12:00:12.869 CET
Begin processing the 15001st record. Run 1, Event 717404, LumiSection 7175 on stream 0 at 20-Dec-2022 12:02:35.390 CET
[2022-12-20 12:03:04.839188 +0100][Error  ][AsyncSock         ] [xrootd.ba.infn.it:1094 #0.0] Socket error while handshaking: [ERROR] Socket timeout
[2022-12-20 12:03:04.839317 +0100][Error  ][PostMaster        ] [xrootd.ba.infn.it:1094 #0] elapsed = 45, pConnectionWindow = 31 seconds.
[2022-12-20 12:03:49.067240 +0100][Error  ][AsyncSock         ] [xrootd.ba.infn.it:1094 #0.0] Socket error while handshaking: [ERROR] Socket timeout
[2022-12-20 12:03:49.067428 +0100][Error  ][PostMaster        ] [xrootd.ba.infn.it:1094 #0] elapsed = 45, pConnectionWindow = 31 seconds.
[2022-12-20 12:03:49.067443 +0100][Error  ][PostMaster        ] [xrootd.ba.infn.it:1094 #0] Unable to recover: [ERROR] Socket timeout.
[2022-12-20 12:03:49.067454 +0100][Error  ][XRootD            ] [xrootd.ba.infn.it:1094] Impossible to send message kXR_open (file: /store/user/alesauva/flashgg/UL2017_4/10_6_4/ZHiggs0MToGG_M125_TuneCP5_13TeV-JHUGenV7011-pythia8/UL2017_4-10_6_4-v0-RunIISummer19UL17MiniAOD-106X_mc2017_realistic_v6-v2/200720_162208/0000/myMicroAODOutputFile_1.root?tried=stor75.datagrid.cea.fr, mode: 0660, flags: kXR_open_read kXR_async kXR_retstat ). Trying to recover.
Begin processing the 16001st record. Run 1, Event 724205, LumiSection 7243 on stream 0 at 20-Dec-2022 12:04:49.967 CET
Begin processing the 17001st record. Run 1, Event 3503, LumiSection 36 on stream 0 at 20-Dec-2022 12:07:00.852 CET
Begin processing the 18001st record. Run 1, Event 4502, LumiSection 46 on stream 0 at 20-Dec-2022 12:09:13.479 CET
Begin processing the 19001st record. Run 1, Event 17301, LumiSection 174 on stream 0 at 20-Dec-2022 12:11:34.384 CET
[2022-12-20 12:11:55.163202 +0100][Error  ][AsyncSock         ] [xrootd.ba.infn.it:1094 #0.0] Socket error while handshaking: [ERROR] Socket timeout
[2022-12-20 12:11:55.163362 +0100][Error  ][PostMaster        ] [xrootd.ba.infn.it:1094 #0] elapsed = 46, pConnectionWindow = 31 seconds.
[2022-12-20 12:12:40.422223 +0100][Error  ][AsyncSock         ] [xrootd.ba.infn.it:1094 #0.0] Socket error while handshaking: [ERROR] Socket timeout
[2022-12-20 12:12:40.422380 +0100][Error  ][PostMaster        ] [xrootd.ba.infn.it:1094 #0] elapsed = 45, pConnectionWindow = 31 seconds.
[2022-12-20 12:12:40.422394 +0100][Error  ][PostMaster        ] [xrootd.ba.infn.it:1094 #0] Unable to recover: [ERROR] Socket timeout.
[2022-12-20 12:12:40.422404 +0100][Error  ][XRootD            ] [xrootd.ba.infn.it:1094] Impossible to send message kXR_open (file: /store/user/alesauva/flashgg/UL2017_4/10_6_4/ZHiggs0MToGG_M125_TuneCP5_13TeV-JHUGenV7011-pythia8/UL2017_4-10_6_4-v0-RunIISummer19UL17MiniAOD-106X_mc2017_realistic_v6-v2/200720_162208/0000/myMicroAODOutputFile_1.root?tried=stor75.datagrid.cea.fr, mode: 0660, flags: kXR_open_read kXR_async kXR_retstat ). Trying to recover.
Begin processing the 20001st record. Run 1, Event 18305, LumiSection 184 on stream 0 at 20-Dec-2022 12:13:53.283 CET
Begin processing the 21001st record. Run 1, Event 19307, LumiSection 194 on stream 0 at 20-Dec-2022 12:16:09.782 CET
[2022-12-20 12:16:28.263339 +0100][Error  ][AsyncSock         ] [xrootd.ba.infn.it:1094 #0.0] Socket error while handshaking: [ERROR] Socket timeout
[2022-12-20 12:16:28.263472 +0100][Error  ][PostMaster        ] [xrootd.ba.infn.it:1094 #0] elapsed = 45, pConnectionWindow = 31 seconds.
[2022-12-20 12:17:13.519198 +0100][Error  ][AsyncSock         ] [xrootd.ba.infn.it:1094 #0.0] Socket error while handshaking: [ERROR] Socket timeout
[2022-12-20 12:17:13.519375 +0100][Error  ][PostMaster        ] [xrootd.ba.infn.it:1094 #0] elapsed = 45, pConnectionWindow = 31 seconds.
[2022-12-20 12:17:13.519389 +0100][Error  ][PostMaster        ] [xrootd.ba.infn.it:1094 #0] Unable to recover: [ERROR] Socket timeout.
[2022-12-20 12:17:13.519406 +0100][Error  ][XRootD            ] [xrootd.ba.infn.it:1094] Impossible to send message kXR_open (file: /store/user/alesauva/flashgg/UL2017_4/10_6_4/ZHiggs0MToGG_M125_TuneCP5_13TeV-JHUGenV7011-pythia8/UL2017_4-10_6_4-v0-RunIISummer19UL17MiniAOD-106X_mc2017_realistic_v6-v2/200720_162208/0000/myMicroAODOutputFile_1.root?tried=stor75.datagrid.cea.fr, mode: 0660, flags: kXR_open_read kXR_async kXR_retstat ). Trying to recover.
Begin processing the 22001st record. Run 1, Event 20304, LumiSection 204 on stream 0 at 20-Dec-2022 12:18:25.614 CET
Begin processing the 23001st record. Run 1, Event 21303, LumiSection 214 on stream 0 at 20-Dec-2022 12:20:41.288 CET
[2022-12-20 12:21:00.379166 +0100][Error  ][AsyncSock         ] [xrootd.ba.infn.it:1094 #0.0] Socket error while handshaking: [ERROR] Socket timeout
[2022-12-20 12:21:00.379282 +0100][Error  ][PostMaster        ] [xrootd.ba.infn.it:1094 #0] elapsed = 46, pConnectionWindow = 31 seconds.
[2022-12-20 12:21:45.624717 +0100][Error  ][AsyncSock         ] [xrootd.ba.infn.it:1094 #0.0] Socket error while handshaking: [ERROR] Socket timeout
[2022-12-20 12:21:45.624834 +0100][Error  ][PostMaster        ] [xrootd.ba.infn.it:1094 #0] elapsed = 45, pConnectionWindow = 31 seconds.
[2022-12-20 12:21:45.624862 +0100][Error  ][PostMaster        ] [xrootd.ba.infn.it:1094 #0] Unable to recover: [ERROR] Socket timeout.
[2022-12-20 12:21:45.624871 +0100][Error  ][XRootD            ] [xrootd.ba.infn.it:1094] Impossible to send message kXR_open (file: /store/user/alesauva/flashgg/UL2017_4/10_6_4/ZHiggs0MToGG_M125_TuneCP5_13TeV-JHUGenV7011-pythia8/UL2017_4-10_6_4-v0-RunIISummer19UL17MiniAOD-106X_mc2017_realistic_v6-v2/200720_162208/0000/myMicroAODOutputFile_1.root?tried=stor75.datagrid.cea.fr, mode: 0660, flags: kXR_open_read kXR_async kXR_retstat ). Trying to recover.
Begin processing the 24001st record. Run 1, Event 22301, LumiSection 224 on stream 0 at 20-Dec-2022 12:22:56.011 CET
20-Dec-2022 12:25:09 CET  Closed file root://cms-xrd-global.cern.ch//store/user/alesauva/flashgg/UL2017_4/10_6_4/ZHiggs0MToGG_M125_TuneCP5_13TeV-JHUGenV7011-pythia8/UL2017_4-10_6_4-v0-RunIISummer19UL17MiniAOD-106X_mc2017_realistic_v6-v2/200720_162208/0000/myMicroAODOutputFile_1.root

TrigReport ---------- Event  Summary ------------
TrigReport Events total = 25000 passed = 24807 failed = 193

TrigReport ---------- Path   Summary ------------
TrigReport  Trig Bit#   Executed     Passed     Failed      Error Name
TrigReport     1    0      25000      24807        193          0 p

TrigReport -------End-Path   Summary ------------
TrigReport  Trig Bit#   Executed     Passed     Failed      Error Name

TrigReport ---------- Modules in Path: p ------------
TrigReport  Trig Bit#    Visited     Passed     Failed      Error Name
TrigReport     1    0      25000      24807        193          0 flashggMetFilters
TrigReport     1    1      24807      24807          0          0 VHFilter
TrigReport     1    2      24807      24807          0          0 flashggDifferentialPhoIdInputsCorrection
TrigReport     1    3      24807      24807          0          0 flashggDiPhotonSystematics
TrigReport     1    4      24807      24807          0          0 flashggMetSystematics
TrigReport     1    5      24807      24807          0          0 flashggMuonSystematics
TrigReport     1    6      24807      24807          0          0 flashggElectronSystematics
TrigReport     1    7      24807      24807          0          0 flashggUnpackedJets
TrigReport     1    8      24807      24807          0          0 flashggJetSystematics0
TrigReport     1    9      24807      24807          0          0 flashggJetSystematics1
TrigReport     1   10      24807      24807          0          0 flashggJetSystematics2
TrigReport     1   11      24807      24807          0          0 flashggJetSystematics3
TrigReport     1   12      24807      24807          0          0 flashggJetSystematics4
TrigReport     1   13      24807      24807          0          0 flashggJetSystematics5
TrigReport     1   14      24807      24807          0          0 flashggJetSystematics6
TrigReport     1   15      24807      24807          0          0 flashggJetSystematics7
TrigReport     1   16      24807      24807          0          0 flashggJetSystematics8
TrigReport     1   17      24807      24807          0          0 flashggJetSystematics9
TrigReport     1   18      24807      24807          0          0 flashggJetSystematics10
TrigReport     1   19      24807      24807          0          0 flashggJetSystematics11
TrigReport     1   20      24807      24807          0          0 flashggPrefireDiPhotons
TrigReport     1   21      24807      24807          0          0 flashggPreselectedDiPhotons
TrigReport     1   22      24807      24807          0          0 flashggDiPhotonMVA
TrigReport     1   23      24807      24807          0          0 flashggVBFMVA
TrigReport     1   24      24807      24807          0          0 flashggVHhadMVA
TrigReport     1   25      24807      24807          0          0 flashggGluGluHMVA
TrigReport     1   26      24807      24807          0          0 flashggStageOneCombinedTag
TrigReport     1   27      24807      24807          0          0 flashggTHQLeptonicTag
TrigReport     1   28      24807      24807          0          0 flashggVHMetTag
TrigReport     1   29      24807      24807          0          0 flashggWHLeptonicTag
TrigReport     1   30      24807      24807          0          0 flashggZHLeptonicTag
TrigReport     1   31      24807      24807          0          0 flashggTTHLeptonicTag
TrigReport     1   32      24807      24807          0          0 flashggTTHHadronicTag
TrigReport     1   33      24807      24807          0          0 flashggTagSorter
TrigReport     1   34      24807      24807          0          0 flashggSystTagMerger
TrigReport     1   35      24807      24807          0          0 tagsDumper

TrigReport ---------- Module Summary ------------
TrigReport    Visited   Executed     Passed     Failed      Error Name
TrigReport      25000      25000      25000          0          0 TriggerResults
TrigReport      24807      24807      24807          0          0 VHFilter
TrigReport      24807      24807      24807          0          0 ak4PFCHSL1FastL2L3Corrector
TrigReport      24807      24807      24807          0          0 ak4PFCHSL1FastjetCorrector
TrigReport      24807      24807      24807          0          0 ak4PFCHSL2RelativeCorrector
TrigReport      24807      24807      24807          0          0 ak4PFCHSL3AbsoluteCorrector
TrigReport      24807      24807      24807          0          0 flashggDiPhotonMVA
TrigReport      24807      24807      24807          0          0 flashggDiPhotonSystematics
TrigReport      24807      24807      24807          0          0 flashggDifferentialPhoIdInputsCorrection
TrigReport      24807      24807      24807          0          0 flashggElectronSystematics
TrigReport      24807      24807      24807          0          0 flashggGluGluHMVA
TrigReport      24807      24807      24807          0          0 flashggJetSystematics0
TrigReport      24807      24807      24807          0          0 flashggJetSystematics1
TrigReport      24807      24807      24807          0          0 flashggJetSystematics10
TrigReport      24807      24807      24807          0          0 flashggJetSystematics11
TrigReport      24807      24807      24807          0          0 flashggJetSystematics2
TrigReport      24807      24807      24807          0          0 flashggJetSystematics3
TrigReport      24807      24807      24807          0          0 flashggJetSystematics4
TrigReport      24807      24807      24807          0          0 flashggJetSystematics5
TrigReport      24807      24807      24807          0          0 flashggJetSystematics6
TrigReport      24807      24807      24807          0          0 flashggJetSystematics7
TrigReport      24807      24807      24807          0          0 flashggJetSystematics8
TrigReport      24807      24807      24807          0          0 flashggJetSystematics9
TrigReport      25000      25000      24807        193          0 flashggMetFilters
TrigReport      24807      24807      24807          0          0 flashggMetSystematics
TrigReport      24807      24807      24807          0          0 flashggMuonSystematics
TrigReport      24807      24807      24807          0          0 flashggPrefireDiPhotons
TrigReport      24807      24807      24807          0          0 flashggPreselectedDiPhotons
TrigReport      24807      24807      24807          0          0 flashggStageOneCombinedTag
TrigReport      24807      24807      24807          0          0 flashggSystTagMerger
TrigReport      24807      24807      24807          0          0 flashggTHQLeptonicTag
TrigReport      24807      24807      24807          0          0 flashggTTHHadronicTag
TrigReport      24807      24807      24807          0          0 flashggTTHLeptonicTag
TrigReport      24807      24807      24807          0          0 flashggTagSorter
TrigReport      24807      24807      24807          0          0 flashggUnpackedJets
TrigReport      24807      24807      24807          0          0 flashggVBFMVA
TrigReport      24807      24807      24807          0          0 flashggVHMetTag
TrigReport      24807      24807      24807          0          0 flashggVHhadMVA
TrigReport      24807      24807      24807          0          0 flashggWHLeptonicTag
TrigReport      24807      24807      24807          0          0 flashggZHLeptonicTag
TrigReport      25000      25000      25000          0          0 p
TrigReport      24807      24807      24807          0          0 tagsDumper

TimeReport ---------- Event  Summary ---[sec]----
TimeReport       event loop CPU/event = 0.141274
TimeReport      event loop Real/event = 0.142275
TimeReport     sum Streams Real/event = 0.138010
TimeReport efficiency CPU/Real/thread = 0.992961

TimeReport ---------- Path   Summary ---[Real sec]----
TimeReport  per event     per exec  Name
TimeReport   0.137481     0.137481  p
TimeReport  per event     per exec  Name

TimeReport -------End-Path   Summary ---[Real sec]----
TimeReport  per event     per exec  Name
TimeReport  per event     per exec  Name

TimeReport ---------- Modules in Path: p ---[Real sec]----
TimeReport  per event    per visit  Name
TimeReport   0.000018     0.000018  flashggMetFilters
TimeReport   0.000006     0.000006  VHFilter
TimeReport   0.071277     0.071831  flashggDifferentialPhoIdInputsCorrection
TimeReport   0.047692     0.048063  flashggDiPhotonSystematics
TimeReport   0.000196     0.000197  flashggMetSystematics
TimeReport   0.000032     0.000033  flashggMuonSystematics
TimeReport   0.000042     0.000043  flashggElectronSystematics
TimeReport   0.000252     0.000254  flashggUnpackedJets
TimeReport   0.004466     0.004500  flashggJetSystematics0
TimeReport   0.000742     0.000748  flashggJetSystematics1
TimeReport   0.000667     0.000672  flashggJetSystematics2
TimeReport   0.000639     0.000644  flashggJetSystematics3
TimeReport   0.000630     0.000635  flashggJetSystematics4
TimeReport   0.000623     0.000628  flashggJetSystematics5
TimeReport   0.000619     0.000624  flashggJetSystematics6
TimeReport   0.000617     0.000622  flashggJetSystematics7
TimeReport   0.000615     0.000620  flashggJetSystematics8
TimeReport   0.000612     0.000617  flashggJetSystematics9
TimeReport   0.000612     0.000617  flashggJetSystematics10
TimeReport   0.000611     0.000616  flashggJetSystematics11
TimeReport   0.000323     0.000326  flashggPrefireDiPhotons
TimeReport   0.000129     0.000130  flashggPreselectedDiPhotons
TimeReport   0.000037     0.000037  flashggDiPhotonMVA
TimeReport   0.000032     0.000033  flashggVBFMVA
TimeReport   0.000020     0.000020  flashggVHhadMVA
TimeReport   0.000055     0.000056  flashggGluGluHMVA
TimeReport   0.000037     0.000037  flashggStageOneCombinedTag
TimeReport   0.000756     0.000762  flashggTHQLeptonicTag
TimeReport   0.000333     0.000336  flashggVHMetTag
TimeReport   0.000027     0.000028  flashggWHLeptonicTag
TimeReport   0.000022     0.000022  flashggZHLeptonicTag
TimeReport   0.000076     0.000077  flashggTTHLeptonicTag
TimeReport   0.001468     0.001479  flashggTTHHadronicTag
TimeReport   0.000097     0.000098  flashggTagSorter
TimeReport   0.000004     0.000004  flashggSystTagMerger
TimeReport   0.000345     0.000348  tagsDumper
TimeReport  per event    per visit  Name

TimeReport ---------- Module Summary ---[Real sec]----
TimeReport  per event     per exec    per visit  Name
TimeReport   0.000003     0.000003     0.000003  TriggerResults
TimeReport   0.000006     0.000006     0.000006  VHFilter
TimeReport   0.000004     0.000004     0.000004  ak4PFCHSL1FastL2L3Corrector
TimeReport   0.000004     0.000004     0.000004  ak4PFCHSL1FastjetCorrector
TimeReport   0.000002     0.000002     0.000002  ak4PFCHSL2RelativeCorrector
TimeReport   0.000015     0.000015     0.000015  ak4PFCHSL3AbsoluteCorrector
TimeReport   0.000037     0.000037     0.000037  flashggDiPhotonMVA
TimeReport   0.047692     0.048063     0.048063  flashggDiPhotonSystematics
TimeReport   0.071277     0.071831     0.071831  flashggDifferentialPhoIdInputsCorrection
TimeReport   0.000042     0.000043     0.000043  flashggElectronSystematics
TimeReport   0.000055     0.000056     0.000056  flashggGluGluHMVA
TimeReport   0.004466     0.004500     0.004500  flashggJetSystematics0
TimeReport   0.000742     0.000748     0.000748  flashggJetSystematics1
TimeReport   0.000612     0.000617     0.000617  flashggJetSystematics10
TimeReport   0.000611     0.000616     0.000616  flashggJetSystematics11
TimeReport   0.000667     0.000672     0.000672  flashggJetSystematics2
TimeReport   0.000639     0.000644     0.000644  flashggJetSystematics3
TimeReport   0.000630     0.000635     0.000635  flashggJetSystematics4
TimeReport   0.000623     0.000628     0.000628  flashggJetSystematics5
TimeReport   0.000619     0.000624     0.000624  flashggJetSystematics6
TimeReport   0.000617     0.000622     0.000622  flashggJetSystematics7
TimeReport   0.000615     0.000620     0.000620  flashggJetSystematics8
TimeReport   0.000612     0.000617     0.000617  flashggJetSystematics9
TimeReport   0.000018     0.000018     0.000018  flashggMetFilters
TimeReport   0.000196     0.000197     0.000197  flashggMetSystematics
TimeReport   0.000032     0.000033     0.000033  flashggMuonSystematics
TimeReport   0.000323     0.000326     0.000326  flashggPrefireDiPhotons
TimeReport   0.000129     0.000130     0.000130  flashggPreselectedDiPhotons
TimeReport   0.000037     0.000037     0.000037  flashggStageOneCombinedTag
TimeReport   0.000004     0.000004     0.000004  flashggSystTagMerger
TimeReport   0.000756     0.000762     0.000762  flashggTHQLeptonicTag
TimeReport   0.001468     0.001479     0.001479  flashggTTHHadronicTag
TimeReport   0.000076     0.000077     0.000077  flashggTTHLeptonicTag
TimeReport   0.000097     0.000098     0.000098  flashggTagSorter
TimeReport   0.000252     0.000254     0.000254  flashggUnpackedJets
TimeReport   0.000032     0.000033     0.000033  flashggVBFMVA
TimeReport   0.000333     0.000336     0.000336  flashggVHMetTag
TimeReport   0.000020     0.000020     0.000020  flashggVHhadMVA
TimeReport   0.000027     0.000028     0.000028  flashggWHLeptonicTag
TimeReport   0.000022     0.000022     0.000022  flashggZHLeptonicTag
TimeReport   0.000003     0.000003     0.000003  p
TimeReport   0.000345     0.000348     0.000348  tagsDumper
TimeReport  per event     per exec    per visit  Name

T---Report end!


=============================================

MessageLogger Summary

 type     category        sev    module        subroutine        count    total
 ---- -------------------- -- ---------------- ----------------  -----    -----
    1 XrdAdaptor           -w file_open                              1        1
    2 fileAction           -s file_close                             1        1
    3 fileAction           -s file_open                              2        2

 type    category    Examples: run/evt        run/evt          run/evt
 ---- -------------------- ---------------- ---------------- ----------------
    1 XrdAdaptor           pre-events                        
    2 fileAction           PostGlobalEndRun                  
    3 fileAction           pre-events       pre-events       

Severity    # Occurrences   Total Occurrences
--------    -------------   -----------------
Warning                 1                   1
System                  3                   3

dropped waiting message count 0
