mkdir: cannot create directory '/afs/cern.ch/user/x/xisu/private/local/Analysis_workspace/VH_AC_tmp1/flashgg_d2/CMSSW_10_6_29/src/flashgg/VHAC_Analysis_Met/UL_17/UL_17_zh125': File exists
/cvmfs/cms.cern.ch/slc7_amd64_gcc700/external/py2-requests/2.21.0-pafccj2/lib/python2.7/site-packages/requests/__init__.py:91: RequestsDependencyWarning: urllib3 (1.25.2) or chardet (3.0.4) doesn't match a supported version!
  RequestsDependencyWarning)
20-Dec-2022 11:11:26 CET  Initiating request to open file root://cms-xrd-global.cern.ch//store/user/alesauva/flashgg/UL2017_4/10_6_4/ZHiggs0PMToGG_M125_TuneCP5_13TeV-JHUGenV7011-pythia8/UL2017_4-10_6_4-v0-RunIISummer19UL17MiniAOD-106X_mc2017_realistic_v6-v2/200720_162909/0000/myMicroAODOutputFile_11.root
%MSG-w XrdAdaptor:  file_open 20-Dec-2022 11:11:29 CET pre-events
Data is served from GRIF-IRFU instead of original site CERN-CMSGLOBAL-01
%MSG
20-Dec-2022 11:11:31 CET  Successfully opened file root://cms-xrd-global.cern.ch//store/user/alesauva/flashgg/UL2017_4/10_6_4/ZHiggs0PMToGG_M125_TuneCP5_13TeV-JHUGenV7011-pythia8/UL2017_4-10_6_4-v0-RunIISummer19UL17MiniAOD-106X_mc2017_realistic_v6-v2/200720_162909/0000/myMicroAODOutputFile_11.root
2022-12-20 11:26:55.464555: I tensorflow/core/platform/cpu_feature_guard.cc:140] Your CPU supports instructions that this TensorFlow binary was not compiled to use: SSE4.1 SSE4.2 AVX AVX2 FMA
Begin processing the 1st record. Run 1, Event 194404, LumiSection 1945 on stream 0 at 20-Dec-2022 11:27:53.949 CET
[2022-12-20 11:28:38.177589 +0100][Error  ][AsyncSock         ] [xrootd.ba.infn.it:1094 #0.0] Socket error while handshaking: [ERROR] Socket timeout
[2022-12-20 11:28:38.177870 +0100][Error  ][PostMaster        ] [xrootd.ba.infn.it:1094 #0] elapsed = 46, pConnectionWindow = 31 seconds.
[2022-12-20 11:29:23.432445 +0100][Error  ][AsyncSock         ] [xrootd.ba.infn.it:1094 #0.0] Socket error while handshaking: [ERROR] Socket timeout
[2022-12-20 11:29:23.432563 +0100][Error  ][PostMaster        ] [xrootd.ba.infn.it:1094 #0] elapsed = 45, pConnectionWindow = 31 seconds.
[2022-12-20 11:29:23.432603 +0100][Error  ][PostMaster        ] [xrootd.ba.infn.it:1094 #0] Unable to recover: [ERROR] Socket timeout.
[2022-12-20 11:29:23.432630 +0100][Error  ][XRootD            ] [xrootd.ba.infn.it:1094] Impossible to send message kXR_open (file: /store/user/alesauva/flashgg/UL2017_4/10_6_4/ZHiggs0PMToGG_M125_TuneCP5_13TeV-JHUGenV7011-pythia8/UL2017_4-10_6_4-v0-RunIISummer19UL17MiniAOD-106X_mc2017_realistic_v6-v2/200720_162909/0000/myMicroAODOutputFile_11.root?tried=stor85.datagrid.cea.fr, mode: 0660, flags: kXR_open_read kXR_async kXR_retstat ). Trying to recover.
Begin processing the 1001st record. Run 1, Event 195407, LumiSection 1955 on stream 0 at 20-Dec-2022 11:32:40.848 CET
[2022-12-20 11:33:37.795231 +0100][Error  ][AsyncSock         ] [xrootd.ba.infn.it:1094 #0.0] Socket error while handshaking: [ERROR] Socket timeout
[2022-12-20 11:33:37.795482 +0100][Error  ][PostMaster        ] [xrootd.ba.infn.it:1094 #0] elapsed = 45, pConnectionWindow = 31 seconds.
[2022-12-20 11:34:22.048316 +0100][Error  ][AsyncSock         ] [xrootd.ba.infn.it:1094 #0.0] Socket error while handshaking: [ERROR] Socket timeout
[2022-12-20 11:34:22.048436 +0100][Error  ][PostMaster        ] [xrootd.ba.infn.it:1094 #0] elapsed = 45, pConnectionWindow = 31 seconds.
[2022-12-20 11:34:22.048459 +0100][Error  ][PostMaster        ] [xrootd.ba.infn.it:1094 #0] Unable to recover: [ERROR] Socket timeout.
[2022-12-20 11:34:22.048470 +0100][Error  ][XRootD            ] [xrootd.ba.infn.it:1094] Impossible to send message kXR_open (file: /store/user/alesauva/flashgg/UL2017_4/10_6_4/ZHiggs0PMToGG_M125_TuneCP5_13TeV-JHUGenV7011-pythia8/UL2017_4-10_6_4-v0-RunIISummer19UL17MiniAOD-106X_mc2017_realistic_v6-v2/200720_162909/0000/myMicroAODOutputFile_11.root?tried=stor85.datagrid.cea.fr, mode: 0660, flags: kXR_open_read kXR_async kXR_retstat ). Trying to recover.
Begin processing the 2001st record. Run 1, Event 405904, LumiSection 4060 on stream 0 at 20-Dec-2022 11:34:53.883 CET
Begin processing the 3001st record. Run 1, Event 406905, LumiSection 4070 on stream 0 at 20-Dec-2022 11:36:53.720 CET
[2022-12-20 11:38:10.324198 +0100][Error  ][AsyncSock         ] [xrootd.ba.infn.it:1094 #0.0] Socket error while handshaking: [ERROR] Socket timeout
[2022-12-20 11:38:10.324348 +0100][Error  ][PostMaster        ] [xrootd.ba.infn.it:1094 #0] elapsed = 45, pConnectionWindow = 31 seconds.
[2022-12-20 11:38:55.577231 +0100][Error  ][AsyncSock         ] [xrootd.ba.infn.it:1094 #0.0] Socket error while handshaking: [ERROR] Socket timeout
[2022-12-20 11:38:55.577417 +0100][Error  ][PostMaster        ] [xrootd.ba.infn.it:1094 #0] elapsed = 45, pConnectionWindow = 31 seconds.
[2022-12-20 11:38:55.577431 +0100][Error  ][PostMaster        ] [xrootd.ba.infn.it:1094 #0] Unable to recover: [ERROR] Socket timeout.
[2022-12-20 11:38:55.577442 +0100][Error  ][XRootD            ] [xrootd.ba.infn.it:1094] Impossible to send message kXR_open (file: /store/user/alesauva/flashgg/UL2017_4/10_6_4/ZHiggs0PMToGG_M125_TuneCP5_13TeV-JHUGenV7011-pythia8/UL2017_4-10_6_4-v0-RunIISummer19UL17MiniAOD-106X_mc2017_realistic_v6-v2/200720_162909/0000/myMicroAODOutputFile_11.root?tried=stor85.datagrid.cea.fr, mode: 0660, flags: kXR_open_read kXR_async kXR_retstat ). Trying to recover.
Begin processing the 4001st record. Run 1, Event 11310, LumiSection 114 on stream 0 at 20-Dec-2022 11:38:57.332 CET
Begin processing the 5001st record. Run 1, Event 12312, LumiSection 124 on stream 0 at 20-Dec-2022 11:41:09.238 CET
[2022-12-20 11:42:50.887213 +0100][Error  ][AsyncSock         ] [xrootd.ba.infn.it:1094 #0.0] Socket error while handshaking: [ERROR] Socket timeout
[2022-12-20 11:42:50.887385 +0100][Error  ][PostMaster        ] [xrootd.ba.infn.it:1094 #0] elapsed = 45, pConnectionWindow = 31 seconds.
Begin processing the 6001st record. Run 1, Event 13502, LumiSection 136 on stream 0 at 20-Dec-2022 11:43:26.554 CET
[2022-12-20 11:43:35.149182 +0100][Error  ][AsyncSock         ] [xrootd.ba.infn.it:1094 #0.0] Socket error while handshaking: [ERROR] Socket timeout
[2022-12-20 11:43:35.149371 +0100][Error  ][PostMaster        ] [xrootd.ba.infn.it:1094 #0] elapsed = 45, pConnectionWindow = 31 seconds.
[2022-12-20 11:43:35.149383 +0100][Error  ][PostMaster        ] [xrootd.ba.infn.it:1094 #0] Unable to recover: [ERROR] Socket timeout.
[2022-12-20 11:43:35.149412 +0100][Error  ][XRootD            ] [xrootd.ba.infn.it:1094] Impossible to send message kXR_open (file: /store/user/alesauva/flashgg/UL2017_4/10_6_4/ZHiggs0PMToGG_M125_TuneCP5_13TeV-JHUGenV7011-pythia8/UL2017_4-10_6_4-v0-RunIISummer19UL17MiniAOD-106X_mc2017_realistic_v6-v2/200720_162909/0000/myMicroAODOutputFile_11.root?tried=stor85.datagrid.cea.fr, mode: 0660, flags: kXR_open_read kXR_async kXR_retstat ). Trying to recover.
Begin processing the 7001st record. Run 1, Event 111601, LumiSection 1117 on stream 0 at 20-Dec-2022 11:45:34.392 CET
[2022-12-20 11:47:29.291153 +0100][Error  ][AsyncSock         ] [xrootd.ba.infn.it:1094 #0.0] Socket error while handshaking: [ERROR] Socket timeout
[2022-12-20 11:47:29.291309 +0100][Error  ][PostMaster        ] [xrootd.ba.infn.it:1094 #0] elapsed = 46, pConnectionWindow = 31 seconds.
Begin processing the 8001st record. Run 1, Event 113103, LumiSection 1132 on stream 0 at 20-Dec-2022 11:47:34.630 CET
[2022-12-20 11:48:14.517734 +0100][Error  ][AsyncSock         ] [xrootd.ba.infn.it:1094 #0.0] Socket error while handshaking: [ERROR] Socket timeout
[2022-12-20 11:48:14.517914 +0100][Error  ][PostMaster        ] [xrootd.ba.infn.it:1094 #0] elapsed = 45, pConnectionWindow = 31 seconds.
[2022-12-20 11:48:14.517935 +0100][Error  ][PostMaster        ] [xrootd.ba.infn.it:1094 #0] Unable to recover: [ERROR] Socket timeout.
[2022-12-20 11:48:14.517945 +0100][Error  ][XRootD            ] [xrootd.ba.infn.it:1094] Impossible to send message kXR_open (file: /store/user/alesauva/flashgg/UL2017_4/10_6_4/ZHiggs0PMToGG_M125_TuneCP5_13TeV-JHUGenV7011-pythia8/UL2017_4-10_6_4-v0-RunIISummer19UL17MiniAOD-106X_mc2017_realistic_v6-v2/200720_162909/0000/myMicroAODOutputFile_11.root?tried=stor85.datagrid.cea.fr, mode: 0660, flags: kXR_open_read kXR_async kXR_retstat ). Trying to recover.
Begin processing the 9001st record. Run 1, Event 126210, LumiSection 1263 on stream 0 at 20-Dec-2022 11:49:41.261 CET
Begin processing the 10001st record. Run 1, Event 408312, LumiSection 4084 on stream 0 at 20-Dec-2022 11:51:44.760 CET
Begin processing the 11001st record. Run 1, Event 409404, LumiSection 4095 on stream 0 at 20-Dec-2022 11:53:46.915 CET
Begin processing the 12001st record. Run 1, Event 455607, LumiSection 4557 on stream 0 at 20-Dec-2022 11:55:52.796 CET
[2022-12-20 11:56:25.470657 +0100][Error  ][AsyncSock         ] [xrootd.ba.infn.it:1094 #0.0] Socket error while handshaking: [ERROR] Socket timeout
[2022-12-20 11:56:25.470781 +0100][Error  ][PostMaster        ] [xrootd.ba.infn.it:1094 #0] elapsed = 45, pConnectionWindow = 31 seconds.
[2022-12-20 11:57:10.720489 +0100][Error  ][AsyncSock         ] [xrootd.ba.infn.it:1094 #0.0] Socket error while handshaking: [ERROR] Socket timeout
[2022-12-20 11:57:10.720616 +0100][Error  ][PostMaster        ] [xrootd.ba.infn.it:1094 #0] elapsed = 45, pConnectionWindow = 31 seconds.
[2022-12-20 11:57:10.720627 +0100][Error  ][PostMaster        ] [xrootd.ba.infn.it:1094 #0] Unable to recover: [ERROR] Socket timeout.
[2022-12-20 11:57:10.720636 +0100][Error  ][XRootD            ] [xrootd.ba.infn.it:1094] Impossible to send message kXR_open (file: /store/user/alesauva/flashgg/UL2017_4/10_6_4/ZHiggs0PMToGG_M125_TuneCP5_13TeV-JHUGenV7011-pythia8/UL2017_4-10_6_4-v0-RunIISummer19UL17MiniAOD-106X_mc2017_realistic_v6-v2/200720_162909/0000/myMicroAODOutputFile_11.root?tried=stor85.datagrid.cea.fr, mode: 0660, flags: kXR_open_read kXR_async kXR_retstat ). Trying to recover.
Begin processing the 13001st record. Run 1, Event 456810, LumiSection 4569 on stream 0 at 20-Dec-2022 11:57:57.626 CET
Begin processing the 14001st record. Run 1, Event 457312, LumiSection 4574 on stream 0 at 20-Dec-2022 12:00:01.780 CET
[2022-12-20 12:00:55.658201 +0100][Error  ][AsyncSock         ] [xrootd.ba.infn.it:1094 #0.0] Socket error while handshaking: [ERROR] Socket timeout
[2022-12-20 12:00:55.658350 +0100][Error  ][PostMaster        ] [xrootd.ba.infn.it:1094 #0] elapsed = 45, pConnectionWindow = 31 seconds.
[2022-12-20 12:01:40.917703 +0100][Error  ][AsyncSock         ] [xrootd.ba.infn.it:1094 #0.0] Socket error while handshaking: [ERROR] Socket timeout
[2022-12-20 12:01:40.917834 +0100][Error  ][PostMaster        ] [xrootd.ba.infn.it:1094 #0] elapsed = 45, pConnectionWindow = 31 seconds.
[2022-12-20 12:01:40.917847 +0100][Error  ][PostMaster        ] [xrootd.ba.infn.it:1094 #0] Unable to recover: [ERROR] Socket timeout.
[2022-12-20 12:01:40.917857 +0100][Error  ][XRootD            ] [xrootd.ba.infn.it:1094] Impossible to send message kXR_open (file: /store/user/alesauva/flashgg/UL2017_4/10_6_4/ZHiggs0PMToGG_M125_TuneCP5_13TeV-JHUGenV7011-pythia8/UL2017_4-10_6_4-v0-RunIISummer19UL17MiniAOD-106X_mc2017_realistic_v6-v2/200720_162909/0000/myMicroAODOutputFile_11.root?tried=stor85.datagrid.cea.fr, mode: 0660, flags: kXR_open_read kXR_async kXR_retstat ). Trying to recover.
Begin processing the 15001st record. Run 1, Event 534612, LumiSection 5347 on stream 0 at 20-Dec-2022 12:01:59.351 CET
Begin processing the 16001st record. Run 1, Event 536013, LumiSection 5361 on stream 0 at 20-Dec-2022 12:03:57.036 CET
Begin processing the 17001st record. Run 1, Event 573712, LumiSection 5738 on stream 0 at 20-Dec-2022 12:05:58.751 CET
Begin processing the 18001st record. Run 1, Event 610809, LumiSection 6109 on stream 0 at 20-Dec-2022 12:07:59.005 CET
[2022-12-20 12:09:27.485259 +0100][Error  ][AsyncSock         ] [xrootd.ba.infn.it:1094 #0.0] Socket error while handshaking: [ERROR] Socket timeout
[2022-12-20 12:09:27.485380 +0100][Error  ][PostMaster        ] [xrootd.ba.infn.it:1094 #0] elapsed = 45, pConnectionWindow = 31 seconds.
Begin processing the 19001st record. Run 1, Event 685106, LumiSection 6852 on stream 0 at 20-Dec-2022 12:09:48.111 CET
[2022-12-20 12:10:12.739249 +0100][Error  ][AsyncSock         ] [xrootd.ba.infn.it:1094 #0.0] Socket error while handshaking: [ERROR] Socket timeout
[2022-12-20 12:10:12.739404 +0100][Error  ][PostMaster        ] [xrootd.ba.infn.it:1094 #0] elapsed = 45, pConnectionWindow = 31 seconds.
[2022-12-20 12:10:12.739418 +0100][Error  ][PostMaster        ] [xrootd.ba.infn.it:1094 #0] Unable to recover: [ERROR] Socket timeout.
[2022-12-20 12:10:12.739428 +0100][Error  ][XRootD            ] [xrootd.ba.infn.it:1094] Impossible to send message kXR_open (file: /store/user/alesauva/flashgg/UL2017_4/10_6_4/ZHiggs0PMToGG_M125_TuneCP5_13TeV-JHUGenV7011-pythia8/UL2017_4-10_6_4-v0-RunIISummer19UL17MiniAOD-106X_mc2017_realistic_v6-v2/200720_162909/0000/myMicroAODOutputFile_11.root?tried=stor85.datagrid.cea.fr, mode: 0660, flags: kXR_open_read kXR_async kXR_retstat ). Trying to recover.
Begin processing the 20001st record. Run 1, Event 736704, LumiSection 7368 on stream 0 at 20-Dec-2022 12:11:40.309 CET
Begin processing the 21001st record. Run 1, Event 310902, LumiSection 3110 on stream 0 at 20-Dec-2022 12:13:34.190 CET
Begin processing the 22001st record. Run 1, Event 312002, LumiSection 3121 on stream 0 at 20-Dec-2022 12:15:12.714 CET
Begin processing the 23001st record. Run 1, Event 564507, LumiSection 5646 on stream 0 at 20-Dec-2022 12:16:56.795 CET
Begin processing the 24001st record. Run 1, Event 666602, LumiSection 6667 on stream 0 at 20-Dec-2022 12:18:46.130 CET
[2022-12-20 12:19:07.401014 +0100][Error  ][AsyncSock         ] [xrootd.ba.infn.it:1094 #0.0] Socket error while handshaking: [ERROR] Socket timeout
[2022-12-20 12:19:07.401159 +0100][Error  ][PostMaster        ] [xrootd.ba.infn.it:1094 #0] elapsed = 45, pConnectionWindow = 31 seconds.
[2022-12-20 12:19:52.642169 +0100][Error  ][AsyncSock         ] [xrootd.ba.infn.it:1094 #0.0] Socket error while handshaking: [ERROR] Socket timeout
[2022-12-20 12:19:52.642257 +0100][Error  ][PostMaster        ] [xrootd.ba.infn.it:1094 #0] elapsed = 45, pConnectionWindow = 31 seconds.
[2022-12-20 12:19:52.642266 +0100][Error  ][PostMaster        ] [xrootd.ba.infn.it:1094 #0] Unable to recover: [ERROR] Socket timeout.
[2022-12-20 12:19:52.642274 +0100][Error  ][XRootD            ] [xrootd.ba.infn.it:1094] Impossible to send message kXR_open (file: /store/user/alesauva/flashgg/UL2017_4/10_6_4/ZHiggs0PMToGG_M125_TuneCP5_13TeV-JHUGenV7011-pythia8/UL2017_4-10_6_4-v0-RunIISummer19UL17MiniAOD-106X_mc2017_realistic_v6-v2/200720_162909/0000/myMicroAODOutputFile_11.root?tried=stor85.datagrid.cea.fr, mode: 0660, flags: kXR_open_read kXR_async kXR_retstat ). Trying to recover.
20-Dec-2022 12:20:33 CET  Closed file root://cms-xrd-global.cern.ch//store/user/alesauva/flashgg/UL2017_4/10_6_4/ZHiggs0PMToGG_M125_TuneCP5_13TeV-JHUGenV7011-pythia8/UL2017_4-10_6_4-v0-RunIISummer19UL17MiniAOD-106X_mc2017_realistic_v6-v2/200720_162909/0000/myMicroAODOutputFile_11.root

TrigReport ---------- Event  Summary ------------
TrigReport Events total = 25000 passed = 24880 failed = 120

TrigReport ---------- Path   Summary ------------
TrigReport  Trig Bit#   Executed     Passed     Failed      Error Name
TrigReport     1    0      25000      24880        120          0 p

TrigReport -------End-Path   Summary ------------
TrigReport  Trig Bit#   Executed     Passed     Failed      Error Name

TrigReport ---------- Modules in Path: p ------------
TrigReport  Trig Bit#    Visited     Passed     Failed      Error Name
TrigReport     1    0      25000      24880        120          0 flashggMetFilters
TrigReport     1    1      24880      24880          0          0 VHFilter
TrigReport     1    2      24880      24880          0          0 flashggDifferentialPhoIdInputsCorrection
TrigReport     1    3      24880      24880          0          0 flashggDiPhotonSystematics
TrigReport     1    4      24880      24880          0          0 flashggMetSystematics
TrigReport     1    5      24880      24880          0          0 flashggMuonSystematics
TrigReport     1    6      24880      24880          0          0 flashggElectronSystematics
TrigReport     1    7      24880      24880          0          0 flashggUnpackedJets
TrigReport     1    8      24880      24880          0          0 flashggJetSystematics0
TrigReport     1    9      24880      24880          0          0 flashggJetSystematics1
TrigReport     1   10      24880      24880          0          0 flashggJetSystematics2
TrigReport     1   11      24880      24880          0          0 flashggJetSystematics3
TrigReport     1   12      24880      24880          0          0 flashggJetSystematics4
TrigReport     1   13      24880      24880          0          0 flashggJetSystematics5
TrigReport     1   14      24880      24880          0          0 flashggJetSystematics6
TrigReport     1   15      24880      24880          0          0 flashggJetSystematics7
TrigReport     1   16      24880      24880          0          0 flashggJetSystematics8
TrigReport     1   17      24880      24880          0          0 flashggJetSystematics9
TrigReport     1   18      24880      24880          0          0 flashggJetSystematics10
TrigReport     1   19      24880      24880          0          0 flashggJetSystematics11
TrigReport     1   20      24880      24880          0          0 flashggPrefireDiPhotons
TrigReport     1   21      24880      24880          0          0 flashggPreselectedDiPhotons
TrigReport     1   22      24880      24880          0          0 flashggDiPhotonMVA
TrigReport     1   23      24880      24880          0          0 flashggVBFMVA
TrigReport     1   24      24880      24880          0          0 flashggVHhadMVA
TrigReport     1   25      24880      24880          0          0 flashggGluGluHMVA
TrigReport     1   26      24880      24880          0          0 flashggStageOneCombinedTag
TrigReport     1   27      24880      24880          0          0 flashggTHQLeptonicTag
TrigReport     1   28      24880      24880          0          0 flashggVHMetTag
TrigReport     1   29      24880      24880          0          0 flashggWHLeptonicTag
TrigReport     1   30      24880      24880          0          0 flashggZHLeptonicTag
TrigReport     1   31      24880      24880          0          0 flashggTTHLeptonicTag
TrigReport     1   32      24880      24880          0          0 flashggTTHHadronicTag
TrigReport     1   33      24880      24880          0          0 flashggTagSorter
TrigReport     1   34      24880      24880          0          0 flashggSystTagMerger
TrigReport     1   35      24880      24880          0          0 tagsDumper

TrigReport ---------- Module Summary ------------
TrigReport    Visited   Executed     Passed     Failed      Error Name
TrigReport      25000      25000      25000          0          0 TriggerResults
TrigReport      24880      24880      24880          0          0 VHFilter
TrigReport      24880      24880      24880          0          0 ak4PFCHSL1FastL2L3Corrector
TrigReport      24880      24880      24880          0          0 ak4PFCHSL1FastjetCorrector
TrigReport      24880      24880      24880          0          0 ak4PFCHSL2RelativeCorrector
TrigReport      24880      24880      24880          0          0 ak4PFCHSL3AbsoluteCorrector
TrigReport      24880      24880      24880          0          0 flashggDiPhotonMVA
TrigReport      24880      24880      24880          0          0 flashggDiPhotonSystematics
TrigReport      24880      24880      24880          0          0 flashggDifferentialPhoIdInputsCorrection
TrigReport      24880      24880      24880          0          0 flashggElectronSystematics
TrigReport      24880      24880      24880          0          0 flashggGluGluHMVA
TrigReport      24880      24880      24880          0          0 flashggJetSystematics0
TrigReport      24880      24880      24880          0          0 flashggJetSystematics1
TrigReport      24880      24880      24880          0          0 flashggJetSystematics10
TrigReport      24880      24880      24880          0          0 flashggJetSystematics11
TrigReport      24880      24880      24880          0          0 flashggJetSystematics2
TrigReport      24880      24880      24880          0          0 flashggJetSystematics3
TrigReport      24880      24880      24880          0          0 flashggJetSystematics4
TrigReport      24880      24880      24880          0          0 flashggJetSystematics5
TrigReport      24880      24880      24880          0          0 flashggJetSystematics6
TrigReport      24880      24880      24880          0          0 flashggJetSystematics7
TrigReport      24880      24880      24880          0          0 flashggJetSystematics8
TrigReport      24880      24880      24880          0          0 flashggJetSystematics9
TrigReport      25000      25000      24880        120          0 flashggMetFilters
TrigReport      24880      24880      24880          0          0 flashggMetSystematics
TrigReport      24880      24880      24880          0          0 flashggMuonSystematics
TrigReport      24880      24880      24880          0          0 flashggPrefireDiPhotons
TrigReport      24880      24880      24880          0          0 flashggPreselectedDiPhotons
TrigReport      24880      24880      24880          0          0 flashggStageOneCombinedTag
TrigReport      24880      24880      24880          0          0 flashggSystTagMerger
TrigReport      24880      24880      24880          0          0 flashggTHQLeptonicTag
TrigReport      24880      24880      24880          0          0 flashggTTHHadronicTag
TrigReport      24880      24880      24880          0          0 flashggTTHLeptonicTag
TrigReport      24880      24880      24880          0          0 flashggTagSorter
TrigReport      24880      24880      24880          0          0 flashggUnpackedJets
TrigReport      24880      24880      24880          0          0 flashggVBFMVA
TrigReport      24880      24880      24880          0          0 flashggVHMetTag
TrigReport      24880      24880      24880          0          0 flashggVHhadMVA
TrigReport      24880      24880      24880          0          0 flashggWHLeptonicTag
TrigReport      24880      24880      24880          0          0 flashggZHLeptonicTag
TrigReport      25000      25000      25000          0          0 p
TrigReport      24880      24880      24880          0          0 tagsDumper

TimeReport ---------- Event  Summary ---[sec]----
TimeReport       event loop CPU/event = 0.125392
TimeReport      event loop Real/event = 0.126460
TimeReport     sum Streams Real/event = 0.122785
TimeReport efficiency CPU/Real/thread = 0.991553

TimeReport ---------- Path   Summary ---[Real sec]----
TimeReport  per event     per exec  Name
TimeReport   0.122302     0.122302  p
TimeReport  per event     per exec  Name

TimeReport -------End-Path   Summary ---[Real sec]----
TimeReport  per event     per exec  Name
TimeReport  per event     per exec  Name

TimeReport ---------- Modules in Path: p ---[Real sec]----
TimeReport  per event    per visit  Name
TimeReport   0.000015     0.000015  flashggMetFilters
TimeReport   0.000005     0.000005  VHFilter
TimeReport   0.066822     0.067144  flashggDifferentialPhoIdInputsCorrection
TimeReport   0.039956     0.040149  flashggDiPhotonSystematics
TimeReport   0.000178     0.000178  flashggMetSystematics
TimeReport   0.000023     0.000023  flashggMuonSystematics
TimeReport   0.000037     0.000037  flashggElectronSystematics
TimeReport   0.000221     0.000222  flashggUnpackedJets
TimeReport   0.003959     0.003978  flashggJetSystematics0
TimeReport   0.000596     0.000599  flashggJetSystematics1
TimeReport   0.000529     0.000532  flashggJetSystematics2
TimeReport   0.000512     0.000514  flashggJetSystematics3
TimeReport   0.000500     0.000502  flashggJetSystematics4
TimeReport   0.000494     0.000497  flashggJetSystematics5
TimeReport   0.000491     0.000494  flashggJetSystematics6
TimeReport   0.000490     0.000492  flashggJetSystematics7
TimeReport   0.000485     0.000487  flashggJetSystematics8
TimeReport   0.000487     0.000489  flashggJetSystematics9
TimeReport   0.000485     0.000487  flashggJetSystematics10
TimeReport   0.000481     0.000483  flashggJetSystematics11
TimeReport   0.000270     0.000271  flashggPrefireDiPhotons
TimeReport   0.000107     0.000107  flashggPreselectedDiPhotons
TimeReport   0.000030     0.000030  flashggDiPhotonMVA
TimeReport   0.000027     0.000027  flashggVBFMVA
TimeReport   0.000016     0.000016  flashggVHhadMVA
TimeReport   0.000046     0.000046  flashggGluGluHMVA
TimeReport   0.000029     0.000029  flashggStageOneCombinedTag
TimeReport   0.000663     0.000666  flashggTHQLeptonicTag
TimeReport   0.000295     0.000297  flashggVHMetTag
TimeReport   0.000024     0.000024  flashggWHLeptonicTag
TimeReport   0.000019     0.000019  flashggZHLeptonicTag
TimeReport   0.000062     0.000063  flashggTTHLeptonicTag
TimeReport   0.001178     0.001184  flashggTTHHadronicTag
TimeReport   0.000083     0.000084  flashggTagSorter
TimeReport   0.000004     0.000004  flashggSystTagMerger
TimeReport   0.000298     0.000299  tagsDumper
TimeReport  per event    per visit  Name

TimeReport ---------- Module Summary ---[Real sec]----
TimeReport  per event     per exec    per visit  Name
TimeReport   0.000003     0.000003     0.000003  TriggerResults
TimeReport   0.000005     0.000005     0.000005  VHFilter
TimeReport   0.000004     0.000004     0.000004  ak4PFCHSL1FastL2L3Corrector
TimeReport   0.000004     0.000004     0.000004  ak4PFCHSL1FastjetCorrector
TimeReport   0.000002     0.000002     0.000002  ak4PFCHSL2RelativeCorrector
TimeReport   0.000013     0.000014     0.000014  ak4PFCHSL3AbsoluteCorrector
TimeReport   0.000030     0.000030     0.000030  flashggDiPhotonMVA
TimeReport   0.039956     0.040149     0.040149  flashggDiPhotonSystematics
TimeReport   0.066822     0.067144     0.067144  flashggDifferentialPhoIdInputsCorrection
TimeReport   0.000037     0.000037     0.000037  flashggElectronSystematics
TimeReport   0.000046     0.000046     0.000046  flashggGluGluHMVA
TimeReport   0.003959     0.003978     0.003978  flashggJetSystematics0
TimeReport   0.000596     0.000599     0.000599  flashggJetSystematics1
TimeReport   0.000485     0.000487     0.000487  flashggJetSystematics10
TimeReport   0.000481     0.000483     0.000483  flashggJetSystematics11
TimeReport   0.000529     0.000532     0.000532  flashggJetSystematics2
TimeReport   0.000512     0.000514     0.000514  flashggJetSystematics3
TimeReport   0.000500     0.000502     0.000502  flashggJetSystematics4
TimeReport   0.000494     0.000497     0.000497  flashggJetSystematics5
TimeReport   0.000491     0.000494     0.000494  flashggJetSystematics6
TimeReport   0.000490     0.000492     0.000492  flashggJetSystematics7
TimeReport   0.000485     0.000487     0.000487  flashggJetSystematics8
TimeReport   0.000487     0.000489     0.000489  flashggJetSystematics9
TimeReport   0.000015     0.000015     0.000015  flashggMetFilters
TimeReport   0.000178     0.000178     0.000178  flashggMetSystematics
TimeReport   0.000023     0.000023     0.000023  flashggMuonSystematics
TimeReport   0.000270     0.000271     0.000271  flashggPrefireDiPhotons
TimeReport   0.000107     0.000107     0.000107  flashggPreselectedDiPhotons
TimeReport   0.000029     0.000029     0.000029  flashggStageOneCombinedTag
TimeReport   0.000004     0.000004     0.000004  flashggSystTagMerger
TimeReport   0.000663     0.000666     0.000666  flashggTHQLeptonicTag
TimeReport   0.001178     0.001184     0.001184  flashggTTHHadronicTag
TimeReport   0.000062     0.000063     0.000063  flashggTTHLeptonicTag
TimeReport   0.000083     0.000084     0.000084  flashggTagSorter
TimeReport   0.000221     0.000222     0.000222  flashggUnpackedJets
TimeReport   0.000027     0.000027     0.000027  flashggVBFMVA
TimeReport   0.000295     0.000297     0.000297  flashggVHMetTag
TimeReport   0.000016     0.000016     0.000016  flashggVHhadMVA
TimeReport   0.000024     0.000024     0.000024  flashggWHLeptonicTag
TimeReport   0.000019     0.000019     0.000019  flashggZHLeptonicTag
TimeReport   0.000003     0.000003     0.000003  p
TimeReport   0.000298     0.000299     0.000299  tagsDumper
TimeReport  per event     per exec    per visit  Name

T---Report end!


=============================================

MessageLogger Summary

 type     category        sev    module        subroutine        count    total
 ---- -------------------- -- ---------------- ----------------  -----    -----
    1 XrdAdaptor           -w file_open                              1        1
    2 fileAction           -s file_close                             1        1
    3 fileAction           -s file_open                              2        2

 type    category    Examples: run/evt        run/evt          run/evt
 ---- -------------------- ---------------- ---------------- ----------------
    1 XrdAdaptor           pre-events                        
    2 fileAction           PostGlobalEndRun                  
    3 fileAction           pre-events       pre-events       

Severity    # Occurrences   Total Occurrences
--------    -------------   -----------------
Warning                 1                   1
System                  3                   3

dropped waiting message count 0
