mkdir: cannot create directory '/afs/cern.ch/user/x/xisu/private/local/Analysis_workspace/VH_AC_tmp1/flashgg_d2/CMSSW_10_6_29/src/flashgg/VHAC_Analysis_Met/UL_17/UL_17_zh125': File exists
/cvmfs/cms.cern.ch/slc7_amd64_gcc700/external/py2-requests/2.21.0-pafccj2/lib/python2.7/site-packages/requests/__init__.py:91: RequestsDependencyWarning: urllib3 (1.25.2) or chardet (3.0.4) doesn't match a supported version!
  RequestsDependencyWarning)
20-Dec-2022 11:19:06 CET  Initiating request to open file root://cms-xrd-global.cern.ch//store/user/alesauva/flashgg/UL2017_4/10_6_4/ZHiggs0PMToGG_M125_TuneCP5_13TeV-JHUGenV7011-pythia8/UL2017_4-10_6_4-v0-RunIISummer19UL17MiniAOD-106X_mc2017_realistic_v6-v2/200720_162909/0000/myMicroAODOutputFile_7.root
%MSG-w XrdAdaptor:  file_open 20-Dec-2022 11:19:09 CET pre-events
Data is served from GRIF-IRFU instead of original site CERN-CMSGLOBAL-02
%MSG
20-Dec-2022 11:19:14 CET  Successfully opened file root://cms-xrd-global.cern.ch//store/user/alesauva/flashgg/UL2017_4/10_6_4/ZHiggs0PMToGG_M125_TuneCP5_13TeV-JHUGenV7011-pythia8/UL2017_4-10_6_4-v0-RunIISummer19UL17MiniAOD-106X_mc2017_realistic_v6-v2/200720_162909/0000/myMicroAODOutputFile_7.root
[2022-12-20 11:19:59.795338 +0100][Error  ][AsyncSock         ] [xrootd.ba.infn.it:1094 #0.0] Socket error while handshaking: [ERROR] Socket timeout
[2022-12-20 11:19:59.795633 +0100][Error  ][PostMaster        ] [xrootd.ba.infn.it:1094 #0] elapsed = 45, pConnectionWindow = 31 seconds.
[2022-12-20 11:20:44.075207 +0100][Error  ][AsyncSock         ] [xrootd.ba.infn.it:1094 #0.0] Socket error while handshaking: [ERROR] Socket timeout
[2022-12-20 11:20:44.075355 +0100][Error  ][PostMaster        ] [xrootd.ba.infn.it:1094 #0] elapsed = 45, pConnectionWindow = 31 seconds.
[2022-12-20 11:20:44.075383 +0100][Error  ][PostMaster        ] [xrootd.ba.infn.it:1094 #0] Unable to recover: [ERROR] Socket timeout.
[2022-12-20 11:20:44.075402 +0100][Error  ][XRootD            ] [xrootd.ba.infn.it:1094] Impossible to send message kXR_open (file: /store/user/alesauva/flashgg/UL2017_4/10_6_4/ZHiggs0PMToGG_M125_TuneCP5_13TeV-JHUGenV7011-pythia8/UL2017_4-10_6_4-v0-RunIISummer19UL17MiniAOD-106X_mc2017_realistic_v6-v2/200720_162909/0000/myMicroAODOutputFile_7.root?tried=stor78.datagrid.cea.fr, mode: 0660, flags: kXR_open_read kXR_async kXR_retstat ). Trying to recover.
[2022-12-20 11:21:35.387549 +0100][Error  ][AsyncSock         ] [xrootd-cms.infn.it:1094 #0.0] Socket error while handshaking: [ERROR] Socket timeout
[2022-12-20 11:21:35.387718 +0100][Error  ][PostMaster        ] [xrootd-cms.infn.it:1094 #0] elapsed = 45, pConnectionWindow = 31 seconds.
2022-12-20 11:35:30.741147: I tensorflow/core/platform/cpu_feature_guard.cc:140] Your CPU supports instructions that this TensorFlow binary was not compiled to use: SSE4.1 SSE4.2 AVX AVX2 FMA
Begin processing the 1st record. Run 1, Event 68504, LumiSection 686 on stream 0 at 20-Dec-2022 11:36:35.575 CET
[2022-12-20 11:37:17.785191 +0100][Error  ][AsyncSock         ] [xrootd.ba.infn.it:1094 #0.0] Socket error while handshaking: [ERROR] Socket timeout
[2022-12-20 11:37:17.785345 +0100][Error  ][PostMaster        ] [xrootd.ba.infn.it:1094 #0] elapsed = 45, pConnectionWindow = 31 seconds.
[2022-12-20 11:38:02.056262 +0100][Error  ][AsyncSock         ] [xrootd.ba.infn.it:1094 #0.0] Socket error while handshaking: [ERROR] Socket timeout
[2022-12-20 11:38:02.056427 +0100][Error  ][PostMaster        ] [xrootd.ba.infn.it:1094 #0] elapsed = 45, pConnectionWindow = 31 seconds.
[2022-12-20 11:38:02.056440 +0100][Error  ][PostMaster        ] [xrootd.ba.infn.it:1094 #0] Unable to recover: [ERROR] Socket timeout.
[2022-12-20 11:38:02.056466 +0100][Error  ][XRootD            ] [xrootd.ba.infn.it:1094] Impossible to send message kXR_open (file: /store/user/alesauva/flashgg/UL2017_4/10_6_4/ZHiggs0PMToGG_M125_TuneCP5_13TeV-JHUGenV7011-pythia8/UL2017_4-10_6_4-v0-RunIISummer19UL17MiniAOD-106X_mc2017_realistic_v6-v2/200720_162909/0000/myMicroAODOutputFile_7.root?tried=stor78.datagrid.cea.fr, mode: 0660, flags: kXR_open_read kXR_async kXR_retstat ). Trying to recover.
Begin processing the 1001st record. Run 1, Event 69505, LumiSection 696 on stream 0 at 20-Dec-2022 11:41:39.424 CET
[2022-12-20 11:42:37.793210 +0100][Error  ][AsyncSock         ] [xrootd.ba.infn.it:1094 #0.0] Socket error while handshaking: [ERROR] Socket timeout
[2022-12-20 11:42:37.793379 +0100][Error  ][PostMaster        ] [xrootd.ba.infn.it:1094 #0] elapsed = 45, pConnectionWindow = 31 seconds.
[2022-12-20 11:43:23.057209 +0100][Error  ][AsyncSock         ] [xrootd.ba.infn.it:1094 #0.0] Socket error while handshaking: [ERROR] Socket timeout
[2022-12-20 11:43:23.057388 +0100][Error  ][PostMaster        ] [xrootd.ba.infn.it:1094 #0] elapsed = 46, pConnectionWindow = 31 seconds.
[2022-12-20 11:43:23.057403 +0100][Error  ][PostMaster        ] [xrootd.ba.infn.it:1094 #0] Unable to recover: [ERROR] Socket timeout.
[2022-12-20 11:43:23.057414 +0100][Error  ][XRootD            ] [xrootd.ba.infn.it:1094] Impossible to send message kXR_open (file: /store/user/alesauva/flashgg/UL2017_4/10_6_4/ZHiggs0PMToGG_M125_TuneCP5_13TeV-JHUGenV7011-pythia8/UL2017_4-10_6_4-v0-RunIISummer19UL17MiniAOD-106X_mc2017_realistic_v6-v2/200720_162909/0000/myMicroAODOutputFile_7.root?tried=stor78.datagrid.cea.fr, mode: 0660, flags: kXR_open_read kXR_async kXR_retstat ). Trying to recover.
Begin processing the 2001st record. Run 1, Event 70504, LumiSection 706 on stream 0 at 20-Dec-2022 11:43:58.543 CET
Begin processing the 3001st record. Run 1, Event 95203, LumiSection 953 on stream 0 at 20-Dec-2022 11:46:13.239 CET
[2022-12-20 11:47:39.664184 +0100][Error  ][AsyncSock         ] [xrootd.ba.infn.it:1094 #0.0] Socket error while handshaking: [ERROR] Socket timeout
[2022-12-20 11:47:39.664357 +0100][Error  ][PostMaster        ] [xrootd.ba.infn.it:1094 #0] elapsed = 45, pConnectionWindow = 31 seconds.
[2022-12-20 11:48:24.927178 +0100][Error  ][AsyncSock         ] [xrootd.ba.infn.it:1094 #0.0] Socket error while handshaking: [ERROR] Socket timeout
[2022-12-20 11:48:24.927321 +0100][Error  ][PostMaster        ] [xrootd.ba.infn.it:1094 #0] elapsed = 45, pConnectionWindow = 31 seconds.
[2022-12-20 11:48:24.927333 +0100][Error  ][PostMaster        ] [xrootd.ba.infn.it:1094 #0] Unable to recover: [ERROR] Socket timeout.
[2022-12-20 11:48:24.927366 +0100][Error  ][XRootD            ] [xrootd.ba.infn.it:1094] Impossible to send message kXR_open (file: /store/user/alesauva/flashgg/UL2017_4/10_6_4/ZHiggs0PMToGG_M125_TuneCP5_13TeV-JHUGenV7011-pythia8/UL2017_4-10_6_4-v0-RunIISummer19UL17MiniAOD-106X_mc2017_realistic_v6-v2/200720_162909/0000/myMicroAODOutputFile_7.root?tried=stor78.datagrid.cea.fr, mode: 0660, flags: kXR_open_read kXR_async kXR_retstat ). Trying to recover.
Begin processing the 4001st record. Run 1, Event 105908, LumiSection 1060 on stream 0 at 20-Dec-2022 11:48:28.419 CET
Begin processing the 5001st record. Run 1, Event 703701, LumiSection 7038 on stream 0 at 20-Dec-2022 11:50:40.041 CET
[2022-12-20 11:52:32.932213 +0100][Error  ][AsyncSock         ] [xrootd.ba.infn.it:1094 #0.0] Socket error while handshaking: [ERROR] Socket timeout
[2022-12-20 11:52:32.932412 +0100][Error  ][PostMaster        ] [xrootd.ba.infn.it:1094 #0] elapsed = 45, pConnectionWindow = 31 seconds.
Begin processing the 6001st record. Run 1, Event 106102, LumiSection 1062 on stream 0 at 20-Dec-2022 11:53:03.710 CET
[2022-12-20 11:53:17.204207 +0100][Error  ][AsyncSock         ] [xrootd.ba.infn.it:1094 #0.0] Socket error while handshaking: [ERROR] Socket timeout
[2022-12-20 11:53:17.204328 +0100][Error  ][PostMaster        ] [xrootd.ba.infn.it:1094 #0] elapsed = 45, pConnectionWindow = 31 seconds.
[2022-12-20 11:53:17.204342 +0100][Error  ][PostMaster        ] [xrootd.ba.infn.it:1094 #0] Unable to recover: [ERROR] Socket timeout.
[2022-12-20 11:53:17.204355 +0100][Error  ][XRootD            ] [xrootd.ba.infn.it:1094] Impossible to send message kXR_open (file: /store/user/alesauva/flashgg/UL2017_4/10_6_4/ZHiggs0PMToGG_M125_TuneCP5_13TeV-JHUGenV7011-pythia8/UL2017_4-10_6_4-v0-RunIISummer19UL17MiniAOD-106X_mc2017_realistic_v6-v2/200720_162909/0000/myMicroAODOutputFile_7.root?tried=stor78.datagrid.cea.fr, mode: 0660, flags: kXR_open_read kXR_async kXR_retstat ). Trying to recover.
Begin processing the 7001st record. Run 1, Event 107104, LumiSection 1072 on stream 0 at 20-Dec-2022 11:55:16.711 CET
[2022-12-20 11:57:24.105280 +0100][Error  ][AsyncSock         ] [xrootd.ba.infn.it:1094 #0.0] Socket error while handshaking: [ERROR] Socket timeout
[2022-12-20 11:57:24.105497 +0100][Error  ][PostMaster        ] [xrootd.ba.infn.it:1094 #0] elapsed = 46, pConnectionWindow = 31 seconds.
Begin processing the 8001st record. Run 1, Event 108103, LumiSection 1082 on stream 0 at 20-Dec-2022 11:57:29.001 CET
[2022-12-20 11:58:09.370220 +0100][Error  ][AsyncSock         ] [xrootd.ba.infn.it:1094 #0.0] Socket error while handshaking: [ERROR] Socket timeout
[2022-12-20 11:58:09.370351 +0100][Error  ][PostMaster        ] [xrootd.ba.infn.it:1094 #0] elapsed = 45, pConnectionWindow = 31 seconds.
[2022-12-20 11:58:09.370367 +0100][Error  ][PostMaster        ] [xrootd.ba.infn.it:1094 #0] Unable to recover: [ERROR] Socket timeout.
[2022-12-20 11:58:09.370378 +0100][Error  ][XRootD            ] [xrootd.ba.infn.it:1094] Impossible to send message kXR_open (file: /store/user/alesauva/flashgg/UL2017_4/10_6_4/ZHiggs0PMToGG_M125_TuneCP5_13TeV-JHUGenV7011-pythia8/UL2017_4-10_6_4-v0-RunIISummer19UL17MiniAOD-106X_mc2017_realistic_v6-v2/200720_162909/0000/myMicroAODOutputFile_7.root?tried=stor78.datagrid.cea.fr, mode: 0660, flags: kXR_open_read kXR_async kXR_retstat ). Trying to recover.
Begin processing the 9001st record. Run 1, Event 301303, LumiSection 3014 on stream 0 at 20-Dec-2022 11:59:35.312 CET
Begin processing the 10001st record. Run 1, Event 302304, LumiSection 3024 on stream 0 at 20-Dec-2022 12:01:54.301 CET
[2022-12-20 12:02:16.015214 +0100][Error  ][AsyncSock         ] [xrootd.ba.infn.it:1094 #0.0] Socket error while handshaking: [ERROR] Socket timeout
[2022-12-20 12:02:16.015399 +0100][Error  ][PostMaster        ] [xrootd.ba.infn.it:1094 #0] elapsed = 46, pConnectionWindow = 31 seconds.
[2022-12-20 12:03:01.279282 +0100][Error  ][AsyncSock         ] [xrootd.ba.infn.it:1094 #0.0] Socket error while handshaking: [ERROR] Socket timeout
[2022-12-20 12:03:01.279460 +0100][Error  ][PostMaster        ] [xrootd.ba.infn.it:1094 #0] elapsed = 45, pConnectionWindow = 31 seconds.
[2022-12-20 12:03:01.279476 +0100][Error  ][PostMaster        ] [xrootd.ba.infn.it:1094 #0] Unable to recover: [ERROR] Socket timeout.
[2022-12-20 12:03:01.279487 +0100][Error  ][XRootD            ] [xrootd.ba.infn.it:1094] Impossible to send message kXR_open (file: /store/user/alesauva/flashgg/UL2017_4/10_6_4/ZHiggs0PMToGG_M125_TuneCP5_13TeV-JHUGenV7011-pythia8/UL2017_4-10_6_4-v0-RunIISummer19UL17MiniAOD-106X_mc2017_realistic_v6-v2/200720_162909/0000/myMicroAODOutputFile_7.root?tried=stor78.datagrid.cea.fr, mode: 0660, flags: kXR_open_read kXR_async kXR_retstat ). Trying to recover.
Begin processing the 11001st record. Run 1, Event 308701, LumiSection 3088 on stream 0 at 20-Dec-2022 12:03:57.569 CET
Begin processing the 12001st record. Run 1, Event 309706, LumiSection 3098 on stream 0 at 20-Dec-2022 12:06:19.382 CET
[2022-12-20 12:07:08.653224 +0100][Error  ][AsyncSock         ] [xrootd.ba.infn.it:1094 #0.0] Socket error while handshaking: [ERROR] Socket timeout
[2022-12-20 12:07:08.653392 +0100][Error  ][PostMaster        ] [xrootd.ba.infn.it:1094 #0] elapsed = 45, pConnectionWindow = 31 seconds.
[2022-12-20 12:07:53.913185 +0100][Error  ][AsyncSock         ] [xrootd.ba.infn.it:1094 #0.0] Socket error while handshaking: [ERROR] Socket timeout
[2022-12-20 12:07:53.913336 +0100][Error  ][PostMaster        ] [xrootd.ba.infn.it:1094 #0] elapsed = 45, pConnectionWindow = 31 seconds.
[2022-12-20 12:07:53.913349 +0100][Error  ][PostMaster        ] [xrootd.ba.infn.it:1094 #0] Unable to recover: [ERROR] Socket timeout.
[2022-12-20 12:07:53.913360 +0100][Error  ][XRootD            ] [xrootd.ba.infn.it:1094] Impossible to send message kXR_open (file: /store/user/alesauva/flashgg/UL2017_4/10_6_4/ZHiggs0PMToGG_M125_TuneCP5_13TeV-JHUGenV7011-pythia8/UL2017_4-10_6_4-v0-RunIISummer19UL17MiniAOD-106X_mc2017_realistic_v6-v2/200720_162909/0000/myMicroAODOutputFile_7.root?tried=stor78.datagrid.cea.fr, mode: 0660, flags: kXR_open_read kXR_async kXR_retstat ). Trying to recover.
Begin processing the 13001st record. Run 1, Event 465901, LumiSection 4660 on stream 0 at 20-Dec-2022 12:08:25.464 CET
Begin processing the 14001st record. Run 1, Event 466903, LumiSection 4670 on stream 0 at 20-Dec-2022 12:10:28.102 CET
Begin processing the 15001st record. Run 1, Event 467902, LumiSection 4680 on stream 0 at 20-Dec-2022 12:12:23.563 CET
Begin processing the 16001st record. Run 1, Event 503801, LumiSection 5039 on stream 0 at 20-Dec-2022 12:14:18.240 CET
[2022-12-20 12:15:48.691214 +0100][Error  ][AsyncSock         ] [xrootd.ba.infn.it:1094 #0.0] Socket error while handshaking: [ERROR] Socket timeout
[2022-12-20 12:15:48.691401 +0100][Error  ][PostMaster        ] [xrootd.ba.infn.it:1094 #0] elapsed = 45, pConnectionWindow = 31 seconds.
Begin processing the 17001st record. Run 1, Event 518708, LumiSection 5188 on stream 0 at 20-Dec-2022 12:16:14.234 CET
[2022-12-20 12:16:33.154288 +0100][Error  ][AsyncSock         ] [xrootd.ba.infn.it:1094 #0.0] Socket error while handshaking: [ERROR] Socket timeout
[2022-12-20 12:16:33.154527 +0100][Error  ][PostMaster        ] [xrootd.ba.infn.it:1094 #0] elapsed = 45, pConnectionWindow = 31 seconds.
[2022-12-20 12:16:33.154553 +0100][Error  ][PostMaster        ] [xrootd.ba.infn.it:1094 #0] Unable to recover: [ERROR] Socket timeout.
[2022-12-20 12:16:33.154566 +0100][Error  ][XRootD            ] [xrootd.ba.infn.it:1094] Impossible to send message kXR_open (file: /store/user/alesauva/flashgg/UL2017_4/10_6_4/ZHiggs0PMToGG_M125_TuneCP5_13TeV-JHUGenV7011-pythia8/UL2017_4-10_6_4-v0-RunIISummer19UL17MiniAOD-106X_mc2017_realistic_v6-v2/200720_162909/0000/myMicroAODOutputFile_7.root?tried=stor78.datagrid.cea.fr, mode: 0660, flags: kXR_open_read kXR_async kXR_retstat ). Trying to recover.
Begin processing the 18001st record. Run 1, Event 519703, LumiSection 5198 on stream 0 at 20-Dec-2022 12:18:20.134 CET
Begin processing the 19001st record. Run 1, Event 520705, LumiSection 5208 on stream 0 at 20-Dec-2022 12:20:30.795 CET
Begin processing the 20001st record. Run 1, Event 524306, LumiSection 5244 on stream 0 at 20-Dec-2022 12:22:38.531 CET
Begin processing the 21001st record. Run 1, Event 525301, LumiSection 5254 on stream 0 at 20-Dec-2022 12:24:49.514 CET
[2022-12-20 12:25:03.687213 +0100][Error  ][AsyncSock         ] [xrootd.ba.infn.it:1094 #0.0] Socket error while handshaking: [ERROR] Socket timeout
[2022-12-20 12:25:03.687378 +0100][Error  ][PostMaster        ] [xrootd.ba.infn.it:1094 #0] elapsed = 45, pConnectionWindow = 31 seconds.
[2022-12-20 12:25:49.112225 +0100][Error  ][AsyncSock         ] [xrootd.ba.infn.it:1094 #0.0] Socket error while handshaking: [ERROR] Socket timeout
[2022-12-20 12:25:49.112401 +0100][Error  ][PostMaster        ] [xrootd.ba.infn.it:1094 #0] elapsed = 46, pConnectionWindow = 31 seconds.
[2022-12-20 12:25:49.112415 +0100][Error  ][PostMaster        ] [xrootd.ba.infn.it:1094 #0] Unable to recover: [ERROR] Socket timeout.
[2022-12-20 12:25:49.112425 +0100][Error  ][XRootD            ] [xrootd.ba.infn.it:1094] Impossible to send message kXR_open (file: /store/user/alesauva/flashgg/UL2017_4/10_6_4/ZHiggs0PMToGG_M125_TuneCP5_13TeV-JHUGenV7011-pythia8/UL2017_4-10_6_4-v0-RunIISummer19UL17MiniAOD-106X_mc2017_realistic_v6-v2/200720_162909/0000/myMicroAODOutputFile_7.root?tried=stor78.datagrid.cea.fr, mode: 0660, flags: kXR_open_read kXR_async kXR_retstat ). Trying to recover.
Begin processing the 22001st record. Run 1, Event 526305, LumiSection 5264 on stream 0 at 20-Dec-2022 12:26:59.643 CET
Begin processing the 23001st record. Run 1, Event 680303, LumiSection 6804 on stream 0 at 20-Dec-2022 12:29:09.598 CET
[2022-12-20 12:29:45.237221 +0100][Error  ][AsyncSock         ] [xrootd.ba.infn.it:1094 #0.0] Socket error while handshaking: [ERROR] Socket timeout
[2022-12-20 12:29:45.237439 +0100][Error  ][PostMaster        ] [xrootd.ba.infn.it:1094 #0] elapsed = 45, pConnectionWindow = 31 seconds.
[2022-12-20 12:30:30.506220 +0100][Error  ][AsyncSock         ] [xrootd.ba.infn.it:1094 #0.0] Socket error while handshaking: [ERROR] Socket timeout
[2022-12-20 12:30:30.506363 +0100][Error  ][PostMaster        ] [xrootd.ba.infn.it:1094 #0] elapsed = 45, pConnectionWindow = 31 seconds.
[2022-12-20 12:30:30.506414 +0100][Error  ][PostMaster        ] [xrootd.ba.infn.it:1094 #0] Unable to recover: [ERROR] Socket timeout.
[2022-12-20 12:30:30.506425 +0100][Error  ][XRootD            ] [xrootd.ba.infn.it:1094] Impossible to send message kXR_open (file: /store/user/alesauva/flashgg/UL2017_4/10_6_4/ZHiggs0PMToGG_M125_TuneCP5_13TeV-JHUGenV7011-pythia8/UL2017_4-10_6_4-v0-RunIISummer19UL17MiniAOD-106X_mc2017_realistic_v6-v2/200720_162909/0000/myMicroAODOutputFile_7.root?tried=stor78.datagrid.cea.fr, mode: 0660, flags: kXR_open_read kXR_async kXR_retstat ). Trying to recover.
Begin processing the 24001st record. Run 1, Event 681301, LumiSection 6814 on stream 0 at 20-Dec-2022 12:31:10.703 CET
20-Dec-2022 12:33:13 CET  Closed file root://cms-xrd-global.cern.ch//store/user/alesauva/flashgg/UL2017_4/10_6_4/ZHiggs0PMToGG_M125_TuneCP5_13TeV-JHUGenV7011-pythia8/UL2017_4-10_6_4-v0-RunIISummer19UL17MiniAOD-106X_mc2017_realistic_v6-v2/200720_162909/0000/myMicroAODOutputFile_7.root

TrigReport ---------- Event  Summary ------------
TrigReport Events total = 25000 passed = 24884 failed = 116

TrigReport ---------- Path   Summary ------------
TrigReport  Trig Bit#   Executed     Passed     Failed      Error Name
TrigReport     1    0      25000      24884        116          0 p

TrigReport -------End-Path   Summary ------------
TrigReport  Trig Bit#   Executed     Passed     Failed      Error Name

TrigReport ---------- Modules in Path: p ------------
TrigReport  Trig Bit#    Visited     Passed     Failed      Error Name
TrigReport     1    0      25000      24884        116          0 flashggMetFilters
TrigReport     1    1      24884      24884          0          0 VHFilter
TrigReport     1    2      24884      24884          0          0 flashggDifferentialPhoIdInputsCorrection
TrigReport     1    3      24884      24884          0          0 flashggDiPhotonSystematics
TrigReport     1    4      24884      24884          0          0 flashggMetSystematics
TrigReport     1    5      24884      24884          0          0 flashggMuonSystematics
TrigReport     1    6      24884      24884          0          0 flashggElectronSystematics
TrigReport     1    7      24884      24884          0          0 flashggUnpackedJets
TrigReport     1    8      24884      24884          0          0 flashggJetSystematics0
TrigReport     1    9      24884      24884          0          0 flashggJetSystematics1
TrigReport     1   10      24884      24884          0          0 flashggJetSystematics2
TrigReport     1   11      24884      24884          0          0 flashggJetSystematics3
TrigReport     1   12      24884      24884          0          0 flashggJetSystematics4
TrigReport     1   13      24884      24884          0          0 flashggJetSystematics5
TrigReport     1   14      24884      24884          0          0 flashggJetSystematics6
TrigReport     1   15      24884      24884          0          0 flashggJetSystematics7
TrigReport     1   16      24884      24884          0          0 flashggJetSystematics8
TrigReport     1   17      24884      24884          0          0 flashggJetSystematics9
TrigReport     1   18      24884      24884          0          0 flashggJetSystematics10
TrigReport     1   19      24884      24884          0          0 flashggJetSystematics11
TrigReport     1   20      24884      24884          0          0 flashggPrefireDiPhotons
TrigReport     1   21      24884      24884          0          0 flashggPreselectedDiPhotons
TrigReport     1   22      24884      24884          0          0 flashggDiPhotonMVA
TrigReport     1   23      24884      24884          0          0 flashggVBFMVA
TrigReport     1   24      24884      24884          0          0 flashggVHhadMVA
TrigReport     1   25      24884      24884          0          0 flashggGluGluHMVA
TrigReport     1   26      24884      24884          0          0 flashggStageOneCombinedTag
TrigReport     1   27      24884      24884          0          0 flashggTHQLeptonicTag
TrigReport     1   28      24884      24884          0          0 flashggVHMetTag
TrigReport     1   29      24884      24884          0          0 flashggWHLeptonicTag
TrigReport     1   30      24884      24884          0          0 flashggZHLeptonicTag
TrigReport     1   31      24884      24884          0          0 flashggTTHLeptonicTag
TrigReport     1   32      24884      24884          0          0 flashggTTHHadronicTag
TrigReport     1   33      24884      24884          0          0 flashggTagSorter
TrigReport     1   34      24884      24884          0          0 flashggSystTagMerger
TrigReport     1   35      24884      24884          0          0 tagsDumper

TrigReport ---------- Module Summary ------------
TrigReport    Visited   Executed     Passed     Failed      Error Name
TrigReport      25000      25000      25000          0          0 TriggerResults
TrigReport      24884      24884      24884          0          0 VHFilter
TrigReport      24884      24884      24884          0          0 ak4PFCHSL1FastL2L3Corrector
TrigReport      24884      24884      24884          0          0 ak4PFCHSL1FastjetCorrector
TrigReport      24884      24884      24884          0          0 ak4PFCHSL2RelativeCorrector
TrigReport      24884      24884      24884          0          0 ak4PFCHSL3AbsoluteCorrector
TrigReport      24884      24884      24884          0          0 flashggDiPhotonMVA
TrigReport      24884      24884      24884          0          0 flashggDiPhotonSystematics
TrigReport      24884      24884      24884          0          0 flashggDifferentialPhoIdInputsCorrection
TrigReport      24884      24884      24884          0          0 flashggElectronSystematics
TrigReport      24884      24884      24884          0          0 flashggGluGluHMVA
TrigReport      24884      24884      24884          0          0 flashggJetSystematics0
TrigReport      24884      24884      24884          0          0 flashggJetSystematics1
TrigReport      24884      24884      24884          0          0 flashggJetSystematics10
TrigReport      24884      24884      24884          0          0 flashggJetSystematics11
TrigReport      24884      24884      24884          0          0 flashggJetSystematics2
TrigReport      24884      24884      24884          0          0 flashggJetSystematics3
TrigReport      24884      24884      24884          0          0 flashggJetSystematics4
TrigReport      24884      24884      24884          0          0 flashggJetSystematics5
TrigReport      24884      24884      24884          0          0 flashggJetSystematics6
TrigReport      24884      24884      24884          0          0 flashggJetSystematics7
TrigReport      24884      24884      24884          0          0 flashggJetSystematics8
TrigReport      24884      24884      24884          0          0 flashggJetSystematics9
TrigReport      25000      25000      24884        116          0 flashggMetFilters
TrigReport      24884      24884      24884          0          0 flashggMetSystematics
TrigReport      24884      24884      24884          0          0 flashggMuonSystematics
TrigReport      24884      24884      24884          0          0 flashggPrefireDiPhotons
TrigReport      24884      24884      24884          0          0 flashggPreselectedDiPhotons
TrigReport      24884      24884      24884          0          0 flashggStageOneCombinedTag
TrigReport      24884      24884      24884          0          0 flashggSystTagMerger
TrigReport      24884      24884      24884          0          0 flashggTHQLeptonicTag
TrigReport      24884      24884      24884          0          0 flashggTTHHadronicTag
TrigReport      24884      24884      24884          0          0 flashggTTHLeptonicTag
TrigReport      24884      24884      24884          0          0 flashggTagSorter
TrigReport      24884      24884      24884          0          0 flashggUnpackedJets
TrigReport      24884      24884      24884          0          0 flashggVBFMVA
TrigReport      24884      24884      24884          0          0 flashggVHMetTag
TrigReport      24884      24884      24884          0          0 flashggVHhadMVA
TrigReport      24884      24884      24884          0          0 flashggWHLeptonicTag
TrigReport      24884      24884      24884          0          0 flashggZHLeptonicTag
TrigReport      25000      25000      25000          0          0 p
TrigReport      24884      24884      24884          0          0 tagsDumper

TimeReport ---------- Event  Summary ---[sec]----
TimeReport       event loop CPU/event = 0.134333
TimeReport      event loop Real/event = 0.136049
TimeReport     sum Streams Real/event = 0.131961
TimeReport efficiency CPU/Real/thread = 0.987391

TimeReport ---------- Path   Summary ---[Real sec]----
TimeReport  per event     per exec  Name
TimeReport   0.131444     0.131444  p
TimeReport  per event     per exec  Name

TimeReport -------End-Path   Summary ---[Real sec]----
TimeReport  per event     per exec  Name
TimeReport  per event     per exec  Name

TimeReport ---------- Modules in Path: p ---[Real sec]----
TimeReport  per event    per visit  Name
TimeReport   0.000016     0.000016  flashggMetFilters
TimeReport   0.000006     0.000006  VHFilter
TimeReport   0.067710     0.068026  flashggDifferentialPhoIdInputsCorrection
TimeReport   0.045787     0.046001  flashggDiPhotonSystematics
TimeReport   0.000213     0.000214  flashggMetSystematics
TimeReport   0.000025     0.000026  flashggMuonSystematics
TimeReport   0.000041     0.000041  flashggElectronSystematics
TimeReport   0.000247     0.000248  flashggUnpackedJets
TimeReport   0.004604     0.004625  flashggJetSystematics0
TimeReport   0.000687     0.000690  flashggJetSystematics1
TimeReport   0.000605     0.000607  flashggJetSystematics2
TimeReport   0.000583     0.000586  flashggJetSystematics3
TimeReport   0.000572     0.000575  flashggJetSystematics4
TimeReport   0.000563     0.000566  flashggJetSystematics5
TimeReport   0.000565     0.000568  flashggJetSystematics6
TimeReport   0.000561     0.000563  flashggJetSystematics7
TimeReport   0.000558     0.000561  flashggJetSystematics8
TimeReport   0.000556     0.000558  flashggJetSystematics9
TimeReport   0.000555     0.000557  flashggJetSystematics10
TimeReport   0.000553     0.000555  flashggJetSystematics11
TimeReport   0.000302     0.000303  flashggPrefireDiPhotons
TimeReport   0.000119     0.000119  flashggPreselectedDiPhotons
TimeReport   0.000033     0.000034  flashggDiPhotonMVA
TimeReport   0.000030     0.000030  flashggVBFMVA
TimeReport   0.000018     0.000018  flashggVHhadMVA
TimeReport   0.000052     0.000052  flashggGluGluHMVA
TimeReport   0.000033     0.000033  flashggStageOneCombinedTag
TimeReport   0.000793     0.000797  flashggTHQLeptonicTag
TimeReport   0.000304     0.000305  flashggVHMetTag
TimeReport   0.000028     0.000028  flashggWHLeptonicTag
TimeReport   0.000022     0.000022  flashggZHLeptonicTag
TimeReport   0.000082     0.000082  flashggTTHLeptonicTag
TimeReport   0.001322     0.001328  flashggTTHHadronicTag
TimeReport   0.000094     0.000094  flashggTagSorter
TimeReport   0.000004     0.000004  flashggSystTagMerger
TimeReport   0.000515     0.000517  tagsDumper
TimeReport  per event    per visit  Name

TimeReport ---------- Module Summary ---[Real sec]----
TimeReport  per event     per exec    per visit  Name
TimeReport   0.000003     0.000003     0.000003  TriggerResults
TimeReport   0.000006     0.000006     0.000006  VHFilter
TimeReport   0.000004     0.000004     0.000004  ak4PFCHSL1FastL2L3Corrector
TimeReport   0.000004     0.000004     0.000004  ak4PFCHSL1FastjetCorrector
TimeReport   0.000002     0.000002     0.000002  ak4PFCHSL2RelativeCorrector
TimeReport   0.000015     0.000015     0.000015  ak4PFCHSL3AbsoluteCorrector
TimeReport   0.000033     0.000034     0.000034  flashggDiPhotonMVA
TimeReport   0.045787     0.046001     0.046001  flashggDiPhotonSystematics
TimeReport   0.067710     0.068026     0.068026  flashggDifferentialPhoIdInputsCorrection
TimeReport   0.000041     0.000041     0.000041  flashggElectronSystematics
TimeReport   0.000052     0.000052     0.000052  flashggGluGluHMVA
TimeReport   0.004604     0.004625     0.004625  flashggJetSystematics0
TimeReport   0.000687     0.000690     0.000690  flashggJetSystematics1
TimeReport   0.000555     0.000557     0.000557  flashggJetSystematics10
TimeReport   0.000553     0.000555     0.000555  flashggJetSystematics11
TimeReport   0.000605     0.000607     0.000607  flashggJetSystematics2
TimeReport   0.000583     0.000586     0.000586  flashggJetSystematics3
TimeReport   0.000572     0.000575     0.000575  flashggJetSystematics4
TimeReport   0.000563     0.000566     0.000566  flashggJetSystematics5
TimeReport   0.000565     0.000568     0.000568  flashggJetSystematics6
TimeReport   0.000561     0.000563     0.000563  flashggJetSystematics7
TimeReport   0.000558     0.000561     0.000561  flashggJetSystematics8
TimeReport   0.000556     0.000558     0.000558  flashggJetSystematics9
TimeReport   0.000016     0.000016     0.000016  flashggMetFilters
TimeReport   0.000213     0.000214     0.000214  flashggMetSystematics
TimeReport   0.000025     0.000026     0.000026  flashggMuonSystematics
TimeReport   0.000302     0.000303     0.000303  flashggPrefireDiPhotons
TimeReport   0.000119     0.000119     0.000119  flashggPreselectedDiPhotons
TimeReport   0.000033     0.000033     0.000033  flashggStageOneCombinedTag
TimeReport   0.000004     0.000004     0.000004  flashggSystTagMerger
TimeReport   0.000793     0.000797     0.000797  flashggTHQLeptonicTag
TimeReport   0.001322     0.001328     0.001328  flashggTTHHadronicTag
TimeReport   0.000082     0.000082     0.000082  flashggTTHLeptonicTag
TimeReport   0.000094     0.000094     0.000094  flashggTagSorter
TimeReport   0.000247     0.000248     0.000248  flashggUnpackedJets
TimeReport   0.000030     0.000030     0.000030  flashggVBFMVA
TimeReport   0.000304     0.000305     0.000305  flashggVHMetTag
TimeReport   0.000018     0.000018     0.000018  flashggVHhadMVA
TimeReport   0.000028     0.000028     0.000028  flashggWHLeptonicTag
TimeReport   0.000022     0.000022     0.000022  flashggZHLeptonicTag
TimeReport   0.000003     0.000003     0.000003  p
TimeReport   0.000515     0.000517     0.000517  tagsDumper
TimeReport  per event     per exec    per visit  Name

T---Report end!


=============================================

MessageLogger Summary

 type     category        sev    module        subroutine        count    total
 ---- -------------------- -- ---------------- ----------------  -----    -----
    1 XrdAdaptor           -w file_open                              1        1
    2 fileAction           -s file_close                             1        1
    3 fileAction           -s file_open                              2        2

 type    category    Examples: run/evt        run/evt          run/evt
 ---- -------------------- ---------------- ---------------- ----------------
    1 XrdAdaptor           pre-events                        
    2 fileAction           PostGlobalEndRun                  
    3 fileAction           pre-events       pre-events       

Severity    # Occurrences   Total Occurrences
--------    -------------   -----------------
Warning                 1                   1
System                  3                   3

dropped waiting message count 0
