mkdir: cannot create directory '/afs/cern.ch/user/x/xisu/private/local/Analysis_workspace/VH_AC_tmp1/flashgg_d2/CMSSW_10_6_29/src/flashgg/VHAC_Analysis_Met/UL_17/UL_17_zh125': File exists
/cvmfs/cms.cern.ch/slc7_amd64_gcc700/external/py2-requests/2.21.0-pafccj2/lib/python2.7/site-packages/requests/__init__.py:91: RequestsDependencyWarning: urllib3 (1.25.2) or chardet (3.0.4) doesn't match a supported version!
  RequestsDependencyWarning)
20-Dec-2022 10:59:10 CET  Initiating request to open file root://cms-xrd-global.cern.ch//store/user/alesauva/flashgg/UL2017_4/10_6_4/ZHiggs0L1ToGG_M125_TuneCP5_13TeV-JHUGenV7011-pythia8/UL2017_4-10_6_4-v0-RunIISummer19UL17MiniAOD-106X_mc2017_realistic_v6-v2/200911_121149/0000/myMicroAODOutputFile_18.root
%MSG-w XrdAdaptor:  file_open 20-Dec-2022 10:59:12 CET pre-events
Data is served from GRIF-IRFU instead of original site CERN-CMSGLOBAL-02
%MSG
20-Dec-2022 10:59:13 CET  Successfully opened file root://cms-xrd-global.cern.ch//store/user/alesauva/flashgg/UL2017_4/10_6_4/ZHiggs0L1ToGG_M125_TuneCP5_13TeV-JHUGenV7011-pythia8/UL2017_4-10_6_4-v0-RunIISummer19UL17MiniAOD-106X_mc2017_realistic_v6-v2/200911_121149/0000/myMicroAODOutputFile_18.root
2022-12-20 11:10:37.052847: I tensorflow/core/platform/cpu_feature_guard.cc:140] Your CPU supports instructions that this TensorFlow binary was not compiled to use: SSE4.1 SSE4.2 AVX AVX2 FMA
Begin processing the 1st record. Run 1, Event 39303, LumiSection 394 on stream 0 at 20-Dec-2022 11:11:20.761 CET
[2022-12-20 11:12:04.976580 +0100][Error  ][AsyncSock         ] [xrootd.ba.infn.it:1094 #0.0] Socket error while handshaking: [ERROR] Socket timeout
[2022-12-20 11:12:04.976777 +0100][Error  ][PostMaster        ] [xrootd.ba.infn.it:1094 #0] elapsed = 45, pConnectionWindow = 31 seconds.
[2022-12-20 11:12:49.341542 +0100][Error  ][AsyncSock         ] [xrootd.ba.infn.it:1094 #0.0] Socket error while handshaking: [ERROR] Socket timeout
[2022-12-20 11:12:49.341686 +0100][Error  ][PostMaster        ] [xrootd.ba.infn.it:1094 #0] elapsed = 45, pConnectionWindow = 31 seconds.
[2022-12-20 11:12:49.341748 +0100][Error  ][PostMaster        ] [xrootd.ba.infn.it:1094 #0] Unable to recover: [ERROR] Socket timeout.
[2022-12-20 11:12:49.341767 +0100][Error  ][XRootD            ] [xrootd.ba.infn.it:1094] Impossible to send message kXR_open (file: /store/user/alesauva/flashgg/UL2017_4/10_6_4/ZHiggs0L1ToGG_M125_TuneCP5_13TeV-JHUGenV7011-pythia8/UL2017_4-10_6_4-v0-RunIISummer19UL17MiniAOD-106X_mc2017_realistic_v6-v2/200911_121149/0000/myMicroAODOutputFile_18.root?tried=stor76.datagrid.cea.fr, mode: 0660, flags: kXR_open_read kXR_async kXR_retstat ). Trying to recover.
[2022-12-20 11:13:39.232512 +0100][Error  ][AsyncSock         ] [xrootd-cms.infn.it:1094 #0.0] Socket error while handshaking: [ERROR] Socket timeout
[2022-12-20 11:13:39.232631 +0100][Error  ][PostMaster        ] [xrootd-cms.infn.it:1094 #0] elapsed = 45, pConnectionWindow = 31 seconds.
Begin processing the 1001st record. Run 1, Event 40902, LumiSection 410 on stream 0 at 20-Dec-2022 11:15:22.533 CET
[2022-12-20 11:17:03.244503 +0100][Error  ][AsyncSock         ] [xrootd.ba.infn.it:1094 #0.0] Socket error while handshaking: [ERROR] Socket timeout
[2022-12-20 11:17:03.244607 +0100][Error  ][PostMaster        ] [xrootd.ba.infn.it:1094 #0] elapsed = 45, pConnectionWindow = 31 seconds.
Begin processing the 2001st record. Run 1, Event 401002, LumiSection 4011 on stream 0 at 20-Dec-2022 11:17:31.733 CET
[2022-12-20 11:17:48.487261 +0100][Error  ][AsyncSock         ] [xrootd.ba.infn.it:1094 #0.0] Socket error while handshaking: [ERROR] Socket timeout
[2022-12-20 11:17:48.487431 +0100][Error  ][PostMaster        ] [xrootd.ba.infn.it:1094 #0] elapsed = 45, pConnectionWindow = 31 seconds.
[2022-12-20 11:17:48.487444 +0100][Error  ][PostMaster        ] [xrootd.ba.infn.it:1094 #0] Unable to recover: [ERROR] Socket timeout.
[2022-12-20 11:17:48.487456 +0100][Error  ][XRootD            ] [xrootd.ba.infn.it:1094] Impossible to send message kXR_open (file: /store/user/alesauva/flashgg/UL2017_4/10_6_4/ZHiggs0L1ToGG_M125_TuneCP5_13TeV-JHUGenV7011-pythia8/UL2017_4-10_6_4-v0-RunIISummer19UL17MiniAOD-106X_mc2017_realistic_v6-v2/200911_121149/0000/myMicroAODOutputFile_18.root?tried=stor76.datagrid.cea.fr, mode: 0660, flags: kXR_open_read kXR_async kXR_retstat ). Trying to recover.
Begin processing the 3001st record. Run 1, Event 402004, LumiSection 4021 on stream 0 at 20-Dec-2022 11:19:42.535 CET
Begin processing the 4001st record. Run 1, Event 551208, LumiSection 5513 on stream 0 at 20-Dec-2022 11:21:49.875 CET
Begin processing the 5001st record. Run 1, Event 647201, LumiSection 6473 on stream 0 at 20-Dec-2022 11:24:01.737 CET
[2022-12-20 11:24:20.299445 +0100][Error  ][AsyncSock         ] [xrootd.ba.infn.it:1094 #0.0] Socket error while handshaking: [ERROR] Socket timeout
[2022-12-20 11:24:20.299620 +0100][Error  ][PostMaster        ] [xrootd.ba.infn.it:1094 #0] elapsed = 45, pConnectionWindow = 31 seconds.
[2022-12-20 11:25:05.553492 +0100][Error  ][AsyncSock         ] [xrootd.ba.infn.it:1094 #0.0] Socket error while handshaking: [ERROR] Socket timeout
[2022-12-20 11:25:05.553653 +0100][Error  ][PostMaster        ] [xrootd.ba.infn.it:1094 #0] elapsed = 45, pConnectionWindow = 31 seconds.
[2022-12-20 11:25:05.553664 +0100][Error  ][PostMaster        ] [xrootd.ba.infn.it:1094 #0] Unable to recover: [ERROR] Socket timeout.
[2022-12-20 11:25:05.553672 +0100][Error  ][XRootD            ] [xrootd.ba.infn.it:1094] Impossible to send message kXR_open (file: /store/user/alesauva/flashgg/UL2017_4/10_6_4/ZHiggs0L1ToGG_M125_TuneCP5_13TeV-JHUGenV7011-pythia8/UL2017_4-10_6_4-v0-RunIISummer19UL17MiniAOD-106X_mc2017_realistic_v6-v2/200911_121149/0000/myMicroAODOutputFile_18.root?tried=stor76.datagrid.cea.fr, mode: 0660, flags: kXR_open_read kXR_async kXR_retstat ). Trying to recover.
Begin processing the 6001st record. Run 1, Event 81610, LumiSection 817 on stream 0 at 20-Dec-2022 11:26:07.499 CET
Begin processing the 7001st record. Run 1, Event 82608, LumiSection 827 on stream 0 at 20-Dec-2022 11:28:14.421 CET
Begin processing the 8001st record. Run 1, Event 83608, LumiSection 837 on stream 0 at 20-Dec-2022 11:30:23.531 CET
[2022-12-20 11:32:30.872486 +0100][Error  ][AsyncSock         ] [xrootd.ba.infn.it:1094 #0.0] Socket error while handshaking: [ERROR] Socket timeout
[2022-12-20 11:32:30.872652 +0100][Error  ][PostMaster        ] [xrootd.ba.infn.it:1094 #0] elapsed = 45, pConnectionWindow = 31 seconds.
Begin processing the 9001st record. Run 1, Event 87407, LumiSection 875 on stream 0 at 20-Dec-2022 11:32:35.092 CET
[2022-12-20 11:33:16.101450 +0100][Error  ][AsyncSock         ] [xrootd.ba.infn.it:1094 #0.0] Socket error while handshaking: [ERROR] Socket timeout
[2022-12-20 11:33:16.101561 +0100][Error  ][PostMaster        ] [xrootd.ba.infn.it:1094 #0] elapsed = 46, pConnectionWindow = 31 seconds.
[2022-12-20 11:33:16.101570 +0100][Error  ][PostMaster        ] [xrootd.ba.infn.it:1094 #0] Unable to recover: [ERROR] Socket timeout.
[2022-12-20 11:33:16.101578 +0100][Error  ][XRootD            ] [xrootd.ba.infn.it:1094] Impossible to send message kXR_open (file: /store/user/alesauva/flashgg/UL2017_4/10_6_4/ZHiggs0L1ToGG_M125_TuneCP5_13TeV-JHUGenV7011-pythia8/UL2017_4-10_6_4-v0-RunIISummer19UL17MiniAOD-106X_mc2017_realistic_v6-v2/200911_121149/0000/myMicroAODOutputFile_18.root?tried=stor76.datagrid.cea.fr, mode: 0660, flags: kXR_open_read kXR_async kXR_retstat ). Trying to recover.
Begin processing the 10001st record. Run 1, Event 355608, LumiSection 3557 on stream 0 at 20-Dec-2022 11:34:47.050 CET
Begin processing the 11001st record. Run 1, Event 364408, LumiSection 3645 on stream 0 at 20-Dec-2022 11:36:57.541 CET
Begin processing the 12001st record. Run 1, Event 436103, LumiSection 4362 on stream 0 at 20-Dec-2022 11:39:06.326 CET
[2022-12-20 11:40:50.896444 +0100][Error  ][AsyncSock         ] [xrootd.ba.infn.it:1094 #0.0] Socket error while handshaking: [ERROR] Socket timeout
[2022-12-20 11:40:50.896573 +0100][Error  ][PostMaster        ] [xrootd.ba.infn.it:1094 #0] elapsed = 45, pConnectionWindow = 31 seconds.
Begin processing the 13001st record. Run 1, Event 437105, LumiSection 4372 on stream 0 at 20-Dec-2022 11:41:13.776 CET
[2022-12-20 11:41:35.138381 +0100][Error  ][AsyncSock         ] [xrootd.ba.infn.it:1094 #0.0] Socket error while handshaking: [ERROR] Socket timeout
[2022-12-20 11:41:35.138572 +0100][Error  ][PostMaster        ] [xrootd.ba.infn.it:1094 #0] elapsed = 45, pConnectionWindow = 31 seconds.
[2022-12-20 11:41:35.138583 +0100][Error  ][PostMaster        ] [xrootd.ba.infn.it:1094 #0] Unable to recover: [ERROR] Socket timeout.
[2022-12-20 11:41:35.138592 +0100][Error  ][XRootD            ] [xrootd.ba.infn.it:1094] Impossible to send message kXR_open (file: /store/user/alesauva/flashgg/UL2017_4/10_6_4/ZHiggs0L1ToGG_M125_TuneCP5_13TeV-JHUGenV7011-pythia8/UL2017_4-10_6_4-v0-RunIISummer19UL17MiniAOD-106X_mc2017_realistic_v6-v2/200911_121149/0000/myMicroAODOutputFile_18.root?tried=stor76.datagrid.cea.fr, mode: 0660, flags: kXR_open_read kXR_async kXR_retstat ). Trying to recover.
Begin processing the 14001st record. Run 1, Event 438107, LumiSection 4382 on stream 0 at 20-Dec-2022 11:43:23.512 CET
Begin processing the 15001st record. Run 1, Event 581907, LumiSection 5820 on stream 0 at 20-Dec-2022 11:45:36.514 CET
Begin processing the 16001st record. Run 1, Event 582905, LumiSection 5830 on stream 0 at 20-Dec-2022 11:47:43.368 CET
[2022-12-20 11:49:06.312130 +0100][Error  ][AsyncSock         ] [xrootd.ba.infn.it:1094 #0.0] Socket error while handshaking: [ERROR] Socket timeout
[2022-12-20 11:49:06.312310 +0100][Error  ][PostMaster        ] [xrootd.ba.infn.it:1094 #0] elapsed = 46, pConnectionWindow = 31 seconds.
[2022-12-20 11:49:51.559516 +0100][Error  ][AsyncSock         ] [xrootd.ba.infn.it:1094 #0.0] Socket error while handshaking: [ERROR] Socket timeout
[2022-12-20 11:49:51.559856 +0100][Error  ][PostMaster        ] [xrootd.ba.infn.it:1094 #0] elapsed = 45, pConnectionWindow = 31 seconds.
[2022-12-20 11:49:51.559867 +0100][Error  ][PostMaster        ] [xrootd.ba.infn.it:1094 #0] Unable to recover: [ERROR] Socket timeout.
[2022-12-20 11:49:51.559987 +0100][Error  ][XRootD            ] [xrootd.ba.infn.it:1094] Impossible to send message kXR_open (file: /store/user/alesauva/flashgg/UL2017_4/10_6_4/ZHiggs0L1ToGG_M125_TuneCP5_13TeV-JHUGenV7011-pythia8/UL2017_4-10_6_4-v0-RunIISummer19UL17MiniAOD-106X_mc2017_realistic_v6-v2/200911_121149/0000/myMicroAODOutputFile_18.root?tried=stor76.datagrid.cea.fr, mode: 0660, flags: kXR_open_read kXR_async kXR_retstat ). Trying to recover.
Begin processing the 17001st record. Run 1, Event 595305, LumiSection 5954 on stream 0 at 20-Dec-2022 11:49:52.532 CET
Begin processing the 18001st record. Run 1, Event 596406, LumiSection 5965 on stream 0 at 20-Dec-2022 11:51:58.974 CET
Begin processing the 19001st record. Run 1, Event 597406, LumiSection 5975 on stream 0 at 20-Dec-2022 11:54:05.535 CET
[2022-12-20 11:55:10.243443 +0100][Error  ][AsyncSock         ] [xrootd.ba.infn.it:1094 #0.0] Socket error while handshaking: [ERROR] Socket timeout
[2022-12-20 11:55:10.243600 +0100][Error  ][PostMaster        ] [xrootd.ba.infn.it:1094 #0] elapsed = 45, pConnectionWindow = 31 seconds.
[2022-12-20 11:55:55.489458 +0100][Error  ][AsyncSock         ] [xrootd.ba.infn.it:1094 #0.0] Socket error while handshaking: [ERROR] Socket timeout
[2022-12-20 11:55:55.489617 +0100][Error  ][PostMaster        ] [xrootd.ba.infn.it:1094 #0] elapsed = 45, pConnectionWindow = 31 seconds.
[2022-12-20 11:55:55.489627 +0100][Error  ][PostMaster        ] [xrootd.ba.infn.it:1094 #0] Unable to recover: [ERROR] Socket timeout.
[2022-12-20 11:55:55.489635 +0100][Error  ][XRootD            ] [xrootd.ba.infn.it:1094] Impossible to send message kXR_open (file: /store/user/alesauva/flashgg/UL2017_4/10_6_4/ZHiggs0L1ToGG_M125_TuneCP5_13TeV-JHUGenV7011-pythia8/UL2017_4-10_6_4-v0-RunIISummer19UL17MiniAOD-106X_mc2017_realistic_v6-v2/200911_121149/0000/myMicroAODOutputFile_18.root?tried=stor76.datagrid.cea.fr, mode: 0660, flags: kXR_open_read kXR_async kXR_retstat ). Trying to recover.
Begin processing the 20001st record. Run 1, Event 629207, LumiSection 6293 on stream 0 at 20-Dec-2022 11:56:18.185 CET
Begin processing the 21001st record. Run 1, Event 630215, LumiSection 6303 on stream 0 at 20-Dec-2022 11:58:25.463 CET
Begin processing the 22001st record. Run 1, Event 631201, LumiSection 6313 on stream 0 at 20-Dec-2022 12:00:35.267 CET
Begin processing the 23001st record. Run 1, Event 634905, LumiSection 6350 on stream 0 at 20-Dec-2022 12:02:43.550 CET
[2022-12-20 12:03:26.701252 +0100][Error  ][AsyncSock         ] [xrootd.ba.infn.it:1094 #0.0] Socket error while handshaking: [ERROR] Socket timeout
[2022-12-20 12:03:26.701429 +0100][Error  ][PostMaster        ] [xrootd.ba.infn.it:1094 #0] elapsed = 45, pConnectionWindow = 31 seconds.
[2022-12-20 12:04:11.933138 +0100][Error  ][AsyncSock         ] [xrootd.ba.infn.it:1094 #0.0] Socket error while handshaking: [ERROR] Socket timeout
[2022-12-20 12:04:11.933248 +0100][Error  ][PostMaster        ] [xrootd.ba.infn.it:1094 #0] elapsed = 45, pConnectionWindow = 31 seconds.
[2022-12-20 12:04:11.933257 +0100][Error  ][PostMaster        ] [xrootd.ba.infn.it:1094 #0] Unable to recover: [ERROR] Socket timeout.
[2022-12-20 12:04:11.933265 +0100][Error  ][XRootD            ] [xrootd.ba.infn.it:1094] Impossible to send message kXR_open (file: /store/user/alesauva/flashgg/UL2017_4/10_6_4/ZHiggs0L1ToGG_M125_TuneCP5_13TeV-JHUGenV7011-pythia8/UL2017_4-10_6_4-v0-RunIISummer19UL17MiniAOD-106X_mc2017_realistic_v6-v2/200911_121149/0000/myMicroAODOutputFile_18.root?tried=stor76.datagrid.cea.fr, mode: 0660, flags: kXR_open_read kXR_async kXR_retstat ). Trying to recover.
Begin processing the 24001st record. Run 1, Event 635902, LumiSection 6360 on stream 0 at 20-Dec-2022 12:04:55.077 CET
20-Dec-2022 12:07:02 CET  Closed file root://cms-xrd-global.cern.ch//store/user/alesauva/flashgg/UL2017_4/10_6_4/ZHiggs0L1ToGG_M125_TuneCP5_13TeV-JHUGenV7011-pythia8/UL2017_4-10_6_4-v0-RunIISummer19UL17MiniAOD-106X_mc2017_realistic_v6-v2/200911_121149/0000/myMicroAODOutputFile_18.root

TrigReport ---------- Event  Summary ------------
TrigReport Events total = 25000 passed = 24666 failed = 334

TrigReport ---------- Path   Summary ------------
TrigReport  Trig Bit#   Executed     Passed     Failed      Error Name
TrigReport     1    0      25000      24666        334          0 p

TrigReport -------End-Path   Summary ------------
TrigReport  Trig Bit#   Executed     Passed     Failed      Error Name

TrigReport ---------- Modules in Path: p ------------
TrigReport  Trig Bit#    Visited     Passed     Failed      Error Name
TrigReport     1    0      25000      24666        334          0 flashggMetFilters
TrigReport     1    1      24666      24666          0          0 VHFilter
TrigReport     1    2      24666      24666          0          0 flashggDifferentialPhoIdInputsCorrection
TrigReport     1    3      24666      24666          0          0 flashggDiPhotonSystematics
TrigReport     1    4      24666      24666          0          0 flashggMetSystematics
TrigReport     1    5      24666      24666          0          0 flashggMuonSystematics
TrigReport     1    6      24666      24666          0          0 flashggElectronSystematics
TrigReport     1    7      24666      24666          0          0 flashggUnpackedJets
TrigReport     1    8      24666      24666          0          0 flashggJetSystematics0
TrigReport     1    9      24666      24666          0          0 flashggJetSystematics1
TrigReport     1   10      24666      24666          0          0 flashggJetSystematics2
TrigReport     1   11      24666      24666          0          0 flashggJetSystematics3
TrigReport     1   12      24666      24666          0          0 flashggJetSystematics4
TrigReport     1   13      24666      24666          0          0 flashggJetSystematics5
TrigReport     1   14      24666      24666          0          0 flashggJetSystematics6
TrigReport     1   15      24666      24666          0          0 flashggJetSystematics7
TrigReport     1   16      24666      24666          0          0 flashggJetSystematics8
TrigReport     1   17      24666      24666          0          0 flashggJetSystematics9
TrigReport     1   18      24666      24666          0          0 flashggJetSystematics10
TrigReport     1   19      24666      24666          0          0 flashggJetSystematics11
TrigReport     1   20      24666      24666          0          0 flashggPrefireDiPhotons
TrigReport     1   21      24666      24666          0          0 flashggPreselectedDiPhotons
TrigReport     1   22      24666      24666          0          0 flashggDiPhotonMVA
TrigReport     1   23      24666      24666          0          0 flashggVBFMVA
TrigReport     1   24      24666      24666          0          0 flashggVHhadMVA
TrigReport     1   25      24666      24666          0          0 flashggGluGluHMVA
TrigReport     1   26      24666      24666          0          0 flashggStageOneCombinedTag
TrigReport     1   27      24666      24666          0          0 flashggTHQLeptonicTag
TrigReport     1   28      24666      24666          0          0 flashggVHMetTag
TrigReport     1   29      24666      24666          0          0 flashggWHLeptonicTag
TrigReport     1   30      24666      24666          0          0 flashggZHLeptonicTag
TrigReport     1   31      24666      24666          0          0 flashggTTHLeptonicTag
TrigReport     1   32      24666      24666          0          0 flashggTTHHadronicTag
TrigReport     1   33      24666      24666          0          0 flashggTagSorter
TrigReport     1   34      24666      24666          0          0 flashggSystTagMerger
TrigReport     1   35      24666      24666          0          0 tagsDumper

TrigReport ---------- Module Summary ------------
TrigReport    Visited   Executed     Passed     Failed      Error Name
TrigReport      25000      25000      25000          0          0 TriggerResults
TrigReport      24666      24666      24666          0          0 VHFilter
TrigReport      24666      24666      24666          0          0 ak4PFCHSL1FastL2L3Corrector
TrigReport      24666      24666      24666          0          0 ak4PFCHSL1FastjetCorrector
TrigReport      24666      24666      24666          0          0 ak4PFCHSL2RelativeCorrector
TrigReport      24666      24666      24666          0          0 ak4PFCHSL3AbsoluteCorrector
TrigReport      24666      24666      24666          0          0 flashggDiPhotonMVA
TrigReport      24666      24666      24666          0          0 flashggDiPhotonSystematics
TrigReport      24666      24666      24666          0          0 flashggDifferentialPhoIdInputsCorrection
TrigReport      24666      24666      24666          0          0 flashggElectronSystematics
TrigReport      24666      24666      24666          0          0 flashggGluGluHMVA
TrigReport      24666      24666      24666          0          0 flashggJetSystematics0
TrigReport      24666      24666      24666          0          0 flashggJetSystematics1
TrigReport      24666      24666      24666          0          0 flashggJetSystematics10
TrigReport      24666      24666      24666          0          0 flashggJetSystematics11
TrigReport      24666      24666      24666          0          0 flashggJetSystematics2
TrigReport      24666      24666      24666          0          0 flashggJetSystematics3
TrigReport      24666      24666      24666          0          0 flashggJetSystematics4
TrigReport      24666      24666      24666          0          0 flashggJetSystematics5
TrigReport      24666      24666      24666          0          0 flashggJetSystematics6
TrigReport      24666      24666      24666          0          0 flashggJetSystematics7
TrigReport      24666      24666      24666          0          0 flashggJetSystematics8
TrigReport      24666      24666      24666          0          0 flashggJetSystematics9
TrigReport      25000      25000      24666        334          0 flashggMetFilters
TrigReport      24666      24666      24666          0          0 flashggMetSystematics
TrigReport      24666      24666      24666          0          0 flashggMuonSystematics
TrigReport      24666      24666      24666          0          0 flashggPrefireDiPhotons
TrigReport      24666      24666      24666          0          0 flashggPreselectedDiPhotons
TrigReport      24666      24666      24666          0          0 flashggStageOneCombinedTag
TrigReport      24666      24666      24666          0          0 flashggSystTagMerger
TrigReport      24666      24666      24666          0          0 flashggTHQLeptonicTag
TrigReport      24666      24666      24666          0          0 flashggTTHHadronicTag
TrigReport      24666      24666      24666          0          0 flashggTTHLeptonicTag
TrigReport      24666      24666      24666          0          0 flashggTagSorter
TrigReport      24666      24666      24666          0          0 flashggUnpackedJets
TrigReport      24666      24666      24666          0          0 flashggVBFMVA
TrigReport      24666      24666      24666          0          0 flashggVHMetTag
TrigReport      24666      24666      24666          0          0 flashggVHhadMVA
TrigReport      24666      24666      24666          0          0 flashggWHLeptonicTag
TrigReport      24666      24666      24666          0          0 flashggZHLeptonicTag
TrigReport      25000      25000      25000          0          0 p
TrigReport      24666      24666      24666          0          0 tagsDumper

TimeReport ---------- Event  Summary ---[sec]----
TimeReport       event loop CPU/event = 0.133356
TimeReport      event loop Real/event = 0.133736
TimeReport     sum Streams Real/event = 0.130098
TimeReport efficiency CPU/Real/thread = 0.997154

TimeReport ---------- Path   Summary ---[Real sec]----
TimeReport  per event     per exec  Name
TimeReport   0.129669     0.129669  p
TimeReport  per event     per exec  Name

TimeReport -------End-Path   Summary ---[Real sec]----
TimeReport  per event     per exec  Name
TimeReport  per event     per exec  Name

TimeReport ---------- Modules in Path: p ---[Real sec]----
TimeReport  per event    per visit  Name
TimeReport   0.000013     0.000013  flashggMetFilters
TimeReport   0.000005     0.000005  VHFilter
TimeReport   0.075208     0.076227  flashggDifferentialPhoIdInputsCorrection
TimeReport   0.039778     0.040316  flashggDiPhotonSystematics
TimeReport   0.000147     0.000149  flashggMetSystematics
TimeReport   0.000043     0.000044  flashggMuonSystematics
TimeReport   0.000033     0.000034  flashggElectronSystematics
TimeReport   0.000198     0.000201  flashggUnpackedJets
TimeReport   0.003182     0.003225  flashggJetSystematics0
TimeReport   0.000578     0.000586  flashggJetSystematics1
TimeReport   0.000526     0.000533  flashggJetSystematics2
TimeReport   0.000506     0.000513  flashggJetSystematics3
TimeReport   0.000498     0.000505  flashggJetSystematics4
TimeReport   0.000496     0.000503  flashggJetSystematics5
TimeReport   0.000491     0.000497  flashggJetSystematics6
TimeReport   0.000492     0.000498  flashggJetSystematics7
TimeReport   0.000489     0.000496  flashggJetSystematics8
TimeReport   0.000488     0.000494  flashggJetSystematics9
TimeReport   0.000485     0.000492  flashggJetSystematics10
TimeReport   0.000484     0.000490  flashggJetSystematics11
TimeReport   0.000271     0.000275  flashggPrefireDiPhotons
TimeReport   0.000114     0.000115  flashggPreselectedDiPhotons
TimeReport   0.000037     0.000037  flashggDiPhotonMVA
TimeReport   0.000031     0.000032  flashggVBFMVA
TimeReport   0.000018     0.000018  flashggVHhadMVA
TimeReport   0.000052     0.000052  flashggGluGluHMVA
TimeReport   0.000034     0.000035  flashggStageOneCombinedTag
TimeReport   0.000530     0.000537  flashggTHQLeptonicTag
TimeReport   0.000388     0.000393  flashggVHMetTag
TimeReport   0.000024     0.000025  flashggWHLeptonicTag
TimeReport   0.000019     0.000020  flashggZHLeptonicTag
TimeReport   0.000067     0.000068  flashggTTHLeptonicTag
TimeReport   0.001404     0.001423  flashggTTHHadronicTag
TimeReport   0.000078     0.000079  flashggTagSorter
TimeReport   0.000003     0.000003  flashggSystTagMerger
TimeReport   0.000304     0.000308  tagsDumper
TimeReport  per event    per visit  Name

TimeReport ---------- Module Summary ---[Real sec]----
TimeReport  per event     per exec    per visit  Name
TimeReport   0.000002     0.000002     0.000002  TriggerResults
TimeReport   0.000005     0.000005     0.000005  VHFilter
TimeReport   0.000003     0.000003     0.000003  ak4PFCHSL1FastL2L3Corrector
TimeReport   0.000003     0.000003     0.000003  ak4PFCHSL1FastjetCorrector
TimeReport   0.000001     0.000001     0.000001  ak4PFCHSL2RelativeCorrector
TimeReport   0.000012     0.000012     0.000012  ak4PFCHSL3AbsoluteCorrector
TimeReport   0.000037     0.000037     0.000037  flashggDiPhotonMVA
TimeReport   0.039778     0.040316     0.040316  flashggDiPhotonSystematics
TimeReport   0.075208     0.076227     0.076227  flashggDifferentialPhoIdInputsCorrection
TimeReport   0.000033     0.000034     0.000034  flashggElectronSystematics
TimeReport   0.000052     0.000052     0.000052  flashggGluGluHMVA
TimeReport   0.003182     0.003225     0.003225  flashggJetSystematics0
TimeReport   0.000578     0.000586     0.000586  flashggJetSystematics1
TimeReport   0.000485     0.000492     0.000492  flashggJetSystematics10
TimeReport   0.000484     0.000490     0.000490  flashggJetSystematics11
TimeReport   0.000526     0.000533     0.000533  flashggJetSystematics2
TimeReport   0.000506     0.000513     0.000513  flashggJetSystematics3
TimeReport   0.000498     0.000505     0.000505  flashggJetSystematics4
TimeReport   0.000496     0.000503     0.000503  flashggJetSystematics5
TimeReport   0.000491     0.000497     0.000497  flashggJetSystematics6
TimeReport   0.000492     0.000498     0.000498  flashggJetSystematics7
TimeReport   0.000489     0.000496     0.000496  flashggJetSystematics8
TimeReport   0.000488     0.000494     0.000494  flashggJetSystematics9
TimeReport   0.000013     0.000013     0.000013  flashggMetFilters
TimeReport   0.000147     0.000149     0.000149  flashggMetSystematics
TimeReport   0.000043     0.000044     0.000044  flashggMuonSystematics
TimeReport   0.000271     0.000275     0.000275  flashggPrefireDiPhotons
TimeReport   0.000114     0.000115     0.000115  flashggPreselectedDiPhotons
TimeReport   0.000034     0.000035     0.000035  flashggStageOneCombinedTag
TimeReport   0.000003     0.000003     0.000003  flashggSystTagMerger
TimeReport   0.000530     0.000537     0.000537  flashggTHQLeptonicTag
TimeReport   0.001404     0.001423     0.001423  flashggTTHHadronicTag
TimeReport   0.000067     0.000068     0.000068  flashggTTHLeptonicTag
TimeReport   0.000078     0.000079     0.000079  flashggTagSorter
TimeReport   0.000198     0.000201     0.000201  flashggUnpackedJets
TimeReport   0.000031     0.000032     0.000032  flashggVBFMVA
TimeReport   0.000388     0.000393     0.000393  flashggVHMetTag
TimeReport   0.000018     0.000018     0.000018  flashggVHhadMVA
TimeReport   0.000024     0.000025     0.000025  flashggWHLeptonicTag
TimeReport   0.000019     0.000020     0.000020  flashggZHLeptonicTag
TimeReport   0.000002     0.000002     0.000002  p
TimeReport   0.000304     0.000308     0.000308  tagsDumper
TimeReport  per event     per exec    per visit  Name

T---Report end!


=============================================

MessageLogger Summary

 type     category        sev    module        subroutine        count    total
 ---- -------------------- -- ---------------- ----------------  -----    -----
    1 XrdAdaptor           -w file_open                              1        1
    2 fileAction           -s file_close                             1        1
    3 fileAction           -s file_open                              2        2

 type    category    Examples: run/evt        run/evt          run/evt
 ---- -------------------- ---------------- ---------------- ----------------
    1 XrdAdaptor           pre-events                        
    2 fileAction           PostGlobalEndRun                  
    3 fileAction           pre-events       pre-events       

Severity    # Occurrences   Total Occurrences
--------    -------------   -----------------
Warning                 1                   1
System                  3                   3

dropped waiting message count 0
