mkdir: cannot create directory '/afs/cern.ch/user/x/xisu/private/local/Analysis_workspace/VH_AC_tmp1/flashgg_d2/CMSSW_10_6_29/src/flashgg/VHAC_Analysis_Met/UL_17/UL_17_zh125': File exists
/cvmfs/cms.cern.ch/slc7_amd64_gcc700/external/py2-requests/2.21.0-pafccj2/lib/python2.7/site-packages/requests/__init__.py:91: RequestsDependencyWarning: urllib3 (1.25.2) or chardet (3.0.4) doesn't match a supported version!
  RequestsDependencyWarning)
20-Dec-2022 11:06:02 CET  Initiating request to open file root://cms-xrd-global.cern.ch//store/user/alesauva/flashgg/UL2017_4/10_6_4/ZHiggs0L1ToGG_M125_TuneCP5_13TeV-JHUGenV7011-pythia8/UL2017_4-10_6_4-v0-RunIISummer19UL17MiniAOD-106X_mc2017_realistic_v6-v2/200911_121149/0000/myMicroAODOutputFile_20.root
%MSG-w XrdAdaptor:  file_open 20-Dec-2022 11:06:05 CET pre-events
Data is served from GRIF-IRFU instead of original site CERN-CMSGLOBAL-01
%MSG
20-Dec-2022 11:06:06 CET  Successfully opened file root://cms-xrd-global.cern.ch//store/user/alesauva/flashgg/UL2017_4/10_6_4/ZHiggs0L1ToGG_M125_TuneCP5_13TeV-JHUGenV7011-pythia8/UL2017_4-10_6_4-v0-RunIISummer19UL17MiniAOD-106X_mc2017_realistic_v6-v2/200911_121149/0000/myMicroAODOutputFile_20.root
2022-12-20 11:18:58.391607: I tensorflow/core/platform/cpu_feature_guard.cc:140] Your CPU supports instructions that this TensorFlow binary was not compiled to use: SSE4.1 SSE4.2 AVX AVX2 FMA
Begin processing the 1st record. Run 1, Event 315001, LumiSection 3151 on stream 0 at 20-Dec-2022 11:19:51.617 CET
[2022-12-20 11:20:34.833310 +0100][Error  ][AsyncSock         ] [xrootd.ba.infn.it:1094 #0.0] Socket error while handshaking: [ERROR] Socket timeout
[2022-12-20 11:20:34.833622 +0100][Error  ][PostMaster        ] [xrootd.ba.infn.it:1094 #0] elapsed = 45, pConnectionWindow = 31 seconds.
[2022-12-20 11:21:19.739829 +0100][Error  ][AsyncSock         ] [xrootd.ba.infn.it:1094 #0.0] Socket error while handshaking: [ERROR] Socket timeout
[2022-12-20 11:21:19.740024 +0100][Error  ][PostMaster        ] [xrootd.ba.infn.it:1094 #0] elapsed = 45, pConnectionWindow = 31 seconds.
[2022-12-20 11:21:19.740193 +0100][Error  ][PostMaster        ] [xrootd.ba.infn.it:1094 #0] Unable to recover: [ERROR] Socket timeout.
[2022-12-20 11:21:19.740217 +0100][Error  ][XRootD            ] [xrootd.ba.infn.it:1094] Impossible to send message kXR_open (file: /store/user/alesauva/flashgg/UL2017_4/10_6_4/ZHiggs0L1ToGG_M125_TuneCP5_13TeV-JHUGenV7011-pythia8/UL2017_4-10_6_4-v0-RunIISummer19UL17MiniAOD-106X_mc2017_realistic_v6-v2/200911_121149/0000/myMicroAODOutputFile_20.root?tried=stor72.datagrid.cea.fr, mode: 0660, flags: kXR_open_read kXR_async kXR_retstat ). Trying to recover.
Begin processing the 1001st record. Run 1, Event 59112, LumiSection 592 on stream 0 at 20-Dec-2022 11:24:41.489 CET
[2022-12-20 11:26:35.259176 +0100][Error  ][AsyncSock         ] [xrootd.ba.infn.it:1094 #0.0] Socket error while handshaking: [ERROR] Socket timeout
[2022-12-20 11:26:35.259316 +0100][Error  ][PostMaster        ] [xrootd.ba.infn.it:1094 #0] elapsed = 45, pConnectionWindow = 31 seconds.
Begin processing the 2001st record. Run 1, Event 84111, LumiSection 842 on stream 0 at 20-Dec-2022 11:27:11.667 CET
[2022-12-20 11:27:20.484116 +0100][Error  ][AsyncSock         ] [xrootd.ba.infn.it:1094 #0.0] Socket error while handshaking: [ERROR] Socket timeout
[2022-12-20 11:27:20.484312 +0100][Error  ][PostMaster        ] [xrootd.ba.infn.it:1094 #0] elapsed = 45, pConnectionWindow = 31 seconds.
[2022-12-20 11:27:20.484328 +0100][Error  ][PostMaster        ] [xrootd.ba.infn.it:1094 #0] Unable to recover: [ERROR] Socket timeout.
[2022-12-20 11:27:20.484339 +0100][Error  ][XRootD            ] [xrootd.ba.infn.it:1094] Impossible to send message kXR_open (file: /store/user/alesauva/flashgg/UL2017_4/10_6_4/ZHiggs0L1ToGG_M125_TuneCP5_13TeV-JHUGenV7011-pythia8/UL2017_4-10_6_4-v0-RunIISummer19UL17MiniAOD-106X_mc2017_realistic_v6-v2/200911_121149/0000/myMicroAODOutputFile_20.root?tried=stor72.datagrid.cea.fr, mode: 0660, flags: kXR_open_read kXR_async kXR_retstat ). Trying to recover.
Begin processing the 3001st record. Run 1, Event 85106, LumiSection 852 on stream 0 at 20-Dec-2022 11:29:37.404 CET
Begin processing the 4001st record. Run 1, Event 86108, LumiSection 862 on stream 0 at 20-Dec-2022 11:31:59.855 CET
Begin processing the 5001st record. Run 1, Event 92108, LumiSection 922 on stream 0 at 20-Dec-2022 11:34:24.466 CET
[2022-12-20 11:34:24.756289 +0100][Error  ][AsyncSock         ] [xrootd.ba.infn.it:1094 #0.0] Socket error while handshaking: [ERROR] Socket timeout
[2022-12-20 11:34:24.756455 +0100][Error  ][PostMaster        ] [xrootd.ba.infn.it:1094 #0] elapsed = 45, pConnectionWindow = 31 seconds.
[2022-12-20 11:35:10.005048 +0100][Error  ][AsyncSock         ] [xrootd.ba.infn.it:1094 #0.0] Socket error while handshaking: [ERROR] Socket timeout
[2022-12-20 11:35:10.005192 +0100][Error  ][PostMaster        ] [xrootd.ba.infn.it:1094 #0] elapsed = 46, pConnectionWindow = 31 seconds.
[2022-12-20 11:35:10.005203 +0100][Error  ][PostMaster        ] [xrootd.ba.infn.it:1094 #0] Unable to recover: [ERROR] Socket timeout.
[2022-12-20 11:35:10.005212 +0100][Error  ][XRootD            ] [xrootd.ba.infn.it:1094] Impossible to send message kXR_open (file: /store/user/alesauva/flashgg/UL2017_4/10_6_4/ZHiggs0L1ToGG_M125_TuneCP5_13TeV-JHUGenV7011-pythia8/UL2017_4-10_6_4-v0-RunIISummer19UL17MiniAOD-106X_mc2017_realistic_v6-v2/200911_121149/0000/myMicroAODOutputFile_20.root?tried=stor72.datagrid.cea.fr, mode: 0660, flags: kXR_open_read kXR_async kXR_retstat ). Trying to recover.
Begin processing the 6001st record. Run 1, Event 93108, LumiSection 932 on stream 0 at 20-Dec-2022 11:36:47.704 CET
Begin processing the 7001st record. Run 1, Event 94108, LumiSection 942 on stream 0 at 20-Dec-2022 11:39:08.130 CET
Begin processing the 8001st record. Run 1, Event 296804, LumiSection 2969 on stream 0 at 20-Dec-2022 11:41:33.185 CET
[2022-12-20 11:43:21.278105 +0100][Error  ][AsyncSock         ] [xrootd.ba.infn.it:1094 #0.0] Socket error while handshaking: [ERROR] Socket timeout
[2022-12-20 11:43:21.278295 +0100][Error  ][PostMaster        ] [xrootd.ba.infn.it:1094 #0] elapsed = 45, pConnectionWindow = 31 seconds.
Begin processing the 9001st record. Run 1, Event 299302, LumiSection 2994 on stream 0 at 20-Dec-2022 11:43:53.172 CET
[2022-12-20 11:44:06.483269 +0100][Error  ][AsyncSock         ] [xrootd.ba.infn.it:1094 #0.0] Socket error while handshaking: [ERROR] Socket timeout
[2022-12-20 11:44:06.483436 +0100][Error  ][PostMaster        ] [xrootd.ba.infn.it:1094 #0] elapsed = 45, pConnectionWindow = 31 seconds.
[2022-12-20 11:44:06.483451 +0100][Error  ][PostMaster        ] [xrootd.ba.infn.it:1094 #0] Unable to recover: [ERROR] Socket timeout.
[2022-12-20 11:44:06.483462 +0100][Error  ][XRootD            ] [xrootd.ba.infn.it:1094] Impossible to send message kXR_open (file: /store/user/alesauva/flashgg/UL2017_4/10_6_4/ZHiggs0L1ToGG_M125_TuneCP5_13TeV-JHUGenV7011-pythia8/UL2017_4-10_6_4-v0-RunIISummer19UL17MiniAOD-106X_mc2017_realistic_v6-v2/200911_121149/0000/myMicroAODOutputFile_20.root?tried=stor72.datagrid.cea.fr, mode: 0660, flags: kXR_open_read kXR_async kXR_retstat ). Trying to recover.
Begin processing the 10001st record. Run 1, Event 301301, LumiSection 3014 on stream 0 at 20-Dec-2022 11:46:13.817 CET
Begin processing the 11001st record. Run 1, Event 356912, LumiSection 3570 on stream 0 at 20-Dec-2022 11:48:37.334 CET
Begin processing the 12001st record. Run 1, Event 365108, LumiSection 3652 on stream 0 at 20-Dec-2022 11:51:03.691 CET
[2022-12-20 11:52:15.508138 +0100][Error  ][AsyncSock         ] [xrootd.ba.infn.it:1094 #0.0] Socket error while handshaking: [ERROR] Socket timeout
[2022-12-20 11:52:15.508230 +0100][Error  ][PostMaster        ] [xrootd.ba.infn.it:1094 #0] elapsed = 45, pConnectionWindow = 31 seconds.
[2022-12-20 11:53:00.746319 +0100][Error  ][AsyncSock         ] [xrootd.ba.infn.it:1094 #0.0] Socket error while handshaking: [ERROR] Socket timeout
[2022-12-20 11:53:00.746475 +0100][Error  ][PostMaster        ] [xrootd.ba.infn.it:1094 #0] elapsed = 45, pConnectionWindow = 31 seconds.
[2022-12-20 11:53:00.746495 +0100][Error  ][PostMaster        ] [xrootd.ba.infn.it:1094 #0] Unable to recover: [ERROR] Socket timeout.
[2022-12-20 11:53:00.746523 +0100][Error  ][XRootD            ] [xrootd.ba.infn.it:1094] Impossible to send message kXR_open (file: /store/user/alesauva/flashgg/UL2017_4/10_6_4/ZHiggs0L1ToGG_M125_TuneCP5_13TeV-JHUGenV7011-pythia8/UL2017_4-10_6_4-v0-RunIISummer19UL17MiniAOD-106X_mc2017_realistic_v6-v2/200911_121149/0000/myMicroAODOutputFile_20.root?tried=stor72.datagrid.cea.fr, mode: 0660, flags: kXR_open_read kXR_async kXR_retstat ). Trying to recover.
Begin processing the 13001st record. Run 1, Event 305016, LumiSection 3051 on stream 0 at 20-Dec-2022 11:53:21.382 CET
Begin processing the 14001st record. Run 1, Event 306107, LumiSection 3062 on stream 0 at 20-Dec-2022 11:55:42.530 CET
Begin processing the 15001st record. Run 1, Event 372004, LumiSection 3721 on stream 0 at 20-Dec-2022 11:58:08.177 CET
Begin processing the 16001st record. Run 1, Event 373001, LumiSection 3731 on stream 0 at 20-Dec-2022 12:00:25.580 CET
[2022-12-20 12:01:01.024077 +0100][Error  ][AsyncSock         ] [xrootd.ba.infn.it:1094 #0.0] Socket error while handshaking: [ERROR] Socket timeout
[2022-12-20 12:01:01.024179 +0100][Error  ][PostMaster        ] [xrootd.ba.infn.it:1094 #0] elapsed = 45, pConnectionWindow = 31 seconds.
[2022-12-20 12:01:46.263145 +0100][Error  ][AsyncSock         ] [xrootd.ba.infn.it:1094 #0.0] Socket error while handshaking: [ERROR] Socket timeout
[2022-12-20 12:01:46.263273 +0100][Error  ][PostMaster        ] [xrootd.ba.infn.it:1094 #0] elapsed = 45, pConnectionWindow = 31 seconds.
[2022-12-20 12:01:46.263284 +0100][Error  ][PostMaster        ] [xrootd.ba.infn.it:1094 #0] Unable to recover: [ERROR] Socket timeout.
[2022-12-20 12:01:46.263295 +0100][Error  ][XRootD            ] [xrootd.ba.infn.it:1094] Impossible to send message kXR_open (file: /store/user/alesauva/flashgg/UL2017_4/10_6_4/ZHiggs0L1ToGG_M125_TuneCP5_13TeV-JHUGenV7011-pythia8/UL2017_4-10_6_4-v0-RunIISummer19UL17MiniAOD-106X_mc2017_realistic_v6-v2/200911_121149/0000/myMicroAODOutputFile_20.root?tried=stor72.datagrid.cea.fr, mode: 0660, flags: kXR_open_read kXR_async kXR_retstat ). Trying to recover.
Begin processing the 17001st record. Run 1, Event 374010, LumiSection 3741 on stream 0 at 20-Dec-2022 12:02:44.305 CET
Begin processing the 18001st record. Run 1, Event 470011, LumiSection 4701 on stream 0 at 20-Dec-2022 12:04:54.434 CET
Begin processing the 19001st record. Run 1, Event 471014, LumiSection 4711 on stream 0 at 20-Dec-2022 12:07:17.442 CET
[2022-12-20 12:09:35.359025 +0100][Error  ][AsyncSock         ] [xrootd.ba.infn.it:1094 #0.0] Socket error while handshaking: [ERROR] Socket timeout
[2022-12-20 12:09:35.359180 +0100][Error  ][PostMaster        ] [xrootd.ba.infn.it:1094 #0] elapsed = 45, pConnectionWindow = 31 seconds.
Begin processing the 20001st record. Run 1, Event 478808, LumiSection 4789 on stream 0 at 20-Dec-2022 12:09:35.533 CET
[2022-12-20 12:10:20.607463 +0100][Error  ][AsyncSock         ] [xrootd.ba.infn.it:1094 #0.0] Socket error while handshaking: [ERROR] Socket timeout
[2022-12-20 12:10:20.607595 +0100][Error  ][PostMaster        ] [xrootd.ba.infn.it:1094 #0] elapsed = 45, pConnectionWindow = 31 seconds.
[2022-12-20 12:10:20.607608 +0100][Error  ][PostMaster        ] [xrootd.ba.infn.it:1094 #0] Unable to recover: [ERROR] Socket timeout.
[2022-12-20 12:10:20.607618 +0100][Error  ][XRootD            ] [xrootd.ba.infn.it:1094] Impossible to send message kXR_open (file: /store/user/alesauva/flashgg/UL2017_4/10_6_4/ZHiggs0L1ToGG_M125_TuneCP5_13TeV-JHUGenV7011-pythia8/UL2017_4-10_6_4-v0-RunIISummer19UL17MiniAOD-106X_mc2017_realistic_v6-v2/200911_121149/0000/myMicroAODOutputFile_20.root?tried=stor72.datagrid.cea.fr, mode: 0660, flags: kXR_open_read kXR_async kXR_retstat ). Trying to recover.
Begin processing the 21001st record. Run 1, Event 479805, LumiSection 4799 on stream 0 at 20-Dec-2022 12:11:55.247 CET
Begin processing the 22001st record. Run 1, Event 480804, LumiSection 4809 on stream 0 at 20-Dec-2022 12:14:20.465 CET
Begin processing the 23001st record. Run 1, Event 698105, LumiSection 6982 on stream 0 at 20-Dec-2022 12:16:39.540 CET
[2022-12-20 12:18:23.065090 +0100][Error  ][AsyncSock         ] [xrootd.ba.infn.it:1094 #0.0] Socket error while handshaking: [ERROR] Socket timeout
[2022-12-20 12:18:23.065215 +0100][Error  ][PostMaster        ] [xrootd.ba.infn.it:1094 #0] elapsed = 45, pConnectionWindow = 31 seconds.
Begin processing the 24001st record. Run 1, Event 699106, LumiSection 6992 on stream 0 at 20-Dec-2022 12:19:00.872 CET
[2022-12-20 12:19:08.295080 +0100][Error  ][AsyncSock         ] [xrootd.ba.infn.it:1094 #0.0] Socket error while handshaking: [ERROR] Socket timeout
[2022-12-20 12:19:08.295235 +0100][Error  ][PostMaster        ] [xrootd.ba.infn.it:1094 #0] elapsed = 45, pConnectionWindow = 31 seconds.
[2022-12-20 12:19:08.295246 +0100][Error  ][PostMaster        ] [xrootd.ba.infn.it:1094 #0] Unable to recover: [ERROR] Socket timeout.
[2022-12-20 12:19:08.295267 +0100][Error  ][XRootD            ] [xrootd.ba.infn.it:1094] Impossible to send message kXR_open (file: /store/user/alesauva/flashgg/UL2017_4/10_6_4/ZHiggs0L1ToGG_M125_TuneCP5_13TeV-JHUGenV7011-pythia8/UL2017_4-10_6_4-v0-RunIISummer19UL17MiniAOD-106X_mc2017_realistic_v6-v2/200911_121149/0000/myMicroAODOutputFile_20.root?tried=stor72.datagrid.cea.fr, mode: 0660, flags: kXR_open_read kXR_async kXR_retstat ). Trying to recover.
20-Dec-2022 12:21:23 CET  Closed file root://cms-xrd-global.cern.ch//store/user/alesauva/flashgg/UL2017_4/10_6_4/ZHiggs0L1ToGG_M125_TuneCP5_13TeV-JHUGenV7011-pythia8/UL2017_4-10_6_4-v0-RunIISummer19UL17MiniAOD-106X_mc2017_realistic_v6-v2/200911_121149/0000/myMicroAODOutputFile_20.root

TrigReport ---------- Event  Summary ------------
TrigReport Events total = 25000 passed = 24678 failed = 322

TrigReport ---------- Path   Summary ------------
TrigReport  Trig Bit#   Executed     Passed     Failed      Error Name
TrigReport     1    0      25000      24678        322          0 p

TrigReport -------End-Path   Summary ------------
TrigReport  Trig Bit#   Executed     Passed     Failed      Error Name

TrigReport ---------- Modules in Path: p ------------
TrigReport  Trig Bit#    Visited     Passed     Failed      Error Name
TrigReport     1    0      25000      24678        322          0 flashggMetFilters
TrigReport     1    1      24678      24678          0          0 VHFilter
TrigReport     1    2      24678      24678          0          0 flashggDifferentialPhoIdInputsCorrection
TrigReport     1    3      24678      24678          0          0 flashggDiPhotonSystematics
TrigReport     1    4      24678      24678          0          0 flashggMetSystematics
TrigReport     1    5      24678      24678          0          0 flashggMuonSystematics
TrigReport     1    6      24678      24678          0          0 flashggElectronSystematics
TrigReport     1    7      24678      24678          0          0 flashggUnpackedJets
TrigReport     1    8      24678      24678          0          0 flashggJetSystematics0
TrigReport     1    9      24678      24678          0          0 flashggJetSystematics1
TrigReport     1   10      24678      24678          0          0 flashggJetSystematics2
TrigReport     1   11      24678      24678          0          0 flashggJetSystematics3
TrigReport     1   12      24678      24678          0          0 flashggJetSystematics4
TrigReport     1   13      24678      24678          0          0 flashggJetSystematics5
TrigReport     1   14      24678      24678          0          0 flashggJetSystematics6
TrigReport     1   15      24678      24678          0          0 flashggJetSystematics7
TrigReport     1   16      24678      24678          0          0 flashggJetSystematics8
TrigReport     1   17      24678      24678          0          0 flashggJetSystematics9
TrigReport     1   18      24678      24678          0          0 flashggJetSystematics10
TrigReport     1   19      24678      24678          0          0 flashggJetSystematics11
TrigReport     1   20      24678      24678          0          0 flashggPrefireDiPhotons
TrigReport     1   21      24678      24678          0          0 flashggPreselectedDiPhotons
TrigReport     1   22      24678      24678          0          0 flashggDiPhotonMVA
TrigReport     1   23      24678      24678          0          0 flashggVBFMVA
TrigReport     1   24      24678      24678          0          0 flashggVHhadMVA
TrigReport     1   25      24678      24678          0          0 flashggGluGluHMVA
TrigReport     1   26      24678      24678          0          0 flashggStageOneCombinedTag
TrigReport     1   27      24678      24678          0          0 flashggTHQLeptonicTag
TrigReport     1   28      24678      24678          0          0 flashggVHMetTag
TrigReport     1   29      24678      24678          0          0 flashggWHLeptonicTag
TrigReport     1   30      24678      24678          0          0 flashggZHLeptonicTag
TrigReport     1   31      24678      24678          0          0 flashggTTHLeptonicTag
TrigReport     1   32      24678      24678          0          0 flashggTTHHadronicTag
TrigReport     1   33      24678      24678          0          0 flashggTagSorter
TrigReport     1   34      24678      24678          0          0 flashggSystTagMerger
TrigReport     1   35      24678      24678          0          0 tagsDumper

TrigReport ---------- Module Summary ------------
TrigReport    Visited   Executed     Passed     Failed      Error Name
TrigReport      25000      25000      25000          0          0 TriggerResults
TrigReport      24678      24678      24678          0          0 VHFilter
TrigReport      24678      24678      24678          0          0 ak4PFCHSL1FastL2L3Corrector
TrigReport      24678      24678      24678          0          0 ak4PFCHSL1FastjetCorrector
TrigReport      24678      24678      24678          0          0 ak4PFCHSL2RelativeCorrector
TrigReport      24678      24678      24678          0          0 ak4PFCHSL3AbsoluteCorrector
TrigReport      24678      24678      24678          0          0 flashggDiPhotonMVA
TrigReport      24678      24678      24678          0          0 flashggDiPhotonSystematics
TrigReport      24678      24678      24678          0          0 flashggDifferentialPhoIdInputsCorrection
TrigReport      24678      24678      24678          0          0 flashggElectronSystematics
TrigReport      24678      24678      24678          0          0 flashggGluGluHMVA
TrigReport      24678      24678      24678          0          0 flashggJetSystematics0
TrigReport      24678      24678      24678          0          0 flashggJetSystematics1
TrigReport      24678      24678      24678          0          0 flashggJetSystematics10
TrigReport      24678      24678      24678          0          0 flashggJetSystematics11
TrigReport      24678      24678      24678          0          0 flashggJetSystematics2
TrigReport      24678      24678      24678          0          0 flashggJetSystematics3
TrigReport      24678      24678      24678          0          0 flashggJetSystematics4
TrigReport      24678      24678      24678          0          0 flashggJetSystematics5
TrigReport      24678      24678      24678          0          0 flashggJetSystematics6
TrigReport      24678      24678      24678          0          0 flashggJetSystematics7
TrigReport      24678      24678      24678          0          0 flashggJetSystematics8
TrigReport      24678      24678      24678          0          0 flashggJetSystematics9
TrigReport      25000      25000      24678        322          0 flashggMetFilters
TrigReport      24678      24678      24678          0          0 flashggMetSystematics
TrigReport      24678      24678      24678          0          0 flashggMuonSystematics
TrigReport      24678      24678      24678          0          0 flashggPrefireDiPhotons
TrigReport      24678      24678      24678          0          0 flashggPreselectedDiPhotons
TrigReport      24678      24678      24678          0          0 flashggStageOneCombinedTag
TrigReport      24678      24678      24678          0          0 flashggSystTagMerger
TrigReport      24678      24678      24678          0          0 flashggTHQLeptonicTag
TrigReport      24678      24678      24678          0          0 flashggTTHHadronicTag
TrigReport      24678      24678      24678          0          0 flashggTTHLeptonicTag
TrigReport      24678      24678      24678          0          0 flashggTagSorter
TrigReport      24678      24678      24678          0          0 flashggUnpackedJets
TrigReport      24678      24678      24678          0          0 flashggVBFMVA
TrigReport      24678      24678      24678          0          0 flashggVHMetTag
TrigReport      24678      24678      24678          0          0 flashggVHhadMVA
TrigReport      24678      24678      24678          0          0 flashggWHLeptonicTag
TrigReport      24678      24678      24678          0          0 flashggZHLeptonicTag
TrigReport      25000      25000      25000          0          0 p
TrigReport      24678      24678      24678          0          0 tagsDumper

TimeReport ---------- Event  Summary ---[sec]----
TimeReport       event loop CPU/event = 0.147148
TimeReport      event loop Real/event = 0.147739
TimeReport     sum Streams Real/event = 0.143583
TimeReport efficiency CPU/Real/thread = 0.996000

TimeReport ---------- Path   Summary ---[Real sec]----
TimeReport  per event     per exec  Name
TimeReport   0.143098     0.143098  p
TimeReport  per event     per exec  Name

TimeReport -------End-Path   Summary ---[Real sec]----
TimeReport  per event     per exec  Name
TimeReport  per event     per exec  Name

TimeReport ---------- Modules in Path: p ---[Real sec]----
TimeReport  per event    per visit  Name
TimeReport   0.000015     0.000015  flashggMetFilters
TimeReport   0.000006     0.000006  VHFilter
TimeReport   0.076284     0.077279  flashggDifferentialPhoIdInputsCorrection
TimeReport   0.049011     0.049651  flashggDiPhotonSystematics
TimeReport   0.000176     0.000179  flashggMetSystematics
TimeReport   0.000049     0.000050  flashggMuonSystematics
TimeReport   0.000038     0.000039  flashggElectronSystematics
TimeReport   0.000231     0.000234  flashggUnpackedJets
TimeReport   0.003962     0.004014  flashggJetSystematics0
TimeReport   0.000726     0.000736  flashggJetSystematics1
TimeReport   0.000665     0.000673  flashggJetSystematics2
TimeReport   0.000640     0.000648  flashggJetSystematics3
TimeReport   0.000633     0.000641  flashggJetSystematics4
TimeReport   0.000627     0.000635  flashggJetSystematics5
TimeReport   0.000621     0.000629  flashggJetSystematics6
TimeReport   0.000621     0.000629  flashggJetSystematics7
TimeReport   0.000619     0.000627  flashggJetSystematics8
TimeReport   0.000616     0.000624  flashggJetSystematics9
TimeReport   0.000615     0.000623  flashggJetSystematics10
TimeReport   0.000617     0.000625  flashggJetSystematics11
TimeReport   0.000315     0.000319  flashggPrefireDiPhotons
TimeReport   0.000133     0.000135  flashggPreselectedDiPhotons
TimeReport   0.000040     0.000040  flashggDiPhotonMVA
TimeReport   0.000034     0.000034  flashggVBFMVA
TimeReport   0.000019     0.000019  flashggVHhadMVA
TimeReport   0.000057     0.000058  flashggGluGluHMVA
TimeReport   0.000036     0.000036  flashggStageOneCombinedTag
TimeReport   0.000533     0.000540  flashggTHQLeptonicTag
TimeReport   0.000383     0.000388  flashggVHMetTag
TimeReport   0.000027     0.000027  flashggWHLeptonicTag
TimeReport   0.000023     0.000023  flashggZHLeptonicTag
TimeReport   0.000072     0.000073  flashggTTHLeptonicTag
TimeReport   0.001642     0.001663  flashggTTHHadronicTag
TimeReport   0.000086     0.000087  flashggTagSorter
TimeReport   0.000004     0.000004  flashggSystTagMerger
TimeReport   0.000356     0.000360  tagsDumper
TimeReport  per event    per visit  Name

TimeReport ---------- Module Summary ---[Real sec]----
TimeReport  per event     per exec    per visit  Name
TimeReport   0.000003     0.000003     0.000003  TriggerResults
TimeReport   0.000006     0.000006     0.000006  VHFilter
TimeReport   0.000003     0.000003     0.000003  ak4PFCHSL1FastL2L3Corrector
TimeReport   0.000004     0.000004     0.000004  ak4PFCHSL1FastjetCorrector
TimeReport   0.000002     0.000002     0.000002  ak4PFCHSL2RelativeCorrector
TimeReport   0.000015     0.000015     0.000015  ak4PFCHSL3AbsoluteCorrector
TimeReport   0.000040     0.000040     0.000040  flashggDiPhotonMVA
TimeReport   0.049011     0.049651     0.049651  flashggDiPhotonSystematics
TimeReport   0.076284     0.077279     0.077279  flashggDifferentialPhoIdInputsCorrection
TimeReport   0.000038     0.000039     0.000039  flashggElectronSystematics
TimeReport   0.000057     0.000058     0.000058  flashggGluGluHMVA
TimeReport   0.003962     0.004014     0.004014  flashggJetSystematics0
TimeReport   0.000726     0.000736     0.000736  flashggJetSystematics1
TimeReport   0.000615     0.000623     0.000623  flashggJetSystematics10
TimeReport   0.000617     0.000625     0.000625  flashggJetSystematics11
TimeReport   0.000665     0.000673     0.000673  flashggJetSystematics2
TimeReport   0.000640     0.000648     0.000648  flashggJetSystematics3
TimeReport   0.000633     0.000641     0.000641  flashggJetSystematics4
TimeReport   0.000627     0.000635     0.000635  flashggJetSystematics5
TimeReport   0.000621     0.000629     0.000629  flashggJetSystematics6
TimeReport   0.000621     0.000629     0.000629  flashggJetSystematics7
TimeReport   0.000619     0.000627     0.000627  flashggJetSystematics8
TimeReport   0.000616     0.000624     0.000624  flashggJetSystematics9
TimeReport   0.000015     0.000015     0.000015  flashggMetFilters
TimeReport   0.000176     0.000179     0.000179  flashggMetSystematics
TimeReport   0.000049     0.000050     0.000050  flashggMuonSystematics
TimeReport   0.000315     0.000319     0.000319  flashggPrefireDiPhotons
TimeReport   0.000133     0.000135     0.000135  flashggPreselectedDiPhotons
TimeReport   0.000036     0.000036     0.000036  flashggStageOneCombinedTag
TimeReport   0.000004     0.000004     0.000004  flashggSystTagMerger
TimeReport   0.000533     0.000540     0.000540  flashggTHQLeptonicTag
TimeReport   0.001642     0.001663     0.001663  flashggTTHHadronicTag
TimeReport   0.000072     0.000073     0.000073  flashggTTHLeptonicTag
TimeReport   0.000086     0.000087     0.000087  flashggTagSorter
TimeReport   0.000231     0.000234     0.000234  flashggUnpackedJets
TimeReport   0.000034     0.000034     0.000034  flashggVBFMVA
TimeReport   0.000383     0.000388     0.000388  flashggVHMetTag
TimeReport   0.000019     0.000019     0.000019  flashggVHhadMVA
TimeReport   0.000027     0.000027     0.000027  flashggWHLeptonicTag
TimeReport   0.000023     0.000023     0.000023  flashggZHLeptonicTag
TimeReport   0.000003     0.000003     0.000003  p
TimeReport   0.000356     0.000360     0.000360  tagsDumper
TimeReport  per event     per exec    per visit  Name

T---Report end!


=============================================

MessageLogger Summary

 type     category        sev    module        subroutine        count    total
 ---- -------------------- -- ---------------- ----------------  -----    -----
    1 XrdAdaptor           -w file_open                              1        1
    2 fileAction           -s file_close                             1        1
    3 fileAction           -s file_open                              2        2

 type    category    Examples: run/evt        run/evt          run/evt
 ---- -------------------- ---------------- ---------------- ----------------
    1 XrdAdaptor           pre-events                        
    2 fileAction           PostGlobalEndRun                  
    3 fileAction           pre-events       pre-events       

Severity    # Occurrences   Total Occurrences
--------    -------------   -----------------
Warning                 1                   1
System                  3                   3

dropped waiting message count 0
