mkdir: cannot create directory '/afs/cern.ch/user/x/xisu/private/local/Analysis_workspace/VH_AC_tmp1/flashgg_d2/CMSSW_10_6_29/src/flashgg/VHAC_Analysis_Met/UL_17/UL_17_zh125': File exists
/cvmfs/cms.cern.ch/slc7_amd64_gcc700/external/py2-requests/2.21.0-pafccj2/lib/python2.7/site-packages/requests/__init__.py:91: RequestsDependencyWarning: urllib3 (1.25.2) or chardet (3.0.4) doesn't match a supported version!
  RequestsDependencyWarning)
20-Dec-2022 11:11:26 CET  Initiating request to open file root://cms-xrd-global.cern.ch//store/user/alesauva/flashgg/UL2017_3/10_6_4/VHToGG_M125_TuneCP5_13TeV-amcatnloFXFX-madspin-pythia8/UL2017_3-10_6_4-v0-RunIISummer19UL17MiniAOD-106X_mc2017_realistic_v6-v1/200718_083214/0000/myMicroAODOutputFile_15.root
%MSG-w XrdAdaptor:  file_open 20-Dec-2022 11:11:29 CET pre-events
Data is served from GRIF-IRFU instead of original site CERN-CMSGLOBAL-02
%MSG
20-Dec-2022 11:11:30 CET  Successfully opened file root://cms-xrd-global.cern.ch//store/user/alesauva/flashgg/UL2017_3/10_6_4/VHToGG_M125_TuneCP5_13TeV-amcatnloFXFX-madspin-pythia8/UL2017_3-10_6_4-v0-RunIISummer19UL17MiniAOD-106X_mc2017_realistic_v6-v1/200718_083214/0000/myMicroAODOutputFile_15.root
2022-12-20 11:26:59.644818: I tensorflow/core/platform/cpu_feature_guard.cc:140] Your CPU supports instructions that this TensorFlow binary was not compiled to use: SSE4.1 SSE4.2 AVX AVX2 FMA
Begin processing the 1st record. Run 1, Event 514634, LumiSection 1907 on stream 0 at 20-Dec-2022 11:28:21.901 CET
[2022-12-20 11:29:06.120397 +0100][Error  ][AsyncSock         ] [xrootd.ba.infn.it:1094 #0.0] Socket error while handshaking: [ERROR] Socket timeout
[2022-12-20 11:29:06.120608 +0100][Error  ][PostMaster        ] [xrootd.ba.infn.it:1094 #0] elapsed = 45, pConnectionWindow = 31 seconds.
[2022-12-20 11:29:51.362444 +0100][Error  ][AsyncSock         ] [xrootd.ba.infn.it:1094 #0.0] Socket error while handshaking: [ERROR] Socket timeout
[2022-12-20 11:29:51.362611 +0100][Error  ][PostMaster        ] [xrootd.ba.infn.it:1094 #0] elapsed = 45, pConnectionWindow = 31 seconds.
[2022-12-20 11:29:51.362666 +0100][Error  ][PostMaster        ] [xrootd.ba.infn.it:1094 #0] Unable to recover: [ERROR] Socket timeout.
[2022-12-20 11:29:51.362691 +0100][Error  ][XRootD            ] [xrootd.ba.infn.it:1094] Impossible to send message kXR_open (file: /store/user/alesauva/flashgg/UL2017_3/10_6_4/VHToGG_M125_TuneCP5_13TeV-amcatnloFXFX-madspin-pythia8/UL2017_3-10_6_4-v0-RunIISummer19UL17MiniAOD-106X_mc2017_realistic_v6-v1/200718_083214/0000/myMicroAODOutputFile_15.root?tried=stor95.datagrid.cea.fr, mode: 0660, flags: kXR_open_read kXR_async kXR_retstat ). Trying to recover.
Begin processing the 1001st record. Run 1, Event 524785, LumiSection 1944 on stream 0 at 20-Dec-2022 11:33:05.523 CET
Begin processing the 2001st record. Run 1, Event 527663, LumiSection 1955 on stream 0 at 20-Dec-2022 11:34:15.556 CET
Begin processing the 3001st record. Run 1, Event 1062116, LumiSection 3934 on stream 0 at 20-Dec-2022 11:35:24.586 CET
Begin processing the 4001st record. Run 1, Event 1068665, LumiSection 3959 on stream 0 at 20-Dec-2022 11:36:29.359 CET
[2022-12-20 11:37:03.273272 +0100][Error  ][AsyncSock         ] [xrootd.ba.infn.it:1094 #0.0] Socket error while handshaking: [ERROR] Socket timeout
[2022-12-20 11:37:03.273425 +0100][Error  ][PostMaster        ] [xrootd.ba.infn.it:1094 #0] elapsed = 45, pConnectionWindow = 31 seconds.
Begin processing the 5001st record. Run 1, Event 1054764, LumiSection 3907 on stream 0 at 20-Dec-2022 11:37:36.455 CET
[2022-12-20 11:37:48.114280 +0100][Error  ][AsyncSock         ] [xrootd.ba.infn.it:1094 #0.0] Socket error while handshaking: [ERROR] Socket timeout
[2022-12-20 11:37:48.114462 +0100][Error  ][PostMaster        ] [xrootd.ba.infn.it:1094 #0] elapsed = 45, pConnectionWindow = 31 seconds.
[2022-12-20 11:37:48.114484 +0100][Error  ][PostMaster        ] [xrootd.ba.infn.it:1094 #0] Unable to recover: [ERROR] Socket timeout.
[2022-12-20 11:37:48.114496 +0100][Error  ][XRootD            ] [xrootd.ba.infn.it:1094] Impossible to send message kXR_open (file: /store/user/alesauva/flashgg/UL2017_3/10_6_4/VHToGG_M125_TuneCP5_13TeV-amcatnloFXFX-madspin-pythia8/UL2017_3-10_6_4-v0-RunIISummer19UL17MiniAOD-106X_mc2017_realistic_v6-v1/200718_083214/0000/myMicroAODOutputFile_15.root?tried=stor95.datagrid.cea.fr, mode: 0660, flags: kXR_open_read kXR_async kXR_retstat ). Trying to recover.
Begin processing the 6001st record. Run 1, Event 1089167, LumiSection 4034 on stream 0 at 20-Dec-2022 11:38:53.397 CET
Begin processing the 7001st record. Run 1, Event 1093061, LumiSection 4049 on stream 0 at 20-Dec-2022 11:39:59.331 CET
Begin processing the 8001st record. Run 1, Event 1096101, LumiSection 4060 on stream 0 at 20-Dec-2022 11:41:11.815 CET
Begin processing the 9001st record. Run 1, Event 490595, LumiSection 1818 on stream 0 at 20-Dec-2022 11:42:24.930 CET
Begin processing the 10001st record. Run 1, Event 538499, LumiSection 1995 on stream 0 at 20-Dec-2022 11:43:36.206 CET
Begin processing the 11001st record. Run 1, Event 497258, LumiSection 1842 on stream 0 at 20-Dec-2022 11:44:57.820 CET
Begin processing the 12001st record. Run 1, Event 790895, LumiSection 2930 on stream 0 at 20-Dec-2022 11:46:14.804 CET
[2022-12-20 11:46:23.535343 +0100][Error  ][AsyncSock         ] [xrootd.ba.infn.it:1094 #0.0] Socket error while handshaking: [ERROR] Socket timeout
[2022-12-20 11:46:23.535510 +0100][Error  ][PostMaster        ] [xrootd.ba.infn.it:1094 #0] elapsed = 45, pConnectionWindow = 31 seconds.
[2022-12-20 11:47:08.819268 +0100][Error  ][AsyncSock         ] [xrootd.ba.infn.it:1094 #0.0] Socket error while handshaking: [ERROR] Socket timeout
[2022-12-20 11:47:08.819501 +0100][Error  ][PostMaster        ] [xrootd.ba.infn.it:1094 #0] elapsed = 45, pConnectionWindow = 31 seconds.
[2022-12-20 11:47:08.819521 +0100][Error  ][PostMaster        ] [xrootd.ba.infn.it:1094 #0] Unable to recover: [ERROR] Socket timeout.
[2022-12-20 11:47:08.819537 +0100][Error  ][XRootD            ] [xrootd.ba.infn.it:1094] Impossible to send message kXR_open (file: /store/user/alesauva/flashgg/UL2017_3/10_6_4/VHToGG_M125_TuneCP5_13TeV-amcatnloFXFX-madspin-pythia8/UL2017_3-10_6_4-v0-RunIISummer19UL17MiniAOD-106X_mc2017_realistic_v6-v1/200718_083214/0000/myMicroAODOutputFile_15.root?tried=stor95.datagrid.cea.fr, mode: 0660, flags: kXR_open_read kXR_async kXR_retstat ). Trying to recover.
Begin processing the 13001st record. Run 1, Event 1262591, LumiSection 4677 on stream 0 at 20-Dec-2022 11:47:21.167 CET
Begin processing the 14001st record. Run 1, Event 621288, LumiSection 2302 on stream 0 at 20-Dec-2022 11:48:32.935 CET
Begin processing the 15001st record. Run 1, Event 624225, LumiSection 2312 on stream 0 at 20-Dec-2022 11:49:34.815 CET
Begin processing the 16001st record. Run 1, Event 627846, LumiSection 2326 on stream 0 at 20-Dec-2022 11:50:47.870 CET
Begin processing the 17001st record. Run 1, Event 797256, LumiSection 2953 on stream 0 at 20-Dec-2022 11:51:56.590 CET
Begin processing the 18001st record. Run 1, Event 629757, LumiSection 2333 on stream 0 at 20-Dec-2022 11:53:03.430 CET
Begin processing the 19001st record. Run 1, Event 632698, LumiSection 2344 on stream 0 at 20-Dec-2022 11:54:04.462 CET
[2022-12-20 11:55:02.806279 +0100][Error  ][AsyncSock         ] [xrootd.ba.infn.it:1094 #0.0] Socket error while handshaking: [ERROR] Socket timeout
[2022-12-20 11:55:02.806406 +0100][Error  ][PostMaster        ] [xrootd.ba.infn.it:1094 #0] elapsed = 45, pConnectionWindow = 31 seconds.
Begin processing the 20001st record. Run 1, Event 635628, LumiSection 2355 on stream 0 at 20-Dec-2022 11:55:08.288 CET
[2022-12-20 11:55:47.213281 +0100][Error  ][AsyncSock         ] [xrootd.ba.infn.it:1094 #0.0] Socket error while handshaking: [ERROR] Socket timeout
[2022-12-20 11:55:47.213413 +0100][Error  ][PostMaster        ] [xrootd.ba.infn.it:1094 #0] elapsed = 45, pConnectionWindow = 31 seconds.
[2022-12-20 11:55:47.213450 +0100][Error  ][PostMaster        ] [xrootd.ba.infn.it:1094 #0] Unable to recover: [ERROR] Socket timeout.
[2022-12-20 11:55:47.213463 +0100][Error  ][XRootD            ] [xrootd.ba.infn.it:1094] Impossible to send message kXR_open (file: /store/user/alesauva/flashgg/UL2017_3/10_6_4/VHToGG_M125_TuneCP5_13TeV-amcatnloFXFX-madspin-pythia8/UL2017_3-10_6_4-v0-RunIISummer19UL17MiniAOD-106X_mc2017_realistic_v6-v1/200718_083214/0000/myMicroAODOutputFile_15.root?tried=stor95.datagrid.cea.fr, mode: 0660, flags: kXR_open_read kXR_async kXR_retstat ). Trying to recover.
Begin processing the 21001st record. Run 1, Event 1303793, LumiSection 4829 on stream 0 at 20-Dec-2022 11:56:20.017 CET
Begin processing the 22001st record. Run 1, Event 1307206, LumiSection 4842 on stream 0 at 20-Dec-2022 11:57:24.655 CET
Begin processing the 23001st record. Run 1, Event 1138898, LumiSection 4219 on stream 0 at 20-Dec-2022 11:58:35.848 CET
Begin processing the 24001st record. Run 1, Event 1194133, LumiSection 4423 on stream 0 at 20-Dec-2022 11:59:40.028 CET
Begin processing the 25001st record. Run 1, Event 1217304, LumiSection 4509 on stream 0 at 20-Dec-2022 12:00:47.622 CET
20-Dec-2022 12:00:58 CET  Closed file root://cms-xrd-global.cern.ch//store/user/alesauva/flashgg/UL2017_3/10_6_4/VHToGG_M125_TuneCP5_13TeV-amcatnloFXFX-madspin-pythia8/UL2017_3-10_6_4-v0-RunIISummer19UL17MiniAOD-106X_mc2017_realistic_v6-v1/200718_083214/0000/myMicroAODOutputFile_15.root

TrigReport ---------- Event  Summary ------------
TrigReport Events total = 25150 passed = 8906 failed = 16244

TrigReport ---------- Path   Summary ------------
TrigReport  Trig Bit#   Executed     Passed     Failed      Error Name
TrigReport     1    0      25150       8906      16244          0 p

TrigReport -------End-Path   Summary ------------
TrigReport  Trig Bit#   Executed     Passed     Failed      Error Name

TrigReport ---------- Modules in Path: p ------------
TrigReport  Trig Bit#    Visited     Passed     Failed      Error Name
TrigReport     1    0      25150      25015        135          0 flashggMetFilters
TrigReport     1    1      25015       8906      16109          0 VHFilter
TrigReport     1    2       8906       8906          0          0 flashggDifferentialPhoIdInputsCorrection
TrigReport     1    3       8906       8906          0          0 flashggDiPhotonSystematics
TrigReport     1    4       8906       8906          0          0 flashggMetSystematics
TrigReport     1    5       8906       8906          0          0 flashggMuonSystematics
TrigReport     1    6       8906       8906          0          0 flashggElectronSystematics
TrigReport     1    7       8906       8906          0          0 flashggUnpackedJets
TrigReport     1    8       8906       8906          0          0 flashggJetSystematics0
TrigReport     1    9       8906       8906          0          0 flashggJetSystematics1
TrigReport     1   10       8906       8906          0          0 flashggJetSystematics2
TrigReport     1   11       8906       8906          0          0 flashggJetSystematics3
TrigReport     1   12       8906       8906          0          0 flashggJetSystematics4
TrigReport     1   13       8906       8906          0          0 flashggJetSystematics5
TrigReport     1   14       8906       8906          0          0 flashggJetSystematics6
TrigReport     1   15       8906       8906          0          0 flashggJetSystematics7
TrigReport     1   16       8906       8906          0          0 flashggJetSystematics8
TrigReport     1   17       8906       8906          0          0 flashggJetSystematics9
TrigReport     1   18       8906       8906          0          0 flashggJetSystematics10
TrigReport     1   19       8906       8906          0          0 flashggJetSystematics11
TrigReport     1   20       8906       8906          0          0 flashggPrefireDiPhotons
TrigReport     1   21       8906       8906          0          0 flashggPreselectedDiPhotons
TrigReport     1   22       8906       8906          0          0 flashggDiPhotonMVA
TrigReport     1   23       8906       8906          0          0 flashggVBFMVA
TrigReport     1   24       8906       8906          0          0 flashggVHhadMVA
TrigReport     1   25       8906       8906          0          0 flashggGluGluHMVA
TrigReport     1   26       8906       8906          0          0 flashggStageOneCombinedTag
TrigReport     1   27       8906       8906          0          0 flashggTHQLeptonicTag
TrigReport     1   28       8906       8906          0          0 flashggVHMetTag
TrigReport     1   29       8906       8906          0          0 flashggWHLeptonicTag
TrigReport     1   30       8906       8906          0          0 flashggZHLeptonicTag
TrigReport     1   31       8906       8906          0          0 flashggTTHLeptonicTag
TrigReport     1   32       8906       8906          0          0 flashggTTHHadronicTag
TrigReport     1   33       8906       8906          0          0 flashggTagSorter
TrigReport     1   34       8906       8906          0          0 flashggSystTagMerger
TrigReport     1   35       8906       8906          0          0 tagsDumper

TrigReport ---------- Module Summary ------------
TrigReport    Visited   Executed     Passed     Failed      Error Name
TrigReport      25150      25150      25150          0          0 TriggerResults
TrigReport      25015      25015       8906      16109          0 VHFilter
TrigReport       8906       8906       8906          0          0 ak4PFCHSL1FastL2L3Corrector
TrigReport       8906       8906       8906          0          0 ak4PFCHSL1FastjetCorrector
TrigReport       8906       8906       8906          0          0 ak4PFCHSL2RelativeCorrector
TrigReport       8906       8906       8906          0          0 ak4PFCHSL3AbsoluteCorrector
TrigReport       8906       8906       8906          0          0 flashggDiPhotonMVA
TrigReport       8906       8906       8906          0          0 flashggDiPhotonSystematics
TrigReport       8906       8906       8906          0          0 flashggDifferentialPhoIdInputsCorrection
TrigReport       8906       8906       8906          0          0 flashggElectronSystematics
TrigReport       8906       8906       8906          0          0 flashggGluGluHMVA
TrigReport       8906       8906       8906          0          0 flashggJetSystematics0
TrigReport       8906       8906       8906          0          0 flashggJetSystematics1
TrigReport       8906       8906       8906          0          0 flashggJetSystematics10
TrigReport       8906       8906       8906          0          0 flashggJetSystematics11
TrigReport       8906       8906       8906          0          0 flashggJetSystematics2
TrigReport       8906       8906       8906          0          0 flashggJetSystematics3
TrigReport       8906       8906       8906          0          0 flashggJetSystematics4
TrigReport       8906       8906       8906          0          0 flashggJetSystematics5
TrigReport       8906       8906       8906          0          0 flashggJetSystematics6
TrigReport       8906       8906       8906          0          0 flashggJetSystematics7
TrigReport       8906       8906       8906          0          0 flashggJetSystematics8
TrigReport       8906       8906       8906          0          0 flashggJetSystematics9
TrigReport      25150      25150      25015        135          0 flashggMetFilters
TrigReport       8906       8906       8906          0          0 flashggMetSystematics
TrigReport       8906       8906       8906          0          0 flashggMuonSystematics
TrigReport       8906       8906       8906          0          0 flashggPrefireDiPhotons
TrigReport       8906       8906       8906          0          0 flashggPreselectedDiPhotons
TrigReport       8906       8906       8906          0          0 flashggStageOneCombinedTag
TrigReport       8906       8906       8906          0          0 flashggSystTagMerger
TrigReport       8906       8906       8906          0          0 flashggTHQLeptonicTag
TrigReport       8906       8906       8906          0          0 flashggTTHHadronicTag
TrigReport       8906       8906       8906          0          0 flashggTTHLeptonicTag
TrigReport       8906       8906       8906          0          0 flashggTagSorter
TrigReport       8906       8906       8906          0          0 flashggUnpackedJets
TrigReport       8906       8906       8906          0          0 flashggVBFMVA
TrigReport       8906       8906       8906          0          0 flashggVHMetTag
TrigReport       8906       8906       8906          0          0 flashggVHhadMVA
TrigReport       8906       8906       8906          0          0 flashggWHLeptonicTag
TrigReport       8906       8906       8906          0          0 flashggZHLeptonicTag
TrigReport      25150      25150      25150          0          0 p
TrigReport       8906       8906       8906          0          0 tagsDumper

TimeReport ---------- Event  Summary ---[sec]----
TimeReport       event loop CPU/event = 0.077230
TimeReport      event loop Real/event = 0.077822
TimeReport     sum Streams Real/event = 0.075114
TimeReport efficiency CPU/Real/thread = 0.992395

TimeReport ---------- Path   Summary ---[Real sec]----
TimeReport  per event     per exec  Name
TimeReport   0.074684     0.074684  p
TimeReport  per event     per exec  Name

TimeReport -------End-Path   Summary ---[Real sec]----
TimeReport  per event     per exec  Name
TimeReport  per event     per exec  Name

TimeReport ---------- Modules in Path: p ---[Real sec]----
TimeReport  per event    per visit  Name
TimeReport   0.000019     0.000019  flashggMetFilters
TimeReport   0.000008     0.000008  VHFilter
TimeReport   0.035773     0.101022  flashggDifferentialPhoIdInputsCorrection
TimeReport   0.028507     0.080503  flashggDiPhotonSystematics
TimeReport   0.000105     0.000296  flashggMetSystematics
TimeReport   0.000014     0.000040  flashggMuonSystematics
TimeReport   0.000022     0.000063  flashggElectronSystematics
TimeReport   0.000175     0.000495  flashggUnpackedJets
TimeReport   0.002736     0.007725  flashggJetSystematics0
TimeReport   0.000431     0.001216  flashggJetSystematics1
TimeReport   0.000375     0.001060  flashggJetSystematics2
TimeReport   0.000361     0.001018  flashggJetSystematics3
TimeReport   0.000355     0.001004  flashggJetSystematics4
TimeReport   0.000350     0.000989  flashggJetSystematics5
TimeReport   0.000347     0.000980  flashggJetSystematics6
TimeReport   0.000346     0.000977  flashggJetSystematics7
TimeReport   0.000345     0.000974  flashggJetSystematics8
TimeReport   0.000344     0.000970  flashggJetSystematics9
TimeReport   0.000344     0.000970  flashggJetSystematics10
TimeReport   0.000343     0.000967  flashggJetSystematics11
TimeReport   0.000228     0.000643  flashggPrefireDiPhotons
TimeReport   0.000059     0.000166  flashggPreselectedDiPhotons
TimeReport   0.000012     0.000035  flashggDiPhotonMVA
TimeReport   0.000014     0.000040  flashggVBFMVA
TimeReport   0.000009     0.000025  flashggVHhadMVA
TimeReport   0.000023     0.000064  flashggGluGluHMVA
TimeReport   0.000015     0.000044  flashggStageOneCombinedTag
TimeReport   0.000141     0.000398  flashggTHQLeptonicTag
TimeReport   0.000125     0.000353  flashggVHMetTag
TimeReport   0.000015     0.000042  flashggWHLeptonicTag
TimeReport   0.000011     0.000032  flashggZHLeptonicTag
TimeReport   0.000070     0.000196  flashggTTHLeptonicTag
TimeReport   0.000850     0.002402  flashggTTHHadronicTag
TimeReport   0.000044     0.000123  flashggTagSorter
TimeReport   0.000002     0.000006  flashggSystTagMerger
TimeReport   0.000196     0.000554  tagsDumper
TimeReport  per event    per visit  Name

TimeReport ---------- Module Summary ---[Real sec]----
TimeReport  per event     per exec    per visit  Name
TimeReport   0.000003     0.000003     0.000003  TriggerResults
TimeReport   0.000008     0.000008     0.000008  VHFilter
TimeReport   0.000002     0.000005     0.000005  ak4PFCHSL1FastL2L3Corrector
TimeReport   0.000002     0.000005     0.000005  ak4PFCHSL1FastjetCorrector
TimeReport   0.000001     0.000003     0.000003  ak4PFCHSL2RelativeCorrector
TimeReport   0.000004     0.000013     0.000013  ak4PFCHSL3AbsoluteCorrector
TimeReport   0.000012     0.000035     0.000035  flashggDiPhotonMVA
TimeReport   0.028507     0.080503     0.080503  flashggDiPhotonSystematics
TimeReport   0.035773     0.101022     0.101022  flashggDifferentialPhoIdInputsCorrection
TimeReport   0.000022     0.000063     0.000063  flashggElectronSystematics
TimeReport   0.000023     0.000064     0.000064  flashggGluGluHMVA
TimeReport   0.002736     0.007725     0.007725  flashggJetSystematics0
TimeReport   0.000431     0.001216     0.001216  flashggJetSystematics1
TimeReport   0.000344     0.000970     0.000970  flashggJetSystematics10
TimeReport   0.000343     0.000967     0.000967  flashggJetSystematics11
TimeReport   0.000375     0.001060     0.001060  flashggJetSystematics2
TimeReport   0.000361     0.001018     0.001018  flashggJetSystematics3
TimeReport   0.000355     0.001004     0.001004  flashggJetSystematics4
TimeReport   0.000350     0.000989     0.000989  flashggJetSystematics5
TimeReport   0.000347     0.000980     0.000980  flashggJetSystematics6
TimeReport   0.000346     0.000977     0.000977  flashggJetSystematics7
TimeReport   0.000345     0.000974     0.000974  flashggJetSystematics8
TimeReport   0.000344     0.000970     0.000970  flashggJetSystematics9
TimeReport   0.000019     0.000019     0.000019  flashggMetFilters
TimeReport   0.000105     0.000296     0.000296  flashggMetSystematics
TimeReport   0.000014     0.000040     0.000040  flashggMuonSystematics
TimeReport   0.000228     0.000643     0.000643  flashggPrefireDiPhotons
TimeReport   0.000059     0.000166     0.000166  flashggPreselectedDiPhotons
TimeReport   0.000015     0.000044     0.000044  flashggStageOneCombinedTag
TimeReport   0.000002     0.000006     0.000006  flashggSystTagMerger
TimeReport   0.000141     0.000398     0.000398  flashggTHQLeptonicTag
TimeReport   0.000850     0.002402     0.002402  flashggTTHHadronicTag
TimeReport   0.000070     0.000196     0.000196  flashggTTHLeptonicTag
TimeReport   0.000044     0.000123     0.000123  flashggTagSorter
TimeReport   0.000175     0.000495     0.000495  flashggUnpackedJets
TimeReport   0.000014     0.000040     0.000040  flashggVBFMVA
TimeReport   0.000125     0.000353     0.000353  flashggVHMetTag
TimeReport   0.000009     0.000025     0.000025  flashggVHhadMVA
TimeReport   0.000015     0.000042     0.000042  flashggWHLeptonicTag
TimeReport   0.000011     0.000032     0.000032  flashggZHLeptonicTag
TimeReport   0.000004     0.000004     0.000004  p
TimeReport   0.000196     0.000554     0.000554  tagsDumper
TimeReport  per event     per exec    per visit  Name

T---Report end!


=============================================

MessageLogger Summary

 type     category        sev    module        subroutine        count    total
 ---- -------------------- -- ---------------- ----------------  -----    -----
    1 XrdAdaptor           -w file_open                              1        1
    2 fileAction           -s file_close                             1        1
    3 fileAction           -s file_open                              2        2

 type    category    Examples: run/evt        run/evt          run/evt
 ---- -------------------- ---------------- ---------------- ----------------
    1 XrdAdaptor           pre-events                        
    2 fileAction           PostGlobalEndRun                  
    3 fileAction           pre-events       pre-events       

Severity    # Occurrences   Total Occurrences
--------    -------------   -----------------
Warning                 1                   1
System                  3                   3

dropped waiting message count 0
