mkdir: cannot create directory '/afs/cern.ch/user/x/xisu/private/local/Analysis_workspace/VH_AC_tmp1/flashgg_d2/CMSSW_10_6_29/src/flashgg/VHAC_Analysis_Met/UL_17/UL_17_zh125': File exists
/cvmfs/cms.cern.ch/slc7_amd64_gcc700/external/py2-requests/2.21.0-pafccj2/lib/python2.7/site-packages/requests/__init__.py:91: RequestsDependencyWarning: urllib3 (1.25.2) or chardet (3.0.4) doesn't match a supported version!
  RequestsDependencyWarning)
20-Dec-2022 11:11:24 CET  Initiating request to open file root://cms-xrd-global.cern.ch//store/user/alesauva/flashgg/UL2017_4/10_6_4/ZHiggs0MToGG_M125_TuneCP5_13TeV-JHUGenV7011-pythia8/UL2017_4-10_6_4-v0-RunIISummer19UL17MiniAOD-106X_mc2017_realistic_v6-v2/200720_162208/0000/myMicroAODOutputFile_24.root
%MSG-w XrdAdaptor:  file_open 20-Dec-2022 11:11:26 CET pre-events
Data is served from GRIF-IRFU instead of original site CERN-CMSGLOBAL-01
%MSG
20-Dec-2022 11:11:28 CET  Successfully opened file root://cms-xrd-global.cern.ch//store/user/alesauva/flashgg/UL2017_4/10_6_4/ZHiggs0MToGG_M125_TuneCP5_13TeV-JHUGenV7011-pythia8/UL2017_4-10_6_4-v0-RunIISummer19UL17MiniAOD-106X_mc2017_realistic_v6-v2/200720_162208/0000/myMicroAODOutputFile_24.root
2022-12-20 11:26:13.916750: I tensorflow/core/platform/cpu_feature_guard.cc:140] Your CPU supports instructions that this TensorFlow binary was not compiled to use: SSE4.1 SSE4.2 AVX AVX2 FMA
Begin processing the 1st record. Run 1, Event 197501, LumiSection 1976 on stream 0 at 20-Dec-2022 11:27:04.804 CET
[2022-12-20 11:27:49.023691 +0100][Error  ][AsyncSock         ] [xrootd.ba.infn.it:1094 #0.0] Socket error while handshaking: [ERROR] Socket timeout
[2022-12-20 11:27:49.023896 +0100][Error  ][PostMaster        ] [xrootd.ba.infn.it:1094 #0] elapsed = 46, pConnectionWindow = 31 seconds.
[2022-12-20 11:28:34.284658 +0100][Error  ][AsyncSock         ] [xrootd.ba.infn.it:1094 #0.0] Socket error while handshaking: [ERROR] Socket timeout
[2022-12-20 11:28:34.284811 +0100][Error  ][PostMaster        ] [xrootd.ba.infn.it:1094 #0] elapsed = 45, pConnectionWindow = 31 seconds.
[2022-12-20 11:28:34.284881 +0100][Error  ][PostMaster        ] [xrootd.ba.infn.it:1094 #0] Unable to recover: [ERROR] Socket timeout.
[2022-12-20 11:28:34.284901 +0100][Error  ][XRootD            ] [xrootd.ba.infn.it:1094] Impossible to send message kXR_open (file: /store/user/alesauva/flashgg/UL2017_4/10_6_4/ZHiggs0MToGG_M125_TuneCP5_13TeV-JHUGenV7011-pythia8/UL2017_4-10_6_4-v0-RunIISummer19UL17MiniAOD-106X_mc2017_realistic_v6-v2/200720_162208/0000/myMicroAODOutputFile_24.root?tried=stor79.datagrid.cea.fr, mode: 0660, flags: kXR_open_read kXR_async kXR_retstat ). Trying to recover.
Begin processing the 1001st record. Run 1, Event 198810, LumiSection 1989 on stream 0 at 20-Dec-2022 11:31:35.123 CET
[2022-12-20 11:33:42.913758 +0100][Error  ][AsyncSock         ] [xrootd.ba.infn.it:1094 #0.0] Socket error while handshaking: [ERROR] Socket timeout
[2022-12-20 11:33:42.913915 +0100][Error  ][PostMaster        ] [xrootd.ba.infn.it:1094 #0] elapsed = 45, pConnectionWindow = 31 seconds.
Begin processing the 2001st record. Run 1, Event 199806, LumiSection 1999 on stream 0 at 20-Dec-2022 11:33:48.309 CET
[2022-12-20 11:34:28.165656 +0100][Error  ][AsyncSock         ] [xrootd.ba.infn.it:1094 #0.0] Socket error while handshaking: [ERROR] Socket timeout
[2022-12-20 11:34:28.165821 +0100][Error  ][PostMaster        ] [xrootd.ba.infn.it:1094 #0] elapsed = 46, pConnectionWindow = 31 seconds.
[2022-12-20 11:34:28.165832 +0100][Error  ][PostMaster        ] [xrootd.ba.infn.it:1094 #0] Unable to recover: [ERROR] Socket timeout.
[2022-12-20 11:34:28.165842 +0100][Error  ][XRootD            ] [xrootd.ba.infn.it:1094] Impossible to send message kXR_open (file: /store/user/alesauva/flashgg/UL2017_4/10_6_4/ZHiggs0MToGG_M125_TuneCP5_13TeV-JHUGenV7011-pythia8/UL2017_4-10_6_4-v0-RunIISummer19UL17MiniAOD-106X_mc2017_realistic_v6-v2/200720_162208/0000/myMicroAODOutputFile_24.root?tried=stor79.datagrid.cea.fr, mode: 0660, flags: kXR_open_read kXR_async kXR_retstat ). Trying to recover.
Begin processing the 3001st record. Run 1, Event 244901, LumiSection 2450 on stream 0 at 20-Dec-2022 11:36:01.239 CET
Begin processing the 4001st record. Run 1, Event 246604, LumiSection 2467 on stream 0 at 20-Dec-2022 11:38:17.937 CET
Begin processing the 5001st record. Run 1, Event 248403, LumiSection 2485 on stream 0 at 20-Dec-2022 11:40:24.494 CET
[2022-12-20 11:41:02.531647 +0100][Error  ][AsyncSock         ] [xrootd.ba.infn.it:1094 #0.0] Socket error while handshaking: [ERROR] Socket timeout
[2022-12-20 11:41:02.531800 +0100][Error  ][PostMaster        ] [xrootd.ba.infn.it:1094 #0] elapsed = 45, pConnectionWindow = 31 seconds.
[2022-12-20 11:41:47.786620 +0100][Error  ][AsyncSock         ] [xrootd.ba.infn.it:1094 #0.0] Socket error while handshaking: [ERROR] Socket timeout
[2022-12-20 11:41:47.786748 +0100][Error  ][PostMaster        ] [xrootd.ba.infn.it:1094 #0] elapsed = 45, pConnectionWindow = 31 seconds.
[2022-12-20 11:41:47.786758 +0100][Error  ][PostMaster        ] [xrootd.ba.infn.it:1094 #0] Unable to recover: [ERROR] Socket timeout.
[2022-12-20 11:41:47.786767 +0100][Error  ][XRootD            ] [xrootd.ba.infn.it:1094] Impossible to send message kXR_open (file: /store/user/alesauva/flashgg/UL2017_4/10_6_4/ZHiggs0MToGG_M125_TuneCP5_13TeV-JHUGenV7011-pythia8/UL2017_4-10_6_4-v0-RunIISummer19UL17MiniAOD-106X_mc2017_realistic_v6-v2/200720_162208/0000/myMicroAODOutputFile_24.root?tried=stor79.datagrid.cea.fr, mode: 0660, flags: kXR_open_read kXR_async kXR_retstat ). Trying to recover.
Begin processing the 6001st record. Run 1, Event 306106, LumiSection 3062 on stream 0 at 20-Dec-2022 11:42:26.638 CET
Begin processing the 7001st record. Run 1, Event 388310, LumiSection 3884 on stream 0 at 20-Dec-2022 11:44:47.408 CET
Begin processing the 8001st record. Run 1, Event 389410, LumiSection 3895 on stream 0 at 20-Dec-2022 11:47:01.142 CET
Begin processing the 9001st record. Run 1, Event 390407, LumiSection 3905 on stream 0 at 20-Dec-2022 11:49:12.583 CET
[2022-12-20 11:49:38.214659 +0100][Error  ][AsyncSock         ] [xrootd.ba.infn.it:1094 #0.0] Socket error while handshaking: [ERROR] Socket timeout
[2022-12-20 11:49:38.214955 +0100][Error  ][PostMaster        ] [xrootd.ba.infn.it:1094 #0] elapsed = 45, pConnectionWindow = 31 seconds.
[2022-12-20 11:50:23.476229 +0100][Error  ][AsyncSock         ] [xrootd.ba.infn.it:1094 #0.0] Socket error while handshaking: [ERROR] Socket timeout
[2022-12-20 11:50:23.476356 +0100][Error  ][PostMaster        ] [xrootd.ba.infn.it:1094 #0] elapsed = 45, pConnectionWindow = 31 seconds.
[2022-12-20 11:50:23.476366 +0100][Error  ][PostMaster        ] [xrootd.ba.infn.it:1094 #0] Unable to recover: [ERROR] Socket timeout.
[2022-12-20 11:50:23.476381 +0100][Error  ][XRootD            ] [xrootd.ba.infn.it:1094] Impossible to send message kXR_open (file: /store/user/alesauva/flashgg/UL2017_4/10_6_4/ZHiggs0MToGG_M125_TuneCP5_13TeV-JHUGenV7011-pythia8/UL2017_4-10_6_4-v0-RunIISummer19UL17MiniAOD-106X_mc2017_realistic_v6-v2/200720_162208/0000/myMicroAODOutputFile_24.root?tried=stor79.datagrid.cea.fr, mode: 0660, flags: kXR_open_read kXR_async kXR_retstat ). Trying to recover.
Begin processing the 10001st record. Run 1, Event 400603, LumiSection 4007 on stream 0 at 20-Dec-2022 11:51:33.407 CET
Begin processing the 11001st record. Run 1, Event 551012, LumiSection 5511 on stream 0 at 20-Dec-2022 11:53:54.166 CET
[2022-12-20 11:54:12.230625 +0100][Error  ][AsyncSock         ] [xrootd.ba.infn.it:1094 #0.0] Socket error while handshaking: [ERROR] Socket timeout
[2022-12-20 11:54:12.230739 +0100][Error  ][PostMaster        ] [xrootd.ba.infn.it:1094 #0] elapsed = 45, pConnectionWindow = 31 seconds.
[2022-12-20 11:54:57.705628 +0100][Error  ][AsyncSock         ] [xrootd.ba.infn.it:1094 #0.0] Socket error while handshaking: [ERROR] Socket timeout
[2022-12-20 11:54:57.705774 +0100][Error  ][PostMaster        ] [xrootd.ba.infn.it:1094 #0] elapsed = 45, pConnectionWindow = 31 seconds.
[2022-12-20 11:54:57.705792 +0100][Error  ][PostMaster        ] [xrootd.ba.infn.it:1094 #0] Unable to recover: [ERROR] Socket timeout.
[2022-12-20 11:54:57.705801 +0100][Error  ][XRootD            ] [xrootd.ba.infn.it:1094] Impossible to send message kXR_open (file: /store/user/alesauva/flashgg/UL2017_4/10_6_4/ZHiggs0MToGG_M125_TuneCP5_13TeV-JHUGenV7011-pythia8/UL2017_4-10_6_4-v0-RunIISummer19UL17MiniAOD-106X_mc2017_realistic_v6-v2/200720_162208/0000/myMicroAODOutputFile_24.root?tried=stor79.datagrid.cea.fr, mode: 0660, flags: kXR_open_read kXR_async kXR_retstat ). Trying to recover.
Begin processing the 12001st record. Run 1, Event 552502, LumiSection 5526 on stream 0 at 20-Dec-2022 11:56:09.831 CET
Begin processing the 13001st record. Run 1, Event 601306, LumiSection 6014 on stream 0 at 20-Dec-2022 11:58:21.269 CET
[2022-12-20 11:58:44.728698 +0100][Error  ][AsyncSock         ] [xrootd.ba.infn.it:1094 #0.0] Socket error while handshaking: [ERROR] Socket timeout
[2022-12-20 11:58:44.728890 +0100][Error  ][PostMaster        ] [xrootd.ba.infn.it:1094 #0] elapsed = 45, pConnectionWindow = 31 seconds.
[2022-12-20 11:59:30.174707 +0100][Error  ][AsyncSock         ] [xrootd.ba.infn.it:1094 #0.0] Socket error while handshaking: [ERROR] Socket timeout
[2022-12-20 11:59:30.174896 +0100][Error  ][PostMaster        ] [xrootd.ba.infn.it:1094 #0] elapsed = 46, pConnectionWindow = 31 seconds.
[2022-12-20 11:59:30.174926 +0100][Error  ][PostMaster        ] [xrootd.ba.infn.it:1094 #0] Unable to recover: [ERROR] Socket timeout.
[2022-12-20 11:59:30.174938 +0100][Error  ][XRootD            ] [xrootd.ba.infn.it:1094] Impossible to send message kXR_open (file: /store/user/alesauva/flashgg/UL2017_4/10_6_4/ZHiggs0MToGG_M125_TuneCP5_13TeV-JHUGenV7011-pythia8/UL2017_4-10_6_4-v0-RunIISummer19UL17MiniAOD-106X_mc2017_realistic_v6-v2/200720_162208/0000/myMicroAODOutputFile_24.root?tried=stor79.datagrid.cea.fr, mode: 0660, flags: kXR_open_read kXR_async kXR_retstat ). Trying to recover.
Begin processing the 14001st record. Run 1, Event 602902, LumiSection 6030 on stream 0 at 20-Dec-2022 12:00:39.050 CET
Begin processing the 15001st record. Run 1, Event 653902, LumiSection 6540 on stream 0 at 20-Dec-2022 12:03:03.617 CET
[2022-12-20 12:03:20.901643 +0100][Error  ][AsyncSock         ] [xrootd.ba.infn.it:1094 #0.0] Socket error while handshaking: [ERROR] Socket timeout
[2022-12-20 12:03:20.901726 +0100][Error  ][PostMaster        ] [xrootd.ba.infn.it:1094 #0] elapsed = 45, pConnectionWindow = 31 seconds.
[2022-12-20 12:04:06.255625 +0100][Error  ][AsyncSock         ] [xrootd.ba.infn.it:1094 #0.0] Socket error while handshaking: [ERROR] Socket timeout
[2022-12-20 12:04:06.255785 +0100][Error  ][PostMaster        ] [xrootd.ba.infn.it:1094 #0] elapsed = 46, pConnectionWindow = 31 seconds.
[2022-12-20 12:04:06.255802 +0100][Error  ][PostMaster        ] [xrootd.ba.infn.it:1094 #0] Unable to recover: [ERROR] Socket timeout.
[2022-12-20 12:04:06.255811 +0100][Error  ][XRootD            ] [xrootd.ba.infn.it:1094] Impossible to send message kXR_open (file: /store/user/alesauva/flashgg/UL2017_4/10_6_4/ZHiggs0MToGG_M125_TuneCP5_13TeV-JHUGenV7011-pythia8/UL2017_4-10_6_4-v0-RunIISummer19UL17MiniAOD-106X_mc2017_realistic_v6-v2/200720_162208/0000/myMicroAODOutputFile_24.root?tried=stor79.datagrid.cea.fr, mode: 0660, flags: kXR_open_read kXR_async kXR_retstat ). Trying to recover.
Begin processing the 16001st record. Run 1, Event 655806, LumiSection 6559 on stream 0 at 20-Dec-2022 12:05:22.297 CET
Begin processing the 17001st record. Run 1, Event 323201, LumiSection 3233 on stream 0 at 20-Dec-2022 12:07:47.448 CET
[2022-12-20 12:07:58.393638 +0100][Error  ][AsyncSock         ] [xrootd.ba.infn.it:1094 #0.0] Socket error while handshaking: [ERROR] Socket timeout
[2022-12-20 12:07:58.393761 +0100][Error  ][PostMaster        ] [xrootd.ba.infn.it:1094 #0] elapsed = 45, pConnectionWindow = 31 seconds.
[2022-12-20 12:08:43.650635 +0100][Error  ][AsyncSock         ] [xrootd.ba.infn.it:1094 #0.0] Socket error while handshaking: [ERROR] Socket timeout
[2022-12-20 12:08:43.650781 +0100][Error  ][PostMaster        ] [xrootd.ba.infn.it:1094 #0] elapsed = 45, pConnectionWindow = 31 seconds.
[2022-12-20 12:08:43.650791 +0100][Error  ][PostMaster        ] [xrootd.ba.infn.it:1094 #0] Unable to recover: [ERROR] Socket timeout.
[2022-12-20 12:08:43.650805 +0100][Error  ][XRootD            ] [xrootd.ba.infn.it:1094] Impossible to send message kXR_open (file: /store/user/alesauva/flashgg/UL2017_4/10_6_4/ZHiggs0MToGG_M125_TuneCP5_13TeV-JHUGenV7011-pythia8/UL2017_4-10_6_4-v0-RunIISummer19UL17MiniAOD-106X_mc2017_realistic_v6-v2/200720_162208/0000/myMicroAODOutputFile_24.root?tried=stor79.datagrid.cea.fr, mode: 0660, flags: kXR_open_read kXR_async kXR_retstat ). Trying to recover.
Begin processing the 18001st record. Run 1, Event 324202, LumiSection 3243 on stream 0 at 20-Dec-2022 12:10:04.066 CET
Begin processing the 19001st record. Run 1, Event 537313, LumiSection 5374 on stream 0 at 20-Dec-2022 12:12:04.989 CET
Begin processing the 20001st record. Run 1, Event 538305, LumiSection 5384 on stream 0 at 20-Dec-2022 12:14:01.083 CET
Begin processing the 21001st record. Run 1, Event 539302, LumiSection 5394 on stream 0 at 20-Dec-2022 12:15:55.048 CET
Begin processing the 22001st record. Run 1, Event 540302, LumiSection 5404 on stream 0 at 20-Dec-2022 12:17:51.726 CET
[2022-12-20 12:18:03.461726 +0100][Error  ][AsyncSock         ] [xrootd.ba.infn.it:1094 #0.0] Socket error while handshaking: [ERROR] Socket timeout
[2022-12-20 12:18:03.461836 +0100][Error  ][PostMaster        ] [xrootd.ba.infn.it:1094 #0] elapsed = 45, pConnectionWindow = 31 seconds.
[2022-12-20 12:18:48.661204 +0100][Error  ][AsyncSock         ] [xrootd.ba.infn.it:1094 #0.0] Socket error while handshaking: [ERROR] Socket timeout
[2022-12-20 12:18:48.661328 +0100][Error  ][PostMaster        ] [xrootd.ba.infn.it:1094 #0] elapsed = 45, pConnectionWindow = 31 seconds.
[2022-12-20 12:18:48.661335 +0100][Error  ][PostMaster        ] [xrootd.ba.infn.it:1094 #0] Unable to recover: [ERROR] Socket timeout.
[2022-12-20 12:18:48.661346 +0100][Error  ][XRootD            ] [xrootd.ba.infn.it:1094] Impossible to send message kXR_open (file: /store/user/alesauva/flashgg/UL2017_4/10_6_4/ZHiggs0MToGG_M125_TuneCP5_13TeV-JHUGenV7011-pythia8/UL2017_4-10_6_4-v0-RunIISummer19UL17MiniAOD-106X_mc2017_realistic_v6-v2/200720_162208/0000/myMicroAODOutputFile_24.root?tried=stor79.datagrid.cea.fr, mode: 0660, flags: kXR_open_read kXR_async kXR_retstat ). Trying to recover.
Begin processing the 23001st record. Run 1, Event 541303, LumiSection 5414 on stream 0 at 20-Dec-2022 12:19:45.205 CET
Begin processing the 24001st record. Run 1, Event 542302, LumiSection 5424 on stream 0 at 20-Dec-2022 12:21:27.479 CET
20-Dec-2022 12:23:20 CET  Closed file root://cms-xrd-global.cern.ch//store/user/alesauva/flashgg/UL2017_4/10_6_4/ZHiggs0MToGG_M125_TuneCP5_13TeV-JHUGenV7011-pythia8/UL2017_4-10_6_4-v0-RunIISummer19UL17MiniAOD-106X_mc2017_realistic_v6-v2/200720_162208/0000/myMicroAODOutputFile_24.root

TrigReport ---------- Event  Summary ------------
TrigReport Events total = 25000 passed = 24790 failed = 210

TrigReport ---------- Path   Summary ------------
TrigReport  Trig Bit#   Executed     Passed     Failed      Error Name
TrigReport     1    0      25000      24790        210          0 p

TrigReport -------End-Path   Summary ------------
TrigReport  Trig Bit#   Executed     Passed     Failed      Error Name

TrigReport ---------- Modules in Path: p ------------
TrigReport  Trig Bit#    Visited     Passed     Failed      Error Name
TrigReport     1    0      25000      24790        210          0 flashggMetFilters
TrigReport     1    1      24790      24790          0          0 VHFilter
TrigReport     1    2      24790      24790          0          0 flashggDifferentialPhoIdInputsCorrection
TrigReport     1    3      24790      24790          0          0 flashggDiPhotonSystematics
TrigReport     1    4      24790      24790          0          0 flashggMetSystematics
TrigReport     1    5      24790      24790          0          0 flashggMuonSystematics
TrigReport     1    6      24790      24790          0          0 flashggElectronSystematics
TrigReport     1    7      24790      24790          0          0 flashggUnpackedJets
TrigReport     1    8      24790      24790          0          0 flashggJetSystematics0
TrigReport     1    9      24790      24790          0          0 flashggJetSystematics1
TrigReport     1   10      24790      24790          0          0 flashggJetSystematics2
TrigReport     1   11      24790      24790          0          0 flashggJetSystematics3
TrigReport     1   12      24790      24790          0          0 flashggJetSystematics4
TrigReport     1   13      24790      24790          0          0 flashggJetSystematics5
TrigReport     1   14      24790      24790          0          0 flashggJetSystematics6
TrigReport     1   15      24790      24790          0          0 flashggJetSystematics7
TrigReport     1   16      24790      24790          0          0 flashggJetSystematics8
TrigReport     1   17      24790      24790          0          0 flashggJetSystematics9
TrigReport     1   18      24790      24790          0          0 flashggJetSystematics10
TrigReport     1   19      24790      24790          0          0 flashggJetSystematics11
TrigReport     1   20      24790      24790          0          0 flashggPrefireDiPhotons
TrigReport     1   21      24790      24790          0          0 flashggPreselectedDiPhotons
TrigReport     1   22      24790      24790          0          0 flashggDiPhotonMVA
TrigReport     1   23      24790      24790          0          0 flashggVBFMVA
TrigReport     1   24      24790      24790          0          0 flashggVHhadMVA
TrigReport     1   25      24790      24790          0          0 flashggGluGluHMVA
TrigReport     1   26      24790      24790          0          0 flashggStageOneCombinedTag
TrigReport     1   27      24790      24790          0          0 flashggTHQLeptonicTag
TrigReport     1   28      24790      24790          0          0 flashggVHMetTag
TrigReport     1   29      24790      24790          0          0 flashggWHLeptonicTag
TrigReport     1   30      24790      24790          0          0 flashggZHLeptonicTag
TrigReport     1   31      24790      24790          0          0 flashggTTHLeptonicTag
TrigReport     1   32      24790      24790          0          0 flashggTTHHadronicTag
TrigReport     1   33      24790      24790          0          0 flashggTagSorter
TrigReport     1   34      24790      24790          0          0 flashggSystTagMerger
TrigReport     1   35      24790      24790          0          0 tagsDumper

TrigReport ---------- Module Summary ------------
TrigReport    Visited   Executed     Passed     Failed      Error Name
TrigReport      25000      25000      25000          0          0 TriggerResults
TrigReport      24790      24790      24790          0          0 VHFilter
TrigReport      24790      24790      24790          0          0 ak4PFCHSL1FastL2L3Corrector
TrigReport      24790      24790      24790          0          0 ak4PFCHSL1FastjetCorrector
TrigReport      24790      24790      24790          0          0 ak4PFCHSL2RelativeCorrector
TrigReport      24790      24790      24790          0          0 ak4PFCHSL3AbsoluteCorrector
TrigReport      24790      24790      24790          0          0 flashggDiPhotonMVA
TrigReport      24790      24790      24790          0          0 flashggDiPhotonSystematics
TrigReport      24790      24790      24790          0          0 flashggDifferentialPhoIdInputsCorrection
TrigReport      24790      24790      24790          0          0 flashggElectronSystematics
TrigReport      24790      24790      24790          0          0 flashggGluGluHMVA
TrigReport      24790      24790      24790          0          0 flashggJetSystematics0
TrigReport      24790      24790      24790          0          0 flashggJetSystematics1
TrigReport      24790      24790      24790          0          0 flashggJetSystematics10
TrigReport      24790      24790      24790          0          0 flashggJetSystematics11
TrigReport      24790      24790      24790          0          0 flashggJetSystematics2
TrigReport      24790      24790      24790          0          0 flashggJetSystematics3
TrigReport      24790      24790      24790          0          0 flashggJetSystematics4
TrigReport      24790      24790      24790          0          0 flashggJetSystematics5
TrigReport      24790      24790      24790          0          0 flashggJetSystematics6
TrigReport      24790      24790      24790          0          0 flashggJetSystematics7
TrigReport      24790      24790      24790          0          0 flashggJetSystematics8
TrigReport      24790      24790      24790          0          0 flashggJetSystematics9
TrigReport      25000      25000      24790        210          0 flashggMetFilters
TrigReport      24790      24790      24790          0          0 flashggMetSystematics
TrigReport      24790      24790      24790          0          0 flashggMuonSystematics
TrigReport      24790      24790      24790          0          0 flashggPrefireDiPhotons
TrigReport      24790      24790      24790          0          0 flashggPreselectedDiPhotons
TrigReport      24790      24790      24790          0          0 flashggStageOneCombinedTag
TrigReport      24790      24790      24790          0          0 flashggSystTagMerger
TrigReport      24790      24790      24790          0          0 flashggTHQLeptonicTag
TrigReport      24790      24790      24790          0          0 flashggTTHHadronicTag
TrigReport      24790      24790      24790          0          0 flashggTTHLeptonicTag
TrigReport      24790      24790      24790          0          0 flashggTagSorter
TrigReport      24790      24790      24790          0          0 flashggUnpackedJets
TrigReport      24790      24790      24790          0          0 flashggVBFMVA
TrigReport      24790      24790      24790          0          0 flashggVHMetTag
TrigReport      24790      24790      24790          0          0 flashggVHhadMVA
TrigReport      24790      24790      24790          0          0 flashggWHLeptonicTag
TrigReport      24790      24790      24790          0          0 flashggZHLeptonicTag
TrigReport      25000      25000      25000          0          0 p
TrigReport      24790      24790      24790          0          0 tagsDumper

TimeReport ---------- Event  Summary ---[sec]----
TimeReport       event loop CPU/event = 0.134127
TimeReport      event loop Real/event = 0.135109
TimeReport     sum Streams Real/event = 0.131336
TimeReport efficiency CPU/Real/thread = 0.992731

TimeReport ---------- Path   Summary ---[Real sec]----
TimeReport  per event     per exec  Name
TimeReport   0.130854     0.130854  p
TimeReport  per event     per exec  Name

TimeReport -------End-Path   Summary ---[Real sec]----
TimeReport  per event     per exec  Name
TimeReport  per event     per exec  Name

TimeReport ---------- Modules in Path: p ---[Real sec]----
TimeReport  per event    per visit  Name
TimeReport   0.000015     0.000015  flashggMetFilters
TimeReport   0.000005     0.000005  VHFilter
TimeReport   0.073215     0.073835  flashggDifferentialPhoIdInputsCorrection
TimeReport   0.041689     0.042042  flashggDiPhotonSystematics
TimeReport   0.000167     0.000168  flashggMetSystematics
TimeReport   0.000029     0.000029  flashggMuonSystematics
TimeReport   0.000036     0.000036  flashggElectronSystematics
TimeReport   0.000224     0.000226  flashggUnpackedJets
TimeReport   0.003721     0.003753  flashggJetSystematics0
TimeReport   0.000610     0.000615  flashggJetSystematics1
TimeReport   0.000548     0.000552  flashggJetSystematics2
TimeReport   0.000527     0.000532  flashggJetSystematics3
TimeReport   0.000521     0.000525  flashggJetSystematics4
TimeReport   0.000514     0.000518  flashggJetSystematics5
TimeReport   0.000512     0.000516  flashggJetSystematics6
TimeReport   0.000508     0.000512  flashggJetSystematics7
TimeReport   0.000508     0.000513  flashggJetSystematics8
TimeReport   0.000506     0.000510  flashggJetSystematics9
TimeReport   0.000504     0.000508  flashggJetSystematics10
TimeReport   0.000504     0.000508  flashggJetSystematics11
TimeReport   0.000282     0.000285  flashggPrefireDiPhotons
TimeReport   0.000111     0.000112  flashggPreselectedDiPhotons
TimeReport   0.000032     0.000032  flashggDiPhotonMVA
TimeReport   0.000028     0.000029  flashggVBFMVA
TimeReport   0.000017     0.000017  flashggVHhadMVA
TimeReport   0.000050     0.000051  flashggGluGluHMVA
TimeReport   0.000029     0.000029  flashggStageOneCombinedTag
TimeReport   0.000927     0.000935  flashggTHQLeptonicTag
TimeReport   0.000340     0.000343  flashggVHMetTag
TimeReport   0.000023     0.000023  flashggWHLeptonicTag
TimeReport   0.000019     0.000019  flashggZHLeptonicTag
TimeReport   0.000061     0.000061  flashggTTHLeptonicTag
TimeReport   0.001290     0.001300  flashggTTHHadronicTag
TimeReport   0.000081     0.000081  flashggTagSorter
TimeReport   0.000003     0.000003  flashggSystTagMerger
TimeReport   0.000314     0.000317  tagsDumper
TimeReport  per event    per visit  Name

TimeReport ---------- Module Summary ---[Real sec]----
TimeReport  per event     per exec    per visit  Name
TimeReport   0.000003     0.000003     0.000003  TriggerResults
TimeReport   0.000005     0.000005     0.000005  VHFilter
TimeReport   0.000003     0.000003     0.000003  ak4PFCHSL1FastL2L3Corrector
TimeReport   0.000003     0.000003     0.000003  ak4PFCHSL1FastjetCorrector
TimeReport   0.000002     0.000002     0.000002  ak4PFCHSL2RelativeCorrector
TimeReport   0.000013     0.000013     0.000013  ak4PFCHSL3AbsoluteCorrector
TimeReport   0.000032     0.000032     0.000032  flashggDiPhotonMVA
TimeReport   0.041689     0.042042     0.042042  flashggDiPhotonSystematics
TimeReport   0.073215     0.073835     0.073835  flashggDifferentialPhoIdInputsCorrection
TimeReport   0.000036     0.000036     0.000036  flashggElectronSystematics
TimeReport   0.000050     0.000051     0.000051  flashggGluGluHMVA
TimeReport   0.003721     0.003753     0.003753  flashggJetSystematics0
TimeReport   0.000610     0.000615     0.000615  flashggJetSystematics1
TimeReport   0.000504     0.000508     0.000508  flashggJetSystematics10
TimeReport   0.000504     0.000508     0.000508  flashggJetSystematics11
TimeReport   0.000548     0.000552     0.000552  flashggJetSystematics2
TimeReport   0.000527     0.000532     0.000532  flashggJetSystematics3
TimeReport   0.000521     0.000525     0.000525  flashggJetSystematics4
TimeReport   0.000514     0.000518     0.000518  flashggJetSystematics5
TimeReport   0.000512     0.000516     0.000516  flashggJetSystematics6
TimeReport   0.000508     0.000512     0.000512  flashggJetSystematics7
TimeReport   0.000508     0.000513     0.000513  flashggJetSystematics8
TimeReport   0.000506     0.000510     0.000510  flashggJetSystematics9
TimeReport   0.000015     0.000015     0.000015  flashggMetFilters
TimeReport   0.000167     0.000168     0.000168  flashggMetSystematics
TimeReport   0.000029     0.000029     0.000029  flashggMuonSystematics
TimeReport   0.000282     0.000285     0.000285  flashggPrefireDiPhotons
TimeReport   0.000111     0.000112     0.000112  flashggPreselectedDiPhotons
TimeReport   0.000029     0.000029     0.000029  flashggStageOneCombinedTag
TimeReport   0.000003     0.000003     0.000003  flashggSystTagMerger
TimeReport   0.000927     0.000935     0.000935  flashggTHQLeptonicTag
TimeReport   0.001290     0.001300     0.001300  flashggTTHHadronicTag
TimeReport   0.000061     0.000061     0.000061  flashggTTHLeptonicTag
TimeReport   0.000081     0.000081     0.000081  flashggTagSorter
TimeReport   0.000224     0.000226     0.000226  flashggUnpackedJets
TimeReport   0.000028     0.000029     0.000029  flashggVBFMVA
TimeReport   0.000340     0.000343     0.000343  flashggVHMetTag
TimeReport   0.000017     0.000017     0.000017  flashggVHhadMVA
TimeReport   0.000023     0.000023     0.000023  flashggWHLeptonicTag
TimeReport   0.000019     0.000019     0.000019  flashggZHLeptonicTag
TimeReport   0.000003     0.000003     0.000003  p
TimeReport   0.000314     0.000317     0.000317  tagsDumper
TimeReport  per event     per exec    per visit  Name

T---Report end!


=============================================

MessageLogger Summary

 type     category        sev    module        subroutine        count    total
 ---- -------------------- -- ---------------- ----------------  -----    -----
    1 XrdAdaptor           -w file_open                              1        1
    2 fileAction           -s file_close                             1        1
    3 fileAction           -s file_open                              2        2

 type    category    Examples: run/evt        run/evt          run/evt
 ---- -------------------- ---------------- ---------------- ----------------
    1 XrdAdaptor           pre-events                        
    2 fileAction           PostGlobalEndRun                  
    3 fileAction           pre-events       pre-events       

Severity    # Occurrences   Total Occurrences
--------    -------------   -----------------
Warning                 1                   1
System                  3                   3

dropped waiting message count 0
[2022-12-20 12:23:25.007690 +0100][Error  ][AsyncSock         ] [xrootd.ba.infn.it:1094 #0.0] Socket error while handshaking: [ERROR] Socket timeout
[2022-12-20 12:23:25.007802 +0100][Error  ][PostMaster        ] [xrootd.ba.infn.it:1094 #0] elapsed = 45, pConnectionWindow = 31 seconds.
