mkdir: cannot create directory '/afs/cern.ch/user/x/xisu/private/local/Analysis_workspace/VH_AC_tmp1/flashgg_d2/CMSSW_10_6_29/src/flashgg/VHAC_Analysis_Met/UL_17/UL_17_zh125': File exists
/cvmfs/cms.cern.ch/slc7_amd64_gcc700/external/py2-requests/2.21.0-pafccj2/lib/python2.7/site-packages/requests/__init__.py:91: RequestsDependencyWarning: urllib3 (1.25.2) or chardet (3.0.4) doesn't match a supported version!
  RequestsDependencyWarning)
20-Dec-2022 11:09:33 CET  Initiating request to open file root://cms-xrd-global.cern.ch//store/user/alesauva/flashgg/UL2017_4/10_6_4/ZHiggs0L1ToGG_M125_TuneCP5_13TeV-JHUGenV7011-pythia8/UL2017_4-10_6_4-v0-RunIISummer19UL17MiniAOD-106X_mc2017_realistic_v6-v2/200911_121149/0000/myMicroAODOutputFile_16.root
%MSG-w XrdAdaptor:  file_open 20-Dec-2022 11:09:35 CET pre-events
Data is served from GRIF-IRFU instead of original site CERN-CMSGLOBAL-02
%MSG
20-Dec-2022 11:09:39 CET  Successfully opened file root://cms-xrd-global.cern.ch//store/user/alesauva/flashgg/UL2017_4/10_6_4/ZHiggs0L1ToGG_M125_TuneCP5_13TeV-JHUGenV7011-pythia8/UL2017_4-10_6_4-v0-RunIISummer19UL17MiniAOD-106X_mc2017_realistic_v6-v2/200911_121149/0000/myMicroAODOutputFile_16.root
[2022-12-20 11:10:30.815462 +0100][Error  ][AsyncSock         ] [xrootd.ba.infn.it:1094 #0.0] Socket error while handshaking: [ERROR] Socket timeout
[2022-12-20 11:10:30.815701 +0100][Error  ][PostMaster        ] [xrootd.ba.infn.it:1094 #0] elapsed = 45, pConnectionWindow = 31 seconds.
[2022-12-20 11:11:15.056407 +0100][Error  ][AsyncSock         ] [xrootd.ba.infn.it:1094 #0.0] Socket error while handshaking: [ERROR] Socket timeout
[2022-12-20 11:11:15.056591 +0100][Error  ][PostMaster        ] [xrootd.ba.infn.it:1094 #0] elapsed = 45, pConnectionWindow = 31 seconds.
[2022-12-20 11:11:15.056634 +0100][Error  ][PostMaster        ] [xrootd.ba.infn.it:1094 #0] Unable to recover: [ERROR] Socket timeout.
[2022-12-20 11:11:15.056672 +0100][Error  ][XRootD            ] [xrootd.ba.infn.it:1094] Impossible to send message kXR_open (file: /store/user/alesauva/flashgg/UL2017_4/10_6_4/ZHiggs0L1ToGG_M125_TuneCP5_13TeV-JHUGenV7011-pythia8/UL2017_4-10_6_4-v0-RunIISummer19UL17MiniAOD-106X_mc2017_realistic_v6-v2/200911_121149/0000/myMicroAODOutputFile_16.root?tried=+1213xrootd-cms-redir-int.cr.cnaf.infn.it,+1213xrootd-redic.pi.infn.it,+1413xrootd-cms-redir-int.cr.cnaf.infn.it,+1413xrootd-redic.pi.infn.it,stor75.datagrid.cea.fr,node12.datagrid.cea.fr,llrxrd-redir.in2p3.fr,xrootd-redic.pi.infn.it,xrootd-cms.infn.it&triedrc=enoent,enoent, mode: 0660, flags: kXR_open_read kXR_async kXR_retstat ). Trying to recover.
2022-12-20 11:24:35.552946: I tensorflow/core/platform/cpu_feature_guard.cc:140] Your CPU supports instructions that this TensorFlow binary was not compiled to use: SSE4.1 SSE4.2 AVX AVX2 FMA
Begin processing the 1st record. Run 1, Event 60012, LumiSection 601 on stream 0 at 20-Dec-2022 11:25:33.395 CET
[2022-12-20 11:26:16.613981 +0100][Error  ][AsyncSock         ] [xrootd.ba.infn.it:1094 #0.0] Socket error while handshaking: [ERROR] Socket timeout
[2022-12-20 11:26:16.614100 +0100][Error  ][PostMaster        ] [xrootd.ba.infn.it:1094 #0] elapsed = 45, pConnectionWindow = 31 seconds.
[2022-12-20 11:27:01.749389 +0100][Error  ][AsyncSock         ] [xrootd.ba.infn.it:1094 #0.0] Socket error while handshaking: [ERROR] Socket timeout
[2022-12-20 11:27:01.749541 +0100][Error  ][PostMaster        ] [xrootd.ba.infn.it:1094 #0] elapsed = 45, pConnectionWindow = 31 seconds.
[2022-12-20 11:27:01.749554 +0100][Error  ][PostMaster        ] [xrootd.ba.infn.it:1094 #0] Unable to recover: [ERROR] Socket timeout.
[2022-12-20 11:27:01.749573 +0100][Error  ][XRootD            ] [xrootd.ba.infn.it:1094] Impossible to send message kXR_open (file: /store/user/alesauva/flashgg/UL2017_4/10_6_4/ZHiggs0L1ToGG_M125_TuneCP5_13TeV-JHUGenV7011-pythia8/UL2017_4-10_6_4-v0-RunIISummer19UL17MiniAOD-106X_mc2017_realistic_v6-v2/200911_121149/0000/myMicroAODOutputFile_16.root?tried=stor75.datagrid.cea.fr, mode: 0660, flags: kXR_open_read kXR_async kXR_retstat ). Trying to recover.
Begin processing the 1001st record. Run 1, Event 61003, LumiSection 611 on stream 0 at 20-Dec-2022 11:30:39.605 CET
[2022-12-20 11:32:38.293487 +0100][Error  ][AsyncSock         ] [xrootd.ba.infn.it:1094 #0.0] Socket error while handshaking: [ERROR] Socket timeout
[2022-12-20 11:32:38.293621 +0100][Error  ][PostMaster        ] [xrootd.ba.infn.it:1094 #0] elapsed = 45, pConnectionWindow = 31 seconds.
Begin processing the 2001st record. Run 1, Event 62001, LumiSection 621 on stream 0 at 20-Dec-2022 11:33:03.935 CET
[2022-12-20 11:33:23.552392 +0100][Error  ][AsyncSock         ] [xrootd.ba.infn.it:1094 #0.0] Socket error while handshaking: [ERROR] Socket timeout
[2022-12-20 11:33:23.552547 +0100][Error  ][PostMaster        ] [xrootd.ba.infn.it:1094 #0] elapsed = 45, pConnectionWindow = 31 seconds.
[2022-12-20 11:33:23.552566 +0100][Error  ][PostMaster        ] [xrootd.ba.infn.it:1094 #0] Unable to recover: [ERROR] Socket timeout.
[2022-12-20 11:33:23.552579 +0100][Error  ][XRootD            ] [xrootd.ba.infn.it:1094] Impossible to send message kXR_open (file: /store/user/alesauva/flashgg/UL2017_4/10_6_4/ZHiggs0L1ToGG_M125_TuneCP5_13TeV-JHUGenV7011-pythia8/UL2017_4-10_6_4-v0-RunIISummer19UL17MiniAOD-106X_mc2017_realistic_v6-v2/200911_121149/0000/myMicroAODOutputFile_16.root?tried=stor75.datagrid.cea.fr, mode: 0660, flags: kXR_open_read kXR_async kXR_retstat ). Trying to recover.
Begin processing the 3001st record. Run 1, Event 134508, LumiSection 1346 on stream 0 at 20-Dec-2022 11:35:25.241 CET
Begin processing the 4001st record. Run 1, Event 135505, LumiSection 1356 on stream 0 at 20-Dec-2022 11:37:57.922 CET
Begin processing the 5001st record. Run 1, Event 136516, LumiSection 1366 on stream 0 at 20-Dec-2022 11:40:26.434 CET
[2022-12-20 11:40:31.306401 +0100][Error  ][AsyncSock         ] [xrootd.ba.infn.it:1094 #0.0] Socket error while handshaking: [ERROR] Socket timeout
[2022-12-20 11:40:31.306510 +0100][Error  ][PostMaster        ] [xrootd.ba.infn.it:1094 #0] elapsed = 46, pConnectionWindow = 31 seconds.
[2022-12-20 11:41:16.560902 +0100][Error  ][AsyncSock         ] [xrootd.ba.infn.it:1094 #0.0] Socket error while handshaking: [ERROR] Socket timeout
[2022-12-20 11:41:16.561092 +0100][Error  ][PostMaster        ] [xrootd.ba.infn.it:1094 #0] elapsed = 45, pConnectionWindow = 31 seconds.
[2022-12-20 11:41:16.561111 +0100][Error  ][PostMaster        ] [xrootd.ba.infn.it:1094 #0] Unable to recover: [ERROR] Socket timeout.
[2022-12-20 11:41:16.561123 +0100][Error  ][XRootD            ] [xrootd.ba.infn.it:1094] Impossible to send message kXR_open (file: /store/user/alesauva/flashgg/UL2017_4/10_6_4/ZHiggs0L1ToGG_M125_TuneCP5_13TeV-JHUGenV7011-pythia8/UL2017_4-10_6_4-v0-RunIISummer19UL17MiniAOD-106X_mc2017_realistic_v6-v2/200911_121149/0000/myMicroAODOutputFile_16.root?tried=stor75.datagrid.cea.fr, mode: 0660, flags: kXR_open_read kXR_async kXR_retstat ). Trying to recover.
Begin processing the 6001st record. Run 1, Event 137504, LumiSection 1376 on stream 0 at 20-Dec-2022 11:42:58.614 CET
[2022-12-20 11:45:15.555400 +0100][Error  ][AsyncSock         ] [xrootd.ba.infn.it:1094 #0.0] Socket error while handshaking: [ERROR] Socket timeout
[2022-12-20 11:45:15.555545 +0100][Error  ][PostMaster        ] [xrootd.ba.infn.it:1094 #0] elapsed = 45, pConnectionWindow = 31 seconds.
Begin processing the 7001st record. Run 1, Event 138521, LumiSection 1386 on stream 0 at 20-Dec-2022 11:45:27.615 CET
[2022-12-20 11:46:00.808381 +0100][Error  ][AsyncSock         ] [xrootd.ba.infn.it:1094 #0.0] Socket error while handshaking: [ERROR] Socket timeout
[2022-12-20 11:46:00.808479 +0100][Error  ][PostMaster        ] [xrootd.ba.infn.it:1094 #0] elapsed = 45, pConnectionWindow = 31 seconds.
[2022-12-20 11:46:00.808487 +0100][Error  ][PostMaster        ] [xrootd.ba.infn.it:1094 #0] Unable to recover: [ERROR] Socket timeout.
[2022-12-20 11:46:00.808502 +0100][Error  ][XRootD            ] [xrootd.ba.infn.it:1094] Impossible to send message kXR_open (file: /store/user/alesauva/flashgg/UL2017_4/10_6_4/ZHiggs0L1ToGG_M125_TuneCP5_13TeV-JHUGenV7011-pythia8/UL2017_4-10_6_4-v0-RunIISummer19UL17MiniAOD-106X_mc2017_realistic_v6-v2/200911_121149/0000/myMicroAODOutputFile_16.root?tried=stor75.datagrid.cea.fr, mode: 0660, flags: kXR_open_read kXR_async kXR_retstat ). Trying to recover.
Begin processing the 8001st record. Run 1, Event 139509, LumiSection 1396 on stream 0 at 20-Dec-2022 11:47:53.165 CET
[2022-12-20 11:50:00.144396 +0100][Error  ][AsyncSock         ] [xrootd.ba.infn.it:1094 #0.0] Socket error while handshaking: [ERROR] Socket timeout
[2022-12-20 11:50:00.144563 +0100][Error  ][PostMaster        ] [xrootd.ba.infn.it:1094 #0] elapsed = 45, pConnectionWindow = 31 seconds.
Begin processing the 9001st record. Run 1, Event 171203, LumiSection 1713 on stream 0 at 20-Dec-2022 11:50:33.782 CET
[2022-12-20 11:50:45.398526 +0100][Error  ][AsyncSock         ] [xrootd.ba.infn.it:1094 #0.0] Socket error while handshaking: [ERROR] Socket timeout
[2022-12-20 11:50:45.398736 +0100][Error  ][PostMaster        ] [xrootd.ba.infn.it:1094 #0] elapsed = 45, pConnectionWindow = 31 seconds.
[2022-12-20 11:50:45.398753 +0100][Error  ][PostMaster        ] [xrootd.ba.infn.it:1094 #0] Unable to recover: [ERROR] Socket timeout.
[2022-12-20 11:50:45.398765 +0100][Error  ][XRootD            ] [xrootd.ba.infn.it:1094] Impossible to send message kXR_open (file: /store/user/alesauva/flashgg/UL2017_4/10_6_4/ZHiggs0L1ToGG_M125_TuneCP5_13TeV-JHUGenV7011-pythia8/UL2017_4-10_6_4-v0-RunIISummer19UL17MiniAOD-106X_mc2017_realistic_v6-v2/200911_121149/0000/myMicroAODOutputFile_16.root?tried=stor75.datagrid.cea.fr, mode: 0660, flags: kXR_open_read kXR_async kXR_retstat ). Trying to recover.
Begin processing the 10001st record. Run 1, Event 172201, LumiSection 1723 on stream 0 at 20-Dec-2022 11:53:15.682 CET
[2022-12-20 11:55:02.037386 +0100][Error  ][AsyncSock         ] [xrootd.ba.infn.it:1094 #0.0] Socket error while handshaking: [ERROR] Socket timeout
[2022-12-20 11:55:02.037484 +0100][Error  ][PostMaster        ] [xrootd.ba.infn.it:1094 #0] elapsed = 45, pConnectionWindow = 31 seconds.
Begin processing the 11001st record. Run 1, Event 173202, LumiSection 1733 on stream 0 at 20-Dec-2022 11:55:44.044 CET
[2022-12-20 11:55:47.320417 +0100][Error  ][AsyncSock         ] [xrootd.ba.infn.it:1094 #0.0] Socket error while handshaking: [ERROR] Socket timeout
[2022-12-20 11:55:47.320544 +0100][Error  ][PostMaster        ] [xrootd.ba.infn.it:1094 #0] elapsed = 45, pConnectionWindow = 31 seconds.
[2022-12-20 11:55:47.320563 +0100][Error  ][PostMaster        ] [xrootd.ba.infn.it:1094 #0] Unable to recover: [ERROR] Socket timeout.
[2022-12-20 11:55:47.320574 +0100][Error  ][XRootD            ] [xrootd.ba.infn.it:1094] Impossible to send message kXR_open (file: /store/user/alesauva/flashgg/UL2017_4/10_6_4/ZHiggs0L1ToGG_M125_TuneCP5_13TeV-JHUGenV7011-pythia8/UL2017_4-10_6_4-v0-RunIISummer19UL17MiniAOD-106X_mc2017_realistic_v6-v2/200911_121149/0000/myMicroAODOutputFile_16.root?tried=stor75.datagrid.cea.fr, mode: 0660, flags: kXR_open_read kXR_async kXR_retstat ). Trying to recover.
Begin processing the 12001st record. Run 1, Event 174201, LumiSection 1743 on stream 0 at 20-Dec-2022 11:58:22.593 CET
[2022-12-20 11:59:53.863861 +0100][Error  ][AsyncSock         ] [xrootd.ba.infn.it:1094 #0.0] Socket error while handshaking: [ERROR] Socket timeout
[2022-12-20 11:59:53.864023 +0100][Error  ][PostMaster        ] [xrootd.ba.infn.it:1094 #0] elapsed = 45, pConnectionWindow = 31 seconds.
[2022-12-20 12:00:39.302366 +0100][Error  ][AsyncSock         ] [xrootd.ba.infn.it:1094 #0.0] Socket error while handshaking: [ERROR] Socket timeout
[2022-12-20 12:00:39.302520 +0100][Error  ][PostMaster        ] [xrootd.ba.infn.it:1094 #0] elapsed = 46, pConnectionWindow = 31 seconds.
[2022-12-20 12:00:39.302532 +0100][Error  ][PostMaster        ] [xrootd.ba.infn.it:1094 #0] Unable to recover: [ERROR] Socket timeout.
[2022-12-20 12:00:39.302542 +0100][Error  ][XRootD            ] [xrootd.ba.infn.it:1094] Impossible to send message kXR_open (file: /store/user/alesauva/flashgg/UL2017_4/10_6_4/ZHiggs0L1ToGG_M125_TuneCP5_13TeV-JHUGenV7011-pythia8/UL2017_4-10_6_4-v0-RunIISummer19UL17MiniAOD-106X_mc2017_realistic_v6-v2/200911_121149/0000/myMicroAODOutputFile_16.root?tried=stor75.datagrid.cea.fr, mode: 0660, flags: kXR_open_read kXR_async kXR_retstat ). Trying to recover.
Begin processing the 13001st record. Run 1, Event 175209, LumiSection 1753 on stream 0 at 20-Dec-2022 12:01:03.685 CET
Begin processing the 14001st record. Run 1, Event 176208, LumiSection 1763 on stream 0 at 20-Dec-2022 12:03:37.067 CET
[2022-12-20 12:04:50.789742 +0100][Error  ][AsyncSock         ] [xrootd.ba.infn.it:1094 #0.0] Socket error while handshaking: [ERROR] Socket timeout
[2022-12-20 12:04:50.789909 +0100][Error  ][PostMaster        ] [xrootd.ba.infn.it:1094 #0] elapsed = 45, pConnectionWindow = 31 seconds.
[2022-12-20 12:05:35.045412 +0100][Error  ][AsyncSock         ] [xrootd.ba.infn.it:1094 #0.0] Socket error while handshaking: [ERROR] Socket timeout
[2022-12-20 12:05:35.045570 +0100][Error  ][PostMaster        ] [xrootd.ba.infn.it:1094 #0] elapsed = 45, pConnectionWindow = 31 seconds.
[2022-12-20 12:05:35.045585 +0100][Error  ][PostMaster        ] [xrootd.ba.infn.it:1094 #0] Unable to recover: [ERROR] Socket timeout.
[2022-12-20 12:05:35.045596 +0100][Error  ][XRootD            ] [xrootd.ba.infn.it:1094] Impossible to send message kXR_open (file: /store/user/alesauva/flashgg/UL2017_4/10_6_4/ZHiggs0L1ToGG_M125_TuneCP5_13TeV-JHUGenV7011-pythia8/UL2017_4-10_6_4-v0-RunIISummer19UL17MiniAOD-106X_mc2017_realistic_v6-v2/200911_121149/0000/myMicroAODOutputFile_16.root?tried=stor75.datagrid.cea.fr, mode: 0660, flags: kXR_open_read kXR_async kXR_retstat ). Trying to recover.
Begin processing the 15001st record. Run 1, Event 177307, LumiSection 1774 on stream 0 at 20-Dec-2022 12:06:08.964 CET
Begin processing the 16001st record. Run 1, Event 250608, LumiSection 2507 on stream 0 at 20-Dec-2022 12:08:50.005 CET
[2022-12-20 12:09:49.860440 +0100][Error  ][AsyncSock         ] [xrootd.ba.infn.it:1094 #0.0] Socket error while handshaking: [ERROR] Socket timeout
[2022-12-20 12:09:49.860627 +0100][Error  ][PostMaster        ] [xrootd.ba.infn.it:1094 #0] elapsed = 45, pConnectionWindow = 31 seconds.
[2022-12-20 12:10:34.108156 +0100][Error  ][AsyncSock         ] [xrootd.ba.infn.it:1094 #0.0] Socket error while handshaking: [ERROR] Socket timeout
[2022-12-20 12:10:34.108331 +0100][Error  ][PostMaster        ] [xrootd.ba.infn.it:1094 #0] elapsed = 45, pConnectionWindow = 31 seconds.
[2022-12-20 12:10:34.108353 +0100][Error  ][PostMaster        ] [xrootd.ba.infn.it:1094 #0] Unable to recover: [ERROR] Socket timeout.
[2022-12-20 12:10:34.108364 +0100][Error  ][XRootD            ] [xrootd.ba.infn.it:1094] Impossible to send message kXR_open (file: /store/user/alesauva/flashgg/UL2017_4/10_6_4/ZHiggs0L1ToGG_M125_TuneCP5_13TeV-JHUGenV7011-pythia8/UL2017_4-10_6_4-v0-RunIISummer19UL17MiniAOD-106X_mc2017_realistic_v6-v2/200911_121149/0000/myMicroAODOutputFile_16.root?tried=stor75.datagrid.cea.fr, mode: 0660, flags: kXR_open_read kXR_async kXR_retstat ). Trying to recover.
Begin processing the 17001st record. Run 1, Event 251608, LumiSection 2517 on stream 0 at 20-Dec-2022 12:11:15.480 CET
Begin processing the 18001st record. Run 1, Event 252602, LumiSection 2527 on stream 0 at 20-Dec-2022 12:13:36.367 CET
[2022-12-20 12:14:19.929459 +0100][Error  ][AsyncSock         ] [xrootd.ba.infn.it:1094 #0.0] Socket error while handshaking: [ERROR] Socket timeout
[2022-12-20 12:14:19.929621 +0100][Error  ][PostMaster        ] [xrootd.ba.infn.it:1094 #0] elapsed = 45, pConnectionWindow = 31 seconds.
[2022-12-20 12:15:05.155351 +0100][Error  ][AsyncSock         ] [xrootd.ba.infn.it:1094 #0.0] Socket error while handshaking: [ERROR] Socket timeout
[2022-12-20 12:15:05.155543 +0100][Error  ][PostMaster        ] [xrootd.ba.infn.it:1094 #0] elapsed = 46, pConnectionWindow = 31 seconds.
[2022-12-20 12:15:05.155566 +0100][Error  ][PostMaster        ] [xrootd.ba.infn.it:1094 #0] Unable to recover: [ERROR] Socket timeout.
[2022-12-20 12:15:05.155578 +0100][Error  ][XRootD            ] [xrootd.ba.infn.it:1094] Impossible to send message kXR_open (file: /store/user/alesauva/flashgg/UL2017_4/10_6_4/ZHiggs0L1ToGG_M125_TuneCP5_13TeV-JHUGenV7011-pythia8/UL2017_4-10_6_4-v0-RunIISummer19UL17MiniAOD-106X_mc2017_realistic_v6-v2/200911_121149/0000/myMicroAODOutputFile_16.root?tried=stor75.datagrid.cea.fr, mode: 0660, flags: kXR_open_read kXR_async kXR_retstat ). Trying to recover.
Begin processing the 19001st record. Run 1, Event 253601, LumiSection 2537 on stream 0 at 20-Dec-2022 12:15:54.316 CET
Begin processing the 20001st record. Run 1, Event 254602, LumiSection 2547 on stream 0 at 20-Dec-2022 12:18:22.742 CET
[2022-12-20 12:18:53.256404 +0100][Error  ][AsyncSock         ] [xrootd.ba.infn.it:1094 #0.0] Socket error while handshaking: [ERROR] Socket timeout
[2022-12-20 12:18:53.256624 +0100][Error  ][PostMaster        ] [xrootd.ba.infn.it:1094 #0] elapsed = 46, pConnectionWindow = 31 seconds.
[2022-12-20 12:19:38.482684 +0100][Error  ][AsyncSock         ] [xrootd.ba.infn.it:1094 #0.0] Socket error while handshaking: [ERROR] Socket timeout
[2022-12-20 12:19:38.482865 +0100][Error  ][PostMaster        ] [xrootd.ba.infn.it:1094 #0] elapsed = 45, pConnectionWindow = 31 seconds.
[2022-12-20 12:19:38.482883 +0100][Error  ][PostMaster        ] [xrootd.ba.infn.it:1094 #0] Unable to recover: [ERROR] Socket timeout.
[2022-12-20 12:19:38.482898 +0100][Error  ][XRootD            ] [xrootd.ba.infn.it:1094] Impossible to send message kXR_open (file: /store/user/alesauva/flashgg/UL2017_4/10_6_4/ZHiggs0L1ToGG_M125_TuneCP5_13TeV-JHUGenV7011-pythia8/UL2017_4-10_6_4-v0-RunIISummer19UL17MiniAOD-106X_mc2017_realistic_v6-v2/200911_121149/0000/myMicroAODOutputFile_16.root?tried=stor75.datagrid.cea.fr, mode: 0660, flags: kXR_open_read kXR_async kXR_retstat ). Trying to recover.
Begin processing the 21001st record. Run 1, Event 261010, LumiSection 2611 on stream 0 at 20-Dec-2022 12:20:48.534 CET
Begin processing the 22001st record. Run 1, Event 681208, LumiSection 6813 on stream 0 at 20-Dec-2022 12:23:15.122 CET
[2022-12-20 12:23:31.985449 +0100][Error  ][AsyncSock         ] [xrootd.ba.infn.it:1094 #0.0] Socket error while handshaking: [ERROR] Socket timeout
[2022-12-20 12:23:31.985622 +0100][Error  ][PostMaster        ] [xrootd.ba.infn.it:1094 #0] elapsed = 45, pConnectionWindow = 31 seconds.
[2022-12-20 12:24:17.220753 +0100][Error  ][AsyncSock         ] [xrootd.ba.infn.it:1094 #0.0] Socket error while handshaking: [ERROR] Socket timeout
[2022-12-20 12:24:17.220933 +0100][Error  ][PostMaster        ] [xrootd.ba.infn.it:1094 #0] elapsed = 46, pConnectionWindow = 31 seconds.
[2022-12-20 12:24:17.220953 +0100][Error  ][PostMaster        ] [xrootd.ba.infn.it:1094 #0] Unable to recover: [ERROR] Socket timeout.
[2022-12-20 12:24:17.220983 +0100][Error  ][XRootD            ] [xrootd.ba.infn.it:1094] Impossible to send message kXR_open (file: /store/user/alesauva/flashgg/UL2017_4/10_6_4/ZHiggs0L1ToGG_M125_TuneCP5_13TeV-JHUGenV7011-pythia8/UL2017_4-10_6_4-v0-RunIISummer19UL17MiniAOD-106X_mc2017_realistic_v6-v2/200911_121149/0000/myMicroAODOutputFile_16.root?tried=stor75.datagrid.cea.fr, mode: 0660, flags: kXR_open_read kXR_async kXR_retstat ). Trying to recover.
Begin processing the 23001st record. Run 1, Event 682206, LumiSection 6823 on stream 0 at 20-Dec-2022 12:25:39.453 CET
Begin processing the 24001st record. Run 1, Event 383807, LumiSection 3839 on stream 0 at 20-Dec-2022 12:27:59.994 CET
20-Dec-2022 12:30:27 CET  Closed file root://cms-xrd-global.cern.ch//store/user/alesauva/flashgg/UL2017_4/10_6_4/ZHiggs0L1ToGG_M125_TuneCP5_13TeV-JHUGenV7011-pythia8/UL2017_4-10_6_4-v0-RunIISummer19UL17MiniAOD-106X_mc2017_realistic_v6-v2/200911_121149/0000/myMicroAODOutputFile_16.root

TrigReport ---------- Event  Summary ------------
TrigReport Events total = 25000 passed = 24685 failed = 315

TrigReport ---------- Path   Summary ------------
TrigReport  Trig Bit#   Executed     Passed     Failed      Error Name
TrigReport     1    0      25000      24685        315          0 p

TrigReport -------End-Path   Summary ------------
TrigReport  Trig Bit#   Executed     Passed     Failed      Error Name

TrigReport ---------- Modules in Path: p ------------
TrigReport  Trig Bit#    Visited     Passed     Failed      Error Name
TrigReport     1    0      25000      24685        315          0 flashggMetFilters
TrigReport     1    1      24685      24685          0          0 VHFilter
TrigReport     1    2      24685      24685          0          0 flashggDifferentialPhoIdInputsCorrection
TrigReport     1    3      24685      24685          0          0 flashggDiPhotonSystematics
TrigReport     1    4      24685      24685          0          0 flashggMetSystematics
TrigReport     1    5      24685      24685          0          0 flashggMuonSystematics
TrigReport     1    6      24685      24685          0          0 flashggElectronSystematics
TrigReport     1    7      24685      24685          0          0 flashggUnpackedJets
TrigReport     1    8      24685      24685          0          0 flashggJetSystematics0
TrigReport     1    9      24685      24685          0          0 flashggJetSystematics1
TrigReport     1   10      24685      24685          0          0 flashggJetSystematics2
TrigReport     1   11      24685      24685          0          0 flashggJetSystematics3
TrigReport     1   12      24685      24685          0          0 flashggJetSystematics4
TrigReport     1   13      24685      24685          0          0 flashggJetSystematics5
TrigReport     1   14      24685      24685          0          0 flashggJetSystematics6
TrigReport     1   15      24685      24685          0          0 flashggJetSystematics7
TrigReport     1   16      24685      24685          0          0 flashggJetSystematics8
TrigReport     1   17      24685      24685          0          0 flashggJetSystematics9
TrigReport     1   18      24685      24685          0          0 flashggJetSystematics10
TrigReport     1   19      24685      24685          0          0 flashggJetSystematics11
TrigReport     1   20      24685      24685          0          0 flashggPrefireDiPhotons
TrigReport     1   21      24685      24685          0          0 flashggPreselectedDiPhotons
TrigReport     1   22      24685      24685          0          0 flashggDiPhotonMVA
TrigReport     1   23      24685      24685          0          0 flashggVBFMVA
TrigReport     1   24      24685      24685          0          0 flashggVHhadMVA
TrigReport     1   25      24685      24685          0          0 flashggGluGluHMVA
TrigReport     1   26      24685      24685          0          0 flashggStageOneCombinedTag
TrigReport     1   27      24685      24685          0          0 flashggTHQLeptonicTag
TrigReport     1   28      24685      24685          0          0 flashggVHMetTag
TrigReport     1   29      24685      24685          0          0 flashggWHLeptonicTag
TrigReport     1   30      24685      24685          0          0 flashggZHLeptonicTag
TrigReport     1   31      24685      24685          0          0 flashggTTHLeptonicTag
TrigReport     1   32      24685      24685          0          0 flashggTTHHadronicTag
TrigReport     1   33      24685      24685          0          0 flashggTagSorter
TrigReport     1   34      24685      24685          0          0 flashggSystTagMerger
TrigReport     1   35      24685      24685          0          0 tagsDumper

TrigReport ---------- Module Summary ------------
TrigReport    Visited   Executed     Passed     Failed      Error Name
TrigReport      25000      25000      25000          0          0 TriggerResults
TrigReport      24685      24685      24685          0          0 VHFilter
TrigReport      24685      24685      24685          0          0 ak4PFCHSL1FastL2L3Corrector
TrigReport      24685      24685      24685          0          0 ak4PFCHSL1FastjetCorrector
TrigReport      24685      24685      24685          0          0 ak4PFCHSL2RelativeCorrector
TrigReport      24685      24685      24685          0          0 ak4PFCHSL3AbsoluteCorrector
TrigReport      24685      24685      24685          0          0 flashggDiPhotonMVA
TrigReport      24685      24685      24685          0          0 flashggDiPhotonSystematics
TrigReport      24685      24685      24685          0          0 flashggDifferentialPhoIdInputsCorrection
TrigReport      24685      24685      24685          0          0 flashggElectronSystematics
TrigReport      24685      24685      24685          0          0 flashggGluGluHMVA
TrigReport      24685      24685      24685          0          0 flashggJetSystematics0
TrigReport      24685      24685      24685          0          0 flashggJetSystematics1
TrigReport      24685      24685      24685          0          0 flashggJetSystematics10
TrigReport      24685      24685      24685          0          0 flashggJetSystematics11
TrigReport      24685      24685      24685          0          0 flashggJetSystematics2
TrigReport      24685      24685      24685          0          0 flashggJetSystematics3
TrigReport      24685      24685      24685          0          0 flashggJetSystematics4
TrigReport      24685      24685      24685          0          0 flashggJetSystematics5
TrigReport      24685      24685      24685          0          0 flashggJetSystematics6
TrigReport      24685      24685      24685          0          0 flashggJetSystematics7
TrigReport      24685      24685      24685          0          0 flashggJetSystematics8
TrigReport      24685      24685      24685          0          0 flashggJetSystematics9
TrigReport      25000      25000      24685        315          0 flashggMetFilters
TrigReport      24685      24685      24685          0          0 flashggMetSystematics
TrigReport      24685      24685      24685          0          0 flashggMuonSystematics
TrigReport      24685      24685      24685          0          0 flashggPrefireDiPhotons
TrigReport      24685      24685      24685          0          0 flashggPreselectedDiPhotons
TrigReport      24685      24685      24685          0          0 flashggStageOneCombinedTag
TrigReport      24685      24685      24685          0          0 flashggSystTagMerger
TrigReport      24685      24685      24685          0          0 flashggTHQLeptonicTag
TrigReport      24685      24685      24685          0          0 flashggTTHHadronicTag
TrigReport      24685      24685      24685          0          0 flashggTTHLeptonicTag
TrigReport      24685      24685      24685          0          0 flashggTagSorter
TrigReport      24685      24685      24685          0          0 flashggUnpackedJets
TrigReport      24685      24685      24685          0          0 flashggVBFMVA
TrigReport      24685      24685      24685          0          0 flashggVHMetTag
TrigReport      24685      24685      24685          0          0 flashggVHhadMVA
TrigReport      24685      24685      24685          0          0 flashggWHLeptonicTag
TrigReport      24685      24685      24685          0          0 flashggZHLeptonicTag
TrigReport      25000      25000      25000          0          0 p
TrigReport      24685      24685      24685          0          0 tagsDumper

TimeReport ---------- Event  Summary ---[sec]----
TimeReport       event loop CPU/event = 0.155154
TimeReport      event loop Real/event = 0.155826
TimeReport     sum Streams Real/event = 0.151314
TimeReport efficiency CPU/Real/thread = 0.995692

TimeReport ---------- Path   Summary ---[Real sec]----
TimeReport  per event     per exec  Name
TimeReport   0.150796     0.150796  p
TimeReport  per event     per exec  Name

TimeReport -------End-Path   Summary ---[Real sec]----
TimeReport  per event     per exec  Name
TimeReport  per event     per exec  Name

TimeReport ---------- Modules in Path: p ---[Real sec]----
TimeReport  per event    per visit  Name
TimeReport   0.000018     0.000018  flashggMetFilters
TimeReport   0.000007     0.000007  VHFilter
TimeReport   0.078995     0.080003  flashggDifferentialPhoIdInputsCorrection
TimeReport   0.052090     0.052754  flashggDiPhotonSystematics
TimeReport   0.000189     0.000191  flashggMetSystematics
TimeReport   0.000052     0.000053  flashggMuonSystematics
TimeReport   0.000040     0.000040  flashggElectronSystematics
TimeReport   0.000252     0.000256  flashggUnpackedJets
TimeReport   0.004380     0.004436  flashggJetSystematics0
TimeReport   0.000805     0.000816  flashggJetSystematics1
TimeReport   0.000734     0.000743  flashggJetSystematics2
TimeReport   0.000708     0.000717  flashggJetSystematics3
TimeReport   0.000699     0.000708  flashggJetSystematics4
TimeReport   0.000691     0.000700  flashggJetSystematics5
TimeReport   0.000687     0.000696  flashggJetSystematics6
TimeReport   0.000688     0.000697  flashggJetSystematics7
TimeReport   0.000684     0.000693  flashggJetSystematics8
TimeReport   0.000682     0.000691  flashggJetSystematics9
TimeReport   0.000680     0.000689  flashggJetSystematics10
TimeReport   0.000677     0.000686  flashggJetSystematics11
TimeReport   0.000344     0.000348  flashggPrefireDiPhotons
TimeReport   0.000141     0.000143  flashggPreselectedDiPhotons
TimeReport   0.000039     0.000039  flashggDiPhotonMVA
TimeReport   0.000035     0.000036  flashggVBFMVA
TimeReport   0.000020     0.000021  flashggVHhadMVA
TimeReport   0.000062     0.000062  flashggGluGluHMVA
TimeReport   0.000038     0.000038  flashggStageOneCombinedTag
TimeReport   0.000726     0.000735  flashggTHQLeptonicTag
TimeReport   0.000412     0.000418  flashggVHMetTag
TimeReport   0.000030     0.000031  flashggWHLeptonicTag
TimeReport   0.000025     0.000025  flashggZHLeptonicTag
TimeReport   0.000079     0.000080  flashggTTHLeptonicTag
TimeReport   0.001788     0.001811  flashggTTHHadronicTag
TimeReport   0.000097     0.000098  flashggTagSorter
TimeReport   0.000004     0.000004  flashggSystTagMerger
TimeReport   0.000417     0.000423  tagsDumper
TimeReport  per event    per visit  Name

TimeReport ---------- Module Summary ---[Real sec]----
TimeReport  per event     per exec    per visit  Name
TimeReport   0.000003     0.000003     0.000003  TriggerResults
TimeReport   0.000007     0.000007     0.000007  VHFilter
TimeReport   0.000004     0.000004     0.000004  ak4PFCHSL1FastL2L3Corrector
TimeReport   0.000004     0.000004     0.000004  ak4PFCHSL1FastjetCorrector
TimeReport   0.000002     0.000002     0.000002  ak4PFCHSL2RelativeCorrector
TimeReport   0.000013     0.000013     0.000013  ak4PFCHSL3AbsoluteCorrector
TimeReport   0.000039     0.000039     0.000039  flashggDiPhotonMVA
TimeReport   0.052090     0.052754     0.052754  flashggDiPhotonSystematics
TimeReport   0.078995     0.080003     0.080003  flashggDifferentialPhoIdInputsCorrection
TimeReport   0.000040     0.000040     0.000040  flashggElectronSystematics
TimeReport   0.000062     0.000062     0.000062  flashggGluGluHMVA
TimeReport   0.004380     0.004436     0.004436  flashggJetSystematics0
TimeReport   0.000805     0.000816     0.000816  flashggJetSystematics1
TimeReport   0.000680     0.000689     0.000689  flashggJetSystematics10
TimeReport   0.000677     0.000686     0.000686  flashggJetSystematics11
TimeReport   0.000734     0.000743     0.000743  flashggJetSystematics2
TimeReport   0.000708     0.000717     0.000717  flashggJetSystematics3
TimeReport   0.000699     0.000708     0.000708  flashggJetSystematics4
TimeReport   0.000691     0.000700     0.000700  flashggJetSystematics5
TimeReport   0.000687     0.000696     0.000696  flashggJetSystematics6
TimeReport   0.000688     0.000697     0.000697  flashggJetSystematics7
TimeReport   0.000684     0.000693     0.000693  flashggJetSystematics8
TimeReport   0.000682     0.000691     0.000691  flashggJetSystematics9
TimeReport   0.000018     0.000018     0.000018  flashggMetFilters
TimeReport   0.000189     0.000191     0.000191  flashggMetSystematics
TimeReport   0.000052     0.000053     0.000053  flashggMuonSystematics
TimeReport   0.000344     0.000348     0.000348  flashggPrefireDiPhotons
TimeReport   0.000141     0.000143     0.000143  flashggPreselectedDiPhotons
TimeReport   0.000038     0.000038     0.000038  flashggStageOneCombinedTag
TimeReport   0.000004     0.000004     0.000004  flashggSystTagMerger
TimeReport   0.000726     0.000735     0.000735  flashggTHQLeptonicTag
TimeReport   0.001788     0.001811     0.001811  flashggTTHHadronicTag
TimeReport   0.000079     0.000080     0.000080  flashggTTHLeptonicTag
TimeReport   0.000097     0.000098     0.000098  flashggTagSorter
TimeReport   0.000252     0.000256     0.000256  flashggUnpackedJets
TimeReport   0.000035     0.000036     0.000036  flashggVBFMVA
TimeReport   0.000412     0.000418     0.000418  flashggVHMetTag
TimeReport   0.000020     0.000021     0.000021  flashggVHhadMVA
TimeReport   0.000030     0.000031     0.000031  flashggWHLeptonicTag
TimeReport   0.000025     0.000025     0.000025  flashggZHLeptonicTag
TimeReport   0.000003     0.000003     0.000003  p
TimeReport   0.000417     0.000423     0.000423  tagsDumper
TimeReport  per event     per exec    per visit  Name

T---Report end!


=============================================

MessageLogger Summary

 type     category        sev    module        subroutine        count    total
 ---- -------------------- -- ---------------- ----------------  -----    -----
    1 XrdAdaptor           -w file_open                              1        1
    2 fileAction           -s file_close                             1        1
    3 fileAction           -s file_open                              2        2

 type    category    Examples: run/evt        run/evt          run/evt
 ---- -------------------- ---------------- ---------------- ----------------
    1 XrdAdaptor           pre-events                        
    2 fileAction           PostGlobalEndRun                  
    3 fileAction           pre-events       pre-events       

Severity    # Occurrences   Total Occurrences
--------    -------------   -----------------
Warning                 1                   1
System                  3                   3

dropped waiting message count 0
