mkdir: cannot create directory '/afs/cern.ch/user/x/xisu/private/local/Analysis_workspace/VH_AC_tmp1/flashgg_d2/CMSSW_10_6_29/src/flashgg/VHAC_Analysis_Met/UL_17/UL_17_zh125': File exists
/cvmfs/cms.cern.ch/slc7_amd64_gcc700/external/py2-requests/2.21.0-pafccj2/lib/python2.7/site-packages/requests/__init__.py:91: RequestsDependencyWarning: urllib3 (1.25.2) or chardet (3.0.4) doesn't match a supported version!
  RequestsDependencyWarning)
20-Dec-2022 11:11:31 CET  Initiating request to open file root://cms-xrd-global.cern.ch//store/user/alesauva/flashgg/UL2017_3/10_6_4/VHToGG_M125_TuneCP5_13TeV-amcatnloFXFX-madspin-pythia8/UL2017_3-10_6_4-v0-RunIISummer19UL17MiniAOD-106X_mc2017_realistic_v6-v1/200722_091630/0000/myMicroAODOutputFile_9.root
%MSG-w XrdAdaptor:  file_open 20-Dec-2022 11:11:34 CET pre-events
Data is served from GRIF-IRFU instead of original site CERN-CMSGLOBAL-01
%MSG
20-Dec-2022 11:11:36 CET  Successfully opened file root://cms-xrd-global.cern.ch//store/user/alesauva/flashgg/UL2017_3/10_6_4/VHToGG_M125_TuneCP5_13TeV-amcatnloFXFX-madspin-pythia8/UL2017_3-10_6_4-v0-RunIISummer19UL17MiniAOD-106X_mc2017_realistic_v6-v1/200722_091630/0000/myMicroAODOutputFile_9.root
2022-12-20 11:28:04.757395: I tensorflow/core/platform/cpu_feature_guard.cc:140] Your CPU supports instructions that this TensorFlow binary was not compiled to use: SSE4.1 SSE4.2 AVX AVX2 FMA
Begin processing the 1st record. Run 1, Event 62925, LumiSection 234 on stream 0 at 20-Dec-2022 11:29:39.240 CET
[2022-12-20 11:30:23.473109 +0100][Error  ][AsyncSock         ] [xrootd.ba.infn.it:1094 #0.0] Socket error while handshaking: [ERROR] Socket timeout
[2022-12-20 11:30:23.473697 +0100][Error  ][PostMaster        ] [xrootd.ba.infn.it:1094 #0] elapsed = 45, pConnectionWindow = 31 seconds.
[2022-12-20 11:31:08.742391 +0100][Error  ][AsyncSock         ] [xrootd.ba.infn.it:1094 #0.0] Socket error while handshaking: [ERROR] Socket timeout
[2022-12-20 11:31:08.742502 +0100][Error  ][PostMaster        ] [xrootd.ba.infn.it:1094 #0] elapsed = 45, pConnectionWindow = 31 seconds.
[2022-12-20 11:31:08.742558 +0100][Error  ][PostMaster        ] [xrootd.ba.infn.it:1094 #0] Unable to recover: [ERROR] Socket timeout.
[2022-12-20 11:31:08.742593 +0100][Error  ][XRootD            ] [xrootd.ba.infn.it:1094] Impossible to send message kXR_open (file: /store/user/alesauva/flashgg/UL2017_3/10_6_4/VHToGG_M125_TuneCP5_13TeV-amcatnloFXFX-madspin-pythia8/UL2017_3-10_6_4-v0-RunIISummer19UL17MiniAOD-106X_mc2017_realistic_v6-v1/200722_091630/0000/myMicroAODOutputFile_9.root?tried=stor75.datagrid.cea.fr, mode: 0660, flags: kXR_open_read kXR_async kXR_retstat ). Trying to recover.
[2022-12-20 11:32:05.050081 +0100][Error  ][AsyncSock         ] [xrootd-cms.infn.it:1094 #0.0] Socket error while handshaking: [ERROR] Socket timeout
[2022-12-20 11:32:05.051468 +0100][Error  ][PostMaster        ] [xrootd-cms.infn.it:1094 #0] elapsed = 46, pConnectionWindow = 31 seconds.
[2022-12-20 11:35:15.040581 +0100][Error  ][AsyncSock         ] [xrootd.ba.infn.it:1094 #0.0] Socket error while handshaking: [ERROR] Socket timeout
[2022-12-20 11:35:15.045367 +0100][Error  ][PostMaster        ] [xrootd.ba.infn.it:1094 #0] elapsed = 46, pConnectionWindow = 31 seconds.
[2022-12-20 11:36:00.317470 +0100][Error  ][AsyncSock         ] [xrootd.ba.infn.it:1094 #0.0] Socket error while handshaking: [ERROR] Socket timeout
[2022-12-20 11:36:00.317712 +0100][Error  ][PostMaster        ] [xrootd.ba.infn.it:1094 #0] elapsed = 45, pConnectionWindow = 31 seconds.
[2022-12-20 11:36:00.317764 +0100][Error  ][PostMaster        ] [xrootd.ba.infn.it:1094 #0] Unable to recover: [ERROR] Socket timeout.
[2022-12-20 11:36:00.317801 +0100][Error  ][XRootD            ] [xrootd.ba.infn.it:1094] Impossible to send message kXR_open (file: /store/user/alesauva/flashgg/UL2017_3/10_6_4/VHToGG_M125_TuneCP5_13TeV-amcatnloFXFX-madspin-pythia8/UL2017_3-10_6_4-v0-RunIISummer19UL17MiniAOD-106X_mc2017_realistic_v6-v1/200722_091630/0000/myMicroAODOutputFile_9.root?tried=stor75.datagrid.cea.fr, mode: 0660, flags: kXR_open_read kXR_async kXR_retstat ). Trying to recover.
Begin processing the 1001st record. Run 1, Event 209678, LumiSection 777 on stream 0 at 20-Dec-2022 11:36:11.286 CET
Begin processing the 2001st record. Run 1, Event 279006, LumiSection 1034 on stream 0 at 20-Dec-2022 11:37:48.018 CET
Begin processing the 3001st record. Run 1, Event 196583, LumiSection 729 on stream 0 at 20-Dec-2022 11:39:05.410 CET
[2022-12-20 11:39:46.591431 +0100][Error  ][AsyncSock         ] [xrootd.ba.infn.it:1094 #0.0] Socket error while handshaking: [ERROR] Socket timeout
[2022-12-20 11:39:46.591595 +0100][Error  ][PostMaster        ] [xrootd.ba.infn.it:1094 #0] elapsed = 45, pConnectionWindow = 31 seconds.
Begin processing the 4001st record. Run 1, Event 199535, LumiSection 740 on stream 0 at 20-Dec-2022 11:40:31.012 CET
[2022-12-20 11:40:31.430540 +0100][Error  ][AsyncSock         ] [xrootd.ba.infn.it:1094 #0.0] Socket error while handshaking: [ERROR] Socket timeout
[2022-12-20 11:40:31.430662 +0100][Error  ][PostMaster        ] [xrootd.ba.infn.it:1094 #0] elapsed = 45, pConnectionWindow = 31 seconds.
[2022-12-20 11:40:31.430688 +0100][Error  ][PostMaster        ] [xrootd.ba.infn.it:1094 #0] Unable to recover: [ERROR] Socket timeout.
[2022-12-20 11:40:31.430704 +0100][Error  ][XRootD            ] [xrootd.ba.infn.it:1094] Impossible to send message kXR_open (file: /store/user/alesauva/flashgg/UL2017_3/10_6_4/VHToGG_M125_TuneCP5_13TeV-amcatnloFXFX-madspin-pythia8/UL2017_3-10_6_4-v0-RunIISummer19UL17MiniAOD-106X_mc2017_realistic_v6-v1/200722_091630/0000/myMicroAODOutputFile_9.root?tried=stor75.datagrid.cea.fr, mode: 0660, flags: kXR_open_read kXR_async kXR_retstat ). Trying to recover.
Begin processing the 5001st record. Run 1, Event 1131374, LumiSection 4191 on stream 0 at 20-Dec-2022 11:41:53.828 CET
Begin processing the 6001st record. Run 1, Event 181538, LumiSection 673 on stream 0 at 20-Dec-2022 11:43:19.776 CET
Begin processing the 7001st record. Run 1, Event 726094, LumiSection 2690 on stream 0 at 20-Dec-2022 11:44:43.393 CET
[2022-12-20 11:45:08.490426 +0100][Error  ][AsyncSock         ] [xrootd.ba.infn.it:1094 #0.0] Socket error while handshaking: [ERROR] Socket timeout
[2022-12-20 11:45:08.490602 +0100][Error  ][PostMaster        ] [xrootd.ba.infn.it:1094 #0] elapsed = 45, pConnectionWindow = 31 seconds.
[2022-12-20 11:45:53.010716 +0100][Error  ][AsyncSock         ] [xrootd.ba.infn.it:1094 #0.0] Socket error while handshaking: [ERROR] Socket timeout
[2022-12-20 11:45:53.010819 +0100][Error  ][PostMaster        ] [xrootd.ba.infn.it:1094 #0] elapsed = 45, pConnectionWindow = 31 seconds.
[2022-12-20 11:45:53.010841 +0100][Error  ][PostMaster        ] [xrootd.ba.infn.it:1094 #0] Unable to recover: [ERROR] Socket timeout.
[2022-12-20 11:45:53.010862 +0100][Error  ][XRootD            ] [xrootd.ba.infn.it:1094] Impossible to send message kXR_open (file: /store/user/alesauva/flashgg/UL2017_3/10_6_4/VHToGG_M125_TuneCP5_13TeV-amcatnloFXFX-madspin-pythia8/UL2017_3-10_6_4-v0-RunIISummer19UL17MiniAOD-106X_mc2017_realistic_v6-v1/200722_091630/0000/myMicroAODOutputFile_9.root?tried=stor75.datagrid.cea.fr, mode: 0660, flags: kXR_open_read kXR_async kXR_retstat ). Trying to recover.
Begin processing the 8001st record. Run 1, Event 729070, LumiSection 2701 on stream 0 at 20-Dec-2022 11:46:10.147 CET
Begin processing the 9001st record. Run 1, Event 865927, LumiSection 3208 on stream 0 at 20-Dec-2022 11:47:41.066 CET
Begin processing the 10001st record. Run 1, Event 220964, LumiSection 819 on stream 0 at 20-Dec-2022 11:48:57.739 CET
Begin processing the 11001st record. Run 1, Event 224521, LumiSection 832 on stream 0 at 20-Dec-2022 11:50:15.017 CET
[2022-12-20 11:50:29.170671 +0100][Error  ][AsyncSock         ] [xrootd.ba.infn.it:1094 #0.0] Socket error while handshaking: [ERROR] Socket timeout
[2022-12-20 11:50:29.170813 +0100][Error  ][PostMaster        ] [xrootd.ba.infn.it:1094 #0] elapsed = 45, pConnectionWindow = 31 seconds.
[2022-12-20 11:51:14.483930 +0100][Error  ][AsyncSock         ] [xrootd.ba.infn.it:1094 #0.0] Socket error while handshaking: [ERROR] Socket timeout
[2022-12-20 11:51:14.484054 +0100][Error  ][PostMaster        ] [xrootd.ba.infn.it:1094 #0] elapsed = 45, pConnectionWindow = 31 seconds.
[2022-12-20 11:51:14.486680 +0100][Error  ][PostMaster        ] [xrootd.ba.infn.it:1094 #0] Unable to recover: [ERROR] Socket timeout.
[2022-12-20 11:51:14.486735 +0100][Error  ][XRootD            ] [xrootd.ba.infn.it:1094] Impossible to send message kXR_open (file: /store/user/alesauva/flashgg/UL2017_3/10_6_4/VHToGG_M125_TuneCP5_13TeV-amcatnloFXFX-madspin-pythia8/UL2017_3-10_6_4-v0-RunIISummer19UL17MiniAOD-106X_mc2017_realistic_v6-v1/200722_091630/0000/myMicroAODOutputFile_9.root?tried=stor75.datagrid.cea.fr, mode: 0660, flags: kXR_open_read kXR_async kXR_retstat ). Trying to recover.
Begin processing the 12001st record. Run 1, Event 227442, LumiSection 843 on stream 0 at 20-Dec-2022 11:51:41.481 CET
Begin processing the 13001st record. Run 1, Event 836393, LumiSection 3098 on stream 0 at 20-Dec-2022 11:52:57.715 CET
Begin processing the 14001st record. Run 1, Event 262842, LumiSection 974 on stream 0 at 20-Dec-2022 11:54:17.232 CET
Begin processing the 15001st record. Run 1, Event 1280502, LumiSection 4743 on stream 0 at 20-Dec-2022 11:55:33.240 CET
[2022-12-20 11:55:42.722416 +0100][Error  ][AsyncSock         ] [xrootd.ba.infn.it:1094 #0.0] Socket error while handshaking: [ERROR] Socket timeout
[2022-12-20 11:55:42.722565 +0100][Error  ][PostMaster        ] [xrootd.ba.infn.it:1094 #0] elapsed = 45, pConnectionWindow = 31 seconds.
[2022-12-20 11:56:27.038424 +0100][Error  ][AsyncSock         ] [xrootd.ba.infn.it:1094 #0.0] Socket error while handshaking: [ERROR] Socket timeout
[2022-12-20 11:56:27.038587 +0100][Error  ][PostMaster        ] [xrootd.ba.infn.it:1094 #0] elapsed = 45, pConnectionWindow = 31 seconds.
[2022-12-20 11:56:27.038618 +0100][Error  ][PostMaster        ] [xrootd.ba.infn.it:1094 #0] Unable to recover: [ERROR] Socket timeout.
[2022-12-20 11:56:27.038646 +0100][Error  ][XRootD            ] [xrootd.ba.infn.it:1094] Impossible to send message kXR_open (file: /store/user/alesauva/flashgg/UL2017_3/10_6_4/VHToGG_M125_TuneCP5_13TeV-amcatnloFXFX-madspin-pythia8/UL2017_3-10_6_4-v0-RunIISummer19UL17MiniAOD-106X_mc2017_realistic_v6-v1/200722_091630/0000/myMicroAODOutputFile_9.root?tried=stor75.datagrid.cea.fr, mode: 0660, flags: kXR_open_read kXR_async kXR_retstat ). Trying to recover.
Begin processing the 16001st record. Run 1, Event 413802, LumiSection 1533 on stream 0 at 20-Dec-2022 11:56:50.012 CET
Begin processing the 17001st record. Run 1, Event 770636, LumiSection 2855 on stream 0 at 20-Dec-2022 11:58:05.524 CET
Begin processing the 18001st record. Run 1, Event 773487, LumiSection 2865 on stream 0 at 20-Dec-2022 11:59:16.463 CET
Begin processing the 19001st record. Run 1, Event 1330015, LumiSection 4926 on stream 0 at 20-Dec-2022 12:00:30.211 CET
[2022-12-20 12:00:37.343500 +0100][Error  ][AsyncSock         ] [xrootd.ba.infn.it:1094 #0.0] Socket error while handshaking: [ERROR] Socket timeout
[2022-12-20 12:00:37.343707 +0100][Error  ][PostMaster        ] [xrootd.ba.infn.it:1094 #0] elapsed = 45, pConnectionWindow = 31 seconds.
[2022-12-20 12:01:22.899411 +0100][Error  ][AsyncSock         ] [xrootd.ba.infn.it:1094 #0.0] Socket error while handshaking: [ERROR] Socket timeout
[2022-12-20 12:01:22.899573 +0100][Error  ][PostMaster        ] [xrootd.ba.infn.it:1094 #0] elapsed = 45, pConnectionWindow = 31 seconds.
[2022-12-20 12:01:22.899597 +0100][Error  ][PostMaster        ] [xrootd.ba.infn.it:1094 #0] Unable to recover: [ERROR] Socket timeout.
[2022-12-20 12:01:22.899615 +0100][Error  ][XRootD            ] [xrootd.ba.infn.it:1094] Impossible to send message kXR_open (file: /store/user/alesauva/flashgg/UL2017_3/10_6_4/VHToGG_M125_TuneCP5_13TeV-amcatnloFXFX-madspin-pythia8/UL2017_3-10_6_4-v0-RunIISummer19UL17MiniAOD-106X_mc2017_realistic_v6-v1/200722_091630/0000/myMicroAODOutputFile_9.root?tried=stor75.datagrid.cea.fr, mode: 0660, flags: kXR_open_read kXR_async kXR_retstat ). Trying to recover.
Begin processing the 20001st record. Run 1, Event 965952, LumiSection 3578 on stream 0 at 20-Dec-2022 12:01:39.683 CET
Begin processing the 21001st record. Run 1, Event 1335477, LumiSection 4947 on stream 0 at 20-Dec-2022 12:03:00.989 CET
Begin processing the 22001st record. Run 1, Event 1331583, LumiSection 4932 on stream 0 at 20-Dec-2022 12:04:21.879 CET
[2022-12-20 12:05:33.318450 +0100][Error  ][AsyncSock         ] [xrootd.ba.infn.it:1094 #0.0] Socket error while handshaking: [ERROR] Socket timeout
[2022-12-20 12:05:33.318601 +0100][Error  ][PostMaster        ] [xrootd.ba.infn.it:1094 #0] elapsed = 45, pConnectionWindow = 31 seconds.
Begin processing the 23001st record. Run 1, Event 1258623, LumiSection 4662 on stream 0 at 20-Dec-2022 12:05:46.724 CET
[2022-12-20 12:06:18.830402 +0100][Error  ][AsyncSock         ] [xrootd.ba.infn.it:1094 #0.0] Socket error while handshaking: [ERROR] Socket timeout
[2022-12-20 12:06:18.830500 +0100][Error  ][PostMaster        ] [xrootd.ba.infn.it:1094 #0] elapsed = 45, pConnectionWindow = 31 seconds.
[2022-12-20 12:06:18.830524 +0100][Error  ][PostMaster        ] [xrootd.ba.infn.it:1094 #0] Unable to recover: [ERROR] Socket timeout.
[2022-12-20 12:06:18.830539 +0100][Error  ][XRootD            ] [xrootd.ba.infn.it:1094] Impossible to send message kXR_open (file: /store/user/alesauva/flashgg/UL2017_3/10_6_4/VHToGG_M125_TuneCP5_13TeV-amcatnloFXFX-madspin-pythia8/UL2017_3-10_6_4-v0-RunIISummer19UL17MiniAOD-106X_mc2017_realistic_v6-v1/200722_091630/0000/myMicroAODOutputFile_9.root?tried=stor75.datagrid.cea.fr, mode: 0660, flags: kXR_open_read kXR_async kXR_retstat ). Trying to recover.
Begin processing the 24001st record. Run 1, Event 1315223, LumiSection 4872 on stream 0 at 20-Dec-2022 12:07:03.974 CET
20-Dec-2022 12:07:58 CET  Closed file root://cms-xrd-global.cern.ch//store/user/alesauva/flashgg/UL2017_3/10_6_4/VHToGG_M125_TuneCP5_13TeV-amcatnloFXFX-madspin-pythia8/UL2017_3-10_6_4-v0-RunIISummer19UL17MiniAOD-106X_mc2017_realistic_v6-v1/200722_091630/0000/myMicroAODOutputFile_9.root

TrigReport ---------- Event  Summary ------------
TrigReport Events total = 24711 passed = 8848 failed = 15863

TrigReport ---------- Path   Summary ------------
TrigReport  Trig Bit#   Executed     Passed     Failed      Error Name
TrigReport     1    0      24711       8848      15863          0 p

TrigReport -------End-Path   Summary ------------
TrigReport  Trig Bit#   Executed     Passed     Failed      Error Name

TrigReport ---------- Modules in Path: p ------------
TrigReport  Trig Bit#    Visited     Passed     Failed      Error Name
TrigReport     1    0      24711      24588        123          0 flashggMetFilters
TrigReport     1    1      24588       8848      15740          0 VHFilter
TrigReport     1    2       8848       8848          0          0 flashggDifferentialPhoIdInputsCorrection
TrigReport     1    3       8848       8848          0          0 flashggDiPhotonSystematics
TrigReport     1    4       8848       8848          0          0 flashggMetSystematics
TrigReport     1    5       8848       8848          0          0 flashggMuonSystematics
TrigReport     1    6       8848       8848          0          0 flashggElectronSystematics
TrigReport     1    7       8848       8848          0          0 flashggUnpackedJets
TrigReport     1    8       8848       8848          0          0 flashggJetSystematics0
TrigReport     1    9       8848       8848          0          0 flashggJetSystematics1
TrigReport     1   10       8848       8848          0          0 flashggJetSystematics2
TrigReport     1   11       8848       8848          0          0 flashggJetSystematics3
TrigReport     1   12       8848       8848          0          0 flashggJetSystematics4
TrigReport     1   13       8848       8848          0          0 flashggJetSystematics5
TrigReport     1   14       8848       8848          0          0 flashggJetSystematics6
TrigReport     1   15       8848       8848          0          0 flashggJetSystematics7
TrigReport     1   16       8848       8848          0          0 flashggJetSystematics8
TrigReport     1   17       8848       8848          0          0 flashggJetSystematics9
TrigReport     1   18       8848       8848          0          0 flashggJetSystematics10
TrigReport     1   19       8848       8848          0          0 flashggJetSystematics11
TrigReport     1   20       8848       8848          0          0 flashggPrefireDiPhotons
TrigReport     1   21       8848       8848          0          0 flashggPreselectedDiPhotons
TrigReport     1   22       8848       8848          0          0 flashggDiPhotonMVA
TrigReport     1   23       8848       8848          0          0 flashggVBFMVA
TrigReport     1   24       8848       8848          0          0 flashggVHhadMVA
TrigReport     1   25       8848       8848          0          0 flashggGluGluHMVA
TrigReport     1   26       8848       8848          0          0 flashggStageOneCombinedTag
TrigReport     1   27       8848       8848          0          0 flashggTHQLeptonicTag
TrigReport     1   28       8848       8848          0          0 flashggVHMetTag
TrigReport     1   29       8848       8848          0          0 flashggWHLeptonicTag
TrigReport     1   30       8848       8848          0          0 flashggZHLeptonicTag
TrigReport     1   31       8848       8848          0          0 flashggTTHLeptonicTag
TrigReport     1   32       8848       8848          0          0 flashggTTHHadronicTag
TrigReport     1   33       8848       8848          0          0 flashggTagSorter
TrigReport     1   34       8848       8848          0          0 flashggSystTagMerger
TrigReport     1   35       8848       8848          0          0 tagsDumper

TrigReport ---------- Module Summary ------------
TrigReport    Visited   Executed     Passed     Failed      Error Name
TrigReport      24711      24711      24711          0          0 TriggerResults
TrigReport      24588      24588       8848      15740          0 VHFilter
TrigReport       8848       8848       8848          0          0 ak4PFCHSL1FastL2L3Corrector
TrigReport       8848       8848       8848          0          0 ak4PFCHSL1FastjetCorrector
TrigReport       8848       8848       8848          0          0 ak4PFCHSL2RelativeCorrector
TrigReport       8848       8848       8848          0          0 ak4PFCHSL3AbsoluteCorrector
TrigReport       8848       8848       8848          0          0 flashggDiPhotonMVA
TrigReport       8848       8848       8848          0          0 flashggDiPhotonSystematics
TrigReport       8848       8848       8848          0          0 flashggDifferentialPhoIdInputsCorrection
TrigReport       8848       8848       8848          0          0 flashggElectronSystematics
TrigReport       8848       8848       8848          0          0 flashggGluGluHMVA
TrigReport       8848       8848       8848          0          0 flashggJetSystematics0
TrigReport       8848       8848       8848          0          0 flashggJetSystematics1
TrigReport       8848       8848       8848          0          0 flashggJetSystematics10
TrigReport       8848       8848       8848          0          0 flashggJetSystematics11
TrigReport       8848       8848       8848          0          0 flashggJetSystematics2
TrigReport       8848       8848       8848          0          0 flashggJetSystematics3
TrigReport       8848       8848       8848          0          0 flashggJetSystematics4
TrigReport       8848       8848       8848          0          0 flashggJetSystematics5
TrigReport       8848       8848       8848          0          0 flashggJetSystematics6
TrigReport       8848       8848       8848          0          0 flashggJetSystematics7
TrigReport       8848       8848       8848          0          0 flashggJetSystematics8
TrigReport       8848       8848       8848          0          0 flashggJetSystematics9
TrigReport      24711      24711      24588        123          0 flashggMetFilters
TrigReport       8848       8848       8848          0          0 flashggMetSystematics
TrigReport       8848       8848       8848          0          0 flashggMuonSystematics
TrigReport       8848       8848       8848          0          0 flashggPrefireDiPhotons
TrigReport       8848       8848       8848          0          0 flashggPreselectedDiPhotons
TrigReport       8848       8848       8848          0          0 flashggStageOneCombinedTag
TrigReport       8848       8848       8848          0          0 flashggSystTagMerger
TrigReport       8848       8848       8848          0          0 flashggTHQLeptonicTag
TrigReport       8848       8848       8848          0          0 flashggTTHHadronicTag
TrigReport       8848       8848       8848          0          0 flashggTTHLeptonicTag
TrigReport       8848       8848       8848          0          0 flashggTagSorter
TrigReport       8848       8848       8848          0          0 flashggUnpackedJets
TrigReport       8848       8848       8848          0          0 flashggVBFMVA
TrigReport       8848       8848       8848          0          0 flashggVHMetTag
TrigReport       8848       8848       8848          0          0 flashggVHhadMVA
TrigReport       8848       8848       8848          0          0 flashggWHLeptonicTag
TrigReport       8848       8848       8848          0          0 flashggZHLeptonicTag
TrigReport      24711      24711      24711          0          0 p
TrigReport       8848       8848       8848          0          0 tagsDumper

TimeReport ---------- Event  Summary ---[sec]----
TimeReport       event loop CPU/event = 0.087941
TimeReport      event loop Real/event = 0.093099
TimeReport     sum Streams Real/event = 0.090041
TimeReport efficiency CPU/Real/thread = 0.944598

TimeReport ---------- Path   Summary ---[Real sec]----
TimeReport  per event     per exec  Name
TimeReport   0.089582     0.089582  p
TimeReport  per event     per exec  Name

TimeReport -------End-Path   Summary ---[Real sec]----
TimeReport  per event     per exec  Name
TimeReport  per event     per exec  Name

TimeReport ---------- Modules in Path: p ---[Real sec]----
TimeReport  per event    per visit  Name
TimeReport   0.000021     0.000021  flashggMetFilters
TimeReport   0.000008     0.000008  VHFilter
TimeReport   0.042329     0.118218  flashggDifferentialPhoIdInputsCorrection
TimeReport   0.034008     0.094979  flashggDiPhotonSystematics
TimeReport   0.000247     0.000689  flashggMetSystematics
TimeReport   0.000018     0.000051  flashggMuonSystematics
TimeReport   0.000027     0.000077  flashggElectronSystematics
TimeReport   0.000195     0.000543  flashggUnpackedJets
TimeReport   0.003203     0.008946  flashggJetSystematics0
TimeReport   0.000503     0.001406  flashggJetSystematics1
TimeReport   0.000437     0.001222  flashggJetSystematics2
TimeReport   0.000422     0.001179  flashggJetSystematics3
TimeReport   0.000415     0.001160  flashggJetSystematics4
TimeReport   0.000412     0.001150  flashggJetSystematics5
TimeReport   0.000408     0.001139  flashggJetSystematics6
TimeReport   0.000407     0.001136  flashggJetSystematics7
TimeReport   0.000401     0.001119  flashggJetSystematics8
TimeReport   0.000405     0.001132  flashggJetSystematics9
TimeReport   0.000401     0.001120  flashggJetSystematics10
TimeReport   0.000403     0.001125  flashggJetSystematics11
TimeReport   0.000279     0.000780  flashggPrefireDiPhotons
TimeReport   0.000240     0.000669  flashggPreselectedDiPhotons
TimeReport   0.000014     0.000040  flashggDiPhotonMVA
TimeReport   0.000017     0.000048  flashggVBFMVA
TimeReport   0.000010     0.000028  flashggVHhadMVA
TimeReport   0.000027     0.000074  flashggGluGluHMVA
TimeReport   0.000018     0.000050  flashggStageOneCombinedTag
TimeReport   0.000328     0.000915  flashggTHQLeptonicTag
TimeReport   0.000161     0.000449  flashggVHMetTag
TimeReport   0.000017     0.000048  flashggWHLeptonicTag
TimeReport   0.000013     0.000036  flashggZHLeptonicTag
TimeReport   0.000423     0.001182  flashggTTHLeptonicTag
TimeReport   0.001159     0.003238  flashggTTHHadronicTag
TimeReport   0.000050     0.000139  flashggTagSorter
TimeReport   0.000002     0.000006  flashggSystTagMerger
TimeReport   0.000281     0.000785  tagsDumper
TimeReport  per event    per visit  Name

TimeReport ---------- Module Summary ---[Real sec]----
TimeReport  per event     per exec    per visit  Name
TimeReport   0.000003     0.000003     0.000003  TriggerResults
TimeReport   0.000008     0.000008     0.000008  VHFilter
TimeReport   0.000002     0.000005     0.000005  ak4PFCHSL1FastL2L3Corrector
TimeReport   0.000002     0.000006     0.000006  ak4PFCHSL1FastjetCorrector
TimeReport   0.000001     0.000003     0.000003  ak4PFCHSL2RelativeCorrector
TimeReport   0.000009     0.000025     0.000025  ak4PFCHSL3AbsoluteCorrector
TimeReport   0.000014     0.000040     0.000040  flashggDiPhotonMVA
TimeReport   0.034008     0.094979     0.094979  flashggDiPhotonSystematics
TimeReport   0.042329     0.118218     0.118218  flashggDifferentialPhoIdInputsCorrection
TimeReport   0.000027     0.000077     0.000077  flashggElectronSystematics
TimeReport   0.000027     0.000074     0.000074  flashggGluGluHMVA
TimeReport   0.003203     0.008946     0.008946  flashggJetSystematics0
TimeReport   0.000503     0.001406     0.001406  flashggJetSystematics1
TimeReport   0.000401     0.001120     0.001120  flashggJetSystematics10
TimeReport   0.000403     0.001125     0.001125  flashggJetSystematics11
TimeReport   0.000437     0.001222     0.001222  flashggJetSystematics2
TimeReport   0.000422     0.001179     0.001179  flashggJetSystematics3
TimeReport   0.000415     0.001160     0.001160  flashggJetSystematics4
TimeReport   0.000412     0.001150     0.001150  flashggJetSystematics5
TimeReport   0.000408     0.001139     0.001139  flashggJetSystematics6
TimeReport   0.000407     0.001136     0.001136  flashggJetSystematics7
TimeReport   0.000401     0.001119     0.001119  flashggJetSystematics8
TimeReport   0.000405     0.001132     0.001132  flashggJetSystematics9
TimeReport   0.000021     0.000021     0.000021  flashggMetFilters
TimeReport   0.000247     0.000689     0.000689  flashggMetSystematics
TimeReport   0.000018     0.000051     0.000051  flashggMuonSystematics
TimeReport   0.000279     0.000780     0.000780  flashggPrefireDiPhotons
TimeReport   0.000240     0.000669     0.000669  flashggPreselectedDiPhotons
TimeReport   0.000018     0.000050     0.000050  flashggStageOneCombinedTag
TimeReport   0.000002     0.000006     0.000006  flashggSystTagMerger
TimeReport   0.000328     0.000915     0.000915  flashggTHQLeptonicTag
TimeReport   0.001159     0.003238     0.003238  flashggTTHHadronicTag
TimeReport   0.000423     0.001182     0.001182  flashggTTHLeptonicTag
TimeReport   0.000050     0.000139     0.000139  flashggTagSorter
TimeReport   0.000195     0.000543     0.000543  flashggUnpackedJets
TimeReport   0.000017     0.000048     0.000048  flashggVBFMVA
TimeReport   0.000161     0.000449     0.000449  flashggVHMetTag
TimeReport   0.000010     0.000028     0.000028  flashggVHhadMVA
TimeReport   0.000017     0.000048     0.000048  flashggWHLeptonicTag
TimeReport   0.000013     0.000036     0.000036  flashggZHLeptonicTag
TimeReport   0.000004     0.000004     0.000004  p
TimeReport   0.000281     0.000785     0.000785  tagsDumper
TimeReport  per event     per exec    per visit  Name

T---Report end!


=============================================

MessageLogger Summary

 type     category        sev    module        subroutine        count    total
 ---- -------------------- -- ---------------- ----------------  -----    -----
    1 XrdAdaptor           -w file_open                              1        1
    2 fileAction           -s file_close                             1        1
    3 fileAction           -s file_open                              2        2

 type    category    Examples: run/evt        run/evt          run/evt
 ---- -------------------- ---------------- ---------------- ----------------
    1 XrdAdaptor           pre-events                        
    2 fileAction           PostGlobalEndRun                  
    3 fileAction           pre-events       pre-events       

Severity    # Occurrences   Total Occurrences
--------    -------------   -----------------
Warning                 1                   1
System                  3                   3

dropped waiting message count 0
