mkdir: cannot create directory '/afs/cern.ch/user/x/xisu/private/local/Analysis_workspace/VH_AC_tmp1/flashgg_d2/CMSSW_10_6_29/src/flashgg/VHAC_Analysis_Met/UL_17/UL_17_zh125': File exists
/cvmfs/cms.cern.ch/slc7_amd64_gcc700/external/py2-requests/2.21.0-pafccj2/lib/python2.7/site-packages/requests/__init__.py:91: RequestsDependencyWarning: urllib3 (1.25.2) or chardet (3.0.4) doesn't match a supported version!
  RequestsDependencyWarning)
20-Dec-2022 11:11:25 CET  Initiating request to open file root://cms-xrd-global.cern.ch//store/user/alesauva/flashgg/UL2017_3/10_6_4/VHToGG_M125_TuneCP5_13TeV-amcatnloFXFX-madspin-pythia8/UL2017_3-10_6_4-v0-RunIISummer19UL17MiniAOD-106X_mc2017_realistic_v6-v1/200718_083214/0000/myMicroAODOutputFile_16.root
%MSG-w XrdAdaptor:  file_open 20-Dec-2022 11:11:28 CET pre-events
Data is served from GRIF-IRFU instead of original site CERN-CMSGLOBAL-02
%MSG
20-Dec-2022 11:11:29 CET  Successfully opened file root://cms-xrd-global.cern.ch//store/user/alesauva/flashgg/UL2017_3/10_6_4/VHToGG_M125_TuneCP5_13TeV-amcatnloFXFX-madspin-pythia8/UL2017_3-10_6_4-v0-RunIISummer19UL17MiniAOD-106X_mc2017_realistic_v6-v1/200718_083214/0000/myMicroAODOutputFile_16.root
2022-12-20 11:26:08.310102: I tensorflow/core/platform/cpu_feature_guard.cc:140] Your CPU supports instructions that this TensorFlow binary was not compiled to use: SSE4.1 SSE4.2 AVX AVX2 FMA
Begin processing the 1st record. Run 1, Event 407716, LumiSection 1511 on stream 0 at 20-Dec-2022 11:27:22.078 CET
[2022-12-20 11:28:06.292887 +0100][Error  ][AsyncSock         ] [xrootd.ba.infn.it:1094 #0.0] Socket error while handshaking: [ERROR] Socket timeout
[2022-12-20 11:28:06.293091 +0100][Error  ][PostMaster        ] [xrootd.ba.infn.it:1094 #0] elapsed = 45, pConnectionWindow = 31 seconds.
[2022-12-20 11:28:51.259764 +0100][Error  ][AsyncSock         ] [xrootd.ba.infn.it:1094 #0.0] Socket error while handshaking: [ERROR] Socket timeout
[2022-12-20 11:28:51.259868 +0100][Error  ][PostMaster        ] [xrootd.ba.infn.it:1094 #0] elapsed = 45, pConnectionWindow = 31 seconds.
[2022-12-20 11:28:51.259909 +0100][Error  ][PostMaster        ] [xrootd.ba.infn.it:1094 #0] Unable to recover: [ERROR] Socket timeout.
[2022-12-20 11:28:51.259961 +0100][Error  ][XRootD            ] [xrootd.ba.infn.it:1094] Impossible to send message kXR_open (file: /store/user/alesauva/flashgg/UL2017_3/10_6_4/VHToGG_M125_TuneCP5_13TeV-amcatnloFXFX-madspin-pythia8/UL2017_3-10_6_4-v0-RunIISummer19UL17MiniAOD-106X_mc2017_realistic_v6-v1/200718_083214/0000/myMicroAODOutputFile_16.root?tried=stor81.datagrid.cea.fr, mode: 0660, flags: kXR_open_read kXR_async kXR_retstat ). Trying to recover.
[2022-12-20 11:29:42.406825 +0100][Error  ][AsyncSock         ] [xrootd-cms.infn.it:1094 #0.0] Socket error while handshaking: [ERROR] Socket timeout
[2022-12-20 11:29:42.406983 +0100][Error  ][PostMaster        ] [xrootd-cms.infn.it:1094 #0] elapsed = 45, pConnectionWindow = 31 seconds.
Begin processing the 1001st record. Run 1, Event 809958, LumiSection 3000 on stream 0 at 20-Dec-2022 11:31:31.954 CET
Begin processing the 2001st record. Run 1, Event 813096, LumiSection 3012 on stream 0 at 20-Dec-2022 11:32:34.848 CET
Begin processing the 3001st record. Run 1, Event 815996, LumiSection 3023 on stream 0 at 20-Dec-2022 11:33:33.537 CET
Begin processing the 4001st record. Run 1, Event 402653, LumiSection 1492 on stream 0 at 20-Dec-2022 11:34:34.322 CET
Begin processing the 5001st record. Run 1, Event 361237, LumiSection 1338 on stream 0 at 20-Dec-2022 11:35:40.970 CET
[2022-12-20 11:36:16.841163 +0100][Error  ][AsyncSock         ] [xrootd.ba.infn.it:1094 #0.0] Socket error while handshaking: [ERROR] Socket timeout
[2022-12-20 11:36:16.841294 +0100][Error  ][PostMaster        ] [xrootd.ba.infn.it:1094 #0] elapsed = 45, pConnectionWindow = 31 seconds.
Begin processing the 6001st record. Run 1, Event 363987, LumiSection 1349 on stream 0 at 20-Dec-2022 11:36:45.750 CET
[2022-12-20 11:37:01.458776 +0100][Error  ][AsyncSock         ] [xrootd.ba.infn.it:1094 #0.0] Socket error while handshaking: [ERROR] Socket timeout
[2022-12-20 11:37:01.458919 +0100][Error  ][PostMaster        ] [xrootd.ba.infn.it:1094 #0] elapsed = 45, pConnectionWindow = 31 seconds.
[2022-12-20 11:37:01.458935 +0100][Error  ][PostMaster        ] [xrootd.ba.infn.it:1094 #0] Unable to recover: [ERROR] Socket timeout.
[2022-12-20 11:37:01.458944 +0100][Error  ][XRootD            ] [xrootd.ba.infn.it:1094] Impossible to send message kXR_open (file: /store/user/alesauva/flashgg/UL2017_3/10_6_4/VHToGG_M125_TuneCP5_13TeV-amcatnloFXFX-madspin-pythia8/UL2017_3-10_6_4-v0-RunIISummer19UL17MiniAOD-106X_mc2017_realistic_v6-v1/200718_083214/0000/myMicroAODOutputFile_16.root?tried=stor81.datagrid.cea.fr, mode: 0660, flags: kXR_open_read kXR_async kXR_retstat ). Trying to recover.
Begin processing the 7001st record. Run 1, Event 467021, LumiSection 1730 on stream 0 at 20-Dec-2022 11:37:46.090 CET
Begin processing the 8001st record. Run 1, Event 470063, LumiSection 1741 on stream 0 at 20-Dec-2022 11:38:59.067 CET
Begin processing the 9001st record. Run 1, Event 472888, LumiSection 1752 on stream 0 at 20-Dec-2022 11:40:06.187 CET
Begin processing the 10001st record. Run 1, Event 475885, LumiSection 1763 on stream 0 at 20-Dec-2022 11:41:13.696 CET
Begin processing the 11001st record. Run 1, Event 454178, LumiSection 1683 on stream 0 at 20-Dec-2022 11:42:16.479 CET
Begin processing the 12001st record. Run 1, Event 457805, LumiSection 1696 on stream 0 at 20-Dec-2022 11:43:22.927 CET
Begin processing the 13001st record. Run 1, Event 899453, LumiSection 3332 on stream 0 at 20-Dec-2022 11:44:29.314 CET
[2022-12-20 11:44:40.903170 +0100][Error  ][AsyncSock         ] [xrootd.ba.infn.it:1094 #0.0] Socket error while handshaking: [ERROR] Socket timeout
[2022-12-20 11:44:40.903315 +0100][Error  ][PostMaster        ] [xrootd.ba.infn.it:1094 #0] elapsed = 45, pConnectionWindow = 31 seconds.
[2022-12-20 11:45:26.738764 +0100][Error  ][AsyncSock         ] [xrootd.ba.infn.it:1094 #0.0] Socket error while handshaking: [ERROR] Socket timeout
[2022-12-20 11:45:26.738895 +0100][Error  ][PostMaster        ] [xrootd.ba.infn.it:1094 #0] elapsed = 46, pConnectionWindow = 31 seconds.
[2022-12-20 11:45:26.738918 +0100][Error  ][PostMaster        ] [xrootd.ba.infn.it:1094 #0] Unable to recover: [ERROR] Socket timeout.
[2022-12-20 11:45:26.738932 +0100][Error  ][XRootD            ] [xrootd.ba.infn.it:1094] Impossible to send message kXR_open (file: /store/user/alesauva/flashgg/UL2017_3/10_6_4/VHToGG_M125_TuneCP5_13TeV-amcatnloFXFX-madspin-pythia8/UL2017_3-10_6_4-v0-RunIISummer19UL17MiniAOD-106X_mc2017_realistic_v6-v1/200718_083214/0000/myMicroAODOutputFile_16.root?tried=stor81.datagrid.cea.fr, mode: 0660, flags: kXR_open_read kXR_async kXR_retstat ). Trying to recover.
Begin processing the 14001st record. Run 1, Event 904331, LumiSection 3350 on stream 0 at 20-Dec-2022 11:45:44.622 CET
Begin processing the 15001st record. Run 1, Event 949813, LumiSection 3518 on stream 0 at 20-Dec-2022 11:46:48.038 CET
Begin processing the 16001st record. Run 1, Event 952591, LumiSection 3529 on stream 0 at 20-Dec-2022 11:47:52.759 CET
Begin processing the 17001st record. Run 1, Event 958246, LumiSection 3550 on stream 0 at 20-Dec-2022 11:49:03.042 CET
Begin processing the 18001st record. Run 1, Event 925487, LumiSection 3428 on stream 0 at 20-Dec-2022 11:50:01.258 CET
Begin processing the 19001st record. Run 1, Event 1000256, LumiSection 3705 on stream 0 at 20-Dec-2022 11:51:10.161 CET
Begin processing the 20001st record. Run 1, Event 1007944, LumiSection 3734 on stream 0 at 20-Dec-2022 11:52:20.068 CET
[2022-12-20 11:53:19.824801 +0100][Error  ][AsyncSock         ] [xrootd.ba.infn.it:1094 #0.0] Socket error while handshaking: [ERROR] Socket timeout
[2022-12-20 11:53:19.824911 +0100][Error  ][PostMaster        ] [xrootd.ba.infn.it:1094 #0] elapsed = 45, pConnectionWindow = 31 seconds.
Begin processing the 21001st record. Run 1, Event 1038670, LumiSection 3847 on stream 0 at 20-Dec-2022 11:53:27.419 CET
[2022-12-20 11:54:04.163786 +0100][Error  ][AsyncSock         ] [xrootd.ba.infn.it:1094 #0.0] Socket error while handshaking: [ERROR] Socket timeout
[2022-12-20 11:54:04.163928 +0100][Error  ][PostMaster        ] [xrootd.ba.infn.it:1094 #0] elapsed = 45, pConnectionWindow = 31 seconds.
[2022-12-20 11:54:04.163954 +0100][Error  ][PostMaster        ] [xrootd.ba.infn.it:1094 #0] Unable to recover: [ERROR] Socket timeout.
[2022-12-20 11:54:04.163968 +0100][Error  ][XRootD            ] [xrootd.ba.infn.it:1094] Impossible to send message kXR_open (file: /store/user/alesauva/flashgg/UL2017_3/10_6_4/VHToGG_M125_TuneCP5_13TeV-amcatnloFXFX-madspin-pythia8/UL2017_3-10_6_4-v0-RunIISummer19UL17MiniAOD-106X_mc2017_realistic_v6-v1/200718_083214/0000/myMicroAODOutputFile_16.root?tried=stor81.datagrid.cea.fr, mode: 0660, flags: kXR_open_read kXR_async kXR_retstat ). Trying to recover.
Begin processing the 22001st record. Run 1, Event 1041616, LumiSection 3858 on stream 0 at 20-Dec-2022 11:54:27.711 CET
Begin processing the 23001st record. Run 1, Event 1044365, LumiSection 3869 on stream 0 at 20-Dec-2022 11:55:31.665 CET
Begin processing the 24001st record. Run 1, Event 1034038, LumiSection 3830 on stream 0 at 20-Dec-2022 11:56:39.296 CET
20-Dec-2022 11:57:38 CET  Closed file root://cms-xrd-global.cern.ch//store/user/alesauva/flashgg/UL2017_3/10_6_4/VHToGG_M125_TuneCP5_13TeV-amcatnloFXFX-madspin-pythia8/UL2017_3-10_6_4-v0-RunIISummer19UL17MiniAOD-106X_mc2017_realistic_v6-v1/200718_083214/0000/myMicroAODOutputFile_16.root

TrigReport ---------- Event  Summary ------------
TrigReport Events total = 24870 passed = 8773 failed = 16097

TrigReport ---------- Path   Summary ------------
TrigReport  Trig Bit#   Executed     Passed     Failed      Error Name
TrigReport     1    0      24870       8773      16097          0 p

TrigReport -------End-Path   Summary ------------
TrigReport  Trig Bit#   Executed     Passed     Failed      Error Name

TrigReport ---------- Modules in Path: p ------------
TrigReport  Trig Bit#    Visited     Passed     Failed      Error Name
TrigReport     1    0      24870      24755        115          0 flashggMetFilters
TrigReport     1    1      24755       8773      15982          0 VHFilter
TrigReport     1    2       8773       8773          0          0 flashggDifferentialPhoIdInputsCorrection
TrigReport     1    3       8773       8773          0          0 flashggDiPhotonSystematics
TrigReport     1    4       8773       8773          0          0 flashggMetSystematics
TrigReport     1    5       8773       8773          0          0 flashggMuonSystematics
TrigReport     1    6       8773       8773          0          0 flashggElectronSystematics
TrigReport     1    7       8773       8773          0          0 flashggUnpackedJets
TrigReport     1    8       8773       8773          0          0 flashggJetSystematics0
TrigReport     1    9       8773       8773          0          0 flashggJetSystematics1
TrigReport     1   10       8773       8773          0          0 flashggJetSystematics2
TrigReport     1   11       8773       8773          0          0 flashggJetSystematics3
TrigReport     1   12       8773       8773          0          0 flashggJetSystematics4
TrigReport     1   13       8773       8773          0          0 flashggJetSystematics5
TrigReport     1   14       8773       8773          0          0 flashggJetSystematics6
TrigReport     1   15       8773       8773          0          0 flashggJetSystematics7
TrigReport     1   16       8773       8773          0          0 flashggJetSystematics8
TrigReport     1   17       8773       8773          0          0 flashggJetSystematics9
TrigReport     1   18       8773       8773          0          0 flashggJetSystematics10
TrigReport     1   19       8773       8773          0          0 flashggJetSystematics11
TrigReport     1   20       8773       8773          0          0 flashggPrefireDiPhotons
TrigReport     1   21       8773       8773          0          0 flashggPreselectedDiPhotons
TrigReport     1   22       8773       8773          0          0 flashggDiPhotonMVA
TrigReport     1   23       8773       8773          0          0 flashggVBFMVA
TrigReport     1   24       8773       8773          0          0 flashggVHhadMVA
TrigReport     1   25       8773       8773          0          0 flashggGluGluHMVA
TrigReport     1   26       8773       8773          0          0 flashggStageOneCombinedTag
TrigReport     1   27       8773       8773          0          0 flashggTHQLeptonicTag
TrigReport     1   28       8773       8773          0          0 flashggVHMetTag
TrigReport     1   29       8773       8773          0          0 flashggWHLeptonicTag
TrigReport     1   30       8773       8773          0          0 flashggZHLeptonicTag
TrigReport     1   31       8773       8773          0          0 flashggTTHLeptonicTag
TrigReport     1   32       8773       8773          0          0 flashggTTHHadronicTag
TrigReport     1   33       8773       8773          0          0 flashggTagSorter
TrigReport     1   34       8773       8773          0          0 flashggSystTagMerger
TrigReport     1   35       8773       8773          0          0 tagsDumper

TrigReport ---------- Module Summary ------------
TrigReport    Visited   Executed     Passed     Failed      Error Name
TrigReport      24870      24870      24870          0          0 TriggerResults
TrigReport      24755      24755       8773      15982          0 VHFilter
TrigReport       8773       8773       8773          0          0 ak4PFCHSL1FastL2L3Corrector
TrigReport       8773       8773       8773          0          0 ak4PFCHSL1FastjetCorrector
TrigReport       8773       8773       8773          0          0 ak4PFCHSL2RelativeCorrector
TrigReport       8773       8773       8773          0          0 ak4PFCHSL3AbsoluteCorrector
TrigReport       8773       8773       8773          0          0 flashggDiPhotonMVA
TrigReport       8773       8773       8773          0          0 flashggDiPhotonSystematics
TrigReport       8773       8773       8773          0          0 flashggDifferentialPhoIdInputsCorrection
TrigReport       8773       8773       8773          0          0 flashggElectronSystematics
TrigReport       8773       8773       8773          0          0 flashggGluGluHMVA
TrigReport       8773       8773       8773          0          0 flashggJetSystematics0
TrigReport       8773       8773       8773          0          0 flashggJetSystematics1
TrigReport       8773       8773       8773          0          0 flashggJetSystematics10
TrigReport       8773       8773       8773          0          0 flashggJetSystematics11
TrigReport       8773       8773       8773          0          0 flashggJetSystematics2
TrigReport       8773       8773       8773          0          0 flashggJetSystematics3
TrigReport       8773       8773       8773          0          0 flashggJetSystematics4
TrigReport       8773       8773       8773          0          0 flashggJetSystematics5
TrigReport       8773       8773       8773          0          0 flashggJetSystematics6
TrigReport       8773       8773       8773          0          0 flashggJetSystematics7
TrigReport       8773       8773       8773          0          0 flashggJetSystematics8
TrigReport       8773       8773       8773          0          0 flashggJetSystematics9
TrigReport      24870      24870      24755        115          0 flashggMetFilters
TrigReport       8773       8773       8773          0          0 flashggMetSystematics
TrigReport       8773       8773       8773          0          0 flashggMuonSystematics
TrigReport       8773       8773       8773          0          0 flashggPrefireDiPhotons
TrigReport       8773       8773       8773          0          0 flashggPreselectedDiPhotons
TrigReport       8773       8773       8773          0          0 flashggStageOneCombinedTag
TrigReport       8773       8773       8773          0          0 flashggSystTagMerger
TrigReport       8773       8773       8773          0          0 flashggTHQLeptonicTag
TrigReport       8773       8773       8773          0          0 flashggTTHHadronicTag
TrigReport       8773       8773       8773          0          0 flashggTTHLeptonicTag
TrigReport       8773       8773       8773          0          0 flashggTagSorter
TrigReport       8773       8773       8773          0          0 flashggUnpackedJets
TrigReport       8773       8773       8773          0          0 flashggVBFMVA
TrigReport       8773       8773       8773          0          0 flashggVHMetTag
TrigReport       8773       8773       8773          0          0 flashggVHhadMVA
TrigReport       8773       8773       8773          0          0 flashggWHLeptonicTag
TrigReport       8773       8773       8773          0          0 flashggZHLeptonicTag
TrigReport      24870      24870      24870          0          0 p
TrigReport       8773       8773       8773          0          0 tagsDumper

TimeReport ---------- Event  Summary ---[sec]----
TimeReport       event loop CPU/event = 0.072752
TimeReport      event loop Real/event = 0.073069
TimeReport     sum Streams Real/event = 0.070526
TimeReport efficiency CPU/Real/thread = 0.995658

TimeReport ---------- Path   Summary ---[Real sec]----
TimeReport  per event     per exec  Name
TimeReport   0.070121     0.070121  p
TimeReport  per event     per exec  Name

TimeReport -------End-Path   Summary ---[Real sec]----
TimeReport  per event     per exec  Name
TimeReport  per event     per exec  Name

TimeReport ---------- Modules in Path: p ---[Real sec]----
TimeReport  per event    per visit  Name
TimeReport   0.000017     0.000017  flashggMetFilters
TimeReport   0.000007     0.000007  VHFilter
TimeReport   0.033917     0.096150  flashggDifferentialPhoIdInputsCorrection
TimeReport   0.026655     0.075561  flashggDiPhotonSystematics
TimeReport   0.000099     0.000281  flashggMetSystematics
TimeReport   0.000013     0.000038  flashggMuonSystematics
TimeReport   0.000020     0.000057  flashggElectronSystematics
TimeReport   0.000161     0.000458  flashggUnpackedJets
TimeReport   0.002517     0.007136  flashggJetSystematics0
TimeReport   0.000391     0.001107  flashggJetSystematics1
TimeReport   0.000339     0.000961  flashggJetSystematics2
TimeReport   0.000326     0.000925  flashggJetSystematics3
TimeReport   0.000319     0.000903  flashggJetSystematics4
TimeReport   0.000315     0.000894  flashggJetSystematics5
TimeReport   0.000314     0.000890  flashggJetSystematics6
TimeReport   0.000313     0.000887  flashggJetSystematics7
TimeReport   0.000313     0.000887  flashggJetSystematics8
TimeReport   0.000311     0.000881  flashggJetSystematics9
TimeReport   0.000311     0.000882  flashggJetSystematics10
TimeReport   0.000309     0.000876  flashggJetSystematics11
TimeReport   0.000208     0.000591  flashggPrefireDiPhotons
TimeReport   0.000059     0.000166  flashggPreselectedDiPhotons
TimeReport   0.000012     0.000034  flashggDiPhotonMVA
TimeReport   0.000014     0.000040  flashggVBFMVA
TimeReport   0.000008     0.000024  flashggVHhadMVA
TimeReport   0.000022     0.000063  flashggGluGluHMVA
TimeReport   0.000015     0.000042  flashggStageOneCombinedTag
TimeReport   0.000178     0.000505  flashggTHQLeptonicTag
TimeReport   0.000122     0.000345  flashggVHMetTag
TimeReport   0.000013     0.000038  flashggWHLeptonicTag
TimeReport   0.000010     0.000029  flashggZHLeptonicTag
TimeReport   0.000051     0.000144  flashggTTHLeptonicTag
TimeReport   0.000810     0.002296  flashggTTHHadronicTag
TimeReport   0.000041     0.000117  flashggTagSorter
TimeReport   0.000002     0.000005  flashggSystTagMerger
TimeReport   0.000177     0.000503  tagsDumper
TimeReport  per event    per visit  Name

TimeReport ---------- Module Summary ---[Real sec]----
TimeReport  per event     per exec    per visit  Name
TimeReport   0.000003     0.000003     0.000003  TriggerResults
TimeReport   0.000007     0.000007     0.000007  VHFilter
TimeReport   0.000002     0.000004     0.000004  ak4PFCHSL1FastL2L3Corrector
TimeReport   0.000002     0.000005     0.000005  ak4PFCHSL1FastjetCorrector
TimeReport   0.000001     0.000002     0.000002  ak4PFCHSL2RelativeCorrector
TimeReport   0.000004     0.000012     0.000012  ak4PFCHSL3AbsoluteCorrector
TimeReport   0.000012     0.000034     0.000034  flashggDiPhotonMVA
TimeReport   0.026655     0.075561     0.075561  flashggDiPhotonSystematics
TimeReport   0.033917     0.096150     0.096150  flashggDifferentialPhoIdInputsCorrection
TimeReport   0.000020     0.000057     0.000057  flashggElectronSystematics
TimeReport   0.000022     0.000063     0.000063  flashggGluGluHMVA
TimeReport   0.002517     0.007136     0.007136  flashggJetSystematics0
TimeReport   0.000391     0.001107     0.001107  flashggJetSystematics1
TimeReport   0.000311     0.000882     0.000882  flashggJetSystematics10
TimeReport   0.000309     0.000876     0.000876  flashggJetSystematics11
TimeReport   0.000339     0.000961     0.000961  flashggJetSystematics2
TimeReport   0.000326     0.000925     0.000925  flashggJetSystematics3
TimeReport   0.000319     0.000903     0.000903  flashggJetSystematics4
TimeReport   0.000315     0.000894     0.000894  flashggJetSystematics5
TimeReport   0.000314     0.000890     0.000890  flashggJetSystematics6
TimeReport   0.000313     0.000887     0.000887  flashggJetSystematics7
TimeReport   0.000313     0.000887     0.000887  flashggJetSystematics8
TimeReport   0.000311     0.000881     0.000881  flashggJetSystematics9
TimeReport   0.000017     0.000017     0.000017  flashggMetFilters
TimeReport   0.000099     0.000281     0.000281  flashggMetSystematics
TimeReport   0.000013     0.000038     0.000038  flashggMuonSystematics
TimeReport   0.000208     0.000591     0.000591  flashggPrefireDiPhotons
TimeReport   0.000059     0.000166     0.000166  flashggPreselectedDiPhotons
TimeReport   0.000015     0.000042     0.000042  flashggStageOneCombinedTag
TimeReport   0.000002     0.000005     0.000005  flashggSystTagMerger
TimeReport   0.000178     0.000505     0.000505  flashggTHQLeptonicTag
TimeReport   0.000810     0.002296     0.002296  flashggTTHHadronicTag
TimeReport   0.000051     0.000144     0.000144  flashggTTHLeptonicTag
TimeReport   0.000041     0.000117     0.000117  flashggTagSorter
TimeReport   0.000161     0.000458     0.000458  flashggUnpackedJets
TimeReport   0.000014     0.000040     0.000040  flashggVBFMVA
TimeReport   0.000122     0.000345     0.000345  flashggVHMetTag
TimeReport   0.000008     0.000024     0.000024  flashggVHhadMVA
TimeReport   0.000013     0.000038     0.000038  flashggWHLeptonicTag
TimeReport   0.000010     0.000029     0.000029  flashggZHLeptonicTag
TimeReport   0.000004     0.000004     0.000004  p
TimeReport   0.000177     0.000503     0.000503  tagsDumper
TimeReport  per event     per exec    per visit  Name

T---Report end!


=============================================

MessageLogger Summary

 type     category        sev    module        subroutine        count    total
 ---- -------------------- -- ---------------- ----------------  -----    -----
    1 XrdAdaptor           -w file_open                              1        1
    2 fileAction           -s file_close                             1        1
    3 fileAction           -s file_open                              2        2

 type    category    Examples: run/evt        run/evt          run/evt
 ---- -------------------- ---------------- ---------------- ----------------
    1 XrdAdaptor           pre-events                        
    2 fileAction           PostGlobalEndRun                  
    3 fileAction           pre-events       pre-events       

Severity    # Occurrences   Total Occurrences
--------    -------------   -----------------
Warning                 1                   1
System                  3                   3

dropped waiting message count 0
