mkdir: cannot create directory '/afs/cern.ch/user/x/xisu/private/local/Analysis_workspace/VH_AC_tmp1/flashgg_d2/CMSSW_10_6_29/src/flashgg/VHAC_Analysis_Met/UL_17/UL_17_zh125': File exists
/cvmfs/cms.cern.ch/slc7_amd64_gcc700/external/py2-requests/2.21.0-pafccj2/lib/python2.7/site-packages/requests/__init__.py:91: RequestsDependencyWarning: urllib3 (1.25.2) or chardet (3.0.4) doesn't match a supported version!
  RequestsDependencyWarning)
20-Dec-2022 11:11:26 CET  Initiating request to open file root://cms-xrd-global.cern.ch//store/user/alesauva/flashgg/UL2017_3/10_6_4/VHToGG_M125_TuneCP5_13TeV-amcatnloFXFX-madspin-pythia8/UL2017_3-10_6_4-v0-RunIISummer19UL17MiniAOD-106X_mc2017_realistic_v6-v1/200722_091630/0000/myMicroAODOutputFile_7.root
%MSG-w XrdAdaptor:  file_open 20-Dec-2022 11:11:28 CET pre-events
Data is served from GRIF-IRFU instead of original site CERN-CMSGLOBAL-01
%MSG
20-Dec-2022 11:11:30 CET  Successfully opened file root://cms-xrd-global.cern.ch//store/user/alesauva/flashgg/UL2017_3/10_6_4/VHToGG_M125_TuneCP5_13TeV-amcatnloFXFX-madspin-pythia8/UL2017_3-10_6_4-v0-RunIISummer19UL17MiniAOD-106X_mc2017_realistic_v6-v1/200722_091630/0000/myMicroAODOutputFile_7.root
2022-12-20 11:25:54.984745: I tensorflow/core/platform/cpu_feature_guard.cc:140] Your CPU supports instructions that this TensorFlow binary was not compiled to use: SSE4.1 SSE4.2 AVX AVX2 FMA
Begin processing the 1st record. Run 1, Event 31863, LumiSection 119 on stream 0 at 20-Dec-2022 11:27:14.910 CET
[2022-12-20 11:28:00.121280 +0100][Error  ][AsyncSock         ] [xrootd.ba.infn.it:1094 #0.0] Socket error while handshaking: [ERROR] Socket timeout
[2022-12-20 11:28:00.121600 +0100][Error  ][PostMaster        ] [xrootd.ba.infn.it:1094 #0] elapsed = 46, pConnectionWindow = 31 seconds.
[2022-12-20 11:28:45.369550 +0100][Error  ][AsyncSock         ] [xrootd.ba.infn.it:1094 #0.0] Socket error while handshaking: [ERROR] Socket timeout
[2022-12-20 11:28:45.369635 +0100][Error  ][PostMaster        ] [xrootd.ba.infn.it:1094 #0] elapsed = 45, pConnectionWindow = 31 seconds.
[2022-12-20 11:28:45.369662 +0100][Error  ][PostMaster        ] [xrootd.ba.infn.it:1094 #0] Unable to recover: [ERROR] Socket timeout.
[2022-12-20 11:28:45.369684 +0100][Error  ][XRootD            ] [xrootd.ba.infn.it:1094] Impossible to send message kXR_open (file: /store/user/alesauva/flashgg/UL2017_3/10_6_4/VHToGG_M125_TuneCP5_13TeV-amcatnloFXFX-madspin-pythia8/UL2017_3-10_6_4-v0-RunIISummer19UL17MiniAOD-106X_mc2017_realistic_v6-v1/200722_091630/0000/myMicroAODOutputFile_7.root?tried=stor96.datagrid.cea.fr, mode: 0660, flags: kXR_open_read kXR_async kXR_retstat ). Trying to recover.
Begin processing the 1001st record. Run 1, Event 537575, LumiSection 1992 on stream 0 at 20-Dec-2022 11:31:56.085 CET
Begin processing the 2001st record. Run 1, Event 883514, LumiSection 3273 on stream 0 at 20-Dec-2022 11:33:01.920 CET
Begin processing the 3001st record. Run 1, Event 60164, LumiSection 223 on stream 0 at 20-Dec-2022 11:34:09.435 CET
Begin processing the 4001st record. Run 1, Event 75152, LumiSection 279 on stream 0 at 20-Dec-2022 11:35:17.249 CET
[2022-12-20 11:35:55.006622 +0100][Error  ][AsyncSock         ] [xrootd.ba.infn.it:1094 #0.0] Socket error while handshaking: [ERROR] Socket timeout
[2022-12-20 11:35:55.006825 +0100][Error  ][PostMaster        ] [xrootd.ba.infn.it:1094 #0] elapsed = 46, pConnectionWindow = 31 seconds.
Begin processing the 5001st record. Run 1, Event 482751, LumiSection 1788 on stream 0 at 20-Dec-2022 11:36:32.775 CET
[2022-12-20 11:36:40.422572 +0100][Error  ][AsyncSock         ] [xrootd.ba.infn.it:1094 #0.0] Socket error while handshaking: [ERROR] Socket timeout
[2022-12-20 11:36:40.422686 +0100][Error  ][PostMaster        ] [xrootd.ba.infn.it:1094 #0] elapsed = 45, pConnectionWindow = 31 seconds.
[2022-12-20 11:36:40.422699 +0100][Error  ][PostMaster        ] [xrootd.ba.infn.it:1094 #0] Unable to recover: [ERROR] Socket timeout.
[2022-12-20 11:36:40.422713 +0100][Error  ][XRootD            ] [xrootd.ba.infn.it:1094] Impossible to send message kXR_open (file: /store/user/alesauva/flashgg/UL2017_3/10_6_4/VHToGG_M125_TuneCP5_13TeV-amcatnloFXFX-madspin-pythia8/UL2017_3-10_6_4-v0-RunIISummer19UL17MiniAOD-106X_mc2017_realistic_v6-v1/200722_091630/0000/myMicroAODOutputFile_7.root?tried=stor96.datagrid.cea.fr, mode: 0660, flags: kXR_open_read kXR_async kXR_retstat ). Trying to recover.
Begin processing the 6001st record. Run 1, Event 989976, LumiSection 3667 on stream 0 at 20-Dec-2022 11:37:38.961 CET
Begin processing the 7001st record. Run 1, Event 520520, LumiSection 1928 on stream 0 at 20-Dec-2022 11:38:37.827 CET
Begin processing the 8001st record. Run 1, Event 523372, LumiSection 1939 on stream 0 at 20-Dec-2022 11:39:44.034 CET
Begin processing the 9001st record. Run 1, Event 372125, LumiSection 1379 on stream 0 at 20-Dec-2022 11:40:46.946 CET
Begin processing the 10001st record. Run 1, Event 375016, LumiSection 1389 on stream 0 at 20-Dec-2022 11:41:53.399 CET
Begin processing the 11001st record. Run 1, Event 377880, LumiSection 1400 on stream 0 at 20-Dec-2022 11:43:00.757 CET
Begin processing the 12001st record. Run 1, Event 1064344, LumiSection 3943 on stream 0 at 20-Dec-2022 11:44:11.935 CET
[2022-12-20 11:44:37.975960 +0100][Error  ][AsyncSock         ] [xrootd.ba.infn.it:1094 #0.0] Socket error while handshaking: [ERROR] Socket timeout
[2022-12-20 11:44:37.976092 +0100][Error  ][PostMaster        ] [xrootd.ba.infn.it:1094 #0] elapsed = 45, pConnectionWindow = 31 seconds.
Begin processing the 13001st record. Run 1, Event 917694, LumiSection 3399 on stream 0 at 20-Dec-2022 11:45:20.829 CET
[2022-12-20 11:45:22.153444 +0100][Error  ][AsyncSock         ] [xrootd.ba.infn.it:1094 #0.0] Socket error while handshaking: [ERROR] Socket timeout
[2022-12-20 11:45:22.153575 +0100][Error  ][PostMaster        ] [xrootd.ba.infn.it:1094 #0] elapsed = 45, pConnectionWindow = 31 seconds.
[2022-12-20 11:45:22.153598 +0100][Error  ][PostMaster        ] [xrootd.ba.infn.it:1094 #0] Unable to recover: [ERROR] Socket timeout.
[2022-12-20 11:45:22.153608 +0100][Error  ][XRootD            ] [xrootd.ba.infn.it:1094] Impossible to send message kXR_open (file: /store/user/alesauva/flashgg/UL2017_3/10_6_4/VHToGG_M125_TuneCP5_13TeV-amcatnloFXFX-madspin-pythia8/UL2017_3-10_6_4-v0-RunIISummer19UL17MiniAOD-106X_mc2017_realistic_v6-v1/200722_091630/0000/myMicroAODOutputFile_7.root?tried=stor96.datagrid.cea.fr, mode: 0660, flags: kXR_open_read kXR_async kXR_retstat ). Trying to recover.
Begin processing the 14001st record. Run 1, Event 934714, LumiSection 3462 on stream 0 at 20-Dec-2022 11:46:33.836 CET
Begin processing the 15001st record. Run 1, Event 937661, LumiSection 3473 on stream 0 at 20-Dec-2022 11:47:32.221 CET
Begin processing the 16001st record. Run 1, Event 994922, LumiSection 3685 on stream 0 at 20-Dec-2022 11:48:43.183 CET
Begin processing the 17001st record. Run 1, Event 477207, LumiSection 1768 on stream 0 at 20-Dec-2022 11:49:37.600 CET
Begin processing the 18001st record. Run 1, Event 1193491, LumiSection 4421 on stream 0 at 20-Dec-2022 11:50:51.243 CET
Begin processing the 19001st record. Run 1, Event 889825, LumiSection 3296 on stream 0 at 20-Dec-2022 11:51:55.760 CET
Begin processing the 20001st record. Run 1, Event 895638, LumiSection 3318 on stream 0 at 20-Dec-2022 11:53:11.803 CET
[2022-12-20 11:53:24.647595 +0100][Error  ][AsyncSock         ] [xrootd.ba.infn.it:1094 #0.0] Socket error while handshaking: [ERROR] Socket timeout
[2022-12-20 11:53:24.647730 +0100][Error  ][PostMaster        ] [xrootd.ba.infn.it:1094 #0] elapsed = 45, pConnectionWindow = 31 seconds.
[2022-12-20 11:54:09.620924 +0100][Error  ][AsyncSock         ] [xrootd.ba.infn.it:1094 #0.0] Socket error while handshaking: [ERROR] Socket timeout
[2022-12-20 11:54:09.621074 +0100][Error  ][PostMaster        ] [xrootd.ba.infn.it:1094 #0] elapsed = 45, pConnectionWindow = 31 seconds.
[2022-12-20 11:54:09.621096 +0100][Error  ][PostMaster        ] [xrootd.ba.infn.it:1094 #0] Unable to recover: [ERROR] Socket timeout.
[2022-12-20 11:54:09.621111 +0100][Error  ][XRootD            ] [xrootd.ba.infn.it:1094] Impossible to send message kXR_open (file: /store/user/alesauva/flashgg/UL2017_3/10_6_4/VHToGG_M125_TuneCP5_13TeV-amcatnloFXFX-madspin-pythia8/UL2017_3-10_6_4-v0-RunIISummer19UL17MiniAOD-106X_mc2017_realistic_v6-v1/200722_091630/0000/myMicroAODOutputFile_7.root?tried=stor96.datagrid.cea.fr, mode: 0660, flags: kXR_open_read kXR_async kXR_retstat ). Trying to recover.
Begin processing the 21001st record. Run 1, Event 279216, LumiSection 1035 on stream 0 at 20-Dec-2022 11:54:18.283 CET
Begin processing the 22001st record. Run 1, Event 571141, LumiSection 2116 on stream 0 at 20-Dec-2022 11:55:33.627 CET
Begin processing the 23001st record. Run 1, Event 574346, LumiSection 2128 on stream 0 at 20-Dec-2022 11:56:39.279 CET
Begin processing the 24001st record. Run 1, Event 577603, LumiSection 2140 on stream 0 at 20-Dec-2022 11:57:49.897 CET
[2022-12-20 11:57:59.964101 +0100][Error  ][AsyncSock         ] [xrootd.ba.infn.it:1094 #0.0] Socket error while handshaking: [ERROR] Socket timeout
[2022-12-20 11:57:59.964263 +0100][Error  ][PostMaster        ] [xrootd.ba.infn.it:1094 #0] elapsed = 45, pConnectionWindow = 31 seconds.
20-Dec-2022 11:58:40 CET  Closed file root://cms-xrd-global.cern.ch//store/user/alesauva/flashgg/UL2017_3/10_6_4/VHToGG_M125_TuneCP5_13TeV-amcatnloFXFX-madspin-pythia8/UL2017_3-10_6_4-v0-RunIISummer19UL17MiniAOD-106X_mc2017_realistic_v6-v1/200722_091630/0000/myMicroAODOutputFile_7.root

TrigReport ---------- Event  Summary ------------
TrigReport Events total = 24801 passed = 8912 failed = 15889

TrigReport ---------- Path   Summary ------------
TrigReport  Trig Bit#   Executed     Passed     Failed      Error Name
TrigReport     1    0      24801       8912      15889          0 p

TrigReport -------End-Path   Summary ------------
TrigReport  Trig Bit#   Executed     Passed     Failed      Error Name

TrigReport ---------- Modules in Path: p ------------
TrigReport  Trig Bit#    Visited     Passed     Failed      Error Name
TrigReport     1    0      24801      24679        122          0 flashggMetFilters
TrigReport     1    1      24679       8912      15767          0 VHFilter
TrigReport     1    2       8912       8912          0          0 flashggDifferentialPhoIdInputsCorrection
TrigReport     1    3       8912       8912          0          0 flashggDiPhotonSystematics
TrigReport     1    4       8912       8912          0          0 flashggMetSystematics
TrigReport     1    5       8912       8912          0          0 flashggMuonSystematics
TrigReport     1    6       8912       8912          0          0 flashggElectronSystematics
TrigReport     1    7       8912       8912          0          0 flashggUnpackedJets
TrigReport     1    8       8912       8912          0          0 flashggJetSystematics0
TrigReport     1    9       8912       8912          0          0 flashggJetSystematics1
TrigReport     1   10       8912       8912          0          0 flashggJetSystematics2
TrigReport     1   11       8912       8912          0          0 flashggJetSystematics3
TrigReport     1   12       8912       8912          0          0 flashggJetSystematics4
TrigReport     1   13       8912       8912          0          0 flashggJetSystematics5
TrigReport     1   14       8912       8912          0          0 flashggJetSystematics6
TrigReport     1   15       8912       8912          0          0 flashggJetSystematics7
TrigReport     1   16       8912       8912          0          0 flashggJetSystematics8
TrigReport     1   17       8912       8912          0          0 flashggJetSystematics9
TrigReport     1   18       8912       8912          0          0 flashggJetSystematics10
TrigReport     1   19       8912       8912          0          0 flashggJetSystematics11
TrigReport     1   20       8912       8912          0          0 flashggPrefireDiPhotons
TrigReport     1   21       8912       8912          0          0 flashggPreselectedDiPhotons
TrigReport     1   22       8912       8912          0          0 flashggDiPhotonMVA
TrigReport     1   23       8912       8912          0          0 flashggVBFMVA
TrigReport     1   24       8912       8912          0          0 flashggVHhadMVA
TrigReport     1   25       8912       8912          0          0 flashggGluGluHMVA
TrigReport     1   26       8912       8912          0          0 flashggStageOneCombinedTag
TrigReport     1   27       8912       8912          0          0 flashggTHQLeptonicTag
TrigReport     1   28       8912       8912          0          0 flashggVHMetTag
TrigReport     1   29       8912       8912          0          0 flashggWHLeptonicTag
TrigReport     1   30       8912       8912          0          0 flashggZHLeptonicTag
TrigReport     1   31       8912       8912          0          0 flashggTTHLeptonicTag
TrigReport     1   32       8912       8912          0          0 flashggTTHHadronicTag
TrigReport     1   33       8912       8912          0          0 flashggTagSorter
TrigReport     1   34       8912       8912          0          0 flashggSystTagMerger
TrigReport     1   35       8912       8912          0          0 tagsDumper

TrigReport ---------- Module Summary ------------
TrigReport    Visited   Executed     Passed     Failed      Error Name
TrigReport      24801      24801      24801          0          0 TriggerResults
TrigReport      24679      24679       8912      15767          0 VHFilter
TrigReport       8912       8912       8912          0          0 ak4PFCHSL1FastL2L3Corrector
TrigReport       8912       8912       8912          0          0 ak4PFCHSL1FastjetCorrector
TrigReport       8912       8912       8912          0          0 ak4PFCHSL2RelativeCorrector
TrigReport       8912       8912       8912          0          0 ak4PFCHSL3AbsoluteCorrector
TrigReport       8912       8912       8912          0          0 flashggDiPhotonMVA
TrigReport       8912       8912       8912          0          0 flashggDiPhotonSystematics
TrigReport       8912       8912       8912          0          0 flashggDifferentialPhoIdInputsCorrection
TrigReport       8912       8912       8912          0          0 flashggElectronSystematics
TrigReport       8912       8912       8912          0          0 flashggGluGluHMVA
TrigReport       8912       8912       8912          0          0 flashggJetSystematics0
TrigReport       8912       8912       8912          0          0 flashggJetSystematics1
TrigReport       8912       8912       8912          0          0 flashggJetSystematics10
TrigReport       8912       8912       8912          0          0 flashggJetSystematics11
TrigReport       8912       8912       8912          0          0 flashggJetSystematics2
TrigReport       8912       8912       8912          0          0 flashggJetSystematics3
TrigReport       8912       8912       8912          0          0 flashggJetSystematics4
TrigReport       8912       8912       8912          0          0 flashggJetSystematics5
TrigReport       8912       8912       8912          0          0 flashggJetSystematics6
TrigReport       8912       8912       8912          0          0 flashggJetSystematics7
TrigReport       8912       8912       8912          0          0 flashggJetSystematics8
TrigReport       8912       8912       8912          0          0 flashggJetSystematics9
TrigReport      24801      24801      24679        122          0 flashggMetFilters
TrigReport       8912       8912       8912          0          0 flashggMetSystematics
TrigReport       8912       8912       8912          0          0 flashggMuonSystematics
TrigReport       8912       8912       8912          0          0 flashggPrefireDiPhotons
TrigReport       8912       8912       8912          0          0 flashggPreselectedDiPhotons
TrigReport       8912       8912       8912          0          0 flashggStageOneCombinedTag
TrigReport       8912       8912       8912          0          0 flashggSystTagMerger
TrigReport       8912       8912       8912          0          0 flashggTHQLeptonicTag
TrigReport       8912       8912       8912          0          0 flashggTTHHadronicTag
TrigReport       8912       8912       8912          0          0 flashggTTHLeptonicTag
TrigReport       8912       8912       8912          0          0 flashggTagSorter
TrigReport       8912       8912       8912          0          0 flashggUnpackedJets
TrigReport       8912       8912       8912          0          0 flashggVBFMVA
TrigReport       8912       8912       8912          0          0 flashggVHMetTag
TrigReport       8912       8912       8912          0          0 flashggVHhadMVA
TrigReport       8912       8912       8912          0          0 flashggWHLeptonicTag
TrigReport       8912       8912       8912          0          0 flashggZHLeptonicTag
TrigReport      24801      24801      24801          0          0 p
TrigReport       8912       8912       8912          0          0 tagsDumper

TimeReport ---------- Event  Summary ---[sec]----
TimeReport       event loop CPU/event = 0.075846
TimeReport      event loop Real/event = 0.076058
TimeReport     sum Streams Real/event = 0.073521
TimeReport efficiency CPU/Real/thread = 0.997209

TimeReport ---------- Path   Summary ---[Real sec]----
TimeReport  per event     per exec  Name
TimeReport   0.073112     0.073112  p
TimeReport  per event     per exec  Name

TimeReport -------End-Path   Summary ---[Real sec]----
TimeReport  per event     per exec  Name
TimeReport  per event     per exec  Name

TimeReport ---------- Modules in Path: p ---[Real sec]----
TimeReport  per event    per visit  Name
TimeReport   0.000018     0.000018  flashggMetFilters
TimeReport   0.000007     0.000007  VHFilter
TimeReport   0.034348     0.095587  flashggDifferentialPhoIdInputsCorrection
TimeReport   0.028492     0.079291  flashggDiPhotonSystematics
TimeReport   0.000110     0.000306  flashggMetSystematics
TimeReport   0.000015     0.000041  flashggMuonSystematics
TimeReport   0.000022     0.000060  flashggElectronSystematics
TimeReport   0.000167     0.000466  flashggUnpackedJets
TimeReport   0.002698     0.007509  flashggJetSystematics0
TimeReport   0.000432     0.001202  flashggJetSystematics1
TimeReport   0.000374     0.001040  flashggJetSystematics2
TimeReport   0.000361     0.001005  flashggJetSystematics3
TimeReport   0.000356     0.000992  flashggJetSystematics4
TimeReport   0.000351     0.000977  flashggJetSystematics5
TimeReport   0.000349     0.000972  flashggJetSystematics6
TimeReport   0.000349     0.000970  flashggJetSystematics7
TimeReport   0.000346     0.000963  flashggJetSystematics8
TimeReport   0.000347     0.000965  flashggJetSystematics9
TimeReport   0.000345     0.000960  flashggJetSystematics10
TimeReport   0.000345     0.000959  flashggJetSystematics11
TimeReport   0.000217     0.000603  flashggPrefireDiPhotons
TimeReport   0.000060     0.000166  flashggPreselectedDiPhotons
TimeReport   0.000012     0.000034  flashggDiPhotonMVA
TimeReport   0.000014     0.000038  flashggVBFMVA
TimeReport   0.000008     0.000023  flashggVHhadMVA
TimeReport   0.000023     0.000064  flashggGluGluHMVA
TimeReport   0.000015     0.000043  flashggStageOneCombinedTag
TimeReport   0.000213     0.000592  flashggTHQLeptonicTag
TimeReport   0.000119     0.000331  flashggVHMetTag
TimeReport   0.000014     0.000040  flashggWHLeptonicTag
TimeReport   0.000012     0.000032  flashggZHLeptonicTag
TimeReport   0.000074     0.000205  flashggTTHLeptonicTag
TimeReport   0.000791     0.002201  flashggTTHHadronicTag
TimeReport   0.000045     0.000125  flashggTagSorter
TimeReport   0.000002     0.000006  flashggSystTagMerger
TimeReport   0.000180     0.000502  tagsDumper
TimeReport  per event    per visit  Name

TimeReport ---------- Module Summary ---[Real sec]----
TimeReport  per event     per exec    per visit  Name
TimeReport   0.000003     0.000003     0.000003  TriggerResults
TimeReport   0.000007     0.000007     0.000007  VHFilter
TimeReport   0.000002     0.000004     0.000004  ak4PFCHSL1FastL2L3Corrector
TimeReport   0.000002     0.000005     0.000005  ak4PFCHSL1FastjetCorrector
TimeReport   0.000001     0.000003     0.000003  ak4PFCHSL2RelativeCorrector
TimeReport   0.000005     0.000015     0.000015  ak4PFCHSL3AbsoluteCorrector
TimeReport   0.000012     0.000034     0.000034  flashggDiPhotonMVA
TimeReport   0.028492     0.079291     0.079291  flashggDiPhotonSystematics
TimeReport   0.034348     0.095587     0.095587  flashggDifferentialPhoIdInputsCorrection
TimeReport   0.000022     0.000060     0.000060  flashggElectronSystematics
TimeReport   0.000023     0.000064     0.000064  flashggGluGluHMVA
TimeReport   0.002698     0.007509     0.007509  flashggJetSystematics0
TimeReport   0.000432     0.001202     0.001202  flashggJetSystematics1
TimeReport   0.000345     0.000960     0.000960  flashggJetSystematics10
TimeReport   0.000345     0.000959     0.000959  flashggJetSystematics11
TimeReport   0.000374     0.001040     0.001040  flashggJetSystematics2
TimeReport   0.000361     0.001005     0.001005  flashggJetSystematics3
TimeReport   0.000356     0.000992     0.000992  flashggJetSystematics4
TimeReport   0.000351     0.000977     0.000977  flashggJetSystematics5
TimeReport   0.000349     0.000972     0.000972  flashggJetSystematics6
TimeReport   0.000349     0.000970     0.000970  flashggJetSystematics7
TimeReport   0.000346     0.000963     0.000963  flashggJetSystematics8
TimeReport   0.000347     0.000965     0.000965  flashggJetSystematics9
TimeReport   0.000018     0.000018     0.000018  flashggMetFilters
TimeReport   0.000110     0.000306     0.000306  flashggMetSystematics
TimeReport   0.000015     0.000041     0.000041  flashggMuonSystematics
TimeReport   0.000217     0.000603     0.000603  flashggPrefireDiPhotons
TimeReport   0.000060     0.000166     0.000166  flashggPreselectedDiPhotons
TimeReport   0.000015     0.000043     0.000043  flashggStageOneCombinedTag
TimeReport   0.000002     0.000006     0.000006  flashggSystTagMerger
TimeReport   0.000213     0.000592     0.000592  flashggTHQLeptonicTag
TimeReport   0.000791     0.002201     0.002201  flashggTTHHadronicTag
TimeReport   0.000074     0.000205     0.000205  flashggTTHLeptonicTag
TimeReport   0.000045     0.000125     0.000125  flashggTagSorter
TimeReport   0.000167     0.000466     0.000466  flashggUnpackedJets
TimeReport   0.000014     0.000038     0.000038  flashggVBFMVA
TimeReport   0.000119     0.000331     0.000331  flashggVHMetTag
TimeReport   0.000008     0.000023     0.000023  flashggVHhadMVA
TimeReport   0.000014     0.000040     0.000040  flashggWHLeptonicTag
TimeReport   0.000012     0.000032     0.000032  flashggZHLeptonicTag
TimeReport   0.000004     0.000004     0.000004  p
TimeReport   0.000180     0.000502     0.000502  tagsDumper
TimeReport  per event     per exec    per visit  Name

T---Report end!


=============================================

MessageLogger Summary

 type     category        sev    module        subroutine        count    total
 ---- -------------------- -- ---------------- ----------------  -----    -----
    1 XrdAdaptor           -w file_open                              1        1
    2 fileAction           -s file_close                             1        1
    3 fileAction           -s file_open                              2        2

 type    category    Examples: run/evt        run/evt          run/evt
 ---- -------------------- ---------------- ---------------- ----------------
    1 XrdAdaptor           pre-events                        
    2 fileAction           PostGlobalEndRun                  
    3 fileAction           pre-events       pre-events       

Severity    # Occurrences   Total Occurrences
--------    -------------   -----------------
Warning                 1                   1
System                  3                   3

dropped waiting message count 0
[2022-12-20 11:58:45.374562 +0100][Error  ][AsyncSock         ] [xrootd.ba.infn.it:1094 #0.0] Socket error while handshaking: [ERROR] Socket timeout
[2022-12-20 11:58:45.374684 +0100][Error  ][PostMaster        ] [xrootd.ba.infn.it:1094 #0] elapsed = 46, pConnectionWindow = 31 seconds.
[2022-12-20 11:58:45.374698 +0100][Error  ][PostMaster        ] [xrootd.ba.infn.it:1094 #0] Unable to recover: [ERROR] Socket timeout.
[2022-12-20 11:58:45.374709 +0100][Error  ][XRootD            ] [xrootd.ba.infn.it:1094] Impossible to send message kXR_open (file: /store/user/alesauva/flashgg/UL2017_3/10_6_4/VHToGG_M125_TuneCP5_13TeV-amcatnloFXFX-madspin-pythia8/UL2017_3-10_6_4-v0-RunIISummer19UL17MiniAOD-106X_mc2017_realistic_v6-v1/200722_091630/0000/myMicroAODOutputFile_7.root?tried=stor96.datagrid.cea.fr, mode: 0660, flags: kXR_open_read kXR_async kXR_retstat ). Trying to recover.
