mkdir: cannot create directory '/afs/cern.ch/user/x/xisu/private/local/Analysis_workspace/VH_AC_tmp1/flashgg_d2/CMSSW_10_6_29/src/flashgg/VHAC_Analysis_Met/UL_17/UL_17_zh125': File exists
/cvmfs/cms.cern.ch/slc7_amd64_gcc700/external/py2-requests/2.21.0-pafccj2/lib/python2.7/site-packages/requests/__init__.py:91: RequestsDependencyWarning: urllib3 (1.25.2) or chardet (3.0.4) doesn't match a supported version!
  RequestsDependencyWarning)
20-Dec-2022 11:10:51 CET  Initiating request to open file root://cms-xrd-global.cern.ch//store/user/alesauva/flashgg/UL2017_4/10_6_4/ZHiggs0MToGG_M125_TuneCP5_13TeV-JHUGenV7011-pythia8/UL2017_4-10_6_4-v0-RunIISummer19UL17MiniAOD-106X_mc2017_realistic_v6-v2/200720_162208/0000/myMicroAODOutputFile_23.root
%MSG-w XrdAdaptor:  file_open 20-Dec-2022 11:10:53 CET pre-events
Data is served from GRIF-IRFU instead of original site CERN-CMSGLOBAL-01
%MSG
20-Dec-2022 11:10:55 CET  Successfully opened file root://cms-xrd-global.cern.ch//store/user/alesauva/flashgg/UL2017_4/10_6_4/ZHiggs0MToGG_M125_TuneCP5_13TeV-JHUGenV7011-pythia8/UL2017_4-10_6_4-v0-RunIISummer19UL17MiniAOD-106X_mc2017_realistic_v6-v2/200720_162208/0000/myMicroAODOutputFile_23.root
2022-12-20 11:23:58.516469: I tensorflow/core/platform/cpu_feature_guard.cc:140] Your CPU supports instructions that this TensorFlow binary was not compiled to use: SSE4.1 SSE4.2 AVX AVX2 FMA
Begin processing the 1st record. Run 1, Event 186601, LumiSection 1867 on stream 0 at 20-Dec-2022 11:24:48.075 CET
[2022-12-20 11:25:32.291134 +0100][Error  ][AsyncSock         ] [xrootd.ba.infn.it:1094 #0.0] Socket error while handshaking: [ERROR] Socket timeout
[2022-12-20 11:25:32.291394 +0100][Error  ][PostMaster        ] [xrootd.ba.infn.it:1094 #0] elapsed = 45, pConnectionWindow = 31 seconds.
[2022-12-20 11:26:17.521151 +0100][Error  ][AsyncSock         ] [xrootd.ba.infn.it:1094 #0.0] Socket error while handshaking: [ERROR] Socket timeout
[2022-12-20 11:26:17.521291 +0100][Error  ][PostMaster        ] [xrootd.ba.infn.it:1094 #0] elapsed = 45, pConnectionWindow = 31 seconds.
[2022-12-20 11:26:17.521332 +0100][Error  ][PostMaster        ] [xrootd.ba.infn.it:1094 #0] Unable to recover: [ERROR] Socket timeout.
[2022-12-20 11:26:17.521355 +0100][Error  ][XRootD            ] [xrootd.ba.infn.it:1094] Impossible to send message kXR_open (file: /store/user/alesauva/flashgg/UL2017_4/10_6_4/ZHiggs0MToGG_M125_TuneCP5_13TeV-JHUGenV7011-pythia8/UL2017_4-10_6_4-v0-RunIISummer19UL17MiniAOD-106X_mc2017_realistic_v6-v2/200720_162208/0000/myMicroAODOutputFile_23.root?tried=stor95.datagrid.cea.fr, mode: 0660, flags: kXR_open_read kXR_async kXR_retstat ). Trying to recover.
Begin processing the 1001st record. Run 1, Event 187602, LumiSection 1877 on stream 0 at 20-Dec-2022 11:28:57.668 CET
[2022-12-20 11:30:54.860075 +0100][Error  ][AsyncSock         ] [xrootd.ba.infn.it:1094 #0.0] Socket error while handshaking: [ERROR] Socket timeout
[2022-12-20 11:30:54.860198 +0100][Error  ][PostMaster        ] [xrootd.ba.infn.it:1094 #0] elapsed = 45, pConnectionWindow = 31 seconds.
Begin processing the 2001st record. Run 1, Event 435013, LumiSection 4351 on stream 0 at 20-Dec-2022 11:30:59.653 CET
[2022-12-20 11:31:39.091058 +0100][Error  ][AsyncSock         ] [xrootd.ba.infn.it:1094 #0.0] Socket error while handshaking: [ERROR] Socket timeout
[2022-12-20 11:31:39.091174 +0100][Error  ][PostMaster        ] [xrootd.ba.infn.it:1094 #0] elapsed = 45, pConnectionWindow = 31 seconds.
[2022-12-20 11:31:39.091186 +0100][Error  ][PostMaster        ] [xrootd.ba.infn.it:1094 #0] Unable to recover: [ERROR] Socket timeout.
[2022-12-20 11:31:39.091195 +0100][Error  ][XRootD            ] [xrootd.ba.infn.it:1094] Impossible to send message kXR_open (file: /store/user/alesauva/flashgg/UL2017_4/10_6_4/ZHiggs0MToGG_M125_TuneCP5_13TeV-JHUGenV7011-pythia8/UL2017_4-10_6_4-v0-RunIISummer19UL17MiniAOD-106X_mc2017_realistic_v6-v2/200720_162208/0000/myMicroAODOutputFile_23.root?tried=stor95.datagrid.cea.fr, mode: 0660, flags: kXR_open_read kXR_async kXR_retstat ). Trying to recover.
Begin processing the 3001st record. Run 1, Event 436016, LumiSection 4361 on stream 0 at 20-Dec-2022 11:33:09.097 CET
Begin processing the 4001st record. Run 1, Event 437004, LumiSection 4371 on stream 0 at 20-Dec-2022 11:35:14.025 CET
[2022-12-20 11:35:53.743734 +0100][Error  ][AsyncSock         ] [xrootd.ba.infn.it:1094 #0.0] Socket error while handshaking: [ERROR] Socket timeout
[2022-12-20 11:35:53.743868 +0100][Error  ][PostMaster        ] [xrootd.ba.infn.it:1094 #0] elapsed = 45, pConnectionWindow = 31 seconds.
[2022-12-20 11:36:38.986066 +0100][Error  ][AsyncSock         ] [xrootd.ba.infn.it:1094 #0.0] Socket error while handshaking: [ERROR] Socket timeout
[2022-12-20 11:36:38.986177 +0100][Error  ][PostMaster        ] [xrootd.ba.infn.it:1094 #0] elapsed = 45, pConnectionWindow = 31 seconds.
[2022-12-20 11:36:38.986189 +0100][Error  ][PostMaster        ] [xrootd.ba.infn.it:1094 #0] Unable to recover: [ERROR] Socket timeout.
[2022-12-20 11:36:38.986199 +0100][Error  ][XRootD            ] [xrootd.ba.infn.it:1094] Impossible to send message kXR_open (file: /store/user/alesauva/flashgg/UL2017_4/10_6_4/ZHiggs0MToGG_M125_TuneCP5_13TeV-JHUGenV7011-pythia8/UL2017_4-10_6_4-v0-RunIISummer19UL17MiniAOD-106X_mc2017_realistic_v6-v2/200720_162208/0000/myMicroAODOutputFile_23.root?tried=stor95.datagrid.cea.fr, mode: 0660, flags: kXR_open_read kXR_async kXR_retstat ). Trying to recover.
Begin processing the 5001st record. Run 1, Event 438003, LumiSection 4381 on stream 0 at 20-Dec-2022 11:37:23.822 CET
Begin processing the 6001st record. Run 1, Event 439002, LumiSection 4391 on stream 0 at 20-Dec-2022 11:39:26.616 CET
Begin processing the 7001st record. Run 1, Event 440014, LumiSection 4401 on stream 0 at 20-Dec-2022 11:41:33.272 CET
Begin processing the 8001st record. Run 1, Event 443801, LumiSection 4439 on stream 0 at 20-Dec-2022 11:43:31.563 CET
Begin processing the 9001st record. Run 1, Event 445309, LumiSection 4454 on stream 0 at 20-Dec-2022 11:45:43.913 CET
[2022-12-20 11:46:15.302091 +0100][Error  ][AsyncSock         ] [xrootd.ba.infn.it:1094 #0.0] Socket error while handshaking: [ERROR] Socket timeout
[2022-12-20 11:46:15.302246 +0100][Error  ][PostMaster        ] [xrootd.ba.infn.it:1094 #0] elapsed = 45, pConnectionWindow = 31 seconds.
[2022-12-20 11:47:00.550135 +0100][Error  ][AsyncSock         ] [xrootd.ba.infn.it:1094 #0.0] Socket error while handshaking: [ERROR] Socket timeout
[2022-12-20 11:47:00.550341 +0100][Error  ][PostMaster        ] [xrootd.ba.infn.it:1094 #0] elapsed = 45, pConnectionWindow = 31 seconds.
[2022-12-20 11:47:00.550360 +0100][Error  ][PostMaster        ] [xrootd.ba.infn.it:1094 #0] Unable to recover: [ERROR] Socket timeout.
[2022-12-20 11:47:00.550372 +0100][Error  ][XRootD            ] [xrootd.ba.infn.it:1094] Impossible to send message kXR_open (file: /store/user/alesauva/flashgg/UL2017_4/10_6_4/ZHiggs0MToGG_M125_TuneCP5_13TeV-JHUGenV7011-pythia8/UL2017_4-10_6_4-v0-RunIISummer19UL17MiniAOD-106X_mc2017_realistic_v6-v2/200720_162208/0000/myMicroAODOutputFile_23.root?tried=stor95.datagrid.cea.fr, mode: 0660, flags: kXR_open_read kXR_async kXR_retstat ). Trying to recover.
Begin processing the 10001st record. Run 1, Event 546005, LumiSection 5461 on stream 0 at 20-Dec-2022 11:47:42.837 CET
Begin processing the 11001st record. Run 1, Event 547502, LumiSection 5476 on stream 0 at 20-Dec-2022 11:49:51.236 CET
Begin processing the 12001st record. Run 1, Event 243809, LumiSection 2439 on stream 0 at 20-Dec-2022 11:52:05.875 CET
Begin processing the 13001st record. Run 1, Event 247308, LumiSection 2474 on stream 0 at 20-Dec-2022 11:54:06.017 CET
Begin processing the 14001st record. Run 1, Event 725409, LumiSection 7255 on stream 0 at 20-Dec-2022 11:56:11.145 CET
[2022-12-20 11:56:34.681078 +0100][Error  ][AsyncSock         ] [xrootd.ba.infn.it:1094 #0.0] Socket error while handshaking: [ERROR] Socket timeout
[2022-12-20 11:56:34.681188 +0100][Error  ][PostMaster        ] [xrootd.ba.infn.it:1094 #0] elapsed = 45, pConnectionWindow = 31 seconds.
[2022-12-20 11:57:19.932108 +0100][Error  ][AsyncSock         ] [xrootd.ba.infn.it:1094 #0.0] Socket error while handshaking: [ERROR] Socket timeout
[2022-12-20 11:57:19.932306 +0100][Error  ][PostMaster        ] [xrootd.ba.infn.it:1094 #0] elapsed = 45, pConnectionWindow = 31 seconds.
[2022-12-20 11:57:19.932338 +0100][Error  ][PostMaster        ] [xrootd.ba.infn.it:1094 #0] Unable to recover: [ERROR] Socket timeout.
[2022-12-20 11:57:19.932349 +0100][Error  ][XRootD            ] [xrootd.ba.infn.it:1094] Impossible to send message kXR_open (file: /store/user/alesauva/flashgg/UL2017_4/10_6_4/ZHiggs0MToGG_M125_TuneCP5_13TeV-JHUGenV7011-pythia8/UL2017_4-10_6_4-v0-RunIISummer19UL17MiniAOD-106X_mc2017_realistic_v6-v2/200720_162208/0000/myMicroAODOutputFile_23.root?tried=stor95.datagrid.cea.fr, mode: 0660, flags: kXR_open_read kXR_async kXR_retstat ). Trying to recover.
Begin processing the 15001st record. Run 1, Event 734202, LumiSection 7343 on stream 0 at 20-Dec-2022 11:58:09.670 CET
Begin processing the 16001st record. Run 1, Event 400811, LumiSection 4009 on stream 0 at 20-Dec-2022 12:00:11.935 CET
Begin processing the 17001st record. Run 1, Event 424601, LumiSection 4247 on stream 0 at 20-Dec-2022 12:02:19.033 CET
[2022-12-20 12:02:36.374075 +0100][Error  ][AsyncSock         ] [xrootd.ba.infn.it:1094 #0.0] Socket error while handshaking: [ERROR] Socket timeout
[2022-12-20 12:02:36.374214 +0100][Error  ][PostMaster        ] [xrootd.ba.infn.it:1094 #0] elapsed = 45, pConnectionWindow = 31 seconds.
[2022-12-20 12:03:21.620086 +0100][Error  ][AsyncSock         ] [xrootd.ba.infn.it:1094 #0.0] Socket error while handshaking: [ERROR] Socket timeout
[2022-12-20 12:03:21.620238 +0100][Error  ][PostMaster        ] [xrootd.ba.infn.it:1094 #0] elapsed = 45, pConnectionWindow = 31 seconds.
[2022-12-20 12:03:21.620250 +0100][Error  ][PostMaster        ] [xrootd.ba.infn.it:1094 #0] Unable to recover: [ERROR] Socket timeout.
[2022-12-20 12:03:21.620278 +0100][Error  ][XRootD            ] [xrootd.ba.infn.it:1094] Impossible to send message kXR_open (file: /store/user/alesauva/flashgg/UL2017_4/10_6_4/ZHiggs0MToGG_M125_TuneCP5_13TeV-JHUGenV7011-pythia8/UL2017_4-10_6_4-v0-RunIISummer19UL17MiniAOD-106X_mc2017_realistic_v6-v2/200720_162208/0000/myMicroAODOutputFile_23.root?tried=stor95.datagrid.cea.fr, mode: 0660, flags: kXR_open_read kXR_async kXR_retstat ). Trying to recover.
Begin processing the 18001st record. Run 1, Event 425606, LumiSection 4257 on stream 0 at 20-Dec-2022 12:04:25.343 CET
Begin processing the 19001st record. Run 1, Event 426603, LumiSection 4267 on stream 0 at 20-Dec-2022 12:06:23.890 CET
Begin processing the 20001st record. Run 1, Event 749103, LumiSection 7492 on stream 0 at 20-Dec-2022 12:08:20.577 CET
Begin processing the 21001st record. Run 1, Event 603704, LumiSection 6038 on stream 0 at 20-Dec-2022 12:10:31.147 CET
[2022-12-20 12:10:44.917066 +0100][Error  ][AsyncSock         ] [xrootd.ba.infn.it:1094 #0.0] Socket error while handshaking: [ERROR] Socket timeout
[2022-12-20 12:10:44.917237 +0100][Error  ][PostMaster        ] [xrootd.ba.infn.it:1094 #0] elapsed = 45, pConnectionWindow = 31 seconds.
[2022-12-20 12:11:29.147098 +0100][Error  ][AsyncSock         ] [xrootd.ba.infn.it:1094 #0.0] Socket error while handshaking: [ERROR] Socket timeout
[2022-12-20 12:11:29.147206 +0100][Error  ][PostMaster        ] [xrootd.ba.infn.it:1094 #0] elapsed = 45, pConnectionWindow = 31 seconds.
[2022-12-20 12:11:29.147217 +0100][Error  ][PostMaster        ] [xrootd.ba.infn.it:1094 #0] Unable to recover: [ERROR] Socket timeout.
[2022-12-20 12:11:29.147226 +0100][Error  ][XRootD            ] [xrootd.ba.infn.it:1094] Impossible to send message kXR_open (file: /store/user/alesauva/flashgg/UL2017_4/10_6_4/ZHiggs0MToGG_M125_TuneCP5_13TeV-JHUGenV7011-pythia8/UL2017_4-10_6_4-v0-RunIISummer19UL17MiniAOD-106X_mc2017_realistic_v6-v2/200720_162208/0000/myMicroAODOutputFile_23.root?tried=stor95.datagrid.cea.fr, mode: 0660, flags: kXR_open_read kXR_async kXR_retstat ). Trying to recover.
Begin processing the 22001st record. Run 1, Event 655407, LumiSection 6555 on stream 0 at 20-Dec-2022 12:12:32.635 CET
Begin processing the 23001st record. Run 1, Event 691805, LumiSection 6919 on stream 0 at 20-Dec-2022 12:14:38.193 CET
Begin processing the 24001st record. Run 1, Event 692809, LumiSection 6929 on stream 0 at 20-Dec-2022 12:16:39.802 CET
20-Dec-2022 12:18:37 CET  Closed file root://cms-xrd-global.cern.ch//store/user/alesauva/flashgg/UL2017_4/10_6_4/ZHiggs0MToGG_M125_TuneCP5_13TeV-JHUGenV7011-pythia8/UL2017_4-10_6_4-v0-RunIISummer19UL17MiniAOD-106X_mc2017_realistic_v6-v2/200720_162208/0000/myMicroAODOutputFile_23.root

TrigReport ---------- Event  Summary ------------
TrigReport Events total = 25000 passed = 24791 failed = 209

TrigReport ---------- Path   Summary ------------
TrigReport  Trig Bit#   Executed     Passed     Failed      Error Name
TrigReport     1    0      25000      24791        209          0 p

TrigReport -------End-Path   Summary ------------
TrigReport  Trig Bit#   Executed     Passed     Failed      Error Name

TrigReport ---------- Modules in Path: p ------------
TrigReport  Trig Bit#    Visited     Passed     Failed      Error Name
TrigReport     1    0      25000      24791        209          0 flashggMetFilters
TrigReport     1    1      24791      24791          0          0 VHFilter
TrigReport     1    2      24791      24791          0          0 flashggDifferentialPhoIdInputsCorrection
TrigReport     1    3      24791      24791          0          0 flashggDiPhotonSystematics
TrigReport     1    4      24791      24791          0          0 flashggMetSystematics
TrigReport     1    5      24791      24791          0          0 flashggMuonSystematics
TrigReport     1    6      24791      24791          0          0 flashggElectronSystematics
TrigReport     1    7      24791      24791          0          0 flashggUnpackedJets
TrigReport     1    8      24791      24791          0          0 flashggJetSystematics0
TrigReport     1    9      24791      24791          0          0 flashggJetSystematics1
TrigReport     1   10      24791      24791          0          0 flashggJetSystematics2
TrigReport     1   11      24791      24791          0          0 flashggJetSystematics3
TrigReport     1   12      24791      24791          0          0 flashggJetSystematics4
TrigReport     1   13      24791      24791          0          0 flashggJetSystematics5
TrigReport     1   14      24791      24791          0          0 flashggJetSystematics6
TrigReport     1   15      24791      24791          0          0 flashggJetSystematics7
TrigReport     1   16      24791      24791          0          0 flashggJetSystematics8
TrigReport     1   17      24791      24791          0          0 flashggJetSystematics9
TrigReport     1   18      24791      24791          0          0 flashggJetSystematics10
TrigReport     1   19      24791      24791          0          0 flashggJetSystematics11
TrigReport     1   20      24791      24791          0          0 flashggPrefireDiPhotons
TrigReport     1   21      24791      24791          0          0 flashggPreselectedDiPhotons
TrigReport     1   22      24791      24791          0          0 flashggDiPhotonMVA
TrigReport     1   23      24791      24791          0          0 flashggVBFMVA
TrigReport     1   24      24791      24791          0          0 flashggVHhadMVA
TrigReport     1   25      24791      24791          0          0 flashggGluGluHMVA
TrigReport     1   26      24791      24791          0          0 flashggStageOneCombinedTag
TrigReport     1   27      24791      24791          0          0 flashggTHQLeptonicTag
TrigReport     1   28      24791      24791          0          0 flashggVHMetTag
TrigReport     1   29      24791      24791          0          0 flashggWHLeptonicTag
TrigReport     1   30      24791      24791          0          0 flashggZHLeptonicTag
TrigReport     1   31      24791      24791          0          0 flashggTTHLeptonicTag
TrigReport     1   32      24791      24791          0          0 flashggTTHHadronicTag
TrigReport     1   33      24791      24791          0          0 flashggTagSorter
TrigReport     1   34      24791      24791          0          0 flashggSystTagMerger
TrigReport     1   35      24791      24791          0          0 tagsDumper

TrigReport ---------- Module Summary ------------
TrigReport    Visited   Executed     Passed     Failed      Error Name
TrigReport      25000      25000      25000          0          0 TriggerResults
TrigReport      24791      24791      24791          0          0 VHFilter
TrigReport      24791      24791      24791          0          0 ak4PFCHSL1FastL2L3Corrector
TrigReport      24791      24791      24791          0          0 ak4PFCHSL1FastjetCorrector
TrigReport      24791      24791      24791          0          0 ak4PFCHSL2RelativeCorrector
TrigReport      24791      24791      24791          0          0 ak4PFCHSL3AbsoluteCorrector
TrigReport      24791      24791      24791          0          0 flashggDiPhotonMVA
TrigReport      24791      24791      24791          0          0 flashggDiPhotonSystematics
TrigReport      24791      24791      24791          0          0 flashggDifferentialPhoIdInputsCorrection
TrigReport      24791      24791      24791          0          0 flashggElectronSystematics
TrigReport      24791      24791      24791          0          0 flashggGluGluHMVA
TrigReport      24791      24791      24791          0          0 flashggJetSystematics0
TrigReport      24791      24791      24791          0          0 flashggJetSystematics1
TrigReport      24791      24791      24791          0          0 flashggJetSystematics10
TrigReport      24791      24791      24791          0          0 flashggJetSystematics11
TrigReport      24791      24791      24791          0          0 flashggJetSystematics2
TrigReport      24791      24791      24791          0          0 flashggJetSystematics3
TrigReport      24791      24791      24791          0          0 flashggJetSystematics4
TrigReport      24791      24791      24791          0          0 flashggJetSystematics5
TrigReport      24791      24791      24791          0          0 flashggJetSystematics6
TrigReport      24791      24791      24791          0          0 flashggJetSystematics7
TrigReport      24791      24791      24791          0          0 flashggJetSystematics8
TrigReport      24791      24791      24791          0          0 flashggJetSystematics9
TrigReport      25000      25000      24791        209          0 flashggMetFilters
TrigReport      24791      24791      24791          0          0 flashggMetSystematics
TrigReport      24791      24791      24791          0          0 flashggMuonSystematics
TrigReport      24791      24791      24791          0          0 flashggPrefireDiPhotons
TrigReport      24791      24791      24791          0          0 flashggPreselectedDiPhotons
TrigReport      24791      24791      24791          0          0 flashggStageOneCombinedTag
TrigReport      24791      24791      24791          0          0 flashggSystTagMerger
TrigReport      24791      24791      24791          0          0 flashggTHQLeptonicTag
TrigReport      24791      24791      24791          0          0 flashggTTHHadronicTag
TrigReport      24791      24791      24791          0          0 flashggTTHLeptonicTag
TrigReport      24791      24791      24791          0          0 flashggTagSorter
TrigReport      24791      24791      24791          0          0 flashggUnpackedJets
TrigReport      24791      24791      24791          0          0 flashggVBFMVA
TrigReport      24791      24791      24791          0          0 flashggVHMetTag
TrigReport      24791      24791      24791          0          0 flashggVHhadMVA
TrigReport      24791      24791      24791          0          0 flashggWHLeptonicTag
TrigReport      24791      24791      24791          0          0 flashggZHLeptonicTag
TrigReport      25000      25000      25000          0          0 p
TrigReport      24791      24791      24791          0          0 tagsDumper

TimeReport ---------- Event  Summary ---[sec]----
TimeReport       event loop CPU/event = 0.128803
TimeReport      event loop Real/event = 0.129234
TimeReport     sum Streams Real/event = 0.125584
TimeReport efficiency CPU/Real/thread = 0.996663

TimeReport ---------- Path   Summary ---[Real sec]----
TimeReport  per event     per exec  Name
TimeReport   0.125120     0.125120  p
TimeReport  per event     per exec  Name

TimeReport -------End-Path   Summary ---[Real sec]----
TimeReport  per event     per exec  Name
TimeReport  per event     per exec  Name

TimeReport ---------- Modules in Path: p ---[Real sec]----
TimeReport  per event    per visit  Name
TimeReport   0.000015     0.000015  flashggMetFilters
TimeReport   0.000005     0.000005  VHFilter
TimeReport   0.068191     0.068766  flashggDifferentialPhoIdInputsCorrection
TimeReport   0.041775     0.042127  flashggDiPhotonSystematics
TimeReport   0.000160     0.000162  flashggMetSystematics
TimeReport   0.000028     0.000028  flashggMuonSystematics
TimeReport   0.000035     0.000035  flashggElectronSystematics
TimeReport   0.000210     0.000212  flashggUnpackedJets
TimeReport   0.003708     0.003739  flashggJetSystematics0
TimeReport   0.000610     0.000615  flashggJetSystematics1
TimeReport   0.000546     0.000551  flashggJetSystematics2
TimeReport   0.000528     0.000532  flashggJetSystematics3
TimeReport   0.000519     0.000523  flashggJetSystematics4
TimeReport   0.000513     0.000518  flashggJetSystematics5
TimeReport   0.000511     0.000515  flashggJetSystematics6
TimeReport   0.000507     0.000511  flashggJetSystematics7
TimeReport   0.000506     0.000510  flashggJetSystematics8
TimeReport   0.000506     0.000510  flashggJetSystematics9
TimeReport   0.000505     0.000509  flashggJetSystematics10
TimeReport   0.000503     0.000507  flashggJetSystematics11
TimeReport   0.000274     0.000277  flashggPrefireDiPhotons
TimeReport   0.000109     0.000110  flashggPreselectedDiPhotons
TimeReport   0.000030     0.000030  flashggDiPhotonMVA
TimeReport   0.000027     0.000028  flashggVBFMVA
TimeReport   0.000016     0.000016  flashggVHhadMVA
TimeReport   0.000047     0.000047  flashggGluGluHMVA
TimeReport   0.000029     0.000029  flashggStageOneCombinedTag
TimeReport   0.000354     0.000357  flashggTHQLeptonicTag
TimeReport   0.000316     0.000319  flashggVHMetTag
TimeReport   0.000023     0.000023  flashggWHLeptonicTag
TimeReport   0.000018     0.000018  flashggZHLeptonicTag
TimeReport   0.000064     0.000065  flashggTTHLeptonicTag
TimeReport   0.001243     0.001254  flashggTTHHadronicTag
TimeReport   0.000081     0.000082  flashggTagSorter
TimeReport   0.000003     0.000003  flashggSystTagMerger
TimeReport   0.000292     0.000294  tagsDumper
TimeReport  per event    per visit  Name

TimeReport ---------- Module Summary ---[Real sec]----
TimeReport  per event     per exec    per visit  Name
TimeReport   0.000003     0.000003     0.000003  TriggerResults
TimeReport   0.000005     0.000005     0.000005  VHFilter
TimeReport   0.000003     0.000003     0.000003  ak4PFCHSL1FastL2L3Corrector
TimeReport   0.000003     0.000003     0.000003  ak4PFCHSL1FastjetCorrector
TimeReport   0.000002     0.000002     0.000002  ak4PFCHSL2RelativeCorrector
TimeReport   0.000012     0.000012     0.000012  ak4PFCHSL3AbsoluteCorrector
TimeReport   0.000030     0.000030     0.000030  flashggDiPhotonMVA
TimeReport   0.041775     0.042127     0.042127  flashggDiPhotonSystematics
TimeReport   0.068191     0.068766     0.068766  flashggDifferentialPhoIdInputsCorrection
TimeReport   0.000035     0.000035     0.000035  flashggElectronSystematics
TimeReport   0.000047     0.000047     0.000047  flashggGluGluHMVA
TimeReport   0.003708     0.003739     0.003739  flashggJetSystematics0
TimeReport   0.000610     0.000615     0.000615  flashggJetSystematics1
TimeReport   0.000505     0.000509     0.000509  flashggJetSystematics10
TimeReport   0.000503     0.000507     0.000507  flashggJetSystematics11
TimeReport   0.000546     0.000551     0.000551  flashggJetSystematics2
TimeReport   0.000528     0.000532     0.000532  flashggJetSystematics3
TimeReport   0.000519     0.000523     0.000523  flashggJetSystematics4
TimeReport   0.000513     0.000518     0.000518  flashggJetSystematics5
TimeReport   0.000511     0.000515     0.000515  flashggJetSystematics6
TimeReport   0.000507     0.000511     0.000511  flashggJetSystematics7
TimeReport   0.000506     0.000510     0.000510  flashggJetSystematics8
TimeReport   0.000506     0.000510     0.000510  flashggJetSystematics9
TimeReport   0.000015     0.000015     0.000015  flashggMetFilters
TimeReport   0.000160     0.000162     0.000162  flashggMetSystematics
TimeReport   0.000028     0.000028     0.000028  flashggMuonSystematics
TimeReport   0.000274     0.000277     0.000277  flashggPrefireDiPhotons
TimeReport   0.000109     0.000110     0.000110  flashggPreselectedDiPhotons
TimeReport   0.000029     0.000029     0.000029  flashggStageOneCombinedTag
TimeReport   0.000003     0.000003     0.000003  flashggSystTagMerger
TimeReport   0.000354     0.000357     0.000357  flashggTHQLeptonicTag
TimeReport   0.001243     0.001254     0.001254  flashggTTHHadronicTag
TimeReport   0.000064     0.000065     0.000065  flashggTTHLeptonicTag
TimeReport   0.000081     0.000082     0.000082  flashggTagSorter
TimeReport   0.000210     0.000212     0.000212  flashggUnpackedJets
TimeReport   0.000027     0.000028     0.000028  flashggVBFMVA
TimeReport   0.000316     0.000319     0.000319  flashggVHMetTag
TimeReport   0.000016     0.000016     0.000016  flashggVHhadMVA
TimeReport   0.000023     0.000023     0.000023  flashggWHLeptonicTag
TimeReport   0.000018     0.000018     0.000018  flashggZHLeptonicTag
TimeReport   0.000003     0.000003     0.000003  p
TimeReport   0.000292     0.000294     0.000294  tagsDumper
TimeReport  per event     per exec    per visit  Name

T---Report end!


=============================================

MessageLogger Summary

 type     category        sev    module        subroutine        count    total
 ---- -------------------- -- ---------------- ----------------  -----    -----
    1 XrdAdaptor           -w file_open                              1        1
    2 fileAction           -s file_close                             1        1
    3 fileAction           -s file_open                              2        2

 type    category    Examples: run/evt        run/evt          run/evt
 ---- -------------------- ---------------- ---------------- ----------------
    1 XrdAdaptor           pre-events                        
    2 fileAction           PostGlobalEndRun                  
    3 fileAction           pre-events       pre-events       

Severity    # Occurrences   Total Occurrences
--------    -------------   -----------------
Warning                 1                   1
System                  3                   3

dropped waiting message count 0
