mkdir: cannot create directory '/afs/cern.ch/user/x/xisu/private/local/Analysis_workspace/VH_AC_tmp1/flashgg_d2/CMSSW_10_6_29/src/flashgg/VHAC_Analysis_Met/UL_17/UL_17_zh125': File exists
/cvmfs/cms.cern.ch/slc7_amd64_gcc700/external/py2-requests/2.21.0-pafccj2/lib/python2.7/site-packages/requests/__init__.py:91: RequestsDependencyWarning: urllib3 (1.25.2) or chardet (3.0.4) doesn't match a supported version!
  RequestsDependencyWarning)
20-Dec-2022 11:11:23 CET  Initiating request to open file root://cms-xrd-global.cern.ch//store/user/alesauva/flashgg/UL2017_4/10_6_4/ZHiggs0MToGG_M125_TuneCP5_13TeV-JHUGenV7011-pythia8/UL2017_4-10_6_4-v0-RunIISummer19UL17MiniAOD-106X_mc2017_realistic_v6-v2/200720_162208/0000/myMicroAODOutputFile_20.root
%MSG-w XrdAdaptor:  file_open 20-Dec-2022 11:11:25 CET pre-events
Data is served from GRIF-IRFU instead of original site CERN-CMSGLOBAL-01
%MSG
20-Dec-2022 11:11:27 CET  Successfully opened file root://cms-xrd-global.cern.ch//store/user/alesauva/flashgg/UL2017_4/10_6_4/ZHiggs0MToGG_M125_TuneCP5_13TeV-JHUGenV7011-pythia8/UL2017_4-10_6_4-v0-RunIISummer19UL17MiniAOD-106X_mc2017_realistic_v6-v2/200720_162208/0000/myMicroAODOutputFile_20.root
2022-12-20 11:25:05.673521: I tensorflow/core/platform/cpu_feature_guard.cc:140] Your CPU supports instructions that this TensorFlow binary was not compiled to use: SSE4.1 SSE4.2 AVX AVX2 FMA
[2022-12-20 11:25:58.320261 +0100][Error  ][XRootD            ] [stor79.datagrid.cea.fr:1095] Impossible to send message kXR_read (handle: 0x00000000, offset: 471551885, size: 428). Trying to recover.
[2022-12-20 11:25:58.320320 +0100][Error  ][XRootD            ] [stor79.datagrid.cea.fr:1095] Unable to get the response to request kXR_read (handle: 0x00000000, offset: 471551885, size: 428)
[2022-12-20 11:26:43.571159 +0100][Error  ][AsyncSock         ] [xrootd.ba.infn.it:1094 #0.0] Socket error while handshaking: [ERROR] Socket timeout
[2022-12-20 11:26:43.571290 +0100][Error  ][PostMaster        ] [xrootd.ba.infn.it:1094 #0] elapsed = 45, pConnectionWindow = 31 seconds.
[2022-12-20 11:27:28.819187 +0100][Error  ][AsyncSock         ] [xrootd.ba.infn.it:1094 #0.0] Socket error while handshaking: [ERROR] Socket timeout
[2022-12-20 11:27:28.819298 +0100][Error  ][PostMaster        ] [xrootd.ba.infn.it:1094 #0] elapsed = 45, pConnectionWindow = 31 seconds.
[2022-12-20 11:27:28.819321 +0100][Error  ][PostMaster        ] [xrootd.ba.infn.it:1094 #0] Unable to recover: [ERROR] Socket timeout.
[2022-12-20 11:27:28.819331 +0100][Error  ][XRootD            ] [xrootd.ba.infn.it:1094] Impossible to send message kXR_open (file: /store/user/alesauva/flashgg/UL2017_4/10_6_4/ZHiggs0MToGG_M125_TuneCP5_13TeV-JHUGenV7011-pythia8/UL2017_4-10_6_4-v0-RunIISummer19UL17MiniAOD-106X_mc2017_realistic_v6-v2/200720_162208/0000/myMicroAODOutputFile_20.root?tried=stor79.datagrid.cea.fr, mode: 0660, flags: kXR_open_read kXR_async kXR_retstat ). Trying to recover.
[2022-12-20 11:27:28.819424 +0100][Error  ][XRootD            ] [xrootd.ba.infn.it:1094] Impossible to send message kXR_open (file: /store/user/alesauva/flashgg/UL2017_4/10_6_4/ZHiggs0MToGG_M125_TuneCP5_13TeV-JHUGenV7011-pythia8/UL2017_4-10_6_4-v0-RunIISummer19UL17MiniAOD-106X_mc2017_realistic_v6-v2/200720_162208/0000/myMicroAODOutputFile_20.root, mode: 0660, flags: kXR_open_read ). Trying to recover.
Begin processing the 1st record. Run 1, Event 203006, LumiSection 2031 on stream 0 at 20-Dec-2022 11:27:35.593 CET
Begin processing the 1001st record. Run 1, Event 204007, LumiSection 2041 on stream 0 at 20-Dec-2022 11:32:05.158 CET
[2022-12-20 11:34:05.279137 +0100][Error  ][AsyncSock         ] [xrootd.ba.infn.it:1094 #0.0] Socket error while handshaking: [ERROR] Socket timeout
[2022-12-20 11:34:05.279294 +0100][Error  ][PostMaster        ] [xrootd.ba.infn.it:1094 #0] elapsed = 45, pConnectionWindow = 31 seconds.
Begin processing the 2001st record. Run 1, Event 406509, LumiSection 4066 on stream 0 at 20-Dec-2022 11:34:14.246 CET
[2022-12-20 11:34:50.525682 +0100][Error  ][AsyncSock         ] [xrootd.ba.infn.it:1094 #0.0] Socket error while handshaking: [ERROR] Socket timeout
[2022-12-20 11:34:50.525827 +0100][Error  ][PostMaster        ] [xrootd.ba.infn.it:1094 #0] elapsed = 45, pConnectionWindow = 31 seconds.
[2022-12-20 11:34:50.525837 +0100][Error  ][PostMaster        ] [xrootd.ba.infn.it:1094 #0] Unable to recover: [ERROR] Socket timeout.
[2022-12-20 11:34:50.525846 +0100][Error  ][XRootD            ] [xrootd.ba.infn.it:1094] Impossible to send message kXR_open (file: /store/user/alesauva/flashgg/UL2017_4/10_6_4/ZHiggs0MToGG_M125_TuneCP5_13TeV-JHUGenV7011-pythia8/UL2017_4-10_6_4-v0-RunIISummer19UL17MiniAOD-106X_mc2017_realistic_v6-v2/200720_162208/0000/myMicroAODOutputFile_20.root?tried=stor79.datagrid.cea.fr, mode: 0660, flags: kXR_open_read kXR_async kXR_retstat ). Trying to recover.
Begin processing the 3001st record. Run 1, Event 151706, LumiSection 1518 on stream 0 at 20-Dec-2022 11:36:16.712 CET
Begin processing the 4001st record. Run 1, Event 152701, LumiSection 1528 on stream 0 at 20-Dec-2022 11:38:12.389 CET
Begin processing the 5001st record. Run 1, Event 319210, LumiSection 3193 on stream 0 at 20-Dec-2022 11:40:04.706 CET
[2022-12-20 11:40:40.423171 +0100][Error  ][AsyncSock         ] [xrootd.ba.infn.it:1094 #0.0] Socket error while handshaking: [ERROR] Socket timeout
[2022-12-20 11:40:40.423343 +0100][Error  ][PostMaster        ] [xrootd.ba.infn.it:1094 #0] elapsed = 45, pConnectionWindow = 31 seconds.
[2022-12-20 11:41:25.676193 +0100][Error  ][AsyncSock         ] [xrootd.ba.infn.it:1094 #0.0] Socket error while handshaking: [ERROR] Socket timeout
[2022-12-20 11:41:25.676313 +0100][Error  ][PostMaster        ] [xrootd.ba.infn.it:1094 #0] elapsed = 45, pConnectionWindow = 31 seconds.
[2022-12-20 11:41:25.676327 +0100][Error  ][PostMaster        ] [xrootd.ba.infn.it:1094 #0] Unable to recover: [ERROR] Socket timeout.
[2022-12-20 11:41:25.676337 +0100][Error  ][XRootD            ] [xrootd.ba.infn.it:1094] Impossible to send message kXR_open (file: /store/user/alesauva/flashgg/UL2017_4/10_6_4/ZHiggs0MToGG_M125_TuneCP5_13TeV-JHUGenV7011-pythia8/UL2017_4-10_6_4-v0-RunIISummer19UL17MiniAOD-106X_mc2017_realistic_v6-v2/200720_162208/0000/myMicroAODOutputFile_20.root?tried=stor79.datagrid.cea.fr, mode: 0660, flags: kXR_open_read kXR_async kXR_retstat ). Trying to recover.
Begin processing the 6001st record. Run 1, Event 156701, LumiSection 1568 on stream 0 at 20-Dec-2022 11:42:08.004 CET
Begin processing the 7001st record. Run 1, Event 157705, LumiSection 1578 on stream 0 at 20-Dec-2022 11:44:11.251 CET
Begin processing the 8001st record. Run 1, Event 158711, LumiSection 1588 on stream 0 at 20-Dec-2022 11:46:21.763 CET
[2022-12-20 11:46:49.646132 +0100][Error  ][AsyncSock         ] [xrootd.ba.infn.it:1094 #0.0] Socket error while handshaking: [ERROR] Socket timeout
[2022-12-20 11:46:49.646270 +0100][Error  ][PostMaster        ] [xrootd.ba.infn.it:1094 #0] elapsed = 45, pConnectionWindow = 31 seconds.
[2022-12-20 11:47:34.897683 +0100][Error  ][AsyncSock         ] [xrootd.ba.infn.it:1094 #0.0] Socket error while handshaking: [ERROR] Socket timeout
[2022-12-20 11:47:34.897846 +0100][Error  ][PostMaster        ] [xrootd.ba.infn.it:1094 #0] elapsed = 45, pConnectionWindow = 31 seconds.
[2022-12-20 11:47:34.897857 +0100][Error  ][PostMaster        ] [xrootd.ba.infn.it:1094 #0] Unable to recover: [ERROR] Socket timeout.
[2022-12-20 11:47:34.897866 +0100][Error  ][XRootD            ] [xrootd.ba.infn.it:1094] Impossible to send message kXR_open (file: /store/user/alesauva/flashgg/UL2017_4/10_6_4/ZHiggs0MToGG_M125_TuneCP5_13TeV-JHUGenV7011-pythia8/UL2017_4-10_6_4-v0-RunIISummer19UL17MiniAOD-106X_mc2017_realistic_v6-v2/200720_162208/0000/myMicroAODOutputFile_20.root?tried=stor79.datagrid.cea.fr, mode: 0660, flags: kXR_open_read kXR_async kXR_retstat ). Trying to recover.
Begin processing the 9001st record. Run 1, Event 320506, LumiSection 3206 on stream 0 at 20-Dec-2022 11:48:31.245 CET
Begin processing the 10001st record. Run 1, Event 321509, LumiSection 3216 on stream 0 at 20-Dec-2022 11:50:28.810 CET
Begin processing the 11001st record. Run 1, Event 325205, LumiSection 3253 on stream 0 at 20-Dec-2022 11:52:27.218 CET
[2022-12-20 11:52:48.314203 +0100][Error  ][AsyncSock         ] [xrootd.ba.infn.it:1094 #0.0] Socket error while handshaking: [ERROR] Socket timeout
[2022-12-20 11:52:48.314372 +0100][Error  ][PostMaster        ] [xrootd.ba.infn.it:1094 #0] elapsed = 45, pConnectionWindow = 31 seconds.
[2022-12-20 11:53:33.567142 +0100][Error  ][AsyncSock         ] [xrootd.ba.infn.it:1094 #0.0] Socket error while handshaking: [ERROR] Socket timeout
[2022-12-20 11:53:33.567321 +0100][Error  ][PostMaster        ] [xrootd.ba.infn.it:1094 #0] elapsed = 45, pConnectionWindow = 31 seconds.
[2022-12-20 11:53:33.567332 +0100][Error  ][PostMaster        ] [xrootd.ba.infn.it:1094 #0] Unable to recover: [ERROR] Socket timeout.
[2022-12-20 11:53:33.567341 +0100][Error  ][XRootD            ] [xrootd.ba.infn.it:1094] Impossible to send message kXR_open (file: /store/user/alesauva/flashgg/UL2017_4/10_6_4/ZHiggs0MToGG_M125_TuneCP5_13TeV-JHUGenV7011-pythia8/UL2017_4-10_6_4-v0-RunIISummer19UL17MiniAOD-106X_mc2017_realistic_v6-v2/200720_162208/0000/myMicroAODOutputFile_20.root?tried=stor79.datagrid.cea.fr, mode: 0660, flags: kXR_open_read kXR_async kXR_retstat ). Trying to recover.
Begin processing the 12001st record. Run 1, Event 326203, LumiSection 3263 on stream 0 at 20-Dec-2022 11:54:27.933 CET
Begin processing the 13001st record. Run 1, Event 327205, LumiSection 3273 on stream 0 at 20-Dec-2022 11:56:20.245 CET
Begin processing the 14001st record. Run 1, Event 571413, LumiSection 5715 on stream 0 at 20-Dec-2022 11:58:31.913 CET
[2022-12-20 11:58:49.512018 +0100][Error  ][AsyncSock         ] [xrootd.ba.infn.it:1094 #0.0] Socket error while handshaking: [ERROR] Socket timeout
[2022-12-20 11:58:49.512147 +0100][Error  ][PostMaster        ] [xrootd.ba.infn.it:1094 #0] elapsed = 45, pConnectionWindow = 31 seconds.
[2022-12-20 11:59:34.859167 +0100][Error  ][AsyncSock         ] [xrootd.ba.infn.it:1094 #0.0] Socket error while handshaking: [ERROR] Socket timeout
[2022-12-20 11:59:34.859316 +0100][Error  ][PostMaster        ] [xrootd.ba.infn.it:1094 #0] elapsed = 45, pConnectionWindow = 31 seconds.
[2022-12-20 11:59:34.859331 +0100][Error  ][PostMaster        ] [xrootd.ba.infn.it:1094 #0] Unable to recover: [ERROR] Socket timeout.
[2022-12-20 11:59:34.859343 +0100][Error  ][XRootD            ] [xrootd.ba.infn.it:1094] Impossible to send message kXR_open (file: /store/user/alesauva/flashgg/UL2017_4/10_6_4/ZHiggs0MToGG_M125_TuneCP5_13TeV-JHUGenV7011-pythia8/UL2017_4-10_6_4-v0-RunIISummer19UL17MiniAOD-106X_mc2017_realistic_v6-v2/200720_162208/0000/myMicroAODOutputFile_20.root?tried=stor79.datagrid.cea.fr, mode: 0660, flags: kXR_open_read kXR_async kXR_retstat ). Trying to recover.
Begin processing the 15001st record. Run 1, Event 572410, LumiSection 5725 on stream 0 at 20-Dec-2022 12:00:42.213 CET
Begin processing the 16001st record. Run 1, Event 573408, LumiSection 5735 on stream 0 at 20-Dec-2022 12:02:43.253 CET
Begin processing the 17001st record. Run 1, Event 585205, LumiSection 5853 on stream 0 at 20-Dec-2022 12:04:47.798 CET
[2022-12-20 12:04:54.605173 +0100][Error  ][AsyncSock         ] [xrootd.ba.infn.it:1094 #0.0] Socket error while handshaking: [ERROR] Socket timeout
[2022-12-20 12:04:54.605322 +0100][Error  ][PostMaster        ] [xrootd.ba.infn.it:1094 #0] elapsed = 45, pConnectionWindow = 31 seconds.
[2022-12-20 12:05:39.849156 +0100][Error  ][AsyncSock         ] [xrootd.ba.infn.it:1094 #0.0] Socket error while handshaking: [ERROR] Socket timeout
[2022-12-20 12:05:39.849511 +0100][Error  ][PostMaster        ] [xrootd.ba.infn.it:1094 #0] elapsed = 45, pConnectionWindow = 31 seconds.
[2022-12-20 12:05:39.849521 +0100][Error  ][PostMaster        ] [xrootd.ba.infn.it:1094 #0] Unable to recover: [ERROR] Socket timeout.
[2022-12-20 12:05:39.849531 +0100][Error  ][XRootD            ] [xrootd.ba.infn.it:1094] Impossible to send message kXR_open (file: /store/user/alesauva/flashgg/UL2017_4/10_6_4/ZHiggs0MToGG_M125_TuneCP5_13TeV-JHUGenV7011-pythia8/UL2017_4-10_6_4-v0-RunIISummer19UL17MiniAOD-106X_mc2017_realistic_v6-v2/200720_162208/0000/myMicroAODOutputFile_20.root?tried=stor79.datagrid.cea.fr, mode: 0660, flags: kXR_open_read kXR_async kXR_retstat ). Trying to recover.
Begin processing the 18001st record. Run 1, Event 586210, LumiSection 5863 on stream 0 at 20-Dec-2022 12:06:49.374 CET
Begin processing the 19001st record. Run 1, Event 587213, LumiSection 5873 on stream 0 at 20-Dec-2022 12:08:54.730 CET
Begin processing the 20001st record. Run 1, Event 588204, LumiSection 5883 on stream 0 at 20-Dec-2022 12:10:49.414 CET
Begin processing the 21001st record. Run 1, Event 589201, LumiSection 5893 on stream 0 at 20-Dec-2022 12:12:46.504 CET
Begin processing the 22001st record. Run 1, Event 698804, LumiSection 6989 on stream 0 at 20-Dec-2022 12:14:44.081 CET
[2022-12-20 12:14:45.297920 +0100][Error  ][AsyncSock         ] [xrootd.ba.infn.it:1094 #0.0] Socket error while handshaking: [ERROR] Socket timeout
[2022-12-20 12:14:45.298094 +0100][Error  ][PostMaster        ] [xrootd.ba.infn.it:1094 #0] elapsed = 45, pConnectionWindow = 31 seconds.
[2022-12-20 12:15:30.525248 +0100][Error  ][AsyncSock         ] [xrootd.ba.infn.it:1094 #0.0] Socket error while handshaking: [ERROR] Socket timeout
[2022-12-20 12:15:30.525427 +0100][Error  ][PostMaster        ] [xrootd.ba.infn.it:1094 #0] elapsed = 45, pConnectionWindow = 31 seconds.
[2022-12-20 12:15:30.525445 +0100][Error  ][PostMaster        ] [xrootd.ba.infn.it:1094 #0] Unable to recover: [ERROR] Socket timeout.
[2022-12-20 12:15:30.525456 +0100][Error  ][XRootD            ] [xrootd.ba.infn.it:1094] Impossible to send message kXR_open (file: /store/user/alesauva/flashgg/UL2017_4/10_6_4/ZHiggs0MToGG_M125_TuneCP5_13TeV-JHUGenV7011-pythia8/UL2017_4-10_6_4-v0-RunIISummer19UL17MiniAOD-106X_mc2017_realistic_v6-v2/200720_162208/0000/myMicroAODOutputFile_20.root?tried=stor79.datagrid.cea.fr, mode: 0660, flags: kXR_open_read kXR_async kXR_retstat ). Trying to recover.
Begin processing the 23001st record. Run 1, Event 699806, LumiSection 6999 on stream 0 at 20-Dec-2022 12:16:43.448 CET
Begin processing the 24001st record. Run 1, Event 700806, LumiSection 7009 on stream 0 at 20-Dec-2022 12:18:35.528 CET
20-Dec-2022 12:20:22 CET  Closed file root://cms-xrd-global.cern.ch//store/user/alesauva/flashgg/UL2017_4/10_6_4/ZHiggs0MToGG_M125_TuneCP5_13TeV-JHUGenV7011-pythia8/UL2017_4-10_6_4-v0-RunIISummer19UL17MiniAOD-106X_mc2017_realistic_v6-v2/200720_162208/0000/myMicroAODOutputFile_20.root

TrigReport ---------- Event  Summary ------------
TrigReport Events total = 25000 passed = 24809 failed = 191

TrigReport ---------- Path   Summary ------------
TrigReport  Trig Bit#   Executed     Passed     Failed      Error Name
TrigReport     1    0      25000      24809        191          0 p

TrigReport -------End-Path   Summary ------------
TrigReport  Trig Bit#   Executed     Passed     Failed      Error Name

TrigReport ---------- Modules in Path: p ------------
TrigReport  Trig Bit#    Visited     Passed     Failed      Error Name
TrigReport     1    0      25000      24809        191          0 flashggMetFilters
TrigReport     1    1      24809      24809          0          0 VHFilter
TrigReport     1    2      24809      24809          0          0 flashggDifferentialPhoIdInputsCorrection
TrigReport     1    3      24809      24809          0          0 flashggDiPhotonSystematics
TrigReport     1    4      24809      24809          0          0 flashggMetSystematics
TrigReport     1    5      24809      24809          0          0 flashggMuonSystematics
TrigReport     1    6      24809      24809          0          0 flashggElectronSystematics
TrigReport     1    7      24809      24809          0          0 flashggUnpackedJets
TrigReport     1    8      24809      24809          0          0 flashggJetSystematics0
TrigReport     1    9      24809      24809          0          0 flashggJetSystematics1
TrigReport     1   10      24809      24809          0          0 flashggJetSystematics2
TrigReport     1   11      24809      24809          0          0 flashggJetSystematics3
TrigReport     1   12      24809      24809          0          0 flashggJetSystematics4
TrigReport     1   13      24809      24809          0          0 flashggJetSystematics5
TrigReport     1   14      24809      24809          0          0 flashggJetSystematics6
TrigReport     1   15      24809      24809          0          0 flashggJetSystematics7
TrigReport     1   16      24809      24809          0          0 flashggJetSystematics8
TrigReport     1   17      24809      24809          0          0 flashggJetSystematics9
TrigReport     1   18      24809      24809          0          0 flashggJetSystematics10
TrigReport     1   19      24809      24809          0          0 flashggJetSystematics11
TrigReport     1   20      24809      24809          0          0 flashggPrefireDiPhotons
TrigReport     1   21      24809      24809          0          0 flashggPreselectedDiPhotons
TrigReport     1   22      24809      24809          0          0 flashggDiPhotonMVA
TrigReport     1   23      24809      24809          0          0 flashggVBFMVA
TrigReport     1   24      24809      24809          0          0 flashggVHhadMVA
TrigReport     1   25      24809      24809          0          0 flashggGluGluHMVA
TrigReport     1   26      24809      24809          0          0 flashggStageOneCombinedTag
TrigReport     1   27      24809      24809          0          0 flashggTHQLeptonicTag
TrigReport     1   28      24809      24809          0          0 flashggVHMetTag
TrigReport     1   29      24809      24809          0          0 flashggWHLeptonicTag
TrigReport     1   30      24809      24809          0          0 flashggZHLeptonicTag
TrigReport     1   31      24809      24809          0          0 flashggTTHLeptonicTag
TrigReport     1   32      24809      24809          0          0 flashggTTHHadronicTag
TrigReport     1   33      24809      24809          0          0 flashggTagSorter
TrigReport     1   34      24809      24809          0          0 flashggSystTagMerger
TrigReport     1   35      24809      24809          0          0 tagsDumper

TrigReport ---------- Module Summary ------------
TrigReport    Visited   Executed     Passed     Failed      Error Name
TrigReport      25000      25000      25000          0          0 TriggerResults
TrigReport      24809      24809      24809          0          0 VHFilter
TrigReport      24809      24809      24809          0          0 ak4PFCHSL1FastL2L3Corrector
TrigReport      24809      24809      24809          0          0 ak4PFCHSL1FastjetCorrector
TrigReport      24809      24809      24809          0          0 ak4PFCHSL2RelativeCorrector
TrigReport      24809      24809      24809          0          0 ak4PFCHSL3AbsoluteCorrector
TrigReport      24809      24809      24809          0          0 flashggDiPhotonMVA
TrigReport      24809      24809      24809          0          0 flashggDiPhotonSystematics
TrigReport      24809      24809      24809          0          0 flashggDifferentialPhoIdInputsCorrection
TrigReport      24809      24809      24809          0          0 flashggElectronSystematics
TrigReport      24809      24809      24809          0          0 flashggGluGluHMVA
TrigReport      24809      24809      24809          0          0 flashggJetSystematics0
TrigReport      24809      24809      24809          0          0 flashggJetSystematics1
TrigReport      24809      24809      24809          0          0 flashggJetSystematics10
TrigReport      24809      24809      24809          0          0 flashggJetSystematics11
TrigReport      24809      24809      24809          0          0 flashggJetSystematics2
TrigReport      24809      24809      24809          0          0 flashggJetSystematics3
TrigReport      24809      24809      24809          0          0 flashggJetSystematics4
TrigReport      24809      24809      24809          0          0 flashggJetSystematics5
TrigReport      24809      24809      24809          0          0 flashggJetSystematics6
TrigReport      24809      24809      24809          0          0 flashggJetSystematics7
TrigReport      24809      24809      24809          0          0 flashggJetSystematics8
TrigReport      24809      24809      24809          0          0 flashggJetSystematics9
TrigReport      25000      25000      24809        191          0 flashggMetFilters
TrigReport      24809      24809      24809          0          0 flashggMetSystematics
TrigReport      24809      24809      24809          0          0 flashggMuonSystematics
TrigReport      24809      24809      24809          0          0 flashggPrefireDiPhotons
TrigReport      24809      24809      24809          0          0 flashggPreselectedDiPhotons
TrigReport      24809      24809      24809          0          0 flashggStageOneCombinedTag
TrigReport      24809      24809      24809          0          0 flashggSystTagMerger
TrigReport      24809      24809      24809          0          0 flashggTHQLeptonicTag
TrigReport      24809      24809      24809          0          0 flashggTTHHadronicTag
TrigReport      24809      24809      24809          0          0 flashggTTHLeptonicTag
TrigReport      24809      24809      24809          0          0 flashggTagSorter
TrigReport      24809      24809      24809          0          0 flashggUnpackedJets
TrigReport      24809      24809      24809          0          0 flashggVBFMVA
TrigReport      24809      24809      24809          0          0 flashggVHMetTag
TrigReport      24809      24809      24809          0          0 flashggVHhadMVA
TrigReport      24809      24809      24809          0          0 flashggWHLeptonicTag
TrigReport      24809      24809      24809          0          0 flashggZHLeptonicTag
TrigReport      25000      25000      25000          0          0 p
TrigReport      24809      24809      24809          0          0 tagsDumper

TimeReport ---------- Event  Summary ---[sec]----
TimeReport       event loop CPU/event = 0.126269
TimeReport      event loop Real/event = 0.130550
TimeReport     sum Streams Real/event = 0.123047
TimeReport efficiency CPU/Real/thread = 0.967208

TimeReport ---------- Path   Summary ---[Real sec]----
TimeReport  per event     per exec  Name
TimeReport   0.122584     0.122584  p
TimeReport  per event     per exec  Name

TimeReport -------End-Path   Summary ---[Real sec]----
TimeReport  per event     per exec  Name
TimeReport  per event     per exec  Name

TimeReport ---------- Modules in Path: p ---[Real sec]----
TimeReport  per event    per visit  Name
TimeReport   0.000015     0.000015  flashggMetFilters
TimeReport   0.000005     0.000005  VHFilter
TimeReport   0.066882     0.067397  flashggDifferentialPhoIdInputsCorrection
TimeReport   0.040281     0.040591  flashggDiPhotonSystematics
TimeReport   0.000164     0.000165  flashggMetSystematics
TimeReport   0.000029     0.000029  flashggMuonSystematics
TimeReport   0.000036     0.000036  flashggElectronSystematics
TimeReport   0.000216     0.000217  flashggUnpackedJets
TimeReport   0.003691     0.003719  flashggJetSystematics0
TimeReport   0.000607     0.000612  flashggJetSystematics1
TimeReport   0.000547     0.000551  flashggJetSystematics2
TimeReport   0.000524     0.000528  flashggJetSystematics3
TimeReport   0.000516     0.000520  flashggJetSystematics4
TimeReport   0.000510     0.000514  flashggJetSystematics5
TimeReport   0.000507     0.000511  flashggJetSystematics6
TimeReport   0.000507     0.000511  flashggJetSystematics7
TimeReport   0.000505     0.000509  flashggJetSystematics8
TimeReport   0.000502     0.000506  flashggJetSystematics9
TimeReport   0.000502     0.000506  flashggJetSystematics10
TimeReport   0.000501     0.000505  flashggJetSystematics11
TimeReport   0.000273     0.000275  flashggPrefireDiPhotons
TimeReport   0.000112     0.000113  flashggPreselectedDiPhotons
TimeReport   0.000032     0.000032  flashggDiPhotonMVA
TimeReport   0.000028     0.000029  flashggVBFMVA
TimeReport   0.000016     0.000016  flashggVHhadMVA
TimeReport   0.000048     0.000048  flashggGluGluHMVA
TimeReport   0.000030     0.000031  flashggStageOneCombinedTag
TimeReport   0.000617     0.000622  flashggTHQLeptonicTag
TimeReport   0.000319     0.000322  flashggVHMetTag
TimeReport   0.000023     0.000023  flashggWHLeptonicTag
TimeReport   0.000019     0.000019  flashggZHLeptonicTag
TimeReport   0.000065     0.000065  flashggTTHLeptonicTag
TimeReport   0.001260     0.001270  flashggTTHHadronicTag
TimeReport   0.000079     0.000080  flashggTagSorter
TimeReport   0.000003     0.000003  flashggSystTagMerger
TimeReport   0.000304     0.000307  tagsDumper
TimeReport  per event    per visit  Name

TimeReport ---------- Module Summary ---[Real sec]----
TimeReport  per event     per exec    per visit  Name
TimeReport   0.000002     0.000002     0.000002  TriggerResults
TimeReport   0.000005     0.000005     0.000005  VHFilter
TimeReport   0.000003     0.000003     0.000003  ak4PFCHSL1FastL2L3Corrector
TimeReport   0.000003     0.000003     0.000003  ak4PFCHSL1FastjetCorrector
TimeReport   0.000001     0.000001     0.000001  ak4PFCHSL2RelativeCorrector
TimeReport   0.000012     0.000012     0.000012  ak4PFCHSL3AbsoluteCorrector
TimeReport   0.000032     0.000032     0.000032  flashggDiPhotonMVA
TimeReport   0.040281     0.040591     0.040591  flashggDiPhotonSystematics
TimeReport   0.066882     0.067397     0.067397  flashggDifferentialPhoIdInputsCorrection
TimeReport   0.000036     0.000036     0.000036  flashggElectronSystematics
TimeReport   0.000048     0.000048     0.000048  flashggGluGluHMVA
TimeReport   0.003691     0.003719     0.003719  flashggJetSystematics0
TimeReport   0.000607     0.000612     0.000612  flashggJetSystematics1
TimeReport   0.000502     0.000506     0.000506  flashggJetSystematics10
TimeReport   0.000501     0.000505     0.000505  flashggJetSystematics11
TimeReport   0.000547     0.000551     0.000551  flashggJetSystematics2
TimeReport   0.000524     0.000528     0.000528  flashggJetSystematics3
TimeReport   0.000516     0.000520     0.000520  flashggJetSystematics4
TimeReport   0.000510     0.000514     0.000514  flashggJetSystematics5
TimeReport   0.000507     0.000511     0.000511  flashggJetSystematics6
TimeReport   0.000507     0.000511     0.000511  flashggJetSystematics7
TimeReport   0.000505     0.000509     0.000509  flashggJetSystematics8
TimeReport   0.000502     0.000506     0.000506  flashggJetSystematics9
TimeReport   0.000015     0.000015     0.000015  flashggMetFilters
TimeReport   0.000164     0.000165     0.000165  flashggMetSystematics
TimeReport   0.000029     0.000029     0.000029  flashggMuonSystematics
TimeReport   0.000273     0.000275     0.000275  flashggPrefireDiPhotons
TimeReport   0.000112     0.000113     0.000113  flashggPreselectedDiPhotons
TimeReport   0.000030     0.000031     0.000031  flashggStageOneCombinedTag
TimeReport   0.000003     0.000003     0.000003  flashggSystTagMerger
TimeReport   0.000617     0.000622     0.000622  flashggTHQLeptonicTag
TimeReport   0.001260     0.001270     0.001270  flashggTTHHadronicTag
TimeReport   0.000065     0.000065     0.000065  flashggTTHLeptonicTag
TimeReport   0.000079     0.000080     0.000080  flashggTagSorter
TimeReport   0.000216     0.000217     0.000217  flashggUnpackedJets
TimeReport   0.000028     0.000029     0.000029  flashggVBFMVA
TimeReport   0.000319     0.000322     0.000322  flashggVHMetTag
TimeReport   0.000016     0.000016     0.000016  flashggVHhadMVA
TimeReport   0.000023     0.000023     0.000023  flashggWHLeptonicTag
TimeReport   0.000019     0.000019     0.000019  flashggZHLeptonicTag
TimeReport   0.000003     0.000003     0.000003  p
TimeReport   0.000304     0.000307     0.000307  tagsDumper
TimeReport  per event     per exec    per visit  Name

T---Report end!


=============================================

MessageLogger Summary

 type     category        sev    module        subroutine        count    total
 ---- -------------------- -- ---------------- ----------------  -----    -----
    1 XrdAdaptor           -w file_open                              1        1
    2 fileAction           -s file_close                             1        1
    3 fileAction           -s file_open                              2        2

 type    category    Examples: run/evt        run/evt          run/evt
 ---- -------------------- ---------------- ---------------- ----------------
    1 XrdAdaptor           pre-events                        
    2 fileAction           PostGlobalEndRun                  
    3 fileAction           pre-events       pre-events       

Severity    # Occurrences   Total Occurrences
--------    -------------   -----------------
Warning                 1                   1
System                  3                   3

dropped waiting message count 0
[2022-12-20 12:20:23.070202 +0100][Error  ][AsyncSock         ] [xrootd.ba.infn.it:1094 #0.0] Socket error while handshaking: [ERROR] Socket timeout
[2022-12-20 12:20:23.070348 +0100][Error  ][PostMaster        ] [xrootd.ba.infn.it:1094 #0] elapsed = 45, pConnectionWindow = 31 seconds.
