mkdir: cannot create directory '/afs/cern.ch/user/x/xisu/private/local/Analysis_workspace/VH_AC_tmp1/flashgg_d2/CMSSW_10_6_29/src/flashgg/VHAC_Analysis_Met/UL_17/UL_17_zh125': File exists
/cvmfs/cms.cern.ch/slc7_amd64_gcc700/external/py2-requests/2.21.0-pafccj2/lib/python2.7/site-packages/requests/__init__.py:91: RequestsDependencyWarning: urllib3 (1.25.2) or chardet (3.0.4) doesn't match a supported version!
  RequestsDependencyWarning)
20-Dec-2022 11:10:59 CET  Initiating request to open file root://cms-xrd-global.cern.ch//store/user/alesauva/flashgg/UL2017_3/10_6_4/VHToGG_M125_TuneCP5_13TeV-amcatnloFXFX-madspin-pythia8/UL2017_3-10_6_4-v0-RunIISummer19UL17MiniAOD-106X_mc2017_realistic_v6-v1/200718_083214/0000/myMicroAODOutputFile_5.root
%MSG-w XrdAdaptor:  file_open 20-Dec-2022 11:11:02 CET pre-events
Data is served from GRIF-IRFU instead of original site CERN-CMSGLOBAL-01
%MSG
20-Dec-2022 11:11:03 CET  Successfully opened file root://cms-xrd-global.cern.ch//store/user/alesauva/flashgg/UL2017_3/10_6_4/VHToGG_M125_TuneCP5_13TeV-amcatnloFXFX-madspin-pythia8/UL2017_3-10_6_4-v0-RunIISummer19UL17MiniAOD-106X_mc2017_realistic_v6-v1/200718_083214/0000/myMicroAODOutputFile_5.root
2022-12-20 11:24:01.649269: I tensorflow/core/platform/cpu_feature_guard.cc:140] Your CPU supports instructions that this TensorFlow binary was not compiled to use: SSE4.1 SSE4.2 AVX AVX2 FMA
Begin processing the 1st record. Run 1, Event 31052, LumiSection 116 on stream 0 at 20-Dec-2022 11:24:51.932 CET
[2022-12-20 11:25:36.629339 +0100][Error  ][AsyncSock         ] [xrootd.ba.infn.it:1094 #0.0] Socket error while handshaking: [ERROR] Socket timeout
[2022-12-20 11:25:36.630981 +0100][Error  ][PostMaster        ] [xrootd.ba.infn.it:1094 #0] elapsed = 45, pConnectionWindow = 31 seconds.
[2022-12-20 11:26:21.873231 +0100][Error  ][AsyncSock         ] [xrootd.ba.infn.it:1094 #0.0] Socket error while handshaking: [ERROR] Socket timeout
[2022-12-20 11:26:21.873385 +0100][Error  ][PostMaster        ] [xrootd.ba.infn.it:1094 #0] elapsed = 45, pConnectionWindow = 31 seconds.
[2022-12-20 11:26:21.873466 +0100][Error  ][PostMaster        ] [xrootd.ba.infn.it:1094 #0] Unable to recover: [ERROR] Socket timeout.
[2022-12-20 11:26:21.873491 +0100][Error  ][XRootD            ] [xrootd.ba.infn.it:1094] Impossible to send message kXR_open (file: /store/user/alesauva/flashgg/UL2017_3/10_6_4/VHToGG_M125_TuneCP5_13TeV-amcatnloFXFX-madspin-pythia8/UL2017_3-10_6_4-v0-RunIISummer19UL17MiniAOD-106X_mc2017_realistic_v6-v1/200718_083214/0000/myMicroAODOutputFile_5.root?tried=stor73.datagrid.cea.fr, mode: 0660, flags: kXR_open_read kXR_async kXR_retstat ). Trying to recover.
[2022-12-20 11:27:11.413022 +0100][Error  ][AsyncSock         ] [xrootd-cms.infn.it:1094 #0.0] Socket error while handshaking: [ERROR] Socket timeout
[2022-12-20 11:27:11.413402 +0100][Error  ][PostMaster        ] [xrootd-cms.infn.it:1094 #0] elapsed = 45, pConnectionWindow = 31 seconds.
Begin processing the 1001st record. Run 1, Event 89707, LumiSection 333 on stream 0 at 20-Dec-2022 11:28:05.366 CET
Begin processing the 2001st record. Run 1, Event 76454, LumiSection 284 on stream 0 at 20-Dec-2022 11:28:55.298 CET
Begin processing the 3001st record. Run 1, Event 79333, LumiSection 294 on stream 0 at 20-Dec-2022 11:29:50.491 CET
[2022-12-20 11:30:32.818964 +0100][Error  ][AsyncSock         ] [xrootd.ba.infn.it:1094 #0.0] Socket error while handshaking: [ERROR] Socket timeout
[2022-12-20 11:30:32.819081 +0100][Error  ][PostMaster        ] [xrootd.ba.infn.it:1094 #0] elapsed = 45, pConnectionWindow = 31 seconds.
Begin processing the 4001st record. Run 1, Event 149487, LumiSection 554 on stream 0 at 20-Dec-2022 11:30:40.530 CET
[2022-12-20 11:31:17.473693 +0100][Error  ][AsyncSock         ] [xrootd.ba.infn.it:1094 #0.0] Socket error while handshaking: [ERROR] Socket timeout
[2022-12-20 11:31:17.473834 +0100][Error  ][PostMaster        ] [xrootd.ba.infn.it:1094 #0] elapsed = 45, pConnectionWindow = 31 seconds.
[2022-12-20 11:31:17.473846 +0100][Error  ][PostMaster        ] [xrootd.ba.infn.it:1094 #0] Unable to recover: [ERROR] Socket timeout.
[2022-12-20 11:31:17.473875 +0100][Error  ][XRootD            ] [xrootd.ba.infn.it:1094] Impossible to send message kXR_open (file: /store/user/alesauva/flashgg/UL2017_3/10_6_4/VHToGG_M125_TuneCP5_13TeV-amcatnloFXFX-madspin-pythia8/UL2017_3-10_6_4-v0-RunIISummer19UL17MiniAOD-106X_mc2017_realistic_v6-v1/200718_083214/0000/myMicroAODOutputFile_5.root?tried=stor73.datagrid.cea.fr, mode: 0660, flags: kXR_open_read kXR_async kXR_retstat ). Trying to recover.
Begin processing the 5001st record. Run 1, Event 1233644, LumiSection 4570 on stream 0 at 20-Dec-2022 11:31:29.486 CET
Begin processing the 6001st record. Run 1, Event 1237784, LumiSection 4585 on stream 0 at 20-Dec-2022 11:32:17.758 CET
Begin processing the 7001st record. Run 1, Event 156136, LumiSection 579 on stream 0 at 20-Dec-2022 11:33:05.288 CET
Begin processing the 8001st record. Run 1, Event 172690, LumiSection 640 on stream 0 at 20-Dec-2022 11:33:59.710 CET
Begin processing the 9001st record. Run 1, Event 175492, LumiSection 650 on stream 0 at 20-Dec-2022 11:34:44.997 CET
[2022-12-20 11:35:26.359776 +0100][Error  ][AsyncSock         ] [xrootd.ba.infn.it:1094 #0.0] Socket error while handshaking: [ERROR] Socket timeout
[2022-12-20 11:35:26.359891 +0100][Error  ][PostMaster        ] [xrootd.ba.infn.it:1094 #0] elapsed = 45, pConnectionWindow = 31 seconds.
Begin processing the 10001st record. Run 1, Event 178326, LumiSection 661 on stream 0 at 20-Dec-2022 11:35:32.811 CET
[2022-12-20 11:36:11.476682 +0100][Error  ][AsyncSock         ] [xrootd.ba.infn.it:1094 #0.0] Socket error while handshaking: [ERROR] Socket timeout
[2022-12-20 11:36:11.476796 +0100][Error  ][PostMaster        ] [xrootd.ba.infn.it:1094 #0] elapsed = 45, pConnectionWindow = 31 seconds.
[2022-12-20 11:36:11.476818 +0100][Error  ][PostMaster        ] [xrootd.ba.infn.it:1094 #0] Unable to recover: [ERROR] Socket timeout.
[2022-12-20 11:36:11.476831 +0100][Error  ][XRootD            ] [xrootd.ba.infn.it:1094] Impossible to send message kXR_open (file: /store/user/alesauva/flashgg/UL2017_3/10_6_4/VHToGG_M125_TuneCP5_13TeV-amcatnloFXFX-madspin-pythia8/UL2017_3-10_6_4-v0-RunIISummer19UL17MiniAOD-106X_mc2017_realistic_v6-v1/200718_083214/0000/myMicroAODOutputFile_5.root?tried=stor73.datagrid.cea.fr, mode: 0660, flags: kXR_open_read kXR_async kXR_retstat ). Trying to recover.
Begin processing the 11001st record. Run 1, Event 751016, LumiSection 2782 on stream 0 at 20-Dec-2022 11:36:17.074 CET
Begin processing the 12001st record. Run 1, Event 1291497, LumiSection 4784 on stream 0 at 20-Dec-2022 11:37:04.223 CET
Begin processing the 13001st record. Run 1, Event 1294714, LumiSection 4796 on stream 0 at 20-Dec-2022 11:37:55.447 CET
Begin processing the 14001st record. Run 1, Event 1297712, LumiSection 4807 on stream 0 at 20-Dec-2022 11:38:48.354 CET
Begin processing the 15001st record. Run 1, Event 646918, LumiSection 2396 on stream 0 at 20-Dec-2022 11:39:36.394 CET
[2022-12-20 11:40:16.714617 +0100][Error  ][AsyncSock         ] [xrootd.ba.infn.it:1094 #0.0] Socket error while handshaking: [ERROR] Socket timeout
[2022-12-20 11:40:16.714765 +0100][Error  ][PostMaster        ] [xrootd.ba.infn.it:1094 #0] elapsed = 45, pConnectionWindow = 31 seconds.
Begin processing the 16001st record. Run 1, Event 128690, LumiSection 477 on stream 0 at 20-Dec-2022 11:40:27.580 CET
[2022-12-20 11:41:01.734430 +0100][Error  ][AsyncSock         ] [xrootd.ba.infn.it:1094 #0.0] Socket error while handshaking: [ERROR] Socket timeout
[2022-12-20 11:41:01.734564 +0100][Error  ][PostMaster        ] [xrootd.ba.infn.it:1094 #0] elapsed = 45, pConnectionWindow = 31 seconds.
[2022-12-20 11:41:01.734575 +0100][Error  ][PostMaster        ] [xrootd.ba.infn.it:1094 #0] Unable to recover: [ERROR] Socket timeout.
[2022-12-20 11:41:01.734585 +0100][Error  ][XRootD            ] [xrootd.ba.infn.it:1094] Impossible to send message kXR_open (file: /store/user/alesauva/flashgg/UL2017_3/10_6_4/VHToGG_M125_TuneCP5_13TeV-amcatnloFXFX-madspin-pythia8/UL2017_3-10_6_4-v0-RunIISummer19UL17MiniAOD-106X_mc2017_realistic_v6-v1/200718_083214/0000/myMicroAODOutputFile_5.root?tried=stor73.datagrid.cea.fr, mode: 0660, flags: kXR_open_read kXR_async kXR_retstat ). Trying to recover.
Begin processing the 17001st record. Run 1, Event 133721, LumiSection 496 on stream 0 at 20-Dec-2022 11:41:14.617 CET
Begin processing the 18001st record. Run 1, Event 136740, LumiSection 507 on stream 0 at 20-Dec-2022 11:42:05.957 CET
Begin processing the 19001st record. Run 1, Event 724951, LumiSection 2686 on stream 0 at 20-Dec-2022 11:42:56.877 CET
Begin processing the 20001st record. Run 1, Event 713283, LumiSection 2642 on stream 0 at 20-Dec-2022 11:43:39.857 CET
Begin processing the 21001st record. Run 1, Event 716878, LumiSection 2656 on stream 0 at 20-Dec-2022 11:44:31.564 CET
[2022-12-20 11:45:09.257879 +0100][Error  ][AsyncSock         ] [xrootd.ba.infn.it:1094 #0.0] Socket error while handshaking: [ERROR] Socket timeout
[2022-12-20 11:45:09.258025 +0100][Error  ][PostMaster        ] [xrootd.ba.infn.it:1094 #0] elapsed = 46, pConnectionWindow = 31 seconds.
Begin processing the 22001st record. Run 1, Event 719980, LumiSection 2667 on stream 0 at 20-Dec-2022 11:45:28.984 CET
[2022-12-20 11:45:54.726882 +0100][Error  ][AsyncSock         ] [xrootd.ba.infn.it:1094 #0.0] Socket error while handshaking: [ERROR] Socket timeout
[2022-12-20 11:45:54.726982 +0100][Error  ][PostMaster        ] [xrootd.ba.infn.it:1094 #0] elapsed = 45, pConnectionWindow = 31 seconds.
[2022-12-20 11:45:54.726994 +0100][Error  ][PostMaster        ] [xrootd.ba.infn.it:1094 #0] Unable to recover: [ERROR] Socket timeout.
[2022-12-20 11:45:54.727004 +0100][Error  ][XRootD            ] [xrootd.ba.infn.it:1094] Impossible to send message kXR_open (file: /store/user/alesauva/flashgg/UL2017_3/10_6_4/VHToGG_M125_TuneCP5_13TeV-amcatnloFXFX-madspin-pythia8/UL2017_3-10_6_4-v0-RunIISummer19UL17MiniAOD-106X_mc2017_realistic_v6-v1/200718_083214/0000/myMicroAODOutputFile_5.root?tried=stor73.datagrid.cea.fr, mode: 0660, flags: kXR_open_read kXR_async kXR_retstat ). Trying to recover.
Begin processing the 23001st record. Run 1, Event 723336, LumiSection 2680 on stream 0 at 20-Dec-2022 11:46:20.346 CET
Begin processing the 24001st record. Run 1, Event 853903, LumiSection 3163 on stream 0 at 20-Dec-2022 11:47:10.920 CET
20-Dec-2022 11:47:49 CET  Closed file root://cms-xrd-global.cern.ch//store/user/alesauva/flashgg/UL2017_3/10_6_4/VHToGG_M125_TuneCP5_13TeV-amcatnloFXFX-madspin-pythia8/UL2017_3-10_6_4-v0-RunIISummer19UL17MiniAOD-106X_mc2017_realistic_v6-v1/200718_083214/0000/myMicroAODOutputFile_5.root

TrigReport ---------- Event  Summary ------------
TrigReport Events total = 24763 passed = 8759 failed = 16004

TrigReport ---------- Path   Summary ------------
TrigReport  Trig Bit#   Executed     Passed     Failed      Error Name
TrigReport     1    0      24763       8759      16004          0 p

TrigReport -------End-Path   Summary ------------
TrigReport  Trig Bit#   Executed     Passed     Failed      Error Name

TrigReport ---------- Modules in Path: p ------------
TrigReport  Trig Bit#    Visited     Passed     Failed      Error Name
TrigReport     1    0      24763      24647        116          0 flashggMetFilters
TrigReport     1    1      24647       8759      15888          0 VHFilter
TrigReport     1    2       8759       8759          0          0 flashggDifferentialPhoIdInputsCorrection
TrigReport     1    3       8759       8759          0          0 flashggDiPhotonSystematics
TrigReport     1    4       8759       8759          0          0 flashggMetSystematics
TrigReport     1    5       8759       8759          0          0 flashggMuonSystematics
TrigReport     1    6       8759       8759          0          0 flashggElectronSystematics
TrigReport     1    7       8759       8759          0          0 flashggUnpackedJets
TrigReport     1    8       8759       8759          0          0 flashggJetSystematics0
TrigReport     1    9       8759       8759          0          0 flashggJetSystematics1
TrigReport     1   10       8759       8759          0          0 flashggJetSystematics2
TrigReport     1   11       8759       8759          0          0 flashggJetSystematics3
TrigReport     1   12       8759       8759          0          0 flashggJetSystematics4
TrigReport     1   13       8759       8759          0          0 flashggJetSystematics5
TrigReport     1   14       8759       8759          0          0 flashggJetSystematics6
TrigReport     1   15       8759       8759          0          0 flashggJetSystematics7
TrigReport     1   16       8759       8759          0          0 flashggJetSystematics8
TrigReport     1   17       8759       8759          0          0 flashggJetSystematics9
TrigReport     1   18       8759       8759          0          0 flashggJetSystematics10
TrigReport     1   19       8759       8759          0          0 flashggJetSystematics11
TrigReport     1   20       8759       8759          0          0 flashggPrefireDiPhotons
TrigReport     1   21       8759       8759          0          0 flashggPreselectedDiPhotons
TrigReport     1   22       8759       8759          0          0 flashggDiPhotonMVA
TrigReport     1   23       8759       8759          0          0 flashggVBFMVA
TrigReport     1   24       8759       8759          0          0 flashggVHhadMVA
TrigReport     1   25       8759       8759          0          0 flashggGluGluHMVA
TrigReport     1   26       8759       8759          0          0 flashggStageOneCombinedTag
TrigReport     1   27       8759       8759          0          0 flashggTHQLeptonicTag
TrigReport     1   28       8759       8759          0          0 flashggVHMetTag
TrigReport     1   29       8759       8759          0          0 flashggWHLeptonicTag
TrigReport     1   30       8759       8759          0          0 flashggZHLeptonicTag
TrigReport     1   31       8759       8759          0          0 flashggTTHLeptonicTag
TrigReport     1   32       8759       8759          0          0 flashggTTHHadronicTag
TrigReport     1   33       8759       8759          0          0 flashggTagSorter
TrigReport     1   34       8759       8759          0          0 flashggSystTagMerger
TrigReport     1   35       8759       8759          0          0 tagsDumper

TrigReport ---------- Module Summary ------------
TrigReport    Visited   Executed     Passed     Failed      Error Name
TrigReport      24763      24763      24763          0          0 TriggerResults
TrigReport      24647      24647       8759      15888          0 VHFilter
TrigReport       8759       8759       8759          0          0 ak4PFCHSL1FastL2L3Corrector
TrigReport       8759       8759       8759          0          0 ak4PFCHSL1FastjetCorrector
TrigReport       8759       8759       8759          0          0 ak4PFCHSL2RelativeCorrector
TrigReport       8759       8759       8759          0          0 ak4PFCHSL3AbsoluteCorrector
TrigReport       8759       8759       8759          0          0 flashggDiPhotonMVA
TrigReport       8759       8759       8759          0          0 flashggDiPhotonSystematics
TrigReport       8759       8759       8759          0          0 flashggDifferentialPhoIdInputsCorrection
TrigReport       8759       8759       8759          0          0 flashggElectronSystematics
TrigReport       8759       8759       8759          0          0 flashggGluGluHMVA
TrigReport       8759       8759       8759          0          0 flashggJetSystematics0
TrigReport       8759       8759       8759          0          0 flashggJetSystematics1
TrigReport       8759       8759       8759          0          0 flashggJetSystematics10
TrigReport       8759       8759       8759          0          0 flashggJetSystematics11
TrigReport       8759       8759       8759          0          0 flashggJetSystematics2
TrigReport       8759       8759       8759          0          0 flashggJetSystematics3
TrigReport       8759       8759       8759          0          0 flashggJetSystematics4
TrigReport       8759       8759       8759          0          0 flashggJetSystematics5
TrigReport       8759       8759       8759          0          0 flashggJetSystematics6
TrigReport       8759       8759       8759          0          0 flashggJetSystematics7
TrigReport       8759       8759       8759          0          0 flashggJetSystematics8
TrigReport       8759       8759       8759          0          0 flashggJetSystematics9
TrigReport      24763      24763      24647        116          0 flashggMetFilters
TrigReport       8759       8759       8759          0          0 flashggMetSystematics
TrigReport       8759       8759       8759          0          0 flashggMuonSystematics
TrigReport       8759       8759       8759          0          0 flashggPrefireDiPhotons
TrigReport       8759       8759       8759          0          0 flashggPreselectedDiPhotons
TrigReport       8759       8759       8759          0          0 flashggStageOneCombinedTag
TrigReport       8759       8759       8759          0          0 flashggSystTagMerger
TrigReport       8759       8759       8759          0          0 flashggTHQLeptonicTag
TrigReport       8759       8759       8759          0          0 flashggTTHHadronicTag
TrigReport       8759       8759       8759          0          0 flashggTTHLeptonicTag
TrigReport       8759       8759       8759          0          0 flashggTagSorter
TrigReport       8759       8759       8759          0          0 flashggUnpackedJets
TrigReport       8759       8759       8759          0          0 flashggVBFMVA
TrigReport       8759       8759       8759          0          0 flashggVHMetTag
TrigReport       8759       8759       8759          0          0 flashggVHhadMVA
TrigReport       8759       8759       8759          0          0 flashggWHLeptonicTag
TrigReport       8759       8759       8759          0          0 flashggZHLeptonicTag
TrigReport      24763      24763      24763          0          0 p
TrigReport       8759       8759       8759          0          0 tagsDumper

TimeReport ---------- Event  Summary ---[sec]----
TimeReport       event loop CPU/event = 0.054869
TimeReport      event loop Real/event = 0.055657
TimeReport     sum Streams Real/event = 0.054048
TimeReport efficiency CPU/Real/thread = 0.985848

TimeReport ---------- Path   Summary ---[Real sec]----
TimeReport  per event     per exec  Name
TimeReport   0.053778     0.053778  p
TimeReport  per event     per exec  Name

TimeReport -------End-Path   Summary ---[Real sec]----
TimeReport  per event     per exec  Name
TimeReport  per event     per exec  Name

TimeReport ---------- Modules in Path: p ---[Real sec]----
TimeReport  per event    per visit  Name
TimeReport   0.000010     0.000010  flashggMetFilters
TimeReport   0.000004     0.000004  VHFilter
TimeReport   0.031154     0.088076  flashggDifferentialPhoIdInputsCorrection
TimeReport   0.016632     0.047020  flashggDiPhotonSystematics
TimeReport   0.000067     0.000190  flashggMetSystematics
TimeReport   0.000011     0.000030  flashggMuonSystematics
TimeReport   0.000014     0.000040  flashggElectronSystematics
TimeReport   0.000086     0.000242  flashggUnpackedJets
TimeReport   0.001469     0.004153  flashggJetSystematics0
TimeReport   0.000222     0.000627  flashggJetSystematics1
TimeReport   0.000196     0.000554  flashggJetSystematics2
TimeReport   0.000189     0.000535  flashggJetSystematics3
TimeReport   0.000186     0.000525  flashggJetSystematics4
TimeReport   0.000183     0.000518  flashggJetSystematics5
TimeReport   0.000181     0.000512  flashggJetSystematics6
TimeReport   0.000181     0.000512  flashggJetSystematics7
TimeReport   0.000180     0.000510  flashggJetSystematics8
TimeReport   0.000180     0.000510  flashggJetSystematics9
TimeReport   0.000180     0.000507  flashggJetSystematics10
TimeReport   0.000180     0.000508  flashggJetSystematics11
TimeReport   0.000119     0.000337  flashggPrefireDiPhotons
TimeReport   0.000043     0.000121  flashggPreselectedDiPhotons
TimeReport   0.000012     0.000034  flashggDiPhotonMVA
TimeReport   0.000010     0.000028  flashggVBFMVA
TimeReport   0.000006     0.000016  flashggVHhadMVA
TimeReport   0.000017     0.000047  flashggGluGluHMVA
TimeReport   0.000011     0.000031  flashggStageOneCombinedTag
TimeReport   0.000069     0.000195  flashggTHQLeptonicTag
TimeReport   0.000104     0.000293  flashggVHMetTag
TimeReport   0.000009     0.000025  flashggWHLeptonicTag
TimeReport   0.000007     0.000019  flashggZHLeptonicTag
TimeReport   0.000043     0.000121  flashggTTHLeptonicTag
TimeReport   0.000547     0.001545  flashggTTHHadronicTag
TimeReport   0.000031     0.000088  flashggTagSorter
TimeReport   0.000001     0.000004  flashggSystTagMerger
TimeReport   0.000197     0.000557  tagsDumper
TimeReport  per event    per visit  Name

TimeReport ---------- Module Summary ---[Real sec]----
TimeReport  per event     per exec    per visit  Name
TimeReport   0.000002     0.000002     0.000002  TriggerResults
TimeReport   0.000004     0.000004     0.000004  VHFilter
TimeReport   0.000001     0.000004     0.000004  ak4PFCHSL1FastL2L3Corrector
TimeReport   0.000001     0.000004     0.000004  ak4PFCHSL1FastjetCorrector
TimeReport   0.000001     0.000002     0.000002  ak4PFCHSL2RelativeCorrector
TimeReport   0.000005     0.000015     0.000015  ak4PFCHSL3AbsoluteCorrector
TimeReport   0.000012     0.000034     0.000034  flashggDiPhotonMVA
TimeReport   0.016632     0.047020     0.047020  flashggDiPhotonSystematics
TimeReport   0.031154     0.088076     0.088076  flashggDifferentialPhoIdInputsCorrection
TimeReport   0.000014     0.000040     0.000040  flashggElectronSystematics
TimeReport   0.000017     0.000047     0.000047  flashggGluGluHMVA
TimeReport   0.001469     0.004153     0.004153  flashggJetSystematics0
TimeReport   0.000222     0.000627     0.000627  flashggJetSystematics1
TimeReport   0.000180     0.000507     0.000507  flashggJetSystematics10
TimeReport   0.000180     0.000508     0.000508  flashggJetSystematics11
TimeReport   0.000196     0.000554     0.000554  flashggJetSystematics2
TimeReport   0.000189     0.000535     0.000535  flashggJetSystematics3
TimeReport   0.000186     0.000525     0.000525  flashggJetSystematics4
TimeReport   0.000183     0.000518     0.000518  flashggJetSystematics5
TimeReport   0.000181     0.000512     0.000512  flashggJetSystematics6
TimeReport   0.000181     0.000512     0.000512  flashggJetSystematics7
TimeReport   0.000180     0.000510     0.000510  flashggJetSystematics8
TimeReport   0.000180     0.000510     0.000510  flashggJetSystematics9
TimeReport   0.000010     0.000010     0.000010  flashggMetFilters
TimeReport   0.000067     0.000190     0.000190  flashggMetSystematics
TimeReport   0.000011     0.000030     0.000030  flashggMuonSystematics
TimeReport   0.000119     0.000337     0.000337  flashggPrefireDiPhotons
TimeReport   0.000043     0.000121     0.000121  flashggPreselectedDiPhotons
TimeReport   0.000011     0.000031     0.000031  flashggStageOneCombinedTag
TimeReport   0.000001     0.000004     0.000004  flashggSystTagMerger
TimeReport   0.000069     0.000195     0.000195  flashggTHQLeptonicTag
TimeReport   0.000547     0.001545     0.001545  flashggTTHHadronicTag
TimeReport   0.000043     0.000121     0.000121  flashggTTHLeptonicTag
TimeReport   0.000031     0.000088     0.000088  flashggTagSorter
TimeReport   0.000086     0.000242     0.000242  flashggUnpackedJets
TimeReport   0.000010     0.000028     0.000028  flashggVBFMVA
TimeReport   0.000104     0.000293     0.000293  flashggVHMetTag
TimeReport   0.000006     0.000016     0.000016  flashggVHhadMVA
TimeReport   0.000009     0.000025     0.000025  flashggWHLeptonicTag
TimeReport   0.000007     0.000019     0.000019  flashggZHLeptonicTag
TimeReport   0.000002     0.000002     0.000002  p
TimeReport   0.000197     0.000557     0.000557  tagsDumper
TimeReport  per event     per exec    per visit  Name

T---Report end!


=============================================

MessageLogger Summary

 type     category        sev    module        subroutine        count    total
 ---- -------------------- -- ---------------- ----------------  -----    -----
    1 XrdAdaptor           -w file_open                              1        1
    2 fileAction           -s file_close                             1        1
    3 fileAction           -s file_open                              2        2

 type    category    Examples: run/evt        run/evt          run/evt
 ---- -------------------- ---------------- ---------------- ----------------
    1 XrdAdaptor           pre-events                        
    2 fileAction           PostGlobalEndRun                  
    3 fileAction           pre-events       pre-events       

Severity    # Occurrences   Total Occurrences
--------    -------------   -----------------
Warning                 1                   1
System                  3                   3

dropped waiting message count 0
