mkdir: cannot create directory '/afs/cern.ch/user/x/xisu/private/local/Analysis_workspace/VH_AC_tmp1/flashgg_d2/CMSSW_10_6_29/src/flashgg/VHAC_Analysis_Met/UL_17/UL_17_zh125': File exists
/cvmfs/cms.cern.ch/slc7_amd64_gcc700/external/py2-requests/2.21.0-pafccj2/lib/python2.7/site-packages/requests/__init__.py:91: RequestsDependencyWarning: urllib3 (1.25.2) or chardet (3.0.4) doesn't match a supported version!
  RequestsDependencyWarning)
20-Dec-2022 11:06:42 CET  Initiating request to open file root://cms-xrd-global.cern.ch//store/user/alesauva/flashgg/UL2017_4/10_6_4/ZHiggs0L1ToGG_M125_TuneCP5_13TeV-JHUGenV7011-pythia8/UL2017_4-10_6_4-v0-RunIISummer19UL17MiniAOD-106X_mc2017_realistic_v6-v2/200911_121149/0000/myMicroAODOutputFile_29.root
%MSG-w XrdAdaptor:  file_open 20-Dec-2022 11:06:44 CET pre-events
Data is served from GRIF-IRFU instead of original site CERN-CMSGLOBAL-01
%MSG
20-Dec-2022 11:06:45 CET  Successfully opened file root://cms-xrd-global.cern.ch//store/user/alesauva/flashgg/UL2017_4/10_6_4/ZHiggs0L1ToGG_M125_TuneCP5_13TeV-JHUGenV7011-pythia8/UL2017_4-10_6_4-v0-RunIISummer19UL17MiniAOD-106X_mc2017_realistic_v6-v2/200911_121149/0000/myMicroAODOutputFile_29.root
2022-12-20 11:19:22.376387: I tensorflow/core/platform/cpu_feature_guard.cc:140] Your CPU supports instructions that this TensorFlow binary was not compiled to use: SSE4.1 SSE4.2 AVX AVX2 FMA
Begin processing the 1st record. Run 1, Event 197512, LumiSection 1976 on stream 0 at 20-Dec-2022 11:20:12.049 CET
[2022-12-20 11:20:55.256988 +0100][Error  ][AsyncSock         ] [xrootd.ba.infn.it:1094 #0.0] Socket error while handshaking: [ERROR] Socket timeout
[2022-12-20 11:20:55.257263 +0100][Error  ][PostMaster        ] [xrootd.ba.infn.it:1094 #0] elapsed = 45, pConnectionWindow = 31 seconds.
[2022-12-20 11:21:40.041874 +0100][Error  ][AsyncSock         ] [xrootd.ba.infn.it:1094 #0.0] Socket error while handshaking: [ERROR] Socket timeout
[2022-12-20 11:21:40.042011 +0100][Error  ][PostMaster        ] [xrootd.ba.infn.it:1094 #0] elapsed = 45, pConnectionWindow = 31 seconds.
[2022-12-20 11:21:40.042050 +0100][Error  ][PostMaster        ] [xrootd.ba.infn.it:1094 #0] Unable to recover: [ERROR] Socket timeout.
[2022-12-20 11:21:40.042067 +0100][Error  ][XRootD            ] [xrootd.ba.infn.it:1094] Impossible to send message kXR_open (file: /store/user/alesauva/flashgg/UL2017_4/10_6_4/ZHiggs0L1ToGG_M125_TuneCP5_13TeV-JHUGenV7011-pythia8/UL2017_4-10_6_4-v0-RunIISummer19UL17MiniAOD-106X_mc2017_realistic_v6-v2/200911_121149/0000/myMicroAODOutputFile_29.root?tried=stor97.datagrid.cea.fr, mode: 0660, flags: kXR_open_read kXR_async kXR_retstat ). Trying to recover.
Begin processing the 1001st record. Run 1, Event 694204, LumiSection 6943 on stream 0 at 20-Dec-2022 11:24:53.739 CET
[2022-12-20 11:25:29.350999 +0100][Error  ][AsyncSock         ] [xrootd.ba.infn.it:1094 #0.0] Socket error while handshaking: [ERROR] Socket timeout
[2022-12-20 11:25:29.351202 +0100][Error  ][PostMaster        ] [xrootd.ba.infn.it:1094 #0] elapsed = 45, pConnectionWindow = 31 seconds.
[2022-12-20 11:26:14.602888 +0100][Error  ][AsyncSock         ] [xrootd.ba.infn.it:1094 #0.0] Socket error while handshaking: [ERROR] Socket timeout
[2022-12-20 11:26:14.603084 +0100][Error  ][PostMaster        ] [xrootd.ba.infn.it:1094 #0] elapsed = 45, pConnectionWindow = 31 seconds.
[2022-12-20 11:26:14.603096 +0100][Error  ][PostMaster        ] [xrootd.ba.infn.it:1094 #0] Unable to recover: [ERROR] Socket timeout.
[2022-12-20 11:26:14.603107 +0100][Error  ][XRootD            ] [xrootd.ba.infn.it:1094] Impossible to send message kXR_open (file: /store/user/alesauva/flashgg/UL2017_4/10_6_4/ZHiggs0L1ToGG_M125_TuneCP5_13TeV-JHUGenV7011-pythia8/UL2017_4-10_6_4-v0-RunIISummer19UL17MiniAOD-106X_mc2017_realistic_v6-v2/200911_121149/0000/myMicroAODOutputFile_29.root?tried=stor97.datagrid.cea.fr, mode: 0660, flags: kXR_open_read kXR_async kXR_retstat ). Trying to recover.
Begin processing the 2001st record. Run 1, Event 238311, LumiSection 2384 on stream 0 at 20-Dec-2022 11:27:16.837 CET
Begin processing the 3001st record. Run 1, Event 239316, LumiSection 2394 on stream 0 at 20-Dec-2022 11:29:45.245 CET
[2022-12-20 11:30:03.513882 +0100][Error  ][AsyncSock         ] [xrootd.ba.infn.it:1094 #0.0] Socket error while handshaking: [ERROR] Socket timeout
[2022-12-20 11:30:03.514049 +0100][Error  ][PostMaster        ] [xrootd.ba.infn.it:1094 #0] elapsed = 45, pConnectionWindow = 31 seconds.
[2022-12-20 11:30:48.744899 +0100][Error  ][AsyncSock         ] [xrootd.ba.infn.it:1094 #0.0] Socket error while handshaking: [ERROR] Socket timeout
[2022-12-20 11:30:48.745106 +0100][Error  ][PostMaster        ] [xrootd.ba.infn.it:1094 #0] elapsed = 45, pConnectionWindow = 31 seconds.
[2022-12-20 11:30:48.745121 +0100][Error  ][PostMaster        ] [xrootd.ba.infn.it:1094 #0] Unable to recover: [ERROR] Socket timeout.
[2022-12-20 11:30:48.745131 +0100][Error  ][XRootD            ] [xrootd.ba.infn.it:1094] Impossible to send message kXR_open (file: /store/user/alesauva/flashgg/UL2017_4/10_6_4/ZHiggs0L1ToGG_M125_TuneCP5_13TeV-JHUGenV7011-pythia8/UL2017_4-10_6_4-v0-RunIISummer19UL17MiniAOD-106X_mc2017_realistic_v6-v2/200911_121149/0000/myMicroAODOutputFile_29.root?tried=stor97.datagrid.cea.fr, mode: 0660, flags: kXR_open_read kXR_async kXR_retstat ). Trying to recover.
Begin processing the 4001st record. Run 1, Event 243011, LumiSection 2431 on stream 0 at 20-Dec-2022 11:32:05.059 CET
Begin processing the 5001st record. Run 1, Event 244011, LumiSection 2441 on stream 0 at 20-Dec-2022 11:34:27.757 CET
Begin processing the 6001st record. Run 1, Event 245001, LumiSection 2451 on stream 0 at 20-Dec-2022 11:36:40.650 CET
[2022-12-20 11:38:51.835426 +0100][Error  ][AsyncSock         ] [xrootd.ba.infn.it:1094 #0.0] Socket error while handshaking: [ERROR] Socket timeout
[2022-12-20 11:38:51.835594 +0100][Error  ][PostMaster        ] [xrootd.ba.infn.it:1094 #0] elapsed = 45, pConnectionWindow = 31 seconds.
Begin processing the 7001st record. Run 1, Event 248714, LumiSection 2488 on stream 0 at 20-Dec-2022 11:39:06.436 CET
[2022-12-20 11:39:36.103554 +0100][Error  ][AsyncSock         ] [xrootd.ba.infn.it:1094 #0.0] Socket error while handshaking: [ERROR] Socket timeout
[2022-12-20 11:39:36.103815 +0100][Error  ][PostMaster        ] [xrootd.ba.infn.it:1094 #0] elapsed = 45, pConnectionWindow = 31 seconds.
[2022-12-20 11:39:36.103828 +0100][Error  ][PostMaster        ] [xrootd.ba.infn.it:1094 #0] Unable to recover: [ERROR] Socket timeout.
[2022-12-20 11:39:36.103837 +0100][Error  ][XRootD            ] [xrootd.ba.infn.it:1094] Impossible to send message kXR_open (file: /store/user/alesauva/flashgg/UL2017_4/10_6_4/ZHiggs0L1ToGG_M125_TuneCP5_13TeV-JHUGenV7011-pythia8/UL2017_4-10_6_4-v0-RunIISummer19UL17MiniAOD-106X_mc2017_realistic_v6-v2/200911_121149/0000/myMicroAODOutputFile_29.root?tried=stor97.datagrid.cea.fr, mode: 0660, flags: kXR_open_read kXR_async kXR_retstat ). Trying to recover.
Begin processing the 8001st record. Run 1, Event 457503, LumiSection 4576 on stream 0 at 20-Dec-2022 11:41:21.711 CET
Begin processing the 9001st record. Run 1, Event 464115, LumiSection 4642 on stream 0 at 20-Dec-2022 11:43:31.452 CET
Begin processing the 10001st record. Run 1, Event 465106, LumiSection 4652 on stream 0 at 20-Dec-2022 11:45:55.531 CET
[2022-12-20 11:47:27.661876 +0100][Error  ][AsyncSock         ] [xrootd.ba.infn.it:1094 #0.0] Socket error while handshaking: [ERROR] Socket timeout
[2022-12-20 11:47:27.662019 +0100][Error  ][PostMaster        ] [xrootd.ba.infn.it:1094 #0] elapsed = 45, pConnectionWindow = 31 seconds.
Begin processing the 11001st record. Run 1, Event 466102, LumiSection 4662 on stream 0 at 20-Dec-2022 11:48:08.447 CET
[2022-12-20 11:48:12.044089 +0100][Error  ][AsyncSock         ] [xrootd.ba.infn.it:1094 #0.0] Socket error while handshaking: [ERROR] Socket timeout
[2022-12-20 11:48:12.044253 +0100][Error  ][PostMaster        ] [xrootd.ba.infn.it:1094 #0] elapsed = 45, pConnectionWindow = 31 seconds.
[2022-12-20 11:48:12.044275 +0100][Error  ][PostMaster        ] [xrootd.ba.infn.it:1094 #0] Unable to recover: [ERROR] Socket timeout.
[2022-12-20 11:48:12.044285 +0100][Error  ][XRootD            ] [xrootd.ba.infn.it:1094] Impossible to send message kXR_open (file: /store/user/alesauva/flashgg/UL2017_4/10_6_4/ZHiggs0L1ToGG_M125_TuneCP5_13TeV-JHUGenV7011-pythia8/UL2017_4-10_6_4-v0-RunIISummer19UL17MiniAOD-106X_mc2017_realistic_v6-v2/200911_121149/0000/myMicroAODOutputFile_29.root?tried=stor97.datagrid.cea.fr, mode: 0660, flags: kXR_open_read kXR_async kXR_retstat ). Trying to recover.
Begin processing the 12001st record. Run 1, Event 467103, LumiSection 4672 on stream 0 at 20-Dec-2022 11:50:34.510 CET
Begin processing the 13001st record. Run 1, Event 468106, LumiSection 4682 on stream 0 at 20-Dec-2022 11:52:59.996 CET
Begin processing the 14001st record. Run 1, Event 469107, LumiSection 4692 on stream 0 at 20-Dec-2022 11:55:14.019 CET
[2022-12-20 11:56:14.654899 +0100][Error  ][AsyncSock         ] [xrootd.ba.infn.it:1094 #0.0] Socket error while handshaking: [ERROR] Socket timeout
[2022-12-20 11:56:14.655031 +0100][Error  ][PostMaster        ] [xrootd.ba.infn.it:1094 #0] elapsed = 45, pConnectionWindow = 31 seconds.
[2022-12-20 11:56:59.887767 +0100][Error  ][AsyncSock         ] [xrootd.ba.infn.it:1094 #0.0] Socket error while handshaking: [ERROR] Socket timeout
[2022-12-20 11:56:59.887883 +0100][Error  ][PostMaster        ] [xrootd.ba.infn.it:1094 #0] elapsed = 45, pConnectionWindow = 31 seconds.
[2022-12-20 11:56:59.887894 +0100][Error  ][PostMaster        ] [xrootd.ba.infn.it:1094 #0] Unable to recover: [ERROR] Socket timeout.
[2022-12-20 11:56:59.887902 +0100][Error  ][XRootD            ] [xrootd.ba.infn.it:1094] Impossible to send message kXR_open (file: /store/user/alesauva/flashgg/UL2017_4/10_6_4/ZHiggs0L1ToGG_M125_TuneCP5_13TeV-JHUGenV7011-pythia8/UL2017_4-10_6_4-v0-RunIISummer19UL17MiniAOD-106X_mc2017_realistic_v6-v2/200911_121149/0000/myMicroAODOutputFile_29.root?tried=stor97.datagrid.cea.fr, mode: 0660, flags: kXR_open_read kXR_async kXR_retstat ). Trying to recover.
Begin processing the 15001st record. Run 1, Event 497003, LumiSection 4971 on stream 0 at 20-Dec-2022 11:57:35.477 CET
Begin processing the 16001st record. Run 1, Event 607609, LumiSection 6077 on stream 0 at 20-Dec-2022 11:59:56.247 CET
Begin processing the 17001st record. Run 1, Event 668709, LumiSection 6688 on stream 0 at 20-Dec-2022 12:02:14.007 CET
Begin processing the 18001st record. Run 1, Event 669718, LumiSection 6698 on stream 0 at 20-Dec-2022 12:04:30.857 CET
[2022-12-20 12:04:56.509035 +0100][Error  ][AsyncSock         ] [xrootd.ba.infn.it:1094 #0.0] Socket error while handshaking: [ERROR] Socket timeout
[2022-12-20 12:04:56.509224 +0100][Error  ][PostMaster        ] [xrootd.ba.infn.it:1094 #0] elapsed = 45, pConnectionWindow = 31 seconds.
[2022-12-20 12:05:41.736909 +0100][Error  ][AsyncSock         ] [xrootd.ba.infn.it:1094 #0.0] Socket error while handshaking: [ERROR] Socket timeout
[2022-12-20 12:05:41.737094 +0100][Error  ][PostMaster        ] [xrootd.ba.infn.it:1094 #0] elapsed = 45, pConnectionWindow = 31 seconds.
[2022-12-20 12:05:41.737126 +0100][Error  ][PostMaster        ] [xrootd.ba.infn.it:1094 #0] Unable to recover: [ERROR] Socket timeout.
[2022-12-20 12:05:41.737138 +0100][Error  ][XRootD            ] [xrootd.ba.infn.it:1094] Impossible to send message kXR_open (file: /store/user/alesauva/flashgg/UL2017_4/10_6_4/ZHiggs0L1ToGG_M125_TuneCP5_13TeV-JHUGenV7011-pythia8/UL2017_4-10_6_4-v0-RunIISummer19UL17MiniAOD-106X_mc2017_realistic_v6-v2/200911_121149/0000/myMicroAODOutputFile_29.root?tried=stor97.datagrid.cea.fr, mode: 0660, flags: kXR_open_read kXR_async kXR_retstat ). Trying to recover.
Begin processing the 19001st record. Run 1, Event 670708, LumiSection 6708 on stream 0 at 20-Dec-2022 12:07:02.224 CET
Begin processing the 20001st record. Run 1, Event 671713, LumiSection 6718 on stream 0 at 20-Dec-2022 12:09:24.545 CET
[2022-12-20 12:09:30.329890 +0100][Error  ][AsyncSock         ] [xrootd.ba.infn.it:1094 #0.0] Socket error while handshaking: [ERROR] Socket timeout
[2022-12-20 12:09:30.330025 +0100][Error  ][PostMaster        ] [xrootd.ba.infn.it:1094 #0] elapsed = 45, pConnectionWindow = 31 seconds.
[2022-12-20 12:10:15.546897 +0100][Error  ][AsyncSock         ] [xrootd.ba.infn.it:1094 #0.0] Socket error while handshaking: [ERROR] Socket timeout
[2022-12-20 12:10:15.547039 +0100][Error  ][PostMaster        ] [xrootd.ba.infn.it:1094 #0] elapsed = 45, pConnectionWindow = 31 seconds.
[2022-12-20 12:10:15.547054 +0100][Error  ][PostMaster        ] [xrootd.ba.infn.it:1094 #0] Unable to recover: [ERROR] Socket timeout.
[2022-12-20 12:10:15.547065 +0100][Error  ][XRootD            ] [xrootd.ba.infn.it:1094] Impossible to send message kXR_open (file: /store/user/alesauva/flashgg/UL2017_4/10_6_4/ZHiggs0L1ToGG_M125_TuneCP5_13TeV-JHUGenV7011-pythia8/UL2017_4-10_6_4-v0-RunIISummer19UL17MiniAOD-106X_mc2017_realistic_v6-v2/200911_121149/0000/myMicroAODOutputFile_29.root?tried=stor97.datagrid.cea.fr, mode: 0660, flags: kXR_open_read kXR_async kXR_retstat ). Trying to recover.
Begin processing the 21001st record. Run 1, Event 672706, LumiSection 6728 on stream 0 at 20-Dec-2022 12:11:47.286 CET
Begin processing the 22001st record. Run 1, Event 673716, LumiSection 6738 on stream 0 at 20-Dec-2022 12:14:00.694 CET
Begin processing the 23001st record. Run 1, Event 674711, LumiSection 6748 on stream 0 at 20-Dec-2022 12:16:31.470 CET
[2022-12-20 12:18:28.059023 +0100][Error  ][AsyncSock         ] [xrootd.ba.infn.it:1094 #0.0] Socket error while handshaking: [ERROR] Socket timeout
[2022-12-20 12:18:28.059136 +0100][Error  ][PostMaster        ] [xrootd.ba.infn.it:1094 #0] elapsed = 45, pConnectionWindow = 31 seconds.
Begin processing the 24001st record. Run 1, Event 675701, LumiSection 6758 on stream 0 at 20-Dec-2022 12:18:51.582 CET
[2022-12-20 12:19:13.290925 +0100][Error  ][AsyncSock         ] [xrootd.ba.infn.it:1094 #0.0] Socket error while handshaking: [ERROR] Socket timeout
[2022-12-20 12:19:13.291098 +0100][Error  ][PostMaster        ] [xrootd.ba.infn.it:1094 #0] elapsed = 45, pConnectionWindow = 31 seconds.
[2022-12-20 12:19:13.291116 +0100][Error  ][PostMaster        ] [xrootd.ba.infn.it:1094 #0] Unable to recover: [ERROR] Socket timeout.
[2022-12-20 12:19:13.291126 +0100][Error  ][XRootD            ] [xrootd.ba.infn.it:1094] Impossible to send message kXR_open (file: /store/user/alesauva/flashgg/UL2017_4/10_6_4/ZHiggs0L1ToGG_M125_TuneCP5_13TeV-JHUGenV7011-pythia8/UL2017_4-10_6_4-v0-RunIISummer19UL17MiniAOD-106X_mc2017_realistic_v6-v2/200911_121149/0000/myMicroAODOutputFile_29.root?tried=stor97.datagrid.cea.fr, mode: 0660, flags: kXR_open_read kXR_async kXR_retstat ). Trying to recover.
20-Dec-2022 12:21:17 CET  Closed file root://cms-xrd-global.cern.ch//store/user/alesauva/flashgg/UL2017_4/10_6_4/ZHiggs0L1ToGG_M125_TuneCP5_13TeV-JHUGenV7011-pythia8/UL2017_4-10_6_4-v0-RunIISummer19UL17MiniAOD-106X_mc2017_realistic_v6-v2/200911_121149/0000/myMicroAODOutputFile_29.root

TrigReport ---------- Event  Summary ------------
TrigReport Events total = 25000 passed = 24677 failed = 323

TrigReport ---------- Path   Summary ------------
TrigReport  Trig Bit#   Executed     Passed     Failed      Error Name
TrigReport     1    0      25000      24677        323          0 p

TrigReport -------End-Path   Summary ------------
TrigReport  Trig Bit#   Executed     Passed     Failed      Error Name

TrigReport ---------- Modules in Path: p ------------
TrigReport  Trig Bit#    Visited     Passed     Failed      Error Name
TrigReport     1    0      25000      24677        323          0 flashggMetFilters
TrigReport     1    1      24677      24677          0          0 VHFilter
TrigReport     1    2      24677      24677          0          0 flashggDifferentialPhoIdInputsCorrection
TrigReport     1    3      24677      24677          0          0 flashggDiPhotonSystematics
TrigReport     1    4      24677      24677          0          0 flashggMetSystematics
TrigReport     1    5      24677      24677          0          0 flashggMuonSystematics
TrigReport     1    6      24677      24677          0          0 flashggElectronSystematics
TrigReport     1    7      24677      24677          0          0 flashggUnpackedJets
TrigReport     1    8      24677      24677          0          0 flashggJetSystematics0
TrigReport     1    9      24677      24677          0          0 flashggJetSystematics1
TrigReport     1   10      24677      24677          0          0 flashggJetSystematics2
TrigReport     1   11      24677      24677          0          0 flashggJetSystematics3
TrigReport     1   12      24677      24677          0          0 flashggJetSystematics4
TrigReport     1   13      24677      24677          0          0 flashggJetSystematics5
TrigReport     1   14      24677      24677          0          0 flashggJetSystematics6
TrigReport     1   15      24677      24677          0          0 flashggJetSystematics7
TrigReport     1   16      24677      24677          0          0 flashggJetSystematics8
TrigReport     1   17      24677      24677          0          0 flashggJetSystematics9
TrigReport     1   18      24677      24677          0          0 flashggJetSystematics10
TrigReport     1   19      24677      24677          0          0 flashggJetSystematics11
TrigReport     1   20      24677      24677          0          0 flashggPrefireDiPhotons
TrigReport     1   21      24677      24677          0          0 flashggPreselectedDiPhotons
TrigReport     1   22      24677      24677          0          0 flashggDiPhotonMVA
TrigReport     1   23      24677      24677          0          0 flashggVBFMVA
TrigReport     1   24      24677      24677          0          0 flashggVHhadMVA
TrigReport     1   25      24677      24677          0          0 flashggGluGluHMVA
TrigReport     1   26      24677      24677          0          0 flashggStageOneCombinedTag
TrigReport     1   27      24677      24677          0          0 flashggTHQLeptonicTag
TrigReport     1   28      24677      24677          0          0 flashggVHMetTag
TrigReport     1   29      24677      24677          0          0 flashggWHLeptonicTag
TrigReport     1   30      24677      24677          0          0 flashggZHLeptonicTag
TrigReport     1   31      24677      24677          0          0 flashggTTHLeptonicTag
TrigReport     1   32      24677      24677          0          0 flashggTTHHadronicTag
TrigReport     1   33      24677      24677          0          0 flashggTagSorter
TrigReport     1   34      24677      24677          0          0 flashggSystTagMerger
TrigReport     1   35      24677      24677          0          0 tagsDumper

TrigReport ---------- Module Summary ------------
TrigReport    Visited   Executed     Passed     Failed      Error Name
TrigReport      25000      25000      25000          0          0 TriggerResults
TrigReport      24677      24677      24677          0          0 VHFilter
TrigReport      24677      24677      24677          0          0 ak4PFCHSL1FastL2L3Corrector
TrigReport      24677      24677      24677          0          0 ak4PFCHSL1FastjetCorrector
TrigReport      24677      24677      24677          0          0 ak4PFCHSL2RelativeCorrector
TrigReport      24677      24677      24677          0          0 ak4PFCHSL3AbsoluteCorrector
TrigReport      24677      24677      24677          0          0 flashggDiPhotonMVA
TrigReport      24677      24677      24677          0          0 flashggDiPhotonSystematics
TrigReport      24677      24677      24677          0          0 flashggDifferentialPhoIdInputsCorrection
TrigReport      24677      24677      24677          0          0 flashggElectronSystematics
TrigReport      24677      24677      24677          0          0 flashggGluGluHMVA
TrigReport      24677      24677      24677          0          0 flashggJetSystematics0
TrigReport      24677      24677      24677          0          0 flashggJetSystematics1
TrigReport      24677      24677      24677          0          0 flashggJetSystematics10
TrigReport      24677      24677      24677          0          0 flashggJetSystematics11
TrigReport      24677      24677      24677          0          0 flashggJetSystematics2
TrigReport      24677      24677      24677          0          0 flashggJetSystematics3
TrigReport      24677      24677      24677          0          0 flashggJetSystematics4
TrigReport      24677      24677      24677          0          0 flashggJetSystematics5
TrigReport      24677      24677      24677          0          0 flashggJetSystematics6
TrigReport      24677      24677      24677          0          0 flashggJetSystematics7
TrigReport      24677      24677      24677          0          0 flashggJetSystematics8
TrigReport      24677      24677      24677          0          0 flashggJetSystematics9
TrigReport      25000      25000      24677        323          0 flashggMetFilters
TrigReport      24677      24677      24677          0          0 flashggMetSystematics
TrigReport      24677      24677      24677          0          0 flashggMuonSystematics
TrigReport      24677      24677      24677          0          0 flashggPrefireDiPhotons
TrigReport      24677      24677      24677          0          0 flashggPreselectedDiPhotons
TrigReport      24677      24677      24677          0          0 flashggStageOneCombinedTag
TrigReport      24677      24677      24677          0          0 flashggSystTagMerger
TrigReport      24677      24677      24677          0          0 flashggTHQLeptonicTag
TrigReport      24677      24677      24677          0          0 flashggTTHHadronicTag
TrigReport      24677      24677      24677          0          0 flashggTTHLeptonicTag
TrigReport      24677      24677      24677          0          0 flashggTagSorter
TrigReport      24677      24677      24677          0          0 flashggUnpackedJets
TrigReport      24677      24677      24677          0          0 flashggVBFMVA
TrigReport      24677      24677      24677          0          0 flashggVHMetTag
TrigReport      24677      24677      24677          0          0 flashggVHhadMVA
TrigReport      24677      24677      24677          0          0 flashggWHLeptonicTag
TrigReport      24677      24677      24677          0          0 flashggZHLeptonicTag
TrigReport      25000      25000      25000          0          0 p
TrigReport      24677      24677      24677          0          0 tagsDumper

TimeReport ---------- Event  Summary ---[sec]----
TimeReport       event loop CPU/event = 0.146180
TimeReport      event loop Real/event = 0.146675
TimeReport     sum Streams Real/event = 0.142591
TimeReport efficiency CPU/Real/thread = 0.996622

TimeReport ---------- Path   Summary ---[Real sec]----
TimeReport  per event     per exec  Name
TimeReport   0.142105     0.142105  p
TimeReport  per event     per exec  Name

TimeReport -------End-Path   Summary ---[Real sec]----
TimeReport  per event     per exec  Name
TimeReport  per event     per exec  Name

TimeReport ---------- Modules in Path: p ---[Real sec]----
TimeReport  per event    per visit  Name
TimeReport   0.000016     0.000016  flashggMetFilters
TimeReport   0.000006     0.000006  VHFilter
TimeReport   0.078904     0.079937  flashggDifferentialPhoIdInputsCorrection
TimeReport   0.046015     0.046618  flashggDiPhotonSystematics
TimeReport   0.000168     0.000170  flashggMetSystematics
TimeReport   0.000047     0.000048  flashggMuonSystematics
TimeReport   0.000037     0.000037  flashggElectronSystematics
TimeReport   0.000225     0.000228  flashggUnpackedJets
TimeReport   0.003699     0.003747  flashggJetSystematics0
TimeReport   0.000677     0.000686  flashggJetSystematics1
TimeReport   0.000615     0.000623  flashggJetSystematics2
TimeReport   0.000592     0.000600  flashggJetSystematics3
TimeReport   0.000583     0.000590  flashggJetSystematics4
TimeReport   0.000578     0.000586  flashggJetSystematics5
TimeReport   0.000575     0.000583  flashggJetSystematics6
TimeReport   0.000572     0.000579  flashggJetSystematics7
TimeReport   0.000573     0.000580  flashggJetSystematics8
TimeReport   0.000570     0.000578  flashggJetSystematics9
TimeReport   0.000569     0.000576  flashggJetSystematics10
TimeReport   0.000566     0.000574  flashggJetSystematics11
TimeReport   0.000308     0.000312  flashggPrefireDiPhotons
TimeReport   0.000130     0.000132  flashggPreselectedDiPhotons
TimeReport   0.000039     0.000039  flashggDiPhotonMVA
TimeReport   0.000034     0.000035  flashggVBFMVA
TimeReport   0.000020     0.000020  flashggVHhadMVA
TimeReport   0.000057     0.000058  flashggGluGluHMVA
TimeReport   0.000036     0.000036  flashggStageOneCombinedTag
TimeReport   0.000843     0.000854  flashggTHQLeptonicTag
TimeReport   0.000404     0.000409  flashggVHMetTag
TimeReport   0.000027     0.000027  flashggWHLeptonicTag
TimeReport   0.000022     0.000022  flashggZHLeptonicTag
TimeReport   0.000069     0.000070  flashggTTHLeptonicTag
TimeReport   0.001582     0.001603  flashggTTHHadronicTag
TimeReport   0.000088     0.000089  flashggTagSorter
TimeReport   0.000004     0.000004  flashggSystTagMerger
TimeReport   0.000374     0.000379  tagsDumper
TimeReport  per event    per visit  Name

TimeReport ---------- Module Summary ---[Real sec]----
TimeReport  per event     per exec    per visit  Name
TimeReport   0.000003     0.000003     0.000003  TriggerResults
TimeReport   0.000006     0.000006     0.000006  VHFilter
TimeReport   0.000003     0.000003     0.000003  ak4PFCHSL1FastL2L3Corrector
TimeReport   0.000003     0.000003     0.000003  ak4PFCHSL1FastjetCorrector
TimeReport   0.000001     0.000001     0.000001  ak4PFCHSL2RelativeCorrector
TimeReport   0.000013     0.000014     0.000014  ak4PFCHSL3AbsoluteCorrector
TimeReport   0.000039     0.000039     0.000039  flashggDiPhotonMVA
TimeReport   0.046015     0.046618     0.046618  flashggDiPhotonSystematics
TimeReport   0.078904     0.079937     0.079937  flashggDifferentialPhoIdInputsCorrection
TimeReport   0.000037     0.000037     0.000037  flashggElectronSystematics
TimeReport   0.000057     0.000058     0.000058  flashggGluGluHMVA
TimeReport   0.003699     0.003747     0.003747  flashggJetSystematics0
TimeReport   0.000677     0.000686     0.000686  flashggJetSystematics1
TimeReport   0.000569     0.000576     0.000576  flashggJetSystematics10
TimeReport   0.000566     0.000574     0.000574  flashggJetSystematics11
TimeReport   0.000615     0.000623     0.000623  flashggJetSystematics2
TimeReport   0.000592     0.000600     0.000600  flashggJetSystematics3
TimeReport   0.000583     0.000590     0.000590  flashggJetSystematics4
TimeReport   0.000578     0.000586     0.000586  flashggJetSystematics5
TimeReport   0.000575     0.000583     0.000583  flashggJetSystematics6
TimeReport   0.000572     0.000579     0.000579  flashggJetSystematics7
TimeReport   0.000573     0.000580     0.000580  flashggJetSystematics8
TimeReport   0.000570     0.000578     0.000578  flashggJetSystematics9
TimeReport   0.000016     0.000016     0.000016  flashggMetFilters
TimeReport   0.000168     0.000170     0.000170  flashggMetSystematics
TimeReport   0.000047     0.000048     0.000048  flashggMuonSystematics
TimeReport   0.000308     0.000312     0.000312  flashggPrefireDiPhotons
TimeReport   0.000130     0.000132     0.000132  flashggPreselectedDiPhotons
TimeReport   0.000036     0.000036     0.000036  flashggStageOneCombinedTag
TimeReport   0.000004     0.000004     0.000004  flashggSystTagMerger
TimeReport   0.000843     0.000854     0.000854  flashggTHQLeptonicTag
TimeReport   0.001582     0.001603     0.001603  flashggTTHHadronicTag
TimeReport   0.000069     0.000070     0.000070  flashggTTHLeptonicTag
TimeReport   0.000088     0.000089     0.000089  flashggTagSorter
TimeReport   0.000225     0.000228     0.000228  flashggUnpackedJets
TimeReport   0.000034     0.000035     0.000035  flashggVBFMVA
TimeReport   0.000404     0.000409     0.000409  flashggVHMetTag
TimeReport   0.000020     0.000020     0.000020  flashggVHhadMVA
TimeReport   0.000027     0.000027     0.000027  flashggWHLeptonicTag
TimeReport   0.000022     0.000022     0.000022  flashggZHLeptonicTag
TimeReport   0.000003     0.000003     0.000003  p
TimeReport   0.000374     0.000379     0.000379  tagsDumper
TimeReport  per event     per exec    per visit  Name

T---Report end!


=============================================

MessageLogger Summary

 type     category        sev    module        subroutine        count    total
 ---- -------------------- -- ---------------- ----------------  -----    -----
    1 XrdAdaptor           -w file_open                              1        1
    2 fileAction           -s file_close                             1        1
    3 fileAction           -s file_open                              2        2

 type    category    Examples: run/evt        run/evt          run/evt
 ---- -------------------- ---------------- ---------------- ----------------
    1 XrdAdaptor           pre-events                        
    2 fileAction           PostGlobalEndRun                  
    3 fileAction           pre-events       pre-events       

Severity    # Occurrences   Total Occurrences
--------    -------------   -----------------
Warning                 1                   1
System                  3                   3

dropped waiting message count 0
