mkdir: cannot create directory '/afs/cern.ch/user/x/xisu/private/local/Analysis_workspace/VH_AC_tmp1/flashgg_d2/CMSSW_10_6_29/src/flashgg/VHAC_Analysis_Met/UL_17/UL_17_zh125': File exists
/cvmfs/cms.cern.ch/slc7_amd64_gcc700/external/py2-requests/2.21.0-pafccj2/lib/python2.7/site-packages/requests/__init__.py:91: RequestsDependencyWarning: urllib3 (1.25.2) or chardet (3.0.4) doesn't match a supported version!
  RequestsDependencyWarning)
20-Dec-2022 11:10:51 CET  Initiating request to open file root://cms-xrd-global.cern.ch//store/user/alesauva/flashgg/UL2017_4/10_6_4/ZHiggs0MToGG_M125_TuneCP5_13TeV-JHUGenV7011-pythia8/UL2017_4-10_6_4-v0-RunIISummer19UL17MiniAOD-106X_mc2017_realistic_v6-v2/200720_162208/0000/myMicroAODOutputFile_30.root
%MSG-w XrdAdaptor:  file_open 20-Dec-2022 11:10:53 CET pre-events
Data is served from GRIF-IRFU instead of original site CERN-CMSGLOBAL-01
%MSG
20-Dec-2022 11:10:55 CET  Successfully opened file root://cms-xrd-global.cern.ch//store/user/alesauva/flashgg/UL2017_4/10_6_4/ZHiggs0MToGG_M125_TuneCP5_13TeV-JHUGenV7011-pythia8/UL2017_4-10_6_4-v0-RunIISummer19UL17MiniAOD-106X_mc2017_realistic_v6-v2/200720_162208/0000/myMicroAODOutputFile_30.root
2022-12-20 11:23:42.847475: I tensorflow/core/platform/cpu_feature_guard.cc:140] Your CPU supports instructions that this TensorFlow binary was not compiled to use: SSE4.1 SSE4.2 AVX AVX2 FMA
Begin processing the 1st record. Run 1, Event 472104, LumiSection 4722 on stream 0 at 20-Dec-2022 11:24:31.533 CET
[2022-12-20 11:25:15.747664 +0100][Error  ][AsyncSock         ] [xrootd.ba.infn.it:1094 #0.0] Socket error while handshaking: [ERROR] Socket timeout
[2022-12-20 11:25:15.747876 +0100][Error  ][PostMaster        ] [xrootd.ba.infn.it:1094 #0] elapsed = 45, pConnectionWindow = 31 seconds.
[2022-12-20 11:26:00.997087 +0100][Error  ][AsyncSock         ] [xrootd.ba.infn.it:1094 #0.0] Socket error while handshaking: [ERROR] Socket timeout
[2022-12-20 11:26:00.997200 +0100][Error  ][PostMaster        ] [xrootd.ba.infn.it:1094 #0] elapsed = 45, pConnectionWindow = 31 seconds.
[2022-12-20 11:26:00.997225 +0100][Error  ][PostMaster        ] [xrootd.ba.infn.it:1094 #0] Unable to recover: [ERROR] Socket timeout.
[2022-12-20 11:26:00.997243 +0100][Error  ][XRootD            ] [xrootd.ba.infn.it:1094] Impossible to send message kXR_open (file: /store/user/alesauva/flashgg/UL2017_4/10_6_4/ZHiggs0MToGG_M125_TuneCP5_13TeV-JHUGenV7011-pythia8/UL2017_4-10_6_4-v0-RunIISummer19UL17MiniAOD-106X_mc2017_realistic_v6-v2/200720_162208/0000/myMicroAODOutputFile_30.root?tried=stor76.datagrid.cea.fr, mode: 0660, flags: kXR_open_read kXR_async kXR_retstat ). Trying to recover.
Begin processing the 1001st record. Run 1, Event 461710, LumiSection 4618 on stream 0 at 20-Dec-2022 11:28:36.970 CET
Begin processing the 2001st record. Run 1, Event 462702, LumiSection 4628 on stream 0 at 20-Dec-2022 11:30:46.381 CET
Begin processing the 3001st record. Run 1, Event 705108, LumiSection 7052 on stream 0 at 20-Dec-2022 11:32:52.172 CET
[2022-12-20 11:33:36.419099 +0100][Error  ][AsyncSock         ] [xrootd.ba.infn.it:1094 #0.0] Socket error while handshaking: [ERROR] Socket timeout
[2022-12-20 11:33:36.419212 +0100][Error  ][PostMaster        ] [xrootd.ba.infn.it:1094 #0] elapsed = 45, pConnectionWindow = 31 seconds.
[2022-12-20 11:34:21.623624 +0100][Error  ][AsyncSock         ] [xrootd.ba.infn.it:1094 #0.0] Socket error while handshaking: [ERROR] Socket timeout
[2022-12-20 11:34:21.623785 +0100][Error  ][PostMaster        ] [xrootd.ba.infn.it:1094 #0] elapsed = 45, pConnectionWindow = 31 seconds.
[2022-12-20 11:34:21.623798 +0100][Error  ][PostMaster        ] [xrootd.ba.infn.it:1094 #0] Unable to recover: [ERROR] Socket timeout.
[2022-12-20 11:34:21.623807 +0100][Error  ][XRootD            ] [xrootd.ba.infn.it:1094] Impossible to send message kXR_open (file: /store/user/alesauva/flashgg/UL2017_4/10_6_4/ZHiggs0MToGG_M125_TuneCP5_13TeV-JHUGenV7011-pythia8/UL2017_4-10_6_4-v0-RunIISummer19UL17MiniAOD-106X_mc2017_realistic_v6-v2/200720_162208/0000/myMicroAODOutputFile_30.root?tried=stor76.datagrid.cea.fr, mode: 0660, flags: kXR_open_read kXR_async kXR_retstat ). Trying to recover.
Begin processing the 4001st record. Run 1, Event 706107, LumiSection 7062 on stream 0 at 20-Dec-2022 11:34:55.163 CET
Begin processing the 5001st record. Run 1, Event 472517, LumiSection 4726 on stream 0 at 20-Dec-2022 11:36:54.169 CET
Begin processing the 6001st record. Run 1, Event 476208, LumiSection 4763 on stream 0 at 20-Dec-2022 11:38:53.889 CET
[2022-12-20 11:39:35.239105 +0100][Error  ][AsyncSock         ] [xrootd.ba.infn.it:1094 #0.0] Socket error while handshaking: [ERROR] Socket timeout
[2022-12-20 11:39:35.239275 +0100][Error  ][PostMaster        ] [xrootd.ba.infn.it:1094 #0] elapsed = 45, pConnectionWindow = 31 seconds.
[2022-12-20 11:40:20.470063 +0100][Error  ][AsyncSock         ] [xrootd.ba.infn.it:1094 #0.0] Socket error while handshaking: [ERROR] Socket timeout
[2022-12-20 11:40:20.470198 +0100][Error  ][PostMaster        ] [xrootd.ba.infn.it:1094 #0] elapsed = 45, pConnectionWindow = 31 seconds.
[2022-12-20 11:40:20.470211 +0100][Error  ][PostMaster        ] [xrootd.ba.infn.it:1094 #0] Unable to recover: [ERROR] Socket timeout.
[2022-12-20 11:40:20.470219 +0100][Error  ][XRootD            ] [xrootd.ba.infn.it:1094] Impossible to send message kXR_open (file: /store/user/alesauva/flashgg/UL2017_4/10_6_4/ZHiggs0MToGG_M125_TuneCP5_13TeV-JHUGenV7011-pythia8/UL2017_4-10_6_4-v0-RunIISummer19UL17MiniAOD-106X_mc2017_realistic_v6-v2/200720_162208/0000/myMicroAODOutputFile_30.root?tried=stor76.datagrid.cea.fr, mode: 0660, flags: kXR_open_read kXR_async kXR_retstat ). Trying to recover.
Begin processing the 7001st record. Run 1, Event 477206, LumiSection 4773 on stream 0 at 20-Dec-2022 11:40:58.716 CET
Begin processing the 8001st record. Run 1, Event 593401, LumiSection 5935 on stream 0 at 20-Dec-2022 11:42:57.285 CET
Begin processing the 9001st record. Run 1, Event 594402, LumiSection 5945 on stream 0 at 20-Dec-2022 11:45:00.778 CET
[2022-12-20 11:45:40.873171 +0100][Error  ][AsyncSock         ] [xrootd.ba.infn.it:1094 #0.0] Socket error while handshaking: [ERROR] Socket timeout
[2022-12-20 11:45:40.873306 +0100][Error  ][PostMaster        ] [xrootd.ba.infn.it:1094 #0] elapsed = 45, pConnectionWindow = 31 seconds.
[2022-12-20 11:46:25.077102 +0100][Error  ][AsyncSock         ] [xrootd.ba.infn.it:1094 #0.0] Socket error while handshaking: [ERROR] Socket timeout
[2022-12-20 11:46:25.077274 +0100][Error  ][PostMaster        ] [xrootd.ba.infn.it:1094 #0] elapsed = 45, pConnectionWindow = 31 seconds.
[2022-12-20 11:46:25.077286 +0100][Error  ][PostMaster        ] [xrootd.ba.infn.it:1094 #0] Unable to recover: [ERROR] Socket timeout.
[2022-12-20 11:46:25.077299 +0100][Error  ][XRootD            ] [xrootd.ba.infn.it:1094] Impossible to send message kXR_open (file: /store/user/alesauva/flashgg/UL2017_4/10_6_4/ZHiggs0MToGG_M125_TuneCP5_13TeV-JHUGenV7011-pythia8/UL2017_4-10_6_4-v0-RunIISummer19UL17MiniAOD-106X_mc2017_realistic_v6-v2/200720_162208/0000/myMicroAODOutputFile_30.root?tried=stor76.datagrid.cea.fr, mode: 0660, flags: kXR_open_read kXR_async kXR_retstat ). Trying to recover.
Begin processing the 10001st record. Run 1, Event 650703, LumiSection 6508 on stream 0 at 20-Dec-2022 11:47:14.725 CET
Begin processing the 11001st record. Run 1, Event 651703, LumiSection 6518 on stream 0 at 20-Dec-2022 11:49:21.287 CET
Begin processing the 12001st record. Run 1, Event 629603, LumiSection 6297 on stream 0 at 20-Dec-2022 11:51:22.078 CET
Begin processing the 13001st record. Run 1, Event 630606, LumiSection 6307 on stream 0 at 20-Dec-2022 11:53:25.460 CET
[2022-12-20 11:54:04.641122 +0100][Error  ][AsyncSock         ] [xrootd.ba.infn.it:1094 #0.0] Socket error while handshaking: [ERROR] Socket timeout
[2022-12-20 11:54:04.641255 +0100][Error  ][PostMaster        ] [xrootd.ba.infn.it:1094 #0] elapsed = 45, pConnectionWindow = 31 seconds.
[2022-12-20 11:54:49.864071 +0100][Error  ][AsyncSock         ] [xrootd.ba.infn.it:1094 #0.0] Socket error while handshaking: [ERROR] Socket timeout
[2022-12-20 11:54:49.864225 +0100][Error  ][PostMaster        ] [xrootd.ba.infn.it:1094 #0] elapsed = 45, pConnectionWindow = 31 seconds.
[2022-12-20 11:54:49.864253 +0100][Error  ][PostMaster        ] [xrootd.ba.infn.it:1094 #0] Unable to recover: [ERROR] Socket timeout.
[2022-12-20 11:54:49.864273 +0100][Error  ][XRootD            ] [xrootd.ba.infn.it:1094] Impossible to send message kXR_open (file: /store/user/alesauva/flashgg/UL2017_4/10_6_4/ZHiggs0MToGG_M125_TuneCP5_13TeV-JHUGenV7011-pythia8/UL2017_4-10_6_4-v0-RunIISummer19UL17MiniAOD-106X_mc2017_realistic_v6-v2/200720_162208/0000/myMicroAODOutputFile_30.root?tried=stor76.datagrid.cea.fr, mode: 0660, flags: kXR_open_read kXR_async kXR_retstat ). Trying to recover.
Begin processing the 14001st record. Run 1, Event 631601, LumiSection 6317 on stream 0 at 20-Dec-2022 11:55:35.708 CET
Begin processing the 15001st record. Run 1, Event 632604, LumiSection 6327 on stream 0 at 20-Dec-2022 11:57:39.837 CET
Begin processing the 16001st record. Run 1, Event 633608, LumiSection 6337 on stream 0 at 20-Dec-2022 11:59:57.560 CET
Begin processing the 17001st record. Run 1, Event 634603, LumiSection 6347 on stream 0 at 20-Dec-2022 12:02:03.917 CET
[2022-12-20 12:02:41.053949 +0100][Error  ][AsyncSock         ] [xrootd.ba.infn.it:1094 #0.0] Socket error while handshaking: [ERROR] Socket timeout
[2022-12-20 12:02:41.054162 +0100][Error  ][PostMaster        ] [xrootd.ba.infn.it:1094 #0] elapsed = 45, pConnectionWindow = 31 seconds.
[2022-12-20 12:03:26.284070 +0100][Error  ][AsyncSock         ] [xrootd.ba.infn.it:1094 #0.0] Socket error while handshaking: [ERROR] Socket timeout
[2022-12-20 12:03:26.284219 +0100][Error  ][PostMaster        ] [xrootd.ba.infn.it:1094 #0] elapsed = 45, pConnectionWindow = 31 seconds.
[2022-12-20 12:03:26.284228 +0100][Error  ][PostMaster        ] [xrootd.ba.infn.it:1094 #0] Unable to recover: [ERROR] Socket timeout.
[2022-12-20 12:03:26.284237 +0100][Error  ][XRootD            ] [xrootd.ba.infn.it:1094] Impossible to send message kXR_open (file: /store/user/alesauva/flashgg/UL2017_4/10_6_4/ZHiggs0MToGG_M125_TuneCP5_13TeV-JHUGenV7011-pythia8/UL2017_4-10_6_4-v0-RunIISummer19UL17MiniAOD-106X_mc2017_realistic_v6-v2/200720_162208/0000/myMicroAODOutputFile_30.root?tried=stor76.datagrid.cea.fr, mode: 0660, flags: kXR_open_read kXR_async kXR_retstat ). Trying to recover.
Begin processing the 18001st record. Run 1, Event 646005, LumiSection 6461 on stream 0 at 20-Dec-2022 12:04:08.110 CET
Begin processing the 19001st record. Run 1, Event 647001, LumiSection 6471 on stream 0 at 20-Dec-2022 12:06:11.507 CET
Begin processing the 20001st record. Run 1, Event 612608, LumiSection 6127 on stream 0 at 20-Dec-2022 12:08:10.850 CET
Begin processing the 21001st record. Run 1, Event 613609, LumiSection 6137 on stream 0 at 20-Dec-2022 12:10:12.837 CET
[2022-12-20 12:10:49.339079 +0100][Error  ][AsyncSock         ] [xrootd.ba.infn.it:1094 #0.0] Socket error while handshaking: [ERROR] Socket timeout
[2022-12-20 12:10:49.339243 +0100][Error  ][PostMaster        ] [xrootd.ba.infn.it:1094 #0] elapsed = 45, pConnectionWindow = 31 seconds.
[2022-12-20 12:11:34.583044 +0100][Error  ][AsyncSock         ] [xrootd.ba.infn.it:1094 #0.0] Socket error while handshaking: [ERROR] Socket timeout
[2022-12-20 12:11:34.583178 +0100][Error  ][PostMaster        ] [xrootd.ba.infn.it:1094 #0] elapsed = 45, pConnectionWindow = 31 seconds.
[2022-12-20 12:11:34.583185 +0100][Error  ][PostMaster        ] [xrootd.ba.infn.it:1094 #0] Unable to recover: [ERROR] Socket timeout.
[2022-12-20 12:11:34.583196 +0100][Error  ][XRootD            ] [xrootd.ba.infn.it:1094] Impossible to send message kXR_open (file: /store/user/alesauva/flashgg/UL2017_4/10_6_4/ZHiggs0MToGG_M125_TuneCP5_13TeV-JHUGenV7011-pythia8/UL2017_4-10_6_4-v0-RunIISummer19UL17MiniAOD-106X_mc2017_realistic_v6-v2/200720_162208/0000/myMicroAODOutputFile_30.root?tried=stor76.datagrid.cea.fr, mode: 0660, flags: kXR_open_read kXR_async kXR_retstat ). Trying to recover.
Begin processing the 22001st record. Run 1, Event 683304, LumiSection 6834 on stream 0 at 20-Dec-2022 12:12:17.890 CET
Begin processing the 23001st record. Run 1, Event 684307, LumiSection 6844 on stream 0 at 20-Dec-2022 12:14:15.218 CET
Begin processing the 24001st record. Run 1, Event 685304, LumiSection 6854 on stream 0 at 20-Dec-2022 12:16:07.850 CET
[2022-12-20 12:16:44.818416 +0100][Error  ][AsyncSock         ] [xrootd.ba.infn.it:1094 #0.0] Socket error while handshaking: [ERROR] Socket timeout
[2022-12-20 12:16:44.818529 +0100][Error  ][PostMaster        ] [xrootd.ba.infn.it:1094 #0] elapsed = 45, pConnectionWindow = 31 seconds.
[2022-12-20 12:17:29.058193 +0100][Error  ][AsyncSock         ] [xrootd.ba.infn.it:1094 #0.0] Socket error while handshaking: [ERROR] Socket timeout
[2022-12-20 12:17:29.058352 +0100][Error  ][PostMaster        ] [xrootd.ba.infn.it:1094 #0] elapsed = 45, pConnectionWindow = 31 seconds.
[2022-12-20 12:17:29.058363 +0100][Error  ][PostMaster        ] [xrootd.ba.infn.it:1094 #0] Unable to recover: [ERROR] Socket timeout.
[2022-12-20 12:17:29.058371 +0100][Error  ][XRootD            ] [xrootd.ba.infn.it:1094] Impossible to send message kXR_open (file: /store/user/alesauva/flashgg/UL2017_4/10_6_4/ZHiggs0MToGG_M125_TuneCP5_13TeV-JHUGenV7011-pythia8/UL2017_4-10_6_4-v0-RunIISummer19UL17MiniAOD-106X_mc2017_realistic_v6-v2/200720_162208/0000/myMicroAODOutputFile_30.root?tried=stor76.datagrid.cea.fr, mode: 0660, flags: kXR_open_read kXR_async kXR_retstat ). Trying to recover.
20-Dec-2022 12:18:10 CET  Closed file root://cms-xrd-global.cern.ch//store/user/alesauva/flashgg/UL2017_4/10_6_4/ZHiggs0MToGG_M125_TuneCP5_13TeV-JHUGenV7011-pythia8/UL2017_4-10_6_4-v0-RunIISummer19UL17MiniAOD-106X_mc2017_realistic_v6-v2/200720_162208/0000/myMicroAODOutputFile_30.root

TrigReport ---------- Event  Summary ------------
TrigReport Events total = 25000 passed = 24819 failed = 181

TrigReport ---------- Path   Summary ------------
TrigReport  Trig Bit#   Executed     Passed     Failed      Error Name
TrigReport     1    0      25000      24819        181          0 p

TrigReport -------End-Path   Summary ------------
TrigReport  Trig Bit#   Executed     Passed     Failed      Error Name

TrigReport ---------- Modules in Path: p ------------
TrigReport  Trig Bit#    Visited     Passed     Failed      Error Name
TrigReport     1    0      25000      24819        181          0 flashggMetFilters
TrigReport     1    1      24819      24819          0          0 VHFilter
TrigReport     1    2      24819      24819          0          0 flashggDifferentialPhoIdInputsCorrection
TrigReport     1    3      24819      24819          0          0 flashggDiPhotonSystematics
TrigReport     1    4      24819      24819          0          0 flashggMetSystematics
TrigReport     1    5      24819      24819          0          0 flashggMuonSystematics
TrigReport     1    6      24819      24819          0          0 flashggElectronSystematics
TrigReport     1    7      24819      24819          0          0 flashggUnpackedJets
TrigReport     1    8      24819      24819          0          0 flashggJetSystematics0
TrigReport     1    9      24819      24819          0          0 flashggJetSystematics1
TrigReport     1   10      24819      24819          0          0 flashggJetSystematics2
TrigReport     1   11      24819      24819          0          0 flashggJetSystematics3
TrigReport     1   12      24819      24819          0          0 flashggJetSystematics4
TrigReport     1   13      24819      24819          0          0 flashggJetSystematics5
TrigReport     1   14      24819      24819          0          0 flashggJetSystematics6
TrigReport     1   15      24819      24819          0          0 flashggJetSystematics7
TrigReport     1   16      24819      24819          0          0 flashggJetSystematics8
TrigReport     1   17      24819      24819          0          0 flashggJetSystematics9
TrigReport     1   18      24819      24819          0          0 flashggJetSystematics10
TrigReport     1   19      24819      24819          0          0 flashggJetSystematics11
TrigReport     1   20      24819      24819          0          0 flashggPrefireDiPhotons
TrigReport     1   21      24819      24819          0          0 flashggPreselectedDiPhotons
TrigReport     1   22      24819      24819          0          0 flashggDiPhotonMVA
TrigReport     1   23      24819      24819          0          0 flashggVBFMVA
TrigReport     1   24      24819      24819          0          0 flashggVHhadMVA
TrigReport     1   25      24819      24819          0          0 flashggGluGluHMVA
TrigReport     1   26      24819      24819          0          0 flashggStageOneCombinedTag
TrigReport     1   27      24819      24819          0          0 flashggTHQLeptonicTag
TrigReport     1   28      24819      24819          0          0 flashggVHMetTag
TrigReport     1   29      24819      24819          0          0 flashggWHLeptonicTag
TrigReport     1   30      24819      24819          0          0 flashggZHLeptonicTag
TrigReport     1   31      24819      24819          0          0 flashggTTHLeptonicTag
TrigReport     1   32      24819      24819          0          0 flashggTTHHadronicTag
TrigReport     1   33      24819      24819          0          0 flashggTagSorter
TrigReport     1   34      24819      24819          0          0 flashggSystTagMerger
TrigReport     1   35      24819      24819          0          0 tagsDumper

TrigReport ---------- Module Summary ------------
TrigReport    Visited   Executed     Passed     Failed      Error Name
TrigReport      25000      25000      25000          0          0 TriggerResults
TrigReport      24819      24819      24819          0          0 VHFilter
TrigReport      24819      24819      24819          0          0 ak4PFCHSL1FastL2L3Corrector
TrigReport      24819      24819      24819          0          0 ak4PFCHSL1FastjetCorrector
TrigReport      24819      24819      24819          0          0 ak4PFCHSL2RelativeCorrector
TrigReport      24819      24819      24819          0          0 ak4PFCHSL3AbsoluteCorrector
TrigReport      24819      24819      24819          0          0 flashggDiPhotonMVA
TrigReport      24819      24819      24819          0          0 flashggDiPhotonSystematics
TrigReport      24819      24819      24819          0          0 flashggDifferentialPhoIdInputsCorrection
TrigReport      24819      24819      24819          0          0 flashggElectronSystematics
TrigReport      24819      24819      24819          0          0 flashggGluGluHMVA
TrigReport      24819      24819      24819          0          0 flashggJetSystematics0
TrigReport      24819      24819      24819          0          0 flashggJetSystematics1
TrigReport      24819      24819      24819          0          0 flashggJetSystematics10
TrigReport      24819      24819      24819          0          0 flashggJetSystematics11
TrigReport      24819      24819      24819          0          0 flashggJetSystematics2
TrigReport      24819      24819      24819          0          0 flashggJetSystematics3
TrigReport      24819      24819      24819          0          0 flashggJetSystematics4
TrigReport      24819      24819      24819          0          0 flashggJetSystematics5
TrigReport      24819      24819      24819          0          0 flashggJetSystematics6
TrigReport      24819      24819      24819          0          0 flashggJetSystematics7
TrigReport      24819      24819      24819          0          0 flashggJetSystematics8
TrigReport      24819      24819      24819          0          0 flashggJetSystematics9
TrigReport      25000      25000      24819        181          0 flashggMetFilters
TrigReport      24819      24819      24819          0          0 flashggMetSystematics
TrigReport      24819      24819      24819          0          0 flashggMuonSystematics
TrigReport      24819      24819      24819          0          0 flashggPrefireDiPhotons
TrigReport      24819      24819      24819          0          0 flashggPreselectedDiPhotons
TrigReport      24819      24819      24819          0          0 flashggStageOneCombinedTag
TrigReport      24819      24819      24819          0          0 flashggSystTagMerger
TrigReport      24819      24819      24819          0          0 flashggTHQLeptonicTag
TrigReport      24819      24819      24819          0          0 flashggTTHHadronicTag
TrigReport      24819      24819      24819          0          0 flashggTTHLeptonicTag
TrigReport      24819      24819      24819          0          0 flashggTagSorter
TrigReport      24819      24819      24819          0          0 flashggUnpackedJets
TrigReport      24819      24819      24819          0          0 flashggVBFMVA
TrigReport      24819      24819      24819          0          0 flashggVHMetTag
TrigReport      24819      24819      24819          0          0 flashggVHhadMVA
TrigReport      24819      24819      24819          0          0 flashggWHLeptonicTag
TrigReport      24819      24819      24819          0          0 flashggZHLeptonicTag
TrigReport      25000      25000      25000          0          0 p
TrigReport      24819      24819      24819          0          0 tagsDumper

TimeReport ---------- Event  Summary ---[sec]----
TimeReport       event loop CPU/event = 0.128349
TimeReport      event loop Real/event = 0.128827
TimeReport     sum Streams Real/event = 0.125143
TimeReport efficiency CPU/Real/thread = 0.996287

TimeReport ---------- Path   Summary ---[Real sec]----
TimeReport  per event     per exec  Name
TimeReport   0.124679     0.124679  p
TimeReport  per event     per exec  Name

TimeReport -------End-Path   Summary ---[Real sec]----
TimeReport  per event     per exec  Name
TimeReport  per event     per exec  Name

TimeReport ---------- Modules in Path: p ---[Real sec]----
TimeReport  per event    per visit  Name
TimeReport   0.000015     0.000015  flashggMetFilters
TimeReport   0.000005     0.000005  VHFilter
TimeReport   0.067730     0.068224  flashggDifferentialPhoIdInputsCorrection
TimeReport   0.041585     0.041889  flashggDiPhotonSystematics
TimeReport   0.000164     0.000166  flashggMetSystematics
TimeReport   0.000027     0.000027  flashggMuonSystematics
TimeReport   0.000035     0.000035  flashggElectronSystematics
TimeReport   0.000214     0.000216  flashggUnpackedJets
TimeReport   0.003735     0.003762  flashggJetSystematics0
TimeReport   0.000615     0.000619  flashggJetSystematics1
TimeReport   0.000551     0.000555  flashggJetSystematics2
TimeReport   0.000531     0.000535  flashggJetSystematics3
TimeReport   0.000524     0.000528  flashggJetSystematics4
TimeReport   0.000518     0.000522  flashggJetSystematics5
TimeReport   0.000514     0.000518  flashggJetSystematics6
TimeReport   0.000513     0.000516  flashggJetSystematics7
TimeReport   0.000511     0.000514  flashggJetSystematics8
TimeReport   0.000508     0.000511  flashggJetSystematics9
TimeReport   0.000508     0.000511  flashggJetSystematics10
TimeReport   0.000507     0.000510  flashggJetSystematics11
TimeReport   0.000271     0.000273  flashggPrefireDiPhotons
TimeReport   0.000112     0.000113  flashggPreselectedDiPhotons
TimeReport   0.000030     0.000031  flashggDiPhotonMVA
TimeReport   0.000028     0.000028  flashggVBFMVA
TimeReport   0.000016     0.000016  flashggVHhadMVA
TimeReport   0.000048     0.000048  flashggGluGluHMVA
TimeReport   0.000030     0.000030  flashggStageOneCombinedTag
TimeReport   0.000420     0.000423  flashggTHQLeptonicTag
TimeReport   0.000324     0.000326  flashggVHMetTag
TimeReport   0.000023     0.000024  flashggWHLeptonicTag
TimeReport   0.000018     0.000018  flashggZHLeptonicTag
TimeReport   0.000065     0.000065  flashggTTHLeptonicTag
TimeReport   0.001280     0.001289  flashggTTHHadronicTag
TimeReport   0.000082     0.000083  flashggTagSorter
TimeReport   0.000003     0.000003  flashggSystTagMerger
TimeReport   0.000289     0.000291  tagsDumper
TimeReport  per event    per visit  Name

TimeReport ---------- Module Summary ---[Real sec]----
TimeReport  per event     per exec    per visit  Name
TimeReport   0.000003     0.000003     0.000003  TriggerResults
TimeReport   0.000005     0.000005     0.000005  VHFilter
TimeReport   0.000003     0.000003     0.000003  ak4PFCHSL1FastL2L3Corrector
TimeReport   0.000003     0.000003     0.000003  ak4PFCHSL1FastjetCorrector
TimeReport   0.000001     0.000001     0.000001  ak4PFCHSL2RelativeCorrector
TimeReport   0.000012     0.000012     0.000012  ak4PFCHSL3AbsoluteCorrector
TimeReport   0.000030     0.000031     0.000031  flashggDiPhotonMVA
TimeReport   0.041585     0.041889     0.041889  flashggDiPhotonSystematics
TimeReport   0.067730     0.068224     0.068224  flashggDifferentialPhoIdInputsCorrection
TimeReport   0.000035     0.000035     0.000035  flashggElectronSystematics
TimeReport   0.000048     0.000048     0.000048  flashggGluGluHMVA
TimeReport   0.003735     0.003762     0.003762  flashggJetSystematics0
TimeReport   0.000615     0.000619     0.000619  flashggJetSystematics1
TimeReport   0.000508     0.000511     0.000511  flashggJetSystematics10
TimeReport   0.000507     0.000510     0.000510  flashggJetSystematics11
TimeReport   0.000551     0.000555     0.000555  flashggJetSystematics2
TimeReport   0.000531     0.000535     0.000535  flashggJetSystematics3
TimeReport   0.000524     0.000528     0.000528  flashggJetSystematics4
TimeReport   0.000518     0.000522     0.000522  flashggJetSystematics5
TimeReport   0.000514     0.000518     0.000518  flashggJetSystematics6
TimeReport   0.000513     0.000516     0.000516  flashggJetSystematics7
TimeReport   0.000511     0.000514     0.000514  flashggJetSystematics8
TimeReport   0.000508     0.000511     0.000511  flashggJetSystematics9
TimeReport   0.000015     0.000015     0.000015  flashggMetFilters
TimeReport   0.000164     0.000166     0.000166  flashggMetSystematics
TimeReport   0.000027     0.000027     0.000027  flashggMuonSystematics
TimeReport   0.000271     0.000273     0.000273  flashggPrefireDiPhotons
TimeReport   0.000112     0.000113     0.000113  flashggPreselectedDiPhotons
TimeReport   0.000030     0.000030     0.000030  flashggStageOneCombinedTag
TimeReport   0.000003     0.000003     0.000003  flashggSystTagMerger
TimeReport   0.000420     0.000423     0.000423  flashggTHQLeptonicTag
TimeReport   0.001280     0.001289     0.001289  flashggTTHHadronicTag
TimeReport   0.000065     0.000065     0.000065  flashggTTHLeptonicTag
TimeReport   0.000082     0.000083     0.000083  flashggTagSorter
TimeReport   0.000214     0.000216     0.000216  flashggUnpackedJets
TimeReport   0.000028     0.000028     0.000028  flashggVBFMVA
TimeReport   0.000324     0.000326     0.000326  flashggVHMetTag
TimeReport   0.000016     0.000016     0.000016  flashggVHhadMVA
TimeReport   0.000023     0.000024     0.000024  flashggWHLeptonicTag
TimeReport   0.000018     0.000018     0.000018  flashggZHLeptonicTag
TimeReport   0.000003     0.000003     0.000003  p
TimeReport   0.000289     0.000291     0.000291  tagsDumper
TimeReport  per event     per exec    per visit  Name

T---Report end!


=============================================

MessageLogger Summary

 type     category        sev    module        subroutine        count    total
 ---- -------------------- -- ---------------- ----------------  -----    -----
    1 XrdAdaptor           -w file_open                              1        1
    2 fileAction           -s file_close                             1        1
    3 fileAction           -s file_open                              2        2

 type    category    Examples: run/evt        run/evt          run/evt
 ---- -------------------- ---------------- ---------------- ----------------
    1 XrdAdaptor           pre-events                        
    2 fileAction           PostGlobalEndRun                  
    3 fileAction           pre-events       pre-events       

Severity    # Occurrences   Total Occurrences
--------    -------------   -----------------
Warning                 1                   1
System                  3                   3

dropped waiting message count 0
