mkdir: cannot create directory '/afs/cern.ch/user/x/xisu/private/local/Analysis_workspace/VH_AC_tmp1/flashgg_d2/CMSSW_10_6_29/src/flashgg/VHAC_Analysis_Met/UL_17/UL_17_zh125': File exists
/cvmfs/cms.cern.ch/slc7_amd64_gcc700/external/py2-requests/2.21.0-pafccj2/lib/python2.7/site-packages/requests/__init__.py:91: RequestsDependencyWarning: urllib3 (1.25.2) or chardet (3.0.4) doesn't match a supported version!
  RequestsDependencyWarning)
20-Dec-2022 11:01:06 CET  Initiating request to open file root://cms-xrd-global.cern.ch//store/user/alesauva/flashgg/UL2017_4/10_6_4/ZHiggs0L1ToGG_M125_TuneCP5_13TeV-JHUGenV7011-pythia8/UL2017_4-10_6_4-v0-RunIISummer19UL17MiniAOD-106X_mc2017_realistic_v6-v2/200911_121149/0000/myMicroAODOutputFile_30.root
%MSG-w XrdAdaptor:  file_open 20-Dec-2022 11:01:08 CET pre-events
Data is served from GRIF-IRFU instead of original site CERN-CMSGLOBAL-02
%MSG
20-Dec-2022 11:01:09 CET  Successfully opened file root://cms-xrd-global.cern.ch//store/user/alesauva/flashgg/UL2017_4/10_6_4/ZHiggs0L1ToGG_M125_TuneCP5_13TeV-JHUGenV7011-pythia8/UL2017_4-10_6_4-v0-RunIISummer19UL17MiniAOD-106X_mc2017_realistic_v6-v2/200911_121149/0000/myMicroAODOutputFile_30.root
2022-12-20 11:12:08.516774: I tensorflow/core/platform/cpu_feature_guard.cc:140] Your CPU supports instructions that this TensorFlow binary was not compiled to use: SSE4.1 SSE4.2 AVX AVX2 FMA
Begin processing the 1st record. Run 1, Event 177710, LumiSection 1778 on stream 0 at 20-Dec-2022 11:12:48.783 CET
[2022-12-20 11:13:33.023192 +0100][Error  ][AsyncSock         ] [xrootd.ba.infn.it:1094 #0.0] Socket error while handshaking: [ERROR] Socket timeout
[2022-12-20 11:13:33.023414 +0100][Error  ][PostMaster        ] [xrootd.ba.infn.it:1094 #0] elapsed = 46, pConnectionWindow = 31 seconds.
[2022-12-20 11:14:18.225475 +0100][Error  ][AsyncSock         ] [xrootd.ba.infn.it:1094 #0.0] Socket error while handshaking: [ERROR] Socket timeout
[2022-12-20 11:14:18.225616 +0100][Error  ][PostMaster        ] [xrootd.ba.infn.it:1094 #0] elapsed = 45, pConnectionWindow = 31 seconds.
[2022-12-20 11:14:18.225681 +0100][Error  ][PostMaster        ] [xrootd.ba.infn.it:1094 #0] Unable to recover: [ERROR] Socket timeout.
[2022-12-20 11:14:18.225697 +0100][Error  ][XRootD            ] [xrootd.ba.infn.it:1094] Impossible to send message kXR_open (file: /store/user/alesauva/flashgg/UL2017_4/10_6_4/ZHiggs0L1ToGG_M125_TuneCP5_13TeV-JHUGenV7011-pythia8/UL2017_4-10_6_4-v0-RunIISummer19UL17MiniAOD-106X_mc2017_realistic_v6-v2/200911_121149/0000/myMicroAODOutputFile_30.root?tried=stor96.datagrid.cea.fr, mode: 0660, flags: kXR_open_read kXR_async kXR_retstat ). Trying to recover.
[2022-12-20 11:15:08.748509 +0100][Error  ][AsyncSock         ] [xrootd-cms.infn.it:1094 #0.0] Socket error while handshaking: [ERROR] Socket timeout
[2022-12-20 11:15:08.748661 +0100][Error  ][PostMaster        ] [xrootd-cms.infn.it:1094 #0] elapsed = 45, pConnectionWindow = 31 seconds.
Begin processing the 1001st record. Run 1, Event 178713, LumiSection 1788 on stream 0 at 20-Dec-2022 11:16:32.952 CET
[2022-12-20 11:18:17.643623 +0100][Error  ][AsyncSock         ] [xrootd.ba.infn.it:1094 #0.0] Socket error while handshaking: [ERROR] Socket timeout
[2022-12-20 11:18:17.643769 +0100][Error  ][PostMaster        ] [xrootd.ba.infn.it:1094 #0] elapsed = 45, pConnectionWindow = 31 seconds.
Begin processing the 2001st record. Run 1, Event 179703, LumiSection 1798 on stream 0 at 20-Dec-2022 11:18:23.517 CET
[2022-12-20 11:19:02.821997 +0100][Error  ][AsyncSock         ] [xrootd.ba.infn.it:1094 #0.0] Socket error while handshaking: [ERROR] Socket timeout
[2022-12-20 11:19:02.822115 +0100][Error  ][PostMaster        ] [xrootd.ba.infn.it:1094 #0] elapsed = 45, pConnectionWindow = 31 seconds.
[2022-12-20 11:19:02.822123 +0100][Error  ][PostMaster        ] [xrootd.ba.infn.it:1094 #0] Unable to recover: [ERROR] Socket timeout.
[2022-12-20 11:19:02.822131 +0100][Error  ][XRootD            ] [xrootd.ba.infn.it:1094] Impossible to send message kXR_open (file: /store/user/alesauva/flashgg/UL2017_4/10_6_4/ZHiggs0L1ToGG_M125_TuneCP5_13TeV-JHUGenV7011-pythia8/UL2017_4-10_6_4-v0-RunIISummer19UL17MiniAOD-106X_mc2017_realistic_v6-v2/200911_121149/0000/myMicroAODOutputFile_30.root?tried=stor96.datagrid.cea.fr, mode: 0660, flags: kXR_open_read kXR_async kXR_retstat ). Trying to recover.
Begin processing the 3001st record. Run 1, Event 196816, LumiSection 1969 on stream 0 at 20-Dec-2022 11:20:23.033 CET
Begin processing the 4001st record. Run 1, Event 198301, LumiSection 1984 on stream 0 at 20-Dec-2022 11:22:21.771 CET
Begin processing the 5001st record. Run 1, Event 200118, LumiSection 2002 on stream 0 at 20-Dec-2022 11:24:20.479 CET
[2022-12-20 11:24:35.283466 +0100][Error  ][AsyncSock         ] [xrootd.ba.infn.it:1094 #0.0] Socket error while handshaking: [ERROR] Socket timeout
[2022-12-20 11:24:35.283633 +0100][Error  ][PostMaster        ] [xrootd.ba.infn.it:1094 #0] elapsed = 45, pConnectionWindow = 31 seconds.
[2022-12-20 11:25:20.516462 +0100][Error  ][AsyncSock         ] [xrootd.ba.infn.it:1094 #0.0] Socket error while handshaking: [ERROR] Socket timeout
[2022-12-20 11:25:20.516602 +0100][Error  ][PostMaster        ] [xrootd.ba.infn.it:1094 #0] elapsed = 45, pConnectionWindow = 31 seconds.
[2022-12-20 11:25:20.516614 +0100][Error  ][PostMaster        ] [xrootd.ba.infn.it:1094 #0] Unable to recover: [ERROR] Socket timeout.
[2022-12-20 11:25:20.516623 +0100][Error  ][XRootD            ] [xrootd.ba.infn.it:1094] Impossible to send message kXR_open (file: /store/user/alesauva/flashgg/UL2017_4/10_6_4/ZHiggs0L1ToGG_M125_TuneCP5_13TeV-JHUGenV7011-pythia8/UL2017_4-10_6_4-v0-RunIISummer19UL17MiniAOD-106X_mc2017_realistic_v6-v2/200911_121149/0000/myMicroAODOutputFile_30.root?tried=stor96.datagrid.cea.fr, mode: 0660, flags: kXR_open_read kXR_async kXR_retstat ). Trying to recover.
Begin processing the 6001st record. Run 1, Event 201101, LumiSection 2012 on stream 0 at 20-Dec-2022 11:26:17.974 CET
Begin processing the 7001st record. Run 1, Event 202113, LumiSection 2022 on stream 0 at 20-Dec-2022 11:28:23.148 CET
[2022-12-20 11:30:20.817491 +0100][Error  ][AsyncSock         ] [xrootd.ba.infn.it:1094 #0.0] Socket error while handshaking: [ERROR] Socket timeout
[2022-12-20 11:30:20.817610 +0100][Error  ][PostMaster        ] [xrootd.ba.infn.it:1094 #0] elapsed = 45, pConnectionWindow = 31 seconds.
Begin processing the 8001st record. Run 1, Event 203113, LumiSection 2032 on stream 0 at 20-Dec-2022 11:30:21.716 CET
[2022-12-20 11:31:05.044518 +0100][Error  ][AsyncSock         ] [xrootd.ba.infn.it:1094 #0.0] Socket error while handshaking: [ERROR] Socket timeout
[2022-12-20 11:31:05.044614 +0100][Error  ][PostMaster        ] [xrootd.ba.infn.it:1094 #0] elapsed = 45, pConnectionWindow = 31 seconds.
[2022-12-20 11:31:05.044628 +0100][Error  ][PostMaster        ] [xrootd.ba.infn.it:1094 #0] Unable to recover: [ERROR] Socket timeout.
[2022-12-20 11:31:05.044637 +0100][Error  ][XRootD            ] [xrootd.ba.infn.it:1094] Impossible to send message kXR_open (file: /store/user/alesauva/flashgg/UL2017_4/10_6_4/ZHiggs0L1ToGG_M125_TuneCP5_13TeV-JHUGenV7011-pythia8/UL2017_4-10_6_4-v0-RunIISummer19UL17MiniAOD-106X_mc2017_realistic_v6-v2/200911_121149/0000/myMicroAODOutputFile_30.root?tried=stor96.datagrid.cea.fr, mode: 0660, flags: kXR_open_read kXR_async kXR_retstat ). Trying to recover.
Begin processing the 9001st record. Run 1, Event 388315, LumiSection 3884 on stream 0 at 20-Dec-2022 11:32:28.978 CET
Begin processing the 10001st record. Run 1, Event 389301, LumiSection 3894 on stream 0 at 20-Dec-2022 11:34:38.235 CET
Begin processing the 11001st record. Run 1, Event 392009, LumiSection 3921 on stream 0 at 20-Dec-2022 11:36:51.560 CET
[2022-12-20 11:38:31.988465 +0100][Error  ][AsyncSock         ] [xrootd.ba.infn.it:1094 #0.0] Socket error while handshaking: [ERROR] Socket timeout
[2022-12-20 11:38:31.988576 +0100][Error  ][PostMaster        ] [xrootd.ba.infn.it:1094 #0] elapsed = 45, pConnectionWindow = 31 seconds.
Begin processing the 12001st record. Run 1, Event 386006, LumiSection 3861 on stream 0 at 20-Dec-2022 11:39:02.209 CET
[2022-12-20 11:39:17.220275 +0100][Error  ][AsyncSock         ] [xrootd.ba.infn.it:1094 #0.0] Socket error while handshaking: [ERROR] Socket timeout
[2022-12-20 11:39:17.220438 +0100][Error  ][PostMaster        ] [xrootd.ba.infn.it:1094 #0] elapsed = 46, pConnectionWindow = 31 seconds.
[2022-12-20 11:39:17.220452 +0100][Error  ][PostMaster        ] [xrootd.ba.infn.it:1094 #0] Unable to recover: [ERROR] Socket timeout.
[2022-12-20 11:39:17.220461 +0100][Error  ][XRootD            ] [xrootd.ba.infn.it:1094] Impossible to send message kXR_open (file: /store/user/alesauva/flashgg/UL2017_4/10_6_4/ZHiggs0L1ToGG_M125_TuneCP5_13TeV-JHUGenV7011-pythia8/UL2017_4-10_6_4-v0-RunIISummer19UL17MiniAOD-106X_mc2017_realistic_v6-v2/200911_121149/0000/myMicroAODOutputFile_30.root?tried=stor96.datagrid.cea.fr, mode: 0660, flags: kXR_open_read kXR_async kXR_retstat ). Trying to recover.
Begin processing the 13001st record. Run 1, Event 387005, LumiSection 3871 on stream 0 at 20-Dec-2022 11:41:17.162 CET
Begin processing the 14001st record. Run 1, Event 388008, LumiSection 3881 on stream 0 at 20-Dec-2022 11:43:25.088 CET
Begin processing the 15001st record. Run 1, Event 608810, LumiSection 6089 on stream 0 at 20-Dec-2022 11:45:37.962 CET
[2022-12-20 11:46:51.926478 +0100][Error  ][AsyncSock         ] [xrootd.ba.infn.it:1094 #0.0] Socket error while handshaking: [ERROR] Socket timeout
[2022-12-20 11:46:51.926617 +0100][Error  ][PostMaster        ] [xrootd.ba.infn.it:1094 #0] elapsed = 45, pConnectionWindow = 31 seconds.
[2022-12-20 11:47:36.154471 +0100][Error  ][AsyncSock         ] [xrootd.ba.infn.it:1094 #0.0] Socket error while handshaking: [ERROR] Socket timeout
[2022-12-20 11:47:36.154630 +0100][Error  ][PostMaster        ] [xrootd.ba.infn.it:1094 #0] elapsed = 45, pConnectionWindow = 31 seconds.
[2022-12-20 11:47:36.154646 +0100][Error  ][PostMaster        ] [xrootd.ba.infn.it:1094 #0] Unable to recover: [ERROR] Socket timeout.
[2022-12-20 11:47:36.154656 +0100][Error  ][XRootD            ] [xrootd.ba.infn.it:1094] Impossible to send message kXR_open (file: /store/user/alesauva/flashgg/UL2017_4/10_6_4/ZHiggs0L1ToGG_M125_TuneCP5_13TeV-JHUGenV7011-pythia8/UL2017_4-10_6_4-v0-RunIISummer19UL17MiniAOD-106X_mc2017_realistic_v6-v2/200911_121149/0000/myMicroAODOutputFile_30.root?tried=stor96.datagrid.cea.fr, mode: 0660, flags: kXR_open_read kXR_async kXR_retstat ). Trying to recover.
Begin processing the 16001st record. Run 1, Event 648703, LumiSection 6488 on stream 0 at 20-Dec-2022 11:47:58.499 CET
Begin processing the 17001st record. Run 1, Event 649703, LumiSection 6498 on stream 0 at 20-Dec-2022 11:50:10.957 CET
Begin processing the 18001st record. Run 1, Event 650703, LumiSection 6508 on stream 0 at 20-Dec-2022 11:52:29.371 CET
Begin processing the 19001st record. Run 1, Event 654403, LumiSection 6545 on stream 0 at 20-Dec-2022 11:54:46.097 CET
[2022-12-20 11:55:31.322494 +0100][Error  ][AsyncSock         ] [xrootd.ba.infn.it:1094 #0.0] Socket error while handshaking: [ERROR] Socket timeout
[2022-12-20 11:55:31.322654 +0100][Error  ][PostMaster        ] [xrootd.ba.infn.it:1094 #0] elapsed = 45, pConnectionWindow = 31 seconds.
[2022-12-20 11:56:16.773862 +0100][Error  ][AsyncSock         ] [xrootd.ba.infn.it:1094 #0.0] Socket error while handshaking: [ERROR] Socket timeout
[2022-12-20 11:56:16.773972 +0100][Error  ][PostMaster        ] [xrootd.ba.infn.it:1094 #0] elapsed = 45, pConnectionWindow = 31 seconds.
[2022-12-20 11:56:16.773981 +0100][Error  ][PostMaster        ] [xrootd.ba.infn.it:1094 #0] Unable to recover: [ERROR] Socket timeout.
[2022-12-20 11:56:16.773994 +0100][Error  ][XRootD            ] [xrootd.ba.infn.it:1094] Impossible to send message kXR_open (file: /store/user/alesauva/flashgg/UL2017_4/10_6_4/ZHiggs0L1ToGG_M125_TuneCP5_13TeV-JHUGenV7011-pythia8/UL2017_4-10_6_4-v0-RunIISummer19UL17MiniAOD-106X_mc2017_realistic_v6-v2/200911_121149/0000/myMicroAODOutputFile_30.root?tried=stor96.datagrid.cea.fr, mode: 0660, flags: kXR_open_read kXR_async kXR_retstat ). Trying to recover.
20-Dec-2022 11:56:16 CET  Closed file root://cms-xrd-global.cern.ch//store/user/alesauva/flashgg/UL2017_4/10_6_4/ZHiggs0L1ToGG_M125_TuneCP5_13TeV-JHUGenV7011-pythia8/UL2017_4-10_6_4-v0-RunIISummer19UL17MiniAOD-106X_mc2017_realistic_v6-v2/200911_121149/0000/myMicroAODOutputFile_30.root

TrigReport ---------- Event  Summary ------------
TrigReport Events total = 19600 passed = 19375 failed = 225

TrigReport ---------- Path   Summary ------------
TrigReport  Trig Bit#   Executed     Passed     Failed      Error Name
TrigReport     1    0      19600      19375        225          0 p

TrigReport -------End-Path   Summary ------------
TrigReport  Trig Bit#   Executed     Passed     Failed      Error Name

TrigReport ---------- Modules in Path: p ------------
TrigReport  Trig Bit#    Visited     Passed     Failed      Error Name
TrigReport     1    0      19600      19375        225          0 flashggMetFilters
TrigReport     1    1      19375      19375          0          0 VHFilter
TrigReport     1    2      19375      19375          0          0 flashggDifferentialPhoIdInputsCorrection
TrigReport     1    3      19375      19375          0          0 flashggDiPhotonSystematics
TrigReport     1    4      19375      19375          0          0 flashggMetSystematics
TrigReport     1    5      19375      19375          0          0 flashggMuonSystematics
TrigReport     1    6      19375      19375          0          0 flashggElectronSystematics
TrigReport     1    7      19375      19375          0          0 flashggUnpackedJets
TrigReport     1    8      19375      19375          0          0 flashggJetSystematics0
TrigReport     1    9      19375      19375          0          0 flashggJetSystematics1
TrigReport     1   10      19375      19375          0          0 flashggJetSystematics2
TrigReport     1   11      19375      19375          0          0 flashggJetSystematics3
TrigReport     1   12      19375      19375          0          0 flashggJetSystematics4
TrigReport     1   13      19375      19375          0          0 flashggJetSystematics5
TrigReport     1   14      19375      19375          0          0 flashggJetSystematics6
TrigReport     1   15      19375      19375          0          0 flashggJetSystematics7
TrigReport     1   16      19375      19375          0          0 flashggJetSystematics8
TrigReport     1   17      19375      19375          0          0 flashggJetSystematics9
TrigReport     1   18      19375      19375          0          0 flashggJetSystematics10
TrigReport     1   19      19375      19375          0          0 flashggJetSystematics11
TrigReport     1   20      19375      19375          0          0 flashggPrefireDiPhotons
TrigReport     1   21      19375      19375          0          0 flashggPreselectedDiPhotons
TrigReport     1   22      19375      19375          0          0 flashggDiPhotonMVA
TrigReport     1   23      19375      19375          0          0 flashggVBFMVA
TrigReport     1   24      19375      19375          0          0 flashggVHhadMVA
TrigReport     1   25      19375      19375          0          0 flashggGluGluHMVA
TrigReport     1   26      19375      19375          0          0 flashggStageOneCombinedTag
TrigReport     1   27      19375      19375          0          0 flashggTHQLeptonicTag
TrigReport     1   28      19375      19375          0          0 flashggVHMetTag
TrigReport     1   29      19375      19375          0          0 flashggWHLeptonicTag
TrigReport     1   30      19375      19375          0          0 flashggZHLeptonicTag
TrigReport     1   31      19375      19375          0          0 flashggTTHLeptonicTag
TrigReport     1   32      19375      19375          0          0 flashggTTHHadronicTag
TrigReport     1   33      19375      19375          0          0 flashggTagSorter
TrigReport     1   34      19375      19375          0          0 flashggSystTagMerger
TrigReport     1   35      19375      19375          0          0 tagsDumper

TrigReport ---------- Module Summary ------------
TrigReport    Visited   Executed     Passed     Failed      Error Name
TrigReport      19600      19600      19600          0          0 TriggerResults
TrigReport      19375      19375      19375          0          0 VHFilter
TrigReport      19375      19375      19375          0          0 ak4PFCHSL1FastL2L3Corrector
TrigReport      19375      19375      19375          0          0 ak4PFCHSL1FastjetCorrector
TrigReport      19375      19375      19375          0          0 ak4PFCHSL2RelativeCorrector
TrigReport      19375      19375      19375          0          0 ak4PFCHSL3AbsoluteCorrector
TrigReport      19375      19375      19375          0          0 flashggDiPhotonMVA
TrigReport      19375      19375      19375          0          0 flashggDiPhotonSystematics
TrigReport      19375      19375      19375          0          0 flashggDifferentialPhoIdInputsCorrection
TrigReport      19375      19375      19375          0          0 flashggElectronSystematics
TrigReport      19375      19375      19375          0          0 flashggGluGluHMVA
TrigReport      19375      19375      19375          0          0 flashggJetSystematics0
TrigReport      19375      19375      19375          0          0 flashggJetSystematics1
TrigReport      19375      19375      19375          0          0 flashggJetSystematics10
TrigReport      19375      19375      19375          0          0 flashggJetSystematics11
TrigReport      19375      19375      19375          0          0 flashggJetSystematics2
TrigReport      19375      19375      19375          0          0 flashggJetSystematics3
TrigReport      19375      19375      19375          0          0 flashggJetSystematics4
TrigReport      19375      19375      19375          0          0 flashggJetSystematics5
TrigReport      19375      19375      19375          0          0 flashggJetSystematics6
TrigReport      19375      19375      19375          0          0 flashggJetSystematics7
TrigReport      19375      19375      19375          0          0 flashggJetSystematics8
TrigReport      19375      19375      19375          0          0 flashggJetSystematics9
TrigReport      19600      19600      19375        225          0 flashggMetFilters
TrigReport      19375      19375      19375          0          0 flashggMetSystematics
TrigReport      19375      19375      19375          0          0 flashggMuonSystematics
TrigReport      19375      19375      19375          0          0 flashggPrefireDiPhotons
TrigReport      19375      19375      19375          0          0 flashggPreselectedDiPhotons
TrigReport      19375      19375      19375          0          0 flashggStageOneCombinedTag
TrigReport      19375      19375      19375          0          0 flashggSystTagMerger
TrigReport      19375      19375      19375          0          0 flashggTHQLeptonicTag
TrigReport      19375      19375      19375          0          0 flashggTTHHadronicTag
TrigReport      19375      19375      19375          0          0 flashggTTHLeptonicTag
TrigReport      19375      19375      19375          0          0 flashggTagSorter
TrigReport      19375      19375      19375          0          0 flashggUnpackedJets
TrigReport      19375      19375      19375          0          0 flashggVBFMVA
TrigReport      19375      19375      19375          0          0 flashggVHMetTag
TrigReport      19375      19375      19375          0          0 flashggVHhadMVA
TrigReport      19375      19375      19375          0          0 flashggWHLeptonicTag
TrigReport      19375      19375      19375          0          0 flashggZHLeptonicTag
TrigReport      19600      19600      19600          0          0 p
TrigReport      19375      19375      19375          0          0 tagsDumper

TimeReport ---------- Event  Summary ---[sec]----
TimeReport       event loop CPU/event = 0.132751
TimeReport      event loop Real/event = 0.133104
TimeReport     sum Streams Real/event = 0.129460
TimeReport efficiency CPU/Real/thread = 0.997353

TimeReport ---------- Path   Summary ---[Real sec]----
TimeReport  per event     per exec  Name
TimeReport   0.129024     0.129024  p
TimeReport  per event     per exec  Name

TimeReport -------End-Path   Summary ---[Real sec]----
TimeReport  per event     per exec  Name
TimeReport  per event     per exec  Name

TimeReport ---------- Modules in Path: p ---[Real sec]----
TimeReport  per event    per visit  Name
TimeReport   0.000014     0.000014  flashggMetFilters
TimeReport   0.000005     0.000005  VHFilter
TimeReport   0.072990     0.073838  flashggDifferentialPhoIdInputsCorrection
TimeReport   0.040952     0.041427  flashggDiPhotonSystematics
TimeReport   0.000150     0.000152  flashggMetSystematics
TimeReport   0.000041     0.000042  flashggMuonSystematics
TimeReport   0.000031     0.000031  flashggElectronSystematics
TimeReport   0.000201     0.000203  flashggUnpackedJets
TimeReport   0.003298     0.003336  flashggJetSystematics0
TimeReport   0.000601     0.000608  flashggJetSystematics1
TimeReport   0.000545     0.000551  flashggJetSystematics2
TimeReport   0.000525     0.000531  flashggJetSystematics3
TimeReport   0.000521     0.000527  flashggJetSystematics4
TimeReport   0.000513     0.000519  flashggJetSystematics5
TimeReport   0.000508     0.000514  flashggJetSystematics6
TimeReport   0.000507     0.000513  flashggJetSystematics7
TimeReport   0.000507     0.000513  flashggJetSystematics8
TimeReport   0.000504     0.000509  flashggJetSystematics9
TimeReport   0.000504     0.000509  flashggJetSystematics10
TimeReport   0.000504     0.000510  flashggJetSystematics11
TimeReport   0.000272     0.000275  flashggPrefireDiPhotons
TimeReport   0.000116     0.000118  flashggPreselectedDiPhotons
TimeReport   0.000035     0.000036  flashggDiPhotonMVA
TimeReport   0.000030     0.000030  flashggVBFMVA
TimeReport   0.000016     0.000016  flashggVHhadMVA
TimeReport   0.000050     0.000051  flashggGluGluHMVA
TimeReport   0.000030     0.000030  flashggStageOneCombinedTag
TimeReport   0.000514     0.000520  flashggTHQLeptonicTag
TimeReport   0.000368     0.000373  flashggVHMetTag
TimeReport   0.000023     0.000024  flashggWHLeptonicTag
TimeReport   0.000019     0.000019  flashggZHLeptonicTag
TimeReport   0.000058     0.000059  flashggTTHLeptonicTag
TimeReport   0.001447     0.001463  flashggTTHHadronicTag
TimeReport   0.000077     0.000077  flashggTagSorter
TimeReport   0.000003     0.000003  flashggSystTagMerger
TimeReport   0.000337     0.000341  tagsDumper
TimeReport  per event    per visit  Name

TimeReport ---------- Module Summary ---[Real sec]----
TimeReport  per event     per exec    per visit  Name
TimeReport   0.000002     0.000002     0.000002  TriggerResults
TimeReport   0.000005     0.000005     0.000005  VHFilter
TimeReport   0.000003     0.000003     0.000003  ak4PFCHSL1FastL2L3Corrector
TimeReport   0.000003     0.000003     0.000003  ak4PFCHSL1FastjetCorrector
TimeReport   0.000001     0.000001     0.000001  ak4PFCHSL2RelativeCorrector
TimeReport   0.000012     0.000012     0.000012  ak4PFCHSL3AbsoluteCorrector
TimeReport   0.000035     0.000036     0.000036  flashggDiPhotonMVA
TimeReport   0.040952     0.041427     0.041427  flashggDiPhotonSystematics
TimeReport   0.072990     0.073838     0.073838  flashggDifferentialPhoIdInputsCorrection
TimeReport   0.000031     0.000031     0.000031  flashggElectronSystematics
TimeReport   0.000050     0.000051     0.000051  flashggGluGluHMVA
TimeReport   0.003298     0.003336     0.003336  flashggJetSystematics0
TimeReport   0.000601     0.000608     0.000608  flashggJetSystematics1
TimeReport   0.000504     0.000509     0.000509  flashggJetSystematics10
TimeReport   0.000504     0.000510     0.000510  flashggJetSystematics11
TimeReport   0.000545     0.000551     0.000551  flashggJetSystematics2
TimeReport   0.000525     0.000531     0.000531  flashggJetSystematics3
TimeReport   0.000521     0.000527     0.000527  flashggJetSystematics4
TimeReport   0.000513     0.000519     0.000519  flashggJetSystematics5
TimeReport   0.000508     0.000514     0.000514  flashggJetSystematics6
TimeReport   0.000507     0.000513     0.000513  flashggJetSystematics7
TimeReport   0.000507     0.000513     0.000513  flashggJetSystematics8
TimeReport   0.000504     0.000509     0.000509  flashggJetSystematics9
TimeReport   0.000014     0.000014     0.000014  flashggMetFilters
TimeReport   0.000150     0.000152     0.000152  flashggMetSystematics
TimeReport   0.000041     0.000042     0.000042  flashggMuonSystematics
TimeReport   0.000272     0.000275     0.000275  flashggPrefireDiPhotons
TimeReport   0.000116     0.000118     0.000118  flashggPreselectedDiPhotons
TimeReport   0.000030     0.000030     0.000030  flashggStageOneCombinedTag
TimeReport   0.000003     0.000003     0.000003  flashggSystTagMerger
TimeReport   0.000514     0.000520     0.000520  flashggTHQLeptonicTag
TimeReport   0.001447     0.001463     0.001463  flashggTTHHadronicTag
TimeReport   0.000058     0.000059     0.000059  flashggTTHLeptonicTag
TimeReport   0.000077     0.000077     0.000077  flashggTagSorter
TimeReport   0.000201     0.000203     0.000203  flashggUnpackedJets
TimeReport   0.000030     0.000030     0.000030  flashggVBFMVA
TimeReport   0.000368     0.000373     0.000373  flashggVHMetTag
TimeReport   0.000016     0.000016     0.000016  flashggVHhadMVA
TimeReport   0.000023     0.000024     0.000024  flashggWHLeptonicTag
TimeReport   0.000019     0.000019     0.000019  flashggZHLeptonicTag
TimeReport   0.000003     0.000003     0.000003  p
TimeReport   0.000337     0.000341     0.000341  tagsDumper
TimeReport  per event     per exec    per visit  Name

T---Report end!


=============================================

MessageLogger Summary

 type     category        sev    module        subroutine        count    total
 ---- -------------------- -- ---------------- ----------------  -----    -----
    1 XrdAdaptor           -w file_open                              1        1
    2 fileAction           -s file_close                             1        1
    3 fileAction           -s file_open                              2        2

 type    category    Examples: run/evt        run/evt          run/evt
 ---- -------------------- ---------------- ---------------- ----------------
    1 XrdAdaptor           pre-events                        
    2 fileAction           PostGlobalEndRun                  
    3 fileAction           pre-events       pre-events       

Severity    # Occurrences   Total Occurrences
--------    -------------   -----------------
Warning                 1                   1
System                  3                   3

dropped waiting message count 0
