mkdir: cannot create directory '/afs/cern.ch/user/x/xisu/private/local/Analysis_workspace/VH_AC_tmp1/flashgg_d2/CMSSW_10_6_29/src/flashgg/VHAC_Analysis_Met/UL_17/UL_17_zh125': File exists
/cvmfs/cms.cern.ch/slc7_amd64_gcc700/external/py2-requests/2.21.0-pafccj2/lib/python2.7/site-packages/requests/__init__.py:91: RequestsDependencyWarning: urllib3 (1.25.2) or chardet (3.0.4) doesn't match a supported version!
  RequestsDependencyWarning)
20-Dec-2022 11:11:25 CET  Initiating request to open file root://cms-xrd-global.cern.ch//store/user/alesauva/flashgg/UL2017_4/10_6_4/ZHiggs0PMToGG_M125_TuneCP5_13TeV-JHUGenV7011-pythia8/UL2017_4-10_6_4-v0-RunIISummer19UL17MiniAOD-106X_mc2017_realistic_v6-v2/200720_162909/0000/myMicroAODOutputFile_23.root
%MSG-w XrdAdaptor:  file_open 20-Dec-2022 11:11:28 CET pre-events
Data is served from GRIF-IRFU instead of original site CERN-CMSGLOBAL-02
%MSG
20-Dec-2022 11:11:29 CET  Successfully opened file root://cms-xrd-global.cern.ch//store/user/alesauva/flashgg/UL2017_4/10_6_4/ZHiggs0PMToGG_M125_TuneCP5_13TeV-JHUGenV7011-pythia8/UL2017_4-10_6_4-v0-RunIISummer19UL17MiniAOD-106X_mc2017_realistic_v6-v2/200720_162909/0000/myMicroAODOutputFile_23.root
2022-12-20 11:26:12.847630: I tensorflow/core/platform/cpu_feature_guard.cc:140] Your CPU supports instructions that this TensorFlow binary was not compiled to use: SSE4.1 SSE4.2 AVX AVX2 FMA
Begin processing the 1st record. Run 1, Event 93504, LumiSection 936 on stream 0 at 20-Dec-2022 11:27:25.422 CET
[2022-12-20 11:28:08.644927 +0100][Error  ][AsyncSock         ] [xrootd.ba.infn.it:1094 #0.0] Socket error while handshaking: [ERROR] Socket timeout
[2022-12-20 11:28:08.645113 +0100][Error  ][PostMaster        ] [xrootd.ba.infn.it:1094 #0] elapsed = 45, pConnectionWindow = 31 seconds.
[2022-12-20 11:28:53.119760 +0100][Error  ][AsyncSock         ] [xrootd.ba.infn.it:1094 #0.0] Socket error while handshaking: [ERROR] Socket timeout
[2022-12-20 11:28:53.119902 +0100][Error  ][PostMaster        ] [xrootd.ba.infn.it:1094 #0] elapsed = 45, pConnectionWindow = 31 seconds.
[2022-12-20 11:28:53.119939 +0100][Error  ][PostMaster        ] [xrootd.ba.infn.it:1094 #0] Unable to recover: [ERROR] Socket timeout.
[2022-12-20 11:28:53.119965 +0100][Error  ][XRootD            ] [xrootd.ba.infn.it:1094] Impossible to send message kXR_open (file: /store/user/alesauva/flashgg/UL2017_4/10_6_4/ZHiggs0PMToGG_M125_TuneCP5_13TeV-JHUGenV7011-pythia8/UL2017_4-10_6_4-v0-RunIISummer19UL17MiniAOD-106X_mc2017_realistic_v6-v2/200720_162909/0000/myMicroAODOutputFile_23.root?tried=stor93.datagrid.cea.fr, mode: 0660, flags: kXR_open_read kXR_async kXR_retstat ). Trying to recover.
Begin processing the 1001st record. Run 1, Event 196406, LumiSection 1965 on stream 0 at 20-Dec-2022 11:33:05.926 CET
[2022-12-20 11:34:03.798264 +0100][Error  ][AsyncSock         ] [xrootd.ba.infn.it:1094 #0.0] Socket error while handshaking: [ERROR] Socket timeout
[2022-12-20 11:34:03.798429 +0100][Error  ][PostMaster        ] [xrootd.ba.infn.it:1094 #0] elapsed = 45, pConnectionWindow = 31 seconds.
[2022-12-20 11:34:48.041772 +0100][Error  ][AsyncSock         ] [xrootd.ba.infn.it:1094 #0.0] Socket error while handshaking: [ERROR] Socket timeout
[2022-12-20 11:34:48.041890 +0100][Error  ][PostMaster        ] [xrootd.ba.infn.it:1094 #0] elapsed = 45, pConnectionWindow = 31 seconds.
[2022-12-20 11:34:48.041910 +0100][Error  ][PostMaster        ] [xrootd.ba.infn.it:1094 #0] Unable to recover: [ERROR] Socket timeout.
[2022-12-20 11:34:48.041923 +0100][Error  ][XRootD            ] [xrootd.ba.infn.it:1094] Impossible to send message kXR_open (file: /store/user/alesauva/flashgg/UL2017_4/10_6_4/ZHiggs0PMToGG_M125_TuneCP5_13TeV-JHUGenV7011-pythia8/UL2017_4-10_6_4-v0-RunIISummer19UL17MiniAOD-106X_mc2017_realistic_v6-v2/200720_162909/0000/myMicroAODOutputFile_23.root?tried=stor93.datagrid.cea.fr, mode: 0660, flags: kXR_open_read kXR_async kXR_retstat ). Trying to recover.
Begin processing the 2001st record. Run 1, Event 197408, LumiSection 1975 on stream 0 at 20-Dec-2022 11:35:28.190 CET
Begin processing the 3001st record. Run 1, Event 217514, LumiSection 2176 on stream 0 at 20-Dec-2022 11:37:47.302 CET
[2022-12-20 11:39:13.822832 +0100][Error  ][AsyncSock         ] [xrootd.ba.infn.it:1094 #0.0] Socket error while handshaking: [ERROR] Socket timeout
[2022-12-20 11:39:13.822987 +0100][Error  ][PostMaster        ] [xrootd.ba.infn.it:1094 #0] elapsed = 45, pConnectionWindow = 31 seconds.
[2022-12-20 11:39:58.067784 +0100][Error  ][AsyncSock         ] [xrootd.ba.infn.it:1094 #0.0] Socket error while handshaking: [ERROR] Socket timeout
[2022-12-20 11:39:58.067889 +0100][Error  ][PostMaster        ] [xrootd.ba.infn.it:1094 #0] elapsed = 45, pConnectionWindow = 31 seconds.
[2022-12-20 11:39:58.067908 +0100][Error  ][PostMaster        ] [xrootd.ba.infn.it:1094 #0] Unable to recover: [ERROR] Socket timeout.
[2022-12-20 11:39:58.067921 +0100][Error  ][XRootD            ] [xrootd.ba.infn.it:1094] Impossible to send message kXR_open (file: /store/user/alesauva/flashgg/UL2017_4/10_6_4/ZHiggs0PMToGG_M125_TuneCP5_13TeV-JHUGenV7011-pythia8/UL2017_4-10_6_4-v0-RunIISummer19UL17MiniAOD-106X_mc2017_realistic_v6-v2/200720_162909/0000/myMicroAODOutputFile_23.root?tried=stor93.datagrid.cea.fr, mode: 0660, flags: kXR_open_read kXR_async kXR_retstat ). Trying to recover.
Begin processing the 4001st record. Run 1, Event 378507, LumiSection 3786 on stream 0 at 20-Dec-2022 11:40:19.355 CET
Begin processing the 5001st record. Run 1, Event 581714, LumiSection 5818 on stream 0 at 20-Dec-2022 11:42:41.566 CET
[2022-12-20 11:44:34.326789 +0100][Error  ][AsyncSock         ] [xrootd.ba.infn.it:1094 #0.0] Socket error while handshaking: [ERROR] Socket timeout
[2022-12-20 11:44:34.326887 +0100][Error  ][PostMaster        ] [xrootd.ba.infn.it:1094 #0] elapsed = 45, pConnectionWindow = 31 seconds.
Begin processing the 6001st record. Run 1, Event 707304, LumiSection 7074 on stream 0 at 20-Dec-2022 11:45:10.949 CET
[2022-12-20 11:45:19.572765 +0100][Error  ][AsyncSock         ] [xrootd.ba.infn.it:1094 #0.0] Socket error while handshaking: [ERROR] Socket timeout
[2022-12-20 11:45:19.572915 +0100][Error  ][PostMaster        ] [xrootd.ba.infn.it:1094 #0] elapsed = 45, pConnectionWindow = 31 seconds.
[2022-12-20 11:45:19.572938 +0100][Error  ][PostMaster        ] [xrootd.ba.infn.it:1094 #0] Unable to recover: [ERROR] Socket timeout.
[2022-12-20 11:45:19.572952 +0100][Error  ][XRootD            ] [xrootd.ba.infn.it:1094] Impossible to send message kXR_open (file: /store/user/alesauva/flashgg/UL2017_4/10_6_4/ZHiggs0PMToGG_M125_TuneCP5_13TeV-JHUGenV7011-pythia8/UL2017_4-10_6_4-v0-RunIISummer19UL17MiniAOD-106X_mc2017_realistic_v6-v2/200720_162909/0000/myMicroAODOutputFile_23.root?tried=stor93.datagrid.cea.fr, mode: 0660, flags: kXR_open_read kXR_async kXR_retstat ). Trying to recover.
Begin processing the 7001st record. Run 1, Event 708611, LumiSection 7087 on stream 0 at 20-Dec-2022 11:47:46.779 CET
[2022-12-20 11:50:12.133528 +0100][Error  ][AsyncSock         ] [xrootd.ba.infn.it:1094 #0.0] Socket error while handshaking: [ERROR] Socket timeout
[2022-12-20 11:50:12.133706 +0100][Error  ][PostMaster        ] [xrootd.ba.infn.it:1094 #0] elapsed = 45, pConnectionWindow = 31 seconds.
Begin processing the 8001st record. Run 1, Event 56414, LumiSection 565 on stream 0 at 20-Dec-2022 11:50:26.326 CET
[2022-12-20 11:50:57.375769 +0100][Error  ][AsyncSock         ] [xrootd.ba.infn.it:1094 #0.0] Socket error while handshaking: [ERROR] Socket timeout
[2022-12-20 11:50:57.375864 +0100][Error  ][PostMaster        ] [xrootd.ba.infn.it:1094 #0] elapsed = 45, pConnectionWindow = 31 seconds.
[2022-12-20 11:50:57.375884 +0100][Error  ][PostMaster        ] [xrootd.ba.infn.it:1094 #0] Unable to recover: [ERROR] Socket timeout.
[2022-12-20 11:50:57.375896 +0100][Error  ][XRootD            ] [xrootd.ba.infn.it:1094] Impossible to send message kXR_open (file: /store/user/alesauva/flashgg/UL2017_4/10_6_4/ZHiggs0PMToGG_M125_TuneCP5_13TeV-JHUGenV7011-pythia8/UL2017_4-10_6_4-v0-RunIISummer19UL17MiniAOD-106X_mc2017_realistic_v6-v2/200720_162909/0000/myMicroAODOutputFile_23.root?tried=stor93.datagrid.cea.fr, mode: 0660, flags: kXR_open_read kXR_async kXR_retstat ). Trying to recover.
Begin processing the 9001st record. Run 1, Event 57406, LumiSection 575 on stream 0 at 20-Dec-2022 11:53:00.827 CET
Begin processing the 10001st record. Run 1, Event 61212, LumiSection 613 on stream 0 at 20-Dec-2022 11:55:32.496 CET
[2022-12-20 11:55:49.656787 +0100][Error  ][AsyncSock         ] [xrootd.ba.infn.it:1094 #0.0] Socket error while handshaking: [ERROR] Socket timeout
[2022-12-20 11:55:49.656902 +0100][Error  ][PostMaster        ] [xrootd.ba.infn.it:1094 #0] elapsed = 45, pConnectionWindow = 31 seconds.
[2022-12-20 11:56:34.909827 +0100][Error  ][AsyncSock         ] [xrootd.ba.infn.it:1094 #0.0] Socket error while handshaking: [ERROR] Socket timeout
[2022-12-20 11:56:34.910041 +0100][Error  ][PostMaster        ] [xrootd.ba.infn.it:1094 #0] elapsed = 45, pConnectionWindow = 31 seconds.
[2022-12-20 11:56:34.910077 +0100][Error  ][PostMaster        ] [xrootd.ba.infn.it:1094 #0] Unable to recover: [ERROR] Socket timeout.
[2022-12-20 11:56:34.910094 +0100][Error  ][XRootD            ] [xrootd.ba.infn.it:1094] Impossible to send message kXR_open (file: /store/user/alesauva/flashgg/UL2017_4/10_6_4/ZHiggs0PMToGG_M125_TuneCP5_13TeV-JHUGenV7011-pythia8/UL2017_4-10_6_4-v0-RunIISummer19UL17MiniAOD-106X_mc2017_realistic_v6-v2/200720_162909/0000/myMicroAODOutputFile_23.root?tried=stor93.datagrid.cea.fr, mode: 0660, flags: kXR_open_read kXR_async kXR_retstat ). Trying to recover.
Begin processing the 11001st record. Run 1, Event 62203, LumiSection 623 on stream 0 at 20-Dec-2022 11:58:03.686 CET
Begin processing the 12001st record. Run 1, Event 63218, LumiSection 633 on stream 0 at 20-Dec-2022 12:00:43.532 CET
[2022-12-20 12:01:30.001165 +0100][Error  ][AsyncSock         ] [xrootd.ba.infn.it:1094 #0.0] Socket error while handshaking: [ERROR] Socket timeout
[2022-12-20 12:01:30.001344 +0100][Error  ][PostMaster        ] [xrootd.ba.infn.it:1094 #0] elapsed = 45, pConnectionWindow = 31 seconds.
[2022-12-20 12:02:15.327797 +0100][Error  ][AsyncSock         ] [xrootd.ba.infn.it:1094 #0.0] Socket error while handshaking: [ERROR] Socket timeout
[2022-12-20 12:02:15.327979 +0100][Error  ][PostMaster        ] [xrootd.ba.infn.it:1094 #0] elapsed = 46, pConnectionWindow = 31 seconds.
[2022-12-20 12:02:15.328007 +0100][Error  ][PostMaster        ] [xrootd.ba.infn.it:1094 #0] Unable to recover: [ERROR] Socket timeout.
[2022-12-20 12:02:15.328025 +0100][Error  ][XRootD            ] [xrootd.ba.infn.it:1094] Impossible to send message kXR_open (file: /store/user/alesauva/flashgg/UL2017_4/10_6_4/ZHiggs0PMToGG_M125_TuneCP5_13TeV-JHUGenV7011-pythia8/UL2017_4-10_6_4-v0-RunIISummer19UL17MiniAOD-106X_mc2017_realistic_v6-v2/200720_162909/0000/myMicroAODOutputFile_23.root?tried=stor93.datagrid.cea.fr, mode: 0660, flags: kXR_open_read kXR_async kXR_retstat ). Trying to recover.
Begin processing the 13001st record. Run 1, Event 64203, LumiSection 643 on stream 0 at 20-Dec-2022 12:03:05.445 CET
Begin processing the 14001st record. Run 1, Event 211010, LumiSection 2111 on stream 0 at 20-Dec-2022 12:05:29.448 CET
[2022-12-20 12:06:46.540897 +0100][Error  ][AsyncSock         ] [xrootd.ba.infn.it:1094 #0.0] Socket error while handshaking: [ERROR] Socket timeout
[2022-12-20 12:06:46.541111 +0100][Error  ][PostMaster        ] [xrootd.ba.infn.it:1094 #0] elapsed = 45, pConnectionWindow = 31 seconds.
[2022-12-20 12:07:31.789832 +0100][Error  ][AsyncSock         ] [xrootd.ba.infn.it:1094 #0.0] Socket error while handshaking: [ERROR] Socket timeout
[2022-12-20 12:07:31.789964 +0100][Error  ][PostMaster        ] [xrootd.ba.infn.it:1094 #0] elapsed = 45, pConnectionWindow = 31 seconds.
[2022-12-20 12:07:31.789984 +0100][Error  ][PostMaster        ] [xrootd.ba.infn.it:1094 #0] Unable to recover: [ERROR] Socket timeout.
[2022-12-20 12:07:31.789995 +0100][Error  ][XRootD            ] [xrootd.ba.infn.it:1094] Impossible to send message kXR_open (file: /store/user/alesauva/flashgg/UL2017_4/10_6_4/ZHiggs0PMToGG_M125_TuneCP5_13TeV-JHUGenV7011-pythia8/UL2017_4-10_6_4-v0-RunIISummer19UL17MiniAOD-106X_mc2017_realistic_v6-v2/200720_162909/0000/myMicroAODOutputFile_23.root?tried=stor93.datagrid.cea.fr, mode: 0660, flags: kXR_open_read kXR_async kXR_retstat ). Trying to recover.
Begin processing the 15001st record. Run 1, Event 214108, LumiSection 2142 on stream 0 at 20-Dec-2022 12:07:57.121 CET
Begin processing the 16001st record. Run 1, Event 218605, LumiSection 2187 on stream 0 at 20-Dec-2022 12:10:29.212 CET
[2022-12-20 12:12:07.876747 +0100][Error  ][AsyncSock         ] [xrootd.ba.infn.it:1094 #0.0] Socket error while handshaking: [ERROR] Socket timeout
[2022-12-20 12:12:07.876931 +0100][Error  ][PostMaster        ] [xrootd.ba.infn.it:1094 #0] elapsed = 45, pConnectionWindow = 31 seconds.
Begin processing the 17001st record. Run 1, Event 421201, LumiSection 4213 on stream 0 at 20-Dec-2022 12:12:48.037 CET
[2022-12-20 12:12:52.119781 +0100][Error  ][AsyncSock         ] [xrootd.ba.infn.it:1094 #0.0] Socket error while handshaking: [ERROR] Socket timeout
[2022-12-20 12:12:52.119877 +0100][Error  ][PostMaster        ] [xrootd.ba.infn.it:1094 #0] elapsed = 45, pConnectionWindow = 31 seconds.
[2022-12-20 12:12:52.119890 +0100][Error  ][PostMaster        ] [xrootd.ba.infn.it:1094 #0] Unable to recover: [ERROR] Socket timeout.
[2022-12-20 12:12:52.119898 +0100][Error  ][XRootD            ] [xrootd.ba.infn.it:1094] Impossible to send message kXR_open (file: /store/user/alesauva/flashgg/UL2017_4/10_6_4/ZHiggs0PMToGG_M125_TuneCP5_13TeV-JHUGenV7011-pythia8/UL2017_4-10_6_4-v0-RunIISummer19UL17MiniAOD-106X_mc2017_realistic_v6-v2/200720_162909/0000/myMicroAODOutputFile_23.root?tried=stor93.datagrid.cea.fr, mode: 0660, flags: kXR_open_read kXR_async kXR_retstat ). Trying to recover.
Begin processing the 18001st record. Run 1, Event 468412, LumiSection 4685 on stream 0 at 20-Dec-2022 12:15:08.170 CET
[2022-12-20 12:17:13.721550 +0100][Error  ][AsyncSock         ] [xrootd.ba.infn.it:1094 #0.0] Socket error while handshaking: [ERROR] Socket timeout
[2022-12-20 12:17:13.721658 +0100][Error  ][PostMaster        ] [xrootd.ba.infn.it:1094 #0] elapsed = 45, pConnectionWindow = 31 seconds.
Begin processing the 19001st record. Run 1, Event 469410, LumiSection 4695 on stream 0 at 20-Dec-2022 12:17:25.285 CET
[2022-12-20 12:17:58.942807 +0100][Error  ][AsyncSock         ] [xrootd.ba.infn.it:1094 #0.0] Socket error while handshaking: [ERROR] Socket timeout
[2022-12-20 12:17:58.942918 +0100][Error  ][PostMaster        ] [xrootd.ba.infn.it:1094 #0] elapsed = 45, pConnectionWindow = 31 seconds.
[2022-12-20 12:17:58.942933 +0100][Error  ][PostMaster        ] [xrootd.ba.infn.it:1094 #0] Unable to recover: [ERROR] Socket timeout.
[2022-12-20 12:17:58.942941 +0100][Error  ][XRootD            ] [xrootd.ba.infn.it:1094] Impossible to send message kXR_open (file: /store/user/alesauva/flashgg/UL2017_4/10_6_4/ZHiggs0PMToGG_M125_TuneCP5_13TeV-JHUGenV7011-pythia8/UL2017_4-10_6_4-v0-RunIISummer19UL17MiniAOD-106X_mc2017_realistic_v6-v2/200720_162909/0000/myMicroAODOutputFile_23.root?tried=stor93.datagrid.cea.fr, mode: 0660, flags: kXR_open_read kXR_async kXR_retstat ). Trying to recover.
Begin processing the 20001st record. Run 1, Event 660513, LumiSection 6606 on stream 0 at 20-Dec-2022 12:19:41.706 CET
Begin processing the 21001st record. Run 1, Event 661503, LumiSection 6616 on stream 0 at 20-Dec-2022 12:22:05.333 CET
[2022-12-20 12:22:08.525918 +0100][Error  ][AsyncSock         ] [xrootd.ba.infn.it:1094 #0.0] Socket error while handshaking: [ERROR] Socket timeout
[2022-12-20 12:22:08.526063 +0100][Error  ][PostMaster        ] [xrootd.ba.infn.it:1094 #0] elapsed = 45, pConnectionWindow = 31 seconds.
[2022-12-20 12:22:53.775807 +0100][Error  ][AsyncSock         ] [xrootd.ba.infn.it:1094 #0.0] Socket error while handshaking: [ERROR] Socket timeout
[2022-12-20 12:22:53.775960 +0100][Error  ][PostMaster        ] [xrootd.ba.infn.it:1094 #0] elapsed = 45, pConnectionWindow = 31 seconds.
[2022-12-20 12:22:53.775983 +0100][Error  ][PostMaster        ] [xrootd.ba.infn.it:1094 #0] Unable to recover: [ERROR] Socket timeout.
[2022-12-20 12:22:53.775998 +0100][Error  ][XRootD            ] [xrootd.ba.infn.it:1094] Impossible to send message kXR_open (file: /store/user/alesauva/flashgg/UL2017_4/10_6_4/ZHiggs0PMToGG_M125_TuneCP5_13TeV-JHUGenV7011-pythia8/UL2017_4-10_6_4-v0-RunIISummer19UL17MiniAOD-106X_mc2017_realistic_v6-v2/200720_162909/0000/myMicroAODOutputFile_23.root?tried=stor93.datagrid.cea.fr, mode: 0660, flags: kXR_open_read kXR_async kXR_retstat ). Trying to recover.
Begin processing the 22001st record. Run 1, Event 662503, LumiSection 6626 on stream 0 at 20-Dec-2022 12:24:32.274 CET
Begin processing the 23001st record. Run 1, Event 668407, LumiSection 6685 on stream 0 at 20-Dec-2022 12:26:57.087 CET
[2022-12-20 12:27:31.489970 +0100][Error  ][AsyncSock         ] [xrootd.ba.infn.it:1094 #0.0] Socket error while handshaking: [ERROR] Socket timeout
[2022-12-20 12:27:31.490105 +0100][Error  ][PostMaster        ] [xrootd.ba.infn.it:1094 #0] elapsed = 45, pConnectionWindow = 31 seconds.
[2022-12-20 12:28:16.734928 +0100][Error  ][AsyncSock         ] [xrootd.ba.infn.it:1094 #0.0] Socket error while handshaking: [ERROR] Socket timeout
[2022-12-20 12:28:16.735041 +0100][Error  ][PostMaster        ] [xrootd.ba.infn.it:1094 #0] elapsed = 45, pConnectionWindow = 31 seconds.
[2022-12-20 12:28:16.735056 +0100][Error  ][PostMaster        ] [xrootd.ba.infn.it:1094 #0] Unable to recover: [ERROR] Socket timeout.
[2022-12-20 12:28:16.735065 +0100][Error  ][XRootD            ] [xrootd.ba.infn.it:1094] Impossible to send message kXR_open (file: /store/user/alesauva/flashgg/UL2017_4/10_6_4/ZHiggs0PMToGG_M125_TuneCP5_13TeV-JHUGenV7011-pythia8/UL2017_4-10_6_4-v0-RunIISummer19UL17MiniAOD-106X_mc2017_realistic_v6-v2/200720_162909/0000/myMicroAODOutputFile_23.root?tried=stor93.datagrid.cea.fr, mode: 0660, flags: kXR_open_read kXR_async kXR_retstat ). Trying to recover.
Begin processing the 24001st record. Run 1, Event 669405, LumiSection 6695 on stream 0 at 20-Dec-2022 12:29:18.685 CET
20-Dec-2022 12:31:44 CET  Closed file root://cms-xrd-global.cern.ch//store/user/alesauva/flashgg/UL2017_4/10_6_4/ZHiggs0PMToGG_M125_TuneCP5_13TeV-JHUGenV7011-pythia8/UL2017_4-10_6_4-v0-RunIISummer19UL17MiniAOD-106X_mc2017_realistic_v6-v2/200720_162909/0000/myMicroAODOutputFile_23.root

TrigReport ---------- Event  Summary ------------
TrigReport Events total = 25000 passed = 24897 failed = 103

TrigReport ---------- Path   Summary ------------
TrigReport  Trig Bit#   Executed     Passed     Failed      Error Name
TrigReport     1    0      25000      24897        103          0 p

TrigReport -------End-Path   Summary ------------
TrigReport  Trig Bit#   Executed     Passed     Failed      Error Name

TrigReport ---------- Modules in Path: p ------------
TrigReport  Trig Bit#    Visited     Passed     Failed      Error Name
TrigReport     1    0      25000      24897        103          0 flashggMetFilters
TrigReport     1    1      24897      24897          0          0 VHFilter
TrigReport     1    2      24897      24897          0          0 flashggDifferentialPhoIdInputsCorrection
TrigReport     1    3      24897      24897          0          0 flashggDiPhotonSystematics
TrigReport     1    4      24897      24897          0          0 flashggMetSystematics
TrigReport     1    5      24897      24897          0          0 flashggMuonSystematics
TrigReport     1    6      24897      24897          0          0 flashggElectronSystematics
TrigReport     1    7      24897      24897          0          0 flashggUnpackedJets
TrigReport     1    8      24897      24897          0          0 flashggJetSystematics0
TrigReport     1    9      24897      24897          0          0 flashggJetSystematics1
TrigReport     1   10      24897      24897          0          0 flashggJetSystematics2
TrigReport     1   11      24897      24897          0          0 flashggJetSystematics3
TrigReport     1   12      24897      24897          0          0 flashggJetSystematics4
TrigReport     1   13      24897      24897          0          0 flashggJetSystematics5
TrigReport     1   14      24897      24897          0          0 flashggJetSystematics6
TrigReport     1   15      24897      24897          0          0 flashggJetSystematics7
TrigReport     1   16      24897      24897          0          0 flashggJetSystematics8
TrigReport     1   17      24897      24897          0          0 flashggJetSystematics9
TrigReport     1   18      24897      24897          0          0 flashggJetSystematics10
TrigReport     1   19      24897      24897          0          0 flashggJetSystematics11
TrigReport     1   20      24897      24897          0          0 flashggPrefireDiPhotons
TrigReport     1   21      24897      24897          0          0 flashggPreselectedDiPhotons
TrigReport     1   22      24897      24897          0          0 flashggDiPhotonMVA
TrigReport     1   23      24897      24897          0          0 flashggVBFMVA
TrigReport     1   24      24897      24897          0          0 flashggVHhadMVA
TrigReport     1   25      24897      24897          0          0 flashggGluGluHMVA
TrigReport     1   26      24897      24897          0          0 flashggStageOneCombinedTag
TrigReport     1   27      24897      24897          0          0 flashggTHQLeptonicTag
TrigReport     1   28      24897      24897          0          0 flashggVHMetTag
TrigReport     1   29      24897      24897          0          0 flashggWHLeptonicTag
TrigReport     1   30      24897      24897          0          0 flashggZHLeptonicTag
TrigReport     1   31      24897      24897          0          0 flashggTTHLeptonicTag
TrigReport     1   32      24897      24897          0          0 flashggTTHHadronicTag
TrigReport     1   33      24897      24897          0          0 flashggTagSorter
TrigReport     1   34      24897      24897          0          0 flashggSystTagMerger
TrigReport     1   35      24897      24897          0          0 tagsDumper

TrigReport ---------- Module Summary ------------
TrigReport    Visited   Executed     Passed     Failed      Error Name
TrigReport      25000      25000      25000          0          0 TriggerResults
TrigReport      24897      24897      24897          0          0 VHFilter
TrigReport      24897      24897      24897          0          0 ak4PFCHSL1FastL2L3Corrector
TrigReport      24897      24897      24897          0          0 ak4PFCHSL1FastjetCorrector
TrigReport      24897      24897      24897          0          0 ak4PFCHSL2RelativeCorrector
TrigReport      24897      24897      24897          0          0 ak4PFCHSL3AbsoluteCorrector
TrigReport      24897      24897      24897          0          0 flashggDiPhotonMVA
TrigReport      24897      24897      24897          0          0 flashggDiPhotonSystematics
TrigReport      24897      24897      24897          0          0 flashggDifferentialPhoIdInputsCorrection
TrigReport      24897      24897      24897          0          0 flashggElectronSystematics
TrigReport      24897      24897      24897          0          0 flashggGluGluHMVA
TrigReport      24897      24897      24897          0          0 flashggJetSystematics0
TrigReport      24897      24897      24897          0          0 flashggJetSystematics1
TrigReport      24897      24897      24897          0          0 flashggJetSystematics10
TrigReport      24897      24897      24897          0          0 flashggJetSystematics11
TrigReport      24897      24897      24897          0          0 flashggJetSystematics2
TrigReport      24897      24897      24897          0          0 flashggJetSystematics3
TrigReport      24897      24897      24897          0          0 flashggJetSystematics4
TrigReport      24897      24897      24897          0          0 flashggJetSystematics5
TrigReport      24897      24897      24897          0          0 flashggJetSystematics6
TrigReport      24897      24897      24897          0          0 flashggJetSystematics7
TrigReport      24897      24897      24897          0          0 flashggJetSystematics8
TrigReport      24897      24897      24897          0          0 flashggJetSystematics9
TrigReport      25000      25000      24897        103          0 flashggMetFilters
TrigReport      24897      24897      24897          0          0 flashggMetSystematics
TrigReport      24897      24897      24897          0          0 flashggMuonSystematics
TrigReport      24897      24897      24897          0          0 flashggPrefireDiPhotons
TrigReport      24897      24897      24897          0          0 flashggPreselectedDiPhotons
TrigReport      24897      24897      24897          0          0 flashggStageOneCombinedTag
TrigReport      24897      24897      24897          0          0 flashggSystTagMerger
TrigReport      24897      24897      24897          0          0 flashggTHQLeptonicTag
TrigReport      24897      24897      24897          0          0 flashggTTHHadronicTag
TrigReport      24897      24897      24897          0          0 flashggTTHLeptonicTag
TrigReport      24897      24897      24897          0          0 flashggTagSorter
TrigReport      24897      24897      24897          0          0 flashggUnpackedJets
TrigReport      24897      24897      24897          0          0 flashggVBFMVA
TrigReport      24897      24897      24897          0          0 flashggVHMetTag
TrigReport      24897      24897      24897          0          0 flashggVHhadMVA
TrigReport      24897      24897      24897          0          0 flashggWHLeptonicTag
TrigReport      24897      24897      24897          0          0 flashggZHLeptonicTag
TrigReport      25000      25000      25000          0          0 p
TrigReport      24897      24897      24897          0          0 tagsDumper

TimeReport ---------- Event  Summary ---[sec]----
TimeReport       event loop CPU/event = 0.154079
TimeReport      event loop Real/event = 0.154443
TimeReport     sum Streams Real/event = 0.148924
TimeReport efficiency CPU/Real/thread = 0.997642

TimeReport ---------- Path   Summary ---[Real sec]----
TimeReport  per event     per exec  Name
TimeReport   0.148298     0.148298  p
TimeReport  per event     per exec  Name

TimeReport -------End-Path   Summary ---[Real sec]----
TimeReport  per event     per exec  Name
TimeReport  per event     per exec  Name

TimeReport ---------- Modules in Path: p ---[Real sec]----
TimeReport  per event    per visit  Name
TimeReport   0.000026     0.000026  flashggMetFilters
TimeReport   0.000009     0.000009  VHFilter
TimeReport   0.066557     0.066832  flashggDifferentialPhoIdInputsCorrection
TimeReport   0.058901     0.059145  flashggDiPhotonSystematics
TimeReport   0.000244     0.000245  flashggMetSystematics
TimeReport   0.000035     0.000035  flashggMuonSystematics
TimeReport   0.000052     0.000052  flashggElectronSystematics
TimeReport   0.000395     0.000397  flashggUnpackedJets
TimeReport   0.006159     0.006185  flashggJetSystematics0
TimeReport   0.000958     0.000962  flashggJetSystematics1
TimeReport   0.000827     0.000830  flashggJetSystematics2
TimeReport   0.000794     0.000798  flashggJetSystematics3
TimeReport   0.000780     0.000783  flashggJetSystematics4
TimeReport   0.000772     0.000775  flashggJetSystematics5
TimeReport   0.000767     0.000770  flashggJetSystematics6
TimeReport   0.000764     0.000767  flashggJetSystematics7
TimeReport   0.000760     0.000763  flashggJetSystematics8
TimeReport   0.000755     0.000759  flashggJetSystematics9
TimeReport   0.000756     0.000759  flashggJetSystematics10
TimeReport   0.000753     0.000756  flashggJetSystematics11
TimeReport   0.000452     0.000454  flashggPrefireDiPhotons
TimeReport   0.000144     0.000145  flashggPreselectedDiPhotons
TimeReport   0.000032     0.000032  flashggDiPhotonMVA
TimeReport   0.000035     0.000035  flashggVBFMVA
TimeReport   0.000020     0.000020  flashggVHhadMVA
TimeReport   0.000058     0.000058  flashggGluGluHMVA
TimeReport   0.000037     0.000038  flashggStageOneCombinedTag
TimeReport   0.000703     0.000706  flashggTHQLeptonicTag
TimeReport   0.000314     0.000315  flashggVHMetTag
TimeReport   0.000035     0.000035  flashggWHLeptonicTag
TimeReport   0.000027     0.000027  flashggZHLeptonicTag
TimeReport   0.000104     0.000104  flashggTTHLeptonicTag
TimeReport   0.001725     0.001733  flashggTTHHadronicTag
TimeReport   0.000112     0.000112  flashggTagSorter
TimeReport   0.000005     0.000005  flashggSystTagMerger
TimeReport   0.000354     0.000355  tagsDumper
TimeReport  per event    per visit  Name

TimeReport ---------- Module Summary ---[Real sec]----
TimeReport  per event     per exec    per visit  Name
TimeReport   0.000003     0.000003     0.000003  TriggerResults
TimeReport   0.000009     0.000009     0.000009  VHFilter
TimeReport   0.000004     0.000004     0.000004  ak4PFCHSL1FastL2L3Corrector
TimeReport   0.000005     0.000005     0.000005  ak4PFCHSL1FastjetCorrector
TimeReport   0.000002     0.000002     0.000002  ak4PFCHSL2RelativeCorrector
TimeReport   0.000012     0.000012     0.000012  ak4PFCHSL3AbsoluteCorrector
TimeReport   0.000032     0.000032     0.000032  flashggDiPhotonMVA
TimeReport   0.058901     0.059145     0.059145  flashggDiPhotonSystematics
TimeReport   0.066557     0.066832     0.066832  flashggDifferentialPhoIdInputsCorrection
TimeReport   0.000052     0.000052     0.000052  flashggElectronSystematics
TimeReport   0.000058     0.000058     0.000058  flashggGluGluHMVA
TimeReport   0.006159     0.006185     0.006185  flashggJetSystematics0
TimeReport   0.000958     0.000962     0.000962  flashggJetSystematics1
TimeReport   0.000756     0.000759     0.000759  flashggJetSystematics10
TimeReport   0.000753     0.000756     0.000756  flashggJetSystematics11
TimeReport   0.000827     0.000830     0.000830  flashggJetSystematics2
TimeReport   0.000794     0.000798     0.000798  flashggJetSystematics3
TimeReport   0.000780     0.000783     0.000783  flashggJetSystematics4
TimeReport   0.000772     0.000775     0.000775  flashggJetSystematics5
TimeReport   0.000767     0.000770     0.000770  flashggJetSystematics6
TimeReport   0.000764     0.000767     0.000767  flashggJetSystematics7
TimeReport   0.000760     0.000763     0.000763  flashggJetSystematics8
TimeReport   0.000755     0.000759     0.000759  flashggJetSystematics9
TimeReport   0.000026     0.000026     0.000026  flashggMetFilters
TimeReport   0.000244     0.000245     0.000245  flashggMetSystematics
TimeReport   0.000035     0.000035     0.000035  flashggMuonSystematics
TimeReport   0.000452     0.000454     0.000454  flashggPrefireDiPhotons
TimeReport   0.000144     0.000145     0.000145  flashggPreselectedDiPhotons
TimeReport   0.000037     0.000038     0.000038  flashggStageOneCombinedTag
TimeReport   0.000005     0.000005     0.000005  flashggSystTagMerger
TimeReport   0.000703     0.000706     0.000706  flashggTHQLeptonicTag
TimeReport   0.001725     0.001733     0.001733  flashggTTHHadronicTag
TimeReport   0.000104     0.000104     0.000104  flashggTTHLeptonicTag
TimeReport   0.000112     0.000112     0.000112  flashggTagSorter
TimeReport   0.000395     0.000397     0.000397  flashggUnpackedJets
TimeReport   0.000035     0.000035     0.000035  flashggVBFMVA
TimeReport   0.000314     0.000315     0.000315  flashggVHMetTag
TimeReport   0.000020     0.000020     0.000020  flashggVHhadMVA
TimeReport   0.000035     0.000035     0.000035  flashggWHLeptonicTag
TimeReport   0.000027     0.000027     0.000027  flashggZHLeptonicTag
TimeReport   0.000004     0.000004     0.000004  p
TimeReport   0.000354     0.000355     0.000355  tagsDumper
TimeReport  per event     per exec    per visit  Name

T---Report end!


=============================================

MessageLogger Summary

 type     category        sev    module        subroutine        count    total
 ---- -------------------- -- ---------------- ----------------  -----    -----
    1 XrdAdaptor           -w file_open                              1        1
    2 fileAction           -s file_close                             1        1
    3 fileAction           -s file_open                              2        2

 type    category    Examples: run/evt        run/evt          run/evt
 ---- -------------------- ---------------- ---------------- ----------------
    1 XrdAdaptor           pre-events                        
    2 fileAction           PostGlobalEndRun                  
    3 fileAction           pre-events       pre-events       

Severity    # Occurrences   Total Occurrences
--------    -------------   -----------------
Warning                 1                   1
System                  3                   3

dropped waiting message count 0
