mkdir: cannot create directory '/afs/cern.ch/user/x/xisu/private/local/Analysis_workspace/VH_AC_tmp1/flashgg_d2/CMSSW_10_6_29/src/flashgg/VHAC_Analysis_Met/UL_17/UL_17_zh125': File exists
/cvmfs/cms.cern.ch/slc7_amd64_gcc700/external/py2-requests/2.21.0-pafccj2/lib/python2.7/site-packages/requests/__init__.py:91: RequestsDependencyWarning: urllib3 (1.25.2) or chardet (3.0.4) doesn't match a supported version!
  RequestsDependencyWarning)
20-Dec-2022 11:11:23 CET  Initiating request to open file root://cms-xrd-global.cern.ch//store/user/alesauva/flashgg/UL2017_4/10_6_4/ZHiggs0PMToGG_M125_TuneCP5_13TeV-JHUGenV7011-pythia8/UL2017_4-10_6_4-v0-RunIISummer19UL17MiniAOD-106X_mc2017_realistic_v6-v2/200720_162909/0000/myMicroAODOutputFile_2.root
%MSG-w XrdAdaptor:  file_open 20-Dec-2022 11:11:25 CET pre-events
Data is served from GRIF-IRFU instead of original site CERN-CMSGLOBAL-02
%MSG
20-Dec-2022 11:11:26 CET  Successfully opened file root://cms-xrd-global.cern.ch//store/user/alesauva/flashgg/UL2017_4/10_6_4/ZHiggs0PMToGG_M125_TuneCP5_13TeV-JHUGenV7011-pythia8/UL2017_4-10_6_4-v0-RunIISummer19UL17MiniAOD-106X_mc2017_realistic_v6-v2/200720_162909/0000/myMicroAODOutputFile_2.root
2022-12-20 11:22:40.249082: I tensorflow/core/platform/cpu_feature_guard.cc:140] Your CPU supports instructions that this TensorFlow binary was not compiled to use: SSE4.1 SSE4.2 AVX AVX2 FMA
Begin processing the 1st record. Run 1, Event 381201, LumiSection 3813 on stream 0 at 20-Dec-2022 11:23:24.937 CET
[2022-12-20 11:24:09.155760 +0100][Error  ][AsyncSock         ] [xrootd.ba.infn.it:1094 #0.0] Socket error while handshaking: [ERROR] Socket timeout
[2022-12-20 11:24:09.155932 +0100][Error  ][PostMaster        ] [xrootd.ba.infn.it:1094 #0] elapsed = 46, pConnectionWindow = 31 seconds.
[2022-12-20 11:24:54.940812 +0100][Error  ][AsyncSock         ] [xrootd.ba.infn.it:1094 #0.0] Socket error while handshaking: [ERROR] Socket timeout
[2022-12-20 11:24:54.941008 +0100][Error  ][PostMaster        ] [xrootd.ba.infn.it:1094 #0] elapsed = 45, pConnectionWindow = 31 seconds.
[2022-12-20 11:24:54.941078 +0100][Error  ][PostMaster        ] [xrootd.ba.infn.it:1094 #0] Unable to recover: [ERROR] Socket timeout.
[2022-12-20 11:24:54.941099 +0100][Error  ][XRootD            ] [xrootd.ba.infn.it:1094] Impossible to send message kXR_open (file: /store/user/alesauva/flashgg/UL2017_4/10_6_4/ZHiggs0PMToGG_M125_TuneCP5_13TeV-JHUGenV7011-pythia8/UL2017_4-10_6_4-v0-RunIISummer19UL17MiniAOD-106X_mc2017_realistic_v6-v2/200720_162909/0000/myMicroAODOutputFile_2.root?tried=stor92.datagrid.cea.fr, mode: 0660, flags: kXR_open_read kXR_async kXR_retstat ). Trying to recover.
Begin processing the 1001st record. Run 1, Event 392704, LumiSection 3928 on stream 0 at 20-Dec-2022 11:27:14.557 CET
Begin processing the 2001st record. Run 1, Event 393904, LumiSection 3940 on stream 0 at 20-Dec-2022 11:28:57.633 CET
[2022-12-20 11:29:59.079697 +0100][Error  ][AsyncSock         ] [xrootd.ba.infn.it:1094 #0.0] Socket error while handshaking: [ERROR] Socket timeout
[2022-12-20 11:29:59.079869 +0100][Error  ][PostMaster        ] [xrootd.ba.infn.it:1094 #0] elapsed = 46, pConnectionWindow = 31 seconds.
[2022-12-20 11:30:44.327652 +0100][Error  ][AsyncSock         ] [xrootd.ba.infn.it:1094 #0.0] Socket error while handshaking: [ERROR] Socket timeout
[2022-12-20 11:30:44.327804 +0100][Error  ][PostMaster        ] [xrootd.ba.infn.it:1094 #0] elapsed = 45, pConnectionWindow = 31 seconds.
[2022-12-20 11:30:44.327814 +0100][Error  ][PostMaster        ] [xrootd.ba.infn.it:1094 #0] Unable to recover: [ERROR] Socket timeout.
[2022-12-20 11:30:44.327829 +0100][Error  ][XRootD            ] [xrootd.ba.infn.it:1094] Impossible to send message kXR_open (file: /store/user/alesauva/flashgg/UL2017_4/10_6_4/ZHiggs0PMToGG_M125_TuneCP5_13TeV-JHUGenV7011-pythia8/UL2017_4-10_6_4-v0-RunIISummer19UL17MiniAOD-106X_mc2017_realistic_v6-v2/200720_162909/0000/myMicroAODOutputFile_2.root?tried=stor92.datagrid.cea.fr, mode: 0660, flags: kXR_open_read kXR_async kXR_retstat ). Trying to recover.
Begin processing the 3001st record. Run 1, Event 131004, LumiSection 1311 on stream 0 at 20-Dec-2022 11:30:50.488 CET
Begin processing the 4001st record. Run 1, Event 132002, LumiSection 1321 on stream 0 at 20-Dec-2022 11:32:54.098 CET
Begin processing the 5001st record. Run 1, Event 137703, LumiSection 1378 on stream 0 at 20-Dec-2022 11:34:55.407 CET
Begin processing the 6001st record. Run 1, Event 144202, LumiSection 1443 on stream 0 at 20-Dec-2022 11:36:50.550 CET
[2022-12-20 11:38:28.621706 +0100][Error  ][AsyncSock         ] [xrootd.ba.infn.it:1094 #0.0] Socket error while handshaking: [ERROR] Socket timeout
[2022-12-20 11:38:28.621833 +0100][Error  ][PostMaster        ] [xrootd.ba.infn.it:1094 #0] elapsed = 45, pConnectionWindow = 31 seconds.
Begin processing the 7001st record. Run 1, Event 145205, LumiSection 1453 on stream 0 at 20-Dec-2022 11:38:50.550 CET
[2022-12-20 11:39:13.852734 +0100][Error  ][AsyncSock         ] [xrootd.ba.infn.it:1094 #0.0] Socket error while handshaking: [ERROR] Socket timeout
[2022-12-20 11:39:13.852888 +0100][Error  ][PostMaster        ] [xrootd.ba.infn.it:1094 #0] elapsed = 45, pConnectionWindow = 31 seconds.
[2022-12-20 11:39:13.852898 +0100][Error  ][PostMaster        ] [xrootd.ba.infn.it:1094 #0] Unable to recover: [ERROR] Socket timeout.
[2022-12-20 11:39:13.852930 +0100][Error  ][XRootD            ] [xrootd.ba.infn.it:1094] Impossible to send message kXR_open (file: /store/user/alesauva/flashgg/UL2017_4/10_6_4/ZHiggs0PMToGG_M125_TuneCP5_13TeV-JHUGenV7011-pythia8/UL2017_4-10_6_4-v0-RunIISummer19UL17MiniAOD-106X_mc2017_realistic_v6-v2/200720_162909/0000/myMicroAODOutputFile_2.root?tried=stor92.datagrid.cea.fr, mode: 0660, flags: kXR_open_read kXR_async kXR_retstat ). Trying to recover.
Begin processing the 8001st record. Run 1, Event 729602, LumiSection 7297 on stream 0 at 20-Dec-2022 11:40:52.410 CET
Begin processing the 9001st record. Run 1, Event 731005, LumiSection 7311 on stream 0 at 20-Dec-2022 11:42:49.011 CET
Begin processing the 10001st record. Run 1, Event 165910, LumiSection 1660 on stream 0 at 20-Dec-2022 11:44:39.146 CET
Begin processing the 11001st record. Run 1, Event 166907, LumiSection 1670 on stream 0 at 20-Dec-2022 11:46:36.876 CET
[2022-12-20 11:46:48.316962 +0100][Error  ][AsyncSock         ] [xrootd.ba.infn.it:1094 #0.0] Socket error while handshaking: [ERROR] Socket timeout
[2022-12-20 11:46:48.317061 +0100][Error  ][PostMaster        ] [xrootd.ba.infn.it:1094 #0] elapsed = 45, pConnectionWindow = 31 seconds.
[2022-12-20 11:47:33.575726 +0100][Error  ][AsyncSock         ] [xrootd.ba.infn.it:1094 #0.0] Socket error while handshaking: [ERROR] Socket timeout
[2022-12-20 11:47:33.575876 +0100][Error  ][PostMaster        ] [xrootd.ba.infn.it:1094 #0] elapsed = 45, pConnectionWindow = 31 seconds.
[2022-12-20 11:47:33.575887 +0100][Error  ][PostMaster        ] [xrootd.ba.infn.it:1094 #0] Unable to recover: [ERROR] Socket timeout.
[2022-12-20 11:47:33.575897 +0100][Error  ][XRootD            ] [xrootd.ba.infn.it:1094] Impossible to send message kXR_open (file: /store/user/alesauva/flashgg/UL2017_4/10_6_4/ZHiggs0PMToGG_M125_TuneCP5_13TeV-JHUGenV7011-pythia8/UL2017_4-10_6_4-v0-RunIISummer19UL17MiniAOD-106X_mc2017_realistic_v6-v2/200720_162909/0000/myMicroAODOutputFile_2.root?tried=stor92.datagrid.cea.fr, mode: 0660, flags: kXR_open_read kXR_async kXR_retstat ). Trying to recover.
Begin processing the 12001st record. Run 1, Event 170302, LumiSection 1704 on stream 0 at 20-Dec-2022 11:48:27.363 CET
Begin processing the 13001st record. Run 1, Event 192109, LumiSection 1922 on stream 0 at 20-Dec-2022 11:50:24.975 CET
Begin processing the 14001st record. Run 1, Event 193106, LumiSection 1932 on stream 0 at 20-Dec-2022 11:52:24.546 CET
[2022-12-20 11:53:05.865952 +0100][Error  ][AsyncSock         ] [xrootd.ba.infn.it:1094 #0.0] Socket error while handshaking: [ERROR] Socket timeout
[2022-12-20 11:53:05.866092 +0100][Error  ][PostMaster        ] [xrootd.ba.infn.it:1094 #0] elapsed = 45, pConnectionWindow = 31 seconds.
[2022-12-20 11:53:50.099660 +0100][Error  ][AsyncSock         ] [xrootd.ba.infn.it:1094 #0.0] Socket error while handshaking: [ERROR] Socket timeout
[2022-12-20 11:53:50.099841 +0100][Error  ][PostMaster        ] [xrootd.ba.infn.it:1094 #0] elapsed = 45, pConnectionWindow = 31 seconds.
[2022-12-20 11:53:50.099849 +0100][Error  ][PostMaster        ] [xrootd.ba.infn.it:1094 #0] Unable to recover: [ERROR] Socket timeout.
[2022-12-20 11:53:50.099857 +0100][Error  ][XRootD            ] [xrootd.ba.infn.it:1094] Impossible to send message kXR_open (file: /store/user/alesauva/flashgg/UL2017_4/10_6_4/ZHiggs0PMToGG_M125_TuneCP5_13TeV-JHUGenV7011-pythia8/UL2017_4-10_6_4-v0-RunIISummer19UL17MiniAOD-106X_mc2017_realistic_v6-v2/200720_162909/0000/myMicroAODOutputFile_2.root?tried=stor92.datagrid.cea.fr, mode: 0660, flags: kXR_open_read kXR_async kXR_retstat ). Trying to recover.
Begin processing the 15001st record. Run 1, Event 194106, LumiSection 1942 on stream 0 at 20-Dec-2022 11:54:20.746 CET
Begin processing the 16001st record. Run 1, Event 365203, LumiSection 3653 on stream 0 at 20-Dec-2022 11:56:19.513 CET
Begin processing the 17001st record. Run 1, Event 366207, LumiSection 3663 on stream 0 at 20-Dec-2022 11:58:12.544 CET
Begin processing the 18001st record. Run 1, Event 357107, LumiSection 3572 on stream 0 at 20-Dec-2022 12:00:07.684 CET
[2022-12-20 12:01:25.075748 +0100][Error  ][AsyncSock         ] [xrootd.ba.infn.it:1094 #0.0] Socket error while handshaking: [ERROR] Socket timeout
[2022-12-20 12:01:25.075909 +0100][Error  ][PostMaster        ] [xrootd.ba.infn.it:1094 #0] elapsed = 46, pConnectionWindow = 31 seconds.
Begin processing the 19001st record. Run 1, Event 358105, LumiSection 3582 on stream 0 at 20-Dec-2022 12:02:07.724 CET
[2022-12-20 12:02:10.319795 +0100][Error  ][AsyncSock         ] [xrootd.ba.infn.it:1094 #0.0] Socket error while handshaking: [ERROR] Socket timeout
[2022-12-20 12:02:10.319977 +0100][Error  ][PostMaster        ] [xrootd.ba.infn.it:1094 #0] elapsed = 45, pConnectionWindow = 31 seconds.
[2022-12-20 12:02:10.319992 +0100][Error  ][PostMaster        ] [xrootd.ba.infn.it:1094 #0] Unable to recover: [ERROR] Socket timeout.
[2022-12-20 12:02:10.320018 +0100][Error  ][XRootD            ] [xrootd.ba.infn.it:1094] Impossible to send message kXR_open (file: /store/user/alesauva/flashgg/UL2017_4/10_6_4/ZHiggs0PMToGG_M125_TuneCP5_13TeV-JHUGenV7011-pythia8/UL2017_4-10_6_4-v0-RunIISummer19UL17MiniAOD-106X_mc2017_realistic_v6-v2/200720_162909/0000/myMicroAODOutputFile_2.root?tried=stor92.datagrid.cea.fr, mode: 0660, flags: kXR_open_read kXR_async kXR_retstat ). Trying to recover.
Begin processing the 20001st record. Run 1, Event 532409, LumiSection 5325 on stream 0 at 20-Dec-2022 12:03:59.488 CET
Begin processing the 21001st record. Run 1, Event 533406, LumiSection 5335 on stream 0 at 20-Dec-2022 12:05:55.270 CET
[2022-12-20 12:07:34.165689 +0100][Error  ][AsyncSock         ] [xrootd.ba.infn.it:1094 #0.0] Socket error while handshaking: [ERROR] Socket timeout
[2022-12-20 12:07:34.165853 +0100][Error  ][PostMaster        ] [xrootd.ba.infn.it:1094 #0] elapsed = 46, pConnectionWindow = 31 seconds.
Begin processing the 22001st record. Run 1, Event 2804, LumiSection 29 on stream 0 at 20-Dec-2022 12:07:44.722 CET
[2022-12-20 12:08:19.416663 +0100][Error  ][AsyncSock         ] [xrootd.ba.infn.it:1094 #0.0] Socket error while handshaking: [ERROR] Socket timeout
[2022-12-20 12:08:19.416808 +0100][Error  ][PostMaster        ] [xrootd.ba.infn.it:1094 #0] elapsed = 45, pConnectionWindow = 31 seconds.
[2022-12-20 12:08:19.416818 +0100][Error  ][PostMaster        ] [xrootd.ba.infn.it:1094 #0] Unable to recover: [ERROR] Socket timeout.
[2022-12-20 12:08:19.416826 +0100][Error  ][XRootD            ] [xrootd.ba.infn.it:1094] Impossible to send message kXR_open (file: /store/user/alesauva/flashgg/UL2017_4/10_6_4/ZHiggs0PMToGG_M125_TuneCP5_13TeV-JHUGenV7011-pythia8/UL2017_4-10_6_4-v0-RunIISummer19UL17MiniAOD-106X_mc2017_realistic_v6-v2/200720_162909/0000/myMicroAODOutputFile_2.root?tried=stor92.datagrid.cea.fr, mode: 0660, flags: kXR_open_read kXR_async kXR_retstat ). Trying to recover.
Begin processing the 23001st record. Run 1, Event 3807, LumiSection 39 on stream 0 at 20-Dec-2022 12:09:38.646 CET
Begin processing the 24001st record. Run 1, Event 4809, LumiSection 49 on stream 0 at 20-Dec-2022 12:11:24.720 CET
20-Dec-2022 12:13:19 CET  Closed file root://cms-xrd-global.cern.ch//store/user/alesauva/flashgg/UL2017_4/10_6_4/ZHiggs0PMToGG_M125_TuneCP5_13TeV-JHUGenV7011-pythia8/UL2017_4-10_6_4-v0-RunIISummer19UL17MiniAOD-106X_mc2017_realistic_v6-v2/200720_162909/0000/myMicroAODOutputFile_2.root

TrigReport ---------- Event  Summary ------------
TrigReport Events total = 25000 passed = 24883 failed = 117

TrigReport ---------- Path   Summary ------------
TrigReport  Trig Bit#   Executed     Passed     Failed      Error Name
TrigReport     1    0      25000      24883        117          0 p

TrigReport -------End-Path   Summary ------------
TrigReport  Trig Bit#   Executed     Passed     Failed      Error Name

TrigReport ---------- Modules in Path: p ------------
TrigReport  Trig Bit#    Visited     Passed     Failed      Error Name
TrigReport     1    0      25000      24883        117          0 flashggMetFilters
TrigReport     1    1      24883      24883          0          0 VHFilter
TrigReport     1    2      24883      24883          0          0 flashggDifferentialPhoIdInputsCorrection
TrigReport     1    3      24883      24883          0          0 flashggDiPhotonSystematics
TrigReport     1    4      24883      24883          0          0 flashggMetSystematics
TrigReport     1    5      24883      24883          0          0 flashggMuonSystematics
TrigReport     1    6      24883      24883          0          0 flashggElectronSystematics
TrigReport     1    7      24883      24883          0          0 flashggUnpackedJets
TrigReport     1    8      24883      24883          0          0 flashggJetSystematics0
TrigReport     1    9      24883      24883          0          0 flashggJetSystematics1
TrigReport     1   10      24883      24883          0          0 flashggJetSystematics2
TrigReport     1   11      24883      24883          0          0 flashggJetSystematics3
TrigReport     1   12      24883      24883          0          0 flashggJetSystematics4
TrigReport     1   13      24883      24883          0          0 flashggJetSystematics5
TrigReport     1   14      24883      24883          0          0 flashggJetSystematics6
TrigReport     1   15      24883      24883          0          0 flashggJetSystematics7
TrigReport     1   16      24883      24883          0          0 flashggJetSystematics8
TrigReport     1   17      24883      24883          0          0 flashggJetSystematics9
TrigReport     1   18      24883      24883          0          0 flashggJetSystematics10
TrigReport     1   19      24883      24883          0          0 flashggJetSystematics11
TrigReport     1   20      24883      24883          0          0 flashggPrefireDiPhotons
TrigReport     1   21      24883      24883          0          0 flashggPreselectedDiPhotons
TrigReport     1   22      24883      24883          0          0 flashggDiPhotonMVA
TrigReport     1   23      24883      24883          0          0 flashggVBFMVA
TrigReport     1   24      24883      24883          0          0 flashggVHhadMVA
TrigReport     1   25      24883      24883          0          0 flashggGluGluHMVA
TrigReport     1   26      24883      24883          0          0 flashggStageOneCombinedTag
TrigReport     1   27      24883      24883          0          0 flashggTHQLeptonicTag
TrigReport     1   28      24883      24883          0          0 flashggVHMetTag
TrigReport     1   29      24883      24883          0          0 flashggWHLeptonicTag
TrigReport     1   30      24883      24883          0          0 flashggZHLeptonicTag
TrigReport     1   31      24883      24883          0          0 flashggTTHLeptonicTag
TrigReport     1   32      24883      24883          0          0 flashggTTHHadronicTag
TrigReport     1   33      24883      24883          0          0 flashggTagSorter
TrigReport     1   34      24883      24883          0          0 flashggSystTagMerger
TrigReport     1   35      24883      24883          0          0 tagsDumper

TrigReport ---------- Module Summary ------------
TrigReport    Visited   Executed     Passed     Failed      Error Name
TrigReport      25000      25000      25000          0          0 TriggerResults
TrigReport      24883      24883      24883          0          0 VHFilter
TrigReport      24883      24883      24883          0          0 ak4PFCHSL1FastL2L3Corrector
TrigReport      24883      24883      24883          0          0 ak4PFCHSL1FastjetCorrector
TrigReport      24883      24883      24883          0          0 ak4PFCHSL2RelativeCorrector
TrigReport      24883      24883      24883          0          0 ak4PFCHSL3AbsoluteCorrector
TrigReport      24883      24883      24883          0          0 flashggDiPhotonMVA
TrigReport      24883      24883      24883          0          0 flashggDiPhotonSystematics
TrigReport      24883      24883      24883          0          0 flashggDifferentialPhoIdInputsCorrection
TrigReport      24883      24883      24883          0          0 flashggElectronSystematics
TrigReport      24883      24883      24883          0          0 flashggGluGluHMVA
TrigReport      24883      24883      24883          0          0 flashggJetSystematics0
TrigReport      24883      24883      24883          0          0 flashggJetSystematics1
TrigReport      24883      24883      24883          0          0 flashggJetSystematics10
TrigReport      24883      24883      24883          0          0 flashggJetSystematics11
TrigReport      24883      24883      24883          0          0 flashggJetSystematics2
TrigReport      24883      24883      24883          0          0 flashggJetSystematics3
TrigReport      24883      24883      24883          0          0 flashggJetSystematics4
TrigReport      24883      24883      24883          0          0 flashggJetSystematics5
TrigReport      24883      24883      24883          0          0 flashggJetSystematics6
TrigReport      24883      24883      24883          0          0 flashggJetSystematics7
TrigReport      24883      24883      24883          0          0 flashggJetSystematics8
TrigReport      24883      24883      24883          0          0 flashggJetSystematics9
TrigReport      25000      25000      24883        117          0 flashggMetFilters
TrigReport      24883      24883      24883          0          0 flashggMetSystematics
TrigReport      24883      24883      24883          0          0 flashggMuonSystematics
TrigReport      24883      24883      24883          0          0 flashggPrefireDiPhotons
TrigReport      24883      24883      24883          0          0 flashggPreselectedDiPhotons
TrigReport      24883      24883      24883          0          0 flashggStageOneCombinedTag
TrigReport      24883      24883      24883          0          0 flashggSystTagMerger
TrigReport      24883      24883      24883          0          0 flashggTHQLeptonicTag
TrigReport      24883      24883      24883          0          0 flashggTTHHadronicTag
TrigReport      24883      24883      24883          0          0 flashggTTHLeptonicTag
TrigReport      24883      24883      24883          0          0 flashggTagSorter
TrigReport      24883      24883      24883          0          0 flashggUnpackedJets
TrigReport      24883      24883      24883          0          0 flashggVBFMVA
TrigReport      24883      24883      24883          0          0 flashggVHMetTag
TrigReport      24883      24883      24883          0          0 flashggVHhadMVA
TrigReport      24883      24883      24883          0          0 flashggWHLeptonicTag
TrigReport      24883      24883      24883          0          0 flashggZHLeptonicTag
TrigReport      25000      25000      25000          0          0 p
TrigReport      24883      24883      24883          0          0 tagsDumper

TimeReport ---------- Event  Summary ---[sec]----
TimeReport       event loop CPU/event = 0.118986
TimeReport      event loop Real/event = 0.119854
TimeReport     sum Streams Real/event = 0.116312
TimeReport efficiency CPU/Real/thread = 0.992757

TimeReport ---------- Path   Summary ---[Real sec]----
TimeReport  per event     per exec  Name
TimeReport   0.115817     0.115817  p
TimeReport  per event     per exec  Name

TimeReport -------End-Path   Summary ---[Real sec]----
TimeReport  per event     per exec  Name
TimeReport  per event     per exec  Name

TimeReport ---------- Modules in Path: p ---[Real sec]----
TimeReport  per event    per visit  Name
TimeReport   0.000015     0.000015  flashggMetFilters
TimeReport   0.000005     0.000005  VHFilter
TimeReport   0.064367     0.064670  flashggDifferentialPhoIdInputsCorrection
TimeReport   0.036798     0.036971  flashggDiPhotonSystematics
TimeReport   0.000166     0.000167  flashggMetSystematics
TimeReport   0.000022     0.000022  flashggMuonSystematics
TimeReport   0.000034     0.000035  flashggElectronSystematics
TimeReport   0.000217     0.000218  flashggUnpackedJets
TimeReport   0.003729     0.003747  flashggJetSystematics0
TimeReport   0.000558     0.000561  flashggJetSystematics1
TimeReport   0.000492     0.000494  flashggJetSystematics2
TimeReport   0.000472     0.000475  flashggJetSystematics3
TimeReport   0.000462     0.000465  flashggJetSystematics4
TimeReport   0.000456     0.000458  flashggJetSystematics5
TimeReport   0.000453     0.000455  flashggJetSystematics6
TimeReport   0.000451     0.000453  flashggJetSystematics7
TimeReport   0.000448     0.000451  flashggJetSystematics8
TimeReport   0.000449     0.000451  flashggJetSystematics9
TimeReport   0.000447     0.000449  flashggJetSystematics10
TimeReport   0.000445     0.000447  flashggJetSystematics11
TimeReport   0.000255     0.000256  flashggPrefireDiPhotons
TimeReport   0.000104     0.000105  flashggPreselectedDiPhotons
TimeReport   0.000030     0.000030  flashggDiPhotonMVA
TimeReport   0.000025     0.000026  flashggVBFMVA
TimeReport   0.000015     0.000015  flashggVHhadMVA
TimeReport   0.000046     0.000046  flashggGluGluHMVA
TimeReport   0.000028     0.000028  flashggStageOneCombinedTag
TimeReport   0.000634     0.000637  flashggTHQLeptonicTag
TimeReport   0.000301     0.000303  flashggVHMetTag
TimeReport   0.000023     0.000023  flashggWHLeptonicTag
TimeReport   0.000018     0.000018  flashggZHLeptonicTag
TimeReport   0.000054     0.000055  flashggTTHLeptonicTag
TimeReport   0.001126     0.001132  flashggTTHHadronicTag
TimeReport   0.000080     0.000081  flashggTagSorter
TimeReport   0.000003     0.000003  flashggSystTagMerger
TimeReport   0.000278     0.000279  tagsDumper
TimeReport  per event    per visit  Name

TimeReport ---------- Module Summary ---[Real sec]----
TimeReport  per event     per exec    per visit  Name
TimeReport   0.000003     0.000003     0.000003  TriggerResults
TimeReport   0.000005     0.000005     0.000005  VHFilter
TimeReport   0.000004     0.000004     0.000004  ak4PFCHSL1FastL2L3Corrector
TimeReport   0.000004     0.000004     0.000004  ak4PFCHSL1FastjetCorrector
TimeReport   0.000001     0.000002     0.000002  ak4PFCHSL2RelativeCorrector
TimeReport   0.000013     0.000013     0.000013  ak4PFCHSL3AbsoluteCorrector
TimeReport   0.000030     0.000030     0.000030  flashggDiPhotonMVA
TimeReport   0.036798     0.036971     0.036971  flashggDiPhotonSystematics
TimeReport   0.064367     0.064670     0.064670  flashggDifferentialPhoIdInputsCorrection
TimeReport   0.000034     0.000035     0.000035  flashggElectronSystematics
TimeReport   0.000046     0.000046     0.000046  flashggGluGluHMVA
TimeReport   0.003729     0.003747     0.003747  flashggJetSystematics0
TimeReport   0.000558     0.000561     0.000561  flashggJetSystematics1
TimeReport   0.000447     0.000449     0.000449  flashggJetSystematics10
TimeReport   0.000445     0.000447     0.000447  flashggJetSystematics11
TimeReport   0.000492     0.000494     0.000494  flashggJetSystematics2
TimeReport   0.000472     0.000475     0.000475  flashggJetSystematics3
TimeReport   0.000462     0.000465     0.000465  flashggJetSystematics4
TimeReport   0.000456     0.000458     0.000458  flashggJetSystematics5
TimeReport   0.000453     0.000455     0.000455  flashggJetSystematics6
TimeReport   0.000451     0.000453     0.000453  flashggJetSystematics7
TimeReport   0.000448     0.000451     0.000451  flashggJetSystematics8
TimeReport   0.000449     0.000451     0.000451  flashggJetSystematics9
TimeReport   0.000015     0.000015     0.000015  flashggMetFilters
TimeReport   0.000166     0.000167     0.000167  flashggMetSystematics
TimeReport   0.000022     0.000022     0.000022  flashggMuonSystematics
TimeReport   0.000255     0.000256     0.000256  flashggPrefireDiPhotons
TimeReport   0.000104     0.000105     0.000105  flashggPreselectedDiPhotons
TimeReport   0.000028     0.000028     0.000028  flashggStageOneCombinedTag
TimeReport   0.000003     0.000003     0.000003  flashggSystTagMerger
TimeReport   0.000634     0.000637     0.000637  flashggTHQLeptonicTag
TimeReport   0.001126     0.001132     0.001132  flashggTTHHadronicTag
TimeReport   0.000054     0.000055     0.000055  flashggTTHLeptonicTag
TimeReport   0.000080     0.000081     0.000081  flashggTagSorter
TimeReport   0.000217     0.000218     0.000218  flashggUnpackedJets
TimeReport   0.000025     0.000026     0.000026  flashggVBFMVA
TimeReport   0.000301     0.000303     0.000303  flashggVHMetTag
TimeReport   0.000015     0.000015     0.000015  flashggVHhadMVA
TimeReport   0.000023     0.000023     0.000023  flashggWHLeptonicTag
TimeReport   0.000018     0.000018     0.000018  flashggZHLeptonicTag
TimeReport   0.000003     0.000003     0.000003  p
TimeReport   0.000278     0.000279     0.000279  tagsDumper
TimeReport  per event     per exec    per visit  Name

T---Report end!


=============================================

MessageLogger Summary

 type     category        sev    module        subroutine        count    total
 ---- -------------------- -- ---------------- ----------------  -----    -----
    1 XrdAdaptor           -w file_open                              1        1
    2 fileAction           -s file_close                             1        1
    3 fileAction           -s file_open                              2        2

 type    category    Examples: run/evt        run/evt          run/evt
 ---- -------------------- ---------------- ---------------- ----------------
    1 XrdAdaptor           pre-events                        
    2 fileAction           PostGlobalEndRun                  
    3 fileAction           pre-events       pre-events       

Severity    # Occurrences   Total Occurrences
--------    -------------   -----------------
Warning                 1                   1
System                  3                   3

dropped waiting message count 0
