mkdir: cannot create directory '/afs/cern.ch/user/x/xisu/private/local/Analysis_workspace/VH_AC_tmp1/flashgg_d2/CMSSW_10_6_29/src/flashgg/VHAC_Analysis_Met/UL_17/UL_17_zh125': File exists
/cvmfs/cms.cern.ch/slc7_amd64_gcc700/external/py2-requests/2.21.0-pafccj2/lib/python2.7/site-packages/requests/__init__.py:91: RequestsDependencyWarning: urllib3 (1.25.2) or chardet (3.0.4) doesn't match a supported version!
  RequestsDependencyWarning)
20-Dec-2022 11:10:51 CET  Initiating request to open file root://cms-xrd-global.cern.ch//store/user/alesauva/flashgg/UL2017_4/10_6_4/ZHiggs0MToGG_M125_TuneCP5_13TeV-JHUGenV7011-pythia8/UL2017_4-10_6_4-v0-RunIISummer19UL17MiniAOD-106X_mc2017_realistic_v6-v2/200720_162208/0000/myMicroAODOutputFile_27.root
%MSG-w XrdAdaptor:  file_open 20-Dec-2022 11:10:53 CET pre-events
Data is served from GRIF-IRFU instead of original site CERN-CMSGLOBAL-02
%MSG
20-Dec-2022 11:10:55 CET  Successfully opened file root://cms-xrd-global.cern.ch//store/user/alesauva/flashgg/UL2017_4/10_6_4/ZHiggs0MToGG_M125_TuneCP5_13TeV-JHUGenV7011-pythia8/UL2017_4-10_6_4-v0-RunIISummer19UL17MiniAOD-106X_mc2017_realistic_v6-v2/200720_162208/0000/myMicroAODOutputFile_27.root
2022-12-20 11:23:51.069399: I tensorflow/core/platform/cpu_feature_guard.cc:140] Your CPU supports instructions that this TensorFlow binary was not compiled to use: SSE4.1 SSE4.2 AVX AVX2 FMA
Begin processing the 1st record. Run 1, Event 233605, LumiSection 2337 on stream 0 at 20-Dec-2022 11:24:40.942 CET
[2022-12-20 11:25:25.163224 +0100][Error  ][AsyncSock         ] [xrootd.ba.infn.it:1094 #0.0] Socket error while handshaking: [ERROR] Socket timeout
[2022-12-20 11:25:25.163707 +0100][Error  ][PostMaster        ] [xrootd.ba.infn.it:1094 #0] elapsed = 46, pConnectionWindow = 31 seconds.
[2022-12-20 11:26:10.361089 +0100][Error  ][AsyncSock         ] [xrootd.ba.infn.it:1094 #0.0] Socket error while handshaking: [ERROR] Socket timeout
[2022-12-20 11:26:10.361239 +0100][Error  ][PostMaster        ] [xrootd.ba.infn.it:1094 #0] elapsed = 45, pConnectionWindow = 31 seconds.
[2022-12-20 11:26:10.361276 +0100][Error  ][PostMaster        ] [xrootd.ba.infn.it:1094 #0] Unable to recover: [ERROR] Socket timeout.
[2022-12-20 11:26:10.361305 +0100][Error  ][XRootD            ] [xrootd.ba.infn.it:1094] Impossible to send message kXR_open (file: /store/user/alesauva/flashgg/UL2017_4/10_6_4/ZHiggs0MToGG_M125_TuneCP5_13TeV-JHUGenV7011-pythia8/UL2017_4-10_6_4-v0-RunIISummer19UL17MiniAOD-106X_mc2017_realistic_v6-v2/200720_162208/0000/myMicroAODOutputFile_27.root?tried=stor72.datagrid.cea.fr, mode: 0660, flags: kXR_open_read kXR_async kXR_retstat ). Trying to recover.
Begin processing the 1001st record. Run 1, Event 234905, LumiSection 2350 on stream 0 at 20-Dec-2022 11:28:55.493 CET
[2022-12-20 11:30:55.799083 +0100][Error  ][AsyncSock         ] [xrootd.ba.infn.it:1094 #0.0] Socket error while handshaking: [ERROR] Socket timeout
[2022-12-20 11:30:55.799235 +0100][Error  ][PostMaster        ] [xrootd.ba.infn.it:1094 #0] elapsed = 45, pConnectionWindow = 31 seconds.
Begin processing the 2001st record. Run 1, Event 236102, LumiSection 2362 on stream 0 at 20-Dec-2022 11:30:58.283 CET
[2022-12-20 11:31:40.024468 +0100][Error  ][AsyncSock         ] [xrootd.ba.infn.it:1094 #0.0] Socket error while handshaking: [ERROR] Socket timeout
[2022-12-20 11:31:40.024576 +0100][Error  ][PostMaster        ] [xrootd.ba.infn.it:1094 #0] elapsed = 45, pConnectionWindow = 31 seconds.
[2022-12-20 11:31:40.024587 +0100][Error  ][PostMaster        ] [xrootd.ba.infn.it:1094 #0] Unable to recover: [ERROR] Socket timeout.
[2022-12-20 11:31:40.024596 +0100][Error  ][XRootD            ] [xrootd.ba.infn.it:1094] Impossible to send message kXR_open (file: /store/user/alesauva/flashgg/UL2017_4/10_6_4/ZHiggs0MToGG_M125_TuneCP5_13TeV-JHUGenV7011-pythia8/UL2017_4-10_6_4-v0-RunIISummer19UL17MiniAOD-106X_mc2017_realistic_v6-v2/200720_162208/0000/myMicroAODOutputFile_27.root?tried=stor72.datagrid.cea.fr, mode: 0660, flags: kXR_open_read kXR_async kXR_retstat ). Trying to recover.
Begin processing the 3001st record. Run 1, Event 237101, LumiSection 2372 on stream 0 at 20-Dec-2022 11:33:04.814 CET
Begin processing the 4001st record. Run 1, Event 246207, LumiSection 2463 on stream 0 at 20-Dec-2022 11:35:17.127 CET
[2022-12-20 11:35:59.506197 +0100][Error  ][AsyncSock         ] [xrootd.ba.infn.it:1094 #0.0] Socket error while handshaking: [ERROR] Socket timeout
[2022-12-20 11:35:59.506390 +0100][Error  ][PostMaster        ] [xrootd.ba.infn.it:1094 #0] elapsed = 45, pConnectionWindow = 31 seconds.
[2022-12-20 11:36:44.721670 +0100][Error  ][AsyncSock         ] [xrootd.ba.infn.it:1094 #0.0] Socket error while handshaking: [ERROR] Socket timeout
[2022-12-20 11:36:44.721851 +0100][Error  ][PostMaster        ] [xrootd.ba.infn.it:1094 #0] elapsed = 45, pConnectionWindow = 31 seconds.
[2022-12-20 11:36:44.721873 +0100][Error  ][PostMaster        ] [xrootd.ba.infn.it:1094 #0] Unable to recover: [ERROR] Socket timeout.
[2022-12-20 11:36:44.721884 +0100][Error  ][XRootD            ] [xrootd.ba.infn.it:1094] Impossible to send message kXR_open (file: /store/user/alesauva/flashgg/UL2017_4/10_6_4/ZHiggs0MToGG_M125_TuneCP5_13TeV-JHUGenV7011-pythia8/UL2017_4-10_6_4-v0-RunIISummer19UL17MiniAOD-106X_mc2017_realistic_v6-v2/200720_162208/0000/myMicroAODOutputFile_27.root?tried=stor72.datagrid.cea.fr, mode: 0660, flags: kXR_open_read kXR_async kXR_retstat ). Trying to recover.
Begin processing the 5001st record. Run 1, Event 490805, LumiSection 4909 on stream 0 at 20-Dec-2022 11:37:26.419 CET
Begin processing the 6001st record. Run 1, Event 238105, LumiSection 2382 on stream 0 at 20-Dec-2022 11:39:26.804 CET
Begin processing the 7001st record. Run 1, Event 239107, LumiSection 2392 on stream 0 at 20-Dec-2022 11:41:28.600 CET
Begin processing the 8001st record. Run 1, Event 240107, LumiSection 2402 on stream 0 at 20-Dec-2022 11:43:34.938 CET
[2022-12-20 11:44:13.588156 +0100][Error  ][AsyncSock         ] [xrootd.ba.infn.it:1094 #0.0] Socket error while handshaking: [ERROR] Socket timeout
[2022-12-20 11:44:13.588330 +0100][Error  ][PostMaster        ] [xrootd.ba.infn.it:1094 #0] elapsed = 45, pConnectionWindow = 31 seconds.
[2022-12-20 11:44:58.835692 +0100][Error  ][AsyncSock         ] [xrootd.ba.infn.it:1094 #0.0] Socket error while handshaking: [ERROR] Socket timeout
[2022-12-20 11:44:58.835816 +0100][Error  ][PostMaster        ] [xrootd.ba.infn.it:1094 #0] elapsed = 45, pConnectionWindow = 31 seconds.
[2022-12-20 11:44:58.835825 +0100][Error  ][PostMaster        ] [xrootd.ba.infn.it:1094 #0] Unable to recover: [ERROR] Socket timeout.
[2022-12-20 11:44:58.835834 +0100][Error  ][XRootD            ] [xrootd.ba.infn.it:1094] Impossible to send message kXR_open (file: /store/user/alesauva/flashgg/UL2017_4/10_6_4/ZHiggs0MToGG_M125_TuneCP5_13TeV-JHUGenV7011-pythia8/UL2017_4-10_6_4-v0-RunIISummer19UL17MiniAOD-106X_mc2017_realistic_v6-v2/200720_162208/0000/myMicroAODOutputFile_27.root?tried=stor72.datagrid.cea.fr, mode: 0660, flags: kXR_open_read kXR_async kXR_retstat ). Trying to recover.
Begin processing the 9001st record. Run 1, Event 241110, LumiSection 2412 on stream 0 at 20-Dec-2022 11:45:43.337 CET
Begin processing the 10001st record. Run 1, Event 242110, LumiSection 2422 on stream 0 at 20-Dec-2022 11:47:53.360 CET
Begin processing the 11001st record. Run 1, Event 243103, LumiSection 2432 on stream 0 at 20-Dec-2022 11:50:00.046 CET
Begin processing the 12001st record. Run 1, Event 305113, LumiSection 3052 on stream 0 at 20-Dec-2022 11:52:02.996 CET
[2022-12-20 11:52:38.673440 +0100][Error  ][AsyncSock         ] [xrootd.ba.infn.it:1094 #0.0] Socket error while handshaking: [ERROR] Socket timeout
[2022-12-20 11:52:38.673568 +0100][Error  ][PostMaster        ] [xrootd.ba.infn.it:1094 #0] elapsed = 45, pConnectionWindow = 31 seconds.
[2022-12-20 11:53:23.914068 +0100][Error  ][AsyncSock         ] [xrootd.ba.infn.it:1094 #0.0] Socket error while handshaking: [ERROR] Socket timeout
[2022-12-20 11:53:23.914183 +0100][Error  ][PostMaster        ] [xrootd.ba.infn.it:1094 #0] elapsed = 45, pConnectionWindow = 31 seconds.
[2022-12-20 11:53:23.914191 +0100][Error  ][PostMaster        ] [xrootd.ba.infn.it:1094 #0] Unable to recover: [ERROR] Socket timeout.
[2022-12-20 11:53:23.914204 +0100][Error  ][XRootD            ] [xrootd.ba.infn.it:1094] Impossible to send message kXR_open (file: /store/user/alesauva/flashgg/UL2017_4/10_6_4/ZHiggs0MToGG_M125_TuneCP5_13TeV-JHUGenV7011-pythia8/UL2017_4-10_6_4-v0-RunIISummer19UL17MiniAOD-106X_mc2017_realistic_v6-v2/200720_162208/0000/myMicroAODOutputFile_27.root?tried=stor72.datagrid.cea.fr, mode: 0660, flags: kXR_open_read kXR_async kXR_retstat ). Trying to recover.
Begin processing the 13001st record. Run 1, Event 661809, LumiSection 6619 on stream 0 at 20-Dec-2022 11:54:06.680 CET
Begin processing the 14001st record. Run 1, Event 662812, LumiSection 6629 on stream 0 at 20-Dec-2022 11:56:08.441 CET
Begin processing the 15001st record. Run 1, Event 663901, LumiSection 6640 on stream 0 at 20-Dec-2022 11:58:16.712 CET
Begin processing the 16001st record. Run 1, Event 665601, LumiSection 6657 on stream 0 at 20-Dec-2022 12:00:27.792 CET
[2022-12-20 12:01:00.571044 +0100][Error  ][AsyncSock         ] [xrootd.ba.infn.it:1094 #0.0] Socket error while handshaking: [ERROR] Socket timeout
[2022-12-20 12:01:00.571224 +0100][Error  ][PostMaster        ] [xrootd.ba.infn.it:1094 #0] elapsed = 45, pConnectionWindow = 31 seconds.
[2022-12-20 12:01:45.821528 +0100][Error  ][AsyncSock         ] [xrootd.ba.infn.it:1094 #0.0] Socket error while handshaking: [ERROR] Socket timeout
[2022-12-20 12:01:45.821630 +0100][Error  ][PostMaster        ] [xrootd.ba.infn.it:1094 #0] elapsed = 45, pConnectionWindow = 31 seconds.
[2022-12-20 12:01:45.821643 +0100][Error  ][PostMaster        ] [xrootd.ba.infn.it:1094 #0] Unable to recover: [ERROR] Socket timeout.
[2022-12-20 12:01:45.821663 +0100][Error  ][XRootD            ] [xrootd.ba.infn.it:1094] Impossible to send message kXR_open (file: /store/user/alesauva/flashgg/UL2017_4/10_6_4/ZHiggs0MToGG_M125_TuneCP5_13TeV-JHUGenV7011-pythia8/UL2017_4-10_6_4-v0-RunIISummer19UL17MiniAOD-106X_mc2017_realistic_v6-v2/200720_162208/0000/myMicroAODOutputFile_27.root?tried=stor72.datagrid.cea.fr, mode: 0660, flags: kXR_open_read kXR_async kXR_retstat ). Trying to recover.
Begin processing the 17001st record. Run 1, Event 370304, LumiSection 3704 on stream 0 at 20-Dec-2022 12:02:33.474 CET
Begin processing the 18001st record. Run 1, Event 371305, LumiSection 3714 on stream 0 at 20-Dec-2022 12:04:35.335 CET
Begin processing the 19001st record. Run 1, Event 372309, LumiSection 3724 on stream 0 at 20-Dec-2022 12:06:36.830 CET
Begin processing the 20001st record. Run 1, Event 479011, LumiSection 4791 on stream 0 at 20-Dec-2022 12:08:32.771 CET
Begin processing the 21001st record. Run 1, Event 480002, LumiSection 4801 on stream 0 at 20-Dec-2022 12:10:46.407 CET
[2022-12-20 12:11:12.121366 +0100][Error  ][AsyncSock         ] [xrootd.ba.infn.it:1094 #0.0] Socket error while handshaking: [ERROR] Socket timeout
[2022-12-20 12:11:12.121532 +0100][Error  ][PostMaster        ] [xrootd.ba.infn.it:1094 #0] elapsed = 45, pConnectionWindow = 31 seconds.
[2022-12-20 12:11:57.343071 +0100][Error  ][AsyncSock         ] [xrootd.ba.infn.it:1094 #0.0] Socket error while handshaking: [ERROR] Socket timeout
[2022-12-20 12:11:57.343207 +0100][Error  ][PostMaster        ] [xrootd.ba.infn.it:1094 #0] elapsed = 45, pConnectionWindow = 31 seconds.
[2022-12-20 12:11:57.343220 +0100][Error  ][PostMaster        ] [xrootd.ba.infn.it:1094 #0] Unable to recover: [ERROR] Socket timeout.
[2022-12-20 12:11:57.343229 +0100][Error  ][XRootD            ] [xrootd.ba.infn.it:1094] Impossible to send message kXR_open (file: /store/user/alesauva/flashgg/UL2017_4/10_6_4/ZHiggs0MToGG_M125_TuneCP5_13TeV-JHUGenV7011-pythia8/UL2017_4-10_6_4-v0-RunIISummer19UL17MiniAOD-106X_mc2017_realistic_v6-v2/200720_162208/0000/myMicroAODOutputFile_27.root?tried=stor72.datagrid.cea.fr, mode: 0660, flags: kXR_open_read kXR_async kXR_retstat ). Trying to recover.
Begin processing the 22001st record. Run 1, Event 489709, LumiSection 4898 on stream 0 at 20-Dec-2022 12:12:49.231 CET
Begin processing the 23001st record. Run 1, Event 488804, LumiSection 4889 on stream 0 at 20-Dec-2022 12:14:52.100 CET
Begin processing the 24001st record. Run 1, Event 491114, LumiSection 4912 on stream 0 at 20-Dec-2022 12:16:53.296 CET
[2022-12-20 12:17:19.445049 +0100][Error  ][AsyncSock         ] [xrootd.ba.infn.it:1094 #0.0] Socket error while handshaking: [ERROR] Socket timeout
[2022-12-20 12:17:19.445222 +0100][Error  ][PostMaster        ] [xrootd.ba.infn.it:1094 #0] elapsed = 45, pConnectionWindow = 31 seconds.
[2022-12-20 12:18:04.688075 +0100][Error  ][AsyncSock         ] [xrootd.ba.infn.it:1094 #0.0] Socket error while handshaking: [ERROR] Socket timeout
[2022-12-20 12:18:04.688192 +0100][Error  ][PostMaster        ] [xrootd.ba.infn.it:1094 #0] elapsed = 45, pConnectionWindow = 31 seconds.
[2022-12-20 12:18:04.688208 +0100][Error  ][PostMaster        ] [xrootd.ba.infn.it:1094 #0] Unable to recover: [ERROR] Socket timeout.
[2022-12-20 12:18:04.688218 +0100][Error  ][XRootD            ] [xrootd.ba.infn.it:1094] Impossible to send message kXR_open (file: /store/user/alesauva/flashgg/UL2017_4/10_6_4/ZHiggs0MToGG_M125_TuneCP5_13TeV-JHUGenV7011-pythia8/UL2017_4-10_6_4-v0-RunIISummer19UL17MiniAOD-106X_mc2017_realistic_v6-v2/200720_162208/0000/myMicroAODOutputFile_27.root?tried=stor72.datagrid.cea.fr, mode: 0660, flags: kXR_open_read kXR_async kXR_retstat ). Trying to recover.
20-Dec-2022 12:18:58 CET  Closed file root://cms-xrd-global.cern.ch//store/user/alesauva/flashgg/UL2017_4/10_6_4/ZHiggs0MToGG_M125_TuneCP5_13TeV-JHUGenV7011-pythia8/UL2017_4-10_6_4-v0-RunIISummer19UL17MiniAOD-106X_mc2017_realistic_v6-v2/200720_162208/0000/myMicroAODOutputFile_27.root

TrigReport ---------- Event  Summary ------------
TrigReport Events total = 25000 passed = 24809 failed = 191

TrigReport ---------- Path   Summary ------------
TrigReport  Trig Bit#   Executed     Passed     Failed      Error Name
TrigReport     1    0      25000      24809        191          0 p

TrigReport -------End-Path   Summary ------------
TrigReport  Trig Bit#   Executed     Passed     Failed      Error Name

TrigReport ---------- Modules in Path: p ------------
TrigReport  Trig Bit#    Visited     Passed     Failed      Error Name
TrigReport     1    0      25000      24809        191          0 flashggMetFilters
TrigReport     1    1      24809      24809          0          0 VHFilter
TrigReport     1    2      24809      24809          0          0 flashggDifferentialPhoIdInputsCorrection
TrigReport     1    3      24809      24809          0          0 flashggDiPhotonSystematics
TrigReport     1    4      24809      24809          0          0 flashggMetSystematics
TrigReport     1    5      24809      24809          0          0 flashggMuonSystematics
TrigReport     1    6      24809      24809          0          0 flashggElectronSystematics
TrigReport     1    7      24809      24809          0          0 flashggUnpackedJets
TrigReport     1    8      24809      24809          0          0 flashggJetSystematics0
TrigReport     1    9      24809      24809          0          0 flashggJetSystematics1
TrigReport     1   10      24809      24809          0          0 flashggJetSystematics2
TrigReport     1   11      24809      24809          0          0 flashggJetSystematics3
TrigReport     1   12      24809      24809          0          0 flashggJetSystematics4
TrigReport     1   13      24809      24809          0          0 flashggJetSystematics5
TrigReport     1   14      24809      24809          0          0 flashggJetSystematics6
TrigReport     1   15      24809      24809          0          0 flashggJetSystematics7
TrigReport     1   16      24809      24809          0          0 flashggJetSystematics8
TrigReport     1   17      24809      24809          0          0 flashggJetSystematics9
TrigReport     1   18      24809      24809          0          0 flashggJetSystematics10
TrigReport     1   19      24809      24809          0          0 flashggJetSystematics11
TrigReport     1   20      24809      24809          0          0 flashggPrefireDiPhotons
TrigReport     1   21      24809      24809          0          0 flashggPreselectedDiPhotons
TrigReport     1   22      24809      24809          0          0 flashggDiPhotonMVA
TrigReport     1   23      24809      24809          0          0 flashggVBFMVA
TrigReport     1   24      24809      24809          0          0 flashggVHhadMVA
TrigReport     1   25      24809      24809          0          0 flashggGluGluHMVA
TrigReport     1   26      24809      24809          0          0 flashggStageOneCombinedTag
TrigReport     1   27      24809      24809          0          0 flashggTHQLeptonicTag
TrigReport     1   28      24809      24809          0          0 flashggVHMetTag
TrigReport     1   29      24809      24809          0          0 flashggWHLeptonicTag
TrigReport     1   30      24809      24809          0          0 flashggZHLeptonicTag
TrigReport     1   31      24809      24809          0          0 flashggTTHLeptonicTag
TrigReport     1   32      24809      24809          0          0 flashggTTHHadronicTag
TrigReport     1   33      24809      24809          0          0 flashggTagSorter
TrigReport     1   34      24809      24809          0          0 flashggSystTagMerger
TrigReport     1   35      24809      24809          0          0 tagsDumper

TrigReport ---------- Module Summary ------------
TrigReport    Visited   Executed     Passed     Failed      Error Name
TrigReport      25000      25000      25000          0          0 TriggerResults
TrigReport      24809      24809      24809          0          0 VHFilter
TrigReport      24809      24809      24809          0          0 ak4PFCHSL1FastL2L3Corrector
TrigReport      24809      24809      24809          0          0 ak4PFCHSL1FastjetCorrector
TrigReport      24809      24809      24809          0          0 ak4PFCHSL2RelativeCorrector
TrigReport      24809      24809      24809          0          0 ak4PFCHSL3AbsoluteCorrector
TrigReport      24809      24809      24809          0          0 flashggDiPhotonMVA
TrigReport      24809      24809      24809          0          0 flashggDiPhotonSystematics
TrigReport      24809      24809      24809          0          0 flashggDifferentialPhoIdInputsCorrection
TrigReport      24809      24809      24809          0          0 flashggElectronSystematics
TrigReport      24809      24809      24809          0          0 flashggGluGluHMVA
TrigReport      24809      24809      24809          0          0 flashggJetSystematics0
TrigReport      24809      24809      24809          0          0 flashggJetSystematics1
TrigReport      24809      24809      24809          0          0 flashggJetSystematics10
TrigReport      24809      24809      24809          0          0 flashggJetSystematics11
TrigReport      24809      24809      24809          0          0 flashggJetSystematics2
TrigReport      24809      24809      24809          0          0 flashggJetSystematics3
TrigReport      24809      24809      24809          0          0 flashggJetSystematics4
TrigReport      24809      24809      24809          0          0 flashggJetSystematics5
TrigReport      24809      24809      24809          0          0 flashggJetSystematics6
TrigReport      24809      24809      24809          0          0 flashggJetSystematics7
TrigReport      24809      24809      24809          0          0 flashggJetSystematics8
TrigReport      24809      24809      24809          0          0 flashggJetSystematics9
TrigReport      25000      25000      24809        191          0 flashggMetFilters
TrigReport      24809      24809      24809          0          0 flashggMetSystematics
TrigReport      24809      24809      24809          0          0 flashggMuonSystematics
TrigReport      24809      24809      24809          0          0 flashggPrefireDiPhotons
TrigReport      24809      24809      24809          0          0 flashggPreselectedDiPhotons
TrigReport      24809      24809      24809          0          0 flashggStageOneCombinedTag
TrigReport      24809      24809      24809          0          0 flashggSystTagMerger
TrigReport      24809      24809      24809          0          0 flashggTHQLeptonicTag
TrigReport      24809      24809      24809          0          0 flashggTTHHadronicTag
TrigReport      24809      24809      24809          0          0 flashggTTHLeptonicTag
TrigReport      24809      24809      24809          0          0 flashggTagSorter
TrigReport      24809      24809      24809          0          0 flashggUnpackedJets
TrigReport      24809      24809      24809          0          0 flashggVBFMVA
TrigReport      24809      24809      24809          0          0 flashggVHMetTag
TrigReport      24809      24809      24809          0          0 flashggVHhadMVA
TrigReport      24809      24809      24809          0          0 flashggWHLeptonicTag
TrigReport      24809      24809      24809          0          0 flashggZHLeptonicTag
TrigReport      25000      25000      25000          0          0 p
TrigReport      24809      24809      24809          0          0 tagsDumper

TimeReport ---------- Event  Summary ---[sec]----
TimeReport       event loop CPU/event = 0.129823
TimeReport      event loop Real/event = 0.130348
TimeReport     sum Streams Real/event = 0.126627
TimeReport efficiency CPU/Real/thread = 0.995967

TimeReport ---------- Path   Summary ---[Real sec]----
TimeReport  per event     per exec  Name
TimeReport   0.126166     0.126166  p
TimeReport  per event     per exec  Name

TimeReport -------End-Path   Summary ---[Real sec]----
TimeReport  per event     per exec  Name
TimeReport  per event     per exec  Name

TimeReport ---------- Modules in Path: p ---[Real sec]----
TimeReport  per event    per visit  Name
TimeReport   0.000015     0.000015  flashggMetFilters
TimeReport   0.000005     0.000006  VHFilter
TimeReport   0.068896     0.069426  flashggDifferentialPhoIdInputsCorrection
TimeReport   0.041862     0.042184  flashggDiPhotonSystematics
TimeReport   0.000161     0.000162  flashggMetSystematics
TimeReport   0.000027     0.000028  flashggMuonSystematics
TimeReport   0.000035     0.000035  flashggElectronSystematics
TimeReport   0.000215     0.000216  flashggUnpackedJets
TimeReport   0.003731     0.003760  flashggJetSystematics0
TimeReport   0.000620     0.000625  flashggJetSystematics1
TimeReport   0.000552     0.000556  flashggJetSystematics2
TimeReport   0.000532     0.000536  flashggJetSystematics3
TimeReport   0.000523     0.000527  flashggJetSystematics4
TimeReport   0.000519     0.000523  flashggJetSystematics5
TimeReport   0.000514     0.000518  flashggJetSystematics6
TimeReport   0.000513     0.000517  flashggJetSystematics7
TimeReport   0.000511     0.000515  flashggJetSystematics8
TimeReport   0.000512     0.000516  flashggJetSystematics9
TimeReport   0.000508     0.000512  flashggJetSystematics10
TimeReport   0.000507     0.000511  flashggJetSystematics11
TimeReport   0.000275     0.000277  flashggPrefireDiPhotons
TimeReport   0.000110     0.000111  flashggPreselectedDiPhotons
TimeReport   0.000030     0.000030  flashggDiPhotonMVA
TimeReport   0.000028     0.000028  flashggVBFMVA
TimeReport   0.000016     0.000016  flashggVHhadMVA
TimeReport   0.000047     0.000047  flashggGluGluHMVA
TimeReport   0.000029     0.000030  flashggStageOneCombinedTag
TimeReport   0.000503     0.000506  flashggTHQLeptonicTag
TimeReport   0.000322     0.000324  flashggVHMetTag
TimeReport   0.000024     0.000024  flashggWHLeptonicTag
TimeReport   0.000018     0.000018  flashggZHLeptonicTag
TimeReport   0.000069     0.000069  flashggTTHLeptonicTag
TimeReport   0.001253     0.001263  flashggTTHHadronicTag
TimeReport   0.000082     0.000083  flashggTagSorter
TimeReport   0.000003     0.000003  flashggSystTagMerger
TimeReport   0.000296     0.000299  tagsDumper
TimeReport  per event    per visit  Name

TimeReport ---------- Module Summary ---[Real sec]----
TimeReport  per event     per exec    per visit  Name
TimeReport   0.000003     0.000003     0.000003  TriggerResults
TimeReport   0.000005     0.000006     0.000006  VHFilter
TimeReport   0.000003     0.000003     0.000003  ak4PFCHSL1FastL2L3Corrector
TimeReport   0.000003     0.000003     0.000003  ak4PFCHSL1FastjetCorrector
TimeReport   0.000001     0.000001     0.000001  ak4PFCHSL2RelativeCorrector
TimeReport   0.000013     0.000013     0.000013  ak4PFCHSL3AbsoluteCorrector
TimeReport   0.000030     0.000030     0.000030  flashggDiPhotonMVA
TimeReport   0.041862     0.042184     0.042184  flashggDiPhotonSystematics
TimeReport   0.068896     0.069426     0.069426  flashggDifferentialPhoIdInputsCorrection
TimeReport   0.000035     0.000035     0.000035  flashggElectronSystematics
TimeReport   0.000047     0.000047     0.000047  flashggGluGluHMVA
TimeReport   0.003731     0.003760     0.003760  flashggJetSystematics0
TimeReport   0.000620     0.000625     0.000625  flashggJetSystematics1
TimeReport   0.000508     0.000512     0.000512  flashggJetSystematics10
TimeReport   0.000507     0.000511     0.000511  flashggJetSystematics11
TimeReport   0.000552     0.000556     0.000556  flashggJetSystematics2
TimeReport   0.000532     0.000536     0.000536  flashggJetSystematics3
TimeReport   0.000523     0.000527     0.000527  flashggJetSystematics4
TimeReport   0.000519     0.000523     0.000523  flashggJetSystematics5
TimeReport   0.000514     0.000518     0.000518  flashggJetSystematics6
TimeReport   0.000513     0.000517     0.000517  flashggJetSystematics7
TimeReport   0.000511     0.000515     0.000515  flashggJetSystematics8
TimeReport   0.000512     0.000516     0.000516  flashggJetSystematics9
TimeReport   0.000015     0.000015     0.000015  flashggMetFilters
TimeReport   0.000161     0.000162     0.000162  flashggMetSystematics
TimeReport   0.000027     0.000028     0.000028  flashggMuonSystematics
TimeReport   0.000275     0.000277     0.000277  flashggPrefireDiPhotons
TimeReport   0.000110     0.000111     0.000111  flashggPreselectedDiPhotons
TimeReport   0.000029     0.000030     0.000030  flashggStageOneCombinedTag
TimeReport   0.000003     0.000003     0.000003  flashggSystTagMerger
TimeReport   0.000503     0.000506     0.000506  flashggTHQLeptonicTag
TimeReport   0.001253     0.001263     0.001263  flashggTTHHadronicTag
TimeReport   0.000069     0.000069     0.000069  flashggTTHLeptonicTag
TimeReport   0.000082     0.000083     0.000083  flashggTagSorter
TimeReport   0.000215     0.000216     0.000216  flashggUnpackedJets
TimeReport   0.000028     0.000028     0.000028  flashggVBFMVA
TimeReport   0.000322     0.000324     0.000324  flashggVHMetTag
TimeReport   0.000016     0.000016     0.000016  flashggVHhadMVA
TimeReport   0.000024     0.000024     0.000024  flashggWHLeptonicTag
TimeReport   0.000018     0.000018     0.000018  flashggZHLeptonicTag
TimeReport   0.000003     0.000003     0.000003  p
TimeReport   0.000296     0.000299     0.000299  tagsDumper
TimeReport  per event     per exec    per visit  Name

T---Report end!


=============================================

MessageLogger Summary

 type     category        sev    module        subroutine        count    total
 ---- -------------------- -- ---------------- ----------------  -----    -----
    1 XrdAdaptor           -w file_open                              1        1
    2 fileAction           -s file_close                             1        1
    3 fileAction           -s file_open                              2        2

 type    category    Examples: run/evt        run/evt          run/evt
 ---- -------------------- ---------------- ---------------- ----------------
    1 XrdAdaptor           pre-events                        
    2 fileAction           PostGlobalEndRun                  
    3 fileAction           pre-events       pre-events       

Severity    # Occurrences   Total Occurrences
--------    -------------   -----------------
Warning                 1                   1
System                  3                   3

dropped waiting message count 0
