mkdir: cannot create directory '/afs/cern.ch/user/x/xisu/private/local/Analysis_workspace/VH_AC_tmp1/flashgg_d2/CMSSW_10_6_29/src/flashgg/VHAC_Analysis_Met/UL_17/UL_17_zh125': File exists
/cvmfs/cms.cern.ch/slc7_amd64_gcc700/external/py2-requests/2.21.0-pafccj2/lib/python2.7/site-packages/requests/__init__.py:91: RequestsDependencyWarning: urllib3 (1.25.2) or chardet (3.0.4) doesn't match a supported version!
  RequestsDependencyWarning)
20-Dec-2022 11:07:54 CET  Initiating request to open file root://cms-xrd-global.cern.ch//store/user/alesauva/flashgg/UL2017_4/10_6_4/ZHiggs0L1ToGG_M125_TuneCP5_13TeV-JHUGenV7011-pythia8/UL2017_4-10_6_4-v0-RunIISummer19UL17MiniAOD-106X_mc2017_realistic_v6-v2/200911_121149/0000/myMicroAODOutputFile_27.root
%MSG-w XrdAdaptor:  file_open 20-Dec-2022 11:07:56 CET pre-events
Data is served from GRIF-IRFU instead of original site CERN-CMSGLOBAL-02
%MSG
20-Dec-2022 11:07:58 CET  Successfully opened file root://cms-xrd-global.cern.ch//store/user/alesauva/flashgg/UL2017_4/10_6_4/ZHiggs0L1ToGG_M125_TuneCP5_13TeV-JHUGenV7011-pythia8/UL2017_4-10_6_4-v0-RunIISummer19UL17MiniAOD-106X_mc2017_realistic_v6-v2/200911_121149/0000/myMicroAODOutputFile_27.root
2022-12-20 11:23:57.504635: I tensorflow/core/platform/cpu_feature_guard.cc:140] Your CPU supports instructions that this TensorFlow binary was not compiled to use: SSE4.1 SSE4.2 AVX AVX2 FMA
Begin processing the 1st record. Run 1, Event 119205, LumiSection 1193 on stream 0 at 20-Dec-2022 11:24:53.575 CET
[2022-12-20 11:25:37.794034 +0100][Error  ][AsyncSock         ] [xrootd.ba.infn.it:1094 #0.0] Socket error while handshaking: [ERROR] Socket timeout
[2022-12-20 11:25:37.794211 +0100][Error  ][PostMaster        ] [xrootd.ba.infn.it:1094 #0] elapsed = 45, pConnectionWindow = 31 seconds.
[2022-12-20 11:26:22.610963 +0100][Error  ][AsyncSock         ] [xrootd.ba.infn.it:1094 #0.0] Socket error while handshaking: [ERROR] Socket timeout
[2022-12-20 11:26:22.611107 +0100][Error  ][PostMaster        ] [xrootd.ba.infn.it:1094 #0] elapsed = 45, pConnectionWindow = 31 seconds.
[2022-12-20 11:26:22.611140 +0100][Error  ][PostMaster        ] [xrootd.ba.infn.it:1094 #0] Unable to recover: [ERROR] Socket timeout.
[2022-12-20 11:26:22.611162 +0100][Error  ][XRootD            ] [xrootd.ba.infn.it:1094] Impossible to send message kXR_open (file: /store/user/alesauva/flashgg/UL2017_4/10_6_4/ZHiggs0L1ToGG_M125_TuneCP5_13TeV-JHUGenV7011-pythia8/UL2017_4-10_6_4-v0-RunIISummer19UL17MiniAOD-106X_mc2017_realistic_v6-v2/200911_121149/0000/myMicroAODOutputFile_27.root?tried=stor72.datagrid.cea.fr, mode: 0660, flags: kXR_open_read kXR_async kXR_retstat ). Trying to recover.
[2022-12-20 11:27:13.287028 +0100][Error  ][AsyncSock         ] [xrootd-cms.infn.it:1094 #0.0] Socket error while handshaking: [ERROR] Socket timeout
[2022-12-20 11:27:13.287252 +0100][Error  ][PostMaster        ] [xrootd-cms.infn.it:1094 #0] elapsed = 45, pConnectionWindow = 31 seconds.
Begin processing the 1001st record. Run 1, Event 120205, LumiSection 1203 on stream 0 at 20-Dec-2022 11:30:19.006 CET
[2022-12-20 11:32:25.676012 +0100][Error  ][AsyncSock         ] [xrootd.ba.infn.it:1094 #0.0] Socket error while handshaking: [ERROR] Socket timeout
[2022-12-20 11:32:25.676163 +0100][Error  ][PostMaster        ] [xrootd.ba.infn.it:1094 #0] elapsed = 45, pConnectionWindow = 31 seconds.
Begin processing the 2001st record. Run 1, Event 121205, LumiSection 1213 on stream 0 at 20-Dec-2022 11:33:10.258 CET
[2022-12-20 11:33:10.937043 +0100][Error  ][AsyncSock         ] [xrootd.ba.infn.it:1094 #0.0] Socket error while handshaking: [ERROR] Socket timeout
[2022-12-20 11:33:10.937164 +0100][Error  ][PostMaster        ] [xrootd.ba.infn.it:1094 #0] elapsed = 45, pConnectionWindow = 31 seconds.
[2022-12-20 11:33:10.937174 +0100][Error  ][PostMaster        ] [xrootd.ba.infn.it:1094 #0] Unable to recover: [ERROR] Socket timeout.
[2022-12-20 11:33:10.937184 +0100][Error  ][XRootD            ] [xrootd.ba.infn.it:1094] Impossible to send message kXR_open (file: /store/user/alesauva/flashgg/UL2017_4/10_6_4/ZHiggs0L1ToGG_M125_TuneCP5_13TeV-JHUGenV7011-pythia8/UL2017_4-10_6_4-v0-RunIISummer19UL17MiniAOD-106X_mc2017_realistic_v6-v2/200911_121149/0000/myMicroAODOutputFile_27.root?tried=stor72.datagrid.cea.fr, mode: 0660, flags: kXR_open_read kXR_async kXR_retstat ). Trying to recover.
Begin processing the 3001st record. Run 1, Event 124903, LumiSection 1250 on stream 0 at 20-Dec-2022 11:36:09.253 CET
Begin processing the 4001st record. Run 1, Event 125914, LumiSection 1260 on stream 0 at 20-Dec-2022 11:39:21.269 CET
[2022-12-20 11:39:35.508060 +0100][Error  ][AsyncSock         ] [xrootd.ba.infn.it:1094 #0.0] Socket error while handshaking: [ERROR] Socket timeout
[2022-12-20 11:39:35.508249 +0100][Error  ][PostMaster        ] [xrootd.ba.infn.it:1094 #0] elapsed = 45, pConnectionWindow = 31 seconds.
[2022-12-20 11:40:20.774085 +0100][Error  ][AsyncSock         ] [xrootd.ba.infn.it:1094 #0.0] Socket error while handshaking: [ERROR] Socket timeout
[2022-12-20 11:40:20.774301 +0100][Error  ][PostMaster        ] [xrootd.ba.infn.it:1094 #0] elapsed = 45, pConnectionWindow = 31 seconds.
[2022-12-20 11:40:20.774327 +0100][Error  ][PostMaster        ] [xrootd.ba.infn.it:1094 #0] Unable to recover: [ERROR] Socket timeout.
[2022-12-20 11:40:20.774361 +0100][Error  ][XRootD            ] [xrootd.ba.infn.it:1094] Impossible to send message kXR_open (file: /store/user/alesauva/flashgg/UL2017_4/10_6_4/ZHiggs0L1ToGG_M125_TuneCP5_13TeV-JHUGenV7011-pythia8/UL2017_4-10_6_4-v0-RunIISummer19UL17MiniAOD-106X_mc2017_realistic_v6-v2/200911_121149/0000/myMicroAODOutputFile_27.root?tried=+1413xrootd-redic.pi.infn.it,+1213llrxrd-redir.in2p3.fr,+1413llrxrd-redir.in2p3.fr,stor72.datagrid.cea.fr,node12.datagrid.cea.fr,xrootd-cms-redir-int.cr.cnaf.infn.it,xrootd-cms.infn.it,xrootd-redic.pi.infn.it&triedrc=enoent,enoent, mode: 0660, flags: kXR_open_read kXR_async kXR_retstat ). Trying to recover.
Begin processing the 5001st record. Run 1, Event 126908, LumiSection 1270 on stream 0 at 20-Dec-2022 11:42:07.055 CET
[2022-12-20 11:44:51.320083 +0100][Error  ][AsyncSock         ] [xrootd.ba.infn.it:1094 #0.0] Socket error while handshaking: [ERROR] Socket timeout
[2022-12-20 11:44:51.320270 +0100][Error  ][PostMaster        ] [xrootd.ba.infn.it:1094 #0] elapsed = 46, pConnectionWindow = 31 seconds.
Begin processing the 6001st record. Run 1, Event 275705, LumiSection 2758 on stream 0 at 20-Dec-2022 11:45:02.340 CET
[2022-12-20 11:45:36.586973 +0100][Error  ][AsyncSock         ] [xrootd.ba.infn.it:1094 #0.0] Socket error while handshaking: [ERROR] Socket timeout
[2022-12-20 11:45:36.587151 +0100][Error  ][PostMaster        ] [xrootd.ba.infn.it:1094 #0] elapsed = 45, pConnectionWindow = 31 seconds.
[2022-12-20 11:45:36.587167 +0100][Error  ][PostMaster        ] [xrootd.ba.infn.it:1094 #0] Unable to recover: [ERROR] Socket timeout.
[2022-12-20 11:45:36.587183 +0100][Error  ][XRootD            ] [xrootd.ba.infn.it:1094] Impossible to send message kXR_open (file: /store/user/alesauva/flashgg/UL2017_4/10_6_4/ZHiggs0L1ToGG_M125_TuneCP5_13TeV-JHUGenV7011-pythia8/UL2017_4-10_6_4-v0-RunIISummer19UL17MiniAOD-106X_mc2017_realistic_v6-v2/200911_121149/0000/myMicroAODOutputFile_27.root?tried=stor72.datagrid.cea.fr, mode: 0660, flags: kXR_open_read kXR_async kXR_retstat ). Trying to recover.
Begin processing the 7001st record. Run 1, Event 276706, LumiSection 2768 on stream 0 at 20-Dec-2022 11:47:40.289 CET
[2022-12-20 11:50:21.645163 +0100][Error  ][AsyncSock         ] [xrootd.ba.infn.it:1094 #0.0] Socket error while handshaking: [ERROR] Socket timeout
[2022-12-20 11:50:21.656193 +0100][Error  ][PostMaster        ] [xrootd.ba.infn.it:1094 #0] elapsed = 45, pConnectionWindow = 31 seconds.
Begin processing the 8001st record. Run 1, Event 338303, LumiSection 3384 on stream 0 at 20-Dec-2022 11:50:47.614 CET
[2022-12-20 11:51:06.924227 +0100][Error  ][AsyncSock         ] [xrootd.ba.infn.it:1094 #0.0] Socket error while handshaking: [ERROR] Socket timeout
[2022-12-20 11:51:06.924386 +0100][Error  ][PostMaster        ] [xrootd.ba.infn.it:1094 #0] elapsed = 45, pConnectionWindow = 31 seconds.
[2022-12-20 11:51:06.924398 +0100][Error  ][PostMaster        ] [xrootd.ba.infn.it:1094 #0] Unable to recover: [ERROR] Socket timeout.
[2022-12-20 11:51:06.924559 +0100][Error  ][XRootD            ] [xrootd.ba.infn.it:1094] Impossible to send message kXR_open (file: /store/user/alesauva/flashgg/UL2017_4/10_6_4/ZHiggs0L1ToGG_M125_TuneCP5_13TeV-JHUGenV7011-pythia8/UL2017_4-10_6_4-v0-RunIISummer19UL17MiniAOD-106X_mc2017_realistic_v6-v2/200911_121149/0000/myMicroAODOutputFile_27.root?tried=stor72.datagrid.cea.fr, mode: 0660, flags: kXR_open_read kXR_async kXR_retstat ). Trying to recover.
Begin processing the 9001st record. Run 1, Event 339303, LumiSection 3394 on stream 0 at 20-Dec-2022 11:53:31.164 CET
[2022-12-20 11:55:34.832032 +0100][Error  ][AsyncSock         ] [xrootd.ba.infn.it:1094 #0.0] Socket error while handshaking: [ERROR] Socket timeout
[2022-12-20 11:55:34.832197 +0100][Error  ][PostMaster        ] [xrootd.ba.infn.it:1094 #0] elapsed = 45, pConnectionWindow = 31 seconds.
Begin processing the 10001st record. Run 1, Event 340302, LumiSection 3404 on stream 0 at 20-Dec-2022 11:56:13.561 CET
[2022-12-20 11:56:20.320947 +0100][Error  ][AsyncSock         ] [xrootd.ba.infn.it:1094 #0.0] Socket error while handshaking: [ERROR] Socket timeout
[2022-12-20 11:56:20.321118 +0100][Error  ][PostMaster        ] [xrootd.ba.infn.it:1094 #0] elapsed = 46, pConnectionWindow = 31 seconds.
[2022-12-20 11:56:20.321134 +0100][Error  ][PostMaster        ] [xrootd.ba.infn.it:1094 #0] Unable to recover: [ERROR] Socket timeout.
[2022-12-20 11:56:20.321143 +0100][Error  ][XRootD            ] [xrootd.ba.infn.it:1094] Impossible to send message kXR_open (file: /store/user/alesauva/flashgg/UL2017_4/10_6_4/ZHiggs0L1ToGG_M125_TuneCP5_13TeV-JHUGenV7011-pythia8/UL2017_4-10_6_4-v0-RunIISummer19UL17MiniAOD-106X_mc2017_realistic_v6-v2/200911_121149/0000/myMicroAODOutputFile_27.root?tried=stor72.datagrid.cea.fr, mode: 0660, flags: kXR_open_read kXR_async kXR_retstat ). Trying to recover.
Begin processing the 11001st record. Run 1, Event 344805, LumiSection 3449 on stream 0 at 20-Dec-2022 11:59:14.319 CET
[2022-12-20 12:01:06.179124 +0100][Error  ][AsyncSock         ] [xrootd.ba.infn.it:1094 #0.0] Socket error while handshaking: [ERROR] Socket timeout
[2022-12-20 12:01:06.179278 +0100][Error  ][PostMaster        ] [xrootd.ba.infn.it:1094 #0] elapsed = 46, pConnectionWindow = 31 seconds.
[2022-12-20 12:01:51.444980 +0100][Error  ][AsyncSock         ] [xrootd.ba.infn.it:1094 #0.0] Socket error while handshaking: [ERROR] Socket timeout
[2022-12-20 12:01:51.445143 +0100][Error  ][PostMaster        ] [xrootd.ba.infn.it:1094 #0] elapsed = 45, pConnectionWindow = 31 seconds.
[2022-12-20 12:01:51.445154 +0100][Error  ][PostMaster        ] [xrootd.ba.infn.it:1094 #0] Unable to recover: [ERROR] Socket timeout.
[2022-12-20 12:01:51.445166 +0100][Error  ][XRootD            ] [xrootd.ba.infn.it:1094] Impossible to send message kXR_open (file: /store/user/alesauva/flashgg/UL2017_4/10_6_4/ZHiggs0L1ToGG_M125_TuneCP5_13TeV-JHUGenV7011-pythia8/UL2017_4-10_6_4-v0-RunIISummer19UL17MiniAOD-106X_mc2017_realistic_v6-v2/200911_121149/0000/myMicroAODOutputFile_27.root?tried=stor72.datagrid.cea.fr, mode: 0660, flags: kXR_open_read kXR_async kXR_retstat ). Trying to recover.
Begin processing the 12001st record. Run 1, Event 345806, LumiSection 3459 on stream 0 at 20-Dec-2022 12:02:06.644 CET
Begin processing the 13001st record. Run 1, Event 413609, LumiSection 4137 on stream 0 at 20-Dec-2022 12:04:49.715 CET
[2022-12-20 12:06:22.870021 +0100][Error  ][AsyncSock         ] [xrootd.ba.infn.it:1094 #0.0] Socket error while handshaking: [ERROR] Socket timeout
[2022-12-20 12:06:22.870185 +0100][Error  ][PostMaster        ] [xrootd.ba.infn.it:1094 #0] elapsed = 45, pConnectionWindow = 31 seconds.
[2022-12-20 12:07:08.304998 +0100][Error  ][AsyncSock         ] [xrootd.ba.infn.it:1094 #0.0] Socket error while handshaking: [ERROR] Socket timeout
[2022-12-20 12:07:08.305212 +0100][Error  ][PostMaster        ] [xrootd.ba.infn.it:1094 #0] elapsed = 46, pConnectionWindow = 31 seconds.
[2022-12-20 12:07:08.305266 +0100][Error  ][PostMaster        ] [xrootd.ba.infn.it:1094 #0] Unable to recover: [ERROR] Socket timeout.
[2022-12-20 12:07:08.305291 +0100][Error  ][XRootD            ] [xrootd.ba.infn.it:1094] Impossible to send message kXR_open (file: /store/user/alesauva/flashgg/UL2017_4/10_6_4/ZHiggs0L1ToGG_M125_TuneCP5_13TeV-JHUGenV7011-pythia8/UL2017_4-10_6_4-v0-RunIISummer19UL17MiniAOD-106X_mc2017_realistic_v6-v2/200911_121149/0000/myMicroAODOutputFile_27.root?tried=stor72.datagrid.cea.fr, mode: 0660, flags: kXR_open_read kXR_async kXR_retstat ). Trying to recover.
Begin processing the 14001st record. Run 1, Event 414613, LumiSection 4147 on stream 0 at 20-Dec-2022 12:07:21.098 CET
Begin processing the 15001st record. Run 1, Event 433802, LumiSection 4339 on stream 0 at 20-Dec-2022 12:09:56.870 CET
[2022-12-20 12:11:10.485418 +0100][Error  ][AsyncSock         ] [xrootd.ba.infn.it:1094 #0.0] Socket error while handshaking: [ERROR] Socket timeout
[2022-12-20 12:11:10.485604 +0100][Error  ][PostMaster        ] [xrootd.ba.infn.it:1094 #0] elapsed = 45, pConnectionWindow = 31 seconds.
[2022-12-20 12:11:55.749146 +0100][Error  ][AsyncSock         ] [xrootd.ba.infn.it:1094 #0.0] Socket error while handshaking: [ERROR] Socket timeout
[2022-12-20 12:11:55.749274 +0100][Error  ][PostMaster        ] [xrootd.ba.infn.it:1094 #0] elapsed = 45, pConnectionWindow = 31 seconds.
[2022-12-20 12:11:55.749297 +0100][Error  ][PostMaster        ] [xrootd.ba.infn.it:1094 #0] Unable to recover: [ERROR] Socket timeout.
[2022-12-20 12:11:55.749306 +0100][Error  ][XRootD            ] [xrootd.ba.infn.it:1094] Impossible to send message kXR_open (file: /store/user/alesauva/flashgg/UL2017_4/10_6_4/ZHiggs0L1ToGG_M125_TuneCP5_13TeV-JHUGenV7011-pythia8/UL2017_4-10_6_4-v0-RunIISummer19UL17MiniAOD-106X_mc2017_realistic_v6-v2/200911_121149/0000/myMicroAODOutputFile_27.root?tried=stor72.datagrid.cea.fr, mode: 0660, flags: kXR_open_read kXR_async kXR_retstat ). Trying to recover.
Begin processing the 16001st record. Run 1, Event 434804, LumiSection 4349 on stream 0 at 20-Dec-2022 12:12:22.698 CET
Begin processing the 17001st record. Run 1, Event 537201, LumiSection 5373 on stream 0 at 20-Dec-2022 12:14:32.491 CET
Begin processing the 18001st record. Run 1, Event 538210, LumiSection 5383 on stream 0 at 20-Dec-2022 12:16:40.111 CET
Begin processing the 19001st record. Run 1, Event 549611, LumiSection 5497 on stream 0 at 20-Dec-2022 12:18:55.900 CET
[2022-12-20 12:19:40.185037 +0100][Error  ][AsyncSock         ] [xrootd.ba.infn.it:1094 #0.0] Socket error while handshaking: [ERROR] Socket timeout
[2022-12-20 12:19:40.185182 +0100][Error  ][PostMaster        ] [xrootd.ba.infn.it:1094 #0] elapsed = 45, pConnectionWindow = 31 seconds.
[2022-12-20 12:20:25.623966 +0100][Error  ][AsyncSock         ] [xrootd.ba.infn.it:1094 #0.0] Socket error while handshaking: [ERROR] Socket timeout
[2022-12-20 12:20:25.624117 +0100][Error  ][PostMaster        ] [xrootd.ba.infn.it:1094 #0] elapsed = 45, pConnectionWindow = 31 seconds.
[2022-12-20 12:20:25.624133 +0100][Error  ][PostMaster        ] [xrootd.ba.infn.it:1094 #0] Unable to recover: [ERROR] Socket timeout.
[2022-12-20 12:20:25.624145 +0100][Error  ][XRootD            ] [xrootd.ba.infn.it:1094] Impossible to send message kXR_open (file: /store/user/alesauva/flashgg/UL2017_4/10_6_4/ZHiggs0L1ToGG_M125_TuneCP5_13TeV-JHUGenV7011-pythia8/UL2017_4-10_6_4-v0-RunIISummer19UL17MiniAOD-106X_mc2017_realistic_v6-v2/200911_121149/0000/myMicroAODOutputFile_27.root?tried=stor72.datagrid.cea.fr, mode: 0660, flags: kXR_open_read kXR_async kXR_retstat ). Trying to recover.
Begin processing the 20001st record. Run 1, Event 708210, LumiSection 7083 on stream 0 at 20-Dec-2022 12:21:29.463 CET
Begin processing the 21001st record. Run 1, Event 709204, LumiSection 7093 on stream 0 at 20-Dec-2022 12:24:04.462 CET
[2022-12-20 12:24:34.109982 +0100][Error  ][AsyncSock         ] [xrootd.ba.infn.it:1094 #0.0] Socket error while handshaking: [ERROR] Socket timeout
[2022-12-20 12:24:34.110106 +0100][Error  ][PostMaster        ] [xrootd.ba.infn.it:1094 #0] elapsed = 45, pConnectionWindow = 31 seconds.
[2022-12-20 12:25:19.358000 +0100][Error  ][AsyncSock         ] [xrootd.ba.infn.it:1094 #0.0] Socket error while handshaking: [ERROR] Socket timeout
[2022-12-20 12:25:19.358202 +0100][Error  ][PostMaster        ] [xrootd.ba.infn.it:1094 #0] elapsed = 45, pConnectionWindow = 31 seconds.
[2022-12-20 12:25:19.358220 +0100][Error  ][PostMaster        ] [xrootd.ba.infn.it:1094 #0] Unable to recover: [ERROR] Socket timeout.
[2022-12-20 12:25:19.358234 +0100][Error  ][XRootD            ] [xrootd.ba.infn.it:1094] Impossible to send message kXR_open (file: /store/user/alesauva/flashgg/UL2017_4/10_6_4/ZHiggs0L1ToGG_M125_TuneCP5_13TeV-JHUGenV7011-pythia8/UL2017_4-10_6_4-v0-RunIISummer19UL17MiniAOD-106X_mc2017_realistic_v6-v2/200911_121149/0000/myMicroAODOutputFile_27.root?tried=stor72.datagrid.cea.fr, mode: 0660, flags: kXR_open_read kXR_async kXR_retstat ). Trying to recover.
Begin processing the 22001st record. Run 1, Event 710209, LumiSection 7103 on stream 0 at 20-Dec-2022 12:26:42.422 CET
Begin processing the 23001st record. Run 1, Event 727501, LumiSection 7276 on stream 0 at 20-Dec-2022 12:29:15.727 CET
[2022-12-20 12:29:30.781993 +0100][Error  ][AsyncSock         ] [xrootd.ba.infn.it:1094 #0.0] Socket error while handshaking: [ERROR] Socket timeout
[2022-12-20 12:29:30.782166 +0100][Error  ][PostMaster        ] [xrootd.ba.infn.it:1094 #0] elapsed = 45, pConnectionWindow = 31 seconds.
[2022-12-20 12:30:15.044353 +0100][Error  ][AsyncSock         ] [xrootd.ba.infn.it:1094 #0.0] Socket error while handshaking: [ERROR] Socket timeout
[2022-12-20 12:30:15.044520 +0100][Error  ][PostMaster        ] [xrootd.ba.infn.it:1094 #0] elapsed = 45, pConnectionWindow = 31 seconds.
[2022-12-20 12:30:15.044536 +0100][Error  ][PostMaster        ] [xrootd.ba.infn.it:1094 #0] Unable to recover: [ERROR] Socket timeout.
[2022-12-20 12:30:15.044548 +0100][Error  ][XRootD            ] [xrootd.ba.infn.it:1094] Impossible to send message kXR_open (file: /store/user/alesauva/flashgg/UL2017_4/10_6_4/ZHiggs0L1ToGG_M125_TuneCP5_13TeV-JHUGenV7011-pythia8/UL2017_4-10_6_4-v0-RunIISummer19UL17MiniAOD-106X_mc2017_realistic_v6-v2/200911_121149/0000/myMicroAODOutputFile_27.root?tried=stor72.datagrid.cea.fr, mode: 0660, flags: kXR_open_read kXR_async kXR_retstat ). Trying to recover.
Begin processing the 24001st record. Run 1, Event 728502, LumiSection 7286 on stream 0 at 20-Dec-2022 12:31:39.780 CET
[2022-12-20 12:34:15.362926 +0100][Error  ][AsyncSock         ] [xrootd.ba.infn.it:1094 #0.0] Socket error while handshaking: [ERROR] Socket timeout
[2022-12-20 12:34:15.363091 +0100][Error  ][PostMaster        ] [xrootd.ba.infn.it:1094 #0] elapsed = 45, pConnectionWindow = 31 seconds.
20-Dec-2022 12:34:19 CET  Closed file root://cms-xrd-global.cern.ch//store/user/alesauva/flashgg/UL2017_4/10_6_4/ZHiggs0L1ToGG_M125_TuneCP5_13TeV-JHUGenV7011-pythia8/UL2017_4-10_6_4-v0-RunIISummer19UL17MiniAOD-106X_mc2017_realistic_v6-v2/200911_121149/0000/myMicroAODOutputFile_27.root

TrigReport ---------- Event  Summary ------------
TrigReport Events total = 25000 passed = 24667 failed = 333

TrigReport ---------- Path   Summary ------------
TrigReport  Trig Bit#   Executed     Passed     Failed      Error Name
TrigReport     1    0      25000      24667        333          0 p

TrigReport -------End-Path   Summary ------------
TrigReport  Trig Bit#   Executed     Passed     Failed      Error Name

TrigReport ---------- Modules in Path: p ------------
TrigReport  Trig Bit#    Visited     Passed     Failed      Error Name
TrigReport     1    0      25000      24667        333          0 flashggMetFilters
TrigReport     1    1      24667      24667          0          0 VHFilter
TrigReport     1    2      24667      24667          0          0 flashggDifferentialPhoIdInputsCorrection
TrigReport     1    3      24667      24667          0          0 flashggDiPhotonSystematics
TrigReport     1    4      24667      24667          0          0 flashggMetSystematics
TrigReport     1    5      24667      24667          0          0 flashggMuonSystematics
TrigReport     1    6      24667      24667          0          0 flashggElectronSystematics
TrigReport     1    7      24667      24667          0          0 flashggUnpackedJets
TrigReport     1    8      24667      24667          0          0 flashggJetSystematics0
TrigReport     1    9      24667      24667          0          0 flashggJetSystematics1
TrigReport     1   10      24667      24667          0          0 flashggJetSystematics2
TrigReport     1   11      24667      24667          0          0 flashggJetSystematics3
TrigReport     1   12      24667      24667          0          0 flashggJetSystematics4
TrigReport     1   13      24667      24667          0          0 flashggJetSystematics5
TrigReport     1   14      24667      24667          0          0 flashggJetSystematics6
TrigReport     1   15      24667      24667          0          0 flashggJetSystematics7
TrigReport     1   16      24667      24667          0          0 flashggJetSystematics8
TrigReport     1   17      24667      24667          0          0 flashggJetSystematics9
TrigReport     1   18      24667      24667          0          0 flashggJetSystematics10
TrigReport     1   19      24667      24667          0          0 flashggJetSystematics11
TrigReport     1   20      24667      24667          0          0 flashggPrefireDiPhotons
TrigReport     1   21      24667      24667          0          0 flashggPreselectedDiPhotons
TrigReport     1   22      24667      24667          0          0 flashggDiPhotonMVA
TrigReport     1   23      24667      24667          0          0 flashggVBFMVA
TrigReport     1   24      24667      24667          0          0 flashggVHhadMVA
TrigReport     1   25      24667      24667          0          0 flashggGluGluHMVA
TrigReport     1   26      24667      24667          0          0 flashggStageOneCombinedTag
TrigReport     1   27      24667      24667          0          0 flashggTHQLeptonicTag
TrigReport     1   28      24667      24667          0          0 flashggVHMetTag
TrigReport     1   29      24667      24667          0          0 flashggWHLeptonicTag
TrigReport     1   30      24667      24667          0          0 flashggZHLeptonicTag
TrigReport     1   31      24667      24667          0          0 flashggTTHLeptonicTag
TrigReport     1   32      24667      24667          0          0 flashggTTHHadronicTag
TrigReport     1   33      24667      24667          0          0 flashggTagSorter
TrigReport     1   34      24667      24667          0          0 flashggSystTagMerger
TrigReport     1   35      24667      24667          0          0 tagsDumper

TrigReport ---------- Module Summary ------------
TrigReport    Visited   Executed     Passed     Failed      Error Name
TrigReport      25000      25000      25000          0          0 TriggerResults
TrigReport      24667      24667      24667          0          0 VHFilter
TrigReport      24667      24667      24667          0          0 ak4PFCHSL1FastL2L3Corrector
TrigReport      24667      24667      24667          0          0 ak4PFCHSL1FastjetCorrector
TrigReport      24667      24667      24667          0          0 ak4PFCHSL2RelativeCorrector
TrigReport      24667      24667      24667          0          0 ak4PFCHSL3AbsoluteCorrector
TrigReport      24667      24667      24667          0          0 flashggDiPhotonMVA
TrigReport      24667      24667      24667          0          0 flashggDiPhotonSystematics
TrigReport      24667      24667      24667          0          0 flashggDifferentialPhoIdInputsCorrection
TrigReport      24667      24667      24667          0          0 flashggElectronSystematics
TrigReport      24667      24667      24667          0          0 flashggGluGluHMVA
TrigReport      24667      24667      24667          0          0 flashggJetSystematics0
TrigReport      24667      24667      24667          0          0 flashggJetSystematics1
TrigReport      24667      24667      24667          0          0 flashggJetSystematics10
TrigReport      24667      24667      24667          0          0 flashggJetSystematics11
TrigReport      24667      24667      24667          0          0 flashggJetSystematics2
TrigReport      24667      24667      24667          0          0 flashggJetSystematics3
TrigReport      24667      24667      24667          0          0 flashggJetSystematics4
TrigReport      24667      24667      24667          0          0 flashggJetSystematics5
TrigReport      24667      24667      24667          0          0 flashggJetSystematics6
TrigReport      24667      24667      24667          0          0 flashggJetSystematics7
TrigReport      24667      24667      24667          0          0 flashggJetSystematics8
TrigReport      24667      24667      24667          0          0 flashggJetSystematics9
TrigReport      25000      25000      24667        333          0 flashggMetFilters
TrigReport      24667      24667      24667          0          0 flashggMetSystematics
TrigReport      24667      24667      24667          0          0 flashggMuonSystematics
TrigReport      24667      24667      24667          0          0 flashggPrefireDiPhotons
TrigReport      24667      24667      24667          0          0 flashggPreselectedDiPhotons
TrigReport      24667      24667      24667          0          0 flashggStageOneCombinedTag
TrigReport      24667      24667      24667          0          0 flashggSystTagMerger
TrigReport      24667      24667      24667          0          0 flashggTHQLeptonicTag
TrigReport      24667      24667      24667          0          0 flashggTTHHadronicTag
TrigReport      24667      24667      24667          0          0 flashggTTHLeptonicTag
TrigReport      24667      24667      24667          0          0 flashggTagSorter
TrigReport      24667      24667      24667          0          0 flashggUnpackedJets
TrigReport      24667      24667      24667          0          0 flashggVBFMVA
TrigReport      24667      24667      24667          0          0 flashggVHMetTag
TrigReport      24667      24667      24667          0          0 flashggVHhadMVA
TrigReport      24667      24667      24667          0          0 flashggWHLeptonicTag
TrigReport      24667      24667      24667          0          0 flashggZHLeptonicTag
TrigReport      25000      25000      25000          0          0 p
TrigReport      24667      24667      24667          0          0 tagsDumper

TimeReport ---------- Event  Summary ---[sec]----
TimeReport       event loop CPU/event = 0.164547
TimeReport      event loop Real/event = 0.166711
TimeReport     sum Streams Real/event = 0.161983
TimeReport efficiency CPU/Real/thread = 0.987024

TimeReport ---------- Path   Summary ---[Real sec]----
TimeReport  per event     per exec  Name
TimeReport   0.161416     0.161416  p
TimeReport  per event     per exec  Name

TimeReport -------End-Path   Summary ---[Real sec]----
TimeReport  per event     per exec  Name
TimeReport  per event     per exec  Name

TimeReport ---------- Modules in Path: p ---[Real sec]----
TimeReport  per event    per visit  Name
TimeReport   0.000018     0.000018  flashggMetFilters
TimeReport   0.000007     0.000007  VHFilter
TimeReport   0.094027     0.095296  flashggDifferentialPhoIdInputsCorrection
TimeReport   0.048791     0.049450  flashggDiPhotonSystematics
TimeReport   0.000194     0.000197  flashggMetSystematics
TimeReport   0.000053     0.000053  flashggMuonSystematics
TimeReport   0.000040     0.000041  flashggElectronSystematics
TimeReport   0.000254     0.000257  flashggUnpackedJets
TimeReport   0.004031     0.004085  flashggJetSystematics0
TimeReport   0.000738     0.000748  flashggJetSystematics1
TimeReport   0.000666     0.000675  flashggJetSystematics2
TimeReport   0.000639     0.000648  flashggJetSystematics3
TimeReport   0.000631     0.000639  flashggJetSystematics4
TimeReport   0.000623     0.000631  flashggJetSystematics5
TimeReport   0.000619     0.000628  flashggJetSystematics6
TimeReport   0.000619     0.000628  flashggJetSystematics7
TimeReport   0.000620     0.000628  flashggJetSystematics8
TimeReport   0.000619     0.000627  flashggJetSystematics9
TimeReport   0.000614     0.000622  flashggJetSystematics10
TimeReport   0.000613     0.000622  flashggJetSystematics11
TimeReport   0.000345     0.000350  flashggPrefireDiPhotons
TimeReport   0.000143     0.000145  flashggPreselectedDiPhotons
TimeReport   0.000045     0.000045  flashggDiPhotonMVA
TimeReport   0.000038     0.000039  flashggVBFMVA
TimeReport   0.000021     0.000022  flashggVHhadMVA
TimeReport   0.000064     0.000065  flashggGluGluHMVA
TimeReport   0.000039     0.000040  flashggStageOneCombinedTag
TimeReport   0.000583     0.000591  flashggTHQLeptonicTag
TimeReport   0.000465     0.000471  flashggVHMetTag
TimeReport   0.000030     0.000031  flashggWHLeptonicTag
TimeReport   0.000024     0.000024  flashggZHLeptonicTag
TimeReport   0.000079     0.000080  flashggTTHLeptonicTag
TimeReport   0.001778     0.001802  flashggTTHHadronicTag
TimeReport   0.000096     0.000097  flashggTagSorter
TimeReport   0.000004     0.000004  flashggSystTagMerger
TimeReport   0.000431     0.000437  tagsDumper
TimeReport  per event    per visit  Name

TimeReport ---------- Module Summary ---[Real sec]----
TimeReport  per event     per exec    per visit  Name
TimeReport   0.000003     0.000003     0.000003  TriggerResults
TimeReport   0.000007     0.000007     0.000007  VHFilter
TimeReport   0.000004     0.000004     0.000004  ak4PFCHSL1FastL2L3Corrector
TimeReport   0.000004     0.000004     0.000004  ak4PFCHSL1FastjetCorrector
TimeReport   0.000002     0.000002     0.000002  ak4PFCHSL2RelativeCorrector
TimeReport   0.000016     0.000016     0.000016  ak4PFCHSL3AbsoluteCorrector
TimeReport   0.000045     0.000045     0.000045  flashggDiPhotonMVA
TimeReport   0.048791     0.049450     0.049450  flashggDiPhotonSystematics
TimeReport   0.094027     0.095296     0.095296  flashggDifferentialPhoIdInputsCorrection
TimeReport   0.000040     0.000041     0.000041  flashggElectronSystematics
TimeReport   0.000064     0.000065     0.000065  flashggGluGluHMVA
TimeReport   0.004031     0.004085     0.004085  flashggJetSystematics0
TimeReport   0.000738     0.000748     0.000748  flashggJetSystematics1
TimeReport   0.000614     0.000622     0.000622  flashggJetSystematics10
TimeReport   0.000613     0.000622     0.000622  flashggJetSystematics11
TimeReport   0.000666     0.000675     0.000675  flashggJetSystematics2
TimeReport   0.000639     0.000648     0.000648  flashggJetSystematics3
TimeReport   0.000631     0.000639     0.000639  flashggJetSystematics4
TimeReport   0.000623     0.000631     0.000631  flashggJetSystematics5
TimeReport   0.000619     0.000628     0.000628  flashggJetSystematics6
TimeReport   0.000619     0.000628     0.000628  flashggJetSystematics7
TimeReport   0.000620     0.000628     0.000628  flashggJetSystematics8
TimeReport   0.000619     0.000627     0.000627  flashggJetSystematics9
TimeReport   0.000018     0.000018     0.000018  flashggMetFilters
TimeReport   0.000194     0.000197     0.000197  flashggMetSystematics
TimeReport   0.000053     0.000053     0.000053  flashggMuonSystematics
TimeReport   0.000345     0.000350     0.000350  flashggPrefireDiPhotons
TimeReport   0.000143     0.000145     0.000145  flashggPreselectedDiPhotons
TimeReport   0.000039     0.000040     0.000040  flashggStageOneCombinedTag
TimeReport   0.000004     0.000004     0.000004  flashggSystTagMerger
TimeReport   0.000583     0.000591     0.000591  flashggTHQLeptonicTag
TimeReport   0.001778     0.001802     0.001802  flashggTTHHadronicTag
TimeReport   0.000079     0.000080     0.000080  flashggTTHLeptonicTag
TimeReport   0.000096     0.000097     0.000097  flashggTagSorter
TimeReport   0.000254     0.000257     0.000257  flashggUnpackedJets
TimeReport   0.000038     0.000039     0.000039  flashggVBFMVA
TimeReport   0.000465     0.000471     0.000471  flashggVHMetTag
TimeReport   0.000021     0.000022     0.000022  flashggVHhadMVA
TimeReport   0.000030     0.000031     0.000031  flashggWHLeptonicTag
TimeReport   0.000024     0.000024     0.000024  flashggZHLeptonicTag
TimeReport   0.000003     0.000003     0.000003  p
TimeReport   0.000431     0.000437     0.000437  tagsDumper
TimeReport  per event     per exec    per visit  Name

T---Report end!


=============================================

MessageLogger Summary

 type     category        sev    module        subroutine        count    total
 ---- -------------------- -- ---------------- ----------------  -----    -----
    1 XrdAdaptor           -w file_open                              1        1
    2 fileAction           -s file_close                             1        1
    3 fileAction           -s file_open                              2        2

 type    category    Examples: run/evt        run/evt          run/evt
 ---- -------------------- ---------------- ---------------- ----------------
    1 XrdAdaptor           pre-events                        
    2 fileAction           PostGlobalEndRun                  
    3 fileAction           pre-events       pre-events       

Severity    # Occurrences   Total Occurrences
--------    -------------   -----------------
Warning                 1                   1
System                  3                   3

dropped waiting message count 0
