mkdir: cannot create directory '/afs/cern.ch/user/x/xisu/private/local/Analysis_workspace/VH_AC_tmp1/flashgg_d2/CMSSW_10_6_29/src/flashgg/VHAC_Analysis_Met/UL_17/UL_17_zh125': File exists
/cvmfs/cms.cern.ch/slc7_amd64_gcc700/external/py2-requests/2.21.0-pafccj2/lib/python2.7/site-packages/requests/__init__.py:91: RequestsDependencyWarning: urllib3 (1.25.2) or chardet (3.0.4) doesn't match a supported version!
  RequestsDependencyWarning)
20-Dec-2022 11:08:40 CET  Initiating request to open file root://cms-xrd-global.cern.ch//store/user/alesauva/flashgg/UL2017_4/10_6_4/ZHiggs0L1ToGG_M125_TuneCP5_13TeV-JHUGenV7011-pythia8/UL2017_4-10_6_4-v0-RunIISummer19UL17MiniAOD-106X_mc2017_realistic_v6-v2/200911_121149/0000/myMicroAODOutputFile_19.root
%MSG-w XrdAdaptor:  file_open 20-Dec-2022 11:08:43 CET pre-events
Data is served from GRIF-IRFU instead of original site CERN-CMSGLOBAL-02
%MSG
20-Dec-2022 11:08:44 CET  Successfully opened file root://cms-xrd-global.cern.ch//store/user/alesauva/flashgg/UL2017_4/10_6_4/ZHiggs0L1ToGG_M125_TuneCP5_13TeV-JHUGenV7011-pythia8/UL2017_4-10_6_4-v0-RunIISummer19UL17MiniAOD-106X_mc2017_realistic_v6-v2/200911_121149/0000/myMicroAODOutputFile_19.root
2022-12-20 11:21:51.591173: I tensorflow/core/platform/cpu_feature_guard.cc:140] Your CPU supports instructions that this TensorFlow binary was not compiled to use: SSE4.1 SSE4.2 AVX AVX2 FMA
Begin processing the 1st record. Run 1, Event 46511, LumiSection 466 on stream 0 at 20-Dec-2022 11:22:48.550 CET
[2022-12-20 11:23:32.754390 +0100][Error  ][AsyncSock         ] [xrootd.ba.infn.it:1094 #0.0] Socket error while handshaking: [ERROR] Socket timeout
[2022-12-20 11:23:32.754619 +0100][Error  ][PostMaster        ] [xrootd.ba.infn.it:1094 #0] elapsed = 45, pConnectionWindow = 31 seconds.
[2022-12-20 11:24:17.545367 +0100][Error  ][AsyncSock         ] [xrootd.ba.infn.it:1094 #0.0] Socket error while handshaking: [ERROR] Socket timeout
[2022-12-20 11:24:17.545524 +0100][Error  ][PostMaster        ] [xrootd.ba.infn.it:1094 #0] elapsed = 45, pConnectionWindow = 31 seconds.
[2022-12-20 11:24:17.545564 +0100][Error  ][PostMaster        ] [xrootd.ba.infn.it:1094 #0] Unable to recover: [ERROR] Socket timeout.
[2022-12-20 11:24:17.545584 +0100][Error  ][XRootD            ] [xrootd.ba.infn.it:1094] Impossible to send message kXR_open (file: /store/user/alesauva/flashgg/UL2017_4/10_6_4/ZHiggs0L1ToGG_M125_TuneCP5_13TeV-JHUGenV7011-pythia8/UL2017_4-10_6_4-v0-RunIISummer19UL17MiniAOD-106X_mc2017_realistic_v6-v2/200911_121149/0000/myMicroAODOutputFile_19.root?tried=stor93.datagrid.cea.fr, mode: 0660, flags: kXR_open_read kXR_async kXR_retstat ). Trying to recover.
Begin processing the 1001st record. Run 1, Event 47605, LumiSection 477 on stream 0 at 20-Dec-2022 11:27:22.201 CET
[2022-12-20 11:29:12.433385 +0100][Error  ][AsyncSock         ] [xrootd.ba.infn.it:1094 #0.0] Socket error while handshaking: [ERROR] Socket timeout
[2022-12-20 11:29:12.433556 +0100][Error  ][PostMaster        ] [xrootd.ba.infn.it:1094 #0] elapsed = 45, pConnectionWindow = 31 seconds.
Begin processing the 2001st record. Run 1, Event 48807, LumiSection 489 on stream 0 at 20-Dec-2022 11:29:34.802 CET
[2022-12-20 11:29:57.685423 +0100][Error  ][AsyncSock         ] [xrootd.ba.infn.it:1094 #0.0] Socket error while handshaking: [ERROR] Socket timeout
[2022-12-20 11:29:57.685578 +0100][Error  ][PostMaster        ] [xrootd.ba.infn.it:1094 #0] elapsed = 45, pConnectionWindow = 31 seconds.
[2022-12-20 11:29:57.685586 +0100][Error  ][PostMaster        ] [xrootd.ba.infn.it:1094 #0] Unable to recover: [ERROR] Socket timeout.
[2022-12-20 11:29:57.685594 +0100][Error  ][XRootD            ] [xrootd.ba.infn.it:1094] Impossible to send message kXR_open (file: /store/user/alesauva/flashgg/UL2017_4/10_6_4/ZHiggs0L1ToGG_M125_TuneCP5_13TeV-JHUGenV7011-pythia8/UL2017_4-10_6_4-v0-RunIISummer19UL17MiniAOD-106X_mc2017_realistic_v6-v2/200911_121149/0000/myMicroAODOutputFile_19.root?tried=stor93.datagrid.cea.fr, mode: 0660, flags: kXR_open_read kXR_async kXR_retstat ). Trying to recover.
Begin processing the 3001st record. Run 1, Event 88606, LumiSection 887 on stream 0 at 20-Dec-2022 11:31:58.692 CET
Begin processing the 4001st record. Run 1, Event 146005, LumiSection 1461 on stream 0 at 20-Dec-2022 11:34:16.676 CET
Begin processing the 5001st record. Run 1, Event 147005, LumiSection 1471 on stream 0 at 20-Dec-2022 11:36:26.581 CET
[2022-12-20 11:36:32.828351 +0100][Error  ][AsyncSock         ] [xrootd.ba.infn.it:1094 #0.0] Socket error while handshaking: [ERROR] Socket timeout
[2022-12-20 11:36:32.828509 +0100][Error  ][PostMaster        ] [xrootd.ba.infn.it:1094 #0] elapsed = 45, pConnectionWindow = 31 seconds.
[2022-12-20 11:37:17.056936 +0100][Error  ][AsyncSock         ] [xrootd.ba.infn.it:1094 #0.0] Socket error while handshaking: [ERROR] Socket timeout
[2022-12-20 11:37:17.057062 +0100][Error  ][PostMaster        ] [xrootd.ba.infn.it:1094 #0] elapsed = 45, pConnectionWindow = 31 seconds.
[2022-12-20 11:37:17.057076 +0100][Error  ][PostMaster        ] [xrootd.ba.infn.it:1094 #0] Unable to recover: [ERROR] Socket timeout.
[2022-12-20 11:37:17.057085 +0100][Error  ][XRootD            ] [xrootd.ba.infn.it:1094] Impossible to send message kXR_open (file: /store/user/alesauva/flashgg/UL2017_4/10_6_4/ZHiggs0L1ToGG_M125_TuneCP5_13TeV-JHUGenV7011-pythia8/UL2017_4-10_6_4-v0-RunIISummer19UL17MiniAOD-106X_mc2017_realistic_v6-v2/200911_121149/0000/myMicroAODOutputFile_19.root?tried=stor93.datagrid.cea.fr, mode: 0660, flags: kXR_open_read kXR_async kXR_retstat ). Trying to recover.
Begin processing the 6001st record. Run 1, Event 148105, LumiSection 1482 on stream 0 at 20-Dec-2022 11:38:40.278 CET
Begin processing the 7001st record. Run 1, Event 356408, LumiSection 3565 on stream 0 at 20-Dec-2022 11:40:53.618 CET
Begin processing the 8001st record. Run 1, Event 449803, LumiSection 4499 on stream 0 at 20-Dec-2022 11:43:03.046 CET
[2022-12-20 11:44:56.225471 +0100][Error  ][AsyncSock         ] [xrootd.ba.infn.it:1094 #0.0] Socket error while handshaking: [ERROR] Socket timeout
[2022-12-20 11:44:56.225604 +0100][Error  ][PostMaster        ] [xrootd.ba.infn.it:1094 #0] elapsed = 45, pConnectionWindow = 31 seconds.
Begin processing the 9001st record. Run 1, Event 450803, LumiSection 4509 on stream 0 at 20-Dec-2022 11:45:13.276 CET
[2022-12-20 11:45:41.437198 +0100][Error  ][AsyncSock         ] [xrootd.ba.infn.it:1094 #0.0] Socket error while handshaking: [ERROR] Socket timeout
[2022-12-20 11:45:41.437329 +0100][Error  ][PostMaster        ] [xrootd.ba.infn.it:1094 #0] elapsed = 45, pConnectionWindow = 31 seconds.
[2022-12-20 11:45:41.437337 +0100][Error  ][PostMaster        ] [xrootd.ba.infn.it:1094 #0] Unable to recover: [ERROR] Socket timeout.
[2022-12-20 11:45:41.437346 +0100][Error  ][XRootD            ] [xrootd.ba.infn.it:1094] Impossible to send message kXR_open (file: /store/user/alesauva/flashgg/UL2017_4/10_6_4/ZHiggs0L1ToGG_M125_TuneCP5_13TeV-JHUGenV7011-pythia8/UL2017_4-10_6_4-v0-RunIISummer19UL17MiniAOD-106X_mc2017_realistic_v6-v2/200911_121149/0000/myMicroAODOutputFile_19.root?tried=stor93.datagrid.cea.fr, mode: 0660, flags: kXR_open_read kXR_async kXR_retstat ). Trying to recover.
Begin processing the 10001st record. Run 1, Event 595805, LumiSection 5959 on stream 0 at 20-Dec-2022 11:47:27.079 CET
Begin processing the 11001st record. Run 1, Event 50112, LumiSection 502 on stream 0 at 20-Dec-2022 11:49:39.563 CET
Begin processing the 12001st record. Run 1, Event 458506, LumiSection 4586 on stream 0 at 20-Dec-2022 11:51:58.959 CET
[2022-12-20 11:53:23.221379 +0100][Error  ][AsyncSock         ] [xrootd.ba.infn.it:1094 #0.0] Socket error while handshaking: [ERROR] Socket timeout
[2022-12-20 11:53:23.221527 +0100][Error  ][PostMaster        ] [xrootd.ba.infn.it:1094 #0] elapsed = 45, pConnectionWindow = 31 seconds.
[2022-12-20 11:54:08.464373 +0100][Error  ][AsyncSock         ] [xrootd.ba.infn.it:1094 #0.0] Socket error while handshaking: [ERROR] Socket timeout
[2022-12-20 11:54:08.464520 +0100][Error  ][PostMaster        ] [xrootd.ba.infn.it:1094 #0] elapsed = 45, pConnectionWindow = 31 seconds.
[2022-12-20 11:54:08.464530 +0100][Error  ][PostMaster        ] [xrootd.ba.infn.it:1094 #0] Unable to recover: [ERROR] Socket timeout.
[2022-12-20 11:54:08.464551 +0100][Error  ][XRootD            ] [xrootd.ba.infn.it:1094] Impossible to send message kXR_open (file: /store/user/alesauva/flashgg/UL2017_4/10_6_4/ZHiggs0L1ToGG_M125_TuneCP5_13TeV-JHUGenV7011-pythia8/UL2017_4-10_6_4-v0-RunIISummer19UL17MiniAOD-106X_mc2017_realistic_v6-v2/200911_121149/0000/myMicroAODOutputFile_19.root?tried=stor93.datagrid.cea.fr, mode: 0660, flags: kXR_open_read kXR_async kXR_retstat ). Trying to recover.
Begin processing the 13001st record. Run 1, Event 54907, LumiSection 550 on stream 0 at 20-Dec-2022 11:54:14.275 CET
Begin processing the 14001st record. Run 1, Event 55902, LumiSection 560 on stream 0 at 20-Dec-2022 11:56:24.386 CET
Begin processing the 15001st record. Run 1, Event 56901, LumiSection 570 on stream 0 at 20-Dec-2022 11:58:41.377 CET
Begin processing the 16001st record. Run 1, Event 57905, LumiSection 580 on stream 0 at 20-Dec-2022 12:00:53.433 CET
[2022-12-20 12:01:50.726367 +0100][Error  ][AsyncSock         ] [xrootd.ba.infn.it:1094 #0.0] Socket error while handshaking: [ERROR] Socket timeout
[2022-12-20 12:01:50.726510 +0100][Error  ][PostMaster        ] [xrootd.ba.infn.it:1094 #0] elapsed = 45, pConnectionWindow = 31 seconds.
[2022-12-20 12:02:35.952015 +0100][Error  ][AsyncSock         ] [xrootd.ba.infn.it:1094 #0.0] Socket error while handshaking: [ERROR] Socket timeout
[2022-12-20 12:02:35.952165 +0100][Error  ][PostMaster        ] [xrootd.ba.infn.it:1094 #0] elapsed = 45, pConnectionWindow = 31 seconds.
[2022-12-20 12:02:35.952174 +0100][Error  ][PostMaster        ] [xrootd.ba.infn.it:1094 #0] Unable to recover: [ERROR] Socket timeout.
[2022-12-20 12:02:35.952185 +0100][Error  ][XRootD            ] [xrootd.ba.infn.it:1094] Impossible to send message kXR_open (file: /store/user/alesauva/flashgg/UL2017_4/10_6_4/ZHiggs0L1ToGG_M125_TuneCP5_13TeV-JHUGenV7011-pythia8/UL2017_4-10_6_4-v0-RunIISummer19UL17MiniAOD-106X_mc2017_realistic_v6-v2/200911_121149/0000/myMicroAODOutputFile_19.root?tried=stor93.datagrid.cea.fr, mode: 0660, flags: kXR_open_read kXR_async kXR_retstat ). Trying to recover.
Begin processing the 17001st record. Run 1, Event 439106, LumiSection 4392 on stream 0 at 20-Dec-2022 12:03:04.773 CET
Begin processing the 18001st record. Run 1, Event 440105, LumiSection 4402 on stream 0 at 20-Dec-2022 12:05:22.197 CET
Begin processing the 19001st record. Run 1, Event 462218, LumiSection 4623 on stream 0 at 20-Dec-2022 12:07:44.196 CET
Begin processing the 20001st record. Run 1, Event 637301, LumiSection 6374 on stream 0 at 20-Dec-2022 12:10:02.911 CET
[2022-12-20 12:10:31.069448 +0100][Error  ][AsyncSock         ] [xrootd.ba.infn.it:1094 #0.0] Socket error while handshaking: [ERROR] Socket timeout
[2022-12-20 12:10:31.069572 +0100][Error  ][PostMaster        ] [xrootd.ba.infn.it:1094 #0] elapsed = 45, pConnectionWindow = 31 seconds.
[2022-12-20 12:11:16.488381 +0100][Error  ][AsyncSock         ] [xrootd.ba.infn.it:1094 #0.0] Socket error while handshaking: [ERROR] Socket timeout
[2022-12-20 12:11:16.488518 +0100][Error  ][PostMaster        ] [xrootd.ba.infn.it:1094 #0] elapsed = 45, pConnectionWindow = 31 seconds.
[2022-12-20 12:11:16.488528 +0100][Error  ][PostMaster        ] [xrootd.ba.infn.it:1094 #0] Unable to recover: [ERROR] Socket timeout.
[2022-12-20 12:11:16.488538 +0100][Error  ][XRootD            ] [xrootd.ba.infn.it:1094] Impossible to send message kXR_open (file: /store/user/alesauva/flashgg/UL2017_4/10_6_4/ZHiggs0L1ToGG_M125_TuneCP5_13TeV-JHUGenV7011-pythia8/UL2017_4-10_6_4-v0-RunIISummer19UL17MiniAOD-106X_mc2017_realistic_v6-v2/200911_121149/0000/myMicroAODOutputFile_19.root?tried=stor93.datagrid.cea.fr, mode: 0660, flags: kXR_open_read kXR_async kXR_retstat ). Trying to recover.
Begin processing the 21001st record. Run 1, Event 638307, LumiSection 6384 on stream 0 at 20-Dec-2022 12:12:24.221 CET
Begin processing the 22001st record. Run 1, Event 639303, LumiSection 6394 on stream 0 at 20-Dec-2022 12:14:33.454 CET
Begin processing the 23001st record. Run 1, Event 660502, LumiSection 6606 on stream 0 at 20-Dec-2022 12:16:41.393 CET
[2022-12-20 12:18:58.625385 +0100][Error  ][AsyncSock         ] [xrootd.ba.infn.it:1094 #0.0] Socket error while handshaking: [ERROR] Socket timeout
[2022-12-20 12:18:58.625570 +0100][Error  ][PostMaster        ] [xrootd.ba.infn.it:1094 #0] elapsed = 45, pConnectionWindow = 31 seconds.
Begin processing the 24001st record. Run 1, Event 661515, LumiSection 6616 on stream 0 at 20-Dec-2022 12:19:00.798 CET
[2022-12-20 12:19:43.875395 +0100][Error  ][AsyncSock         ] [xrootd.ba.infn.it:1094 #0.0] Socket error while handshaking: [ERROR] Socket timeout
[2022-12-20 12:19:43.875582 +0100][Error  ][PostMaster        ] [xrootd.ba.infn.it:1094 #0] elapsed = 45, pConnectionWindow = 31 seconds.
[2022-12-20 12:19:43.875594 +0100][Error  ][PostMaster        ] [xrootd.ba.infn.it:1094 #0] Unable to recover: [ERROR] Socket timeout.
[2022-12-20 12:19:43.875603 +0100][Error  ][XRootD            ] [xrootd.ba.infn.it:1094] Impossible to send message kXR_open (file: /store/user/alesauva/flashgg/UL2017_4/10_6_4/ZHiggs0L1ToGG_M125_TuneCP5_13TeV-JHUGenV7011-pythia8/UL2017_4-10_6_4-v0-RunIISummer19UL17MiniAOD-106X_mc2017_realistic_v6-v2/200911_121149/0000/myMicroAODOutputFile_19.root?tried=stor93.datagrid.cea.fr, mode: 0660, flags: kXR_open_read kXR_async kXR_retstat ). Trying to recover.
20-Dec-2022 12:21:20 CET  Closed file root://cms-xrd-global.cern.ch//store/user/alesauva/flashgg/UL2017_4/10_6_4/ZHiggs0L1ToGG_M125_TuneCP5_13TeV-JHUGenV7011-pythia8/UL2017_4-10_6_4-v0-RunIISummer19UL17MiniAOD-106X_mc2017_realistic_v6-v2/200911_121149/0000/myMicroAODOutputFile_19.root

TrigReport ---------- Event  Summary ------------
TrigReport Events total = 25000 passed = 24675 failed = 325

TrigReport ---------- Path   Summary ------------
TrigReport  Trig Bit#   Executed     Passed     Failed      Error Name
TrigReport     1    0      25000      24675        325          0 p

TrigReport -------End-Path   Summary ------------
TrigReport  Trig Bit#   Executed     Passed     Failed      Error Name

TrigReport ---------- Modules in Path: p ------------
TrigReport  Trig Bit#    Visited     Passed     Failed      Error Name
TrigReport     1    0      25000      24675        325          0 flashggMetFilters
TrigReport     1    1      24675      24675          0          0 VHFilter
TrigReport     1    2      24675      24675          0          0 flashggDifferentialPhoIdInputsCorrection
TrigReport     1    3      24675      24675          0          0 flashggDiPhotonSystematics
TrigReport     1    4      24675      24675          0          0 flashggMetSystematics
TrigReport     1    5      24675      24675          0          0 flashggMuonSystematics
TrigReport     1    6      24675      24675          0          0 flashggElectronSystematics
TrigReport     1    7      24675      24675          0          0 flashggUnpackedJets
TrigReport     1    8      24675      24675          0          0 flashggJetSystematics0
TrigReport     1    9      24675      24675          0          0 flashggJetSystematics1
TrigReport     1   10      24675      24675          0          0 flashggJetSystematics2
TrigReport     1   11      24675      24675          0          0 flashggJetSystematics3
TrigReport     1   12      24675      24675          0          0 flashggJetSystematics4
TrigReport     1   13      24675      24675          0          0 flashggJetSystematics5
TrigReport     1   14      24675      24675          0          0 flashggJetSystematics6
TrigReport     1   15      24675      24675          0          0 flashggJetSystematics7
TrigReport     1   16      24675      24675          0          0 flashggJetSystematics8
TrigReport     1   17      24675      24675          0          0 flashggJetSystematics9
TrigReport     1   18      24675      24675          0          0 flashggJetSystematics10
TrigReport     1   19      24675      24675          0          0 flashggJetSystematics11
TrigReport     1   20      24675      24675          0          0 flashggPrefireDiPhotons
TrigReport     1   21      24675      24675          0          0 flashggPreselectedDiPhotons
TrigReport     1   22      24675      24675          0          0 flashggDiPhotonMVA
TrigReport     1   23      24675      24675          0          0 flashggVBFMVA
TrigReport     1   24      24675      24675          0          0 flashggVHhadMVA
TrigReport     1   25      24675      24675          0          0 flashggGluGluHMVA
TrigReport     1   26      24675      24675          0          0 flashggStageOneCombinedTag
TrigReport     1   27      24675      24675          0          0 flashggTHQLeptonicTag
TrigReport     1   28      24675      24675          0          0 flashggVHMetTag
TrigReport     1   29      24675      24675          0          0 flashggWHLeptonicTag
TrigReport     1   30      24675      24675          0          0 flashggZHLeptonicTag
TrigReport     1   31      24675      24675          0          0 flashggTTHLeptonicTag
TrigReport     1   32      24675      24675          0          0 flashggTTHHadronicTag
TrigReport     1   33      24675      24675          0          0 flashggTagSorter
TrigReport     1   34      24675      24675          0          0 flashggSystTagMerger
TrigReport     1   35      24675      24675          0          0 tagsDumper

TrigReport ---------- Module Summary ------------
TrigReport    Visited   Executed     Passed     Failed      Error Name
TrigReport      25000      25000      25000          0          0 TriggerResults
TrigReport      24675      24675      24675          0          0 VHFilter
TrigReport      24675      24675      24675          0          0 ak4PFCHSL1FastL2L3Corrector
TrigReport      24675      24675      24675          0          0 ak4PFCHSL1FastjetCorrector
TrigReport      24675      24675      24675          0          0 ak4PFCHSL2RelativeCorrector
TrigReport      24675      24675      24675          0          0 ak4PFCHSL3AbsoluteCorrector
TrigReport      24675      24675      24675          0          0 flashggDiPhotonMVA
TrigReport      24675      24675      24675          0          0 flashggDiPhotonSystematics
TrigReport      24675      24675      24675          0          0 flashggDifferentialPhoIdInputsCorrection
TrigReport      24675      24675      24675          0          0 flashggElectronSystematics
TrigReport      24675      24675      24675          0          0 flashggGluGluHMVA
TrigReport      24675      24675      24675          0          0 flashggJetSystematics0
TrigReport      24675      24675      24675          0          0 flashggJetSystematics1
TrigReport      24675      24675      24675          0          0 flashggJetSystematics10
TrigReport      24675      24675      24675          0          0 flashggJetSystematics11
TrigReport      24675      24675      24675          0          0 flashggJetSystematics2
TrigReport      24675      24675      24675          0          0 flashggJetSystematics3
TrigReport      24675      24675      24675          0          0 flashggJetSystematics4
TrigReport      24675      24675      24675          0          0 flashggJetSystematics5
TrigReport      24675      24675      24675          0          0 flashggJetSystematics6
TrigReport      24675      24675      24675          0          0 flashggJetSystematics7
TrigReport      24675      24675      24675          0          0 flashggJetSystematics8
TrigReport      24675      24675      24675          0          0 flashggJetSystematics9
TrigReport      25000      25000      24675        325          0 flashggMetFilters
TrigReport      24675      24675      24675          0          0 flashggMetSystematics
TrigReport      24675      24675      24675          0          0 flashggMuonSystematics
TrigReport      24675      24675      24675          0          0 flashggPrefireDiPhotons
TrigReport      24675      24675      24675          0          0 flashggPreselectedDiPhotons
TrigReport      24675      24675      24675          0          0 flashggStageOneCombinedTag
TrigReport      24675      24675      24675          0          0 flashggSystTagMerger
TrigReport      24675      24675      24675          0          0 flashggTHQLeptonicTag
TrigReport      24675      24675      24675          0          0 flashggTTHHadronicTag
TrigReport      24675      24675      24675          0          0 flashggTTHLeptonicTag
TrigReport      24675      24675      24675          0          0 flashggTagSorter
TrigReport      24675      24675      24675          0          0 flashggUnpackedJets
TrigReport      24675      24675      24675          0          0 flashggVBFMVA
TrigReport      24675      24675      24675          0          0 flashggVHMetTag
TrigReport      24675      24675      24675          0          0 flashggVHhadMVA
TrigReport      24675      24675      24675          0          0 flashggWHLeptonicTag
TrigReport      24675      24675      24675          0          0 flashggZHLeptonicTag
TrigReport      25000      25000      25000          0          0 p
TrigReport      24675      24675      24675          0          0 tagsDumper

TimeReport ---------- Event  Summary ---[sec]----
TimeReport       event loop CPU/event = 0.140252
TimeReport      event loop Real/event = 0.140543
TimeReport     sum Streams Real/event = 0.136550
TimeReport efficiency CPU/Real/thread = 0.997929

TimeReport ---------- Path   Summary ---[Real sec]----
TimeReport  per event     per exec  Name
TimeReport   0.136074     0.136074  p
TimeReport  per event     per exec  Name

TimeReport -------End-Path   Summary ---[Real sec]----
TimeReport  per event     per exec  Name
TimeReport  per event     per exec  Name

TimeReport ---------- Modules in Path: p ---[Real sec]----
TimeReport  per event    per visit  Name
TimeReport   0.000016     0.000016  flashggMetFilters
TimeReport   0.000007     0.000007  VHFilter
TimeReport   0.072240     0.073192  flashggDifferentialPhoIdInputsCorrection
TimeReport   0.046348     0.046958  flashggDiPhotonSystematics
TimeReport   0.000177     0.000179  flashggMetSystematics
TimeReport   0.000049     0.000050  flashggMuonSystematics
TimeReport   0.000039     0.000039  flashggElectronSystematics
TimeReport   0.000226     0.000229  flashggUnpackedJets
TimeReport   0.003863     0.003914  flashggJetSystematics0
TimeReport   0.000699     0.000708  flashggJetSystematics1
TimeReport   0.000634     0.000642  flashggJetSystematics2
TimeReport   0.000614     0.000622  flashggJetSystematics3
TimeReport   0.000603     0.000611  flashggJetSystematics4
TimeReport   0.000597     0.000605  flashggJetSystematics5
TimeReport   0.000594     0.000602  flashggJetSystematics6
TimeReport   0.000592     0.000599  flashggJetSystematics7
TimeReport   0.000592     0.000599  flashggJetSystematics8
TimeReport   0.000590     0.000598  flashggJetSystematics9
TimeReport   0.000588     0.000596  flashggJetSystematics10
TimeReport   0.000587     0.000595  flashggJetSystematics11
TimeReport   0.000311     0.000315  flashggPrefireDiPhotons
TimeReport   0.000132     0.000133  flashggPreselectedDiPhotons
TimeReport   0.000041     0.000042  flashggDiPhotonMVA
TimeReport   0.000034     0.000035  flashggVBFMVA
TimeReport   0.000020     0.000020  flashggVHhadMVA
TimeReport   0.000058     0.000058  flashggGluGluHMVA
TimeReport   0.000038     0.000038  flashggStageOneCombinedTag
TimeReport   0.000707     0.000716  flashggTHQLeptonicTag
TimeReport   0.000374     0.000379  flashggVHMetTag
TimeReport   0.000028     0.000029  flashggWHLeptonicTag
TimeReport   0.000023     0.000024  flashggZHLeptonicTag
TimeReport   0.000074     0.000075  flashggTTHLeptonicTag
TimeReport   0.001607     0.001629  flashggTTHHadronicTag
TimeReport   0.000089     0.000091  flashggTagSorter
TimeReport   0.000004     0.000004  flashggSystTagMerger
TimeReport   0.000356     0.000361  tagsDumper
TimeReport  per event    per visit  Name

TimeReport ---------- Module Summary ---[Real sec]----
TimeReport  per event     per exec    per visit  Name
TimeReport   0.000003     0.000003     0.000003  TriggerResults
TimeReport   0.000007     0.000007     0.000007  VHFilter
TimeReport   0.000004     0.000004     0.000004  ak4PFCHSL1FastL2L3Corrector
TimeReport   0.000004     0.000004     0.000004  ak4PFCHSL1FastjetCorrector
TimeReport   0.000001     0.000001     0.000001  ak4PFCHSL2RelativeCorrector
TimeReport   0.000015     0.000015     0.000015  ak4PFCHSL3AbsoluteCorrector
TimeReport   0.000041     0.000042     0.000042  flashggDiPhotonMVA
TimeReport   0.046348     0.046958     0.046958  flashggDiPhotonSystematics
TimeReport   0.072240     0.073192     0.073192  flashggDifferentialPhoIdInputsCorrection
TimeReport   0.000039     0.000039     0.000039  flashggElectronSystematics
TimeReport   0.000058     0.000058     0.000058  flashggGluGluHMVA
TimeReport   0.003863     0.003914     0.003914  flashggJetSystematics0
TimeReport   0.000699     0.000708     0.000708  flashggJetSystematics1
TimeReport   0.000588     0.000596     0.000596  flashggJetSystematics10
TimeReport   0.000587     0.000595     0.000595  flashggJetSystematics11
TimeReport   0.000634     0.000642     0.000642  flashggJetSystematics2
TimeReport   0.000614     0.000622     0.000622  flashggJetSystematics3
TimeReport   0.000603     0.000611     0.000611  flashggJetSystematics4
TimeReport   0.000597     0.000605     0.000605  flashggJetSystematics5
TimeReport   0.000594     0.000602     0.000602  flashggJetSystematics6
TimeReport   0.000592     0.000599     0.000599  flashggJetSystematics7
TimeReport   0.000592     0.000599     0.000599  flashggJetSystematics8
TimeReport   0.000590     0.000598     0.000598  flashggJetSystematics9
TimeReport   0.000016     0.000016     0.000016  flashggMetFilters
TimeReport   0.000177     0.000179     0.000179  flashggMetSystematics
TimeReport   0.000049     0.000050     0.000050  flashggMuonSystematics
TimeReport   0.000311     0.000315     0.000315  flashggPrefireDiPhotons
TimeReport   0.000132     0.000133     0.000133  flashggPreselectedDiPhotons
TimeReport   0.000038     0.000038     0.000038  flashggStageOneCombinedTag
TimeReport   0.000004     0.000004     0.000004  flashggSystTagMerger
TimeReport   0.000707     0.000716     0.000716  flashggTHQLeptonicTag
TimeReport   0.001607     0.001629     0.001629  flashggTTHHadronicTag
TimeReport   0.000074     0.000075     0.000075  flashggTTHLeptonicTag
TimeReport   0.000089     0.000091     0.000091  flashggTagSorter
TimeReport   0.000226     0.000229     0.000229  flashggUnpackedJets
TimeReport   0.000034     0.000035     0.000035  flashggVBFMVA
TimeReport   0.000374     0.000379     0.000379  flashggVHMetTag
TimeReport   0.000020     0.000020     0.000020  flashggVHhadMVA
TimeReport   0.000028     0.000029     0.000029  flashggWHLeptonicTag
TimeReport   0.000023     0.000024     0.000024  flashggZHLeptonicTag
TimeReport   0.000003     0.000003     0.000003  p
TimeReport   0.000356     0.000361     0.000361  tagsDumper
TimeReport  per event     per exec    per visit  Name

T---Report end!


=============================================

MessageLogger Summary

 type     category        sev    module        subroutine        count    total
 ---- -------------------- -- ---------------- ----------------  -----    -----
    1 XrdAdaptor           -w file_open                              1        1
    2 fileAction           -s file_close                             1        1
    3 fileAction           -s file_open                              2        2

 type    category    Examples: run/evt        run/evt          run/evt
 ---- -------------------- ---------------- ---------------- ----------------
    1 XrdAdaptor           pre-events                        
    2 fileAction           PostGlobalEndRun                  
    3 fileAction           pre-events       pre-events       

Severity    # Occurrences   Total Occurrences
--------    -------------   -----------------
Warning                 1                   1
System                  3                   3

dropped waiting message count 0
