mkdir: cannot create directory '/afs/cern.ch/user/x/xisu/private/local/Analysis_workspace/VH_AC_tmp1/flashgg_d2/CMSSW_10_6_29/src/flashgg/VHAC_Analysis_Met/UL_17/UL_17_zh125': File exists
/cvmfs/cms.cern.ch/slc7_amd64_gcc700/external/py2-requests/2.21.0-pafccj2/lib/python2.7/site-packages/requests/__init__.py:91: RequestsDependencyWarning: urllib3 (1.25.2) or chardet (3.0.4) doesn't match a supported version!
  RequestsDependencyWarning)
20-Dec-2022 11:11:23 CET  Initiating request to open file root://cms-xrd-global.cern.ch//store/user/alesauva/flashgg/UL2017_3/10_6_4/VHToGG_M125_TuneCP5_13TeV-amcatnloFXFX-madspin-pythia8/UL2017_3-10_6_4-v0-RunIISummer19UL17MiniAOD-106X_mc2017_realistic_v6-v1/200718_083214/0000/myMicroAODOutputFile_2.root
%MSG-w XrdAdaptor:  file_open 20-Dec-2022 11:11:25 CET pre-events
Data is served from GRIF-IRFU instead of original site CERN-CMSGLOBAL-02
%MSG
20-Dec-2022 11:11:27 CET  Successfully opened file root://cms-xrd-global.cern.ch//store/user/alesauva/flashgg/UL2017_3/10_6_4/VHToGG_M125_TuneCP5_13TeV-amcatnloFXFX-madspin-pythia8/UL2017_3-10_6_4-v0-RunIISummer19UL17MiniAOD-106X_mc2017_realistic_v6-v1/200718_083214/0000/myMicroAODOutputFile_2.root
2022-12-20 11:25:11.472838: I tensorflow/core/platform/cpu_feature_guard.cc:140] Your CPU supports instructions that this TensorFlow binary was not compiled to use: SSE4.1 SSE4.2 AVX AVX2 FMA
Begin processing the 1st record. Run 1, Event 549, LumiSection 3 on stream 0 at 20-Dec-2022 11:26:02.222 CET
[2022-12-20 11:26:46.452215 +0100][Error  ][AsyncSock         ] [xrootd.ba.infn.it:1094 #0.0] Socket error while handshaking: [ERROR] Socket timeout
[2022-12-20 11:26:46.452441 +0100][Error  ][PostMaster        ] [xrootd.ba.infn.it:1094 #0] elapsed = 45, pConnectionWindow = 31 seconds.
[2022-12-20 11:27:31.705802 +0100][Error  ][AsyncSock         ] [xrootd.ba.infn.it:1094 #0.0] Socket error while handshaking: [ERROR] Socket timeout
[2022-12-20 11:27:31.705989 +0100][Error  ][PostMaster        ] [xrootd.ba.infn.it:1094 #0] elapsed = 45, pConnectionWindow = 31 seconds.
[2022-12-20 11:27:31.706030 +0100][Error  ][PostMaster        ] [xrootd.ba.infn.it:1094 #0] Unable to recover: [ERROR] Socket timeout.
[2022-12-20 11:27:31.706067 +0100][Error  ][XRootD            ] [xrootd.ba.infn.it:1094] Impossible to send message kXR_open (file: /store/user/alesauva/flashgg/UL2017_3/10_6_4/VHToGG_M125_TuneCP5_13TeV-amcatnloFXFX-madspin-pythia8/UL2017_3-10_6_4-v0-RunIISummer19UL17MiniAOD-106X_mc2017_realistic_v6-v1/200718_083214/0000/myMicroAODOutputFile_2.root?tried=stor90.datagrid.cea.fr, mode: 0660, flags: kXR_open_read kXR_async kXR_retstat ). Trying to recover.
[2022-12-20 11:28:28.951159 +0100][Error  ][AsyncSock         ] [xrootd-cms.infn.it:1094 #0.0] Socket error while handshaking: [ERROR] Socket timeout
[2022-12-20 11:28:28.951305 +0100][Error  ][PostMaster        ] [xrootd-cms.infn.it:1094 #0] elapsed = 46, pConnectionWindow = 31 seconds.
Begin processing the 1001st record. Run 1, Event 696399, LumiSection 2580 on stream 0 at 20-Dec-2022 11:29:05.639 CET
Begin processing the 2001st record. Run 1, Event 729486, LumiSection 2702 on stream 0 at 20-Dec-2022 11:29:57.497 CET
Begin processing the 3001st record. Run 1, Event 735747, LumiSection 2725 on stream 0 at 20-Dec-2022 11:30:53.647 CET
[2022-12-20 11:31:36.037317 +0100][Error  ][AsyncSock         ] [xrootd.ba.infn.it:1094 #0.0] Socket error while handshaking: [ERROR] Socket timeout
[2022-12-20 11:31:36.037511 +0100][Error  ][PostMaster        ] [xrootd.ba.infn.it:1094 #0] elapsed = 45, pConnectionWindow = 31 seconds.
Begin processing the 4001st record. Run 1, Event 755604, LumiSection 2799 on stream 0 at 20-Dec-2022 11:31:40.546 CET
[2022-12-20 11:32:22.078130 +0100][Error  ][AsyncSock         ] [xrootd.ba.infn.it:1094 #0.0] Socket error while handshaking: [ERROR] Socket timeout
[2022-12-20 11:32:22.078258 +0100][Error  ][PostMaster        ] [xrootd.ba.infn.it:1094 #0] elapsed = 46, pConnectionWindow = 31 seconds.
[2022-12-20 11:32:22.078270 +0100][Error  ][PostMaster        ] [xrootd.ba.infn.it:1094 #0] Unable to recover: [ERROR] Socket timeout.
[2022-12-20 11:32:22.078297 +0100][Error  ][XRootD            ] [xrootd.ba.infn.it:1094] Impossible to send message kXR_open (file: /store/user/alesauva/flashgg/UL2017_3/10_6_4/VHToGG_M125_TuneCP5_13TeV-amcatnloFXFX-madspin-pythia8/UL2017_3-10_6_4-v0-RunIISummer19UL17MiniAOD-106X_mc2017_realistic_v6-v1/200718_083214/0000/myMicroAODOutputFile_2.root?tried=stor90.datagrid.cea.fr, mode: 0660, flags: kXR_open_read kXR_async kXR_retstat ). Trying to recover.
Begin processing the 5001st record. Run 1, Event 759070, LumiSection 2812 on stream 0 at 20-Dec-2022 11:32:28.520 CET
Begin processing the 6001st record. Run 1, Event 208329, LumiSection 772 on stream 0 at 20-Dec-2022 11:33:17.601 CET
Begin processing the 7001st record. Run 1, Event 162682, LumiSection 603 on stream 0 at 20-Dec-2022 11:34:03.931 CET
Begin processing the 8001st record. Run 1, Event 165441, LumiSection 613 on stream 0 at 20-Dec-2022 11:34:53.104 CET
Begin processing the 9001st record. Run 1, Event 168356, LumiSection 624 on stream 0 at 20-Dec-2022 11:35:40.429 CET
[2022-12-20 11:36:21.198140 +0100][Error  ][AsyncSock         ] [xrootd.ba.infn.it:1094 #0.0] Socket error while handshaking: [ERROR] Socket timeout
[2022-12-20 11:36:21.198308 +0100][Error  ][PostMaster        ] [xrootd.ba.infn.it:1094 #0] elapsed = 45, pConnectionWindow = 31 seconds.
Begin processing the 10001st record. Run 1, Event 211759, LumiSection 785 on stream 0 at 20-Dec-2022 11:36:28.128 CET
[2022-12-20 11:37:06.017277 +0100][Error  ][AsyncSock         ] [xrootd.ba.infn.it:1094 #0.0] Socket error while handshaking: [ERROR] Socket timeout
[2022-12-20 11:37:06.017445 +0100][Error  ][PostMaster        ] [xrootd.ba.infn.it:1094 #0] elapsed = 45, pConnectionWindow = 31 seconds.
[2022-12-20 11:37:06.017464 +0100][Error  ][PostMaster        ] [xrootd.ba.infn.it:1094 #0] Unable to recover: [ERROR] Socket timeout.
[2022-12-20 11:37:06.017490 +0100][Error  ][XRootD            ] [xrootd.ba.infn.it:1094] Impossible to send message kXR_open (file: /store/user/alesauva/flashgg/UL2017_3/10_6_4/VHToGG_M125_TuneCP5_13TeV-amcatnloFXFX-madspin-pythia8/UL2017_3-10_6_4-v0-RunIISummer19UL17MiniAOD-106X_mc2017_realistic_v6-v1/200718_083214/0000/myMicroAODOutputFile_2.root?tried=stor90.datagrid.cea.fr, mode: 0660, flags: kXR_open_read kXR_async kXR_retstat ). Trying to recover.
Begin processing the 11001st record. Run 1, Event 189881, LumiSection 704 on stream 0 at 20-Dec-2022 11:37:15.725 CET
Begin processing the 12001st record. Run 1, Event 139180, LumiSection 516 on stream 0 at 20-Dec-2022 11:38:07.811 CET
Begin processing the 13001st record. Run 1, Event 152232, LumiSection 564 on stream 0 at 20-Dec-2022 11:38:55.276 CET
Begin processing the 14001st record. Run 1, Event 741194, LumiSection 2746 on stream 0 at 20-Dec-2022 11:39:50.288 CET
Begin processing the 15001st record. Run 1, Event 744597, LumiSection 2758 on stream 0 at 20-Dec-2022 11:40:37.387 CET
[2022-12-20 11:41:13.029248 +0100][Error  ][AsyncSock         ] [xrootd.ba.infn.it:1094 #0.0] Socket error while handshaking: [ERROR] Socket timeout
[2022-12-20 11:41:13.029397 +0100][Error  ][PostMaster        ] [xrootd.ba.infn.it:1094 #0] elapsed = 45, pConnectionWindow = 31 seconds.
Begin processing the 16001st record. Run 1, Event 116987, LumiSection 434 on stream 0 at 20-Dec-2022 11:41:24.943 CET
[2022-12-20 11:41:58.698182 +0100][Error  ][AsyncSock         ] [xrootd.ba.infn.it:1094 #0.0] Socket error while handshaking: [ERROR] Socket timeout
[2022-12-20 11:41:58.698408 +0100][Error  ][PostMaster        ] [xrootd.ba.infn.it:1094 #0] elapsed = 45, pConnectionWindow = 31 seconds.
[2022-12-20 11:41:58.698427 +0100][Error  ][PostMaster        ] [xrootd.ba.infn.it:1094 #0] Unable to recover: [ERROR] Socket timeout.
[2022-12-20 11:41:58.698437 +0100][Error  ][XRootD            ] [xrootd.ba.infn.it:1094] Impossible to send message kXR_open (file: /store/user/alesauva/flashgg/UL2017_3/10_6_4/VHToGG_M125_TuneCP5_13TeV-amcatnloFXFX-madspin-pythia8/UL2017_3-10_6_4-v0-RunIISummer19UL17MiniAOD-106X_mc2017_realistic_v6-v1/200718_083214/0000/myMicroAODOutputFile_2.root?tried=stor90.datagrid.cea.fr, mode: 0660, flags: kXR_open_read kXR_async kXR_retstat ). Trying to recover.
Begin processing the 17001st record. Run 1, Event 754981, LumiSection 2797 on stream 0 at 20-Dec-2022 11:42:11.777 CET
Begin processing the 18001st record. Run 1, Event 216202, LumiSection 801 on stream 0 at 20-Dec-2022 11:43:10.771 CET
Begin processing the 19001st record. Run 1, Event 219464, LumiSection 813 on stream 0 at 20-Dec-2022 11:43:56.454 CET
Begin processing the 20001st record. Run 1, Event 231516, LumiSection 858 on stream 0 at 20-Dec-2022 11:44:50.159 CET
Begin processing the 21001st record. Run 1, Event 234328, LumiSection 868 on stream 0 at 20-Dec-2022 11:45:40.058 CET
[2022-12-20 11:46:15.650243 +0100][Error  ][AsyncSock         ] [xrootd.ba.infn.it:1094 #0.0] Socket error while handshaking: [ERROR] Socket timeout
[2022-12-20 11:46:15.650444 +0100][Error  ][PostMaster        ] [xrootd.ba.infn.it:1094 #0] elapsed = 45, pConnectionWindow = 31 seconds.
Begin processing the 22001st record. Run 1, Event 592492, LumiSection 2195 on stream 0 at 20-Dec-2022 11:46:29.254 CET
[2022-12-20 11:47:00.244142 +0100][Error  ][AsyncSock         ] [xrootd.ba.infn.it:1094 #0.0] Socket error while handshaking: [ERROR] Socket timeout
[2022-12-20 11:47:00.244298 +0100][Error  ][PostMaster        ] [xrootd.ba.infn.it:1094 #0] elapsed = 45, pConnectionWindow = 31 seconds.
[2022-12-20 11:47:00.244310 +0100][Error  ][PostMaster        ] [xrootd.ba.infn.it:1094 #0] Unable to recover: [ERROR] Socket timeout.
[2022-12-20 11:47:00.244330 +0100][Error  ][XRootD            ] [xrootd.ba.infn.it:1094] Impossible to send message kXR_open (file: /store/user/alesauva/flashgg/UL2017_3/10_6_4/VHToGG_M125_TuneCP5_13TeV-amcatnloFXFX-madspin-pythia8/UL2017_3-10_6_4-v0-RunIISummer19UL17MiniAOD-106X_mc2017_realistic_v6-v1/200718_083214/0000/myMicroAODOutputFile_2.root?tried=stor90.datagrid.cea.fr, mode: 0660, flags: kXR_open_read kXR_async kXR_retstat ). Trying to recover.
Begin processing the 23001st record. Run 1, Event 171942, LumiSection 637 on stream 0 at 20-Dec-2022 11:47:17.747 CET
Begin processing the 24001st record. Run 1, Event 702352, LumiSection 2602 on stream 0 at 20-Dec-2022 11:48:06.556 CET
20-Dec-2022 11:48:56 CET  Closed file root://cms-xrd-global.cern.ch//store/user/alesauva/flashgg/UL2017_3/10_6_4/VHToGG_M125_TuneCP5_13TeV-amcatnloFXFX-madspin-pythia8/UL2017_3-10_6_4-v0-RunIISummer19UL17MiniAOD-106X_mc2017_realistic_v6-v1/200718_083214/0000/myMicroAODOutputFile_2.root

TrigReport ---------- Event  Summary ------------
TrigReport Events total = 24991 passed = 9010 failed = 15981

TrigReport ---------- Path   Summary ------------
TrigReport  Trig Bit#   Executed     Passed     Failed      Error Name
TrigReport     1    0      24991       9010      15981          0 p

TrigReport -------End-Path   Summary ------------
TrigReport  Trig Bit#   Executed     Passed     Failed      Error Name

TrigReport ---------- Modules in Path: p ------------
TrigReport  Trig Bit#    Visited     Passed     Failed      Error Name
TrigReport     1    0      24991      24873        118          0 flashggMetFilters
TrigReport     1    1      24873       9010      15863          0 VHFilter
TrigReport     1    2       9010       9010          0          0 flashggDifferentialPhoIdInputsCorrection
TrigReport     1    3       9010       9010          0          0 flashggDiPhotonSystematics
TrigReport     1    4       9010       9010          0          0 flashggMetSystematics
TrigReport     1    5       9010       9010          0          0 flashggMuonSystematics
TrigReport     1    6       9010       9010          0          0 flashggElectronSystematics
TrigReport     1    7       9010       9010          0          0 flashggUnpackedJets
TrigReport     1    8       9010       9010          0          0 flashggJetSystematics0
TrigReport     1    9       9010       9010          0          0 flashggJetSystematics1
TrigReport     1   10       9010       9010          0          0 flashggJetSystematics2
TrigReport     1   11       9010       9010          0          0 flashggJetSystematics3
TrigReport     1   12       9010       9010          0          0 flashggJetSystematics4
TrigReport     1   13       9010       9010          0          0 flashggJetSystematics5
TrigReport     1   14       9010       9010          0          0 flashggJetSystematics6
TrigReport     1   15       9010       9010          0          0 flashggJetSystematics7
TrigReport     1   16       9010       9010          0          0 flashggJetSystematics8
TrigReport     1   17       9010       9010          0          0 flashggJetSystematics9
TrigReport     1   18       9010       9010          0          0 flashggJetSystematics10
TrigReport     1   19       9010       9010          0          0 flashggJetSystematics11
TrigReport     1   20       9010       9010          0          0 flashggPrefireDiPhotons
TrigReport     1   21       9010       9010          0          0 flashggPreselectedDiPhotons
TrigReport     1   22       9010       9010          0          0 flashggDiPhotonMVA
TrigReport     1   23       9010       9010          0          0 flashggVBFMVA
TrigReport     1   24       9010       9010          0          0 flashggVHhadMVA
TrigReport     1   25       9010       9010          0          0 flashggGluGluHMVA
TrigReport     1   26       9010       9010          0          0 flashggStageOneCombinedTag
TrigReport     1   27       9010       9010          0          0 flashggTHQLeptonicTag
TrigReport     1   28       9010       9010          0          0 flashggVHMetTag
TrigReport     1   29       9010       9010          0          0 flashggWHLeptonicTag
TrigReport     1   30       9010       9010          0          0 flashggZHLeptonicTag
TrigReport     1   31       9010       9010          0          0 flashggTTHLeptonicTag
TrigReport     1   32       9010       9010          0          0 flashggTTHHadronicTag
TrigReport     1   33       9010       9010          0          0 flashggTagSorter
TrigReport     1   34       9010       9010          0          0 flashggSystTagMerger
TrigReport     1   35       9010       9010          0          0 tagsDumper

TrigReport ---------- Module Summary ------------
TrigReport    Visited   Executed     Passed     Failed      Error Name
TrigReport      24991      24991      24991          0          0 TriggerResults
TrigReport      24873      24873       9010      15863          0 VHFilter
TrigReport       9010       9010       9010          0          0 ak4PFCHSL1FastL2L3Corrector
TrigReport       9010       9010       9010          0          0 ak4PFCHSL1FastjetCorrector
TrigReport       9010       9010       9010          0          0 ak4PFCHSL2RelativeCorrector
TrigReport       9010       9010       9010          0          0 ak4PFCHSL3AbsoluteCorrector
TrigReport       9010       9010       9010          0          0 flashggDiPhotonMVA
TrigReport       9010       9010       9010          0          0 flashggDiPhotonSystematics
TrigReport       9010       9010       9010          0          0 flashggDifferentialPhoIdInputsCorrection
TrigReport       9010       9010       9010          0          0 flashggElectronSystematics
TrigReport       9010       9010       9010          0          0 flashggGluGluHMVA
TrigReport       9010       9010       9010          0          0 flashggJetSystematics0
TrigReport       9010       9010       9010          0          0 flashggJetSystematics1
TrigReport       9010       9010       9010          0          0 flashggJetSystematics10
TrigReport       9010       9010       9010          0          0 flashggJetSystematics11
TrigReport       9010       9010       9010          0          0 flashggJetSystematics2
TrigReport       9010       9010       9010          0          0 flashggJetSystematics3
TrigReport       9010       9010       9010          0          0 flashggJetSystematics4
TrigReport       9010       9010       9010          0          0 flashggJetSystematics5
TrigReport       9010       9010       9010          0          0 flashggJetSystematics6
TrigReport       9010       9010       9010          0          0 flashggJetSystematics7
TrigReport       9010       9010       9010          0          0 flashggJetSystematics8
TrigReport       9010       9010       9010          0          0 flashggJetSystematics9
TrigReport      24991      24991      24873        118          0 flashggMetFilters
TrigReport       9010       9010       9010          0          0 flashggMetSystematics
TrigReport       9010       9010       9010          0          0 flashggMuonSystematics
TrigReport       9010       9010       9010          0          0 flashggPrefireDiPhotons
TrigReport       9010       9010       9010          0          0 flashggPreselectedDiPhotons
TrigReport       9010       9010       9010          0          0 flashggStageOneCombinedTag
TrigReport       9010       9010       9010          0          0 flashggSystTagMerger
TrigReport       9010       9010       9010          0          0 flashggTHQLeptonicTag
TrigReport       9010       9010       9010          0          0 flashggTTHHadronicTag
TrigReport       9010       9010       9010          0          0 flashggTTHLeptonicTag
TrigReport       9010       9010       9010          0          0 flashggTagSorter
TrigReport       9010       9010       9010          0          0 flashggUnpackedJets
TrigReport       9010       9010       9010          0          0 flashggVBFMVA
TrigReport       9010       9010       9010          0          0 flashggVHMetTag
TrigReport       9010       9010       9010          0          0 flashggVHhadMVA
TrigReport       9010       9010       9010          0          0 flashggWHLeptonicTag
TrigReport       9010       9010       9010          0          0 flashggZHLeptonicTag
TrigReport      24991      24991      24991          0          0 p
TrigReport       9010       9010       9010          0          0 tagsDumper

TimeReport ---------- Event  Summary ---[sec]----
TimeReport       event loop CPU/event = 0.054573
TimeReport      event loop Real/event = 0.055000
TimeReport     sum Streams Real/event = 0.053419
TimeReport efficiency CPU/Real/thread = 0.992250

TimeReport ---------- Path   Summary ---[Real sec]----
TimeReport  per event     per exec  Name
TimeReport   0.053145     0.053145  p
TimeReport  per event     per exec  Name

TimeReport -------End-Path   Summary ---[Real sec]----
TimeReport  per event     per exec  Name
TimeReport  per event     per exec  Name

TimeReport ---------- Modules in Path: p ---[Real sec]----
TimeReport  per event    per visit  Name
TimeReport   0.000010     0.000010  flashggMetFilters
TimeReport   0.000004     0.000004  VHFilter
TimeReport   0.030406     0.084337  flashggDifferentialPhoIdInputsCorrection
TimeReport   0.016624     0.046109  flashggDiPhotonSystematics
TimeReport   0.000067     0.000186  flashggMetSystematics
TimeReport   0.000009     0.000025  flashggMuonSystematics
TimeReport   0.000014     0.000039  flashggElectronSystematics
TimeReport   0.000085     0.000236  flashggUnpackedJets
TimeReport   0.001503     0.004169  flashggJetSystematics0
TimeReport   0.000222     0.000616  flashggJetSystematics1
TimeReport   0.000198     0.000548  flashggJetSystematics2
TimeReport   0.000189     0.000525  flashggJetSystematics3
TimeReport   0.000187     0.000517  flashggJetSystematics4
TimeReport   0.000185     0.000512  flashggJetSystematics5
TimeReport   0.000183     0.000508  flashggJetSystematics6
TimeReport   0.000182     0.000506  flashggJetSystematics7
TimeReport   0.000181     0.000502  flashggJetSystematics8
TimeReport   0.000181     0.000501  flashggJetSystematics9
TimeReport   0.000180     0.000500  flashggJetSystematics10
TimeReport   0.000180     0.000499  flashggJetSystematics11
TimeReport   0.000117     0.000323  flashggPrefireDiPhotons
TimeReport   0.000040     0.000111  flashggPreselectedDiPhotons
TimeReport   0.000010     0.000029  flashggDiPhotonMVA
TimeReport   0.000010     0.000026  flashggVBFMVA
TimeReport   0.000006     0.000016  flashggVHhadMVA
TimeReport   0.000016     0.000045  flashggGluGluHMVA
TimeReport   0.000011     0.000030  flashggStageOneCombinedTag
TimeReport   0.000321     0.000890  flashggTHQLeptonicTag
TimeReport   0.000101     0.000280  flashggVHMetTag
TimeReport   0.000008     0.000023  flashggWHLeptonicTag
TimeReport   0.000007     0.000018  flashggZHLeptonicTag
TimeReport   0.000036     0.000099  flashggTTHLeptonicTag
TimeReport   0.000489     0.001356  flashggTTHHadronicTag
TimeReport   0.000029     0.000081  flashggTagSorter
TimeReport   0.000001     0.000004  flashggSystTagMerger
TimeReport   0.000147     0.000409  tagsDumper
TimeReport  per event    per visit  Name

TimeReport ---------- Module Summary ---[Real sec]----
TimeReport  per event     per exec    per visit  Name
TimeReport   0.000002     0.000002     0.000002  TriggerResults
TimeReport   0.000004     0.000004     0.000004  VHFilter
TimeReport   0.000001     0.000003     0.000003  ak4PFCHSL1FastL2L3Corrector
TimeReport   0.000001     0.000003     0.000003  ak4PFCHSL1FastjetCorrector
TimeReport   0.000001     0.000001     0.000001  ak4PFCHSL2RelativeCorrector
TimeReport   0.000005     0.000013     0.000013  ak4PFCHSL3AbsoluteCorrector
TimeReport   0.000010     0.000029     0.000029  flashggDiPhotonMVA
TimeReport   0.016624     0.046109     0.046109  flashggDiPhotonSystematics
TimeReport   0.030406     0.084337     0.084337  flashggDifferentialPhoIdInputsCorrection
TimeReport   0.000014     0.000039     0.000039  flashggElectronSystematics
TimeReport   0.000016     0.000045     0.000045  flashggGluGluHMVA
TimeReport   0.001503     0.004169     0.004169  flashggJetSystematics0
TimeReport   0.000222     0.000616     0.000616  flashggJetSystematics1
TimeReport   0.000180     0.000500     0.000500  flashggJetSystematics10
TimeReport   0.000180     0.000499     0.000499  flashggJetSystematics11
TimeReport   0.000198     0.000548     0.000548  flashggJetSystematics2
TimeReport   0.000189     0.000525     0.000525  flashggJetSystematics3
TimeReport   0.000187     0.000517     0.000517  flashggJetSystematics4
TimeReport   0.000185     0.000512     0.000512  flashggJetSystematics5
TimeReport   0.000183     0.000508     0.000508  flashggJetSystematics6
TimeReport   0.000182     0.000506     0.000506  flashggJetSystematics7
TimeReport   0.000181     0.000502     0.000502  flashggJetSystematics8
TimeReport   0.000181     0.000501     0.000501  flashggJetSystematics9
TimeReport   0.000010     0.000010     0.000010  flashggMetFilters
TimeReport   0.000067     0.000186     0.000186  flashggMetSystematics
TimeReport   0.000009     0.000025     0.000025  flashggMuonSystematics
TimeReport   0.000117     0.000323     0.000323  flashggPrefireDiPhotons
TimeReport   0.000040     0.000111     0.000111  flashggPreselectedDiPhotons
TimeReport   0.000011     0.000030     0.000030  flashggStageOneCombinedTag
TimeReport   0.000001     0.000004     0.000004  flashggSystTagMerger
TimeReport   0.000321     0.000890     0.000890  flashggTHQLeptonicTag
TimeReport   0.000489     0.001356     0.001356  flashggTTHHadronicTag
TimeReport   0.000036     0.000099     0.000099  flashggTTHLeptonicTag
TimeReport   0.000029     0.000081     0.000081  flashggTagSorter
TimeReport   0.000085     0.000236     0.000236  flashggUnpackedJets
TimeReport   0.000010     0.000026     0.000026  flashggVBFMVA
TimeReport   0.000101     0.000280     0.000280  flashggVHMetTag
TimeReport   0.000006     0.000016     0.000016  flashggVHhadMVA
TimeReport   0.000008     0.000023     0.000023  flashggWHLeptonicTag
TimeReport   0.000007     0.000018     0.000018  flashggZHLeptonicTag
TimeReport   0.000002     0.000002     0.000002  p
TimeReport   0.000147     0.000409     0.000409  tagsDumper
TimeReport  per event     per exec    per visit  Name

T---Report end!


=============================================

MessageLogger Summary

 type     category        sev    module        subroutine        count    total
 ---- -------------------- -- ---------------- ----------------  -----    -----
    1 XrdAdaptor           -w file_open                              1        1
    2 fileAction           -s file_close                             1        1
    3 fileAction           -s file_open                              2        2

 type    category    Examples: run/evt        run/evt          run/evt
 ---- -------------------- ---------------- ---------------- ----------------
    1 XrdAdaptor           pre-events                        
    2 fileAction           PostGlobalEndRun                  
    3 fileAction           pre-events       pre-events       

Severity    # Occurrences   Total Occurrences
--------    -------------   -----------------
Warning                 1                   1
System                  3                   3

dropped waiting message count 0
