mkdir: cannot create directory '/afs/cern.ch/user/x/xisu/private/local/Analysis_workspace/VH_AC_tmp1/flashgg_d2/CMSSW_10_6_29/src/flashgg/VHAC_Analysis_Met/UL_17/UL_17_zh125': File exists
/cvmfs/cms.cern.ch/slc7_amd64_gcc700/external/py2-requests/2.21.0-pafccj2/lib/python2.7/site-packages/requests/__init__.py:91: RequestsDependencyWarning: urllib3 (1.25.2) or chardet (3.0.4) doesn't match a supported version!
  RequestsDependencyWarning)
20-Dec-2022 11:10:57 CET  Initiating request to open file root://cms-xrd-global.cern.ch//store/user/alesauva/flashgg/UL2017_4/10_6_4/ZHiggs0MToGG_M125_TuneCP5_13TeV-JHUGenV7011-pythia8/UL2017_4-10_6_4-v0-RunIISummer19UL17MiniAOD-106X_mc2017_realistic_v6-v2/200720_162208/0000/myMicroAODOutputFile_13.root
%MSG-w XrdAdaptor:  file_open 20-Dec-2022 11:11:00 CET pre-events
Data is served from GRIF-IRFU instead of original site CERN-CMSGLOBAL-01
%MSG
20-Dec-2022 11:11:01 CET  Successfully opened file root://cms-xrd-global.cern.ch//store/user/alesauva/flashgg/UL2017_4/10_6_4/ZHiggs0MToGG_M125_TuneCP5_13TeV-JHUGenV7011-pythia8/UL2017_4-10_6_4-v0-RunIISummer19UL17MiniAOD-106X_mc2017_realistic_v6-v2/200720_162208/0000/myMicroAODOutputFile_13.root
2022-12-20 11:24:20.741574: I tensorflow/core/platform/cpu_feature_guard.cc:140] Your CPU supports instructions that this TensorFlow binary was not compiled to use: SSE4.1 SSE4.2 AVX AVX2 FMA
Begin processing the 1st record. Run 1, Event 131010, LumiSection 1311 on stream 0 at 20-Dec-2022 11:25:12.875 CET
[2022-12-20 11:25:57.091989 +0100][Error  ][AsyncSock         ] [xrootd.ba.infn.it:1094 #0.0] Socket error while handshaking: [ERROR] Socket timeout
[2022-12-20 11:25:57.092163 +0100][Error  ][PostMaster        ] [xrootd.ba.infn.it:1094 #0] elapsed = 46, pConnectionWindow = 31 seconds.
[2022-12-20 11:26:42.050772 +0100][Error  ][AsyncSock         ] [xrootd.ba.infn.it:1094 #0.0] Socket error while handshaking: [ERROR] Socket timeout
[2022-12-20 11:26:42.051244 +0100][Error  ][PostMaster        ] [xrootd.ba.infn.it:1094 #0] elapsed = 45, pConnectionWindow = 31 seconds.
[2022-12-20 11:26:42.051646 +0100][Error  ][PostMaster        ] [xrootd.ba.infn.it:1094 #0] Unable to recover: [ERROR] Socket timeout.
[2022-12-20 11:26:42.051800 +0100][Error  ][XRootD            ] [xrootd.ba.infn.it:1094] Impossible to send message kXR_open (file: /store/user/alesauva/flashgg/UL2017_4/10_6_4/ZHiggs0MToGG_M125_TuneCP5_13TeV-JHUGenV7011-pythia8/UL2017_4-10_6_4-v0-RunIISummer19UL17MiniAOD-106X_mc2017_realistic_v6-v2/200720_162208/0000/myMicroAODOutputFile_13.root?tried=stor73.datagrid.cea.fr, mode: 0660, flags: kXR_open_read kXR_async kXR_retstat ). Trying to recover.
Begin processing the 1001st record. Run 1, Event 192905, LumiSection 1930 on stream 0 at 20-Dec-2022 11:29:38.631 CET
[2022-12-20 11:31:39.710716 +0100][Error  ][AsyncSock         ] [xrootd.ba.infn.it:1094 #0.0] Socket error while handshaking: [ERROR] Socket timeout
[2022-12-20 11:31:39.710860 +0100][Error  ][PostMaster        ] [xrootd.ba.infn.it:1094 #0] elapsed = 45, pConnectionWindow = 31 seconds.
Begin processing the 2001st record. Run 1, Event 194210, LumiSection 1943 on stream 0 at 20-Dec-2022 11:31:41.033 CET
[2022-12-20 11:32:24.945735 +0100][Error  ][AsyncSock         ] [xrootd.ba.infn.it:1094 #0.0] Socket error while handshaking: [ERROR] Socket timeout
[2022-12-20 11:32:24.945917 +0100][Error  ][PostMaster        ] [xrootd.ba.infn.it:1094 #0] elapsed = 45, pConnectionWindow = 31 seconds.
[2022-12-20 11:32:24.945943 +0100][Error  ][PostMaster        ] [xrootd.ba.infn.it:1094 #0] Unable to recover: [ERROR] Socket timeout.
[2022-12-20 11:32:24.945952 +0100][Error  ][XRootD            ] [xrootd.ba.infn.it:1094] Impossible to send message kXR_open (file: /store/user/alesauva/flashgg/UL2017_4/10_6_4/ZHiggs0MToGG_M125_TuneCP5_13TeV-JHUGenV7011-pythia8/UL2017_4-10_6_4-v0-RunIISummer19UL17MiniAOD-106X_mc2017_realistic_v6-v2/200720_162208/0000/myMicroAODOutputFile_13.root?tried=stor73.datagrid.cea.fr, mode: 0660, flags: kXR_open_read kXR_async kXR_retstat ). Trying to recover.
Begin processing the 3001st record. Run 1, Event 195203, LumiSection 1953 on stream 0 at 20-Dec-2022 11:33:44.768 CET
Begin processing the 4001st record. Run 1, Event 229310, LumiSection 2294 on stream 0 at 20-Dec-2022 11:35:54.741 CET
[2022-12-20 11:36:32.227707 +0100][Error  ][AsyncSock         ] [xrootd.ba.infn.it:1094 #0.0] Socket error while handshaking: [ERROR] Socket timeout
[2022-12-20 11:36:32.227861 +0100][Error  ][PostMaster        ] [xrootd.ba.infn.it:1094 #0] elapsed = 45, pConnectionWindow = 31 seconds.
[2022-12-20 11:37:17.471328 +0100][Error  ][AsyncSock         ] [xrootd.ba.infn.it:1094 #0.0] Socket error while handshaking: [ERROR] Socket timeout
[2022-12-20 11:37:17.471457 +0100][Error  ][PostMaster        ] [xrootd.ba.infn.it:1094 #0] elapsed = 45, pConnectionWindow = 31 seconds.
[2022-12-20 11:37:17.471468 +0100][Error  ][PostMaster        ] [xrootd.ba.infn.it:1094 #0] Unable to recover: [ERROR] Socket timeout.
[2022-12-20 11:37:17.471478 +0100][Error  ][XRootD            ] [xrootd.ba.infn.it:1094] Impossible to send message kXR_open (file: /store/user/alesauva/flashgg/UL2017_4/10_6_4/ZHiggs0MToGG_M125_TuneCP5_13TeV-JHUGenV7011-pythia8/UL2017_4-10_6_4-v0-RunIISummer19UL17MiniAOD-106X_mc2017_realistic_v6-v2/200720_162208/0000/myMicroAODOutputFile_13.root?tried=stor73.datagrid.cea.fr, mode: 0660, flags: kXR_open_read kXR_async kXR_retstat ). Trying to recover.
Begin processing the 5001st record. Run 1, Event 341406, LumiSection 3415 on stream 0 at 20-Dec-2022 11:37:59.478 CET
Begin processing the 6001st record. Run 1, Event 342503, LumiSection 3426 on stream 0 at 20-Dec-2022 11:40:06.492 CET
Begin processing the 7001st record. Run 1, Event 343508, LumiSection 3436 on stream 0 at 20-Dec-2022 11:42:09.516 CET
Begin processing the 8001st record. Run 1, Event 352401, LumiSection 3525 on stream 0 at 20-Dec-2022 11:44:16.079 CET
[2022-12-20 11:44:47.823720 +0100][Error  ][AsyncSock         ] [xrootd.ba.infn.it:1094 #0.0] Socket error while handshaking: [ERROR] Socket timeout
[2022-12-20 11:44:47.823888 +0100][Error  ][PostMaster        ] [xrootd.ba.infn.it:1094 #0] elapsed = 45, pConnectionWindow = 31 seconds.
[2022-12-20 11:45:32.068406 +0100][Error  ][AsyncSock         ] [xrootd.ba.infn.it:1094 #0.0] Socket error while handshaking: [ERROR] Socket timeout
[2022-12-20 11:45:32.068631 +0100][Error  ][PostMaster        ] [xrootd.ba.infn.it:1094 #0] elapsed = 45, pConnectionWindow = 31 seconds.
[2022-12-20 11:45:32.068645 +0100][Error  ][PostMaster        ] [xrootd.ba.infn.it:1094 #0] Unable to recover: [ERROR] Socket timeout.
[2022-12-20 11:45:32.068655 +0100][Error  ][XRootD            ] [xrootd.ba.infn.it:1094] Impossible to send message kXR_open (file: /store/user/alesauva/flashgg/UL2017_4/10_6_4/ZHiggs0MToGG_M125_TuneCP5_13TeV-JHUGenV7011-pythia8/UL2017_4-10_6_4-v0-RunIISummer19UL17MiniAOD-106X_mc2017_realistic_v6-v2/200720_162208/0000/myMicroAODOutputFile_13.root?tried=stor73.datagrid.cea.fr, mode: 0660, flags: kXR_open_read kXR_async kXR_retstat ). Trying to recover.
Begin processing the 9001st record. Run 1, Event 353415, LumiSection 3535 on stream 0 at 20-Dec-2022 11:46:19.061 CET
Begin processing the 10001st record. Run 1, Event 372814, LumiSection 3729 on stream 0 at 20-Dec-2022 11:48:17.052 CET
Begin processing the 11001st record. Run 1, Event 373804, LumiSection 3739 on stream 0 at 20-Dec-2022 11:50:25.753 CET
[2022-12-20 11:50:53.653718 +0100][Error  ][AsyncSock         ] [xrootd.ba.infn.it:1094 #0.0] Socket error while handshaking: [ERROR] Socket timeout
[2022-12-20 11:50:53.653856 +0100][Error  ][PostMaster        ] [xrootd.ba.infn.it:1094 #0] elapsed = 45, pConnectionWindow = 31 seconds.
[2022-12-20 11:51:38.903729 +0100][Error  ][AsyncSock         ] [xrootd.ba.infn.it:1094 #0.0] Socket error while handshaking: [ERROR] Socket timeout
[2022-12-20 11:51:38.903882 +0100][Error  ][PostMaster        ] [xrootd.ba.infn.it:1094 #0] elapsed = 45, pConnectionWindow = 31 seconds.
[2022-12-20 11:51:38.903894 +0100][Error  ][PostMaster        ] [xrootd.ba.infn.it:1094 #0] Unable to recover: [ERROR] Socket timeout.
[2022-12-20 11:51:38.903905 +0100][Error  ][XRootD            ] [xrootd.ba.infn.it:1094] Impossible to send message kXR_open (file: /store/user/alesauva/flashgg/UL2017_4/10_6_4/ZHiggs0MToGG_M125_TuneCP5_13TeV-JHUGenV7011-pythia8/UL2017_4-10_6_4-v0-RunIISummer19UL17MiniAOD-106X_mc2017_realistic_v6-v2/200720_162208/0000/myMicroAODOutputFile_13.root?tried=stor73.datagrid.cea.fr, mode: 0660, flags: kXR_open_read kXR_async kXR_retstat ). Trying to recover.
Begin processing the 12001st record. Run 1, Event 374811, LumiSection 3749 on stream 0 at 20-Dec-2022 11:52:38.132 CET
Begin processing the 13001st record. Run 1, Event 383002, LumiSection 3831 on stream 0 at 20-Dec-2022 11:54:40.105 CET
Begin processing the 14001st record. Run 1, Event 384012, LumiSection 3841 on stream 0 at 20-Dec-2022 11:56:43.701 CET
[2022-12-20 11:57:04.262725 +0100][Error  ][AsyncSock         ] [xrootd.ba.infn.it:1094 #0.0] Socket error while handshaking: [ERROR] Socket timeout
[2022-12-20 11:57:04.262877 +0100][Error  ][PostMaster        ] [xrootd.ba.infn.it:1094 #0] elapsed = 45, pConnectionWindow = 31 seconds.
[2022-12-20 11:57:49.513725 +0100][Error  ][AsyncSock         ] [xrootd.ba.infn.it:1094 #0.0] Socket error while handshaking: [ERROR] Socket timeout
[2022-12-20 11:57:49.513884 +0100][Error  ][PostMaster        ] [xrootd.ba.infn.it:1094 #0] elapsed = 45, pConnectionWindow = 31 seconds.
[2022-12-20 11:57:49.513896 +0100][Error  ][PostMaster        ] [xrootd.ba.infn.it:1094 #0] Unable to recover: [ERROR] Socket timeout.
[2022-12-20 11:57:49.513905 +0100][Error  ][XRootD            ] [xrootd.ba.infn.it:1094] Impossible to send message kXR_open (file: /store/user/alesauva/flashgg/UL2017_4/10_6_4/ZHiggs0MToGG_M125_TuneCP5_13TeV-JHUGenV7011-pythia8/UL2017_4-10_6_4-v0-RunIISummer19UL17MiniAOD-106X_mc2017_realistic_v6-v2/200720_162208/0000/myMicroAODOutputFile_13.root?tried=stor73.datagrid.cea.fr, mode: 0660, flags: kXR_open_read kXR_async kXR_retstat ). Trying to recover.
Begin processing the 15001st record. Run 1, Event 385011, LumiSection 3851 on stream 0 at 20-Dec-2022 11:58:46.898 CET
Begin processing the 16001st record. Run 1, Event 398801, LumiSection 3989 on stream 0 at 20-Dec-2022 12:00:51.277 CET
Begin processing the 17001st record. Run 1, Event 467906, LumiSection 4680 on stream 0 at 20-Dec-2022 12:02:55.379 CET
[2022-12-20 12:03:11.156748 +0100][Error  ][AsyncSock         ] [xrootd.ba.infn.it:1094 #0.0] Socket error while handshaking: [ERROR] Socket timeout
[2022-12-20 12:03:11.156958 +0100][Error  ][PostMaster        ] [xrootd.ba.infn.it:1094 #0] elapsed = 45, pConnectionWindow = 31 seconds.
[2022-12-20 12:03:56.392898 +0100][Error  ][AsyncSock         ] [xrootd.ba.infn.it:1094 #0.0] Socket error while handshaking: [ERROR] Socket timeout
[2022-12-20 12:03:56.393070 +0100][Error  ][PostMaster        ] [xrootd.ba.infn.it:1094 #0] elapsed = 45, pConnectionWindow = 31 seconds.
[2022-12-20 12:03:56.393079 +0100][Error  ][PostMaster        ] [xrootd.ba.infn.it:1094 #0] Unable to recover: [ERROR] Socket timeout.
[2022-12-20 12:03:56.393089 +0100][Error  ][XRootD            ] [xrootd.ba.infn.it:1094] Impossible to send message kXR_open (file: /store/user/alesauva/flashgg/UL2017_4/10_6_4/ZHiggs0MToGG_M125_TuneCP5_13TeV-JHUGenV7011-pythia8/UL2017_4-10_6_4-v0-RunIISummer19UL17MiniAOD-106X_mc2017_realistic_v6-v2/200720_162208/0000/myMicroAODOutputFile_13.root?tried=stor73.datagrid.cea.fr, mode: 0660, flags: kXR_open_read kXR_async kXR_retstat ). Trying to recover.
Begin processing the 18001st record. Run 1, Event 595107, LumiSection 5952 on stream 0 at 20-Dec-2022 12:04:59.123 CET
Begin processing the 19001st record. Run 1, Event 596109, LumiSection 5962 on stream 0 at 20-Dec-2022 12:07:02.748 CET
Begin processing the 20001st record. Run 1, Event 597105, LumiSection 5972 on stream 0 at 20-Dec-2022 12:09:00.141 CET
Begin processing the 21001st record. Run 1, Event 598119, LumiSection 5982 on stream 0 at 20-Dec-2022 12:11:05.974 CET
[2022-12-20 12:11:14.103061 +0100][Error  ][AsyncSock         ] [xrootd.ba.infn.it:1094 #0.0] Socket error while handshaking: [ERROR] Socket timeout
[2022-12-20 12:11:14.103203 +0100][Error  ][PostMaster        ] [xrootd.ba.infn.it:1094 #0] elapsed = 45, pConnectionWindow = 31 seconds.
[2022-12-20 12:11:59.312935 +0100][Error  ][AsyncSock         ] [xrootd.ba.infn.it:1094 #0.0] Socket error while handshaking: [ERROR] Socket timeout
[2022-12-20 12:11:59.313070 +0100][Error  ][PostMaster        ] [xrootd.ba.infn.it:1094 #0] elapsed = 45, pConnectionWindow = 31 seconds.
[2022-12-20 12:11:59.313082 +0100][Error  ][PostMaster        ] [xrootd.ba.infn.it:1094 #0] Unable to recover: [ERROR] Socket timeout.
[2022-12-20 12:11:59.313093 +0100][Error  ][XRootD            ] [xrootd.ba.infn.it:1094] Impossible to send message kXR_open (file: /store/user/alesauva/flashgg/UL2017_4/10_6_4/ZHiggs0MToGG_M125_TuneCP5_13TeV-JHUGenV7011-pythia8/UL2017_4-10_6_4-v0-RunIISummer19UL17MiniAOD-106X_mc2017_realistic_v6-v2/200720_162208/0000/myMicroAODOutputFile_13.root?tried=stor73.datagrid.cea.fr, mode: 0660, flags: kXR_open_read kXR_async kXR_retstat ). Trying to recover.
Begin processing the 22001st record. Run 1, Event 599108, LumiSection 5992 on stream 0 at 20-Dec-2022 12:13:03.272 CET
Begin processing the 23001st record. Run 1, Event 600105, LumiSection 6002 on stream 0 at 20-Dec-2022 12:15:03.973 CET
Begin processing the 24001st record. Run 1, Event 638011, LumiSection 6381 on stream 0 at 20-Dec-2022 12:17:04.644 CET
[2022-12-20 12:17:08.911709 +0100][Error  ][AsyncSock         ] [xrootd.ba.infn.it:1094 #0.0] Socket error while handshaking: [ERROR] Socket timeout
[2022-12-20 12:17:08.911816 +0100][Error  ][PostMaster        ] [xrootd.ba.infn.it:1094 #0] elapsed = 45, pConnectionWindow = 31 seconds.
[2022-12-20 12:17:54.160721 +0100][Error  ][AsyncSock         ] [xrootd.ba.infn.it:1094 #0.0] Socket error while handshaking: [ERROR] Socket timeout
[2022-12-20 12:17:54.160827 +0100][Error  ][PostMaster        ] [xrootd.ba.infn.it:1094 #0] elapsed = 46, pConnectionWindow = 31 seconds.
[2022-12-20 12:17:54.160844 +0100][Error  ][PostMaster        ] [xrootd.ba.infn.it:1094 #0] Unable to recover: [ERROR] Socket timeout.
[2022-12-20 12:17:54.160855 +0100][Error  ][XRootD            ] [xrootd.ba.infn.it:1094] Impossible to send message kXR_open (file: /store/user/alesauva/flashgg/UL2017_4/10_6_4/ZHiggs0MToGG_M125_TuneCP5_13TeV-JHUGenV7011-pythia8/UL2017_4-10_6_4-v0-RunIISummer19UL17MiniAOD-106X_mc2017_realistic_v6-v2/200720_162208/0000/myMicroAODOutputFile_13.root?tried=stor73.datagrid.cea.fr, mode: 0660, flags: kXR_open_read kXR_async kXR_retstat ). Trying to recover.
20-Dec-2022 12:19:08 CET  Closed file root://cms-xrd-global.cern.ch//store/user/alesauva/flashgg/UL2017_4/10_6_4/ZHiggs0MToGG_M125_TuneCP5_13TeV-JHUGenV7011-pythia8/UL2017_4-10_6_4-v0-RunIISummer19UL17MiniAOD-106X_mc2017_realistic_v6-v2/200720_162208/0000/myMicroAODOutputFile_13.root

TrigReport ---------- Event  Summary ------------
TrigReport Events total = 25000 passed = 24790 failed = 210

TrigReport ---------- Path   Summary ------------
TrigReport  Trig Bit#   Executed     Passed     Failed      Error Name
TrigReport     1    0      25000      24790        210          0 p

TrigReport -------End-Path   Summary ------------
TrigReport  Trig Bit#   Executed     Passed     Failed      Error Name

TrigReport ---------- Modules in Path: p ------------
TrigReport  Trig Bit#    Visited     Passed     Failed      Error Name
TrigReport     1    0      25000      24790        210          0 flashggMetFilters
TrigReport     1    1      24790      24790          0          0 VHFilter
TrigReport     1    2      24790      24790          0          0 flashggDifferentialPhoIdInputsCorrection
TrigReport     1    3      24790      24790          0          0 flashggDiPhotonSystematics
TrigReport     1    4      24790      24790          0          0 flashggMetSystematics
TrigReport     1    5      24790      24790          0          0 flashggMuonSystematics
TrigReport     1    6      24790      24790          0          0 flashggElectronSystematics
TrigReport     1    7      24790      24790          0          0 flashggUnpackedJets
TrigReport     1    8      24790      24790          0          0 flashggJetSystematics0
TrigReport     1    9      24790      24790          0          0 flashggJetSystematics1
TrigReport     1   10      24790      24790          0          0 flashggJetSystematics2
TrigReport     1   11      24790      24790          0          0 flashggJetSystematics3
TrigReport     1   12      24790      24790          0          0 flashggJetSystematics4
TrigReport     1   13      24790      24790          0          0 flashggJetSystematics5
TrigReport     1   14      24790      24790          0          0 flashggJetSystematics6
TrigReport     1   15      24790      24790          0          0 flashggJetSystematics7
TrigReport     1   16      24790      24790          0          0 flashggJetSystematics8
TrigReport     1   17      24790      24790          0          0 flashggJetSystematics9
TrigReport     1   18      24790      24790          0          0 flashggJetSystematics10
TrigReport     1   19      24790      24790          0          0 flashggJetSystematics11
TrigReport     1   20      24790      24790          0          0 flashggPrefireDiPhotons
TrigReport     1   21      24790      24790          0          0 flashggPreselectedDiPhotons
TrigReport     1   22      24790      24790          0          0 flashggDiPhotonMVA
TrigReport     1   23      24790      24790          0          0 flashggVBFMVA
TrigReport     1   24      24790      24790          0          0 flashggVHhadMVA
TrigReport     1   25      24790      24790          0          0 flashggGluGluHMVA
TrigReport     1   26      24790      24790          0          0 flashggStageOneCombinedTag
TrigReport     1   27      24790      24790          0          0 flashggTHQLeptonicTag
TrigReport     1   28      24790      24790          0          0 flashggVHMetTag
TrigReport     1   29      24790      24790          0          0 flashggWHLeptonicTag
TrigReport     1   30      24790      24790          0          0 flashggZHLeptonicTag
TrigReport     1   31      24790      24790          0          0 flashggTTHLeptonicTag
TrigReport     1   32      24790      24790          0          0 flashggTTHHadronicTag
TrigReport     1   33      24790      24790          0          0 flashggTagSorter
TrigReport     1   34      24790      24790          0          0 flashggSystTagMerger
TrigReport     1   35      24790      24790          0          0 tagsDumper

TrigReport ---------- Module Summary ------------
TrigReport    Visited   Executed     Passed     Failed      Error Name
TrigReport      25000      25000      25000          0          0 TriggerResults
TrigReport      24790      24790      24790          0          0 VHFilter
TrigReport      24790      24790      24790          0          0 ak4PFCHSL1FastL2L3Corrector
TrigReport      24790      24790      24790          0          0 ak4PFCHSL1FastjetCorrector
TrigReport      24790      24790      24790          0          0 ak4PFCHSL2RelativeCorrector
TrigReport      24790      24790      24790          0          0 ak4PFCHSL3AbsoluteCorrector
TrigReport      24790      24790      24790          0          0 flashggDiPhotonMVA
TrigReport      24790      24790      24790          0          0 flashggDiPhotonSystematics
TrigReport      24790      24790      24790          0          0 flashggDifferentialPhoIdInputsCorrection
TrigReport      24790      24790      24790          0          0 flashggElectronSystematics
TrigReport      24790      24790      24790          0          0 flashggGluGluHMVA
TrigReport      24790      24790      24790          0          0 flashggJetSystematics0
TrigReport      24790      24790      24790          0          0 flashggJetSystematics1
TrigReport      24790      24790      24790          0          0 flashggJetSystematics10
TrigReport      24790      24790      24790          0          0 flashggJetSystematics11
TrigReport      24790      24790      24790          0          0 flashggJetSystematics2
TrigReport      24790      24790      24790          0          0 flashggJetSystematics3
TrigReport      24790      24790      24790          0          0 flashggJetSystematics4
TrigReport      24790      24790      24790          0          0 flashggJetSystematics5
TrigReport      24790      24790      24790          0          0 flashggJetSystematics6
TrigReport      24790      24790      24790          0          0 flashggJetSystematics7
TrigReport      24790      24790      24790          0          0 flashggJetSystematics8
TrigReport      24790      24790      24790          0          0 flashggJetSystematics9
TrigReport      25000      25000      24790        210          0 flashggMetFilters
TrigReport      24790      24790      24790          0          0 flashggMetSystematics
TrigReport      24790      24790      24790          0          0 flashggMuonSystematics
TrigReport      24790      24790      24790          0          0 flashggPrefireDiPhotons
TrigReport      24790      24790      24790          0          0 flashggPreselectedDiPhotons
TrigReport      24790      24790      24790          0          0 flashggStageOneCombinedTag
TrigReport      24790      24790      24790          0          0 flashggSystTagMerger
TrigReport      24790      24790      24790          0          0 flashggTHQLeptonicTag
TrigReport      24790      24790      24790          0          0 flashggTTHHadronicTag
TrigReport      24790      24790      24790          0          0 flashggTTHLeptonicTag
TrigReport      24790      24790      24790          0          0 flashggTagSorter
TrigReport      24790      24790      24790          0          0 flashggUnpackedJets
TrigReport      24790      24790      24790          0          0 flashggVBFMVA
TrigReport      24790      24790      24790          0          0 flashggVHMetTag
TrigReport      24790      24790      24790          0          0 flashggVHhadMVA
TrigReport      24790      24790      24790          0          0 flashggWHLeptonicTag
TrigReport      24790      24790      24790          0          0 flashggZHLeptonicTag
TrigReport      25000      25000      25000          0          0 p
TrigReport      24790      24790      24790          0          0 tagsDumper

TimeReport ---------- Event  Summary ---[sec]----
TimeReport       event loop CPU/event = 0.128628
TimeReport      event loop Real/event = 0.129480
TimeReport     sum Streams Real/event = 0.125779
TimeReport efficiency CPU/Real/thread = 0.993421

TimeReport ---------- Path   Summary ---[Real sec]----
TimeReport  per event     per exec  Name
TimeReport   0.125312     0.125312  p
TimeReport  per event     per exec  Name

TimeReport -------End-Path   Summary ---[Real sec]----
TimeReport  per event     per exec  Name
TimeReport  per event     per exec  Name

TimeReport ---------- Modules in Path: p ---[Real sec]----
TimeReport  per event    per visit  Name
TimeReport   0.000015     0.000015  flashggMetFilters
TimeReport   0.000006     0.000006  VHFilter
TimeReport   0.069680     0.070270  flashggDifferentialPhoIdInputsCorrection
TimeReport   0.040404     0.040746  flashggDiPhotonSystematics
TimeReport   0.000168     0.000169  flashggMetSystematics
TimeReport   0.000029     0.000029  flashggMuonSystematics
TimeReport   0.000036     0.000037  flashggElectronSystematics
TimeReport   0.000218     0.000220  flashggUnpackedJets
TimeReport   0.003672     0.003703  flashggJetSystematics0
TimeReport   0.000606     0.000611  flashggJetSystematics1
TimeReport   0.000541     0.000546  flashggJetSystematics2
TimeReport   0.000524     0.000528  flashggJetSystematics3
TimeReport   0.000514     0.000518  flashggJetSystematics4
TimeReport   0.000504     0.000508  flashggJetSystematics5
TimeReport   0.000504     0.000508  flashggJetSystematics6
TimeReport   0.000500     0.000504  flashggJetSystematics7
TimeReport   0.000500     0.000504  flashggJetSystematics8
TimeReport   0.000497     0.000502  flashggJetSystematics9
TimeReport   0.000497     0.000501  flashggJetSystematics10
TimeReport   0.000494     0.000498  flashggJetSystematics11
TimeReport   0.000276     0.000279  flashggPrefireDiPhotons
TimeReport   0.000119     0.000120  flashggPreselectedDiPhotons
TimeReport   0.000034     0.000034  flashggDiPhotonMVA
TimeReport   0.000028     0.000028  flashggVBFMVA
TimeReport   0.000016     0.000016  flashggVHhadMVA
TimeReport   0.000049     0.000049  flashggGluGluHMVA
TimeReport   0.000032     0.000032  flashggStageOneCombinedTag
TimeReport   0.000336     0.000339  flashggTHQLeptonicTag
TimeReport   0.000321     0.000324  flashggVHMetTag
TimeReport   0.000024     0.000024  flashggWHLeptonicTag
TimeReport   0.000018     0.000018  flashggZHLeptonicTag
TimeReport   0.000093     0.000094  flashggTTHLeptonicTag
TimeReport   0.001311     0.001322  flashggTTHHadronicTag
TimeReport   0.000086     0.000087  flashggTagSorter
TimeReport   0.000003     0.000003  flashggSystTagMerger
TimeReport   0.000311     0.000313  tagsDumper
TimeReport  per event    per visit  Name

TimeReport ---------- Module Summary ---[Real sec]----
TimeReport  per event     per exec    per visit  Name
TimeReport   0.000003     0.000003     0.000003  TriggerResults
TimeReport   0.000006     0.000006     0.000006  VHFilter
TimeReport   0.000003     0.000003     0.000003  ak4PFCHSL1FastL2L3Corrector
TimeReport   0.000003     0.000004     0.000004  ak4PFCHSL1FastjetCorrector
TimeReport   0.000001     0.000001     0.000001  ak4PFCHSL2RelativeCorrector
TimeReport   0.000013     0.000013     0.000013  ak4PFCHSL3AbsoluteCorrector
TimeReport   0.000034     0.000034     0.000034  flashggDiPhotonMVA
TimeReport   0.040404     0.040746     0.040746  flashggDiPhotonSystematics
TimeReport   0.069680     0.070270     0.070270  flashggDifferentialPhoIdInputsCorrection
TimeReport   0.000036     0.000037     0.000037  flashggElectronSystematics
TimeReport   0.000049     0.000049     0.000049  flashggGluGluHMVA
TimeReport   0.003672     0.003703     0.003703  flashggJetSystematics0
TimeReport   0.000606     0.000611     0.000611  flashggJetSystematics1
TimeReport   0.000497     0.000501     0.000501  flashggJetSystematics10
TimeReport   0.000494     0.000498     0.000498  flashggJetSystematics11
TimeReport   0.000541     0.000546     0.000546  flashggJetSystematics2
TimeReport   0.000524     0.000528     0.000528  flashggJetSystematics3
TimeReport   0.000514     0.000518     0.000518  flashggJetSystematics4
TimeReport   0.000504     0.000508     0.000508  flashggJetSystematics5
TimeReport   0.000504     0.000508     0.000508  flashggJetSystematics6
TimeReport   0.000500     0.000504     0.000504  flashggJetSystematics7
TimeReport   0.000500     0.000504     0.000504  flashggJetSystematics8
TimeReport   0.000497     0.000502     0.000502  flashggJetSystematics9
TimeReport   0.000015     0.000015     0.000015  flashggMetFilters
TimeReport   0.000168     0.000169     0.000169  flashggMetSystematics
TimeReport   0.000029     0.000029     0.000029  flashggMuonSystematics
TimeReport   0.000276     0.000279     0.000279  flashggPrefireDiPhotons
TimeReport   0.000119     0.000120     0.000120  flashggPreselectedDiPhotons
TimeReport   0.000032     0.000032     0.000032  flashggStageOneCombinedTag
TimeReport   0.000003     0.000003     0.000003  flashggSystTagMerger
TimeReport   0.000336     0.000339     0.000339  flashggTHQLeptonicTag
TimeReport   0.001311     0.001322     0.001322  flashggTTHHadronicTag
TimeReport   0.000093     0.000094     0.000094  flashggTTHLeptonicTag
TimeReport   0.000086     0.000087     0.000087  flashggTagSorter
TimeReport   0.000218     0.000220     0.000220  flashggUnpackedJets
TimeReport   0.000028     0.000028     0.000028  flashggVBFMVA
TimeReport   0.000321     0.000324     0.000324  flashggVHMetTag
TimeReport   0.000016     0.000016     0.000016  flashggVHhadMVA
TimeReport   0.000024     0.000024     0.000024  flashggWHLeptonicTag
TimeReport   0.000018     0.000018     0.000018  flashggZHLeptonicTag
TimeReport   0.000003     0.000003     0.000003  p
TimeReport   0.000311     0.000313     0.000313  tagsDumper
TimeReport  per event     per exec    per visit  Name

T---Report end!


=============================================

MessageLogger Summary

 type     category        sev    module        subroutine        count    total
 ---- -------------------- -- ---------------- ----------------  -----    -----
    1 XrdAdaptor           -w file_open                              1        1
    2 fileAction           -s file_close                             1        1
    3 fileAction           -s file_open                              2        2

 type    category    Examples: run/evt        run/evt          run/evt
 ---- -------------------- ---------------- ---------------- ----------------
    1 XrdAdaptor           pre-events                        
    2 fileAction           PostGlobalEndRun                  
    3 fileAction           pre-events       pre-events       

Severity    # Occurrences   Total Occurrences
--------    -------------   -----------------
Warning                 1                   1
System                  3                   3

dropped waiting message count 0
