mkdir: cannot create directory '/afs/cern.ch/user/x/xisu/private/local/Analysis_workspace/VH_AC_tmp1/flashgg_d2/CMSSW_10_6_29/src/flashgg/VHAC_Analysis_Met/UL_17/UL_17_zh125': File exists
/cvmfs/cms.cern.ch/slc7_amd64_gcc700/external/py2-requests/2.21.0-pafccj2/lib/python2.7/site-packages/requests/__init__.py:91: RequestsDependencyWarning: urllib3 (1.25.2) or chardet (3.0.4) doesn't match a supported version!
  RequestsDependencyWarning)
20-Dec-2022 11:06:31 CET  Initiating request to open file root://cms-xrd-global.cern.ch//store/user/alesauva/flashgg/UL2017_4/10_6_4/ZHiggs0L1ToGG_M125_TuneCP5_13TeV-JHUGenV7011-pythia8/UL2017_4-10_6_4-v0-RunIISummer19UL17MiniAOD-106X_mc2017_realistic_v6-v2/200911_121149/0000/myMicroAODOutputFile_22.root
%MSG-w XrdAdaptor:  file_open 20-Dec-2022 11:06:34 CET pre-events
Data is served from GRIF-IRFU instead of original site CERN-CMSGLOBAL-02
%MSG
20-Dec-2022 11:06:35 CET  Successfully opened file root://cms-xrd-global.cern.ch//store/user/alesauva/flashgg/UL2017_4/10_6_4/ZHiggs0L1ToGG_M125_TuneCP5_13TeV-JHUGenV7011-pythia8/UL2017_4-10_6_4-v0-RunIISummer19UL17MiniAOD-106X_mc2017_realistic_v6-v2/200911_121149/0000/myMicroAODOutputFile_22.root
2022-12-20 11:19:18.955685: I tensorflow/core/platform/cpu_feature_guard.cc:140] Your CPU supports instructions that this TensorFlow binary was not compiled to use: SSE4.1 SSE4.2 AVX AVX2 FMA
Begin processing the 1st record. Run 1, Event 51305, LumiSection 514 on stream 0 at 20-Dec-2022 11:20:09.318 CET
[2022-12-20 11:20:52.528707 +0100][Error  ][AsyncSock         ] [xrootd.ba.infn.it:1094 #0.0] Socket error while handshaking: [ERROR] Socket timeout
[2022-12-20 11:20:52.528972 +0100][Error  ][PostMaster        ] [xrootd.ba.infn.it:1094 #0] elapsed = 45, pConnectionWindow = 31 seconds.
[2022-12-20 11:21:37.763895 +0100][Error  ][AsyncSock         ] [xrootd.ba.infn.it:1094 #0.0] Socket error while handshaking: [ERROR] Socket timeout
[2022-12-20 11:21:37.764031 +0100][Error  ][PostMaster        ] [xrootd.ba.infn.it:1094 #0] elapsed = 45, pConnectionWindow = 31 seconds.
[2022-12-20 11:21:37.764072 +0100][Error  ][PostMaster        ] [xrootd.ba.infn.it:1094 #0] Unable to recover: [ERROR] Socket timeout.
[2022-12-20 11:21:37.764094 +0100][Error  ][XRootD            ] [xrootd.ba.infn.it:1094] Impossible to send message kXR_open (file: /store/user/alesauva/flashgg/UL2017_4/10_6_4/ZHiggs0L1ToGG_M125_TuneCP5_13TeV-JHUGenV7011-pythia8/UL2017_4-10_6_4-v0-RunIISummer19UL17MiniAOD-106X_mc2017_realistic_v6-v2/200911_121149/0000/myMicroAODOutputFile_22.root?tried=stor72.datagrid.cea.fr, mode: 0660, flags: kXR_open_read kXR_async kXR_retstat ). Trying to recover.
Begin processing the 1001st record. Run 1, Event 131802, LumiSection 1319 on stream 0 at 20-Dec-2022 11:24:40.146 CET
[2022-12-20 11:25:53.693047 +0100][Error  ][XRootD            ] [stor72.datagrid.cea.fr:1095] Impossible to send message kXR_readv (handle: 0x00000000, chunks: 38, total size: 14609604). Trying to recover.
[2022-12-20 11:25:53.693112 +0100][Error  ][XRootD            ] [stor72.datagrid.cea.fr:1095] Unable to get the response to request kXR_readv (handle: 0x00000000, chunks: 38, total size: 14609604)
[2022-12-20 11:26:38.910869 +0100][Error  ][AsyncSock         ] [xrootd.ba.infn.it:1094 #0.0] Socket error while handshaking: [ERROR] Socket timeout
[2022-12-20 11:26:38.911008 +0100][Error  ][PostMaster        ] [xrootd.ba.infn.it:1094 #0] elapsed = 45, pConnectionWindow = 31 seconds.
[2022-12-20 11:27:24.159864 +0100][Error  ][AsyncSock         ] [xrootd.ba.infn.it:1094 #0.0] Socket error while handshaking: [ERROR] Socket timeout
[2022-12-20 11:27:24.159954 +0100][Error  ][PostMaster        ] [xrootd.ba.infn.it:1094 #0] elapsed = 46, pConnectionWindow = 31 seconds.
[2022-12-20 11:27:24.159964 +0100][Error  ][PostMaster        ] [xrootd.ba.infn.it:1094 #0] Unable to recover: [ERROR] Socket timeout.
[2022-12-20 11:27:24.159974 +0100][Error  ][XRootD            ] [xrootd.ba.infn.it:1094] Impossible to send message kXR_open (file: /store/user/alesauva/flashgg/UL2017_4/10_6_4/ZHiggs0L1ToGG_M125_TuneCP5_13TeV-JHUGenV7011-pythia8/UL2017_4-10_6_4-v0-RunIISummer19UL17MiniAOD-106X_mc2017_realistic_v6-v2/200911_121149/0000/myMicroAODOutputFile_22.root?tried=stor72.datagrid.cea.fr, mode: 0660, flags: kXR_open_read kXR_async kXR_retstat ). Trying to recover.
[2022-12-20 11:27:24.160082 +0100][Error  ][XRootD            ] [xrootd.ba.infn.it:1094] Impossible to send message kXR_open (file: /store/user/alesauva/flashgg/UL2017_4/10_6_4/ZHiggs0L1ToGG_M125_TuneCP5_13TeV-JHUGenV7011-pythia8/UL2017_4-10_6_4-v0-RunIISummer19UL17MiniAOD-106X_mc2017_realistic_v6-v2/200911_121149/0000/myMicroAODOutputFile_22.root, mode: 0660, flags: kXR_open_read ). Trying to recover.
Begin processing the 2001st record. Run 1, Event 256804, LumiSection 2569 on stream 0 at 20-Dec-2022 11:28:39.909 CET
Begin processing the 3001st record. Run 1, Event 481712, LumiSection 4818 on stream 0 at 20-Dec-2022 11:30:55.032 CET
[2022-12-20 11:31:18.201014 +0100][Error  ][AsyncSock         ] [xrootd.ba.infn.it:1094 #0.0] Socket error while handshaking: [ERROR] Socket timeout
[2022-12-20 11:31:18.201229 +0100][Error  ][PostMaster        ] [xrootd.ba.infn.it:1094 #0] elapsed = 45, pConnectionWindow = 31 seconds.
[2022-12-20 11:32:03.431908 +0100][Error  ][AsyncSock         ] [xrootd.ba.infn.it:1094 #0.0] Socket error while handshaking: [ERROR] Socket timeout
[2022-12-20 11:32:03.432067 +0100][Error  ][PostMaster        ] [xrootd.ba.infn.it:1094 #0] elapsed = 45, pConnectionWindow = 31 seconds.
[2022-12-20 11:32:03.432078 +0100][Error  ][PostMaster        ] [xrootd.ba.infn.it:1094 #0] Unable to recover: [ERROR] Socket timeout.
[2022-12-20 11:32:03.432087 +0100][Error  ][XRootD            ] [xrootd.ba.infn.it:1094] Impossible to send message kXR_open (file: /store/user/alesauva/flashgg/UL2017_4/10_6_4/ZHiggs0L1ToGG_M125_TuneCP5_13TeV-JHUGenV7011-pythia8/UL2017_4-10_6_4-v0-RunIISummer19UL17MiniAOD-106X_mc2017_realistic_v6-v2/200911_121149/0000/myMicroAODOutputFile_22.root?tried=stor72.datagrid.cea.fr, mode: 0660, flags: kXR_open_read kXR_async kXR_retstat ). Trying to recover.
Begin processing the 4001st record. Run 1, Event 482717, LumiSection 4828 on stream 0 at 20-Dec-2022 11:33:14.743 CET
Begin processing the 5001st record. Run 1, Event 483713, LumiSection 4838 on stream 0 at 20-Dec-2022 11:35:29.057 CET
Begin processing the 6001st record. Run 1, Event 525108, LumiSection 5252 on stream 0 at 20-Dec-2022 11:37:49.439 CET
[2022-12-20 11:40:04.471879 +0100][Error  ][AsyncSock         ] [xrootd.ba.infn.it:1094 #0.0] Socket error while handshaking: [ERROR] Socket timeout
[2022-12-20 11:40:04.472063 +0100][Error  ][PostMaster        ] [xrootd.ba.infn.it:1094 #0] elapsed = 45, pConnectionWindow = 31 seconds.
Begin processing the 7001st record. Run 1, Event 526102, LumiSection 5262 on stream 0 at 20-Dec-2022 11:40:06.363 CET
[2022-12-20 11:40:49.715878 +0100][Error  ][AsyncSock         ] [xrootd.ba.infn.it:1094 #0.0] Socket error while handshaking: [ERROR] Socket timeout
[2022-12-20 11:40:49.716186 +0100][Error  ][PostMaster        ] [xrootd.ba.infn.it:1094 #0] elapsed = 45, pConnectionWindow = 31 seconds.
[2022-12-20 11:40:49.716198 +0100][Error  ][PostMaster        ] [xrootd.ba.infn.it:1094 #0] Unable to recover: [ERROR] Socket timeout.
[2022-12-20 11:40:49.716207 +0100][Error  ][XRootD            ] [xrootd.ba.infn.it:1094] Impossible to send message kXR_open (file: /store/user/alesauva/flashgg/UL2017_4/10_6_4/ZHiggs0L1ToGG_M125_TuneCP5_13TeV-JHUGenV7011-pythia8/UL2017_4-10_6_4-v0-RunIISummer19UL17MiniAOD-106X_mc2017_realistic_v6-v2/200911_121149/0000/myMicroAODOutputFile_22.root?tried=stor72.datagrid.cea.fr, mode: 0660, flags: kXR_open_read kXR_async kXR_retstat ). Trying to recover.
Begin processing the 8001st record. Run 1, Event 527106, LumiSection 5272 on stream 0 at 20-Dec-2022 11:42:27.898 CET
Begin processing the 9001st record. Run 1, Event 528115, LumiSection 5282 on stream 0 at 20-Dec-2022 11:44:54.016 CET
Begin processing the 10001st record. Run 1, Event 529104, LumiSection 5292 on stream 0 at 20-Dec-2022 11:47:11.594 CET
[2022-12-20 11:48:55.796086 +0100][Error  ][AsyncSock         ] [xrootd.ba.infn.it:1094 #0.0] Socket error while handshaking: [ERROR] Socket timeout
[2022-12-20 11:48:55.796236 +0100][Error  ][PostMaster        ] [xrootd.ba.infn.it:1094 #0] elapsed = 45, pConnectionWindow = 31 seconds.
Begin processing the 11001st record. Run 1, Event 530103, LumiSection 5302 on stream 0 at 20-Dec-2022 11:49:34.475 CET
[2022-12-20 11:49:40.036923 +0100][Error  ][AsyncSock         ] [xrootd.ba.infn.it:1094 #0.0] Socket error while handshaking: [ERROR] Socket timeout
[2022-12-20 11:49:40.037092 +0100][Error  ][PostMaster        ] [xrootd.ba.infn.it:1094 #0] elapsed = 45, pConnectionWindow = 31 seconds.
[2022-12-20 11:49:40.037136 +0100][Error  ][PostMaster        ] [xrootd.ba.infn.it:1094 #0] Unable to recover: [ERROR] Socket timeout.
[2022-12-20 11:49:40.037156 +0100][Error  ][XRootD            ] [xrootd.ba.infn.it:1094] Impossible to send message kXR_open (file: /store/user/alesauva/flashgg/UL2017_4/10_6_4/ZHiggs0L1ToGG_M125_TuneCP5_13TeV-JHUGenV7011-pythia8/UL2017_4-10_6_4-v0-RunIISummer19UL17MiniAOD-106X_mc2017_realistic_v6-v2/200911_121149/0000/myMicroAODOutputFile_22.root?tried=stor72.datagrid.cea.fr, mode: 0660, flags: kXR_open_read kXR_async kXR_retstat ). Trying to recover.
Begin processing the 12001st record. Run 1, Event 531103, LumiSection 5312 on stream 0 at 20-Dec-2022 11:51:56.794 CET
[2022-12-20 11:53:26.096908 +0100][Error  ][AsyncSock         ] [xrootd.ba.infn.it:1094 #0.0] Socket error while handshaking: [ERROR] Socket timeout
[2022-12-20 11:53:26.097075 +0100][Error  ][PostMaster        ] [xrootd.ba.infn.it:1094 #0] elapsed = 45, pConnectionWindow = 31 seconds.
[2022-12-20 11:54:11.337926 +0100][Error  ][AsyncSock         ] [xrootd.ba.infn.it:1094 #0.0] Socket error while handshaking: [ERROR] Socket timeout
[2022-12-20 11:54:11.338136 +0100][Error  ][PostMaster        ] [xrootd.ba.infn.it:1094 #0] elapsed = 45, pConnectionWindow = 31 seconds.
[2022-12-20 11:54:11.338153 +0100][Error  ][PostMaster        ] [xrootd.ba.infn.it:1094 #0] Unable to recover: [ERROR] Socket timeout.
[2022-12-20 11:54:11.338163 +0100][Error  ][XRootD            ] [xrootd.ba.infn.it:1094] Impossible to send message kXR_open (file: /store/user/alesauva/flashgg/UL2017_4/10_6_4/ZHiggs0L1ToGG_M125_TuneCP5_13TeV-JHUGenV7011-pythia8/UL2017_4-10_6_4-v0-RunIISummer19UL17MiniAOD-106X_mc2017_realistic_v6-v2/200911_121149/0000/myMicroAODOutputFile_22.root?tried=stor72.datagrid.cea.fr, mode: 0660, flags: kXR_open_read kXR_async kXR_retstat ). Trying to recover.
Begin processing the 13001st record. Run 1, Event 532114, LumiSection 5322 on stream 0 at 20-Dec-2022 11:54:23.569 CET
Begin processing the 14001st record. Run 1, Event 533102, LumiSection 5332 on stream 0 at 20-Dec-2022 11:56:43.301 CET
[2022-12-20 11:57:59.714922 +0100][Error  ][AsyncSock         ] [xrootd.ba.infn.it:1094 #0.0] Socket error while handshaking: [ERROR] Socket timeout
[2022-12-20 11:57:59.715023 +0100][Error  ][PostMaster        ] [xrootd.ba.infn.it:1094 #0] elapsed = 45, pConnectionWindow = 31 seconds.
[2022-12-20 11:58:44.953204 +0100][Error  ][AsyncSock         ] [xrootd.ba.infn.it:1094 #0.0] Socket error while handshaking: [ERROR] Socket timeout
[2022-12-20 11:58:44.953369 +0100][Error  ][PostMaster        ] [xrootd.ba.infn.it:1094 #0] elapsed = 45, pConnectionWindow = 31 seconds.
[2022-12-20 11:58:44.953383 +0100][Error  ][PostMaster        ] [xrootd.ba.infn.it:1094 #0] Unable to recover: [ERROR] Socket timeout.
[2022-12-20 11:58:44.953395 +0100][Error  ][XRootD            ] [xrootd.ba.infn.it:1094] Impossible to send message kXR_open (file: /store/user/alesauva/flashgg/UL2017_4/10_6_4/ZHiggs0L1ToGG_M125_TuneCP5_13TeV-JHUGenV7011-pythia8/UL2017_4-10_6_4-v0-RunIISummer19UL17MiniAOD-106X_mc2017_realistic_v6-v2/200911_121149/0000/myMicroAODOutputFile_22.root?tried=stor72.datagrid.cea.fr, mode: 0660, flags: kXR_open_read kXR_async kXR_retstat ). Trying to recover.
Begin processing the 15001st record. Run 1, Event 534110, LumiSection 5342 on stream 0 at 20-Dec-2022 11:59:04.610 CET
Begin processing the 16001st record. Run 1, Event 684207, LumiSection 6843 on stream 0 at 20-Dec-2022 12:01:21.150 CET
Begin processing the 17001st record. Run 1, Event 685203, LumiSection 6853 on stream 0 at 20-Dec-2022 12:03:48.254 CET
Begin processing the 18001st record. Run 1, Event 689208, LumiSection 6893 on stream 0 at 20-Dec-2022 12:06:01.499 CET
[2022-12-20 12:06:48.641885 +0100][Error  ][AsyncSock         ] [xrootd.ba.infn.it:1094 #0.0] Socket error while handshaking: [ERROR] Socket timeout
[2022-12-20 12:06:48.642087 +0100][Error  ][PostMaster        ] [xrootd.ba.infn.it:1094 #0] elapsed = 45, pConnectionWindow = 31 seconds.
[2022-12-20 12:07:33.874903 +0100][Error  ][AsyncSock         ] [xrootd.ba.infn.it:1094 #0.0] Socket error while handshaking: [ERROR] Socket timeout
[2022-12-20 12:07:33.875022 +0100][Error  ][PostMaster        ] [xrootd.ba.infn.it:1094 #0] elapsed = 45, pConnectionWindow = 31 seconds.
[2022-12-20 12:07:33.875038 +0100][Error  ][PostMaster        ] [xrootd.ba.infn.it:1094 #0] Unable to recover: [ERROR] Socket timeout.
[2022-12-20 12:07:33.875049 +0100][Error  ][XRootD            ] [xrootd.ba.infn.it:1094] Impossible to send message kXR_open (file: /store/user/alesauva/flashgg/UL2017_4/10_6_4/ZHiggs0L1ToGG_M125_TuneCP5_13TeV-JHUGenV7011-pythia8/UL2017_4-10_6_4-v0-RunIISummer19UL17MiniAOD-106X_mc2017_realistic_v6-v2/200911_121149/0000/myMicroAODOutputFile_22.root?tried=stor72.datagrid.cea.fr, mode: 0660, flags: kXR_open_read kXR_async kXR_retstat ). Trying to recover.
Begin processing the 19001st record. Run 1, Event 690208, LumiSection 6903 on stream 0 at 20-Dec-2022 12:08:20.974 CET
Begin processing the 20001st record. Run 1, Event 691212, LumiSection 6913 on stream 0 at 20-Dec-2022 12:10:40.604 CET
Begin processing the 21001st record. Run 1, Event 692203, LumiSection 6923 on stream 0 at 20-Dec-2022 12:13:02.019 CET
Begin processing the 22001st record. Run 1, Event 693213, LumiSection 6933 on stream 0 at 20-Dec-2022 12:15:21.288 CET
[2022-12-20 12:15:36.936336 +0100][Error  ][AsyncSock         ] [xrootd.ba.infn.it:1094 #0.0] Socket error while handshaking: [ERROR] Socket timeout
[2022-12-20 12:15:36.936459 +0100][Error  ][PostMaster        ] [xrootd.ba.infn.it:1094 #0] elapsed = 45, pConnectionWindow = 31 seconds.
[2022-12-20 12:16:21.147972 +0100][Error  ][AsyncSock         ] [xrootd.ba.infn.it:1094 #0.0] Socket error while handshaking: [ERROR] Socket timeout
[2022-12-20 12:16:21.148106 +0100][Error  ][PostMaster        ] [xrootd.ba.infn.it:1094 #0] elapsed = 45, pConnectionWindow = 31 seconds.
[2022-12-20 12:16:21.148119 +0100][Error  ][PostMaster        ] [xrootd.ba.infn.it:1094 #0] Unable to recover: [ERROR] Socket timeout.
[2022-12-20 12:16:21.148130 +0100][Error  ][XRootD            ] [xrootd.ba.infn.it:1094] Impossible to send message kXR_open (file: /store/user/alesauva/flashgg/UL2017_4/10_6_4/ZHiggs0L1ToGG_M125_TuneCP5_13TeV-JHUGenV7011-pythia8/UL2017_4-10_6_4-v0-RunIISummer19UL17MiniAOD-106X_mc2017_realistic_v6-v2/200911_121149/0000/myMicroAODOutputFile_22.root?tried=stor72.datagrid.cea.fr, mode: 0660, flags: kXR_open_read kXR_async kXR_retstat ). Trying to recover.
Begin processing the 23001st record. Run 1, Event 743507, LumiSection 7436 on stream 0 at 20-Dec-2022 12:17:42.030 CET
Begin processing the 24001st record. Run 1, Event 744507, LumiSection 7446 on stream 0 at 20-Dec-2022 12:19:58.449 CET
20-Dec-2022 12:22:16 CET  Closed file root://cms-xrd-global.cern.ch//store/user/alesauva/flashgg/UL2017_4/10_6_4/ZHiggs0L1ToGG_M125_TuneCP5_13TeV-JHUGenV7011-pythia8/UL2017_4-10_6_4-v0-RunIISummer19UL17MiniAOD-106X_mc2017_realistic_v6-v2/200911_121149/0000/myMicroAODOutputFile_22.root

TrigReport ---------- Event  Summary ------------
TrigReport Events total = 25000 passed = 24669 failed = 331

TrigReport ---------- Path   Summary ------------
TrigReport  Trig Bit#   Executed     Passed     Failed      Error Name
TrigReport     1    0      25000      24669        331          0 p

TrigReport -------End-Path   Summary ------------
TrigReport  Trig Bit#   Executed     Passed     Failed      Error Name

TrigReport ---------- Modules in Path: p ------------
TrigReport  Trig Bit#    Visited     Passed     Failed      Error Name
TrigReport     1    0      25000      24669        331          0 flashggMetFilters
TrigReport     1    1      24669      24669          0          0 VHFilter
TrigReport     1    2      24669      24669          0          0 flashggDifferentialPhoIdInputsCorrection
TrigReport     1    3      24669      24669          0          0 flashggDiPhotonSystematics
TrigReport     1    4      24669      24669          0          0 flashggMetSystematics
TrigReport     1    5      24669      24669          0          0 flashggMuonSystematics
TrigReport     1    6      24669      24669          0          0 flashggElectronSystematics
TrigReport     1    7      24669      24669          0          0 flashggUnpackedJets
TrigReport     1    8      24669      24669          0          0 flashggJetSystematics0
TrigReport     1    9      24669      24669          0          0 flashggJetSystematics1
TrigReport     1   10      24669      24669          0          0 flashggJetSystematics2
TrigReport     1   11      24669      24669          0          0 flashggJetSystematics3
TrigReport     1   12      24669      24669          0          0 flashggJetSystematics4
TrigReport     1   13      24669      24669          0          0 flashggJetSystematics5
TrigReport     1   14      24669      24669          0          0 flashggJetSystematics6
TrigReport     1   15      24669      24669          0          0 flashggJetSystematics7
TrigReport     1   16      24669      24669          0          0 flashggJetSystematics8
TrigReport     1   17      24669      24669          0          0 flashggJetSystematics9
TrigReport     1   18      24669      24669          0          0 flashggJetSystematics10
TrigReport     1   19      24669      24669          0          0 flashggJetSystematics11
TrigReport     1   20      24669      24669          0          0 flashggPrefireDiPhotons
TrigReport     1   21      24669      24669          0          0 flashggPreselectedDiPhotons
TrigReport     1   22      24669      24669          0          0 flashggDiPhotonMVA
TrigReport     1   23      24669      24669          0          0 flashggVBFMVA
TrigReport     1   24      24669      24669          0          0 flashggVHhadMVA
TrigReport     1   25      24669      24669          0          0 flashggGluGluHMVA
TrigReport     1   26      24669      24669          0          0 flashggStageOneCombinedTag
TrigReport     1   27      24669      24669          0          0 flashggTHQLeptonicTag
TrigReport     1   28      24669      24669          0          0 flashggVHMetTag
TrigReport     1   29      24669      24669          0          0 flashggWHLeptonicTag
TrigReport     1   30      24669      24669          0          0 flashggZHLeptonicTag
TrigReport     1   31      24669      24669          0          0 flashggTTHLeptonicTag
TrigReport     1   32      24669      24669          0          0 flashggTTHHadronicTag
TrigReport     1   33      24669      24669          0          0 flashggTagSorter
TrigReport     1   34      24669      24669          0          0 flashggSystTagMerger
TrigReport     1   35      24669      24669          0          0 tagsDumper

TrigReport ---------- Module Summary ------------
TrigReport    Visited   Executed     Passed     Failed      Error Name
TrigReport      25000      25000      25000          0          0 TriggerResults
TrigReport      24669      24669      24669          0          0 VHFilter
TrigReport      24669      24669      24669          0          0 ak4PFCHSL1FastL2L3Corrector
TrigReport      24669      24669      24669          0          0 ak4PFCHSL1FastjetCorrector
TrigReport      24669      24669      24669          0          0 ak4PFCHSL2RelativeCorrector
TrigReport      24669      24669      24669          0          0 ak4PFCHSL3AbsoluteCorrector
TrigReport      24669      24669      24669          0          0 flashggDiPhotonMVA
TrigReport      24669      24669      24669          0          0 flashggDiPhotonSystematics
TrigReport      24669      24669      24669          0          0 flashggDifferentialPhoIdInputsCorrection
TrigReport      24669      24669      24669          0          0 flashggElectronSystematics
TrigReport      24669      24669      24669          0          0 flashggGluGluHMVA
TrigReport      24669      24669      24669          0          0 flashggJetSystematics0
TrigReport      24669      24669      24669          0          0 flashggJetSystematics1
TrigReport      24669      24669      24669          0          0 flashggJetSystematics10
TrigReport      24669      24669      24669          0          0 flashggJetSystematics11
TrigReport      24669      24669      24669          0          0 flashggJetSystematics2
TrigReport      24669      24669      24669          0          0 flashggJetSystematics3
TrigReport      24669      24669      24669          0          0 flashggJetSystematics4
TrigReport      24669      24669      24669          0          0 flashggJetSystematics5
TrigReport      24669      24669      24669          0          0 flashggJetSystematics6
TrigReport      24669      24669      24669          0          0 flashggJetSystematics7
TrigReport      24669      24669      24669          0          0 flashggJetSystematics8
TrigReport      24669      24669      24669          0          0 flashggJetSystematics9
TrigReport      25000      25000      24669        331          0 flashggMetFilters
TrigReport      24669      24669      24669          0          0 flashggMetSystematics
TrigReport      24669      24669      24669          0          0 flashggMuonSystematics
TrigReport      24669      24669      24669          0          0 flashggPrefireDiPhotons
TrigReport      24669      24669      24669          0          0 flashggPreselectedDiPhotons
TrigReport      24669      24669      24669          0          0 flashggStageOneCombinedTag
TrigReport      24669      24669      24669          0          0 flashggSystTagMerger
TrigReport      24669      24669      24669          0          0 flashggTHQLeptonicTag
TrigReport      24669      24669      24669          0          0 flashggTTHHadronicTag
TrigReport      24669      24669      24669          0          0 flashggTTHLeptonicTag
TrigReport      24669      24669      24669          0          0 flashggTagSorter
TrigReport      24669      24669      24669          0          0 flashggUnpackedJets
TrigReport      24669      24669      24669          0          0 flashggVBFMVA
TrigReport      24669      24669      24669          0          0 flashggVHMetTag
TrigReport      24669      24669      24669          0          0 flashggVHhadMVA
TrigReport      24669      24669      24669          0          0 flashggWHLeptonicTag
TrigReport      24669      24669      24669          0          0 flashggZHLeptonicTag
TrigReport      25000      25000      25000          0          0 p
TrigReport      24669      24669      24669          0          0 tagsDumper

TimeReport ---------- Event  Summary ---[sec]----
TimeReport       event loop CPU/event = 0.144801
TimeReport      event loop Real/event = 0.149172
TimeReport     sum Streams Real/event = 0.145130
TimeReport efficiency CPU/Real/thread = 0.970700

TimeReport ---------- Path   Summary ---[Real sec]----
TimeReport  per event     per exec  Name
TimeReport   0.144653     0.144653  p
TimeReport  per event     per exec  Name

TimeReport -------End-Path   Summary ---[Real sec]----
TimeReport  per event     per exec  Name
TimeReport  per event     per exec  Name

TimeReport ---------- Modules in Path: p ---[Real sec]----
TimeReport  per event    per visit  Name
TimeReport   0.000016     0.000016  flashggMetFilters
TimeReport   0.000006     0.000006  VHFilter
TimeReport   0.078172     0.079221  flashggDifferentialPhoIdInputsCorrection
TimeReport   0.045894     0.046510  flashggDiPhotonSystematics
TimeReport   0.000170     0.000172  flashggMetSystematics
TimeReport   0.000048     0.000049  flashggMuonSystematics
TimeReport   0.000036     0.000037  flashggElectronSystematics
TimeReport   0.000226     0.000229  flashggUnpackedJets
TimeReport   0.003667     0.003716  flashggJetSystematics0
TimeReport   0.000672     0.000681  flashggJetSystematics1
TimeReport   0.000611     0.000619  flashggJetSystematics2
TimeReport   0.000588     0.000596  flashggJetSystematics3
TimeReport   0.000580     0.000588  flashggJetSystematics4
TimeReport   0.000573     0.000581  flashggJetSystematics5
TimeReport   0.000569     0.000576  flashggJetSystematics6
TimeReport   0.000569     0.000577  flashggJetSystematics7
TimeReport   0.000568     0.000575  flashggJetSystematics8
TimeReport   0.000565     0.000573  flashggJetSystematics9
TimeReport   0.000564     0.000572  flashggJetSystematics10
TimeReport   0.000564     0.000571  flashggJetSystematics11
TimeReport   0.000307     0.000311  flashggPrefireDiPhotons
TimeReport   0.000130     0.000131  flashggPreselectedDiPhotons
TimeReport   0.000040     0.000041  flashggDiPhotonMVA
TimeReport   0.000035     0.000035  flashggVBFMVA
TimeReport   0.000019     0.000020  flashggVHhadMVA
TimeReport   0.000058     0.000059  flashggGluGluHMVA
TimeReport   0.000036     0.000037  flashggStageOneCombinedTag
TimeReport   0.000568     0.000575  flashggTHQLeptonicTag
TimeReport   0.000399     0.000404  flashggVHMetTag
TimeReport   0.000027     0.000027  flashggWHLeptonicTag
TimeReport   0.000023     0.000023  flashggZHLeptonicTag
TimeReport   0.000067     0.000068  flashggTTHLeptonicTag
TimeReport   0.001559     0.001580  flashggTTHHadronicTag
TimeReport   0.000088     0.000089  flashggTagSorter
TimeReport   0.000004     0.000004  flashggSystTagMerger
TimeReport   0.000346     0.000350  tagsDumper
TimeReport  per event    per visit  Name

TimeReport ---------- Module Summary ---[Real sec]----
TimeReport  per event     per exec    per visit  Name
TimeReport   0.000003     0.000003     0.000003  TriggerResults
TimeReport   0.000006     0.000006     0.000006  VHFilter
TimeReport   0.000004     0.000004     0.000004  ak4PFCHSL1FastL2L3Corrector
TimeReport   0.000003     0.000003     0.000003  ak4PFCHSL1FastjetCorrector
TimeReport   0.000001     0.000002     0.000002  ak4PFCHSL2RelativeCorrector
TimeReport   0.000012     0.000013     0.000013  ak4PFCHSL3AbsoluteCorrector
TimeReport   0.000040     0.000041     0.000041  flashggDiPhotonMVA
TimeReport   0.045894     0.046510     0.046510  flashggDiPhotonSystematics
TimeReport   0.078172     0.079221     0.079221  flashggDifferentialPhoIdInputsCorrection
TimeReport   0.000036     0.000037     0.000037  flashggElectronSystematics
TimeReport   0.000058     0.000059     0.000059  flashggGluGluHMVA
TimeReport   0.003667     0.003716     0.003716  flashggJetSystematics0
TimeReport   0.000672     0.000681     0.000681  flashggJetSystematics1
TimeReport   0.000564     0.000572     0.000572  flashggJetSystematics10
TimeReport   0.000564     0.000571     0.000571  flashggJetSystematics11
TimeReport   0.000611     0.000619     0.000619  flashggJetSystematics2
TimeReport   0.000588     0.000596     0.000596  flashggJetSystematics3
TimeReport   0.000580     0.000588     0.000588  flashggJetSystematics4
TimeReport   0.000573     0.000581     0.000581  flashggJetSystematics5
TimeReport   0.000569     0.000576     0.000576  flashggJetSystematics6
TimeReport   0.000569     0.000577     0.000577  flashggJetSystematics7
TimeReport   0.000568     0.000575     0.000575  flashggJetSystematics8
TimeReport   0.000565     0.000573     0.000573  flashggJetSystematics9
TimeReport   0.000016     0.000016     0.000016  flashggMetFilters
TimeReport   0.000170     0.000172     0.000172  flashggMetSystematics
TimeReport   0.000048     0.000049     0.000049  flashggMuonSystematics
TimeReport   0.000307     0.000311     0.000311  flashggPrefireDiPhotons
TimeReport   0.000130     0.000131     0.000131  flashggPreselectedDiPhotons
TimeReport   0.000036     0.000037     0.000037  flashggStageOneCombinedTag
TimeReport   0.000004     0.000004     0.000004  flashggSystTagMerger
TimeReport   0.000568     0.000575     0.000575  flashggTHQLeptonicTag
TimeReport   0.001559     0.001580     0.001580  flashggTTHHadronicTag
TimeReport   0.000067     0.000068     0.000068  flashggTTHLeptonicTag
TimeReport   0.000088     0.000089     0.000089  flashggTagSorter
TimeReport   0.000226     0.000229     0.000229  flashggUnpackedJets
TimeReport   0.000035     0.000035     0.000035  flashggVBFMVA
TimeReport   0.000399     0.000404     0.000404  flashggVHMetTag
TimeReport   0.000019     0.000020     0.000020  flashggVHhadMVA
TimeReport   0.000027     0.000027     0.000027  flashggWHLeptonicTag
TimeReport   0.000023     0.000023     0.000023  flashggZHLeptonicTag
TimeReport   0.000003     0.000003     0.000003  p
TimeReport   0.000346     0.000350     0.000350  tagsDumper
TimeReport  per event     per exec    per visit  Name

T---Report end!


=============================================

MessageLogger Summary

 type     category        sev    module        subroutine        count    total
 ---- -------------------- -- ---------------- ----------------  -----    -----
    1 XrdAdaptor           -w file_open                              1        1
    2 fileAction           -s file_close                             1        1
    3 fileAction           -s file_open                              2        2

 type    category    Examples: run/evt        run/evt          run/evt
 ---- -------------------- ---------------- ---------------- ----------------
    1 XrdAdaptor           pre-events                        
    2 fileAction           PostGlobalEndRun                  
    3 fileAction           pre-events       pre-events       

Severity    # Occurrences   Total Occurrences
--------    -------------   -----------------
Warning                 1                   1
System                  3                   3

dropped waiting message count 0
