mkdir: cannot create directory '/afs/cern.ch/user/x/xisu/private/local/Analysis_workspace/VH_AC_tmp1/flashgg_d2/CMSSW_10_6_29/src/flashgg/VHAC_Analysis_Met/UL_17/UL_17_zh125': File exists
/cvmfs/cms.cern.ch/slc7_amd64_gcc700/external/py2-requests/2.21.0-pafccj2/lib/python2.7/site-packages/requests/__init__.py:91: RequestsDependencyWarning: urllib3 (1.25.2) or chardet (3.0.4) doesn't match a supported version!
  RequestsDependencyWarning)
20-Dec-2022 11:20:13 CET  Initiating request to open file root://cms-xrd-global.cern.ch//store/user/alesauva/flashgg/UL2017_4/10_6_4/ZHiggs0PMToGG_M125_TuneCP5_13TeV-JHUGenV7011-pythia8/UL2017_4-10_6_4-v0-RunIISummer19UL17MiniAOD-106X_mc2017_realistic_v6-v2/200720_162909/0000/myMicroAODOutputFile_27.root
%MSG-w XrdAdaptor:  file_open 20-Dec-2022 11:20:15 CET pre-events
Data is served from GRIF-IRFU instead of original site CERN-CMSGLOBAL-02
%MSG
20-Dec-2022 11:20:19 CET  Successfully opened file root://cms-xrd-global.cern.ch//store/user/alesauva/flashgg/UL2017_4/10_6_4/ZHiggs0PMToGG_M125_TuneCP5_13TeV-JHUGenV7011-pythia8/UL2017_4-10_6_4-v0-RunIISummer19UL17MiniAOD-106X_mc2017_realistic_v6-v2/200720_162909/0000/myMicroAODOutputFile_27.root
[2022-12-20 11:21:10.438238 +0100][Error  ][AsyncSock         ] [xrootd.ba.infn.it:1094 #0.0] Socket error while handshaking: [ERROR] Socket timeout
[2022-12-20 11:21:10.438535 +0100][Error  ][PostMaster        ] [xrootd.ba.infn.it:1094 #0] elapsed = 45, pConnectionWindow = 31 seconds.
[2022-12-20 11:21:55.669928 +0100][Error  ][AsyncSock         ] [xrootd.ba.infn.it:1094 #0.0] Socket error while handshaking: [ERROR] Socket timeout
[2022-12-20 11:21:55.670110 +0100][Error  ][PostMaster        ] [xrootd.ba.infn.it:1094 #0] elapsed = 45, pConnectionWindow = 31 seconds.
[2022-12-20 11:21:55.670145 +0100][Error  ][PostMaster        ] [xrootd.ba.infn.it:1094 #0] Unable to recover: [ERROR] Socket timeout.
[2022-12-20 11:21:55.670168 +0100][Error  ][XRootD            ] [xrootd.ba.infn.it:1094] Impossible to send message kXR_open (file: /store/user/alesauva/flashgg/UL2017_4/10_6_4/ZHiggs0PMToGG_M125_TuneCP5_13TeV-JHUGenV7011-pythia8/UL2017_4-10_6_4-v0-RunIISummer19UL17MiniAOD-106X_mc2017_realistic_v6-v2/200720_162909/0000/myMicroAODOutputFile_27.root?tried=+1213llrxrd-redir.in2p3.fr,+1413llrxrd-redir.in2p3.fr,+1413xrootd-redic.pi.infn.it,stor89.datagrid.cea.fr,node12.datagrid.cea.fr,xrootd-cms-redir-int.cr.cnaf.infn.it,xrootd-redic.pi.infn.it,xrootd-redic.pi.infn.it&triedrc=enoent,enoent, mode: 0660, flags: kXR_open_read kXR_async kXR_retstat ). Trying to recover.
2022-12-20 11:35:54.459295: I tensorflow/core/platform/cpu_feature_guard.cc:140] Your CPU supports instructions that this TensorFlow binary was not compiled to use: SSE4.1 SSE4.2 AVX AVX2 FMA
Begin processing the 1st record. Run 1, Event 390707, LumiSection 3908 on stream 0 at 20-Dec-2022 11:36:56.215 CET
[2022-12-20 11:37:39.103939 +0100][Error  ][AsyncSock         ] [xrootd.ba.infn.it:1094 #0.0] Socket error while handshaking: [ERROR] Socket timeout
[2022-12-20 11:37:39.104091 +0100][Error  ][PostMaster        ] [xrootd.ba.infn.it:1094 #0] elapsed = 45, pConnectionWindow = 31 seconds.
[2022-12-20 11:38:24.354079 +0100][Error  ][AsyncSock         ] [xrootd.ba.infn.it:1094 #0.0] Socket error while handshaking: [ERROR] Socket timeout
[2022-12-20 11:38:24.354283 +0100][Error  ][PostMaster        ] [xrootd.ba.infn.it:1094 #0] elapsed = 45, pConnectionWindow = 31 seconds.
[2022-12-20 11:38:24.354297 +0100][Error  ][PostMaster        ] [xrootd.ba.infn.it:1094 #0] Unable to recover: [ERROR] Socket timeout.
[2022-12-20 11:38:24.354311 +0100][Error  ][XRootD            ] [xrootd.ba.infn.it:1094] Impossible to send message kXR_open (file: /store/user/alesauva/flashgg/UL2017_4/10_6_4/ZHiggs0PMToGG_M125_TuneCP5_13TeV-JHUGenV7011-pythia8/UL2017_4-10_6_4-v0-RunIISummer19UL17MiniAOD-106X_mc2017_realistic_v6-v2/200720_162909/0000/myMicroAODOutputFile_27.root?tried=stor89.datagrid.cea.fr, mode: 0660, flags: kXR_open_read kXR_async kXR_retstat ). Trying to recover.
Begin processing the 1001st record. Run 1, Event 81106, LumiSection 812 on stream 0 at 20-Dec-2022 11:41:48.816 CET
[2022-12-20 11:42:44.629965 +0100][Error  ][AsyncSock         ] [xrootd.ba.infn.it:1094 #0.0] Socket error while handshaking: [ERROR] Socket timeout
[2022-12-20 11:42:44.630102 +0100][Error  ][PostMaster        ] [xrootd.ba.infn.it:1094 #0] elapsed = 45, pConnectionWindow = 31 seconds.
[2022-12-20 11:43:29.910039 +0100][Error  ][AsyncSock         ] [xrootd.ba.infn.it:1094 #0.0] Socket error while handshaking: [ERROR] Socket timeout
[2022-12-20 11:43:29.910196 +0100][Error  ][PostMaster        ] [xrootd.ba.infn.it:1094 #0] elapsed = 45, pConnectionWindow = 31 seconds.
[2022-12-20 11:43:29.910209 +0100][Error  ][PostMaster        ] [xrootd.ba.infn.it:1094 #0] Unable to recover: [ERROR] Socket timeout.
[2022-12-20 11:43:29.910222 +0100][Error  ][XRootD            ] [xrootd.ba.infn.it:1094] Impossible to send message kXR_open (file: /store/user/alesauva/flashgg/UL2017_4/10_6_4/ZHiggs0PMToGG_M125_TuneCP5_13TeV-JHUGenV7011-pythia8/UL2017_4-10_6_4-v0-RunIISummer19UL17MiniAOD-106X_mc2017_realistic_v6-v2/200720_162909/0000/myMicroAODOutputFile_27.root?tried=stor89.datagrid.cea.fr, mode: 0660, flags: kXR_open_read kXR_async kXR_retstat ). Trying to recover.
Begin processing the 2001st record. Run 1, Event 143114, LumiSection 1432 on stream 0 at 20-Dec-2022 11:43:58.773 CET
Begin processing the 3001st record. Run 1, Event 241009, LumiSection 2411 on stream 0 at 20-Dec-2022 11:46:03.917 CET
[2022-12-20 11:47:16.303907 +0100][Error  ][AsyncSock         ] [xrootd.ba.infn.it:1094 #0.0] Socket error while handshaking: [ERROR] Socket timeout
[2022-12-20 11:47:16.304092 +0100][Error  ][PostMaster        ] [xrootd.ba.infn.it:1094 #0] elapsed = 45, pConnectionWindow = 31 seconds.
[2022-12-20 11:48:01.564891 +0100][Error  ][AsyncSock         ] [xrootd.ba.infn.it:1094 #0.0] Socket error while handshaking: [ERROR] Socket timeout
[2022-12-20 11:48:01.565026 +0100][Error  ][PostMaster        ] [xrootd.ba.infn.it:1094 #0] elapsed = 45, pConnectionWindow = 31 seconds.
[2022-12-20 11:48:01.565037 +0100][Error  ][PostMaster        ] [xrootd.ba.infn.it:1094 #0] Unable to recover: [ERROR] Socket timeout.
[2022-12-20 11:48:01.565047 +0100][Error  ][XRootD            ] [xrootd.ba.infn.it:1094] Impossible to send message kXR_open (file: /store/user/alesauva/flashgg/UL2017_4/10_6_4/ZHiggs0PMToGG_M125_TuneCP5_13TeV-JHUGenV7011-pythia8/UL2017_4-10_6_4-v0-RunIISummer19UL17MiniAOD-106X_mc2017_realistic_v6-v2/200720_162909/0000/myMicroAODOutputFile_27.root?tried=stor89.datagrid.cea.fr, mode: 0660, flags: kXR_open_read kXR_async kXR_retstat ). Trying to recover.
Begin processing the 4001st record. Run 1, Event 275512, LumiSection 2756 on stream 0 at 20-Dec-2022 11:48:06.423 CET
Begin processing the 5001st record. Run 1, Event 276502, LumiSection 2766 on stream 0 at 20-Dec-2022 11:50:10.500 CET
[2022-12-20 11:51:48.571910 +0100][Error  ][AsyncSock         ] [xrootd.ba.infn.it:1094 #0.0] Socket error while handshaking: [ERROR] Socket timeout
[2022-12-20 11:51:48.572102 +0100][Error  ][PostMaster        ] [xrootd.ba.infn.it:1094 #0] elapsed = 45, pConnectionWindow = 31 seconds.
Begin processing the 6001st record. Run 1, Event 277503, LumiSection 2776 on stream 0 at 20-Dec-2022 11:52:24.595 CET
[2022-12-20 11:52:33.905946 +0100][Error  ][AsyncSock         ] [xrootd.ba.infn.it:1094 #0.0] Socket error while handshaking: [ERROR] Socket timeout
[2022-12-20 11:52:33.906108 +0100][Error  ][PostMaster        ] [xrootd.ba.infn.it:1094 #0] elapsed = 45, pConnectionWindow = 31 seconds.
[2022-12-20 11:52:33.906119 +0100][Error  ][PostMaster        ] [xrootd.ba.infn.it:1094 #0] Unable to recover: [ERROR] Socket timeout.
[2022-12-20 11:52:33.906128 +0100][Error  ][XRootD            ] [xrootd.ba.infn.it:1094] Impossible to send message kXR_open (file: /store/user/alesauva/flashgg/UL2017_4/10_6_4/ZHiggs0PMToGG_M125_TuneCP5_13TeV-JHUGenV7011-pythia8/UL2017_4-10_6_4-v0-RunIISummer19UL17MiniAOD-106X_mc2017_realistic_v6-v2/200720_162909/0000/myMicroAODOutputFile_27.root?tried=stor89.datagrid.cea.fr, mode: 0660, flags: kXR_open_read kXR_async kXR_retstat ). Trying to recover.
Begin processing the 7001st record. Run 1, Event 278506, LumiSection 2786 on stream 0 at 20-Dec-2022 11:54:32.670 CET
[2022-12-20 11:56:29.364052 +0100][Error  ][AsyncSock         ] [xrootd.ba.infn.it:1094 #0.0] Socket error while handshaking: [ERROR] Socket timeout
[2022-12-20 11:56:29.364218 +0100][Error  ][PostMaster        ] [xrootd.ba.infn.it:1094 #0] elapsed = 45, pConnectionWindow = 31 seconds.
Begin processing the 8001st record. Run 1, Event 279502, LumiSection 2796 on stream 0 at 20-Dec-2022 11:56:45.317 CET
[2022-12-20 11:57:14.643028 +0100][Error  ][AsyncSock         ] [xrootd.ba.infn.it:1094 #0.0] Socket error while handshaking: [ERROR] Socket timeout
[2022-12-20 11:57:14.643205 +0100][Error  ][PostMaster        ] [xrootd.ba.infn.it:1094 #0] elapsed = 45, pConnectionWindow = 31 seconds.
[2022-12-20 11:57:14.643221 +0100][Error  ][PostMaster        ] [xrootd.ba.infn.it:1094 #0] Unable to recover: [ERROR] Socket timeout.
[2022-12-20 11:57:14.643231 +0100][Error  ][XRootD            ] [xrootd.ba.infn.it:1094] Impossible to send message kXR_open (file: /store/user/alesauva/flashgg/UL2017_4/10_6_4/ZHiggs0PMToGG_M125_TuneCP5_13TeV-JHUGenV7011-pythia8/UL2017_4-10_6_4-v0-RunIISummer19UL17MiniAOD-106X_mc2017_realistic_v6-v2/200720_162909/0000/myMicroAODOutputFile_27.root?tried=stor89.datagrid.cea.fr, mode: 0660, flags: kXR_open_read kXR_async kXR_retstat ). Trying to recover.
Begin processing the 9001st record. Run 1, Event 280511, LumiSection 2806 on stream 0 at 20-Dec-2022 11:58:58.380 CET
Begin processing the 10001st record. Run 1, Event 284103, LumiSection 2842 on stream 0 at 20-Dec-2022 12:01:01.439 CET
[2022-12-20 12:01:08.965939 +0100][Error  ][AsyncSock         ] [xrootd.ba.infn.it:1094 #0.0] Socket error while handshaking: [ERROR] Socket timeout
[2022-12-20 12:01:08.966110 +0100][Error  ][PostMaster        ] [xrootd.ba.infn.it:1094 #0] elapsed = 45, pConnectionWindow = 31 seconds.
[2022-12-20 12:01:53.215895 +0100][Error  ][AsyncSock         ] [xrootd.ba.infn.it:1094 #0.0] Socket error while handshaking: [ERROR] Socket timeout
[2022-12-20 12:01:53.216069 +0100][Error  ][PostMaster        ] [xrootd.ba.infn.it:1094 #0] elapsed = 45, pConnectionWindow = 31 seconds.
[2022-12-20 12:01:53.216078 +0100][Error  ][PostMaster        ] [xrootd.ba.infn.it:1094 #0] Unable to recover: [ERROR] Socket timeout.
[2022-12-20 12:01:53.216087 +0100][Error  ][XRootD            ] [xrootd.ba.infn.it:1094] Impossible to send message kXR_open (file: /store/user/alesauva/flashgg/UL2017_4/10_6_4/ZHiggs0PMToGG_M125_TuneCP5_13TeV-JHUGenV7011-pythia8/UL2017_4-10_6_4-v0-RunIISummer19UL17MiniAOD-106X_mc2017_realistic_v6-v2/200720_162909/0000/myMicroAODOutputFile_27.root?tried=stor89.datagrid.cea.fr, mode: 0660, flags: kXR_open_read kXR_async kXR_retstat ). Trying to recover.
Begin processing the 11001st record. Run 1, Event 285201, LumiSection 2853 on stream 0 at 20-Dec-2022 12:03:15.678 CET
Begin processing the 12001st record. Run 1, Event 286206, LumiSection 2863 on stream 0 at 20-Dec-2022 12:05:15.023 CET
[2022-12-20 12:05:42.442951 +0100][Error  ][AsyncSock         ] [xrootd.ba.infn.it:1094 #0.0] Socket error while handshaking: [ERROR] Socket timeout
[2022-12-20 12:05:42.443107 +0100][Error  ][PostMaster        ] [xrootd.ba.infn.it:1094 #0] elapsed = 45, pConnectionWindow = 31 seconds.
[2022-12-20 12:06:27.701884 +0100][Error  ][AsyncSock         ] [xrootd.ba.infn.it:1094 #0.0] Socket error while handshaking: [ERROR] Socket timeout
[2022-12-20 12:06:27.701994 +0100][Error  ][PostMaster        ] [xrootd.ba.infn.it:1094 #0] elapsed = 45, pConnectionWindow = 31 seconds.
[2022-12-20 12:06:27.702002 +0100][Error  ][PostMaster        ] [xrootd.ba.infn.it:1094 #0] Unable to recover: [ERROR] Socket timeout.
[2022-12-20 12:06:27.702009 +0100][Error  ][XRootD            ] [xrootd.ba.infn.it:1094] Impossible to send message kXR_open (file: /store/user/alesauva/flashgg/UL2017_4/10_6_4/ZHiggs0PMToGG_M125_TuneCP5_13TeV-JHUGenV7011-pythia8/UL2017_4-10_6_4-v0-RunIISummer19UL17MiniAOD-106X_mc2017_realistic_v6-v2/200720_162909/0000/myMicroAODOutputFile_27.root?tried=stor89.datagrid.cea.fr, mode: 0660, flags: kXR_open_read kXR_async kXR_retstat ). Trying to recover.
Begin processing the 13001st record. Run 1, Event 303603, LumiSection 3037 on stream 0 at 20-Dec-2022 12:07:15.235 CET
Begin processing the 14001st record. Run 1, Event 426803, LumiSection 4269 on stream 0 at 20-Dec-2022 12:09:12.021 CET
Begin processing the 15001st record. Run 1, Event 431208, LumiSection 4313 on stream 0 at 20-Dec-2022 12:11:11.397 CET
Begin processing the 16001st record. Run 1, Event 435902, LumiSection 4360 on stream 0 at 20-Dec-2022 12:13:20.695 CET
[2022-12-20 12:14:22.766956 +0100][Error  ][AsyncSock         ] [xrootd.ba.infn.it:1094 #0.0] Socket error while handshaking: [ERROR] Socket timeout
[2022-12-20 12:14:22.767136 +0100][Error  ][PostMaster        ] [xrootd.ba.infn.it:1094 #0] elapsed = 45, pConnectionWindow = 31 seconds.
[2022-12-20 12:15:07.065885 +0100][Error  ][AsyncSock         ] [xrootd.ba.infn.it:1094 #0.0] Socket error while handshaking: [ERROR] Socket timeout
[2022-12-20 12:15:07.066024 +0100][Error  ][PostMaster        ] [xrootd.ba.infn.it:1094 #0] elapsed = 45, pConnectionWindow = 31 seconds.
[2022-12-20 12:15:07.066033 +0100][Error  ][PostMaster        ] [xrootd.ba.infn.it:1094 #0] Unable to recover: [ERROR] Socket timeout.
[2022-12-20 12:15:07.066044 +0100][Error  ][XRootD            ] [xrootd.ba.infn.it:1094] Impossible to send message kXR_open (file: /store/user/alesauva/flashgg/UL2017_4/10_6_4/ZHiggs0PMToGG_M125_TuneCP5_13TeV-JHUGenV7011-pythia8/UL2017_4-10_6_4-v0-RunIISummer19UL17MiniAOD-106X_mc2017_realistic_v6-v2/200720_162909/0000/myMicroAODOutputFile_27.root?tried=stor89.datagrid.cea.fr, mode: 0660, flags: kXR_open_read kXR_async kXR_retstat ). Trying to recover.
Begin processing the 17001st record. Run 1, Event 437311, LumiSection 4374 on stream 0 at 20-Dec-2022 12:15:22.085 CET
Begin processing the 18001st record. Run 1, Event 458506, LumiSection 4586 on stream 0 at 20-Dec-2022 12:17:31.062 CET
[2022-12-20 12:18:52.937304 +0100][Error  ][AsyncSock         ] [xrootd.ba.infn.it:1094 #0.0] Socket error while handshaking: [ERROR] Socket timeout
[2022-12-20 12:18:52.937497 +0100][Error  ][PostMaster        ] [xrootd.ba.infn.it:1094 #0] elapsed = 45, pConnectionWindow = 31 seconds.
[2022-12-20 12:19:37.198965 +0100][Error  ][AsyncSock         ] [xrootd.ba.infn.it:1094 #0.0] Socket error while handshaking: [ERROR] Socket timeout
[2022-12-20 12:19:37.199130 +0100][Error  ][PostMaster        ] [xrootd.ba.infn.it:1094 #0] elapsed = 45, pConnectionWindow = 31 seconds.
[2022-12-20 12:19:37.199143 +0100][Error  ][PostMaster        ] [xrootd.ba.infn.it:1094 #0] Unable to recover: [ERROR] Socket timeout.
[2022-12-20 12:19:37.199152 +0100][Error  ][XRootD            ] [xrootd.ba.infn.it:1094] Impossible to send message kXR_open (file: /store/user/alesauva/flashgg/UL2017_4/10_6_4/ZHiggs0PMToGG_M125_TuneCP5_13TeV-JHUGenV7011-pythia8/UL2017_4-10_6_4-v0-RunIISummer19UL17MiniAOD-106X_mc2017_realistic_v6-v2/200720_162909/0000/myMicroAODOutputFile_27.root?tried=stor89.datagrid.cea.fr, mode: 0660, flags: kXR_open_read kXR_async kXR_retstat ). Trying to recover.
Begin processing the 19001st record. Run 1, Event 459509, LumiSection 4596 on stream 0 at 20-Dec-2022 12:19:37.494 CET
Begin processing the 20001st record. Run 1, Event 500207, LumiSection 5003 on stream 0 at 20-Dec-2022 12:21:50.915 CET
[2022-12-20 12:23:35.683926 +0100][Error  ][AsyncSock         ] [xrootd.ba.infn.it:1094 #0.0] Socket error while handshaking: [ERROR] Socket timeout
[2022-12-20 12:23:35.684094 +0100][Error  ][PostMaster        ] [xrootd.ba.infn.it:1094 #0] elapsed = 45, pConnectionWindow = 31 seconds.
Begin processing the 21001st record. Run 1, Event 711510, LumiSection 7116 on stream 0 at 20-Dec-2022 12:24:00.621 CET
[2022-12-20 12:24:20.950917 +0100][Error  ][AsyncSock         ] [xrootd.ba.infn.it:1094 #0.0] Socket error while handshaking: [ERROR] Socket timeout
[2022-12-20 12:24:20.951057 +0100][Error  ][PostMaster        ] [xrootd.ba.infn.it:1094 #0] elapsed = 45, pConnectionWindow = 31 seconds.
[2022-12-20 12:24:20.951079 +0100][Error  ][PostMaster        ] [xrootd.ba.infn.it:1094 #0] Unable to recover: [ERROR] Socket timeout.
[2022-12-20 12:24:20.951088 +0100][Error  ][XRootD            ] [xrootd.ba.infn.it:1094] Impossible to send message kXR_open (file: /store/user/alesauva/flashgg/UL2017_4/10_6_4/ZHiggs0PMToGG_M125_TuneCP5_13TeV-JHUGenV7011-pythia8/UL2017_4-10_6_4-v0-RunIISummer19UL17MiniAOD-106X_mc2017_realistic_v6-v2/200720_162909/0000/myMicroAODOutputFile_27.root?tried=stor89.datagrid.cea.fr, mode: 0660, flags: kXR_open_read kXR_async kXR_retstat ). Trying to recover.
Begin processing the 22001st record. Run 1, Event 712706, LumiSection 7128 on stream 0 at 20-Dec-2022 12:26:15.806 CET
[2022-12-20 12:28:13.069895 +0100][Error  ][AsyncSock         ] [xrootd.ba.infn.it:1094 #0.0] Socket error while handshaking: [ERROR] Socket timeout
[2022-12-20 12:28:13.070072 +0100][Error  ][PostMaster        ] [xrootd.ba.infn.it:1094 #0] elapsed = 45, pConnectionWindow = 31 seconds.
Begin processing the 23001st record. Run 1, Event 673209, LumiSection 6733 on stream 0 at 20-Dec-2022 12:28:24.493 CET
[2022-12-20 12:28:58.343034 +0100][Error  ][AsyncSock         ] [xrootd.ba.infn.it:1094 #0.0] Socket error while handshaking: [ERROR] Socket timeout
[2022-12-20 12:28:58.343204 +0100][Error  ][PostMaster        ] [xrootd.ba.infn.it:1094 #0] elapsed = 45, pConnectionWindow = 31 seconds.
[2022-12-20 12:28:58.343215 +0100][Error  ][PostMaster        ] [xrootd.ba.infn.it:1094 #0] Unable to recover: [ERROR] Socket timeout.
[2022-12-20 12:28:58.343224 +0100][Error  ][XRootD            ] [xrootd.ba.infn.it:1094] Impossible to send message kXR_open (file: /store/user/alesauva/flashgg/UL2017_4/10_6_4/ZHiggs0PMToGG_M125_TuneCP5_13TeV-JHUGenV7011-pythia8/UL2017_4-10_6_4-v0-RunIISummer19UL17MiniAOD-106X_mc2017_realistic_v6-v2/200720_162909/0000/myMicroAODOutputFile_27.root?tried=stor89.datagrid.cea.fr, mode: 0660, flags: kXR_open_read kXR_async kXR_retstat ). Trying to recover.
Begin processing the 24001st record. Run 1, Event 674204, LumiSection 6743 on stream 0 at 20-Dec-2022 12:30:30.361 CET
20-Dec-2022 12:32:44 CET  Closed file root://cms-xrd-global.cern.ch//store/user/alesauva/flashgg/UL2017_4/10_6_4/ZHiggs0PMToGG_M125_TuneCP5_13TeV-JHUGenV7011-pythia8/UL2017_4-10_6_4-v0-RunIISummer19UL17MiniAOD-106X_mc2017_realistic_v6-v2/200720_162909/0000/myMicroAODOutputFile_27.root

TrigReport ---------- Event  Summary ------------
TrigReport Events total = 25000 passed = 24889 failed = 111

TrigReport ---------- Path   Summary ------------
TrigReport  Trig Bit#   Executed     Passed     Failed      Error Name
TrigReport     1    0      25000      24889        111          0 p

TrigReport -------End-Path   Summary ------------
TrigReport  Trig Bit#   Executed     Passed     Failed      Error Name

TrigReport ---------- Modules in Path: p ------------
TrigReport  Trig Bit#    Visited     Passed     Failed      Error Name
TrigReport     1    0      25000      24889        111          0 flashggMetFilters
TrigReport     1    1      24889      24889          0          0 VHFilter
TrigReport     1    2      24889      24889          0          0 flashggDifferentialPhoIdInputsCorrection
TrigReport     1    3      24889      24889          0          0 flashggDiPhotonSystematics
TrigReport     1    4      24889      24889          0          0 flashggMetSystematics
TrigReport     1    5      24889      24889          0          0 flashggMuonSystematics
TrigReport     1    6      24889      24889          0          0 flashggElectronSystematics
TrigReport     1    7      24889      24889          0          0 flashggUnpackedJets
TrigReport     1    8      24889      24889          0          0 flashggJetSystematics0
TrigReport     1    9      24889      24889          0          0 flashggJetSystematics1
TrigReport     1   10      24889      24889          0          0 flashggJetSystematics2
TrigReport     1   11      24889      24889          0          0 flashggJetSystematics3
TrigReport     1   12      24889      24889          0          0 flashggJetSystematics4
TrigReport     1   13      24889      24889          0          0 flashggJetSystematics5
TrigReport     1   14      24889      24889          0          0 flashggJetSystematics6
TrigReport     1   15      24889      24889          0          0 flashggJetSystematics7
TrigReport     1   16      24889      24889          0          0 flashggJetSystematics8
TrigReport     1   17      24889      24889          0          0 flashggJetSystematics9
TrigReport     1   18      24889      24889          0          0 flashggJetSystematics10
TrigReport     1   19      24889      24889          0          0 flashggJetSystematics11
TrigReport     1   20      24889      24889          0          0 flashggPrefireDiPhotons
TrigReport     1   21      24889      24889          0          0 flashggPreselectedDiPhotons
TrigReport     1   22      24889      24889          0          0 flashggDiPhotonMVA
TrigReport     1   23      24889      24889          0          0 flashggVBFMVA
TrigReport     1   24      24889      24889          0          0 flashggVHhadMVA
TrigReport     1   25      24889      24889          0          0 flashggGluGluHMVA
TrigReport     1   26      24889      24889          0          0 flashggStageOneCombinedTag
TrigReport     1   27      24889      24889          0          0 flashggTHQLeptonicTag
TrigReport     1   28      24889      24889          0          0 flashggVHMetTag
TrigReport     1   29      24889      24889          0          0 flashggWHLeptonicTag
TrigReport     1   30      24889      24889          0          0 flashggZHLeptonicTag
TrigReport     1   31      24889      24889          0          0 flashggTTHLeptonicTag
TrigReport     1   32      24889      24889          0          0 flashggTTHHadronicTag
TrigReport     1   33      24889      24889          0          0 flashggTagSorter
TrigReport     1   34      24889      24889          0          0 flashggSystTagMerger
TrigReport     1   35      24889      24889          0          0 tagsDumper

TrigReport ---------- Module Summary ------------
TrigReport    Visited   Executed     Passed     Failed      Error Name
TrigReport      25000      25000      25000          0          0 TriggerResults
TrigReport      24889      24889      24889          0          0 VHFilter
TrigReport      24889      24889      24889          0          0 ak4PFCHSL1FastL2L3Corrector
TrigReport      24889      24889      24889          0          0 ak4PFCHSL1FastjetCorrector
TrigReport      24889      24889      24889          0          0 ak4PFCHSL2RelativeCorrector
TrigReport      24889      24889      24889          0          0 ak4PFCHSL3AbsoluteCorrector
TrigReport      24889      24889      24889          0          0 flashggDiPhotonMVA
TrigReport      24889      24889      24889          0          0 flashggDiPhotonSystematics
TrigReport      24889      24889      24889          0          0 flashggDifferentialPhoIdInputsCorrection
TrigReport      24889      24889      24889          0          0 flashggElectronSystematics
TrigReport      24889      24889      24889          0          0 flashggGluGluHMVA
TrigReport      24889      24889      24889          0          0 flashggJetSystematics0
TrigReport      24889      24889      24889          0          0 flashggJetSystematics1
TrigReport      24889      24889      24889          0          0 flashggJetSystematics10
TrigReport      24889      24889      24889          0          0 flashggJetSystematics11
TrigReport      24889      24889      24889          0          0 flashggJetSystematics2
TrigReport      24889      24889      24889          0          0 flashggJetSystematics3
TrigReport      24889      24889      24889          0          0 flashggJetSystematics4
TrigReport      24889      24889      24889          0          0 flashggJetSystematics5
TrigReport      24889      24889      24889          0          0 flashggJetSystematics6
TrigReport      24889      24889      24889          0          0 flashggJetSystematics7
TrigReport      24889      24889      24889          0          0 flashggJetSystematics8
TrigReport      24889      24889      24889          0          0 flashggJetSystematics9
TrigReport      25000      25000      24889        111          0 flashggMetFilters
TrigReport      24889      24889      24889          0          0 flashggMetSystematics
TrigReport      24889      24889      24889          0          0 flashggMuonSystematics
TrigReport      24889      24889      24889          0          0 flashggPrefireDiPhotons
TrigReport      24889      24889      24889          0          0 flashggPreselectedDiPhotons
TrigReport      24889      24889      24889          0          0 flashggStageOneCombinedTag
TrigReport      24889      24889      24889          0          0 flashggSystTagMerger
TrigReport      24889      24889      24889          0          0 flashggTHQLeptonicTag
TrigReport      24889      24889      24889          0          0 flashggTTHHadronicTag
TrigReport      24889      24889      24889          0          0 flashggTTHLeptonicTag
TrigReport      24889      24889      24889          0          0 flashggTagSorter
TrigReport      24889      24889      24889          0          0 flashggUnpackedJets
TrigReport      24889      24889      24889          0          0 flashggVBFMVA
TrigReport      24889      24889      24889          0          0 flashggVHMetTag
TrigReport      24889      24889      24889          0          0 flashggVHhadMVA
TrigReport      24889      24889      24889          0          0 flashggWHLeptonicTag
TrigReport      24889      24889      24889          0          0 flashggZHLeptonicTag
TrigReport      25000      25000      25000          0          0 p
TrigReport      24889      24889      24889          0          0 tagsDumper

TimeReport ---------- Event  Summary ---[sec]----
TimeReport       event loop CPU/event = 0.126363
TimeReport      event loop Real/event = 0.134008
TimeReport     sum Streams Real/event = 0.129965
TimeReport efficiency CPU/Real/thread = 0.942954

TimeReport ---------- Path   Summary ---[Real sec]----
TimeReport  per event     per exec  Name
TimeReport   0.129421     0.129421  p
TimeReport  per event     per exec  Name

TimeReport -------End-Path   Summary ---[Real sec]----
TimeReport  per event     per exec  Name
TimeReport  per event     per exec  Name

TimeReport ---------- Modules in Path: p ---[Real sec]----
TimeReport  per event    per visit  Name
TimeReport   0.000016     0.000016  flashggMetFilters
TimeReport   0.000006     0.000006  VHFilter
TimeReport   0.069877     0.070189  flashggDifferentialPhoIdInputsCorrection
TimeReport   0.042731     0.042921  flashggDiPhotonSystematics
TimeReport   0.000196     0.000197  flashggMetSystematics
TimeReport   0.000024     0.000024  flashggMuonSystematics
TimeReport   0.000038     0.000039  flashggElectronSystematics
TimeReport   0.000243     0.000244  flashggUnpackedJets
TimeReport   0.004371     0.004391  flashggJetSystematics0
TimeReport   0.000651     0.000654  flashggJetSystematics1
TimeReport   0.000575     0.000577  flashggJetSystematics2
TimeReport   0.000554     0.000557  flashggJetSystematics3
TimeReport   0.000548     0.000550  flashggJetSystematics4
TimeReport   0.000535     0.000538  flashggJetSystematics5
TimeReport   0.000531     0.000533  flashggJetSystematics6
TimeReport   0.000533     0.000535  flashggJetSystematics7
TimeReport   0.000526     0.000528  flashggJetSystematics8
TimeReport   0.000527     0.000530  flashggJetSystematics9
TimeReport   0.000525     0.000528  flashggJetSystematics10
TimeReport   0.000517     0.000519  flashggJetSystematics11
TimeReport   0.000299     0.000300  flashggPrefireDiPhotons
TimeReport   0.000117     0.000117  flashggPreselectedDiPhotons
TimeReport   0.000033     0.000033  flashggDiPhotonMVA
TimeReport   0.000028     0.000028  flashggVBFMVA
TimeReport   0.000017     0.000018  flashggVHhadMVA
TimeReport   0.000051     0.000051  flashggGluGluHMVA
TimeReport   0.000032     0.000032  flashggStageOneCombinedTag
TimeReport   0.000466     0.000468  flashggTHQLeptonicTag
TimeReport   0.000320     0.000322  flashggVHMetTag
TimeReport   0.000028     0.000029  flashggWHLeptonicTag
TimeReport   0.000020     0.000020  flashggZHLeptonicTag
TimeReport   0.000066     0.000066  flashggTTHLeptonicTag
TimeReport   0.001293     0.001299  flashggTTHHadronicTag
TimeReport   0.000090     0.000091  flashggTagSorter
TimeReport   0.000004     0.000004  flashggSystTagMerger
TimeReport   0.000365     0.000366  tagsDumper
TimeReport  per event    per visit  Name

TimeReport ---------- Module Summary ---[Real sec]----
TimeReport  per event     per exec    per visit  Name
TimeReport   0.000003     0.000003     0.000003  TriggerResults
TimeReport   0.000006     0.000006     0.000006  VHFilter
TimeReport   0.000004     0.000004     0.000004  ak4PFCHSL1FastL2L3Corrector
TimeReport   0.000004     0.000004     0.000004  ak4PFCHSL1FastjetCorrector
TimeReport   0.000002     0.000002     0.000002  ak4PFCHSL2RelativeCorrector
TimeReport   0.000015     0.000015     0.000015  ak4PFCHSL3AbsoluteCorrector
TimeReport   0.000033     0.000033     0.000033  flashggDiPhotonMVA
TimeReport   0.042731     0.042921     0.042921  flashggDiPhotonSystematics
TimeReport   0.069877     0.070189     0.070189  flashggDifferentialPhoIdInputsCorrection
TimeReport   0.000038     0.000039     0.000039  flashggElectronSystematics
TimeReport   0.000051     0.000051     0.000051  flashggGluGluHMVA
TimeReport   0.004371     0.004391     0.004391  flashggJetSystematics0
TimeReport   0.000651     0.000654     0.000654  flashggJetSystematics1
TimeReport   0.000525     0.000528     0.000528  flashggJetSystematics10
TimeReport   0.000517     0.000519     0.000519  flashggJetSystematics11
TimeReport   0.000575     0.000577     0.000577  flashggJetSystematics2
TimeReport   0.000554     0.000557     0.000557  flashggJetSystematics3
TimeReport   0.000548     0.000550     0.000550  flashggJetSystematics4
TimeReport   0.000535     0.000538     0.000538  flashggJetSystematics5
TimeReport   0.000531     0.000533     0.000533  flashggJetSystematics6
TimeReport   0.000533     0.000535     0.000535  flashggJetSystematics7
TimeReport   0.000526     0.000528     0.000528  flashggJetSystematics8
TimeReport   0.000527     0.000530     0.000530  flashggJetSystematics9
TimeReport   0.000016     0.000016     0.000016  flashggMetFilters
TimeReport   0.000196     0.000197     0.000197  flashggMetSystematics
TimeReport   0.000024     0.000024     0.000024  flashggMuonSystematics
TimeReport   0.000299     0.000300     0.000300  flashggPrefireDiPhotons
TimeReport   0.000117     0.000117     0.000117  flashggPreselectedDiPhotons
TimeReport   0.000032     0.000032     0.000032  flashggStageOneCombinedTag
TimeReport   0.000004     0.000004     0.000004  flashggSystTagMerger
TimeReport   0.000466     0.000468     0.000468  flashggTHQLeptonicTag
TimeReport   0.001293     0.001299     0.001299  flashggTTHHadronicTag
TimeReport   0.000066     0.000066     0.000066  flashggTTHLeptonicTag
TimeReport   0.000090     0.000091     0.000091  flashggTagSorter
TimeReport   0.000243     0.000244     0.000244  flashggUnpackedJets
TimeReport   0.000028     0.000028     0.000028  flashggVBFMVA
TimeReport   0.000320     0.000322     0.000322  flashggVHMetTag
TimeReport   0.000017     0.000018     0.000018  flashggVHhadMVA
TimeReport   0.000028     0.000029     0.000029  flashggWHLeptonicTag
TimeReport   0.000020     0.000020     0.000020  flashggZHLeptonicTag
TimeReport   0.000004     0.000004     0.000004  p
TimeReport   0.000365     0.000366     0.000366  tagsDumper
TimeReport  per event     per exec    per visit  Name

T---Report end!


=============================================

MessageLogger Summary

 type     category        sev    module        subroutine        count    total
 ---- -------------------- -- ---------------- ----------------  -----    -----
    1 XrdAdaptor           -w file_open                              1        1
    2 fileAction           -s file_close                             1        1
    3 fileAction           -s file_open                              2        2

 type    category    Examples: run/evt        run/evt          run/evt
 ---- -------------------- ---------------- ---------------- ----------------
    1 XrdAdaptor           pre-events                        
    2 fileAction           PostGlobalEndRun                  
    3 fileAction           pre-events       pre-events       

Severity    # Occurrences   Total Occurrences
--------    -------------   -----------------
Warning                 1                   1
System                  3                   3

dropped waiting message count 0
