mkdir: cannot create directory '/afs/cern.ch/user/x/xisu/private/local/Analysis_workspace/VH_AC_tmp1/flashgg_d2/CMSSW_10_6_29/src/flashgg/VHAC_Analysis_Met/UL_17/UL_17_zh125': File exists
/cvmfs/cms.cern.ch/slc7_amd64_gcc700/external/py2-requests/2.21.0-pafccj2/lib/python2.7/site-packages/requests/__init__.py:91: RequestsDependencyWarning: urllib3 (1.25.2) or chardet (3.0.4) doesn't match a supported version!
  RequestsDependencyWarning)
20-Dec-2022 11:10:59 CET  Initiating request to open file root://cms-xrd-global.cern.ch//store/user/alesauva/flashgg/UL2017_4/10_6_4/ZHiggs0PMToGG_M125_TuneCP5_13TeV-JHUGenV7011-pythia8/UL2017_4-10_6_4-v0-RunIISummer19UL17MiniAOD-106X_mc2017_realistic_v6-v2/200720_162909/0000/myMicroAODOutputFile_18.root
%MSG-w XrdAdaptor:  file_open 20-Dec-2022 11:11:02 CET pre-events
Data is served from GRIF-IRFU instead of original site CERN-CMSGLOBAL-01
%MSG
20-Dec-2022 11:11:03 CET  Successfully opened file root://cms-xrd-global.cern.ch//store/user/alesauva/flashgg/UL2017_4/10_6_4/ZHiggs0PMToGG_M125_TuneCP5_13TeV-JHUGenV7011-pythia8/UL2017_4-10_6_4-v0-RunIISummer19UL17MiniAOD-106X_mc2017_realistic_v6-v2/200720_162909/0000/myMicroAODOutputFile_18.root
2022-12-20 11:28:29.212004: I tensorflow/core/platform/cpu_feature_guard.cc:140] Your CPU supports instructions that this TensorFlow binary was not compiled to use: SSE4.1 SSE4.2 AVX AVX2 FMA
Begin processing the 1st record. Run 1, Event 202102, LumiSection 2022 on stream 0 at 20-Dec-2022 11:29:40.498 CET
[2022-12-20 11:30:23.704812 +0100][Error  ][AsyncSock         ] [xrootd.ba.infn.it:1094 #0.0] Socket error while handshaking: [ERROR] Socket timeout
[2022-12-20 11:30:23.705145 +0100][Error  ][PostMaster        ] [xrootd.ba.infn.it:1094 #0] elapsed = 45, pConnectionWindow = 31 seconds.
[2022-12-20 11:31:08.972440 +0100][Error  ][AsyncSock         ] [xrootd.ba.infn.it:1094 #0.0] Socket error while handshaking: [ERROR] Socket timeout
[2022-12-20 11:31:08.972568 +0100][Error  ][PostMaster        ] [xrootd.ba.infn.it:1094 #0] elapsed = 45, pConnectionWindow = 31 seconds.
[2022-12-20 11:31:08.972602 +0100][Error  ][PostMaster        ] [xrootd.ba.infn.it:1094 #0] Unable to recover: [ERROR] Socket timeout.
[2022-12-20 11:31:08.972637 +0100][Error  ][XRootD            ] [xrootd.ba.infn.it:1094] Impossible to send message kXR_open (file: /store/user/alesauva/flashgg/UL2017_4/10_6_4/ZHiggs0PMToGG_M125_TuneCP5_13TeV-JHUGenV7011-pythia8/UL2017_4-10_6_4-v0-RunIISummer19UL17MiniAOD-106X_mc2017_realistic_v6-v2/200720_162909/0000/myMicroAODOutputFile_18.root?tried=stor72.datagrid.cea.fr, mode: 0660, flags: kXR_open_read kXR_async kXR_retstat ). Trying to recover.
Begin processing the 1001st record. Run 1, Event 259306, LumiSection 2594 on stream 0 at 20-Dec-2022 11:35:01.208 CET
[2022-12-20 11:35:52.381057 +0100][Error  ][AsyncSock         ] [xrootd.ba.infn.it:1094 #0.0] Socket error while handshaking: [ERROR] Socket timeout
[2022-12-20 11:35:52.381227 +0100][Error  ][PostMaster        ] [xrootd.ba.infn.it:1094 #0] elapsed = 45, pConnectionWindow = 31 seconds.
[2022-12-20 11:36:37.670469 +0100][Error  ][AsyncSock         ] [xrootd.ba.infn.it:1094 #0.0] Socket error while handshaking: [ERROR] Socket timeout
[2022-12-20 11:36:37.670668 +0100][Error  ][PostMaster        ] [xrootd.ba.infn.it:1094 #0] elapsed = 45, pConnectionWindow = 31 seconds.
[2022-12-20 11:36:37.670686 +0100][Error  ][PostMaster        ] [xrootd.ba.infn.it:1094 #0] Unable to recover: [ERROR] Socket timeout.
[2022-12-20 11:36:37.670698 +0100][Error  ][XRootD            ] [xrootd.ba.infn.it:1094] Impossible to send message kXR_open (file: /store/user/alesauva/flashgg/UL2017_4/10_6_4/ZHiggs0PMToGG_M125_TuneCP5_13TeV-JHUGenV7011-pythia8/UL2017_4-10_6_4-v0-RunIISummer19UL17MiniAOD-106X_mc2017_realistic_v6-v2/200720_162909/0000/myMicroAODOutputFile_18.root?tried=stor72.datagrid.cea.fr, mode: 0660, flags: kXR_open_read kXR_async kXR_retstat ). Trying to recover.
Begin processing the 2001st record. Run 1, Event 260302, LumiSection 2604 on stream 0 at 20-Dec-2022 11:37:18.253 CET
Begin processing the 3001st record. Run 1, Event 261301, LumiSection 2614 on stream 0 at 20-Dec-2022 11:39:33.027 CET
[2022-12-20 11:40:34.090417 +0100][Error  ][AsyncSock         ] [xrootd.ba.infn.it:1094 #0.0] Socket error while handshaking: [ERROR] Socket timeout
[2022-12-20 11:40:34.090594 +0100][Error  ][PostMaster        ] [xrootd.ba.infn.it:1094 #0] elapsed = 46, pConnectionWindow = 31 seconds.
[2022-12-20 11:41:19.348420 +0100][Error  ][AsyncSock         ] [xrootd.ba.infn.it:1094 #0.0] Socket error while handshaking: [ERROR] Socket timeout
[2022-12-20 11:41:19.348607 +0100][Error  ][PostMaster        ] [xrootd.ba.infn.it:1094 #0] elapsed = 45, pConnectionWindow = 31 seconds.
[2022-12-20 11:41:19.348642 +0100][Error  ][PostMaster        ] [xrootd.ba.infn.it:1094 #0] Unable to recover: [ERROR] Socket timeout.
[2022-12-20 11:41:19.348653 +0100][Error  ][XRootD            ] [xrootd.ba.infn.it:1094] Impossible to send message kXR_open (file: /store/user/alesauva/flashgg/UL2017_4/10_6_4/ZHiggs0PMToGG_M125_TuneCP5_13TeV-JHUGenV7011-pythia8/UL2017_4-10_6_4-v0-RunIISummer19UL17MiniAOD-106X_mc2017_realistic_v6-v2/200720_162909/0000/myMicroAODOutputFile_18.root?tried=stor72.datagrid.cea.fr, mode: 0660, flags: kXR_open_read kXR_async kXR_retstat ). Trying to recover.
Begin processing the 4001st record. Run 1, Event 418010, LumiSection 4181 on stream 0 at 20-Dec-2022 11:41:47.116 CET
Begin processing the 5001st record. Run 1, Event 419005, LumiSection 4191 on stream 0 at 20-Dec-2022 11:44:03.019 CET
[2022-12-20 11:45:18.553393 +0100][Error  ][AsyncSock         ] [xrootd.ba.infn.it:1094 #0.0] Socket error while handshaking: [ERROR] Socket timeout
[2022-12-20 11:45:18.553547 +0100][Error  ][PostMaster        ] [xrootd.ba.infn.it:1094 #0] elapsed = 45, pConnectionWindow = 31 seconds.
[2022-12-20 11:46:03.821405 +0100][Error  ][AsyncSock         ] [xrootd.ba.infn.it:1094 #0.0] Socket error while handshaking: [ERROR] Socket timeout
[2022-12-20 11:46:03.821562 +0100][Error  ][PostMaster        ] [xrootd.ba.infn.it:1094 #0] elapsed = 45, pConnectionWindow = 31 seconds.
[2022-12-20 11:46:03.821576 +0100][Error  ][PostMaster        ] [xrootd.ba.infn.it:1094 #0] Unable to recover: [ERROR] Socket timeout.
[2022-12-20 11:46:03.821590 +0100][Error  ][XRootD            ] [xrootd.ba.infn.it:1094] Impossible to send message kXR_open (file: /store/user/alesauva/flashgg/UL2017_4/10_6_4/ZHiggs0PMToGG_M125_TuneCP5_13TeV-JHUGenV7011-pythia8/UL2017_4-10_6_4-v0-RunIISummer19UL17MiniAOD-106X_mc2017_realistic_v6-v2/200720_162909/0000/myMicroAODOutputFile_18.root?tried=stor72.datagrid.cea.fr, mode: 0660, flags: kXR_open_read kXR_async kXR_retstat ). Trying to recover.
Begin processing the 6001st record. Run 1, Event 508404, LumiSection 5085 on stream 0 at 20-Dec-2022 11:46:13.557 CET
Begin processing the 7001st record. Run 1, Event 509405, LumiSection 5095 on stream 0 at 20-Dec-2022 11:48:25.489 CET
[2022-12-20 11:49:53.248408 +0100][Error  ][AsyncSock         ] [xrootd.ba.infn.it:1094 #0.0] Socket error while handshaking: [ERROR] Socket timeout
[2022-12-20 11:49:53.248573 +0100][Error  ][PostMaster        ] [xrootd.ba.infn.it:1094 #0] elapsed = 45, pConnectionWindow = 31 seconds.
[2022-12-20 11:50:38.510465 +0100][Error  ][AsyncSock         ] [xrootd.ba.infn.it:1094 #0.0] Socket error while handshaking: [ERROR] Socket timeout
[2022-12-20 11:50:38.510683 +0100][Error  ][PostMaster        ] [xrootd.ba.infn.it:1094 #0] elapsed = 45, pConnectionWindow = 31 seconds.
[2022-12-20 11:50:38.510710 +0100][Error  ][PostMaster        ] [xrootd.ba.infn.it:1094 #0] Unable to recover: [ERROR] Socket timeout.
[2022-12-20 11:50:38.510721 +0100][Error  ][XRootD            ] [xrootd.ba.infn.it:1094] Impossible to send message kXR_open (file: /store/user/alesauva/flashgg/UL2017_4/10_6_4/ZHiggs0PMToGG_M125_TuneCP5_13TeV-JHUGenV7011-pythia8/UL2017_4-10_6_4-v0-RunIISummer19UL17MiniAOD-106X_mc2017_realistic_v6-v2/200720_162909/0000/myMicroAODOutputFile_18.root?tried=stor72.datagrid.cea.fr, mode: 0660, flags: kXR_open_read kXR_async kXR_retstat ). Trying to recover.
Begin processing the 8001st record. Run 1, Event 33210, LumiSection 333 on stream 0 at 20-Dec-2022 11:50:43.039 CET
Begin processing the 9001st record. Run 1, Event 85513, LumiSection 856 on stream 0 at 20-Dec-2022 11:53:03.870 CET
[2022-12-20 11:54:39.192403 +0100][Error  ][AsyncSock         ] [xrootd.ba.infn.it:1094 #0.0] Socket error while handshaking: [ERROR] Socket timeout
[2022-12-20 11:54:39.192579 +0100][Error  ][PostMaster        ] [xrootd.ba.infn.it:1094 #0] elapsed = 46, pConnectionWindow = 31 seconds.
Begin processing the 10001st record. Run 1, Event 574902, LumiSection 5750 on stream 0 at 20-Dec-2022 11:55:16.687 CET
[2022-12-20 11:55:24.457429 +0100][Error  ][AsyncSock         ] [xrootd.ba.infn.it:1094 #0.0] Socket error while handshaking: [ERROR] Socket timeout
[2022-12-20 11:55:24.457592 +0100][Error  ][PostMaster        ] [xrootd.ba.infn.it:1094 #0] elapsed = 45, pConnectionWindow = 31 seconds.
[2022-12-20 11:55:24.457605 +0100][Error  ][PostMaster        ] [xrootd.ba.infn.it:1094 #0] Unable to recover: [ERROR] Socket timeout.
[2022-12-20 11:55:24.457617 +0100][Error  ][XRootD            ] [xrootd.ba.infn.it:1094] Impossible to send message kXR_open (file: /store/user/alesauva/flashgg/UL2017_4/10_6_4/ZHiggs0PMToGG_M125_TuneCP5_13TeV-JHUGenV7011-pythia8/UL2017_4-10_6_4-v0-RunIISummer19UL17MiniAOD-106X_mc2017_realistic_v6-v2/200720_162909/0000/myMicroAODOutputFile_18.root?tried=stor72.datagrid.cea.fr, mode: 0660, flags: kXR_open_read kXR_async kXR_retstat ). Trying to recover.
Begin processing the 11001st record. Run 1, Event 462206, LumiSection 4623 on stream 0 at 20-Dec-2022 11:57:37.672 CET
[2022-12-20 11:59:26.525380 +0100][Error  ][AsyncSock         ] [xrootd.ba.infn.it:1094 #0.0] Socket error while handshaking: [ERROR] Socket timeout
[2022-12-20 11:59:26.525583 +0100][Error  ][PostMaster        ] [xrootd.ba.infn.it:1094 #0] elapsed = 45, pConnectionWindow = 31 seconds.
Begin processing the 12001st record. Run 1, Event 478304, LumiSection 4784 on stream 0 at 20-Dec-2022 11:59:54.343 CET
[2022-12-20 12:00:11.797383 +0100][Error  ][AsyncSock         ] [xrootd.ba.infn.it:1094 #0.0] Socket error while handshaking: [ERROR] Socket timeout
[2022-12-20 12:00:11.797547 +0100][Error  ][PostMaster        ] [xrootd.ba.infn.it:1094 #0] elapsed = 45, pConnectionWindow = 31 seconds.
[2022-12-20 12:00:11.797558 +0100][Error  ][PostMaster        ] [xrootd.ba.infn.it:1094 #0] Unable to recover: [ERROR] Socket timeout.
[2022-12-20 12:00:11.797568 +0100][Error  ][XRootD            ] [xrootd.ba.infn.it:1094] Impossible to send message kXR_open (file: /store/user/alesauva/flashgg/UL2017_4/10_6_4/ZHiggs0PMToGG_M125_TuneCP5_13TeV-JHUGenV7011-pythia8/UL2017_4-10_6_4-v0-RunIISummer19UL17MiniAOD-106X_mc2017_realistic_v6-v2/200720_162909/0000/myMicroAODOutputFile_18.root?tried=stor72.datagrid.cea.fr, mode: 0660, flags: kXR_open_read kXR_async kXR_retstat ). Trying to recover.
Begin processing the 13001st record. Run 1, Event 207103, LumiSection 2072 on stream 0 at 20-Dec-2022 12:02:00.507 CET
[2022-12-20 12:04:03.489379 +0100][Error  ][AsyncSock         ] [xrootd.ba.infn.it:1094 #0.0] Socket error while handshaking: [ERROR] Socket timeout
[2022-12-20 12:04:03.489532 +0100][Error  ][PostMaster        ] [xrootd.ba.infn.it:1094 #0] elapsed = 45, pConnectionWindow = 31 seconds.
Begin processing the 14001st record. Run 1, Event 208102, LumiSection 2082 on stream 0 at 20-Dec-2022 12:04:16.460 CET
[2022-12-20 12:04:48.763398 +0100][Error  ][AsyncSock         ] [xrootd.ba.infn.it:1094 #0.0] Socket error while handshaking: [ERROR] Socket timeout
[2022-12-20 12:04:48.763603 +0100][Error  ][PostMaster        ] [xrootd.ba.infn.it:1094 #0] elapsed = 45, pConnectionWindow = 31 seconds.
[2022-12-20 12:04:48.763623 +0100][Error  ][PostMaster        ] [xrootd.ba.infn.it:1094 #0] Unable to recover: [ERROR] Socket timeout.
[2022-12-20 12:04:48.763633 +0100][Error  ][XRootD            ] [xrootd.ba.infn.it:1094] Impossible to send message kXR_open (file: /store/user/alesauva/flashgg/UL2017_4/10_6_4/ZHiggs0PMToGG_M125_TuneCP5_13TeV-JHUGenV7011-pythia8/UL2017_4-10_6_4-v0-RunIISummer19UL17MiniAOD-106X_mc2017_realistic_v6-v2/200720_162909/0000/myMicroAODOutputFile_18.root?tried=stor72.datagrid.cea.fr, mode: 0660, flags: kXR_open_read kXR_async kXR_retstat ). Trying to recover.
Begin processing the 15001st record. Run 1, Event 209101, LumiSection 2092 on stream 0 at 20-Dec-2022 12:06:21.417 CET
[2022-12-20 12:08:38.567280 +0100][Error  ][AsyncSock         ] [xrootd.ba.infn.it:1094 #0.0] Socket error while handshaking: [ERROR] Socket timeout
[2022-12-20 12:08:38.567440 +0100][Error  ][PostMaster        ] [xrootd.ba.infn.it:1094 #0] elapsed = 45, pConnectionWindow = 31 seconds.
Begin processing the 16001st record. Run 1, Event 329505, LumiSection 3296 on stream 0 at 20-Dec-2022 12:08:42.477 CET
[2022-12-20 12:09:23.820466 +0100][Error  ][AsyncSock         ] [xrootd.ba.infn.it:1094 #0.0] Socket error while handshaking: [ERROR] Socket timeout
[2022-12-20 12:09:23.820657 +0100][Error  ][PostMaster        ] [xrootd.ba.infn.it:1094 #0] elapsed = 45, pConnectionWindow = 31 seconds.
[2022-12-20 12:09:23.820677 +0100][Error  ][PostMaster        ] [xrootd.ba.infn.it:1094 #0] Unable to recover: [ERROR] Socket timeout.
[2022-12-20 12:09:23.820687 +0100][Error  ][XRootD            ] [xrootd.ba.infn.it:1094] Impossible to send message kXR_open (file: /store/user/alesauva/flashgg/UL2017_4/10_6_4/ZHiggs0PMToGG_M125_TuneCP5_13TeV-JHUGenV7011-pythia8/UL2017_4-10_6_4-v0-RunIISummer19UL17MiniAOD-106X_mc2017_realistic_v6-v2/200720_162909/0000/myMicroAODOutputFile_18.root?tried=stor72.datagrid.cea.fr, mode: 0660, flags: kXR_open_read kXR_async kXR_retstat ). Trying to recover.
Begin processing the 17001st record. Run 1, Event 331207, LumiSection 3313 on stream 0 at 20-Dec-2022 12:10:48.035 CET
Begin processing the 18001st record. Run 1, Event 430608, LumiSection 4307 on stream 0 at 20-Dec-2022 12:12:54.042 CET
[2022-12-20 12:13:08.462523 +0100][Error  ][AsyncSock         ] [xrootd.ba.infn.it:1094 #0.0] Socket error while handshaking: [ERROR] Socket timeout
[2022-12-20 12:13:08.462699 +0100][Error  ][PostMaster        ] [xrootd.ba.infn.it:1094 #0] elapsed = 45, pConnectionWindow = 31 seconds.
[2022-12-20 12:13:53.695810 +0100][Error  ][AsyncSock         ] [xrootd.ba.infn.it:1094 #0.0] Socket error while handshaking: [ERROR] Socket timeout
[2022-12-20 12:13:53.695970 +0100][Error  ][PostMaster        ] [xrootd.ba.infn.it:1094 #0] elapsed = 45, pConnectionWindow = 31 seconds.
[2022-12-20 12:13:53.695979 +0100][Error  ][PostMaster        ] [xrootd.ba.infn.it:1094 #0] Unable to recover: [ERROR] Socket timeout.
[2022-12-20 12:13:53.695990 +0100][Error  ][XRootD            ] [xrootd.ba.infn.it:1094] Impossible to send message kXR_open (file: /store/user/alesauva/flashgg/UL2017_4/10_6_4/ZHiggs0PMToGG_M125_TuneCP5_13TeV-JHUGenV7011-pythia8/UL2017_4-10_6_4-v0-RunIISummer19UL17MiniAOD-106X_mc2017_realistic_v6-v2/200720_162909/0000/myMicroAODOutputFile_18.root?tried=stor72.datagrid.cea.fr, mode: 0660, flags: kXR_open_read kXR_async kXR_retstat ). Trying to recover.
Begin processing the 19001st record. Run 1, Event 432410, LumiSection 4325 on stream 0 at 20-Dec-2022 12:14:49.583 CET
Begin processing the 20001st record. Run 1, Event 689504, LumiSection 6896 on stream 0 at 20-Dec-2022 12:16:46.983 CET
Begin processing the 21001st record. Run 1, Event 526604, LumiSection 5267 on stream 0 at 20-Dec-2022 12:18:50.444 CET
Begin processing the 22001st record. Run 1, Event 527602, LumiSection 5277 on stream 0 at 20-Dec-2022 12:20:41.288 CET
[2022-12-20 12:21:18.817415 +0100][Error  ][AsyncSock         ] [xrootd.ba.infn.it:1094 #0.0] Socket error while handshaking: [ERROR] Socket timeout
[2022-12-20 12:21:18.817590 +0100][Error  ][PostMaster        ] [xrootd.ba.infn.it:1094 #0] elapsed = 45, pConnectionWindow = 31 seconds.
[2022-12-20 12:22:03.169844 +0100][Error  ][AsyncSock         ] [xrootd.ba.infn.it:1094 #0.0] Socket error while handshaking: [ERROR] Socket timeout
[2022-12-20 12:22:03.169983 +0100][Error  ][PostMaster        ] [xrootd.ba.infn.it:1094 #0] elapsed = 45, pConnectionWindow = 31 seconds.
[2022-12-20 12:22:03.169992 +0100][Error  ][PostMaster        ] [xrootd.ba.infn.it:1094 #0] Unable to recover: [ERROR] Socket timeout.
[2022-12-20 12:22:03.170022 +0100][Error  ][XRootD            ] [xrootd.ba.infn.it:1094] Impossible to send message kXR_open (file: /store/user/alesauva/flashgg/UL2017_4/10_6_4/ZHiggs0PMToGG_M125_TuneCP5_13TeV-JHUGenV7011-pythia8/UL2017_4-10_6_4-v0-RunIISummer19UL17MiniAOD-106X_mc2017_realistic_v6-v2/200720_162909/0000/myMicroAODOutputFile_18.root?tried=stor72.datagrid.cea.fr, mode: 0660, flags: kXR_open_read kXR_async kXR_retstat ). Trying to recover.
Begin processing the 23001st record. Run 1, Event 528603, LumiSection 5287 on stream 0 at 20-Dec-2022 12:22:40.762 CET
Begin processing the 24001st record. Run 1, Event 542305, LumiSection 5424 on stream 0 at 20-Dec-2022 12:24:44.654 CET
20-Dec-2022 12:26:56 CET  Closed file root://cms-xrd-global.cern.ch//store/user/alesauva/flashgg/UL2017_4/10_6_4/ZHiggs0PMToGG_M125_TuneCP5_13TeV-JHUGenV7011-pythia8/UL2017_4-10_6_4-v0-RunIISummer19UL17MiniAOD-106X_mc2017_realistic_v6-v2/200720_162909/0000/myMicroAODOutputFile_18.root

TrigReport ---------- Event  Summary ------------
TrigReport Events total = 25000 passed = 24883 failed = 117

TrigReport ---------- Path   Summary ------------
TrigReport  Trig Bit#   Executed     Passed     Failed      Error Name
TrigReport     1    0      25000      24883        117          0 p

TrigReport -------End-Path   Summary ------------
TrigReport  Trig Bit#   Executed     Passed     Failed      Error Name

TrigReport ---------- Modules in Path: p ------------
TrigReport  Trig Bit#    Visited     Passed     Failed      Error Name
TrigReport     1    0      25000      24883        117          0 flashggMetFilters
TrigReport     1    1      24883      24883          0          0 VHFilter
TrigReport     1    2      24883      24883          0          0 flashggDifferentialPhoIdInputsCorrection
TrigReport     1    3      24883      24883          0          0 flashggDiPhotonSystematics
TrigReport     1    4      24883      24883          0          0 flashggMetSystematics
TrigReport     1    5      24883      24883          0          0 flashggMuonSystematics
TrigReport     1    6      24883      24883          0          0 flashggElectronSystematics
TrigReport     1    7      24883      24883          0          0 flashggUnpackedJets
TrigReport     1    8      24883      24883          0          0 flashggJetSystematics0
TrigReport     1    9      24883      24883          0          0 flashggJetSystematics1
TrigReport     1   10      24883      24883          0          0 flashggJetSystematics2
TrigReport     1   11      24883      24883          0          0 flashggJetSystematics3
TrigReport     1   12      24883      24883          0          0 flashggJetSystematics4
TrigReport     1   13      24883      24883          0          0 flashggJetSystematics5
TrigReport     1   14      24883      24883          0          0 flashggJetSystematics6
TrigReport     1   15      24883      24883          0          0 flashggJetSystematics7
TrigReport     1   16      24883      24883          0          0 flashggJetSystematics8
TrigReport     1   17      24883      24883          0          0 flashggJetSystematics9
TrigReport     1   18      24883      24883          0          0 flashggJetSystematics10
TrigReport     1   19      24883      24883          0          0 flashggJetSystematics11
TrigReport     1   20      24883      24883          0          0 flashggPrefireDiPhotons
TrigReport     1   21      24883      24883          0          0 flashggPreselectedDiPhotons
TrigReport     1   22      24883      24883          0          0 flashggDiPhotonMVA
TrigReport     1   23      24883      24883          0          0 flashggVBFMVA
TrigReport     1   24      24883      24883          0          0 flashggVHhadMVA
TrigReport     1   25      24883      24883          0          0 flashggGluGluHMVA
TrigReport     1   26      24883      24883          0          0 flashggStageOneCombinedTag
TrigReport     1   27      24883      24883          0          0 flashggTHQLeptonicTag
TrigReport     1   28      24883      24883          0          0 flashggVHMetTag
TrigReport     1   29      24883      24883          0          0 flashggWHLeptonicTag
TrigReport     1   30      24883      24883          0          0 flashggZHLeptonicTag
TrigReport     1   31      24883      24883          0          0 flashggTTHLeptonicTag
TrigReport     1   32      24883      24883          0          0 flashggTTHHadronicTag
TrigReport     1   33      24883      24883          0          0 flashggTagSorter
TrigReport     1   34      24883      24883          0          0 flashggSystTagMerger
TrigReport     1   35      24883      24883          0          0 tagsDumper

TrigReport ---------- Module Summary ------------
TrigReport    Visited   Executed     Passed     Failed      Error Name
TrigReport      25000      25000      25000          0          0 TriggerResults
TrigReport      24883      24883      24883          0          0 VHFilter
TrigReport      24883      24883      24883          0          0 ak4PFCHSL1FastL2L3Corrector
TrigReport      24883      24883      24883          0          0 ak4PFCHSL1FastjetCorrector
TrigReport      24883      24883      24883          0          0 ak4PFCHSL2RelativeCorrector
TrigReport      24883      24883      24883          0          0 ak4PFCHSL3AbsoluteCorrector
TrigReport      24883      24883      24883          0          0 flashggDiPhotonMVA
TrigReport      24883      24883      24883          0          0 flashggDiPhotonSystematics
TrigReport      24883      24883      24883          0          0 flashggDifferentialPhoIdInputsCorrection
TrigReport      24883      24883      24883          0          0 flashggElectronSystematics
TrigReport      24883      24883      24883          0          0 flashggGluGluHMVA
TrigReport      24883      24883      24883          0          0 flashggJetSystematics0
TrigReport      24883      24883      24883          0          0 flashggJetSystematics1
TrigReport      24883      24883      24883          0          0 flashggJetSystematics10
TrigReport      24883      24883      24883          0          0 flashggJetSystematics11
TrigReport      24883      24883      24883          0          0 flashggJetSystematics2
TrigReport      24883      24883      24883          0          0 flashggJetSystematics3
TrigReport      24883      24883      24883          0          0 flashggJetSystematics4
TrigReport      24883      24883      24883          0          0 flashggJetSystematics5
TrigReport      24883      24883      24883          0          0 flashggJetSystematics6
TrigReport      24883      24883      24883          0          0 flashggJetSystematics7
TrigReport      24883      24883      24883          0          0 flashggJetSystematics8
TrigReport      24883      24883      24883          0          0 flashggJetSystematics9
TrigReport      25000      25000      24883        117          0 flashggMetFilters
TrigReport      24883      24883      24883          0          0 flashggMetSystematics
TrigReport      24883      24883      24883          0          0 flashggMuonSystematics
TrigReport      24883      24883      24883          0          0 flashggPrefireDiPhotons
TrigReport      24883      24883      24883          0          0 flashggPreselectedDiPhotons
TrigReport      24883      24883      24883          0          0 flashggStageOneCombinedTag
TrigReport      24883      24883      24883          0          0 flashggSystTagMerger
TrigReport      24883      24883      24883          0          0 flashggTHQLeptonicTag
TrigReport      24883      24883      24883          0          0 flashggTTHHadronicTag
TrigReport      24883      24883      24883          0          0 flashggTTHLeptonicTag
TrigReport      24883      24883      24883          0          0 flashggTagSorter
TrigReport      24883      24883      24883          0          0 flashggUnpackedJets
TrigReport      24883      24883      24883          0          0 flashggVBFMVA
TrigReport      24883      24883      24883          0          0 flashggVHMetTag
TrigReport      24883      24883      24883          0          0 flashggVHhadMVA
TrigReport      24883      24883      24883          0          0 flashggWHLeptonicTag
TrigReport      24883      24883      24883          0          0 flashggZHLeptonicTag
TrigReport      25000      25000      25000          0          0 p
TrigReport      24883      24883      24883          0          0 tagsDumper

TimeReport ---------- Event  Summary ---[sec]----
TimeReport       event loop CPU/event = 0.135207
TimeReport      event loop Real/event = 0.137529
TimeReport     sum Streams Real/event = 0.133328
TimeReport efficiency CPU/Real/thread = 0.983117

TimeReport ---------- Path   Summary ---[Real sec]----
TimeReport  per event     per exec  Name
TimeReport   0.132780     0.132780  p
TimeReport  per event     per exec  Name

TimeReport -------End-Path   Summary ---[Real sec]----
TimeReport  per event     per exec  Name
TimeReport  per event     per exec  Name

TimeReport ---------- Modules in Path: p ---[Real sec]----
TimeReport  per event    per visit  Name
TimeReport   0.000018     0.000018  flashggMetFilters
TimeReport   0.000006     0.000007  VHFilter
TimeReport   0.074039     0.074388  flashggDifferentialPhoIdInputsCorrection
TimeReport   0.041736     0.041932  flashggDiPhotonSystematics
TimeReport   0.000198     0.000199  flashggMetSystematics
TimeReport   0.000024     0.000024  flashggMuonSystematics
TimeReport   0.000039     0.000039  flashggElectronSystematics
TimeReport   0.000245     0.000246  flashggUnpackedJets
TimeReport   0.004223     0.004243  flashggJetSystematics0
TimeReport   0.000629     0.000632  flashggJetSystematics1
TimeReport   0.000557     0.000559  flashggJetSystematics2
TimeReport   0.000535     0.000537  flashggJetSystematics3
TimeReport   0.000523     0.000525  flashggJetSystematics4
TimeReport   0.000517     0.000519  flashggJetSystematics5
TimeReport   0.000517     0.000520  flashggJetSystematics6
TimeReport   0.000515     0.000517  flashggJetSystematics7
TimeReport   0.000511     0.000514  flashggJetSystematics8
TimeReport   0.000508     0.000511  flashggJetSystematics9
TimeReport   0.000505     0.000507  flashggJetSystematics10
TimeReport   0.000503     0.000505  flashggJetSystematics11
TimeReport   0.000299     0.000300  flashggPrefireDiPhotons
TimeReport   0.000117     0.000118  flashggPreselectedDiPhotons
TimeReport   0.000034     0.000034  flashggDiPhotonMVA
TimeReport   0.000029     0.000029  flashggVBFMVA
TimeReport   0.000017     0.000017  flashggVHhadMVA
TimeReport   0.000050     0.000051  flashggGluGluHMVA
TimeReport   0.000031     0.000031  flashggStageOneCombinedTag
TimeReport   0.001024     0.001029  flashggTHQLeptonicTag
TimeReport   0.000333     0.000335  flashggVHMetTag
TimeReport   0.000026     0.000026  flashggWHLeptonicTag
TimeReport   0.000020     0.000020  flashggZHLeptonicTag
TimeReport   0.000066     0.000067  flashggTTHLeptonicTag
TimeReport   0.001274     0.001280  flashggTTHHadronicTag
TimeReport   0.000096     0.000096  flashggTagSorter
TimeReport   0.000004     0.000004  flashggSystTagMerger
TimeReport   0.000397     0.000399  tagsDumper
TimeReport  per event    per visit  Name

TimeReport ---------- Module Summary ---[Real sec]----
TimeReport  per event     per exec    per visit  Name
TimeReport   0.000003     0.000003     0.000003  TriggerResults
TimeReport   0.000006     0.000007     0.000007  VHFilter
TimeReport   0.000004     0.000004     0.000004  ak4PFCHSL1FastL2L3Corrector
TimeReport   0.000004     0.000004     0.000004  ak4PFCHSL1FastjetCorrector
TimeReport   0.000002     0.000002     0.000002  ak4PFCHSL2RelativeCorrector
TimeReport   0.000016     0.000017     0.000017  ak4PFCHSL3AbsoluteCorrector
TimeReport   0.000034     0.000034     0.000034  flashggDiPhotonMVA
TimeReport   0.041736     0.041932     0.041932  flashggDiPhotonSystematics
TimeReport   0.074039     0.074388     0.074388  flashggDifferentialPhoIdInputsCorrection
TimeReport   0.000039     0.000039     0.000039  flashggElectronSystematics
TimeReport   0.000050     0.000051     0.000051  flashggGluGluHMVA
TimeReport   0.004223     0.004243     0.004243  flashggJetSystematics0
TimeReport   0.000629     0.000632     0.000632  flashggJetSystematics1
TimeReport   0.000505     0.000507     0.000507  flashggJetSystematics10
TimeReport   0.000503     0.000505     0.000505  flashggJetSystematics11
TimeReport   0.000557     0.000559     0.000559  flashggJetSystematics2
TimeReport   0.000535     0.000537     0.000537  flashggJetSystematics3
TimeReport   0.000523     0.000525     0.000525  flashggJetSystematics4
TimeReport   0.000517     0.000519     0.000519  flashggJetSystematics5
TimeReport   0.000517     0.000520     0.000520  flashggJetSystematics6
TimeReport   0.000515     0.000517     0.000517  flashggJetSystematics7
TimeReport   0.000511     0.000514     0.000514  flashggJetSystematics8
TimeReport   0.000508     0.000511     0.000511  flashggJetSystematics9
TimeReport   0.000018     0.000018     0.000018  flashggMetFilters
TimeReport   0.000198     0.000199     0.000199  flashggMetSystematics
TimeReport   0.000024     0.000024     0.000024  flashggMuonSystematics
TimeReport   0.000299     0.000300     0.000300  flashggPrefireDiPhotons
TimeReport   0.000117     0.000118     0.000118  flashggPreselectedDiPhotons
TimeReport   0.000031     0.000031     0.000031  flashggStageOneCombinedTag
TimeReport   0.000004     0.000004     0.000004  flashggSystTagMerger
TimeReport   0.001024     0.001029     0.001029  flashggTHQLeptonicTag
TimeReport   0.001274     0.001280     0.001280  flashggTTHHadronicTag
TimeReport   0.000066     0.000067     0.000067  flashggTTHLeptonicTag
TimeReport   0.000096     0.000096     0.000096  flashggTagSorter
TimeReport   0.000245     0.000246     0.000246  flashggUnpackedJets
TimeReport   0.000029     0.000029     0.000029  flashggVBFMVA
TimeReport   0.000333     0.000335     0.000335  flashggVHMetTag
TimeReport   0.000017     0.000017     0.000017  flashggVHhadMVA
TimeReport   0.000026     0.000026     0.000026  flashggWHLeptonicTag
TimeReport   0.000020     0.000020     0.000020  flashggZHLeptonicTag
TimeReport   0.000003     0.000003     0.000003  p
TimeReport   0.000397     0.000399     0.000399  tagsDumper
TimeReport  per event     per exec    per visit  Name

T---Report end!


=============================================

MessageLogger Summary

 type     category        sev    module        subroutine        count    total
 ---- -------------------- -- ---------------- ----------------  -----    -----
    1 XrdAdaptor           -w file_open                              1        1
    2 fileAction           -s file_close                             1        1
    3 fileAction           -s file_open                              2        2

 type    category    Examples: run/evt        run/evt          run/evt
 ---- -------------------- ---------------- ---------------- ----------------
    1 XrdAdaptor           pre-events                        
    2 fileAction           PostGlobalEndRun                  
    3 fileAction           pre-events       pre-events       

Severity    # Occurrences   Total Occurrences
--------    -------------   -----------------
Warning                 1                   1
System                  3                   3

dropped waiting message count 0
