mkdir: cannot create directory '/afs/cern.ch/user/x/xisu/private/local/Analysis_workspace/VH_AC_tmp1/flashgg_d2/CMSSW_10_6_29/src/flashgg/VHAC_Analysis_Met/UL_17/UL_17_zh125': File exists
/cvmfs/cms.cern.ch/slc7_amd64_gcc700/external/py2-requests/2.21.0-pafccj2/lib/python2.7/site-packages/requests/__init__.py:91: RequestsDependencyWarning: urllib3 (1.25.2) or chardet (3.0.4) doesn't match a supported version!
  RequestsDependencyWarning)
20-Dec-2022 11:10:59 CET  Initiating request to open file root://cms-xrd-global.cern.ch//store/user/alesauva/flashgg/UL2017_4/10_6_4/ZHiggs0PMToGG_M125_TuneCP5_13TeV-JHUGenV7011-pythia8/UL2017_4-10_6_4-v0-RunIISummer19UL17MiniAOD-106X_mc2017_realistic_v6-v2/200720_162909/0000/myMicroAODOutputFile_9.root
%MSG-w XrdAdaptor:  file_open 20-Dec-2022 11:11:02 CET pre-events
Data is served from GRIF-IRFU instead of original site CERN-CMSGLOBAL-02
%MSG
20-Dec-2022 11:11:03 CET  Successfully opened file root://cms-xrd-global.cern.ch//store/user/alesauva/flashgg/UL2017_4/10_6_4/ZHiggs0PMToGG_M125_TuneCP5_13TeV-JHUGenV7011-pythia8/UL2017_4-10_6_4-v0-RunIISummer19UL17MiniAOD-106X_mc2017_realistic_v6-v2/200720_162909/0000/myMicroAODOutputFile_9.root
2022-12-20 11:27:25.878115: I tensorflow/core/platform/cpu_feature_guard.cc:140] Your CPU supports instructions that this TensorFlow binary was not compiled to use: SSE4.1 SSE4.2 AVX AVX2 FMA
Begin processing the 1st record. Run 1, Event 363802, LumiSection 3639 on stream 0 at 20-Dec-2022 11:28:26.235 CET
[2022-12-20 11:29:08.458463 +0100][Error  ][AsyncSock         ] [xrootd.ba.infn.it:1094 #0.0] Socket error while handshaking: [ERROR] Socket timeout
[2022-12-20 11:29:08.458690 +0100][Error  ][PostMaster        ] [xrootd.ba.infn.it:1094 #0] elapsed = 45, pConnectionWindow = 31 seconds.
[2022-12-20 11:29:53.714415 +0100][Error  ][AsyncSock         ] [xrootd.ba.infn.it:1094 #0.0] Socket error while handshaking: [ERROR] Socket timeout
[2022-12-20 11:29:53.714586 +0100][Error  ][PostMaster        ] [xrootd.ba.infn.it:1094 #0] elapsed = 45, pConnectionWindow = 31 seconds.
[2022-12-20 11:29:53.714673 +0100][Error  ][PostMaster        ] [xrootd.ba.infn.it:1094 #0] Unable to recover: [ERROR] Socket timeout.
[2022-12-20 11:29:53.714693 +0100][Error  ][XRootD            ] [xrootd.ba.infn.it:1094] Impossible to send message kXR_open (file: /store/user/alesauva/flashgg/UL2017_4/10_6_4/ZHiggs0PMToGG_M125_TuneCP5_13TeV-JHUGenV7011-pythia8/UL2017_4-10_6_4-v0-RunIISummer19UL17MiniAOD-106X_mc2017_realistic_v6-v2/200720_162909/0000/myMicroAODOutputFile_9.root?tried=stor76.datagrid.cea.fr, mode: 0660, flags: kXR_open_read kXR_async kXR_retstat ). Trying to recover.
Begin processing the 1001st record. Run 1, Event 74003, LumiSection 741 on stream 0 at 20-Dec-2022 11:33:21.650 CET
[2022-12-20 11:34:16.095372 +0100][Error  ][AsyncSock         ] [xrootd.ba.infn.it:1094 #0.0] Socket error while handshaking: [ERROR] Socket timeout
[2022-12-20 11:34:16.095543 +0100][Error  ][PostMaster        ] [xrootd.ba.infn.it:1094 #0] elapsed = 45, pConnectionWindow = 31 seconds.
[2022-12-20 11:35:01.354078 +0100][Error  ][AsyncSock         ] [xrootd.ba.infn.it:1094 #0.0] Socket error while handshaking: [ERROR] Socket timeout
[2022-12-20 11:35:01.354229 +0100][Error  ][PostMaster        ] [xrootd.ba.infn.it:1094 #0] elapsed = 45, pConnectionWindow = 31 seconds.
[2022-12-20 11:35:01.354244 +0100][Error  ][PostMaster        ] [xrootd.ba.infn.it:1094 #0] Unable to recover: [ERROR] Socket timeout.
[2022-12-20 11:35:01.354258 +0100][Error  ][XRootD            ] [xrootd.ba.infn.it:1094] Impossible to send message kXR_open (file: /store/user/alesauva/flashgg/UL2017_4/10_6_4/ZHiggs0PMToGG_M125_TuneCP5_13TeV-JHUGenV7011-pythia8/UL2017_4-10_6_4-v0-RunIISummer19UL17MiniAOD-106X_mc2017_realistic_v6-v2/200720_162909/0000/myMicroAODOutputFile_9.root?tried=stor76.datagrid.cea.fr, mode: 0660, flags: kXR_open_read kXR_async kXR_retstat ). Trying to recover.
Begin processing the 2001st record. Run 1, Event 387103, LumiSection 3872 on stream 0 at 20-Dec-2022 11:35:50.424 CET
Begin processing the 3001st record. Run 1, Event 76901, LumiSection 770 on stream 0 at 20-Dec-2022 11:38:08.779 CET
[2022-12-20 11:39:24.141390 +0100][Error  ][AsyncSock         ] [xrootd.ba.infn.it:1094 #0.0] Socket error while handshaking: [ERROR] Socket timeout
[2022-12-20 11:39:24.141553 +0100][Error  ][PostMaster        ] [xrootd.ba.infn.it:1094 #0] elapsed = 45, pConnectionWindow = 31 seconds.
[2022-12-20 11:40:09.416433 +0100][Error  ][AsyncSock         ] [xrootd.ba.infn.it:1094 #0.0] Socket error while handshaking: [ERROR] Socket timeout
[2022-12-20 11:40:09.416602 +0100][Error  ][PostMaster        ] [xrootd.ba.infn.it:1094 #0] elapsed = 45, pConnectionWindow = 31 seconds.
[2022-12-20 11:40:09.416617 +0100][Error  ][PostMaster        ] [xrootd.ba.infn.it:1094 #0] Unable to recover: [ERROR] Socket timeout.
[2022-12-20 11:40:09.416629 +0100][Error  ][XRootD            ] [xrootd.ba.infn.it:1094] Impossible to send message kXR_open (file: /store/user/alesauva/flashgg/UL2017_4/10_6_4/ZHiggs0PMToGG_M125_TuneCP5_13TeV-JHUGenV7011-pythia8/UL2017_4-10_6_4-v0-RunIISummer19UL17MiniAOD-106X_mc2017_realistic_v6-v2/200720_162909/0000/myMicroAODOutputFile_9.root?tried=stor76.datagrid.cea.fr, mode: 0660, flags: kXR_open_read kXR_async kXR_retstat ). Trying to recover.
Begin processing the 4001st record. Run 1, Event 78114, LumiSection 782 on stream 0 at 20-Dec-2022 11:40:28.775 CET
Begin processing the 5001st record. Run 1, Event 341502, LumiSection 3416 on stream 0 at 20-Dec-2022 11:42:50.480 CET
[2022-12-20 11:44:29.945397 +0100][Error  ][AsyncSock         ] [xrootd.ba.infn.it:1094 #0.0] Socket error while handshaking: [ERROR] Socket timeout
[2022-12-20 11:44:29.945562 +0100][Error  ][PostMaster        ] [xrootd.ba.infn.it:1094 #0] elapsed = 45, pConnectionWindow = 31 seconds.
Begin processing the 6001st record. Run 1, Event 342503, LumiSection 3426 on stream 0 at 20-Dec-2022 11:45:11.230 CET
[2022-12-20 11:45:14.211412 +0100][Error  ][AsyncSock         ] [xrootd.ba.infn.it:1094 #0.0] Socket error while handshaking: [ERROR] Socket timeout
[2022-12-20 11:45:14.211577 +0100][Error  ][PostMaster        ] [xrootd.ba.infn.it:1094 #0] elapsed = 45, pConnectionWindow = 31 seconds.
[2022-12-20 11:45:14.211604 +0100][Error  ][PostMaster        ] [xrootd.ba.infn.it:1094 #0] Unable to recover: [ERROR] Socket timeout.
[2022-12-20 11:45:14.211614 +0100][Error  ][XRootD            ] [xrootd.ba.infn.it:1094] Impossible to send message kXR_open (file: /store/user/alesauva/flashgg/UL2017_4/10_6_4/ZHiggs0PMToGG_M125_TuneCP5_13TeV-JHUGenV7011-pythia8/UL2017_4-10_6_4-v0-RunIISummer19UL17MiniAOD-106X_mc2017_realistic_v6-v2/200720_162909/0000/myMicroAODOutputFile_9.root?tried=stor76.datagrid.cea.fr, mode: 0660, flags: kXR_open_read kXR_async kXR_retstat ). Trying to recover.
Begin processing the 7001st record. Run 1, Event 343507, LumiSection 3436 on stream 0 at 20-Dec-2022 11:47:33.794 CET
[2022-12-20 11:49:36.606420 +0100][Error  ][AsyncSock         ] [xrootd.ba.infn.it:1094 #0.0] Socket error while handshaking: [ERROR] Socket timeout
[2022-12-20 11:49:36.606594 +0100][Error  ][PostMaster        ] [xrootd.ba.infn.it:1094 #0] elapsed = 45, pConnectionWindow = 31 seconds.
Begin processing the 8001st record. Run 1, Event 608402, LumiSection 6085 on stream 0 at 20-Dec-2022 11:49:56.417 CET
[2022-12-20 11:50:21.895593 +0100][Error  ][AsyncSock         ] [xrootd.ba.infn.it:1094 #0.0] Socket error while handshaking: [ERROR] Socket timeout
[2022-12-20 11:50:21.895781 +0100][Error  ][PostMaster        ] [xrootd.ba.infn.it:1094 #0] elapsed = 45, pConnectionWindow = 31 seconds.
[2022-12-20 11:50:21.895792 +0100][Error  ][PostMaster        ] [xrootd.ba.infn.it:1094 #0] Unable to recover: [ERROR] Socket timeout.
[2022-12-20 11:50:21.895801 +0100][Error  ][XRootD            ] [xrootd.ba.infn.it:1094] Impossible to send message kXR_open (file: /store/user/alesauva/flashgg/UL2017_4/10_6_4/ZHiggs0PMToGG_M125_TuneCP5_13TeV-JHUGenV7011-pythia8/UL2017_4-10_6_4-v0-RunIISummer19UL17MiniAOD-106X_mc2017_realistic_v6-v2/200720_162909/0000/myMicroAODOutputFile_9.root?tried=stor76.datagrid.cea.fr, mode: 0660, flags: kXR_open_read kXR_async kXR_retstat ). Trying to recover.
Begin processing the 9001st record. Run 1, Event 713505, LumiSection 7136 on stream 0 at 20-Dec-2022 11:52:27.517 CET
[2022-12-20 11:54:47.103402 +0100][Error  ][AsyncSock         ] [xrootd.ba.infn.it:1094 #0.0] Socket error while handshaking: [ERROR] Socket timeout
[2022-12-20 11:54:47.103560 +0100][Error  ][PostMaster        ] [xrootd.ba.infn.it:1094 #0] elapsed = 45, pConnectionWindow = 31 seconds.
Begin processing the 10001st record. Run 1, Event 590702, LumiSection 5908 on stream 0 at 20-Dec-2022 11:54:50.469 CET
[2022-12-20 11:55:32.377389 +0100][Error  ][AsyncSock         ] [xrootd.ba.infn.it:1094 #0.0] Socket error while handshaking: [ERROR] Socket timeout
[2022-12-20 11:55:32.377545 +0100][Error  ][PostMaster        ] [xrootd.ba.infn.it:1094 #0] elapsed = 45, pConnectionWindow = 31 seconds.
[2022-12-20 11:55:32.377556 +0100][Error  ][PostMaster        ] [xrootd.ba.infn.it:1094 #0] Unable to recover: [ERROR] Socket timeout.
[2022-12-20 11:55:32.377565 +0100][Error  ][XRootD            ] [xrootd.ba.infn.it:1094] Impossible to send message kXR_open (file: /store/user/alesauva/flashgg/UL2017_4/10_6_4/ZHiggs0PMToGG_M125_TuneCP5_13TeV-JHUGenV7011-pythia8/UL2017_4-10_6_4-v0-RunIISummer19UL17MiniAOD-106X_mc2017_realistic_v6-v2/200720_162909/0000/myMicroAODOutputFile_9.root?tried=stor76.datagrid.cea.fr, mode: 0660, flags: kXR_open_read kXR_async kXR_retstat ). Trying to recover.
Begin processing the 11001st record. Run 1, Event 745208, LumiSection 7453 on stream 0 at 20-Dec-2022 11:57:07.381 CET
Begin processing the 12001st record. Run 1, Event 746601, LumiSection 7467 on stream 0 at 20-Dec-2022 11:59:16.154 CET
[2022-12-20 11:59:40.743436 +0100][Error  ][AsyncSock         ] [xrootd.ba.infn.it:1094 #0.0] Socket error while handshaking: [ERROR] Socket timeout
[2022-12-20 11:59:40.743640 +0100][Error  ][PostMaster        ] [xrootd.ba.infn.it:1094 #0] elapsed = 45, pConnectionWindow = 31 seconds.
[2022-12-20 12:00:25.134408 +0100][Error  ][AsyncSock         ] [xrootd.ba.infn.it:1094 #0.0] Socket error while handshaking: [ERROR] Socket timeout
[2022-12-20 12:00:25.134564 +0100][Error  ][PostMaster        ] [xrootd.ba.infn.it:1094 #0] elapsed = 45, pConnectionWindow = 31 seconds.
[2022-12-20 12:00:25.134575 +0100][Error  ][PostMaster        ] [xrootd.ba.infn.it:1094 #0] Unable to recover: [ERROR] Socket timeout.
[2022-12-20 12:00:25.134586 +0100][Error  ][XRootD            ] [xrootd.ba.infn.it:1094] Impossible to send message kXR_open (file: /store/user/alesauva/flashgg/UL2017_4/10_6_4/ZHiggs0PMToGG_M125_TuneCP5_13TeV-JHUGenV7011-pythia8/UL2017_4-10_6_4-v0-RunIISummer19UL17MiniAOD-106X_mc2017_realistic_v6-v2/200720_162909/0000/myMicroAODOutputFile_9.root?tried=stor76.datagrid.cea.fr, mode: 0660, flags: kXR_open_read kXR_async kXR_retstat ). Trying to recover.
Begin processing the 13001st record. Run 1, Event 747602, LumiSection 7477 on stream 0 at 20-Dec-2022 12:01:30.831 CET
Begin processing the 14001st record. Run 1, Event 10003, LumiSection 101 on stream 0 at 20-Dec-2022 12:03:52.367 CET
[2022-12-20 12:04:35.198403 +0100][Error  ][AsyncSock         ] [xrootd.ba.infn.it:1094 #0.0] Socket error while handshaking: [ERROR] Socket timeout
[2022-12-20 12:04:35.198599 +0100][Error  ][PostMaster        ] [xrootd.ba.infn.it:1094 #0] elapsed = 45, pConnectionWindow = 31 seconds.
[2022-12-20 12:05:20.458393 +0100][Error  ][AsyncSock         ] [xrootd.ba.infn.it:1094 #0.0] Socket error while handshaking: [ERROR] Socket timeout
[2022-12-20 12:05:20.458556 +0100][Error  ][PostMaster        ] [xrootd.ba.infn.it:1094 #0] elapsed = 45, pConnectionWindow = 31 seconds.
[2022-12-20 12:05:20.458566 +0100][Error  ][PostMaster        ] [xrootd.ba.infn.it:1094 #0] Unable to recover: [ERROR] Socket timeout.
[2022-12-20 12:05:20.458575 +0100][Error  ][XRootD            ] [xrootd.ba.infn.it:1094] Impossible to send message kXR_open (file: /store/user/alesauva/flashgg/UL2017_4/10_6_4/ZHiggs0PMToGG_M125_TuneCP5_13TeV-JHUGenV7011-pythia8/UL2017_4-10_6_4-v0-RunIISummer19UL17MiniAOD-106X_mc2017_realistic_v6-v2/200720_162909/0000/myMicroAODOutputFile_9.root?tried=stor76.datagrid.cea.fr, mode: 0660, flags: kXR_open_read kXR_async kXR_retstat ). Trying to recover.
Begin processing the 15001st record. Run 1, Event 14205, LumiSection 143 on stream 0 at 20-Dec-2022 12:06:18.642 CET
Begin processing the 16001st record. Run 1, Event 15402, LumiSection 155 on stream 0 at 20-Dec-2022 12:08:36.776 CET
[2022-12-20 12:09:37.055556 +0100][Error  ][AsyncSock         ] [xrootd.ba.infn.it:1094 #0.0] Socket error while handshaking: [ERROR] Socket timeout
[2022-12-20 12:09:37.055703 +0100][Error  ][PostMaster        ] [xrootd.ba.infn.it:1094 #0] elapsed = 45, pConnectionWindow = 31 seconds.
[2022-12-20 12:10:22.325035 +0100][Error  ][AsyncSock         ] [xrootd.ba.infn.it:1094 #0.0] Socket error while handshaking: [ERROR] Socket timeout
[2022-12-20 12:10:22.325151 +0100][Error  ][PostMaster        ] [xrootd.ba.infn.it:1094 #0] elapsed = 45, pConnectionWindow = 31 seconds.
[2022-12-20 12:10:22.325161 +0100][Error  ][PostMaster        ] [xrootd.ba.infn.it:1094 #0] Unable to recover: [ERROR] Socket timeout.
[2022-12-20 12:10:22.325170 +0100][Error  ][XRootD            ] [xrootd.ba.infn.it:1094] Impossible to send message kXR_open (file: /store/user/alesauva/flashgg/UL2017_4/10_6_4/ZHiggs0PMToGG_M125_TuneCP5_13TeV-JHUGenV7011-pythia8/UL2017_4-10_6_4-v0-RunIISummer19UL17MiniAOD-106X_mc2017_realistic_v6-v2/200720_162909/0000/myMicroAODOutputFile_9.root?tried=stor76.datagrid.cea.fr, mode: 0660, flags: kXR_open_read kXR_async kXR_retstat ). Trying to recover.
Begin processing the 17001st record. Run 1, Event 16507, LumiSection 166 on stream 0 at 20-Dec-2022 12:10:52.355 CET
Begin processing the 18001st record. Run 1, Event 420208, LumiSection 4203 on stream 0 at 20-Dec-2022 12:13:04.438 CET
[2022-12-20 12:14:23.846494 +0100][Error  ][AsyncSock         ] [xrootd.ba.infn.it:1094 #0.0] Socket error while handshaking: [ERROR] Socket timeout
[2022-12-20 12:14:23.846589 +0100][Error  ][PostMaster        ] [xrootd.ba.infn.it:1094 #0] elapsed = 45, pConnectionWindow = 31 seconds.
Begin processing the 19001st record. Run 1, Event 20207, LumiSection 203 on stream 0 at 20-Dec-2022 12:14:45.951 CET
[2022-12-20 12:15:09.095387 +0100][Error  ][AsyncSock         ] [xrootd.ba.infn.it:1094 #0.0] Socket error while handshaking: [ERROR] Socket timeout
[2022-12-20 12:15:09.095554 +0100][Error  ][PostMaster        ] [xrootd.ba.infn.it:1094 #0] elapsed = 46, pConnectionWindow = 31 seconds.
[2022-12-20 12:15:09.095566 +0100][Error  ][PostMaster        ] [xrootd.ba.infn.it:1094 #0] Unable to recover: [ERROR] Socket timeout.
[2022-12-20 12:15:09.095576 +0100][Error  ][XRootD            ] [xrootd.ba.infn.it:1094] Impossible to send message kXR_open (file: /store/user/alesauva/flashgg/UL2017_4/10_6_4/ZHiggs0PMToGG_M125_TuneCP5_13TeV-JHUGenV7011-pythia8/UL2017_4-10_6_4-v0-RunIISummer19UL17MiniAOD-106X_mc2017_realistic_v6-v2/200720_162909/0000/myMicroAODOutputFile_9.root?tried=stor76.datagrid.cea.fr, mode: 0660, flags: kXR_open_read kXR_async kXR_retstat ). Trying to recover.
Begin processing the 20001st record. Run 1, Event 21201, LumiSection 213 on stream 0 at 20-Dec-2022 12:16:25.155 CET
Begin processing the 21001st record. Run 1, Event 22207, LumiSection 223 on stream 0 at 20-Dec-2022 12:18:08.530 CET
[2022-12-20 12:19:46.178006 +0100][Error  ][AsyncSock         ] [xrootd.ba.infn.it:1094 #0.0] Socket error while handshaking: [ERROR] Socket timeout
[2022-12-20 12:19:46.178183 +0100][Error  ][PostMaster        ] [xrootd.ba.infn.it:1094 #0] elapsed = 45, pConnectionWindow = 31 seconds.
Begin processing the 22001st record. Run 1, Event 425702, LumiSection 4258 on stream 0 at 20-Dec-2022 12:19:48.491 CET
[2022-12-20 12:20:31.419416 +0100][Error  ][AsyncSock         ] [xrootd.ba.infn.it:1094 #0.0] Socket error while handshaking: [ERROR] Socket timeout
[2022-12-20 12:20:31.419549 +0100][Error  ][PostMaster        ] [xrootd.ba.infn.it:1094 #0] elapsed = 45, pConnectionWindow = 31 seconds.
[2022-12-20 12:20:31.419564 +0100][Error  ][PostMaster        ] [xrootd.ba.infn.it:1094 #0] Unable to recover: [ERROR] Socket timeout.
[2022-12-20 12:20:31.419591 +0100][Error  ][XRootD            ] [xrootd.ba.infn.it:1094] Impossible to send message kXR_open (file: /store/user/alesauva/flashgg/UL2017_4/10_6_4/ZHiggs0PMToGG_M125_TuneCP5_13TeV-JHUGenV7011-pythia8/UL2017_4-10_6_4-v0-RunIISummer19UL17MiniAOD-106X_mc2017_realistic_v6-v2/200720_162909/0000/myMicroAODOutputFile_9.root?tried=stor76.datagrid.cea.fr, mode: 0660, flags: kXR_open_read kXR_async kXR_retstat ). Trying to recover.
Begin processing the 23001st record. Run 1, Event 415104, LumiSection 4152 on stream 0 at 20-Dec-2022 12:21:43.410 CET
Begin processing the 24001st record. Run 1, Event 416103, LumiSection 4162 on stream 0 at 20-Dec-2022 12:23:24.386 CET
20-Dec-2022 12:25:20 CET  Closed file root://cms-xrd-global.cern.ch//store/user/alesauva/flashgg/UL2017_4/10_6_4/ZHiggs0PMToGG_M125_TuneCP5_13TeV-JHUGenV7011-pythia8/UL2017_4-10_6_4-v0-RunIISummer19UL17MiniAOD-106X_mc2017_realistic_v6-v2/200720_162909/0000/myMicroAODOutputFile_9.root

TrigReport ---------- Event  Summary ------------
TrigReport Events total = 25000 passed = 24885 failed = 115

TrigReport ---------- Path   Summary ------------
TrigReport  Trig Bit#   Executed     Passed     Failed      Error Name
TrigReport     1    0      25000      24885        115          0 p

TrigReport -------End-Path   Summary ------------
TrigReport  Trig Bit#   Executed     Passed     Failed      Error Name

TrigReport ---------- Modules in Path: p ------------
TrigReport  Trig Bit#    Visited     Passed     Failed      Error Name
TrigReport     1    0      25000      24885        115          0 flashggMetFilters
TrigReport     1    1      24885      24885          0          0 VHFilter
TrigReport     1    2      24885      24885          0          0 flashggDifferentialPhoIdInputsCorrection
TrigReport     1    3      24885      24885          0          0 flashggDiPhotonSystematics
TrigReport     1    4      24885      24885          0          0 flashggMetSystematics
TrigReport     1    5      24885      24885          0          0 flashggMuonSystematics
TrigReport     1    6      24885      24885          0          0 flashggElectronSystematics
TrigReport     1    7      24885      24885          0          0 flashggUnpackedJets
TrigReport     1    8      24885      24885          0          0 flashggJetSystematics0
TrigReport     1    9      24885      24885          0          0 flashggJetSystematics1
TrigReport     1   10      24885      24885          0          0 flashggJetSystematics2
TrigReport     1   11      24885      24885          0          0 flashggJetSystematics3
TrigReport     1   12      24885      24885          0          0 flashggJetSystematics4
TrigReport     1   13      24885      24885          0          0 flashggJetSystematics5
TrigReport     1   14      24885      24885          0          0 flashggJetSystematics6
TrigReport     1   15      24885      24885          0          0 flashggJetSystematics7
TrigReport     1   16      24885      24885          0          0 flashggJetSystematics8
TrigReport     1   17      24885      24885          0          0 flashggJetSystematics9
TrigReport     1   18      24885      24885          0          0 flashggJetSystematics10
TrigReport     1   19      24885      24885          0          0 flashggJetSystematics11
TrigReport     1   20      24885      24885          0          0 flashggPrefireDiPhotons
TrigReport     1   21      24885      24885          0          0 flashggPreselectedDiPhotons
TrigReport     1   22      24885      24885          0          0 flashggDiPhotonMVA
TrigReport     1   23      24885      24885          0          0 flashggVBFMVA
TrigReport     1   24      24885      24885          0          0 flashggVHhadMVA
TrigReport     1   25      24885      24885          0          0 flashggGluGluHMVA
TrigReport     1   26      24885      24885          0          0 flashggStageOneCombinedTag
TrigReport     1   27      24885      24885          0          0 flashggTHQLeptonicTag
TrigReport     1   28      24885      24885          0          0 flashggVHMetTag
TrigReport     1   29      24885      24885          0          0 flashggWHLeptonicTag
TrigReport     1   30      24885      24885          0          0 flashggZHLeptonicTag
TrigReport     1   31      24885      24885          0          0 flashggTTHLeptonicTag
TrigReport     1   32      24885      24885          0          0 flashggTTHHadronicTag
TrigReport     1   33      24885      24885          0          0 flashggTagSorter
TrigReport     1   34      24885      24885          0          0 flashggSystTagMerger
TrigReport     1   35      24885      24885          0          0 tagsDumper

TrigReport ---------- Module Summary ------------
TrigReport    Visited   Executed     Passed     Failed      Error Name
TrigReport      25000      25000      25000          0          0 TriggerResults
TrigReport      24885      24885      24885          0          0 VHFilter
TrigReport      24885      24885      24885          0          0 ak4PFCHSL1FastL2L3Corrector
TrigReport      24885      24885      24885          0          0 ak4PFCHSL1FastjetCorrector
TrigReport      24885      24885      24885          0          0 ak4PFCHSL2RelativeCorrector
TrigReport      24885      24885      24885          0          0 ak4PFCHSL3AbsoluteCorrector
TrigReport      24885      24885      24885          0          0 flashggDiPhotonMVA
TrigReport      24885      24885      24885          0          0 flashggDiPhotonSystematics
TrigReport      24885      24885      24885          0          0 flashggDifferentialPhoIdInputsCorrection
TrigReport      24885      24885      24885          0          0 flashggElectronSystematics
TrigReport      24885      24885      24885          0          0 flashggGluGluHMVA
TrigReport      24885      24885      24885          0          0 flashggJetSystematics0
TrigReport      24885      24885      24885          0          0 flashggJetSystematics1
TrigReport      24885      24885      24885          0          0 flashggJetSystematics10
TrigReport      24885      24885      24885          0          0 flashggJetSystematics11
TrigReport      24885      24885      24885          0          0 flashggJetSystematics2
TrigReport      24885      24885      24885          0          0 flashggJetSystematics3
TrigReport      24885      24885      24885          0          0 flashggJetSystematics4
TrigReport      24885      24885      24885          0          0 flashggJetSystematics5
TrigReport      24885      24885      24885          0          0 flashggJetSystematics6
TrigReport      24885      24885      24885          0          0 flashggJetSystematics7
TrigReport      24885      24885      24885          0          0 flashggJetSystematics8
TrigReport      24885      24885      24885          0          0 flashggJetSystematics9
TrigReport      25000      25000      24885        115          0 flashggMetFilters
TrigReport      24885      24885      24885          0          0 flashggMetSystematics
TrigReport      24885      24885      24885          0          0 flashggMuonSystematics
TrigReport      24885      24885      24885          0          0 flashggPrefireDiPhotons
TrigReport      24885      24885      24885          0          0 flashggPreselectedDiPhotons
TrigReport      24885      24885      24885          0          0 flashggStageOneCombinedTag
TrigReport      24885      24885      24885          0          0 flashggSystTagMerger
TrigReport      24885      24885      24885          0          0 flashggTHQLeptonicTag
TrigReport      24885      24885      24885          0          0 flashggTTHHadronicTag
TrigReport      24885      24885      24885          0          0 flashggTTHLeptonicTag
TrigReport      24885      24885      24885          0          0 flashggTagSorter
TrigReport      24885      24885      24885          0          0 flashggUnpackedJets
TrigReport      24885      24885      24885          0          0 flashggVBFMVA
TrigReport      24885      24885      24885          0          0 flashggVHMetTag
TrigReport      24885      24885      24885          0          0 flashggVHhadMVA
TrigReport      24885      24885      24885          0          0 flashggWHLeptonicTag
TrigReport      24885      24885      24885          0          0 flashggZHLeptonicTag
TrigReport      25000      25000      25000          0          0 p
TrigReport      24885      24885      24885          0          0 tagsDumper

TimeReport ---------- Event  Summary ---[sec]----
TimeReport       event loop CPU/event = 0.134219
TimeReport      event loop Real/event = 0.136705
TimeReport     sum Streams Real/event = 0.132653
TimeReport efficiency CPU/Real/thread = 0.981820

TimeReport ---------- Path   Summary ---[Real sec]----
TimeReport  per event     per exec  Name
TimeReport   0.132115     0.132115  p
TimeReport  per event     per exec  Name

TimeReport -------End-Path   Summary ---[Real sec]----
TimeReport  per event     per exec  Name
TimeReport  per event     per exec  Name

TimeReport ---------- Modules in Path: p ---[Real sec]----
TimeReport  per event    per visit  Name
TimeReport   0.000018     0.000018  flashggMetFilters
TimeReport   0.000006     0.000006  VHFilter
TimeReport   0.075339     0.075687  flashggDifferentialPhoIdInputsCorrection
TimeReport   0.040496     0.040683  flashggDiPhotonSystematics
TimeReport   0.000204     0.000205  flashggMetSystematics
TimeReport   0.000025     0.000025  flashggMuonSystematics
TimeReport   0.000037     0.000038  flashggElectronSystematics
TimeReport   0.000234     0.000235  flashggUnpackedJets
TimeReport   0.004011     0.004029  flashggJetSystematics0
TimeReport   0.000593     0.000596  flashggJetSystematics1
TimeReport   0.000519     0.000522  flashggJetSystematics2
TimeReport   0.000501     0.000503  flashggJetSystematics3
TimeReport   0.000491     0.000493  flashggJetSystematics4
TimeReport   0.000485     0.000487  flashggJetSystematics5
TimeReport   0.000481     0.000483  flashggJetSystematics6
TimeReport   0.000480     0.000482  flashggJetSystematics7
TimeReport   0.000478     0.000480  flashggJetSystematics8
TimeReport   0.000476     0.000479  flashggJetSystematics9
TimeReport   0.000473     0.000475  flashggJetSystematics10
TimeReport   0.000472     0.000474  flashggJetSystematics11
TimeReport   0.000289     0.000290  flashggPrefireDiPhotons
TimeReport   0.000116     0.000117  flashggPreselectedDiPhotons
TimeReport   0.000045     0.000046  flashggDiPhotonMVA
TimeReport   0.000029     0.000029  flashggVBFMVA
TimeReport   0.000018     0.000018  flashggVHhadMVA
TimeReport   0.000050     0.000050  flashggGluGluHMVA
TimeReport   0.000031     0.000031  flashggStageOneCombinedTag
TimeReport   0.000793     0.000797  flashggTHQLeptonicTag
TimeReport   0.000349     0.000351  flashggVHMetTag
TimeReport   0.000026     0.000027  flashggWHLeptonicTag
TimeReport   0.000019     0.000019  flashggZHLeptonicTag
TimeReport   0.000119     0.000120  flashggTTHLeptonicTag
TimeReport   0.001277     0.001283  flashggTTHHadronicTag
TimeReport   0.000089     0.000090  flashggTagSorter
TimeReport   0.000004     0.000004  flashggSystTagMerger
TimeReport   0.000348     0.000349  tagsDumper
TimeReport  per event    per visit  Name

TimeReport ---------- Module Summary ---[Real sec]----
TimeReport  per event     per exec    per visit  Name
TimeReport   0.000003     0.000003     0.000003  TriggerResults
TimeReport   0.000006     0.000006     0.000006  VHFilter
TimeReport   0.000004     0.000004     0.000004  ak4PFCHSL1FastL2L3Corrector
TimeReport   0.000004     0.000004     0.000004  ak4PFCHSL1FastjetCorrector
TimeReport   0.000002     0.000002     0.000002  ak4PFCHSL2RelativeCorrector
TimeReport   0.000015     0.000015     0.000015  ak4PFCHSL3AbsoluteCorrector
TimeReport   0.000045     0.000046     0.000046  flashggDiPhotonMVA
TimeReport   0.040496     0.040683     0.040683  flashggDiPhotonSystematics
TimeReport   0.075339     0.075687     0.075687  flashggDifferentialPhoIdInputsCorrection
TimeReport   0.000037     0.000038     0.000038  flashggElectronSystematics
TimeReport   0.000050     0.000050     0.000050  flashggGluGluHMVA
TimeReport   0.004011     0.004029     0.004029  flashggJetSystematics0
TimeReport   0.000593     0.000596     0.000596  flashggJetSystematics1
TimeReport   0.000473     0.000475     0.000475  flashggJetSystematics10
TimeReport   0.000472     0.000474     0.000474  flashggJetSystematics11
TimeReport   0.000519     0.000522     0.000522  flashggJetSystematics2
TimeReport   0.000501     0.000503     0.000503  flashggJetSystematics3
TimeReport   0.000491     0.000493     0.000493  flashggJetSystematics4
TimeReport   0.000485     0.000487     0.000487  flashggJetSystematics5
TimeReport   0.000481     0.000483     0.000483  flashggJetSystematics6
TimeReport   0.000480     0.000482     0.000482  flashggJetSystematics7
TimeReport   0.000478     0.000480     0.000480  flashggJetSystematics8
TimeReport   0.000476     0.000479     0.000479  flashggJetSystematics9
TimeReport   0.000018     0.000018     0.000018  flashggMetFilters
TimeReport   0.000204     0.000205     0.000205  flashggMetSystematics
TimeReport   0.000025     0.000025     0.000025  flashggMuonSystematics
TimeReport   0.000289     0.000290     0.000290  flashggPrefireDiPhotons
TimeReport   0.000116     0.000117     0.000117  flashggPreselectedDiPhotons
TimeReport   0.000031     0.000031     0.000031  flashggStageOneCombinedTag
TimeReport   0.000004     0.000004     0.000004  flashggSystTagMerger
TimeReport   0.000793     0.000797     0.000797  flashggTHQLeptonicTag
TimeReport   0.001277     0.001283     0.001283  flashggTTHHadronicTag
TimeReport   0.000119     0.000120     0.000120  flashggTTHLeptonicTag
TimeReport   0.000089     0.000090     0.000090  flashggTagSorter
TimeReport   0.000234     0.000235     0.000235  flashggUnpackedJets
TimeReport   0.000029     0.000029     0.000029  flashggVBFMVA
TimeReport   0.000349     0.000351     0.000351  flashggVHMetTag
TimeReport   0.000018     0.000018     0.000018  flashggVHhadMVA
TimeReport   0.000026     0.000027     0.000027  flashggWHLeptonicTag
TimeReport   0.000019     0.000019     0.000019  flashggZHLeptonicTag
TimeReport   0.000003     0.000003     0.000003  p
TimeReport   0.000348     0.000349     0.000349  tagsDumper
TimeReport  per event     per exec    per visit  Name

T---Report end!


=============================================

MessageLogger Summary

 type     category        sev    module        subroutine        count    total
 ---- -------------------- -- ---------------- ----------------  -----    -----
    1 XrdAdaptor           -w file_open                              1        1
    2 fileAction           -s file_close                             1        1
    3 fileAction           -s file_open                              2        2

 type    category    Examples: run/evt        run/evt          run/evt
 ---- -------------------- ---------------- ---------------- ----------------
    1 XrdAdaptor           pre-events                        
    2 fileAction           PostGlobalEndRun                  
    3 fileAction           pre-events       pre-events       

Severity    # Occurrences   Total Occurrences
--------    -------------   -----------------
Warning                 1                   1
System                  3                   3

dropped waiting message count 0
[2022-12-20 12:25:31.835413 +0100][Error  ][AsyncSock         ] [xrootd.ba.infn.it:1094 #0.0] Socket error while handshaking: [ERROR] Socket timeout
[2022-12-20 12:25:31.835546 +0100][Error  ][PostMaster        ] [xrootd.ba.infn.it:1094 #0] elapsed = 45, pConnectionWindow = 31 seconds.
