mkdir: cannot create directory '/afs/cern.ch/user/x/xisu/private/local/Analysis_workspace/VH_AC_tmp1/flashgg_d2/CMSSW_10_6_29/src/flashgg/VHAC_Analysis_Met/UL_17/UL_17_zh125': File exists
/cvmfs/cms.cern.ch/slc7_amd64_gcc700/external/py2-requests/2.21.0-pafccj2/lib/python2.7/site-packages/requests/__init__.py:91: RequestsDependencyWarning: urllib3 (1.25.2) or chardet (3.0.4) doesn't match a supported version!
  RequestsDependencyWarning)
20-Dec-2022 11:00:00 CET  Initiating request to open file root://cms-xrd-global.cern.ch//store/user/alesauva/flashgg/UL2017_4/10_6_4/ZHiggs0L1ToGG_M125_TuneCP5_13TeV-JHUGenV7011-pythia8/UL2017_4-10_6_4-v0-RunIISummer19UL17MiniAOD-106X_mc2017_realistic_v6-v2/200911_121149/0000/myMicroAODOutputFile_1.root
%MSG-w XrdAdaptor:  file_open 20-Dec-2022 11:00:02 CET pre-events
Data is served from GRIF-IRFU instead of original site CERN-CMSGLOBAL-02
%MSG
20-Dec-2022 11:00:05 CET  Successfully opened file root://cms-xrd-global.cern.ch//store/user/alesauva/flashgg/UL2017_4/10_6_4/ZHiggs0L1ToGG_M125_TuneCP5_13TeV-JHUGenV7011-pythia8/UL2017_4-10_6_4-v0-RunIISummer19UL17MiniAOD-106X_mc2017_realistic_v6-v2/200911_121149/0000/myMicroAODOutputFile_1.root
[2022-12-20 11:00:57.375856 +0100][Error  ][AsyncSock         ] [xrootd.ba.infn.it:1094 #0.0] Socket error while handshaking: [ERROR] Socket timeout
[2022-12-20 11:00:57.376134 +0100][Error  ][PostMaster        ] [xrootd.ba.infn.it:1094 #0] elapsed = 45, pConnectionWindow = 31 seconds.
[2022-12-20 11:01:42.632809 +0100][Error  ][AsyncSock         ] [xrootd.ba.infn.it:1094 #0.0] Socket error while handshaking: [ERROR] Socket timeout
[2022-12-20 11:01:42.632955 +0100][Error  ][PostMaster        ] [xrootd.ba.infn.it:1094 #0] elapsed = 45, pConnectionWindow = 31 seconds.
[2022-12-20 11:01:42.632994 +0100][Error  ][PostMaster        ] [xrootd.ba.infn.it:1094 #0] Unable to recover: [ERROR] Socket timeout.
[2022-12-20 11:01:42.633016 +0100][Error  ][XRootD            ] [xrootd.ba.infn.it:1094] Impossible to send message kXR_open (file: /store/user/alesauva/flashgg/UL2017_4/10_6_4/ZHiggs0L1ToGG_M125_TuneCP5_13TeV-JHUGenV7011-pythia8/UL2017_4-10_6_4-v0-RunIISummer19UL17MiniAOD-106X_mc2017_realistic_v6-v2/200911_121149/0000/myMicroAODOutputFile_1.root?tried=+1413llrxrd-redir.in2p3.fr,+1213xrootd-cms-redir-int.cr.cnaf.infn.it,+1413xrootd-cms-redir-int.cr.cnaf.infn.it,stor77.datagrid.cea.fr,node12.datagrid.cea.fr,xrootd-redic.pi.infn.it,xrootd-cms.infn.it,llrxrd-redir.in2p3.fr&triedrc=enoent,enoent, mode: 0660, flags: kXR_open_read kXR_async kXR_retstat ). Trying to recover.
2022-12-20 11:14:35.173135: I tensorflow/core/platform/cpu_feature_guard.cc:140] Your CPU supports instructions that this TensorFlow binary was not compiled to use: SSE4.1 SSE4.2 AVX AVX2 FMA
Begin processing the 1st record. Run 1, Event 2, LumiSection 1 on stream 0 at 20-Dec-2022 11:15:34.770 CET
[2022-12-20 11:16:18.992848 +0100][Error  ][AsyncSock         ] [xrootd.ba.infn.it:1094 #0.0] Socket error while handshaking: [ERROR] Socket timeout
[2022-12-20 11:16:18.992974 +0100][Error  ][PostMaster        ] [xrootd.ba.infn.it:1094 #0] elapsed = 45, pConnectionWindow = 31 seconds.
[2022-12-20 11:17:04.792994 +0100][Error  ][AsyncSock         ] [xrootd.ba.infn.it:1094 #0.0] Socket error while handshaking: [ERROR] Socket timeout
[2022-12-20 11:17:04.793131 +0100][Error  ][PostMaster        ] [xrootd.ba.infn.it:1094 #0] elapsed = 46, pConnectionWindow = 31 seconds.
[2022-12-20 11:17:04.793142 +0100][Error  ][PostMaster        ] [xrootd.ba.infn.it:1094 #0] Unable to recover: [ERROR] Socket timeout.
[2022-12-20 11:17:04.793162 +0100][Error  ][XRootD            ] [xrootd.ba.infn.it:1094] Impossible to send message kXR_open (file: /store/user/alesauva/flashgg/UL2017_4/10_6_4/ZHiggs0L1ToGG_M125_TuneCP5_13TeV-JHUGenV7011-pythia8/UL2017_4-10_6_4-v0-RunIISummer19UL17MiniAOD-106X_mc2017_realistic_v6-v2/200911_121149/0000/myMicroAODOutputFile_1.root?tried=stor77.datagrid.cea.fr, mode: 0660, flags: kXR_open_read kXR_async kXR_retstat ). Trying to recover.
Begin processing the 1001st record. Run 1, Event 1002, LumiSection 11 on stream 0 at 20-Dec-2022 11:20:44.425 CET
[2022-12-20 11:22:46.293821 +0100][Error  ][AsyncSock         ] [xrootd.ba.infn.it:1094 #0.0] Socket error while handshaking: [ERROR] Socket timeout
[2022-12-20 11:22:46.293935 +0100][Error  ][PostMaster        ] [xrootd.ba.infn.it:1094 #0] elapsed = 45, pConnectionWindow = 31 seconds.
Begin processing the 2001st record. Run 1, Event 2004, LumiSection 21 on stream 0 at 20-Dec-2022 11:23:12.289 CET
[2022-12-20 11:23:31.531119 +0100][Error  ][AsyncSock         ] [xrootd.ba.infn.it:1094 #0.0] Socket error while handshaking: [ERROR] Socket timeout
[2022-12-20 11:23:31.531248 +0100][Error  ][PostMaster        ] [xrootd.ba.infn.it:1094 #0] elapsed = 45, pConnectionWindow = 31 seconds.
[2022-12-20 11:23:31.531260 +0100][Error  ][PostMaster        ] [xrootd.ba.infn.it:1094 #0] Unable to recover: [ERROR] Socket timeout.
[2022-12-20 11:23:31.531268 +0100][Error  ][XRootD            ] [xrootd.ba.infn.it:1094] Impossible to send message kXR_open (file: /store/user/alesauva/flashgg/UL2017_4/10_6_4/ZHiggs0L1ToGG_M125_TuneCP5_13TeV-JHUGenV7011-pythia8/UL2017_4-10_6_4-v0-RunIISummer19UL17MiniAOD-106X_mc2017_realistic_v6-v2/200911_121149/0000/myMicroAODOutputFile_1.root?tried=stor77.datagrid.cea.fr, mode: 0660, flags: kXR_open_read kXR_async kXR_retstat ). Trying to recover.
Begin processing the 3001st record. Run 1, Event 32902, LumiSection 330 on stream 0 at 20-Dec-2022 11:25:43.471 CET
Begin processing the 4001st record. Run 1, Event 33903, LumiSection 340 on stream 0 at 20-Dec-2022 11:28:08.180 CET
Begin processing the 5001st record. Run 1, Event 34902, LumiSection 350 on stream 0 at 20-Dec-2022 11:30:38.946 CET
[2022-12-20 11:30:44.202805 +0100][Error  ][AsyncSock         ] [xrootd.ba.infn.it:1094 #0.0] Socket error while handshaking: [ERROR] Socket timeout
[2022-12-20 11:30:44.202923 +0100][Error  ][PostMaster        ] [xrootd.ba.infn.it:1094 #0] elapsed = 45, pConnectionWindow = 31 seconds.
[2022-12-20 11:31:29.459854 +0100][Error  ][AsyncSock         ] [xrootd.ba.infn.it:1094 #0.0] Socket error while handshaking: [ERROR] Socket timeout
[2022-12-20 11:31:29.459987 +0100][Error  ][PostMaster        ] [xrootd.ba.infn.it:1094 #0] elapsed = 45, pConnectionWindow = 31 seconds.
[2022-12-20 11:31:29.460000 +0100][Error  ][PostMaster        ] [xrootd.ba.infn.it:1094 #0] Unable to recover: [ERROR] Socket timeout.
[2022-12-20 11:31:29.460011 +0100][Error  ][XRootD            ] [xrootd.ba.infn.it:1094] Impossible to send message kXR_open (file: /store/user/alesauva/flashgg/UL2017_4/10_6_4/ZHiggs0L1ToGG_M125_TuneCP5_13TeV-JHUGenV7011-pythia8/UL2017_4-10_6_4-v0-RunIISummer19UL17MiniAOD-106X_mc2017_realistic_v6-v2/200911_121149/0000/myMicroAODOutputFile_1.root?tried=stor77.datagrid.cea.fr, mode: 0660, flags: kXR_open_read kXR_async kXR_retstat ). Trying to recover.
Begin processing the 6001st record. Run 1, Event 41701, LumiSection 418 on stream 0 at 20-Dec-2022 11:33:12.599 CET
[2022-12-20 11:35:31.204805 +0100][Error  ][AsyncSock         ] [xrootd.ba.infn.it:1094 #0.0] Socket error while handshaking: [ERROR] Socket timeout
[2022-12-20 11:35:31.204967 +0100][Error  ][PostMaster        ] [xrootd.ba.infn.it:1094 #0] elapsed = 45, pConnectionWindow = 31 seconds.
Begin processing the 7001st record. Run 1, Event 42701, LumiSection 428 on stream 0 at 20-Dec-2022 11:35:38.479 CET
[2022-12-20 11:36:16.445865 +0100][Error  ][AsyncSock         ] [xrootd.ba.infn.it:1094 #0.0] Socket error while handshaking: [ERROR] Socket timeout
[2022-12-20 11:36:16.446036 +0100][Error  ][PostMaster        ] [xrootd.ba.infn.it:1094 #0] elapsed = 45, pConnectionWindow = 31 seconds.
[2022-12-20 11:36:16.446051 +0100][Error  ][PostMaster        ] [xrootd.ba.infn.it:1094 #0] Unable to recover: [ERROR] Socket timeout.
[2022-12-20 11:36:16.446062 +0100][Error  ][XRootD            ] [xrootd.ba.infn.it:1094] Impossible to send message kXR_open (file: /store/user/alesauva/flashgg/UL2017_4/10_6_4/ZHiggs0L1ToGG_M125_TuneCP5_13TeV-JHUGenV7011-pythia8/UL2017_4-10_6_4-v0-RunIISummer19UL17MiniAOD-106X_mc2017_realistic_v6-v2/200911_121149/0000/myMicroAODOutputFile_1.root?tried=stor77.datagrid.cea.fr, mode: 0660, flags: kXR_open_read kXR_async kXR_retstat ). Trying to recover.
Begin processing the 8001st record. Run 1, Event 43703, LumiSection 438 on stream 0 at 20-Dec-2022 11:37:58.842 CET
Begin processing the 9001st record. Run 1, Event 71904, LumiSection 720 on stream 0 at 20-Dec-2022 11:40:38.089 CET
Begin processing the 10001st record. Run 1, Event 72904, LumiSection 730 on stream 0 at 20-Dec-2022 11:43:01.086 CET
[2022-12-20 11:44:47.789793 +0100][Error  ][AsyncSock         ] [xrootd.ba.infn.it:1094 #0.0] Socket error while handshaking: [ERROR] Socket timeout
[2022-12-20 11:44:47.789927 +0100][Error  ][PostMaster        ] [xrootd.ba.infn.it:1094 #0] elapsed = 45, pConnectionWindow = 31 seconds.
Begin processing the 11001st record. Run 1, Event 665601, LumiSection 6657 on stream 0 at 20-Dec-2022 11:45:24.607 CET
[2022-12-20 11:45:32.031483 +0100][Error  ][AsyncSock         ] [xrootd.ba.infn.it:1094 #0.0] Socket error while handshaking: [ERROR] Socket timeout
[2022-12-20 11:45:32.031639 +0100][Error  ][PostMaster        ] [xrootd.ba.infn.it:1094 #0] elapsed = 45, pConnectionWindow = 31 seconds.
[2022-12-20 11:45:32.031653 +0100][Error  ][PostMaster        ] [xrootd.ba.infn.it:1094 #0] Unable to recover: [ERROR] Socket timeout.
[2022-12-20 11:45:32.031662 +0100][Error  ][XRootD            ] [xrootd.ba.infn.it:1094] Impossible to send message kXR_open (file: /store/user/alesauva/flashgg/UL2017_4/10_6_4/ZHiggs0L1ToGG_M125_TuneCP5_13TeV-JHUGenV7011-pythia8/UL2017_4-10_6_4-v0-RunIISummer19UL17MiniAOD-106X_mc2017_realistic_v6-v2/200911_121149/0000/myMicroAODOutputFile_1.root?tried=stor77.datagrid.cea.fr, mode: 0660, flags: kXR_open_read kXR_async kXR_retstat ). Trying to recover.
Begin processing the 12001st record. Run 1, Event 666606, LumiSection 6667 on stream 0 at 20-Dec-2022 11:47:50.846 CET
[2022-12-20 11:49:22.127837 +0100][Error  ][AsyncSock         ] [xrootd.ba.infn.it:1094 #0.0] Socket error while handshaking: [ERROR] Socket timeout
[2022-12-20 11:49:22.127931 +0100][Error  ][PostMaster        ] [xrootd.ba.infn.it:1094 #0] elapsed = 46, pConnectionWindow = 31 seconds.
[2022-12-20 11:50:07.392152 +0100][Error  ][AsyncSock         ] [xrootd.ba.infn.it:1094 #0.0] Socket error while handshaking: [ERROR] Socket timeout
[2022-12-20 11:50:07.393444 +0100][Error  ][PostMaster        ] [xrootd.ba.infn.it:1094 #0] elapsed = 45, pConnectionWindow = 31 seconds.
[2022-12-20 11:50:07.393455 +0100][Error  ][PostMaster        ] [xrootd.ba.infn.it:1094 #0] Unable to recover: [ERROR] Socket timeout.
[2022-12-20 11:50:07.393802 +0100][Error  ][XRootD            ] [xrootd.ba.infn.it:1094] Impossible to send message kXR_open (file: /store/user/alesauva/flashgg/UL2017_4/10_6_4/ZHiggs0L1ToGG_M125_TuneCP5_13TeV-JHUGenV7011-pythia8/UL2017_4-10_6_4-v0-RunIISummer19UL17MiniAOD-106X_mc2017_realistic_v6-v2/200911_121149/0000/myMicroAODOutputFile_1.root?tried=stor77.datagrid.cea.fr, mode: 0660, flags: kXR_open_read kXR_async kXR_retstat ). Trying to recover.
Begin processing the 13001st record. Run 1, Event 280402, LumiSection 2805 on stream 0 at 20-Dec-2022 11:50:23.632 CET
Begin processing the 14001st record. Run 1, Event 281402, LumiSection 2815 on stream 0 at 20-Dec-2022 11:52:52.501 CET
[2022-12-20 11:54:02.571667 +0100][Error  ][AsyncSock         ] [xrootd.ba.infn.it:1094 #0.0] Socket error while handshaking: [ERROR] Socket timeout
[2022-12-20 11:54:02.571776 +0100][Error  ][PostMaster        ] [xrootd.ba.infn.it:1094 #0] elapsed = 45, pConnectionWindow = 31 seconds.
[2022-12-20 11:54:47.811039 +0100][Error  ][AsyncSock         ] [xrootd.ba.infn.it:1094 #0.0] Socket error while handshaking: [ERROR] Socket timeout
[2022-12-20 11:54:47.811173 +0100][Error  ][PostMaster        ] [xrootd.ba.infn.it:1094 #0] elapsed = 45, pConnectionWindow = 31 seconds.
[2022-12-20 11:54:47.811182 +0100][Error  ][PostMaster        ] [xrootd.ba.infn.it:1094 #0] Unable to recover: [ERROR] Socket timeout.
[2022-12-20 11:54:47.811191 +0100][Error  ][XRootD            ] [xrootd.ba.infn.it:1094] Impossible to send message kXR_open (file: /store/user/alesauva/flashgg/UL2017_4/10_6_4/ZHiggs0L1ToGG_M125_TuneCP5_13TeV-JHUGenV7011-pythia8/UL2017_4-10_6_4-v0-RunIISummer19UL17MiniAOD-106X_mc2017_realistic_v6-v2/200911_121149/0000/myMicroAODOutputFile_1.root?tried=stor77.datagrid.cea.fr, mode: 0660, flags: kXR_open_read kXR_async kXR_retstat ). Trying to recover.
Begin processing the 15001st record. Run 1, Event 282407, LumiSection 2825 on stream 0 at 20-Dec-2022 11:55:15.223 CET
Begin processing the 16001st record. Run 1, Event 418301, LumiSection 4184 on stream 0 at 20-Dec-2022 11:57:52.966 CET
[2022-12-20 11:58:47.810855 +0100][Error  ][AsyncSock         ] [xrootd.ba.infn.it:1094 #0.0] Socket error while handshaking: [ERROR] Socket timeout
[2022-12-20 11:58:47.810988 +0100][Error  ][PostMaster        ] [xrootd.ba.infn.it:1094 #0] elapsed = 45, pConnectionWindow = 31 seconds.
[2022-12-20 11:59:32.054811 +0100][Error  ][AsyncSock         ] [xrootd.ba.infn.it:1094 #0.0] Socket error while handshaking: [ERROR] Socket timeout
[2022-12-20 11:59:32.054904 +0100][Error  ][PostMaster        ] [xrootd.ba.infn.it:1094 #0] elapsed = 45, pConnectionWindow = 31 seconds.
[2022-12-20 11:59:32.054915 +0100][Error  ][PostMaster        ] [xrootd.ba.infn.it:1094 #0] Unable to recover: [ERROR] Socket timeout.
[2022-12-20 11:59:32.054925 +0100][Error  ][XRootD            ] [xrootd.ba.infn.it:1094] Impossible to send message kXR_open (file: /store/user/alesauva/flashgg/UL2017_4/10_6_4/ZHiggs0L1ToGG_M125_TuneCP5_13TeV-JHUGenV7011-pythia8/UL2017_4-10_6_4-v0-RunIISummer19UL17MiniAOD-106X_mc2017_realistic_v6-v2/200911_121149/0000/myMicroAODOutputFile_1.root?tried=stor77.datagrid.cea.fr, mode: 0660, flags: kXR_open_read kXR_async kXR_retstat ). Trying to recover.
Begin processing the 17001st record. Run 1, Event 446503, LumiSection 4466 on stream 0 at 20-Dec-2022 12:00:14.556 CET
Begin processing the 18001st record. Run 1, Event 447507, LumiSection 4476 on stream 0 at 20-Dec-2022 12:02:48.050 CET
[2022-12-20 12:03:29.593045 +0100][Error  ][AsyncSock         ] [xrootd.ba.infn.it:1094 #0.0] Socket error while handshaking: [ERROR] Socket timeout
[2022-12-20 12:03:29.593181 +0100][Error  ][PostMaster        ] [xrootd.ba.infn.it:1094 #0] elapsed = 45, pConnectionWindow = 31 seconds.
[2022-12-20 12:04:14.816202 +0100][Error  ][AsyncSock         ] [xrootd.ba.infn.it:1094 #0.0] Socket error while handshaking: [ERROR] Socket timeout
[2022-12-20 12:04:14.816361 +0100][Error  ][PostMaster        ] [xrootd.ba.infn.it:1094 #0] elapsed = 45, pConnectionWindow = 31 seconds.
[2022-12-20 12:04:14.816369 +0100][Error  ][PostMaster        ] [xrootd.ba.infn.it:1094 #0] Unable to recover: [ERROR] Socket timeout.
[2022-12-20 12:04:14.816379 +0100][Error  ][XRootD            ] [xrootd.ba.infn.it:1094] Impossible to send message kXR_open (file: /store/user/alesauva/flashgg/UL2017_4/10_6_4/ZHiggs0L1ToGG_M125_TuneCP5_13TeV-JHUGenV7011-pythia8/UL2017_4-10_6_4-v0-RunIISummer19UL17MiniAOD-106X_mc2017_realistic_v6-v2/200911_121149/0000/myMicroAODOutputFile_1.root?tried=stor77.datagrid.cea.fr, mode: 0660, flags: kXR_open_read kXR_async kXR_retstat ). Trying to recover.
Begin processing the 19001st record. Run 1, Event 448505, LumiSection 4486 on stream 0 at 20-Dec-2022 12:05:15.448 CET
Begin processing the 20001st record. Run 1, Event 454904, LumiSection 4550 on stream 0 at 20-Dec-2022 12:07:50.707 CET
[2022-12-20 12:08:14.489801 +0100][Error  ][AsyncSock         ] [xrootd.ba.infn.it:1094 #0.0] Socket error while handshaking: [ERROR] Socket timeout
[2022-12-20 12:08:14.489916 +0100][Error  ][PostMaster        ] [xrootd.ba.infn.it:1094 #0] elapsed = 45, pConnectionWindow = 31 seconds.
[2022-12-20 12:08:59.729822 +0100][Error  ][AsyncSock         ] [xrootd.ba.infn.it:1094 #0.0] Socket error while handshaking: [ERROR] Socket timeout
[2022-12-20 12:08:59.729959 +0100][Error  ][PostMaster        ] [xrootd.ba.infn.it:1094 #0] elapsed = 45, pConnectionWindow = 31 seconds.
[2022-12-20 12:08:59.729972 +0100][Error  ][PostMaster        ] [xrootd.ba.infn.it:1094 #0] Unable to recover: [ERROR] Socket timeout.
[2022-12-20 12:08:59.729996 +0100][Error  ][XRootD            ] [xrootd.ba.infn.it:1094] Impossible to send message kXR_open (file: /store/user/alesauva/flashgg/UL2017_4/10_6_4/ZHiggs0L1ToGG_M125_TuneCP5_13TeV-JHUGenV7011-pythia8/UL2017_4-10_6_4-v0-RunIISummer19UL17MiniAOD-106X_mc2017_realistic_v6-v2/200911_121149/0000/myMicroAODOutputFile_1.root?tried=stor77.datagrid.cea.fr, mode: 0660, flags: kXR_open_read kXR_async kXR_retstat ). Trying to recover.
Begin processing the 21001st record. Run 1, Event 455903, LumiSection 4560 on stream 0 at 20-Dec-2022 12:10:17.799 CET
Begin processing the 22001st record. Run 1, Event 456904, LumiSection 4570 on stream 0 at 20-Dec-2022 12:12:40.844 CET
[2022-12-20 12:12:51.806982 +0100][Error  ][AsyncSock         ] [xrootd.ba.infn.it:1094 #0.0] Socket error while handshaking: [ERROR] Socket timeout
[2022-12-20 12:12:51.807136 +0100][Error  ][PostMaster        ] [xrootd.ba.infn.it:1094 #0] elapsed = 45, pConnectionWindow = 31 seconds.
[2022-12-20 12:13:36.042976 +0100][Error  ][AsyncSock         ] [xrootd.ba.infn.it:1094 #0.0] Socket error while handshaking: [ERROR] Socket timeout
[2022-12-20 12:13:36.043065 +0100][Error  ][PostMaster        ] [xrootd.ba.infn.it:1094 #0] elapsed = 45, pConnectionWindow = 31 seconds.
[2022-12-20 12:13:36.043072 +0100][Error  ][PostMaster        ] [xrootd.ba.infn.it:1094 #0] Unable to recover: [ERROR] Socket timeout.
[2022-12-20 12:13:36.043081 +0100][Error  ][XRootD            ] [xrootd.ba.infn.it:1094] Impossible to send message kXR_open (file: /store/user/alesauva/flashgg/UL2017_4/10_6_4/ZHiggs0L1ToGG_M125_TuneCP5_13TeV-JHUGenV7011-pythia8/UL2017_4-10_6_4-v0-RunIISummer19UL17MiniAOD-106X_mc2017_realistic_v6-v2/200911_121149/0000/myMicroAODOutputFile_1.root?tried=stor77.datagrid.cea.fr, mode: 0660, flags: kXR_open_read kXR_async kXR_retstat ). Trying to recover.
Begin processing the 23001st record. Run 1, Event 619204, LumiSection 6193 on stream 0 at 20-Dec-2022 12:15:01.485 CET
[2022-12-20 12:17:28.822802 +0100][Error  ][AsyncSock         ] [xrootd.ba.infn.it:1094 #0.0] Socket error while handshaking: [ERROR] Socket timeout
[2022-12-20 12:17:28.822968 +0100][Error  ][PostMaster        ] [xrootd.ba.infn.it:1094 #0] elapsed = 45, pConnectionWindow = 31 seconds.
Begin processing the 24001st record. Run 1, Event 620209, LumiSection 6203 on stream 0 at 20-Dec-2022 12:17:40.194 CET
[2022-12-20 12:18:13.080829 +0100][Error  ][AsyncSock         ] [xrootd.ba.infn.it:1094 #0.0] Socket error while handshaking: [ERROR] Socket timeout
[2022-12-20 12:18:13.080959 +0100][Error  ][PostMaster        ] [xrootd.ba.infn.it:1094 #0] elapsed = 45, pConnectionWindow = 31 seconds.
[2022-12-20 12:18:13.080970 +0100][Error  ][PostMaster        ] [xrootd.ba.infn.it:1094 #0] Unable to recover: [ERROR] Socket timeout.
[2022-12-20 12:18:13.080980 +0100][Error  ][XRootD            ] [xrootd.ba.infn.it:1094] Impossible to send message kXR_open (file: /store/user/alesauva/flashgg/UL2017_4/10_6_4/ZHiggs0L1ToGG_M125_TuneCP5_13TeV-JHUGenV7011-pythia8/UL2017_4-10_6_4-v0-RunIISummer19UL17MiniAOD-106X_mc2017_realistic_v6-v2/200911_121149/0000/myMicroAODOutputFile_1.root?tried=stor77.datagrid.cea.fr, mode: 0660, flags: kXR_open_read kXR_async kXR_retstat ). Trying to recover.
20-Dec-2022 12:20:07 CET  Closed file root://cms-xrd-global.cern.ch//store/user/alesauva/flashgg/UL2017_4/10_6_4/ZHiggs0L1ToGG_M125_TuneCP5_13TeV-JHUGenV7011-pythia8/UL2017_4-10_6_4-v0-RunIISummer19UL17MiniAOD-106X_mc2017_realistic_v6-v2/200911_121149/0000/myMicroAODOutputFile_1.root

TrigReport ---------- Event  Summary ------------
TrigReport Events total = 25000 passed = 24681 failed = 319

TrigReport ---------- Path   Summary ------------
TrigReport  Trig Bit#   Executed     Passed     Failed      Error Name
TrigReport     1    0      25000      24681        319          0 p

TrigReport -------End-Path   Summary ------------
TrigReport  Trig Bit#   Executed     Passed     Failed      Error Name

TrigReport ---------- Modules in Path: p ------------
TrigReport  Trig Bit#    Visited     Passed     Failed      Error Name
TrigReport     1    0      25000      24681        319          0 flashggMetFilters
TrigReport     1    1      24681      24681          0          0 VHFilter
TrigReport     1    2      24681      24681          0          0 flashggDifferentialPhoIdInputsCorrection
TrigReport     1    3      24681      24681          0          0 flashggDiPhotonSystematics
TrigReport     1    4      24681      24681          0          0 flashggMetSystematics
TrigReport     1    5      24681      24681          0          0 flashggMuonSystematics
TrigReport     1    6      24681      24681          0          0 flashggElectronSystematics
TrigReport     1    7      24681      24681          0          0 flashggUnpackedJets
TrigReport     1    8      24681      24681          0          0 flashggJetSystematics0
TrigReport     1    9      24681      24681          0          0 flashggJetSystematics1
TrigReport     1   10      24681      24681          0          0 flashggJetSystematics2
TrigReport     1   11      24681      24681          0          0 flashggJetSystematics3
TrigReport     1   12      24681      24681          0          0 flashggJetSystematics4
TrigReport     1   13      24681      24681          0          0 flashggJetSystematics5
TrigReport     1   14      24681      24681          0          0 flashggJetSystematics6
TrigReport     1   15      24681      24681          0          0 flashggJetSystematics7
TrigReport     1   16      24681      24681          0          0 flashggJetSystematics8
TrigReport     1   17      24681      24681          0          0 flashggJetSystematics9
TrigReport     1   18      24681      24681          0          0 flashggJetSystematics10
TrigReport     1   19      24681      24681          0          0 flashggJetSystematics11
TrigReport     1   20      24681      24681          0          0 flashggPrefireDiPhotons
TrigReport     1   21      24681      24681          0          0 flashggPreselectedDiPhotons
TrigReport     1   22      24681      24681          0          0 flashggDiPhotonMVA
TrigReport     1   23      24681      24681          0          0 flashggVBFMVA
TrigReport     1   24      24681      24681          0          0 flashggVHhadMVA
TrigReport     1   25      24681      24681          0          0 flashggGluGluHMVA
TrigReport     1   26      24681      24681          0          0 flashggStageOneCombinedTag
TrigReport     1   27      24681      24681          0          0 flashggTHQLeptonicTag
TrigReport     1   28      24681      24681          0          0 flashggVHMetTag
TrigReport     1   29      24681      24681          0          0 flashggWHLeptonicTag
TrigReport     1   30      24681      24681          0          0 flashggZHLeptonicTag
TrigReport     1   31      24681      24681          0          0 flashggTTHLeptonicTag
TrigReport     1   32      24681      24681          0          0 flashggTTHHadronicTag
TrigReport     1   33      24681      24681          0          0 flashggTagSorter
TrigReport     1   34      24681      24681          0          0 flashggSystTagMerger
TrigReport     1   35      24681      24681          0          0 tagsDumper

TrigReport ---------- Module Summary ------------
TrigReport    Visited   Executed     Passed     Failed      Error Name
TrigReport      25000      25000      25000          0          0 TriggerResults
TrigReport      24681      24681      24681          0          0 VHFilter
TrigReport      24681      24681      24681          0          0 ak4PFCHSL1FastL2L3Corrector
TrigReport      24681      24681      24681          0          0 ak4PFCHSL1FastjetCorrector
TrigReport      24681      24681      24681          0          0 ak4PFCHSL2RelativeCorrector
TrigReport      24681      24681      24681          0          0 ak4PFCHSL3AbsoluteCorrector
TrigReport      24681      24681      24681          0          0 flashggDiPhotonMVA
TrigReport      24681      24681      24681          0          0 flashggDiPhotonSystematics
TrigReport      24681      24681      24681          0          0 flashggDifferentialPhoIdInputsCorrection
TrigReport      24681      24681      24681          0          0 flashggElectronSystematics
TrigReport      24681      24681      24681          0          0 flashggGluGluHMVA
TrigReport      24681      24681      24681          0          0 flashggJetSystematics0
TrigReport      24681      24681      24681          0          0 flashggJetSystematics1
TrigReport      24681      24681      24681          0          0 flashggJetSystematics10
TrigReport      24681      24681      24681          0          0 flashggJetSystematics11
TrigReport      24681      24681      24681          0          0 flashggJetSystematics2
TrigReport      24681      24681      24681          0          0 flashggJetSystematics3
TrigReport      24681      24681      24681          0          0 flashggJetSystematics4
TrigReport      24681      24681      24681          0          0 flashggJetSystematics5
TrigReport      24681      24681      24681          0          0 flashggJetSystematics6
TrigReport      24681      24681      24681          0          0 flashggJetSystematics7
TrigReport      24681      24681      24681          0          0 flashggJetSystematics8
TrigReport      24681      24681      24681          0          0 flashggJetSystematics9
TrigReport      25000      25000      24681        319          0 flashggMetFilters
TrigReport      24681      24681      24681          0          0 flashggMetSystematics
TrigReport      24681      24681      24681          0          0 flashggMuonSystematics
TrigReport      24681      24681      24681          0          0 flashggPrefireDiPhotons
TrigReport      24681      24681      24681          0          0 flashggPreselectedDiPhotons
TrigReport      24681      24681      24681          0          0 flashggStageOneCombinedTag
TrigReport      24681      24681      24681          0          0 flashggSystTagMerger
TrigReport      24681      24681      24681          0          0 flashggTHQLeptonicTag
TrigReport      24681      24681      24681          0          0 flashggTTHHadronicTag
TrigReport      24681      24681      24681          0          0 flashggTTHLeptonicTag
TrigReport      24681      24681      24681          0          0 flashggTagSorter
TrigReport      24681      24681      24681          0          0 flashggUnpackedJets
TrigReport      24681      24681      24681          0          0 flashggVBFMVA
TrigReport      24681      24681      24681          0          0 flashggVHMetTag
TrigReport      24681      24681      24681          0          0 flashggVHhadMVA
TrigReport      24681      24681      24681          0          0 flashggWHLeptonicTag
TrigReport      24681      24681      24681          0          0 flashggZHLeptonicTag
TrigReport      25000      25000      25000          0          0 p
TrigReport      24681      24681      24681          0          0 tagsDumper

TimeReport ---------- Event  Summary ---[sec]----
TimeReport       event loop CPU/event = 0.152827
TimeReport      event loop Real/event = 0.154969
TimeReport     sum Streams Real/event = 0.150563
TimeReport efficiency CPU/Real/thread = 0.986176

TimeReport ---------- Path   Summary ---[Real sec]----
TimeReport  per event     per exec  Name
TimeReport   0.150049     0.150049  p
TimeReport  per event     per exec  Name

TimeReport -------End-Path   Summary ---[Real sec]----
TimeReport  per event     per exec  Name
TimeReport  per event     per exec  Name

TimeReport ---------- Modules in Path: p ---[Real sec]----
TimeReport  per event    per visit  Name
TimeReport   0.000017     0.000017  flashggMetFilters
TimeReport   0.000007     0.000007  VHFilter
TimeReport   0.079379     0.080405  flashggDifferentialPhoIdInputsCorrection
TimeReport   0.051151     0.051812  flashggDiPhotonSystematics
TimeReport   0.000198     0.000201  flashggMetSystematics
TimeReport   0.000053     0.000054  flashggMuonSystematics
TimeReport   0.000041     0.000042  flashggElectronSystematics
TimeReport   0.000246     0.000250  flashggUnpackedJets
TimeReport   0.004223     0.004277  flashggJetSystematics0
TimeReport   0.000770     0.000780  flashggJetSystematics1
TimeReport   0.000698     0.000707  flashggJetSystematics2
TimeReport   0.000673     0.000682  flashggJetSystematics3
TimeReport   0.000663     0.000671  flashggJetSystematics4
TimeReport   0.000659     0.000668  flashggJetSystematics5
TimeReport   0.000654     0.000662  flashggJetSystematics6
TimeReport   0.000651     0.000659  flashggJetSystematics7
TimeReport   0.000647     0.000656  flashggJetSystematics8
TimeReport   0.000650     0.000658  flashggJetSystematics9
TimeReport   0.000645     0.000653  flashggJetSystematics10
TimeReport   0.000644     0.000653  flashggJetSystematics11
TimeReport   0.000343     0.000347  flashggPrefireDiPhotons
TimeReport   0.000145     0.000147  flashggPreselectedDiPhotons
TimeReport   0.000044     0.000044  flashggDiPhotonMVA
TimeReport   0.000037     0.000037  flashggVBFMVA
TimeReport   0.000021     0.000021  flashggVHhadMVA
TimeReport   0.000061     0.000062  flashggGluGluHMVA
TimeReport   0.000039     0.000040  flashggStageOneCombinedTag
TimeReport   0.001120     0.001134  flashggTHQLeptonicTag
TimeReport   0.000398     0.000403  flashggVHMetTag
TimeReport   0.000029     0.000029  flashggWHLeptonicTag
TimeReport   0.000025     0.000025  flashggZHLeptonicTag
TimeReport   0.000078     0.000079  flashggTTHLeptonicTag
TimeReport   0.001759     0.001781  flashggTTHHadronicTag
TimeReport   0.000094     0.000095  flashggTagSorter
TimeReport   0.000005     0.000005  flashggSystTagMerger
TimeReport   0.000421     0.000426  tagsDumper
TimeReport  per event    per visit  Name

TimeReport ---------- Module Summary ---[Real sec]----
TimeReport  per event     per exec    per visit  Name
TimeReport   0.000003     0.000003     0.000003  TriggerResults
TimeReport   0.000007     0.000007     0.000007  VHFilter
TimeReport   0.000004     0.000004     0.000004  ak4PFCHSL1FastL2L3Corrector
TimeReport   0.000004     0.000004     0.000004  ak4PFCHSL1FastjetCorrector
TimeReport   0.000002     0.000002     0.000002  ak4PFCHSL2RelativeCorrector
TimeReport   0.000015     0.000015     0.000015  ak4PFCHSL3AbsoluteCorrector
TimeReport   0.000044     0.000044     0.000044  flashggDiPhotonMVA
TimeReport   0.051151     0.051812     0.051812  flashggDiPhotonSystematics
TimeReport   0.079379     0.080405     0.080405  flashggDifferentialPhoIdInputsCorrection
TimeReport   0.000041     0.000042     0.000042  flashggElectronSystematics
TimeReport   0.000061     0.000062     0.000062  flashggGluGluHMVA
TimeReport   0.004223     0.004277     0.004277  flashggJetSystematics0
TimeReport   0.000770     0.000780     0.000780  flashggJetSystematics1
TimeReport   0.000645     0.000653     0.000653  flashggJetSystematics10
TimeReport   0.000644     0.000653     0.000653  flashggJetSystematics11
TimeReport   0.000698     0.000707     0.000707  flashggJetSystematics2
TimeReport   0.000673     0.000682     0.000682  flashggJetSystematics3
TimeReport   0.000663     0.000671     0.000671  flashggJetSystematics4
TimeReport   0.000659     0.000668     0.000668  flashggJetSystematics5
TimeReport   0.000654     0.000662     0.000662  flashggJetSystematics6
TimeReport   0.000651     0.000659     0.000659  flashggJetSystematics7
TimeReport   0.000647     0.000656     0.000656  flashggJetSystematics8
TimeReport   0.000650     0.000658     0.000658  flashggJetSystematics9
TimeReport   0.000017     0.000017     0.000017  flashggMetFilters
TimeReport   0.000198     0.000201     0.000201  flashggMetSystematics
TimeReport   0.000053     0.000054     0.000054  flashggMuonSystematics
TimeReport   0.000343     0.000347     0.000347  flashggPrefireDiPhotons
TimeReport   0.000145     0.000147     0.000147  flashggPreselectedDiPhotons
TimeReport   0.000039     0.000040     0.000040  flashggStageOneCombinedTag
TimeReport   0.000005     0.000005     0.000005  flashggSystTagMerger
TimeReport   0.001120     0.001134     0.001134  flashggTHQLeptonicTag
TimeReport   0.001759     0.001781     0.001781  flashggTTHHadronicTag
TimeReport   0.000078     0.000079     0.000079  flashggTTHLeptonicTag
TimeReport   0.000094     0.000095     0.000095  flashggTagSorter
TimeReport   0.000246     0.000250     0.000250  flashggUnpackedJets
TimeReport   0.000037     0.000037     0.000037  flashggVBFMVA
TimeReport   0.000398     0.000403     0.000403  flashggVHMetTag
TimeReport   0.000021     0.000021     0.000021  flashggVHhadMVA
TimeReport   0.000029     0.000029     0.000029  flashggWHLeptonicTag
TimeReport   0.000025     0.000025     0.000025  flashggZHLeptonicTag
TimeReport   0.000003     0.000003     0.000003  p
TimeReport   0.000421     0.000426     0.000426  tagsDumper
TimeReport  per event     per exec    per visit  Name

T---Report end!


=============================================

MessageLogger Summary

 type     category        sev    module        subroutine        count    total
 ---- -------------------- -- ---------------- ----------------  -----    -----
    1 XrdAdaptor           -w file_open                              1        1
    2 fileAction           -s file_close                             1        1
    3 fileAction           -s file_open                              2        2

 type    category    Examples: run/evt        run/evt          run/evt
 ---- -------------------- ---------------- ---------------- ----------------
    1 XrdAdaptor           pre-events                        
    2 fileAction           PostGlobalEndRun                  
    3 fileAction           pre-events       pre-events       

Severity    # Occurrences   Total Occurrences
--------    -------------   -----------------
Warning                 1                   1
System                  3                   3

dropped waiting message count 0
