mkdir: cannot create directory '/afs/cern.ch/user/x/xisu/private/local/Analysis_workspace/VH_AC_tmp1/flashgg_d2/CMSSW_10_6_29/src/flashgg/VHAC_Analysis_Met/UL_17/UL_17_zh125': File exists
/cvmfs/cms.cern.ch/slc7_amd64_gcc700/external/py2-requests/2.21.0-pafccj2/lib/python2.7/site-packages/requests/__init__.py:91: RequestsDependencyWarning: urllib3 (1.25.2) or chardet (3.0.4) doesn't match a supported version!
  RequestsDependencyWarning)
20-Dec-2022 11:15:38 CET  Initiating request to open file root://cms-xrd-global.cern.ch//store/user/alesauva/flashgg/UL2017_4/10_6_4/ZHiggs0MToGG_M125_TuneCP5_13TeV-JHUGenV7011-pythia8/UL2017_4-10_6_4-v0-RunIISummer19UL17MiniAOD-106X_mc2017_realistic_v6-v2/200720_162208/0000/myMicroAODOutputFile_11.root
%MSG-w XrdAdaptor:  file_open 20-Dec-2022 11:15:41 CET pre-events
Data is served from GRIF-IRFU instead of original site CERN-CMSGLOBAL-01
%MSG
20-Dec-2022 11:15:42 CET  Successfully opened file root://cms-xrd-global.cern.ch//store/user/alesauva/flashgg/UL2017_4/10_6_4/ZHiggs0MToGG_M125_TuneCP5_13TeV-JHUGenV7011-pythia8/UL2017_4-10_6_4-v0-RunIISummer19UL17MiniAOD-106X_mc2017_realistic_v6-v2/200720_162208/0000/myMicroAODOutputFile_11.root
2022-12-20 11:27:57.376273: I tensorflow/core/platform/cpu_feature_guard.cc:140] Your CPU supports instructions that this TensorFlow binary was not compiled to use: SSE4.1 SSE4.2 AVX AVX2 FMA
Begin processing the 1st record. Run 1, Event 120409, LumiSection 1205 on stream 0 at 20-Dec-2022 11:28:51.075 CET
[2022-12-20 11:29:34.293075 +0100][Error  ][AsyncSock         ] [xrootd.ba.infn.it:1094 #0.0] Socket error while handshaking: [ERROR] Socket timeout
[2022-12-20 11:29:34.293367 +0100][Error  ][PostMaster        ] [xrootd.ba.infn.it:1094 #0] elapsed = 45, pConnectionWindow = 31 seconds.
[2022-12-20 11:30:19.380957 +0100][Error  ][AsyncSock         ] [xrootd.ba.infn.it:1094 #0.0] Socket error while handshaking: [ERROR] Socket timeout
[2022-12-20 11:30:19.381158 +0100][Error  ][PostMaster        ] [xrootd.ba.infn.it:1094 #0] elapsed = 45, pConnectionWindow = 31 seconds.
[2022-12-20 11:30:19.381224 +0100][Error  ][PostMaster        ] [xrootd.ba.infn.it:1094 #0] Unable to recover: [ERROR] Socket timeout.
[2022-12-20 11:30:19.381245 +0100][Error  ][XRootD            ] [xrootd.ba.infn.it:1094] Impossible to send message kXR_open (file: /store/user/alesauva/flashgg/UL2017_4/10_6_4/ZHiggs0MToGG_M125_TuneCP5_13TeV-JHUGenV7011-pythia8/UL2017_4-10_6_4-v0-RunIISummer19UL17MiniAOD-106X_mc2017_realistic_v6-v2/200720_162208/0000/myMicroAODOutputFile_11.root?tried=stor79.datagrid.cea.fr, mode: 0660, flags: kXR_open_read kXR_async kXR_retstat ). Trying to recover.
Begin processing the 1001st record. Run 1, Event 121705, LumiSection 1218 on stream 0 at 20-Dec-2022 11:32:58.551 CET
Begin processing the 2001st record. Run 1, Event 122709, LumiSection 1228 on stream 0 at 20-Dec-2022 11:34:47.140 CET
[2022-12-20 11:34:50.805016 +0100][Error  ][AsyncSock         ] [xrootd.ba.infn.it:1094 #0.0] Socket error while handshaking: [ERROR] Socket timeout
[2022-12-20 11:34:50.805186 +0100][Error  ][PostMaster        ] [xrootd.ba.infn.it:1094 #0] elapsed = 45, pConnectionWindow = 31 seconds.
[2022-12-20 11:35:35.975951 +0100][Error  ][AsyncSock         ] [xrootd.ba.infn.it:1094 #0.0] Socket error while handshaking: [ERROR] Socket timeout
[2022-12-20 11:35:35.976103 +0100][Error  ][PostMaster        ] [xrootd.ba.infn.it:1094 #0] elapsed = 45, pConnectionWindow = 31 seconds.
[2022-12-20 11:35:35.976112 +0100][Error  ][PostMaster        ] [xrootd.ba.infn.it:1094 #0] Unable to recover: [ERROR] Socket timeout.
[2022-12-20 11:35:35.976120 +0100][Error  ][XRootD            ] [xrootd.ba.infn.it:1094] Impossible to send message kXR_open (file: /store/user/alesauva/flashgg/UL2017_4/10_6_4/ZHiggs0MToGG_M125_TuneCP5_13TeV-JHUGenV7011-pythia8/UL2017_4-10_6_4-v0-RunIISummer19UL17MiniAOD-106X_mc2017_realistic_v6-v2/200720_162208/0000/myMicroAODOutputFile_11.root?tried=stor79.datagrid.cea.fr, mode: 0660, flags: kXR_open_read kXR_async kXR_retstat ). Trying to recover.
Begin processing the 3001st record. Run 1, Event 735406, LumiSection 7355 on stream 0 at 20-Dec-2022 11:36:38.750 CET
Begin processing the 4001st record. Run 1, Event 385814, LumiSection 3859 on stream 0 at 20-Dec-2022 11:38:25.731 CET
Begin processing the 5001st record. Run 1, Event 386805, LumiSection 3869 on stream 0 at 20-Dec-2022 11:40:19.601 CET
[2022-12-20 11:40:48.279138 +0100][Error  ][AsyncSock         ] [xrootd.ba.infn.it:1094 #0.0] Socket error while handshaking: [ERROR] Socket timeout
[2022-12-20 11:40:48.279321 +0100][Error  ][PostMaster        ] [xrootd.ba.infn.it:1094 #0] elapsed = 45, pConnectionWindow = 31 seconds.
[2022-12-20 11:41:33.526984 +0100][Error  ][AsyncSock         ] [xrootd.ba.infn.it:1094 #0.0] Socket error while handshaking: [ERROR] Socket timeout
[2022-12-20 11:41:33.527173 +0100][Error  ][PostMaster        ] [xrootd.ba.infn.it:1094 #0] elapsed = 45, pConnectionWindow = 31 seconds.
[2022-12-20 11:41:33.527184 +0100][Error  ][PostMaster        ] [xrootd.ba.infn.it:1094 #0] Unable to recover: [ERROR] Socket timeout.
[2022-12-20 11:41:33.527194 +0100][Error  ][XRootD            ] [xrootd.ba.infn.it:1094] Impossible to send message kXR_open (file: /store/user/alesauva/flashgg/UL2017_4/10_6_4/ZHiggs0MToGG_M125_TuneCP5_13TeV-JHUGenV7011-pythia8/UL2017_4-10_6_4-v0-RunIISummer19UL17MiniAOD-106X_mc2017_realistic_v6-v2/200720_162208/0000/myMicroAODOutputFile_11.root?tried=stor79.datagrid.cea.fr, mode: 0660, flags: kXR_open_read kXR_async kXR_retstat ). Trying to recover.
Begin processing the 6001st record. Run 1, Event 387907, LumiSection 3880 on stream 0 at 20-Dec-2022 11:42:14.866 CET
Begin processing the 7001st record. Run 1, Event 530004, LumiSection 5301 on stream 0 at 20-Dec-2022 11:44:06.543 CET
Begin processing the 8001st record. Run 1, Event 576403, LumiSection 5765 on stream 0 at 20-Dec-2022 11:45:56.337 CET
[2022-12-20 11:46:15.830926 +0100][Error  ][AsyncSock         ] [xrootd.ba.infn.it:1094 #0.0] Socket error while handshaking: [ERROR] Socket timeout
[2022-12-20 11:46:15.831078 +0100][Error  ][PostMaster        ] [xrootd.ba.infn.it:1094 #0] elapsed = 45, pConnectionWindow = 31 seconds.
[2022-12-20 11:47:01.076190 +0100][Error  ][AsyncSock         ] [xrootd.ba.infn.it:1094 #0.0] Socket error while handshaking: [ERROR] Socket timeout
[2022-12-20 11:47:01.076374 +0100][Error  ][PostMaster        ] [xrootd.ba.infn.it:1094 #0] elapsed = 46, pConnectionWindow = 31 seconds.
[2022-12-20 11:47:01.076386 +0100][Error  ][PostMaster        ] [xrootd.ba.infn.it:1094 #0] Unable to recover: [ERROR] Socket timeout.
[2022-12-20 11:47:01.076398 +0100][Error  ][XRootD            ] [xrootd.ba.infn.it:1094] Impossible to send message kXR_open (file: /store/user/alesauva/flashgg/UL2017_4/10_6_4/ZHiggs0MToGG_M125_TuneCP5_13TeV-JHUGenV7011-pythia8/UL2017_4-10_6_4-v0-RunIISummer19UL17MiniAOD-106X_mc2017_realistic_v6-v2/200720_162208/0000/myMicroAODOutputFile_11.root?tried=stor79.datagrid.cea.fr, mode: 0660, flags: kXR_open_read kXR_async kXR_retstat ). Trying to recover.
Begin processing the 9001st record. Run 1, Event 578401, LumiSection 5785 on stream 0 at 20-Dec-2022 11:47:49.685 CET
Begin processing the 10001st record. Run 1, Event 419506, LumiSection 4196 on stream 0 at 20-Dec-2022 11:49:45.035 CET
Begin processing the 11001st record. Run 1, Event 228808, LumiSection 2289 on stream 0 at 20-Dec-2022 11:51:36.950 CET
[2022-12-20 11:51:45.729118 +0100][Error  ][AsyncSock         ] [xrootd.ba.infn.it:1094 #0.0] Socket error while handshaking: [ERROR] Socket timeout
[2022-12-20 11:51:45.729308 +0100][Error  ][PostMaster        ] [xrootd.ba.infn.it:1094 #0] elapsed = 45, pConnectionWindow = 31 seconds.
[2022-12-20 11:52:30.938914 +0100][Error  ][AsyncSock         ] [xrootd.ba.infn.it:1094 #0.0] Socket error while handshaking: [ERROR] Socket timeout
[2022-12-20 11:52:30.939061 +0100][Error  ][PostMaster        ] [xrootd.ba.infn.it:1094 #0] elapsed = 45, pConnectionWindow = 31 seconds.
[2022-12-20 11:52:30.939076 +0100][Error  ][PostMaster        ] [xrootd.ba.infn.it:1094 #0] Unable to recover: [ERROR] Socket timeout.
[2022-12-20 11:52:30.939086 +0100][Error  ][XRootD            ] [xrootd.ba.infn.it:1094] Impossible to send message kXR_open (file: /store/user/alesauva/flashgg/UL2017_4/10_6_4/ZHiggs0MToGG_M125_TuneCP5_13TeV-JHUGenV7011-pythia8/UL2017_4-10_6_4-v0-RunIISummer19UL17MiniAOD-106X_mc2017_realistic_v6-v2/200720_162208/0000/myMicroAODOutputFile_11.root?tried=stor79.datagrid.cea.fr, mode: 0660, flags: kXR_open_read kXR_async kXR_retstat ). Trying to recover.
Begin processing the 12001st record. Run 1, Event 230401, LumiSection 2305 on stream 0 at 20-Dec-2022 11:53:20.942 CET
Begin processing the 13001st record. Run 1, Event 231401, LumiSection 2315 on stream 0 at 20-Dec-2022 11:55:09.560 CET
Begin processing the 14001st record. Run 1, Event 261607, LumiSection 2617 on stream 0 at 20-Dec-2022 11:56:53.209 CET
[2022-12-20 11:56:58.338061 +0100][Error  ][AsyncSock         ] [xrootd.ba.infn.it:1094 #0.0] Socket error while handshaking: [ERROR] Socket timeout
[2022-12-20 11:56:58.338257 +0100][Error  ][PostMaster        ] [xrootd.ba.infn.it:1094 #0] elapsed = 46, pConnectionWindow = 31 seconds.
[2022-12-20 11:57:43.575944 +0100][Error  ][AsyncSock         ] [xrootd.ba.infn.it:1094 #0.0] Socket error while handshaking: [ERROR] Socket timeout
[2022-12-20 11:57:43.576128 +0100][Error  ][PostMaster        ] [xrootd.ba.infn.it:1094 #0] elapsed = 45, pConnectionWindow = 31 seconds.
[2022-12-20 11:57:43.576142 +0100][Error  ][PostMaster        ] [xrootd.ba.infn.it:1094 #0] Unable to recover: [ERROR] Socket timeout.
[2022-12-20 11:57:43.576151 +0100][Error  ][XRootD            ] [xrootd.ba.infn.it:1094] Impossible to send message kXR_open (file: /store/user/alesauva/flashgg/UL2017_4/10_6_4/ZHiggs0MToGG_M125_TuneCP5_13TeV-JHUGenV7011-pythia8/UL2017_4-10_6_4-v0-RunIISummer19UL17MiniAOD-106X_mc2017_realistic_v6-v2/200720_162208/0000/myMicroAODOutputFile_11.root?tried=stor79.datagrid.cea.fr, mode: 0660, flags: kXR_open_read kXR_async kXR_retstat ). Trying to recover.
Begin processing the 15001st record. Run 1, Event 262605, LumiSection 2627 on stream 0 at 20-Dec-2022 11:58:36.004 CET
Begin processing the 16001st record. Run 1, Event 622701, LumiSection 6228 on stream 0 at 20-Dec-2022 12:00:19.870 CET
[2022-12-20 12:02:00.017931 +0100][Error  ][AsyncSock         ] [xrootd.ba.infn.it:1094 #0.0] Socket error while handshaking: [ERROR] Socket timeout
[2022-12-20 12:02:00.018082 +0100][Error  ][PostMaster        ] [xrootd.ba.infn.it:1094 #0] elapsed = 46, pConnectionWindow = 31 seconds.
Begin processing the 17001st record. Run 1, Event 638602, LumiSection 6387 on stream 0 at 20-Dec-2022 12:02:09.748 CET
[2022-12-20 12:02:45.216960 +0100][Error  ][AsyncSock         ] [xrootd.ba.infn.it:1094 #0.0] Socket error while handshaking: [ERROR] Socket timeout
[2022-12-20 12:02:45.217133 +0100][Error  ][PostMaster        ] [xrootd.ba.infn.it:1094 #0] elapsed = 45, pConnectionWindow = 31 seconds.
[2022-12-20 12:02:45.217146 +0100][Error  ][PostMaster        ] [xrootd.ba.infn.it:1094 #0] Unable to recover: [ERROR] Socket timeout.
[2022-12-20 12:02:45.217157 +0100][Error  ][XRootD            ] [xrootd.ba.infn.it:1094] Impossible to send message kXR_open (file: /store/user/alesauva/flashgg/UL2017_4/10_6_4/ZHiggs0MToGG_M125_TuneCP5_13TeV-JHUGenV7011-pythia8/UL2017_4-10_6_4-v0-RunIISummer19UL17MiniAOD-106X_mc2017_realistic_v6-v2/200720_162208/0000/myMicroAODOutputFile_11.root?tried=stor79.datagrid.cea.fr, mode: 0660, flags: kXR_open_read kXR_async kXR_retstat ). Trying to recover.
Begin processing the 18001st record. Run 1, Event 625012, LumiSection 6251 on stream 0 at 20-Dec-2022 12:03:54.950 CET
Begin processing the 19001st record. Run 1, Event 626102, LumiSection 6262 on stream 0 at 20-Dec-2022 12:05:42.734 CET
[2022-12-20 12:07:19.646963 +0100][Error  ][AsyncSock         ] [xrootd.ba.infn.it:1094 #0.0] Socket error while handshaking: [ERROR] Socket timeout
[2022-12-20 12:07:19.647159 +0100][Error  ][PostMaster        ] [xrootd.ba.infn.it:1094 #0] elapsed = 45, pConnectionWindow = 31 seconds.
Begin processing the 20001st record. Run 1, Event 656501, LumiSection 6566 on stream 0 at 20-Dec-2022 12:07:39.989 CET
[2022-12-20 12:08:04.844998 +0100][Error  ][AsyncSock         ] [xrootd.ba.infn.it:1094 #0.0] Socket error while handshaking: [ERROR] Socket timeout
[2022-12-20 12:08:04.845190 +0100][Error  ][PostMaster        ] [xrootd.ba.infn.it:1094 #0] elapsed = 45, pConnectionWindow = 31 seconds.
[2022-12-20 12:08:04.845210 +0100][Error  ][PostMaster        ] [xrootd.ba.infn.it:1094 #0] Unable to recover: [ERROR] Socket timeout.
[2022-12-20 12:08:04.845222 +0100][Error  ][XRootD            ] [xrootd.ba.infn.it:1094] Impossible to send message kXR_open (file: /store/user/alesauva/flashgg/UL2017_4/10_6_4/ZHiggs0MToGG_M125_TuneCP5_13TeV-JHUGenV7011-pythia8/UL2017_4-10_6_4-v0-RunIISummer19UL17MiniAOD-106X_mc2017_realistic_v6-v2/200720_162208/0000/myMicroAODOutputFile_11.root?tried=stor79.datagrid.cea.fr, mode: 0660, flags: kXR_open_read kXR_async kXR_retstat ). Trying to recover.
Begin processing the 21001st record. Run 1, Event 657507, LumiSection 6576 on stream 0 at 20-Dec-2022 12:09:25.897 CET
Begin processing the 22001st record. Run 1, Event 658506, LumiSection 6586 on stream 0 at 20-Dec-2022 12:11:13.541 CET
[2022-12-20 12:12:39.070512 +0100][Error  ][AsyncSock         ] [xrootd.ba.infn.it:1094 #0.0] Socket error while handshaking: [ERROR] Socket timeout
[2022-12-20 12:12:39.070701 +0100][Error  ][PostMaster        ] [xrootd.ba.infn.it:1094 #0] elapsed = 46, pConnectionWindow = 31 seconds.
Begin processing the 23001st record. Run 1, Event 659507, LumiSection 6596 on stream 0 at 20-Dec-2022 12:13:00.985 CET
[2022-12-20 12:13:24.299973 +0100][Error  ][AsyncSock         ] [xrootd.ba.infn.it:1094 #0.0] Socket error while handshaking: [ERROR] Socket timeout
[2022-12-20 12:13:24.300140 +0100][Error  ][PostMaster        ] [xrootd.ba.infn.it:1094 #0] elapsed = 45, pConnectionWindow = 31 seconds.
[2022-12-20 12:13:24.300165 +0100][Error  ][PostMaster        ] [xrootd.ba.infn.it:1094 #0] Unable to recover: [ERROR] Socket timeout.
[2022-12-20 12:13:24.300175 +0100][Error  ][XRootD            ] [xrootd.ba.infn.it:1094] Impossible to send message kXR_open (file: /store/user/alesauva/flashgg/UL2017_4/10_6_4/ZHiggs0MToGG_M125_TuneCP5_13TeV-JHUGenV7011-pythia8/UL2017_4-10_6_4-v0-RunIISummer19UL17MiniAOD-106X_mc2017_realistic_v6-v2/200720_162208/0000/myMicroAODOutputFile_11.root?tried=stor79.datagrid.cea.fr, mode: 0660, flags: kXR_open_read kXR_async kXR_retstat ). Trying to recover.
Begin processing the 24001st record. Run 1, Event 660501, LumiSection 6606 on stream 0 at 20-Dec-2022 12:14:52.740 CET
20-Dec-2022 12:16:34 CET  Closed file root://cms-xrd-global.cern.ch//store/user/alesauva/flashgg/UL2017_4/10_6_4/ZHiggs0MToGG_M125_TuneCP5_13TeV-JHUGenV7011-pythia8/UL2017_4-10_6_4-v0-RunIISummer19UL17MiniAOD-106X_mc2017_realistic_v6-v2/200720_162208/0000/myMicroAODOutputFile_11.root

TrigReport ---------- Event  Summary ------------
TrigReport Events total = 25000 passed = 24817 failed = 183

TrigReport ---------- Path   Summary ------------
TrigReport  Trig Bit#   Executed     Passed     Failed      Error Name
TrigReport     1    0      25000      24817        183          0 p

TrigReport -------End-Path   Summary ------------
TrigReport  Trig Bit#   Executed     Passed     Failed      Error Name

TrigReport ---------- Modules in Path: p ------------
TrigReport  Trig Bit#    Visited     Passed     Failed      Error Name
TrigReport     1    0      25000      24817        183          0 flashggMetFilters
TrigReport     1    1      24817      24817          0          0 VHFilter
TrigReport     1    2      24817      24817          0          0 flashggDifferentialPhoIdInputsCorrection
TrigReport     1    3      24817      24817          0          0 flashggDiPhotonSystematics
TrigReport     1    4      24817      24817          0          0 flashggMetSystematics
TrigReport     1    5      24817      24817          0          0 flashggMuonSystematics
TrigReport     1    6      24817      24817          0          0 flashggElectronSystematics
TrigReport     1    7      24817      24817          0          0 flashggUnpackedJets
TrigReport     1    8      24817      24817          0          0 flashggJetSystematics0
TrigReport     1    9      24817      24817          0          0 flashggJetSystematics1
TrigReport     1   10      24817      24817          0          0 flashggJetSystematics2
TrigReport     1   11      24817      24817          0          0 flashggJetSystematics3
TrigReport     1   12      24817      24817          0          0 flashggJetSystematics4
TrigReport     1   13      24817      24817          0          0 flashggJetSystematics5
TrigReport     1   14      24817      24817          0          0 flashggJetSystematics6
TrigReport     1   15      24817      24817          0          0 flashggJetSystematics7
TrigReport     1   16      24817      24817          0          0 flashggJetSystematics8
TrigReport     1   17      24817      24817          0          0 flashggJetSystematics9
TrigReport     1   18      24817      24817          0          0 flashggJetSystematics10
TrigReport     1   19      24817      24817          0          0 flashggJetSystematics11
TrigReport     1   20      24817      24817          0          0 flashggPrefireDiPhotons
TrigReport     1   21      24817      24817          0          0 flashggPreselectedDiPhotons
TrigReport     1   22      24817      24817          0          0 flashggDiPhotonMVA
TrigReport     1   23      24817      24817          0          0 flashggVBFMVA
TrigReport     1   24      24817      24817          0          0 flashggVHhadMVA
TrigReport     1   25      24817      24817          0          0 flashggGluGluHMVA
TrigReport     1   26      24817      24817          0          0 flashggStageOneCombinedTag
TrigReport     1   27      24817      24817          0          0 flashggTHQLeptonicTag
TrigReport     1   28      24817      24817          0          0 flashggVHMetTag
TrigReport     1   29      24817      24817          0          0 flashggWHLeptonicTag
TrigReport     1   30      24817      24817          0          0 flashggZHLeptonicTag
TrigReport     1   31      24817      24817          0          0 flashggTTHLeptonicTag
TrigReport     1   32      24817      24817          0          0 flashggTTHHadronicTag
TrigReport     1   33      24817      24817          0          0 flashggTagSorter
TrigReport     1   34      24817      24817          0          0 flashggSystTagMerger
TrigReport     1   35      24817      24817          0          0 tagsDumper

TrigReport ---------- Module Summary ------------
TrigReport    Visited   Executed     Passed     Failed      Error Name
TrigReport      25000      25000      25000          0          0 TriggerResults
TrigReport      24817      24817      24817          0          0 VHFilter
TrigReport      24817      24817      24817          0          0 ak4PFCHSL1FastL2L3Corrector
TrigReport      24817      24817      24817          0          0 ak4PFCHSL1FastjetCorrector
TrigReport      24817      24817      24817          0          0 ak4PFCHSL2RelativeCorrector
TrigReport      24817      24817      24817          0          0 ak4PFCHSL3AbsoluteCorrector
TrigReport      24817      24817      24817          0          0 flashggDiPhotonMVA
TrigReport      24817      24817      24817          0          0 flashggDiPhotonSystematics
TrigReport      24817      24817      24817          0          0 flashggDifferentialPhoIdInputsCorrection
TrigReport      24817      24817      24817          0          0 flashggElectronSystematics
TrigReport      24817      24817      24817          0          0 flashggGluGluHMVA
TrigReport      24817      24817      24817          0          0 flashggJetSystematics0
TrigReport      24817      24817      24817          0          0 flashggJetSystematics1
TrigReport      24817      24817      24817          0          0 flashggJetSystematics10
TrigReport      24817      24817      24817          0          0 flashggJetSystematics11
TrigReport      24817      24817      24817          0          0 flashggJetSystematics2
TrigReport      24817      24817      24817          0          0 flashggJetSystematics3
TrigReport      24817      24817      24817          0          0 flashggJetSystematics4
TrigReport      24817      24817      24817          0          0 flashggJetSystematics5
TrigReport      24817      24817      24817          0          0 flashggJetSystematics6
TrigReport      24817      24817      24817          0          0 flashggJetSystematics7
TrigReport      24817      24817      24817          0          0 flashggJetSystematics8
TrigReport      24817      24817      24817          0          0 flashggJetSystematics9
TrigReport      25000      25000      24817        183          0 flashggMetFilters
TrigReport      24817      24817      24817          0          0 flashggMetSystematics
TrigReport      24817      24817      24817          0          0 flashggMuonSystematics
TrigReport      24817      24817      24817          0          0 flashggPrefireDiPhotons
TrigReport      24817      24817      24817          0          0 flashggPreselectedDiPhotons
TrigReport      24817      24817      24817          0          0 flashggStageOneCombinedTag
TrigReport      24817      24817      24817          0          0 flashggSystTagMerger
TrigReport      24817      24817      24817          0          0 flashggTHQLeptonicTag
TrigReport      24817      24817      24817          0          0 flashggTTHHadronicTag
TrigReport      24817      24817      24817          0          0 flashggTTHLeptonicTag
TrigReport      24817      24817      24817          0          0 flashggTagSorter
TrigReport      24817      24817      24817          0          0 flashggUnpackedJets
TrigReport      24817      24817      24817          0          0 flashggVBFMVA
TrigReport      24817      24817      24817          0          0 flashggVHMetTag
TrigReport      24817      24817      24817          0          0 flashggVHhadMVA
TrigReport      24817      24817      24817          0          0 flashggWHLeptonicTag
TrigReport      24817      24817      24817          0          0 flashggZHLeptonicTag
TrigReport      25000      25000      25000          0          0 p
TrigReport      24817      24817      24817          0          0 tagsDumper

TimeReport ---------- Event  Summary ---[sec]----
TimeReport       event loop CPU/event = 0.114260
TimeReport      event loop Real/event = 0.114587
TimeReport     sum Streams Real/event = 0.111254
TimeReport efficiency CPU/Real/thread = 0.997153

TimeReport ---------- Path   Summary ---[Real sec]----
TimeReport  per event     per exec  Name
TimeReport   0.110846     0.110846  p
TimeReport  per event     per exec  Name

TimeReport -------End-Path   Summary ---[Real sec]----
TimeReport  per event     per exec  Name
TimeReport  per event     per exec  Name

TimeReport ---------- Modules in Path: p ---[Real sec]----
TimeReport  per event    per visit  Name
TimeReport   0.000013     0.000013  flashggMetFilters
TimeReport   0.000005     0.000005  VHFilter
TimeReport   0.059485     0.059923  flashggDifferentialPhoIdInputsCorrection
TimeReport   0.037136     0.037410  flashggDiPhotonSystematics
TimeReport   0.000150     0.000151  flashggMetSystematics
TimeReport   0.000026     0.000026  flashggMuonSystematics
TimeReport   0.000032     0.000032  flashggElectronSystematics
TimeReport   0.000197     0.000198  flashggUnpackedJets
TimeReport   0.003454     0.003480  flashggJetSystematics0
TimeReport   0.000572     0.000576  flashggJetSystematics1
TimeReport   0.000512     0.000516  flashggJetSystematics2
TimeReport   0.000495     0.000499  flashggJetSystematics3
TimeReport   0.000488     0.000492  flashggJetSystematics4
TimeReport   0.000482     0.000485  flashggJetSystematics5
TimeReport   0.000480     0.000484  flashggJetSystematics6
TimeReport   0.000479     0.000482  flashggJetSystematics7
TimeReport   0.000476     0.000480  flashggJetSystematics8
TimeReport   0.000473     0.000477  flashggJetSystematics9
TimeReport   0.000472     0.000476  flashggJetSystematics10
TimeReport   0.000472     0.000475  flashggJetSystematics11
TimeReport   0.000248     0.000249  flashggPrefireDiPhotons
TimeReport   0.000098     0.000099  flashggPreselectedDiPhotons
TimeReport   0.000027     0.000027  flashggDiPhotonMVA
TimeReport   0.000025     0.000025  flashggVBFMVA
TimeReport   0.000015     0.000015  flashggVHhadMVA
TimeReport   0.000043     0.000044  flashggGluGluHMVA
TimeReport   0.000026     0.000026  flashggStageOneCombinedTag
TimeReport   0.000524     0.000528  flashggTHQLeptonicTag
TimeReport   0.000286     0.000288  flashggVHMetTag
TimeReport   0.000021     0.000021  flashggWHLeptonicTag
TimeReport   0.000017     0.000018  flashggZHLeptonicTag
TimeReport   0.000057     0.000058  flashggTTHLeptonicTag
TimeReport   0.001150     0.001158  flashggTTHHadronicTag
TimeReport   0.000073     0.000073  flashggTagSorter
TimeReport   0.000003     0.000003  flashggSystTagMerger
TimeReport   0.000269     0.000271  tagsDumper
TimeReport  per event    per visit  Name

TimeReport ---------- Module Summary ---[Real sec]----
TimeReport  per event     per exec    per visit  Name
TimeReport   0.000002     0.000002     0.000002  TriggerResults
TimeReport   0.000005     0.000005     0.000005  VHFilter
TimeReport   0.000003     0.000003     0.000003  ak4PFCHSL1FastL2L3Corrector
TimeReport   0.000003     0.000003     0.000003  ak4PFCHSL1FastjetCorrector
TimeReport   0.000001     0.000001     0.000001  ak4PFCHSL2RelativeCorrector
TimeReport   0.000011     0.000011     0.000011  ak4PFCHSL3AbsoluteCorrector
TimeReport   0.000027     0.000027     0.000027  flashggDiPhotonMVA
TimeReport   0.037136     0.037410     0.037410  flashggDiPhotonSystematics
TimeReport   0.059485     0.059923     0.059923  flashggDifferentialPhoIdInputsCorrection
TimeReport   0.000032     0.000032     0.000032  flashggElectronSystematics
TimeReport   0.000043     0.000044     0.000044  flashggGluGluHMVA
TimeReport   0.003454     0.003480     0.003480  flashggJetSystematics0
TimeReport   0.000572     0.000576     0.000576  flashggJetSystematics1
TimeReport   0.000472     0.000476     0.000476  flashggJetSystematics10
TimeReport   0.000472     0.000475     0.000475  flashggJetSystematics11
TimeReport   0.000512     0.000516     0.000516  flashggJetSystematics2
TimeReport   0.000495     0.000499     0.000499  flashggJetSystematics3
TimeReport   0.000488     0.000492     0.000492  flashggJetSystematics4
TimeReport   0.000482     0.000485     0.000485  flashggJetSystematics5
TimeReport   0.000480     0.000484     0.000484  flashggJetSystematics6
TimeReport   0.000479     0.000482     0.000482  flashggJetSystematics7
TimeReport   0.000476     0.000480     0.000480  flashggJetSystematics8
TimeReport   0.000473     0.000477     0.000477  flashggJetSystematics9
TimeReport   0.000013     0.000013     0.000013  flashggMetFilters
TimeReport   0.000150     0.000151     0.000151  flashggMetSystematics
TimeReport   0.000026     0.000026     0.000026  flashggMuonSystematics
TimeReport   0.000248     0.000249     0.000249  flashggPrefireDiPhotons
TimeReport   0.000098     0.000099     0.000099  flashggPreselectedDiPhotons
TimeReport   0.000026     0.000026     0.000026  flashggStageOneCombinedTag
TimeReport   0.000003     0.000003     0.000003  flashggSystTagMerger
TimeReport   0.000524     0.000528     0.000528  flashggTHQLeptonicTag
TimeReport   0.001150     0.001158     0.001158  flashggTTHHadronicTag
TimeReport   0.000057     0.000058     0.000058  flashggTTHLeptonicTag
TimeReport   0.000073     0.000073     0.000073  flashggTagSorter
TimeReport   0.000197     0.000198     0.000198  flashggUnpackedJets
TimeReport   0.000025     0.000025     0.000025  flashggVBFMVA
TimeReport   0.000286     0.000288     0.000288  flashggVHMetTag
TimeReport   0.000015     0.000015     0.000015  flashggVHhadMVA
TimeReport   0.000021     0.000021     0.000021  flashggWHLeptonicTag
TimeReport   0.000017     0.000018     0.000018  flashggZHLeptonicTag
TimeReport   0.000002     0.000002     0.000002  p
TimeReport   0.000269     0.000271     0.000271  tagsDumper
TimeReport  per event     per exec    per visit  Name

T---Report end!


=============================================

MessageLogger Summary

 type     category        sev    module        subroutine        count    total
 ---- -------------------- -- ---------------- ----------------  -----    -----
    1 XrdAdaptor           -w file_open                              1        1
    2 fileAction           -s file_close                             1        1
    3 fileAction           -s file_open                              2        2

 type    category    Examples: run/evt        run/evt          run/evt
 ---- -------------------- ---------------- ---------------- ----------------
    1 XrdAdaptor           pre-events                        
    2 fileAction           PostGlobalEndRun                  
    3 fileAction           pre-events       pre-events       

Severity    # Occurrences   Total Occurrences
--------    -------------   -----------------
Warning                 1                   1
System                  3                   3

dropped waiting message count 0
