mkdir: cannot create directory '/afs/cern.ch/user/x/xisu/private/local/Analysis_workspace/VH_AC_tmp1/flashgg_d2/CMSSW_10_6_29/src/flashgg/VHAC_Analysis_Met/UL_17/UL_17_zh125': File exists
/cvmfs/cms.cern.ch/slc7_amd64_gcc700/external/py2-requests/2.21.0-pafccj2/lib/python2.7/site-packages/requests/__init__.py:91: RequestsDependencyWarning: urllib3 (1.25.2) or chardet (3.0.4) doesn't match a supported version!
  RequestsDependencyWarning)
20-Dec-2022 11:11:31 CET  Initiating request to open file root://cms-xrd-global.cern.ch//store/user/alesauva/flashgg/UL2017_3/10_6_4/VHToGG_M125_TuneCP5_13TeV-amcatnloFXFX-madspin-pythia8/UL2017_3-10_6_4-v0-RunIISummer19UL17MiniAOD-106X_mc2017_realistic_v6-v1/200718_083214/0000/myMicroAODOutputFile_11.root
%MSG-w XrdAdaptor:  file_open 20-Dec-2022 11:11:34 CET pre-events
Data is served from GRIF-IRFU instead of original site CERN-CMSGLOBAL-02
%MSG
20-Dec-2022 11:11:36 CET  Successfully opened file root://cms-xrd-global.cern.ch//store/user/alesauva/flashgg/UL2017_3/10_6_4/VHToGG_M125_TuneCP5_13TeV-amcatnloFXFX-madspin-pythia8/UL2017_3-10_6_4-v0-RunIISummer19UL17MiniAOD-106X_mc2017_realistic_v6-v1/200718_083214/0000/myMicroAODOutputFile_11.root
2022-12-20 11:28:25.261646: I tensorflow/core/platform/cpu_feature_guard.cc:140] Your CPU supports instructions that this TensorFlow binary was not compiled to use: SSE4.1 SSE4.2 AVX AVX2 FMA
Begin processing the 1st record. Run 1, Event 85067, LumiSection 316 on stream 0 at 20-Dec-2022 11:30:03.983 CET
[2022-12-20 11:30:47.586520 +0100][Error  ][AsyncSock         ] [xrootd.ba.infn.it:1094 #0.0] Socket error while handshaking: [ERROR] Socket timeout
[2022-12-20 11:30:47.586908 +0100][Error  ][PostMaster        ] [xrootd.ba.infn.it:1094 #0] elapsed = 45, pConnectionWindow = 31 seconds.
[2022-12-20 11:31:32.853410 +0100][Error  ][AsyncSock         ] [xrootd.ba.infn.it:1094 #0.0] Socket error while handshaking: [ERROR] Socket timeout
[2022-12-20 11:31:32.853538 +0100][Error  ][PostMaster        ] [xrootd.ba.infn.it:1094 #0] elapsed = 45, pConnectionWindow = 31 seconds.
[2022-12-20 11:31:32.853623 +0100][Error  ][PostMaster        ] [xrootd.ba.infn.it:1094 #0] Unable to recover: [ERROR] Socket timeout.
[2022-12-20 11:31:32.853668 +0100][Error  ][XRootD            ] [xrootd.ba.infn.it:1094] Impossible to send message kXR_open (file: /store/user/alesauva/flashgg/UL2017_3/10_6_4/VHToGG_M125_TuneCP5_13TeV-amcatnloFXFX-madspin-pythia8/UL2017_3-10_6_4-v0-RunIISummer19UL17MiniAOD-106X_mc2017_realistic_v6-v1/200718_083214/0000/myMicroAODOutputFile_11.root?tried=stor96.datagrid.cea.fr, mode: 0660, flags: kXR_open_read kXR_async kXR_retstat ). Trying to recover.
[2022-12-20 11:32:22.843476 +0100][Error  ][AsyncSock         ] [xrootd-cms.infn.it:1094 #0.0] Socket error while handshaking: [ERROR] Socket timeout
[2022-12-20 11:32:22.843657 +0100][Error  ][PostMaster        ] [xrootd-cms.infn.it:1094 #0] elapsed = 45, pConnectionWindow = 31 seconds.
Begin processing the 1001st record. Run 1, Event 499785, LumiSection 1852 on stream 0 at 20-Dec-2022 11:35:56.195 CET
Begin processing the 2001st record. Run 1, Event 502710, LumiSection 1862 on stream 0 at 20-Dec-2022 11:37:11.278 CET
Begin processing the 3001st record. Run 1, Event 505758, LumiSection 1874 on stream 0 at 20-Dec-2022 11:38:27.762 CET
Begin processing the 4001st record. Run 1, Event 509168, LumiSection 1886 on stream 0 at 20-Dec-2022 11:39:57.038 CET
[2022-12-20 11:40:30.410562 +0100][Error  ][AsyncSock         ] [xrootd.ba.infn.it:1094 #0.0] Socket error while handshaking: [ERROR] Socket timeout
[2022-12-20 11:40:30.410693 +0100][Error  ][PostMaster        ] [xrootd.ba.infn.it:1094 #0] elapsed = 45, pConnectionWindow = 31 seconds.
[2022-12-20 11:41:15.908427 +0100][Error  ][AsyncSock         ] [xrootd.ba.infn.it:1094 #0.0] Socket error while handshaking: [ERROR] Socket timeout
[2022-12-20 11:41:15.908585 +0100][Error  ][PostMaster        ] [xrootd.ba.infn.it:1094 #0] elapsed = 45, pConnectionWindow = 31 seconds.
[2022-12-20 11:41:15.908606 +0100][Error  ][PostMaster        ] [xrootd.ba.infn.it:1094 #0] Unable to recover: [ERROR] Socket timeout.
[2022-12-20 11:41:15.908642 +0100][Error  ][XRootD            ] [xrootd.ba.infn.it:1094] Impossible to send message kXR_open (file: /store/user/alesauva/flashgg/UL2017_3/10_6_4/VHToGG_M125_TuneCP5_13TeV-amcatnloFXFX-madspin-pythia8/UL2017_3-10_6_4-v0-RunIISummer19UL17MiniAOD-106X_mc2017_realistic_v6-v1/200718_083214/0000/myMicroAODOutputFile_11.root?tried=stor96.datagrid.cea.fr, mode: 0660, flags: kXR_open_read kXR_async kXR_retstat ). Trying to recover.
Begin processing the 5001st record. Run 1, Event 1099742, LumiSection 4074 on stream 0 at 20-Dec-2022 11:41:21.837 CET
Begin processing the 6001st record. Run 1, Event 1051292, LumiSection 3894 on stream 0 at 20-Dec-2022 11:42:38.259 CET
Begin processing the 7001st record. Run 1, Event 65204, LumiSection 242 on stream 0 at 20-Dec-2022 11:44:02.914 CET
Begin processing the 8001st record. Run 1, Event 68164, LumiSection 253 on stream 0 at 20-Dec-2022 11:45:17.356 CET
[2022-12-20 11:45:28.243440 +0100][Error  ][AsyncSock         ] [xrootd.ba.infn.it:1094 #0.0] Socket error while handshaking: [ERROR] Socket timeout
[2022-12-20 11:45:28.243625 +0100][Error  ][PostMaster        ] [xrootd.ba.infn.it:1094 #0] elapsed = 45, pConnectionWindow = 31 seconds.
[2022-12-20 11:46:13.309059 +0100][Error  ][AsyncSock         ] [xrootd.ba.infn.it:1094 #0.0] Socket error while handshaking: [ERROR] Socket timeout
[2022-12-20 11:46:13.309193 +0100][Error  ][PostMaster        ] [xrootd.ba.infn.it:1094 #0] elapsed = 45, pConnectionWindow = 31 seconds.
[2022-12-20 11:46:13.309216 +0100][Error  ][PostMaster        ] [xrootd.ba.infn.it:1094 #0] Unable to recover: [ERROR] Socket timeout.
[2022-12-20 11:46:13.309232 +0100][Error  ][XRootD            ] [xrootd.ba.infn.it:1094] Impossible to send message kXR_open (file: /store/user/alesauva/flashgg/UL2017_3/10_6_4/VHToGG_M125_TuneCP5_13TeV-amcatnloFXFX-madspin-pythia8/UL2017_3-10_6_4-v0-RunIISummer19UL17MiniAOD-106X_mc2017_realistic_v6-v1/200718_083214/0000/myMicroAODOutputFile_11.root?tried=stor96.datagrid.cea.fr, mode: 0660, flags: kXR_open_read kXR_async kXR_retstat ). Trying to recover.
Begin processing the 9001st record. Run 1, Event 92088, LumiSection 342 on stream 0 at 20-Dec-2022 11:46:28.586 CET
Begin processing the 10001st record. Run 1, Event 94921, LumiSection 352 on stream 0 at 20-Dec-2022 11:47:45.854 CET
Begin processing the 11001st record. Run 1, Event 97697, LumiSection 362 on stream 0 at 20-Dec-2022 11:49:08.578 CET
Begin processing the 12001st record. Run 1, Event 110608, LumiSection 410 on stream 0 at 20-Dec-2022 11:50:15.299 CET
[2022-12-20 11:50:20.085520 +0100][Error  ][AsyncSock         ] [xrootd.ba.infn.it:1094 #0.0] Socket error while handshaking: [ERROR] Socket timeout
[2022-12-20 11:50:20.085674 +0100][Error  ][PostMaster        ] [xrootd.ba.infn.it:1094 #0] elapsed = 45, pConnectionWindow = 31 seconds.
[2022-12-20 11:51:05.796453 +0100][Error  ][AsyncSock         ] [xrootd.ba.infn.it:1094 #0.0] Socket error while handshaking: [ERROR] Socket timeout
[2022-12-20 11:51:05.796589 +0100][Error  ][PostMaster        ] [xrootd.ba.infn.it:1094 #0] elapsed = 45, pConnectionWindow = 31 seconds.
[2022-12-20 11:51:05.796614 +0100][Error  ][PostMaster        ] [xrootd.ba.infn.it:1094 #0] Unable to recover: [ERROR] Socket timeout.
[2022-12-20 11:51:05.796631 +0100][Error  ][XRootD            ] [xrootd.ba.infn.it:1094] Impossible to send message kXR_open (file: /store/user/alesauva/flashgg/UL2017_3/10_6_4/VHToGG_M125_TuneCP5_13TeV-amcatnloFXFX-madspin-pythia8/UL2017_3-10_6_4-v0-RunIISummer19UL17MiniAOD-106X_mc2017_realistic_v6-v1/200718_083214/0000/myMicroAODOutputFile_11.root?tried=stor96.datagrid.cea.fr, mode: 0660, flags: kXR_open_read kXR_async kXR_retstat ). Trying to recover.
Begin processing the 13001st record. Run 1, Event 113397, LumiSection 420 on stream 0 at 20-Dec-2022 11:51:29.648 CET
Begin processing the 14001st record. Run 1, Event 1009918, LumiSection 3741 on stream 0 at 20-Dec-2022 11:52:47.910 CET
Begin processing the 15001st record. Run 1, Event 1012651, LumiSection 3751 on stream 0 at 20-Dec-2022 11:54:01.541 CET
[2022-12-20 11:55:01.019567 +0100][Error  ][AsyncSock         ] [xrootd.ba.infn.it:1094 #0.0] Socket error while handshaking: [ERROR] Socket timeout
[2022-12-20 11:55:01.019760 +0100][Error  ][PostMaster        ] [xrootd.ba.infn.it:1094 #0] elapsed = 46, pConnectionWindow = 31 seconds.
Begin processing the 16001st record. Run 1, Event 1249017, LumiSection 4626 on stream 0 at 20-Dec-2022 11:55:35.107 CET
[2022-12-20 11:55:46.284905 +0100][Error  ][AsyncSock         ] [xrootd.ba.infn.it:1094 #0.0] Socket error while handshaking: [ERROR] Socket timeout
[2022-12-20 11:55:46.285057 +0100][Error  ][PostMaster        ] [xrootd.ba.infn.it:1094 #0] elapsed = 45, pConnectionWindow = 31 seconds.
[2022-12-20 11:55:46.285076 +0100][Error  ][PostMaster        ] [xrootd.ba.infn.it:1094 #0] Unable to recover: [ERROR] Socket timeout.
[2022-12-20 11:55:46.285086 +0100][Error  ][XRootD            ] [xrootd.ba.infn.it:1094] Impossible to send message kXR_open (file: /store/user/alesauva/flashgg/UL2017_3/10_6_4/VHToGG_M125_TuneCP5_13TeV-amcatnloFXFX-madspin-pythia8/UL2017_3-10_6_4-v0-RunIISummer19UL17MiniAOD-106X_mc2017_realistic_v6-v1/200718_083214/0000/myMicroAODOutputFile_11.root?tried=stor96.datagrid.cea.fr, mode: 0660, flags: kXR_open_read kXR_async kXR_retstat ). Trying to recover.
Begin processing the 17001st record. Run 1, Event 1313189, LumiSection 4864 on stream 0 at 20-Dec-2022 11:56:45.920 CET
Begin processing the 18001st record. Run 1, Event 101796, LumiSection 378 on stream 0 at 20-Dec-2022 11:58:10.681 CET
Begin processing the 19001st record. Run 1, Event 104662, LumiSection 388 on stream 0 at 20-Dec-2022 11:59:22.829 CET
[2022-12-20 12:00:21.920529 +0100][Error  ][AsyncSock         ] [xrootd.ba.infn.it:1094 #0.0] Socket error while handshaking: [ERROR] Socket timeout
[2022-12-20 12:00:21.920734 +0100][Error  ][PostMaster        ] [xrootd.ba.infn.it:1094 #0] elapsed = 45, pConnectionWindow = 31 seconds.
Begin processing the 20001st record. Run 1, Event 107509, LumiSection 399 on stream 0 at 20-Dec-2022 12:00:44.363 CET
[2022-12-20 12:01:07.258414 +0100][Error  ][AsyncSock         ] [xrootd.ba.infn.it:1094 #0.0] Socket error while handshaking: [ERROR] Socket timeout
[2022-12-20 12:01:07.258543 +0100][Error  ][PostMaster        ] [xrootd.ba.infn.it:1094 #0] elapsed = 46, pConnectionWindow = 31 seconds.
[2022-12-20 12:01:07.258565 +0100][Error  ][PostMaster        ] [xrootd.ba.infn.it:1094 #0] Unable to recover: [ERROR] Socket timeout.
[2022-12-20 12:01:07.258581 +0100][Error  ][XRootD            ] [xrootd.ba.infn.it:1094] Impossible to send message kXR_open (file: /store/user/alesauva/flashgg/UL2017_3/10_6_4/VHToGG_M125_TuneCP5_13TeV-amcatnloFXFX-madspin-pythia8/UL2017_3-10_6_4-v0-RunIISummer19UL17MiniAOD-106X_mc2017_realistic_v6-v1/200718_083214/0000/myMicroAODOutputFile_11.root?tried=+1413xrootd-redic.pi.infn.it,+1213llrxrd-redir.in2p3.fr,+1213xrootd-cms-redir-int.cr.cnaf.infn.it,+1413xrootd-cms-redir-int.cr.cnaf.infn.it,+1413llrxrd-redir.in2p3.fr,stor96.datagrid.cea.fr,node12.datagrid.cea.fr,xrootd-cms-redir-int.cr.cnaf.infn.it,xrootd-cms.infn.it,xrootd-redic.pi.infn.it&triedrc=enoent,enoent, mode: 0660, flags: kXR_open_read kXR_async kXR_retstat ). Trying to recover.
Begin processing the 21001st record. Run 1, Event 369527, LumiSection 1369 on stream 0 at 20-Dec-2022 12:01:58.493 CET
Begin processing the 22001st record. Run 1, Event 512177, LumiSection 1897 on stream 0 at 20-Dec-2022 12:03:21.835 CET
Begin processing the 23001st record. Run 1, Event 782392, LumiSection 2898 on stream 0 at 20-Dec-2022 12:04:36.567 CET
[2022-12-20 12:05:05.117470 +0100][Error  ][AsyncSock         ] [xrootd.ba.infn.it:1094 #0.0] Socket error while handshaking: [ERROR] Socket timeout
[2022-12-20 12:05:05.117621 +0100][Error  ][PostMaster        ] [xrootd.ba.infn.it:1094 #0] elapsed = 45, pConnectionWindow = 31 seconds.
Begin processing the 24001st record. Run 1, Event 1253227, LumiSection 4642 on stream 0 at 20-Dec-2022 12:05:43.125 CET
[2022-12-20 12:05:50.305472 +0100][Error  ][AsyncSock         ] [xrootd.ba.infn.it:1094 #0.0] Socket error while handshaking: [ERROR] Socket timeout
[2022-12-20 12:05:50.305598 +0100][Error  ][PostMaster        ] [xrootd.ba.infn.it:1094 #0] elapsed = 45, pConnectionWindow = 31 seconds.
[2022-12-20 12:05:50.305623 +0100][Error  ][PostMaster        ] [xrootd.ba.infn.it:1094 #0] Unable to recover: [ERROR] Socket timeout.
[2022-12-20 12:05:50.305640 +0100][Error  ][XRootD            ] [xrootd.ba.infn.it:1094] Impossible to send message kXR_open (file: /store/user/alesauva/flashgg/UL2017_3/10_6_4/VHToGG_M125_TuneCP5_13TeV-amcatnloFXFX-madspin-pythia8/UL2017_3-10_6_4-v0-RunIISummer19UL17MiniAOD-106X_mc2017_realistic_v6-v1/200718_083214/0000/myMicroAODOutputFile_11.root?tried=stor96.datagrid.cea.fr, mode: 0660, flags: kXR_open_read kXR_async kXR_retstat ). Trying to recover.
20-Dec-2022 12:06:57 CET  Closed file root://cms-xrd-global.cern.ch//store/user/alesauva/flashgg/UL2017_3/10_6_4/VHToGG_M125_TuneCP5_13TeV-amcatnloFXFX-madspin-pythia8/UL2017_3-10_6_4-v0-RunIISummer19UL17MiniAOD-106X_mc2017_realistic_v6-v1/200718_083214/0000/myMicroAODOutputFile_11.root

TrigReport ---------- Event  Summary ------------
TrigReport Events total = 24976 passed = 8867 failed = 16109

TrigReport ---------- Path   Summary ------------
TrigReport  Trig Bit#   Executed     Passed     Failed      Error Name
TrigReport     1    0      24976       8867      16109          0 p

TrigReport -------End-Path   Summary ------------
TrigReport  Trig Bit#   Executed     Passed     Failed      Error Name

TrigReport ---------- Modules in Path: p ------------
TrigReport  Trig Bit#    Visited     Passed     Failed      Error Name
TrigReport     1    0      24976      24854        122          0 flashggMetFilters
TrigReport     1    1      24854       8867      15987          0 VHFilter
TrigReport     1    2       8867       8867          0          0 flashggDifferentialPhoIdInputsCorrection
TrigReport     1    3       8867       8867          0          0 flashggDiPhotonSystematics
TrigReport     1    4       8867       8867          0          0 flashggMetSystematics
TrigReport     1    5       8867       8867          0          0 flashggMuonSystematics
TrigReport     1    6       8867       8867          0          0 flashggElectronSystematics
TrigReport     1    7       8867       8867          0          0 flashggUnpackedJets
TrigReport     1    8       8867       8867          0          0 flashggJetSystematics0
TrigReport     1    9       8867       8867          0          0 flashggJetSystematics1
TrigReport     1   10       8867       8867          0          0 flashggJetSystematics2
TrigReport     1   11       8867       8867          0          0 flashggJetSystematics3
TrigReport     1   12       8867       8867          0          0 flashggJetSystematics4
TrigReport     1   13       8867       8867          0          0 flashggJetSystematics5
TrigReport     1   14       8867       8867          0          0 flashggJetSystematics6
TrigReport     1   15       8867       8867          0          0 flashggJetSystematics7
TrigReport     1   16       8867       8867          0          0 flashggJetSystematics8
TrigReport     1   17       8867       8867          0          0 flashggJetSystematics9
TrigReport     1   18       8867       8867          0          0 flashggJetSystematics10
TrigReport     1   19       8867       8867          0          0 flashggJetSystematics11
TrigReport     1   20       8867       8867          0          0 flashggPrefireDiPhotons
TrigReport     1   21       8867       8867          0          0 flashggPreselectedDiPhotons
TrigReport     1   22       8867       8867          0          0 flashggDiPhotonMVA
TrigReport     1   23       8867       8867          0          0 flashggVBFMVA
TrigReport     1   24       8867       8867          0          0 flashggVHhadMVA
TrigReport     1   25       8867       8867          0          0 flashggGluGluHMVA
TrigReport     1   26       8867       8867          0          0 flashggStageOneCombinedTag
TrigReport     1   27       8867       8867          0          0 flashggTHQLeptonicTag
TrigReport     1   28       8867       8867          0          0 flashggVHMetTag
TrigReport     1   29       8867       8867          0          0 flashggWHLeptonicTag
TrigReport     1   30       8867       8867          0          0 flashggZHLeptonicTag
TrigReport     1   31       8867       8867          0          0 flashggTTHLeptonicTag
TrigReport     1   32       8867       8867          0          0 flashggTTHHadronicTag
TrigReport     1   33       8867       8867          0          0 flashggTagSorter
TrigReport     1   34       8867       8867          0          0 flashggSystTagMerger
TrigReport     1   35       8867       8867          0          0 tagsDumper

TrigReport ---------- Module Summary ------------
TrigReport    Visited   Executed     Passed     Failed      Error Name
TrigReport      24976      24976      24976          0          0 TriggerResults
TrigReport      24854      24854       8867      15987          0 VHFilter
TrigReport       8867       8867       8867          0          0 ak4PFCHSL1FastL2L3Corrector
TrigReport       8867       8867       8867          0          0 ak4PFCHSL1FastjetCorrector
TrigReport       8867       8867       8867          0          0 ak4PFCHSL2RelativeCorrector
TrigReport       8867       8867       8867          0          0 ak4PFCHSL3AbsoluteCorrector
TrigReport       8867       8867       8867          0          0 flashggDiPhotonMVA
TrigReport       8867       8867       8867          0          0 flashggDiPhotonSystematics
TrigReport       8867       8867       8867          0          0 flashggDifferentialPhoIdInputsCorrection
TrigReport       8867       8867       8867          0          0 flashggElectronSystematics
TrigReport       8867       8867       8867          0          0 flashggGluGluHMVA
TrigReport       8867       8867       8867          0          0 flashggJetSystematics0
TrigReport       8867       8867       8867          0          0 flashggJetSystematics1
TrigReport       8867       8867       8867          0          0 flashggJetSystematics10
TrigReport       8867       8867       8867          0          0 flashggJetSystematics11
TrigReport       8867       8867       8867          0          0 flashggJetSystematics2
TrigReport       8867       8867       8867          0          0 flashggJetSystematics3
TrigReport       8867       8867       8867          0          0 flashggJetSystematics4
TrigReport       8867       8867       8867          0          0 flashggJetSystematics5
TrigReport       8867       8867       8867          0          0 flashggJetSystematics6
TrigReport       8867       8867       8867          0          0 flashggJetSystematics7
TrigReport       8867       8867       8867          0          0 flashggJetSystematics8
TrigReport       8867       8867       8867          0          0 flashggJetSystematics9
TrigReport      24976      24976      24854        122          0 flashggMetFilters
TrigReport       8867       8867       8867          0          0 flashggMetSystematics
TrigReport       8867       8867       8867          0          0 flashggMuonSystematics
TrigReport       8867       8867       8867          0          0 flashggPrefireDiPhotons
TrigReport       8867       8867       8867          0          0 flashggPreselectedDiPhotons
TrigReport       8867       8867       8867          0          0 flashggStageOneCombinedTag
TrigReport       8867       8867       8867          0          0 flashggSystTagMerger
TrigReport       8867       8867       8867          0          0 flashggTHQLeptonicTag
TrigReport       8867       8867       8867          0          0 flashggTTHHadronicTag
TrigReport       8867       8867       8867          0          0 flashggTTHLeptonicTag
TrigReport       8867       8867       8867          0          0 flashggTagSorter
TrigReport       8867       8867       8867          0          0 flashggUnpackedJets
TrigReport       8867       8867       8867          0          0 flashggVBFMVA
TrigReport       8867       8867       8867          0          0 flashggVHMetTag
TrigReport       8867       8867       8867          0          0 flashggVHhadMVA
TrigReport       8867       8867       8867          0          0 flashggWHLeptonicTag
TrigReport       8867       8867       8867          0          0 flashggZHLeptonicTag
TrigReport      24976      24976      24976          0          0 p
TrigReport       8867       8867       8867          0          0 tagsDumper

TimeReport ---------- Event  Summary ---[sec]----
TimeReport       event loop CPU/event = 0.087053
TimeReport      event loop Real/event = 0.088714
TimeReport     sum Streams Real/event = 0.085683
TimeReport efficiency CPU/Real/thread = 0.981277

TimeReport ---------- Path   Summary ---[Real sec]----
TimeReport  per event     per exec  Name
TimeReport   0.085220     0.085220  p
TimeReport  per event     per exec  Name

TimeReport -------End-Path   Summary ---[Real sec]----
TimeReport  per event     per exec  Name
TimeReport  per event     per exec  Name

TimeReport ---------- Modules in Path: p ---[Real sec]----
TimeReport  per event    per visit  Name
TimeReport   0.000020     0.000020  flashggMetFilters
TimeReport   0.000008     0.000008  VHFilter
TimeReport   0.038943     0.109691  flashggDifferentialPhoIdInputsCorrection
TimeReport   0.033894     0.095470  flashggDiPhotonSystematics
TimeReport   0.000136     0.000384  flashggMetSystematics
TimeReport   0.000018     0.000049  flashggMuonSystematics
TimeReport   0.000029     0.000081  flashggElectronSystematics
TimeReport   0.000196     0.000551  flashggUnpackedJets
TimeReport   0.003158     0.008896  flashggJetSystematics0
TimeReport   0.000504     0.001419  flashggJetSystematics1
TimeReport   0.000439     0.001235  flashggJetSystematics2
TimeReport   0.000426     0.001199  flashggJetSystematics3
TimeReport   0.000416     0.001171  flashggJetSystematics4
TimeReport   0.000415     0.001168  flashggJetSystematics5
TimeReport   0.000411     0.001157  flashggJetSystematics6
TimeReport   0.000410     0.001155  flashggJetSystematics7
TimeReport   0.000406     0.001145  flashggJetSystematics8
TimeReport   0.000406     0.001142  flashggJetSystematics9
TimeReport   0.000405     0.001140  flashggJetSystematics10
TimeReport   0.000404     0.001137  flashggJetSystematics11
TimeReport   0.000254     0.000716  flashggPrefireDiPhotons
TimeReport   0.000068     0.000190  flashggPreselectedDiPhotons
TimeReport   0.000014     0.000039  flashggDiPhotonMVA
TimeReport   0.000016     0.000045  flashggVBFMVA
TimeReport   0.000010     0.000028  flashggVHhadMVA
TimeReport   0.000026     0.000074  flashggGluGluHMVA
TimeReport   0.000018     0.000050  flashggStageOneCombinedTag
TimeReport   0.000436     0.001228  flashggTHQLeptonicTag
TimeReport   0.000134     0.000379  flashggVHMetTag
TimeReport   0.000016     0.000046  flashggWHLeptonicTag
TimeReport   0.000013     0.000037  flashggZHLeptonicTag
TimeReport   0.000081     0.000228  flashggTTHLeptonicTag
TimeReport   0.000984     0.002772  flashggTTHHadronicTag
TimeReport   0.000048     0.000136  flashggTagSorter
TimeReport   0.000002     0.000007  flashggSystTagMerger
TimeReport   0.000263     0.000740  tagsDumper
TimeReport  per event    per visit  Name

TimeReport ---------- Module Summary ---[Real sec]----
TimeReport  per event     per exec    per visit  Name
TimeReport   0.000003     0.000003     0.000003  TriggerResults
TimeReport   0.000008     0.000008     0.000008  VHFilter
TimeReport   0.000002     0.000006     0.000006  ak4PFCHSL1FastL2L3Corrector
TimeReport   0.000002     0.000006     0.000006  ak4PFCHSL1FastjetCorrector
TimeReport   0.000001     0.000003     0.000003  ak4PFCHSL2RelativeCorrector
TimeReport   0.000005     0.000014     0.000014  ak4PFCHSL3AbsoluteCorrector
TimeReport   0.000014     0.000039     0.000039  flashggDiPhotonMVA
TimeReport   0.033894     0.095470     0.095470  flashggDiPhotonSystematics
TimeReport   0.038943     0.109691     0.109691  flashggDifferentialPhoIdInputsCorrection
TimeReport   0.000029     0.000081     0.000081  flashggElectronSystematics
TimeReport   0.000026     0.000074     0.000074  flashggGluGluHMVA
TimeReport   0.003158     0.008896     0.008896  flashggJetSystematics0
TimeReport   0.000504     0.001419     0.001419  flashggJetSystematics1
TimeReport   0.000405     0.001140     0.001140  flashggJetSystematics10
TimeReport   0.000404     0.001137     0.001137  flashggJetSystematics11
TimeReport   0.000439     0.001235     0.001235  flashggJetSystematics2
TimeReport   0.000426     0.001199     0.001199  flashggJetSystematics3
TimeReport   0.000416     0.001171     0.001171  flashggJetSystematics4
TimeReport   0.000415     0.001168     0.001168  flashggJetSystematics5
TimeReport   0.000411     0.001157     0.001157  flashggJetSystematics6
TimeReport   0.000410     0.001155     0.001155  flashggJetSystematics7
TimeReport   0.000406     0.001145     0.001145  flashggJetSystematics8
TimeReport   0.000406     0.001142     0.001142  flashggJetSystematics9
TimeReport   0.000020     0.000020     0.000020  flashggMetFilters
TimeReport   0.000136     0.000384     0.000384  flashggMetSystematics
TimeReport   0.000018     0.000049     0.000049  flashggMuonSystematics
TimeReport   0.000254     0.000716     0.000716  flashggPrefireDiPhotons
TimeReport   0.000068     0.000190     0.000190  flashggPreselectedDiPhotons
TimeReport   0.000018     0.000050     0.000050  flashggStageOneCombinedTag
TimeReport   0.000002     0.000007     0.000007  flashggSystTagMerger
TimeReport   0.000436     0.001228     0.001228  flashggTHQLeptonicTag
TimeReport   0.000984     0.002772     0.002772  flashggTTHHadronicTag
TimeReport   0.000081     0.000228     0.000228  flashggTTHLeptonicTag
TimeReport   0.000048     0.000136     0.000136  flashggTagSorter
TimeReport   0.000196     0.000551     0.000551  flashggUnpackedJets
TimeReport   0.000016     0.000045     0.000045  flashggVBFMVA
TimeReport   0.000134     0.000379     0.000379  flashggVHMetTag
TimeReport   0.000010     0.000028     0.000028  flashggVHhadMVA
TimeReport   0.000016     0.000046     0.000046  flashggWHLeptonicTag
TimeReport   0.000013     0.000037     0.000037  flashggZHLeptonicTag
TimeReport   0.000004     0.000004     0.000004  p
TimeReport   0.000263     0.000740     0.000740  tagsDumper
TimeReport  per event     per exec    per visit  Name

T---Report end!


=============================================

MessageLogger Summary

 type     category        sev    module        subroutine        count    total
 ---- -------------------- -- ---------------- ----------------  -----    -----
    1 XrdAdaptor           -w file_open                              1        1
    2 fileAction           -s file_close                             1        1
    3 fileAction           -s file_open                              2        2

 type    category    Examples: run/evt        run/evt          run/evt
 ---- -------------------- ---------------- ---------------- ----------------
    1 XrdAdaptor           pre-events                        
    2 fileAction           PostGlobalEndRun                  
    3 fileAction           pre-events       pre-events       

Severity    # Occurrences   Total Occurrences
--------    -------------   -----------------
Warning                 1                   1
System                  3                   3

dropped waiting message count 0
