mkdir: cannot create directory '/afs/cern.ch/user/x/xisu/private/local/Analysis_workspace/VH_AC_tmp1/flashgg_d2/CMSSW_10_6_29/src/flashgg/VHAC_Analysis_Met/UL_17/UL_17_zh125': File exists
/cvmfs/cms.cern.ch/slc7_amd64_gcc700/external/py2-requests/2.21.0-pafccj2/lib/python2.7/site-packages/requests/__init__.py:91: RequestsDependencyWarning: urllib3 (1.25.2) or chardet (3.0.4) doesn't match a supported version!
  RequestsDependencyWarning)
20-Dec-2022 11:01:29 CET  Initiating request to open file root://cms-xrd-global.cern.ch//store/user/alesauva/flashgg/UL2017_4/10_6_4/ZHiggs0L1ToGG_M125_TuneCP5_13TeV-JHUGenV7011-pythia8/UL2017_4-10_6_4-v0-RunIISummer19UL17MiniAOD-106X_mc2017_realistic_v6-v2/200911_121149/0000/myMicroAODOutputFile_17.root
%MSG-w XrdAdaptor:  file_open 20-Dec-2022 11:01:32 CET pre-events
Data is served from GRIF-IRFU instead of original site CERN-CMSGLOBAL-02
%MSG
20-Dec-2022 11:01:34 CET  Successfully opened file root://cms-xrd-global.cern.ch//store/user/alesauva/flashgg/UL2017_4/10_6_4/ZHiggs0L1ToGG_M125_TuneCP5_13TeV-JHUGenV7011-pythia8/UL2017_4-10_6_4-v0-RunIISummer19UL17MiniAOD-106X_mc2017_realistic_v6-v2/200911_121149/0000/myMicroAODOutputFile_17.root
2022-12-20 11:15:18.812107: I tensorflow/core/platform/cpu_feature_guard.cc:140] Your CPU supports instructions that this TensorFlow binary was not compiled to use: SSE4.1 SSE4.2 AVX AVX2 FMA
Begin processing the 1st record. Run 1, Event 177401, LumiSection 1775 on stream 0 at 20-Dec-2022 11:16:09.796 CET
[2022-12-20 11:16:54.011041 +0100][Error  ][AsyncSock         ] [xrootd.ba.infn.it:1094 #0.0] Socket error while handshaking: [ERROR] Socket timeout
[2022-12-20 11:16:54.011310 +0100][Error  ][PostMaster        ] [xrootd.ba.infn.it:1094 #0] elapsed = 46, pConnectionWindow = 31 seconds.
[2022-12-20 11:17:39.517236 +0100][Error  ][AsyncSock         ] [xrootd.ba.infn.it:1094 #0.0] Socket error while handshaking: [ERROR] Socket timeout
[2022-12-20 11:17:39.517394 +0100][Error  ][PostMaster        ] [xrootd.ba.infn.it:1094 #0] elapsed = 45, pConnectionWindow = 31 seconds.
[2022-12-20 11:17:39.517432 +0100][Error  ][PostMaster        ] [xrootd.ba.infn.it:1094 #0] Unable to recover: [ERROR] Socket timeout.
[2022-12-20 11:17:39.517457 +0100][Error  ][XRootD            ] [xrootd.ba.infn.it:1094] Impossible to send message kXR_open (file: /store/user/alesauva/flashgg/UL2017_4/10_6_4/ZHiggs0L1ToGG_M125_TuneCP5_13TeV-JHUGenV7011-pythia8/UL2017_4-10_6_4-v0-RunIISummer19UL17MiniAOD-106X_mc2017_realistic_v6-v2/200911_121149/0000/myMicroAODOutputFile_17.root?tried=stor81.datagrid.cea.fr, mode: 0660, flags: kXR_open_read kXR_async kXR_retstat ). Trying to recover.
Begin processing the 1001st record. Run 1, Event 384301, LumiSection 3844 on stream 0 at 20-Dec-2022 11:21:03.163 CET
[2022-12-20 11:22:54.578885 +0100][Error  ][AsyncSock         ] [xrootd.ba.infn.it:1094 #0.0] Socket error while handshaking: [ERROR] Socket timeout
[2022-12-20 11:22:54.579032 +0100][Error  ][PostMaster        ] [xrootd.ba.infn.it:1094 #0] elapsed = 45, pConnectionWindow = 31 seconds.
Begin processing the 2001st record. Run 1, Event 385303, LumiSection 3854 on stream 0 at 20-Dec-2022 11:23:26.132 CET
[2022-12-20 11:23:39.817853 +0100][Error  ][AsyncSock         ] [xrootd.ba.infn.it:1094 #0.0] Socket error while handshaking: [ERROR] Socket timeout
[2022-12-20 11:23:39.818001 +0100][Error  ][PostMaster        ] [xrootd.ba.infn.it:1094 #0] elapsed = 45, pConnectionWindow = 31 seconds.
[2022-12-20 11:23:39.818013 +0100][Error  ][PostMaster        ] [xrootd.ba.infn.it:1094 #0] Unable to recover: [ERROR] Socket timeout.
[2022-12-20 11:23:39.818022 +0100][Error  ][XRootD            ] [xrootd.ba.infn.it:1094] Impossible to send message kXR_open (file: /store/user/alesauva/flashgg/UL2017_4/10_6_4/ZHiggs0L1ToGG_M125_TuneCP5_13TeV-JHUGenV7011-pythia8/UL2017_4-10_6_4-v0-RunIISummer19UL17MiniAOD-106X_mc2017_realistic_v6-v2/200911_121149/0000/myMicroAODOutputFile_17.root?tried=stor81.datagrid.cea.fr, mode: 0660, flags: kXR_open_read kXR_async kXR_retstat ). Trying to recover.
Begin processing the 3001st record. Run 1, Event 588001, LumiSection 5881 on stream 0 at 20-Dec-2022 11:25:46.646 CET
Begin processing the 4001st record. Run 1, Event 483805, LumiSection 4839 on stream 0 at 20-Dec-2022 11:28:07.156 CET
Begin processing the 5001st record. Run 1, Event 74001, LumiSection 741 on stream 0 at 20-Dec-2022 11:30:24.341 CET
[2022-12-20 11:30:32.359884 +0100][Error  ][AsyncSock         ] [xrootd.ba.infn.it:1094 #0.0] Socket error while handshaking: [ERROR] Socket timeout
[2022-12-20 11:30:32.360043 +0100][Error  ][PostMaster        ] [xrootd.ba.infn.it:1094 #0] elapsed = 45, pConnectionWindow = 31 seconds.
[2022-12-20 11:31:17.620846 +0100][Error  ][AsyncSock         ] [xrootd.ba.infn.it:1094 #0.0] Socket error while handshaking: [ERROR] Socket timeout
[2022-12-20 11:31:17.620987 +0100][Error  ][PostMaster        ] [xrootd.ba.infn.it:1094 #0] elapsed = 45, pConnectionWindow = 31 seconds.
[2022-12-20 11:31:17.620999 +0100][Error  ][PostMaster        ] [xrootd.ba.infn.it:1094 #0] Unable to recover: [ERROR] Socket timeout.
[2022-12-20 11:31:17.621009 +0100][Error  ][XRootD            ] [xrootd.ba.infn.it:1094] Impossible to send message kXR_open (file: /store/user/alesauva/flashgg/UL2017_4/10_6_4/ZHiggs0L1ToGG_M125_TuneCP5_13TeV-JHUGenV7011-pythia8/UL2017_4-10_6_4-v0-RunIISummer19UL17MiniAOD-106X_mc2017_realistic_v6-v2/200911_121149/0000/myMicroAODOutputFile_17.root?tried=stor81.datagrid.cea.fr, mode: 0660, flags: kXR_open_read kXR_async kXR_retstat ). Trying to recover.
Begin processing the 6001st record. Run 1, Event 75001, LumiSection 751 on stream 0 at 20-Dec-2022 11:32:39.137 CET
Begin processing the 7001st record. Run 1, Event 76006, LumiSection 761 on stream 0 at 20-Dec-2022 11:34:55.509 CET
Begin processing the 8001st record. Run 1, Event 181002, LumiSection 1811 on stream 0 at 20-Dec-2022 11:37:11.911 CET
[2022-12-20 11:39:07.945192 +0100][Error  ][AsyncSock         ] [xrootd.ba.infn.it:1094 #0.0] Socket error while handshaking: [ERROR] Socket timeout
[2022-12-20 11:39:07.945413 +0100][Error  ][PostMaster        ] [xrootd.ba.infn.it:1094 #0] elapsed = 45, pConnectionWindow = 31 seconds.
Begin processing the 9001st record. Run 1, Event 182007, LumiSection 1821 on stream 0 at 20-Dec-2022 11:39:25.503 CET
[2022-12-20 11:39:52.198944 +0100][Error  ][AsyncSock         ] [xrootd.ba.infn.it:1094 #0.0] Socket error while handshaking: [ERROR] Socket timeout
[2022-12-20 11:39:52.199151 +0100][Error  ][PostMaster        ] [xrootd.ba.infn.it:1094 #0] elapsed = 45, pConnectionWindow = 31 seconds.
[2022-12-20 11:39:52.199171 +0100][Error  ][PostMaster        ] [xrootd.ba.infn.it:1094 #0] Unable to recover: [ERROR] Socket timeout.
[2022-12-20 11:39:52.199182 +0100][Error  ][XRootD            ] [xrootd.ba.infn.it:1094] Impossible to send message kXR_open (file: /store/user/alesauva/flashgg/UL2017_4/10_6_4/ZHiggs0L1ToGG_M125_TuneCP5_13TeV-JHUGenV7011-pythia8/UL2017_4-10_6_4-v0-RunIISummer19UL17MiniAOD-106X_mc2017_realistic_v6-v2/200911_121149/0000/myMicroAODOutputFile_17.root?tried=stor81.datagrid.cea.fr, mode: 0660, flags: kXR_open_read kXR_async kXR_retstat ). Trying to recover.
Begin processing the 10001st record. Run 1, Event 183002, LumiSection 1831 on stream 0 at 20-Dec-2022 11:41:36.570 CET
Begin processing the 11001st record. Run 1, Event 378906, LumiSection 3790 on stream 0 at 20-Dec-2022 11:43:58.544 CET
Begin processing the 12001st record. Run 1, Event 563705, LumiSection 5638 on stream 0 at 20-Dec-2022 11:46:31.852 CET
[2022-12-20 11:48:10.574885 +0100][Error  ][AsyncSock         ] [xrootd.ba.infn.it:1094 #0.0] Socket error while handshaking: [ERROR] Socket timeout
[2022-12-20 11:48:10.575055 +0100][Error  ][PostMaster        ] [xrootd.ba.infn.it:1094 #0] elapsed = 45, pConnectionWindow = 31 seconds.
[2022-12-20 11:48:55.832857 +0100][Error  ][AsyncSock         ] [xrootd.ba.infn.it:1094 #0.0] Socket error while handshaking: [ERROR] Socket timeout
[2022-12-20 11:48:55.833008 +0100][Error  ][PostMaster        ] [xrootd.ba.infn.it:1094 #0] elapsed = 45, pConnectionWindow = 31 seconds.
[2022-12-20 11:48:55.833022 +0100][Error  ][PostMaster        ] [xrootd.ba.infn.it:1094 #0] Unable to recover: [ERROR] Socket timeout.
[2022-12-20 11:48:55.833049 +0100][Error  ][XRootD            ] [xrootd.ba.infn.it:1094] Impossible to send message kXR_open (file: /store/user/alesauva/flashgg/UL2017_4/10_6_4/ZHiggs0L1ToGG_M125_TuneCP5_13TeV-JHUGenV7011-pythia8/UL2017_4-10_6_4-v0-RunIISummer19UL17MiniAOD-106X_mc2017_realistic_v6-v2/200911_121149/0000/myMicroAODOutputFile_17.root?tried=stor81.datagrid.cea.fr, mode: 0660, flags: kXR_open_read kXR_async kXR_retstat ). Trying to recover.
Begin processing the 13001st record. Run 1, Event 515902, LumiSection 5160 on stream 0 at 20-Dec-2022 11:49:11.788 CET
Begin processing the 14001st record. Run 1, Event 516904, LumiSection 5170 on stream 0 at 20-Dec-2022 11:51:33.033 CET
[2022-12-20 11:52:47.369986 +0100][Error  ][AsyncSock         ] [xrootd.ba.infn.it:1094 #0.0] Socket error while handshaking: [ERROR] Socket timeout
[2022-12-20 11:52:47.370119 +0100][Error  ][PostMaster        ] [xrootd.ba.infn.it:1094 #0] elapsed = 45, pConnectionWindow = 31 seconds.
[2022-12-20 11:53:32.630149 +0100][Error  ][AsyncSock         ] [xrootd.ba.infn.it:1094 #0.0] Socket error while handshaking: [ERROR] Socket timeout
[2022-12-20 11:53:32.630299 +0100][Error  ][PostMaster        ] [xrootd.ba.infn.it:1094 #0] elapsed = 45, pConnectionWindow = 31 seconds.
[2022-12-20 11:53:32.630313 +0100][Error  ][PostMaster        ] [xrootd.ba.infn.it:1094 #0] Unable to recover: [ERROR] Socket timeout.
[2022-12-20 11:53:32.630324 +0100][Error  ][XRootD            ] [xrootd.ba.infn.it:1094] Impossible to send message kXR_open (file: /store/user/alesauva/flashgg/UL2017_4/10_6_4/ZHiggs0L1ToGG_M125_TuneCP5_13TeV-JHUGenV7011-pythia8/UL2017_4-10_6_4-v0-RunIISummer19UL17MiniAOD-106X_mc2017_realistic_v6-v2/200911_121149/0000/myMicroAODOutputFile_17.root?tried=stor81.datagrid.cea.fr, mode: 0660, flags: kXR_open_read kXR_async kXR_retstat ). Trying to recover.
Begin processing the 15001st record. Run 1, Event 517908, LumiSection 5180 on stream 0 at 20-Dec-2022 11:53:59.373 CET
Begin processing the 16001st record. Run 1, Event 521603, LumiSection 5217 on stream 0 at 20-Dec-2022 11:56:23.798 CET
[2022-12-20 11:57:27.635905 +0100][Error  ][AsyncSock         ] [xrootd.ba.infn.it:1094 #0.0] Socket error while handshaking: [ERROR] Socket timeout
[2022-12-20 11:57:27.636122 +0100][Error  ][PostMaster        ] [xrootd.ba.infn.it:1094 #0] elapsed = 45, pConnectionWindow = 31 seconds.
[2022-12-20 11:58:12.866870 +0100][Error  ][AsyncSock         ] [xrootd.ba.infn.it:1094 #0.0] Socket error while handshaking: [ERROR] Socket timeout
[2022-12-20 11:58:12.866989 +0100][Error  ][PostMaster        ] [xrootd.ba.infn.it:1094 #0] elapsed = 45, pConnectionWindow = 31 seconds.
[2022-12-20 11:58:12.867000 +0100][Error  ][PostMaster        ] [xrootd.ba.infn.it:1094 #0] Unable to recover: [ERROR] Socket timeout.
[2022-12-20 11:58:12.867009 +0100][Error  ][XRootD            ] [xrootd.ba.infn.it:1094] Impossible to send message kXR_open (file: /store/user/alesauva/flashgg/UL2017_4/10_6_4/ZHiggs0L1ToGG_M125_TuneCP5_13TeV-JHUGenV7011-pythia8/UL2017_4-10_6_4-v0-RunIISummer19UL17MiniAOD-106X_mc2017_realistic_v6-v2/200911_121149/0000/myMicroAODOutputFile_17.root?tried=stor81.datagrid.cea.fr, mode: 0660, flags: kXR_open_read kXR_async kXR_retstat ). Trying to recover.
Begin processing the 17001st record. Run 1, Event 522602, LumiSection 5227 on stream 0 at 20-Dec-2022 11:58:53.670 CET
Begin processing the 18001st record. Run 1, Event 523602, LumiSection 5237 on stream 0 at 20-Dec-2022 12:01:19.702 CET
[2022-12-20 12:02:06.960873 +0100][Error  ][AsyncSock         ] [xrootd.ba.infn.it:1094 #0.0] Socket error while handshaking: [ERROR] Socket timeout
[2022-12-20 12:02:06.961147 +0100][Error  ][PostMaster        ] [xrootd.ba.infn.it:1094 #0] elapsed = 45, pConnectionWindow = 31 seconds.
[2022-12-20 12:02:51.288873 +0100][Error  ][AsyncSock         ] [xrootd.ba.infn.it:1094 #0.0] Socket error while handshaking: [ERROR] Socket timeout
[2022-12-20 12:02:51.289037 +0100][Error  ][PostMaster        ] [xrootd.ba.infn.it:1094 #0] elapsed = 45, pConnectionWindow = 31 seconds.
[2022-12-20 12:02:51.289068 +0100][Error  ][PostMaster        ] [xrootd.ba.infn.it:1094 #0] Unable to recover: [ERROR] Socket timeout.
[2022-12-20 12:02:51.289082 +0100][Error  ][XRootD            ] [xrootd.ba.infn.it:1094] Impossible to send message kXR_open (file: /store/user/alesauva/flashgg/UL2017_4/10_6_4/ZHiggs0L1ToGG_M125_TuneCP5_13TeV-JHUGenV7011-pythia8/UL2017_4-10_6_4-v0-RunIISummer19UL17MiniAOD-106X_mc2017_realistic_v6-v2/200911_121149/0000/myMicroAODOutputFile_17.root?tried=stor81.datagrid.cea.fr, mode: 0660, flags: kXR_open_read kXR_async kXR_retstat ). Trying to recover.
Begin processing the 19001st record. Run 1, Event 550911, LumiSection 5510 on stream 0 at 20-Dec-2022 12:03:38.957 CET
Begin processing the 20001st record. Run 1, Event 645805, LumiSection 6459 on stream 0 at 20-Dec-2022 12:05:57.082 CET
Begin processing the 21001st record. Run 1, Event 646803, LumiSection 6469 on stream 0 at 20-Dec-2022 12:08:25.749 CET
Begin processing the 22001st record. Run 1, Event 648002, LumiSection 6481 on stream 0 at 20-Dec-2022 12:10:51.541 CET
[2022-12-20 12:11:03.465887 +0100][Error  ][AsyncSock         ] [xrootd.ba.infn.it:1094 #0.0] Socket error while handshaking: [ERROR] Socket timeout
[2022-12-20 12:11:03.466007 +0100][Error  ][PostMaster        ] [xrootd.ba.infn.it:1094 #0] elapsed = 45, pConnectionWindow = 31 seconds.
[2022-12-20 12:11:48.714889 +0100][Error  ][AsyncSock         ] [xrootd.ba.infn.it:1094 #0.0] Socket error while handshaking: [ERROR] Socket timeout
[2022-12-20 12:11:48.715061 +0100][Error  ][PostMaster        ] [xrootd.ba.infn.it:1094 #0] elapsed = 45, pConnectionWindow = 31 seconds.
[2022-12-20 12:11:48.715078 +0100][Error  ][PostMaster        ] [xrootd.ba.infn.it:1094 #0] Unable to recover: [ERROR] Socket timeout.
[2022-12-20 12:11:48.715093 +0100][Error  ][XRootD            ] [xrootd.ba.infn.it:1094] Impossible to send message kXR_open (file: /store/user/alesauva/flashgg/UL2017_4/10_6_4/ZHiggs0L1ToGG_M125_TuneCP5_13TeV-JHUGenV7011-pythia8/UL2017_4-10_6_4-v0-RunIISummer19UL17MiniAOD-106X_mc2017_realistic_v6-v2/200911_121149/0000/myMicroAODOutputFile_17.root?tried=stor81.datagrid.cea.fr, mode: 0660, flags: kXR_open_read kXR_async kXR_retstat ). Trying to recover.
Begin processing the 23001st record. Run 1, Event 700706, LumiSection 7008 on stream 0 at 20-Dec-2022 12:13:01.021 CET
Begin processing the 24001st record. Run 1, Event 701801, LumiSection 7019 on stream 0 at 20-Dec-2022 12:14:58.591 CET
20-Dec-2022 12:16:44 CET  Closed file root://cms-xrd-global.cern.ch//store/user/alesauva/flashgg/UL2017_4/10_6_4/ZHiggs0L1ToGG_M125_TuneCP5_13TeV-JHUGenV7011-pythia8/UL2017_4-10_6_4-v0-RunIISummer19UL17MiniAOD-106X_mc2017_realistic_v6-v2/200911_121149/0000/myMicroAODOutputFile_17.root

TrigReport ---------- Event  Summary ------------
TrigReport Events total = 25000 passed = 24674 failed = 326

TrigReport ---------- Path   Summary ------------
TrigReport  Trig Bit#   Executed     Passed     Failed      Error Name
TrigReport     1    0      25000      24674        326          0 p

TrigReport -------End-Path   Summary ------------
TrigReport  Trig Bit#   Executed     Passed     Failed      Error Name

TrigReport ---------- Modules in Path: p ------------
TrigReport  Trig Bit#    Visited     Passed     Failed      Error Name
TrigReport     1    0      25000      24674        326          0 flashggMetFilters
TrigReport     1    1      24674      24674          0          0 VHFilter
TrigReport     1    2      24674      24674          0          0 flashggDifferentialPhoIdInputsCorrection
TrigReport     1    3      24674      24674          0          0 flashggDiPhotonSystematics
TrigReport     1    4      24674      24674          0          0 flashggMetSystematics
TrigReport     1    5      24674      24674          0          0 flashggMuonSystematics
TrigReport     1    6      24674      24674          0          0 flashggElectronSystematics
TrigReport     1    7      24674      24674          0          0 flashggUnpackedJets
TrigReport     1    8      24674      24674          0          0 flashggJetSystematics0
TrigReport     1    9      24674      24674          0          0 flashggJetSystematics1
TrigReport     1   10      24674      24674          0          0 flashggJetSystematics2
TrigReport     1   11      24674      24674          0          0 flashggJetSystematics3
TrigReport     1   12      24674      24674          0          0 flashggJetSystematics4
TrigReport     1   13      24674      24674          0          0 flashggJetSystematics5
TrigReport     1   14      24674      24674          0          0 flashggJetSystematics6
TrigReport     1   15      24674      24674          0          0 flashggJetSystematics7
TrigReport     1   16      24674      24674          0          0 flashggJetSystematics8
TrigReport     1   17      24674      24674          0          0 flashggJetSystematics9
TrigReport     1   18      24674      24674          0          0 flashggJetSystematics10
TrigReport     1   19      24674      24674          0          0 flashggJetSystematics11
TrigReport     1   20      24674      24674          0          0 flashggPrefireDiPhotons
TrigReport     1   21      24674      24674          0          0 flashggPreselectedDiPhotons
TrigReport     1   22      24674      24674          0          0 flashggDiPhotonMVA
TrigReport     1   23      24674      24674          0          0 flashggVBFMVA
TrigReport     1   24      24674      24674          0          0 flashggVHhadMVA
TrigReport     1   25      24674      24674          0          0 flashggGluGluHMVA
TrigReport     1   26      24674      24674          0          0 flashggStageOneCombinedTag
TrigReport     1   27      24674      24674          0          0 flashggTHQLeptonicTag
TrigReport     1   28      24674      24674          0          0 flashggVHMetTag
TrigReport     1   29      24674      24674          0          0 flashggWHLeptonicTag
TrigReport     1   30      24674      24674          0          0 flashggZHLeptonicTag
TrigReport     1   31      24674      24674          0          0 flashggTTHLeptonicTag
TrigReport     1   32      24674      24674          0          0 flashggTTHHadronicTag
TrigReport     1   33      24674      24674          0          0 flashggTagSorter
TrigReport     1   34      24674      24674          0          0 flashggSystTagMerger
TrigReport     1   35      24674      24674          0          0 tagsDumper

TrigReport ---------- Module Summary ------------
TrigReport    Visited   Executed     Passed     Failed      Error Name
TrigReport      25000      25000      25000          0          0 TriggerResults
TrigReport      24674      24674      24674          0          0 VHFilter
TrigReport      24674      24674      24674          0          0 ak4PFCHSL1FastL2L3Corrector
TrigReport      24674      24674      24674          0          0 ak4PFCHSL1FastjetCorrector
TrigReport      24674      24674      24674          0          0 ak4PFCHSL2RelativeCorrector
TrigReport      24674      24674      24674          0          0 ak4PFCHSL3AbsoluteCorrector
TrigReport      24674      24674      24674          0          0 flashggDiPhotonMVA
TrigReport      24674      24674      24674          0          0 flashggDiPhotonSystematics
TrigReport      24674      24674      24674          0          0 flashggDifferentialPhoIdInputsCorrection
TrigReport      24674      24674      24674          0          0 flashggElectronSystematics
TrigReport      24674      24674      24674          0          0 flashggGluGluHMVA
TrigReport      24674      24674      24674          0          0 flashggJetSystematics0
TrigReport      24674      24674      24674          0          0 flashggJetSystematics1
TrigReport      24674      24674      24674          0          0 flashggJetSystematics10
TrigReport      24674      24674      24674          0          0 flashggJetSystematics11
TrigReport      24674      24674      24674          0          0 flashggJetSystematics2
TrigReport      24674      24674      24674          0          0 flashggJetSystematics3
TrigReport      24674      24674      24674          0          0 flashggJetSystematics4
TrigReport      24674      24674      24674          0          0 flashggJetSystematics5
TrigReport      24674      24674      24674          0          0 flashggJetSystematics6
TrigReport      24674      24674      24674          0          0 flashggJetSystematics7
TrigReport      24674      24674      24674          0          0 flashggJetSystematics8
TrigReport      24674      24674      24674          0          0 flashggJetSystematics9
TrigReport      25000      25000      24674        326          0 flashggMetFilters
TrigReport      24674      24674      24674          0          0 flashggMetSystematics
TrigReport      24674      24674      24674          0          0 flashggMuonSystematics
TrigReport      24674      24674      24674          0          0 flashggPrefireDiPhotons
TrigReport      24674      24674      24674          0          0 flashggPreselectedDiPhotons
TrigReport      24674      24674      24674          0          0 flashggStageOneCombinedTag
TrigReport      24674      24674      24674          0          0 flashggSystTagMerger
TrigReport      24674      24674      24674          0          0 flashggTHQLeptonicTag
TrigReport      24674      24674      24674          0          0 flashggTTHHadronicTag
TrigReport      24674      24674      24674          0          0 flashggTTHLeptonicTag
TrigReport      24674      24674      24674          0          0 flashggTagSorter
TrigReport      24674      24674      24674          0          0 flashggUnpackedJets
TrigReport      24674      24674      24674          0          0 flashggVBFMVA
TrigReport      24674      24674      24674          0          0 flashggVHMetTag
TrigReport      24674      24674      24674          0          0 flashggVHhadMVA
TrigReport      24674      24674      24674          0          0 flashggWHLeptonicTag
TrigReport      24674      24674      24674          0          0 flashggZHLeptonicTag
TrigReport      25000      25000      25000          0          0 p
TrigReport      24674      24674      24674          0          0 tagsDumper

TimeReport ---------- Event  Summary ---[sec]----
TimeReport       event loop CPU/event = 0.144315
TimeReport      event loop Real/event = 0.145466
TimeReport     sum Streams Real/event = 0.141390
TimeReport efficiency CPU/Real/thread = 0.992086

TimeReport ---------- Path   Summary ---[Real sec]----
TimeReport  per event     per exec  Name
TimeReport   0.140917     0.140917  p
TimeReport  per event     per exec  Name

TimeReport -------End-Path   Summary ---[Real sec]----
TimeReport  per event     per exec  Name
TimeReport  per event     per exec  Name

TimeReport ---------- Modules in Path: p ---[Real sec]----
TimeReport  per event    per visit  Name
TimeReport   0.000015     0.000015  flashggMetFilters
TimeReport   0.000005     0.000005  VHFilter
TimeReport   0.079711     0.080764  flashggDifferentialPhoIdInputsCorrection
TimeReport   0.044569     0.045158  flashggDiPhotonSystematics
TimeReport   0.000165     0.000167  flashggMetSystematics
TimeReport   0.000046     0.000047  flashggMuonSystematics
TimeReport   0.000035     0.000035  flashggElectronSystematics
TimeReport   0.000219     0.000222  flashggUnpackedJets
TimeReport   0.003647     0.003695  flashggJetSystematics0
TimeReport   0.000659     0.000667  flashggJetSystematics1
TimeReport   0.000600     0.000608  flashggJetSystematics2
TimeReport   0.000581     0.000588  flashggJetSystematics3
TimeReport   0.000569     0.000577  flashggJetSystematics4
TimeReport   0.000564     0.000571  flashggJetSystematics5
TimeReport   0.000561     0.000568  flashggJetSystematics6
TimeReport   0.000559     0.000567  flashggJetSystematics7
TimeReport   0.000558     0.000566  flashggJetSystematics8
TimeReport   0.000558     0.000566  flashggJetSystematics9
TimeReport   0.000557     0.000565  flashggJetSystematics10
TimeReport   0.000554     0.000561  flashggJetSystematics11
TimeReport   0.000304     0.000308  flashggPrefireDiPhotons
TimeReport   0.000123     0.000125  flashggPreselectedDiPhotons
TimeReport   0.000037     0.000038  flashggDiPhotonMVA
TimeReport   0.000032     0.000033  flashggVBFMVA
TimeReport   0.000018     0.000018  flashggVHhadMVA
TimeReport   0.000056     0.000057  flashggGluGluHMVA
TimeReport   0.000033     0.000033  flashggStageOneCombinedTag
TimeReport   0.000617     0.000625  flashggTHQLeptonicTag
TimeReport   0.000402     0.000408  flashggVHMetTag
TimeReport   0.000025     0.000026  flashggWHLeptonicTag
TimeReport   0.000022     0.000022  flashggZHLeptonicTag
TimeReport   0.000071     0.000072  flashggTTHLeptonicTag
TimeReport   0.001569     0.001589  flashggTTHHadronicTag
TimeReport   0.000084     0.000085  flashggTagSorter
TimeReport   0.000004     0.000004  flashggSystTagMerger
TimeReport   0.000355     0.000360  tagsDumper
TimeReport  per event    per visit  Name

TimeReport ---------- Module Summary ---[Real sec]----
TimeReport  per event     per exec    per visit  Name
TimeReport   0.000002     0.000002     0.000002  TriggerResults
TimeReport   0.000005     0.000005     0.000005  VHFilter
TimeReport   0.000003     0.000004     0.000004  ak4PFCHSL1FastL2L3Corrector
TimeReport   0.000004     0.000004     0.000004  ak4PFCHSL1FastjetCorrector
TimeReport   0.000002     0.000002     0.000002  ak4PFCHSL2RelativeCorrector
TimeReport   0.000012     0.000012     0.000012  ak4PFCHSL3AbsoluteCorrector
TimeReport   0.000037     0.000038     0.000038  flashggDiPhotonMVA
TimeReport   0.044569     0.045158     0.045158  flashggDiPhotonSystematics
TimeReport   0.079711     0.080764     0.080764  flashggDifferentialPhoIdInputsCorrection
TimeReport   0.000035     0.000035     0.000035  flashggElectronSystematics
TimeReport   0.000056     0.000057     0.000057  flashggGluGluHMVA
TimeReport   0.003647     0.003695     0.003695  flashggJetSystematics0
TimeReport   0.000659     0.000667     0.000667  flashggJetSystematics1
TimeReport   0.000557     0.000565     0.000565  flashggJetSystematics10
TimeReport   0.000554     0.000561     0.000561  flashggJetSystematics11
TimeReport   0.000600     0.000608     0.000608  flashggJetSystematics2
TimeReport   0.000581     0.000588     0.000588  flashggJetSystematics3
TimeReport   0.000569     0.000577     0.000577  flashggJetSystematics4
TimeReport   0.000564     0.000571     0.000571  flashggJetSystematics5
TimeReport   0.000561     0.000568     0.000568  flashggJetSystematics6
TimeReport   0.000559     0.000567     0.000567  flashggJetSystematics7
TimeReport   0.000558     0.000566     0.000566  flashggJetSystematics8
TimeReport   0.000558     0.000566     0.000566  flashggJetSystematics9
TimeReport   0.000015     0.000015     0.000015  flashggMetFilters
TimeReport   0.000165     0.000167     0.000167  flashggMetSystematics
TimeReport   0.000046     0.000047     0.000047  flashggMuonSystematics
TimeReport   0.000304     0.000308     0.000308  flashggPrefireDiPhotons
TimeReport   0.000123     0.000125     0.000125  flashggPreselectedDiPhotons
TimeReport   0.000033     0.000033     0.000033  flashggStageOneCombinedTag
TimeReport   0.000004     0.000004     0.000004  flashggSystTagMerger
TimeReport   0.000617     0.000625     0.000625  flashggTHQLeptonicTag
TimeReport   0.001569     0.001589     0.001589  flashggTTHHadronicTag
TimeReport   0.000071     0.000072     0.000072  flashggTTHLeptonicTag
TimeReport   0.000084     0.000085     0.000085  flashggTagSorter
TimeReport   0.000219     0.000222     0.000222  flashggUnpackedJets
TimeReport   0.000032     0.000033     0.000033  flashggVBFMVA
TimeReport   0.000402     0.000408     0.000408  flashggVHMetTag
TimeReport   0.000018     0.000018     0.000018  flashggVHhadMVA
TimeReport   0.000025     0.000026     0.000026  flashggWHLeptonicTag
TimeReport   0.000022     0.000022     0.000022  flashggZHLeptonicTag
TimeReport   0.000003     0.000003     0.000003  p
TimeReport   0.000355     0.000360     0.000360  tagsDumper
TimeReport  per event     per exec    per visit  Name

T---Report end!


=============================================

MessageLogger Summary

 type     category        sev    module        subroutine        count    total
 ---- -------------------- -- ---------------- ----------------  -----    -----
    1 XrdAdaptor           -w file_open                              1        1
    2 fileAction           -s file_close                             1        1
    3 fileAction           -s file_open                              2        2

 type    category    Examples: run/evt        run/evt          run/evt
 ---- -------------------- ---------------- ---------------- ----------------
    1 XrdAdaptor           pre-events                        
    2 fileAction           PostGlobalEndRun                  
    3 fileAction           pre-events       pre-events       

Severity    # Occurrences   Total Occurrences
--------    -------------   -----------------
Warning                 1                   1
System                  3                   3

dropped waiting message count 0
[2022-12-20 12:16:50.792866 +0100][Error  ][AsyncSock         ] [xrootd.ba.infn.it:1094 #0.0] Socket error while handshaking: [ERROR] Socket timeout
[2022-12-20 12:16:50.792993 +0100][Error  ][PostMaster        ] [xrootd.ba.infn.it:1094 #0] elapsed = 45, pConnectionWindow = 31 seconds.
