mkdir: cannot create directory '/afs/cern.ch/user/x/xisu/private/local/Analysis_workspace/VH_AC_tmp1/flashgg_d2/CMSSW_10_6_29/src/flashgg/VHAC_Analysis_Met/UL_17/UL_17_zh125': File exists
/cvmfs/cms.cern.ch/slc7_amd64_gcc700/external/py2-requests/2.21.0-pafccj2/lib/python2.7/site-packages/requests/__init__.py:91: RequestsDependencyWarning: urllib3 (1.25.2) or chardet (3.0.4) doesn't match a supported version!
  RequestsDependencyWarning)
20-Dec-2022 11:02:40 CET  Initiating request to open file root://cms-xrd-global.cern.ch//store/user/alesauva/flashgg/UL2017_4/10_6_4/ZHiggs0L1ToGG_M125_TuneCP5_13TeV-JHUGenV7011-pythia8/UL2017_4-10_6_4-v0-RunIISummer19UL17MiniAOD-106X_mc2017_realistic_v6-v2/200911_121149/0000/myMicroAODOutputFile_10.root
%MSG-w XrdAdaptor:  file_open 20-Dec-2022 11:02:43 CET pre-events
Data is served from GRIF-IRFU instead of original site CERN-CMSGLOBAL-02
%MSG
20-Dec-2022 11:02:45 CET  Successfully opened file root://cms-xrd-global.cern.ch//store/user/alesauva/flashgg/UL2017_4/10_6_4/ZHiggs0L1ToGG_M125_TuneCP5_13TeV-JHUGenV7011-pythia8/UL2017_4-10_6_4-v0-RunIISummer19UL17MiniAOD-106X_mc2017_realistic_v6-v2/200911_121149/0000/myMicroAODOutputFile_10.root
2022-12-20 11:14:49.883502: I tensorflow/core/platform/cpu_feature_guard.cc:140] Your CPU supports instructions that this TensorFlow binary was not compiled to use: SSE4.1 SSE4.2 AVX AVX2 FMA
Begin processing the 1st record. Run 1, Event 210508, LumiSection 2106 on stream 0 at 20-Dec-2022 11:15:41.114 CET
[2022-12-20 11:16:24.841359 +0100][Error  ][AsyncSock         ] [xrootd.ba.infn.it:1094 #0.0] Socket error while handshaking: [ERROR] Socket timeout
[2022-12-20 11:16:24.841527 +0100][Error  ][PostMaster        ] [xrootd.ba.infn.it:1094 #0] elapsed = 45, pConnectionWindow = 31 seconds.
[2022-12-20 11:17:10.078406 +0100][Error  ][AsyncSock         ] [xrootd.ba.infn.it:1094 #0.0] Socket error while handshaking: [ERROR] Socket timeout
[2022-12-20 11:17:10.078689 +0100][Error  ][PostMaster        ] [xrootd.ba.infn.it:1094 #0] elapsed = 46, pConnectionWindow = 31 seconds.
[2022-12-20 11:17:10.078726 +0100][Error  ][PostMaster        ] [xrootd.ba.infn.it:1094 #0] Unable to recover: [ERROR] Socket timeout.
[2022-12-20 11:17:10.078737 +0100][Error  ][XRootD            ] [xrootd.ba.infn.it:1094] Impossible to send message kXR_open (file: /store/user/alesauva/flashgg/UL2017_4/10_6_4/ZHiggs0L1ToGG_M125_TuneCP5_13TeV-JHUGenV7011-pythia8/UL2017_4-10_6_4-v0-RunIISummer19UL17MiniAOD-106X_mc2017_realistic_v6-v2/200911_121149/0000/myMicroAODOutputFile_10.root?tried=stor81.datagrid.cea.fr, mode: 0660, flags: kXR_open_read kXR_async kXR_retstat ). Trying to recover.
[2022-12-20 11:18:05.282887 +0100][Error  ][AsyncSock         ] [xrootd-cms.infn.it:1094 #0.0] Socket error while handshaking: [ERROR] Socket timeout
[2022-12-20 11:18:05.283136 +0100][Error  ][PostMaster        ] [xrootd-cms.infn.it:1094 #0] elapsed = 45, pConnectionWindow = 31 seconds.
Begin processing the 1001st record. Run 1, Event 349907, LumiSection 3500 on stream 0 at 20-Dec-2022 11:20:16.984 CET
[2022-12-20 11:22:09.340629 +0100][Error  ][AsyncSock         ] [xrootd.ba.infn.it:1094 #0.0] Socket error while handshaking: [ERROR] Socket timeout
[2022-12-20 11:22:09.341117 +0100][Error  ][PostMaster        ] [xrootd.ba.infn.it:1094 #0] elapsed = 45, pConnectionWindow = 31 seconds.
Begin processing the 2001st record. Run 1, Event 350913, LumiSection 3510 on stream 0 at 20-Dec-2022 11:22:40.004 CET
[2022-12-20 11:22:54.584672 +0100][Error  ][AsyncSock         ] [xrootd.ba.infn.it:1094 #0.0] Socket error while handshaking: [ERROR] Socket timeout
[2022-12-20 11:22:54.585306 +0100][Error  ][PostMaster        ] [xrootd.ba.infn.it:1094 #0] elapsed = 45, pConnectionWindow = 31 seconds.
[2022-12-20 11:22:54.585327 +0100][Error  ][PostMaster        ] [xrootd.ba.infn.it:1094 #0] Unable to recover: [ERROR] Socket timeout.
[2022-12-20 11:22:54.585351 +0100][Error  ][XRootD            ] [xrootd.ba.infn.it:1094] Impossible to send message kXR_open (file: /store/user/alesauva/flashgg/UL2017_4/10_6_4/ZHiggs0L1ToGG_M125_TuneCP5_13TeV-JHUGenV7011-pythia8/UL2017_4-10_6_4-v0-RunIISummer19UL17MiniAOD-106X_mc2017_realistic_v6-v2/200911_121149/0000/myMicroAODOutputFile_10.root?tried=stor81.datagrid.cea.fr, mode: 0660, flags: kXR_open_read kXR_async kXR_retstat ). Trying to recover.
Begin processing the 3001st record. Run 1, Event 351909, LumiSection 3520 on stream 0 at 20-Dec-2022 11:25:18.164 CET
Begin processing the 4001st record. Run 1, Event 584213, LumiSection 5843 on stream 0 at 20-Dec-2022 11:28:00.586 CET
Begin processing the 5001st record. Run 1, Event 585205, LumiSection 5853 on stream 0 at 20-Dec-2022 11:30:32.950 CET
[2022-12-20 11:30:35.243523 +0100][Error  ][AsyncSock         ] [xrootd.ba.infn.it:1094 #0.0] Socket error while handshaking: [ERROR] Socket timeout
[2022-12-20 11:30:35.244096 +0100][Error  ][PostMaster        ] [xrootd.ba.infn.it:1094 #0] elapsed = 45, pConnectionWindow = 31 seconds.
[2022-12-20 11:31:20.504297 +0100][Error  ][AsyncSock         ] [xrootd.ba.infn.it:1094 #0.0] Socket error while handshaking: [ERROR] Socket timeout
[2022-12-20 11:31:20.504461 +0100][Error  ][PostMaster        ] [xrootd.ba.infn.it:1094 #0] elapsed = 45, pConnectionWindow = 31 seconds.
[2022-12-20 11:31:20.504473 +0100][Error  ][PostMaster        ] [xrootd.ba.infn.it:1094 #0] Unable to recover: [ERROR] Socket timeout.
[2022-12-20 11:31:20.504482 +0100][Error  ][XRootD            ] [xrootd.ba.infn.it:1094] Impossible to send message kXR_open (file: /store/user/alesauva/flashgg/UL2017_4/10_6_4/ZHiggs0L1ToGG_M125_TuneCP5_13TeV-JHUGenV7011-pythia8/UL2017_4-10_6_4-v0-RunIISummer19UL17MiniAOD-106X_mc2017_realistic_v6-v2/200911_121149/0000/myMicroAODOutputFile_10.root?tried=stor81.datagrid.cea.fr, mode: 0660, flags: kXR_open_read kXR_async kXR_retstat ). Trying to recover.
Begin processing the 6001st record. Run 1, Event 586305, LumiSection 5864 on stream 0 at 20-Dec-2022 11:33:12.096 CET
[2022-12-20 11:35:29.694292 +0100][Error  ][AsyncSock         ] [xrootd.ba.infn.it:1094 #0.0] Socket error while handshaking: [ERROR] Socket timeout
[2022-12-20 11:35:29.694437 +0100][Error  ][PostMaster        ] [xrootd.ba.infn.it:1094 #0] elapsed = 45, pConnectionWindow = 31 seconds.
Begin processing the 7001st record. Run 1, Event 542302, LumiSection 5424 on stream 0 at 20-Dec-2022 11:35:36.332 CET
[2022-12-20 11:36:14.913479 +0100][Error  ][AsyncSock         ] [xrootd.ba.infn.it:1094 #0.0] Socket error while handshaking: [ERROR] Socket timeout
[2022-12-20 11:36:14.913641 +0100][Error  ][PostMaster        ] [xrootd.ba.infn.it:1094 #0] elapsed = 45, pConnectionWindow = 31 seconds.
[2022-12-20 11:36:14.913655 +0100][Error  ][PostMaster        ] [xrootd.ba.infn.it:1094 #0] Unable to recover: [ERROR] Socket timeout.
[2022-12-20 11:36:14.913664 +0100][Error  ][XRootD            ] [xrootd.ba.infn.it:1094] Impossible to send message kXR_open (file: /store/user/alesauva/flashgg/UL2017_4/10_6_4/ZHiggs0L1ToGG_M125_TuneCP5_13TeV-JHUGenV7011-pythia8/UL2017_4-10_6_4-v0-RunIISummer19UL17MiniAOD-106X_mc2017_realistic_v6-v2/200911_121149/0000/myMicroAODOutputFile_10.root?tried=stor81.datagrid.cea.fr, mode: 0660, flags: kXR_open_read kXR_async kXR_retstat ). Trying to recover.
Begin processing the 8001st record. Run 1, Event 560903, LumiSection 5610 on stream 0 at 20-Dec-2022 11:38:02.007 CET
[2022-12-20 11:40:05.335693 +0100][Error  ][AsyncSock         ] [xrootd.ba.infn.it:1094 #0.0] Socket error while handshaking: [ERROR] Socket timeout
[2022-12-20 11:40:05.335839 +0100][Error  ][PostMaster        ] [xrootd.ba.infn.it:1094 #0] elapsed = 45, pConnectionWindow = 31 seconds.
Begin processing the 9001st record. Run 1, Event 561905, LumiSection 5620 on stream 0 at 20-Dec-2022 11:40:32.408 CET
[2022-12-20 11:40:50.584289 +0100][Error  ][AsyncSock         ] [xrootd.ba.infn.it:1094 #0.0] Socket error while handshaking: [ERROR] Socket timeout
[2022-12-20 11:40:50.584382 +0100][Error  ][PostMaster        ] [xrootd.ba.infn.it:1094 #0] elapsed = 45, pConnectionWindow = 31 seconds.
[2022-12-20 11:40:50.584392 +0100][Error  ][PostMaster        ] [xrootd.ba.infn.it:1094 #0] Unable to recover: [ERROR] Socket timeout.
[2022-12-20 11:40:50.584429 +0100][Error  ][XRootD            ] [xrootd.ba.infn.it:1094] Impossible to send message kXR_open (file: /store/user/alesauva/flashgg/UL2017_4/10_6_4/ZHiggs0L1ToGG_M125_TuneCP5_13TeV-JHUGenV7011-pythia8/UL2017_4-10_6_4-v0-RunIISummer19UL17MiniAOD-106X_mc2017_realistic_v6-v2/200911_121149/0000/myMicroAODOutputFile_10.root?tried=stor81.datagrid.cea.fr, mode: 0660, flags: kXR_open_read kXR_async kXR_retstat ). Trying to recover.
Begin processing the 10001st record. Run 1, Event 562901, LumiSection 5630 on stream 0 at 20-Dec-2022 11:43:00.679 CET
[2022-12-20 11:44:45.253358 +0100][Error  ][AsyncSock         ] [xrootd.ba.infn.it:1094 #0.0] Socket error while handshaking: [ERROR] Socket timeout
[2022-12-20 11:44:45.253536 +0100][Error  ][PostMaster        ] [xrootd.ba.infn.it:1094 #0] elapsed = 45, pConnectionWindow = 31 seconds.
Begin processing the 11001st record. Run 1, Event 577213, LumiSection 5773 on stream 0 at 20-Dec-2022 11:45:25.888 CET
[2022-12-20 11:45:30.519318 +0100][Error  ][AsyncSock         ] [xrootd.ba.infn.it:1094 #0.0] Socket error while handshaking: [ERROR] Socket timeout
[2022-12-20 11:45:30.519462 +0100][Error  ][PostMaster        ] [xrootd.ba.infn.it:1094 #0] elapsed = 45, pConnectionWindow = 31 seconds.
[2022-12-20 11:45:30.519472 +0100][Error  ][PostMaster        ] [xrootd.ba.infn.it:1094 #0] Unable to recover: [ERROR] Socket timeout.
[2022-12-20 11:45:30.519480 +0100][Error  ][XRootD            ] [xrootd.ba.infn.it:1094] Impossible to send message kXR_open (file: /store/user/alesauva/flashgg/UL2017_4/10_6_4/ZHiggs0L1ToGG_M125_TuneCP5_13TeV-JHUGenV7011-pythia8/UL2017_4-10_6_4-v0-RunIISummer19UL17MiniAOD-106X_mc2017_realistic_v6-v2/200911_121149/0000/myMicroAODOutputFile_10.root?tried=stor81.datagrid.cea.fr, mode: 0660, flags: kXR_open_read kXR_async kXR_retstat ). Trying to recover.
Begin processing the 12001st record. Run 1, Event 578205, LumiSection 5783 on stream 0 at 20-Dec-2022 11:47:50.259 CET
[2022-12-20 11:49:23.397938 +0100][Error  ][AsyncSock         ] [xrootd.ba.infn.it:1094 #0.0] Socket error while handshaking: [ERROR] Socket timeout
[2022-12-20 11:49:23.398095 +0100][Error  ][PostMaster        ] [xrootd.ba.infn.it:1094 #0] elapsed = 45, pConnectionWindow = 31 seconds.
[2022-12-20 11:50:08.652310 +0100][Error  ][AsyncSock         ] [xrootd.ba.infn.it:1094 #0.0] Socket error while handshaking: [ERROR] Socket timeout
[2022-12-20 11:50:08.652457 +0100][Error  ][PostMaster        ] [xrootd.ba.infn.it:1094 #0] elapsed = 45, pConnectionWindow = 31 seconds.
[2022-12-20 11:50:08.652471 +0100][Error  ][PostMaster        ] [xrootd.ba.infn.it:1094 #0] Unable to recover: [ERROR] Socket timeout.
[2022-12-20 11:50:08.652482 +0100][Error  ][XRootD            ] [xrootd.ba.infn.it:1094] Impossible to send message kXR_open (file: /store/user/alesauva/flashgg/UL2017_4/10_6_4/ZHiggs0L1ToGG_M125_TuneCP5_13TeV-JHUGenV7011-pythia8/UL2017_4-10_6_4-v0-RunIISummer19UL17MiniAOD-106X_mc2017_realistic_v6-v2/200911_121149/0000/myMicroAODOutputFile_10.root?tried=stor81.datagrid.cea.fr, mode: 0660, flags: kXR_open_read kXR_async kXR_retstat ). Trying to recover.
Begin processing the 13001st record. Run 1, Event 578602, LumiSection 5787 on stream 0 at 20-Dec-2022 11:50:24.647 CET
Begin processing the 14001st record. Run 1, Event 579602, LumiSection 5797 on stream 0 at 20-Dec-2022 11:52:59.987 CET
[2022-12-20 11:54:15.034422 +0100][Error  ][AsyncSock         ] [xrootd.ba.infn.it:1094 #0.0] Socket error while handshaking: [ERROR] Socket timeout
[2022-12-20 11:54:15.034573 +0100][Error  ][PostMaster        ] [xrootd.ba.infn.it:1094 #0] elapsed = 45, pConnectionWindow = 31 seconds.
[2022-12-20 11:55:00.293559 +0100][Error  ][AsyncSock         ] [xrootd.ba.infn.it:1094 #0.0] Socket error while handshaking: [ERROR] Socket timeout
[2022-12-20 11:55:00.293742 +0100][Error  ][PostMaster        ] [xrootd.ba.infn.it:1094 #0] elapsed = 45, pConnectionWindow = 31 seconds.
[2022-12-20 11:55:00.293771 +0100][Error  ][PostMaster        ] [xrootd.ba.infn.it:1094 #0] Unable to recover: [ERROR] Socket timeout.
[2022-12-20 11:55:00.293797 +0100][Error  ][XRootD            ] [xrootd.ba.infn.it:1094] Impossible to send message kXR_open (file: /store/user/alesauva/flashgg/UL2017_4/10_6_4/ZHiggs0L1ToGG_M125_TuneCP5_13TeV-JHUGenV7011-pythia8/UL2017_4-10_6_4-v0-RunIISummer19UL17MiniAOD-106X_mc2017_realistic_v6-v2/200911_121149/0000/myMicroAODOutputFile_10.root?tried=stor81.datagrid.cea.fr, mode: 0660, flags: kXR_open_read kXR_async kXR_retstat ). Trying to recover.
Begin processing the 15001st record. Run 1, Event 580605, LumiSection 5807 on stream 0 at 20-Dec-2022 11:55:24.518 CET
Begin processing the 16001st record. Run 1, Event 747403, LumiSection 7475 on stream 0 at 20-Dec-2022 11:57:44.550 CET
[2022-12-20 11:58:45.364483 +0100][Error  ][AsyncSock         ] [xrootd.ba.infn.it:1094 #0.0] Socket error while handshaking: [ERROR] Socket timeout
[2022-12-20 11:58:45.364627 +0100][Error  ][PostMaster        ] [xrootd.ba.infn.it:1094 #0] elapsed = 45, pConnectionWindow = 31 seconds.
[2022-12-20 11:59:30.597016 +0100][Error  ][AsyncSock         ] [xrootd.ba.infn.it:1094 #0.0] Socket error while handshaking: [ERROR] Socket timeout
[2022-12-20 11:59:30.597201 +0100][Error  ][PostMaster        ] [xrootd.ba.infn.it:1094 #0] elapsed = 45, pConnectionWindow = 31 seconds.
[2022-12-20 11:59:30.597238 +0100][Error  ][PostMaster        ] [xrootd.ba.infn.it:1094 #0] Unable to recover: [ERROR] Socket timeout.
[2022-12-20 11:59:30.597248 +0100][Error  ][XRootD            ] [xrootd.ba.infn.it:1094] Impossible to send message kXR_open (file: /store/user/alesauva/flashgg/UL2017_4/10_6_4/ZHiggs0L1ToGG_M125_TuneCP5_13TeV-JHUGenV7011-pythia8/UL2017_4-10_6_4-v0-RunIISummer19UL17MiniAOD-106X_mc2017_realistic_v6-v2/200911_121149/0000/myMicroAODOutputFile_10.root?tried=stor81.datagrid.cea.fr, mode: 0660, flags: kXR_open_read kXR_async kXR_retstat ). Trying to recover.
Begin processing the 17001st record. Run 1, Event 70601, LumiSection 707 on stream 0 at 20-Dec-2022 12:00:00.317 CET
Begin processing the 18001st record. Run 1, Event 158401, LumiSection 1585 on stream 0 at 20-Dec-2022 12:02:17.978 CET
Begin processing the 19001st record. Run 1, Event 159406, LumiSection 1595 on stream 0 at 20-Dec-2022 12:04:22.042 CET
Begin processing the 20001st record. Run 1, Event 262601, LumiSection 2627 on stream 0 at 20-Dec-2022 12:06:39.616 CET
[2022-12-20 12:07:10.588303 +0100][Error  ][AsyncSock         ] [xrootd.ba.infn.it:1094 #0.0] Socket error while handshaking: [ERROR] Socket timeout
[2022-12-20 12:07:10.588550 +0100][Error  ][PostMaster        ] [xrootd.ba.infn.it:1094 #0] elapsed = 45, pConnectionWindow = 31 seconds.
[2022-12-20 12:07:55.788421 +0100][Error  ][AsyncSock         ] [xrootd.ba.infn.it:1094 #0.0] Socket error while handshaking: [ERROR] Socket timeout
[2022-12-20 12:07:55.788524 +0100][Error  ][PostMaster        ] [xrootd.ba.infn.it:1094 #0] elapsed = 45, pConnectionWindow = 31 seconds.
[2022-12-20 12:07:55.788533 +0100][Error  ][PostMaster        ] [xrootd.ba.infn.it:1094 #0] Unable to recover: [ERROR] Socket timeout.
[2022-12-20 12:07:55.788542 +0100][Error  ][XRootD            ] [xrootd.ba.infn.it:1094] Impossible to send message kXR_open (file: /store/user/alesauva/flashgg/UL2017_4/10_6_4/ZHiggs0L1ToGG_M125_TuneCP5_13TeV-JHUGenV7011-pythia8/UL2017_4-10_6_4-v0-RunIISummer19UL17MiniAOD-106X_mc2017_realistic_v6-v2/200911_121149/0000/myMicroAODOutputFile_10.root?tried=stor81.datagrid.cea.fr, mode: 0660, flags: kXR_open_read kXR_async kXR_retstat ). Trying to recover.
Begin processing the 21001st record. Run 1, Event 266102, LumiSection 2662 on stream 0 at 20-Dec-2022 12:08:46.976 CET
Begin processing the 22001st record. Run 1, Event 267103, LumiSection 2672 on stream 0 at 20-Dec-2022 12:11:07.099 CET
Begin processing the 23001st record. Run 1, Event 286604, LumiSection 2867 on stream 0 at 20-Dec-2022 12:13:21.214 CET
Begin processing the 24001st record. Run 1, Event 632003, LumiSection 6321 on stream 0 at 20-Dec-2022 12:15:34.789 CET
[2022-12-20 12:15:38.714347 +0100][Error  ][AsyncSock         ] [xrootd.ba.infn.it:1094 #0.0] Socket error while handshaking: [ERROR] Socket timeout
[2022-12-20 12:15:38.714530 +0100][Error  ][PostMaster        ] [xrootd.ba.infn.it:1094 #0] elapsed = 45, pConnectionWindow = 31 seconds.
[2022-12-20 12:16:23.965292 +0100][Error  ][AsyncSock         ] [xrootd.ba.infn.it:1094 #0.0] Socket error while handshaking: [ERROR] Socket timeout
[2022-12-20 12:16:23.965434 +0100][Error  ][PostMaster        ] [xrootd.ba.infn.it:1094 #0] elapsed = 45, pConnectionWindow = 31 seconds.
[2022-12-20 12:16:23.965446 +0100][Error  ][PostMaster        ] [xrootd.ba.infn.it:1094 #0] Unable to recover: [ERROR] Socket timeout.
[2022-12-20 12:16:23.965456 +0100][Error  ][XRootD            ] [xrootd.ba.infn.it:1094] Impossible to send message kXR_open (file: /store/user/alesauva/flashgg/UL2017_4/10_6_4/ZHiggs0L1ToGG_M125_TuneCP5_13TeV-JHUGenV7011-pythia8/UL2017_4-10_6_4-v0-RunIISummer19UL17MiniAOD-106X_mc2017_realistic_v6-v2/200911_121149/0000/myMicroAODOutputFile_10.root?tried=stor81.datagrid.cea.fr, mode: 0660, flags: kXR_open_read kXR_async kXR_retstat ). Trying to recover.
20-Dec-2022 12:18:05 CET  Closed file root://cms-xrd-global.cern.ch//store/user/alesauva/flashgg/UL2017_4/10_6_4/ZHiggs0L1ToGG_M125_TuneCP5_13TeV-JHUGenV7011-pythia8/UL2017_4-10_6_4-v0-RunIISummer19UL17MiniAOD-106X_mc2017_realistic_v6-v2/200911_121149/0000/myMicroAODOutputFile_10.root

TrigReport ---------- Event  Summary ------------
TrigReport Events total = 25000 passed = 24664 failed = 336

TrigReport ---------- Path   Summary ------------
TrigReport  Trig Bit#   Executed     Passed     Failed      Error Name
TrigReport     1    0      25000      24664        336          0 p

TrigReport -------End-Path   Summary ------------
TrigReport  Trig Bit#   Executed     Passed     Failed      Error Name

TrigReport ---------- Modules in Path: p ------------
TrigReport  Trig Bit#    Visited     Passed     Failed      Error Name
TrigReport     1    0      25000      24664        336          0 flashggMetFilters
TrigReport     1    1      24664      24664          0          0 VHFilter
TrigReport     1    2      24664      24664          0          0 flashggDifferentialPhoIdInputsCorrection
TrigReport     1    3      24664      24664          0          0 flashggDiPhotonSystematics
TrigReport     1    4      24664      24664          0          0 flashggMetSystematics
TrigReport     1    5      24664      24664          0          0 flashggMuonSystematics
TrigReport     1    6      24664      24664          0          0 flashggElectronSystematics
TrigReport     1    7      24664      24664          0          0 flashggUnpackedJets
TrigReport     1    8      24664      24664          0          0 flashggJetSystematics0
TrigReport     1    9      24664      24664          0          0 flashggJetSystematics1
TrigReport     1   10      24664      24664          0          0 flashggJetSystematics2
TrigReport     1   11      24664      24664          0          0 flashggJetSystematics3
TrigReport     1   12      24664      24664          0          0 flashggJetSystematics4
TrigReport     1   13      24664      24664          0          0 flashggJetSystematics5
TrigReport     1   14      24664      24664          0          0 flashggJetSystematics6
TrigReport     1   15      24664      24664          0          0 flashggJetSystematics7
TrigReport     1   16      24664      24664          0          0 flashggJetSystematics8
TrigReport     1   17      24664      24664          0          0 flashggJetSystematics9
TrigReport     1   18      24664      24664          0          0 flashggJetSystematics10
TrigReport     1   19      24664      24664          0          0 flashggJetSystematics11
TrigReport     1   20      24664      24664          0          0 flashggPrefireDiPhotons
TrigReport     1   21      24664      24664          0          0 flashggPreselectedDiPhotons
TrigReport     1   22      24664      24664          0          0 flashggDiPhotonMVA
TrigReport     1   23      24664      24664          0          0 flashggVBFMVA
TrigReport     1   24      24664      24664          0          0 flashggVHhadMVA
TrigReport     1   25      24664      24664          0          0 flashggGluGluHMVA
TrigReport     1   26      24664      24664          0          0 flashggStageOneCombinedTag
TrigReport     1   27      24664      24664          0          0 flashggTHQLeptonicTag
TrigReport     1   28      24664      24664          0          0 flashggVHMetTag
TrigReport     1   29      24664      24664          0          0 flashggWHLeptonicTag
TrigReport     1   30      24664      24664          0          0 flashggZHLeptonicTag
TrigReport     1   31      24664      24664          0          0 flashggTTHLeptonicTag
TrigReport     1   32      24664      24664          0          0 flashggTTHHadronicTag
TrigReport     1   33      24664      24664          0          0 flashggTagSorter
TrigReport     1   34      24664      24664          0          0 flashggSystTagMerger
TrigReport     1   35      24664      24664          0          0 tagsDumper

TrigReport ---------- Module Summary ------------
TrigReport    Visited   Executed     Passed     Failed      Error Name
TrigReport      25000      25000      25000          0          0 TriggerResults
TrigReport      24664      24664      24664          0          0 VHFilter
TrigReport      24664      24664      24664          0          0 ak4PFCHSL1FastL2L3Corrector
TrigReport      24664      24664      24664          0          0 ak4PFCHSL1FastjetCorrector
TrigReport      24664      24664      24664          0          0 ak4PFCHSL2RelativeCorrector
TrigReport      24664      24664      24664          0          0 ak4PFCHSL3AbsoluteCorrector
TrigReport      24664      24664      24664          0          0 flashggDiPhotonMVA
TrigReport      24664      24664      24664          0          0 flashggDiPhotonSystematics
TrigReport      24664      24664      24664          0          0 flashggDifferentialPhoIdInputsCorrection
TrigReport      24664      24664      24664          0          0 flashggElectronSystematics
TrigReport      24664      24664      24664          0          0 flashggGluGluHMVA
TrigReport      24664      24664      24664          0          0 flashggJetSystematics0
TrigReport      24664      24664      24664          0          0 flashggJetSystematics1
TrigReport      24664      24664      24664          0          0 flashggJetSystematics10
TrigReport      24664      24664      24664          0          0 flashggJetSystematics11
TrigReport      24664      24664      24664          0          0 flashggJetSystematics2
TrigReport      24664      24664      24664          0          0 flashggJetSystematics3
TrigReport      24664      24664      24664          0          0 flashggJetSystematics4
TrigReport      24664      24664      24664          0          0 flashggJetSystematics5
TrigReport      24664      24664      24664          0          0 flashggJetSystematics6
TrigReport      24664      24664      24664          0          0 flashggJetSystematics7
TrigReport      24664      24664      24664          0          0 flashggJetSystematics8
TrigReport      24664      24664      24664          0          0 flashggJetSystematics9
TrigReport      25000      25000      24664        336          0 flashggMetFilters
TrigReport      24664      24664      24664          0          0 flashggMetSystematics
TrigReport      24664      24664      24664          0          0 flashggMuonSystematics
TrigReport      24664      24664      24664          0          0 flashggPrefireDiPhotons
TrigReport      24664      24664      24664          0          0 flashggPreselectedDiPhotons
TrigReport      24664      24664      24664          0          0 flashggStageOneCombinedTag
TrigReport      24664      24664      24664          0          0 flashggSystTagMerger
TrigReport      24664      24664      24664          0          0 flashggTHQLeptonicTag
TrigReport      24664      24664      24664          0          0 flashggTTHHadronicTag
TrigReport      24664      24664      24664          0          0 flashggTTHLeptonicTag
TrigReport      24664      24664      24664          0          0 flashggTagSorter
TrigReport      24664      24664      24664          0          0 flashggUnpackedJets
TrigReport      24664      24664      24664          0          0 flashggVBFMVA
TrigReport      24664      24664      24664          0          0 flashggVHMetTag
TrigReport      24664      24664      24664          0          0 flashggVHhadMVA
TrigReport      24664      24664      24664          0          0 flashggWHLeptonicTag
TrigReport      24664      24664      24664          0          0 flashggZHLeptonicTag
TrigReport      25000      25000      25000          0          0 p
TrigReport      24664      24664      24664          0          0 tagsDumper

TimeReport ---------- Event  Summary ---[sec]----
TimeReport       event loop CPU/event = 0.146713
TimeReport      event loop Real/event = 0.149826
TimeReport     sum Streams Real/event = 0.145598
TimeReport efficiency CPU/Real/thread = 0.979226

TimeReport ---------- Path   Summary ---[Real sec]----
TimeReport  per event     per exec  Name
TimeReport   0.145110     0.145110  p
TimeReport  per event     per exec  Name

TimeReport -------End-Path   Summary ---[Real sec]----
TimeReport  per event     per exec  Name
TimeReport  per event     per exec  Name

TimeReport ---------- Modules in Path: p ---[Real sec]----
TimeReport  per event    per visit  Name
TimeReport   0.000017     0.000017  flashggMetFilters
TimeReport   0.000006     0.000006  VHFilter
TimeReport   0.079492     0.080575  flashggDifferentialPhoIdInputsCorrection
TimeReport   0.047047     0.047688  flashggDiPhotonSystematics
TimeReport   0.000176     0.000178  flashggMetSystematics
TimeReport   0.000049     0.000050  flashggMuonSystematics
TimeReport   0.000040     0.000041  flashggElectronSystematics
TimeReport   0.000230     0.000233  flashggUnpackedJets
TimeReport   0.003899     0.003952  flashggJetSystematics0
TimeReport   0.000711     0.000721  flashggJetSystematics1
TimeReport   0.000647     0.000656  flashggJetSystematics2
TimeReport   0.000625     0.000633  flashggJetSystematics3
TimeReport   0.000613     0.000622  flashggJetSystematics4
TimeReport   0.000608     0.000616  flashggJetSystematics5
TimeReport   0.000604     0.000613  flashggJetSystematics6
TimeReport   0.000603     0.000611  flashggJetSystematics7
TimeReport   0.000601     0.000609  flashggJetSystematics8
TimeReport   0.000600     0.000608  flashggJetSystematics9
TimeReport   0.000599     0.000607  flashggJetSystematics10
TimeReport   0.000596     0.000604  flashggJetSystematics11
TimeReport   0.000321     0.000326  flashggPrefireDiPhotons
TimeReport   0.000224     0.000227  flashggPreselectedDiPhotons
TimeReport   0.000042     0.000043  flashggDiPhotonMVA
TimeReport   0.000034     0.000034  flashggVBFMVA
TimeReport   0.000019     0.000019  flashggVHhadMVA
TimeReport   0.000057     0.000058  flashggGluGluHMVA
TimeReport   0.000033     0.000034  flashggStageOneCombinedTag
TimeReport   0.000856     0.000867  flashggTHQLeptonicTag
TimeReport   0.000422     0.000428  flashggVHMetTag
TimeReport   0.000028     0.000028  flashggWHLeptonicTag
TimeReport   0.000022     0.000023  flashggZHLeptonicTag
TimeReport   0.000224     0.000227  flashggTTHLeptonicTag
TimeReport   0.001967     0.001994  flashggTTHHadronicTag
TimeReport   0.000085     0.000086  flashggTagSorter
TimeReport   0.000004     0.000004  flashggSystTagMerger
TimeReport   0.000364     0.000369  tagsDumper
TimeReport  per event    per visit  Name

TimeReport ---------- Module Summary ---[Real sec]----
TimeReport  per event     per exec    per visit  Name
TimeReport   0.000003     0.000003     0.000003  TriggerResults
TimeReport   0.000006     0.000006     0.000006  VHFilter
TimeReport   0.000004     0.000004     0.000004  ak4PFCHSL1FastL2L3Corrector
TimeReport   0.000004     0.000004     0.000004  ak4PFCHSL1FastjetCorrector
TimeReport   0.000001     0.000001     0.000001  ak4PFCHSL2RelativeCorrector
TimeReport   0.000013     0.000014     0.000014  ak4PFCHSL3AbsoluteCorrector
TimeReport   0.000042     0.000043     0.000043  flashggDiPhotonMVA
TimeReport   0.047047     0.047688     0.047688  flashggDiPhotonSystematics
TimeReport   0.079492     0.080575     0.080575  flashggDifferentialPhoIdInputsCorrection
TimeReport   0.000040     0.000041     0.000041  flashggElectronSystematics
TimeReport   0.000057     0.000058     0.000058  flashggGluGluHMVA
TimeReport   0.003899     0.003952     0.003952  flashggJetSystematics0
TimeReport   0.000711     0.000721     0.000721  flashggJetSystematics1
TimeReport   0.000599     0.000607     0.000607  flashggJetSystematics10
TimeReport   0.000596     0.000604     0.000604  flashggJetSystematics11
TimeReport   0.000647     0.000656     0.000656  flashggJetSystematics2
TimeReport   0.000625     0.000633     0.000633  flashggJetSystematics3
TimeReport   0.000613     0.000622     0.000622  flashggJetSystematics4
TimeReport   0.000608     0.000616     0.000616  flashggJetSystematics5
TimeReport   0.000604     0.000613     0.000613  flashggJetSystematics6
TimeReport   0.000603     0.000611     0.000611  flashggJetSystematics7
TimeReport   0.000601     0.000609     0.000609  flashggJetSystematics8
TimeReport   0.000600     0.000608     0.000608  flashggJetSystematics9
TimeReport   0.000017     0.000017     0.000017  flashggMetFilters
TimeReport   0.000176     0.000178     0.000178  flashggMetSystematics
TimeReport   0.000049     0.000050     0.000050  flashggMuonSystematics
TimeReport   0.000321     0.000326     0.000326  flashggPrefireDiPhotons
TimeReport   0.000224     0.000227     0.000227  flashggPreselectedDiPhotons
TimeReport   0.000033     0.000034     0.000034  flashggStageOneCombinedTag
TimeReport   0.000004     0.000004     0.000004  flashggSystTagMerger
TimeReport   0.000856     0.000867     0.000867  flashggTHQLeptonicTag
TimeReport   0.001967     0.001994     0.001994  flashggTTHHadronicTag
TimeReport   0.000224     0.000227     0.000227  flashggTTHLeptonicTag
TimeReport   0.000085     0.000086     0.000086  flashggTagSorter
TimeReport   0.000230     0.000233     0.000233  flashggUnpackedJets
TimeReport   0.000034     0.000034     0.000034  flashggVBFMVA
TimeReport   0.000422     0.000428     0.000428  flashggVHMetTag
TimeReport   0.000019     0.000019     0.000019  flashggVHhadMVA
TimeReport   0.000028     0.000028     0.000028  flashggWHLeptonicTag
TimeReport   0.000022     0.000023     0.000023  flashggZHLeptonicTag
TimeReport   0.000003     0.000003     0.000003  p
TimeReport   0.000364     0.000369     0.000369  tagsDumper
TimeReport  per event     per exec    per visit  Name

T---Report end!


=============================================

MessageLogger Summary

 type     category        sev    module        subroutine        count    total
 ---- -------------------- -- ---------------- ----------------  -----    -----
    1 XrdAdaptor           -w file_open                              1        1
    2 fileAction           -s file_close                             1        1
    3 fileAction           -s file_open                              2        2

 type    category    Examples: run/evt        run/evt          run/evt
 ---- -------------------- ---------------- ---------------- ----------------
    1 XrdAdaptor           pre-events                        
    2 fileAction           PostGlobalEndRun                  
    3 fileAction           pre-events       pre-events       

Severity    # Occurrences   Total Occurrences
--------    -------------   -----------------
Warning                 1                   1
System                  3                   3

dropped waiting message count 0
