mkdir: cannot create directory '/afs/cern.ch/user/x/xisu/private/local/Analysis_workspace/VH_AC_tmp1/flashgg_d2/CMSSW_10_6_29/src/flashgg/VHAC_Analysis_Met/UL_17/UL_17_zh125': File exists
/cvmfs/cms.cern.ch/slc7_amd64_gcc700/external/py2-requests/2.21.0-pafccj2/lib/python2.7/site-packages/requests/__init__.py:91: RequestsDependencyWarning: urllib3 (1.25.2) or chardet (3.0.4) doesn't match a supported version!
  RequestsDependencyWarning)
20-Dec-2022 10:58:36 CET  Initiating request to open file root://cms-xrd-global.cern.ch//store/user/alesauva/flashgg/UL2017_4/10_6_4/ZHiggs0L1ToGG_M125_TuneCP5_13TeV-JHUGenV7011-pythia8/UL2017_4-10_6_4-v0-RunIISummer19UL17MiniAOD-106X_mc2017_realistic_v6-v2/200911_121149/0000/myMicroAODOutputFile_3.root
%MSG-w XrdAdaptor:  file_open 20-Dec-2022 10:58:38 CET pre-events
Data is served from GRIF-IRFU instead of original site CERN-CMSGLOBAL-02
%MSG
20-Dec-2022 10:58:40 CET  Successfully opened file root://cms-xrd-global.cern.ch//store/user/alesauva/flashgg/UL2017_4/10_6_4/ZHiggs0L1ToGG_M125_TuneCP5_13TeV-JHUGenV7011-pythia8/UL2017_4-10_6_4-v0-RunIISummer19UL17MiniAOD-106X_mc2017_realistic_v6-v2/200911_121149/0000/myMicroAODOutputFile_3.root
2022-12-20 11:12:55.865878: I tensorflow/core/platform/cpu_feature_guard.cc:140] Your CPU supports instructions that this TensorFlow binary was not compiled to use: SSE4.1 SSE4.2 AVX AVX2 FMA
Begin processing the 1st record. Run 1, Event 6901, LumiSection 70 on stream 0 at 20-Dec-2022 11:13:51.060 CET
[2022-12-20 11:14:34.284453 +0100][Error  ][AsyncSock         ] [xrootd.ba.infn.it:1094 #0.0] Socket error while handshaking: [ERROR] Socket timeout
[2022-12-20 11:14:34.284706 +0100][Error  ][PostMaster        ] [xrootd.ba.infn.it:1094 #0] elapsed = 45, pConnectionWindow = 31 seconds.
[2022-12-20 11:15:19.699387 +0100][Error  ][AsyncSock         ] [xrootd.ba.infn.it:1094 #0.0] Socket error while handshaking: [ERROR] Socket timeout
[2022-12-20 11:15:19.699571 +0100][Error  ][PostMaster        ] [xrootd.ba.infn.it:1094 #0] elapsed = 45, pConnectionWindow = 31 seconds.
[2022-12-20 11:15:19.699607 +0100][Error  ][PostMaster        ] [xrootd.ba.infn.it:1094 #0] Unable to recover: [ERROR] Socket timeout.
[2022-12-20 11:15:19.699631 +0100][Error  ][XRootD            ] [xrootd.ba.infn.it:1094] Impossible to send message kXR_open (file: /store/user/alesauva/flashgg/UL2017_4/10_6_4/ZHiggs0L1ToGG_M125_TuneCP5_13TeV-JHUGenV7011-pythia8/UL2017_4-10_6_4-v0-RunIISummer19UL17MiniAOD-106X_mc2017_realistic_v6-v2/200911_121149/0000/myMicroAODOutputFile_3.root?tried=stor83.datagrid.cea.fr, mode: 0660, flags: kXR_open_read kXR_async kXR_retstat ). Trying to recover.
Begin processing the 1001st record. Run 1, Event 8801, LumiSection 89 on stream 0 at 20-Dec-2022 11:18:47.274 CET
[2022-12-20 11:20:44.890424 +0100][Error  ][AsyncSock         ] [xrootd.ba.infn.it:1094 #0.0] Socket error while handshaking: [ERROR] Socket timeout
[2022-12-20 11:20:44.890609 +0100][Error  ][PostMaster        ] [xrootd.ba.infn.it:1094 #0] elapsed = 45, pConnectionWindow = 31 seconds.
Begin processing the 2001st record. Run 1, Event 10604, LumiSection 107 on stream 0 at 20-Dec-2022 11:21:10.196 CET
[2022-12-20 11:21:29.156468 +0100][Error  ][AsyncSock         ] [xrootd.ba.infn.it:1094 #0.0] Socket error while handshaking: [ERROR] Socket timeout
[2022-12-20 11:21:29.156640 +0100][Error  ][PostMaster        ] [xrootd.ba.infn.it:1094 #0] elapsed = 45, pConnectionWindow = 31 seconds.
[2022-12-20 11:21:29.156654 +0100][Error  ][PostMaster        ] [xrootd.ba.infn.it:1094 #0] Unable to recover: [ERROR] Socket timeout.
[2022-12-20 11:21:29.156666 +0100][Error  ][XRootD            ] [xrootd.ba.infn.it:1094] Impossible to send message kXR_open (file: /store/user/alesauva/flashgg/UL2017_4/10_6_4/ZHiggs0L1ToGG_M125_TuneCP5_13TeV-JHUGenV7011-pythia8/UL2017_4-10_6_4-v0-RunIISummer19UL17MiniAOD-106X_mc2017_realistic_v6-v2/200911_121149/0000/myMicroAODOutputFile_3.root?tried=stor83.datagrid.cea.fr, mode: 0660, flags: kXR_open_read kXR_async kXR_retstat ). Trying to recover.
Begin processing the 3001st record. Run 1, Event 17202, LumiSection 173 on stream 0 at 20-Dec-2022 11:23:43.493 CET
Begin processing the 4001st record. Run 1, Event 18205, LumiSection 183 on stream 0 at 20-Dec-2022 11:26:10.138 CET
Begin processing the 5001st record. Run 1, Event 43901, LumiSection 440 on stream 0 at 20-Dec-2022 11:28:36.211 CET
[2022-12-20 11:28:42.753523 +0100][Error  ][AsyncSock         ] [xrootd.ba.infn.it:1094 #0.0] Socket error while handshaking: [ERROR] Socket timeout
[2022-12-20 11:28:42.753970 +0100][Error  ][PostMaster        ] [xrootd.ba.infn.it:1094 #0] elapsed = 45, pConnectionWindow = 31 seconds.
[2022-12-20 11:29:27.995372 +0100][Error  ][AsyncSock         ] [xrootd.ba.infn.it:1094 #0.0] Socket error while handshaking: [ERROR] Socket timeout
[2022-12-20 11:29:27.995506 +0100][Error  ][PostMaster        ] [xrootd.ba.infn.it:1094 #0] elapsed = 45, pConnectionWindow = 31 seconds.
[2022-12-20 11:29:27.995521 +0100][Error  ][PostMaster        ] [xrootd.ba.infn.it:1094 #0] Unable to recover: [ERROR] Socket timeout.
[2022-12-20 11:29:27.995561 +0100][Error  ][XRootD            ] [xrootd.ba.infn.it:1094] Impossible to send message kXR_open (file: /store/user/alesauva/flashgg/UL2017_4/10_6_4/ZHiggs0L1ToGG_M125_TuneCP5_13TeV-JHUGenV7011-pythia8/UL2017_4-10_6_4-v0-RunIISummer19UL17MiniAOD-106X_mc2017_realistic_v6-v2/200911_121149/0000/myMicroAODOutputFile_3.root?tried=stor83.datagrid.cea.fr, mode: 0660, flags: kXR_open_read kXR_async kXR_retstat ). Trying to recover.
Begin processing the 6001st record. Run 1, Event 44902, LumiSection 450 on stream 0 at 20-Dec-2022 11:30:49.569 CET
Begin processing the 7001st record. Run 1, Event 45902, LumiSection 460 on stream 0 at 20-Dec-2022 11:33:08.324 CET
Begin processing the 8001st record. Run 1, Event 66003, LumiSection 661 on stream 0 at 20-Dec-2022 11:35:25.734 CET
[2022-12-20 11:37:19.604904 +0100][Error  ][AsyncSock         ] [xrootd.ba.infn.it:1094 #0.0] Socket error while handshaking: [ERROR] Socket timeout
[2022-12-20 11:37:19.605063 +0100][Error  ][PostMaster        ] [xrootd.ba.infn.it:1094 #0] elapsed = 45, pConnectionWindow = 31 seconds.
Begin processing the 9001st record. Run 1, Event 67001, LumiSection 671 on stream 0 at 20-Dec-2022 11:37:46.311 CET
[2022-12-20 11:38:04.863415 +0100][Error  ][AsyncSock         ] [xrootd.ba.infn.it:1094 #0.0] Socket error while handshaking: [ERROR] Socket timeout
[2022-12-20 11:38:04.863582 +0100][Error  ][PostMaster        ] [xrootd.ba.infn.it:1094 #0] elapsed = 45, pConnectionWindow = 31 seconds.
[2022-12-20 11:38:04.863592 +0100][Error  ][PostMaster        ] [xrootd.ba.infn.it:1094 #0] Unable to recover: [ERROR] Socket timeout.
[2022-12-20 11:38:04.863602 +0100][Error  ][XRootD            ] [xrootd.ba.infn.it:1094] Impossible to send message kXR_open (file: /store/user/alesauva/flashgg/UL2017_4/10_6_4/ZHiggs0L1ToGG_M125_TuneCP5_13TeV-JHUGenV7011-pythia8/UL2017_4-10_6_4-v0-RunIISummer19UL17MiniAOD-106X_mc2017_realistic_v6-v2/200911_121149/0000/myMicroAODOutputFile_3.root?tried=stor83.datagrid.cea.fr, mode: 0660, flags: kXR_open_read kXR_async kXR_retstat ). Trying to recover.
Begin processing the 10001st record. Run 1, Event 68102, LumiSection 682 on stream 0 at 20-Dec-2022 11:40:00.593 CET
Begin processing the 11001st record. Run 1, Event 102601, LumiSection 1027 on stream 0 at 20-Dec-2022 11:42:16.935 CET
Begin processing the 12001st record. Run 1, Event 103609, LumiSection 1037 on stream 0 at 20-Dec-2022 11:44:42.574 CET
[2022-12-20 11:46:08.025505 +0100][Error  ][AsyncSock         ] [xrootd.ba.infn.it:1094 #0.0] Socket error while handshaking: [ERROR] Socket timeout
[2022-12-20 11:46:08.025684 +0100][Error  ][PostMaster        ] [xrootd.ba.infn.it:1094 #0] elapsed = 45, pConnectionWindow = 31 seconds.
[2022-12-20 11:46:53.285122 +0100][Error  ][AsyncSock         ] [xrootd.ba.infn.it:1094 #0.0] Socket error while handshaking: [ERROR] Socket timeout
[2022-12-20 11:46:53.285242 +0100][Error  ][PostMaster        ] [xrootd.ba.infn.it:1094 #0] elapsed = 45, pConnectionWindow = 31 seconds.
[2022-12-20 11:46:53.285257 +0100][Error  ][PostMaster        ] [xrootd.ba.infn.it:1094 #0] Unable to recover: [ERROR] Socket timeout.
[2022-12-20 11:46:53.285279 +0100][Error  ][XRootD            ] [xrootd.ba.infn.it:1094] Impossible to send message kXR_open (file: /store/user/alesauva/flashgg/UL2017_4/10_6_4/ZHiggs0L1ToGG_M125_TuneCP5_13TeV-JHUGenV7011-pythia8/UL2017_4-10_6_4-v0-RunIISummer19UL17MiniAOD-106X_mc2017_realistic_v6-v2/200911_121149/0000/myMicroAODOutputFile_3.root?tried=stor83.datagrid.cea.fr, mode: 0660, flags: kXR_open_read kXR_async kXR_retstat ). Trying to recover.
Begin processing the 13001st record. Run 1, Event 213503, LumiSection 2136 on stream 0 at 20-Dec-2022 11:47:07.203 CET
Begin processing the 14001st record. Run 1, Event 215311, LumiSection 2154 on stream 0 at 20-Dec-2022 11:49:16.580 CET
Begin processing the 15001st record. Run 1, Event 234001, LumiSection 2341 on stream 0 at 20-Dec-2022 11:51:44.451 CET
Begin processing the 16001st record. Run 1, Event 235005, LumiSection 2351 on stream 0 at 20-Dec-2022 11:54:07.390 CET
[2022-12-20 11:55:00.969455 +0100][Error  ][AsyncSock         ] [xrootd.ba.infn.it:1094 #0.0] Socket error while handshaking: [ERROR] Socket timeout
[2022-12-20 11:55:00.969565 +0100][Error  ][PostMaster        ] [xrootd.ba.infn.it:1094 #0] elapsed = 45, pConnectionWindow = 31 seconds.
[2022-12-20 11:55:45.224798 +0100][Error  ][AsyncSock         ] [xrootd.ba.infn.it:1094 #0.0] Socket error while handshaking: [ERROR] Socket timeout
[2022-12-20 11:55:45.224940 +0100][Error  ][PostMaster        ] [xrootd.ba.infn.it:1094 #0] elapsed = 45, pConnectionWindow = 31 seconds.
[2022-12-20 11:55:45.224955 +0100][Error  ][PostMaster        ] [xrootd.ba.infn.it:1094 #0] Unable to recover: [ERROR] Socket timeout.
[2022-12-20 11:55:45.224967 +0100][Error  ][XRootD            ] [xrootd.ba.infn.it:1094] Impossible to send message kXR_open (file: /store/user/alesauva/flashgg/UL2017_4/10_6_4/ZHiggs0L1ToGG_M125_TuneCP5_13TeV-JHUGenV7011-pythia8/UL2017_4-10_6_4-v0-RunIISummer19UL17MiniAOD-106X_mc2017_realistic_v6-v2/200911_121149/0000/myMicroAODOutputFile_3.root?tried=stor83.datagrid.cea.fr, mode: 0660, flags: kXR_open_read kXR_async kXR_retstat ). Trying to recover.
Begin processing the 17001st record. Run 1, Event 309403, LumiSection 3095 on stream 0 at 20-Dec-2022 11:56:34.252 CET
Begin processing the 18001st record. Run 1, Event 310404, LumiSection 3105 on stream 0 at 20-Dec-2022 11:58:54.631 CET
[2022-12-20 11:59:32.592654 +0100][Error  ][AsyncSock         ] [xrootd.ba.infn.it:1094 #0.0] Socket error while handshaking: [ERROR] Socket timeout
[2022-12-20 11:59:32.592794 +0100][Error  ][PostMaster        ] [xrootd.ba.infn.it:1094 #0] elapsed = 45, pConnectionWindow = 31 seconds.
[2022-12-20 12:00:17.855408 +0100][Error  ][AsyncSock         ] [xrootd.ba.infn.it:1094 #0.0] Socket error while handshaking: [ERROR] Socket timeout
[2022-12-20 12:00:17.855577 +0100][Error  ][PostMaster        ] [xrootd.ba.infn.it:1094 #0] elapsed = 45, pConnectionWindow = 31 seconds.
[2022-12-20 12:00:17.855590 +0100][Error  ][PostMaster        ] [xrootd.ba.infn.it:1094 #0] Unable to recover: [ERROR] Socket timeout.
[2022-12-20 12:00:17.855601 +0100][Error  ][XRootD            ] [xrootd.ba.infn.it:1094] Impossible to send message kXR_open (file: /store/user/alesauva/flashgg/UL2017_4/10_6_4/ZHiggs0L1ToGG_M125_TuneCP5_13TeV-JHUGenV7011-pythia8/UL2017_4-10_6_4-v0-RunIISummer19UL17MiniAOD-106X_mc2017_realistic_v6-v2/200911_121149/0000/myMicroAODOutputFile_3.root?tried=stor83.datagrid.cea.fr, mode: 0660, flags: kXR_open_read kXR_async kXR_retstat ). Trying to recover.
Begin processing the 19001st record. Run 1, Event 507602, LumiSection 5077 on stream 0 at 20-Dec-2022 12:01:15.447 CET
Begin processing the 20001st record. Run 1, Event 508603, LumiSection 5087 on stream 0 at 20-Dec-2022 12:03:40.668 CET
[2022-12-20 12:04:03.333385 +0100][Error  ][AsyncSock         ] [xrootd.ba.infn.it:1094 #0.0] Socket error while handshaking: [ERROR] Socket timeout
[2022-12-20 12:04:03.333558 +0100][Error  ][PostMaster        ] [xrootd.ba.infn.it:1094 #0] elapsed = 46, pConnectionWindow = 31 seconds.
[2022-12-20 12:04:48.590387 +0100][Error  ][AsyncSock         ] [xrootd.ba.infn.it:1094 #0.0] Socket error while handshaking: [ERROR] Socket timeout
[2022-12-20 12:04:48.590547 +0100][Error  ][PostMaster        ] [xrootd.ba.infn.it:1094 #0] elapsed = 45, pConnectionWindow = 31 seconds.
[2022-12-20 12:04:48.590562 +0100][Error  ][PostMaster        ] [xrootd.ba.infn.it:1094 #0] Unable to recover: [ERROR] Socket timeout.
[2022-12-20 12:04:48.590575 +0100][Error  ][XRootD            ] [xrootd.ba.infn.it:1094] Impossible to send message kXR_open (file: /store/user/alesauva/flashgg/UL2017_4/10_6_4/ZHiggs0L1ToGG_M125_TuneCP5_13TeV-JHUGenV7011-pythia8/UL2017_4-10_6_4-v0-RunIISummer19UL17MiniAOD-106X_mc2017_realistic_v6-v2/200911_121149/0000/myMicroAODOutputFile_3.root?tried=stor83.datagrid.cea.fr, mode: 0660, flags: kXR_open_read kXR_async kXR_retstat ). Trying to recover.
Begin processing the 21001st record. Run 1, Event 509602, LumiSection 5097 on stream 0 at 20-Dec-2022 12:06:03.291 CET
Begin processing the 22001st record. Run 1, Event 621809, LumiSection 6219 on stream 0 at 20-Dec-2022 12:08:32.471 CET
[2022-12-20 12:08:39.152397 +0100][Error  ][AsyncSock         ] [xrootd.ba.infn.it:1094 #0.0] Socket error while handshaking: [ERROR] Socket timeout
[2022-12-20 12:08:39.152558 +0100][Error  ][PostMaster        ] [xrootd.ba.infn.it:1094 #0] elapsed = 46, pConnectionWindow = 31 seconds.
[2022-12-20 12:09:24.404496 +0100][Error  ][AsyncSock         ] [xrootd.ba.infn.it:1094 #0.0] Socket error while handshaking: [ERROR] Socket timeout
[2022-12-20 12:09:24.404662 +0100][Error  ][PostMaster        ] [xrootd.ba.infn.it:1094 #0] elapsed = 45, pConnectionWindow = 31 seconds.
[2022-12-20 12:09:24.404679 +0100][Error  ][PostMaster        ] [xrootd.ba.infn.it:1094 #0] Unable to recover: [ERROR] Socket timeout.
[2022-12-20 12:09:24.404690 +0100][Error  ][XRootD            ] [xrootd.ba.infn.it:1094] Impossible to send message kXR_open (file: /store/user/alesauva/flashgg/UL2017_4/10_6_4/ZHiggs0L1ToGG_M125_TuneCP5_13TeV-JHUGenV7011-pythia8/UL2017_4-10_6_4-v0-RunIISummer19UL17MiniAOD-106X_mc2017_realistic_v6-v2/200911_121149/0000/myMicroAODOutputFile_3.root?tried=stor83.datagrid.cea.fr, mode: 0660, flags: kXR_open_read kXR_async kXR_retstat ). Trying to recover.
Begin processing the 23001st record. Run 1, Event 623608, LumiSection 6237 on stream 0 at 20-Dec-2022 12:11:01.893 CET
Begin processing the 24001st record. Run 1, Event 706401, LumiSection 7065 on stream 0 at 20-Dec-2022 12:13:13.466 CET
[2022-12-20 12:13:14.648549 +0100][Error  ][AsyncSock         ] [xrootd.ba.infn.it:1094 #0.0] Socket error while handshaking: [ERROR] Socket timeout
[2022-12-20 12:13:14.648796 +0100][Error  ][PostMaster        ] [xrootd.ba.infn.it:1094 #0] elapsed = 45, pConnectionWindow = 31 seconds.
[2022-12-20 12:13:59.888925 +0100][Error  ][AsyncSock         ] [xrootd.ba.infn.it:1094 #0.0] Socket error while handshaking: [ERROR] Socket timeout
[2022-12-20 12:13:59.889087 +0100][Error  ][PostMaster        ] [xrootd.ba.infn.it:1094 #0] elapsed = 45, pConnectionWindow = 31 seconds.
[2022-12-20 12:13:59.889102 +0100][Error  ][PostMaster        ] [xrootd.ba.infn.it:1094 #0] Unable to recover: [ERROR] Socket timeout.
[2022-12-20 12:13:59.889115 +0100][Error  ][XRootD            ] [xrootd.ba.infn.it:1094] Impossible to send message kXR_open (file: /store/user/alesauva/flashgg/UL2017_4/10_6_4/ZHiggs0L1ToGG_M125_TuneCP5_13TeV-JHUGenV7011-pythia8/UL2017_4-10_6_4-v0-RunIISummer19UL17MiniAOD-106X_mc2017_realistic_v6-v2/200911_121149/0000/myMicroAODOutputFile_3.root?tried=stor83.datagrid.cea.fr, mode: 0660, flags: kXR_open_read kXR_async kXR_retstat ). Trying to recover.
20-Dec-2022 12:15:12 CET  Closed file root://cms-xrd-global.cern.ch//store/user/alesauva/flashgg/UL2017_4/10_6_4/ZHiggs0L1ToGG_M125_TuneCP5_13TeV-JHUGenV7011-pythia8/UL2017_4-10_6_4-v0-RunIISummer19UL17MiniAOD-106X_mc2017_realistic_v6-v2/200911_121149/0000/myMicroAODOutputFile_3.root

TrigReport ---------- Event  Summary ------------
TrigReport Events total = 25000 passed = 24632 failed = 368

TrigReport ---------- Path   Summary ------------
TrigReport  Trig Bit#   Executed     Passed     Failed      Error Name
TrigReport     1    0      25000      24632        368          0 p

TrigReport -------End-Path   Summary ------------
TrigReport  Trig Bit#   Executed     Passed     Failed      Error Name

TrigReport ---------- Modules in Path: p ------------
TrigReport  Trig Bit#    Visited     Passed     Failed      Error Name
TrigReport     1    0      25000      24632        368          0 flashggMetFilters
TrigReport     1    1      24632      24632          0          0 VHFilter
TrigReport     1    2      24632      24632          0          0 flashggDifferentialPhoIdInputsCorrection
TrigReport     1    3      24632      24632          0          0 flashggDiPhotonSystematics
TrigReport     1    4      24632      24632          0          0 flashggMetSystematics
TrigReport     1    5      24632      24632          0          0 flashggMuonSystematics
TrigReport     1    6      24632      24632          0          0 flashggElectronSystematics
TrigReport     1    7      24632      24632          0          0 flashggUnpackedJets
TrigReport     1    8      24632      24632          0          0 flashggJetSystematics0
TrigReport     1    9      24632      24632          0          0 flashggJetSystematics1
TrigReport     1   10      24632      24632          0          0 flashggJetSystematics2
TrigReport     1   11      24632      24632          0          0 flashggJetSystematics3
TrigReport     1   12      24632      24632          0          0 flashggJetSystematics4
TrigReport     1   13      24632      24632          0          0 flashggJetSystematics5
TrigReport     1   14      24632      24632          0          0 flashggJetSystematics6
TrigReport     1   15      24632      24632          0          0 flashggJetSystematics7
TrigReport     1   16      24632      24632          0          0 flashggJetSystematics8
TrigReport     1   17      24632      24632          0          0 flashggJetSystematics9
TrigReport     1   18      24632      24632          0          0 flashggJetSystematics10
TrigReport     1   19      24632      24632          0          0 flashggJetSystematics11
TrigReport     1   20      24632      24632          0          0 flashggPrefireDiPhotons
TrigReport     1   21      24632      24632          0          0 flashggPreselectedDiPhotons
TrigReport     1   22      24632      24632          0          0 flashggDiPhotonMVA
TrigReport     1   23      24632      24632          0          0 flashggVBFMVA
TrigReport     1   24      24632      24632          0          0 flashggVHhadMVA
TrigReport     1   25      24632      24632          0          0 flashggGluGluHMVA
TrigReport     1   26      24632      24632          0          0 flashggStageOneCombinedTag
TrigReport     1   27      24632      24632          0          0 flashggTHQLeptonicTag
TrigReport     1   28      24632      24632          0          0 flashggVHMetTag
TrigReport     1   29      24632      24632          0          0 flashggWHLeptonicTag
TrigReport     1   30      24632      24632          0          0 flashggZHLeptonicTag
TrigReport     1   31      24632      24632          0          0 flashggTTHLeptonicTag
TrigReport     1   32      24632      24632          0          0 flashggTTHHadronicTag
TrigReport     1   33      24632      24632          0          0 flashggTagSorter
TrigReport     1   34      24632      24632          0          0 flashggSystTagMerger
TrigReport     1   35      24632      24632          0          0 tagsDumper

TrigReport ---------- Module Summary ------------
TrigReport    Visited   Executed     Passed     Failed      Error Name
TrigReport      25000      25000      25000          0          0 TriggerResults
TrigReport      24632      24632      24632          0          0 VHFilter
TrigReport      24632      24632      24632          0          0 ak4PFCHSL1FastL2L3Corrector
TrigReport      24632      24632      24632          0          0 ak4PFCHSL1FastjetCorrector
TrigReport      24632      24632      24632          0          0 ak4PFCHSL2RelativeCorrector
TrigReport      24632      24632      24632          0          0 ak4PFCHSL3AbsoluteCorrector
TrigReport      24632      24632      24632          0          0 flashggDiPhotonMVA
TrigReport      24632      24632      24632          0          0 flashggDiPhotonSystematics
TrigReport      24632      24632      24632          0          0 flashggDifferentialPhoIdInputsCorrection
TrigReport      24632      24632      24632          0          0 flashggElectronSystematics
TrigReport      24632      24632      24632          0          0 flashggGluGluHMVA
TrigReport      24632      24632      24632          0          0 flashggJetSystematics0
TrigReport      24632      24632      24632          0          0 flashggJetSystematics1
TrigReport      24632      24632      24632          0          0 flashggJetSystematics10
TrigReport      24632      24632      24632          0          0 flashggJetSystematics11
TrigReport      24632      24632      24632          0          0 flashggJetSystematics2
TrigReport      24632      24632      24632          0          0 flashggJetSystematics3
TrigReport      24632      24632      24632          0          0 flashggJetSystematics4
TrigReport      24632      24632      24632          0          0 flashggJetSystematics5
TrigReport      24632      24632      24632          0          0 flashggJetSystematics6
TrigReport      24632      24632      24632          0          0 flashggJetSystematics7
TrigReport      24632      24632      24632          0          0 flashggJetSystematics8
TrigReport      24632      24632      24632          0          0 flashggJetSystematics9
TrigReport      25000      25000      24632        368          0 flashggMetFilters
TrigReport      24632      24632      24632          0          0 flashggMetSystematics
TrigReport      24632      24632      24632          0          0 flashggMuonSystematics
TrigReport      24632      24632      24632          0          0 flashggPrefireDiPhotons
TrigReport      24632      24632      24632          0          0 flashggPreselectedDiPhotons
TrigReport      24632      24632      24632          0          0 flashggStageOneCombinedTag
TrigReport      24632      24632      24632          0          0 flashggSystTagMerger
TrigReport      24632      24632      24632          0          0 flashggTHQLeptonicTag
TrigReport      24632      24632      24632          0          0 flashggTTHHadronicTag
TrigReport      24632      24632      24632          0          0 flashggTTHLeptonicTag
TrigReport      24632      24632      24632          0          0 flashggTagSorter
TrigReport      24632      24632      24632          0          0 flashggUnpackedJets
TrigReport      24632      24632      24632          0          0 flashggVBFMVA
TrigReport      24632      24632      24632          0          0 flashggVHMetTag
TrigReport      24632      24632      24632          0          0 flashggVHhadMVA
TrigReport      24632      24632      24632          0          0 flashggWHLeptonicTag
TrigReport      24632      24632      24632          0          0 flashggZHLeptonicTag
TrigReport      25000      25000      25000          0          0 p
TrigReport      24632      24632      24632          0          0 tagsDumper

TimeReport ---------- Event  Summary ---[sec]----
TimeReport       event loop CPU/event = 0.146308
TimeReport      event loop Real/event = 0.147318
TimeReport     sum Streams Real/event = 0.143115
TimeReport efficiency CPU/Real/thread = 0.993145

TimeReport ---------- Path   Summary ---[Real sec]----
TimeReport  per event     per exec  Name
TimeReport   0.142615     0.142615  p
TimeReport  per event     per exec  Name

TimeReport -------End-Path   Summary ---[Real sec]----
TimeReport  per event     per exec  Name
TimeReport  per event     per exec  Name

TimeReport ---------- Modules in Path: p ---[Real sec]----
TimeReport  per event    per visit  Name
TimeReport   0.000017     0.000017  flashggMetFilters
TimeReport   0.000007     0.000007  VHFilter
TimeReport   0.077351     0.078506  flashggDifferentialPhoIdInputsCorrection
TimeReport   0.047397     0.048105  flashggDiPhotonSystematics
TimeReport   0.000175     0.000178  flashggMetSystematics
TimeReport   0.000049     0.000050  flashggMuonSystematics
TimeReport   0.000038     0.000038  flashggElectronSystematics
TimeReport   0.000235     0.000238  flashggUnpackedJets
TimeReport   0.003913     0.003972  flashggJetSystematics0
TimeReport   0.000714     0.000724  flashggJetSystematics1
TimeReport   0.000650     0.000659  flashggJetSystematics2
TimeReport   0.000627     0.000636  flashggJetSystematics3
TimeReport   0.000619     0.000629  flashggJetSystematics4
TimeReport   0.000612     0.000621  flashggJetSystematics5
TimeReport   0.000607     0.000616  flashggJetSystematics6
TimeReport   0.000607     0.000616  flashggJetSystematics7
TimeReport   0.000607     0.000616  flashggJetSystematics8
TimeReport   0.000605     0.000614  flashggJetSystematics9
TimeReport   0.000603     0.000612  flashggJetSystematics10
TimeReport   0.000602     0.000611  flashggJetSystematics11
TimeReport   0.000324     0.000329  flashggPrefireDiPhotons
TimeReport   0.000135     0.000137  flashggPreselectedDiPhotons
TimeReport   0.000041     0.000042  flashggDiPhotonMVA
TimeReport   0.000035     0.000035  flashggVBFMVA
TimeReport   0.000019     0.000019  flashggVHhadMVA
TimeReport   0.000058     0.000059  flashggGluGluHMVA
TimeReport   0.000035     0.000035  flashggStageOneCombinedTag
TimeReport   0.000663     0.000673  flashggTHQLeptonicTag
TimeReport   0.000395     0.000401  flashggVHMetTag
TimeReport   0.000027     0.000027  flashggWHLeptonicTag
TimeReport   0.000022     0.000022  flashggZHLeptonicTag
TimeReport   0.000073     0.000074  flashggTTHLeptonicTag
TimeReport   0.001629     0.001654  flashggTTHHadronicTag
TimeReport   0.000084     0.000085  flashggTagSorter
TimeReport   0.000004     0.000004  flashggSystTagMerger
TimeReport   0.000436     0.000443  tagsDumper
TimeReport  per event    per visit  Name

TimeReport ---------- Module Summary ---[Real sec]----
TimeReport  per event     per exec    per visit  Name
TimeReport   0.000003     0.000003     0.000003  TriggerResults
TimeReport   0.000007     0.000007     0.000007  VHFilter
TimeReport   0.000004     0.000004     0.000004  ak4PFCHSL1FastL2L3Corrector
TimeReport   0.000004     0.000004     0.000004  ak4PFCHSL1FastjetCorrector
TimeReport   0.000002     0.000002     0.000002  ak4PFCHSL2RelativeCorrector
TimeReport   0.000015     0.000015     0.000015  ak4PFCHSL3AbsoluteCorrector
TimeReport   0.000041     0.000042     0.000042  flashggDiPhotonMVA
TimeReport   0.047397     0.048105     0.048105  flashggDiPhotonSystematics
TimeReport   0.077351     0.078506     0.078506  flashggDifferentialPhoIdInputsCorrection
TimeReport   0.000038     0.000038     0.000038  flashggElectronSystematics
TimeReport   0.000058     0.000059     0.000059  flashggGluGluHMVA
TimeReport   0.003913     0.003972     0.003972  flashggJetSystematics0
TimeReport   0.000714     0.000724     0.000724  flashggJetSystematics1
TimeReport   0.000603     0.000612     0.000612  flashggJetSystematics10
TimeReport   0.000602     0.000611     0.000611  flashggJetSystematics11
TimeReport   0.000650     0.000659     0.000659  flashggJetSystematics2
TimeReport   0.000627     0.000636     0.000636  flashggJetSystematics3
TimeReport   0.000619     0.000629     0.000629  flashggJetSystematics4
TimeReport   0.000612     0.000621     0.000621  flashggJetSystematics5
TimeReport   0.000607     0.000616     0.000616  flashggJetSystematics6
TimeReport   0.000607     0.000616     0.000616  flashggJetSystematics7
TimeReport   0.000607     0.000616     0.000616  flashggJetSystematics8
TimeReport   0.000605     0.000614     0.000614  flashggJetSystematics9
TimeReport   0.000017     0.000017     0.000017  flashggMetFilters
TimeReport   0.000175     0.000178     0.000178  flashggMetSystematics
TimeReport   0.000049     0.000050     0.000050  flashggMuonSystematics
TimeReport   0.000324     0.000329     0.000329  flashggPrefireDiPhotons
TimeReport   0.000135     0.000137     0.000137  flashggPreselectedDiPhotons
TimeReport   0.000035     0.000035     0.000035  flashggStageOneCombinedTag
TimeReport   0.000004     0.000004     0.000004  flashggSystTagMerger
TimeReport   0.000663     0.000673     0.000673  flashggTHQLeptonicTag
TimeReport   0.001629     0.001654     0.001654  flashggTTHHadronicTag
TimeReport   0.000073     0.000074     0.000074  flashggTTHLeptonicTag
TimeReport   0.000084     0.000085     0.000085  flashggTagSorter
TimeReport   0.000235     0.000238     0.000238  flashggUnpackedJets
TimeReport   0.000035     0.000035     0.000035  flashggVBFMVA
TimeReport   0.000395     0.000401     0.000401  flashggVHMetTag
TimeReport   0.000019     0.000019     0.000019  flashggVHhadMVA
TimeReport   0.000027     0.000027     0.000027  flashggWHLeptonicTag
TimeReport   0.000022     0.000022     0.000022  flashggZHLeptonicTag
TimeReport   0.000003     0.000003     0.000003  p
TimeReport   0.000436     0.000443     0.000443  tagsDumper
TimeReport  per event     per exec    per visit  Name

T---Report end!


=============================================

MessageLogger Summary

 type     category        sev    module        subroutine        count    total
 ---- -------------------- -- ---------------- ----------------  -----    -----
    1 XrdAdaptor           -w file_open                              1        1
    2 fileAction           -s file_close                             1        1
    3 fileAction           -s file_open                              2        2

 type    category    Examples: run/evt        run/evt          run/evt
 ---- -------------------- ---------------- ---------------- ----------------
    1 XrdAdaptor           pre-events                        
    2 fileAction           PostGlobalEndRun                  
    3 fileAction           pre-events       pre-events       

Severity    # Occurrences   Total Occurrences
--------    -------------   -----------------
Warning                 1                   1
System                  3                   3

dropped waiting message count 0
