mkdir: cannot create directory '/afs/cern.ch/user/x/xisu/private/local/Analysis_workspace/VH_AC_tmp1/flashgg_d2/CMSSW_10_6_29/src/flashgg/VHAC_Analysis_Met/UL_17/UL_17_zh125': File exists
/cvmfs/cms.cern.ch/slc7_amd64_gcc700/external/py2-requests/2.21.0-pafccj2/lib/python2.7/site-packages/requests/__init__.py:91: RequestsDependencyWarning: urllib3 (1.25.2) or chardet (3.0.4) doesn't match a supported version!
  RequestsDependencyWarning)
20-Dec-2022 11:03:29 CET  Initiating request to open file root://cms-xrd-global.cern.ch//store/user/alesauva/flashgg/UL2017_4/10_6_4/ZHiggs0L1ToGG_M125_TuneCP5_13TeV-JHUGenV7011-pythia8/UL2017_4-10_6_4-v0-RunIISummer19UL17MiniAOD-106X_mc2017_realistic_v6-v2/200911_121149/0000/myMicroAODOutputFile_11.root
%MSG-w XrdAdaptor:  file_open 20-Dec-2022 11:03:31 CET pre-events
Data is served from GRIF-IRFU instead of original site CERN-CMSGLOBAL-02
%MSG
20-Dec-2022 11:03:32 CET  Successfully opened file root://cms-xrd-global.cern.ch//store/user/alesauva/flashgg/UL2017_4/10_6_4/ZHiggs0L1ToGG_M125_TuneCP5_13TeV-JHUGenV7011-pythia8/UL2017_4-10_6_4-v0-RunIISummer19UL17MiniAOD-106X_mc2017_realistic_v6-v2/200911_121149/0000/myMicroAODOutputFile_11.root
2022-12-20 11:16:03.987145: I tensorflow/core/platform/cpu_feature_guard.cc:140] Your CPU supports instructions that this TensorFlow binary was not compiled to use: SSE4.1 SSE4.2 AVX AVX2 FMA
Begin processing the 1st record. Run 1, Event 21802, LumiSection 219 on stream 0 at 20-Dec-2022 11:16:54.212 CET
[2022-12-20 11:17:37.357270 +0100][Error  ][AsyncSock         ] [xrootd.ba.infn.it:1094 #0.0] Socket error while handshaking: [ERROR] Socket timeout
[2022-12-20 11:17:37.357487 +0100][Error  ][PostMaster        ] [xrootd.ba.infn.it:1094 #0] elapsed = 45, pConnectionWindow = 31 seconds.
[2022-12-20 11:18:22.584396 +0100][Error  ][AsyncSock         ] [xrootd.ba.infn.it:1094 #0.0] Socket error while handshaking: [ERROR] Socket timeout
[2022-12-20 11:18:22.584551 +0100][Error  ][PostMaster        ] [xrootd.ba.infn.it:1094 #0] elapsed = 45, pConnectionWindow = 31 seconds.
[2022-12-20 11:18:22.584623 +0100][Error  ][PostMaster        ] [xrootd.ba.infn.it:1094 #0] Unable to recover: [ERROR] Socket timeout.
[2022-12-20 11:18:22.584642 +0100][Error  ][XRootD            ] [xrootd.ba.infn.it:1094] Impossible to send message kXR_open (file: /store/user/alesauva/flashgg/UL2017_4/10_6_4/ZHiggs0L1ToGG_M125_TuneCP5_13TeV-JHUGenV7011-pythia8/UL2017_4-10_6_4-v0-RunIISummer19UL17MiniAOD-106X_mc2017_realistic_v6-v2/200911_121149/0000/myMicroAODOutputFile_11.root?tried=stor80.datagrid.cea.fr, mode: 0660, flags: kXR_open_read kXR_async kXR_retstat ). Trying to recover.
Begin processing the 1001st record. Run 1, Event 22802, LumiSection 229 on stream 0 at 20-Dec-2022 11:21:19.864 CET
[2022-12-20 11:23:12.546127 +0100][Error  ][AsyncSock         ] [xrootd.ba.infn.it:1094 #0.0] Socket error while handshaking: [ERROR] Socket timeout
[2022-12-20 11:23:12.546285 +0100][Error  ][PostMaster        ] [xrootd.ba.infn.it:1094 #0] elapsed = 45, pConnectionWindow = 31 seconds.
Begin processing the 2001st record. Run 1, Event 23804, LumiSection 239 on stream 0 at 20-Dec-2022 11:23:39.574 CET
[2022-12-20 11:23:57.795089 +0100][Error  ][AsyncSock         ] [xrootd.ba.infn.it:1094 #0.0] Socket error while handshaking: [ERROR] Socket timeout
[2022-12-20 11:23:57.795233 +0100][Error  ][PostMaster        ] [xrootd.ba.infn.it:1094 #0] elapsed = 45, pConnectionWindow = 31 seconds.
[2022-12-20 11:23:57.795243 +0100][Error  ][PostMaster        ] [xrootd.ba.infn.it:1094 #0] Unable to recover: [ERROR] Socket timeout.
[2022-12-20 11:23:57.795253 +0100][Error  ][XRootD            ] [xrootd.ba.infn.it:1094] Impossible to send message kXR_open (file: /store/user/alesauva/flashgg/UL2017_4/10_6_4/ZHiggs0L1ToGG_M125_TuneCP5_13TeV-JHUGenV7011-pythia8/UL2017_4-10_6_4-v0-RunIISummer19UL17MiniAOD-106X_mc2017_realistic_v6-v2/200911_121149/0000/myMicroAODOutputFile_11.root?tried=stor80.datagrid.cea.fr, mode: 0660, flags: kXR_open_read kXR_async kXR_retstat ). Trying to recover.
Begin processing the 3001st record. Run 1, Event 68701, LumiSection 688 on stream 0 at 20-Dec-2022 11:25:49.443 CET
Begin processing the 4001st record. Run 1, Event 69905, LumiSection 700 on stream 0 at 20-Dec-2022 11:28:02.776 CET
Begin processing the 5001st record. Run 1, Event 159703, LumiSection 1598 on stream 0 at 20-Dec-2022 11:30:14.715 CET
[2022-12-20 11:30:27.521161 +0100][Error  ][AsyncSock         ] [xrootd.ba.infn.it:1094 #0.0] Socket error while handshaking: [ERROR] Socket timeout
[2022-12-20 11:30:27.521356 +0100][Error  ][PostMaster        ] [xrootd.ba.infn.it:1094 #0] elapsed = 45, pConnectionWindow = 31 seconds.
[2022-12-20 11:31:12.765389 +0100][Error  ][AsyncSock         ] [xrootd.ba.infn.it:1094 #0.0] Socket error while handshaking: [ERROR] Socket timeout
[2022-12-20 11:31:12.765527 +0100][Error  ][PostMaster        ] [xrootd.ba.infn.it:1094 #0] elapsed = 45, pConnectionWindow = 31 seconds.
[2022-12-20 11:31:12.765539 +0100][Error  ][PostMaster        ] [xrootd.ba.infn.it:1094 #0] Unable to recover: [ERROR] Socket timeout.
[2022-12-20 11:31:12.765554 +0100][Error  ][XRootD            ] [xrootd.ba.infn.it:1094] Impossible to send message kXR_open (file: /store/user/alesauva/flashgg/UL2017_4/10_6_4/ZHiggs0L1ToGG_M125_TuneCP5_13TeV-JHUGenV7011-pythia8/UL2017_4-10_6_4-v0-RunIISummer19UL17MiniAOD-106X_mc2017_realistic_v6-v2/200911_121149/0000/myMicroAODOutputFile_11.root?tried=stor80.datagrid.cea.fr, mode: 0660, flags: kXR_open_read kXR_async kXR_retstat ). Trying to recover.
Begin processing the 6001st record. Run 1, Event 169405, LumiSection 1695 on stream 0 at 20-Dec-2022 11:32:28.562 CET
Begin processing the 7001st record. Run 1, Event 184204, LumiSection 1843 on stream 0 at 20-Dec-2022 11:34:40.008 CET
Begin processing the 8001st record. Run 1, Event 185401, LumiSection 1855 on stream 0 at 20-Dec-2022 11:36:47.940 CET
[2022-12-20 11:38:44.188140 +0100][Error  ][AsyncSock         ] [xrootd.ba.infn.it:1094 #0.0] Socket error while handshaking: [ERROR] Socket timeout
[2022-12-20 11:38:44.188272 +0100][Error  ][PostMaster        ] [xrootd.ba.infn.it:1094 #0] elapsed = 46, pConnectionWindow = 31 seconds.
Begin processing the 9001st record. Run 1, Event 186403, LumiSection 1865 on stream 0 at 20-Dec-2022 11:38:59.056 CET
[2022-12-20 11:39:29.433008 +0100][Error  ][AsyncSock         ] [xrootd.ba.infn.it:1094 #0.0] Socket error while handshaking: [ERROR] Socket timeout
[2022-12-20 11:39:29.433149 +0100][Error  ][PostMaster        ] [xrootd.ba.infn.it:1094 #0] elapsed = 45, pConnectionWindow = 31 seconds.
[2022-12-20 11:39:29.433160 +0100][Error  ][PostMaster        ] [xrootd.ba.infn.it:1094 #0] Unable to recover: [ERROR] Socket timeout.
[2022-12-20 11:39:29.433171 +0100][Error  ][XRootD            ] [xrootd.ba.infn.it:1094] Impossible to send message kXR_open (file: /store/user/alesauva/flashgg/UL2017_4/10_6_4/ZHiggs0L1ToGG_M125_TuneCP5_13TeV-JHUGenV7011-pythia8/UL2017_4-10_6_4-v0-RunIISummer19UL17MiniAOD-106X_mc2017_realistic_v6-v2/200911_121149/0000/myMicroAODOutputFile_11.root?tried=stor80.datagrid.cea.fr, mode: 0660, flags: kXR_open_read kXR_async kXR_retstat ). Trying to recover.
Begin processing the 10001st record. Run 1, Event 286102, LumiSection 2862 on stream 0 at 20-Dec-2022 11:41:07.044 CET
Begin processing the 11001st record. Run 1, Event 287305, LumiSection 2874 on stream 0 at 20-Dec-2022 11:43:23.111 CET
Begin processing the 12001st record. Run 1, Event 379501, LumiSection 3796 on stream 0 at 20-Dec-2022 11:45:36.702 CET
[2022-12-20 11:47:07.171221 +0100][Error  ][AsyncSock         ] [xrootd.ba.infn.it:1094 #0.0] Socket error while handshaking: [ERROR] Socket timeout
[2022-12-20 11:47:07.171368 +0100][Error  ][PostMaster        ] [xrootd.ba.infn.it:1094 #0] elapsed = 45, pConnectionWindow = 31 seconds.
Begin processing the 13001st record. Run 1, Event 302904, LumiSection 3030 on stream 0 at 20-Dec-2022 11:47:45.113 CET
[2022-12-20 11:47:52.413092 +0100][Error  ][AsyncSock         ] [xrootd.ba.infn.it:1094 #0.0] Socket error while handshaking: [ERROR] Socket timeout
[2022-12-20 11:47:52.413260 +0100][Error  ][PostMaster        ] [xrootd.ba.infn.it:1094 #0] elapsed = 45, pConnectionWindow = 31 seconds.
[2022-12-20 11:47:52.413293 +0100][Error  ][PostMaster        ] [xrootd.ba.infn.it:1094 #0] Unable to recover: [ERROR] Socket timeout.
[2022-12-20 11:47:52.413303 +0100][Error  ][XRootD            ] [xrootd.ba.infn.it:1094] Impossible to send message kXR_open (file: /store/user/alesauva/flashgg/UL2017_4/10_6_4/ZHiggs0L1ToGG_M125_TuneCP5_13TeV-JHUGenV7011-pythia8/UL2017_4-10_6_4-v0-RunIISummer19UL17MiniAOD-106X_mc2017_realistic_v6-v2/200911_121149/0000/myMicroAODOutputFile_11.root?tried=stor80.datagrid.cea.fr, mode: 0660, flags: kXR_open_read kXR_async kXR_retstat ). Trying to recover.
Begin processing the 14001st record. Run 1, Event 303901, LumiSection 3040 on stream 0 at 20-Dec-2022 11:49:54.129 CET
Begin processing the 15001st record. Run 1, Event 511603, LumiSection 5117 on stream 0 at 20-Dec-2022 11:52:01.160 CET
Begin processing the 16001st record. Run 1, Event 393901, LumiSection 3940 on stream 0 at 20-Dec-2022 11:54:13.086 CET
[2022-12-20 11:55:15.116076 +0100][Error  ][AsyncSock         ] [xrootd.ba.infn.it:1094 #0.0] Socket error while handshaking: [ERROR] Socket timeout
[2022-12-20 11:55:15.116237 +0100][Error  ][PostMaster        ] [xrootd.ba.infn.it:1094 #0] elapsed = 45, pConnectionWindow = 31 seconds.
[2022-12-20 11:56:00.363058 +0100][Error  ][AsyncSock         ] [xrootd.ba.infn.it:1094 #0.0] Socket error while handshaking: [ERROR] Socket timeout
[2022-12-20 11:56:00.363195 +0100][Error  ][PostMaster        ] [xrootd.ba.infn.it:1094 #0] elapsed = 45, pConnectionWindow = 31 seconds.
[2022-12-20 11:56:00.363211 +0100][Error  ][PostMaster        ] [xrootd.ba.infn.it:1094 #0] Unable to recover: [ERROR] Socket timeout.
[2022-12-20 11:56:00.363220 +0100][Error  ][XRootD            ] [xrootd.ba.infn.it:1094] Impossible to send message kXR_open (file: /store/user/alesauva/flashgg/UL2017_4/10_6_4/ZHiggs0L1ToGG_M125_TuneCP5_13TeV-JHUGenV7011-pythia8/UL2017_4-10_6_4-v0-RunIISummer19UL17MiniAOD-106X_mc2017_realistic_v6-v2/200911_121149/0000/myMicroAODOutputFile_11.root?tried=stor80.datagrid.cea.fr, mode: 0660, flags: kXR_open_read kXR_async kXR_retstat ). Trying to recover.
Begin processing the 17001st record. Run 1, Event 394901, LumiSection 3950 on stream 0 at 20-Dec-2022 11:56:11.857 CET
Begin processing the 18001st record. Run 1, Event 605202, LumiSection 6053 on stream 0 at 20-Dec-2022 11:58:18.751 CET
Begin processing the 19001st record. Run 1, Event 606201, LumiSection 6063 on stream 0 at 20-Dec-2022 12:00:25.584 CET
[2022-12-20 12:01:10.800086 +0100][Error  ][AsyncSock         ] [xrootd.ba.infn.it:1094 #0.0] Socket error while handshaking: [ERROR] Socket timeout
[2022-12-20 12:01:10.800214 +0100][Error  ][PostMaster        ] [xrootd.ba.infn.it:1094 #0] elapsed = 45, pConnectionWindow = 31 seconds.
[2022-12-20 12:01:55.037049 +0100][Error  ][AsyncSock         ] [xrootd.ba.infn.it:1094 #0.0] Socket error while handshaking: [ERROR] Socket timeout
[2022-12-20 12:01:55.037171 +0100][Error  ][PostMaster        ] [xrootd.ba.infn.it:1094 #0] elapsed = 45, pConnectionWindow = 31 seconds.
[2022-12-20 12:01:55.037182 +0100][Error  ][PostMaster        ] [xrootd.ba.infn.it:1094 #0] Unable to recover: [ERROR] Socket timeout.
[2022-12-20 12:01:55.037190 +0100][Error  ][XRootD            ] [xrootd.ba.infn.it:1094] Impossible to send message kXR_open (file: /store/user/alesauva/flashgg/UL2017_4/10_6_4/ZHiggs0L1ToGG_M125_TuneCP5_13TeV-JHUGenV7011-pythia8/UL2017_4-10_6_4-v0-RunIISummer19UL17MiniAOD-106X_mc2017_realistic_v6-v2/200911_121149/0000/myMicroAODOutputFile_11.root?tried=stor80.datagrid.cea.fr, mode: 0660, flags: kXR_open_read kXR_async kXR_retstat ). Trying to recover.
Begin processing the 20001st record. Run 1, Event 632201, LumiSection 6323 on stream 0 at 20-Dec-2022 12:02:35.580 CET
Begin processing the 21001st record. Run 1, Event 633906, LumiSection 6340 on stream 0 at 20-Dec-2022 12:04:42.835 CET
Begin processing the 22001st record. Run 1, Event 695403, LumiSection 6955 on stream 0 at 20-Dec-2022 12:06:43.714 CET
[2022-12-20 12:07:08.938092 +0100][Error  ][AsyncSock         ] [xrootd.ba.infn.it:1094 #0.0] Socket error while handshaking: [ERROR] Socket timeout
[2022-12-20 12:07:08.938254 +0100][Error  ][PostMaster        ] [xrootd.ba.infn.it:1094 #0] elapsed = 45, pConnectionWindow = 31 seconds.
[2022-12-20 12:07:53.179080 +0100][Error  ][AsyncSock         ] [xrootd.ba.infn.it:1094 #0.0] Socket error while handshaking: [ERROR] Socket timeout
[2022-12-20 12:07:53.179218 +0100][Error  ][PostMaster        ] [xrootd.ba.infn.it:1094 #0] elapsed = 45, pConnectionWindow = 31 seconds.
[2022-12-20 12:07:53.179229 +0100][Error  ][PostMaster        ] [xrootd.ba.infn.it:1094 #0] Unable to recover: [ERROR] Socket timeout.
[2022-12-20 12:07:53.179240 +0100][Error  ][XRootD            ] [xrootd.ba.infn.it:1094] Impossible to send message kXR_open (file: /store/user/alesauva/flashgg/UL2017_4/10_6_4/ZHiggs0L1ToGG_M125_TuneCP5_13TeV-JHUGenV7011-pythia8/UL2017_4-10_6_4-v0-RunIISummer19UL17MiniAOD-106X_mc2017_realistic_v6-v2/200911_121149/0000/myMicroAODOutputFile_11.root?tried=stor80.datagrid.cea.fr, mode: 0660, flags: kXR_open_read kXR_async kXR_retstat ). Trying to recover.
Begin processing the 23001st record. Run 1, Event 696603, LumiSection 6967 on stream 0 at 20-Dec-2022 12:08:54.564 CET
Begin processing the 24001st record. Run 1, Event 616007, LumiSection 6161 on stream 0 at 20-Dec-2022 12:11:01.571 CET
20-Dec-2022 12:13:15 CET  Closed file root://cms-xrd-global.cern.ch//store/user/alesauva/flashgg/UL2017_4/10_6_4/ZHiggs0L1ToGG_M125_TuneCP5_13TeV-JHUGenV7011-pythia8/UL2017_4-10_6_4-v0-RunIISummer19UL17MiniAOD-106X_mc2017_realistic_v6-v2/200911_121149/0000/myMicroAODOutputFile_11.root

TrigReport ---------- Event  Summary ------------
TrigReport Events total = 25000 passed = 24662 failed = 338

TrigReport ---------- Path   Summary ------------
TrigReport  Trig Bit#   Executed     Passed     Failed      Error Name
TrigReport     1    0      25000      24662        338          0 p

TrigReport -------End-Path   Summary ------------
TrigReport  Trig Bit#   Executed     Passed     Failed      Error Name

TrigReport ---------- Modules in Path: p ------------
TrigReport  Trig Bit#    Visited     Passed     Failed      Error Name
TrigReport     1    0      25000      24662        338          0 flashggMetFilters
TrigReport     1    1      24662      24662          0          0 VHFilter
TrigReport     1    2      24662      24662          0          0 flashggDifferentialPhoIdInputsCorrection
TrigReport     1    3      24662      24662          0          0 flashggDiPhotonSystematics
TrigReport     1    4      24662      24662          0          0 flashggMetSystematics
TrigReport     1    5      24662      24662          0          0 flashggMuonSystematics
TrigReport     1    6      24662      24662          0          0 flashggElectronSystematics
TrigReport     1    7      24662      24662          0          0 flashggUnpackedJets
TrigReport     1    8      24662      24662          0          0 flashggJetSystematics0
TrigReport     1    9      24662      24662          0          0 flashggJetSystematics1
TrigReport     1   10      24662      24662          0          0 flashggJetSystematics2
TrigReport     1   11      24662      24662          0          0 flashggJetSystematics3
TrigReport     1   12      24662      24662          0          0 flashggJetSystematics4
TrigReport     1   13      24662      24662          0          0 flashggJetSystematics5
TrigReport     1   14      24662      24662          0          0 flashggJetSystematics6
TrigReport     1   15      24662      24662          0          0 flashggJetSystematics7
TrigReport     1   16      24662      24662          0          0 flashggJetSystematics8
TrigReport     1   17      24662      24662          0          0 flashggJetSystematics9
TrigReport     1   18      24662      24662          0          0 flashggJetSystematics10
TrigReport     1   19      24662      24662          0          0 flashggJetSystematics11
TrigReport     1   20      24662      24662          0          0 flashggPrefireDiPhotons
TrigReport     1   21      24662      24662          0          0 flashggPreselectedDiPhotons
TrigReport     1   22      24662      24662          0          0 flashggDiPhotonMVA
TrigReport     1   23      24662      24662          0          0 flashggVBFMVA
TrigReport     1   24      24662      24662          0          0 flashggVHhadMVA
TrigReport     1   25      24662      24662          0          0 flashggGluGluHMVA
TrigReport     1   26      24662      24662          0          0 flashggStageOneCombinedTag
TrigReport     1   27      24662      24662          0          0 flashggTHQLeptonicTag
TrigReport     1   28      24662      24662          0          0 flashggVHMetTag
TrigReport     1   29      24662      24662          0          0 flashggWHLeptonicTag
TrigReport     1   30      24662      24662          0          0 flashggZHLeptonicTag
TrigReport     1   31      24662      24662          0          0 flashggTTHLeptonicTag
TrigReport     1   32      24662      24662          0          0 flashggTTHHadronicTag
TrigReport     1   33      24662      24662          0          0 flashggTagSorter
TrigReport     1   34      24662      24662          0          0 flashggSystTagMerger
TrigReport     1   35      24662      24662          0          0 tagsDumper

TrigReport ---------- Module Summary ------------
TrigReport    Visited   Executed     Passed     Failed      Error Name
TrigReport      25000      25000      25000          0          0 TriggerResults
TrigReport      24662      24662      24662          0          0 VHFilter
TrigReport      24662      24662      24662          0          0 ak4PFCHSL1FastL2L3Corrector
TrigReport      24662      24662      24662          0          0 ak4PFCHSL1FastjetCorrector
TrigReport      24662      24662      24662          0          0 ak4PFCHSL2RelativeCorrector
TrigReport      24662      24662      24662          0          0 ak4PFCHSL3AbsoluteCorrector
TrigReport      24662      24662      24662          0          0 flashggDiPhotonMVA
TrigReport      24662      24662      24662          0          0 flashggDiPhotonSystematics
TrigReport      24662      24662      24662          0          0 flashggDifferentialPhoIdInputsCorrection
TrigReport      24662      24662      24662          0          0 flashggElectronSystematics
TrigReport      24662      24662      24662          0          0 flashggGluGluHMVA
TrigReport      24662      24662      24662          0          0 flashggJetSystematics0
TrigReport      24662      24662      24662          0          0 flashggJetSystematics1
TrigReport      24662      24662      24662          0          0 flashggJetSystematics10
TrigReport      24662      24662      24662          0          0 flashggJetSystematics11
TrigReport      24662      24662      24662          0          0 flashggJetSystematics2
TrigReport      24662      24662      24662          0          0 flashggJetSystematics3
TrigReport      24662      24662      24662          0          0 flashggJetSystematics4
TrigReport      24662      24662      24662          0          0 flashggJetSystematics5
TrigReport      24662      24662      24662          0          0 flashggJetSystematics6
TrigReport      24662      24662      24662          0          0 flashggJetSystematics7
TrigReport      24662      24662      24662          0          0 flashggJetSystematics8
TrigReport      24662      24662      24662          0          0 flashggJetSystematics9
TrigReport      25000      25000      24662        338          0 flashggMetFilters
TrigReport      24662      24662      24662          0          0 flashggMetSystematics
TrigReport      24662      24662      24662          0          0 flashggMuonSystematics
TrigReport      24662      24662      24662          0          0 flashggPrefireDiPhotons
TrigReport      24662      24662      24662          0          0 flashggPreselectedDiPhotons
TrigReport      24662      24662      24662          0          0 flashggStageOneCombinedTag
TrigReport      24662      24662      24662          0          0 flashggSystTagMerger
TrigReport      24662      24662      24662          0          0 flashggTHQLeptonicTag
TrigReport      24662      24662      24662          0          0 flashggTTHHadronicTag
TrigReport      24662      24662      24662          0          0 flashggTTHLeptonicTag
TrigReport      24662      24662      24662          0          0 flashggTagSorter
TrigReport      24662      24662      24662          0          0 flashggUnpackedJets
TrigReport      24662      24662      24662          0          0 flashggVBFMVA
TrigReport      24662      24662      24662          0          0 flashggVHMetTag
TrigReport      24662      24662      24662          0          0 flashggVHhadMVA
TrigReport      24662      24662      24662          0          0 flashggWHLeptonicTag
TrigReport      24662      24662      24662          0          0 flashggZHLeptonicTag
TrigReport      25000      25000      25000          0          0 p
TrigReport      24662      24662      24662          0          0 tagsDumper

TimeReport ---------- Event  Summary ---[sec]----
TimeReport       event loop CPU/event = 0.134677
TimeReport      event loop Real/event = 0.135339
TimeReport     sum Streams Real/event = 0.131653
TimeReport efficiency CPU/Real/thread = 0.995108

TimeReport ---------- Path   Summary ---[Real sec]----
TimeReport  per event     per exec  Name
TimeReport   0.131220     0.131220  p
TimeReport  per event     per exec  Name

TimeReport -------End-Path   Summary ---[Real sec]----
TimeReport  per event     per exec  Name
TimeReport  per event     per exec  Name

TimeReport ---------- Modules in Path: p ---[Real sec]----
TimeReport  per event    per visit  Name
TimeReport   0.000014     0.000014  flashggMetFilters
TimeReport   0.000005     0.000005  VHFilter
TimeReport   0.074649     0.075672  flashggDifferentialPhoIdInputsCorrection
TimeReport   0.041334     0.041900  flashggDiPhotonSystematics
TimeReport   0.000156     0.000158  flashggMetSystematics
TimeReport   0.000045     0.000045  flashggMuonSystematics
TimeReport   0.000035     0.000035  flashggElectronSystematics
TimeReport   0.000202     0.000205  flashggUnpackedJets
TimeReport   0.003324     0.003369  flashggJetSystematics0
TimeReport   0.000599     0.000607  flashggJetSystematics1
TimeReport   0.000544     0.000552  flashggJetSystematics2
TimeReport   0.000525     0.000532  flashggJetSystematics3
TimeReport   0.000516     0.000523  flashggJetSystematics4
TimeReport   0.000513     0.000520  flashggJetSystematics5
TimeReport   0.000508     0.000515  flashggJetSystematics6
TimeReport   0.000506     0.000513  flashggJetSystematics7
TimeReport   0.000509     0.000516  flashggJetSystematics8
TimeReport   0.000503     0.000510  flashggJetSystematics9
TimeReport   0.000501     0.000508  flashggJetSystematics10
TimeReport   0.000499     0.000506  flashggJetSystematics11
TimeReport   0.000283     0.000286  flashggPrefireDiPhotons
TimeReport   0.000117     0.000118  flashggPreselectedDiPhotons
TimeReport   0.000037     0.000038  flashggDiPhotonMVA
TimeReport   0.000031     0.000032  flashggVBFMVA
TimeReport   0.000018     0.000018  flashggVHhadMVA
TimeReport   0.000052     0.000053  flashggGluGluHMVA
TimeReport   0.000031     0.000032  flashggStageOneCombinedTag
TimeReport   0.000507     0.000514  flashggTHQLeptonicTag
TimeReport   0.000390     0.000395  flashggVHMetTag
TimeReport   0.000025     0.000025  flashggWHLeptonicTag
TimeReport   0.000020     0.000021  flashggZHLeptonicTag
TimeReport   0.000069     0.000070  flashggTTHLeptonicTag
TimeReport   0.001475     0.001496  flashggTTHHadronicTag
TimeReport   0.000078     0.000079  flashggTagSorter
TimeReport   0.000003     0.000003  flashggSystTagMerger
TimeReport   0.000341     0.000346  tagsDumper
TimeReport  per event    per visit  Name

TimeReport ---------- Module Summary ---[Real sec]----
TimeReport  per event     per exec    per visit  Name
TimeReport   0.000002     0.000002     0.000002  TriggerResults
TimeReport   0.000005     0.000005     0.000005  VHFilter
TimeReport   0.000003     0.000003     0.000003  ak4PFCHSL1FastL2L3Corrector
TimeReport   0.000003     0.000003     0.000003  ak4PFCHSL1FastjetCorrector
TimeReport   0.000001     0.000001     0.000001  ak4PFCHSL2RelativeCorrector
TimeReport   0.000013     0.000013     0.000013  ak4PFCHSL3AbsoluteCorrector
TimeReport   0.000037     0.000038     0.000038  flashggDiPhotonMVA
TimeReport   0.041334     0.041900     0.041900  flashggDiPhotonSystematics
TimeReport   0.074649     0.075672     0.075672  flashggDifferentialPhoIdInputsCorrection
TimeReport   0.000035     0.000035     0.000035  flashggElectronSystematics
TimeReport   0.000052     0.000053     0.000053  flashggGluGluHMVA
TimeReport   0.003324     0.003369     0.003369  flashggJetSystematics0
TimeReport   0.000599     0.000607     0.000607  flashggJetSystematics1
TimeReport   0.000501     0.000508     0.000508  flashggJetSystematics10
TimeReport   0.000499     0.000506     0.000506  flashggJetSystematics11
TimeReport   0.000544     0.000552     0.000552  flashggJetSystematics2
TimeReport   0.000525     0.000532     0.000532  flashggJetSystematics3
TimeReport   0.000516     0.000523     0.000523  flashggJetSystematics4
TimeReport   0.000513     0.000520     0.000520  flashggJetSystematics5
TimeReport   0.000508     0.000515     0.000515  flashggJetSystematics6
TimeReport   0.000506     0.000513     0.000513  flashggJetSystematics7
TimeReport   0.000509     0.000516     0.000516  flashggJetSystematics8
TimeReport   0.000503     0.000510     0.000510  flashggJetSystematics9
TimeReport   0.000014     0.000014     0.000014  flashggMetFilters
TimeReport   0.000156     0.000158     0.000158  flashggMetSystematics
TimeReport   0.000045     0.000045     0.000045  flashggMuonSystematics
TimeReport   0.000283     0.000286     0.000286  flashggPrefireDiPhotons
TimeReport   0.000117     0.000118     0.000118  flashggPreselectedDiPhotons
TimeReport   0.000031     0.000032     0.000032  flashggStageOneCombinedTag
TimeReport   0.000003     0.000003     0.000003  flashggSystTagMerger
TimeReport   0.000507     0.000514     0.000514  flashggTHQLeptonicTag
TimeReport   0.001475     0.001496     0.001496  flashggTTHHadronicTag
TimeReport   0.000069     0.000070     0.000070  flashggTTHLeptonicTag
TimeReport   0.000078     0.000079     0.000079  flashggTagSorter
TimeReport   0.000202     0.000205     0.000205  flashggUnpackedJets
TimeReport   0.000031     0.000032     0.000032  flashggVBFMVA
TimeReport   0.000390     0.000395     0.000395  flashggVHMetTag
TimeReport   0.000018     0.000018     0.000018  flashggVHhadMVA
TimeReport   0.000025     0.000025     0.000025  flashggWHLeptonicTag
TimeReport   0.000020     0.000021     0.000021  flashggZHLeptonicTag
TimeReport   0.000002     0.000002     0.000002  p
TimeReport   0.000341     0.000346     0.000346  tagsDumper
TimeReport  per event     per exec    per visit  Name

T---Report end!


=============================================

MessageLogger Summary

 type     category        sev    module        subroutine        count    total
 ---- -------------------- -- ---------------- ----------------  -----    -----
    1 XrdAdaptor           -w file_open                              1        1
    2 fileAction           -s file_close                             1        1
    3 fileAction           -s file_open                              2        2

 type    category    Examples: run/evt        run/evt          run/evt
 ---- -------------------- ---------------- ---------------- ----------------
    1 XrdAdaptor           pre-events                        
    2 fileAction           PostGlobalEndRun                  
    3 fileAction           pre-events       pre-events       

Severity    # Occurrences   Total Occurrences
--------    -------------   -----------------
Warning                 1                   1
System                  3                   3

dropped waiting message count 0
