mkdir: cannot create directory '/afs/cern.ch/user/x/xisu/private/local/Analysis_workspace/VH_AC_tmp1/flashgg_d2/CMSSW_10_6_29/src/flashgg/VHAC_Analysis_Met/UL_17/UL_17_zh125': File exists
/cvmfs/cms.cern.ch/slc7_amd64_gcc700/external/py2-requests/2.21.0-pafccj2/lib/python2.7/site-packages/requests/__init__.py:91: RequestsDependencyWarning: urllib3 (1.25.2) or chardet (3.0.4) doesn't match a supported version!
  RequestsDependencyWarning)
20-Dec-2022 11:10:44 CET  Initiating request to open file root://cms-xrd-global.cern.ch//store/user/alesauva/flashgg/UL2017_4/10_6_4/ZHiggs0MToGG_M125_TuneCP5_13TeV-JHUGenV7011-pythia8/UL2017_4-10_6_4-v0-RunIISummer19UL17MiniAOD-106X_mc2017_realistic_v6-v2/200720_162208/0000/myMicroAODOutputFile_29.root
%MSG-w XrdAdaptor:  file_open 20-Dec-2022 11:10:46 CET pre-events
Data is served from GRIF-IRFU instead of original site CERN-CMSGLOBAL-02
%MSG
20-Dec-2022 11:10:47 CET  Successfully opened file root://cms-xrd-global.cern.ch//store/user/alesauva/flashgg/UL2017_4/10_6_4/ZHiggs0MToGG_M125_TuneCP5_13TeV-JHUGenV7011-pythia8/UL2017_4-10_6_4-v0-RunIISummer19UL17MiniAOD-106X_mc2017_realistic_v6-v2/200720_162208/0000/myMicroAODOutputFile_29.root
2022-12-20 11:21:34.330630: I tensorflow/core/platform/cpu_feature_guard.cc:140] Your CPU supports instructions that this TensorFlow binary was not compiled to use: SSE4.1 SSE4.2 AVX AVX2 FMA
Begin processing the 1st record. Run 1, Event 391505, LumiSection 3916 on stream 0 at 20-Dec-2022 11:22:15.000 CET
[2022-12-20 11:22:58.178938 +0100][Error  ][AsyncSock         ] [xrootd.ba.infn.it:1094 #0.0] Socket error while handshaking: [ERROR] Socket timeout
[2022-12-20 11:22:58.179142 +0100][Error  ][PostMaster        ] [xrootd.ba.infn.it:1094 #0] elapsed = 45, pConnectionWindow = 31 seconds.
[2022-12-20 11:23:43.676421 +0100][Error  ][AsyncSock         ] [xrootd.ba.infn.it:1094 #0.0] Socket error while handshaking: [ERROR] Socket timeout
[2022-12-20 11:23:43.676636 +0100][Error  ][PostMaster        ] [xrootd.ba.infn.it:1094 #0] elapsed = 45, pConnectionWindow = 31 seconds.
[2022-12-20 11:23:43.676755 +0100][Error  ][PostMaster        ] [xrootd.ba.infn.it:1094 #0] Unable to recover: [ERROR] Socket timeout.
[2022-12-20 11:23:43.676781 +0100][Error  ][XRootD            ] [xrootd.ba.infn.it:1094] Impossible to send message kXR_open (file: /store/user/alesauva/flashgg/UL2017_4/10_6_4/ZHiggs0MToGG_M125_TuneCP5_13TeV-JHUGenV7011-pythia8/UL2017_4-10_6_4-v0-RunIISummer19UL17MiniAOD-106X_mc2017_realistic_v6-v2/200720_162208/0000/myMicroAODOutputFile_29.root?tried=stor76.datagrid.cea.fr, mode: 0660, flags: kXR_open_read kXR_async kXR_retstat ). Trying to recover.
Begin processing the 1001st record. Run 1, Event 392504, LumiSection 3926 on stream 0 at 20-Dec-2022 11:25:45.993 CET
Begin processing the 2001st record. Run 1, Event 393608, LumiSection 3937 on stream 0 at 20-Dec-2022 11:27:34.114 CET
[2022-12-20 11:27:37.976066 +0100][Error  ][AsyncSock         ] [xrootd.ba.infn.it:1094 #0.0] Socket error while handshaking: [ERROR] Socket timeout
[2022-12-20 11:27:37.976243 +0100][Error  ][PostMaster        ] [xrootd.ba.infn.it:1094 #0] elapsed = 45, pConnectionWindow = 31 seconds.
[2022-12-20 11:28:22.208377 +0100][Error  ][AsyncSock         ] [xrootd.ba.infn.it:1094 #0.0] Socket error while handshaking: [ERROR] Socket timeout
[2022-12-20 11:28:22.208522 +0100][Error  ][PostMaster        ] [xrootd.ba.infn.it:1094 #0] elapsed = 45, pConnectionWindow = 31 seconds.
[2022-12-20 11:28:22.208536 +0100][Error  ][PostMaster        ] [xrootd.ba.infn.it:1094 #0] Unable to recover: [ERROR] Socket timeout.
[2022-12-20 11:28:22.208588 +0100][Error  ][XRootD            ] [xrootd.ba.infn.it:1094] Impossible to send message kXR_open (file: /store/user/alesauva/flashgg/UL2017_4/10_6_4/ZHiggs0MToGG_M125_TuneCP5_13TeV-JHUGenV7011-pythia8/UL2017_4-10_6_4-v0-RunIISummer19UL17MiniAOD-106X_mc2017_realistic_v6-v2/200720_162208/0000/myMicroAODOutputFile_29.root?tried=stor76.datagrid.cea.fr, mode: 0660, flags: kXR_open_read kXR_async kXR_retstat ). Trying to recover.
Begin processing the 3001st record. Run 1, Event 617714, LumiSection 6178 on stream 0 at 20-Dec-2022 11:29:37.510 CET
Begin processing the 4001st record. Run 1, Event 618705, LumiSection 6188 on stream 0 at 20-Dec-2022 11:32:09.506 CET
[2022-12-20 11:32:43.356510 +0100][Error  ][AsyncSock         ] [xrootd.ba.infn.it:1094 #0.0] Socket error while handshaking: [ERROR] Socket timeout
[2022-12-20 11:32:43.392468 +0100][Error  ][PostMaster        ] [xrootd.ba.infn.it:1094 #0] elapsed = 46, pConnectionWindow = 31 seconds.
[2022-12-20 11:33:28.667380 +0100][Error  ][AsyncSock         ] [xrootd.ba.infn.it:1094 #0.0] Socket error while handshaking: [ERROR] Socket timeout
[2022-12-20 11:33:28.667556 +0100][Error  ][PostMaster        ] [xrootd.ba.infn.it:1094 #0] elapsed = 45, pConnectionWindow = 31 seconds.
[2022-12-20 11:33:28.667567 +0100][Error  ][PostMaster        ] [xrootd.ba.infn.it:1094 #0] Unable to recover: [ERROR] Socket timeout.
[2022-12-20 11:33:28.667579 +0100][Error  ][XRootD            ] [xrootd.ba.infn.it:1094] Impossible to send message kXR_open (file: /store/user/alesauva/flashgg/UL2017_4/10_6_4/ZHiggs0MToGG_M125_TuneCP5_13TeV-JHUGenV7011-pythia8/UL2017_4-10_6_4-v0-RunIISummer19UL17MiniAOD-106X_mc2017_realistic_v6-v2/200720_162208/0000/myMicroAODOutputFile_29.root?tried=stor76.datagrid.cea.fr, mode: 0660, flags: kXR_open_read kXR_async kXR_retstat ). Trying to recover.
Begin processing the 5001st record. Run 1, Event 619715, LumiSection 6198 on stream 0 at 20-Dec-2022 11:34:22.073 CET
Begin processing the 6001st record. Run 1, Event 640611, LumiSection 6407 on stream 0 at 20-Dec-2022 11:36:43.718 CET
Begin processing the 7001st record. Run 1, Event 641607, LumiSection 6417 on stream 0 at 20-Dec-2022 11:39:16.248 CET
Begin processing the 8001st record. Run 1, Event 648008, LumiSection 6481 on stream 0 at 20-Dec-2022 11:41:37.231 CET
[2022-12-20 11:41:56.125351 +0100][Error  ][AsyncSock         ] [xrootd.ba.infn.it:1094 #0.0] Socket error while handshaking: [ERROR] Socket timeout
[2022-12-20 11:41:56.125491 +0100][Error  ][PostMaster        ] [xrootd.ba.infn.it:1094 #0] elapsed = 45, pConnectionWindow = 31 seconds.
[2022-12-20 11:42:41.391389 +0100][Error  ][AsyncSock         ] [xrootd.ba.infn.it:1094 #0.0] Socket error while handshaking: [ERROR] Socket timeout
[2022-12-20 11:42:41.391563 +0100][Error  ][PostMaster        ] [xrootd.ba.infn.it:1094 #0] elapsed = 45, pConnectionWindow = 31 seconds.
[2022-12-20 11:42:41.391574 +0100][Error  ][PostMaster        ] [xrootd.ba.infn.it:1094 #0] Unable to recover: [ERROR] Socket timeout.
[2022-12-20 11:42:41.391585 +0100][Error  ][XRootD            ] [xrootd.ba.infn.it:1094] Impossible to send message kXR_open (file: /store/user/alesauva/flashgg/UL2017_4/10_6_4/ZHiggs0MToGG_M125_TuneCP5_13TeV-JHUGenV7011-pythia8/UL2017_4-10_6_4-v0-RunIISummer19UL17MiniAOD-106X_mc2017_realistic_v6-v2/200720_162208/0000/myMicroAODOutputFile_29.root?tried=stor76.datagrid.cea.fr, mode: 0660, flags: kXR_open_read kXR_async kXR_retstat ). Trying to recover.
Begin processing the 9001st record. Run 1, Event 649002, LumiSection 6491 on stream 0 at 20-Dec-2022 11:44:00.223 CET
Begin processing the 10001st record. Run 1, Event 650009, LumiSection 6501 on stream 0 at 20-Dec-2022 11:46:14.630 CET
[2022-12-20 11:46:32.596368 +0100][Error  ][AsyncSock         ] [xrootd.ba.infn.it:1094 #0.0] Socket error while handshaking: [ERROR] Socket timeout
[2022-12-20 11:46:32.596511 +0100][Error  ][PostMaster        ] [xrootd.ba.infn.it:1094 #0] elapsed = 45, pConnectionWindow = 31 seconds.
[2022-12-20 11:47:17.857724 +0100][Error  ][AsyncSock         ] [xrootd.ba.infn.it:1094 #0.0] Socket error while handshaking: [ERROR] Socket timeout
[2022-12-20 11:47:17.857905 +0100][Error  ][PostMaster        ] [xrootd.ba.infn.it:1094 #0] elapsed = 45, pConnectionWindow = 31 seconds.
[2022-12-20 11:47:17.857930 +0100][Error  ][PostMaster        ] [xrootd.ba.infn.it:1094 #0] Unable to recover: [ERROR] Socket timeout.
[2022-12-20 11:47:17.857939 +0100][Error  ][XRootD            ] [xrootd.ba.infn.it:1094] Impossible to send message kXR_open (file: /store/user/alesauva/flashgg/UL2017_4/10_6_4/ZHiggs0MToGG_M125_TuneCP5_13TeV-JHUGenV7011-pythia8/UL2017_4-10_6_4-v0-RunIISummer19UL17MiniAOD-106X_mc2017_realistic_v6-v2/200720_162208/0000/myMicroAODOutputFile_29.root?tried=stor76.datagrid.cea.fr, mode: 0660, flags: kXR_open_read kXR_async kXR_retstat ). Trying to recover.
Begin processing the 11001st record. Run 1, Event 427408, LumiSection 4275 on stream 0 at 20-Dec-2022 11:48:33.451 CET
Begin processing the 12001st record. Run 1, Event 428408, LumiSection 4285 on stream 0 at 20-Dec-2022 11:50:53.167 CET
[2022-12-20 11:51:05.138384 +0100][Error  ][AsyncSock         ] [xrootd.ba.infn.it:1094 #0.0] Socket error while handshaking: [ERROR] Socket timeout
[2022-12-20 11:51:05.138534 +0100][Error  ][PostMaster        ] [xrootd.ba.infn.it:1094 #0] elapsed = 45, pConnectionWindow = 31 seconds.
[2022-12-20 11:51:50.410356 +0100][Error  ][AsyncSock         ] [xrootd.ba.infn.it:1094 #0.0] Socket error while handshaking: [ERROR] Socket timeout
[2022-12-20 11:51:50.410509 +0100][Error  ][PostMaster        ] [xrootd.ba.infn.it:1094 #0] elapsed = 45, pConnectionWindow = 31 seconds.
[2022-12-20 11:51:50.410523 +0100][Error  ][PostMaster        ] [xrootd.ba.infn.it:1094 #0] Unable to recover: [ERROR] Socket timeout.
[2022-12-20 11:51:50.410534 +0100][Error  ][XRootD            ] [xrootd.ba.infn.it:1094] Impossible to send message kXR_open (file: /store/user/alesauva/flashgg/UL2017_4/10_6_4/ZHiggs0MToGG_M125_TuneCP5_13TeV-JHUGenV7011-pythia8/UL2017_4-10_6_4-v0-RunIISummer19UL17MiniAOD-106X_mc2017_realistic_v6-v2/200720_162208/0000/myMicroAODOutputFile_29.root?tried=stor76.datagrid.cea.fr, mode: 0660, flags: kXR_open_read kXR_async kXR_retstat ). Trying to recover.
Begin processing the 13001st record. Run 1, Event 429403, LumiSection 4295 on stream 0 at 20-Dec-2022 11:53:22.511 CET
Begin processing the 14001st record. Run 1, Event 430402, LumiSection 4305 on stream 0 at 20-Dec-2022 11:55:46.515 CET
[2022-12-20 11:55:54.933352 +0100][Error  ][AsyncSock         ] [xrootd.ba.infn.it:1094 #0.0] Socket error while handshaking: [ERROR] Socket timeout
[2022-12-20 11:55:54.933484 +0100][Error  ][PostMaster        ] [xrootd.ba.infn.it:1094 #0] elapsed = 45, pConnectionWindow = 31 seconds.
[2022-12-20 11:56:39.202373 +0100][Error  ][AsyncSock         ] [xrootd.ba.infn.it:1094 #0.0] Socket error while handshaking: [ERROR] Socket timeout
[2022-12-20 11:56:39.202563 +0100][Error  ][PostMaster        ] [xrootd.ba.infn.it:1094 #0] elapsed = 45, pConnectionWindow = 31 seconds.
[2022-12-20 11:56:39.202575 +0100][Error  ][PostMaster        ] [xrootd.ba.infn.it:1094 #0] Unable to recover: [ERROR] Socket timeout.
[2022-12-20 11:56:39.202586 +0100][Error  ][XRootD            ] [xrootd.ba.infn.it:1094] Impossible to send message kXR_open (file: /store/user/alesauva/flashgg/UL2017_4/10_6_4/ZHiggs0MToGG_M125_TuneCP5_13TeV-JHUGenV7011-pythia8/UL2017_4-10_6_4-v0-RunIISummer19UL17MiniAOD-106X_mc2017_realistic_v6-v2/200720_162208/0000/myMicroAODOutputFile_29.root?tried=stor76.datagrid.cea.fr, mode: 0660, flags: kXR_open_read kXR_async kXR_retstat ). Trying to recover.
Begin processing the 15001st record. Run 1, Event 431411, LumiSection 4315 on stream 0 at 20-Dec-2022 11:58:09.063 CET
Begin processing the 16001st record. Run 1, Event 432405, LumiSection 4325 on stream 0 at 20-Dec-2022 12:00:26.879 CET
[2022-12-20 12:00:27.347890 +0100][Error  ][AsyncSock         ] [xrootd.ba.infn.it:1094 #0.0] Socket error while handshaking: [ERROR] Socket timeout
[2022-12-20 12:00:27.348013 +0100][Error  ][PostMaster        ] [xrootd.ba.infn.it:1094 #0] elapsed = 45, pConnectionWindow = 31 seconds.
[2022-12-20 12:01:12.606433 +0100][Error  ][AsyncSock         ] [xrootd.ba.infn.it:1094 #0.0] Socket error while handshaking: [ERROR] Socket timeout
[2022-12-20 12:01:12.606660 +0100][Error  ][PostMaster        ] [xrootd.ba.infn.it:1094 #0] elapsed = 45, pConnectionWindow = 31 seconds.
[2022-12-20 12:01:12.606671 +0100][Error  ][PostMaster        ] [xrootd.ba.infn.it:1094 #0] Unable to recover: [ERROR] Socket timeout.
[2022-12-20 12:01:12.606680 +0100][Error  ][XRootD            ] [xrootd.ba.infn.it:1094] Impossible to send message kXR_open (file: /store/user/alesauva/flashgg/UL2017_4/10_6_4/ZHiggs0MToGG_M125_TuneCP5_13TeV-JHUGenV7011-pythia8/UL2017_4-10_6_4-v0-RunIISummer19UL17MiniAOD-106X_mc2017_realistic_v6-v2/200720_162208/0000/myMicroAODOutputFile_29.root?tried=stor76.datagrid.cea.fr, mode: 0660, flags: kXR_open_read kXR_async kXR_retstat ). Trying to recover.
Begin processing the 17001st record. Run 1, Event 433405, LumiSection 4335 on stream 0 at 20-Dec-2022 12:02:52.795 CET
[2022-12-20 12:05:12.352398 +0100][Error  ][AsyncSock         ] [xrootd.ba.infn.it:1094 #0.0] Socket error while handshaking: [ERROR] Socket timeout
[2022-12-20 12:05:12.352546 +0100][Error  ][PostMaster        ] [xrootd.ba.infn.it:1094 #0] elapsed = 45, pConnectionWindow = 31 seconds.
Begin processing the 18001st record. Run 1, Event 434409, LumiSection 4345 on stream 0 at 20-Dec-2022 12:05:14.938 CET
[2022-12-20 12:05:57.614339 +0100][Error  ][AsyncSock         ] [xrootd.ba.infn.it:1094 #0.0] Socket error while handshaking: [ERROR] Socket timeout
[2022-12-20 12:05:57.614489 +0100][Error  ][PostMaster        ] [xrootd.ba.infn.it:1094 #0] elapsed = 45, pConnectionWindow = 31 seconds.
[2022-12-20 12:05:57.614500 +0100][Error  ][PostMaster        ] [xrootd.ba.infn.it:1094 #0] Unable to recover: [ERROR] Socket timeout.
[2022-12-20 12:05:57.614521 +0100][Error  ][XRootD            ] [xrootd.ba.infn.it:1094] Impossible to send message kXR_open (file: /store/user/alesauva/flashgg/UL2017_4/10_6_4/ZHiggs0MToGG_M125_TuneCP5_13TeV-JHUGenV7011-pythia8/UL2017_4-10_6_4-v0-RunIISummer19UL17MiniAOD-106X_mc2017_realistic_v6-v2/200720_162208/0000/myMicroAODOutputFile_29.root?tried=stor76.datagrid.cea.fr, mode: 0660, flags: kXR_open_read kXR_async kXR_retstat ). Trying to recover.
Begin processing the 19001st record. Run 1, Event 686005, LumiSection 6861 on stream 0 at 20-Dec-2022 12:07:23.115 CET
Begin processing the 20001st record. Run 1, Event 687004, LumiSection 6871 on stream 0 at 20-Dec-2022 12:09:50.780 CET
Begin processing the 21001st record. Run 1, Event 688013, LumiSection 6881 on stream 0 at 20-Dec-2022 12:12:01.276 CET
[2022-12-20 12:14:13.752407 +0100][Error  ][AsyncSock         ] [xrootd.ba.infn.it:1094 #0.0] Socket error while handshaking: [ERROR] Socket timeout
[2022-12-20 12:14:13.752562 +0100][Error  ][PostMaster        ] [xrootd.ba.infn.it:1094 #0] elapsed = 45, pConnectionWindow = 31 seconds.
Begin processing the 22001st record. Run 1, Event 689010, LumiSection 6891 on stream 0 at 20-Dec-2022 12:14:32.385 CET
[2022-12-20 12:14:58.007355 +0100][Error  ][AsyncSock         ] [xrootd.ba.infn.it:1094 #0.0] Socket error while handshaking: [ERROR] Socket timeout
[2022-12-20 12:14:58.007497 +0100][Error  ][PostMaster        ] [xrootd.ba.infn.it:1094 #0] elapsed = 45, pConnectionWindow = 31 seconds.
[2022-12-20 12:14:58.007510 +0100][Error  ][PostMaster        ] [xrootd.ba.infn.it:1094 #0] Unable to recover: [ERROR] Socket timeout.
[2022-12-20 12:14:58.007520 +0100][Error  ][XRootD            ] [xrootd.ba.infn.it:1094] Impossible to send message kXR_open (file: /store/user/alesauva/flashgg/UL2017_4/10_6_4/ZHiggs0MToGG_M125_TuneCP5_13TeV-JHUGenV7011-pythia8/UL2017_4-10_6_4-v0-RunIISummer19UL17MiniAOD-106X_mc2017_realistic_v6-v2/200720_162208/0000/myMicroAODOutputFile_29.root?tried=stor76.datagrid.cea.fr, mode: 0660, flags: kXR_open_read kXR_async kXR_retstat ). Trying to recover.
Begin processing the 23001st record. Run 1, Event 690002, LumiSection 6901 on stream 0 at 20-Dec-2022 12:17:01.910 CET
[2022-12-20 12:19:03.923362 +0100][Error  ][AsyncSock         ] [xrootd.ba.infn.it:1094 #0.0] Socket error while handshaking: [ERROR] Socket timeout
[2022-12-20 12:19:03.923537 +0100][Error  ][PostMaster        ] [xrootd.ba.infn.it:1094 #0] elapsed = 45, pConnectionWindow = 31 seconds.
Begin processing the 24001st record. Run 1, Event 691003, LumiSection 6911 on stream 0 at 20-Dec-2022 12:19:23.027 CET
[2022-12-20 12:19:49.178397 +0100][Error  ][AsyncSock         ] [xrootd.ba.infn.it:1094 #0.0] Socket error while handshaking: [ERROR] Socket timeout
[2022-12-20 12:19:49.178595 +0100][Error  ][PostMaster        ] [xrootd.ba.infn.it:1094 #0] elapsed = 46, pConnectionWindow = 31 seconds.
[2022-12-20 12:19:49.178608 +0100][Error  ][PostMaster        ] [xrootd.ba.infn.it:1094 #0] Unable to recover: [ERROR] Socket timeout.
[2022-12-20 12:19:49.178617 +0100][Error  ][XRootD            ] [xrootd.ba.infn.it:1094] Impossible to send message kXR_open (file: /store/user/alesauva/flashgg/UL2017_4/10_6_4/ZHiggs0MToGG_M125_TuneCP5_13TeV-JHUGenV7011-pythia8/UL2017_4-10_6_4-v0-RunIISummer19UL17MiniAOD-106X_mc2017_realistic_v6-v2/200720_162208/0000/myMicroAODOutputFile_29.root?tried=stor76.datagrid.cea.fr, mode: 0660, flags: kXR_open_read kXR_async kXR_retstat ). Trying to recover.
20-Dec-2022 12:21:48 CET  Closed file root://cms-xrd-global.cern.ch//store/user/alesauva/flashgg/UL2017_4/10_6_4/ZHiggs0MToGG_M125_TuneCP5_13TeV-JHUGenV7011-pythia8/UL2017_4-10_6_4-v0-RunIISummer19UL17MiniAOD-106X_mc2017_realistic_v6-v2/200720_162208/0000/myMicroAODOutputFile_29.root

TrigReport ---------- Event  Summary ------------
TrigReport Events total = 25000 passed = 24793 failed = 207

TrigReport ---------- Path   Summary ------------
TrigReport  Trig Bit#   Executed     Passed     Failed      Error Name
TrigReport     1    0      25000      24793        207          0 p

TrigReport -------End-Path   Summary ------------
TrigReport  Trig Bit#   Executed     Passed     Failed      Error Name

TrigReport ---------- Modules in Path: p ------------
TrigReport  Trig Bit#    Visited     Passed     Failed      Error Name
TrigReport     1    0      25000      24793        207          0 flashggMetFilters
TrigReport     1    1      24793      24793          0          0 VHFilter
TrigReport     1    2      24793      24793          0          0 flashggDifferentialPhoIdInputsCorrection
TrigReport     1    3      24793      24793          0          0 flashggDiPhotonSystematics
TrigReport     1    4      24793      24793          0          0 flashggMetSystematics
TrigReport     1    5      24793      24793          0          0 flashggMuonSystematics
TrigReport     1    6      24793      24793          0          0 flashggElectronSystematics
TrigReport     1    7      24793      24793          0          0 flashggUnpackedJets
TrigReport     1    8      24793      24793          0          0 flashggJetSystematics0
TrigReport     1    9      24793      24793          0          0 flashggJetSystematics1
TrigReport     1   10      24793      24793          0          0 flashggJetSystematics2
TrigReport     1   11      24793      24793          0          0 flashggJetSystematics3
TrigReport     1   12      24793      24793          0          0 flashggJetSystematics4
TrigReport     1   13      24793      24793          0          0 flashggJetSystematics5
TrigReport     1   14      24793      24793          0          0 flashggJetSystematics6
TrigReport     1   15      24793      24793          0          0 flashggJetSystematics7
TrigReport     1   16      24793      24793          0          0 flashggJetSystematics8
TrigReport     1   17      24793      24793          0          0 flashggJetSystematics9
TrigReport     1   18      24793      24793          0          0 flashggJetSystematics10
TrigReport     1   19      24793      24793          0          0 flashggJetSystematics11
TrigReport     1   20      24793      24793          0          0 flashggPrefireDiPhotons
TrigReport     1   21      24793      24793          0          0 flashggPreselectedDiPhotons
TrigReport     1   22      24793      24793          0          0 flashggDiPhotonMVA
TrigReport     1   23      24793      24793          0          0 flashggVBFMVA
TrigReport     1   24      24793      24793          0          0 flashggVHhadMVA
TrigReport     1   25      24793      24793          0          0 flashggGluGluHMVA
TrigReport     1   26      24793      24793          0          0 flashggStageOneCombinedTag
TrigReport     1   27      24793      24793          0          0 flashggTHQLeptonicTag
TrigReport     1   28      24793      24793          0          0 flashggVHMetTag
TrigReport     1   29      24793      24793          0          0 flashggWHLeptonicTag
TrigReport     1   30      24793      24793          0          0 flashggZHLeptonicTag
TrigReport     1   31      24793      24793          0          0 flashggTTHLeptonicTag
TrigReport     1   32      24793      24793          0          0 flashggTTHHadronicTag
TrigReport     1   33      24793      24793          0          0 flashggTagSorter
TrigReport     1   34      24793      24793          0          0 flashggSystTagMerger
TrigReport     1   35      24793      24793          0          0 tagsDumper

TrigReport ---------- Module Summary ------------
TrigReport    Visited   Executed     Passed     Failed      Error Name
TrigReport      25000      25000      25000          0          0 TriggerResults
TrigReport      24793      24793      24793          0          0 VHFilter
TrigReport      24793      24793      24793          0          0 ak4PFCHSL1FastL2L3Corrector
TrigReport      24793      24793      24793          0          0 ak4PFCHSL1FastjetCorrector
TrigReport      24793      24793      24793          0          0 ak4PFCHSL2RelativeCorrector
TrigReport      24793      24793      24793          0          0 ak4PFCHSL3AbsoluteCorrector
TrigReport      24793      24793      24793          0          0 flashggDiPhotonMVA
TrigReport      24793      24793      24793          0          0 flashggDiPhotonSystematics
TrigReport      24793      24793      24793          0          0 flashggDifferentialPhoIdInputsCorrection
TrigReport      24793      24793      24793          0          0 flashggElectronSystematics
TrigReport      24793      24793      24793          0          0 flashggGluGluHMVA
TrigReport      24793      24793      24793          0          0 flashggJetSystematics0
TrigReport      24793      24793      24793          0          0 flashggJetSystematics1
TrigReport      24793      24793      24793          0          0 flashggJetSystematics10
TrigReport      24793      24793      24793          0          0 flashggJetSystematics11
TrigReport      24793      24793      24793          0          0 flashggJetSystematics2
TrigReport      24793      24793      24793          0          0 flashggJetSystematics3
TrigReport      24793      24793      24793          0          0 flashggJetSystematics4
TrigReport      24793      24793      24793          0          0 flashggJetSystematics5
TrigReport      24793      24793      24793          0          0 flashggJetSystematics6
TrigReport      24793      24793      24793          0          0 flashggJetSystematics7
TrigReport      24793      24793      24793          0          0 flashggJetSystematics8
TrigReport      24793      24793      24793          0          0 flashggJetSystematics9
TrigReport      25000      25000      24793        207          0 flashggMetFilters
TrigReport      24793      24793      24793          0          0 flashggMetSystematics
TrigReport      24793      24793      24793          0          0 flashggMuonSystematics
TrigReport      24793      24793      24793          0          0 flashggPrefireDiPhotons
TrigReport      24793      24793      24793          0          0 flashggPreselectedDiPhotons
TrigReport      24793      24793      24793          0          0 flashggStageOneCombinedTag
TrigReport      24793      24793      24793          0          0 flashggSystTagMerger
TrigReport      24793      24793      24793          0          0 flashggTHQLeptonicTag
TrigReport      24793      24793      24793          0          0 flashggTTHHadronicTag
TrigReport      24793      24793      24793          0          0 flashggTTHLeptonicTag
TrigReport      24793      24793      24793          0          0 flashggTagSorter
TrigReport      24793      24793      24793          0          0 flashggUnpackedJets
TrigReport      24793      24793      24793          0          0 flashggVBFMVA
TrigReport      24793      24793      24793          0          0 flashggVHMetTag
TrigReport      24793      24793      24793          0          0 flashggVHhadMVA
TrigReport      24793      24793      24793          0          0 flashggWHLeptonicTag
TrigReport      24793      24793      24793          0          0 flashggZHLeptonicTag
TrigReport      25000      25000      25000          0          0 p
TrigReport      24793      24793      24793          0          0 tagsDumper

TimeReport ---------- Event  Summary ---[sec]----
TimeReport       event loop CPU/event = 0.141011
TimeReport      event loop Real/event = 0.142990
TimeReport     sum Streams Real/event = 0.138858
TimeReport efficiency CPU/Real/thread = 0.986164

TimeReport ---------- Path   Summary ---[Real sec]----
TimeReport  per event     per exec  Name
TimeReport   0.138329     0.138329  p
TimeReport  per event     per exec  Name

TimeReport -------End-Path   Summary ---[Real sec]----
TimeReport  per event     per exec  Name
TimeReport  per event     per exec  Name

TimeReport ---------- Modules in Path: p ---[Real sec]----
TimeReport  per event    per visit  Name
TimeReport   0.000017     0.000017  flashggMetFilters
TimeReport   0.000007     0.000007  VHFilter
TimeReport   0.076929     0.077571  flashggDifferentialPhoIdInputsCorrection
TimeReport   0.044125     0.044494  flashggDiPhotonSystematics
TimeReport   0.000176     0.000177  flashggMetSystematics
TimeReport   0.000031     0.000031  flashggMuonSystematics
TimeReport   0.000040     0.000040  flashggElectronSystematics
TimeReport   0.000239     0.000241  flashggUnpackedJets
TimeReport   0.003965     0.003998  flashggJetSystematics0
TimeReport   0.000660     0.000665  flashggJetSystematics1
TimeReport   0.000587     0.000592  flashggJetSystematics2
TimeReport   0.000565     0.000570  flashggJetSystematics3
TimeReport   0.000556     0.000560  flashggJetSystematics4
TimeReport   0.000550     0.000554  flashggJetSystematics5
TimeReport   0.000547     0.000551  flashggJetSystematics6
TimeReport   0.000543     0.000547  flashggJetSystematics7
TimeReport   0.000540     0.000545  flashggJetSystematics8
TimeReport   0.000539     0.000544  flashggJetSystematics9
TimeReport   0.000539     0.000544  flashggJetSystematics10
TimeReport   0.000536     0.000541  flashggJetSystematics11
TimeReport   0.000306     0.000309  flashggPrefireDiPhotons
TimeReport   0.000121     0.000122  flashggPreselectedDiPhotons
TimeReport   0.000037     0.000037  flashggDiPhotonMVA
TimeReport   0.000032     0.000033  flashggVBFMVA
TimeReport   0.000019     0.000019  flashggVHhadMVA
TimeReport   0.000053     0.000053  flashggGluGluHMVA
TimeReport   0.000034     0.000034  flashggStageOneCombinedTag
TimeReport   0.000679     0.000684  flashggTHQLeptonicTag
TimeReport   0.000830     0.000837  flashggVHMetTag
TimeReport   0.000027     0.000028  flashggWHLeptonicTag
TimeReport   0.000021     0.000021  flashggZHLeptonicTag
TimeReport   0.000077     0.000078  flashggTTHLeptonicTag
TimeReport   0.001369     0.001380  flashggTTHHadronicTag
TimeReport   0.000091     0.000092  flashggTagSorter
TimeReport   0.000004     0.000004  flashggSystTagMerger
TimeReport   0.000324     0.000327  tagsDumper
TimeReport  per event    per visit  Name

TimeReport ---------- Module Summary ---[Real sec]----
TimeReport  per event     per exec    per visit  Name
TimeReport   0.000003     0.000003     0.000003  TriggerResults
TimeReport   0.000007     0.000007     0.000007  VHFilter
TimeReport   0.000004     0.000004     0.000004  ak4PFCHSL1FastL2L3Corrector
TimeReport   0.000004     0.000004     0.000004  ak4PFCHSL1FastjetCorrector
TimeReport   0.000002     0.000002     0.000002  ak4PFCHSL2RelativeCorrector
TimeReport   0.000015     0.000015     0.000015  ak4PFCHSL3AbsoluteCorrector
TimeReport   0.000037     0.000037     0.000037  flashggDiPhotonMVA
TimeReport   0.044125     0.044494     0.044494  flashggDiPhotonSystematics
TimeReport   0.076929     0.077571     0.077571  flashggDifferentialPhoIdInputsCorrection
TimeReport   0.000040     0.000040     0.000040  flashggElectronSystematics
TimeReport   0.000053     0.000053     0.000053  flashggGluGluHMVA
TimeReport   0.003965     0.003998     0.003998  flashggJetSystematics0
TimeReport   0.000660     0.000665     0.000665  flashggJetSystematics1
TimeReport   0.000539     0.000544     0.000544  flashggJetSystematics10
TimeReport   0.000536     0.000541     0.000541  flashggJetSystematics11
TimeReport   0.000587     0.000592     0.000592  flashggJetSystematics2
TimeReport   0.000565     0.000570     0.000570  flashggJetSystematics3
TimeReport   0.000556     0.000560     0.000560  flashggJetSystematics4
TimeReport   0.000550     0.000554     0.000554  flashggJetSystematics5
TimeReport   0.000547     0.000551     0.000551  flashggJetSystematics6
TimeReport   0.000543     0.000547     0.000547  flashggJetSystematics7
TimeReport   0.000540     0.000545     0.000545  flashggJetSystematics8
TimeReport   0.000539     0.000544     0.000544  flashggJetSystematics9
TimeReport   0.000017     0.000017     0.000017  flashggMetFilters
TimeReport   0.000176     0.000177     0.000177  flashggMetSystematics
TimeReport   0.000031     0.000031     0.000031  flashggMuonSystematics
TimeReport   0.000306     0.000309     0.000309  flashggPrefireDiPhotons
TimeReport   0.000121     0.000122     0.000122  flashggPreselectedDiPhotons
TimeReport   0.000034     0.000034     0.000034  flashggStageOneCombinedTag
TimeReport   0.000004     0.000004     0.000004  flashggSystTagMerger
TimeReport   0.000679     0.000684     0.000684  flashggTHQLeptonicTag
TimeReport   0.001369     0.001380     0.001380  flashggTTHHadronicTag
TimeReport   0.000077     0.000078     0.000078  flashggTTHLeptonicTag
TimeReport   0.000091     0.000092     0.000092  flashggTagSorter
TimeReport   0.000239     0.000241     0.000241  flashggUnpackedJets
TimeReport   0.000032     0.000033     0.000033  flashggVBFMVA
TimeReport   0.000830     0.000837     0.000837  flashggVHMetTag
TimeReport   0.000019     0.000019     0.000019  flashggVHhadMVA
TimeReport   0.000027     0.000028     0.000028  flashggWHLeptonicTag
TimeReport   0.000021     0.000021     0.000021  flashggZHLeptonicTag
TimeReport   0.000003     0.000003     0.000003  p
TimeReport   0.000324     0.000327     0.000327  tagsDumper
TimeReport  per event     per exec    per visit  Name

T---Report end!


=============================================

MessageLogger Summary

 type     category        sev    module        subroutine        count    total
 ---- -------------------- -- ---------------- ----------------  -----    -----
    1 XrdAdaptor           -w file_open                              1        1
    2 fileAction           -s file_close                             1        1
    3 fileAction           -s file_open                              2        2

 type    category    Examples: run/evt        run/evt          run/evt
 ---- -------------------- ---------------- ---------------- ----------------
    1 XrdAdaptor           pre-events                        
    2 fileAction           PostGlobalEndRun                  
    3 fileAction           pre-events       pre-events       

Severity    # Occurrences   Total Occurrences
--------    -------------   -----------------
Warning                 1                   1
System                  3                   3

dropped waiting message count 0
