mkdir: cannot create directory '/afs/cern.ch/user/x/xisu/private/local/Analysis_workspace/VH_AC_tmp1/flashgg_d2/CMSSW_10_6_29/src/flashgg/VHAC_Analysis_Met/UL_17/UL_17_zh125': File exists
/cvmfs/cms.cern.ch/slc7_amd64_gcc700/external/py2-requests/2.21.0-pafccj2/lib/python2.7/site-packages/requests/__init__.py:91: RequestsDependencyWarning: urllib3 (1.25.2) or chardet (3.0.4) doesn't match a supported version!
  RequestsDependencyWarning)
20-Dec-2022 10:59:39 CET  Initiating request to open file root://cms-xrd-global.cern.ch//store/user/alesauva/flashgg/UL2017_4/10_6_4/ZHiggs0L1ToGG_M125_TuneCP5_13TeV-JHUGenV7011-pythia8/UL2017_4-10_6_4-v0-RunIISummer19UL17MiniAOD-106X_mc2017_realistic_v6-v2/200911_121149/0000/myMicroAODOutputFile_6.root
%MSG-w XrdAdaptor:  file_open 20-Dec-2022 10:59:41 CET pre-events
Data is served from GRIF-IRFU instead of original site CERN-CMSGLOBAL-02
%MSG
20-Dec-2022 10:59:42 CET  Successfully opened file root://cms-xrd-global.cern.ch//store/user/alesauva/flashgg/UL2017_4/10_6_4/ZHiggs0L1ToGG_M125_TuneCP5_13TeV-JHUGenV7011-pythia8/UL2017_4-10_6_4-v0-RunIISummer19UL17MiniAOD-106X_mc2017_realistic_v6-v2/200911_121149/0000/myMicroAODOutputFile_6.root
2022-12-20 11:11:35.292111: I tensorflow/core/platform/cpu_feature_guard.cc:140] Your CPU supports instructions that this TensorFlow binary was not compiled to use: SSE4.1 SSE4.2 AVX AVX2 FMA
Begin processing the 1st record. Run 1, Event 11806, LumiSection 119 on stream 0 at 20-Dec-2022 11:12:27.678 CET
[2022-12-20 11:13:11.875277 +0100][Error  ][AsyncSock         ] [xrootd.ba.infn.it:1094 #0.0] Socket error while handshaking: [ERROR] Socket timeout
[2022-12-20 11:13:11.875468 +0100][Error  ][PostMaster        ] [xrootd.ba.infn.it:1094 #0] elapsed = 45, pConnectionWindow = 31 seconds.
[2022-12-20 11:13:56.192392 +0100][Error  ][AsyncSock         ] [xrootd.ba.infn.it:1094 #0.0] Socket error while handshaking: [ERROR] Socket timeout
[2022-12-20 11:13:56.192639 +0100][Error  ][PostMaster        ] [xrootd.ba.infn.it:1094 #0] elapsed = 45, pConnectionWindow = 31 seconds.
[2022-12-20 11:13:56.192741 +0100][Error  ][PostMaster        ] [xrootd.ba.infn.it:1094 #0] Unable to recover: [ERROR] Socket timeout.
[2022-12-20 11:13:56.192770 +0100][Error  ][XRootD            ] [xrootd.ba.infn.it:1094] Impossible to send message kXR_open (file: /store/user/alesauva/flashgg/UL2017_4/10_6_4/ZHiggs0L1ToGG_M125_TuneCP5_13TeV-JHUGenV7011-pythia8/UL2017_4-10_6_4-v0-RunIISummer19UL17MiniAOD-106X_mc2017_realistic_v6-v2/200911_121149/0000/myMicroAODOutputFile_6.root?tried=stor76.datagrid.cea.fr, mode: 0660, flags: kXR_open_read kXR_async kXR_retstat ). Trying to recover.
Begin processing the 1001st record. Run 1, Event 148802, LumiSection 1489 on stream 0 at 20-Dec-2022 11:16:44.596 CET
[2022-12-20 11:18:36.038148 +0100][Error  ][AsyncSock         ] [xrootd.ba.infn.it:1094 #0.0] Socket error while handshaking: [ERROR] Socket timeout
[2022-12-20 11:18:36.038357 +0100][Error  ][PostMaster        ] [xrootd.ba.infn.it:1094 #0] elapsed = 45, pConnectionWindow = 31 seconds.
Begin processing the 2001st record. Run 1, Event 149805, LumiSection 1499 on stream 0 at 20-Dec-2022 11:18:55.628 CET
[2022-12-20 11:19:21.281239 +0100][Error  ][AsyncSock         ] [xrootd.ba.infn.it:1094 #0.0] Socket error while handshaking: [ERROR] Socket timeout
[2022-12-20 11:19:21.281382 +0100][Error  ][PostMaster        ] [xrootd.ba.infn.it:1094 #0] elapsed = 45, pConnectionWindow = 31 seconds.
[2022-12-20 11:19:21.281397 +0100][Error  ][PostMaster        ] [xrootd.ba.infn.it:1094 #0] Unable to recover: [ERROR] Socket timeout.
[2022-12-20 11:19:21.281407 +0100][Error  ][XRootD            ] [xrootd.ba.infn.it:1094] Impossible to send message kXR_open (file: /store/user/alesauva/flashgg/UL2017_4/10_6_4/ZHiggs0L1ToGG_M125_TuneCP5_13TeV-JHUGenV7011-pythia8/UL2017_4-10_6_4-v0-RunIISummer19UL17MiniAOD-106X_mc2017_realistic_v6-v2/200911_121149/0000/myMicroAODOutputFile_6.root?tried=stor76.datagrid.cea.fr, mode: 0660, flags: kXR_open_read kXR_async kXR_retstat ). Trying to recover.
Begin processing the 3001st record. Run 1, Event 150809, LumiSection 1509 on stream 0 at 20-Dec-2022 11:21:05.767 CET
Begin processing the 4001st record. Run 1, Event 190215, LumiSection 1903 on stream 0 at 20-Dec-2022 11:23:19.399 CET
[2022-12-20 11:23:33.144440 +0100][Error  ][AsyncSock         ] [xrootd.ba.infn.it:1094 #0.0] Socket error while handshaking: [ERROR] Socket timeout
[2022-12-20 11:23:33.144610 +0100][Error  ][PostMaster        ] [xrootd.ba.infn.it:1094 #0] elapsed = 45, pConnectionWindow = 31 seconds.
[2022-12-20 11:24:18.380373 +0100][Error  ][AsyncSock         ] [xrootd.ba.infn.it:1094 #0.0] Socket error while handshaking: [ERROR] Socket timeout
[2022-12-20 11:24:18.380536 +0100][Error  ][PostMaster        ] [xrootd.ba.infn.it:1094 #0] elapsed = 45, pConnectionWindow = 31 seconds.
[2022-12-20 11:24:18.380553 +0100][Error  ][PostMaster        ] [xrootd.ba.infn.it:1094 #0] Unable to recover: [ERROR] Socket timeout.
[2022-12-20 11:24:18.380562 +0100][Error  ][XRootD            ] [xrootd.ba.infn.it:1094] Impossible to send message kXR_open (file: /store/user/alesauva/flashgg/UL2017_4/10_6_4/ZHiggs0L1ToGG_M125_TuneCP5_13TeV-JHUGenV7011-pythia8/UL2017_4-10_6_4-v0-RunIISummer19UL17MiniAOD-106X_mc2017_realistic_v6-v2/200911_121149/0000/myMicroAODOutputFile_6.root?tried=stor76.datagrid.cea.fr, mode: 0660, flags: kXR_open_read kXR_async kXR_retstat ). Trying to recover.
Begin processing the 5001st record. Run 1, Event 191210, LumiSection 1913 on stream 0 at 20-Dec-2022 11:25:32.227 CET
Begin processing the 6001st record. Run 1, Event 192802, LumiSection 1929 on stream 0 at 20-Dec-2022 11:27:34.892 CET
[2022-12-20 11:29:42.359234 +0100][Error  ][AsyncSock         ] [xrootd.ba.infn.it:1094 #0.0] Socket error while handshaking: [ERROR] Socket timeout
[2022-12-20 11:29:42.359381 +0100][Error  ][PostMaster        ] [xrootd.ba.infn.it:1094 #0] elapsed = 45, pConnectionWindow = 31 seconds.
Begin processing the 7001st record. Run 1, Event 193805, LumiSection 1939 on stream 0 at 20-Dec-2022 11:29:43.589 CET
[2022-12-20 11:30:27.595230 +0100][Error  ][AsyncSock         ] [xrootd.ba.infn.it:1094 #0.0] Socket error while handshaking: [ERROR] Socket timeout
[2022-12-20 11:30:27.595360 +0100][Error  ][PostMaster        ] [xrootd.ba.infn.it:1094 #0] elapsed = 45, pConnectionWindow = 31 seconds.
[2022-12-20 11:30:27.595372 +0100][Error  ][PostMaster        ] [xrootd.ba.infn.it:1094 #0] Unable to recover: [ERROR] Socket timeout.
[2022-12-20 11:30:27.595382 +0100][Error  ][XRootD            ] [xrootd.ba.infn.it:1094] Impossible to send message kXR_open (file: /store/user/alesauva/flashgg/UL2017_4/10_6_4/ZHiggs0L1ToGG_M125_TuneCP5_13TeV-JHUGenV7011-pythia8/UL2017_4-10_6_4-v0-RunIISummer19UL17MiniAOD-106X_mc2017_realistic_v6-v2/200911_121149/0000/myMicroAODOutputFile_6.root?tried=stor76.datagrid.cea.fr, mode: 0660, flags: kXR_open_read kXR_async kXR_retstat ). Trying to recover.
Begin processing the 8001st record. Run 1, Event 194806, LumiSection 1949 on stream 0 at 20-Dec-2022 11:31:51.430 CET
Begin processing the 9001st record. Run 1, Event 340701, LumiSection 3408 on stream 0 at 20-Dec-2022 11:34:01.293 CET
Begin processing the 10001st record. Run 1, Event 353401, LumiSection 3535 on stream 0 at 20-Dec-2022 11:36:06.757 CET
[2022-12-20 11:37:47.734236 +0100][Error  ][AsyncSock         ] [xrootd.ba.infn.it:1094 #0.0] Socket error while handshaking: [ERROR] Socket timeout
[2022-12-20 11:37:47.734375 +0100][Error  ][PostMaster        ] [xrootd.ba.infn.it:1094 #0] elapsed = 45, pConnectionWindow = 31 seconds.
Begin processing the 11001st record. Run 1, Event 575906, LumiSection 5760 on stream 0 at 20-Dec-2022 11:38:12.766 CET
[2022-12-20 11:38:32.971237 +0100][Error  ][AsyncSock         ] [xrootd.ba.infn.it:1094 #0.0] Socket error while handshaking: [ERROR] Socket timeout
[2022-12-20 11:38:32.971330 +0100][Error  ][PostMaster        ] [xrootd.ba.infn.it:1094 #0] elapsed = 45, pConnectionWindow = 31 seconds.
[2022-12-20 11:38:32.971338 +0100][Error  ][PostMaster        ] [xrootd.ba.infn.it:1094 #0] Unable to recover: [ERROR] Socket timeout.
[2022-12-20 11:38:32.971345 +0100][Error  ][XRootD            ] [xrootd.ba.infn.it:1094] Impossible to send message kXR_open (file: /store/user/alesauva/flashgg/UL2017_4/10_6_4/ZHiggs0L1ToGG_M125_TuneCP5_13TeV-JHUGenV7011-pythia8/UL2017_4-10_6_4-v0-RunIISummer19UL17MiniAOD-106X_mc2017_realistic_v6-v2/200911_121149/0000/myMicroAODOutputFile_6.root?tried=stor76.datagrid.cea.fr, mode: 0660, flags: kXR_open_read kXR_async kXR_retstat ). Trying to recover.
Begin processing the 12001st record. Run 1, Event 14202, LumiSection 143 on stream 0 at 20-Dec-2022 11:40:18.948 CET
Begin processing the 13001st record. Run 1, Event 15202, LumiSection 153 on stream 0 at 20-Dec-2022 11:42:20.324 CET
[2022-12-20 11:43:40.100446 +0100][Error  ][AsyncSock         ] [xrootd.ba.infn.it:1094 #0.0] Socket error while handshaking: [ERROR] Socket timeout
[2022-12-20 11:43:40.100589 +0100][Error  ][PostMaster        ] [xrootd.ba.infn.it:1094 #0] elapsed = 45, pConnectionWindow = 31 seconds.
[2022-12-20 11:44:25.325218 +0100][Error  ][AsyncSock         ] [xrootd.ba.infn.it:1094 #0.0] Socket error while handshaking: [ERROR] Socket timeout
[2022-12-20 11:44:25.325318 +0100][Error  ][PostMaster        ] [xrootd.ba.infn.it:1094 #0] elapsed = 45, pConnectionWindow = 31 seconds.
[2022-12-20 11:44:25.325327 +0100][Error  ][PostMaster        ] [xrootd.ba.infn.it:1094 #0] Unable to recover: [ERROR] Socket timeout.
[2022-12-20 11:44:25.325335 +0100][Error  ][XRootD            ] [xrootd.ba.infn.it:1094] Impossible to send message kXR_open (file: /store/user/alesauva/flashgg/UL2017_4/10_6_4/ZHiggs0L1ToGG_M125_TuneCP5_13TeV-JHUGenV7011-pythia8/UL2017_4-10_6_4-v0-RunIISummer19UL17MiniAOD-106X_mc2017_realistic_v6-v2/200911_121149/0000/myMicroAODOutputFile_6.root?tried=stor76.datagrid.cea.fr, mode: 0660, flags: kXR_open_read kXR_async kXR_retstat ). Trying to recover.
Begin processing the 14001st record. Run 1, Event 16203, LumiSection 163 on stream 0 at 20-Dec-2022 11:44:35.047 CET
Begin processing the 15001st record. Run 1, Event 26014, LumiSection 261 on stream 0 at 20-Dec-2022 11:46:49.132 CET
Begin processing the 16001st record. Run 1, Event 27010, LumiSection 271 on stream 0 at 20-Dec-2022 11:49:03.065 CET
Begin processing the 17001st record. Run 1, Event 28004, LumiSection 281 on stream 0 at 20-Dec-2022 11:51:16.880 CET
[2022-12-20 11:52:09.300246 +0100][Error  ][AsyncSock         ] [xrootd.ba.infn.it:1094 #0.0] Socket error while handshaking: [ERROR] Socket timeout
[2022-12-20 11:52:09.300393 +0100][Error  ][PostMaster        ] [xrootd.ba.infn.it:1094 #0] elapsed = 45, pConnectionWindow = 31 seconds.
[2022-12-20 11:52:54.538829 +0100][Error  ][AsyncSock         ] [xrootd.ba.infn.it:1094 #0.0] Socket error while handshaking: [ERROR] Socket timeout
[2022-12-20 11:52:54.539012 +0100][Error  ][PostMaster        ] [xrootd.ba.infn.it:1094 #0] elapsed = 45, pConnectionWindow = 31 seconds.
[2022-12-20 11:52:54.539025 +0100][Error  ][PostMaster        ] [xrootd.ba.infn.it:1094 #0] Unable to recover: [ERROR] Socket timeout.
[2022-12-20 11:52:54.539037 +0100][Error  ][XRootD            ] [xrootd.ba.infn.it:1094] Impossible to send message kXR_open (file: /store/user/alesauva/flashgg/UL2017_4/10_6_4/ZHiggs0L1ToGG_M125_TuneCP5_13TeV-JHUGenV7011-pythia8/UL2017_4-10_6_4-v0-RunIISummer19UL17MiniAOD-106X_mc2017_realistic_v6-v2/200911_121149/0000/myMicroAODOutputFile_6.root?tried=stor76.datagrid.cea.fr, mode: 0660, flags: kXR_open_read kXR_async kXR_retstat ). Trying to recover.
Begin processing the 18001st record. Run 1, Event 29012, LumiSection 291 on stream 0 at 20-Dec-2022 11:53:29.579 CET
Begin processing the 19001st record. Run 1, Event 62806, LumiSection 629 on stream 0 at 20-Dec-2022 11:55:45.725 CET
Begin processing the 20001st record. Run 1, Event 63801, LumiSection 639 on stream 0 at 20-Dec-2022 11:57:50.244 CET
Begin processing the 21001st record. Run 1, Event 64812, LumiSection 649 on stream 0 at 20-Dec-2022 11:59:56.076 CET
[2022-12-20 12:00:23.833225 +0100][Error  ][AsyncSock         ] [xrootd.ba.infn.it:1094 #0.0] Socket error while handshaking: [ERROR] Socket timeout
[2022-12-20 12:00:23.833359 +0100][Error  ][PostMaster        ] [xrootd.ba.infn.it:1094 #0] elapsed = 45, pConnectionWindow = 31 seconds.
[2022-12-20 12:01:08.060239 +0100][Error  ][AsyncSock         ] [xrootd.ba.infn.it:1094 #0.0] Socket error while handshaking: [ERROR] Socket timeout
[2022-12-20 12:01:08.060342 +0100][Error  ][PostMaster        ] [xrootd.ba.infn.it:1094 #0] elapsed = 45, pConnectionWindow = 31 seconds.
[2022-12-20 12:01:08.060351 +0100][Error  ][PostMaster        ] [xrootd.ba.infn.it:1094 #0] Unable to recover: [ERROR] Socket timeout.
[2022-12-20 12:01:08.060359 +0100][Error  ][XRootD            ] [xrootd.ba.infn.it:1094] Impossible to send message kXR_open (file: /store/user/alesauva/flashgg/UL2017_4/10_6_4/ZHiggs0L1ToGG_M125_TuneCP5_13TeV-JHUGenV7011-pythia8/UL2017_4-10_6_4-v0-RunIISummer19UL17MiniAOD-106X_mc2017_realistic_v6-v2/200911_121149/0000/myMicroAODOutputFile_6.root?tried=stor76.datagrid.cea.fr, mode: 0660, flags: kXR_open_read kXR_async kXR_retstat ). Trying to recover.
Begin processing the 22001st record. Run 1, Event 614702, LumiSection 6148 on stream 0 at 20-Dec-2022 12:02:04.020 CET
Begin processing the 23001st record. Run 1, Event 228108, LumiSection 2282 on stream 0 at 20-Dec-2022 12:04:04.163 CET
Begin processing the 24001st record. Run 1, Event 229105, LumiSection 2292 on stream 0 at 20-Dec-2022 12:06:08.425 CET
[2022-12-20 12:06:17.220242 +0100][Error  ][AsyncSock         ] [xrootd.ba.infn.it:1094 #0.0] Socket error while handshaking: [ERROR] Socket timeout
[2022-12-20 12:06:17.220390 +0100][Error  ][PostMaster        ] [xrootd.ba.infn.it:1094 #0] elapsed = 45, pConnectionWindow = 31 seconds.
[2022-12-20 12:07:02.445222 +0100][Error  ][AsyncSock         ] [xrootd.ba.infn.it:1094 #0.0] Socket error while handshaking: [ERROR] Socket timeout
[2022-12-20 12:07:02.445330 +0100][Error  ][PostMaster        ] [xrootd.ba.infn.it:1094 #0] elapsed = 45, pConnectionWindow = 31 seconds.
[2022-12-20 12:07:02.445338 +0100][Error  ][PostMaster        ] [xrootd.ba.infn.it:1094 #0] Unable to recover: [ERROR] Socket timeout.
[2022-12-20 12:07:02.445346 +0100][Error  ][XRootD            ] [xrootd.ba.infn.it:1094] Impossible to send message kXR_open (file: /store/user/alesauva/flashgg/UL2017_4/10_6_4/ZHiggs0L1ToGG_M125_TuneCP5_13TeV-JHUGenV7011-pythia8/UL2017_4-10_6_4-v0-RunIISummer19UL17MiniAOD-106X_mc2017_realistic_v6-v2/200911_121149/0000/myMicroAODOutputFile_6.root?tried=stor76.datagrid.cea.fr, mode: 0660, flags: kXR_open_read kXR_async kXR_retstat ). Trying to recover.
20-Dec-2022 12:08:04 CET  Closed file root://cms-xrd-global.cern.ch//store/user/alesauva/flashgg/UL2017_4/10_6_4/ZHiggs0L1ToGG_M125_TuneCP5_13TeV-JHUGenV7011-pythia8/UL2017_4-10_6_4-v0-RunIISummer19UL17MiniAOD-106X_mc2017_realistic_v6-v2/200911_121149/0000/myMicroAODOutputFile_6.root

TrigReport ---------- Event  Summary ------------
TrigReport Events total = 25000 passed = 24642 failed = 358

TrigReport ---------- Path   Summary ------------
TrigReport  Trig Bit#   Executed     Passed     Failed      Error Name
TrigReport     1    0      25000      24642        358          0 p

TrigReport -------End-Path   Summary ------------
TrigReport  Trig Bit#   Executed     Passed     Failed      Error Name

TrigReport ---------- Modules in Path: p ------------
TrigReport  Trig Bit#    Visited     Passed     Failed      Error Name
TrigReport     1    0      25000      24642        358          0 flashggMetFilters
TrigReport     1    1      24642      24642          0          0 VHFilter
TrigReport     1    2      24642      24642          0          0 flashggDifferentialPhoIdInputsCorrection
TrigReport     1    3      24642      24642          0          0 flashggDiPhotonSystematics
TrigReport     1    4      24642      24642          0          0 flashggMetSystematics
TrigReport     1    5      24642      24642          0          0 flashggMuonSystematics
TrigReport     1    6      24642      24642          0          0 flashggElectronSystematics
TrigReport     1    7      24642      24642          0          0 flashggUnpackedJets
TrigReport     1    8      24642      24642          0          0 flashggJetSystematics0
TrigReport     1    9      24642      24642          0          0 flashggJetSystematics1
TrigReport     1   10      24642      24642          0          0 flashggJetSystematics2
TrigReport     1   11      24642      24642          0          0 flashggJetSystematics3
TrigReport     1   12      24642      24642          0          0 flashggJetSystematics4
TrigReport     1   13      24642      24642          0          0 flashggJetSystematics5
TrigReport     1   14      24642      24642          0          0 flashggJetSystematics6
TrigReport     1   15      24642      24642          0          0 flashggJetSystematics7
TrigReport     1   16      24642      24642          0          0 flashggJetSystematics8
TrigReport     1   17      24642      24642          0          0 flashggJetSystematics9
TrigReport     1   18      24642      24642          0          0 flashggJetSystematics10
TrigReport     1   19      24642      24642          0          0 flashggJetSystematics11
TrigReport     1   20      24642      24642          0          0 flashggPrefireDiPhotons
TrigReport     1   21      24642      24642          0          0 flashggPreselectedDiPhotons
TrigReport     1   22      24642      24642          0          0 flashggDiPhotonMVA
TrigReport     1   23      24642      24642          0          0 flashggVBFMVA
TrigReport     1   24      24642      24642          0          0 flashggVHhadMVA
TrigReport     1   25      24642      24642          0          0 flashggGluGluHMVA
TrigReport     1   26      24642      24642          0          0 flashggStageOneCombinedTag
TrigReport     1   27      24642      24642          0          0 flashggTHQLeptonicTag
TrigReport     1   28      24642      24642          0          0 flashggVHMetTag
TrigReport     1   29      24642      24642          0          0 flashggWHLeptonicTag
TrigReport     1   30      24642      24642          0          0 flashggZHLeptonicTag
TrigReport     1   31      24642      24642          0          0 flashggTTHLeptonicTag
TrigReport     1   32      24642      24642          0          0 flashggTTHHadronicTag
TrigReport     1   33      24642      24642          0          0 flashggTagSorter
TrigReport     1   34      24642      24642          0          0 flashggSystTagMerger
TrigReport     1   35      24642      24642          0          0 tagsDumper

TrigReport ---------- Module Summary ------------
TrigReport    Visited   Executed     Passed     Failed      Error Name
TrigReport      25000      25000      25000          0          0 TriggerResults
TrigReport      24642      24642      24642          0          0 VHFilter
TrigReport      24642      24642      24642          0          0 ak4PFCHSL1FastL2L3Corrector
TrigReport      24642      24642      24642          0          0 ak4PFCHSL1FastjetCorrector
TrigReport      24642      24642      24642          0          0 ak4PFCHSL2RelativeCorrector
TrigReport      24642      24642      24642          0          0 ak4PFCHSL3AbsoluteCorrector
TrigReport      24642      24642      24642          0          0 flashggDiPhotonMVA
TrigReport      24642      24642      24642          0          0 flashggDiPhotonSystematics
TrigReport      24642      24642      24642          0          0 flashggDifferentialPhoIdInputsCorrection
TrigReport      24642      24642      24642          0          0 flashggElectronSystematics
TrigReport      24642      24642      24642          0          0 flashggGluGluHMVA
TrigReport      24642      24642      24642          0          0 flashggJetSystematics0
TrigReport      24642      24642      24642          0          0 flashggJetSystematics1
TrigReport      24642      24642      24642          0          0 flashggJetSystematics10
TrigReport      24642      24642      24642          0          0 flashggJetSystematics11
TrigReport      24642      24642      24642          0          0 flashggJetSystematics2
TrigReport      24642      24642      24642          0          0 flashggJetSystematics3
TrigReport      24642      24642      24642          0          0 flashggJetSystematics4
TrigReport      24642      24642      24642          0          0 flashggJetSystematics5
TrigReport      24642      24642      24642          0          0 flashggJetSystematics6
TrigReport      24642      24642      24642          0          0 flashggJetSystematics7
TrigReport      24642      24642      24642          0          0 flashggJetSystematics8
TrigReport      24642      24642      24642          0          0 flashggJetSystematics9
TrigReport      25000      25000      24642        358          0 flashggMetFilters
TrigReport      24642      24642      24642          0          0 flashggMetSystematics
TrigReport      24642      24642      24642          0          0 flashggMuonSystematics
TrigReport      24642      24642      24642          0          0 flashggPrefireDiPhotons
TrigReport      24642      24642      24642          0          0 flashggPreselectedDiPhotons
TrigReport      24642      24642      24642          0          0 flashggStageOneCombinedTag
TrigReport      24642      24642      24642          0          0 flashggSystTagMerger
TrigReport      24642      24642      24642          0          0 flashggTHQLeptonicTag
TrigReport      24642      24642      24642          0          0 flashggTTHHadronicTag
TrigReport      24642      24642      24642          0          0 flashggTTHLeptonicTag
TrigReport      24642      24642      24642          0          0 flashggTagSorter
TrigReport      24642      24642      24642          0          0 flashggUnpackedJets
TrigReport      24642      24642      24642          0          0 flashggVBFMVA
TrigReport      24642      24642      24642          0          0 flashggVHMetTag
TrigReport      24642      24642      24642          0          0 flashggVHhadMVA
TrigReport      24642      24642      24642          0          0 flashggWHLeptonicTag
TrigReport      24642      24642      24642          0          0 flashggZHLeptonicTag
TrigReport      25000      25000      25000          0          0 p
TrigReport      24642      24642      24642          0          0 tagsDumper

TimeReport ---------- Event  Summary ---[sec]----
TimeReport       event loop CPU/event = 0.133054
TimeReport      event loop Real/event = 0.133550
TimeReport     sum Streams Real/event = 0.129871
TimeReport efficiency CPU/Real/thread = 0.996290

TimeReport ---------- Path   Summary ---[Real sec]----
TimeReport  per event     per exec  Name
TimeReport   0.129436     0.129436  p
TimeReport  per event     per exec  Name

TimeReport -------End-Path   Summary ---[Real sec]----
TimeReport  per event     per exec  Name
TimeReport  per event     per exec  Name

TimeReport ---------- Modules in Path: p ---[Real sec]----
TimeReport  per event    per visit  Name
TimeReport   0.000014     0.000014  flashggMetFilters
TimeReport   0.000005     0.000005  VHFilter
TimeReport   0.072921     0.073981  flashggDifferentialPhoIdInputsCorrection
TimeReport   0.041397     0.041998  flashggDiPhotonSystematics
TimeReport   0.000151     0.000153  flashggMetSystematics
TimeReport   0.000042     0.000043  flashggMuonSystematics
TimeReport   0.000032     0.000033  flashggElectronSystematics
TimeReport   0.000202     0.000205  flashggUnpackedJets
TimeReport   0.003302     0.003350  flashggJetSystematics0
TimeReport   0.000603     0.000612  flashggJetSystematics1
TimeReport   0.000550     0.000558  flashggJetSystematics2
TimeReport   0.000530     0.000538  flashggJetSystematics3
TimeReport   0.000523     0.000530  flashggJetSystematics4
TimeReport   0.000518     0.000525  flashggJetSystematics5
TimeReport   0.000513     0.000520  flashggJetSystematics6
TimeReport   0.000513     0.000520  flashggJetSystematics7
TimeReport   0.000512     0.000519  flashggJetSystematics8
TimeReport   0.000509     0.000517  flashggJetSystematics9
TimeReport   0.000507     0.000514  flashggJetSystematics10
TimeReport   0.000509     0.000517  flashggJetSystematics11
TimeReport   0.000275     0.000279  flashggPrefireDiPhotons
TimeReport   0.000113     0.000115  flashggPreselectedDiPhotons
TimeReport   0.000034     0.000035  flashggDiPhotonMVA
TimeReport   0.000030     0.000031  flashggVBFMVA
TimeReport   0.000016     0.000017  flashggVHhadMVA
TimeReport   0.000051     0.000052  flashggGluGluHMVA
TimeReport   0.000030     0.000030  flashggStageOneCombinedTag
TimeReport   0.000463     0.000470  flashggTHQLeptonicTag
TimeReport   0.000373     0.000379  flashggVHMetTag
TimeReport   0.000024     0.000024  flashggWHLeptonicTag
TimeReport   0.000019     0.000020  flashggZHLeptonicTag
TimeReport   0.000069     0.000070  flashggTTHLeptonicTag
TimeReport   0.001442     0.001463  flashggTTHHadronicTag
TimeReport   0.000074     0.000075  flashggTagSorter
TimeReport   0.000003     0.000003  flashggSystTagMerger
TimeReport   0.000341     0.000346  tagsDumper
TimeReport  per event    per visit  Name

TimeReport ---------- Module Summary ---[Real sec]----
TimeReport  per event     per exec    per visit  Name
TimeReport   0.000002     0.000002     0.000002  TriggerResults
TimeReport   0.000005     0.000005     0.000005  VHFilter
TimeReport   0.000003     0.000003     0.000003  ak4PFCHSL1FastL2L3Corrector
TimeReport   0.000003     0.000003     0.000003  ak4PFCHSL1FastjetCorrector
TimeReport   0.000001     0.000001     0.000001  ak4PFCHSL2RelativeCorrector
TimeReport   0.000011     0.000011     0.000011  ak4PFCHSL3AbsoluteCorrector
TimeReport   0.000034     0.000035     0.000035  flashggDiPhotonMVA
TimeReport   0.041397     0.041998     0.041998  flashggDiPhotonSystematics
TimeReport   0.072921     0.073981     0.073981  flashggDifferentialPhoIdInputsCorrection
TimeReport   0.000032     0.000033     0.000033  flashggElectronSystematics
TimeReport   0.000051     0.000052     0.000052  flashggGluGluHMVA
TimeReport   0.003302     0.003350     0.003350  flashggJetSystematics0
TimeReport   0.000603     0.000612     0.000612  flashggJetSystematics1
TimeReport   0.000507     0.000514     0.000514  flashggJetSystematics10
TimeReport   0.000509     0.000517     0.000517  flashggJetSystematics11
TimeReport   0.000550     0.000558     0.000558  flashggJetSystematics2
TimeReport   0.000530     0.000538     0.000538  flashggJetSystematics3
TimeReport   0.000523     0.000530     0.000530  flashggJetSystematics4
TimeReport   0.000518     0.000525     0.000525  flashggJetSystematics5
TimeReport   0.000513     0.000520     0.000520  flashggJetSystematics6
TimeReport   0.000513     0.000520     0.000520  flashggJetSystematics7
TimeReport   0.000512     0.000519     0.000519  flashggJetSystematics8
TimeReport   0.000509     0.000517     0.000517  flashggJetSystematics9
TimeReport   0.000014     0.000014     0.000014  flashggMetFilters
TimeReport   0.000151     0.000153     0.000153  flashggMetSystematics
TimeReport   0.000042     0.000043     0.000043  flashggMuonSystematics
TimeReport   0.000275     0.000279     0.000279  flashggPrefireDiPhotons
TimeReport   0.000113     0.000115     0.000115  flashggPreselectedDiPhotons
TimeReport   0.000030     0.000030     0.000030  flashggStageOneCombinedTag
TimeReport   0.000003     0.000003     0.000003  flashggSystTagMerger
TimeReport   0.000463     0.000470     0.000470  flashggTHQLeptonicTag
TimeReport   0.001442     0.001463     0.001463  flashggTTHHadronicTag
TimeReport   0.000069     0.000070     0.000070  flashggTTHLeptonicTag
TimeReport   0.000074     0.000075     0.000075  flashggTagSorter
TimeReport   0.000202     0.000205     0.000205  flashggUnpackedJets
TimeReport   0.000030     0.000031     0.000031  flashggVBFMVA
TimeReport   0.000373     0.000379     0.000379  flashggVHMetTag
TimeReport   0.000016     0.000017     0.000017  flashggVHhadMVA
TimeReport   0.000024     0.000024     0.000024  flashggWHLeptonicTag
TimeReport   0.000019     0.000020     0.000020  flashggZHLeptonicTag
TimeReport   0.000003     0.000003     0.000003  p
TimeReport   0.000341     0.000346     0.000346  tagsDumper
TimeReport  per event     per exec    per visit  Name

T---Report end!


=============================================

MessageLogger Summary

 type     category        sev    module        subroutine        count    total
 ---- -------------------- -- ---------------- ----------------  -----    -----
    1 XrdAdaptor           -w file_open                              1        1
    2 fileAction           -s file_close                             1        1
    3 fileAction           -s file_open                              2        2

 type    category    Examples: run/evt        run/evt          run/evt
 ---- -------------------- ---------------- ---------------- ----------------
    1 XrdAdaptor           pre-events                        
    2 fileAction           PostGlobalEndRun                  
    3 fileAction           pre-events       pre-events       

Severity    # Occurrences   Total Occurrences
--------    -------------   -----------------
Warning                 1                   1
System                  3                   3

dropped waiting message count 0
