mkdir: cannot create directory '/afs/cern.ch/user/x/xisu/private/local/Analysis_workspace/VH_AC_tmp1/flashgg_d2/CMSSW_10_6_29/src/flashgg/VHAC_Analysis_Met/UL_17/UL_17_zh125': File exists
/cvmfs/cms.cern.ch/slc7_amd64_gcc700/external/py2-requests/2.21.0-pafccj2/lib/python2.7/site-packages/requests/__init__.py:91: RequestsDependencyWarning: urllib3 (1.25.2) or chardet (3.0.4) doesn't match a supported version!
  RequestsDependencyWarning)
20-Dec-2022 11:14:32 CET  Initiating request to open file root://cms-xrd-global.cern.ch//store/user/alesauva/flashgg/UL2017_4/10_6_4/ZHiggs0MToGG_M125_TuneCP5_13TeV-JHUGenV7011-pythia8/UL2017_4-10_6_4-v0-RunIISummer19UL17MiniAOD-106X_mc2017_realistic_v6-v2/200720_162208/0000/myMicroAODOutputFile_19.root
%MSG-w XrdAdaptor:  file_open 20-Dec-2022 11:14:34 CET pre-events
Data is served from GRIF-IRFU instead of original site CERN-CMSGLOBAL-01
%MSG
20-Dec-2022 11:14:36 CET  Successfully opened file root://cms-xrd-global.cern.ch//store/user/alesauva/flashgg/UL2017_4/10_6_4/ZHiggs0MToGG_M125_TuneCP5_13TeV-JHUGenV7011-pythia8/UL2017_4-10_6_4-v0-RunIISummer19UL17MiniAOD-106X_mc2017_realistic_v6-v2/200720_162208/0000/myMicroAODOutputFile_19.root
2022-12-20 11:26:49.892300: I tensorflow/core/platform/cpu_feature_guard.cc:140] Your CPU supports instructions that this TensorFlow binary was not compiled to use: SSE4.1 SSE4.2 AVX AVX2 FMA
Begin processing the 1st record. Run 1, Event 136603, LumiSection 1367 on stream 0 at 20-Dec-2022 11:27:36.824 CET
[2022-12-20 11:28:20.665357 +0100][Error  ][AsyncSock         ] [xrootd.ba.infn.it:1094 #0.0] Socket error while handshaking: [ERROR] Socket timeout
[2022-12-20 11:28:20.665522 +0100][Error  ][PostMaster        ] [xrootd.ba.infn.it:1094 #0] elapsed = 45, pConnectionWindow = 31 seconds.
[2022-12-20 11:29:05.883146 +0100][Error  ][AsyncSock         ] [xrootd.ba.infn.it:1094 #0.0] Socket error while handshaking: [ERROR] Socket timeout
[2022-12-20 11:29:05.883432 +0100][Error  ][PostMaster        ] [xrootd.ba.infn.it:1094 #0] elapsed = 45, pConnectionWindow = 31 seconds.
[2022-12-20 11:29:05.883528 +0100][Error  ][PostMaster        ] [xrootd.ba.infn.it:1094 #0] Unable to recover: [ERROR] Socket timeout.
[2022-12-20 11:29:05.883546 +0100][Error  ][XRootD            ] [xrootd.ba.infn.it:1094] Impossible to send message kXR_open (file: /store/user/alesauva/flashgg/UL2017_4/10_6_4/ZHiggs0MToGG_M125_TuneCP5_13TeV-JHUGenV7011-pythia8/UL2017_4-10_6_4-v0-RunIISummer19UL17MiniAOD-106X_mc2017_realistic_v6-v2/200720_162208/0000/myMicroAODOutputFile_19.root?tried=stor79.datagrid.cea.fr, mode: 0660, flags: kXR_open_read kXR_async kXR_retstat ). Trying to recover.
Begin processing the 1001st record. Run 1, Event 137605, LumiSection 1377 on stream 0 at 20-Dec-2022 11:31:35.089 CET
Begin processing the 2001st record. Run 1, Event 138612, LumiSection 1387 on stream 0 at 20-Dec-2022 11:33:27.257 CET
[2022-12-20 11:33:31.106643 +0100][Error  ][AsyncSock         ] [xrootd.ba.infn.it:1094 #0.0] Socket error while handshaking: [ERROR] Socket timeout
[2022-12-20 11:33:31.106764 +0100][Error  ][PostMaster        ] [xrootd.ba.infn.it:1094 #0] elapsed = 45, pConnectionWindow = 31 seconds.
[2022-12-20 11:34:16.349497 +0100][Error  ][AsyncSock         ] [xrootd.ba.infn.it:1094 #0.0] Socket error while handshaking: [ERROR] Socket timeout
[2022-12-20 11:34:16.349615 +0100][Error  ][PostMaster        ] [xrootd.ba.infn.it:1094 #0] elapsed = 45, pConnectionWindow = 31 seconds.
[2022-12-20 11:34:16.349629 +0100][Error  ][PostMaster        ] [xrootd.ba.infn.it:1094 #0] Unable to recover: [ERROR] Socket timeout.
[2022-12-20 11:34:16.349644 +0100][Error  ][XRootD            ] [xrootd.ba.infn.it:1094] Impossible to send message kXR_open (file: /store/user/alesauva/flashgg/UL2017_4/10_6_4/ZHiggs0MToGG_M125_TuneCP5_13TeV-JHUGenV7011-pythia8/UL2017_4-10_6_4-v0-RunIISummer19UL17MiniAOD-106X_mc2017_realistic_v6-v2/200720_162208/0000/myMicroAODOutputFile_19.root?tried=stor79.datagrid.cea.fr, mode: 0660, flags: kXR_open_read kXR_async kXR_retstat ). Trying to recover.
Begin processing the 3001st record. Run 1, Event 145010, LumiSection 1451 on stream 0 at 20-Dec-2022 11:35:23.476 CET
Begin processing the 4001st record. Run 1, Event 706802, LumiSection 7069 on stream 0 at 20-Dec-2022 11:37:20.743 CET
Begin processing the 5001st record. Run 1, Event 146504, LumiSection 1466 on stream 0 at 20-Dec-2022 11:39:11.436 CET
[2022-12-20 11:39:52.141348 +0100][Error  ][AsyncSock         ] [xrootd.ba.infn.it:1094 #0.0] Socket error while handshaking: [ERROR] Socket timeout
[2022-12-20 11:39:52.141480 +0100][Error  ][PostMaster        ] [xrootd.ba.infn.it:1094 #0] elapsed = 45, pConnectionWindow = 31 seconds.
[2022-12-20 11:40:37.390335 +0100][Error  ][AsyncSock         ] [xrootd.ba.infn.it:1094 #0.0] Socket error while handshaking: [ERROR] Socket timeout
[2022-12-20 11:40:37.390480 +0100][Error  ][PostMaster        ] [xrootd.ba.infn.it:1094 #0] elapsed = 45, pConnectionWindow = 31 seconds.
[2022-12-20 11:40:37.390491 +0100][Error  ][PostMaster        ] [xrootd.ba.infn.it:1094 #0] Unable to recover: [ERROR] Socket timeout.
[2022-12-20 11:40:37.390501 +0100][Error  ][XRootD            ] [xrootd.ba.infn.it:1094] Impossible to send message kXR_open (file: /store/user/alesauva/flashgg/UL2017_4/10_6_4/ZHiggs0MToGG_M125_TuneCP5_13TeV-JHUGenV7011-pythia8/UL2017_4-10_6_4-v0-RunIISummer19UL17MiniAOD-106X_mc2017_realistic_v6-v2/200720_162208/0000/myMicroAODOutputFile_19.root?tried=stor79.datagrid.cea.fr, mode: 0660, flags: kXR_open_read kXR_async kXR_retstat ). Trying to recover.
Begin processing the 6001st record. Run 1, Event 147505, LumiSection 1476 on stream 0 at 20-Dec-2022 11:41:21.925 CET
Begin processing the 7001st record. Run 1, Event 148608, LumiSection 1487 on stream 0 at 20-Dec-2022 11:44:04.122 CET
[2022-12-20 11:44:43.234799 +0100][Error  ][AsyncSock         ] [xrootd.ba.infn.it:1094 #0.0] Socket error while handshaking: [ERROR] Socket timeout
[2022-12-20 11:44:43.234980 +0100][Error  ][PostMaster        ] [xrootd.ba.infn.it:1094 #0] elapsed = 45, pConnectionWindow = 31 seconds.
[2022-12-20 11:45:28.489466 +0100][Error  ][AsyncSock         ] [xrootd.ba.infn.it:1094 #0.0] Socket error while handshaking: [ERROR] Socket timeout
[2022-12-20 11:45:28.498823 +0100][Error  ][PostMaster        ] [xrootd.ba.infn.it:1094 #0] elapsed = 45, pConnectionWindow = 31 seconds.
[2022-12-20 11:45:28.498865 +0100][Error  ][PostMaster        ] [xrootd.ba.infn.it:1094 #0] Unable to recover: [ERROR] Socket timeout.
[2022-12-20 11:45:28.498879 +0100][Error  ][XRootD            ] [xrootd.ba.infn.it:1094] Impossible to send message kXR_open (file: /store/user/alesauva/flashgg/UL2017_4/10_6_4/ZHiggs0MToGG_M125_TuneCP5_13TeV-JHUGenV7011-pythia8/UL2017_4-10_6_4-v0-RunIISummer19UL17MiniAOD-106X_mc2017_realistic_v6-v2/200720_162208/0000/myMicroAODOutputFile_19.root?tried=stor79.datagrid.cea.fr, mode: 0660, flags: kXR_open_read kXR_async kXR_retstat ). Trying to recover.
Begin processing the 8001st record. Run 1, Event 149711, LumiSection 1498 on stream 0 at 20-Dec-2022 11:46:30.158 CET
Begin processing the 9001st record. Run 1, Event 150801, LumiSection 1509 on stream 0 at 20-Dec-2022 11:48:42.699 CET
[2022-12-20 11:49:21.875352 +0100][Error  ][AsyncSock         ] [xrootd.ba.infn.it:1094 #0.0] Socket error while handshaking: [ERROR] Socket timeout
[2022-12-20 11:49:21.875532 +0100][Error  ][PostMaster        ] [xrootd.ba.infn.it:1094 #0] elapsed = 45, pConnectionWindow = 31 seconds.
[2022-12-20 11:50:06.137322 +0100][Error  ][AsyncSock         ] [xrootd.ba.infn.it:1094 #0.0] Socket error while handshaking: [ERROR] Socket timeout
[2022-12-20 11:50:06.137471 +0100][Error  ][PostMaster        ] [xrootd.ba.infn.it:1094 #0] elapsed = 45, pConnectionWindow = 31 seconds.
[2022-12-20 11:50:06.137481 +0100][Error  ][PostMaster        ] [xrootd.ba.infn.it:1094 #0] Unable to recover: [ERROR] Socket timeout.
[2022-12-20 11:50:06.137490 +0100][Error  ][XRootD            ] [xrootd.ba.infn.it:1094] Impossible to send message kXR_open (file: /store/user/alesauva/flashgg/UL2017_4/10_6_4/ZHiggs0MToGG_M125_TuneCP5_13TeV-JHUGenV7011-pythia8/UL2017_4-10_6_4-v0-RunIISummer19UL17MiniAOD-106X_mc2017_realistic_v6-v2/200720_162208/0000/myMicroAODOutputFile_19.root?tried=stor79.datagrid.cea.fr, mode: 0660, flags: kXR_open_read kXR_async kXR_retstat ). Trying to recover.
Begin processing the 10001st record. Run 1, Event 259406, LumiSection 2595 on stream 0 at 20-Dec-2022 11:51:01.536 CET
Begin processing the 11001st record. Run 1, Event 328402, LumiSection 3285 on stream 0 at 20-Dec-2022 11:53:27.012 CET
[2022-12-20 11:54:02.067352 +0100][Error  ][AsyncSock         ] [xrootd.ba.infn.it:1094 #0.0] Socket error while handshaking: [ERROR] Socket timeout
[2022-12-20 11:54:02.067508 +0100][Error  ][PostMaster        ] [xrootd.ba.infn.it:1094 #0] elapsed = 45, pConnectionWindow = 31 seconds.
[2022-12-20 11:54:47.336347 +0100][Error  ][AsyncSock         ] [xrootd.ba.infn.it:1094 #0.0] Socket error while handshaking: [ERROR] Socket timeout
[2022-12-20 11:54:47.336501 +0100][Error  ][PostMaster        ] [xrootd.ba.infn.it:1094 #0] elapsed = 45, pConnectionWindow = 31 seconds.
[2022-12-20 11:54:47.336511 +0100][Error  ][PostMaster        ] [xrootd.ba.infn.it:1094 #0] Unable to recover: [ERROR] Socket timeout.
[2022-12-20 11:54:47.336520 +0100][Error  ][XRootD            ] [xrootd.ba.infn.it:1094] Impossible to send message kXR_open (file: /store/user/alesauva/flashgg/UL2017_4/10_6_4/ZHiggs0MToGG_M125_TuneCP5_13TeV-JHUGenV7011-pythia8/UL2017_4-10_6_4-v0-RunIISummer19UL17MiniAOD-106X_mc2017_realistic_v6-v2/200720_162208/0000/myMicroAODOutputFile_19.root?tried=stor79.datagrid.cea.fr, mode: 0660, flags: kXR_open_read kXR_async kXR_retstat ). Trying to recover.
Begin processing the 12001st record. Run 1, Event 329406, LumiSection 3295 on stream 0 at 20-Dec-2022 11:55:44.685 CET
Begin processing the 13001st record. Run 1, Event 330401, LumiSection 3305 on stream 0 at 20-Dec-2022 11:58:19.653 CET
[2022-12-20 11:58:54.322331 +0100][Error  ][AsyncSock         ] [xrootd.ba.infn.it:1094 #0.0] Socket error while handshaking: [ERROR] Socket timeout
[2022-12-20 11:58:54.322507 +0100][Error  ][PostMaster        ] [xrootd.ba.infn.it:1094 #0] elapsed = 46, pConnectionWindow = 31 seconds.
[2022-12-20 11:59:39.578774 +0100][Error  ][AsyncSock         ] [xrootd.ba.infn.it:1094 #0.0] Socket error while handshaking: [ERROR] Socket timeout
[2022-12-20 11:59:39.578897 +0100][Error  ][PostMaster        ] [xrootd.ba.infn.it:1094 #0] elapsed = 45, pConnectionWindow = 31 seconds.
[2022-12-20 11:59:39.578907 +0100][Error  ][PostMaster        ] [xrootd.ba.infn.it:1094 #0] Unable to recover: [ERROR] Socket timeout.
[2022-12-20 11:59:39.578918 +0100][Error  ][XRootD            ] [xrootd.ba.infn.it:1094] Impossible to send message kXR_open (file: /store/user/alesauva/flashgg/UL2017_4/10_6_4/ZHiggs0MToGG_M125_TuneCP5_13TeV-JHUGenV7011-pythia8/UL2017_4-10_6_4-v0-RunIISummer19UL17MiniAOD-106X_mc2017_realistic_v6-v2/200720_162208/0000/myMicroAODOutputFile_19.root?tried=stor79.datagrid.cea.fr, mode: 0660, flags: kXR_open_read kXR_async kXR_retstat ). Trying to recover.
Begin processing the 14001st record. Run 1, Event 347607, LumiSection 3477 on stream 0 at 20-Dec-2022 12:00:49.520 CET
Begin processing the 15001st record. Run 1, Event 365105, LumiSection 3652 on stream 0 at 20-Dec-2022 12:03:09.763 CET
[2022-12-20 12:03:41.019339 +0100][Error  ][AsyncSock         ] [xrootd.ba.infn.it:1094 #0.0] Socket error while handshaking: [ERROR] Socket timeout
[2022-12-20 12:03:41.019483 +0100][Error  ][PostMaster        ] [xrootd.ba.infn.it:1094 #0] elapsed = 45, pConnectionWindow = 31 seconds.
[2022-12-20 12:04:26.294310 +0100][Error  ][AsyncSock         ] [xrootd.ba.infn.it:1094 #0.0] Socket error while handshaking: [ERROR] Socket timeout
[2022-12-20 12:04:26.294450 +0100][Error  ][PostMaster        ] [xrootd.ba.infn.it:1094 #0] elapsed = 45, pConnectionWindow = 31 seconds.
[2022-12-20 12:04:26.294460 +0100][Error  ][PostMaster        ] [xrootd.ba.infn.it:1094 #0] Unable to recover: [ERROR] Socket timeout.
[2022-12-20 12:04:26.294470 +0100][Error  ][XRootD            ] [xrootd.ba.infn.it:1094] Impossible to send message kXR_open (file: /store/user/alesauva/flashgg/UL2017_4/10_6_4/ZHiggs0MToGG_M125_TuneCP5_13TeV-JHUGenV7011-pythia8/UL2017_4-10_6_4-v0-RunIISummer19UL17MiniAOD-106X_mc2017_realistic_v6-v2/200720_162208/0000/myMicroAODOutputFile_19.root?tried=stor79.datagrid.cea.fr, mode: 0660, flags: kXR_open_read kXR_async kXR_retstat ). Trying to recover.
Begin processing the 16001st record. Run 1, Event 366102, LumiSection 3662 on stream 0 at 20-Dec-2022 12:05:28.086 CET
Begin processing the 17001st record. Run 1, Event 367104, LumiSection 3672 on stream 0 at 20-Dec-2022 12:07:46.062 CET
[2022-12-20 12:08:17.523320 +0100][Error  ][AsyncSock         ] [xrootd.ba.infn.it:1094 #0.0] Socket error while handshaking: [ERROR] Socket timeout
[2022-12-20 12:08:17.523462 +0100][Error  ][PostMaster        ] [xrootd.ba.infn.it:1094 #0] elapsed = 45, pConnectionWindow = 31 seconds.
[2022-12-20 12:09:02.787315 +0100][Error  ][AsyncSock         ] [xrootd.ba.infn.it:1094 #0.0] Socket error while handshaking: [ERROR] Socket timeout
[2022-12-20 12:09:02.787445 +0100][Error  ][PostMaster        ] [xrootd.ba.infn.it:1094 #0] elapsed = 45, pConnectionWindow = 31 seconds.
[2022-12-20 12:09:02.787455 +0100][Error  ][PostMaster        ] [xrootd.ba.infn.it:1094 #0] Unable to recover: [ERROR] Socket timeout.
[2022-12-20 12:09:02.787465 +0100][Error  ][XRootD            ] [xrootd.ba.infn.it:1094] Impossible to send message kXR_open (file: /store/user/alesauva/flashgg/UL2017_4/10_6_4/ZHiggs0MToGG_M125_TuneCP5_13TeV-JHUGenV7011-pythia8/UL2017_4-10_6_4-v0-RunIISummer19UL17MiniAOD-106X_mc2017_realistic_v6-v2/200720_162208/0000/myMicroAODOutputFile_19.root?tried=stor79.datagrid.cea.fr, mode: 0660, flags: kXR_open_read kXR_async kXR_retstat ). Trying to recover.
Begin processing the 18001st record. Run 1, Event 368105, LumiSection 3682 on stream 0 at 20-Dec-2022 12:10:16.275 CET
Begin processing the 19001st record. Run 1, Event 369104, LumiSection 3692 on stream 0 at 20-Dec-2022 12:12:33.736 CET
[2022-12-20 12:13:02.333342 +0100][Error  ][AsyncSock         ] [xrootd.ba.infn.it:1094 #0.0] Socket error while handshaking: [ERROR] Socket timeout
[2022-12-20 12:13:02.333537 +0100][Error  ][PostMaster        ] [xrootd.ba.infn.it:1094 #0] elapsed = 45, pConnectionWindow = 31 seconds.
[2022-12-20 12:13:47.843298 +0100][Error  ][AsyncSock         ] [xrootd.ba.infn.it:1094 #0.0] Socket error while handshaking: [ERROR] Socket timeout
[2022-12-20 12:13:47.843440 +0100][Error  ][PostMaster        ] [xrootd.ba.infn.it:1094 #0] elapsed = 45, pConnectionWindow = 31 seconds.
[2022-12-20 12:13:47.843451 +0100][Error  ][PostMaster        ] [xrootd.ba.infn.it:1094 #0] Unable to recover: [ERROR] Socket timeout.
[2022-12-20 12:13:47.843461 +0100][Error  ][XRootD            ] [xrootd.ba.infn.it:1094] Impossible to send message kXR_open (file: /store/user/alesauva/flashgg/UL2017_4/10_6_4/ZHiggs0MToGG_M125_TuneCP5_13TeV-JHUGenV7011-pythia8/UL2017_4-10_6_4-v0-RunIISummer19UL17MiniAOD-106X_mc2017_realistic_v6-v2/200720_162208/0000/myMicroAODOutputFile_19.root?tried=stor79.datagrid.cea.fr, mode: 0660, flags: kXR_open_read kXR_async kXR_retstat ). Trying to recover.
Begin processing the 20001st record. Run 1, Event 454009, LumiSection 4541 on stream 0 at 20-Dec-2022 12:14:56.285 CET
Begin processing the 21001st record. Run 1, Event 732204, LumiSection 7323 on stream 0 at 20-Dec-2022 12:17:24.924 CET
[2022-12-20 12:17:53.276391 +0100][Error  ][AsyncSock         ] [xrootd.ba.infn.it:1094 #0.0] Socket error while handshaking: [ERROR] Socket timeout
[2022-12-20 12:17:53.276514 +0100][Error  ][PostMaster        ] [xrootd.ba.infn.it:1094 #0] elapsed = 46, pConnectionWindow = 31 seconds.
[2022-12-20 12:18:38.538947 +0100][Error  ][AsyncSock         ] [xrootd.ba.infn.it:1094 #0.0] Socket error while handshaking: [ERROR] Socket timeout
[2022-12-20 12:18:38.539083 +0100][Error  ][PostMaster        ] [xrootd.ba.infn.it:1094 #0] elapsed = 45, pConnectionWindow = 31 seconds.
[2022-12-20 12:18:38.539096 +0100][Error  ][PostMaster        ] [xrootd.ba.infn.it:1094 #0] Unable to recover: [ERROR] Socket timeout.
[2022-12-20 12:18:38.539107 +0100][Error  ][XRootD            ] [xrootd.ba.infn.it:1094] Impossible to send message kXR_open (file: /store/user/alesauva/flashgg/UL2017_4/10_6_4/ZHiggs0MToGG_M125_TuneCP5_13TeV-JHUGenV7011-pythia8/UL2017_4-10_6_4-v0-RunIISummer19UL17MiniAOD-106X_mc2017_realistic_v6-v2/200720_162208/0000/myMicroAODOutputFile_19.root?tried=stor79.datagrid.cea.fr, mode: 0660, flags: kXR_open_read kXR_async kXR_retstat ). Trying to recover.
Begin processing the 22001st record. Run 1, Event 733304, LumiSection 7334 on stream 0 at 20-Dec-2022 12:20:05.959 CET
Begin processing the 23001st record. Run 1, Event 728812, LumiSection 7289 on stream 0 at 20-Dec-2022 12:22:55.856 CET
[2022-12-20 12:23:21.089574 +0100][Error  ][AsyncSock         ] [xrootd.ba.infn.it:1094 #0.0] Socket error while handshaking: [ERROR] Socket timeout
[2022-12-20 12:23:21.089731 +0100][Error  ][PostMaster        ] [xrootd.ba.infn.it:1094 #0] elapsed = 46, pConnectionWindow = 31 seconds.
[2022-12-20 12:24:06.354349 +0100][Error  ][AsyncSock         ] [xrootd.ba.infn.it:1094 #0.0] Socket error while handshaking: [ERROR] Socket timeout
[2022-12-20 12:24:06.354484 +0100][Error  ][PostMaster        ] [xrootd.ba.infn.it:1094 #0] elapsed = 45, pConnectionWindow = 31 seconds.
[2022-12-20 12:24:06.354494 +0100][Error  ][PostMaster        ] [xrootd.ba.infn.it:1094 #0] Unable to recover: [ERROR] Socket timeout.
[2022-12-20 12:24:06.354504 +0100][Error  ][XRootD            ] [xrootd.ba.infn.it:1094] Impossible to send message kXR_open (file: /store/user/alesauva/flashgg/UL2017_4/10_6_4/ZHiggs0MToGG_M125_TuneCP5_13TeV-JHUGenV7011-pythia8/UL2017_4-10_6_4-v0-RunIISummer19UL17MiniAOD-106X_mc2017_realistic_v6-v2/200720_162208/0000/myMicroAODOutputFile_19.root?tried=stor79.datagrid.cea.fr, mode: 0660, flags: kXR_open_read kXR_async kXR_retstat ). Trying to recover.
Begin processing the 24001st record. Run 1, Event 737907, LumiSection 7380 on stream 0 at 20-Dec-2022 12:25:20.285 CET
20-Dec-2022 12:27:40 CET  Closed file root://cms-xrd-global.cern.ch//store/user/alesauva/flashgg/UL2017_4/10_6_4/ZHiggs0MToGG_M125_TuneCP5_13TeV-JHUGenV7011-pythia8/UL2017_4-10_6_4-v0-RunIISummer19UL17MiniAOD-106X_mc2017_realistic_v6-v2/200720_162208/0000/myMicroAODOutputFile_19.root

TrigReport ---------- Event  Summary ------------
TrigReport Events total = 25000 passed = 24803 failed = 197

TrigReport ---------- Path   Summary ------------
TrigReport  Trig Bit#   Executed     Passed     Failed      Error Name
TrigReport     1    0      25000      24803        197          0 p

TrigReport -------End-Path   Summary ------------
TrigReport  Trig Bit#   Executed     Passed     Failed      Error Name

TrigReport ---------- Modules in Path: p ------------
TrigReport  Trig Bit#    Visited     Passed     Failed      Error Name
TrigReport     1    0      25000      24803        197          0 flashggMetFilters
TrigReport     1    1      24803      24803          0          0 VHFilter
TrigReport     1    2      24803      24803          0          0 flashggDifferentialPhoIdInputsCorrection
TrigReport     1    3      24803      24803          0          0 flashggDiPhotonSystematics
TrigReport     1    4      24803      24803          0          0 flashggMetSystematics
TrigReport     1    5      24803      24803          0          0 flashggMuonSystematics
TrigReport     1    6      24803      24803          0          0 flashggElectronSystematics
TrigReport     1    7      24803      24803          0          0 flashggUnpackedJets
TrigReport     1    8      24803      24803          0          0 flashggJetSystematics0
TrigReport     1    9      24803      24803          0          0 flashggJetSystematics1
TrigReport     1   10      24803      24803          0          0 flashggJetSystematics2
TrigReport     1   11      24803      24803          0          0 flashggJetSystematics3
TrigReport     1   12      24803      24803          0          0 flashggJetSystematics4
TrigReport     1   13      24803      24803          0          0 flashggJetSystematics5
TrigReport     1   14      24803      24803          0          0 flashggJetSystematics6
TrigReport     1   15      24803      24803          0          0 flashggJetSystematics7
TrigReport     1   16      24803      24803          0          0 flashggJetSystematics8
TrigReport     1   17      24803      24803          0          0 flashggJetSystematics9
TrigReport     1   18      24803      24803          0          0 flashggJetSystematics10
TrigReport     1   19      24803      24803          0          0 flashggJetSystematics11
TrigReport     1   20      24803      24803          0          0 flashggPrefireDiPhotons
TrigReport     1   21      24803      24803          0          0 flashggPreselectedDiPhotons
TrigReport     1   22      24803      24803          0          0 flashggDiPhotonMVA
TrigReport     1   23      24803      24803          0          0 flashggVBFMVA
TrigReport     1   24      24803      24803          0          0 flashggVHhadMVA
TrigReport     1   25      24803      24803          0          0 flashggGluGluHMVA
TrigReport     1   26      24803      24803          0          0 flashggStageOneCombinedTag
TrigReport     1   27      24803      24803          0          0 flashggTHQLeptonicTag
TrigReport     1   28      24803      24803          0          0 flashggVHMetTag
TrigReport     1   29      24803      24803          0          0 flashggWHLeptonicTag
TrigReport     1   30      24803      24803          0          0 flashggZHLeptonicTag
TrigReport     1   31      24803      24803          0          0 flashggTTHLeptonicTag
TrigReport     1   32      24803      24803          0          0 flashggTTHHadronicTag
TrigReport     1   33      24803      24803          0          0 flashggTagSorter
TrigReport     1   34      24803      24803          0          0 flashggSystTagMerger
TrigReport     1   35      24803      24803          0          0 tagsDumper

TrigReport ---------- Module Summary ------------
TrigReport    Visited   Executed     Passed     Failed      Error Name
TrigReport      25000      25000      25000          0          0 TriggerResults
TrigReport      24803      24803      24803          0          0 VHFilter
TrigReport      24803      24803      24803          0          0 ak4PFCHSL1FastL2L3Corrector
TrigReport      24803      24803      24803          0          0 ak4PFCHSL1FastjetCorrector
TrigReport      24803      24803      24803          0          0 ak4PFCHSL2RelativeCorrector
TrigReport      24803      24803      24803          0          0 ak4PFCHSL3AbsoluteCorrector
TrigReport      24803      24803      24803          0          0 flashggDiPhotonMVA
TrigReport      24803      24803      24803          0          0 flashggDiPhotonSystematics
TrigReport      24803      24803      24803          0          0 flashggDifferentialPhoIdInputsCorrection
TrigReport      24803      24803      24803          0          0 flashggElectronSystematics
TrigReport      24803      24803      24803          0          0 flashggGluGluHMVA
TrigReport      24803      24803      24803          0          0 flashggJetSystematics0
TrigReport      24803      24803      24803          0          0 flashggJetSystematics1
TrigReport      24803      24803      24803          0          0 flashggJetSystematics10
TrigReport      24803      24803      24803          0          0 flashggJetSystematics11
TrigReport      24803      24803      24803          0          0 flashggJetSystematics2
TrigReport      24803      24803      24803          0          0 flashggJetSystematics3
TrigReport      24803      24803      24803          0          0 flashggJetSystematics4
TrigReport      24803      24803      24803          0          0 flashggJetSystematics5
TrigReport      24803      24803      24803          0          0 flashggJetSystematics6
TrigReport      24803      24803      24803          0          0 flashggJetSystematics7
TrigReport      24803      24803      24803          0          0 flashggJetSystematics8
TrigReport      24803      24803      24803          0          0 flashggJetSystematics9
TrigReport      25000      25000      24803        197          0 flashggMetFilters
TrigReport      24803      24803      24803          0          0 flashggMetSystematics
TrigReport      24803      24803      24803          0          0 flashggMuonSystematics
TrigReport      24803      24803      24803          0          0 flashggPrefireDiPhotons
TrigReport      24803      24803      24803          0          0 flashggPreselectedDiPhotons
TrigReport      24803      24803      24803          0          0 flashggStageOneCombinedTag
TrigReport      24803      24803      24803          0          0 flashggSystTagMerger
TrigReport      24803      24803      24803          0          0 flashggTHQLeptonicTag
TrigReport      24803      24803      24803          0          0 flashggTTHHadronicTag
TrigReport      24803      24803      24803          0          0 flashggTTHLeptonicTag
TrigReport      24803      24803      24803          0          0 flashggTagSorter
TrigReport      24803      24803      24803          0          0 flashggUnpackedJets
TrigReport      24803      24803      24803          0          0 flashggVBFMVA
TrigReport      24803      24803      24803          0          0 flashggVHMetTag
TrigReport      24803      24803      24803          0          0 flashggVHhadMVA
TrigReport      24803      24803      24803          0          0 flashggWHLeptonicTag
TrigReport      24803      24803      24803          0          0 flashggZHLeptonicTag
TrigReport      25000      25000      25000          0          0 p
TrigReport      24803      24803      24803          0          0 tagsDumper

TimeReport ---------- Event  Summary ---[sec]----
TimeReport       event loop CPU/event = 0.141497
TimeReport      event loop Real/event = 0.144226
TimeReport     sum Streams Real/event = 0.140098
TimeReport efficiency CPU/Real/thread = 0.981076

TimeReport ---------- Path   Summary ---[Real sec]----
TimeReport  per event     per exec  Name
TimeReport   0.139581     0.139581  p
TimeReport  per event     per exec  Name

TimeReport -------End-Path   Summary ---[Real sec]----
TimeReport  per event     per exec  Name
TimeReport  per event     per exec  Name

TimeReport ---------- Modules in Path: p ---[Real sec]----
TimeReport  per event    per visit  Name
TimeReport   0.000016     0.000016  flashggMetFilters
TimeReport   0.000006     0.000006  VHFilter
TimeReport   0.077903     0.078521  flashggDifferentialPhoIdInputsCorrection
TimeReport   0.044365     0.044717  flashggDiPhotonSystematics
TimeReport   0.000175     0.000177  flashggMetSystematics
TimeReport   0.000031     0.000031  flashggMuonSystematics
TimeReport   0.000037     0.000038  flashggElectronSystematics
TimeReport   0.000237     0.000239  flashggUnpackedJets
TimeReport   0.003984     0.004016  flashggJetSystematics0
TimeReport   0.000661     0.000666  flashggJetSystematics1
TimeReport   0.000593     0.000598  flashggJetSystematics2
TimeReport   0.000567     0.000572  flashggJetSystematics3
TimeReport   0.000560     0.000564  flashggJetSystematics4
TimeReport   0.000555     0.000560  flashggJetSystematics5
TimeReport   0.000553     0.000557  flashggJetSystematics6
TimeReport   0.000548     0.000553  flashggJetSystematics7
TimeReport   0.000546     0.000551  flashggJetSystematics8
TimeReport   0.000547     0.000552  flashggJetSystematics9
TimeReport   0.000544     0.000549  flashggJetSystematics10
TimeReport   0.000542     0.000546  flashggJetSystematics11
TimeReport   0.000308     0.000310  flashggPrefireDiPhotons
TimeReport   0.000118     0.000119  flashggPreselectedDiPhotons
TimeReport   0.000036     0.000037  flashggDiPhotonMVA
TimeReport   0.000030     0.000031  flashggVBFMVA
TimeReport   0.000017     0.000017  flashggVHhadMVA
TimeReport   0.000052     0.000052  flashggGluGluHMVA
TimeReport   0.000031     0.000031  flashggStageOneCombinedTag
TimeReport   0.000570     0.000575  flashggTHQLeptonicTag
TimeReport   0.000458     0.000462  flashggVHMetTag
TimeReport   0.000034     0.000035  flashggWHLeptonicTag
TimeReport   0.000020     0.000020  flashggZHLeptonicTag
TimeReport   0.000080     0.000081  flashggTTHLeptonicTag
TimeReport   0.001652     0.001665  flashggTTHHadronicTag
TimeReport   0.000085     0.000086  flashggTagSorter
TimeReport   0.000004     0.000004  flashggSystTagMerger
TimeReport   0.000500     0.000504  tagsDumper
TimeReport  per event    per visit  Name

TimeReport ---------- Module Summary ---[Real sec]----
TimeReport  per event     per exec    per visit  Name
TimeReport   0.000003     0.000003     0.000003  TriggerResults
TimeReport   0.000006     0.000006     0.000006  VHFilter
TimeReport   0.000004     0.000004     0.000004  ak4PFCHSL1FastL2L3Corrector
TimeReport   0.000004     0.000004     0.000004  ak4PFCHSL1FastjetCorrector
TimeReport   0.000001     0.000002     0.000002  ak4PFCHSL2RelativeCorrector
TimeReport   0.000015     0.000015     0.000015  ak4PFCHSL3AbsoluteCorrector
TimeReport   0.000036     0.000037     0.000037  flashggDiPhotonMVA
TimeReport   0.044365     0.044717     0.044717  flashggDiPhotonSystematics
TimeReport   0.077903     0.078521     0.078521  flashggDifferentialPhoIdInputsCorrection
TimeReport   0.000037     0.000038     0.000038  flashggElectronSystematics
TimeReport   0.000052     0.000052     0.000052  flashggGluGluHMVA
TimeReport   0.003984     0.004016     0.004016  flashggJetSystematics0
TimeReport   0.000661     0.000666     0.000666  flashggJetSystematics1
TimeReport   0.000544     0.000549     0.000549  flashggJetSystematics10
TimeReport   0.000542     0.000546     0.000546  flashggJetSystematics11
TimeReport   0.000593     0.000598     0.000598  flashggJetSystematics2
TimeReport   0.000567     0.000572     0.000572  flashggJetSystematics3
TimeReport   0.000560     0.000564     0.000564  flashggJetSystematics4
TimeReport   0.000555     0.000560     0.000560  flashggJetSystematics5
TimeReport   0.000553     0.000557     0.000557  flashggJetSystematics6
TimeReport   0.000548     0.000553     0.000553  flashggJetSystematics7
TimeReport   0.000546     0.000551     0.000551  flashggJetSystematics8
TimeReport   0.000547     0.000552     0.000552  flashggJetSystematics9
TimeReport   0.000016     0.000016     0.000016  flashggMetFilters
TimeReport   0.000175     0.000177     0.000177  flashggMetSystematics
TimeReport   0.000031     0.000031     0.000031  flashggMuonSystematics
TimeReport   0.000308     0.000310     0.000310  flashggPrefireDiPhotons
TimeReport   0.000118     0.000119     0.000119  flashggPreselectedDiPhotons
TimeReport   0.000031     0.000031     0.000031  flashggStageOneCombinedTag
TimeReport   0.000004     0.000004     0.000004  flashggSystTagMerger
TimeReport   0.000570     0.000575     0.000575  flashggTHQLeptonicTag
TimeReport   0.001652     0.001665     0.001665  flashggTTHHadronicTag
TimeReport   0.000080     0.000081     0.000081  flashggTTHLeptonicTag
TimeReport   0.000085     0.000086     0.000086  flashggTagSorter
TimeReport   0.000237     0.000239     0.000239  flashggUnpackedJets
TimeReport   0.000030     0.000031     0.000031  flashggVBFMVA
TimeReport   0.000458     0.000462     0.000462  flashggVHMetTag
TimeReport   0.000017     0.000017     0.000017  flashggVHhadMVA
TimeReport   0.000034     0.000035     0.000035  flashggWHLeptonicTag
TimeReport   0.000020     0.000020     0.000020  flashggZHLeptonicTag
TimeReport   0.000003     0.000003     0.000003  p
TimeReport   0.000500     0.000504     0.000504  tagsDumper
TimeReport  per event     per exec    per visit  Name

T---Report end!


=============================================

MessageLogger Summary

 type     category        sev    module        subroutine        count    total
 ---- -------------------- -- ---------------- ----------------  -----    -----
    1 XrdAdaptor           -w file_open                              1        1
    2 fileAction           -s file_close                             1        1
    3 fileAction           -s file_open                              2        2

 type    category    Examples: run/evt        run/evt          run/evt
 ---- -------------------- ---------------- ---------------- ----------------
    1 XrdAdaptor           pre-events                        
    2 fileAction           PostGlobalEndRun                  
    3 fileAction           pre-events       pre-events       

Severity    # Occurrences   Total Occurrences
--------    -------------   -----------------
Warning                 1                   1
System                  3                   3

dropped waiting message count 0
