mkdir: cannot create directory '/afs/cern.ch/user/x/xisu/private/local/Analysis_workspace/VH_AC_tmp1/flashgg_d2/CMSSW_10_6_29/src/flashgg/VHAC_Analysis_Met/UL_17/UL_17_zh125': File exists
/cvmfs/cms.cern.ch/slc7_amd64_gcc700/external/py2-requests/2.21.0-pafccj2/lib/python2.7/site-packages/requests/__init__.py:91: RequestsDependencyWarning: urllib3 (1.25.2) or chardet (3.0.4) doesn't match a supported version!
  RequestsDependencyWarning)
20-Dec-2022 11:20:31 CET  Initiating request to open file root://cms-xrd-global.cern.ch//store/user/alesauva/flashgg/UL2017_4/10_6_4/ZHiggs0PMToGG_M125_TuneCP5_13TeV-JHUGenV7011-pythia8/UL2017_4-10_6_4-v0-RunIISummer19UL17MiniAOD-106X_mc2017_realistic_v6-v2/200720_162909/0000/myMicroAODOutputFile_3.root
%MSG-w XrdAdaptor:  file_open 20-Dec-2022 11:20:33 CET pre-events
Data is served from GRIF-IRFU instead of original site CERN-CMSGLOBAL-01
%MSG
20-Dec-2022 11:20:36 CET  Successfully opened file root://cms-xrd-global.cern.ch//store/user/alesauva/flashgg/UL2017_4/10_6_4/ZHiggs0PMToGG_M125_TuneCP5_13TeV-JHUGenV7011-pythia8/UL2017_4-10_6_4-v0-RunIISummer19UL17MiniAOD-106X_mc2017_realistic_v6-v2/200720_162909/0000/myMicroAODOutputFile_3.root
[2022-12-20 11:21:28.559431 +0100][Error  ][AsyncSock         ] [xrootd.ba.infn.it:1094 #0.0] Socket error while handshaking: [ERROR] Socket timeout
[2022-12-20 11:21:28.559689 +0100][Error  ][PostMaster        ] [xrootd.ba.infn.it:1094 #0] elapsed = 45, pConnectionWindow = 31 seconds.
[2022-12-20 11:22:13.826360 +0100][Error  ][AsyncSock         ] [xrootd.ba.infn.it:1094 #0.0] Socket error while handshaking: [ERROR] Socket timeout
[2022-12-20 11:22:13.826519 +0100][Error  ][PostMaster        ] [xrootd.ba.infn.it:1094 #0] elapsed = 45, pConnectionWindow = 31 seconds.
[2022-12-20 11:22:13.826570 +0100][Error  ][PostMaster        ] [xrootd.ba.infn.it:1094 #0] Unable to recover: [ERROR] Socket timeout.
[2022-12-20 11:22:13.826623 +0100][Error  ][XRootD            ] [xrootd.ba.infn.it:1094] Impossible to send message kXR_open (file: /store/user/alesauva/flashgg/UL2017_4/10_6_4/ZHiggs0PMToGG_M125_TuneCP5_13TeV-JHUGenV7011-pythia8/UL2017_4-10_6_4-v0-RunIISummer19UL17MiniAOD-106X_mc2017_realistic_v6-v2/200720_162909/0000/myMicroAODOutputFile_3.root?tried=+1413xrootd-redic.pi.infn.it,+1213llrxrd-redir.in2p3.fr,+1413llrxrd-redir.in2p3.fr,stor92.datagrid.cea.fr,node12.datagrid.cea.fr,xrootd-cms-redir-int.cr.cnaf.infn.it,xrootd-cms.infn.it,xrootd-redic.pi.infn.it&triedrc=enoent,enoent, mode: 0660, flags: kXR_open_read kXR_async kXR_retstat ). Trying to recover.
2022-12-20 11:38:46.020725: I tensorflow/core/platform/cpu_feature_guard.cc:140] Your CPU supports instructions that this TensorFlow binary was not compiled to use: SSE4.1 SSE4.2 AVX AVX2 FMA
Begin processing the 1st record. Run 1, Event 42117, LumiSection 422 on stream 0 at 20-Dec-2022 11:39:51.364 CET
[2022-12-20 11:40:34.576319 +0100][Error  ][AsyncSock         ] [xrootd.ba.infn.it:1094 #0.0] Socket error while handshaking: [ERROR] Socket timeout
[2022-12-20 11:40:34.576460 +0100][Error  ][PostMaster        ] [xrootd.ba.infn.it:1094 #0] elapsed = 45, pConnectionWindow = 31 seconds.
[2022-12-20 11:41:19.824387 +0100][Error  ][AsyncSock         ] [xrootd.ba.infn.it:1094 #0.0] Socket error while handshaking: [ERROR] Socket timeout
[2022-12-20 11:41:19.824491 +0100][Error  ][PostMaster        ] [xrootd.ba.infn.it:1094 #0] elapsed = 45, pConnectionWindow = 31 seconds.
[2022-12-20 11:41:19.824504 +0100][Error  ][PostMaster        ] [xrootd.ba.infn.it:1094 #0] Unable to recover: [ERROR] Socket timeout.
[2022-12-20 11:41:19.824525 +0100][Error  ][XRootD            ] [xrootd.ba.infn.it:1094] Impossible to send message kXR_open (file: /store/user/alesauva/flashgg/UL2017_4/10_6_4/ZHiggs0PMToGG_M125_TuneCP5_13TeV-JHUGenV7011-pythia8/UL2017_4-10_6_4-v0-RunIISummer19UL17MiniAOD-106X_mc2017_realistic_v6-v2/200720_162909/0000/myMicroAODOutputFile_3.root?tried=stor92.datagrid.cea.fr, mode: 0660, flags: kXR_open_read kXR_async kXR_retstat ). Trying to recover.
Begin processing the 1001st record. Run 1, Event 43108, LumiSection 432 on stream 0 at 20-Dec-2022 11:45:26.161 CET
[2022-12-20 11:46:20.491394 +0100][Error  ][AsyncSock         ] [xrootd.ba.infn.it:1094 #0.0] Socket error while handshaking: [ERROR] Socket timeout
[2022-12-20 11:46:20.491530 +0100][Error  ][PostMaster        ] [xrootd.ba.infn.it:1094 #0] elapsed = 45, pConnectionWindow = 31 seconds.
[2022-12-20 11:47:05.749340 +0100][Error  ][AsyncSock         ] [xrootd.ba.infn.it:1094 #0.0] Socket error while handshaking: [ERROR] Socket timeout
[2022-12-20 11:47:05.749512 +0100][Error  ][PostMaster        ] [xrootd.ba.infn.it:1094 #0] elapsed = 45, pConnectionWindow = 31 seconds.
[2022-12-20 11:47:05.749529 +0100][Error  ][PostMaster        ] [xrootd.ba.infn.it:1094 #0] Unable to recover: [ERROR] Socket timeout.
[2022-12-20 11:47:05.749542 +0100][Error  ][XRootD            ] [xrootd.ba.infn.it:1094] Impossible to send message kXR_open (file: /store/user/alesauva/flashgg/UL2017_4/10_6_4/ZHiggs0PMToGG_M125_TuneCP5_13TeV-JHUGenV7011-pythia8/UL2017_4-10_6_4-v0-RunIISummer19UL17MiniAOD-106X_mc2017_realistic_v6-v2/200720_162909/0000/myMicroAODOutputFile_3.root?tried=stor92.datagrid.cea.fr, mode: 0660, flags: kXR_open_read kXR_async kXR_retstat ). Trying to recover.
Begin processing the 2001st record. Run 1, Event 44104, LumiSection 442 on stream 0 at 20-Dec-2022 11:47:57.407 CET
Begin processing the 3001st record. Run 1, Event 82203, LumiSection 823 on stream 0 at 20-Dec-2022 11:50:22.437 CET
[2022-12-20 11:51:36.114356 +0100][Error  ][AsyncSock         ] [xrootd.ba.infn.it:1094 #0.0] Socket error while handshaking: [ERROR] Socket timeout
[2022-12-20 11:51:36.114538 +0100][Error  ][PostMaster        ] [xrootd.ba.infn.it:1094 #0] elapsed = 45, pConnectionWindow = 31 seconds.
[2022-12-20 11:52:21.360327 +0100][Error  ][AsyncSock         ] [xrootd.ba.infn.it:1094 #0.0] Socket error while handshaking: [ERROR] Socket timeout
[2022-12-20 11:52:21.360483 +0100][Error  ][PostMaster        ] [xrootd.ba.infn.it:1094 #0] elapsed = 45, pConnectionWindow = 31 seconds.
[2022-12-20 11:52:21.360499 +0100][Error  ][PostMaster        ] [xrootd.ba.infn.it:1094 #0] Unable to recover: [ERROR] Socket timeout.
[2022-12-20 11:52:21.360516 +0100][Error  ][XRootD            ] [xrootd.ba.infn.it:1094] Impossible to send message kXR_open (file: /store/user/alesauva/flashgg/UL2017_4/10_6_4/ZHiggs0PMToGG_M125_TuneCP5_13TeV-JHUGenV7011-pythia8/UL2017_4-10_6_4-v0-RunIISummer19UL17MiniAOD-106X_mc2017_realistic_v6-v2/200720_162909/0000/myMicroAODOutputFile_3.root?tried=stor92.datagrid.cea.fr, mode: 0660, flags: kXR_open_read kXR_async kXR_retstat ). Trying to recover.
Begin processing the 4001st record. Run 1, Event 83202, LumiSection 833 on stream 0 at 20-Dec-2022 11:52:44.781 CET
Begin processing the 5001st record. Run 1, Event 84202, LumiSection 843 on stream 0 at 20-Dec-2022 11:54:57.365 CET
[2022-12-20 11:56:31.331323 +0100][Error  ][AsyncSock         ] [xrootd.ba.infn.it:1094 #0.0] Socket error while handshaking: [ERROR] Socket timeout
[2022-12-20 11:56:31.331470 +0100][Error  ][PostMaster        ] [xrootd.ba.infn.it:1094 #0] elapsed = 45, pConnectionWindow = 31 seconds.
[2022-12-20 11:57:16.601364 +0100][Error  ][AsyncSock         ] [xrootd.ba.infn.it:1094 #0.0] Socket error while handshaking: [ERROR] Socket timeout
[2022-12-20 11:57:16.601507 +0100][Error  ][PostMaster        ] [xrootd.ba.infn.it:1094 #0] elapsed = 45, pConnectionWindow = 31 seconds.
[2022-12-20 11:57:16.601522 +0100][Error  ][PostMaster        ] [xrootd.ba.infn.it:1094 #0] Unable to recover: [ERROR] Socket timeout.
[2022-12-20 11:57:16.601534 +0100][Error  ][XRootD            ] [xrootd.ba.infn.it:1094] Impossible to send message kXR_open (file: /store/user/alesauva/flashgg/UL2017_4/10_6_4/ZHiggs0PMToGG_M125_TuneCP5_13TeV-JHUGenV7011-pythia8/UL2017_4-10_6_4-v0-RunIISummer19UL17MiniAOD-106X_mc2017_realistic_v6-v2/200720_162909/0000/myMicroAODOutputFile_3.root?tried=stor92.datagrid.cea.fr, mode: 0660, flags: kXR_open_read kXR_async kXR_retstat ). Trying to recover.
Begin processing the 6001st record. Run 1, Event 157201, LumiSection 1573 on stream 0 at 20-Dec-2022 11:57:16.831 CET
Begin processing the 7001st record. Run 1, Event 158202, LumiSection 1583 on stream 0 at 20-Dec-2022 11:59:42.788 CET
[2022-12-20 12:01:35.273335 +0100][Error  ][AsyncSock         ] [xrootd.ba.infn.it:1094 #0.0] Socket error while handshaking: [ERROR] Socket timeout
[2022-12-20 12:01:35.273477 +0100][Error  ][PostMaster        ] [xrootd.ba.infn.it:1094 #0] elapsed = 45, pConnectionWindow = 31 seconds.
Begin processing the 8001st record. Run 1, Event 224606, LumiSection 2247 on stream 0 at 20-Dec-2022 12:02:03.351 CET
[2022-12-20 12:02:20.529367 +0100][Error  ][AsyncSock         ] [xrootd.ba.infn.it:1094 #0.0] Socket error while handshaking: [ERROR] Socket timeout
[2022-12-20 12:02:20.529533 +0100][Error  ][PostMaster        ] [xrootd.ba.infn.it:1094 #0] elapsed = 45, pConnectionWindow = 31 seconds.
[2022-12-20 12:02:20.529555 +0100][Error  ][PostMaster        ] [xrootd.ba.infn.it:1094 #0] Unable to recover: [ERROR] Socket timeout.
[2022-12-20 12:02:20.529569 +0100][Error  ][XRootD            ] [xrootd.ba.infn.it:1094] Impossible to send message kXR_open (file: /store/user/alesauva/flashgg/UL2017_4/10_6_4/ZHiggs0PMToGG_M125_TuneCP5_13TeV-JHUGenV7011-pythia8/UL2017_4-10_6_4-v0-RunIISummer19UL17MiniAOD-106X_mc2017_realistic_v6-v2/200720_162909/0000/myMicroAODOutputFile_3.root?tried=stor92.datagrid.cea.fr, mode: 0660, flags: kXR_open_read kXR_async kXR_retstat ). Trying to recover.
Begin processing the 9001st record. Run 1, Event 225604, LumiSection 2257 on stream 0 at 20-Dec-2022 12:04:25.854 CET
[2022-12-20 12:06:27.067396 +0100][Error  ][AsyncSock         ] [xrootd.ba.infn.it:1094 #0.0] Socket error while handshaking: [ERROR] Socket timeout
[2022-12-20 12:06:27.067524 +0100][Error  ][PostMaster        ] [xrootd.ba.infn.it:1094 #0] elapsed = 45, pConnectionWindow = 31 seconds.
Begin processing the 10001st record. Run 1, Event 491801, LumiSection 4919 on stream 0 at 20-Dec-2022 12:06:39.617 CET
[2022-12-20 12:07:12.517477 +0100][Error  ][AsyncSock         ] [xrootd.ba.infn.it:1094 #0.0] Socket error while handshaking: [ERROR] Socket timeout
[2022-12-20 12:07:12.517622 +0100][Error  ][PostMaster        ] [xrootd.ba.infn.it:1094 #0] elapsed = 45, pConnectionWindow = 31 seconds.
[2022-12-20 12:07:12.517636 +0100][Error  ][PostMaster        ] [xrootd.ba.infn.it:1094 #0] Unable to recover: [ERROR] Socket timeout.
[2022-12-20 12:07:12.517647 +0100][Error  ][XRootD            ] [xrootd.ba.infn.it:1094] Impossible to send message kXR_open (file: /store/user/alesauva/flashgg/UL2017_4/10_6_4/ZHiggs0PMToGG_M125_TuneCP5_13TeV-JHUGenV7011-pythia8/UL2017_4-10_6_4-v0-RunIISummer19UL17MiniAOD-106X_mc2017_realistic_v6-v2/200720_162909/0000/myMicroAODOutputFile_3.root?tried=stor92.datagrid.cea.fr, mode: 0660, flags: kXR_open_read kXR_async kXR_retstat ). Trying to recover.
Begin processing the 11001st record. Run 1, Event 492808, LumiSection 4929 on stream 0 at 20-Dec-2022 12:08:49.131 CET
Begin processing the 12001st record. Run 1, Event 493802, LumiSection 4939 on stream 0 at 20-Dec-2022 12:11:12.392 CET
[2022-12-20 12:11:16.726506 +0100][Error  ][AsyncSock         ] [xrootd.ba.infn.it:1094 #0.0] Socket error while handshaking: [ERROR] Socket timeout
[2022-12-20 12:11:16.726642 +0100][Error  ][PostMaster        ] [xrootd.ba.infn.it:1094 #0] elapsed = 45, pConnectionWindow = 31 seconds.
[2022-12-20 12:12:01.996320 +0100][Error  ][AsyncSock         ] [xrootd.ba.infn.it:1094 #0.0] Socket error while handshaking: [ERROR] Socket timeout
[2022-12-20 12:12:01.996488 +0100][Error  ][PostMaster        ] [xrootd.ba.infn.it:1094 #0] elapsed = 45, pConnectionWindow = 31 seconds.
[2022-12-20 12:12:01.996502 +0100][Error  ][PostMaster        ] [xrootd.ba.infn.it:1094 #0] Unable to recover: [ERROR] Socket timeout.
[2022-12-20 12:12:01.996515 +0100][Error  ][XRootD            ] [xrootd.ba.infn.it:1094] Impossible to send message kXR_open (file: /store/user/alesauva/flashgg/UL2017_4/10_6_4/ZHiggs0PMToGG_M125_TuneCP5_13TeV-JHUGenV7011-pythia8/UL2017_4-10_6_4-v0-RunIISummer19UL17MiniAOD-106X_mc2017_realistic_v6-v2/200720_162909/0000/myMicroAODOutputFile_3.root?tried=stor92.datagrid.cea.fr, mode: 0660, flags: kXR_open_read kXR_async kXR_retstat ). Trying to recover.
Begin processing the 13001st record. Run 1, Event 501609, LumiSection 5017 on stream 0 at 20-Dec-2022 12:13:30.026 CET
Begin processing the 14001st record. Run 1, Event 559806, LumiSection 5599 on stream 0 at 20-Dec-2022 12:15:52.714 CET
[2022-12-20 12:16:16.793356 +0100][Error  ][AsyncSock         ] [xrootd.ba.infn.it:1094 #0.0] Socket error while handshaking: [ERROR] Socket timeout
[2022-12-20 12:16:16.793541 +0100][Error  ][PostMaster        ] [xrootd.ba.infn.it:1094 #0] elapsed = 45, pConnectionWindow = 31 seconds.
[2022-12-20 12:17:01.061297 +0100][Error  ][AsyncSock         ] [xrootd.ba.infn.it:1094 #0.0] Socket error while handshaking: [ERROR] Socket timeout
[2022-12-20 12:17:01.061493 +0100][Error  ][PostMaster        ] [xrootd.ba.infn.it:1094 #0] elapsed = 45, pConnectionWindow = 31 seconds.
[2022-12-20 12:17:01.061511 +0100][Error  ][PostMaster        ] [xrootd.ba.infn.it:1094 #0] Unable to recover: [ERROR] Socket timeout.
[2022-12-20 12:17:01.061523 +0100][Error  ][XRootD            ] [xrootd.ba.infn.it:1094] Impossible to send message kXR_open (file: /store/user/alesauva/flashgg/UL2017_4/10_6_4/ZHiggs0PMToGG_M125_TuneCP5_13TeV-JHUGenV7011-pythia8/UL2017_4-10_6_4-v0-RunIISummer19UL17MiniAOD-106X_mc2017_realistic_v6-v2/200720_162909/0000/myMicroAODOutputFile_3.root?tried=stor92.datagrid.cea.fr, mode: 0660, flags: kXR_open_read kXR_async kXR_retstat ). Trying to recover.
Begin processing the 15001st record. Run 1, Event 706812, LumiSection 7069 on stream 0 at 20-Dec-2022 12:18:14.001 CET
Begin processing the 16001st record. Run 1, Event 522002, LumiSection 5221 on stream 0 at 20-Dec-2022 12:20:37.125 CET
[2022-12-20 12:21:19.084342 +0100][Error  ][AsyncSock         ] [xrootd.ba.infn.it:1094 #0.0] Socket error while handshaking: [ERROR] Socket timeout
[2022-12-20 12:21:19.084499 +0100][Error  ][PostMaster        ] [xrootd.ba.infn.it:1094 #0] elapsed = 46, pConnectionWindow = 31 seconds.
[2022-12-20 12:22:04.327427 +0100][Error  ][AsyncSock         ] [xrootd.ba.infn.it:1094 #0.0] Socket error while handshaking: [ERROR] Socket timeout
[2022-12-20 12:22:04.327602 +0100][Error  ][PostMaster        ] [xrootd.ba.infn.it:1094 #0] elapsed = 45, pConnectionWindow = 31 seconds.
[2022-12-20 12:22:04.327619 +0100][Error  ][PostMaster        ] [xrootd.ba.infn.it:1094 #0] Unable to recover: [ERROR] Socket timeout.
[2022-12-20 12:22:04.327633 +0100][Error  ][XRootD            ] [xrootd.ba.infn.it:1094] Impossible to send message kXR_open (file: /store/user/alesauva/flashgg/UL2017_4/10_6_4/ZHiggs0PMToGG_M125_TuneCP5_13TeV-JHUGenV7011-pythia8/UL2017_4-10_6_4-v0-RunIISummer19UL17MiniAOD-106X_mc2017_realistic_v6-v2/200720_162909/0000/myMicroAODOutputFile_3.root?tried=stor92.datagrid.cea.fr, mode: 0660, flags: kXR_open_read kXR_async kXR_retstat ). Trying to recover.
Begin processing the 17001st record. Run 1, Event 523003, LumiSection 5231 on stream 0 at 20-Dec-2022 12:22:59.791 CET
Begin processing the 18001st record. Run 1, Event 630808, LumiSection 6309 on stream 0 at 20-Dec-2022 12:25:49.181 CET
[2022-12-20 12:26:51.374296 +0100][Error  ][AsyncSock         ] [xrootd.ba.infn.it:1094 #0.0] Socket error while handshaking: [ERROR] Socket timeout
[2022-12-20 12:26:51.374511 +0100][Error  ][PostMaster        ] [xrootd.ba.infn.it:1094 #0] elapsed = 46, pConnectionWindow = 31 seconds.
[2022-12-20 12:27:36.665321 +0100][Error  ][AsyncSock         ] [xrootd.ba.infn.it:1094 #0.0] Socket error while handshaking: [ERROR] Socket timeout
[2022-12-20 12:27:36.665504 +0100][Error  ][PostMaster        ] [xrootd.ba.infn.it:1094 #0] elapsed = 45, pConnectionWindow = 31 seconds.
[2022-12-20 12:27:36.665514 +0100][Error  ][PostMaster        ] [xrootd.ba.infn.it:1094 #0] Unable to recover: [ERROR] Socket timeout.
[2022-12-20 12:27:36.665523 +0100][Error  ][XRootD            ] [xrootd.ba.infn.it:1094] Impossible to send message kXR_open (file: /store/user/alesauva/flashgg/UL2017_4/10_6_4/ZHiggs0PMToGG_M125_TuneCP5_13TeV-JHUGenV7011-pythia8/UL2017_4-10_6_4-v0-RunIISummer19UL17MiniAOD-106X_mc2017_realistic_v6-v2/200720_162909/0000/myMicroAODOutputFile_3.root?tried=stor92.datagrid.cea.fr, mode: 0660, flags: kXR_open_read kXR_async kXR_retstat ). Trying to recover.
Begin processing the 19001st record. Run 1, Event 631806, LumiSection 6319 on stream 0 at 20-Dec-2022 12:28:06.957 CET
Begin processing the 20001st record. Run 1, Event 656310, LumiSection 6564 on stream 0 at 20-Dec-2022 12:30:19.203 CET
[2022-12-20 12:31:38.783481 +0100][Error  ][AsyncSock         ] [xrootd.ba.infn.it:1094 #0.0] Socket error while handshaking: [ERROR] Socket timeout
[2022-12-20 12:31:38.783612 +0100][Error  ][PostMaster        ] [xrootd.ba.infn.it:1094 #0] elapsed = 45, pConnectionWindow = 31 seconds.
[2022-12-20 12:32:24.039326 +0100][Error  ][AsyncSock         ] [xrootd.ba.infn.it:1094 #0.0] Socket error while handshaking: [ERROR] Socket timeout
[2022-12-20 12:32:24.039473 +0100][Error  ][PostMaster        ] [xrootd.ba.infn.it:1094 #0] elapsed = 46, pConnectionWindow = 31 seconds.
[2022-12-20 12:32:24.039487 +0100][Error  ][PostMaster        ] [xrootd.ba.infn.it:1094 #0] Unable to recover: [ERROR] Socket timeout.
[2022-12-20 12:32:24.039499 +0100][Error  ][XRootD            ] [xrootd.ba.infn.it:1094] Impossible to send message kXR_open (file: /store/user/alesauva/flashgg/UL2017_4/10_6_4/ZHiggs0PMToGG_M125_TuneCP5_13TeV-JHUGenV7011-pythia8/UL2017_4-10_6_4-v0-RunIISummer19UL17MiniAOD-106X_mc2017_realistic_v6-v2/200720_162909/0000/myMicroAODOutputFile_3.root?tried=stor92.datagrid.cea.fr, mode: 0660, flags: kXR_open_read kXR_async kXR_retstat ). Trying to recover.
Begin processing the 21001st record. Run 1, Event 657308, LumiSection 6574 on stream 0 at 20-Dec-2022 12:32:36.462 CET
Begin processing the 22001st record. Run 1, Event 688105, LumiSection 6882 on stream 0 at 20-Dec-2022 12:34:57.160 CET
[2022-12-20 12:36:35.377334 +0100][Error  ][AsyncSock         ] [xrootd.ba.infn.it:1094 #0.0] Socket error while handshaking: [ERROR] Socket timeout
[2022-12-20 12:36:35.377488 +0100][Error  ][PostMaster        ] [xrootd.ba.infn.it:1094 #0] elapsed = 45, pConnectionWindow = 31 seconds.
[2022-12-20 12:37:20.662408 +0100][Error  ][AsyncSock         ] [xrootd.ba.infn.it:1094 #0.0] Socket error while handshaking: [ERROR] Socket timeout
[2022-12-20 12:37:20.662587 +0100][Error  ][PostMaster        ] [xrootd.ba.infn.it:1094 #0] elapsed = 45, pConnectionWindow = 31 seconds.
[2022-12-20 12:37:20.662604 +0100][Error  ][PostMaster        ] [xrootd.ba.infn.it:1094 #0] Unable to recover: [ERROR] Socket timeout.
[2022-12-20 12:37:20.662615 +0100][Error  ][XRootD            ] [xrootd.ba.infn.it:1094] Impossible to send message kXR_open (file: /store/user/alesauva/flashgg/UL2017_4/10_6_4/ZHiggs0PMToGG_M125_TuneCP5_13TeV-JHUGenV7011-pythia8/UL2017_4-10_6_4-v0-RunIISummer19UL17MiniAOD-106X_mc2017_realistic_v6-v2/200720_162909/0000/myMicroAODOutputFile_3.root?tried=stor92.datagrid.cea.fr, mode: 0660, flags: kXR_open_read kXR_async kXR_retstat ). Trying to recover.
Begin processing the 23001st record. Run 1, Event 740501, LumiSection 7406 on stream 0 at 20-Dec-2022 12:37:22.664 CET
Begin processing the 24001st record. Run 1, Event 741512, LumiSection 7416 on stream 0 at 20-Dec-2022 12:39:32.934 CET
[2022-12-20 12:41:29.889299 +0100][Error  ][AsyncSock         ] [xrootd.ba.infn.it:1094 #0.0] Socket error while handshaking: [ERROR] Socket timeout
[2022-12-20 12:41:29.889435 +0100][Error  ][PostMaster        ] [xrootd.ba.infn.it:1094 #0] elapsed = 45, pConnectionWindow = 31 seconds.
20-Dec-2022 12:41:57 CET  Closed file root://cms-xrd-global.cern.ch//store/user/alesauva/flashgg/UL2017_4/10_6_4/ZHiggs0PMToGG_M125_TuneCP5_13TeV-JHUGenV7011-pythia8/UL2017_4-10_6_4-v0-RunIISummer19UL17MiniAOD-106X_mc2017_realistic_v6-v2/200720_162909/0000/myMicroAODOutputFile_3.root

TrigReport ---------- Event  Summary ------------
TrigReport Events total = 25000 passed = 24870 failed = 130

TrigReport ---------- Path   Summary ------------
TrigReport  Trig Bit#   Executed     Passed     Failed      Error Name
TrigReport     1    0      25000      24870        130          0 p

TrigReport -------End-Path   Summary ------------
TrigReport  Trig Bit#   Executed     Passed     Failed      Error Name

TrigReport ---------- Modules in Path: p ------------
TrigReport  Trig Bit#    Visited     Passed     Failed      Error Name
TrigReport     1    0      25000      24870        130          0 flashggMetFilters
TrigReport     1    1      24870      24870          0          0 VHFilter
TrigReport     1    2      24870      24870          0          0 flashggDifferentialPhoIdInputsCorrection
TrigReport     1    3      24870      24870          0          0 flashggDiPhotonSystematics
TrigReport     1    4      24870      24870          0          0 flashggMetSystematics
TrigReport     1    5      24870      24870          0          0 flashggMuonSystematics
TrigReport     1    6      24870      24870          0          0 flashggElectronSystematics
TrigReport     1    7      24870      24870          0          0 flashggUnpackedJets
TrigReport     1    8      24870      24870          0          0 flashggJetSystematics0
TrigReport     1    9      24870      24870          0          0 flashggJetSystematics1
TrigReport     1   10      24870      24870          0          0 flashggJetSystematics2
TrigReport     1   11      24870      24870          0          0 flashggJetSystematics3
TrigReport     1   12      24870      24870          0          0 flashggJetSystematics4
TrigReport     1   13      24870      24870          0          0 flashggJetSystematics5
TrigReport     1   14      24870      24870          0          0 flashggJetSystematics6
TrigReport     1   15      24870      24870          0          0 flashggJetSystematics7
TrigReport     1   16      24870      24870          0          0 flashggJetSystematics8
TrigReport     1   17      24870      24870          0          0 flashggJetSystematics9
TrigReport     1   18      24870      24870          0          0 flashggJetSystematics10
TrigReport     1   19      24870      24870          0          0 flashggJetSystematics11
TrigReport     1   20      24870      24870          0          0 flashggPrefireDiPhotons
TrigReport     1   21      24870      24870          0          0 flashggPreselectedDiPhotons
TrigReport     1   22      24870      24870          0          0 flashggDiPhotonMVA
TrigReport     1   23      24870      24870          0          0 flashggVBFMVA
TrigReport     1   24      24870      24870          0          0 flashggVHhadMVA
TrigReport     1   25      24870      24870          0          0 flashggGluGluHMVA
TrigReport     1   26      24870      24870          0          0 flashggStageOneCombinedTag
TrigReport     1   27      24870      24870          0          0 flashggTHQLeptonicTag
TrigReport     1   28      24870      24870          0          0 flashggVHMetTag
TrigReport     1   29      24870      24870          0          0 flashggWHLeptonicTag
TrigReport     1   30      24870      24870          0          0 flashggZHLeptonicTag
TrigReport     1   31      24870      24870          0          0 flashggTTHLeptonicTag
TrigReport     1   32      24870      24870          0          0 flashggTTHHadronicTag
TrigReport     1   33      24870      24870          0          0 flashggTagSorter
TrigReport     1   34      24870      24870          0          0 flashggSystTagMerger
TrigReport     1   35      24870      24870          0          0 tagsDumper

TrigReport ---------- Module Summary ------------
TrigReport    Visited   Executed     Passed     Failed      Error Name
TrigReport      25000      25000      25000          0          0 TriggerResults
TrigReport      24870      24870      24870          0          0 VHFilter
TrigReport      24870      24870      24870          0          0 ak4PFCHSL1FastL2L3Corrector
TrigReport      24870      24870      24870          0          0 ak4PFCHSL1FastjetCorrector
TrigReport      24870      24870      24870          0          0 ak4PFCHSL2RelativeCorrector
TrigReport      24870      24870      24870          0          0 ak4PFCHSL3AbsoluteCorrector
TrigReport      24870      24870      24870          0          0 flashggDiPhotonMVA
TrigReport      24870      24870      24870          0          0 flashggDiPhotonSystematics
TrigReport      24870      24870      24870          0          0 flashggDifferentialPhoIdInputsCorrection
TrigReport      24870      24870      24870          0          0 flashggElectronSystematics
TrigReport      24870      24870      24870          0          0 flashggGluGluHMVA
TrigReport      24870      24870      24870          0          0 flashggJetSystematics0
TrigReport      24870      24870      24870          0          0 flashggJetSystematics1
TrigReport      24870      24870      24870          0          0 flashggJetSystematics10
TrigReport      24870      24870      24870          0          0 flashggJetSystematics11
TrigReport      24870      24870      24870          0          0 flashggJetSystematics2
TrigReport      24870      24870      24870          0          0 flashggJetSystematics3
TrigReport      24870      24870      24870          0          0 flashggJetSystematics4
TrigReport      24870      24870      24870          0          0 flashggJetSystematics5
TrigReport      24870      24870      24870          0          0 flashggJetSystematics6
TrigReport      24870      24870      24870          0          0 flashggJetSystematics7
TrigReport      24870      24870      24870          0          0 flashggJetSystematics8
TrigReport      24870      24870      24870          0          0 flashggJetSystematics9
TrigReport      25000      25000      24870        130          0 flashggMetFilters
TrigReport      24870      24870      24870          0          0 flashggMetSystematics
TrigReport      24870      24870      24870          0          0 flashggMuonSystematics
TrigReport      24870      24870      24870          0          0 flashggPrefireDiPhotons
TrigReport      24870      24870      24870          0          0 flashggPreselectedDiPhotons
TrigReport      24870      24870      24870          0          0 flashggStageOneCombinedTag
TrigReport      24870      24870      24870          0          0 flashggSystTagMerger
TrigReport      24870      24870      24870          0          0 flashggTHQLeptonicTag
TrigReport      24870      24870      24870          0          0 flashggTTHHadronicTag
TrigReport      24870      24870      24870          0          0 flashggTTHLeptonicTag
TrigReport      24870      24870      24870          0          0 flashggTagSorter
TrigReport      24870      24870      24870          0          0 flashggUnpackedJets
TrigReport      24870      24870      24870          0          0 flashggVBFMVA
TrigReport      24870      24870      24870          0          0 flashggVHMetTag
TrigReport      24870      24870      24870          0          0 flashggVHhadMVA
TrigReport      24870      24870      24870          0          0 flashggWHLeptonicTag
TrigReport      24870      24870      24870          0          0 flashggZHLeptonicTag
TrigReport      25000      25000      25000          0          0 p
TrigReport      24870      24870      24870          0          0 tagsDumper

TimeReport ---------- Event  Summary ---[sec]----
TimeReport       event loop CPU/event = 0.144083
TimeReport      event loop Real/event = 0.149117
TimeReport     sum Streams Real/event = 0.144701
TimeReport efficiency CPU/Real/thread = 0.966239

TimeReport ---------- Path   Summary ---[Real sec]----
TimeReport  per event     per exec  Name
TimeReport   0.144130     0.144130  p
TimeReport  per event     per exec  Name

TimeReport -------End-Path   Summary ---[Real sec]----
TimeReport  per event     per exec  Name
TimeReport  per event     per exec  Name

TimeReport ---------- Modules in Path: p ---[Real sec]----
TimeReport  per event    per visit  Name
TimeReport   0.000020     0.000020  flashggMetFilters
TimeReport   0.000007     0.000007  VHFilter
TimeReport   0.077809     0.078215  flashggDifferentialPhoIdInputsCorrection
TimeReport   0.046996     0.047241  flashggDiPhotonSystematics
TimeReport   0.000215     0.000216  flashggMetSystematics
TimeReport   0.000027     0.000027  flashggMuonSystematics
TimeReport   0.000043     0.000043  flashggElectronSystematics
TimeReport   0.000263     0.000265  flashggUnpackedJets
TimeReport   0.004779     0.004804  flashggJetSystematics0
TimeReport   0.000713     0.000716  flashggJetSystematics1
TimeReport   0.000627     0.000630  flashggJetSystematics2
TimeReport   0.000605     0.000608  flashggJetSystematics3
TimeReport   0.000594     0.000597  flashggJetSystematics4
TimeReport   0.000584     0.000587  flashggJetSystematics5
TimeReport   0.000580     0.000583  flashggJetSystematics6
TimeReport   0.000579     0.000582  flashggJetSystematics7
TimeReport   0.000578     0.000581  flashggJetSystematics8
TimeReport   0.000576     0.000579  flashggJetSystematics9
TimeReport   0.000578     0.000581  flashggJetSystematics10
TimeReport   0.000573     0.000576  flashggJetSystematics11
TimeReport   0.000324     0.000325  flashggPrefireDiPhotons
TimeReport   0.000128     0.000129  flashggPreselectedDiPhotons
TimeReport   0.000034     0.000035  flashggDiPhotonMVA
TimeReport   0.000030     0.000031  flashggVBFMVA
TimeReport   0.000019     0.000019  flashggVHhadMVA
TimeReport   0.000055     0.000055  flashggGluGluHMVA
TimeReport   0.000033     0.000033  flashggStageOneCombinedTag
TimeReport   0.001290     0.001297  flashggTHQLeptonicTag
TimeReport   0.000350     0.000352  flashggVHMetTag
TimeReport   0.000028     0.000028  flashggWHLeptonicTag
TimeReport   0.000023     0.000023  flashggZHLeptonicTag
TimeReport   0.000068     0.000069  flashggTTHLeptonicTag
TimeReport   0.001404     0.001411  flashggTTHHadronicTag
TimeReport   0.000095     0.000096  flashggTagSorter
TimeReport   0.000004     0.000004  flashggSystTagMerger
TimeReport   0.000529     0.000531  tagsDumper
TimeReport  per event    per visit  Name

TimeReport ---------- Module Summary ---[Real sec]----
TimeReport  per event     per exec    per visit  Name
TimeReport   0.000003     0.000003     0.000003  TriggerResults
TimeReport   0.000007     0.000007     0.000007  VHFilter
TimeReport   0.000004     0.000004     0.000004  ak4PFCHSL1FastL2L3Corrector
TimeReport   0.000004     0.000004     0.000004  ak4PFCHSL1FastjetCorrector
TimeReport   0.000002     0.000002     0.000002  ak4PFCHSL2RelativeCorrector
TimeReport   0.000015     0.000015     0.000015  ak4PFCHSL3AbsoluteCorrector
TimeReport   0.000034     0.000035     0.000035  flashggDiPhotonMVA
TimeReport   0.046996     0.047241     0.047241  flashggDiPhotonSystematics
TimeReport   0.077809     0.078215     0.078215  flashggDifferentialPhoIdInputsCorrection
TimeReport   0.000043     0.000043     0.000043  flashggElectronSystematics
TimeReport   0.000055     0.000055     0.000055  flashggGluGluHMVA
TimeReport   0.004779     0.004804     0.004804  flashggJetSystematics0
TimeReport   0.000713     0.000716     0.000716  flashggJetSystematics1
TimeReport   0.000578     0.000581     0.000581  flashggJetSystematics10
TimeReport   0.000573     0.000576     0.000576  flashggJetSystematics11
TimeReport   0.000627     0.000630     0.000630  flashggJetSystematics2
TimeReport   0.000605     0.000608     0.000608  flashggJetSystematics3
TimeReport   0.000594     0.000597     0.000597  flashggJetSystematics4
TimeReport   0.000584     0.000587     0.000587  flashggJetSystematics5
TimeReport   0.000580     0.000583     0.000583  flashggJetSystematics6
TimeReport   0.000579     0.000582     0.000582  flashggJetSystematics7
TimeReport   0.000578     0.000581     0.000581  flashggJetSystematics8
TimeReport   0.000576     0.000579     0.000579  flashggJetSystematics9
TimeReport   0.000020     0.000020     0.000020  flashggMetFilters
TimeReport   0.000215     0.000216     0.000216  flashggMetSystematics
TimeReport   0.000027     0.000027     0.000027  flashggMuonSystematics
TimeReport   0.000324     0.000325     0.000325  flashggPrefireDiPhotons
TimeReport   0.000128     0.000129     0.000129  flashggPreselectedDiPhotons
TimeReport   0.000033     0.000033     0.000033  flashggStageOneCombinedTag
TimeReport   0.000004     0.000004     0.000004  flashggSystTagMerger
TimeReport   0.001290     0.001297     0.001297  flashggTHQLeptonicTag
TimeReport   0.001404     0.001411     0.001411  flashggTTHHadronicTag
TimeReport   0.000068     0.000069     0.000069  flashggTTHLeptonicTag
TimeReport   0.000095     0.000096     0.000096  flashggTagSorter
TimeReport   0.000263     0.000265     0.000265  flashggUnpackedJets
TimeReport   0.000030     0.000031     0.000031  flashggVBFMVA
TimeReport   0.000350     0.000352     0.000352  flashggVHMetTag
TimeReport   0.000019     0.000019     0.000019  flashggVHhadMVA
TimeReport   0.000028     0.000028     0.000028  flashggWHLeptonicTag
TimeReport   0.000023     0.000023     0.000023  flashggZHLeptonicTag
TimeReport   0.000003     0.000003     0.000003  p
TimeReport   0.000529     0.000531     0.000531  tagsDumper
TimeReport  per event     per exec    per visit  Name

T---Report end!


=============================================

MessageLogger Summary

 type     category        sev    module        subroutine        count    total
 ---- -------------------- -- ---------------- ----------------  -----    -----
    1 XrdAdaptor           -w file_open                              1        1
    2 fileAction           -s file_close                             1        1
    3 fileAction           -s file_open                              2        2

 type    category    Examples: run/evt        run/evt          run/evt
 ---- -------------------- ---------------- ---------------- ----------------
    1 XrdAdaptor           pre-events                        
    2 fileAction           PostGlobalEndRun                  
    3 fileAction           pre-events       pre-events       

Severity    # Occurrences   Total Occurrences
--------    -------------   -----------------
Warning                 1                   1
System                  3                   3

dropped waiting message count 0
