mkdir: cannot create directory '/afs/cern.ch/user/x/xisu/private/local/Analysis_workspace/VH_AC_tmp1/flashgg_d2/CMSSW_10_6_29/src/flashgg/VHAC_Analysis_Met/UL_17/UL_17_zh125': File exists
/cvmfs/cms.cern.ch/slc7_amd64_gcc700/external/py2-requests/2.21.0-pafccj2/lib/python2.7/site-packages/requests/__init__.py:91: RequestsDependencyWarning: urllib3 (1.25.2) or chardet (3.0.4) doesn't match a supported version!
  RequestsDependencyWarning)
20-Dec-2022 11:11:15 CET  Initiating request to open file root://cms-xrd-global.cern.ch//store/user/alesauva/flashgg/UL2017_4/10_6_4/ZHiggs0MToGG_M125_TuneCP5_13TeV-JHUGenV7011-pythia8/UL2017_4-10_6_4-v0-RunIISummer19UL17MiniAOD-106X_mc2017_realistic_v6-v2/200720_162208/0000/myMicroAODOutputFile_26.root
%MSG-w XrdAdaptor:  file_open 20-Dec-2022 11:11:18 CET pre-events
Data is served from GRIF-IRFU instead of original site CERN-CMSGLOBAL-02
%MSG
20-Dec-2022 11:11:19 CET  Successfully opened file root://cms-xrd-global.cern.ch//store/user/alesauva/flashgg/UL2017_4/10_6_4/ZHiggs0MToGG_M125_TuneCP5_13TeV-JHUGenV7011-pythia8/UL2017_4-10_6_4-v0-RunIISummer19UL17MiniAOD-106X_mc2017_realistic_v6-v2/200720_162208/0000/myMicroAODOutputFile_26.root
2022-12-20 11:25:16.231339: I tensorflow/core/platform/cpu_feature_guard.cc:140] Your CPU supports instructions that this TensorFlow binary was not compiled to use: SSE4.1 SSE4.2 AVX AVX2 FMA
Begin processing the 1st record. Run 1, Event 446305, LumiSection 4464 on stream 0 at 20-Dec-2022 11:26:04.899 CET
[2022-12-20 11:26:48.127574 +0100][Error  ][AsyncSock         ] [xrootd.ba.infn.it:1094 #0.0] Socket error while handshaking: [ERROR] Socket timeout
[2022-12-20 11:26:48.127812 +0100][Error  ][PostMaster        ] [xrootd.ba.infn.it:1094 #0] elapsed = 46, pConnectionWindow = 31 seconds.
[2022-12-20 11:27:33.379379 +0100][Error  ][AsyncSock         ] [xrootd.ba.infn.it:1094 #0.0] Socket error while handshaking: [ERROR] Socket timeout
[2022-12-20 11:27:33.379515 +0100][Error  ][PostMaster        ] [xrootd.ba.infn.it:1094 #0] elapsed = 45, pConnectionWindow = 31 seconds.
[2022-12-20 11:27:33.379545 +0100][Error  ][PostMaster        ] [xrootd.ba.infn.it:1094 #0] Unable to recover: [ERROR] Socket timeout.
[2022-12-20 11:27:33.379571 +0100][Error  ][XRootD            ] [xrootd.ba.infn.it:1094] Impossible to send message kXR_open (file: /store/user/alesauva/flashgg/UL2017_4/10_6_4/ZHiggs0MToGG_M125_TuneCP5_13TeV-JHUGenV7011-pythia8/UL2017_4-10_6_4-v0-RunIISummer19UL17MiniAOD-106X_mc2017_realistic_v6-v2/200720_162208/0000/myMicroAODOutputFile_26.root?tried=stor90.datagrid.cea.fr, mode: 0660, flags: kXR_open_read kXR_async kXR_retstat ). Trying to recover.
[2022-12-20 11:28:24.167568 +0100][Error  ][AsyncSock         ] [xrootd-cms.infn.it:1094 #0.0] Socket error while handshaking: [ERROR] Socket timeout
[2022-12-20 11:28:24.167735 +0100][Error  ][PostMaster        ] [xrootd-cms.infn.it:1094 #0] elapsed = 46, pConnectionWindow = 31 seconds.
Begin processing the 1001st record. Run 1, Event 501901, LumiSection 5020 on stream 0 at 20-Dec-2022 11:30:49.316 CET
Begin processing the 2001st record. Run 1, Event 505602, LumiSection 5057 on stream 0 at 20-Dec-2022 11:33:05.533 CET
[2022-12-20 11:33:05.661302 +0100][Error  ][AsyncSock         ] [xrootd.ba.infn.it:1094 #0.0] Socket error while handshaking: [ERROR] Socket timeout
[2022-12-20 11:33:05.661504 +0100][Error  ][PostMaster        ] [xrootd.ba.infn.it:1094 #0] elapsed = 45, pConnectionWindow = 31 seconds.
[2022-12-20 11:33:50.929882 +0100][Error  ][AsyncSock         ] [xrootd.ba.infn.it:1094 #0.0] Socket error while handshaking: [ERROR] Socket timeout
[2022-12-20 11:33:50.930081 +0100][Error  ][PostMaster        ] [xrootd.ba.infn.it:1094 #0] elapsed = 45, pConnectionWindow = 31 seconds.
[2022-12-20 11:33:50.930097 +0100][Error  ][PostMaster        ] [xrootd.ba.infn.it:1094 #0] Unable to recover: [ERROR] Socket timeout.
[2022-12-20 11:33:50.930106 +0100][Error  ][XRootD            ] [xrootd.ba.infn.it:1094] Impossible to send message kXR_open (file: /store/user/alesauva/flashgg/UL2017_4/10_6_4/ZHiggs0MToGG_M125_TuneCP5_13TeV-JHUGenV7011-pythia8/UL2017_4-10_6_4-v0-RunIISummer19UL17MiniAOD-106X_mc2017_realistic_v6-v2/200720_162208/0000/myMicroAODOutputFile_26.root?tried=stor90.datagrid.cea.fr, mode: 0660, flags: kXR_open_read kXR_async kXR_retstat ). Trying to recover.
Begin processing the 3001st record. Run 1, Event 506603, LumiSection 5067 on stream 0 at 20-Dec-2022 11:35:29.669 CET
Begin processing the 4001st record. Run 1, Event 220010, LumiSection 2201 on stream 0 at 20-Dec-2022 11:37:32.639 CET
Begin processing the 5001st record. Run 1, Event 221002, LumiSection 2211 on stream 0 at 20-Dec-2022 11:39:41.821 CET
[2022-12-20 11:39:57.601340 +0100][Error  ][AsyncSock         ] [xrootd.ba.infn.it:1094 #0.0] Socket error while handshaking: [ERROR] Socket timeout
[2022-12-20 11:39:57.601517 +0100][Error  ][PostMaster        ] [xrootd.ba.infn.it:1094 #0] elapsed = 45, pConnectionWindow = 31 seconds.
[2022-12-20 11:40:42.852305 +0100][Error  ][AsyncSock         ] [xrootd.ba.infn.it:1094 #0.0] Socket error while handshaking: [ERROR] Socket timeout
[2022-12-20 11:40:42.852530 +0100][Error  ][PostMaster        ] [xrootd.ba.infn.it:1094 #0] elapsed = 45, pConnectionWindow = 31 seconds.
[2022-12-20 11:40:42.852542 +0100][Error  ][PostMaster        ] [xrootd.ba.infn.it:1094 #0] Unable to recover: [ERROR] Socket timeout.
[2022-12-20 11:40:42.852552 +0100][Error  ][XRootD            ] [xrootd.ba.infn.it:1094] Impossible to send message kXR_open (file: /store/user/alesauva/flashgg/UL2017_4/10_6_4/ZHiggs0MToGG_M125_TuneCP5_13TeV-JHUGenV7011-pythia8/UL2017_4-10_6_4-v0-RunIISummer19UL17MiniAOD-106X_mc2017_realistic_v6-v2/200720_162208/0000/myMicroAODOutputFile_26.root?tried=stor90.datagrid.cea.fr, mode: 0660, flags: kXR_open_read kXR_async kXR_retstat ). Trying to recover.
Begin processing the 6001st record. Run 1, Event 222012, LumiSection 2221 on stream 0 at 20-Dec-2022 11:41:50.347 CET
Begin processing the 7001st record. Run 1, Event 232310, LumiSection 2324 on stream 0 at 20-Dec-2022 11:44:04.589 CET
Begin processing the 8001st record. Run 1, Event 486604, LumiSection 4867 on stream 0 at 20-Dec-2022 11:46:16.002 CET
[2022-12-20 11:48:30.526372 +0100][Error  ][AsyncSock         ] [xrootd.ba.infn.it:1094 #0.0] Socket error while handshaking: [ERROR] Socket timeout
[2022-12-20 11:48:30.526545 +0100][Error  ][PostMaster        ] [xrootd.ba.infn.it:1094 #0] elapsed = 45, pConnectionWindow = 31 seconds.
Begin processing the 9001st record. Run 1, Event 487604, LumiSection 4877 on stream 0 at 20-Dec-2022 11:48:30.756 CET
[2022-12-20 11:49:15.783322 +0100][Error  ][AsyncSock         ] [xrootd.ba.infn.it:1094 #0.0] Socket error while handshaking: [ERROR] Socket timeout
[2022-12-20 11:49:15.783502 +0100][Error  ][PostMaster        ] [xrootd.ba.infn.it:1094 #0] elapsed = 45, pConnectionWindow = 31 seconds.
[2022-12-20 11:49:15.783514 +0100][Error  ][PostMaster        ] [xrootd.ba.infn.it:1094 #0] Unable to recover: [ERROR] Socket timeout.
[2022-12-20 11:49:15.783523 +0100][Error  ][XRootD            ] [xrootd.ba.infn.it:1094] Impossible to send message kXR_open (file: /store/user/alesauva/flashgg/UL2017_4/10_6_4/ZHiggs0MToGG_M125_TuneCP5_13TeV-JHUGenV7011-pythia8/UL2017_4-10_6_4-v0-RunIISummer19UL17MiniAOD-106X_mc2017_realistic_v6-v2/200720_162208/0000/myMicroAODOutputFile_26.root?tried=stor90.datagrid.cea.fr, mode: 0660, flags: kXR_open_read kXR_async kXR_retstat ). Trying to recover.
Begin processing the 10001st record. Run 1, Event 233303, LumiSection 2334 on stream 0 at 20-Dec-2022 11:50:56.464 CET
Begin processing the 11001st record. Run 1, Event 307301, LumiSection 3074 on stream 0 at 20-Dec-2022 11:53:02.861 CET
Begin processing the 12001st record. Run 1, Event 313709, LumiSection 3138 on stream 0 at 20-Dec-2022 11:55:18.292 CET
[2022-12-20 11:57:09.756564 +0100][Error  ][AsyncSock         ] [xrootd.ba.infn.it:1094 #0.0] Socket error while handshaking: [ERROR] Socket timeout
[2022-12-20 11:57:09.756752 +0100][Error  ][PostMaster        ] [xrootd.ba.infn.it:1094 #0] elapsed = 45, pConnectionWindow = 31 seconds.
Begin processing the 13001st record. Run 1, Event 314710, LumiSection 3148 on stream 0 at 20-Dec-2022 11:57:37.970 CET
[2022-12-20 11:57:55.014340 +0100][Error  ][AsyncSock         ] [xrootd.ba.infn.it:1094 #0.0] Socket error while handshaking: [ERROR] Socket timeout
[2022-12-20 11:57:55.014483 +0100][Error  ][PostMaster        ] [xrootd.ba.infn.it:1094 #0] elapsed = 46, pConnectionWindow = 31 seconds.
[2022-12-20 11:57:55.014494 +0100][Error  ][PostMaster        ] [xrootd.ba.infn.it:1094 #0] Unable to recover: [ERROR] Socket timeout.
[2022-12-20 11:57:55.014505 +0100][Error  ][XRootD            ] [xrootd.ba.infn.it:1094] Impossible to send message kXR_open (file: /store/user/alesauva/flashgg/UL2017_4/10_6_4/ZHiggs0MToGG_M125_TuneCP5_13TeV-JHUGenV7011-pythia8/UL2017_4-10_6_4-v0-RunIISummer19UL17MiniAOD-106X_mc2017_realistic_v6-v2/200720_162208/0000/myMicroAODOutputFile_26.root?tried=stor90.datagrid.cea.fr, mode: 0660, flags: kXR_open_read kXR_async kXR_retstat ). Trying to recover.
Begin processing the 14001st record. Run 1, Event 315707, LumiSection 3158 on stream 0 at 20-Dec-2022 11:59:51.139 CET
Begin processing the 15001st record. Run 1, Event 481403, LumiSection 4815 on stream 0 at 20-Dec-2022 12:02:12.703 CET
Begin processing the 16001st record. Run 1, Event 482401, LumiSection 4825 on stream 0 at 20-Dec-2022 12:04:18.762 CET
[2022-12-20 12:05:47.976341 +0100][Error  ][AsyncSock         ] [xrootd.ba.infn.it:1094 #0.0] Socket error while handshaking: [ERROR] Socket timeout
[2022-12-20 12:05:47.976510 +0100][Error  ][PostMaster        ] [xrootd.ba.infn.it:1094 #0] elapsed = 45, pConnectionWindow = 31 seconds.
Begin processing the 17001st record. Run 1, Event 483403, LumiSection 4835 on stream 0 at 20-Dec-2022 12:06:30.000 CET
[2022-12-20 12:06:32.217334 +0100][Error  ][AsyncSock         ] [xrootd.ba.infn.it:1094 #0.0] Socket error while handshaking: [ERROR] Socket timeout
[2022-12-20 12:06:32.217471 +0100][Error  ][PostMaster        ] [xrootd.ba.infn.it:1094 #0] elapsed = 45, pConnectionWindow = 31 seconds.
[2022-12-20 12:06:32.217490 +0100][Error  ][PostMaster        ] [xrootd.ba.infn.it:1094 #0] Unable to recover: [ERROR] Socket timeout.
[2022-12-20 12:06:32.217502 +0100][Error  ][XRootD            ] [xrootd.ba.infn.it:1094] Impossible to send message kXR_open (file: /store/user/alesauva/flashgg/UL2017_4/10_6_4/ZHiggs0MToGG_M125_TuneCP5_13TeV-JHUGenV7011-pythia8/UL2017_4-10_6_4-v0-RunIISummer19UL17MiniAOD-106X_mc2017_realistic_v6-v2/200720_162208/0000/myMicroAODOutputFile_26.root?tried=stor90.datagrid.cea.fr, mode: 0660, flags: kXR_open_read kXR_async kXR_retstat ). Trying to recover.
Begin processing the 18001st record. Run 1, Event 484408, LumiSection 4845 on stream 0 at 20-Dec-2022 12:08:50.182 CET
Begin processing the 19001st record. Run 1, Event 485404, LumiSection 4855 on stream 0 at 20-Dec-2022 12:10:57.118 CET
Begin processing the 20001st record. Run 1, Event 523603, LumiSection 5237 on stream 0 at 20-Dec-2022 12:12:52.146 CET
Begin processing the 21001st record. Run 1, Event 524606, LumiSection 5247 on stream 0 at 20-Dec-2022 12:14:47.348 CET
[2022-12-20 12:15:45.721303 +0100][Error  ][AsyncSock         ] [xrootd.ba.infn.it:1094 #0.0] Socket error while handshaking: [ERROR] Socket timeout
[2022-12-20 12:15:45.721407 +0100][Error  ][PostMaster        ] [xrootd.ba.infn.it:1094 #0] elapsed = 45, pConnectionWindow = 31 seconds.
[2022-12-20 12:16:31.149308 +0100][Error  ][AsyncSock         ] [xrootd.ba.infn.it:1094 #0.0] Socket error while handshaking: [ERROR] Socket timeout
[2022-12-20 12:16:31.149450 +0100][Error  ][PostMaster        ] [xrootd.ba.infn.it:1094 #0] elapsed = 46, pConnectionWindow = 31 seconds.
[2022-12-20 12:16:31.149461 +0100][Error  ][PostMaster        ] [xrootd.ba.infn.it:1094 #0] Unable to recover: [ERROR] Socket timeout.
[2022-12-20 12:16:31.149470 +0100][Error  ][XRootD            ] [xrootd.ba.infn.it:1094] Impossible to send message kXR_open (file: /store/user/alesauva/flashgg/UL2017_4/10_6_4/ZHiggs0MToGG_M125_TuneCP5_13TeV-JHUGenV7011-pythia8/UL2017_4-10_6_4-v0-RunIISummer19UL17MiniAOD-106X_mc2017_realistic_v6-v2/200720_162208/0000/myMicroAODOutputFile_26.root?tried=stor90.datagrid.cea.fr, mode: 0660, flags: kXR_open_read kXR_async kXR_retstat ). Trying to recover.
Begin processing the 22001st record. Run 1, Event 525603, LumiSection 5257 on stream 0 at 20-Dec-2022 12:16:33.675 CET
Begin processing the 23001st record. Run 1, Event 526609, LumiSection 5267 on stream 0 at 20-Dec-2022 12:18:19.921 CET
Begin processing the 24001st record. Run 1, Event 527602, LumiSection 5277 on stream 0 at 20-Dec-2022 12:20:08.408 CET
[2022-12-20 12:20:53.629431 +0100][Error  ][AsyncSock         ] [xrootd.ba.infn.it:1094 #0.0] Socket error while handshaking: [ERROR] Socket timeout
[2022-12-20 12:20:53.629591 +0100][Error  ][PostMaster        ] [xrootd.ba.infn.it:1094 #0] elapsed = 45, pConnectionWindow = 31 seconds.
[2022-12-20 12:21:38.877376 +0100][Error  ][AsyncSock         ] [xrootd.ba.infn.it:1094 #0.0] Socket error while handshaking: [ERROR] Socket timeout
[2022-12-20 12:21:38.877517 +0100][Error  ][PostMaster        ] [xrootd.ba.infn.it:1094 #0] elapsed = 45, pConnectionWindow = 31 seconds.
[2022-12-20 12:21:38.877531 +0100][Error  ][PostMaster        ] [xrootd.ba.infn.it:1094 #0] Unable to recover: [ERROR] Socket timeout.
[2022-12-20 12:21:38.877541 +0100][Error  ][XRootD            ] [xrootd.ba.infn.it:1094] Impossible to send message kXR_open (file: /store/user/alesauva/flashgg/UL2017_4/10_6_4/ZHiggs0MToGG_M125_TuneCP5_13TeV-JHUGenV7011-pythia8/UL2017_4-10_6_4-v0-RunIISummer19UL17MiniAOD-106X_mc2017_realistic_v6-v2/200720_162208/0000/myMicroAODOutputFile_26.root?tried=stor90.datagrid.cea.fr, mode: 0660, flags: kXR_open_read kXR_async kXR_retstat ). Trying to recover.
20-Dec-2022 12:21:53 CET  Closed file root://cms-xrd-global.cern.ch//store/user/alesauva/flashgg/UL2017_4/10_6_4/ZHiggs0MToGG_M125_TuneCP5_13TeV-JHUGenV7011-pythia8/UL2017_4-10_6_4-v0-RunIISummer19UL17MiniAOD-106X_mc2017_realistic_v6-v2/200720_162208/0000/myMicroAODOutputFile_26.root

TrigReport ---------- Event  Summary ------------
TrigReport Events total = 25000 passed = 24818 failed = 182

TrigReport ---------- Path   Summary ------------
TrigReport  Trig Bit#   Executed     Passed     Failed      Error Name
TrigReport     1    0      25000      24818        182          0 p

TrigReport -------End-Path   Summary ------------
TrigReport  Trig Bit#   Executed     Passed     Failed      Error Name

TrigReport ---------- Modules in Path: p ------------
TrigReport  Trig Bit#    Visited     Passed     Failed      Error Name
TrigReport     1    0      25000      24818        182          0 flashggMetFilters
TrigReport     1    1      24818      24818          0          0 VHFilter
TrigReport     1    2      24818      24818          0          0 flashggDifferentialPhoIdInputsCorrection
TrigReport     1    3      24818      24818          0          0 flashggDiPhotonSystematics
TrigReport     1    4      24818      24818          0          0 flashggMetSystematics
TrigReport     1    5      24818      24818          0          0 flashggMuonSystematics
TrigReport     1    6      24818      24818          0          0 flashggElectronSystematics
TrigReport     1    7      24818      24818          0          0 flashggUnpackedJets
TrigReport     1    8      24818      24818          0          0 flashggJetSystematics0
TrigReport     1    9      24818      24818          0          0 flashggJetSystematics1
TrigReport     1   10      24818      24818          0          0 flashggJetSystematics2
TrigReport     1   11      24818      24818          0          0 flashggJetSystematics3
TrigReport     1   12      24818      24818          0          0 flashggJetSystematics4
TrigReport     1   13      24818      24818          0          0 flashggJetSystematics5
TrigReport     1   14      24818      24818          0          0 flashggJetSystematics6
TrigReport     1   15      24818      24818          0          0 flashggJetSystematics7
TrigReport     1   16      24818      24818          0          0 flashggJetSystematics8
TrigReport     1   17      24818      24818          0          0 flashggJetSystematics9
TrigReport     1   18      24818      24818          0          0 flashggJetSystematics10
TrigReport     1   19      24818      24818          0          0 flashggJetSystematics11
TrigReport     1   20      24818      24818          0          0 flashggPrefireDiPhotons
TrigReport     1   21      24818      24818          0          0 flashggPreselectedDiPhotons
TrigReport     1   22      24818      24818          0          0 flashggDiPhotonMVA
TrigReport     1   23      24818      24818          0          0 flashggVBFMVA
TrigReport     1   24      24818      24818          0          0 flashggVHhadMVA
TrigReport     1   25      24818      24818          0          0 flashggGluGluHMVA
TrigReport     1   26      24818      24818          0          0 flashggStageOneCombinedTag
TrigReport     1   27      24818      24818          0          0 flashggTHQLeptonicTag
TrigReport     1   28      24818      24818          0          0 flashggVHMetTag
TrigReport     1   29      24818      24818          0          0 flashggWHLeptonicTag
TrigReport     1   30      24818      24818          0          0 flashggZHLeptonicTag
TrigReport     1   31      24818      24818          0          0 flashggTTHLeptonicTag
TrigReport     1   32      24818      24818          0          0 flashggTTHHadronicTag
TrigReport     1   33      24818      24818          0          0 flashggTagSorter
TrigReport     1   34      24818      24818          0          0 flashggSystTagMerger
TrigReport     1   35      24818      24818          0          0 tagsDumper

TrigReport ---------- Module Summary ------------
TrigReport    Visited   Executed     Passed     Failed      Error Name
TrigReport      25000      25000      25000          0          0 TriggerResults
TrigReport      24818      24818      24818          0          0 VHFilter
TrigReport      24818      24818      24818          0          0 ak4PFCHSL1FastL2L3Corrector
TrigReport      24818      24818      24818          0          0 ak4PFCHSL1FastjetCorrector
TrigReport      24818      24818      24818          0          0 ak4PFCHSL2RelativeCorrector
TrigReport      24818      24818      24818          0          0 ak4PFCHSL3AbsoluteCorrector
TrigReport      24818      24818      24818          0          0 flashggDiPhotonMVA
TrigReport      24818      24818      24818          0          0 flashggDiPhotonSystematics
TrigReport      24818      24818      24818          0          0 flashggDifferentialPhoIdInputsCorrection
TrigReport      24818      24818      24818          0          0 flashggElectronSystematics
TrigReport      24818      24818      24818          0          0 flashggGluGluHMVA
TrigReport      24818      24818      24818          0          0 flashggJetSystematics0
TrigReport      24818      24818      24818          0          0 flashggJetSystematics1
TrigReport      24818      24818      24818          0          0 flashggJetSystematics10
TrigReport      24818      24818      24818          0          0 flashggJetSystematics11
TrigReport      24818      24818      24818          0          0 flashggJetSystematics2
TrigReport      24818      24818      24818          0          0 flashggJetSystematics3
TrigReport      24818      24818      24818          0          0 flashggJetSystematics4
TrigReport      24818      24818      24818          0          0 flashggJetSystematics5
TrigReport      24818      24818      24818          0          0 flashggJetSystematics6
TrigReport      24818      24818      24818          0          0 flashggJetSystematics7
TrigReport      24818      24818      24818          0          0 flashggJetSystematics8
TrigReport      24818      24818      24818          0          0 flashggJetSystematics9
TrigReport      25000      25000      24818        182          0 flashggMetFilters
TrigReport      24818      24818      24818          0          0 flashggMetSystematics
TrigReport      24818      24818      24818          0          0 flashggMuonSystematics
TrigReport      24818      24818      24818          0          0 flashggPrefireDiPhotons
TrigReport      24818      24818      24818          0          0 flashggPreselectedDiPhotons
TrigReport      24818      24818      24818          0          0 flashggStageOneCombinedTag
TrigReport      24818      24818      24818          0          0 flashggSystTagMerger
TrigReport      24818      24818      24818          0          0 flashggTHQLeptonicTag
TrigReport      24818      24818      24818          0          0 flashggTTHHadronicTag
TrigReport      24818      24818      24818          0          0 flashggTTHLeptonicTag
TrigReport      24818      24818      24818          0          0 flashggTagSorter
TrigReport      24818      24818      24818          0          0 flashggUnpackedJets
TrigReport      24818      24818      24818          0          0 flashggVBFMVA
TrigReport      24818      24818      24818          0          0 flashggVHMetTag
TrigReport      24818      24818      24818          0          0 flashggVHhadMVA
TrigReport      24818      24818      24818          0          0 flashggWHLeptonicTag
TrigReport      24818      24818      24818          0          0 flashggZHLeptonicTag
TrigReport      25000      25000      25000          0          0 p
TrigReport      24818      24818      24818          0          0 tagsDumper

TimeReport ---------- Event  Summary ---[sec]----
TimeReport       event loop CPU/event = 0.132756
TimeReport      event loop Real/event = 0.134015
TimeReport     sum Streams Real/event = 0.130240
TimeReport efficiency CPU/Real/thread = 0.990602

TimeReport ---------- Path   Summary ---[Real sec]----
TimeReport  per event     per exec  Name
TimeReport   0.129757     0.129757  p
TimeReport  per event     per exec  Name

TimeReport -------End-Path   Summary ---[Real sec]----
TimeReport  per event     per exec  Name
TimeReport  per event     per exec  Name

TimeReport ---------- Modules in Path: p ---[Real sec]----
TimeReport  per event    per visit  Name
TimeReport   0.000015     0.000015  flashggMetFilters
TimeReport   0.000005     0.000005  VHFilter
TimeReport   0.074013     0.074555  flashggDifferentialPhoIdInputsCorrection
TimeReport   0.040349     0.040644  flashggDiPhotonSystematics
TimeReport   0.000168     0.000169  flashggMetSystematics
TimeReport   0.000028     0.000028  flashggMuonSystematics
TimeReport   0.000036     0.000036  flashggElectronSystematics
TimeReport   0.000218     0.000220  flashggUnpackedJets
TimeReport   0.003638     0.003665  flashggJetSystematics0
TimeReport   0.000598     0.000603  flashggJetSystematics1
TimeReport   0.000535     0.000539  flashggJetSystematics2
TimeReport   0.000514     0.000518  flashggJetSystematics3
TimeReport   0.000508     0.000512  flashggJetSystematics4
TimeReport   0.000503     0.000507  flashggJetSystematics5
TimeReport   0.000499     0.000502  flashggJetSystematics6
TimeReport   0.000496     0.000500  flashggJetSystematics7
TimeReport   0.000495     0.000498  flashggJetSystematics8
TimeReport   0.000495     0.000498  flashggJetSystematics9
TimeReport   0.000492     0.000496  flashggJetSystematics10
TimeReport   0.000491     0.000494  flashggJetSystematics11
TimeReport   0.000281     0.000283  flashggPrefireDiPhotons
TimeReport   0.000115     0.000116  flashggPreselectedDiPhotons
TimeReport   0.000033     0.000033  flashggDiPhotonMVA
TimeReport   0.000031     0.000031  flashggVBFMVA
TimeReport   0.000017     0.000017  flashggVHhadMVA
TimeReport   0.000051     0.000051  flashggGluGluHMVA
TimeReport   0.000031     0.000031  flashggStageOneCombinedTag
TimeReport   0.000565     0.000569  flashggTHQLeptonicTag
TimeReport   0.000374     0.000377  flashggVHMetTag
TimeReport   0.000024     0.000024  flashggWHLeptonicTag
TimeReport   0.000020     0.000020  flashggZHLeptonicTag
TimeReport   0.000068     0.000068  flashggTTHLeptonicTag
TimeReport   0.001291     0.001301  flashggTTHHadronicTag
TimeReport   0.000083     0.000084  flashggTagSorter
TimeReport   0.000003     0.000003  flashggSystTagMerger
TimeReport   0.000341     0.000344  tagsDumper
TimeReport  per event    per visit  Name

TimeReport ---------- Module Summary ---[Real sec]----
TimeReport  per event     per exec    per visit  Name
TimeReport   0.000002     0.000002     0.000002  TriggerResults
TimeReport   0.000005     0.000005     0.000005  VHFilter
TimeReport   0.000003     0.000004     0.000004  ak4PFCHSL1FastL2L3Corrector
TimeReport   0.000004     0.000004     0.000004  ak4PFCHSL1FastjetCorrector
TimeReport   0.000001     0.000002     0.000002  ak4PFCHSL2RelativeCorrector
TimeReport   0.000012     0.000012     0.000012  ak4PFCHSL3AbsoluteCorrector
TimeReport   0.000033     0.000033     0.000033  flashggDiPhotonMVA
TimeReport   0.040349     0.040644     0.040644  flashggDiPhotonSystematics
TimeReport   0.074013     0.074555     0.074555  flashggDifferentialPhoIdInputsCorrection
TimeReport   0.000036     0.000036     0.000036  flashggElectronSystematics
TimeReport   0.000051     0.000051     0.000051  flashggGluGluHMVA
TimeReport   0.003638     0.003665     0.003665  flashggJetSystematics0
TimeReport   0.000598     0.000603     0.000603  flashggJetSystematics1
TimeReport   0.000492     0.000496     0.000496  flashggJetSystematics10
TimeReport   0.000491     0.000494     0.000494  flashggJetSystematics11
TimeReport   0.000535     0.000539     0.000539  flashggJetSystematics2
TimeReport   0.000514     0.000518     0.000518  flashggJetSystematics3
TimeReport   0.000508     0.000512     0.000512  flashggJetSystematics4
TimeReport   0.000503     0.000507     0.000507  flashggJetSystematics5
TimeReport   0.000499     0.000502     0.000502  flashggJetSystematics6
TimeReport   0.000496     0.000500     0.000500  flashggJetSystematics7
TimeReport   0.000495     0.000498     0.000498  flashggJetSystematics8
TimeReport   0.000495     0.000498     0.000498  flashggJetSystematics9
TimeReport   0.000015     0.000015     0.000015  flashggMetFilters
TimeReport   0.000168     0.000169     0.000169  flashggMetSystematics
TimeReport   0.000028     0.000028     0.000028  flashggMuonSystematics
TimeReport   0.000281     0.000283     0.000283  flashggPrefireDiPhotons
TimeReport   0.000115     0.000116     0.000116  flashggPreselectedDiPhotons
TimeReport   0.000031     0.000031     0.000031  flashggStageOneCombinedTag
TimeReport   0.000003     0.000003     0.000003  flashggSystTagMerger
TimeReport   0.000565     0.000569     0.000569  flashggTHQLeptonicTag
TimeReport   0.001291     0.001301     0.001301  flashggTTHHadronicTag
TimeReport   0.000068     0.000068     0.000068  flashggTTHLeptonicTag
TimeReport   0.000083     0.000084     0.000084  flashggTagSorter
TimeReport   0.000218     0.000220     0.000220  flashggUnpackedJets
TimeReport   0.000031     0.000031     0.000031  flashggVBFMVA
TimeReport   0.000374     0.000377     0.000377  flashggVHMetTag
TimeReport   0.000017     0.000017     0.000017  flashggVHhadMVA
TimeReport   0.000024     0.000024     0.000024  flashggWHLeptonicTag
TimeReport   0.000020     0.000020     0.000020  flashggZHLeptonicTag
TimeReport   0.000003     0.000003     0.000003  p
TimeReport   0.000341     0.000344     0.000344  tagsDumper
TimeReport  per event     per exec    per visit  Name

T---Report end!


=============================================

MessageLogger Summary

 type     category        sev    module        subroutine        count    total
 ---- -------------------- -- ---------------- ----------------  -----    -----
    1 XrdAdaptor           -w file_open                              1        1
    2 fileAction           -s file_close                             1        1
    3 fileAction           -s file_open                              2        2

 type    category    Examples: run/evt        run/evt          run/evt
 ---- -------------------- ---------------- ---------------- ----------------
    1 XrdAdaptor           pre-events                        
    2 fileAction           PostGlobalEndRun                  
    3 fileAction           pre-events       pre-events       

Severity    # Occurrences   Total Occurrences
--------    -------------   -----------------
Warning                 1                   1
System                  3                   3

dropped waiting message count 0
