mkdir: cannot create directory '/afs/cern.ch/user/x/xisu/private/local/Analysis_workspace/VH_AC_tmp1/flashgg_d2/CMSSW_10_6_29/src/flashgg/VHAC_Analysis_Met/UL_17/UL_17_zh125': File exists
/cvmfs/cms.cern.ch/slc7_amd64_gcc700/external/py2-requests/2.21.0-pafccj2/lib/python2.7/site-packages/requests/__init__.py:91: RequestsDependencyWarning: urllib3 (1.25.2) or chardet (3.0.4) doesn't match a supported version!
  RequestsDependencyWarning)
20-Dec-2022 11:11:28 CET  Initiating request to open file root://cms-xrd-global.cern.ch//store/user/alesauva/flashgg/UL2017_4/10_6_4/ZHiggs0PMToGG_M125_TuneCP5_13TeV-JHUGenV7011-pythia8/UL2017_4-10_6_4-v0-RunIISummer19UL17MiniAOD-106X_mc2017_realistic_v6-v2/200720_162909/0000/myMicroAODOutputFile_20.root
%MSG-w XrdAdaptor:  file_open 20-Dec-2022 11:11:30 CET pre-events
Data is served from GRIF-IRFU instead of original site CERN-CMSGLOBAL-02
%MSG
20-Dec-2022 11:11:32 CET  Successfully opened file root://cms-xrd-global.cern.ch//store/user/alesauva/flashgg/UL2017_4/10_6_4/ZHiggs0PMToGG_M125_TuneCP5_13TeV-JHUGenV7011-pythia8/UL2017_4-10_6_4-v0-RunIISummer19UL17MiniAOD-106X_mc2017_realistic_v6-v2/200720_162909/0000/myMicroAODOutputFile_20.root
2022-12-20 11:28:13.542211: I tensorflow/core/platform/cpu_feature_guard.cc:140] Your CPU supports instructions that this TensorFlow binary was not compiled to use: SSE4.1 SSE4.2 AVX AVX2 FMA
Begin processing the 1st record. Run 1, Event 35204, LumiSection 353 on stream 0 at 20-Dec-2022 11:29:46.018 CET
[2022-12-20 11:30:29.235731 +0100][Error  ][AsyncSock         ] [xrootd.ba.infn.it:1094 #0.0] Socket error while handshaking: [ERROR] Socket timeout
[2022-12-20 11:30:29.236142 +0100][Error  ][PostMaster        ] [xrootd.ba.infn.it:1094 #0] elapsed = 45, pConnectionWindow = 31 seconds.
[2022-12-20 11:31:14.482021 +0100][Error  ][AsyncSock         ] [xrootd.ba.infn.it:1094 #0.0] Socket error while handshaking: [ERROR] Socket timeout
[2022-12-20 11:31:14.482173 +0100][Error  ][PostMaster        ] [xrootd.ba.infn.it:1094 #0] elapsed = 45, pConnectionWindow = 31 seconds.
[2022-12-20 11:31:14.482219 +0100][Error  ][PostMaster        ] [xrootd.ba.infn.it:1094 #0] Unable to recover: [ERROR] Socket timeout.
[2022-12-20 11:31:14.482253 +0100][Error  ][XRootD            ] [xrootd.ba.infn.it:1094] Impossible to send message kXR_open (file: /store/user/alesauva/flashgg/UL2017_4/10_6_4/ZHiggs0PMToGG_M125_TuneCP5_13TeV-JHUGenV7011-pythia8/UL2017_4-10_6_4-v0-RunIISummer19UL17MiniAOD-106X_mc2017_realistic_v6-v2/200720_162909/0000/myMicroAODOutputFile_20.root?tried=stor81.datagrid.cea.fr, mode: 0660, flags: kXR_open_read kXR_async kXR_retstat ). Trying to recover.
Begin processing the 1001st record. Run 1, Event 36203, LumiSection 363 on stream 0 at 20-Dec-2022 11:36:50.525 CET
[2022-12-20 11:37:51.021176 +0100][Error  ][AsyncSock         ] [xrootd.ba.infn.it:1094 #0.0] Socket error while handshaking: [ERROR] Socket timeout
[2022-12-20 11:37:51.021354 +0100][Error  ][PostMaster        ] [xrootd.ba.infn.it:1094 #0] elapsed = 46, pConnectionWindow = 31 seconds.
[2022-12-20 11:38:36.269852 +0100][Error  ][AsyncSock         ] [xrootd.ba.infn.it:1094 #0.0] Socket error while handshaking: [ERROR] Socket timeout
[2022-12-20 11:38:36.270123 +0100][Error  ][PostMaster        ] [xrootd.ba.infn.it:1094 #0] elapsed = 45, pConnectionWindow = 31 seconds.
[2022-12-20 11:38:36.270165 +0100][Error  ][PostMaster        ] [xrootd.ba.infn.it:1094 #0] Unable to recover: [ERROR] Socket timeout.
[2022-12-20 11:38:36.270194 +0100][Error  ][XRootD            ] [xrootd.ba.infn.it:1094] Impossible to send message kXR_open (file: /store/user/alesauva/flashgg/UL2017_4/10_6_4/ZHiggs0PMToGG_M125_TuneCP5_13TeV-JHUGenV7011-pythia8/UL2017_4-10_6_4-v0-RunIISummer19UL17MiniAOD-106X_mc2017_realistic_v6-v2/200720_162909/0000/myMicroAODOutputFile_20.root?tried=+1413llrxrd-redir.in2p3.fr,+1213xrootd-redic.pi.infn.it,+1413xrootd-cms-redir-int.cr.cnaf.infn.it,stor81.datagrid.cea.fr,node12.datagrid.cea.fr,xrootd-redic.pi.infn.it,xrootd-cms.infn.it,llrxrd-redir.in2p3.fr&triedrc=enoent,enoent, mode: 0660, flags: kXR_open_read kXR_async kXR_retstat ). Trying to recover.
Begin processing the 2001st record. Run 1, Event 37203, LumiSection 373 on stream 0 at 20-Dec-2022 11:39:40.695 CET
Begin processing the 3001st record. Run 1, Event 114301, LumiSection 1144 on stream 0 at 20-Dec-2022 11:42:27.056 CET
[2022-12-20 11:43:42.903151 +0100][Error  ][AsyncSock         ] [xrootd.ba.infn.it:1094 #0.0] Socket error while handshaking: [ERROR] Socket timeout
[2022-12-20 11:43:42.903326 +0100][Error  ][PostMaster        ] [xrootd.ba.infn.it:1094 #0] elapsed = 45, pConnectionWindow = 31 seconds.
[2022-12-20 11:44:28.156132 +0100][Error  ][AsyncSock         ] [xrootd.ba.infn.it:1094 #0.0] Socket error while handshaking: [ERROR] Socket timeout
[2022-12-20 11:44:28.156281 +0100][Error  ][PostMaster        ] [xrootd.ba.infn.it:1094 #0] elapsed = 46, pConnectionWindow = 31 seconds.
[2022-12-20 11:44:28.156302 +0100][Error  ][PostMaster        ] [xrootd.ba.infn.it:1094 #0] Unable to recover: [ERROR] Socket timeout.
[2022-12-20 11:44:28.156316 +0100][Error  ][XRootD            ] [xrootd.ba.infn.it:1094] Impossible to send message kXR_open (file: /store/user/alesauva/flashgg/UL2017_4/10_6_4/ZHiggs0PMToGG_M125_TuneCP5_13TeV-JHUGenV7011-pythia8/UL2017_4-10_6_4-v0-RunIISummer19UL17MiniAOD-106X_mc2017_realistic_v6-v2/200720_162909/0000/myMicroAODOutputFile_20.root?tried=stor81.datagrid.cea.fr, mode: 0660, flags: kXR_open_read kXR_async kXR_retstat ). Trying to recover.
Begin processing the 4001st record. Run 1, Event 115303, LumiSection 1154 on stream 0 at 20-Dec-2022 11:45:07.946 CET
Begin processing the 5001st record. Run 1, Event 116301, LumiSection 1164 on stream 0 at 20-Dec-2022 11:47:59.748 CET
[2022-12-20 11:49:46.805174 +0100][Error  ][AsyncSock         ] [xrootd.ba.infn.it:1094 #0.0] Socket error while handshaking: [ERROR] Socket timeout
[2022-12-20 11:49:46.805426 +0100][Error  ][PostMaster        ] [xrootd.ba.infn.it:1094 #0] elapsed = 45, pConnectionWindow = 31 seconds.
[2022-12-20 11:50:31.060228 +0100][Error  ][AsyncSock         ] [xrootd.ba.infn.it:1094 #0.0] Socket error while handshaking: [ERROR] Socket timeout
[2022-12-20 11:50:31.060473 +0100][Error  ][PostMaster        ] [xrootd.ba.infn.it:1094 #0] elapsed = 45, pConnectionWindow = 31 seconds.
[2022-12-20 11:50:31.060512 +0100][Error  ][PostMaster        ] [xrootd.ba.infn.it:1094 #0] Unable to recover: [ERROR] Socket timeout.
[2022-12-20 11:50:31.060528 +0100][Error  ][XRootD            ] [xrootd.ba.infn.it:1094] Impossible to send message kXR_open (file: /store/user/alesauva/flashgg/UL2017_4/10_6_4/ZHiggs0PMToGG_M125_TuneCP5_13TeV-JHUGenV7011-pythia8/UL2017_4-10_6_4-v0-RunIISummer19UL17MiniAOD-106X_mc2017_realistic_v6-v2/200720_162909/0000/myMicroAODOutputFile_20.root?tried=stor81.datagrid.cea.fr, mode: 0660, flags: kXR_open_read kXR_async kXR_retstat ). Trying to recover.
Begin processing the 6001st record. Run 1, Event 123202, LumiSection 1233 on stream 0 at 20-Dec-2022 11:50:57.119 CET
Begin processing the 7001st record. Run 1, Event 124201, LumiSection 1243 on stream 0 at 20-Dec-2022 11:53:40.941 CET
Begin processing the 8001st record. Run 1, Event 233402, LumiSection 2335 on stream 0 at 20-Dec-2022 11:56:15.025 CET
[2022-12-20 11:58:25.211143 +0100][Error  ][AsyncSock         ] [xrootd.ba.infn.it:1094 #0.0] Socket error while handshaking: [ERROR] Socket timeout
[2022-12-20 11:58:25.211351 +0100][Error  ][PostMaster        ] [xrootd.ba.infn.it:1094 #0] elapsed = 45, pConnectionWindow = 31 seconds.
Begin processing the 9001st record. Run 1, Event 234401, LumiSection 2345 on stream 0 at 20-Dec-2022 11:58:58.863 CET
[2022-12-20 11:59:10.481129 +0100][Error  ][AsyncSock         ] [xrootd.ba.infn.it:1094 #0.0] Socket error while handshaking: [ERROR] Socket timeout
[2022-12-20 11:59:10.481255 +0100][Error  ][PostMaster        ] [xrootd.ba.infn.it:1094 #0] elapsed = 45, pConnectionWindow = 31 seconds.
[2022-12-20 11:59:10.481275 +0100][Error  ][PostMaster        ] [xrootd.ba.infn.it:1094 #0] Unable to recover: [ERROR] Socket timeout.
[2022-12-20 11:59:10.481288 +0100][Error  ][XRootD            ] [xrootd.ba.infn.it:1094] Impossible to send message kXR_open (file: /store/user/alesauva/flashgg/UL2017_4/10_6_4/ZHiggs0PMToGG_M125_TuneCP5_13TeV-JHUGenV7011-pythia8/UL2017_4-10_6_4-v0-RunIISummer19UL17MiniAOD-106X_mc2017_realistic_v6-v2/200720_162909/0000/myMicroAODOutputFile_20.root?tried=stor81.datagrid.cea.fr, mode: 0660, flags: kXR_open_read kXR_async kXR_retstat ). Trying to recover.
Begin processing the 10001st record. Run 1, Event 295309, LumiSection 2954 on stream 0 at 20-Dec-2022 12:01:46.628 CET
[2022-12-20 12:04:27.410215 +0100][Error  ][AsyncSock         ] [xrootd.ba.infn.it:1094 #0.0] Socket error while handshaking: [ERROR] Socket timeout
[2022-12-20 12:04:27.410449 +0100][Error  ][PostMaster        ] [xrootd.ba.infn.it:1094 #0] elapsed = 45, pConnectionWindow = 31 seconds.
Begin processing the 11001st record. Run 1, Event 296305, LumiSection 2964 on stream 0 at 20-Dec-2022 12:04:41.980 CET
[2022-12-20 12:05:12.661178 +0100][Error  ][AsyncSock         ] [xrootd.ba.infn.it:1094 #0.0] Socket error while handshaking: [ERROR] Socket timeout
[2022-12-20 12:05:12.661367 +0100][Error  ][PostMaster        ] [xrootd.ba.infn.it:1094 #0] elapsed = 45, pConnectionWindow = 31 seconds.
[2022-12-20 12:05:12.661393 +0100][Error  ][PostMaster        ] [xrootd.ba.infn.it:1094 #0] Unable to recover: [ERROR] Socket timeout.
[2022-12-20 12:05:12.661414 +0100][Error  ][XRootD            ] [xrootd.ba.infn.it:1094] Impossible to send message kXR_open (file: /store/user/alesauva/flashgg/UL2017_4/10_6_4/ZHiggs0PMToGG_M125_TuneCP5_13TeV-JHUGenV7011-pythia8/UL2017_4-10_6_4-v0-RunIISummer19UL17MiniAOD-106X_mc2017_realistic_v6-v2/200720_162909/0000/myMicroAODOutputFile_20.root?tried=+1213xrootd-cms-redir-int.cr.cnaf.infn.it,+1413llrxrd-redir.in2p3.fr,+1213xrootd-redic.pi.infn.it,+1413xrootd-cms-redir-int.cr.cnaf.infn.it,stor81.datagrid.cea.fr,node12.datagrid.cea.fr,xrootd-redic.pi.infn.it,xrootd-cms.infn.it,llrxrd-redir.in2p3.fr&triedrc=enoent,enoent, mode: 0660, flags: kXR_open_read kXR_async kXR_retstat ). Trying to recover.
Begin processing the 12001st record. Run 1, Event 354805, LumiSection 3549 on stream 0 at 20-Dec-2022 12:07:48.699 CET
Begin processing the 13001st record. Run 1, Event 460905, LumiSection 4610 on stream 0 at 20-Dec-2022 12:10:41.274 CET
[2022-12-20 12:10:52.871226 +0100][Error  ][AsyncSock         ] [xrootd.ba.infn.it:1094 #0.0] Socket error while handshaking: [ERROR] Socket timeout
[2022-12-20 12:10:52.871375 +0100][Error  ][PostMaster        ] [xrootd.ba.infn.it:1094 #0] elapsed = 45, pConnectionWindow = 31 seconds.
[2022-12-20 12:11:37.111133 +0100][Error  ][AsyncSock         ] [xrootd.ba.infn.it:1094 #0.0] Socket error while handshaking: [ERROR] Socket timeout
[2022-12-20 12:11:37.111251 +0100][Error  ][PostMaster        ] [xrootd.ba.infn.it:1094 #0] elapsed = 45, pConnectionWindow = 31 seconds.
[2022-12-20 12:11:37.111267 +0100][Error  ][PostMaster        ] [xrootd.ba.infn.it:1094 #0] Unable to recover: [ERROR] Socket timeout.
[2022-12-20 12:11:37.111277 +0100][Error  ][XRootD            ] [xrootd.ba.infn.it:1094] Impossible to send message kXR_open (file: /store/user/alesauva/flashgg/UL2017_4/10_6_4/ZHiggs0PMToGG_M125_TuneCP5_13TeV-JHUGenV7011-pythia8/UL2017_4-10_6_4-v0-RunIISummer19UL17MiniAOD-106X_mc2017_realistic_v6-v2/200720_162909/0000/myMicroAODOutputFile_20.root?tried=+1213xrootd-cms-redir-int.cr.cnaf.infn.it,+1413llrxrd-redir.in2p3.fr,+1213xrootd-redic.pi.infn.it,+1413xrootd-cms-redir-int.cr.cnaf.infn.it,stor81.datagrid.cea.fr,node12.datagrid.cea.fr,xrootd-redic.pi.infn.it,xrootd-cms.infn.it,llrxrd-redir.in2p3.fr&triedrc=enoent,enoent, mode: 0660, flags: kXR_open_read kXR_async kXR_retstat ). Trying to recover.
Begin processing the 14001st record. Run 1, Event 696803, LumiSection 6969 on stream 0 at 20-Dec-2022 12:13:22.996 CET
Begin processing the 15001st record. Run 1, Event 496305, LumiSection 4964 on stream 0 at 20-Dec-2022 12:16:08.711 CET
[2022-12-20 12:16:37.627209 +0100][Error  ][AsyncSock         ] [xrootd.ba.infn.it:1094 #0.0] Socket error while handshaking: [ERROR] Socket timeout
[2022-12-20 12:16:37.627400 +0100][Error  ][PostMaster        ] [xrootd.ba.infn.it:1094 #0] elapsed = 45, pConnectionWindow = 31 seconds.
[2022-12-20 12:17:22.875140 +0100][Error  ][AsyncSock         ] [xrootd.ba.infn.it:1094 #0.0] Socket error while handshaking: [ERROR] Socket timeout
[2022-12-20 12:17:22.875308 +0100][Error  ][PostMaster        ] [xrootd.ba.infn.it:1094 #0] elapsed = 45, pConnectionWindow = 31 seconds.
[2022-12-20 12:17:22.875343 +0100][Error  ][PostMaster        ] [xrootd.ba.infn.it:1094 #0] Unable to recover: [ERROR] Socket timeout.
[2022-12-20 12:17:22.875358 +0100][Error  ][XRootD            ] [xrootd.ba.infn.it:1094] Impossible to send message kXR_open (file: /store/user/alesauva/flashgg/UL2017_4/10_6_4/ZHiggs0PMToGG_M125_TuneCP5_13TeV-JHUGenV7011-pythia8/UL2017_4-10_6_4-v0-RunIISummer19UL17MiniAOD-106X_mc2017_realistic_v6-v2/200720_162909/0000/myMicroAODOutputFile_20.root?tried=stor81.datagrid.cea.fr, mode: 0660, flags: kXR_open_read kXR_async kXR_retstat ). Trying to recover.
Begin processing the 16001st record. Run 1, Event 497303, LumiSection 4974 on stream 0 at 20-Dec-2022 12:19:02.670 CET
Begin processing the 17001st record. Run 1, Event 498304, LumiSection 4984 on stream 0 at 20-Dec-2022 12:21:49.355 CET
[2022-12-20 12:22:45.312112 +0100][Error  ][AsyncSock         ] [xrootd.ba.infn.it:1094 #0.0] Socket error while handshaking: [ERROR] Socket timeout
[2022-12-20 12:22:45.312307 +0100][Error  ][PostMaster        ] [xrootd.ba.infn.it:1094 #0] elapsed = 46, pConnectionWindow = 31 seconds.
[2022-12-20 12:23:30.580133 +0100][Error  ][AsyncSock         ] [xrootd.ba.infn.it:1094 #0.0] Socket error while handshaking: [ERROR] Socket timeout
[2022-12-20 12:23:30.580341 +0100][Error  ][PostMaster        ] [xrootd.ba.infn.it:1094 #0] elapsed = 45, pConnectionWindow = 31 seconds.
[2022-12-20 12:23:30.580383 +0100][Error  ][PostMaster        ] [xrootd.ba.infn.it:1094 #0] Unable to recover: [ERROR] Socket timeout.
[2022-12-20 12:23:30.580405 +0100][Error  ][XRootD            ] [xrootd.ba.infn.it:1094] Impossible to send message kXR_open (file: /store/user/alesauva/flashgg/UL2017_4/10_6_4/ZHiggs0PMToGG_M125_TuneCP5_13TeV-JHUGenV7011-pythia8/UL2017_4-10_6_4-v0-RunIISummer19UL17MiniAOD-106X_mc2017_realistic_v6-v2/200720_162909/0000/myMicroAODOutputFile_20.root?tried=+1413xrootd-redic.pi.infn.it,+1413llrxrd-redir.in2p3.fr,stor81.datagrid.cea.fr,node12.datagrid.cea.fr,xrootd-cms-redir-int.cr.cnaf.infn.it,xrootd-redic.pi.infn.it,xrootd-cms.infn.it&triedrc=enoent,enoent, mode: 0660, flags: kXR_open_read kXR_async kXR_retstat ). Trying to recover.
Begin processing the 18001st record. Run 1, Event 499303, LumiSection 4994 on stream 0 at 20-Dec-2022 12:24:36.418 CET
Begin processing the 19001st record. Run 1, Event 704802, LumiSection 7049 on stream 0 at 20-Dec-2022 12:27:27.539 CET
[2022-12-20 12:28:49.481165 +0100][Error  ][AsyncSock         ] [xrootd.ba.infn.it:1094 #0.0] Socket error while handshaking: [ERROR] Socket timeout
[2022-12-20 12:28:49.481323 +0100][Error  ][PostMaster        ] [xrootd.ba.infn.it:1094 #0] elapsed = 45, pConnectionWindow = 31 seconds.
[2022-12-20 12:29:34.736171 +0100][Error  ][AsyncSock         ] [xrootd.ba.infn.it:1094 #0.0] Socket error while handshaking: [ERROR] Socket timeout
[2022-12-20 12:29:34.736355 +0100][Error  ][PostMaster        ] [xrootd.ba.infn.it:1094 #0] elapsed = 45, pConnectionWindow = 31 seconds.
[2022-12-20 12:29:34.736381 +0100][Error  ][PostMaster        ] [xrootd.ba.infn.it:1094 #0] Unable to recover: [ERROR] Socket timeout.
[2022-12-20 12:29:34.736397 +0100][Error  ][XRootD            ] [xrootd.ba.infn.it:1094] Impossible to send message kXR_open (file: /store/user/alesauva/flashgg/UL2017_4/10_6_4/ZHiggs0PMToGG_M125_TuneCP5_13TeV-JHUGenV7011-pythia8/UL2017_4-10_6_4-v0-RunIISummer19UL17MiniAOD-106X_mc2017_realistic_v6-v2/200720_162909/0000/myMicroAODOutputFile_20.root?tried=+1213xrootd-cms-redir-int.cr.cnaf.infn.it,+1213xrootd-redic.pi.infn.it,+1413xrootd-cms-redir-int.cr.cnaf.infn.it,+1413xrootd-redic.pi.infn.it,stor81.datagrid.cea.fr,node12.datagrid.cea.fr,llrxrd-redir.in2p3.fr,xrootd-redic.pi.infn.it,xrootd-cms.infn.it&triedrc=enoent,enoent, mode: 0660, flags: kXR_open_read kXR_async kXR_retstat ). Trying to recover.
Begin processing the 20001st record. Run 1, Event 706104, LumiSection 7062 on stream 0 at 20-Dec-2022 12:30:22.401 CET
Begin processing the 21001st record. Run 1, Event 513510, LumiSection 5136 on stream 0 at 20-Dec-2022 12:33:09.535 CET
[2022-12-20 12:34:47.839200 +0100][Error  ][AsyncSock         ] [xrootd.ba.infn.it:1094 #0.0] Socket error while handshaking: [ERROR] Socket timeout
[2022-12-20 12:34:47.839373 +0100][Error  ][PostMaster        ] [xrootd.ba.infn.it:1094 #0] elapsed = 45, pConnectionWindow = 31 seconds.
[2022-12-20 12:35:33.094737 +0100][Error  ][AsyncSock         ] [xrootd.ba.infn.it:1094 #0.0] Socket error while handshaking: [ERROR] Socket timeout
[2022-12-20 12:35:33.094904 +0100][Error  ][PostMaster        ] [xrootd.ba.infn.it:1094 #0] elapsed = 46, pConnectionWindow = 31 seconds.
[2022-12-20 12:35:33.094935 +0100][Error  ][PostMaster        ] [xrootd.ba.infn.it:1094 #0] Unable to recover: [ERROR] Socket timeout.
[2022-12-20 12:35:33.094956 +0100][Error  ][XRootD            ] [xrootd.ba.infn.it:1094] Impossible to send message kXR_open (file: /store/user/alesauva/flashgg/UL2017_4/10_6_4/ZHiggs0PMToGG_M125_TuneCP5_13TeV-JHUGenV7011-pythia8/UL2017_4-10_6_4-v0-RunIISummer19UL17MiniAOD-106X_mc2017_realistic_v6-v2/200720_162909/0000/myMicroAODOutputFile_20.root?tried=+1213xrootd-cms-redir-int.cr.cnaf.infn.it,+1213xrootd-redic.pi.infn.it,+1413xrootd-cms-redir-int.cr.cnaf.infn.it,+1413xrootd-redic.pi.infn.it,stor81.datagrid.cea.fr,node12.datagrid.cea.fr,llrxrd-redir.in2p3.fr,xrootd-redic.pi.infn.it,xrootd-cms.infn.it&triedrc=enoent,enoent, mode: 0660, flags: kXR_open_read kXR_async kXR_retstat ). Trying to recover.
Begin processing the 22001st record. Run 1, Event 514501, LumiSection 5146 on stream 0 at 20-Dec-2022 12:35:53.949 CET
Begin processing the 23001st record. Run 1, Event 555309, LumiSection 5554 on stream 0 at 20-Dec-2022 12:38:37.242 CET
[2022-12-20 12:40:28.011208 +0100][Error  ][AsyncSock         ] [xrootd.ba.infn.it:1094 #0.0] Socket error while handshaking: [ERROR] Socket timeout
[2022-12-20 12:40:28.011412 +0100][Error  ][PostMaster        ] [xrootd.ba.infn.it:1094 #0] elapsed = 45, pConnectionWindow = 31 seconds.
[2022-12-20 12:41:13.275144 +0100][Error  ][AsyncSock         ] [xrootd.ba.infn.it:1094 #0.0] Socket error while handshaking: [ERROR] Socket timeout
[2022-12-20 12:41:13.275295 +0100][Error  ][PostMaster        ] [xrootd.ba.infn.it:1094 #0] elapsed = 45, pConnectionWindow = 31 seconds.
[2022-12-20 12:41:13.275323 +0100][Error  ][PostMaster        ] [xrootd.ba.infn.it:1094 #0] Unable to recover: [ERROR] Socket timeout.
[2022-12-20 12:41:13.275340 +0100][Error  ][XRootD            ] [xrootd.ba.infn.it:1094] Impossible to send message kXR_open (file: /store/user/alesauva/flashgg/UL2017_4/10_6_4/ZHiggs0PMToGG_M125_TuneCP5_13TeV-JHUGenV7011-pythia8/UL2017_4-10_6_4-v0-RunIISummer19UL17MiniAOD-106X_mc2017_realistic_v6-v2/200720_162909/0000/myMicroAODOutputFile_20.root?tried=stor81.datagrid.cea.fr, mode: 0660, flags: kXR_open_read kXR_async kXR_retstat ). Trying to recover.
Begin processing the 24001st record. Run 1, Event 556306, LumiSection 5564 on stream 0 at 20-Dec-2022 12:41:27.024 CET
20-Dec-2022 12:44:19 CET  Closed file root://cms-xrd-global.cern.ch//store/user/alesauva/flashgg/UL2017_4/10_6_4/ZHiggs0PMToGG_M125_TuneCP5_13TeV-JHUGenV7011-pythia8/UL2017_4-10_6_4-v0-RunIISummer19UL17MiniAOD-106X_mc2017_realistic_v6-v2/200720_162909/0000/myMicroAODOutputFile_20.root

TrigReport ---------- Event  Summary ------------
TrigReport Events total = 25000 passed = 24880 failed = 120

TrigReport ---------- Path   Summary ------------
TrigReport  Trig Bit#   Executed     Passed     Failed      Error Name
TrigReport     1    0      25000      24880        120          0 p

TrigReport -------End-Path   Summary ------------
TrigReport  Trig Bit#   Executed     Passed     Failed      Error Name

TrigReport ---------- Modules in Path: p ------------
TrigReport  Trig Bit#    Visited     Passed     Failed      Error Name
TrigReport     1    0      25000      24880        120          0 flashggMetFilters
TrigReport     1    1      24880      24880          0          0 VHFilter
TrigReport     1    2      24880      24880          0          0 flashggDifferentialPhoIdInputsCorrection
TrigReport     1    3      24880      24880          0          0 flashggDiPhotonSystematics
TrigReport     1    4      24880      24880          0          0 flashggMetSystematics
TrigReport     1    5      24880      24880          0          0 flashggMuonSystematics
TrigReport     1    6      24880      24880          0          0 flashggElectronSystematics
TrigReport     1    7      24880      24880          0          0 flashggUnpackedJets
TrigReport     1    8      24880      24880          0          0 flashggJetSystematics0
TrigReport     1    9      24880      24880          0          0 flashggJetSystematics1
TrigReport     1   10      24880      24880          0          0 flashggJetSystematics2
TrigReport     1   11      24880      24880          0          0 flashggJetSystematics3
TrigReport     1   12      24880      24880          0          0 flashggJetSystematics4
TrigReport     1   13      24880      24880          0          0 flashggJetSystematics5
TrigReport     1   14      24880      24880          0          0 flashggJetSystematics6
TrigReport     1   15      24880      24880          0          0 flashggJetSystematics7
TrigReport     1   16      24880      24880          0          0 flashggJetSystematics8
TrigReport     1   17      24880      24880          0          0 flashggJetSystematics9
TrigReport     1   18      24880      24880          0          0 flashggJetSystematics10
TrigReport     1   19      24880      24880          0          0 flashggJetSystematics11
TrigReport     1   20      24880      24880          0          0 flashggPrefireDiPhotons
TrigReport     1   21      24880      24880          0          0 flashggPreselectedDiPhotons
TrigReport     1   22      24880      24880          0          0 flashggDiPhotonMVA
TrigReport     1   23      24880      24880          0          0 flashggVBFMVA
TrigReport     1   24      24880      24880          0          0 flashggVHhadMVA
TrigReport     1   25      24880      24880          0          0 flashggGluGluHMVA
TrigReport     1   26      24880      24880          0          0 flashggStageOneCombinedTag
TrigReport     1   27      24880      24880          0          0 flashggTHQLeptonicTag
TrigReport     1   28      24880      24880          0          0 flashggVHMetTag
TrigReport     1   29      24880      24880          0          0 flashggWHLeptonicTag
TrigReport     1   30      24880      24880          0          0 flashggZHLeptonicTag
TrigReport     1   31      24880      24880          0          0 flashggTTHLeptonicTag
TrigReport     1   32      24880      24880          0          0 flashggTTHHadronicTag
TrigReport     1   33      24880      24880          0          0 flashggTagSorter
TrigReport     1   34      24880      24880          0          0 flashggSystTagMerger
TrigReport     1   35      24880      24880          0          0 tagsDumper

TrigReport ---------- Module Summary ------------
TrigReport    Visited   Executed     Passed     Failed      Error Name
TrigReport      25000      25000      25000          0          0 TriggerResults
TrigReport      24880      24880      24880          0          0 VHFilter
TrigReport      24880      24880      24880          0          0 ak4PFCHSL1FastL2L3Corrector
TrigReport      24880      24880      24880          0          0 ak4PFCHSL1FastjetCorrector
TrigReport      24880      24880      24880          0          0 ak4PFCHSL2RelativeCorrector
TrigReport      24880      24880      24880          0          0 ak4PFCHSL3AbsoluteCorrector
TrigReport      24880      24880      24880          0          0 flashggDiPhotonMVA
TrigReport      24880      24880      24880          0          0 flashggDiPhotonSystematics
TrigReport      24880      24880      24880          0          0 flashggDifferentialPhoIdInputsCorrection
TrigReport      24880      24880      24880          0          0 flashggElectronSystematics
TrigReport      24880      24880      24880          0          0 flashggGluGluHMVA
TrigReport      24880      24880      24880          0          0 flashggJetSystematics0
TrigReport      24880      24880      24880          0          0 flashggJetSystematics1
TrigReport      24880      24880      24880          0          0 flashggJetSystematics10
TrigReport      24880      24880      24880          0          0 flashggJetSystematics11
TrigReport      24880      24880      24880          0          0 flashggJetSystematics2
TrigReport      24880      24880      24880          0          0 flashggJetSystematics3
TrigReport      24880      24880      24880          0          0 flashggJetSystematics4
TrigReport      24880      24880      24880          0          0 flashggJetSystematics5
TrigReport      24880      24880      24880          0          0 flashggJetSystematics6
TrigReport      24880      24880      24880          0          0 flashggJetSystematics7
TrigReport      24880      24880      24880          0          0 flashggJetSystematics8
TrigReport      24880      24880      24880          0          0 flashggJetSystematics9
TrigReport      25000      25000      24880        120          0 flashggMetFilters
TrigReport      24880      24880      24880          0          0 flashggMetSystematics
TrigReport      24880      24880      24880          0          0 flashggMuonSystematics
TrigReport      24880      24880      24880          0          0 flashggPrefireDiPhotons
TrigReport      24880      24880      24880          0          0 flashggPreselectedDiPhotons
TrigReport      24880      24880      24880          0          0 flashggStageOneCombinedTag
TrigReport      24880      24880      24880          0          0 flashggSystTagMerger
TrigReport      24880      24880      24880          0          0 flashggTHQLeptonicTag
TrigReport      24880      24880      24880          0          0 flashggTTHHadronicTag
TrigReport      24880      24880      24880          0          0 flashggTTHLeptonicTag
TrigReport      24880      24880      24880          0          0 flashggTagSorter
TrigReport      24880      24880      24880          0          0 flashggUnpackedJets
TrigReport      24880      24880      24880          0          0 flashggVBFMVA
TrigReport      24880      24880      24880          0          0 flashggVHMetTag
TrigReport      24880      24880      24880          0          0 flashggVHhadMVA
TrigReport      24880      24880      24880          0          0 flashggWHLeptonicTag
TrigReport      24880      24880      24880          0          0 flashggZHLeptonicTag
TrigReport      25000      25000      25000          0          0 p
TrigReport      24880      24880      24880          0          0 tagsDumper

TimeReport ---------- Event  Summary ---[sec]----
TimeReport       event loop CPU/event = 0.178167
TimeReport      event loop Real/event = 0.178989
TimeReport     sum Streams Real/event = 0.172647
TimeReport efficiency CPU/Real/thread = 0.995409

TimeReport ---------- Path   Summary ---[Real sec]----
TimeReport  per event     per exec  Name
TimeReport   0.171945     0.171945  p
TimeReport  per event     per exec  Name

TimeReport -------End-Path   Summary ---[Real sec]----
TimeReport  per event     per exec  Name
TimeReport  per event     per exec  Name

TimeReport ---------- Modules in Path: p ---[Real sec]----
TimeReport  per event    per visit  Name
TimeReport   0.000030     0.000030  flashggMetFilters
TimeReport   0.000012     0.000012  VHFilter
TimeReport   0.071669     0.072015  flashggDifferentialPhoIdInputsCorrection
TimeReport   0.072235     0.072583  flashggDiPhotonSystematics
TimeReport   0.000304     0.000305  flashggMetSystematics
TimeReport   0.000042     0.000043  flashggMuonSystematics
TimeReport   0.000063     0.000063  flashggElectronSystematics
TimeReport   0.000477     0.000479  flashggUnpackedJets
TimeReport   0.007673     0.007710  flashggJetSystematics0
TimeReport   0.001194     0.001199  flashggJetSystematics1
TimeReport   0.001029     0.001034  flashggJetSystematics2
TimeReport   0.000991     0.000996  flashggJetSystematics3
TimeReport   0.000969     0.000974  flashggJetSystematics4
TimeReport   0.000958     0.000962  flashggJetSystematics5
TimeReport   0.000953     0.000957  flashggJetSystematics6
TimeReport   0.000950     0.000955  flashggJetSystematics7
TimeReport   0.000947     0.000952  flashggJetSystematics8
TimeReport   0.000942     0.000946  flashggJetSystematics9
TimeReport   0.000940     0.000944  flashggJetSystematics10
TimeReport   0.000938     0.000943  flashggJetSystematics11
TimeReport   0.000543     0.000545  flashggPrefireDiPhotons
TimeReport   0.000172     0.000173  flashggPreselectedDiPhotons
TimeReport   0.000037     0.000037  flashggDiPhotonMVA
TimeReport   0.000041     0.000042  flashggVBFMVA
TimeReport   0.000026     0.000026  flashggVHhadMVA
TimeReport   0.000069     0.000069  flashggGluGluHMVA
TimeReport   0.000047     0.000047  flashggStageOneCombinedTag
TimeReport   0.000766     0.000769  flashggTHQLeptonicTag
TimeReport   0.000346     0.000347  flashggVHMetTag
TimeReport   0.000043     0.000043  flashggWHLeptonicTag
TimeReport   0.000034     0.000034  flashggZHLeptonicTag
TimeReport   0.000109     0.000109  flashggTTHLeptonicTag
TimeReport   0.002118     0.002128  flashggTTHHadronicTag
TimeReport   0.000138     0.000139  flashggTagSorter
TimeReport   0.000006     0.000006  flashggSystTagMerger
TimeReport   0.000428     0.000430  tagsDumper
TimeReport  per event    per visit  Name

TimeReport ---------- Module Summary ---[Real sec]----
TimeReport  per event     per exec    per visit  Name
TimeReport   0.000004     0.000004     0.000004  TriggerResults
TimeReport   0.000012     0.000012     0.000012  VHFilter
TimeReport   0.000005     0.000005     0.000005  ak4PFCHSL1FastL2L3Corrector
TimeReport   0.000006     0.000006     0.000006  ak4PFCHSL1FastjetCorrector
TimeReport   0.000003     0.000003     0.000003  ak4PFCHSL2RelativeCorrector
TimeReport   0.000014     0.000014     0.000014  ak4PFCHSL3AbsoluteCorrector
TimeReport   0.000037     0.000037     0.000037  flashggDiPhotonMVA
TimeReport   0.072235     0.072583     0.072583  flashggDiPhotonSystematics
TimeReport   0.071669     0.072015     0.072015  flashggDifferentialPhoIdInputsCorrection
TimeReport   0.000063     0.000063     0.000063  flashggElectronSystematics
TimeReport   0.000069     0.000069     0.000069  flashggGluGluHMVA
TimeReport   0.007673     0.007710     0.007710  flashggJetSystematics0
TimeReport   0.001194     0.001199     0.001199  flashggJetSystematics1
TimeReport   0.000940     0.000944     0.000944  flashggJetSystematics10
TimeReport   0.000938     0.000943     0.000943  flashggJetSystematics11
TimeReport   0.001029     0.001034     0.001034  flashggJetSystematics2
TimeReport   0.000991     0.000996     0.000996  flashggJetSystematics3
TimeReport   0.000969     0.000974     0.000974  flashggJetSystematics4
TimeReport   0.000958     0.000962     0.000962  flashggJetSystematics5
TimeReport   0.000953     0.000957     0.000957  flashggJetSystematics6
TimeReport   0.000950     0.000955     0.000955  flashggJetSystematics7
TimeReport   0.000947     0.000952     0.000952  flashggJetSystematics8
TimeReport   0.000942     0.000946     0.000946  flashggJetSystematics9
TimeReport   0.000030     0.000030     0.000030  flashggMetFilters
TimeReport   0.000304     0.000305     0.000305  flashggMetSystematics
TimeReport   0.000042     0.000043     0.000043  flashggMuonSystematics
TimeReport   0.000543     0.000545     0.000545  flashggPrefireDiPhotons
TimeReport   0.000172     0.000173     0.000173  flashggPreselectedDiPhotons
TimeReport   0.000047     0.000047     0.000047  flashggStageOneCombinedTag
TimeReport   0.000006     0.000006     0.000006  flashggSystTagMerger
TimeReport   0.000766     0.000769     0.000769  flashggTHQLeptonicTag
TimeReport   0.002118     0.002128     0.002128  flashggTTHHadronicTag
TimeReport   0.000109     0.000109     0.000109  flashggTTHLeptonicTag
TimeReport   0.000138     0.000139     0.000139  flashggTagSorter
TimeReport   0.000477     0.000479     0.000479  flashggUnpackedJets
TimeReport   0.000041     0.000042     0.000042  flashggVBFMVA
TimeReport   0.000346     0.000347     0.000347  flashggVHMetTag
TimeReport   0.000026     0.000026     0.000026  flashggVHhadMVA
TimeReport   0.000043     0.000043     0.000043  flashggWHLeptonicTag
TimeReport   0.000034     0.000034     0.000034  flashggZHLeptonicTag
TimeReport   0.000004     0.000004     0.000004  p
TimeReport   0.000428     0.000430     0.000430  tagsDumper
TimeReport  per event     per exec    per visit  Name

T---Report end!


=============================================

MessageLogger Summary

 type     category        sev    module        subroutine        count    total
 ---- -------------------- -- ---------------- ----------------  -----    -----
    1 XrdAdaptor           -w file_open                              1        1
    2 fileAction           -s file_close                             1        1
    3 fileAction           -s file_open                              2        2

 type    category    Examples: run/evt        run/evt          run/evt
 ---- -------------------- ---------------- ---------------- ----------------
    1 XrdAdaptor           pre-events                        
    2 fileAction           PostGlobalEndRun                  
    3 fileAction           pre-events       pre-events       

Severity    # Occurrences   Total Occurrences
--------    -------------   -----------------
Warning                 1                   1
System                  3                   3

dropped waiting message count 0
