mkdir: cannot create directory '/afs/cern.ch/user/x/xisu/private/local/Analysis_workspace/VH_AC_tmp1/flashgg_d2/CMSSW_10_6_29/src/flashgg/VHAC_Analysis_Met/UL_17/UL_17_zh125': File exists
/cvmfs/cms.cern.ch/slc7_amd64_gcc700/external/py2-requests/2.21.0-pafccj2/lib/python2.7/site-packages/requests/__init__.py:91: RequestsDependencyWarning: urllib3 (1.25.2) or chardet (3.0.4) doesn't match a supported version!
  RequestsDependencyWarning)
20-Dec-2022 11:11:25 CET  Initiating request to open file root://cms-xrd-global.cern.ch//store/user/alesauva/flashgg/UL2017_4/10_6_4/ZHiggs0PMToGG_M125_TuneCP5_13TeV-JHUGenV7011-pythia8/UL2017_4-10_6_4-v0-RunIISummer19UL17MiniAOD-106X_mc2017_realistic_v6-v2/200720_162909/0000/myMicroAODOutputFile_5.root
%MSG-w XrdAdaptor:  file_open 20-Dec-2022 11:11:28 CET pre-events
Data is served from GRIF-IRFU instead of original site CERN-CMSGLOBAL-02
%MSG
20-Dec-2022 11:11:29 CET  Successfully opened file root://cms-xrd-global.cern.ch//store/user/alesauva/flashgg/UL2017_4/10_6_4/ZHiggs0PMToGG_M125_TuneCP5_13TeV-JHUGenV7011-pythia8/UL2017_4-10_6_4-v0-RunIISummer19UL17MiniAOD-106X_mc2017_realistic_v6-v2/200720_162909/0000/myMicroAODOutputFile_5.root
2022-12-20 11:27:03.635731: I tensorflow/core/platform/cpu_feature_guard.cc:140] Your CPU supports instructions that this TensorFlow binary was not compiled to use: SSE4.1 SSE4.2 AVX AVX2 FMA
Begin processing the 1st record. Run 1, Event 41202, LumiSection 413 on stream 0 at 20-Dec-2022 11:28:00.998 CET
[2022-12-20 11:28:44.219305 +0100][Error  ][AsyncSock         ] [xrootd.ba.infn.it:1094 #0.0] Socket error while handshaking: [ERROR] Socket timeout
[2022-12-20 11:28:44.219537 +0100][Error  ][PostMaster        ] [xrootd.ba.infn.it:1094 #0] elapsed = 45, pConnectionWindow = 31 seconds.
[2022-12-20 11:29:29.476529 +0100][Error  ][AsyncSock         ] [xrootd.ba.infn.it:1094 #0.0] Socket error while handshaking: [ERROR] Socket timeout
[2022-12-20 11:29:29.476739 +0100][Error  ][PostMaster        ] [xrootd.ba.infn.it:1094 #0] elapsed = 45, pConnectionWindow = 31 seconds.
[2022-12-20 11:29:29.476776 +0100][Error  ][PostMaster        ] [xrootd.ba.infn.it:1094 #0] Unable to recover: [ERROR] Socket timeout.
[2022-12-20 11:29:29.476797 +0100][Error  ][XRootD            ] [xrootd.ba.infn.it:1094] Impossible to send message kXR_open (file: /store/user/alesauva/flashgg/UL2017_4/10_6_4/ZHiggs0PMToGG_M125_TuneCP5_13TeV-JHUGenV7011-pythia8/UL2017_4-10_6_4-v0-RunIISummer19UL17MiniAOD-106X_mc2017_realistic_v6-v2/200720_162909/0000/myMicroAODOutputFile_5.root?tried=stor79.datagrid.cea.fr, mode: 0660, flags: kXR_open_read kXR_async kXR_retstat ). Trying to recover.
Begin processing the 1001st record. Run 1, Event 714305, LumiSection 7144 on stream 0 at 20-Dec-2022 11:32:51.361 CET
[2022-12-20 11:33:46.671552 +0100][Error  ][AsyncSock         ] [xrootd.ba.infn.it:1094 #0.0] Socket error while handshaking: [ERROR] Socket timeout
[2022-12-20 11:33:46.671763 +0100][Error  ][PostMaster        ] [xrootd.ba.infn.it:1094 #0] elapsed = 45, pConnectionWindow = 31 seconds.
[2022-12-20 11:34:31.927454 +0100][Error  ][AsyncSock         ] [xrootd.ba.infn.it:1094 #0.0] Socket error while handshaking: [ERROR] Socket timeout
[2022-12-20 11:34:31.927637 +0100][Error  ][PostMaster        ] [xrootd.ba.infn.it:1094 #0] elapsed = 45, pConnectionWindow = 31 seconds.
[2022-12-20 11:34:31.927647 +0100][Error  ][PostMaster        ] [xrootd.ba.infn.it:1094 #0] Unable to recover: [ERROR] Socket timeout.
[2022-12-20 11:34:31.927657 +0100][Error  ][XRootD            ] [xrootd.ba.infn.it:1094] Impossible to send message kXR_open (file: /store/user/alesauva/flashgg/UL2017_4/10_6_4/ZHiggs0PMToGG_M125_TuneCP5_13TeV-JHUGenV7011-pythia8/UL2017_4-10_6_4-v0-RunIISummer19UL17MiniAOD-106X_mc2017_realistic_v6-v2/200720_162909/0000/myMicroAODOutputFile_5.root?tried=stor79.datagrid.cea.fr, mode: 0660, flags: kXR_open_read kXR_async kXR_retstat ). Trying to recover.
Begin processing the 2001st record. Run 1, Event 79704, LumiSection 798 on stream 0 at 20-Dec-2022 11:34:50.164 CET
Begin processing the 3001st record. Run 1, Event 87001, LumiSection 871 on stream 0 at 20-Dec-2022 11:36:52.807 CET
Begin processing the 4001st record. Run 1, Event 88006, LumiSection 881 on stream 0 at 20-Dec-2022 11:39:04.909 CET
Begin processing the 5001st record. Run 1, Event 89015, LumiSection 891 on stream 0 at 20-Dec-2022 11:41:04.320 CET
[2022-12-20 11:42:48.063250 +0100][Error  ][AsyncSock         ] [xrootd.ba.infn.it:1094 #0.0] Socket error while handshaking: [ERROR] Socket timeout
[2022-12-20 11:42:48.063429 +0100][Error  ][PostMaster        ] [xrootd.ba.infn.it:1094 #0] elapsed = 46, pConnectionWindow = 31 seconds.
Begin processing the 6001st record. Run 1, Event 251908, LumiSection 2520 on stream 0 at 20-Dec-2022 11:43:12.557 CET
[2022-12-20 11:43:33.313292 +0100][Error  ][AsyncSock         ] [xrootd.ba.infn.it:1094 #0.0] Socket error while handshaking: [ERROR] Socket timeout
[2022-12-20 11:43:33.313481 +0100][Error  ][PostMaster        ] [xrootd.ba.infn.it:1094 #0] elapsed = 45, pConnectionWindow = 31 seconds.
[2022-12-20 11:43:33.313492 +0100][Error  ][PostMaster        ] [xrootd.ba.infn.it:1094 #0] Unable to recover: [ERROR] Socket timeout.
[2022-12-20 11:43:33.313503 +0100][Error  ][XRootD            ] [xrootd.ba.infn.it:1094] Impossible to send message kXR_open (file: /store/user/alesauva/flashgg/UL2017_4/10_6_4/ZHiggs0PMToGG_M125_TuneCP5_13TeV-JHUGenV7011-pythia8/UL2017_4-10_6_4-v0-RunIISummer19UL17MiniAOD-106X_mc2017_realistic_v6-v2/200720_162909/0000/myMicroAODOutputFile_5.root?tried=stor79.datagrid.cea.fr, mode: 0660, flags: kXR_open_read kXR_async kXR_retstat ). Trying to recover.
Begin processing the 7001st record. Run 1, Event 252901, LumiSection 2530 on stream 0 at 20-Dec-2022 11:45:19.394 CET
[2022-12-20 11:47:24.528511 +0100][Error  ][AsyncSock         ] [xrootd.ba.infn.it:1094 #0.0] Socket error while handshaking: [ERROR] Socket timeout
[2022-12-20 11:47:24.528703 +0100][Error  ][PostMaster        ] [xrootd.ba.infn.it:1094 #0] elapsed = 45, pConnectionWindow = 31 seconds.
Begin processing the 8001st record. Run 1, Event 253904, LumiSection 2540 on stream 0 at 20-Dec-2022 11:47:26.454 CET
[2022-12-20 11:48:09.775311 +0100][Error  ][AsyncSock         ] [xrootd.ba.infn.it:1094 #0.0] Socket error while handshaking: [ERROR] Socket timeout
[2022-12-20 11:48:09.775495 +0100][Error  ][PostMaster        ] [xrootd.ba.infn.it:1094 #0] elapsed = 45, pConnectionWindow = 31 seconds.
[2022-12-20 11:48:09.775510 +0100][Error  ][PostMaster        ] [xrootd.ba.infn.it:1094 #0] Unable to recover: [ERROR] Socket timeout.
[2022-12-20 11:48:09.775520 +0100][Error  ][XRootD            ] [xrootd.ba.infn.it:1094] Impossible to send message kXR_open (file: /store/user/alesauva/flashgg/UL2017_4/10_6_4/ZHiggs0PMToGG_M125_TuneCP5_13TeV-JHUGenV7011-pythia8/UL2017_4-10_6_4-v0-RunIISummer19UL17MiniAOD-106X_mc2017_realistic_v6-v2/200720_162909/0000/myMicroAODOutputFile_5.root?tried=stor79.datagrid.cea.fr, mode: 0660, flags: kXR_open_read kXR_async kXR_retstat ). Trying to recover.
Begin processing the 9001st record. Run 1, Event 264419, LumiSection 2645 on stream 0 at 20-Dec-2022 11:49:29.540 CET
Begin processing the 10001st record. Run 1, Event 265410, LumiSection 2655 on stream 0 at 20-Dec-2022 11:51:30.273 CET
[2022-12-20 11:51:55.590232 +0100][Error  ][AsyncSock         ] [xrootd.ba.infn.it:1094 #0.0] Socket error while handshaking: [ERROR] Socket timeout
[2022-12-20 11:51:55.590397 +0100][Error  ][PostMaster        ] [xrootd.ba.infn.it:1094 #0] elapsed = 45, pConnectionWindow = 31 seconds.
[2022-12-20 11:52:40.849249 +0100][Error  ][AsyncSock         ] [xrootd.ba.infn.it:1094 #0.0] Socket error while handshaking: [ERROR] Socket timeout
[2022-12-20 11:52:40.849414 +0100][Error  ][PostMaster        ] [xrootd.ba.infn.it:1094 #0] elapsed = 45, pConnectionWindow = 31 seconds.
[2022-12-20 11:52:40.849428 +0100][Error  ][PostMaster        ] [xrootd.ba.infn.it:1094 #0] Unable to recover: [ERROR] Socket timeout.
[2022-12-20 11:52:40.849439 +0100][Error  ][XRootD            ] [xrootd.ba.infn.it:1094] Impossible to send message kXR_open (file: /store/user/alesauva/flashgg/UL2017_4/10_6_4/ZHiggs0PMToGG_M125_TuneCP5_13TeV-JHUGenV7011-pythia8/UL2017_4-10_6_4-v0-RunIISummer19UL17MiniAOD-106X_mc2017_realistic_v6-v2/200720_162909/0000/myMicroAODOutputFile_5.root?tried=stor79.datagrid.cea.fr, mode: 0660, flags: kXR_open_read kXR_async kXR_retstat ). Trying to recover.
Begin processing the 11001st record. Run 1, Event 266407, LumiSection 2665 on stream 0 at 20-Dec-2022 11:53:27.435 CET
Begin processing the 12001st record. Run 1, Event 484809, LumiSection 4849 on stream 0 at 20-Dec-2022 11:55:22.782 CET
Begin processing the 13001st record. Run 1, Event 489312, LumiSection 4894 on stream 0 at 20-Dec-2022 11:57:20.405 CET
Begin processing the 14001st record. Run 1, Event 490617, LumiSection 4907 on stream 0 at 20-Dec-2022 11:59:18.222 CET
[2022-12-20 12:00:25.647270 +0100][Error  ][AsyncSock         ] [xrootd.ba.infn.it:1094 #0.0] Socket error while handshaking: [ERROR] Socket timeout
[2022-12-20 12:00:25.647448 +0100][Error  ][PostMaster        ] [xrootd.ba.infn.it:1094 #0] elapsed = 45, pConnectionWindow = 31 seconds.
[2022-12-20 12:01:10.916244 +0100][Error  ][AsyncSock         ] [xrootd.ba.infn.it:1094 #0.0] Socket error while handshaking: [ERROR] Socket timeout
[2022-12-20 12:01:10.916434 +0100][Error  ][PostMaster        ] [xrootd.ba.infn.it:1094 #0] elapsed = 45, pConnectionWindow = 31 seconds.
[2022-12-20 12:01:10.916447 +0100][Error  ][PostMaster        ] [xrootd.ba.infn.it:1094 #0] Unable to recover: [ERROR] Socket timeout.
[2022-12-20 12:01:10.916457 +0100][Error  ][XRootD            ] [xrootd.ba.infn.it:1094] Impossible to send message kXR_open (file: /store/user/alesauva/flashgg/UL2017_4/10_6_4/ZHiggs0PMToGG_M125_TuneCP5_13TeV-JHUGenV7011-pythia8/UL2017_4-10_6_4-v0-RunIISummer19UL17MiniAOD-106X_mc2017_realistic_v6-v2/200720_162909/0000/myMicroAODOutputFile_5.root?tried=stor79.datagrid.cea.fr, mode: 0660, flags: kXR_open_read kXR_async kXR_retstat ). Trying to recover.
Begin processing the 15001st record. Run 1, Event 491602, LumiSection 4917 on stream 0 at 20-Dec-2022 12:01:11.113 CET
Begin processing the 16001st record. Run 1, Event 530707, LumiSection 5308 on stream 0 at 20-Dec-2022 12:03:13.506 CET
Begin processing the 17001st record. Run 1, Event 718010, LumiSection 7181 on stream 0 at 20-Dec-2022 12:05:16.983 CET
Begin processing the 18001st record. Run 1, Event 677503, LumiSection 6776 on stream 0 at 20-Dec-2022 12:07:21.737 CET
[2022-12-20 12:09:10.921239 +0100][Error  ][AsyncSock         ] [xrootd.ba.infn.it:1094 #0.0] Socket error while handshaking: [ERROR] Socket timeout
[2022-12-20 12:09:10.921394 +0100][Error  ][PostMaster        ] [xrootd.ba.infn.it:1094 #0] elapsed = 45, pConnectionWindow = 31 seconds.
Begin processing the 19001st record. Run 1, Event 678501, LumiSection 6786 on stream 0 at 20-Dec-2022 12:09:38.489 CET
[2022-12-20 12:09:56.395231 +0100][Error  ][AsyncSock         ] [xrootd.ba.infn.it:1094 #0.0] Socket error while handshaking: [ERROR] Socket timeout
[2022-12-20 12:09:56.395430 +0100][Error  ][PostMaster        ] [xrootd.ba.infn.it:1094 #0] elapsed = 46, pConnectionWindow = 31 seconds.
[2022-12-20 12:09:56.395442 +0100][Error  ][PostMaster        ] [xrootd.ba.infn.it:1094 #0] Unable to recover: [ERROR] Socket timeout.
[2022-12-20 12:09:56.395500 +0100][Error  ][XRootD            ] [xrootd.ba.infn.it:1094] Impossible to send message kXR_open (file: /store/user/alesauva/flashgg/UL2017_4/10_6_4/ZHiggs0PMToGG_M125_TuneCP5_13TeV-JHUGenV7011-pythia8/UL2017_4-10_6_4-v0-RunIISummer19UL17MiniAOD-106X_mc2017_realistic_v6-v2/200720_162909/0000/myMicroAODOutputFile_5.root?tried=stor79.datagrid.cea.fr, mode: 0660, flags: kXR_open_read kXR_async kXR_retstat ). Trying to recover.
Begin processing the 20001st record. Run 1, Event 679508, LumiSection 6796 on stream 0 at 20-Dec-2022 12:11:39.926 CET
Begin processing the 21001st record. Run 1, Event 693208, LumiSection 6933 on stream 0 at 20-Dec-2022 12:13:26.263 CET
[2022-12-20 12:13:51.470938 +0100][Error  ][AsyncSock         ] [xrootd.ba.infn.it:1094 #0.0] Socket error while handshaking: [ERROR] Socket timeout
[2022-12-20 12:13:51.471106 +0100][Error  ][PostMaster        ] [xrootd.ba.infn.it:1094 #0] elapsed = 45, pConnectionWindow = 31 seconds.
[2022-12-20 12:14:36.686943 +0100][Error  ][AsyncSock         ] [xrootd.ba.infn.it:1094 #0.0] Socket error while handshaking: [ERROR] Socket timeout
[2022-12-20 12:14:36.687113 +0100][Error  ][PostMaster        ] [xrootd.ba.infn.it:1094 #0] elapsed = 45, pConnectionWindow = 31 seconds.
[2022-12-20 12:14:36.687145 +0100][Error  ][PostMaster        ] [xrootd.ba.infn.it:1094 #0] Unable to recover: [ERROR] Socket timeout.
[2022-12-20 12:14:36.687155 +0100][Error  ][XRootD            ] [xrootd.ba.infn.it:1094] Impossible to send message kXR_open (file: /store/user/alesauva/flashgg/UL2017_4/10_6_4/ZHiggs0PMToGG_M125_TuneCP5_13TeV-JHUGenV7011-pythia8/UL2017_4-10_6_4-v0-RunIISummer19UL17MiniAOD-106X_mc2017_realistic_v6-v2/200720_162909/0000/myMicroAODOutputFile_5.root?tried=+1413xrootd-redic.pi.infn.it,+1213llrxrd-redir.in2p3.fr,+1413llrxrd-redir.in2p3.fr,stor79.datagrid.cea.fr,node12.datagrid.cea.fr,xrootd-cms-redir-int.cr.cnaf.infn.it,xrootd-cms.infn.it,xrootd-redic.pi.infn.it&triedrc=enoent,enoent, mode: 0660, flags: kXR_open_read kXR_async kXR_retstat ). Trying to recover.
Begin processing the 22001st record. Run 1, Event 694302, LumiSection 6944 on stream 0 at 20-Dec-2022 12:14:59.556 CET
Begin processing the 23001st record. Run 1, Event 709408, LumiSection 7095 on stream 0 at 20-Dec-2022 12:16:31.736 CET
Begin processing the 24001st record. Run 1, Event 710407, LumiSection 7105 on stream 0 at 20-Dec-2022 12:18:06.691 CET
[2022-12-20 12:18:54.566277 +0100][Error  ][AsyncSock         ] [xrootd.ba.infn.it:1094 #0.0] Socket error while handshaking: [ERROR] Socket timeout
[2022-12-20 12:18:54.566442 +0100][Error  ][PostMaster        ] [xrootd.ba.infn.it:1094 #0] elapsed = 45, pConnectionWindow = 31 seconds.
[2022-12-20 12:19:39.985241 +0100][Error  ][AsyncSock         ] [xrootd.ba.infn.it:1094 #0.0] Socket error while handshaking: [ERROR] Socket timeout
[2022-12-20 12:19:39.985406 +0100][Error  ][PostMaster        ] [xrootd.ba.infn.it:1094 #0] elapsed = 45, pConnectionWindow = 31 seconds.
[2022-12-20 12:19:39.985417 +0100][Error  ][PostMaster        ] [xrootd.ba.infn.it:1094 #0] Unable to recover: [ERROR] Socket timeout.
[2022-12-20 12:19:39.985426 +0100][Error  ][XRootD            ] [xrootd.ba.infn.it:1094] Impossible to send message kXR_open (file: /store/user/alesauva/flashgg/UL2017_4/10_6_4/ZHiggs0PMToGG_M125_TuneCP5_13TeV-JHUGenV7011-pythia8/UL2017_4-10_6_4-v0-RunIISummer19UL17MiniAOD-106X_mc2017_realistic_v6-v2/200720_162909/0000/myMicroAODOutputFile_5.root?tried=stor79.datagrid.cea.fr, mode: 0660, flags: kXR_open_read kXR_async kXR_retstat ). Trying to recover.
20-Dec-2022 12:19:44 CET  Closed file root://cms-xrd-global.cern.ch//store/user/alesauva/flashgg/UL2017_4/10_6_4/ZHiggs0PMToGG_M125_TuneCP5_13TeV-JHUGenV7011-pythia8/UL2017_4-10_6_4-v0-RunIISummer19UL17MiniAOD-106X_mc2017_realistic_v6-v2/200720_162909/0000/myMicroAODOutputFile_5.root

TrigReport ---------- Event  Summary ------------
TrigReport Events total = 25000 passed = 24880 failed = 120

TrigReport ---------- Path   Summary ------------
TrigReport  Trig Bit#   Executed     Passed     Failed      Error Name
TrigReport     1    0      25000      24880        120          0 p

TrigReport -------End-Path   Summary ------------
TrigReport  Trig Bit#   Executed     Passed     Failed      Error Name

TrigReport ---------- Modules in Path: p ------------
TrigReport  Trig Bit#    Visited     Passed     Failed      Error Name
TrigReport     1    0      25000      24880        120          0 flashggMetFilters
TrigReport     1    1      24880      24880          0          0 VHFilter
TrigReport     1    2      24880      24880          0          0 flashggDifferentialPhoIdInputsCorrection
TrigReport     1    3      24880      24880          0          0 flashggDiPhotonSystematics
TrigReport     1    4      24880      24880          0          0 flashggMetSystematics
TrigReport     1    5      24880      24880          0          0 flashggMuonSystematics
TrigReport     1    6      24880      24880          0          0 flashggElectronSystematics
TrigReport     1    7      24880      24880          0          0 flashggUnpackedJets
TrigReport     1    8      24880      24880          0          0 flashggJetSystematics0
TrigReport     1    9      24880      24880          0          0 flashggJetSystematics1
TrigReport     1   10      24880      24880          0          0 flashggJetSystematics2
TrigReport     1   11      24880      24880          0          0 flashggJetSystematics3
TrigReport     1   12      24880      24880          0          0 flashggJetSystematics4
TrigReport     1   13      24880      24880          0          0 flashggJetSystematics5
TrigReport     1   14      24880      24880          0          0 flashggJetSystematics6
TrigReport     1   15      24880      24880          0          0 flashggJetSystematics7
TrigReport     1   16      24880      24880          0          0 flashggJetSystematics8
TrigReport     1   17      24880      24880          0          0 flashggJetSystematics9
TrigReport     1   18      24880      24880          0          0 flashggJetSystematics10
TrigReport     1   19      24880      24880          0          0 flashggJetSystematics11
TrigReport     1   20      24880      24880          0          0 flashggPrefireDiPhotons
TrigReport     1   21      24880      24880          0          0 flashggPreselectedDiPhotons
TrigReport     1   22      24880      24880          0          0 flashggDiPhotonMVA
TrigReport     1   23      24880      24880          0          0 flashggVBFMVA
TrigReport     1   24      24880      24880          0          0 flashggVHhadMVA
TrigReport     1   25      24880      24880          0          0 flashggGluGluHMVA
TrigReport     1   26      24880      24880          0          0 flashggStageOneCombinedTag
TrigReport     1   27      24880      24880          0          0 flashggTHQLeptonicTag
TrigReport     1   28      24880      24880          0          0 flashggVHMetTag
TrigReport     1   29      24880      24880          0          0 flashggWHLeptonicTag
TrigReport     1   30      24880      24880          0          0 flashggZHLeptonicTag
TrigReport     1   31      24880      24880          0          0 flashggTTHLeptonicTag
TrigReport     1   32      24880      24880          0          0 flashggTTHHadronicTag
TrigReport     1   33      24880      24880          0          0 flashggTagSorter
TrigReport     1   34      24880      24880          0          0 flashggSystTagMerger
TrigReport     1   35      24880      24880          0          0 tagsDumper

TrigReport ---------- Module Summary ------------
TrigReport    Visited   Executed     Passed     Failed      Error Name
TrigReport      25000      25000      25000          0          0 TriggerResults
TrigReport      24880      24880      24880          0          0 VHFilter
TrigReport      24880      24880      24880          0          0 ak4PFCHSL1FastL2L3Corrector
TrigReport      24880      24880      24880          0          0 ak4PFCHSL1FastjetCorrector
TrigReport      24880      24880      24880          0          0 ak4PFCHSL2RelativeCorrector
TrigReport      24880      24880      24880          0          0 ak4PFCHSL3AbsoluteCorrector
TrigReport      24880      24880      24880          0          0 flashggDiPhotonMVA
TrigReport      24880      24880      24880          0          0 flashggDiPhotonSystematics
TrigReport      24880      24880      24880          0          0 flashggDifferentialPhoIdInputsCorrection
TrigReport      24880      24880      24880          0          0 flashggElectronSystematics
TrigReport      24880      24880      24880          0          0 flashggGluGluHMVA
TrigReport      24880      24880      24880          0          0 flashggJetSystematics0
TrigReport      24880      24880      24880          0          0 flashggJetSystematics1
TrigReport      24880      24880      24880          0          0 flashggJetSystematics10
TrigReport      24880      24880      24880          0          0 flashggJetSystematics11
TrigReport      24880      24880      24880          0          0 flashggJetSystematics2
TrigReport      24880      24880      24880          0          0 flashggJetSystematics3
TrigReport      24880      24880      24880          0          0 flashggJetSystematics4
TrigReport      24880      24880      24880          0          0 flashggJetSystematics5
TrigReport      24880      24880      24880          0          0 flashggJetSystematics6
TrigReport      24880      24880      24880          0          0 flashggJetSystematics7
TrigReport      24880      24880      24880          0          0 flashggJetSystematics8
TrigReport      24880      24880      24880          0          0 flashggJetSystematics9
TrigReport      25000      25000      24880        120          0 flashggMetFilters
TrigReport      24880      24880      24880          0          0 flashggMetSystematics
TrigReport      24880      24880      24880          0          0 flashggMuonSystematics
TrigReport      24880      24880      24880          0          0 flashggPrefireDiPhotons
TrigReport      24880      24880      24880          0          0 flashggPreselectedDiPhotons
TrigReport      24880      24880      24880          0          0 flashggStageOneCombinedTag
TrigReport      24880      24880      24880          0          0 flashggSystTagMerger
TrigReport      24880      24880      24880          0          0 flashggTHQLeptonicTag
TrigReport      24880      24880      24880          0          0 flashggTTHHadronicTag
TrigReport      24880      24880      24880          0          0 flashggTTHLeptonicTag
TrigReport      24880      24880      24880          0          0 flashggTagSorter
TrigReport      24880      24880      24880          0          0 flashggUnpackedJets
TrigReport      24880      24880      24880          0          0 flashggVBFMVA
TrigReport      24880      24880      24880          0          0 flashggVHMetTag
TrigReport      24880      24880      24880          0          0 flashggVHhadMVA
TrigReport      24880      24880      24880          0          0 flashggWHLeptonicTag
TrigReport      24880      24880      24880          0          0 flashggZHLeptonicTag
TrigReport      25000      25000      25000          0          0 p
TrigReport      24880      24880      24880          0          0 tagsDumper

TimeReport ---------- Event  Summary ---[sec]----
TimeReport       event loop CPU/event = 0.123034
TimeReport      event loop Real/event = 0.124204
TimeReport     sum Streams Real/event = 0.120564
TimeReport efficiency CPU/Real/thread = 0.990586

TimeReport ---------- Path   Summary ---[Real sec]----
TimeReport  per event     per exec  Name
TimeReport   0.120067     0.120067  p
TimeReport  per event     per exec  Name

TimeReport -------End-Path   Summary ---[Real sec]----
TimeReport  per event     per exec  Name
TimeReport  per event     per exec  Name

TimeReport ---------- Modules in Path: p ---[Real sec]----
TimeReport  per event    per visit  Name
TimeReport   0.000017     0.000017  flashggMetFilters
TimeReport   0.000006     0.000006  VHFilter
TimeReport   0.067100     0.067424  flashggDifferentialPhoIdInputsCorrection
TimeReport   0.037712     0.037894  flashggDiPhotonSystematics
TimeReport   0.000173     0.000174  flashggMetSystematics
TimeReport   0.000022     0.000022  flashggMuonSystematics
TimeReport   0.000034     0.000035  flashggElectronSystematics
TimeReport   0.000215     0.000216  flashggUnpackedJets
TimeReport   0.003722     0.003739  flashggJetSystematics0
TimeReport   0.000551     0.000554  flashggJetSystematics1
TimeReport   0.000486     0.000489  flashggJetSystematics2
TimeReport   0.000467     0.000469  flashggJetSystematics3
TimeReport   0.000458     0.000460  flashggJetSystematics4
TimeReport   0.000454     0.000456  flashggJetSystematics5
TimeReport   0.000449     0.000451  flashggJetSystematics6
TimeReport   0.000447     0.000449  flashggJetSystematics7
TimeReport   0.000446     0.000448  flashggJetSystematics8
TimeReport   0.000445     0.000447  flashggJetSystematics9
TimeReport   0.000442     0.000444  flashggJetSystematics10
TimeReport   0.000440     0.000443  flashggJetSystematics11
TimeReport   0.000262     0.000263  flashggPrefireDiPhotons
TimeReport   0.000111     0.000111  flashggPreselectedDiPhotons
TimeReport   0.000030     0.000030  flashggDiPhotonMVA
TimeReport   0.000026     0.000026  flashggVBFMVA
TimeReport   0.000016     0.000016  flashggVHhadMVA
TimeReport   0.000045     0.000045  flashggGluGluHMVA
TimeReport   0.000028     0.000028  flashggStageOneCombinedTag
TimeReport   0.001187     0.001192  flashggTHQLeptonicTag
TimeReport   0.000305     0.000307  flashggVHMetTag
TimeReport   0.000022     0.000022  flashggWHLeptonicTag
TimeReport   0.000018     0.000019  flashggZHLeptonicTag
TimeReport   0.000058     0.000058  flashggTTHLeptonicTag
TimeReport   0.001128     0.001133  flashggTTHHadronicTag
TimeReport   0.000081     0.000082  flashggTagSorter
TimeReport   0.000003     0.000003  flashggSystTagMerger
TimeReport   0.000294     0.000296  tagsDumper
TimeReport  per event    per visit  Name

TimeReport ---------- Module Summary ---[Real sec]----
TimeReport  per event     per exec    per visit  Name
TimeReport   0.000003     0.000003     0.000003  TriggerResults
TimeReport   0.000006     0.000006     0.000006  VHFilter
TimeReport   0.000004     0.000004     0.000004  ak4PFCHSL1FastL2L3Corrector
TimeReport   0.000004     0.000004     0.000004  ak4PFCHSL1FastjetCorrector
TimeReport   0.000002     0.000002     0.000002  ak4PFCHSL2RelativeCorrector
TimeReport   0.000014     0.000014     0.000014  ak4PFCHSL3AbsoluteCorrector
TimeReport   0.000030     0.000030     0.000030  flashggDiPhotonMVA
TimeReport   0.037712     0.037894     0.037894  flashggDiPhotonSystematics
TimeReport   0.067100     0.067424     0.067424  flashggDifferentialPhoIdInputsCorrection
TimeReport   0.000034     0.000035     0.000035  flashggElectronSystematics
TimeReport   0.000045     0.000045     0.000045  flashggGluGluHMVA
TimeReport   0.003722     0.003739     0.003739  flashggJetSystematics0
TimeReport   0.000551     0.000554     0.000554  flashggJetSystematics1
TimeReport   0.000442     0.000444     0.000444  flashggJetSystematics10
TimeReport   0.000440     0.000443     0.000443  flashggJetSystematics11
TimeReport   0.000486     0.000489     0.000489  flashggJetSystematics2
TimeReport   0.000467     0.000469     0.000469  flashggJetSystematics3
TimeReport   0.000458     0.000460     0.000460  flashggJetSystematics4
TimeReport   0.000454     0.000456     0.000456  flashggJetSystematics5
TimeReport   0.000449     0.000451     0.000451  flashggJetSystematics6
TimeReport   0.000447     0.000449     0.000449  flashggJetSystematics7
TimeReport   0.000446     0.000448     0.000448  flashggJetSystematics8
TimeReport   0.000445     0.000447     0.000447  flashggJetSystematics9
TimeReport   0.000017     0.000017     0.000017  flashggMetFilters
TimeReport   0.000173     0.000174     0.000174  flashggMetSystematics
TimeReport   0.000022     0.000022     0.000022  flashggMuonSystematics
TimeReport   0.000262     0.000263     0.000263  flashggPrefireDiPhotons
TimeReport   0.000111     0.000111     0.000111  flashggPreselectedDiPhotons
TimeReport   0.000028     0.000028     0.000028  flashggStageOneCombinedTag
TimeReport   0.000003     0.000003     0.000003  flashggSystTagMerger
TimeReport   0.001187     0.001192     0.001192  flashggTHQLeptonicTag
TimeReport   0.001128     0.001133     0.001133  flashggTTHHadronicTag
TimeReport   0.000058     0.000058     0.000058  flashggTTHLeptonicTag
TimeReport   0.000081     0.000082     0.000082  flashggTagSorter
TimeReport   0.000215     0.000216     0.000216  flashggUnpackedJets
TimeReport   0.000026     0.000026     0.000026  flashggVBFMVA
TimeReport   0.000305     0.000307     0.000307  flashggVHMetTag
TimeReport   0.000016     0.000016     0.000016  flashggVHhadMVA
TimeReport   0.000022     0.000022     0.000022  flashggWHLeptonicTag
TimeReport   0.000018     0.000019     0.000019  flashggZHLeptonicTag
TimeReport   0.000003     0.000003     0.000003  p
TimeReport   0.000294     0.000296     0.000296  tagsDumper
TimeReport  per event     per exec    per visit  Name

T---Report end!


=============================================

MessageLogger Summary

 type     category        sev    module        subroutine        count    total
 ---- -------------------- -- ---------------- ----------------  -----    -----
    1 XrdAdaptor           -w file_open                              1        1
    2 fileAction           -s file_close                             1        1
    3 fileAction           -s file_open                              2        2

 type    category    Examples: run/evt        run/evt          run/evt
 ---- -------------------- ---------------- ---------------- ----------------
    1 XrdAdaptor           pre-events                        
    2 fileAction           PostGlobalEndRun                  
    3 fileAction           pre-events       pre-events       

Severity    # Occurrences   Total Occurrences
--------    -------------   -----------------
Warning                 1                   1
System                  3                   3

dropped waiting message count 0
