mkdir: cannot create directory '/afs/cern.ch/user/x/xisu/private/local/Analysis_workspace/VH_AC_tmp1/flashgg_d2/CMSSW_10_6_29/src/flashgg/VHAC_Analysis_Met/UL_17/UL_17_zh125': File exists
/cvmfs/cms.cern.ch/slc7_amd64_gcc700/external/py2-requests/2.21.0-pafccj2/lib/python2.7/site-packages/requests/__init__.py:91: RequestsDependencyWarning: urllib3 (1.25.2) or chardet (3.0.4) doesn't match a supported version!
  RequestsDependencyWarning)
20-Dec-2022 11:19:56 CET  Initiating request to open file root://cms-xrd-global.cern.ch//store/user/alesauva/flashgg/UL2017_4/10_6_4/ZHiggs0PMToGG_M125_TuneCP5_13TeV-JHUGenV7011-pythia8/UL2017_4-10_6_4-v0-RunIISummer19UL17MiniAOD-106X_mc2017_realistic_v6-v2/200720_162909/0000/myMicroAODOutputFile_21.root
%MSG-w XrdAdaptor:  file_open 20-Dec-2022 11:19:58 CET pre-events
Data is served from GRIF-IRFU instead of original site CERN-CMSGLOBAL-01
%MSG
20-Dec-2022 11:20:00 CET  Successfully opened file root://cms-xrd-global.cern.ch//store/user/alesauva/flashgg/UL2017_4/10_6_4/ZHiggs0PMToGG_M125_TuneCP5_13TeV-JHUGenV7011-pythia8/UL2017_4-10_6_4-v0-RunIISummer19UL17MiniAOD-106X_mc2017_realistic_v6-v2/200720_162909/0000/myMicroAODOutputFile_21.root
2022-12-20 11:32:02.005407: I tensorflow/core/platform/cpu_feature_guard.cc:140] Your CPU supports instructions that this TensorFlow binary was not compiled to use: SSE4.1 SSE4.2 AVX AVX2 FMA
Begin processing the 1st record. Run 1, Event 189401, LumiSection 1895 on stream 0 at 20-Dec-2022 11:32:50.981 CET
[2022-12-20 11:33:34.170338 +0100][Error  ][AsyncSock         ] [xrootd.ba.infn.it:1094 #0.0] Socket error while handshaking: [ERROR] Socket timeout
[2022-12-20 11:33:34.170536 +0100][Error  ][PostMaster        ] [xrootd.ba.infn.it:1094 #0] elapsed = 45, pConnectionWindow = 31 seconds.
[2022-12-20 11:34:19.384224 +0100][Error  ][AsyncSock         ] [xrootd.ba.infn.it:1094 #0.0] Socket error while handshaking: [ERROR] Socket timeout
[2022-12-20 11:34:19.384353 +0100][Error  ][PostMaster        ] [xrootd.ba.infn.it:1094 #0] elapsed = 45, pConnectionWindow = 31 seconds.
[2022-12-20 11:34:19.384382 +0100][Error  ][PostMaster        ] [xrootd.ba.infn.it:1094 #0] Unable to recover: [ERROR] Socket timeout.
[2022-12-20 11:34:19.384402 +0100][Error  ][XRootD            ] [xrootd.ba.infn.it:1094] Impossible to send message kXR_open (file: /store/user/alesauva/flashgg/UL2017_4/10_6_4/ZHiggs0PMToGG_M125_TuneCP5_13TeV-JHUGenV7011-pythia8/UL2017_4-10_6_4-v0-RunIISummer19UL17MiniAOD-106X_mc2017_realistic_v6-v2/200720_162909/0000/myMicroAODOutputFile_21.root?tried=stor80.datagrid.cea.fr, mode: 0660, flags: kXR_open_read kXR_async kXR_retstat ). Trying to recover.
Begin processing the 1001st record. Run 1, Event 190413, LumiSection 1905 on stream 0 at 20-Dec-2022 11:36:54.873 CET
Begin processing the 2001st record. Run 1, Event 191412, LumiSection 1915 on stream 0 at 20-Dec-2022 11:38:49.745 CET
Begin processing the 3001st record. Run 1, Event 202905, LumiSection 2030 on stream 0 at 20-Dec-2022 11:40:52.128 CET
[2022-12-20 11:42:09.091289 +0100][Error  ][AsyncSock         ] [xrootd.ba.infn.it:1094 #0.0] Socket error while handshaking: [ERROR] Socket timeout
[2022-12-20 11:42:09.091455 +0100][Error  ][PostMaster        ] [xrootd.ba.infn.it:1094 #0] elapsed = 45, pConnectionWindow = 31 seconds.
Begin processing the 4001st record. Run 1, Event 203907, LumiSection 2040 on stream 0 at 20-Dec-2022 11:42:52.839 CET
[2022-12-20 11:42:54.341338 +0100][Error  ][AsyncSock         ] [xrootd.ba.infn.it:1094 #0.0] Socket error while handshaking: [ERROR] Socket timeout
[2022-12-20 11:42:54.341475 +0100][Error  ][PostMaster        ] [xrootd.ba.infn.it:1094 #0] elapsed = 45, pConnectionWindow = 31 seconds.
[2022-12-20 11:42:54.341485 +0100][Error  ][PostMaster        ] [xrootd.ba.infn.it:1094 #0] Unable to recover: [ERROR] Socket timeout.
[2022-12-20 11:42:54.341494 +0100][Error  ][XRootD            ] [xrootd.ba.infn.it:1094] Impossible to send message kXR_open (file: /store/user/alesauva/flashgg/UL2017_4/10_6_4/ZHiggs0PMToGG_M125_TuneCP5_13TeV-JHUGenV7011-pythia8/UL2017_4-10_6_4-v0-RunIISummer19UL17MiniAOD-106X_mc2017_realistic_v6-v2/200720_162909/0000/myMicroAODOutputFile_21.root?tried=stor80.datagrid.cea.fr, mode: 0660, flags: kXR_open_read kXR_async kXR_retstat ). Trying to recover.
Begin processing the 5001st record. Run 1, Event 231302, LumiSection 2314 on stream 0 at 20-Dec-2022 11:44:48.482 CET
Begin processing the 6001st record. Run 1, Event 233201, LumiSection 2333 on stream 0 at 20-Dec-2022 11:46:57.288 CET
Begin processing the 7001st record. Run 1, Event 355302, LumiSection 3554 on stream 0 at 20-Dec-2022 11:48:55.716 CET
[2022-12-20 11:50:50.549257 +0100][Error  ][AsyncSock         ] [xrootd.ba.infn.it:1094 #0.0] Socket error while handshaking: [ERROR] Socket timeout
[2022-12-20 11:50:50.549403 +0100][Error  ][PostMaster        ] [xrootd.ba.infn.it:1094 #0] elapsed = 45, pConnectionWindow = 31 seconds.
Begin processing the 8001st record. Run 1, Event 356307, LumiSection 3564 on stream 0 at 20-Dec-2022 11:50:53.950 CET
[2022-12-20 11:51:35.775220 +0100][Error  ][AsyncSock         ] [xrootd.ba.infn.it:1094 #0.0] Socket error while handshaking: [ERROR] Socket timeout
[2022-12-20 11:51:35.775562 +0100][Error  ][PostMaster        ] [xrootd.ba.infn.it:1094 #0] elapsed = 45, pConnectionWindow = 31 seconds.
[2022-12-20 11:51:35.775581 +0100][Error  ][PostMaster        ] [xrootd.ba.infn.it:1094 #0] Unable to recover: [ERROR] Socket timeout.
[2022-12-20 11:51:35.775592 +0100][Error  ][XRootD            ] [xrootd.ba.infn.it:1094] Impossible to send message kXR_open (file: /store/user/alesauva/flashgg/UL2017_4/10_6_4/ZHiggs0PMToGG_M125_TuneCP5_13TeV-JHUGenV7011-pythia8/UL2017_4-10_6_4-v0-RunIISummer19UL17MiniAOD-106X_mc2017_realistic_v6-v2/200720_162909/0000/myMicroAODOutputFile_21.root?tried=stor80.datagrid.cea.fr, mode: 0660, flags: kXR_open_read kXR_async kXR_retstat ). Trying to recover.
Begin processing the 9001st record. Run 1, Event 557405, LumiSection 5575 on stream 0 at 20-Dec-2022 11:52:54.884 CET
Begin processing the 10001st record. Run 1, Event 641202, LumiSection 6413 on stream 0 at 20-Dec-2022 11:54:55.745 CET
Begin processing the 11001st record. Run 1, Event 437707, LumiSection 4378 on stream 0 at 20-Dec-2022 11:57:02.260 CET
Begin processing the 12001st record. Run 1, Event 442001, LumiSection 4421 on stream 0 at 20-Dec-2022 11:59:17.228 CET
[2022-12-20 11:59:54.305306 +0100][Error  ][AsyncSock         ] [xrootd.ba.infn.it:1094 #0.0] Socket error while handshaking: [ERROR] Socket timeout
[2022-12-20 11:59:54.305474 +0100][Error  ][PostMaster        ] [xrootd.ba.infn.it:1094 #0] elapsed = 45, pConnectionWindow = 31 seconds.
[2022-12-20 12:00:39.685543 +0100][Error  ][AsyncSock         ] [xrootd.ba.infn.it:1094 #0.0] Socket error while handshaking: [ERROR] Socket timeout
[2022-12-20 12:00:39.685693 +0100][Error  ][PostMaster        ] [xrootd.ba.infn.it:1094 #0] elapsed = 45, pConnectionWindow = 31 seconds.
[2022-12-20 12:00:39.685703 +0100][Error  ][PostMaster        ] [xrootd.ba.infn.it:1094 #0] Unable to recover: [ERROR] Socket timeout.
[2022-12-20 12:00:39.685714 +0100][Error  ][XRootD            ] [xrootd.ba.infn.it:1094] Impossible to send message kXR_open (file: /store/user/alesauva/flashgg/UL2017_4/10_6_4/ZHiggs0PMToGG_M125_TuneCP5_13TeV-JHUGenV7011-pythia8/UL2017_4-10_6_4-v0-RunIISummer19UL17MiniAOD-106X_mc2017_realistic_v6-v2/200720_162909/0000/myMicroAODOutputFile_21.root?tried=stor80.datagrid.cea.fr, mode: 0660, flags: kXR_open_read kXR_async kXR_retstat ). Trying to recover.
Begin processing the 13001st record. Run 1, Event 443010, LumiSection 4431 on stream 0 at 20-Dec-2022 12:01:21.277 CET
Begin processing the 14001st record. Run 1, Event 49109, LumiSection 492 on stream 0 at 20-Dec-2022 12:03:18.173 CET
Begin processing the 15001st record. Run 1, Event 412006, LumiSection 4121 on stream 0 at 20-Dec-2022 12:05:11.501 CET
Begin processing the 16001st record. Run 1, Event 413025, LumiSection 4131 on stream 0 at 20-Dec-2022 12:07:07.222 CET
[2022-12-20 12:08:23.580187 +0100][Error  ][AsyncSock         ] [xrootd.ba.infn.it:1094 #0.0] Socket error while handshaking: [ERROR] Socket timeout
[2022-12-20 12:08:23.580365 +0100][Error  ][PostMaster        ] [xrootd.ba.infn.it:1094 #0] elapsed = 45, pConnectionWindow = 31 seconds.
Begin processing the 17001st record. Run 1, Event 50909, LumiSection 510 on stream 0 at 20-Dec-2022 12:09:00.594 CET
[2022-12-20 12:09:08.892313 +0100][Error  ][AsyncSock         ] [xrootd.ba.infn.it:1094 #0.0] Socket error while handshaking: [ERROR] Socket timeout
[2022-12-20 12:09:08.892463 +0100][Error  ][PostMaster        ] [xrootd.ba.infn.it:1094 #0] elapsed = 45, pConnectionWindow = 31 seconds.
[2022-12-20 12:09:08.892472 +0100][Error  ][PostMaster        ] [xrootd.ba.infn.it:1094 #0] Unable to recover: [ERROR] Socket timeout.
[2022-12-20 12:09:08.892483 +0100][Error  ][XRootD            ] [xrootd.ba.infn.it:1094] Impossible to send message kXR_open (file: /store/user/alesauva/flashgg/UL2017_4/10_6_4/ZHiggs0PMToGG_M125_TuneCP5_13TeV-JHUGenV7011-pythia8/UL2017_4-10_6_4-v0-RunIISummer19UL17MiniAOD-106X_mc2017_realistic_v6-v2/200720_162909/0000/myMicroAODOutputFile_21.root?tried=stor80.datagrid.cea.fr, mode: 0660, flags: kXR_open_read kXR_async kXR_retstat ). Trying to recover.
Begin processing the 18001st record. Run 1, Event 211717, LumiSection 2118 on stream 0 at 20-Dec-2022 12:10:51.837 CET
Begin processing the 19001st record. Run 1, Event 216506, LumiSection 2166 on stream 0 at 20-Dec-2022 12:12:49.577 CET
Begin processing the 20001st record. Run 1, Event 450718, LumiSection 4508 on stream 0 at 20-Dec-2022 12:14:45.804 CET
Begin processing the 21001st record. Run 1, Event 624504, LumiSection 6246 on stream 0 at 20-Dec-2022 12:16:41.918 CET
[2022-12-20 12:16:42.092739 +0100][Error  ][AsyncSock         ] [xrootd.ba.infn.it:1094 #0.0] Socket error while handshaking: [ERROR] Socket timeout
[2022-12-20 12:16:42.092858 +0100][Error  ][PostMaster        ] [xrootd.ba.infn.it:1094 #0] elapsed = 45, pConnectionWindow = 31 seconds.
[2022-12-20 12:17:27.444144 +0100][Error  ][AsyncSock         ] [xrootd.ba.infn.it:1094 #0.0] Socket error while handshaking: [ERROR] Socket timeout
[2022-12-20 12:17:27.444245 +0100][Error  ][PostMaster        ] [xrootd.ba.infn.it:1094 #0] elapsed = 45, pConnectionWindow = 31 seconds.
[2022-12-20 12:17:27.444252 +0100][Error  ][PostMaster        ] [xrootd.ba.infn.it:1094 #0] Unable to recover: [ERROR] Socket timeout.
[2022-12-20 12:17:27.444269 +0100][Error  ][XRootD            ] [xrootd.ba.infn.it:1094] Impossible to send message kXR_open (file: /store/user/alesauva/flashgg/UL2017_4/10_6_4/ZHiggs0PMToGG_M125_TuneCP5_13TeV-JHUGenV7011-pythia8/UL2017_4-10_6_4-v0-RunIISummer19UL17MiniAOD-106X_mc2017_realistic_v6-v2/200720_162909/0000/myMicroAODOutputFile_21.root?tried=stor80.datagrid.cea.fr, mode: 0660, flags: kXR_open_read kXR_async kXR_retstat ). Trying to recover.
Begin processing the 22001st record. Run 1, Event 626606, LumiSection 6267 on stream 0 at 20-Dec-2022 12:18:27.282 CET
Begin processing the 23001st record. Run 1, Event 628013, LumiSection 6281 on stream 0 at 20-Dec-2022 12:20:23.262 CET
Begin processing the 24001st record. Run 1, Event 629015, LumiSection 6291 on stream 0 at 20-Dec-2022 12:22:15.740 CET
20-Dec-2022 12:24:03 CET  Closed file root://cms-xrd-global.cern.ch//store/user/alesauva/flashgg/UL2017_4/10_6_4/ZHiggs0PMToGG_M125_TuneCP5_13TeV-JHUGenV7011-pythia8/UL2017_4-10_6_4-v0-RunIISummer19UL17MiniAOD-106X_mc2017_realistic_v6-v2/200720_162909/0000/myMicroAODOutputFile_21.root

TrigReport ---------- Event  Summary ------------
TrigReport Events total = 25000 passed = 24868 failed = 132

TrigReport ---------- Path   Summary ------------
TrigReport  Trig Bit#   Executed     Passed     Failed      Error Name
TrigReport     1    0      25000      24868        132          0 p

TrigReport -------End-Path   Summary ------------
TrigReport  Trig Bit#   Executed     Passed     Failed      Error Name

TrigReport ---------- Modules in Path: p ------------
TrigReport  Trig Bit#    Visited     Passed     Failed      Error Name
TrigReport     1    0      25000      24868        132          0 flashggMetFilters
TrigReport     1    1      24868      24868          0          0 VHFilter
TrigReport     1    2      24868      24868          0          0 flashggDifferentialPhoIdInputsCorrection
TrigReport     1    3      24868      24868          0          0 flashggDiPhotonSystematics
TrigReport     1    4      24868      24868          0          0 flashggMetSystematics
TrigReport     1    5      24868      24868          0          0 flashggMuonSystematics
TrigReport     1    6      24868      24868          0          0 flashggElectronSystematics
TrigReport     1    7      24868      24868          0          0 flashggUnpackedJets
TrigReport     1    8      24868      24868          0          0 flashggJetSystematics0
TrigReport     1    9      24868      24868          0          0 flashggJetSystematics1
TrigReport     1   10      24868      24868          0          0 flashggJetSystematics2
TrigReport     1   11      24868      24868          0          0 flashggJetSystematics3
TrigReport     1   12      24868      24868          0          0 flashggJetSystematics4
TrigReport     1   13      24868      24868          0          0 flashggJetSystematics5
TrigReport     1   14      24868      24868          0          0 flashggJetSystematics6
TrigReport     1   15      24868      24868          0          0 flashggJetSystematics7
TrigReport     1   16      24868      24868          0          0 flashggJetSystematics8
TrigReport     1   17      24868      24868          0          0 flashggJetSystematics9
TrigReport     1   18      24868      24868          0          0 flashggJetSystematics10
TrigReport     1   19      24868      24868          0          0 flashggJetSystematics11
TrigReport     1   20      24868      24868          0          0 flashggPrefireDiPhotons
TrigReport     1   21      24868      24868          0          0 flashggPreselectedDiPhotons
TrigReport     1   22      24868      24868          0          0 flashggDiPhotonMVA
TrigReport     1   23      24868      24868          0          0 flashggVBFMVA
TrigReport     1   24      24868      24868          0          0 flashggVHhadMVA
TrigReport     1   25      24868      24868          0          0 flashggGluGluHMVA
TrigReport     1   26      24868      24868          0          0 flashggStageOneCombinedTag
TrigReport     1   27      24868      24868          0          0 flashggTHQLeptonicTag
TrigReport     1   28      24868      24868          0          0 flashggVHMetTag
TrigReport     1   29      24868      24868          0          0 flashggWHLeptonicTag
TrigReport     1   30      24868      24868          0          0 flashggZHLeptonicTag
TrigReport     1   31      24868      24868          0          0 flashggTTHLeptonicTag
TrigReport     1   32      24868      24868          0          0 flashggTTHHadronicTag
TrigReport     1   33      24868      24868          0          0 flashggTagSorter
TrigReport     1   34      24868      24868          0          0 flashggSystTagMerger
TrigReport     1   35      24868      24868          0          0 tagsDumper

TrigReport ---------- Module Summary ------------
TrigReport    Visited   Executed     Passed     Failed      Error Name
TrigReport      25000      25000      25000          0          0 TriggerResults
TrigReport      24868      24868      24868          0          0 VHFilter
TrigReport      24868      24868      24868          0          0 ak4PFCHSL1FastL2L3Corrector
TrigReport      24868      24868      24868          0          0 ak4PFCHSL1FastjetCorrector
TrigReport      24868      24868      24868          0          0 ak4PFCHSL2RelativeCorrector
TrigReport      24868      24868      24868          0          0 ak4PFCHSL3AbsoluteCorrector
TrigReport      24868      24868      24868          0          0 flashggDiPhotonMVA
TrigReport      24868      24868      24868          0          0 flashggDiPhotonSystematics
TrigReport      24868      24868      24868          0          0 flashggDifferentialPhoIdInputsCorrection
TrigReport      24868      24868      24868          0          0 flashggElectronSystematics
TrigReport      24868      24868      24868          0          0 flashggGluGluHMVA
TrigReport      24868      24868      24868          0          0 flashggJetSystematics0
TrigReport      24868      24868      24868          0          0 flashggJetSystematics1
TrigReport      24868      24868      24868          0          0 flashggJetSystematics10
TrigReport      24868      24868      24868          0          0 flashggJetSystematics11
TrigReport      24868      24868      24868          0          0 flashggJetSystematics2
TrigReport      24868      24868      24868          0          0 flashggJetSystematics3
TrigReport      24868      24868      24868          0          0 flashggJetSystematics4
TrigReport      24868      24868      24868          0          0 flashggJetSystematics5
TrigReport      24868      24868      24868          0          0 flashggJetSystematics6
TrigReport      24868      24868      24868          0          0 flashggJetSystematics7
TrigReport      24868      24868      24868          0          0 flashggJetSystematics8
TrigReport      24868      24868      24868          0          0 flashggJetSystematics9
TrigReport      25000      25000      24868        132          0 flashggMetFilters
TrigReport      24868      24868      24868          0          0 flashggMetSystematics
TrigReport      24868      24868      24868          0          0 flashggMuonSystematics
TrigReport      24868      24868      24868          0          0 flashggPrefireDiPhotons
TrigReport      24868      24868      24868          0          0 flashggPreselectedDiPhotons
TrigReport      24868      24868      24868          0          0 flashggStageOneCombinedTag
TrigReport      24868      24868      24868          0          0 flashggSystTagMerger
TrigReport      24868      24868      24868          0          0 flashggTHQLeptonicTag
TrigReport      24868      24868      24868          0          0 flashggTTHHadronicTag
TrigReport      24868      24868      24868          0          0 flashggTTHLeptonicTag
TrigReport      24868      24868      24868          0          0 flashggTagSorter
TrigReport      24868      24868      24868          0          0 flashggUnpackedJets
TrigReport      24868      24868      24868          0          0 flashggVBFMVA
TrigReport      24868      24868      24868          0          0 flashggVHMetTag
TrigReport      24868      24868      24868          0          0 flashggVHhadMVA
TrigReport      24868      24868      24868          0          0 flashggWHLeptonicTag
TrigReport      24868      24868      24868          0          0 flashggZHLeptonicTag
TrigReport      25000      25000      25000          0          0 p
TrigReport      24868      24868      24868          0          0 tagsDumper

TimeReport ---------- Event  Summary ---[sec]----
TimeReport       event loop CPU/event = 0.122164
TimeReport      event loop Real/event = 0.122964
TimeReport     sum Streams Real/event = 0.119388
TimeReport efficiency CPU/Real/thread = 0.993493

TimeReport ---------- Path   Summary ---[Real sec]----
TimeReport  per event     per exec  Name
TimeReport   0.118914     0.118914  p
TimeReport  per event     per exec  Name

TimeReport -------End-Path   Summary ---[Real sec]----
TimeReport  per event     per exec  Name
TimeReport  per event     per exec  Name

TimeReport ---------- Modules in Path: p ---[Real sec]----
TimeReport  per event    per visit  Name
TimeReport   0.000016     0.000016  flashggMetFilters
TimeReport   0.000006     0.000006  VHFilter
TimeReport   0.062209     0.062539  flashggDifferentialPhoIdInputsCorrection
TimeReport   0.040830     0.041046  flashggDiPhotonSystematics
TimeReport   0.000178     0.000179  flashggMetSystematics
TimeReport   0.000023     0.000023  flashggMuonSystematics
TimeReport   0.000037     0.000037  flashggElectronSystematics
TimeReport   0.000224     0.000225  flashggUnpackedJets
TimeReport   0.004141     0.004163  flashggJetSystematics0
TimeReport   0.000613     0.000616  flashggJetSystematics1
TimeReport   0.000547     0.000550  flashggJetSystematics2
TimeReport   0.000528     0.000531  flashggJetSystematics3
TimeReport   0.000520     0.000523  flashggJetSystematics4
TimeReport   0.000513     0.000516  flashggJetSystematics5
TimeReport   0.000510     0.000513  flashggJetSystematics6
TimeReport   0.000507     0.000510  flashggJetSystematics7
TimeReport   0.000504     0.000507  flashggJetSystematics8
TimeReport   0.000503     0.000506  flashggJetSystematics9
TimeReport   0.000501     0.000504  flashggJetSystematics10
TimeReport   0.000499     0.000502  flashggJetSystematics11
TimeReport   0.000276     0.000278  flashggPrefireDiPhotons
TimeReport   0.000108     0.000109  flashggPreselectedDiPhotons
TimeReport   0.000030     0.000031  flashggDiPhotonMVA
TimeReport   0.000026     0.000026  flashggVBFMVA
TimeReport   0.000016     0.000016  flashggVHhadMVA
TimeReport   0.000046     0.000047  flashggGluGluHMVA
TimeReport   0.000029     0.000029  flashggStageOneCombinedTag
TimeReport   0.000569     0.000572  flashggTHQLeptonicTag
TimeReport   0.000307     0.000309  flashggVHMetTag
TimeReport   0.000025     0.000025  flashggWHLeptonicTag
TimeReport   0.000020     0.000020  flashggZHLeptonicTag
TimeReport   0.000069     0.000069  flashggTTHLeptonicTag
TimeReport   0.001186     0.001192  flashggTTHHadronicTag
TimeReport   0.000085     0.000086  flashggTagSorter
TimeReport   0.000004     0.000004  flashggSystTagMerger
TimeReport   0.000279     0.000280  tagsDumper
TimeReport  per event    per visit  Name

TimeReport ---------- Module Summary ---[Real sec]----
TimeReport  per event     per exec    per visit  Name
TimeReport   0.000003     0.000003     0.000003  TriggerResults
TimeReport   0.000006     0.000006     0.000006  VHFilter
TimeReport   0.000004     0.000004     0.000004  ak4PFCHSL1FastL2L3Corrector
TimeReport   0.000004     0.000004     0.000004  ak4PFCHSL1FastjetCorrector
TimeReport   0.000002     0.000002     0.000002  ak4PFCHSL2RelativeCorrector
TimeReport   0.000013     0.000013     0.000013  ak4PFCHSL3AbsoluteCorrector
TimeReport   0.000030     0.000031     0.000031  flashggDiPhotonMVA
TimeReport   0.040830     0.041046     0.041046  flashggDiPhotonSystematics
TimeReport   0.062209     0.062539     0.062539  flashggDifferentialPhoIdInputsCorrection
TimeReport   0.000037     0.000037     0.000037  flashggElectronSystematics
TimeReport   0.000046     0.000047     0.000047  flashggGluGluHMVA
TimeReport   0.004141     0.004163     0.004163  flashggJetSystematics0
TimeReport   0.000613     0.000616     0.000616  flashggJetSystematics1
TimeReport   0.000501     0.000504     0.000504  flashggJetSystematics10
TimeReport   0.000499     0.000502     0.000502  flashggJetSystematics11
TimeReport   0.000547     0.000550     0.000550  flashggJetSystematics2
TimeReport   0.000528     0.000531     0.000531  flashggJetSystematics3
TimeReport   0.000520     0.000523     0.000523  flashggJetSystematics4
TimeReport   0.000513     0.000516     0.000516  flashggJetSystematics5
TimeReport   0.000510     0.000513     0.000513  flashggJetSystematics6
TimeReport   0.000507     0.000510     0.000510  flashggJetSystematics7
TimeReport   0.000504     0.000507     0.000507  flashggJetSystematics8
TimeReport   0.000503     0.000506     0.000506  flashggJetSystematics9
TimeReport   0.000016     0.000016     0.000016  flashggMetFilters
TimeReport   0.000178     0.000179     0.000179  flashggMetSystematics
TimeReport   0.000023     0.000023     0.000023  flashggMuonSystematics
TimeReport   0.000276     0.000278     0.000278  flashggPrefireDiPhotons
TimeReport   0.000108     0.000109     0.000109  flashggPreselectedDiPhotons
TimeReport   0.000029     0.000029     0.000029  flashggStageOneCombinedTag
TimeReport   0.000004     0.000004     0.000004  flashggSystTagMerger
TimeReport   0.000569     0.000572     0.000572  flashggTHQLeptonicTag
TimeReport   0.001186     0.001192     0.001192  flashggTTHHadronicTag
TimeReport   0.000069     0.000069     0.000069  flashggTTHLeptonicTag
TimeReport   0.000085     0.000086     0.000086  flashggTagSorter
TimeReport   0.000224     0.000225     0.000225  flashggUnpackedJets
TimeReport   0.000026     0.000026     0.000026  flashggVBFMVA
TimeReport   0.000307     0.000309     0.000309  flashggVHMetTag
TimeReport   0.000016     0.000016     0.000016  flashggVHhadMVA
TimeReport   0.000025     0.000025     0.000025  flashggWHLeptonicTag
TimeReport   0.000020     0.000020     0.000020  flashggZHLeptonicTag
TimeReport   0.000003     0.000003     0.000003  p
TimeReport   0.000279     0.000280     0.000280  tagsDumper
TimeReport  per event     per exec    per visit  Name

T---Report end!


=============================================

MessageLogger Summary

 type     category        sev    module        subroutine        count    total
 ---- -------------------- -- ---------------- ----------------  -----    -----
    1 XrdAdaptor           -w file_open                              1        1
    2 fileAction           -s file_close                             1        1
    3 fileAction           -s file_open                              2        2

 type    category    Examples: run/evt        run/evt          run/evt
 ---- -------------------- ---------------- ---------------- ----------------
    1 XrdAdaptor           pre-events                        
    2 fileAction           PostGlobalEndRun                  
    3 fileAction           pre-events       pre-events       

Severity    # Occurrences   Total Occurrences
--------    -------------   -----------------
Warning                 1                   1
System                  3                   3

dropped waiting message count 0
