mkdir: cannot create directory '/afs/cern.ch/user/x/xisu/private/local/Analysis_workspace/VH_AC_tmp1/flashgg_d2/CMSSW_10_6_29/src/flashgg/VHAC_Analysis_Met/UL_17/UL_17_zh125': File exists
/cvmfs/cms.cern.ch/slc7_amd64_gcc700/external/py2-requests/2.21.0-pafccj2/lib/python2.7/site-packages/requests/__init__.py:91: RequestsDependencyWarning: urllib3 (1.25.2) or chardet (3.0.4) doesn't match a supported version!
  RequestsDependencyWarning)
20-Dec-2022 11:07:57 CET  Initiating request to open file root://cms-xrd-global.cern.ch//store/user/alesauva/flashgg/UL2017_4/10_6_4/ZHiggs0L1ToGG_M125_TuneCP5_13TeV-JHUGenV7011-pythia8/UL2017_4-10_6_4-v0-RunIISummer19UL17MiniAOD-106X_mc2017_realistic_v6-v2/200911_121149/0000/myMicroAODOutputFile_8.root
%MSG-w XrdAdaptor:  file_open 20-Dec-2022 11:07:59 CET pre-events
Data is served from GRIF-IRFU instead of original site CERN-CMSGLOBAL-02
%MSG
20-Dec-2022 11:08:01 CET  Successfully opened file root://cms-xrd-global.cern.ch//store/user/alesauva/flashgg/UL2017_4/10_6_4/ZHiggs0L1ToGG_M125_TuneCP5_13TeV-JHUGenV7011-pythia8/UL2017_4-10_6_4-v0-RunIISummer19UL17MiniAOD-106X_mc2017_realistic_v6-v2/200911_121149/0000/myMicroAODOutputFile_8.root
2022-12-20 11:22:27.233604: I tensorflow/core/platform/cpu_feature_guard.cc:140] Your CPU supports instructions that this TensorFlow binary was not compiled to use: SSE4.1 SSE4.2 AVX AVX2 FMA
Begin processing the 1st record. Run 1, Event 24703, LumiSection 248 on stream 0 at 20-Dec-2022 11:23:21.951 CET
[2022-12-20 11:24:04.160315 +0100][Error  ][AsyncSock         ] [xrootd.ba.infn.it:1094 #0.0] Socket error while handshaking: [ERROR] Socket timeout
[2022-12-20 11:24:04.160487 +0100][Error  ][PostMaster        ] [xrootd.ba.infn.it:1094 #0] elapsed = 45, pConnectionWindow = 31 seconds.
[2022-12-20 11:24:49.215285 +0100][Error  ][AsyncSock         ] [xrootd.ba.infn.it:1094 #0.0] Socket error while handshaking: [ERROR] Socket timeout
[2022-12-20 11:24:49.215481 +0100][Error  ][PostMaster        ] [xrootd.ba.infn.it:1094 #0] elapsed = 45, pConnectionWindow = 31 seconds.
[2022-12-20 11:24:49.215526 +0100][Error  ][PostMaster        ] [xrootd.ba.infn.it:1094 #0] Unable to recover: [ERROR] Socket timeout.
[2022-12-20 11:24:49.215549 +0100][Error  ][XRootD            ] [xrootd.ba.infn.it:1094] Impossible to send message kXR_open (file: /store/user/alesauva/flashgg/UL2017_4/10_6_4/ZHiggs0L1ToGG_M125_TuneCP5_13TeV-JHUGenV7011-pythia8/UL2017_4-10_6_4-v0-RunIISummer19UL17MiniAOD-106X_mc2017_realistic_v6-v2/200911_121149/0000/myMicroAODOutputFile_8.root?tried=stor78.datagrid.cea.fr, mode: 0660, flags: kXR_open_read kXR_async kXR_retstat ). Trying to recover.
Begin processing the 1001st record. Run 1, Event 118110, LumiSection 1182 on stream 0 at 20-Dec-2022 11:28:26.995 CET
[2022-12-20 11:29:39.716507 +0100][Error  ][AsyncSock         ] [xrootd.ba.infn.it:1094 #0.0] Socket error while handshaking: [ERROR] Socket timeout
[2022-12-20 11:29:39.716677 +0100][Error  ][PostMaster        ] [xrootd.ba.infn.it:1094 #0] elapsed = 45, pConnectionWindow = 31 seconds.
[2022-12-20 11:30:24.947711 +0100][Error  ][AsyncSock         ] [xrootd.ba.infn.it:1094 #0.0] Socket error while handshaking: [ERROR] Socket timeout
[2022-12-20 11:30:24.949523 +0100][Error  ][PostMaster        ] [xrootd.ba.infn.it:1094 #0] elapsed = 45, pConnectionWindow = 31 seconds.
[2022-12-20 11:30:24.949624 +0100][Error  ][PostMaster        ] [xrootd.ba.infn.it:1094 #0] Unable to recover: [ERROR] Socket timeout.
[2022-12-20 11:30:24.949647 +0100][Error  ][XRootD            ] [xrootd.ba.infn.it:1094] Impossible to send message kXR_open (file: /store/user/alesauva/flashgg/UL2017_4/10_6_4/ZHiggs0L1ToGG_M125_TuneCP5_13TeV-JHUGenV7011-pythia8/UL2017_4-10_6_4-v0-RunIISummer19UL17MiniAOD-106X_mc2017_realistic_v6-v2/200911_121149/0000/myMicroAODOutputFile_8.root?tried=stor78.datagrid.cea.fr, mode: 0660, flags: kXR_open_read kXR_async kXR_retstat ). Trying to recover.
Begin processing the 2001st record. Run 1, Event 119111, LumiSection 1192 on stream 0 at 20-Dec-2022 11:31:01.417 CET
Begin processing the 3001st record. Run 1, Event 122808, LumiSection 1229 on stream 0 at 20-Dec-2022 11:33:25.586 CET
Begin processing the 4001st record. Run 1, Event 123809, LumiSection 1239 on stream 0 at 20-Dec-2022 11:36:03.252 CET
Begin processing the 5001st record. Run 1, Event 130216, LumiSection 1303 on stream 0 at 20-Dec-2022 11:38:43.090 CET
[2022-12-20 11:38:48.748110 +0100][Error  ][AsyncSock         ] [xrootd.ba.infn.it:1094 #0.0] Socket error while handshaking: [ERROR] Socket timeout
[2022-12-20 11:38:48.748333 +0100][Error  ][PostMaster        ] [xrootd.ba.infn.it:1094 #0] elapsed = 45, pConnectionWindow = 31 seconds.
[2022-12-20 11:39:33.874505 +0100][Error  ][AsyncSock         ] [xrootd.ba.infn.it:1094 #0.0] Socket error while handshaking: [ERROR] Socket timeout
[2022-12-20 11:39:33.874609 +0100][Error  ][PostMaster        ] [xrootd.ba.infn.it:1094 #0] elapsed = 45, pConnectionWindow = 31 seconds.
[2022-12-20 11:39:33.874630 +0100][Error  ][PostMaster        ] [xrootd.ba.infn.it:1094 #0] Unable to recover: [ERROR] Socket timeout.
[2022-12-20 11:39:33.874642 +0100][Error  ][XRootD            ] [xrootd.ba.infn.it:1094] Impossible to send message kXR_open (file: /store/user/alesauva/flashgg/UL2017_4/10_6_4/ZHiggs0L1ToGG_M125_TuneCP5_13TeV-JHUGenV7011-pythia8/UL2017_4-10_6_4-v0-RunIISummer19UL17MiniAOD-106X_mc2017_realistic_v6-v2/200911_121149/0000/myMicroAODOutputFile_8.root?tried=stor78.datagrid.cea.fr, mode: 0660, flags: kXR_open_read kXR_async kXR_retstat ). Trying to recover.
Begin processing the 6001st record. Run 1, Event 602803, LumiSection 6029 on stream 0 at 20-Dec-2022 11:41:01.865 CET
Begin processing the 7001st record. Run 1, Event 603803, LumiSection 6039 on stream 0 at 20-Dec-2022 11:43:27.752 CET
[2022-12-20 11:44:31.065466 +0100][Error  ][AsyncSock         ] [xrootd.ba.infn.it:1094 #0.0] Socket error while handshaking: [ERROR] Socket timeout
[2022-12-20 11:44:31.065614 +0100][Error  ][PostMaster        ] [xrootd.ba.infn.it:1094 #0] elapsed = 45, pConnectionWindow = 31 seconds.
[2022-12-20 11:45:16.747440 +0100][Error  ][AsyncSock         ] [xrootd.ba.infn.it:1094 #0.0] Socket error while handshaking: [ERROR] Socket timeout
[2022-12-20 11:45:16.747582 +0100][Error  ][PostMaster        ] [xrootd.ba.infn.it:1094 #0] elapsed = 45, pConnectionWindow = 31 seconds.
[2022-12-20 11:45:16.747595 +0100][Error  ][PostMaster        ] [xrootd.ba.infn.it:1094 #0] Unable to recover: [ERROR] Socket timeout.
[2022-12-20 11:45:16.747605 +0100][Error  ][XRootD            ] [xrootd.ba.infn.it:1094] Impossible to send message kXR_open (file: /store/user/alesauva/flashgg/UL2017_4/10_6_4/ZHiggs0L1ToGG_M125_TuneCP5_13TeV-JHUGenV7011-pythia8/UL2017_4-10_6_4-v0-RunIISummer19UL17MiniAOD-106X_mc2017_realistic_v6-v2/200911_121149/0000/myMicroAODOutputFile_8.root?tried=stor78.datagrid.cea.fr, mode: 0660, flags: kXR_open_read kXR_async kXR_retstat ). Trying to recover.
Begin processing the 8001st record. Run 1, Event 144605, LumiSection 1447 on stream 0 at 20-Dec-2022 11:46:08.168 CET
Begin processing the 9001st record. Run 1, Event 145604, LumiSection 1457 on stream 0 at 20-Dec-2022 11:48:36.220 CET
[2022-12-20 11:49:48.003571 +0100][Error  ][AsyncSock         ] [xrootd.ba.infn.it:1094 #0.0] Socket error while handshaking: [ERROR] Socket timeout
[2022-12-20 11:49:48.003840 +0100][Error  ][PostMaster        ] [xrootd.ba.infn.it:1094 #0] elapsed = 46, pConnectionWindow = 31 seconds.
[2022-12-20 11:50:33.246281 +0100][Error  ][AsyncSock         ] [xrootd.ba.infn.it:1094 #0.0] Socket error while handshaking: [ERROR] Socket timeout
[2022-12-20 11:50:33.246430 +0100][Error  ][PostMaster        ] [xrootd.ba.infn.it:1094 #0] elapsed = 45, pConnectionWindow = 31 seconds.
[2022-12-20 11:50:33.246445 +0100][Error  ][PostMaster        ] [xrootd.ba.infn.it:1094 #0] Unable to recover: [ERROR] Socket timeout.
[2022-12-20 11:50:33.246470 +0100][Error  ][XRootD            ] [xrootd.ba.infn.it:1094] Impossible to send message kXR_open (file: /store/user/alesauva/flashgg/UL2017_4/10_6_4/ZHiggs0L1ToGG_M125_TuneCP5_13TeV-JHUGenV7011-pythia8/UL2017_4-10_6_4-v0-RunIISummer19UL17MiniAOD-106X_mc2017_realistic_v6-v2/200911_121149/0000/myMicroAODOutputFile_8.root?tried=stor78.datagrid.cea.fr, mode: 0660, flags: kXR_open_read kXR_async kXR_retstat ). Trying to recover.
Begin processing the 10001st record. Run 1, Event 746506, LumiSection 7466 on stream 0 at 20-Dec-2022 11:50:56.242 CET
Begin processing the 11001st record. Run 1, Event 300407, LumiSection 3005 on stream 0 at 20-Dec-2022 11:53:25.054 CET
[2022-12-20 11:54:44.229002 +0100][Error  ][AsyncSock         ] [xrootd.ba.infn.it:1094 #0.0] Socket error while handshaking: [ERROR] Socket timeout
[2022-12-20 11:54:44.229167 +0100][Error  ][PostMaster        ] [xrootd.ba.infn.it:1094 #0] elapsed = 45, pConnectionWindow = 31 seconds.
[2022-12-20 11:55:29.574289 +0100][Error  ][AsyncSock         ] [xrootd.ba.infn.it:1094 #0.0] Socket error while handshaking: [ERROR] Socket timeout
[2022-12-20 11:55:29.574444 +0100][Error  ][PostMaster        ] [xrootd.ba.infn.it:1094 #0] elapsed = 45, pConnectionWindow = 31 seconds.
[2022-12-20 11:55:29.574456 +0100][Error  ][PostMaster        ] [xrootd.ba.infn.it:1094 #0] Unable to recover: [ERROR] Socket timeout.
[2022-12-20 11:55:29.574467 +0100][Error  ][XRootD            ] [xrootd.ba.infn.it:1094] Impossible to send message kXR_open (file: /store/user/alesauva/flashgg/UL2017_4/10_6_4/ZHiggs0L1ToGG_M125_TuneCP5_13TeV-JHUGenV7011-pythia8/UL2017_4-10_6_4-v0-RunIISummer19UL17MiniAOD-106X_mc2017_realistic_v6-v2/200911_121149/0000/myMicroAODOutputFile_8.root?tried=stor78.datagrid.cea.fr, mode: 0660, flags: kXR_open_read kXR_async kXR_retstat ). Trying to recover.
Begin processing the 12001st record. Run 1, Event 321104, LumiSection 3212 on stream 0 at 20-Dec-2022 11:55:50.936 CET
Begin processing the 13001st record. Run 1, Event 353705, LumiSection 3538 on stream 0 at 20-Dec-2022 11:58:16.119 CET
Begin processing the 14001st record. Run 1, Event 361012, LumiSection 3611 on stream 0 at 20-Dec-2022 12:00:41.566 CET
Begin processing the 15001st record. Run 1, Event 362014, LumiSection 3621 on stream 0 at 20-Dec-2022 12:03:15.295 CET
[2022-12-20 12:04:59.500425 +0100][Error  ][AsyncSock         ] [xrootd.ba.infn.it:1094 #0.0] Socket error while handshaking: [ERROR] Socket timeout
[2022-12-20 12:04:59.500541 +0100][Error  ][PostMaster        ] [xrootd.ba.infn.it:1094 #0] elapsed = 45, pConnectionWindow = 31 seconds.
Begin processing the 16001st record. Run 1, Event 354508, LumiSection 3546 on stream 0 at 20-Dec-2022 12:05:39.715 CET
[2022-12-20 12:05:44.919674 +0100][Error  ][AsyncSock         ] [xrootd.ba.infn.it:1094 #0.0] Socket error while handshaking: [ERROR] Socket timeout
[2022-12-20 12:05:44.919833 +0100][Error  ][PostMaster        ] [xrootd.ba.infn.it:1094 #0] elapsed = 45, pConnectionWindow = 31 seconds.
[2022-12-20 12:05:44.919846 +0100][Error  ][PostMaster        ] [xrootd.ba.infn.it:1094 #0] Unable to recover: [ERROR] Socket timeout.
[2022-12-20 12:05:44.919858 +0100][Error  ][XRootD            ] [xrootd.ba.infn.it:1094] Impossible to send message kXR_open (file: /store/user/alesauva/flashgg/UL2017_4/10_6_4/ZHiggs0L1ToGG_M125_TuneCP5_13TeV-JHUGenV7011-pythia8/UL2017_4-10_6_4-v0-RunIISummer19UL17MiniAOD-106X_mc2017_realistic_v6-v2/200911_121149/0000/myMicroAODOutputFile_8.root?tried=stor78.datagrid.cea.fr, mode: 0660, flags: kXR_open_read kXR_async kXR_retstat ). Trying to recover.
Begin processing the 17001st record. Run 1, Event 360604, LumiSection 3607 on stream 0 at 20-Dec-2022 12:08:02.262 CET
Begin processing the 18001st record. Run 1, Event 363702, LumiSection 3638 on stream 0 at 20-Dec-2022 12:10:29.603 CET
Begin processing the 19001st record. Run 1, Event 211802, LumiSection 2119 on stream 0 at 20-Dec-2022 12:12:56.945 CET
[2022-12-20 12:13:38.702334 +0100][Error  ][AsyncSock         ] [xrootd.ba.infn.it:1094 #0.0] Socket error while handshaking: [ERROR] Socket timeout
[2022-12-20 12:13:38.702485 +0100][Error  ][PostMaster        ] [xrootd.ba.infn.it:1094 #0] elapsed = 45, pConnectionWindow = 31 seconds.
[2022-12-20 12:14:23.939317 +0100][Error  ][AsyncSock         ] [xrootd.ba.infn.it:1094 #0.0] Socket error while handshaking: [ERROR] Socket timeout
[2022-12-20 12:14:23.939485 +0100][Error  ][PostMaster        ] [xrootd.ba.infn.it:1094 #0] elapsed = 45, pConnectionWindow = 31 seconds.
[2022-12-20 12:14:23.939499 +0100][Error  ][PostMaster        ] [xrootd.ba.infn.it:1094 #0] Unable to recover: [ERROR] Socket timeout.
[2022-12-20 12:14:23.939511 +0100][Error  ][XRootD            ] [xrootd.ba.infn.it:1094] Impossible to send message kXR_open (file: /store/user/alesauva/flashgg/UL2017_4/10_6_4/ZHiggs0L1ToGG_M125_TuneCP5_13TeV-JHUGenV7011-pythia8/UL2017_4-10_6_4-v0-RunIISummer19UL17MiniAOD-106X_mc2017_realistic_v6-v2/200911_121149/0000/myMicroAODOutputFile_8.root?tried=+1413xrootd-cms-redir-int.cr.cnaf.infn.it,+1213llrxrd-redir.in2p3.fr,+1413xrootd-redic.pi.infn.it,stor78.datagrid.cea.fr,node12.datagrid.cea.fr,llrxrd-redir.in2p3.fr,xrootd-cms.infn.it,xrootd-cms-redir-int.cr.cnaf.infn.it&triedrc=enoent,enoent, mode: 0660, flags: kXR_open_read kXR_async kXR_retstat ). Trying to recover.
Begin processing the 20001st record. Run 1, Event 222715, LumiSection 2228 on stream 0 at 20-Dec-2022 12:15:30.248 CET
Begin processing the 21001st record. Run 1, Event 343405, LumiSection 3435 on stream 0 at 20-Dec-2022 12:18:02.234 CET
Begin processing the 22001st record. Run 1, Event 410403, LumiSection 4105 on stream 0 at 20-Dec-2022 12:20:33.177 CET
[2022-12-20 12:22:35.536418 +0100][Error  ][AsyncSock         ] [xrootd.ba.infn.it:1094 #0.0] Socket error while handshaking: [ERROR] Socket timeout
[2022-12-20 12:22:35.536580 +0100][Error  ][PostMaster        ] [xrootd.ba.infn.it:1094 #0] elapsed = 45, pConnectionWindow = 31 seconds.
Begin processing the 23001st record. Run 1, Event 411412, LumiSection 4115 on stream 0 at 20-Dec-2022 12:23:03.985 CET
[2022-12-20 12:23:20.562349 +0100][Error  ][AsyncSock         ] [xrootd.ba.infn.it:1094 #0.0] Socket error while handshaking: [ERROR] Socket timeout
[2022-12-20 12:23:20.562489 +0100][Error  ][PostMaster        ] [xrootd.ba.infn.it:1094 #0] elapsed = 45, pConnectionWindow = 31 seconds.
[2022-12-20 12:23:20.562501 +0100][Error  ][PostMaster        ] [xrootd.ba.infn.it:1094 #0] Unable to recover: [ERROR] Socket timeout.
[2022-12-20 12:23:20.562510 +0100][Error  ][XRootD            ] [xrootd.ba.infn.it:1094] Impossible to send message kXR_open (file: /store/user/alesauva/flashgg/UL2017_4/10_6_4/ZHiggs0L1ToGG_M125_TuneCP5_13TeV-JHUGenV7011-pythia8/UL2017_4-10_6_4-v0-RunIISummer19UL17MiniAOD-106X_mc2017_realistic_v6-v2/200911_121149/0000/myMicroAODOutputFile_8.root?tried=stor78.datagrid.cea.fr, mode: 0660, flags: kXR_open_read kXR_async kXR_retstat ). Trying to recover.
Begin processing the 24001st record. Run 1, Event 415109, LumiSection 4152 on stream 0 at 20-Dec-2022 12:25:28.013 CET
20-Dec-2022 12:27:38 CET  Closed file root://cms-xrd-global.cern.ch//store/user/alesauva/flashgg/UL2017_4/10_6_4/ZHiggs0L1ToGG_M125_TuneCP5_13TeV-JHUGenV7011-pythia8/UL2017_4-10_6_4-v0-RunIISummer19UL17MiniAOD-106X_mc2017_realistic_v6-v2/200911_121149/0000/myMicroAODOutputFile_8.root

TrigReport ---------- Event  Summary ------------
TrigReport Events total = 25000 passed = 24667 failed = 333

TrigReport ---------- Path   Summary ------------
TrigReport  Trig Bit#   Executed     Passed     Failed      Error Name
TrigReport     1    0      25000      24667        333          0 p

TrigReport -------End-Path   Summary ------------
TrigReport  Trig Bit#   Executed     Passed     Failed      Error Name

TrigReport ---------- Modules in Path: p ------------
TrigReport  Trig Bit#    Visited     Passed     Failed      Error Name
TrigReport     1    0      25000      24667        333          0 flashggMetFilters
TrigReport     1    1      24667      24667          0          0 VHFilter
TrigReport     1    2      24667      24667          0          0 flashggDifferentialPhoIdInputsCorrection
TrigReport     1    3      24667      24667          0          0 flashggDiPhotonSystematics
TrigReport     1    4      24667      24667          0          0 flashggMetSystematics
TrigReport     1    5      24667      24667          0          0 flashggMuonSystematics
TrigReport     1    6      24667      24667          0          0 flashggElectronSystematics
TrigReport     1    7      24667      24667          0          0 flashggUnpackedJets
TrigReport     1    8      24667      24667          0          0 flashggJetSystematics0
TrigReport     1    9      24667      24667          0          0 flashggJetSystematics1
TrigReport     1   10      24667      24667          0          0 flashggJetSystematics2
TrigReport     1   11      24667      24667          0          0 flashggJetSystematics3
TrigReport     1   12      24667      24667          0          0 flashggJetSystematics4
TrigReport     1   13      24667      24667          0          0 flashggJetSystematics5
TrigReport     1   14      24667      24667          0          0 flashggJetSystematics6
TrigReport     1   15      24667      24667          0          0 flashggJetSystematics7
TrigReport     1   16      24667      24667          0          0 flashggJetSystematics8
TrigReport     1   17      24667      24667          0          0 flashggJetSystematics9
TrigReport     1   18      24667      24667          0          0 flashggJetSystematics10
TrigReport     1   19      24667      24667          0          0 flashggJetSystematics11
TrigReport     1   20      24667      24667          0          0 flashggPrefireDiPhotons
TrigReport     1   21      24667      24667          0          0 flashggPreselectedDiPhotons
TrigReport     1   22      24667      24667          0          0 flashggDiPhotonMVA
TrigReport     1   23      24667      24667          0          0 flashggVBFMVA
TrigReport     1   24      24667      24667          0          0 flashggVHhadMVA
TrigReport     1   25      24667      24667          0          0 flashggGluGluHMVA
TrigReport     1   26      24667      24667          0          0 flashggStageOneCombinedTag
TrigReport     1   27      24667      24667          0          0 flashggTHQLeptonicTag
TrigReport     1   28      24667      24667          0          0 flashggVHMetTag
TrigReport     1   29      24667      24667          0          0 flashggWHLeptonicTag
TrigReport     1   30      24667      24667          0          0 flashggZHLeptonicTag
TrigReport     1   31      24667      24667          0          0 flashggTTHLeptonicTag
TrigReport     1   32      24667      24667          0          0 flashggTTHHadronicTag
TrigReport     1   33      24667      24667          0          0 flashggTagSorter
TrigReport     1   34      24667      24667          0          0 flashggSystTagMerger
TrigReport     1   35      24667      24667          0          0 tagsDumper

TrigReport ---------- Module Summary ------------
TrigReport    Visited   Executed     Passed     Failed      Error Name
TrigReport      25000      25000      25000          0          0 TriggerResults
TrigReport      24667      24667      24667          0          0 VHFilter
TrigReport      24667      24667      24667          0          0 ak4PFCHSL1FastL2L3Corrector
TrigReport      24667      24667      24667          0          0 ak4PFCHSL1FastjetCorrector
TrigReport      24667      24667      24667          0          0 ak4PFCHSL2RelativeCorrector
TrigReport      24667      24667      24667          0          0 ak4PFCHSL3AbsoluteCorrector
TrigReport      24667      24667      24667          0          0 flashggDiPhotonMVA
TrigReport      24667      24667      24667          0          0 flashggDiPhotonSystematics
TrigReport      24667      24667      24667          0          0 flashggDifferentialPhoIdInputsCorrection
TrigReport      24667      24667      24667          0          0 flashggElectronSystematics
TrigReport      24667      24667      24667          0          0 flashggGluGluHMVA
TrigReport      24667      24667      24667          0          0 flashggJetSystematics0
TrigReport      24667      24667      24667          0          0 flashggJetSystematics1
TrigReport      24667      24667      24667          0          0 flashggJetSystematics10
TrigReport      24667      24667      24667          0          0 flashggJetSystematics11
TrigReport      24667      24667      24667          0          0 flashggJetSystematics2
TrigReport      24667      24667      24667          0          0 flashggJetSystematics3
TrigReport      24667      24667      24667          0          0 flashggJetSystematics4
TrigReport      24667      24667      24667          0          0 flashggJetSystematics5
TrigReport      24667      24667      24667          0          0 flashggJetSystematics6
TrigReport      24667      24667      24667          0          0 flashggJetSystematics7
TrigReport      24667      24667      24667          0          0 flashggJetSystematics8
TrigReport      24667      24667      24667          0          0 flashggJetSystematics9
TrigReport      25000      25000      24667        333          0 flashggMetFilters
TrigReport      24667      24667      24667          0          0 flashggMetSystematics
TrigReport      24667      24667      24667          0          0 flashggMuonSystematics
TrigReport      24667      24667      24667          0          0 flashggPrefireDiPhotons
TrigReport      24667      24667      24667          0          0 flashggPreselectedDiPhotons
TrigReport      24667      24667      24667          0          0 flashggStageOneCombinedTag
TrigReport      24667      24667      24667          0          0 flashggSystTagMerger
TrigReport      24667      24667      24667          0          0 flashggTHQLeptonicTag
TrigReport      24667      24667      24667          0          0 flashggTTHHadronicTag
TrigReport      24667      24667      24667          0          0 flashggTTHLeptonicTag
TrigReport      24667      24667      24667          0          0 flashggTagSorter
TrigReport      24667      24667      24667          0          0 flashggUnpackedJets
TrigReport      24667      24667      24667          0          0 flashggVBFMVA
TrigReport      24667      24667      24667          0          0 flashggVHMetTag
TrigReport      24667      24667      24667          0          0 flashggVHhadMVA
TrigReport      24667      24667      24667          0          0 flashggWHLeptonicTag
TrigReport      24667      24667      24667          0          0 flashggZHLeptonicTag
TrigReport      25000      25000      25000          0          0 p
TrigReport      24667      24667      24667          0          0 tagsDumper

TimeReport ---------- Event  Summary ---[sec]----
TimeReport       event loop CPU/event = 0.152973
TimeReport      event loop Real/event = 0.154338
TimeReport     sum Streams Real/event = 0.149927
TimeReport efficiency CPU/Real/thread = 0.991156

TimeReport ---------- Path   Summary ---[Real sec]----
TimeReport  per event     per exec  Name
TimeReport   0.149404     0.149404  p
TimeReport  per event     per exec  Name

TimeReport -------End-Path   Summary ---[Real sec]----
TimeReport  per event     per exec  Name
TimeReport  per event     per exec  Name

TimeReport ---------- Modules in Path: p ---[Real sec]----
TimeReport  per event    per visit  Name
TimeReport   0.000018     0.000018  flashggMetFilters
TimeReport   0.000007     0.000007  VHFilter
TimeReport   0.081729     0.082832  flashggDifferentialPhoIdInputsCorrection
TimeReport   0.049004     0.049666  flashggDiPhotonSystematics
TimeReport   0.000183     0.000185  flashggMetSystematics
TimeReport   0.000050     0.000051  flashggMuonSystematics
TimeReport   0.000040     0.000041  flashggElectronSystematics
TimeReport   0.000246     0.000249  flashggUnpackedJets
TimeReport   0.004037     0.004092  flashggJetSystematics0
TimeReport   0.000745     0.000755  flashggJetSystematics1
TimeReport   0.000675     0.000684  flashggJetSystematics2
TimeReport   0.000650     0.000658  flashggJetSystematics3
TimeReport   0.000640     0.000648  flashggJetSystematics4
TimeReport   0.000631     0.000640  flashggJetSystematics5
TimeReport   0.000628     0.000636  flashggJetSystematics6
TimeReport   0.000627     0.000636  flashggJetSystematics7
TimeReport   0.000629     0.000637  flashggJetSystematics8
TimeReport   0.000622     0.000631  flashggJetSystematics9
TimeReport   0.000623     0.000631  flashggJetSystematics10
TimeReport   0.000620     0.000628  flashggJetSystematics11
TimeReport   0.000334     0.000339  flashggPrefireDiPhotons
TimeReport   0.000144     0.000146  flashggPreselectedDiPhotons
TimeReport   0.000049     0.000050  flashggDiPhotonMVA
TimeReport   0.000038     0.000039  flashggVBFMVA
TimeReport   0.000021     0.000021  flashggVHhadMVA
TimeReport   0.000062     0.000063  flashggGluGluHMVA
TimeReport   0.000039     0.000039  flashggStageOneCombinedTag
TimeReport   0.000732     0.000742  flashggTHQLeptonicTag
TimeReport   0.000420     0.000426  flashggVHMetTag
TimeReport   0.000030     0.000030  flashggWHLeptonicTag
TimeReport   0.000024     0.000024  flashggZHLeptonicTag
TimeReport   0.000069     0.000070  flashggTTHLeptonicTag
TimeReport   0.001720     0.001744  flashggTTHHadronicTag
TimeReport   0.000095     0.000096  flashggTagSorter
TimeReport   0.000004     0.000004  flashggSystTagMerger
TimeReport   0.000425     0.000430  tagsDumper
TimeReport  per event    per visit  Name

TimeReport ---------- Module Summary ---[Real sec]----
TimeReport  per event     per exec    per visit  Name
TimeReport   0.000003     0.000003     0.000003  TriggerResults
TimeReport   0.000007     0.000007     0.000007  VHFilter
TimeReport   0.000004     0.000004     0.000004  ak4PFCHSL1FastL2L3Corrector
TimeReport   0.000004     0.000004     0.000004  ak4PFCHSL1FastjetCorrector
TimeReport   0.000002     0.000002     0.000002  ak4PFCHSL2RelativeCorrector
TimeReport   0.000014     0.000014     0.000014  ak4PFCHSL3AbsoluteCorrector
TimeReport   0.000049     0.000050     0.000050  flashggDiPhotonMVA
TimeReport   0.049004     0.049666     0.049666  flashggDiPhotonSystematics
TimeReport   0.081729     0.082832     0.082832  flashggDifferentialPhoIdInputsCorrection
TimeReport   0.000040     0.000041     0.000041  flashggElectronSystematics
TimeReport   0.000062     0.000063     0.000063  flashggGluGluHMVA
TimeReport   0.004037     0.004092     0.004092  flashggJetSystematics0
TimeReport   0.000745     0.000755     0.000755  flashggJetSystematics1
TimeReport   0.000623     0.000631     0.000631  flashggJetSystematics10
TimeReport   0.000620     0.000628     0.000628  flashggJetSystematics11
TimeReport   0.000675     0.000684     0.000684  flashggJetSystematics2
TimeReport   0.000650     0.000658     0.000658  flashggJetSystematics3
TimeReport   0.000640     0.000648     0.000648  flashggJetSystematics4
TimeReport   0.000631     0.000640     0.000640  flashggJetSystematics5
TimeReport   0.000628     0.000636     0.000636  flashggJetSystematics6
TimeReport   0.000627     0.000636     0.000636  flashggJetSystematics7
TimeReport   0.000629     0.000637     0.000637  flashggJetSystematics8
TimeReport   0.000622     0.000631     0.000631  flashggJetSystematics9
TimeReport   0.000018     0.000018     0.000018  flashggMetFilters
TimeReport   0.000183     0.000185     0.000185  flashggMetSystematics
TimeReport   0.000050     0.000051     0.000051  flashggMuonSystematics
TimeReport   0.000334     0.000339     0.000339  flashggPrefireDiPhotons
TimeReport   0.000144     0.000146     0.000146  flashggPreselectedDiPhotons
TimeReport   0.000039     0.000039     0.000039  flashggStageOneCombinedTag
TimeReport   0.000004     0.000004     0.000004  flashggSystTagMerger
TimeReport   0.000732     0.000742     0.000742  flashggTHQLeptonicTag
TimeReport   0.001720     0.001744     0.001744  flashggTTHHadronicTag
TimeReport   0.000069     0.000070     0.000070  flashggTTHLeptonicTag
TimeReport   0.000095     0.000096     0.000096  flashggTagSorter
TimeReport   0.000246     0.000249     0.000249  flashggUnpackedJets
TimeReport   0.000038     0.000039     0.000039  flashggVBFMVA
TimeReport   0.000420     0.000426     0.000426  flashggVHMetTag
TimeReport   0.000021     0.000021     0.000021  flashggVHhadMVA
TimeReport   0.000030     0.000030     0.000030  flashggWHLeptonicTag
TimeReport   0.000024     0.000024     0.000024  flashggZHLeptonicTag
TimeReport   0.000003     0.000003     0.000003  p
TimeReport   0.000425     0.000430     0.000430  tagsDumper
TimeReport  per event     per exec    per visit  Name

T---Report end!


=============================================

MessageLogger Summary

 type     category        sev    module        subroutine        count    total
 ---- -------------------- -- ---------------- ----------------  -----    -----
    1 XrdAdaptor           -w file_open                              1        1
    2 fileAction           -s file_close                             1        1
    3 fileAction           -s file_open                              2        2

 type    category    Examples: run/evt        run/evt          run/evt
 ---- -------------------- ---------------- ---------------- ----------------
    1 XrdAdaptor           pre-events                        
    2 fileAction           PostGlobalEndRun                  
    3 fileAction           pre-events       pre-events       

Severity    # Occurrences   Total Occurrences
--------    -------------   -----------------
Warning                 1                   1
System                  3                   3

dropped waiting message count 0
