mkdir: cannot create directory '/afs/cern.ch/user/x/xisu/private/local/Analysis_workspace/VH_AC_tmp1/flashgg_d2/CMSSW_10_6_29/src/flashgg/VHAC_Analysis_Met/UL_17/UL_17_zh125': File exists
/cvmfs/cms.cern.ch/slc7_amd64_gcc700/external/py2-requests/2.21.0-pafccj2/lib/python2.7/site-packages/requests/__init__.py:91: RequestsDependencyWarning: urllib3 (1.25.2) or chardet (3.0.4) doesn't match a supported version!
  RequestsDependencyWarning)
20-Dec-2022 11:18:47 CET  Initiating request to open file root://cms-xrd-global.cern.ch//store/user/alesauva/flashgg/UL2017_4/10_6_4/ZHiggs0PMToGG_M125_TuneCP5_13TeV-JHUGenV7011-pythia8/UL2017_4-10_6_4-v0-RunIISummer19UL17MiniAOD-106X_mc2017_realistic_v6-v2/200720_162909/0000/myMicroAODOutputFile_10.root
%MSG-w XrdAdaptor:  file_open 20-Dec-2022 11:18:49 CET pre-events
Data is served from GRIF-IRFU instead of original site CERN-CMSGLOBAL-01
%MSG
20-Dec-2022 11:18:53 CET  Successfully opened file root://cms-xrd-global.cern.ch//store/user/alesauva/flashgg/UL2017_4/10_6_4/ZHiggs0PMToGG_M125_TuneCP5_13TeV-JHUGenV7011-pythia8/UL2017_4-10_6_4-v0-RunIISummer19UL17MiniAOD-106X_mc2017_realistic_v6-v2/200720_162909/0000/myMicroAODOutputFile_10.root
[2022-12-20 11:19:44.759531 +0100][Error  ][AsyncSock         ] [xrootd.ba.infn.it:1094 #0.0] Socket error while handshaking: [ERROR] Socket timeout
[2022-12-20 11:19:44.759819 +0100][Error  ][PostMaster        ] [xrootd.ba.infn.it:1094 #0] elapsed = 45, pConnectionWindow = 31 seconds.
[2022-12-20 11:20:30.025457 +0100][Error  ][AsyncSock         ] [xrootd.ba.infn.it:1094 #0.0] Socket error while handshaking: [ERROR] Socket timeout
[2022-12-20 11:20:30.025632 +0100][Error  ][PostMaster        ] [xrootd.ba.infn.it:1094 #0] elapsed = 46, pConnectionWindow = 31 seconds.
[2022-12-20 11:20:30.025667 +0100][Error  ][PostMaster        ] [xrootd.ba.infn.it:1094 #0] Unable to recover: [ERROR] Socket timeout.
[2022-12-20 11:20:30.025685 +0100][Error  ][XRootD            ] [xrootd.ba.infn.it:1094] Impossible to send message kXR_open (file: /store/user/alesauva/flashgg/UL2017_4/10_6_4/ZHiggs0PMToGG_M125_TuneCP5_13TeV-JHUGenV7011-pythia8/UL2017_4-10_6_4-v0-RunIISummer19UL17MiniAOD-106X_mc2017_realistic_v6-v2/200720_162909/0000/myMicroAODOutputFile_10.root?tried=+1413xrootd-redic.pi.infn.it,stor73.datagrid.cea.fr,node12.datagrid.cea.fr,llrxrd-redir.in2p3.fr,xrootd-redic.pi.infn.it,xrootd-cms.infn.it&triedrc=enoent,enoent, mode: 0660, flags: kXR_open_read kXR_async kXR_retstat ). Trying to recover.
2022-12-20 11:35:05.466468: I tensorflow/core/platform/cpu_feature_guard.cc:140] Your CPU supports instructions that this TensorFlow binary was not compiled to use: SSE4.1 SSE4.2 AVX AVX2 FMA
Begin processing the 1st record. Run 1, Event 10303, LumiSection 104 on stream 0 at 20-Dec-2022 11:36:04.133 CET
[2022-12-20 11:36:47.187854 +0100][Error  ][AsyncSock         ] [xrootd.ba.infn.it:1094 #0.0] Socket error while handshaking: [ERROR] Socket timeout
[2022-12-20 11:36:47.187998 +0100][Error  ][PostMaster        ] [xrootd.ba.infn.it:1094 #0] elapsed = 45, pConnectionWindow = 31 seconds.
[2022-12-20 11:37:32.450491 +0100][Error  ][AsyncSock         ] [xrootd.ba.infn.it:1094 #0.0] Socket error while handshaking: [ERROR] Socket timeout
[2022-12-20 11:37:32.450657 +0100][Error  ][PostMaster        ] [xrootd.ba.infn.it:1094 #0] elapsed = 45, pConnectionWindow = 31 seconds.
[2022-12-20 11:37:32.450670 +0100][Error  ][PostMaster        ] [xrootd.ba.infn.it:1094 #0] Unable to recover: [ERROR] Socket timeout.
[2022-12-20 11:37:32.450684 +0100][Error  ][XRootD            ] [xrootd.ba.infn.it:1094] Impossible to send message kXR_open (file: /store/user/alesauva/flashgg/UL2017_4/10_6_4/ZHiggs0PMToGG_M125_TuneCP5_13TeV-JHUGenV7011-pythia8/UL2017_4-10_6_4-v0-RunIISummer19UL17MiniAOD-106X_mc2017_realistic_v6-v2/200720_162909/0000/myMicroAODOutputFile_10.root?tried=stor73.datagrid.cea.fr, mode: 0660, flags: kXR_open_read kXR_async kXR_retstat ). Trying to recover.
Begin processing the 1001st record. Run 1, Event 316302, LumiSection 3164 on stream 0 at 20-Dec-2022 11:40:53.527 CET
[2022-12-20 11:41:45.128439 +0100][Error  ][AsyncSock         ] [xrootd.ba.infn.it:1094 #0.0] Socket error while handshaking: [ERROR] Socket timeout
[2022-12-20 11:41:45.128596 +0100][Error  ][PostMaster        ] [xrootd.ba.infn.it:1094 #0] elapsed = 45, pConnectionWindow = 31 seconds.
[2022-12-20 11:42:30.403451 +0100][Error  ][AsyncSock         ] [xrootd.ba.infn.it:1094 #0.0] Socket error while handshaking: [ERROR] Socket timeout
[2022-12-20 11:42:30.403622 +0100][Error  ][PostMaster        ] [xrootd.ba.infn.it:1094 #0] elapsed = 45, pConnectionWindow = 31 seconds.
[2022-12-20 11:42:30.403635 +0100][Error  ][PostMaster        ] [xrootd.ba.infn.it:1094 #0] Unable to recover: [ERROR] Socket timeout.
[2022-12-20 11:42:30.403646 +0100][Error  ][XRootD            ] [xrootd.ba.infn.it:1094] Impossible to send message kXR_open (file: /store/user/alesauva/flashgg/UL2017_4/10_6_4/ZHiggs0PMToGG_M125_TuneCP5_13TeV-JHUGenV7011-pythia8/UL2017_4-10_6_4-v0-RunIISummer19UL17MiniAOD-106X_mc2017_realistic_v6-v2/200720_162909/0000/myMicroAODOutputFile_10.root?tried=stor73.datagrid.cea.fr, mode: 0660, flags: kXR_open_read kXR_async kXR_retstat ). Trying to recover.
Begin processing the 2001st record. Run 1, Event 420302, LumiSection 4204 on stream 0 at 20-Dec-2022 11:42:59.605 CET
Begin processing the 3001st record. Run 1, Event 24906, LumiSection 250 on stream 0 at 20-Dec-2022 11:45:12.975 CET
[2022-12-20 11:46:20.555568 +0100][Error  ][AsyncSock         ] [xrootd.ba.infn.it:1094 #0.0] Socket error while handshaking: [ERROR] Socket timeout
[2022-12-20 11:46:20.555710 +0100][Error  ][PostMaster        ] [xrootd.ba.infn.it:1094 #0] elapsed = 45, pConnectionWindow = 31 seconds.
[2022-12-20 11:47:05.820491 +0100][Error  ][AsyncSock         ] [xrootd.ba.infn.it:1094 #0.0] Socket error while handshaking: [ERROR] Socket timeout
[2022-12-20 11:47:05.820654 +0100][Error  ][PostMaster        ] [xrootd.ba.infn.it:1094 #0] elapsed = 45, pConnectionWindow = 31 seconds.
[2022-12-20 11:47:05.820665 +0100][Error  ][PostMaster        ] [xrootd.ba.infn.it:1094 #0] Unable to recover: [ERROR] Socket timeout.
[2022-12-20 11:47:05.820676 +0100][Error  ][XRootD            ] [xrootd.ba.infn.it:1094] Impossible to send message kXR_open (file: /store/user/alesauva/flashgg/UL2017_4/10_6_4/ZHiggs0PMToGG_M125_TuneCP5_13TeV-JHUGenV7011-pythia8/UL2017_4-10_6_4-v0-RunIISummer19UL17MiniAOD-106X_mc2017_realistic_v6-v2/200720_162909/0000/myMicroAODOutputFile_10.root?tried=stor73.datagrid.cea.fr, mode: 0660, flags: kXR_open_read kXR_async kXR_retstat ). Trying to recover.
Begin processing the 4001st record. Run 1, Event 25902, LumiSection 260 on stream 0 at 20-Dec-2022 11:47:20.162 CET
Begin processing the 5001st record. Run 1, Event 29501, LumiSection 296 on stream 0 at 20-Dec-2022 11:49:31.354 CET
[2022-12-20 11:50:54.375439 +0100][Error  ][AsyncSock         ] [xrootd.ba.infn.it:1094 #0.0] Socket error while handshaking: [ERROR] Socket timeout
[2022-12-20 11:50:54.375623 +0100][Error  ][PostMaster        ] [xrootd.ba.infn.it:1094 #0] elapsed = 46, pConnectionWindow = 31 seconds.
[2022-12-20 11:51:39.651414 +0100][Error  ][AsyncSock         ] [xrootd.ba.infn.it:1094 #0.0] Socket error while handshaking: [ERROR] Socket timeout
[2022-12-20 11:51:39.651585 +0100][Error  ][PostMaster        ] [xrootd.ba.infn.it:1094 #0] elapsed = 45, pConnectionWindow = 31 seconds.
[2022-12-20 11:51:39.651595 +0100][Error  ][PostMaster        ] [xrootd.ba.infn.it:1094 #0] Unable to recover: [ERROR] Socket timeout.
[2022-12-20 11:51:39.651604 +0100][Error  ][XRootD            ] [xrootd.ba.infn.it:1094] Impossible to send message kXR_open (file: /store/user/alesauva/flashgg/UL2017_4/10_6_4/ZHiggs0PMToGG_M125_TuneCP5_13TeV-JHUGenV7011-pythia8/UL2017_4-10_6_4-v0-RunIISummer19UL17MiniAOD-106X_mc2017_realistic_v6-v2/200720_162909/0000/myMicroAODOutputFile_10.root?tried=stor73.datagrid.cea.fr, mode: 0660, flags: kXR_open_read kXR_async kXR_retstat ). Trying to recover.
Begin processing the 6001st record. Run 1, Event 30503, LumiSection 306 on stream 0 at 20-Dec-2022 11:51:42.371 CET
Begin processing the 7001st record. Run 1, Event 31508, LumiSection 316 on stream 0 at 20-Dec-2022 11:53:45.117 CET
[2022-12-20 11:55:24.945660 +0100][Error  ][AsyncSock         ] [xrootd.ba.infn.it:1094 #0.0] Socket error while handshaking: [ERROR] Socket timeout
[2022-12-20 11:55:24.945795 +0100][Error  ][PostMaster        ] [xrootd.ba.infn.it:1094 #0] elapsed = 45, pConnectionWindow = 31 seconds.
Begin processing the 8001st record. Run 1, Event 58323, LumiSection 584 on stream 0 at 20-Dec-2022 11:55:54.851 CET
[2022-12-20 11:56:09.201510 +0100][Error  ][AsyncSock         ] [xrootd.ba.infn.it:1094 #0.0] Socket error while handshaking: [ERROR] Socket timeout
[2022-12-20 11:56:09.201736 +0100][Error  ][PostMaster        ] [xrootd.ba.infn.it:1094 #0] elapsed = 45, pConnectionWindow = 31 seconds.
[2022-12-20 11:56:09.201759 +0100][Error  ][PostMaster        ] [xrootd.ba.infn.it:1094 #0] Unable to recover: [ERROR] Socket timeout.
[2022-12-20 11:56:09.201773 +0100][Error  ][XRootD            ] [xrootd.ba.infn.it:1094] Impossible to send message kXR_open (file: /store/user/alesauva/flashgg/UL2017_4/10_6_4/ZHiggs0PMToGG_M125_TuneCP5_13TeV-JHUGenV7011-pythia8/UL2017_4-10_6_4-v0-RunIISummer19UL17MiniAOD-106X_mc2017_realistic_v6-v2/200720_162909/0000/myMicroAODOutputFile_10.root?tried=stor73.datagrid.cea.fr, mode: 0660, flags: kXR_open_read kXR_async kXR_retstat ). Trying to recover.
Begin processing the 9001st record. Run 1, Event 59314, LumiSection 594 on stream 0 at 20-Dec-2022 11:58:05.187 CET
[2022-12-20 12:00:01.461455 +0100][Error  ][AsyncSock         ] [xrootd.ba.infn.it:1094 #0.0] Socket error while handshaking: [ERROR] Socket timeout
[2022-12-20 12:00:01.461612 +0100][Error  ][PostMaster        ] [xrootd.ba.infn.it:1094 #0] elapsed = 45, pConnectionWindow = 31 seconds.
Begin processing the 10001st record. Run 1, Event 60323, LumiSection 604 on stream 0 at 20-Dec-2022 12:00:15.730 CET
[2022-12-20 12:00:46.725444 +0100][Error  ][AsyncSock         ] [xrootd.ba.infn.it:1094 #0.0] Socket error while handshaking: [ERROR] Socket timeout
[2022-12-20 12:00:46.725615 +0100][Error  ][PostMaster        ] [xrootd.ba.infn.it:1094 #0] elapsed = 45, pConnectionWindow = 31 seconds.
[2022-12-20 12:00:46.725631 +0100][Error  ][PostMaster        ] [xrootd.ba.infn.it:1094 #0] Unable to recover: [ERROR] Socket timeout.
[2022-12-20 12:00:46.725642 +0100][Error  ][XRootD            ] [xrootd.ba.infn.it:1094] Impossible to send message kXR_open (file: /store/user/alesauva/flashgg/UL2017_4/10_6_4/ZHiggs0PMToGG_M125_TuneCP5_13TeV-JHUGenV7011-pythia8/UL2017_4-10_6_4-v0-RunIISummer19UL17MiniAOD-106X_mc2017_realistic_v6-v2/200720_162909/0000/myMicroAODOutputFile_10.root?tried=stor73.datagrid.cea.fr, mode: 0660, flags: kXR_open_read kXR_async kXR_retstat ). Trying to recover.
Begin processing the 11001st record. Run 1, Event 149701, LumiSection 1498 on stream 0 at 20-Dec-2022 12:02:17.877 CET
Begin processing the 12001st record. Run 1, Event 150702, LumiSection 1508 on stream 0 at 20-Dec-2022 12:04:19.525 CET
Begin processing the 13001st record. Run 1, Event 185304, LumiSection 1854 on stream 0 at 20-Dec-2022 12:06:33.860 CET
Begin processing the 14001st record. Run 1, Event 318301, LumiSection 3184 on stream 0 at 20-Dec-2022 12:08:39.072 CET
[2022-12-20 12:09:01.278519 +0100][Error  ][AsyncSock         ] [xrootd.ba.infn.it:1094 #0.0] Socket error while handshaking: [ERROR] Socket timeout
[2022-12-20 12:09:01.278686 +0100][Error  ][PostMaster        ] [xrootd.ba.infn.it:1094 #0] elapsed = 46, pConnectionWindow = 31 seconds.
[2022-12-20 12:09:46.550463 +0100][Error  ][AsyncSock         ] [xrootd.ba.infn.it:1094 #0.0] Socket error while handshaking: [ERROR] Socket timeout
[2022-12-20 12:09:46.550624 +0100][Error  ][PostMaster        ] [xrootd.ba.infn.it:1094 #0] elapsed = 45, pConnectionWindow = 31 seconds.
[2022-12-20 12:09:46.550642 +0100][Error  ][PostMaster        ] [xrootd.ba.infn.it:1094 #0] Unable to recover: [ERROR] Socket timeout.
[2022-12-20 12:09:46.550653 +0100][Error  ][XRootD            ] [xrootd.ba.infn.it:1094] Impossible to send message kXR_open (file: /store/user/alesauva/flashgg/UL2017_4/10_6_4/ZHiggs0PMToGG_M125_TuneCP5_13TeV-JHUGenV7011-pythia8/UL2017_4-10_6_4-v0-RunIISummer19UL17MiniAOD-106X_mc2017_realistic_v6-v2/200720_162909/0000/myMicroAODOutputFile_10.root?tried=stor73.datagrid.cea.fr, mode: 0660, flags: kXR_open_read kXR_async kXR_retstat ). Trying to recover.
Begin processing the 15001st record. Run 1, Event 322903, LumiSection 3230 on stream 0 at 20-Dec-2022 12:10:48.411 CET
Begin processing the 16001st record. Run 1, Event 451203, LumiSection 4513 on stream 0 at 20-Dec-2022 12:12:55.740 CET
Begin processing the 17001st record. Run 1, Event 485205, LumiSection 4853 on stream 0 at 20-Dec-2022 12:14:47.001 CET
Begin processing the 18001st record. Run 1, Event 569903, LumiSection 5700 on stream 0 at 20-Dec-2022 12:16:32.984 CET
Begin processing the 19001st record. Run 1, Event 570901, LumiSection 5710 on stream 0 at 20-Dec-2022 12:18:19.217 CET
[2022-12-20 12:19:13.487575 +0100][Error  ][AsyncSock         ] [xrootd.ba.infn.it:1094 #0.0] Socket error while handshaking: [ERROR] Socket timeout
[2022-12-20 12:19:13.487754 +0100][Error  ][PostMaster        ] [xrootd.ba.infn.it:1094 #0] elapsed = 45, pConnectionWindow = 31 seconds.
[2022-12-20 12:19:58.738460 +0100][Error  ][AsyncSock         ] [xrootd.ba.infn.it:1094 #0.0] Socket error while handshaking: [ERROR] Socket timeout
[2022-12-20 12:19:58.738569 +0100][Error  ][PostMaster        ] [xrootd.ba.infn.it:1094 #0] elapsed = 45, pConnectionWindow = 31 seconds.
[2022-12-20 12:19:58.738584 +0100][Error  ][PostMaster        ] [xrootd.ba.infn.it:1094 #0] Unable to recover: [ERROR] Socket timeout.
[2022-12-20 12:19:58.738594 +0100][Error  ][XRootD            ] [xrootd.ba.infn.it:1094] Impossible to send message kXR_open (file: /store/user/alesauva/flashgg/UL2017_4/10_6_4/ZHiggs0PMToGG_M125_TuneCP5_13TeV-JHUGenV7011-pythia8/UL2017_4-10_6_4-v0-RunIISummer19UL17MiniAOD-106X_mc2017_realistic_v6-v2/200720_162909/0000/myMicroAODOutputFile_10.root?tried=stor73.datagrid.cea.fr, mode: 0660, flags: kXR_open_read kXR_async kXR_retstat ). Trying to recover.
Begin processing the 20001st record. Run 1, Event 586909, LumiSection 5870 on stream 0 at 20-Dec-2022 12:20:03.837 CET
Begin processing the 21001st record. Run 1, Event 587907, LumiSection 5880 on stream 0 at 20-Dec-2022 12:22:08.142 CET
Begin processing the 22001st record. Run 1, Event 588909, LumiSection 5890 on stream 0 at 20-Dec-2022 12:24:07.109 CET
Begin processing the 23001st record. Run 1, Event 600112, LumiSection 6002 on stream 0 at 20-Dec-2022 12:25:58.037 CET
Begin processing the 24001st record. Run 1, Event 601111, LumiSection 6012 on stream 0 at 20-Dec-2022 12:27:51.554 CET
[2022-12-20 12:29:28.093430 +0100][Error  ][AsyncSock         ] [xrootd.ba.infn.it:1094 #0.0] Socket error while handshaking: [ERROR] Socket timeout
[2022-12-20 12:29:28.093600 +0100][Error  ][PostMaster        ] [xrootd.ba.infn.it:1094 #0] elapsed = 45, pConnectionWindow = 31 seconds.
20-Dec-2022 12:29:54 CET  Closed file root://cms-xrd-global.cern.ch//store/user/alesauva/flashgg/UL2017_4/10_6_4/ZHiggs0PMToGG_M125_TuneCP5_13TeV-JHUGenV7011-pythia8/UL2017_4-10_6_4-v0-RunIISummer19UL17MiniAOD-106X_mc2017_realistic_v6-v2/200720_162909/0000/myMicroAODOutputFile_10.root

TrigReport ---------- Event  Summary ------------
TrigReport Events total = 25000 passed = 24892 failed = 108

TrigReport ---------- Path   Summary ------------
TrigReport  Trig Bit#   Executed     Passed     Failed      Error Name
TrigReport     1    0      25000      24892        108          0 p

TrigReport -------End-Path   Summary ------------
TrigReport  Trig Bit#   Executed     Passed     Failed      Error Name

TrigReport ---------- Modules in Path: p ------------
TrigReport  Trig Bit#    Visited     Passed     Failed      Error Name
TrigReport     1    0      25000      24892        108          0 flashggMetFilters
TrigReport     1    1      24892      24892          0          0 VHFilter
TrigReport     1    2      24892      24892          0          0 flashggDifferentialPhoIdInputsCorrection
TrigReport     1    3      24892      24892          0          0 flashggDiPhotonSystematics
TrigReport     1    4      24892      24892          0          0 flashggMetSystematics
TrigReport     1    5      24892      24892          0          0 flashggMuonSystematics
TrigReport     1    6      24892      24892          0          0 flashggElectronSystematics
TrigReport     1    7      24892      24892          0          0 flashggUnpackedJets
TrigReport     1    8      24892      24892          0          0 flashggJetSystematics0
TrigReport     1    9      24892      24892          0          0 flashggJetSystematics1
TrigReport     1   10      24892      24892          0          0 flashggJetSystematics2
TrigReport     1   11      24892      24892          0          0 flashggJetSystematics3
TrigReport     1   12      24892      24892          0          0 flashggJetSystematics4
TrigReport     1   13      24892      24892          0          0 flashggJetSystematics5
TrigReport     1   14      24892      24892          0          0 flashggJetSystematics6
TrigReport     1   15      24892      24892          0          0 flashggJetSystematics7
TrigReport     1   16      24892      24892          0          0 flashggJetSystematics8
TrigReport     1   17      24892      24892          0          0 flashggJetSystematics9
TrigReport     1   18      24892      24892          0          0 flashggJetSystematics10
TrigReport     1   19      24892      24892          0          0 flashggJetSystematics11
TrigReport     1   20      24892      24892          0          0 flashggPrefireDiPhotons
TrigReport     1   21      24892      24892          0          0 flashggPreselectedDiPhotons
TrigReport     1   22      24892      24892          0          0 flashggDiPhotonMVA
TrigReport     1   23      24892      24892          0          0 flashggVBFMVA
TrigReport     1   24      24892      24892          0          0 flashggVHhadMVA
TrigReport     1   25      24892      24892          0          0 flashggGluGluHMVA
TrigReport     1   26      24892      24892          0          0 flashggStageOneCombinedTag
TrigReport     1   27      24892      24892          0          0 flashggTHQLeptonicTag
TrigReport     1   28      24892      24892          0          0 flashggVHMetTag
TrigReport     1   29      24892      24892          0          0 flashggWHLeptonicTag
TrigReport     1   30      24892      24892          0          0 flashggZHLeptonicTag
TrigReport     1   31      24892      24892          0          0 flashggTTHLeptonicTag
TrigReport     1   32      24892      24892          0          0 flashggTTHHadronicTag
TrigReport     1   33      24892      24892          0          0 flashggTagSorter
TrigReport     1   34      24892      24892          0          0 flashggSystTagMerger
TrigReport     1   35      24892      24892          0          0 tagsDumper

TrigReport ---------- Module Summary ------------
TrigReport    Visited   Executed     Passed     Failed      Error Name
TrigReport      25000      25000      25000          0          0 TriggerResults
TrigReport      24892      24892      24892          0          0 VHFilter
TrigReport      24892      24892      24892          0          0 ak4PFCHSL1FastL2L3Corrector
TrigReport      24892      24892      24892          0          0 ak4PFCHSL1FastjetCorrector
TrigReport      24892      24892      24892          0          0 ak4PFCHSL2RelativeCorrector
TrigReport      24892      24892      24892          0          0 ak4PFCHSL3AbsoluteCorrector
TrigReport      24892      24892      24892          0          0 flashggDiPhotonMVA
TrigReport      24892      24892      24892          0          0 flashggDiPhotonSystematics
TrigReport      24892      24892      24892          0          0 flashggDifferentialPhoIdInputsCorrection
TrigReport      24892      24892      24892          0          0 flashggElectronSystematics
TrigReport      24892      24892      24892          0          0 flashggGluGluHMVA
TrigReport      24892      24892      24892          0          0 flashggJetSystematics0
TrigReport      24892      24892      24892          0          0 flashggJetSystematics1
TrigReport      24892      24892      24892          0          0 flashggJetSystematics10
TrigReport      24892      24892      24892          0          0 flashggJetSystematics11
TrigReport      24892      24892      24892          0          0 flashggJetSystematics2
TrigReport      24892      24892      24892          0          0 flashggJetSystematics3
TrigReport      24892      24892      24892          0          0 flashggJetSystematics4
TrigReport      24892      24892      24892          0          0 flashggJetSystematics5
TrigReport      24892      24892      24892          0          0 flashggJetSystematics6
TrigReport      24892      24892      24892          0          0 flashggJetSystematics7
TrigReport      24892      24892      24892          0          0 flashggJetSystematics8
TrigReport      24892      24892      24892          0          0 flashggJetSystematics9
TrigReport      25000      25000      24892        108          0 flashggMetFilters
TrigReport      24892      24892      24892          0          0 flashggMetSystematics
TrigReport      24892      24892      24892          0          0 flashggMuonSystematics
TrigReport      24892      24892      24892          0          0 flashggPrefireDiPhotons
TrigReport      24892      24892      24892          0          0 flashggPreselectedDiPhotons
TrigReport      24892      24892      24892          0          0 flashggStageOneCombinedTag
TrigReport      24892      24892      24892          0          0 flashggSystTagMerger
TrigReport      24892      24892      24892          0          0 flashggTHQLeptonicTag
TrigReport      24892      24892      24892          0          0 flashggTTHHadronicTag
TrigReport      24892      24892      24892          0          0 flashggTTHLeptonicTag
TrigReport      24892      24892      24892          0          0 flashggTagSorter
TrigReport      24892      24892      24892          0          0 flashggUnpackedJets
TrigReport      24892      24892      24892          0          0 flashggVBFMVA
TrigReport      24892      24892      24892          0          0 flashggVHMetTag
TrigReport      24892      24892      24892          0          0 flashggVHhadMVA
TrigReport      24892      24892      24892          0          0 flashggWHLeptonicTag
TrigReport      24892      24892      24892          0          0 flashggZHLeptonicTag
TrigReport      25000      25000      25000          0          0 p
TrigReport      24892      24892      24892          0          0 tagsDumper

TimeReport ---------- Event  Summary ---[sec]----
TimeReport       event loop CPU/event = 0.128255
TimeReport      event loop Real/event = 0.129294
TimeReport     sum Streams Real/event = 0.125510
TimeReport efficiency CPU/Real/thread = 0.991968

TimeReport ---------- Path   Summary ---[Real sec]----
TimeReport  per event     per exec  Name
TimeReport   0.125009     0.125009  p
TimeReport  per event     per exec  Name

TimeReport -------End-Path   Summary ---[Real sec]----
TimeReport  per event     per exec  Name
TimeReport  per event     per exec  Name

TimeReport ---------- Modules in Path: p ---[Real sec]----
TimeReport  per event    per visit  Name
TimeReport   0.000016     0.000016  flashggMetFilters
TimeReport   0.000006     0.000006  VHFilter
TimeReport   0.067507     0.067800  flashggDifferentialPhoIdInputsCorrection
TimeReport   0.041574     0.041755  flashggDiPhotonSystematics
TimeReport   0.000194     0.000195  flashggMetSystematics
TimeReport   0.000023     0.000023  flashggMuonSystematics
TimeReport   0.000037     0.000037  flashggElectronSystematics
TimeReport   0.000226     0.000227  flashggUnpackedJets
TimeReport   0.004092     0.004110  flashggJetSystematics0
TimeReport   0.000612     0.000615  flashggJetSystematics1
TimeReport   0.000543     0.000545  flashggJetSystematics2
TimeReport   0.000520     0.000522  flashggJetSystematics3
TimeReport   0.000511     0.000513  flashggJetSystematics4
TimeReport   0.000505     0.000507  flashggJetSystematics5
TimeReport   0.000502     0.000504  flashggJetSystematics6
TimeReport   0.000501     0.000503  flashggJetSystematics7
TimeReport   0.000498     0.000500  flashggJetSystematics8
TimeReport   0.000498     0.000500  flashggJetSystematics9
TimeReport   0.000495     0.000497  flashggJetSystematics10
TimeReport   0.000495     0.000497  flashggJetSystematics11
TimeReport   0.000278     0.000279  flashggPrefireDiPhotons
TimeReport   0.000113     0.000113  flashggPreselectedDiPhotons
TimeReport   0.000032     0.000032  flashggDiPhotonMVA
TimeReport   0.000027     0.000027  flashggVBFMVA
TimeReport   0.000016     0.000016  flashggVHhadMVA
TimeReport   0.000047     0.000047  flashggGluGluHMVA
TimeReport   0.000029     0.000029  flashggStageOneCombinedTag
TimeReport   0.000557     0.000560  flashggTHQLeptonicTag
TimeReport   0.000300     0.000301  flashggVHMetTag
TimeReport   0.000024     0.000024  flashggWHLeptonicTag
TimeReport   0.000019     0.000020  flashggZHLeptonicTag
TimeReport   0.000063     0.000064  flashggTTHLeptonicTag
TimeReport   0.001212     0.001218  flashggTTHHadronicTag
TimeReport   0.000086     0.000086  flashggTagSorter
TimeReport   0.000004     0.000004  flashggSystTagMerger
TimeReport   0.000364     0.000366  tagsDumper
TimeReport  per event    per visit  Name

TimeReport ---------- Module Summary ---[Real sec]----
TimeReport  per event     per exec    per visit  Name
TimeReport   0.000003     0.000003     0.000003  TriggerResults
TimeReport   0.000006     0.000006     0.000006  VHFilter
TimeReport   0.000004     0.000004     0.000004  ak4PFCHSL1FastL2L3Corrector
TimeReport   0.000004     0.000004     0.000004  ak4PFCHSL1FastjetCorrector
TimeReport   0.000002     0.000002     0.000002  ak4PFCHSL2RelativeCorrector
TimeReport   0.000014     0.000014     0.000014  ak4PFCHSL3AbsoluteCorrector
TimeReport   0.000032     0.000032     0.000032  flashggDiPhotonMVA
TimeReport   0.041574     0.041755     0.041755  flashggDiPhotonSystematics
TimeReport   0.067507     0.067800     0.067800  flashggDifferentialPhoIdInputsCorrection
TimeReport   0.000037     0.000037     0.000037  flashggElectronSystematics
TimeReport   0.000047     0.000047     0.000047  flashggGluGluHMVA
TimeReport   0.004092     0.004110     0.004110  flashggJetSystematics0
TimeReport   0.000612     0.000615     0.000615  flashggJetSystematics1
TimeReport   0.000495     0.000497     0.000497  flashggJetSystematics10
TimeReport   0.000495     0.000497     0.000497  flashggJetSystematics11
TimeReport   0.000543     0.000545     0.000545  flashggJetSystematics2
TimeReport   0.000520     0.000522     0.000522  flashggJetSystematics3
TimeReport   0.000511     0.000513     0.000513  flashggJetSystematics4
TimeReport   0.000505     0.000507     0.000507  flashggJetSystematics5
TimeReport   0.000502     0.000504     0.000504  flashggJetSystematics6
TimeReport   0.000501     0.000503     0.000503  flashggJetSystematics7
TimeReport   0.000498     0.000500     0.000500  flashggJetSystematics8
TimeReport   0.000498     0.000500     0.000500  flashggJetSystematics9
TimeReport   0.000016     0.000016     0.000016  flashggMetFilters
TimeReport   0.000194     0.000195     0.000195  flashggMetSystematics
TimeReport   0.000023     0.000023     0.000023  flashggMuonSystematics
TimeReport   0.000278     0.000279     0.000279  flashggPrefireDiPhotons
TimeReport   0.000113     0.000113     0.000113  flashggPreselectedDiPhotons
TimeReport   0.000029     0.000029     0.000029  flashggStageOneCombinedTag
TimeReport   0.000004     0.000004     0.000004  flashggSystTagMerger
TimeReport   0.000557     0.000560     0.000560  flashggTHQLeptonicTag
TimeReport   0.001212     0.001218     0.001218  flashggTTHHadronicTag
TimeReport   0.000063     0.000064     0.000064  flashggTTHLeptonicTag
TimeReport   0.000086     0.000086     0.000086  flashggTagSorter
TimeReport   0.000226     0.000227     0.000227  flashggUnpackedJets
TimeReport   0.000027     0.000027     0.000027  flashggVBFMVA
TimeReport   0.000300     0.000301     0.000301  flashggVHMetTag
TimeReport   0.000016     0.000016     0.000016  flashggVHhadMVA
TimeReport   0.000024     0.000024     0.000024  flashggWHLeptonicTag
TimeReport   0.000019     0.000020     0.000020  flashggZHLeptonicTag
TimeReport   0.000003     0.000003     0.000003  p
TimeReport   0.000364     0.000366     0.000366  tagsDumper
TimeReport  per event     per exec    per visit  Name

T---Report end!


=============================================

MessageLogger Summary

 type     category        sev    module        subroutine        count    total
 ---- -------------------- -- ---------------- ----------------  -----    -----
    1 XrdAdaptor           -w file_open                              1        1
    2 fileAction           -s file_close                             1        1
    3 fileAction           -s file_open                              2        2

 type    category    Examples: run/evt        run/evt          run/evt
 ---- -------------------- ---------------- ---------------- ----------------
    1 XrdAdaptor           pre-events                        
    2 fileAction           PostGlobalEndRun                  
    3 fileAction           pre-events       pre-events       

Severity    # Occurrences   Total Occurrences
--------    -------------   -----------------
Warning                 1                   1
System                  3                   3

dropped waiting message count 0
