mkdir: cannot create directory '/afs/cern.ch/user/x/xisu/private/local/Analysis_workspace/VH_AC_tmp1/flashgg_d2/CMSSW_10_6_29/src/flashgg/VHAC_Analysis_Met/UL_17/UL_17_zh125': File exists
/cvmfs/cms.cern.ch/slc7_amd64_gcc700/external/py2-requests/2.21.0-pafccj2/lib/python2.7/site-packages/requests/__init__.py:91: RequestsDependencyWarning: urllib3 (1.25.2) or chardet (3.0.4) doesn't match a supported version!
  RequestsDependencyWarning)
20-Dec-2022 11:19:57 CET  Initiating request to open file root://cms-xrd-global.cern.ch//store/user/alesauva/flashgg/UL2017_4/10_6_4/ZHiggs0PMToGG_M125_TuneCP5_13TeV-JHUGenV7011-pythia8/UL2017_4-10_6_4-v0-RunIISummer19UL17MiniAOD-106X_mc2017_realistic_v6-v2/200720_162909/0000/myMicroAODOutputFile_30.root
%MSG-w XrdAdaptor:  file_open 20-Dec-2022 11:20:00 CET pre-events
Data is served from GRIF-IRFU instead of original site CERN-CMSGLOBAL-02
%MSG
20-Dec-2022 11:20:01 CET  Successfully opened file root://cms-xrd-global.cern.ch//store/user/alesauva/flashgg/UL2017_4/10_6_4/ZHiggs0PMToGG_M125_TuneCP5_13TeV-JHUGenV7011-pythia8/UL2017_4-10_6_4-v0-RunIISummer19UL17MiniAOD-106X_mc2017_realistic_v6-v2/200720_162909/0000/myMicroAODOutputFile_30.root
2022-12-20 11:34:33.218811: I tensorflow/core/platform/cpu_feature_guard.cc:140] Your CPU supports instructions that this TensorFlow binary was not compiled to use: SSE4.1 SSE4.2 AVX AVX2 FMA
Begin processing the 1st record. Run 1, Event 129401, LumiSection 1295 on stream 0 at 20-Dec-2022 11:35:30.882 CET
[2022-12-20 11:36:14.902161 +0100][Error  ][AsyncSock         ] [xrootd.ba.infn.it:1094 #0.0] Socket error while handshaking: [ERROR] Socket timeout
[2022-12-20 11:36:14.902334 +0100][Error  ][PostMaster        ] [xrootd.ba.infn.it:1094 #0] elapsed = 45, pConnectionWindow = 31 seconds.
[2022-12-20 11:37:00.155650 +0100][Error  ][AsyncSock         ] [xrootd.ba.infn.it:1094 #0.0] Socket error while handshaking: [ERROR] Socket timeout
[2022-12-20 11:37:00.155819 +0100][Error  ][PostMaster        ] [xrootd.ba.infn.it:1094 #0] elapsed = 46, pConnectionWindow = 31 seconds.
[2022-12-20 11:37:00.155858 +0100][Error  ][PostMaster        ] [xrootd.ba.infn.it:1094 #0] Unable to recover: [ERROR] Socket timeout.
[2022-12-20 11:37:00.155901 +0100][Error  ][XRootD            ] [xrootd.ba.infn.it:1094] Impossible to send message kXR_open (file: /store/user/alesauva/flashgg/UL2017_4/10_6_4/ZHiggs0PMToGG_M125_TuneCP5_13TeV-JHUGenV7011-pythia8/UL2017_4-10_6_4-v0-RunIISummer19UL17MiniAOD-106X_mc2017_realistic_v6-v2/200720_162909/0000/myMicroAODOutputFile_30.root?tried=stor83.datagrid.cea.fr, mode: 0660, flags: kXR_open_read kXR_async kXR_retstat ). Trying to recover.
Begin processing the 1001st record. Run 1, Event 236209, LumiSection 2363 on stream 0 at 20-Dec-2022 11:40:03.699 CET
[2022-12-20 11:40:55.105331 +0100][Error  ][AsyncSock         ] [xrootd.ba.infn.it:1094 #0.0] Socket error while handshaking: [ERROR] Socket timeout
[2022-12-20 11:40:55.105485 +0100][Error  ][PostMaster        ] [xrootd.ba.infn.it:1094 #0] elapsed = 45, pConnectionWindow = 31 seconds.
[2022-12-20 11:41:40.358170 +0100][Error  ][AsyncSock         ] [xrootd.ba.infn.it:1094 #0.0] Socket error while handshaking: [ERROR] Socket timeout
[2022-12-20 11:41:40.358336 +0100][Error  ][PostMaster        ] [xrootd.ba.infn.it:1094 #0] elapsed = 45, pConnectionWindow = 31 seconds.
[2022-12-20 11:41:40.358350 +0100][Error  ][PostMaster        ] [xrootd.ba.infn.it:1094 #0] Unable to recover: [ERROR] Socket timeout.
[2022-12-20 11:41:40.358359 +0100][Error  ][XRootD            ] [xrootd.ba.infn.it:1094] Impossible to send message kXR_open (file: /store/user/alesauva/flashgg/UL2017_4/10_6_4/ZHiggs0PMToGG_M125_TuneCP5_13TeV-JHUGenV7011-pythia8/UL2017_4-10_6_4-v0-RunIISummer19UL17MiniAOD-106X_mc2017_realistic_v6-v2/200720_162909/0000/myMicroAODOutputFile_30.root?tried=stor83.datagrid.cea.fr, mode: 0660, flags: kXR_open_read kXR_async kXR_retstat ). Trying to recover.
Begin processing the 2001st record. Run 1, Event 239707, LumiSection 2398 on stream 0 at 20-Dec-2022 11:42:09.513 CET
Begin processing the 3001st record. Run 1, Event 337703, LumiSection 3378 on stream 0 at 20-Dec-2022 11:44:14.692 CET
[2022-12-20 11:45:26.663714 +0100][Error  ][AsyncSock         ] [xrootd.ba.infn.it:1094 #0.0] Socket error while handshaking: [ERROR] Socket timeout
[2022-12-20 11:45:26.663865 +0100][Error  ][PostMaster        ] [xrootd.ba.infn.it:1094 #0] elapsed = 45, pConnectionWindow = 31 seconds.
[2022-12-20 11:46:11.907087 +0100][Error  ][AsyncSock         ] [xrootd.ba.infn.it:1094 #0.0] Socket error while handshaking: [ERROR] Socket timeout
[2022-12-20 11:46:11.907301 +0100][Error  ][PostMaster        ] [xrootd.ba.infn.it:1094 #0] elapsed = 45, pConnectionWindow = 31 seconds.
[2022-12-20 11:46:11.907322 +0100][Error  ][PostMaster        ] [xrootd.ba.infn.it:1094 #0] Unable to recover: [ERROR] Socket timeout.
[2022-12-20 11:46:11.907332 +0100][Error  ][XRootD            ] [xrootd.ba.infn.it:1094] Impossible to send message kXR_open (file: /store/user/alesauva/flashgg/UL2017_4/10_6_4/ZHiggs0PMToGG_M125_TuneCP5_13TeV-JHUGenV7011-pythia8/UL2017_4-10_6_4-v0-RunIISummer19UL17MiniAOD-106X_mc2017_realistic_v6-v2/200720_162909/0000/myMicroAODOutputFile_30.root?tried=stor83.datagrid.cea.fr, mode: 0660, flags: kXR_open_read kXR_async kXR_retstat ). Trying to recover.
Begin processing the 4001st record. Run 1, Event 126808, LumiSection 1269 on stream 0 at 20-Dec-2022 11:46:21.196 CET
Begin processing the 5001st record. Run 1, Event 444815, LumiSection 4449 on stream 0 at 20-Dec-2022 11:48:21.630 CET
Begin processing the 6001st record. Run 1, Event 592806, LumiSection 5929 on stream 0 at 20-Dec-2022 11:50:26.810 CET
Begin processing the 7001st record. Run 1, Event 611108, LumiSection 6112 on stream 0 at 20-Dec-2022 11:52:32.827 CET
[2022-12-20 11:54:08.726155 +0100][Error  ][AsyncSock         ] [xrootd.ba.infn.it:1094 #0.0] Socket error while handshaking: [ERROR] Socket timeout
[2022-12-20 11:54:08.726318 +0100][Error  ][PostMaster        ] [xrootd.ba.infn.it:1094 #0] elapsed = 45, pConnectionWindow = 31 seconds.
Begin processing the 8001st record. Run 1, Event 385309, LumiSection 3854 on stream 0 at 20-Dec-2022 11:54:32.934 CET
[2022-12-20 11:54:53.982153 +0100][Error  ][AsyncSock         ] [xrootd.ba.infn.it:1094 #0.0] Socket error while handshaking: [ERROR] Socket timeout
[2022-12-20 11:54:53.982328 +0100][Error  ][PostMaster        ] [xrootd.ba.infn.it:1094 #0] elapsed = 45, pConnectionWindow = 31 seconds.
[2022-12-20 11:54:53.982348 +0100][Error  ][PostMaster        ] [xrootd.ba.infn.it:1094 #0] Unable to recover: [ERROR] Socket timeout.
[2022-12-20 11:54:53.982357 +0100][Error  ][XRootD            ] [xrootd.ba.infn.it:1094] Impossible to send message kXR_open (file: /store/user/alesauva/flashgg/UL2017_4/10_6_4/ZHiggs0PMToGG_M125_TuneCP5_13TeV-JHUGenV7011-pythia8/UL2017_4-10_6_4-v0-RunIISummer19UL17MiniAOD-106X_mc2017_realistic_v6-v2/200720_162909/0000/myMicroAODOutputFile_30.root?tried=stor83.datagrid.cea.fr, mode: 0660, flags: kXR_open_read kXR_async kXR_retstat ). Trying to recover.
Begin processing the 9001st record. Run 1, Event 386302, LumiSection 3864 on stream 0 at 20-Dec-2022 11:56:36.901 CET
Begin processing the 10001st record. Run 1, Event 670505, LumiSection 6706 on stream 0 at 20-Dec-2022 11:58:39.059 CET
Begin processing the 11001st record. Run 1, Event 671503, LumiSection 6716 on stream 0 at 20-Dec-2022 12:00:40.288 CET
Begin processing the 12001st record. Run 1, Event 692501, LumiSection 6926 on stream 0 at 20-Dec-2022 12:02:38.782 CET
[2022-12-20 12:02:44.452199 +0100][Error  ][AsyncSock         ] [xrootd.ba.infn.it:1094 #0.0] Socket error while handshaking: [ERROR] Socket timeout
[2022-12-20 12:02:44.452425 +0100][Error  ][PostMaster        ] [xrootd.ba.infn.it:1094 #0] elapsed = 45, pConnectionWindow = 31 seconds.
[2022-12-20 12:03:29.698123 +0100][Error  ][AsyncSock         ] [xrootd.ba.infn.it:1094 #0.0] Socket error while handshaking: [ERROR] Socket timeout
[2022-12-20 12:03:29.698277 +0100][Error  ][PostMaster        ] [xrootd.ba.infn.it:1094 #0] elapsed = 45, pConnectionWindow = 31 seconds.
[2022-12-20 12:03:29.698287 +0100][Error  ][PostMaster        ] [xrootd.ba.infn.it:1094 #0] Unable to recover: [ERROR] Socket timeout.
[2022-12-20 12:03:29.698309 +0100][Error  ][XRootD            ] [xrootd.ba.infn.it:1094] Impossible to send message kXR_open (file: /store/user/alesauva/flashgg/UL2017_4/10_6_4/ZHiggs0PMToGG_M125_TuneCP5_13TeV-JHUGenV7011-pythia8/UL2017_4-10_6_4-v0-RunIISummer19UL17MiniAOD-106X_mc2017_realistic_v6-v2/200720_162909/0000/myMicroAODOutputFile_30.root?tried=stor83.datagrid.cea.fr, mode: 0660, flags: kXR_open_read kXR_async kXR_retstat ). Trying to recover.
Begin processing the 13001st record. Run 1, Event 611706, LumiSection 6118 on stream 0 at 20-Dec-2022 12:04:45.948 CET
Begin processing the 14001st record. Run 1, Event 510812, LumiSection 5109 on stream 0 at 20-Dec-2022 12:06:47.375 CET
Begin processing the 15001st record. Run 1, Event 511806, LumiSection 5119 on stream 0 at 20-Dec-2022 12:08:56.495 CET
Begin processing the 16001st record. Run 1, Event 692005, LumiSection 6921 on stream 0 at 20-Dec-2022 12:11:01.017 CET
[2022-12-20 12:11:30.267147 +0100][Error  ][AsyncSock         ] [xrootd.ba.infn.it:1094 #0.0] Socket error while handshaking: [ERROR] Socket timeout
[2022-12-20 12:11:30.267294 +0100][Error  ][PostMaster        ] [xrootd.ba.infn.it:1094 #0] elapsed = 45, pConnectionWindow = 31 seconds.
[2022-12-20 12:12:15.508157 +0100][Error  ][AsyncSock         ] [xrootd.ba.infn.it:1094 #0.0] Socket error while handshaking: [ERROR] Socket timeout
[2022-12-20 12:12:15.508289 +0100][Error  ][PostMaster        ] [xrootd.ba.infn.it:1094 #0] elapsed = 45, pConnectionWindow = 31 seconds.
[2022-12-20 12:12:15.508303 +0100][Error  ][PostMaster        ] [xrootd.ba.infn.it:1094 #0] Unable to recover: [ERROR] Socket timeout.
[2022-12-20 12:12:15.508314 +0100][Error  ][XRootD            ] [xrootd.ba.infn.it:1094] Impossible to send message kXR_open (file: /store/user/alesauva/flashgg/UL2017_4/10_6_4/ZHiggs0PMToGG_M125_TuneCP5_13TeV-JHUGenV7011-pythia8/UL2017_4-10_6_4-v0-RunIISummer19UL17MiniAOD-106X_mc2017_realistic_v6-v2/200720_162909/0000/myMicroAODOutputFile_30.root?tried=stor83.datagrid.cea.fr, mode: 0660, flags: kXR_open_read kXR_async kXR_retstat ). Trying to recover.
Begin processing the 17001st record. Run 1, Event 619003, LumiSection 6191 on stream 0 at 20-Dec-2022 12:13:04.525 CET
Begin processing the 18001st record. Run 1, Event 620001, LumiSection 6201 on stream 0 at 20-Dec-2022 12:15:00.813 CET
Begin processing the 19001st record. Run 1, Event 548102, LumiSection 5482 on stream 0 at 20-Dec-2022 12:17:02.232 CET
Begin processing the 20001st record. Run 1, Event 549104, LumiSection 5492 on stream 0 at 20-Dec-2022 12:19:02.884 CET
[2022-12-20 12:20:00.375287 +0100][Error  ][AsyncSock         ] [xrootd.ba.infn.it:1094 #0.0] Socket error while handshaking: [ERROR] Socket timeout
[2022-12-20 12:20:00.375512 +0100][Error  ][PostMaster        ] [xrootd.ba.infn.it:1094 #0] elapsed = 45, pConnectionWindow = 31 seconds.
[2022-12-20 12:20:45.602121 +0100][Error  ][AsyncSock         ] [xrootd.ba.infn.it:1094 #0.0] Socket error while handshaking: [ERROR] Socket timeout
[2022-12-20 12:20:45.602297 +0100][Error  ][PostMaster        ] [xrootd.ba.infn.it:1094 #0] elapsed = 45, pConnectionWindow = 31 seconds.
[2022-12-20 12:20:45.602308 +0100][Error  ][PostMaster        ] [xrootd.ba.infn.it:1094 #0] Unable to recover: [ERROR] Socket timeout.
[2022-12-20 12:20:45.602318 +0100][Error  ][XRootD            ] [xrootd.ba.infn.it:1094] Impossible to send message kXR_open (file: /store/user/alesauva/flashgg/UL2017_4/10_6_4/ZHiggs0PMToGG_M125_TuneCP5_13TeV-JHUGenV7011-pythia8/UL2017_4-10_6_4-v0-RunIISummer19UL17MiniAOD-106X_mc2017_realistic_v6-v2/200720_162909/0000/myMicroAODOutputFile_30.root?tried=stor83.datagrid.cea.fr, mode: 0660, flags: kXR_open_read kXR_async kXR_retstat ). Trying to recover.
Begin processing the 21001st record. Run 1, Event 550101, LumiSection 5502 on stream 0 at 20-Dec-2022 12:20:55.479 CET
Begin processing the 22001st record. Run 1, Event 594411, LumiSection 5945 on stream 0 at 20-Dec-2022 12:23:00.907 CET
Begin processing the 23001st record. Run 1, Event 610906, LumiSection 6110 on stream 0 at 20-Dec-2022 12:25:00.031 CET
20-Dec-2022 12:26:51 CET  Closed file root://cms-xrd-global.cern.ch//store/user/alesauva/flashgg/UL2017_4/10_6_4/ZHiggs0PMToGG_M125_TuneCP5_13TeV-JHUGenV7011-pythia8/UL2017_4-10_6_4-v0-RunIISummer19UL17MiniAOD-106X_mc2017_realistic_v6-v2/200720_162909/0000/myMicroAODOutputFile_30.root

TrigReport ---------- Event  Summary ------------
TrigReport Events total = 23900 passed = 23774 failed = 126

TrigReport ---------- Path   Summary ------------
TrigReport  Trig Bit#   Executed     Passed     Failed      Error Name
TrigReport     1    0      23900      23774        126          0 p

TrigReport -------End-Path   Summary ------------
TrigReport  Trig Bit#   Executed     Passed     Failed      Error Name

TrigReport ---------- Modules in Path: p ------------
TrigReport  Trig Bit#    Visited     Passed     Failed      Error Name
TrigReport     1    0      23900      23774        126          0 flashggMetFilters
TrigReport     1    1      23774      23774          0          0 VHFilter
TrigReport     1    2      23774      23774          0          0 flashggDifferentialPhoIdInputsCorrection
TrigReport     1    3      23774      23774          0          0 flashggDiPhotonSystematics
TrigReport     1    4      23774      23774          0          0 flashggMetSystematics
TrigReport     1    5      23774      23774          0          0 flashggMuonSystematics
TrigReport     1    6      23774      23774          0          0 flashggElectronSystematics
TrigReport     1    7      23774      23774          0          0 flashggUnpackedJets
TrigReport     1    8      23774      23774          0          0 flashggJetSystematics0
TrigReport     1    9      23774      23774          0          0 flashggJetSystematics1
TrigReport     1   10      23774      23774          0          0 flashggJetSystematics2
TrigReport     1   11      23774      23774          0          0 flashggJetSystematics3
TrigReport     1   12      23774      23774          0          0 flashggJetSystematics4
TrigReport     1   13      23774      23774          0          0 flashggJetSystematics5
TrigReport     1   14      23774      23774          0          0 flashggJetSystematics6
TrigReport     1   15      23774      23774          0          0 flashggJetSystematics7
TrigReport     1   16      23774      23774          0          0 flashggJetSystematics8
TrigReport     1   17      23774      23774          0          0 flashggJetSystematics9
TrigReport     1   18      23774      23774          0          0 flashggJetSystematics10
TrigReport     1   19      23774      23774          0          0 flashggJetSystematics11
TrigReport     1   20      23774      23774          0          0 flashggPrefireDiPhotons
TrigReport     1   21      23774      23774          0          0 flashggPreselectedDiPhotons
TrigReport     1   22      23774      23774          0          0 flashggDiPhotonMVA
TrigReport     1   23      23774      23774          0          0 flashggVBFMVA
TrigReport     1   24      23774      23774          0          0 flashggVHhadMVA
TrigReport     1   25      23774      23774          0          0 flashggGluGluHMVA
TrigReport     1   26      23774      23774          0          0 flashggStageOneCombinedTag
TrigReport     1   27      23774      23774          0          0 flashggTHQLeptonicTag
TrigReport     1   28      23774      23774          0          0 flashggVHMetTag
TrigReport     1   29      23774      23774          0          0 flashggWHLeptonicTag
TrigReport     1   30      23774      23774          0          0 flashggZHLeptonicTag
TrigReport     1   31      23774      23774          0          0 flashggTTHLeptonicTag
TrigReport     1   32      23774      23774          0          0 flashggTTHHadronicTag
TrigReport     1   33      23774      23774          0          0 flashggTagSorter
TrigReport     1   34      23774      23774          0          0 flashggSystTagMerger
TrigReport     1   35      23774      23774          0          0 tagsDumper

TrigReport ---------- Module Summary ------------
TrigReport    Visited   Executed     Passed     Failed      Error Name
TrigReport      23900      23900      23900          0          0 TriggerResults
TrigReport      23774      23774      23774          0          0 VHFilter
TrigReport      23774      23774      23774          0          0 ak4PFCHSL1FastL2L3Corrector
TrigReport      23774      23774      23774          0          0 ak4PFCHSL1FastjetCorrector
TrigReport      23774      23774      23774          0          0 ak4PFCHSL2RelativeCorrector
TrigReport      23774      23774      23774          0          0 ak4PFCHSL3AbsoluteCorrector
TrigReport      23774      23774      23774          0          0 flashggDiPhotonMVA
TrigReport      23774      23774      23774          0          0 flashggDiPhotonSystematics
TrigReport      23774      23774      23774          0          0 flashggDifferentialPhoIdInputsCorrection
TrigReport      23774      23774      23774          0          0 flashggElectronSystematics
TrigReport      23774      23774      23774          0          0 flashggGluGluHMVA
TrigReport      23774      23774      23774          0          0 flashggJetSystematics0
TrigReport      23774      23774      23774          0          0 flashggJetSystematics1
TrigReport      23774      23774      23774          0          0 flashggJetSystematics10
TrigReport      23774      23774      23774          0          0 flashggJetSystematics11
TrigReport      23774      23774      23774          0          0 flashggJetSystematics2
TrigReport      23774      23774      23774          0          0 flashggJetSystematics3
TrigReport      23774      23774      23774          0          0 flashggJetSystematics4
TrigReport      23774      23774      23774          0          0 flashggJetSystematics5
TrigReport      23774      23774      23774          0          0 flashggJetSystematics6
TrigReport      23774      23774      23774          0          0 flashggJetSystematics7
TrigReport      23774      23774      23774          0          0 flashggJetSystematics8
TrigReport      23774      23774      23774          0          0 flashggJetSystematics9
TrigReport      23900      23900      23774        126          0 flashggMetFilters
TrigReport      23774      23774      23774          0          0 flashggMetSystematics
TrigReport      23774      23774      23774          0          0 flashggMuonSystematics
TrigReport      23774      23774      23774          0          0 flashggPrefireDiPhotons
TrigReport      23774      23774      23774          0          0 flashggPreselectedDiPhotons
TrigReport      23774      23774      23774          0          0 flashggStageOneCombinedTag
TrigReport      23774      23774      23774          0          0 flashggSystTagMerger
TrigReport      23774      23774      23774          0          0 flashggTHQLeptonicTag
TrigReport      23774      23774      23774          0          0 flashggTTHHadronicTag
TrigReport      23774      23774      23774          0          0 flashggTTHLeptonicTag
TrigReport      23774      23774      23774          0          0 flashggTagSorter
TrigReport      23774      23774      23774          0          0 flashggUnpackedJets
TrigReport      23774      23774      23774          0          0 flashggVBFMVA
TrigReport      23774      23774      23774          0          0 flashggVHMetTag
TrigReport      23774      23774      23774          0          0 flashggVHhadMVA
TrigReport      23774      23774      23774          0          0 flashggWHLeptonicTag
TrigReport      23774      23774      23774          0          0 flashggZHLeptonicTag
TrigReport      23900      23900      23900          0          0 p
TrigReport      23774      23774      23774          0          0 tagsDumper

TimeReport ---------- Event  Summary ---[sec]----
TimeReport       event loop CPU/event = 0.128055
TimeReport      event loop Real/event = 0.128954
TimeReport     sum Streams Real/event = 0.125158
TimeReport efficiency CPU/Real/thread = 0.993028

TimeReport ---------- Path   Summary ---[Real sec]----
TimeReport  per event     per exec  Name
TimeReport   0.124647     0.124647  p
TimeReport  per event     per exec  Name

TimeReport -------End-Path   Summary ---[Real sec]----
TimeReport  per event     per exec  Name
TimeReport  per event     per exec  Name

TimeReport ---------- Modules in Path: p ---[Real sec]----
TimeReport  per event    per visit  Name
TimeReport   0.000017     0.000017  flashggMetFilters
TimeReport   0.000007     0.000007  VHFilter
TimeReport   0.066377     0.066729  flashggDifferentialPhoIdInputsCorrection
TimeReport   0.041922     0.042144  flashggDiPhotonSystematics
TimeReport   0.000189     0.000190  flashggMetSystematics
TimeReport   0.000025     0.000025  flashggMuonSystematics
TimeReport   0.000039     0.000039  flashggElectronSystematics
TimeReport   0.000234     0.000235  flashggUnpackedJets
TimeReport   0.004223     0.004245  flashggJetSystematics0
TimeReport   0.000635     0.000638  flashggJetSystematics1
TimeReport   0.000560     0.000563  flashggJetSystematics2
TimeReport   0.000537     0.000540  flashggJetSystematics3
TimeReport   0.000528     0.000531  flashggJetSystematics4
TimeReport   0.000525     0.000528  flashggJetSystematics5
TimeReport   0.000519     0.000521  flashggJetSystematics6
TimeReport   0.000516     0.000519  flashggJetSystematics7
TimeReport   0.000513     0.000516  flashggJetSystematics8
TimeReport   0.000512     0.000515  flashggJetSystematics9
TimeReport   0.000513     0.000515  flashggJetSystematics10
TimeReport   0.000512     0.000515  flashggJetSystematics11
TimeReport   0.000289     0.000291  flashggPrefireDiPhotons
TimeReport   0.000117     0.000118  flashggPreselectedDiPhotons
TimeReport   0.000033     0.000033  flashggDiPhotonMVA
TimeReport   0.000028     0.000028  flashggVBFMVA
TimeReport   0.000017     0.000017  flashggVHhadMVA
TimeReport   0.000049     0.000049  flashggGluGluHMVA
TimeReport   0.000032     0.000032  flashggStageOneCombinedTag
TimeReport   0.000587     0.000591  flashggTHQLeptonicTag
TimeReport   0.000295     0.000296  flashggVHMetTag
TimeReport   0.000026     0.000026  flashggWHLeptonicTag
TimeReport   0.000020     0.000020  flashggZHLeptonicTag
TimeReport   0.000067     0.000067  flashggTTHLeptonicTag
TimeReport   0.001223     0.001230  flashggTTHHadronicTag
TimeReport   0.000094     0.000095  flashggTagSorter
TimeReport   0.000004     0.000004  flashggSystTagMerger
TimeReport   0.000317     0.000318  tagsDumper
TimeReport  per event    per visit  Name

TimeReport ---------- Module Summary ---[Real sec]----
TimeReport  per event     per exec    per visit  Name
TimeReport   0.000003     0.000003     0.000003  TriggerResults
TimeReport   0.000007     0.000007     0.000007  VHFilter
TimeReport   0.000004     0.000004     0.000004  ak4PFCHSL1FastL2L3Corrector
TimeReport   0.000004     0.000004     0.000004  ak4PFCHSL1FastjetCorrector
TimeReport   0.000002     0.000002     0.000002  ak4PFCHSL2RelativeCorrector
TimeReport   0.000013     0.000013     0.000013  ak4PFCHSL3AbsoluteCorrector
TimeReport   0.000033     0.000033     0.000033  flashggDiPhotonMVA
TimeReport   0.041922     0.042144     0.042144  flashggDiPhotonSystematics
TimeReport   0.066377     0.066729     0.066729  flashggDifferentialPhoIdInputsCorrection
TimeReport   0.000039     0.000039     0.000039  flashggElectronSystematics
TimeReport   0.000049     0.000049     0.000049  flashggGluGluHMVA
TimeReport   0.004223     0.004245     0.004245  flashggJetSystematics0
TimeReport   0.000635     0.000638     0.000638  flashggJetSystematics1
TimeReport   0.000513     0.000515     0.000515  flashggJetSystematics10
TimeReport   0.000512     0.000515     0.000515  flashggJetSystematics11
TimeReport   0.000560     0.000563     0.000563  flashggJetSystematics2
TimeReport   0.000537     0.000540     0.000540  flashggJetSystematics3
TimeReport   0.000528     0.000531     0.000531  flashggJetSystematics4
TimeReport   0.000525     0.000528     0.000528  flashggJetSystematics5
TimeReport   0.000519     0.000521     0.000521  flashggJetSystematics6
TimeReport   0.000516     0.000519     0.000519  flashggJetSystematics7
TimeReport   0.000513     0.000516     0.000516  flashggJetSystematics8
TimeReport   0.000512     0.000515     0.000515  flashggJetSystematics9
TimeReport   0.000017     0.000017     0.000017  flashggMetFilters
TimeReport   0.000189     0.000190     0.000190  flashggMetSystematics
TimeReport   0.000025     0.000025     0.000025  flashggMuonSystematics
TimeReport   0.000289     0.000291     0.000291  flashggPrefireDiPhotons
TimeReport   0.000117     0.000118     0.000118  flashggPreselectedDiPhotons
TimeReport   0.000032     0.000032     0.000032  flashggStageOneCombinedTag
TimeReport   0.000004     0.000004     0.000004  flashggSystTagMerger
TimeReport   0.000587     0.000591     0.000591  flashggTHQLeptonicTag
TimeReport   0.001223     0.001230     0.001230  flashggTTHHadronicTag
TimeReport   0.000067     0.000067     0.000067  flashggTTHLeptonicTag
TimeReport   0.000094     0.000095     0.000095  flashggTagSorter
TimeReport   0.000234     0.000235     0.000235  flashggUnpackedJets
TimeReport   0.000028     0.000028     0.000028  flashggVBFMVA
TimeReport   0.000295     0.000296     0.000296  flashggVHMetTag
TimeReport   0.000017     0.000017     0.000017  flashggVHhadMVA
TimeReport   0.000026     0.000026     0.000026  flashggWHLeptonicTag
TimeReport   0.000020     0.000020     0.000020  flashggZHLeptonicTag
TimeReport   0.000003     0.000003     0.000003  p
TimeReport   0.000317     0.000318     0.000318  tagsDumper
TimeReport  per event     per exec    per visit  Name

T---Report end!


=============================================

MessageLogger Summary

 type     category        sev    module        subroutine        count    total
 ---- -------------------- -- ---------------- ----------------  -----    -----
    1 XrdAdaptor           -w file_open                              1        1
    2 fileAction           -s file_close                             1        1
    3 fileAction           -s file_open                              2        2

 type    category    Examples: run/evt        run/evt          run/evt
 ---- -------------------- ---------------- ---------------- ----------------
    1 XrdAdaptor           pre-events                        
    2 fileAction           PostGlobalEndRun                  
    3 fileAction           pre-events       pre-events       

Severity    # Occurrences   Total Occurrences
--------    -------------   -----------------
Warning                 1                   1
System                  3                   3

dropped waiting message count 0
