mkdir: cannot create directory '/afs/cern.ch/user/x/xisu/private/local/Analysis_workspace/VH_AC_tmp1/flashgg_d2/CMSSW_10_6_29/src/flashgg/VHAC_Analysis_Met/UL_17/UL_17_zh125': File exists
/cvmfs/cms.cern.ch/slc7_amd64_gcc700/external/py2-requests/2.21.0-pafccj2/lib/python2.7/site-packages/requests/__init__.py:91: RequestsDependencyWarning: urllib3 (1.25.2) or chardet (3.0.4) doesn't match a supported version!
  RequestsDependencyWarning)
20-Dec-2022 11:11:26 CET  Initiating request to open file root://cms-xrd-global.cern.ch//store/user/alesauva/flashgg/UL2017_4/10_6_4/ZHiggs0MToGG_M125_TuneCP5_13TeV-JHUGenV7011-pythia8/UL2017_4-10_6_4-v0-RunIISummer19UL17MiniAOD-106X_mc2017_realistic_v6-v2/200720_162208/0000/myMicroAODOutputFile_3.root
%MSG-w XrdAdaptor:  file_open 20-Dec-2022 11:11:29 CET pre-events
Data is served from GRIF-IRFU instead of original site CERN-CMSGLOBAL-02
%MSG
20-Dec-2022 11:11:31 CET  Successfully opened file root://cms-xrd-global.cern.ch//store/user/alesauva/flashgg/UL2017_4/10_6_4/ZHiggs0MToGG_M125_TuneCP5_13TeV-JHUGenV7011-pythia8/UL2017_4-10_6_4-v0-RunIISummer19UL17MiniAOD-106X_mc2017_realistic_v6-v2/200720_162208/0000/myMicroAODOutputFile_3.root
2022-12-20 11:25:46.188192: I tensorflow/core/platform/cpu_feature_guard.cc:140] Your CPU supports instructions that this TensorFlow binary was not compiled to use: SSE4.1 SSE4.2 AVX AVX2 FMA
Begin processing the 1st record. Run 1, Event 48306, LumiSection 484 on stream 0 at 20-Dec-2022 11:26:46.515 CET
[2022-12-20 11:27:29.732353 +0100][Error  ][AsyncSock         ] [xrootd.ba.infn.it:1094 #0.0] Socket error while handshaking: [ERROR] Socket timeout
[2022-12-20 11:27:29.732656 +0100][Error  ][PostMaster        ] [xrootd.ba.infn.it:1094 #0] elapsed = 45, pConnectionWindow = 31 seconds.
[2022-12-20 11:28:14.475258 +0100][Error  ][AsyncSock         ] [xrootd.ba.infn.it:1094 #0.0] Socket error while handshaking: [ERROR] Socket timeout
[2022-12-20 11:28:14.475427 +0100][Error  ][PostMaster        ] [xrootd.ba.infn.it:1094 #0] elapsed = 45, pConnectionWindow = 31 seconds.
[2022-12-20 11:28:14.475464 +0100][Error  ][PostMaster        ] [xrootd.ba.infn.it:1094 #0] Unable to recover: [ERROR] Socket timeout.
[2022-12-20 11:28:14.475485 +0100][Error  ][XRootD            ] [xrootd.ba.infn.it:1094] Impossible to send message kXR_open (file: /store/user/alesauva/flashgg/UL2017_4/10_6_4/ZHiggs0MToGG_M125_TuneCP5_13TeV-JHUGenV7011-pythia8/UL2017_4-10_6_4-v0-RunIISummer19UL17MiniAOD-106X_mc2017_realistic_v6-v2/200720_162208/0000/myMicroAODOutputFile_3.root?tried=stor69.datagrid.cea.fr, mode: 0660, flags: kXR_open_read kXR_async kXR_retstat ). Trying to recover.
Begin processing the 1001st record. Run 1, Event 49306, LumiSection 494 on stream 0 at 20-Dec-2022 11:31:38.544 CET
[2022-12-20 11:33:13.674535 +0100][Error  ][AsyncSock         ] [xrootd.ba.infn.it:1094 #0.0] Socket error while handshaking: [ERROR] Socket timeout
[2022-12-20 11:33:13.674694 +0100][Error  ][PostMaster        ] [xrootd.ba.infn.it:1094 #0] elapsed = 45, pConnectionWindow = 31 seconds.
Begin processing the 2001st record. Run 1, Event 66501, LumiSection 666 on stream 0 at 20-Dec-2022 11:33:51.793 CET
[2022-12-20 11:33:58.939183 +0100][Error  ][AsyncSock         ] [xrootd.ba.infn.it:1094 #0.0] Socket error while handshaking: [ERROR] Socket timeout
[2022-12-20 11:33:58.939320 +0100][Error  ][PostMaster        ] [xrootd.ba.infn.it:1094 #0] elapsed = 45, pConnectionWindow = 31 seconds.
[2022-12-20 11:33:58.939332 +0100][Error  ][PostMaster        ] [xrootd.ba.infn.it:1094 #0] Unable to recover: [ERROR] Socket timeout.
[2022-12-20 11:33:58.939341 +0100][Error  ][XRootD            ] [xrootd.ba.infn.it:1094] Impossible to send message kXR_open (file: /store/user/alesauva/flashgg/UL2017_4/10_6_4/ZHiggs0MToGG_M125_TuneCP5_13TeV-JHUGenV7011-pythia8/UL2017_4-10_6_4-v0-RunIISummer19UL17MiniAOD-106X_mc2017_realistic_v6-v2/200720_162208/0000/myMicroAODOutputFile_3.root?tried=stor69.datagrid.cea.fr, mode: 0660, flags: kXR_open_read kXR_async kXR_retstat ). Trying to recover.
Begin processing the 3001st record. Run 1, Event 67503, LumiSection 676 on stream 0 at 20-Dec-2022 11:36:02.911 CET
[2022-12-20 11:37:43.495541 +0100][Error  ][AsyncSock         ] [xrootd.ba.infn.it:1094 #0.0] Socket error while handshaking: [ERROR] Socket timeout
[2022-12-20 11:37:43.495696 +0100][Error  ][PostMaster        ] [xrootd.ba.infn.it:1094 #0] elapsed = 45, pConnectionWindow = 31 seconds.
Begin processing the 4001st record. Run 1, Event 68509, LumiSection 686 on stream 0 at 20-Dec-2022 11:38:09.604 CET
[2022-12-20 11:38:28.081767 +0100][Error  ][AsyncSock         ] [xrootd.ba.infn.it:1094 #0.0] Socket error while handshaking: [ERROR] Socket timeout
[2022-12-20 11:38:28.081907 +0100][Error  ][PostMaster        ] [xrootd.ba.infn.it:1094 #0] elapsed = 45, pConnectionWindow = 31 seconds.
[2022-12-20 11:38:28.081923 +0100][Error  ][PostMaster        ] [xrootd.ba.infn.it:1094 #0] Unable to recover: [ERROR] Socket timeout.
[2022-12-20 11:38:28.081935 +0100][Error  ][XRootD            ] [xrootd.ba.infn.it:1094] Impossible to send message kXR_open (file: /store/user/alesauva/flashgg/UL2017_4/10_6_4/ZHiggs0MToGG_M125_TuneCP5_13TeV-JHUGenV7011-pythia8/UL2017_4-10_6_4-v0-RunIISummer19UL17MiniAOD-106X_mc2017_realistic_v6-v2/200720_162208/0000/myMicroAODOutputFile_3.root?tried=stor69.datagrid.cea.fr, mode: 0660, flags: kXR_open_read kXR_async kXR_retstat ). Trying to recover.
Begin processing the 5001st record. Run 1, Event 69507, LumiSection 696 on stream 0 at 20-Dec-2022 11:40:26.234 CET
[2022-12-20 11:42:17.126184 +0100][Error  ][AsyncSock         ] [xrootd.ba.infn.it:1094 #0.0] Socket error while handshaking: [ERROR] Socket timeout
[2022-12-20 11:42:17.126363 +0100][Error  ][PostMaster        ] [xrootd.ba.infn.it:1094 #0] elapsed = 45, pConnectionWindow = 31 seconds.
Begin processing the 6001st record. Run 1, Event 70502, LumiSection 706 on stream 0 at 20-Dec-2022 11:42:34.528 CET
[2022-12-20 11:43:02.251838 +0100][Error  ][AsyncSock         ] [xrootd.ba.infn.it:1094 #0.0] Socket error while handshaking: [ERROR] Socket timeout
[2022-12-20 11:43:02.251928 +0100][Error  ][PostMaster        ] [xrootd.ba.infn.it:1094 #0] elapsed = 45, pConnectionWindow = 31 seconds.
[2022-12-20 11:43:02.251939 +0100][Error  ][PostMaster        ] [xrootd.ba.infn.it:1094 #0] Unable to recover: [ERROR] Socket timeout.
[2022-12-20 11:43:02.251946 +0100][Error  ][XRootD            ] [xrootd.ba.infn.it:1094] Impossible to send message kXR_open (file: /store/user/alesauva/flashgg/UL2017_4/10_6_4/ZHiggs0MToGG_M125_TuneCP5_13TeV-JHUGenV7011-pythia8/UL2017_4-10_6_4-v0-RunIISummer19UL17MiniAOD-106X_mc2017_realistic_v6-v2/200720_162208/0000/myMicroAODOutputFile_3.root?tried=stor69.datagrid.cea.fr, mode: 0660, flags: kXR_open_read kXR_async kXR_retstat ). Trying to recover.
Begin processing the 7001st record. Run 1, Event 79604, LumiSection 797 on stream 0 at 20-Dec-2022 11:44:54.130 CET
[2022-12-20 11:47:05.032184 +0100][Error  ][AsyncSock         ] [xrootd.ba.infn.it:1094 #0.0] Socket error while handshaking: [ERROR] Socket timeout
[2022-12-20 11:47:05.032344 +0100][Error  ][PostMaster        ] [xrootd.ba.infn.it:1094 #0] elapsed = 45, pConnectionWindow = 31 seconds.
Begin processing the 8001st record. Run 1, Event 80608, LumiSection 807 on stream 0 at 20-Dec-2022 11:47:14.898 CET
[2022-12-20 11:47:50.427177 +0100][Error  ][AsyncSock         ] [xrootd.ba.infn.it:1094 #0.0] Socket error while handshaking: [ERROR] Socket timeout
[2022-12-20 11:47:50.427289 +0100][Error  ][PostMaster        ] [xrootd.ba.infn.it:1094 #0] elapsed = 45, pConnectionWindow = 31 seconds.
[2022-12-20 11:47:50.427302 +0100][Error  ][PostMaster        ] [xrootd.ba.infn.it:1094 #0] Unable to recover: [ERROR] Socket timeout.
[2022-12-20 11:47:50.427313 +0100][Error  ][XRootD            ] [xrootd.ba.infn.it:1094] Impossible to send message kXR_open (file: /store/user/alesauva/flashgg/UL2017_4/10_6_4/ZHiggs0MToGG_M125_TuneCP5_13TeV-JHUGenV7011-pythia8/UL2017_4-10_6_4-v0-RunIISummer19UL17MiniAOD-106X_mc2017_realistic_v6-v2/200720_162208/0000/myMicroAODOutputFile_3.root?tried=stor69.datagrid.cea.fr, mode: 0660, flags: kXR_open_read kXR_async kXR_retstat ). Trying to recover.
Begin processing the 9001st record. Run 1, Event 81609, LumiSection 817 on stream 0 at 20-Dec-2022 11:49:34.736 CET
Begin processing the 10001st record. Run 1, Event 166208, LumiSection 1663 on stream 0 at 20-Dec-2022 11:51:51.667 CET
[2022-12-20 11:52:13.810188 +0100][Error  ][AsyncSock         ] [xrootd.ba.infn.it:1094 #0.0] Socket error while handshaking: [ERROR] Socket timeout
[2022-12-20 11:52:13.810353 +0100][Error  ][PostMaster        ] [xrootd.ba.infn.it:1094 #0] elapsed = 45, pConnectionWindow = 31 seconds.
[2022-12-20 11:52:58.062163 +0100][Error  ][AsyncSock         ] [xrootd.ba.infn.it:1094 #0.0] Socket error while handshaking: [ERROR] Socket timeout
[2022-12-20 11:52:58.062289 +0100][Error  ][PostMaster        ] [xrootd.ba.infn.it:1094 #0] elapsed = 45, pConnectionWindow = 31 seconds.
[2022-12-20 11:52:58.062298 +0100][Error  ][PostMaster        ] [xrootd.ba.infn.it:1094 #0] Unable to recover: [ERROR] Socket timeout.
[2022-12-20 11:52:58.062307 +0100][Error  ][XRootD            ] [xrootd.ba.infn.it:1094] Impossible to send message kXR_open (file: /store/user/alesauva/flashgg/UL2017_4/10_6_4/ZHiggs0MToGG_M125_TuneCP5_13TeV-JHUGenV7011-pythia8/UL2017_4-10_6_4-v0-RunIISummer19UL17MiniAOD-106X_mc2017_realistic_v6-v2/200720_162208/0000/myMicroAODOutputFile_3.root?tried=stor69.datagrid.cea.fr, mode: 0660, flags: kXR_open_read kXR_async kXR_retstat ). Trying to recover.
Begin processing the 11001st record. Run 1, Event 167202, LumiSection 1673 on stream 0 at 20-Dec-2022 11:54:14.377 CET
Begin processing the 12001st record. Run 1, Event 168211, LumiSection 1683 on stream 0 at 20-Dec-2022 11:56:30.974 CET
[2022-12-20 11:58:01.192240 +0100][Error  ][AsyncSock         ] [xrootd.ba.infn.it:1094 #0.0] Socket error while handshaking: [ERROR] Socket timeout
[2022-12-20 11:58:01.192404 +0100][Error  ][PostMaster        ] [xrootd.ba.infn.it:1094 #0] elapsed = 45, pConnectionWindow = 31 seconds.
Begin processing the 13001st record. Run 1, Event 6310, LumiSection 64 on stream 0 at 20-Dec-2022 11:58:35.658 CET
[2022-12-20 11:58:46.673165 +0100][Error  ][AsyncSock         ] [xrootd.ba.infn.it:1094 #0.0] Socket error while handshaking: [ERROR] Socket timeout
[2022-12-20 11:58:46.673315 +0100][Error  ][PostMaster        ] [xrootd.ba.infn.it:1094 #0] elapsed = 45, pConnectionWindow = 31 seconds.
[2022-12-20 11:58:46.673326 +0100][Error  ][PostMaster        ] [xrootd.ba.infn.it:1094 #0] Unable to recover: [ERROR] Socket timeout.
[2022-12-20 11:58:46.673337 +0100][Error  ][XRootD            ] [xrootd.ba.infn.it:1094] Impossible to send message kXR_open (file: /store/user/alesauva/flashgg/UL2017_4/10_6_4/ZHiggs0MToGG_M125_TuneCP5_13TeV-JHUGenV7011-pythia8/UL2017_4-10_6_4-v0-RunIISummer19UL17MiniAOD-106X_mc2017_realistic_v6-v2/200720_162208/0000/myMicroAODOutputFile_3.root?tried=stor69.datagrid.cea.fr, mode: 0660, flags: kXR_open_read kXR_async kXR_retstat ). Trying to recover.
Begin processing the 14001st record. Run 1, Event 7305, LumiSection 74 on stream 0 at 20-Dec-2022 12:00:50.153 CET
Begin processing the 15001st record. Run 1, Event 8310, LumiSection 84 on stream 0 at 20-Dec-2022 12:03:03.584 CET
[2022-12-20 12:03:46.663217 +0100][Error  ][AsyncSock         ] [xrootd.ba.infn.it:1094 #0.0] Socket error while handshaking: [ERROR] Socket timeout
[2022-12-20 12:03:46.663391 +0100][Error  ][PostMaster        ] [xrootd.ba.infn.it:1094 #0] elapsed = 45, pConnectionWindow = 31 seconds.
[2022-12-20 12:04:31.924188 +0100][Error  ][AsyncSock         ] [xrootd.ba.infn.it:1094 #0.0] Socket error while handshaking: [ERROR] Socket timeout
[2022-12-20 12:04:31.924314 +0100][Error  ][PostMaster        ] [xrootd.ba.infn.it:1094 #0] elapsed = 45, pConnectionWindow = 31 seconds.
[2022-12-20 12:04:31.924328 +0100][Error  ][PostMaster        ] [xrootd.ba.infn.it:1094 #0] Unable to recover: [ERROR] Socket timeout.
[2022-12-20 12:04:31.924350 +0100][Error  ][XRootD            ] [xrootd.ba.infn.it:1094] Impossible to send message kXR_open (file: /store/user/alesauva/flashgg/UL2017_4/10_6_4/ZHiggs0MToGG_M125_TuneCP5_13TeV-JHUGenV7011-pythia8/UL2017_4-10_6_4-v0-RunIISummer19UL17MiniAOD-106X_mc2017_realistic_v6-v2/200720_162208/0000/myMicroAODOutputFile_3.root?tried=stor69.datagrid.cea.fr, mode: 0660, flags: kXR_open_read kXR_async kXR_retstat ). Trying to recover.
Begin processing the 16001st record. Run 1, Event 9314, LumiSection 94 on stream 0 at 20-Dec-2022 12:05:24.732 CET
Begin processing the 17001st record. Run 1, Event 10302, LumiSection 104 on stream 0 at 20-Dec-2022 12:07:44.058 CET
[2022-12-20 12:08:19.951547 +0100][Error  ][AsyncSock         ] [xrootd.ba.infn.it:1094 #0.0] Socket error while handshaking: [ERROR] Socket timeout
[2022-12-20 12:08:19.951700 +0100][Error  ][PostMaster        ] [xrootd.ba.infn.it:1094 #0] elapsed = 45, pConnectionWindow = 31 seconds.
[2022-12-20 12:09:04.209161 +0100][Error  ][AsyncSock         ] [xrootd.ba.infn.it:1094 #0.0] Socket error while handshaking: [ERROR] Socket timeout
[2022-12-20 12:09:04.209313 +0100][Error  ][PostMaster        ] [xrootd.ba.infn.it:1094 #0] elapsed = 45, pConnectionWindow = 31 seconds.
[2022-12-20 12:09:04.209325 +0100][Error  ][PostMaster        ] [xrootd.ba.infn.it:1094 #0] Unable to recover: [ERROR] Socket timeout.
[2022-12-20 12:09:04.209336 +0100][Error  ][XRootD            ] [xrootd.ba.infn.it:1094] Impossible to send message kXR_open (file: /store/user/alesauva/flashgg/UL2017_4/10_6_4/ZHiggs0MToGG_M125_TuneCP5_13TeV-JHUGenV7011-pythia8/UL2017_4-10_6_4-v0-RunIISummer19UL17MiniAOD-106X_mc2017_realistic_v6-v2/200720_162208/0000/myMicroAODOutputFile_3.root?tried=stor69.datagrid.cea.fr, mode: 0660, flags: kXR_open_read kXR_async kXR_retstat ). Trying to recover.
Begin processing the 18001st record. Run 1, Event 52808, LumiSection 529 on stream 0 at 20-Dec-2022 12:09:55.810 CET
Begin processing the 19001st record. Run 1, Event 53810, LumiSection 539 on stream 0 at 20-Dec-2022 12:12:05.501 CET
[2022-12-20 12:13:24.240432 +0100][Error  ][AsyncSock         ] [xrootd.ba.infn.it:1094 #0.0] Socket error while handshaking: [ERROR] Socket timeout
[2022-12-20 12:13:24.240572 +0100][Error  ][PostMaster        ] [xrootd.ba.infn.it:1094 #0] elapsed = 46, pConnectionWindow = 31 seconds.
[2022-12-20 12:14:09.251211 +0100][Error  ][AsyncSock         ] [xrootd.ba.infn.it:1094 #0.0] Socket error while handshaking: [ERROR] Socket timeout
[2022-12-20 12:14:09.251295 +0100][Error  ][PostMaster        ] [xrootd.ba.infn.it:1094 #0] elapsed = 45, pConnectionWindow = 31 seconds.
[2022-12-20 12:14:09.251305 +0100][Error  ][PostMaster        ] [xrootd.ba.infn.it:1094 #0] Unable to recover: [ERROR] Socket timeout.
[2022-12-20 12:14:09.251314 +0100][Error  ][XRootD            ] [xrootd.ba.infn.it:1094] Impossible to send message kXR_open (file: /store/user/alesauva/flashgg/UL2017_4/10_6_4/ZHiggs0MToGG_M125_TuneCP5_13TeV-JHUGenV7011-pythia8/UL2017_4-10_6_4-v0-RunIISummer19UL17MiniAOD-106X_mc2017_realistic_v6-v2/200720_162208/0000/myMicroAODOutputFile_3.root?tried=stor69.datagrid.cea.fr, mode: 0660, flags: kXR_open_read kXR_async kXR_retstat ). Trying to recover.
Begin processing the 20001st record. Run 1, Event 54802, LumiSection 549 on stream 0 at 20-Dec-2022 12:14:13.992 CET
Begin processing the 21001st record. Run 1, Event 72002, LumiSection 721 on stream 0 at 20-Dec-2022 12:16:12.589 CET
Begin processing the 22001st record. Run 1, Event 73018, LumiSection 731 on stream 0 at 20-Dec-2022 12:18:15.085 CET
[2022-12-20 12:19:01.910193 +0100][Error  ][AsyncSock         ] [xrootd.ba.infn.it:1094 #0.0] Socket error while handshaking: [ERROR] Socket timeout
[2022-12-20 12:19:01.910317 +0100][Error  ][PostMaster        ] [xrootd.ba.infn.it:1094 #0] elapsed = 45, pConnectionWindow = 31 seconds.
[2022-12-20 12:19:46.754258 +0100][Error  ][AsyncSock         ] [xrootd.ba.infn.it:1094 #0.0] Socket error while handshaking: [ERROR] Socket timeout
[2022-12-20 12:19:46.754410 +0100][Error  ][PostMaster        ] [xrootd.ba.infn.it:1094 #0] elapsed = 45, pConnectionWindow = 31 seconds.
[2022-12-20 12:19:46.754424 +0100][Error  ][PostMaster        ] [xrootd.ba.infn.it:1094 #0] Unable to recover: [ERROR] Socket timeout.
[2022-12-20 12:19:46.754445 +0100][Error  ][XRootD            ] [xrootd.ba.infn.it:1094] Impossible to send message kXR_open (file: /store/user/alesauva/flashgg/UL2017_4/10_6_4/ZHiggs0MToGG_M125_TuneCP5_13TeV-JHUGenV7011-pythia8/UL2017_4-10_6_4-v0-RunIISummer19UL17MiniAOD-106X_mc2017_realistic_v6-v2/200720_162208/0000/myMicroAODOutputFile_3.root?tried=stor69.datagrid.cea.fr, mode: 0660, flags: kXR_open_read kXR_async kXR_retstat ). Trying to recover.
Begin processing the 23001st record. Run 1, Event 76703, LumiSection 768 on stream 0 at 20-Dec-2022 12:20:13.127 CET
Begin processing the 24001st record. Run 1, Event 77701, LumiSection 778 on stream 0 at 20-Dec-2022 12:22:25.353 CET
20-Dec-2022 12:24:32 CET  Closed file root://cms-xrd-global.cern.ch//store/user/alesauva/flashgg/UL2017_4/10_6_4/ZHiggs0MToGG_M125_TuneCP5_13TeV-JHUGenV7011-pythia8/UL2017_4-10_6_4-v0-RunIISummer19UL17MiniAOD-106X_mc2017_realistic_v6-v2/200720_162208/0000/myMicroAODOutputFile_3.root

TrigReport ---------- Event  Summary ------------
TrigReport Events total = 25000 passed = 24826 failed = 174

TrigReport ---------- Path   Summary ------------
TrigReport  Trig Bit#   Executed     Passed     Failed      Error Name
TrigReport     1    0      25000      24826        174          0 p

TrigReport -------End-Path   Summary ------------
TrigReport  Trig Bit#   Executed     Passed     Failed      Error Name

TrigReport ---------- Modules in Path: p ------------
TrigReport  Trig Bit#    Visited     Passed     Failed      Error Name
TrigReport     1    0      25000      24826        174          0 flashggMetFilters
TrigReport     1    1      24826      24826          0          0 VHFilter
TrigReport     1    2      24826      24826          0          0 flashggDifferentialPhoIdInputsCorrection
TrigReport     1    3      24826      24826          0          0 flashggDiPhotonSystematics
TrigReport     1    4      24826      24826          0          0 flashggMetSystematics
TrigReport     1    5      24826      24826          0          0 flashggMuonSystematics
TrigReport     1    6      24826      24826          0          0 flashggElectronSystematics
TrigReport     1    7      24826      24826          0          0 flashggUnpackedJets
TrigReport     1    8      24826      24826          0          0 flashggJetSystematics0
TrigReport     1    9      24826      24826          0          0 flashggJetSystematics1
TrigReport     1   10      24826      24826          0          0 flashggJetSystematics2
TrigReport     1   11      24826      24826          0          0 flashggJetSystematics3
TrigReport     1   12      24826      24826          0          0 flashggJetSystematics4
TrigReport     1   13      24826      24826          0          0 flashggJetSystematics5
TrigReport     1   14      24826      24826          0          0 flashggJetSystematics6
TrigReport     1   15      24826      24826          0          0 flashggJetSystematics7
TrigReport     1   16      24826      24826          0          0 flashggJetSystematics8
TrigReport     1   17      24826      24826          0          0 flashggJetSystematics9
TrigReport     1   18      24826      24826          0          0 flashggJetSystematics10
TrigReport     1   19      24826      24826          0          0 flashggJetSystematics11
TrigReport     1   20      24826      24826          0          0 flashggPrefireDiPhotons
TrigReport     1   21      24826      24826          0          0 flashggPreselectedDiPhotons
TrigReport     1   22      24826      24826          0          0 flashggDiPhotonMVA
TrigReport     1   23      24826      24826          0          0 flashggVBFMVA
TrigReport     1   24      24826      24826          0          0 flashggVHhadMVA
TrigReport     1   25      24826      24826          0          0 flashggGluGluHMVA
TrigReport     1   26      24826      24826          0          0 flashggStageOneCombinedTag
TrigReport     1   27      24826      24826          0          0 flashggTHQLeptonicTag
TrigReport     1   28      24826      24826          0          0 flashggVHMetTag
TrigReport     1   29      24826      24826          0          0 flashggWHLeptonicTag
TrigReport     1   30      24826      24826          0          0 flashggZHLeptonicTag
TrigReport     1   31      24826      24826          0          0 flashggTTHLeptonicTag
TrigReport     1   32      24826      24826          0          0 flashggTTHHadronicTag
TrigReport     1   33      24826      24826          0          0 flashggTagSorter
TrigReport     1   34      24826      24826          0          0 flashggSystTagMerger
TrigReport     1   35      24826      24826          0          0 tagsDumper

TrigReport ---------- Module Summary ------------
TrigReport    Visited   Executed     Passed     Failed      Error Name
TrigReport      25000      25000      25000          0          0 TriggerResults
TrigReport      24826      24826      24826          0          0 VHFilter
TrigReport      24826      24826      24826          0          0 ak4PFCHSL1FastL2L3Corrector
TrigReport      24826      24826      24826          0          0 ak4PFCHSL1FastjetCorrector
TrigReport      24826      24826      24826          0          0 ak4PFCHSL2RelativeCorrector
TrigReport      24826      24826      24826          0          0 ak4PFCHSL3AbsoluteCorrector
TrigReport      24826      24826      24826          0          0 flashggDiPhotonMVA
TrigReport      24826      24826      24826          0          0 flashggDiPhotonSystematics
TrigReport      24826      24826      24826          0          0 flashggDifferentialPhoIdInputsCorrection
TrigReport      24826      24826      24826          0          0 flashggElectronSystematics
TrigReport      24826      24826      24826          0          0 flashggGluGluHMVA
TrigReport      24826      24826      24826          0          0 flashggJetSystematics0
TrigReport      24826      24826      24826          0          0 flashggJetSystematics1
TrigReport      24826      24826      24826          0          0 flashggJetSystematics10
TrigReport      24826      24826      24826          0          0 flashggJetSystematics11
TrigReport      24826      24826      24826          0          0 flashggJetSystematics2
TrigReport      24826      24826      24826          0          0 flashggJetSystematics3
TrigReport      24826      24826      24826          0          0 flashggJetSystematics4
TrigReport      24826      24826      24826          0          0 flashggJetSystematics5
TrigReport      24826      24826      24826          0          0 flashggJetSystematics6
TrigReport      24826      24826      24826          0          0 flashggJetSystematics7
TrigReport      24826      24826      24826          0          0 flashggJetSystematics8
TrigReport      24826      24826      24826          0          0 flashggJetSystematics9
TrigReport      25000      25000      24826        174          0 flashggMetFilters
TrigReport      24826      24826      24826          0          0 flashggMetSystematics
TrigReport      24826      24826      24826          0          0 flashggMuonSystematics
TrigReport      24826      24826      24826          0          0 flashggPrefireDiPhotons
TrigReport      24826      24826      24826          0          0 flashggPreselectedDiPhotons
TrigReport      24826      24826      24826          0          0 flashggStageOneCombinedTag
TrigReport      24826      24826      24826          0          0 flashggSystTagMerger
TrigReport      24826      24826      24826          0          0 flashggTHQLeptonicTag
TrigReport      24826      24826      24826          0          0 flashggTTHHadronicTag
TrigReport      24826      24826      24826          0          0 flashggTTHLeptonicTag
TrigReport      24826      24826      24826          0          0 flashggTagSorter
TrigReport      24826      24826      24826          0          0 flashggUnpackedJets
TrigReport      24826      24826      24826          0          0 flashggVBFMVA
TrigReport      24826      24826      24826          0          0 flashggVHMetTag
TrigReport      24826      24826      24826          0          0 flashggVHhadMVA
TrigReport      24826      24826      24826          0          0 flashggWHLeptonicTag
TrigReport      24826      24826      24826          0          0 flashggZHLeptonicTag
TrigReport      25000      25000      25000          0          0 p
TrigReport      24826      24826      24826          0          0 tagsDumper

TimeReport ---------- Event  Summary ---[sec]----
TimeReport       event loop CPU/event = 0.137503
TimeReport      event loop Real/event = 0.138702
TimeReport     sum Streams Real/event = 0.134665
TimeReport efficiency CPU/Real/thread = 0.991356

TimeReport ---------- Path   Summary ---[Real sec]----
TimeReport  per event     per exec  Name
TimeReport   0.134169     0.134169  p
TimeReport  per event     per exec  Name

TimeReport -------End-Path   Summary ---[Real sec]----
TimeReport  per event     per exec  Name
TimeReport  per event     per exec  Name

TimeReport ---------- Modules in Path: p ---[Real sec]----
TimeReport  per event    per visit  Name
TimeReport   0.000016     0.000016  flashggMetFilters
TimeReport   0.000006     0.000006  VHFilter
TimeReport   0.070186     0.070678  flashggDifferentialPhoIdInputsCorrection
TimeReport   0.046221     0.046545  flashggDiPhotonSystematics
TimeReport   0.000191     0.000192  flashggMetSystematics
TimeReport   0.000031     0.000031  flashggMuonSystematics
TimeReport   0.000040     0.000040  flashggElectronSystematics
TimeReport   0.000241     0.000242  flashggUnpackedJets
TimeReport   0.004273     0.004303  flashggJetSystematics0
TimeReport   0.000704     0.000709  flashggJetSystematics1
TimeReport   0.000633     0.000638  flashggJetSystematics2
TimeReport   0.000614     0.000618  flashggJetSystematics3
TimeReport   0.000600     0.000604  flashggJetSystematics4
TimeReport   0.000596     0.000600  flashggJetSystematics5
TimeReport   0.000589     0.000593  flashggJetSystematics6
TimeReport   0.000589     0.000594  flashggJetSystematics7
TimeReport   0.000588     0.000592  flashggJetSystematics8
TimeReport   0.000584     0.000588  flashggJetSystematics9
TimeReport   0.000581     0.000585  flashggJetSystematics10
TimeReport   0.000582     0.000586  flashggJetSystematics11
TimeReport   0.000305     0.000307  flashggPrefireDiPhotons
TimeReport   0.000122     0.000123  flashggPreselectedDiPhotons
TimeReport   0.000034     0.000034  flashggDiPhotonMVA
TimeReport   0.000031     0.000031  flashggVBFMVA
TimeReport   0.000018     0.000018  flashggVHhadMVA
TimeReport   0.000054     0.000054  flashggGluGluHMVA
TimeReport   0.000034     0.000034  flashggStageOneCombinedTag
TimeReport   0.000693     0.000698  flashggTHQLeptonicTag
TimeReport   0.000337     0.000339  flashggVHMetTag
TimeReport   0.000027     0.000027  flashggWHLeptonicTag
TimeReport   0.000022     0.000022  flashggZHLeptonicTag
TimeReport   0.000066     0.000067  flashggTTHLeptonicTag
TimeReport   0.001446     0.001456  flashggTTHHadronicTag
TimeReport   0.000090     0.000091  flashggTagSorter
TimeReport   0.000004     0.000004  flashggSystTagMerger
TimeReport   0.000356     0.000358  tagsDumper
TimeReport  per event    per visit  Name

TimeReport ---------- Module Summary ---[Real sec]----
TimeReport  per event     per exec    per visit  Name
TimeReport   0.000003     0.000003     0.000003  TriggerResults
TimeReport   0.000006     0.000006     0.000006  VHFilter
TimeReport   0.000003     0.000003     0.000003  ak4PFCHSL1FastL2L3Corrector
TimeReport   0.000004     0.000004     0.000004  ak4PFCHSL1FastjetCorrector
TimeReport   0.000002     0.000002     0.000002  ak4PFCHSL2RelativeCorrector
TimeReport   0.000014     0.000014     0.000014  ak4PFCHSL3AbsoluteCorrector
TimeReport   0.000034     0.000034     0.000034  flashggDiPhotonMVA
TimeReport   0.046221     0.046545     0.046545  flashggDiPhotonSystematics
TimeReport   0.070186     0.070678     0.070678  flashggDifferentialPhoIdInputsCorrection
TimeReport   0.000040     0.000040     0.000040  flashggElectronSystematics
TimeReport   0.000054     0.000054     0.000054  flashggGluGluHMVA
TimeReport   0.004273     0.004303     0.004303  flashggJetSystematics0
TimeReport   0.000704     0.000709     0.000709  flashggJetSystematics1
TimeReport   0.000581     0.000585     0.000585  flashggJetSystematics10
TimeReport   0.000582     0.000586     0.000586  flashggJetSystematics11
TimeReport   0.000633     0.000638     0.000638  flashggJetSystematics2
TimeReport   0.000614     0.000618     0.000618  flashggJetSystematics3
TimeReport   0.000600     0.000604     0.000604  flashggJetSystematics4
TimeReport   0.000596     0.000600     0.000600  flashggJetSystematics5
TimeReport   0.000589     0.000593     0.000593  flashggJetSystematics6
TimeReport   0.000589     0.000594     0.000594  flashggJetSystematics7
TimeReport   0.000588     0.000592     0.000592  flashggJetSystematics8
TimeReport   0.000584     0.000588     0.000588  flashggJetSystematics9
TimeReport   0.000016     0.000016     0.000016  flashggMetFilters
TimeReport   0.000191     0.000192     0.000192  flashggMetSystematics
TimeReport   0.000031     0.000031     0.000031  flashggMuonSystematics
TimeReport   0.000305     0.000307     0.000307  flashggPrefireDiPhotons
TimeReport   0.000122     0.000123     0.000123  flashggPreselectedDiPhotons
TimeReport   0.000034     0.000034     0.000034  flashggStageOneCombinedTag
TimeReport   0.000004     0.000004     0.000004  flashggSystTagMerger
TimeReport   0.000693     0.000698     0.000698  flashggTHQLeptonicTag
TimeReport   0.001446     0.001456     0.001456  flashggTTHHadronicTag
TimeReport   0.000066     0.000067     0.000067  flashggTTHLeptonicTag
TimeReport   0.000090     0.000091     0.000091  flashggTagSorter
TimeReport   0.000241     0.000242     0.000242  flashggUnpackedJets
TimeReport   0.000031     0.000031     0.000031  flashggVBFMVA
TimeReport   0.000337     0.000339     0.000339  flashggVHMetTag
TimeReport   0.000018     0.000018     0.000018  flashggVHhadMVA
TimeReport   0.000027     0.000027     0.000027  flashggWHLeptonicTag
TimeReport   0.000022     0.000022     0.000022  flashggZHLeptonicTag
TimeReport   0.000003     0.000003     0.000003  p
TimeReport   0.000356     0.000358     0.000358  tagsDumper
TimeReport  per event     per exec    per visit  Name

T---Report end!


=============================================

MessageLogger Summary

 type     category        sev    module        subroutine        count    total
 ---- -------------------- -- ---------------- ----------------  -----    -----
    1 XrdAdaptor           -w file_open                              1        1
    2 fileAction           -s file_close                             1        1
    3 fileAction           -s file_open                              2        2

 type    category    Examples: run/evt        run/evt          run/evt
 ---- -------------------- ---------------- ---------------- ----------------
    1 XrdAdaptor           pre-events                        
    2 fileAction           PostGlobalEndRun                  
    3 fileAction           pre-events       pre-events       

Severity    # Occurrences   Total Occurrences
--------    -------------   -----------------
Warning                 1                   1
System                  3                   3

dropped waiting message count 0
