mkdir: cannot create directory '/afs/cern.ch/user/x/xisu/private/local/Analysis_workspace/VH_AC_tmp1/flashgg_d2/CMSSW_10_6_29/src/flashgg/VHAC_Analysis_Met/UL_17/UL_17_zh125': File exists
/cvmfs/cms.cern.ch/slc7_amd64_gcc700/external/py2-requests/2.21.0-pafccj2/lib/python2.7/site-packages/requests/__init__.py:91: RequestsDependencyWarning: urllib3 (1.25.2) or chardet (3.0.4) doesn't match a supported version!
  RequestsDependencyWarning)
20-Dec-2022 11:17:03 CET  Initiating request to open file root://cms-xrd-global.cern.ch//store/user/alesauva/flashgg/UL2017_4/10_6_4/ZHiggs0MToGG_M125_TuneCP5_13TeV-JHUGenV7011-pythia8/UL2017_4-10_6_4-v0-RunIISummer19UL17MiniAOD-106X_mc2017_realistic_v6-v2/200720_162208/0000/myMicroAODOutputFile_6.root
%MSG-w XrdAdaptor:  file_open 20-Dec-2022 11:17:05 CET pre-events
Data is served from GRIF-IRFU instead of original site CERN-CMSGLOBAL-02
%MSG
20-Dec-2022 11:17:08 CET  Successfully opened file root://cms-xrd-global.cern.ch//store/user/alesauva/flashgg/UL2017_4/10_6_4/ZHiggs0MToGG_M125_TuneCP5_13TeV-JHUGenV7011-pythia8/UL2017_4-10_6_4-v0-RunIISummer19UL17MiniAOD-106X_mc2017_realistic_v6-v2/200720_162208/0000/myMicroAODOutputFile_6.root
[2022-12-20 11:18:00.514305 +0100][Error  ][AsyncSock         ] [xrootd.ba.infn.it:1094 #0.0] Socket error while handshaking: [ERROR] Socket timeout
[2022-12-20 11:18:00.514579 +0100][Error  ][PostMaster        ] [xrootd.ba.infn.it:1094 #0] elapsed = 45, pConnectionWindow = 31 seconds.
[2022-12-20 11:18:45.792248 +0100][Error  ][AsyncSock         ] [xrootd.ba.infn.it:1094 #0.0] Socket error while handshaking: [ERROR] Socket timeout
[2022-12-20 11:18:45.792475 +0100][Error  ][PostMaster        ] [xrootd.ba.infn.it:1094 #0] elapsed = 45, pConnectionWindow = 31 seconds.
[2022-12-20 11:18:45.792517 +0100][Error  ][PostMaster        ] [xrootd.ba.infn.it:1094 #0] Unable to recover: [ERROR] Socket timeout.
[2022-12-20 11:18:45.792538 +0100][Error  ][XRootD            ] [xrootd.ba.infn.it:1094] Impossible to send message kXR_open (file: /store/user/alesauva/flashgg/UL2017_4/10_6_4/ZHiggs0MToGG_M125_TuneCP5_13TeV-JHUGenV7011-pythia8/UL2017_4-10_6_4-v0-RunIISummer19UL17MiniAOD-106X_mc2017_realistic_v6-v2/200720_162208/0000/myMicroAODOutputFile_6.root?tried=+1413xrootd-redic.pi.infn.it,+1413llrxrd-redir.in2p3.fr,stor95.datagrid.cea.fr,node12.datagrid.cea.fr,xrootd-cms-redir-int.cr.cnaf.infn.it,xrootd-redic.pi.infn.it,xrootd-cms.infn.it&triedrc=enoent,enoent, mode: 0660, flags: kXR_open_read kXR_async kXR_retstat ). Trying to recover.
2022-12-20 11:33:14.083501: I tensorflow/core/platform/cpu_feature_guard.cc:140] Your CPU supports instructions that this TensorFlow binary was not compiled to use: SSE4.1 SSE4.2 AVX AVX2 FMA
Begin processing the 1st record. Run 1, Event 73901, LumiSection 740 on stream 0 at 20-Dec-2022 11:34:15.440 CET
[2022-12-20 11:34:59.540269 +0100][Error  ][AsyncSock         ] [xrootd.ba.infn.it:1094 #0.0] Socket error while handshaking: [ERROR] Socket timeout
[2022-12-20 11:34:59.540445 +0100][Error  ][PostMaster        ] [xrootd.ba.infn.it:1094 #0] elapsed = 45, pConnectionWindow = 31 seconds.
[2022-12-20 11:35:44.819181 +0100][Error  ][AsyncSock         ] [xrootd.ba.infn.it:1094 #0.0] Socket error while handshaking: [ERROR] Socket timeout
[2022-12-20 11:35:44.819315 +0100][Error  ][PostMaster        ] [xrootd.ba.infn.it:1094 #0] elapsed = 45, pConnectionWindow = 31 seconds.
[2022-12-20 11:35:44.819329 +0100][Error  ][PostMaster        ] [xrootd.ba.infn.it:1094 #0] Unable to recover: [ERROR] Socket timeout.
[2022-12-20 11:35:44.819359 +0100][Error  ][XRootD            ] [xrootd.ba.infn.it:1094] Impossible to send message kXR_open (file: /store/user/alesauva/flashgg/UL2017_4/10_6_4/ZHiggs0MToGG_M125_TuneCP5_13TeV-JHUGenV7011-pythia8/UL2017_4-10_6_4-v0-RunIISummer19UL17MiniAOD-106X_mc2017_realistic_v6-v2/200720_162208/0000/myMicroAODOutputFile_6.root?tried=stor95.datagrid.cea.fr, mode: 0660, flags: kXR_open_read kXR_async kXR_retstat ). Trying to recover.
Begin processing the 1001st record. Run 1, Event 74908, LumiSection 750 on stream 0 at 20-Dec-2022 11:39:37.275 CET
[2022-12-20 11:41:58.768227 +0100][Error  ][AsyncSock         ] [xrootd.ba.infn.it:1094 #0.0] Socket error while handshaking: [ERROR] Socket timeout
[2022-12-20 11:41:58.768407 +0100][Error  ][PostMaster        ] [xrootd.ba.infn.it:1094 #0] elapsed = 45, pConnectionWindow = 31 seconds.
Begin processing the 2001st record. Run 1, Event 76011, LumiSection 761 on stream 0 at 20-Dec-2022 11:42:05.500 CET
[2022-12-20 11:42:44.026251 +0100][Error  ][AsyncSock         ] [xrootd.ba.infn.it:1094 #0.0] Socket error while handshaking: [ERROR] Socket timeout
[2022-12-20 11:42:44.026410 +0100][Error  ][PostMaster        ] [xrootd.ba.infn.it:1094 #0] elapsed = 46, pConnectionWindow = 31 seconds.
[2022-12-20 11:42:44.026424 +0100][Error  ][PostMaster        ] [xrootd.ba.infn.it:1094 #0] Unable to recover: [ERROR] Socket timeout.
[2022-12-20 11:42:44.026436 +0100][Error  ][XRootD            ] [xrootd.ba.infn.it:1094] Impossible to send message kXR_open (file: /store/user/alesauva/flashgg/UL2017_4/10_6_4/ZHiggs0MToGG_M125_TuneCP5_13TeV-JHUGenV7011-pythia8/UL2017_4-10_6_4-v0-RunIISummer19UL17MiniAOD-106X_mc2017_realistic_v6-v2/200720_162208/0000/myMicroAODOutputFile_6.root?tried=stor95.datagrid.cea.fr, mode: 0660, flags: kXR_open_read kXR_async kXR_retstat ). Trying to recover.
Begin processing the 3001st record. Run 1, Event 125803, LumiSection 1259 on stream 0 at 20-Dec-2022 11:44:17.741 CET
Begin processing the 4001st record. Run 1, Event 126907, LumiSection 1270 on stream 0 at 20-Dec-2022 11:46:43.041 CET
Begin processing the 5001st record. Run 1, Event 127901, LumiSection 1280 on stream 0 at 20-Dec-2022 11:49:08.494 CET
[2022-12-20 11:49:41.058278 +0100][Error  ][AsyncSock         ] [xrootd.ba.infn.it:1094 #0.0] Socket error while handshaking: [ERROR] Socket timeout
[2022-12-20 11:49:41.062324 +0100][Error  ][PostMaster        ] [xrootd.ba.infn.it:1094 #0] elapsed = 45, pConnectionWindow = 31 seconds.
[2022-12-20 11:50:26.331206 +0100][Error  ][AsyncSock         ] [xrootd.ba.infn.it:1094 #0.0] Socket error while handshaking: [ERROR] Socket timeout
[2022-12-20 11:50:26.331328 +0100][Error  ][PostMaster        ] [xrootd.ba.infn.it:1094 #0] elapsed = 45, pConnectionWindow = 31 seconds.
[2022-12-20 11:50:26.331342 +0100][Error  ][PostMaster        ] [xrootd.ba.infn.it:1094 #0] Unable to recover: [ERROR] Socket timeout.
[2022-12-20 11:50:26.331363 +0100][Error  ][XRootD            ] [xrootd.ba.infn.it:1094] Impossible to send message kXR_open (file: /store/user/alesauva/flashgg/UL2017_4/10_6_4/ZHiggs0MToGG_M125_TuneCP5_13TeV-JHUGenV7011-pythia8/UL2017_4-10_6_4-v0-RunIISummer19UL17MiniAOD-106X_mc2017_realistic_v6-v2/200720_162208/0000/myMicroAODOutputFile_6.root?tried=stor95.datagrid.cea.fr, mode: 0660, flags: kXR_open_read kXR_async kXR_retstat ). Trying to recover.
Begin processing the 6001st record. Run 1, Event 131611, LumiSection 1317 on stream 0 at 20-Dec-2022 11:51:30.451 CET
Begin processing the 7001st record. Run 1, Event 132608, LumiSection 1327 on stream 0 at 20-Dec-2022 11:53:53.236 CET
[2022-12-20 11:54:20.012952 +0100][Error  ][AsyncSock         ] [xrootd.ba.infn.it:1094 #0.0] Socket error while handshaking: [ERROR] Socket timeout
[2022-12-20 11:54:20.013113 +0100][Error  ][PostMaster        ] [xrootd.ba.infn.it:1094 #0] elapsed = 45, pConnectionWindow = 31 seconds.
[2022-12-20 11:55:05.284186 +0100][Error  ][AsyncSock         ] [xrootd.ba.infn.it:1094 #0.0] Socket error while handshaking: [ERROR] Socket timeout
[2022-12-20 11:55:05.284318 +0100][Error  ][PostMaster        ] [xrootd.ba.infn.it:1094 #0] elapsed = 45, pConnectionWindow = 31 seconds.
[2022-12-20 11:55:05.284328 +0100][Error  ][PostMaster        ] [xrootd.ba.infn.it:1094 #0] Unable to recover: [ERROR] Socket timeout.
[2022-12-20 11:55:05.284338 +0100][Error  ][XRootD            ] [xrootd.ba.infn.it:1094] Impossible to send message kXR_open (file: /store/user/alesauva/flashgg/UL2017_4/10_6_4/ZHiggs0MToGG_M125_TuneCP5_13TeV-JHUGenV7011-pythia8/UL2017_4-10_6_4-v0-RunIISummer19UL17MiniAOD-106X_mc2017_realistic_v6-v2/200720_162208/0000/myMicroAODOutputFile_6.root?tried=stor95.datagrid.cea.fr, mode: 0660, flags: kXR_open_read kXR_async kXR_retstat ). Trying to recover.
Begin processing the 8001st record. Run 1, Event 133615, LumiSection 1337 on stream 0 at 20-Dec-2022 11:56:24.899 CET
Begin processing the 9001st record. Run 1, Event 171801, LumiSection 1719 on stream 0 at 20-Dec-2022 11:58:47.898 CET
[2022-12-20 11:59:11.003272 +0100][Error  ][AsyncSock         ] [xrootd.ba.infn.it:1094 #0.0] Socket error while handshaking: [ERROR] Socket timeout
[2022-12-20 11:59:11.003446 +0100][Error  ][PostMaster        ] [xrootd.ba.infn.it:1094 #0] elapsed = 46, pConnectionWindow = 31 seconds.
[2022-12-20 11:59:56.273208 +0100][Error  ][AsyncSock         ] [xrootd.ba.infn.it:1094 #0.0] Socket error while handshaking: [ERROR] Socket timeout
[2022-12-20 11:59:56.273380 +0100][Error  ][PostMaster        ] [xrootd.ba.infn.it:1094 #0] elapsed = 45, pConnectionWindow = 31 seconds.
[2022-12-20 11:59:56.273393 +0100][Error  ][PostMaster        ] [xrootd.ba.infn.it:1094 #0] Unable to recover: [ERROR] Socket timeout.
[2022-12-20 11:59:56.273404 +0100][Error  ][XRootD            ] [xrootd.ba.infn.it:1094] Impossible to send message kXR_open (file: /store/user/alesauva/flashgg/UL2017_4/10_6_4/ZHiggs0MToGG_M125_TuneCP5_13TeV-JHUGenV7011-pythia8/UL2017_4-10_6_4-v0-RunIISummer19UL17MiniAOD-106X_mc2017_realistic_v6-v2/200720_162208/0000/myMicroAODOutputFile_6.root?tried=stor95.datagrid.cea.fr, mode: 0660, flags: kXR_open_read kXR_async kXR_retstat ). Trying to recover.
Begin processing the 10001st record. Run 1, Event 172905, LumiSection 1730 on stream 0 at 20-Dec-2022 12:01:06.967 CET
Begin processing the 11001st record. Run 1, Event 510605, LumiSection 5107 on stream 0 at 20-Dec-2022 12:03:24.957 CET
[2022-12-20 12:03:45.011279 +0100][Error  ][AsyncSock         ] [xrootd.ba.infn.it:1094 #0.0] Socket error while handshaking: [ERROR] Socket timeout
[2022-12-20 12:03:45.018274 +0100][Error  ][PostMaster        ] [xrootd.ba.infn.it:1094 #0] elapsed = 46, pConnectionWindow = 31 seconds.
[2022-12-20 12:04:30.303190 +0100][Error  ][AsyncSock         ] [xrootd.ba.infn.it:1094 #0.0] Socket error while handshaking: [ERROR] Socket timeout
[2022-12-20 12:04:30.303374 +0100][Error  ][PostMaster        ] [xrootd.ba.infn.it:1094 #0] elapsed = 45, pConnectionWindow = 31 seconds.
[2022-12-20 12:04:30.303388 +0100][Error  ][PostMaster        ] [xrootd.ba.infn.it:1094 #0] Unable to recover: [ERROR] Socket timeout.
[2022-12-20 12:04:30.303400 +0100][Error  ][XRootD            ] [xrootd.ba.infn.it:1094] Impossible to send message kXR_open (file: /store/user/alesauva/flashgg/UL2017_4/10_6_4/ZHiggs0MToGG_M125_TuneCP5_13TeV-JHUGenV7011-pythia8/UL2017_4-10_6_4-v0-RunIISummer19UL17MiniAOD-106X_mc2017_realistic_v6-v2/200720_162208/0000/myMicroAODOutputFile_6.root?tried=stor95.datagrid.cea.fr, mode: 0660, flags: kXR_open_read kXR_async kXR_retstat ). Trying to recover.
Begin processing the 12001st record. Run 1, Event 511612, LumiSection 5117 on stream 0 at 20-Dec-2022 12:05:59.467 CET
Begin processing the 13001st record. Run 1, Event 553206, LumiSection 5533 on stream 0 at 20-Dec-2022 12:08:16.573 CET
[2022-12-20 12:08:32.464224 +0100][Error  ][AsyncSock         ] [xrootd.ba.infn.it:1094 #0.0] Socket error while handshaking: [ERROR] Socket timeout
[2022-12-20 12:08:32.464398 +0100][Error  ][PostMaster        ] [xrootd.ba.infn.it:1094 #0] elapsed = 45, pConnectionWindow = 31 seconds.
[2022-12-20 12:09:17.730215 +0100][Error  ][AsyncSock         ] [xrootd.ba.infn.it:1094 #0.0] Socket error while handshaking: [ERROR] Socket timeout
[2022-12-20 12:09:17.730427 +0100][Error  ][PostMaster        ] [xrootd.ba.infn.it:1094 #0] elapsed = 45, pConnectionWindow = 31 seconds.
[2022-12-20 12:09:17.730440 +0100][Error  ][PostMaster        ] [xrootd.ba.infn.it:1094 #0] Unable to recover: [ERROR] Socket timeout.
[2022-12-20 12:09:17.730452 +0100][Error  ][XRootD            ] [xrootd.ba.infn.it:1094] Impossible to send message kXR_open (file: /store/user/alesauva/flashgg/UL2017_4/10_6_4/ZHiggs0MToGG_M125_TuneCP5_13TeV-JHUGenV7011-pythia8/UL2017_4-10_6_4-v0-RunIISummer19UL17MiniAOD-106X_mc2017_realistic_v6-v2/200720_162208/0000/myMicroAODOutputFile_6.root?tried=stor95.datagrid.cea.fr, mode: 0660, flags: kXR_open_read kXR_async kXR_retstat ). Trying to recover.
Begin processing the 14001st record. Run 1, Event 554206, LumiSection 5543 on stream 0 at 20-Dec-2022 12:10:32.570 CET
Begin processing the 15001st record. Run 1, Event 555301, LumiSection 5554 on stream 0 at 20-Dec-2022 12:12:46.273 CET
Begin processing the 16001st record. Run 1, Event 559109, LumiSection 5592 on stream 0 at 20-Dec-2022 12:15:00.864 CET
Begin processing the 17001st record. Run 1, Event 560107, LumiSection 5602 on stream 0 at 20-Dec-2022 12:17:16.197 CET
[2022-12-20 12:17:25.922770 +0100][Error  ][AsyncSock         ] [xrootd.ba.infn.it:1094 #0.0] Socket error while handshaking: [ERROR] Socket timeout
[2022-12-20 12:17:25.922961 +0100][Error  ][PostMaster        ] [xrootd.ba.infn.it:1094 #0] elapsed = 45, pConnectionWindow = 31 seconds.
[2022-12-20 12:18:11.278179 +0100][Error  ][AsyncSock         ] [xrootd.ba.infn.it:1094 #0.0] Socket error while handshaking: [ERROR] Socket timeout
[2022-12-20 12:18:11.278361 +0100][Error  ][PostMaster        ] [xrootd.ba.infn.it:1094 #0] elapsed = 46, pConnectionWindow = 31 seconds.
[2022-12-20 12:18:11.278376 +0100][Error  ][PostMaster        ] [xrootd.ba.infn.it:1094 #0] Unable to recover: [ERROR] Socket timeout.
[2022-12-20 12:18:11.278387 +0100][Error  ][XRootD            ] [xrootd.ba.infn.it:1094] Impossible to send message kXR_open (file: /store/user/alesauva/flashgg/UL2017_4/10_6_4/ZHiggs0MToGG_M125_TuneCP5_13TeV-JHUGenV7011-pythia8/UL2017_4-10_6_4-v0-RunIISummer19UL17MiniAOD-106X_mc2017_realistic_v6-v2/200720_162208/0000/myMicroAODOutputFile_6.root?tried=stor95.datagrid.cea.fr, mode: 0660, flags: kXR_open_read kXR_async kXR_retstat ). Trying to recover.
Begin processing the 18001st record. Run 1, Event 604011, LumiSection 6041 on stream 0 at 20-Dec-2022 12:19:29.703 CET
Begin processing the 19001st record. Run 1, Event 605012, LumiSection 6051 on stream 0 at 20-Dec-2022 12:21:49.766 CET
Begin processing the 20001st record. Run 1, Event 606111, LumiSection 6062 on stream 0 at 20-Dec-2022 12:24:13.436 CET
[2022-12-20 12:26:30.966259 +0100][Error  ][AsyncSock         ] [xrootd.ba.infn.it:1094 #0.0] Socket error while handshaking: [ERROR] Socket timeout
[2022-12-20 12:26:30.966400 +0100][Error  ][PostMaster        ] [xrootd.ba.infn.it:1094 #0] elapsed = 45, pConnectionWindow = 31 seconds.
Begin processing the 21001st record. Run 1, Event 627406, LumiSection 6275 on stream 0 at 20-Dec-2022 12:26:40.318 CET
[2022-12-20 12:27:15.238241 +0100][Error  ][AsyncSock         ] [xrootd.ba.infn.it:1094 #0.0] Socket error while handshaking: [ERROR] Socket timeout
[2022-12-20 12:27:15.238460 +0100][Error  ][PostMaster        ] [xrootd.ba.infn.it:1094 #0] elapsed = 45, pConnectionWindow = 31 seconds.
[2022-12-20 12:27:15.238483 +0100][Error  ][PostMaster        ] [xrootd.ba.infn.it:1094 #0] Unable to recover: [ERROR] Socket timeout.
[2022-12-20 12:27:15.238513 +0100][Error  ][XRootD            ] [xrootd.ba.infn.it:1094] Impossible to send message kXR_open (file: /store/user/alesauva/flashgg/UL2017_4/10_6_4/ZHiggs0MToGG_M125_TuneCP5_13TeV-JHUGenV7011-pythia8/UL2017_4-10_6_4-v0-RunIISummer19UL17MiniAOD-106X_mc2017_realistic_v6-v2/200720_162208/0000/myMicroAODOutputFile_6.root?tried=stor95.datagrid.cea.fr, mode: 0660, flags: kXR_open_read kXR_async kXR_retstat ). Trying to recover.
Begin processing the 22001st record. Run 1, Event 628415, LumiSection 6285 on stream 0 at 20-Dec-2022 12:29:01.906 CET
[2022-12-20 12:31:20.130216 +0100][Error  ][AsyncSock         ] [xrootd.ba.infn.it:1094 #0.0] Socket error while handshaking: [ERROR] Socket timeout
[2022-12-20 12:31:20.130379 +0100][Error  ][PostMaster        ] [xrootd.ba.infn.it:1094 #0] elapsed = 46, pConnectionWindow = 31 seconds.
Begin processing the 23001st record. Run 1, Event 669207, LumiSection 6693 on stream 0 at 20-Dec-2022 12:31:22.547 CET
[2022-12-20 12:32:05.383214 +0100][Error  ][AsyncSock         ] [xrootd.ba.infn.it:1094 #0.0] Socket error while handshaking: [ERROR] Socket timeout
[2022-12-20 12:32:05.383378 +0100][Error  ][PostMaster        ] [xrootd.ba.infn.it:1094 #0] elapsed = 45, pConnectionWindow = 31 seconds.
[2022-12-20 12:32:05.383390 +0100][Error  ][PostMaster        ] [xrootd.ba.infn.it:1094 #0] Unable to recover: [ERROR] Socket timeout.
[2022-12-20 12:32:05.383401 +0100][Error  ][XRootD            ] [xrootd.ba.infn.it:1094] Impossible to send message kXR_open (file: /store/user/alesauva/flashgg/UL2017_4/10_6_4/ZHiggs0MToGG_M125_TuneCP5_13TeV-JHUGenV7011-pythia8/UL2017_4-10_6_4-v0-RunIISummer19UL17MiniAOD-106X_mc2017_realistic_v6-v2/200720_162208/0000/myMicroAODOutputFile_6.root?tried=stor95.datagrid.cea.fr, mode: 0660, flags: kXR_open_read kXR_async kXR_retstat ). Trying to recover.
Begin processing the 24001st record. Run 1, Event 82607, LumiSection 827 on stream 0 at 20-Dec-2022 12:33:41.463 CET
[2022-12-20 12:35:55.082290 +0100][Error  ][AsyncSock         ] [xrootd.ba.infn.it:1094 #0.0] Socket error while handshaking: [ERROR] Socket timeout
[2022-12-20 12:35:55.082478 +0100][Error  ][PostMaster        ] [xrootd.ba.infn.it:1094 #0] elapsed = 46, pConnectionWindow = 31 seconds.
20-Dec-2022 12:36:09 CET  Closed file root://cms-xrd-global.cern.ch//store/user/alesauva/flashgg/UL2017_4/10_6_4/ZHiggs0MToGG_M125_TuneCP5_13TeV-JHUGenV7011-pythia8/UL2017_4-10_6_4-v0-RunIISummer19UL17MiniAOD-106X_mc2017_realistic_v6-v2/200720_162208/0000/myMicroAODOutputFile_6.root

TrigReport ---------- Event  Summary ------------
TrigReport Events total = 25000 passed = 24780 failed = 220

TrigReport ---------- Path   Summary ------------
TrigReport  Trig Bit#   Executed     Passed     Failed      Error Name
TrigReport     1    0      25000      24780        220          0 p

TrigReport -------End-Path   Summary ------------
TrigReport  Trig Bit#   Executed     Passed     Failed      Error Name

TrigReport ---------- Modules in Path: p ------------
TrigReport  Trig Bit#    Visited     Passed     Failed      Error Name
TrigReport     1    0      25000      24780        220          0 flashggMetFilters
TrigReport     1    1      24780      24780          0          0 VHFilter
TrigReport     1    2      24780      24780          0          0 flashggDifferentialPhoIdInputsCorrection
TrigReport     1    3      24780      24780          0          0 flashggDiPhotonSystematics
TrigReport     1    4      24780      24780          0          0 flashggMetSystematics
TrigReport     1    5      24780      24780          0          0 flashggMuonSystematics
TrigReport     1    6      24780      24780          0          0 flashggElectronSystematics
TrigReport     1    7      24780      24780          0          0 flashggUnpackedJets
TrigReport     1    8      24780      24780          0          0 flashggJetSystematics0
TrigReport     1    9      24780      24780          0          0 flashggJetSystematics1
TrigReport     1   10      24780      24780          0          0 flashggJetSystematics2
TrigReport     1   11      24780      24780          0          0 flashggJetSystematics3
TrigReport     1   12      24780      24780          0          0 flashggJetSystematics4
TrigReport     1   13      24780      24780          0          0 flashggJetSystematics5
TrigReport     1   14      24780      24780          0          0 flashggJetSystematics6
TrigReport     1   15      24780      24780          0          0 flashggJetSystematics7
TrigReport     1   16      24780      24780          0          0 flashggJetSystematics8
TrigReport     1   17      24780      24780          0          0 flashggJetSystematics9
TrigReport     1   18      24780      24780          0          0 flashggJetSystematics10
TrigReport     1   19      24780      24780          0          0 flashggJetSystematics11
TrigReport     1   20      24780      24780          0          0 flashggPrefireDiPhotons
TrigReport     1   21      24780      24780          0          0 flashggPreselectedDiPhotons
TrigReport     1   22      24780      24780          0          0 flashggDiPhotonMVA
TrigReport     1   23      24780      24780          0          0 flashggVBFMVA
TrigReport     1   24      24780      24780          0          0 flashggVHhadMVA
TrigReport     1   25      24780      24780          0          0 flashggGluGluHMVA
TrigReport     1   26      24780      24780          0          0 flashggStageOneCombinedTag
TrigReport     1   27      24780      24780          0          0 flashggTHQLeptonicTag
TrigReport     1   28      24780      24780          0          0 flashggVHMetTag
TrigReport     1   29      24780      24780          0          0 flashggWHLeptonicTag
TrigReport     1   30      24780      24780          0          0 flashggZHLeptonicTag
TrigReport     1   31      24780      24780          0          0 flashggTTHLeptonicTag
TrigReport     1   32      24780      24780          0          0 flashggTTHHadronicTag
TrigReport     1   33      24780      24780          0          0 flashggTagSorter
TrigReport     1   34      24780      24780          0          0 flashggSystTagMerger
TrigReport     1   35      24780      24780          0          0 tagsDumper

TrigReport ---------- Module Summary ------------
TrigReport    Visited   Executed     Passed     Failed      Error Name
TrigReport      25000      25000      25000          0          0 TriggerResults
TrigReport      24780      24780      24780          0          0 VHFilter
TrigReport      24780      24780      24780          0          0 ak4PFCHSL1FastL2L3Corrector
TrigReport      24780      24780      24780          0          0 ak4PFCHSL1FastjetCorrector
TrigReport      24780      24780      24780          0          0 ak4PFCHSL2RelativeCorrector
TrigReport      24780      24780      24780          0          0 ak4PFCHSL3AbsoluteCorrector
TrigReport      24780      24780      24780          0          0 flashggDiPhotonMVA
TrigReport      24780      24780      24780          0          0 flashggDiPhotonSystematics
TrigReport      24780      24780      24780          0          0 flashggDifferentialPhoIdInputsCorrection
TrigReport      24780      24780      24780          0          0 flashggElectronSystematics
TrigReport      24780      24780      24780          0          0 flashggGluGluHMVA
TrigReport      24780      24780      24780          0          0 flashggJetSystematics0
TrigReport      24780      24780      24780          0          0 flashggJetSystematics1
TrigReport      24780      24780      24780          0          0 flashggJetSystematics10
TrigReport      24780      24780      24780          0          0 flashggJetSystematics11
TrigReport      24780      24780      24780          0          0 flashggJetSystematics2
TrigReport      24780      24780      24780          0          0 flashggJetSystematics3
TrigReport      24780      24780      24780          0          0 flashggJetSystematics4
TrigReport      24780      24780      24780          0          0 flashggJetSystematics5
TrigReport      24780      24780      24780          0          0 flashggJetSystematics6
TrigReport      24780      24780      24780          0          0 flashggJetSystematics7
TrigReport      24780      24780      24780          0          0 flashggJetSystematics8
TrigReport      24780      24780      24780          0          0 flashggJetSystematics9
TrigReport      25000      25000      24780        220          0 flashggMetFilters
TrigReport      24780      24780      24780          0          0 flashggMetSystematics
TrigReport      24780      24780      24780          0          0 flashggMuonSystematics
TrigReport      24780      24780      24780          0          0 flashggPrefireDiPhotons
TrigReport      24780      24780      24780          0          0 flashggPreselectedDiPhotons
TrigReport      24780      24780      24780          0          0 flashggStageOneCombinedTag
TrigReport      24780      24780      24780          0          0 flashggSystTagMerger
TrigReport      24780      24780      24780          0          0 flashggTHQLeptonicTag
TrigReport      24780      24780      24780          0          0 flashggTTHHadronicTag
TrigReport      24780      24780      24780          0          0 flashggTTHLeptonicTag
TrigReport      24780      24780      24780          0          0 flashggTagSorter
TrigReport      24780      24780      24780          0          0 flashggUnpackedJets
TrigReport      24780      24780      24780          0          0 flashggVBFMVA
TrigReport      24780      24780      24780          0          0 flashggVHMetTag
TrigReport      24780      24780      24780          0          0 flashggVHhadMVA
TrigReport      24780      24780      24780          0          0 flashggWHLeptonicTag
TrigReport      24780      24780      24780          0          0 flashggZHLeptonicTag
TrigReport      25000      25000      25000          0          0 p
TrigReport      24780      24780      24780          0          0 tagsDumper

TimeReport ---------- Event  Summary ---[sec]----
TimeReport       event loop CPU/event = 0.147069
TimeReport      event loop Real/event = 0.148614
TimeReport     sum Streams Real/event = 0.144386
TimeReport efficiency CPU/Real/thread = 0.989598

TimeReport ---------- Path   Summary ---[Real sec]----
TimeReport  per event     per exec  Name
TimeReport   0.143858     0.143858  p
TimeReport  per event     per exec  Name

TimeReport -------End-Path   Summary ---[Real sec]----
TimeReport  per event     per exec  Name
TimeReport  per event     per exec  Name

TimeReport ---------- Modules in Path: p ---[Real sec]----
TimeReport  per event    per visit  Name
TimeReport   0.000017     0.000017  flashggMetFilters
TimeReport   0.000007     0.000007  VHFilter
TimeReport   0.074379     0.075040  flashggDifferentialPhoIdInputsCorrection
TimeReport   0.050345     0.050792  flashggDiPhotonSystematics
TimeReport   0.000206     0.000208  flashggMetSystematics
TimeReport   0.000034     0.000035  flashggMuonSystematics
TimeReport   0.000043     0.000043  flashggElectronSystematics
TimeReport   0.000255     0.000257  flashggUnpackedJets
TimeReport   0.004625     0.004666  flashggJetSystematics0
TimeReport   0.000763     0.000769  flashggJetSystematics1
TimeReport   0.000687     0.000693  flashggJetSystematics2
TimeReport   0.000661     0.000667  flashggJetSystematics3
TimeReport   0.000653     0.000659  flashggJetSystematics4
TimeReport   0.000646     0.000651  flashggJetSystematics5
TimeReport   0.000643     0.000649  flashggJetSystematics6
TimeReport   0.000641     0.000646  flashggJetSystematics7
TimeReport   0.000639     0.000644  flashggJetSystematics8
TimeReport   0.000639     0.000645  flashggJetSystematics9
TimeReport   0.000636     0.000642  flashggJetSystematics10
TimeReport   0.000633     0.000638  flashggJetSystematics11
TimeReport   0.000326     0.000329  flashggPrefireDiPhotons
TimeReport   0.000131     0.000132  flashggPreselectedDiPhotons
TimeReport   0.000037     0.000038  flashggDiPhotonMVA
TimeReport   0.000033     0.000034  flashggVBFMVA
TimeReport   0.000020     0.000020  flashggVHhadMVA
TimeReport   0.000057     0.000058  flashggGluGluHMVA
TimeReport   0.000035     0.000036  flashggStageOneCombinedTag
TimeReport   0.000614     0.000619  flashggTHQLeptonicTag
TimeReport   0.000352     0.000355  flashggVHMetTag
TimeReport   0.000029     0.000030  flashggWHLeptonicTag
TimeReport   0.000023     0.000023  flashggZHLeptonicTag
TimeReport   0.000081     0.000082  flashggTTHLeptonicTag
TimeReport   0.001565     0.001579  flashggTTHHadronicTag
TimeReport   0.000095     0.000096  flashggTagSorter
TimeReport   0.000004     0.000004  flashggSystTagMerger
TimeReport   0.000393     0.000396  tagsDumper
TimeReport  per event    per visit  Name

TimeReport ---------- Module Summary ---[Real sec]----
TimeReport  per event     per exec    per visit  Name
TimeReport   0.000003     0.000003     0.000003  TriggerResults
TimeReport   0.000007     0.000007     0.000007  VHFilter
TimeReport   0.000004     0.000004     0.000004  ak4PFCHSL1FastL2L3Corrector
TimeReport   0.000004     0.000004     0.000004  ak4PFCHSL1FastjetCorrector
TimeReport   0.000002     0.000002     0.000002  ak4PFCHSL2RelativeCorrector
TimeReport   0.000014     0.000014     0.000014  ak4PFCHSL3AbsoluteCorrector
TimeReport   0.000037     0.000038     0.000038  flashggDiPhotonMVA
TimeReport   0.050345     0.050792     0.050792  flashggDiPhotonSystematics
TimeReport   0.074379     0.075040     0.075040  flashggDifferentialPhoIdInputsCorrection
TimeReport   0.000043     0.000043     0.000043  flashggElectronSystematics
TimeReport   0.000057     0.000058     0.000058  flashggGluGluHMVA
TimeReport   0.004625     0.004666     0.004666  flashggJetSystematics0
TimeReport   0.000763     0.000769     0.000769  flashggJetSystematics1
TimeReport   0.000636     0.000642     0.000642  flashggJetSystematics10
TimeReport   0.000633     0.000638     0.000638  flashggJetSystematics11
TimeReport   0.000687     0.000693     0.000693  flashggJetSystematics2
TimeReport   0.000661     0.000667     0.000667  flashggJetSystematics3
TimeReport   0.000653     0.000659     0.000659  flashggJetSystematics4
TimeReport   0.000646     0.000651     0.000651  flashggJetSystematics5
TimeReport   0.000643     0.000649     0.000649  flashggJetSystematics6
TimeReport   0.000641     0.000646     0.000646  flashggJetSystematics7
TimeReport   0.000639     0.000644     0.000644  flashggJetSystematics8
TimeReport   0.000639     0.000645     0.000645  flashggJetSystematics9
TimeReport   0.000017     0.000017     0.000017  flashggMetFilters
TimeReport   0.000206     0.000208     0.000208  flashggMetSystematics
TimeReport   0.000034     0.000035     0.000035  flashggMuonSystematics
TimeReport   0.000326     0.000329     0.000329  flashggPrefireDiPhotons
TimeReport   0.000131     0.000132     0.000132  flashggPreselectedDiPhotons
TimeReport   0.000035     0.000036     0.000036  flashggStageOneCombinedTag
TimeReport   0.000004     0.000004     0.000004  flashggSystTagMerger
TimeReport   0.000614     0.000619     0.000619  flashggTHQLeptonicTag
TimeReport   0.001565     0.001579     0.001579  flashggTTHHadronicTag
TimeReport   0.000081     0.000082     0.000082  flashggTTHLeptonicTag
TimeReport   0.000095     0.000096     0.000096  flashggTagSorter
TimeReport   0.000255     0.000257     0.000257  flashggUnpackedJets
TimeReport   0.000033     0.000034     0.000034  flashggVBFMVA
TimeReport   0.000352     0.000355     0.000355  flashggVHMetTag
TimeReport   0.000020     0.000020     0.000020  flashggVHhadMVA
TimeReport   0.000029     0.000030     0.000030  flashggWHLeptonicTag
TimeReport   0.000023     0.000023     0.000023  flashggZHLeptonicTag
TimeReport   0.000003     0.000003     0.000003  p
TimeReport   0.000393     0.000396     0.000396  tagsDumper
TimeReport  per event     per exec    per visit  Name

T---Report end!


=============================================

MessageLogger Summary

 type     category        sev    module        subroutine        count    total
 ---- -------------------- -- ---------------- ----------------  -----    -----
    1 XrdAdaptor           -w file_open                              1        1
    2 fileAction           -s file_close                             1        1
    3 fileAction           -s file_open                              2        2

 type    category    Examples: run/evt        run/evt          run/evt
 ---- -------------------- ---------------- ---------------- ----------------
    1 XrdAdaptor           pre-events                        
    2 fileAction           PostGlobalEndRun                  
    3 fileAction           pre-events       pre-events       

Severity    # Occurrences   Total Occurrences
--------    -------------   -----------------
Warning                 1                   1
System                  3                   3

dropped waiting message count 0
