mkdir: cannot create directory '/afs/cern.ch/user/x/xisu/private/local/Analysis_workspace/VH_AC_tmp1/flashgg_d2/CMSSW_10_6_29/src/flashgg/VHAC_Analysis_Met/UL_17/UL_17_zh125': File exists
/cvmfs/cms.cern.ch/slc7_amd64_gcc700/external/py2-requests/2.21.0-pafccj2/lib/python2.7/site-packages/requests/__init__.py:91: RequestsDependencyWarning: urllib3 (1.25.2) or chardet (3.0.4) doesn't match a supported version!
  RequestsDependencyWarning)
20-Dec-2022 11:11:26 CET  Initiating request to open file root://cms-xrd-global.cern.ch//store/user/alesauva/flashgg/UL2017_4/10_6_4/ZHiggs0PMToGG_M125_TuneCP5_13TeV-JHUGenV7011-pythia8/UL2017_4-10_6_4-v0-RunIISummer19UL17MiniAOD-106X_mc2017_realistic_v6-v2/200720_162909/0000/myMicroAODOutputFile_15.root
%MSG-w XrdAdaptor:  file_open 20-Dec-2022 11:11:29 CET pre-events
Data is served from GRIF-IRFU instead of original site CERN-CMSGLOBAL-01
%MSG
20-Dec-2022 11:11:29 CET  Successfully opened file root://cms-xrd-global.cern.ch//store/user/alesauva/flashgg/UL2017_4/10_6_4/ZHiggs0PMToGG_M125_TuneCP5_13TeV-JHUGenV7011-pythia8/UL2017_4-10_6_4-v0-RunIISummer19UL17MiniAOD-106X_mc2017_realistic_v6-v2/200720_162909/0000/myMicroAODOutputFile_15.root
2022-12-20 11:26:03.044956: I tensorflow/core/platform/cpu_feature_guard.cc:140] Your CPU supports instructions that this TensorFlow binary was not compiled to use: SSE4.1 SSE4.2 AVX AVX2 FMA
Begin processing the 1st record. Run 1, Event 22508, LumiSection 226 on stream 0 at 20-Dec-2022 11:26:54.695 CET
[2022-12-20 11:27:38.917782 +0100][Error  ][AsyncSock         ] [xrootd.ba.infn.it:1094 #0.0] Socket error while handshaking: [ERROR] Socket timeout
[2022-12-20 11:27:38.918002 +0100][Error  ][PostMaster        ] [xrootd.ba.infn.it:1094 #0] elapsed = 45, pConnectionWindow = 31 seconds.
[2022-12-20 11:28:24.171198 +0100][Error  ][AsyncSock         ] [xrootd.ba.infn.it:1094 #0.0] Socket error while handshaking: [ERROR] Socket timeout
[2022-12-20 11:28:24.171351 +0100][Error  ][PostMaster        ] [xrootd.ba.infn.it:1094 #0] elapsed = 46, pConnectionWindow = 31 seconds.
[2022-12-20 11:28:24.171390 +0100][Error  ][PostMaster        ] [xrootd.ba.infn.it:1094 #0] Unable to recover: [ERROR] Socket timeout.
[2022-12-20 11:28:24.171416 +0100][Error  ][XRootD            ] [xrootd.ba.infn.it:1094] Impossible to send message kXR_open (file: /store/user/alesauva/flashgg/UL2017_4/10_6_4/ZHiggs0PMToGG_M125_TuneCP5_13TeV-JHUGenV7011-pythia8/UL2017_4-10_6_4-v0-RunIISummer19UL17MiniAOD-106X_mc2017_realistic_v6-v2/200720_162909/0000/myMicroAODOutputFile_15.root?tried=stor97.datagrid.cea.fr, mode: 0660, flags: kXR_open_read kXR_async kXR_retstat ). Trying to recover.
Begin processing the 1001st record. Run 1, Event 251701, LumiSection 2518 on stream 0 at 20-Dec-2022 11:31:10.028 CET
Begin processing the 2001st record. Run 1, Event 479206, LumiSection 4793 on stream 0 at 20-Dec-2022 11:33:07.890 CET
Begin processing the 3001st record. Run 1, Event 199025, LumiSection 1991 on stream 0 at 20-Dec-2022 11:35:08.129 CET
[2022-12-20 11:36:18.983628 +0100][Error  ][AsyncSock         ] [xrootd.ba.infn.it:1094 #0.0] Socket error while handshaking: [ERROR] Socket timeout
[2022-12-20 11:36:18.983791 +0100][Error  ][PostMaster        ] [xrootd.ba.infn.it:1094 #0] elapsed = 45, pConnectionWindow = 31 seconds.
Begin processing the 4001st record. Run 1, Event 228101, LumiSection 2282 on stream 0 at 20-Dec-2022 11:37:01.452 CET
[2022-12-20 11:37:04.242867 +0100][Error  ][AsyncSock         ] [xrootd.ba.infn.it:1094 #0.0] Socket error while handshaking: [ERROR] Socket timeout
[2022-12-20 11:37:04.243065 +0100][Error  ][PostMaster        ] [xrootd.ba.infn.it:1094 #0] elapsed = 46, pConnectionWindow = 31 seconds.
[2022-12-20 11:37:04.243076 +0100][Error  ][PostMaster        ] [xrootd.ba.infn.it:1094 #0] Unable to recover: [ERROR] Socket timeout.
[2022-12-20 11:37:04.243099 +0100][Error  ][XRootD            ] [xrootd.ba.infn.it:1094] Impossible to send message kXR_open (file: /store/user/alesauva/flashgg/UL2017_4/10_6_4/ZHiggs0PMToGG_M125_TuneCP5_13TeV-JHUGenV7011-pythia8/UL2017_4-10_6_4-v0-RunIISummer19UL17MiniAOD-106X_mc2017_realistic_v6-v2/200720_162909/0000/myMicroAODOutputFile_15.root?tried=stor97.datagrid.cea.fr, mode: 0660, flags: kXR_open_read kXR_async kXR_retstat ). Trying to recover.
Begin processing the 5001st record. Run 1, Event 291703, LumiSection 2918 on stream 0 at 20-Dec-2022 11:38:51.957 CET
Begin processing the 6001st record. Run 1, Event 314304, LumiSection 3144 on stream 0 at 20-Dec-2022 11:40:56.799 CET
Begin processing the 7001st record. Run 1, Event 315406, LumiSection 3155 on stream 0 at 20-Dec-2022 11:43:04.312 CET
[2022-12-20 11:44:57.342625 +0100][Error  ][AsyncSock         ] [xrootd.ba.infn.it:1094 #0.0] Socket error while handshaking: [ERROR] Socket timeout
[2022-12-20 11:44:57.342753 +0100][Error  ][PostMaster        ] [xrootd.ba.infn.it:1094 #0] elapsed = 46, pConnectionWindow = 31 seconds.
Begin processing the 8001st record. Run 1, Event 367005, LumiSection 3671 on stream 0 at 20-Dec-2022 11:45:04.168 CET
[2022-12-20 11:45:42.599629 +0100][Error  ][AsyncSock         ] [xrootd.ba.infn.it:1094 #0.0] Socket error while handshaking: [ERROR] Socket timeout
[2022-12-20 11:45:42.599777 +0100][Error  ][PostMaster        ] [xrootd.ba.infn.it:1094 #0] elapsed = 45, pConnectionWindow = 31 seconds.
[2022-12-20 11:45:42.599789 +0100][Error  ][PostMaster        ] [xrootd.ba.infn.it:1094 #0] Unable to recover: [ERROR] Socket timeout.
[2022-12-20 11:45:42.599799 +0100][Error  ][XRootD            ] [xrootd.ba.infn.it:1094] Impossible to send message kXR_open (file: /store/user/alesauva/flashgg/UL2017_4/10_6_4/ZHiggs0PMToGG_M125_TuneCP5_13TeV-JHUGenV7011-pythia8/UL2017_4-10_6_4-v0-RunIISummer19UL17MiniAOD-106X_mc2017_realistic_v6-v2/200720_162909/0000/myMicroAODOutputFile_15.root?tried=stor97.datagrid.cea.fr, mode: 0660, flags: kXR_open_read kXR_async kXR_retstat ). Trying to recover.
Begin processing the 9001st record. Run 1, Event 368001, LumiSection 3681 on stream 0 at 20-Dec-2022 11:47:06.039 CET
Begin processing the 10001st record. Run 1, Event 372711, LumiSection 3728 on stream 0 at 20-Dec-2022 11:49:05.042 CET
Begin processing the 11001st record. Run 1, Event 379812, LumiSection 3799 on stream 0 at 20-Dec-2022 11:51:05.574 CET
Begin processing the 12001st record. Run 1, Event 577613, LumiSection 5777 on stream 0 at 20-Dec-2022 11:53:07.157 CET
[2022-12-20 11:53:40.415658 +0100][Error  ][AsyncSock         ] [xrootd.ba.infn.it:1094 #0.0] Socket error while handshaking: [ERROR] Socket timeout
[2022-12-20 11:53:40.415801 +0100][Error  ][PostMaster        ] [xrootd.ba.infn.it:1094 #0] elapsed = 45, pConnectionWindow = 31 seconds.
[2022-12-20 11:54:25.681162 +0100][Error  ][AsyncSock         ] [xrootd.ba.infn.it:1094 #0.0] Socket error while handshaking: [ERROR] Socket timeout
[2022-12-20 11:54:25.681322 +0100][Error  ][PostMaster        ] [xrootd.ba.infn.it:1094 #0] elapsed = 45, pConnectionWindow = 31 seconds.
[2022-12-20 11:54:25.681332 +0100][Error  ][PostMaster        ] [xrootd.ba.infn.it:1094 #0] Unable to recover: [ERROR] Socket timeout.
[2022-12-20 11:54:25.681342 +0100][Error  ][XRootD            ] [xrootd.ba.infn.it:1094] Impossible to send message kXR_open (file: /store/user/alesauva/flashgg/UL2017_4/10_6_4/ZHiggs0PMToGG_M125_TuneCP5_13TeV-JHUGenV7011-pythia8/UL2017_4-10_6_4-v0-RunIISummer19UL17MiniAOD-106X_mc2017_realistic_v6-v2/200720_162909/0000/myMicroAODOutputFile_15.root?tried=stor97.datagrid.cea.fr, mode: 0660, flags: kXR_open_read kXR_async kXR_retstat ). Trying to recover.
Begin processing the 13001st record. Run 1, Event 486708, LumiSection 4868 on stream 0 at 20-Dec-2022 11:55:10.782 CET
Begin processing the 14001st record. Run 1, Event 487718, LumiSection 4878 on stream 0 at 20-Dec-2022 11:57:05.089 CET
Begin processing the 15001st record. Run 1, Event 488702, LumiSection 4888 on stream 0 at 20-Dec-2022 11:59:12.527 CET
Begin processing the 16001st record. Run 1, Event 506013, LumiSection 5061 on stream 0 at 20-Dec-2022 12:01:19.258 CET
[2022-12-20 12:02:32.467669 +0100][Error  ][AsyncSock         ] [xrootd.ba.infn.it:1094 #0.0] Socket error while handshaking: [ERROR] Socket timeout
[2022-12-20 12:02:32.467848 +0100][Error  ][PostMaster        ] [xrootd.ba.infn.it:1094 #0] elapsed = 45, pConnectionWindow = 31 seconds.
[2022-12-20 12:03:17.711628 +0100][Error  ][AsyncSock         ] [xrootd.ba.infn.it:1094 #0.0] Socket error while handshaking: [ERROR] Socket timeout
[2022-12-20 12:03:17.711734 +0100][Error  ][PostMaster        ] [xrootd.ba.infn.it:1094 #0] elapsed = 45, pConnectionWindow = 31 seconds.
[2022-12-20 12:03:17.711742 +0100][Error  ][PostMaster        ] [xrootd.ba.infn.it:1094 #0] Unable to recover: [ERROR] Socket timeout.
[2022-12-20 12:03:17.711749 +0100][Error  ][XRootD            ] [xrootd.ba.infn.it:1094] Impossible to send message kXR_open (file: /store/user/alesauva/flashgg/UL2017_4/10_6_4/ZHiggs0PMToGG_M125_TuneCP5_13TeV-JHUGenV7011-pythia8/UL2017_4-10_6_4-v0-RunIISummer19UL17MiniAOD-106X_mc2017_realistic_v6-v2/200720_162909/0000/myMicroAODOutputFile_15.root?tried=stor97.datagrid.cea.fr, mode: 0660, flags: kXR_open_read kXR_async kXR_retstat ). Trying to recover.
Begin processing the 17001st record. Run 1, Event 507006, LumiSection 5071 on stream 0 at 20-Dec-2022 12:03:20.028 CET
Begin processing the 18001st record. Run 1, Event 508013, LumiSection 5081 on stream 0 at 20-Dec-2022 12:05:15.236 CET
Begin processing the 19001st record. Run 1, Event 597402, LumiSection 5975 on stream 0 at 20-Dec-2022 12:07:21.613 CET
Begin processing the 20001st record. Run 1, Event 598405, LumiSection 5985 on stream 0 at 20-Dec-2022 12:09:18.485 CET
[2022-12-20 12:11:13.373169 +0100][Error  ][AsyncSock         ] [xrootd.ba.infn.it:1094 #0.0] Socket error while handshaking: [ERROR] Socket timeout
[2022-12-20 12:11:13.373335 +0100][Error  ][PostMaster        ] [xrootd.ba.infn.it:1094 #0] elapsed = 45, pConnectionWindow = 31 seconds.
Begin processing the 21001st record. Run 1, Event 716202, LumiSection 7163 on stream 0 at 20-Dec-2022 12:11:15.409 CET
[2022-12-20 12:11:58.600524 +0100][Error  ][AsyncSock         ] [xrootd.ba.infn.it:1094 #0.0] Socket error while handshaking: [ERROR] Socket timeout
[2022-12-20 12:11:58.600681 +0100][Error  ][PostMaster        ] [xrootd.ba.infn.it:1094 #0] elapsed = 45, pConnectionWindow = 31 seconds.
[2022-12-20 12:11:58.600691 +0100][Error  ][PostMaster        ] [xrootd.ba.infn.it:1094 #0] Unable to recover: [ERROR] Socket timeout.
[2022-12-20 12:11:58.600700 +0100][Error  ][XRootD            ] [xrootd.ba.infn.it:1094] Impossible to send message kXR_open (file: /store/user/alesauva/flashgg/UL2017_4/10_6_4/ZHiggs0PMToGG_M125_TuneCP5_13TeV-JHUGenV7011-pythia8/UL2017_4-10_6_4-v0-RunIISummer19UL17MiniAOD-106X_mc2017_realistic_v6-v2/200720_162909/0000/myMicroAODOutputFile_15.root?tried=stor97.datagrid.cea.fr, mode: 0660, flags: kXR_open_read kXR_async kXR_retstat ). Trying to recover.
Begin processing the 22001st record. Run 1, Event 719505, LumiSection 7196 on stream 0 at 20-Dec-2022 12:13:01.098 CET
Begin processing the 23001st record. Run 1, Event 720701, LumiSection 7208 on stream 0 at 20-Dec-2022 12:14:49.977 CET
Begin processing the 24001st record. Run 1, Event 722704, LumiSection 7228 on stream 0 at 20-Dec-2022 12:16:32.587 CET
[2022-12-20 12:16:59.659771 +0100][Error  ][AsyncSock         ] [xrootd.ba.infn.it:1094 #0.0] Socket error while handshaking: [ERROR] Socket timeout
[2022-12-20 12:16:59.659882 +0100][Error  ][PostMaster        ] [xrootd.ba.infn.it:1094 #0] elapsed = 45, pConnectionWindow = 31 seconds.
[2022-12-20 12:17:44.860643 +0100][Error  ][AsyncSock         ] [xrootd.ba.infn.it:1094 #0.0] Socket error while handshaking: [ERROR] Socket timeout
[2022-12-20 12:17:44.860795 +0100][Error  ][PostMaster        ] [xrootd.ba.infn.it:1094 #0] elapsed = 45, pConnectionWindow = 31 seconds.
[2022-12-20 12:17:44.860806 +0100][Error  ][PostMaster        ] [xrootd.ba.infn.it:1094 #0] Unable to recover: [ERROR] Socket timeout.
[2022-12-20 12:17:44.860815 +0100][Error  ][XRootD            ] [xrootd.ba.infn.it:1094] Impossible to send message kXR_open (file: /store/user/alesauva/flashgg/UL2017_4/10_6_4/ZHiggs0PMToGG_M125_TuneCP5_13TeV-JHUGenV7011-pythia8/UL2017_4-10_6_4-v0-RunIISummer19UL17MiniAOD-106X_mc2017_realistic_v6-v2/200720_162909/0000/myMicroAODOutputFile_15.root?tried=stor97.datagrid.cea.fr, mode: 0660, flags: kXR_open_read kXR_async kXR_retstat ). Trying to recover.
20-Dec-2022 12:18:10 CET  Closed file root://cms-xrd-global.cern.ch//store/user/alesauva/flashgg/UL2017_4/10_6_4/ZHiggs0PMToGG_M125_TuneCP5_13TeV-JHUGenV7011-pythia8/UL2017_4-10_6_4-v0-RunIISummer19UL17MiniAOD-106X_mc2017_realistic_v6-v2/200720_162909/0000/myMicroAODOutputFile_15.root

TrigReport ---------- Event  Summary ------------
TrigReport Events total = 25000 passed = 24896 failed = 104

TrigReport ---------- Path   Summary ------------
TrigReport  Trig Bit#   Executed     Passed     Failed      Error Name
TrigReport     1    0      25000      24896        104          0 p

TrigReport -------End-Path   Summary ------------
TrigReport  Trig Bit#   Executed     Passed     Failed      Error Name

TrigReport ---------- Modules in Path: p ------------
TrigReport  Trig Bit#    Visited     Passed     Failed      Error Name
TrigReport     1    0      25000      24896        104          0 flashggMetFilters
TrigReport     1    1      24896      24896          0          0 VHFilter
TrigReport     1    2      24896      24896          0          0 flashggDifferentialPhoIdInputsCorrection
TrigReport     1    3      24896      24896          0          0 flashggDiPhotonSystematics
TrigReport     1    4      24896      24896          0          0 flashggMetSystematics
TrigReport     1    5      24896      24896          0          0 flashggMuonSystematics
TrigReport     1    6      24896      24896          0          0 flashggElectronSystematics
TrigReport     1    7      24896      24896          0          0 flashggUnpackedJets
TrigReport     1    8      24896      24896          0          0 flashggJetSystematics0
TrigReport     1    9      24896      24896          0          0 flashggJetSystematics1
TrigReport     1   10      24896      24896          0          0 flashggJetSystematics2
TrigReport     1   11      24896      24896          0          0 flashggJetSystematics3
TrigReport     1   12      24896      24896          0          0 flashggJetSystematics4
TrigReport     1   13      24896      24896          0          0 flashggJetSystematics5
TrigReport     1   14      24896      24896          0          0 flashggJetSystematics6
TrigReport     1   15      24896      24896          0          0 flashggJetSystematics7
TrigReport     1   16      24896      24896          0          0 flashggJetSystematics8
TrigReport     1   17      24896      24896          0          0 flashggJetSystematics9
TrigReport     1   18      24896      24896          0          0 flashggJetSystematics10
TrigReport     1   19      24896      24896          0          0 flashggJetSystematics11
TrigReport     1   20      24896      24896          0          0 flashggPrefireDiPhotons
TrigReport     1   21      24896      24896          0          0 flashggPreselectedDiPhotons
TrigReport     1   22      24896      24896          0          0 flashggDiPhotonMVA
TrigReport     1   23      24896      24896          0          0 flashggVBFMVA
TrigReport     1   24      24896      24896          0          0 flashggVHhadMVA
TrigReport     1   25      24896      24896          0          0 flashggGluGluHMVA
TrigReport     1   26      24896      24896          0          0 flashggStageOneCombinedTag
TrigReport     1   27      24896      24896          0          0 flashggTHQLeptonicTag
TrigReport     1   28      24896      24896          0          0 flashggVHMetTag
TrigReport     1   29      24896      24896          0          0 flashggWHLeptonicTag
TrigReport     1   30      24896      24896          0          0 flashggZHLeptonicTag
TrigReport     1   31      24896      24896          0          0 flashggTTHLeptonicTag
TrigReport     1   32      24896      24896          0          0 flashggTTHHadronicTag
TrigReport     1   33      24896      24896          0          0 flashggTagSorter
TrigReport     1   34      24896      24896          0          0 flashggSystTagMerger
TrigReport     1   35      24896      24896          0          0 tagsDumper

TrigReport ---------- Module Summary ------------
TrigReport    Visited   Executed     Passed     Failed      Error Name
TrigReport      25000      25000      25000          0          0 TriggerResults
TrigReport      24896      24896      24896          0          0 VHFilter
TrigReport      24896      24896      24896          0          0 ak4PFCHSL1FastL2L3Corrector
TrigReport      24896      24896      24896          0          0 ak4PFCHSL1FastjetCorrector
TrigReport      24896      24896      24896          0          0 ak4PFCHSL2RelativeCorrector
TrigReport      24896      24896      24896          0          0 ak4PFCHSL3AbsoluteCorrector
TrigReport      24896      24896      24896          0          0 flashggDiPhotonMVA
TrigReport      24896      24896      24896          0          0 flashggDiPhotonSystematics
TrigReport      24896      24896      24896          0          0 flashggDifferentialPhoIdInputsCorrection
TrigReport      24896      24896      24896          0          0 flashggElectronSystematics
TrigReport      24896      24896      24896          0          0 flashggGluGluHMVA
TrigReport      24896      24896      24896          0          0 flashggJetSystematics0
TrigReport      24896      24896      24896          0          0 flashggJetSystematics1
TrigReport      24896      24896      24896          0          0 flashggJetSystematics10
TrigReport      24896      24896      24896          0          0 flashggJetSystematics11
TrigReport      24896      24896      24896          0          0 flashggJetSystematics2
TrigReport      24896      24896      24896          0          0 flashggJetSystematics3
TrigReport      24896      24896      24896          0          0 flashggJetSystematics4
TrigReport      24896      24896      24896          0          0 flashggJetSystematics5
TrigReport      24896      24896      24896          0          0 flashggJetSystematics6
TrigReport      24896      24896      24896          0          0 flashggJetSystematics7
TrigReport      24896      24896      24896          0          0 flashggJetSystematics8
TrigReport      24896      24896      24896          0          0 flashggJetSystematics9
TrigReport      25000      25000      24896        104          0 flashggMetFilters
TrigReport      24896      24896      24896          0          0 flashggMetSystematics
TrigReport      24896      24896      24896          0          0 flashggMuonSystematics
TrigReport      24896      24896      24896          0          0 flashggPrefireDiPhotons
TrigReport      24896      24896      24896          0          0 flashggPreselectedDiPhotons
TrigReport      24896      24896      24896          0          0 flashggStageOneCombinedTag
TrigReport      24896      24896      24896          0          0 flashggSystTagMerger
TrigReport      24896      24896      24896          0          0 flashggTHQLeptonicTag
TrigReport      24896      24896      24896          0          0 flashggTTHHadronicTag
TrigReport      24896      24896      24896          0          0 flashggTTHLeptonicTag
TrigReport      24896      24896      24896          0          0 flashggTagSorter
TrigReport      24896      24896      24896          0          0 flashggUnpackedJets
TrigReport      24896      24896      24896          0          0 flashggVBFMVA
TrigReport      24896      24896      24896          0          0 flashggVHMetTag
TrigReport      24896      24896      24896          0          0 flashggVHhadMVA
TrigReport      24896      24896      24896          0          0 flashggWHLeptonicTag
TrigReport      24896      24896      24896          0          0 flashggZHLeptonicTag
TrigReport      25000      25000      25000          0          0 p
TrigReport      24896      24896      24896          0          0 tagsDumper

TimeReport ---------- Event  Summary ---[sec]----
TimeReport       event loop CPU/event = 0.121971
TimeReport      event loop Real/event = 0.123062
TimeReport     sum Streams Real/event = 0.119494
TimeReport efficiency CPU/Real/thread = 0.991134

TimeReport ---------- Path   Summary ---[Real sec]----
TimeReport  per event     per exec  Name
TimeReport   0.119012     0.119012  p
TimeReport  per event     per exec  Name

TimeReport -------End-Path   Summary ---[Real sec]----
TimeReport  per event     per exec  Name
TimeReport  per event     per exec  Name

TimeReport ---------- Modules in Path: p ---[Real sec]----
TimeReport  per event    per visit  Name
TimeReport   0.000015     0.000015  flashggMetFilters
TimeReport   0.000005     0.000005  VHFilter
TimeReport   0.066400     0.066677  flashggDifferentialPhoIdInputsCorrection
TimeReport   0.037993     0.038152  flashggDiPhotonSystematics
TimeReport   0.000173     0.000174  flashggMetSystematics
TimeReport   0.000022     0.000022  flashggMuonSystematics
TimeReport   0.000035     0.000035  flashggElectronSystematics
TimeReport   0.000214     0.000215  flashggUnpackedJets
TimeReport   0.003735     0.003750  flashggJetSystematics0
TimeReport   0.000553     0.000555  flashggJetSystematics1
TimeReport   0.000490     0.000492  flashggJetSystematics2
TimeReport   0.000472     0.000474  flashggJetSystematics3
TimeReport   0.000463     0.000465  flashggJetSystematics4
TimeReport   0.000459     0.000461  flashggJetSystematics5
TimeReport   0.000455     0.000456  flashggJetSystematics6
TimeReport   0.000452     0.000454  flashggJetSystematics7
TimeReport   0.000452     0.000454  flashggJetSystematics8
TimeReport   0.000448     0.000450  flashggJetSystematics9
TimeReport   0.000448     0.000450  flashggJetSystematics10
TimeReport   0.000446     0.000448  flashggJetSystematics11
TimeReport   0.000259     0.000260  flashggPrefireDiPhotons
TimeReport   0.000106     0.000107  flashggPreselectedDiPhotons
TimeReport   0.000028     0.000028  flashggDiPhotonMVA
TimeReport   0.000025     0.000025  flashggVBFMVA
TimeReport   0.000015     0.000015  flashggVHhadMVA
TimeReport   0.000045     0.000045  flashggGluGluHMVA
TimeReport   0.000027     0.000027  flashggStageOneCombinedTag
TimeReport   0.000523     0.000525  flashggTHQLeptonicTag
TimeReport   0.000297     0.000298  flashggVHMetTag
TimeReport   0.000022     0.000023  flashggWHLeptonicTag
TimeReport   0.000018     0.000018  flashggZHLeptonicTag
TimeReport   0.000063     0.000064  flashggTTHLeptonicTag
TimeReport   0.001121     0.001126  flashggTTHHadronicTag
TimeReport   0.000081     0.000081  flashggTagSorter
TimeReport   0.000004     0.000004  flashggSystTagMerger
TimeReport   0.000324     0.000325  tagsDumper
TimeReport  per event    per visit  Name

TimeReport ---------- Module Summary ---[Real sec]----
TimeReport  per event     per exec    per visit  Name
TimeReport   0.000003     0.000003     0.000003  TriggerResults
TimeReport   0.000005     0.000005     0.000005  VHFilter
TimeReport   0.000004     0.000004     0.000004  ak4PFCHSL1FastL2L3Corrector
TimeReport   0.000004     0.000004     0.000004  ak4PFCHSL1FastjetCorrector
TimeReport   0.000002     0.000002     0.000002  ak4PFCHSL2RelativeCorrector
TimeReport   0.000012     0.000012     0.000012  ak4PFCHSL3AbsoluteCorrector
TimeReport   0.000028     0.000028     0.000028  flashggDiPhotonMVA
TimeReport   0.037993     0.038152     0.038152  flashggDiPhotonSystematics
TimeReport   0.066400     0.066677     0.066677  flashggDifferentialPhoIdInputsCorrection
TimeReport   0.000035     0.000035     0.000035  flashggElectronSystematics
TimeReport   0.000045     0.000045     0.000045  flashggGluGluHMVA
TimeReport   0.003735     0.003750     0.003750  flashggJetSystematics0
TimeReport   0.000553     0.000555     0.000555  flashggJetSystematics1
TimeReport   0.000448     0.000450     0.000450  flashggJetSystematics10
TimeReport   0.000446     0.000448     0.000448  flashggJetSystematics11
TimeReport   0.000490     0.000492     0.000492  flashggJetSystematics2
TimeReport   0.000472     0.000474     0.000474  flashggJetSystematics3
TimeReport   0.000463     0.000465     0.000465  flashggJetSystematics4
TimeReport   0.000459     0.000461     0.000461  flashggJetSystematics5
TimeReport   0.000455     0.000456     0.000456  flashggJetSystematics6
TimeReport   0.000452     0.000454     0.000454  flashggJetSystematics7
TimeReport   0.000452     0.000454     0.000454  flashggJetSystematics8
TimeReport   0.000448     0.000450     0.000450  flashggJetSystematics9
TimeReport   0.000015     0.000015     0.000015  flashggMetFilters
TimeReport   0.000173     0.000174     0.000174  flashggMetSystematics
TimeReport   0.000022     0.000022     0.000022  flashggMuonSystematics
TimeReport   0.000259     0.000260     0.000260  flashggPrefireDiPhotons
TimeReport   0.000106     0.000107     0.000107  flashggPreselectedDiPhotons
TimeReport   0.000027     0.000027     0.000027  flashggStageOneCombinedTag
TimeReport   0.000004     0.000004     0.000004  flashggSystTagMerger
TimeReport   0.000523     0.000525     0.000525  flashggTHQLeptonicTag
TimeReport   0.001121     0.001126     0.001126  flashggTTHHadronicTag
TimeReport   0.000063     0.000064     0.000064  flashggTTHLeptonicTag
TimeReport   0.000081     0.000081     0.000081  flashggTagSorter
TimeReport   0.000214     0.000215     0.000215  flashggUnpackedJets
TimeReport   0.000025     0.000025     0.000025  flashggVBFMVA
TimeReport   0.000297     0.000298     0.000298  flashggVHMetTag
TimeReport   0.000015     0.000015     0.000015  flashggVHhadMVA
TimeReport   0.000022     0.000023     0.000023  flashggWHLeptonicTag
TimeReport   0.000018     0.000018     0.000018  flashggZHLeptonicTag
TimeReport   0.000003     0.000003     0.000003  p
TimeReport   0.000324     0.000325     0.000325  tagsDumper
TimeReport  per event     per exec    per visit  Name

T---Report end!


=============================================

MessageLogger Summary

 type     category        sev    module        subroutine        count    total
 ---- -------------------- -- ---------------- ----------------  -----    -----
    1 XrdAdaptor           -w file_open                              1        1
    2 fileAction           -s file_close                             1        1
    3 fileAction           -s file_open                              2        2

 type    category    Examples: run/evt        run/evt          run/evt
 ---- -------------------- ---------------- ---------------- ----------------
    1 XrdAdaptor           pre-events                        
    2 fileAction           PostGlobalEndRun                  
    3 fileAction           pre-events       pre-events       

Severity    # Occurrences   Total Occurrences
--------    -------------   -----------------
Warning                 1                   1
System                  3                   3

dropped waiting message count 0
