mkdir: cannot create directory '/afs/cern.ch/user/x/xisu/private/local/Analysis_workspace/VH_AC_tmp1/flashgg_d2/CMSSW_10_6_29/src/flashgg/VHAC_Analysis_Met/UL_17/UL_17_zh125': File exists
/cvmfs/cms.cern.ch/slc7_amd64_gcc700/external/py2-requests/2.21.0-pafccj2/lib/python2.7/site-packages/requests/__init__.py:91: RequestsDependencyWarning: urllib3 (1.25.2) or chardet (3.0.4) doesn't match a supported version!
  RequestsDependencyWarning)
20-Dec-2022 11:11:28 CET  Initiating request to open file root://cms-xrd-global.cern.ch//store/user/alesauva/flashgg/UL2017_3/10_6_4/VHToGG_M125_TuneCP5_13TeV-amcatnloFXFX-madspin-pythia8/UL2017_3-10_6_4-v0-RunIISummer19UL17MiniAOD-106X_mc2017_realistic_v6-v1/200722_091630/0000/myMicroAODOutputFile_1.root
%MSG-w XrdAdaptor:  file_open 20-Dec-2022 11:11:30 CET pre-events
Data is served from GRIF-IRFU instead of original site CERN-CMSGLOBAL-01
%MSG
20-Dec-2022 11:11:32 CET  Successfully opened file root://cms-xrd-global.cern.ch//store/user/alesauva/flashgg/UL2017_3/10_6_4/VHToGG_M125_TuneCP5_13TeV-amcatnloFXFX-madspin-pythia8/UL2017_3-10_6_4-v0-RunIISummer19UL17MiniAOD-106X_mc2017_realistic_v6-v1/200722_091630/0000/myMicroAODOutputFile_1.root
2022-12-20 11:27:10.097978: I tensorflow/core/platform/cpu_feature_guard.cc:140] Your CPU supports instructions that this TensorFlow binary was not compiled to use: SSE4.1 SSE4.2 AVX AVX2 FMA
Begin processing the 1st record. Run 1, Event 36, LumiSection 1 on stream 0 at 20-Dec-2022 11:28:45.446 CET
[2022-12-20 11:29:29.669230 +0100][Error  ][AsyncSock         ] [xrootd.ba.infn.it:1094 #0.0] Socket error while handshaking: [ERROR] Socket timeout
[2022-12-20 11:29:29.669487 +0100][Error  ][PostMaster        ] [xrootd.ba.infn.it:1094 #0] elapsed = 45, pConnectionWindow = 31 seconds.
[2022-12-20 11:30:14.927147 +0100][Error  ][AsyncSock         ] [xrootd.ba.infn.it:1094 #0.0] Socket error while handshaking: [ERROR] Socket timeout
[2022-12-20 11:30:14.927436 +0100][Error  ][PostMaster        ] [xrootd.ba.infn.it:1094 #0] elapsed = 45, pConnectionWindow = 31 seconds.
[2022-12-20 11:30:14.927642 +0100][Error  ][PostMaster        ] [xrootd.ba.infn.it:1094 #0] Unable to recover: [ERROR] Socket timeout.
[2022-12-20 11:30:14.927696 +0100][Error  ][XRootD            ] [xrootd.ba.infn.it:1094] Impossible to send message kXR_open (file: /store/user/alesauva/flashgg/UL2017_3/10_6_4/VHToGG_M125_TuneCP5_13TeV-amcatnloFXFX-madspin-pythia8/UL2017_3-10_6_4-v0-RunIISummer19UL17MiniAOD-106X_mc2017_realistic_v6-v1/200722_091630/0000/myMicroAODOutputFile_1.root?tried=stor95.datagrid.cea.fr, mode: 0660, flags: kXR_open_read kXR_async kXR_retstat ). Trying to recover.
Begin processing the 1001st record. Run 1, Event 4508, LumiSection 17 on stream 0 at 20-Dec-2022 11:34:17.226 CET
Begin processing the 2001st record. Run 1, Event 7753, LumiSection 29 on stream 0 at 20-Dec-2022 11:35:32.097 CET
Begin processing the 3001st record. Run 1, Event 10536, LumiSection 40 on stream 0 at 20-Dec-2022 11:36:47.331 CET
Begin processing the 4001st record. Run 1, Event 13604, LumiSection 51 on stream 0 at 20-Dec-2022 11:38:02.081 CET
[2022-12-20 11:38:39.934124 +0100][Error  ][AsyncSock         ] [xrootd.ba.infn.it:1094 #0.0] Socket error while handshaking: [ERROR] Socket timeout
[2022-12-20 11:38:39.934338 +0100][Error  ][PostMaster        ] [xrootd.ba.infn.it:1094 #0] elapsed = 45, pConnectionWindow = 31 seconds.
Begin processing the 5001st record. Run 1, Event 16508, LumiSection 62 on stream 0 at 20-Dec-2022 11:39:15.371 CET
[2022-12-20 11:39:24.028621 +0100][Error  ][AsyncSock         ] [xrootd.ba.infn.it:1094 #0.0] Socket error while handshaking: [ERROR] Socket timeout
[2022-12-20 11:39:24.028844 +0100][Error  ][PostMaster        ] [xrootd.ba.infn.it:1094 #0] elapsed = 45, pConnectionWindow = 31 seconds.
[2022-12-20 11:39:24.028877 +0100][Error  ][PostMaster        ] [xrootd.ba.infn.it:1094 #0] Unable to recover: [ERROR] Socket timeout.
[2022-12-20 11:39:24.028892 +0100][Error  ][XRootD            ] [xrootd.ba.infn.it:1094] Impossible to send message kXR_open (file: /store/user/alesauva/flashgg/UL2017_3/10_6_4/VHToGG_M125_TuneCP5_13TeV-amcatnloFXFX-madspin-pythia8/UL2017_3-10_6_4-v0-RunIISummer19UL17MiniAOD-106X_mc2017_realistic_v6-v1/200722_091630/0000/myMicroAODOutputFile_1.root?tried=stor95.datagrid.cea.fr, mode: 0660, flags: kXR_open_read kXR_async kXR_retstat ). Trying to recover.
Begin processing the 6001st record. Run 1, Event 19368, LumiSection 72 on stream 0 at 20-Dec-2022 11:40:31.736 CET
Begin processing the 7001st record. Run 1, Event 556000, LumiSection 2060 on stream 0 at 20-Dec-2022 11:41:43.321 CET
Begin processing the 8001st record. Run 1, Event 21814, LumiSection 81 on stream 0 at 20-Dec-2022 11:42:53.176 CET
[2022-12-20 11:43:18.601152 +0100][Error  ][AsyncSock         ] [xrootd.ba.infn.it:1094 #0.0] Socket error while handshaking: [ERROR] Socket timeout
[2022-12-20 11:43:18.601338 +0100][Error  ][PostMaster        ] [xrootd.ba.infn.it:1094 #0] elapsed = 45, pConnectionWindow = 31 seconds.
[2022-12-20 11:44:03.939129 +0100][Error  ][AsyncSock         ] [xrootd.ba.infn.it:1094 #0.0] Socket error while handshaking: [ERROR] Socket timeout
[2022-12-20 11:44:03.939284 +0100][Error  ][PostMaster        ] [xrootd.ba.infn.it:1094 #0] elapsed = 45, pConnectionWindow = 31 seconds.
[2022-12-20 11:44:03.939311 +0100][Error  ][PostMaster        ] [xrootd.ba.infn.it:1094 #0] Unable to recover: [ERROR] Socket timeout.
[2022-12-20 11:44:03.939327 +0100][Error  ][XRootD            ] [xrootd.ba.infn.it:1094] Impossible to send message kXR_open (file: /store/user/alesauva/flashgg/UL2017_3/10_6_4/VHToGG_M125_TuneCP5_13TeV-amcatnloFXFX-madspin-pythia8/UL2017_3-10_6_4-v0-RunIISummer19UL17MiniAOD-106X_mc2017_realistic_v6-v1/200722_091630/0000/myMicroAODOutputFile_1.root?tried=stor95.datagrid.cea.fr, mode: 0660, flags: kXR_open_read kXR_async kXR_retstat ). Trying to recover.
Begin processing the 9001st record. Run 1, Event 24719, LumiSection 92 on stream 0 at 20-Dec-2022 11:44:16.343 CET
Begin processing the 10001st record. Run 1, Event 27527, LumiSection 102 on stream 0 at 20-Dec-2022 11:45:37.740 CET
Begin processing the 11001st record. Run 1, Event 32873, LumiSection 122 on stream 0 at 20-Dec-2022 11:46:49.290 CET
Begin processing the 12001st record. Run 1, Event 1113008, LumiSection 4123 on stream 0 at 20-Dec-2022 11:47:58.809 CET
[2022-12-20 11:48:16.378157 +0100][Error  ][AsyncSock         ] [xrootd.ba.infn.it:1094 #0.0] Socket error while handshaking: [ERROR] Socket timeout
[2022-12-20 11:48:16.378337 +0100][Error  ][PostMaster        ] [xrootd.ba.infn.it:1094 #0] elapsed = 45, pConnectionWindow = 31 seconds.
[2022-12-20 11:49:01.313131 +0100][Error  ][AsyncSock         ] [xrootd.ba.infn.it:1094 #0.0] Socket error while handshaking: [ERROR] Socket timeout
[2022-12-20 11:49:01.313300 +0100][Error  ][PostMaster        ] [xrootd.ba.infn.it:1094 #0] elapsed = 45, pConnectionWindow = 31 seconds.
[2022-12-20 11:49:01.313327 +0100][Error  ][PostMaster        ] [xrootd.ba.infn.it:1094 #0] Unable to recover: [ERROR] Socket timeout.
[2022-12-20 11:49:01.313347 +0100][Error  ][XRootD            ] [xrootd.ba.infn.it:1094] Impossible to send message kXR_open (file: /store/user/alesauva/flashgg/UL2017_3/10_6_4/VHToGG_M125_TuneCP5_13TeV-amcatnloFXFX-madspin-pythia8/UL2017_3-10_6_4-v0-RunIISummer19UL17MiniAOD-106X_mc2017_realistic_v6-v1/200722_091630/0000/myMicroAODOutputFile_1.root?tried=stor95.datagrid.cea.fr, mode: 0660, flags: kXR_open_read kXR_async kXR_retstat ). Trying to recover.
Begin processing the 13001st record. Run 1, Event 43602, LumiSection 162 on stream 0 at 20-Dec-2022 11:49:20.996 CET
Begin processing the 14001st record. Run 1, Event 48024, LumiSection 178 on stream 0 at 20-Dec-2022 11:50:30.192 CET
Begin processing the 15001st record. Run 1, Event 50425, LumiSection 187 on stream 0 at 20-Dec-2022 11:51:38.652 CET
Begin processing the 16001st record. Run 1, Event 53401, LumiSection 198 on stream 0 at 20-Dec-2022 11:52:51.818 CET
[2022-12-20 11:52:55.875165 +0100][Error  ][AsyncSock         ] [xrootd.ba.infn.it:1094 #0.0] Socket error while handshaking: [ERROR] Socket timeout
[2022-12-20 11:52:55.875396 +0100][Error  ][PostMaster        ] [xrootd.ba.infn.it:1094 #0] elapsed = 45, pConnectionWindow = 31 seconds.
[2022-12-20 11:53:40.513035 +0100][Error  ][AsyncSock         ] [xrootd.ba.infn.it:1094 #0.0] Socket error while handshaking: [ERROR] Socket timeout
[2022-12-20 11:53:40.513161 +0100][Error  ][PostMaster        ] [xrootd.ba.infn.it:1094 #0] elapsed = 45, pConnectionWindow = 31 seconds.
[2022-12-20 11:53:40.513179 +0100][Error  ][PostMaster        ] [xrootd.ba.infn.it:1094 #0] Unable to recover: [ERROR] Socket timeout.
[2022-12-20 11:53:40.513189 +0100][Error  ][XRootD            ] [xrootd.ba.infn.it:1094] Impossible to send message kXR_open (file: /store/user/alesauva/flashgg/UL2017_3/10_6_4/VHToGG_M125_TuneCP5_13TeV-amcatnloFXFX-madspin-pythia8/UL2017_3-10_6_4-v0-RunIISummer19UL17MiniAOD-106X_mc2017_realistic_v6-v1/200722_091630/0000/myMicroAODOutputFile_1.root?tried=stor95.datagrid.cea.fr, mode: 0660, flags: kXR_open_read kXR_async kXR_retstat ). Trying to recover.
Begin processing the 17001st record. Run 1, Event 56526, LumiSection 210 on stream 0 at 20-Dec-2022 11:53:54.947 CET
Begin processing the 18001st record. Run 1, Event 59369, LumiSection 220 on stream 0 at 20-Dec-2022 11:55:20.131 CET
Begin processing the 19001st record. Run 1, Event 1181109, LumiSection 4375 on stream 0 at 20-Dec-2022 11:56:38.519 CET
[2022-12-20 11:57:45.843136 +0100][Error  ][AsyncSock         ] [xrootd.ba.infn.it:1094 #0.0] Socket error while handshaking: [ERROR] Socket timeout
[2022-12-20 11:57:45.843272 +0100][Error  ][PostMaster        ] [xrootd.ba.infn.it:1094 #0] elapsed = 45, pConnectionWindow = 31 seconds.
Begin processing the 20001st record. Run 1, Event 1184269, LumiSection 4387 on stream 0 at 20-Dec-2022 11:57:48.489 CET
[2022-12-20 11:58:30.608189 +0100][Error  ][AsyncSock         ] [xrootd.ba.infn.it:1094 #0.0] Socket error while handshaking: [ERROR] Socket timeout
[2022-12-20 11:58:30.608374 +0100][Error  ][PostMaster        ] [xrootd.ba.infn.it:1094 #0] elapsed = 45, pConnectionWindow = 31 seconds.
[2022-12-20 11:58:30.608397 +0100][Error  ][PostMaster        ] [xrootd.ba.infn.it:1094 #0] Unable to recover: [ERROR] Socket timeout.
[2022-12-20 11:58:30.608411 +0100][Error  ][XRootD            ] [xrootd.ba.infn.it:1094] Impossible to send message kXR_open (file: /store/user/alesauva/flashgg/UL2017_3/10_6_4/VHToGG_M125_TuneCP5_13TeV-amcatnloFXFX-madspin-pythia8/UL2017_3-10_6_4-v0-RunIISummer19UL17MiniAOD-106X_mc2017_realistic_v6-v1/200722_091630/0000/myMicroAODOutputFile_1.root?tried=stor95.datagrid.cea.fr, mode: 0660, flags: kXR_open_read kXR_async kXR_retstat ). Trying to recover.
Begin processing the 21001st record. Run 1, Event 1187432, LumiSection 4398 on stream 0 at 20-Dec-2022 11:59:07.943 CET
Begin processing the 22001st record. Run 1, Event 591190, LumiSection 2190 on stream 0 at 20-Dec-2022 12:00:08.678 CET
Begin processing the 23001st record. Run 1, Event 596146, LumiSection 2208 on stream 0 at 20-Dec-2022 12:01:24.454 CET
[2022-12-20 12:02:24.137194 +0100][Error  ][AsyncSock         ] [xrootd.ba.infn.it:1094 #0.0] Socket error while handshaking: [ERROR] Socket timeout
[2022-12-20 12:02:24.137357 +0100][Error  ][PostMaster        ] [xrootd.ba.infn.it:1094 #0] elapsed = 45, pConnectionWindow = 31 seconds.
Begin processing the 24001st record. Run 1, Event 1153272, LumiSection 4272 on stream 0 at 20-Dec-2022 12:02:36.358 CET
[2022-12-20 12:03:09.670226 +0100][Error  ][AsyncSock         ] [xrootd.ba.infn.it:1094 #0.0] Socket error while handshaking: [ERROR] Socket timeout
[2022-12-20 12:03:09.670391 +0100][Error  ][PostMaster        ] [xrootd.ba.infn.it:1094 #0] elapsed = 45, pConnectionWindow = 31 seconds.
[2022-12-20 12:03:09.670415 +0100][Error  ][PostMaster        ] [xrootd.ba.infn.it:1094 #0] Unable to recover: [ERROR] Socket timeout.
[2022-12-20 12:03:09.670436 +0100][Error  ][XRootD            ] [xrootd.ba.infn.it:1094] Impossible to send message kXR_open (file: /store/user/alesauva/flashgg/UL2017_3/10_6_4/VHToGG_M125_TuneCP5_13TeV-amcatnloFXFX-madspin-pythia8/UL2017_3-10_6_4-v0-RunIISummer19UL17MiniAOD-106X_mc2017_realistic_v6-v1/200722_091630/0000/myMicroAODOutputFile_1.root?tried=stor95.datagrid.cea.fr, mode: 0660, flags: kXR_open_read kXR_async kXR_retstat ). Trying to recover.
20-Dec-2022 12:03:37 CET  Closed file root://cms-xrd-global.cern.ch//store/user/alesauva/flashgg/UL2017_3/10_6_4/VHToGG_M125_TuneCP5_13TeV-amcatnloFXFX-madspin-pythia8/UL2017_3-10_6_4-v0-RunIISummer19UL17MiniAOD-106X_mc2017_realistic_v6-v1/200722_091630/0000/myMicroAODOutputFile_1.root

TrigReport ---------- Event  Summary ------------
TrigReport Events total = 24901 passed = 8824 failed = 16077

TrigReport ---------- Path   Summary ------------
TrigReport  Trig Bit#   Executed     Passed     Failed      Error Name
TrigReport     1    0      24901       8824      16077          0 p

TrigReport -------End-Path   Summary ------------
TrigReport  Trig Bit#   Executed     Passed     Failed      Error Name

TrigReport ---------- Modules in Path: p ------------
TrigReport  Trig Bit#    Visited     Passed     Failed      Error Name
TrigReport     1    0      24901      24787        114          0 flashggMetFilters
TrigReport     1    1      24787       8824      15963          0 VHFilter
TrigReport     1    2       8824       8824          0          0 flashggDifferentialPhoIdInputsCorrection
TrigReport     1    3       8824       8824          0          0 flashggDiPhotonSystematics
TrigReport     1    4       8824       8824          0          0 flashggMetSystematics
TrigReport     1    5       8824       8824          0          0 flashggMuonSystematics
TrigReport     1    6       8824       8824          0          0 flashggElectronSystematics
TrigReport     1    7       8824       8824          0          0 flashggUnpackedJets
TrigReport     1    8       8824       8824          0          0 flashggJetSystematics0
TrigReport     1    9       8824       8824          0          0 flashggJetSystematics1
TrigReport     1   10       8824       8824          0          0 flashggJetSystematics2
TrigReport     1   11       8824       8824          0          0 flashggJetSystematics3
TrigReport     1   12       8824       8824          0          0 flashggJetSystematics4
TrigReport     1   13       8824       8824          0          0 flashggJetSystematics5
TrigReport     1   14       8824       8824          0          0 flashggJetSystematics6
TrigReport     1   15       8824       8824          0          0 flashggJetSystematics7
TrigReport     1   16       8824       8824          0          0 flashggJetSystematics8
TrigReport     1   17       8824       8824          0          0 flashggJetSystematics9
TrigReport     1   18       8824       8824          0          0 flashggJetSystematics10
TrigReport     1   19       8824       8824          0          0 flashggJetSystematics11
TrigReport     1   20       8824       8824          0          0 flashggPrefireDiPhotons
TrigReport     1   21       8824       8824          0          0 flashggPreselectedDiPhotons
TrigReport     1   22       8824       8824          0          0 flashggDiPhotonMVA
TrigReport     1   23       8824       8824          0          0 flashggVBFMVA
TrigReport     1   24       8824       8824          0          0 flashggVHhadMVA
TrigReport     1   25       8824       8824          0          0 flashggGluGluHMVA
TrigReport     1   26       8824       8824          0          0 flashggStageOneCombinedTag
TrigReport     1   27       8824       8824          0          0 flashggTHQLeptonicTag
TrigReport     1   28       8824       8824          0          0 flashggVHMetTag
TrigReport     1   29       8824       8824          0          0 flashggWHLeptonicTag
TrigReport     1   30       8824       8824          0          0 flashggZHLeptonicTag
TrigReport     1   31       8824       8824          0          0 flashggTTHLeptonicTag
TrigReport     1   32       8824       8824          0          0 flashggTTHHadronicTag
TrigReport     1   33       8824       8824          0          0 flashggTagSorter
TrigReport     1   34       8824       8824          0          0 flashggSystTagMerger
TrigReport     1   35       8824       8824          0          0 tagsDumper

TrigReport ---------- Module Summary ------------
TrigReport    Visited   Executed     Passed     Failed      Error Name
TrigReport      24901      24901      24901          0          0 TriggerResults
TrigReport      24787      24787       8824      15963          0 VHFilter
TrigReport       8824       8824       8824          0          0 ak4PFCHSL1FastL2L3Corrector
TrigReport       8824       8824       8824          0          0 ak4PFCHSL1FastjetCorrector
TrigReport       8824       8824       8824          0          0 ak4PFCHSL2RelativeCorrector
TrigReport       8824       8824       8824          0          0 ak4PFCHSL3AbsoluteCorrector
TrigReport       8824       8824       8824          0          0 flashggDiPhotonMVA
TrigReport       8824       8824       8824          0          0 flashggDiPhotonSystematics
TrigReport       8824       8824       8824          0          0 flashggDifferentialPhoIdInputsCorrection
TrigReport       8824       8824       8824          0          0 flashggElectronSystematics
TrigReport       8824       8824       8824          0          0 flashggGluGluHMVA
TrigReport       8824       8824       8824          0          0 flashggJetSystematics0
TrigReport       8824       8824       8824          0          0 flashggJetSystematics1
TrigReport       8824       8824       8824          0          0 flashggJetSystematics10
TrigReport       8824       8824       8824          0          0 flashggJetSystematics11
TrigReport       8824       8824       8824          0          0 flashggJetSystematics2
TrigReport       8824       8824       8824          0          0 flashggJetSystematics3
TrigReport       8824       8824       8824          0          0 flashggJetSystematics4
TrigReport       8824       8824       8824          0          0 flashggJetSystematics5
TrigReport       8824       8824       8824          0          0 flashggJetSystematics6
TrigReport       8824       8824       8824          0          0 flashggJetSystematics7
TrigReport       8824       8824       8824          0          0 flashggJetSystematics8
TrigReport       8824       8824       8824          0          0 flashggJetSystematics9
TrigReport      24901      24901      24787        114          0 flashggMetFilters
TrigReport       8824       8824       8824          0          0 flashggMetSystematics
TrigReport       8824       8824       8824          0          0 flashggMuonSystematics
TrigReport       8824       8824       8824          0          0 flashggPrefireDiPhotons
TrigReport       8824       8824       8824          0          0 flashggPreselectedDiPhotons
TrigReport       8824       8824       8824          0          0 flashggStageOneCombinedTag
TrigReport       8824       8824       8824          0          0 flashggSystTagMerger
TrigReport       8824       8824       8824          0          0 flashggTHQLeptonicTag
TrigReport       8824       8824       8824          0          0 flashggTTHHadronicTag
TrigReport       8824       8824       8824          0          0 flashggTTHLeptonicTag
TrigReport       8824       8824       8824          0          0 flashggTagSorter
TrigReport       8824       8824       8824          0          0 flashggUnpackedJets
TrigReport       8824       8824       8824          0          0 flashggVBFMVA
TrigReport       8824       8824       8824          0          0 flashggVHMetTag
TrigReport       8824       8824       8824          0          0 flashggVHhadMVA
TrigReport       8824       8824       8824          0          0 flashggWHLeptonicTag
TrigReport       8824       8824       8824          0          0 flashggZHLeptonicTag
TrigReport      24901      24901      24901          0          0 p
TrigReport       8824       8824       8824          0          0 tagsDumper

TimeReport ---------- Event  Summary ---[sec]----
TimeReport       event loop CPU/event = 0.082985
TimeReport      event loop Real/event = 0.084027
TimeReport     sum Streams Real/event = 0.081233
TimeReport efficiency CPU/Real/thread = 0.987599

TimeReport ---------- Path   Summary ---[Real sec]----
TimeReport  per event     per exec  Name
TimeReport   0.080788     0.080788  p
TimeReport  per event     per exec  Name

TimeReport -------End-Path   Summary ---[Real sec]----
TimeReport  per event     per exec  Name
TimeReport  per event     per exec  Name

TimeReport ---------- Modules in Path: p ---[Real sec]----
TimeReport  per event    per visit  Name
TimeReport   0.000020     0.000020  flashggMetFilters
TimeReport   0.000009     0.000009  VHFilter
TimeReport   0.036875     0.104060  flashggDifferentialPhoIdInputsCorrection
TimeReport   0.032585     0.091952  flashggDiPhotonSystematics
TimeReport   0.000118     0.000333  flashggMetSystematics
TimeReport   0.000016     0.000047  flashggMuonSystematics
TimeReport   0.000024     0.000068  flashggElectronSystematics
TimeReport   0.000188     0.000530  flashggUnpackedJets
TimeReport   0.003021     0.008525  flashggJetSystematics0
TimeReport   0.000477     0.001345  flashggJetSystematics1
TimeReport   0.000415     0.001171  flashggJetSystematics2
TimeReport   0.000400     0.001128  flashggJetSystematics3
TimeReport   0.000390     0.001101  flashggJetSystematics4
TimeReport   0.000390     0.001102  flashggJetSystematics5
TimeReport   0.000387     0.001091  flashggJetSystematics6
TimeReport   0.000383     0.001080  flashggJetSystematics7
TimeReport   0.000383     0.001082  flashggJetSystematics8
TimeReport   0.000381     0.001076  flashggJetSystematics9
TimeReport   0.000381     0.001076  flashggJetSystematics10
TimeReport   0.000379     0.001069  flashggJetSystematics11
TimeReport   0.000240     0.000676  flashggPrefireDiPhotons
TimeReport   0.000066     0.000185  flashggPreselectedDiPhotons
TimeReport   0.000013     0.000037  flashggDiPhotonMVA
TimeReport   0.000015     0.000043  flashggVBFMVA
TimeReport   0.000009     0.000026  flashggVHhadMVA
TimeReport   0.000024     0.000069  flashggGluGluHMVA
TimeReport   0.000016     0.000047  flashggStageOneCombinedTag
TimeReport   0.000172     0.000486  flashggTHQLeptonicTag
TimeReport   0.000133     0.000374  flashggVHMetTag
TimeReport   0.000016     0.000044  flashggWHLeptonicTag
TimeReport   0.000012     0.000034  flashggZHLeptonicTag
TimeReport   0.000052     0.000147  flashggTTHLeptonicTag
TimeReport   0.000902     0.002547  flashggTTHHadronicTag
TimeReport   0.000048     0.000135  flashggTagSorter
TimeReport   0.000002     0.000006  flashggSystTagMerger
TimeReport   0.000203     0.000573  tagsDumper
TimeReport  per event    per visit  Name

TimeReport ---------- Module Summary ---[Real sec]----
TimeReport  per event     per exec    per visit  Name
TimeReport   0.000003     0.000003     0.000003  TriggerResults
TimeReport   0.000009     0.000009     0.000009  VHFilter
TimeReport   0.000002     0.000005     0.000005  ak4PFCHSL1FastL2L3Corrector
TimeReport   0.000002     0.000005     0.000005  ak4PFCHSL1FastjetCorrector
TimeReport   0.000001     0.000003     0.000003  ak4PFCHSL2RelativeCorrector
TimeReport   0.000005     0.000015     0.000015  ak4PFCHSL3AbsoluteCorrector
TimeReport   0.000013     0.000037     0.000037  flashggDiPhotonMVA
TimeReport   0.032585     0.091952     0.091952  flashggDiPhotonSystematics
TimeReport   0.036875     0.104060     0.104060  flashggDifferentialPhoIdInputsCorrection
TimeReport   0.000024     0.000068     0.000068  flashggElectronSystematics
TimeReport   0.000024     0.000069     0.000069  flashggGluGluHMVA
TimeReport   0.003021     0.008525     0.008525  flashggJetSystematics0
TimeReport   0.000477     0.001345     0.001345  flashggJetSystematics1
TimeReport   0.000381     0.001076     0.001076  flashggJetSystematics10
TimeReport   0.000379     0.001069     0.001069  flashggJetSystematics11
TimeReport   0.000415     0.001171     0.001171  flashggJetSystematics2
TimeReport   0.000400     0.001128     0.001128  flashggJetSystematics3
TimeReport   0.000390     0.001101     0.001101  flashggJetSystematics4
TimeReport   0.000390     0.001102     0.001102  flashggJetSystematics5
TimeReport   0.000387     0.001091     0.001091  flashggJetSystematics6
TimeReport   0.000383     0.001080     0.001080  flashggJetSystematics7
TimeReport   0.000383     0.001082     0.001082  flashggJetSystematics8
TimeReport   0.000381     0.001076     0.001076  flashggJetSystematics9
TimeReport   0.000020     0.000020     0.000020  flashggMetFilters
TimeReport   0.000118     0.000333     0.000333  flashggMetSystematics
TimeReport   0.000016     0.000047     0.000047  flashggMuonSystematics
TimeReport   0.000240     0.000676     0.000676  flashggPrefireDiPhotons
TimeReport   0.000066     0.000185     0.000185  flashggPreselectedDiPhotons
TimeReport   0.000016     0.000047     0.000047  flashggStageOneCombinedTag
TimeReport   0.000002     0.000006     0.000006  flashggSystTagMerger
TimeReport   0.000172     0.000486     0.000486  flashggTHQLeptonicTag
TimeReport   0.000902     0.002547     0.002547  flashggTTHHadronicTag
TimeReport   0.000052     0.000147     0.000147  flashggTTHLeptonicTag
TimeReport   0.000048     0.000135     0.000135  flashggTagSorter
TimeReport   0.000188     0.000530     0.000530  flashggUnpackedJets
TimeReport   0.000015     0.000043     0.000043  flashggVBFMVA
TimeReport   0.000133     0.000374     0.000374  flashggVHMetTag
TimeReport   0.000009     0.000026     0.000026  flashggVHhadMVA
TimeReport   0.000016     0.000044     0.000044  flashggWHLeptonicTag
TimeReport   0.000012     0.000034     0.000034  flashggZHLeptonicTag
TimeReport   0.000004     0.000004     0.000004  p
TimeReport   0.000203     0.000573     0.000573  tagsDumper
TimeReport  per event     per exec    per visit  Name

T---Report end!


=============================================

MessageLogger Summary

 type     category        sev    module        subroutine        count    total
 ---- -------------------- -- ---------------- ----------------  -----    -----
    1 XrdAdaptor           -w file_open                              1        1
    2 fileAction           -s file_close                             1        1
    3 fileAction           -s file_open                              2        2

 type    category    Examples: run/evt        run/evt          run/evt
 ---- -------------------- ---------------- ---------------- ----------------
    1 XrdAdaptor           pre-events                        
    2 fileAction           PostGlobalEndRun                  
    3 fileAction           pre-events       pre-events       

Severity    # Occurrences   Total Occurrences
--------    -------------   -----------------
Warning                 1                   1
System                  3                   3

dropped waiting message count 0
