mkdir: cannot create directory '/afs/cern.ch/user/x/xisu/private/local/Analysis_workspace/VH_AC_tmp1/flashgg_d2/CMSSW_10_6_29/src/flashgg/VHAC_Analysis_Met/UL_17/UL_17_zh125': File exists
/cvmfs/cms.cern.ch/slc7_amd64_gcc700/external/py2-requests/2.21.0-pafccj2/lib/python2.7/site-packages/requests/__init__.py:91: RequestsDependencyWarning: urllib3 (1.25.2) or chardet (3.0.4) doesn't match a supported version!
  RequestsDependencyWarning)
20-Dec-2022 11:11:08 CET  Initiating request to open file root://cms-xrd-global.cern.ch//store/user/alesauva/flashgg/UL2017_3/10_6_4/VHToGG_M125_TuneCP5_13TeV-amcatnloFXFX-madspin-pythia8/UL2017_3-10_6_4-v0-RunIISummer19UL17MiniAOD-106X_mc2017_realistic_v6-v1/200718_083214/0000/myMicroAODOutputFile_14.root
%MSG-w XrdAdaptor:  file_open 20-Dec-2022 11:11:11 CET pre-events
Data is served from GRIF-IRFU instead of original site CERN-CMSGLOBAL-01
%MSG
20-Dec-2022 11:11:13 CET  Successfully opened file root://cms-xrd-global.cern.ch//store/user/alesauva/flashgg/UL2017_3/10_6_4/VHToGG_M125_TuneCP5_13TeV-amcatnloFXFX-madspin-pythia8/UL2017_3-10_6_4-v0-RunIISummer19UL17MiniAOD-106X_mc2017_realistic_v6-v1/200718_083214/0000/myMicroAODOutputFile_14.root
2022-12-20 11:26:53.095391: I tensorflow/core/platform/cpu_feature_guard.cc:140] Your CPU supports instructions that this TensorFlow binary was not compiled to use: SSE4.1 SSE4.2 AVX AVX2 FMA
Begin processing the 1st record. Run 1, Event 909094, LumiSection 3368 on stream 0 at 20-Dec-2022 11:28:23.984 CET
[2022-12-20 11:29:08.205064 +0100][Error  ][AsyncSock         ] [xrootd.ba.infn.it:1094 #0.0] Socket error while handshaking: [ERROR] Socket timeout
[2022-12-20 11:29:08.205417 +0100][Error  ][PostMaster        ] [xrootd.ba.infn.it:1094 #0] elapsed = 45, pConnectionWindow = 31 seconds.
[2022-12-20 11:29:53.465901 +0100][Error  ][AsyncSock         ] [xrootd.ba.infn.it:1094 #0.0] Socket error while handshaking: [ERROR] Socket timeout
[2022-12-20 11:29:53.466057 +0100][Error  ][PostMaster        ] [xrootd.ba.infn.it:1094 #0] elapsed = 45, pConnectionWindow = 31 seconds.
[2022-12-20 11:29:53.466098 +0100][Error  ][PostMaster        ] [xrootd.ba.infn.it:1094 #0] Unable to recover: [ERROR] Socket timeout.
[2022-12-20 11:29:53.466159 +0100][Error  ][XRootD            ] [xrootd.ba.infn.it:1094] Impossible to send message kXR_open (file: /store/user/alesauva/flashgg/UL2017_3/10_6_4/VHToGG_M125_TuneCP5_13TeV-amcatnloFXFX-madspin-pythia8/UL2017_3-10_6_4-v0-RunIISummer19UL17MiniAOD-106X_mc2017_realistic_v6-v1/200718_083214/0000/myMicroAODOutputFile_14.root?tried=stor95.datagrid.cea.fr, mode: 0660, flags: kXR_open_read kXR_async kXR_retstat ). Trying to recover.
Begin processing the 1001st record. Run 1, Event 1277306, LumiSection 4731 on stream 0 at 20-Dec-2022 11:34:02.807 CET
Begin processing the 2001st record. Run 1, Event 379250, LumiSection 1405 on stream 0 at 20-Dec-2022 11:35:23.979 CET
Begin processing the 3001st record. Run 1, Event 350078, LumiSection 1297 on stream 0 at 20-Dec-2022 11:36:36.826 CET
Begin processing the 4001st record. Run 1, Event 353022, LumiSection 1308 on stream 0 at 20-Dec-2022 11:37:53.403 CET
[2022-12-20 11:38:32.781957 +0100][Error  ][AsyncSock         ] [xrootd.ba.infn.it:1094 #0.0] Socket error while handshaking: [ERROR] Socket timeout
[2022-12-20 11:38:32.782135 +0100][Error  ][PostMaster        ] [xrootd.ba.infn.it:1094 #0] elapsed = 45, pConnectionWindow = 31 seconds.
Begin processing the 5001st record. Run 1, Event 355974, LumiSection 1319 on stream 0 at 20-Dec-2022 11:39:07.931 CET
[2022-12-20 11:39:17.899112 +0100][Error  ][AsyncSock         ] [xrootd.ba.infn.it:1094 #0.0] Socket error while handshaking: [ERROR] Socket timeout
[2022-12-20 11:39:17.899294 +0100][Error  ][PostMaster        ] [xrootd.ba.infn.it:1094 #0] elapsed = 45, pConnectionWindow = 31 seconds.
[2022-12-20 11:39:17.899322 +0100][Error  ][PostMaster        ] [xrootd.ba.infn.it:1094 #0] Unable to recover: [ERROR] Socket timeout.
[2022-12-20 11:39:17.899338 +0100][Error  ][XRootD            ] [xrootd.ba.infn.it:1094] Impossible to send message kXR_open (file: /store/user/alesauva/flashgg/UL2017_3/10_6_4/VHToGG_M125_TuneCP5_13TeV-amcatnloFXFX-madspin-pythia8/UL2017_3-10_6_4-v0-RunIISummer19UL17MiniAOD-106X_mc2017_realistic_v6-v1/200718_083214/0000/myMicroAODOutputFile_14.root?tried=stor95.datagrid.cea.fr, mode: 0660, flags: kXR_open_read kXR_async kXR_retstat ). Trying to recover.
Begin processing the 6001st record. Run 1, Event 420736, LumiSection 1559 on stream 0 at 20-Dec-2022 11:40:23.820 CET
Begin processing the 7001st record. Run 1, Event 423790, LumiSection 1570 on stream 0 at 20-Dec-2022 11:41:30.060 CET
Begin processing the 8001st record. Run 1, Event 426891, LumiSection 1582 on stream 0 at 20-Dec-2022 11:42:36.726 CET
[2022-12-20 11:43:10.748963 +0100][Error  ][AsyncSock         ] [xrootd.ba.infn.it:1094 #0.0] Socket error while handshaking: [ERROR] Socket timeout
[2022-12-20 11:43:10.749115 +0100][Error  ][PostMaster        ] [xrootd.ba.infn.it:1094 #0] elapsed = 45, pConnectionWindow = 31 seconds.
Begin processing the 9001st record. Run 1, Event 914777, LumiSection 3389 on stream 0 at 20-Dec-2022 11:43:53.266 CET
[2022-12-20 11:43:55.806871 +0100][Error  ][AsyncSock         ] [xrootd.ba.infn.it:1094 #0.0] Socket error while handshaking: [ERROR] Socket timeout
[2022-12-20 11:43:55.807015 +0100][Error  ][PostMaster        ] [xrootd.ba.infn.it:1094 #0] elapsed = 45, pConnectionWindow = 31 seconds.
[2022-12-20 11:43:55.807036 +0100][Error  ][PostMaster        ] [xrootd.ba.infn.it:1094 #0] Unable to recover: [ERROR] Socket timeout.
[2022-12-20 11:43:55.807050 +0100][Error  ][XRootD            ] [xrootd.ba.infn.it:1094] Impossible to send message kXR_open (file: /store/user/alesauva/flashgg/UL2017_3/10_6_4/VHToGG_M125_TuneCP5_13TeV-amcatnloFXFX-madspin-pythia8/UL2017_3-10_6_4-v0-RunIISummer19UL17MiniAOD-106X_mc2017_realistic_v6-v1/200718_083214/0000/myMicroAODOutputFile_14.root?tried=stor95.datagrid.cea.fr, mode: 0660, flags: kXR_open_read kXR_async kXR_retstat ). Trying to recover.
Begin processing the 10001st record. Run 1, Event 930063, LumiSection 3445 on stream 0 at 20-Dec-2022 11:45:19.792 CET
Begin processing the 11001st record. Run 1, Event 536034, LumiSection 1986 on stream 0 at 20-Dec-2022 11:46:43.090 CET
Begin processing the 12001st record. Run 1, Event 961986, LumiSection 3563 on stream 0 at 20-Dec-2022 11:48:00.750 CET
[2022-12-20 11:48:21.256883 +0100][Error  ][AsyncSock         ] [xrootd.ba.infn.it:1094 #0.0] Socket error while handshaking: [ERROR] Socket timeout
[2022-12-20 11:48:21.257055 +0100][Error  ][PostMaster        ] [xrootd.ba.infn.it:1094 #0] elapsed = 45, pConnectionWindow = 31 seconds.
[2022-12-20 11:49:06.472903 +0100][Error  ][AsyncSock         ] [xrootd.ba.infn.it:1094 #0.0] Socket error while handshaking: [ERROR] Socket timeout
[2022-12-20 11:49:06.473057 +0100][Error  ][PostMaster        ] [xrootd.ba.infn.it:1094 #0] elapsed = 45, pConnectionWindow = 31 seconds.
[2022-12-20 11:49:06.473086 +0100][Error  ][PostMaster        ] [xrootd.ba.infn.it:1094 #0] Unable to recover: [ERROR] Socket timeout.
[2022-12-20 11:49:06.473104 +0100][Error  ][XRootD            ] [xrootd.ba.infn.it:1094] Impossible to send message kXR_open (file: /store/user/alesauva/flashgg/UL2017_3/10_6_4/VHToGG_M125_TuneCP5_13TeV-amcatnloFXFX-madspin-pythia8/UL2017_3-10_6_4-v0-RunIISummer19UL17MiniAOD-106X_mc2017_realistic_v6-v1/200718_083214/0000/myMicroAODOutputFile_14.root?tried=stor95.datagrid.cea.fr, mode: 0660, flags: kXR_open_read kXR_async kXR_retstat ). Trying to recover.
Begin processing the 13001st record. Run 1, Event 346750, LumiSection 1285 on stream 0 at 20-Dec-2022 11:49:14.266 CET
Begin processing the 14001st record. Run 1, Event 349644, LumiSection 1295 on stream 0 at 20-Dec-2022 11:50:42.898 CET
Begin processing the 15001st record. Run 1, Event 382529, LumiSection 1417 on stream 0 at 20-Dec-2022 11:51:57.046 CET
Begin processing the 16001st record. Run 1, Event 385039, LumiSection 1427 on stream 0 at 20-Dec-2022 11:53:07.981 CET
[2022-12-20 11:53:25.945888 +0100][Error  ][AsyncSock         ] [xrootd.ba.infn.it:1094 #0.0] Socket error while handshaking: [ERROR] Socket timeout
[2022-12-20 11:53:25.946099 +0100][Error  ][PostMaster        ] [xrootd.ba.infn.it:1094 #0] elapsed = 45, pConnectionWindow = 31 seconds.
[2022-12-20 11:54:10.221913 +0100][Error  ][AsyncSock         ] [xrootd.ba.infn.it:1094 #0.0] Socket error while handshaking: [ERROR] Socket timeout
[2022-12-20 11:54:10.222071 +0100][Error  ][PostMaster        ] [xrootd.ba.infn.it:1094 #0] elapsed = 45, pConnectionWindow = 31 seconds.
[2022-12-20 11:54:10.222096 +0100][Error  ][PostMaster        ] [xrootd.ba.infn.it:1094 #0] Unable to recover: [ERROR] Socket timeout.
[2022-12-20 11:54:10.222111 +0100][Error  ][XRootD            ] [xrootd.ba.infn.it:1094] Impossible to send message kXR_open (file: /store/user/alesauva/flashgg/UL2017_3/10_6_4/VHToGG_M125_TuneCP5_13TeV-amcatnloFXFX-madspin-pythia8/UL2017_3-10_6_4-v0-RunIISummer19UL17MiniAOD-106X_mc2017_realistic_v6-v1/200718_083214/0000/myMicroAODOutputFile_14.root?tried=stor95.datagrid.cea.fr, mode: 0660, flags: kXR_open_read kXR_async kXR_retstat ). Trying to recover.
Begin processing the 17001st record. Run 1, Event 387858, LumiSection 1437 on stream 0 at 20-Dec-2022 11:54:20.625 CET
Begin processing the 18001st record. Run 1, Event 1091909, LumiSection 4045 on stream 0 at 20-Dec-2022 11:55:42.328 CET
Begin processing the 19001st record. Run 1, Event 968397, LumiSection 3587 on stream 0 at 20-Dec-2022 11:57:00.833 CET
Begin processing the 20001st record. Run 1, Event 391361, LumiSection 1450 on stream 0 at 20-Dec-2022 11:58:17.806 CET
[2022-12-20 11:58:28.888365 +0100][Error  ][AsyncSock         ] [xrootd.ba.infn.it:1094 #0.0] Socket error while handshaking: [ERROR] Socket timeout
[2022-12-20 11:58:28.888601 +0100][Error  ][PostMaster        ] [xrootd.ba.infn.it:1094 #0] elapsed = 45, pConnectionWindow = 31 seconds.
[2022-12-20 11:59:13.112932 +0100][Error  ][AsyncSock         ] [xrootd.ba.infn.it:1094 #0.0] Socket error while handshaking: [ERROR] Socket timeout
[2022-12-20 11:59:13.113100 +0100][Error  ][PostMaster        ] [xrootd.ba.infn.it:1094 #0] elapsed = 45, pConnectionWindow = 31 seconds.
[2022-12-20 11:59:13.113126 +0100][Error  ][PostMaster        ] [xrootd.ba.infn.it:1094 #0] Unable to recover: [ERROR] Socket timeout.
[2022-12-20 11:59:13.113143 +0100][Error  ][XRootD            ] [xrootd.ba.infn.it:1094] Impossible to send message kXR_open (file: /store/user/alesauva/flashgg/UL2017_3/10_6_4/VHToGG_M125_TuneCP5_13TeV-amcatnloFXFX-madspin-pythia8/UL2017_3-10_6_4-v0-RunIISummer19UL17MiniAOD-106X_mc2017_realistic_v6-v1/200718_083214/0000/myMicroAODOutputFile_14.root?tried=stor95.datagrid.cea.fr, mode: 0660, flags: kXR_open_read kXR_async kXR_retstat ). Trying to recover.
Begin processing the 21001st record. Run 1, Event 394086, LumiSection 1460 on stream 0 at 20-Dec-2022 11:59:24.301 CET
Begin processing the 22001st record. Run 1, Event 398142, LumiSection 1475 on stream 0 at 20-Dec-2022 12:00:45.780 CET
Begin processing the 23001st record. Run 1, Event 1027589, LumiSection 3806 on stream 0 at 20-Dec-2022 12:02:05.106 CET
Begin processing the 24001st record. Run 1, Event 480326, LumiSection 1779 on stream 0 at 20-Dec-2022 12:03:21.090 CET
[2022-12-20 12:03:21.159944 +0100][Error  ][AsyncSock         ] [xrootd.ba.infn.it:1094 #0.0] Socket error while handshaking: [ERROR] Socket timeout
[2022-12-20 12:03:21.160104 +0100][Error  ][PostMaster        ] [xrootd.ba.infn.it:1094 #0] elapsed = 45, pConnectionWindow = 31 seconds.
[2022-12-20 12:04:06.515384 +0100][Error  ][AsyncSock         ] [xrootd.ba.infn.it:1094 #0.0] Socket error while handshaking: [ERROR] Socket timeout
[2022-12-20 12:04:06.515527 +0100][Error  ][PostMaster        ] [xrootd.ba.infn.it:1094 #0] elapsed = 45, pConnectionWindow = 31 seconds.
[2022-12-20 12:04:06.515550 +0100][Error  ][PostMaster        ] [xrootd.ba.infn.it:1094 #0] Unable to recover: [ERROR] Socket timeout.
[2022-12-20 12:04:06.515564 +0100][Error  ][XRootD            ] [xrootd.ba.infn.it:1094] Impossible to send message kXR_open (file: /store/user/alesauva/flashgg/UL2017_3/10_6_4/VHToGG_M125_TuneCP5_13TeV-amcatnloFXFX-madspin-pythia8/UL2017_3-10_6_4-v0-RunIISummer19UL17MiniAOD-106X_mc2017_realistic_v6-v1/200718_083214/0000/myMicroAODOutputFile_14.root?tried=stor95.datagrid.cea.fr, mode: 0660, flags: kXR_open_read kXR_async kXR_retstat ). Trying to recover.
20-Dec-2022 12:04:21 CET  Closed file root://cms-xrd-global.cern.ch//store/user/alesauva/flashgg/UL2017_3/10_6_4/VHToGG_M125_TuneCP5_13TeV-amcatnloFXFX-madspin-pythia8/UL2017_3-10_6_4-v0-RunIISummer19UL17MiniAOD-106X_mc2017_realistic_v6-v1/200718_083214/0000/myMicroAODOutputFile_14.root

TrigReport ---------- Event  Summary ------------
TrigReport Events total = 24736 passed = 8735 failed = 16001

TrigReport ---------- Path   Summary ------------
TrigReport  Trig Bit#   Executed     Passed     Failed      Error Name
TrigReport     1    0      24736       8735      16001          0 p

TrigReport -------End-Path   Summary ------------
TrigReport  Trig Bit#   Executed     Passed     Failed      Error Name

TrigReport ---------- Modules in Path: p ------------
TrigReport  Trig Bit#    Visited     Passed     Failed      Error Name
TrigReport     1    0      24736      24606        130          0 flashggMetFilters
TrigReport     1    1      24606       8735      15871          0 VHFilter
TrigReport     1    2       8735       8735          0          0 flashggDifferentialPhoIdInputsCorrection
TrigReport     1    3       8735       8735          0          0 flashggDiPhotonSystematics
TrigReport     1    4       8735       8735          0          0 flashggMetSystematics
TrigReport     1    5       8735       8735          0          0 flashggMuonSystematics
TrigReport     1    6       8735       8735          0          0 flashggElectronSystematics
TrigReport     1    7       8735       8735          0          0 flashggUnpackedJets
TrigReport     1    8       8735       8735          0          0 flashggJetSystematics0
TrigReport     1    9       8735       8735          0          0 flashggJetSystematics1
TrigReport     1   10       8735       8735          0          0 flashggJetSystematics2
TrigReport     1   11       8735       8735          0          0 flashggJetSystematics3
TrigReport     1   12       8735       8735          0          0 flashggJetSystematics4
TrigReport     1   13       8735       8735          0          0 flashggJetSystematics5
TrigReport     1   14       8735       8735          0          0 flashggJetSystematics6
TrigReport     1   15       8735       8735          0          0 flashggJetSystematics7
TrigReport     1   16       8735       8735          0          0 flashggJetSystematics8
TrigReport     1   17       8735       8735          0          0 flashggJetSystematics9
TrigReport     1   18       8735       8735          0          0 flashggJetSystematics10
TrigReport     1   19       8735       8735          0          0 flashggJetSystematics11
TrigReport     1   20       8735       8735          0          0 flashggPrefireDiPhotons
TrigReport     1   21       8735       8735          0          0 flashggPreselectedDiPhotons
TrigReport     1   22       8735       8735          0          0 flashggDiPhotonMVA
TrigReport     1   23       8735       8735          0          0 flashggVBFMVA
TrigReport     1   24       8735       8735          0          0 flashggVHhadMVA
TrigReport     1   25       8735       8735          0          0 flashggGluGluHMVA
TrigReport     1   26       8735       8735          0          0 flashggStageOneCombinedTag
TrigReport     1   27       8735       8735          0          0 flashggTHQLeptonicTag
TrigReport     1   28       8735       8735          0          0 flashggVHMetTag
TrigReport     1   29       8735       8735          0          0 flashggWHLeptonicTag
TrigReport     1   30       8735       8735          0          0 flashggZHLeptonicTag
TrigReport     1   31       8735       8735          0          0 flashggTTHLeptonicTag
TrigReport     1   32       8735       8735          0          0 flashggTTHHadronicTag
TrigReport     1   33       8735       8735          0          0 flashggTagSorter
TrigReport     1   34       8735       8735          0          0 flashggSystTagMerger
TrigReport     1   35       8735       8735          0          0 tagsDumper

TrigReport ---------- Module Summary ------------
TrigReport    Visited   Executed     Passed     Failed      Error Name
TrigReport      24736      24736      24736          0          0 TriggerResults
TrigReport      24606      24606       8735      15871          0 VHFilter
TrigReport       8735       8735       8735          0          0 ak4PFCHSL1FastL2L3Corrector
TrigReport       8735       8735       8735          0          0 ak4PFCHSL1FastjetCorrector
TrigReport       8735       8735       8735          0          0 ak4PFCHSL2RelativeCorrector
TrigReport       8735       8735       8735          0          0 ak4PFCHSL3AbsoluteCorrector
TrigReport       8735       8735       8735          0          0 flashggDiPhotonMVA
TrigReport       8735       8735       8735          0          0 flashggDiPhotonSystematics
TrigReport       8735       8735       8735          0          0 flashggDifferentialPhoIdInputsCorrection
TrigReport       8735       8735       8735          0          0 flashggElectronSystematics
TrigReport       8735       8735       8735          0          0 flashggGluGluHMVA
TrigReport       8735       8735       8735          0          0 flashggJetSystematics0
TrigReport       8735       8735       8735          0          0 flashggJetSystematics1
TrigReport       8735       8735       8735          0          0 flashggJetSystematics10
TrigReport       8735       8735       8735          0          0 flashggJetSystematics11
TrigReport       8735       8735       8735          0          0 flashggJetSystematics2
TrigReport       8735       8735       8735          0          0 flashggJetSystematics3
TrigReport       8735       8735       8735          0          0 flashggJetSystematics4
TrigReport       8735       8735       8735          0          0 flashggJetSystematics5
TrigReport       8735       8735       8735          0          0 flashggJetSystematics6
TrigReport       8735       8735       8735          0          0 flashggJetSystematics7
TrigReport       8735       8735       8735          0          0 flashggJetSystematics8
TrigReport       8735       8735       8735          0          0 flashggJetSystematics9
TrigReport      24736      24736      24606        130          0 flashggMetFilters
TrigReport       8735       8735       8735          0          0 flashggMetSystematics
TrigReport       8735       8735       8735          0          0 flashggMuonSystematics
TrigReport       8735       8735       8735          0          0 flashggPrefireDiPhotons
TrigReport       8735       8735       8735          0          0 flashggPreselectedDiPhotons
TrigReport       8735       8735       8735          0          0 flashggStageOneCombinedTag
TrigReport       8735       8735       8735          0          0 flashggSystTagMerger
TrigReport       8735       8735       8735          0          0 flashggTHQLeptonicTag
TrigReport       8735       8735       8735          0          0 flashggTTHHadronicTag
TrigReport       8735       8735       8735          0          0 flashggTTHLeptonicTag
TrigReport       8735       8735       8735          0          0 flashggTagSorter
TrigReport       8735       8735       8735          0          0 flashggUnpackedJets
TrigReport       8735       8735       8735          0          0 flashggVBFMVA
TrigReport       8735       8735       8735          0          0 flashggVHMetTag
TrigReport       8735       8735       8735          0          0 flashggVHhadMVA
TrigReport       8735       8735       8735          0          0 flashggWHLeptonicTag
TrigReport       8735       8735       8735          0          0 flashggZHLeptonicTag
TrigReport      24736      24736      24736          0          0 p
TrigReport       8735       8735       8735          0          0 tagsDumper

TimeReport ---------- Event  Summary ---[sec]----
TimeReport       event loop CPU/event = 0.085957
TimeReport      event loop Real/event = 0.087241
TimeReport     sum Streams Real/event = 0.084296
TimeReport efficiency CPU/Real/thread = 0.985278

TimeReport ---------- Path   Summary ---[Real sec]----
TimeReport  per event     per exec  Name
TimeReport   0.083844     0.083844  p
TimeReport  per event     per exec  Name

TimeReport -------End-Path   Summary ---[Real sec]----
TimeReport  per event     per exec  Name
TimeReport  per event     per exec  Name

TimeReport ---------- Modules in Path: p ---[Real sec]----
TimeReport  per event    per visit  Name
TimeReport   0.000020     0.000020  flashggMetFilters
TimeReport   0.000008     0.000008  VHFilter
TimeReport   0.038108     0.107916  flashggDifferentialPhoIdInputsCorrection
TimeReport   0.033787     0.095680  flashggDiPhotonSystematics
TimeReport   0.000125     0.000353  flashggMetSystematics
TimeReport   0.000017     0.000048  flashggMuonSystematics
TimeReport   0.000025     0.000070  flashggElectronSystematics
TimeReport   0.000195     0.000551  flashggUnpackedJets
TimeReport   0.003197     0.009054  flashggJetSystematics0
TimeReport   0.000505     0.001431  flashggJetSystematics1
TimeReport   0.000441     0.001249  flashggJetSystematics2
TimeReport   0.000426     0.001206  flashggJetSystematics3
TimeReport   0.000419     0.001185  flashggJetSystematics4
TimeReport   0.000413     0.001171  flashggJetSystematics5
TimeReport   0.000408     0.001156  flashggJetSystematics6
TimeReport   0.000409     0.001158  flashggJetSystematics7
TimeReport   0.000408     0.001154  flashggJetSystematics8
TimeReport   0.000405     0.001146  flashggJetSystematics9
TimeReport   0.000405     0.001148  flashggJetSystematics10
TimeReport   0.000405     0.001146  flashggJetSystematics11
TimeReport   0.000248     0.000702  flashggPrefireDiPhotons
TimeReport   0.000066     0.000186  flashggPreselectedDiPhotons
TimeReport   0.000013     0.000038  flashggDiPhotonMVA
TimeReport   0.000016     0.000044  flashggVBFMVA
TimeReport   0.000010     0.000028  flashggVHhadMVA
TimeReport   0.000026     0.000074  flashggGluGluHMVA
TimeReport   0.000018     0.000050  flashggStageOneCombinedTag
TimeReport   0.000203     0.000575  flashggTHQLeptonicTag
TimeReport   0.000130     0.000369  flashggVHMetTag
TimeReport   0.000016     0.000045  flashggWHLeptonicTag
TimeReport   0.000013     0.000037  flashggZHLeptonicTag
TimeReport   0.000084     0.000237  flashggTTHLeptonicTag
TimeReport   0.000913     0.002584  flashggTTHHadronicTag
TimeReport   0.000048     0.000137  flashggTagSorter
TimeReport   0.000003     0.000007  flashggSystTagMerger
TimeReport   0.000207     0.000587  tagsDumper
TimeReport  per event    per visit  Name

TimeReport ---------- Module Summary ---[Real sec]----
TimeReport  per event     per exec    per visit  Name
TimeReport   0.000003     0.000003     0.000003  TriggerResults
TimeReport   0.000008     0.000008     0.000008  VHFilter
TimeReport   0.000002     0.000005     0.000005  ak4PFCHSL1FastL2L3Corrector
TimeReport   0.000002     0.000006     0.000006  ak4PFCHSL1FastjetCorrector
TimeReport   0.000001     0.000003     0.000003  ak4PFCHSL2RelativeCorrector
TimeReport   0.000007     0.000019     0.000019  ak4PFCHSL3AbsoluteCorrector
TimeReport   0.000013     0.000038     0.000038  flashggDiPhotonMVA
TimeReport   0.033787     0.095680     0.095680  flashggDiPhotonSystematics
TimeReport   0.038108     0.107916     0.107916  flashggDifferentialPhoIdInputsCorrection
TimeReport   0.000025     0.000070     0.000070  flashggElectronSystematics
TimeReport   0.000026     0.000074     0.000074  flashggGluGluHMVA
TimeReport   0.003197     0.009054     0.009054  flashggJetSystematics0
TimeReport   0.000505     0.001431     0.001431  flashggJetSystematics1
TimeReport   0.000405     0.001148     0.001148  flashggJetSystematics10
TimeReport   0.000405     0.001146     0.001146  flashggJetSystematics11
TimeReport   0.000441     0.001249     0.001249  flashggJetSystematics2
TimeReport   0.000426     0.001206     0.001206  flashggJetSystematics3
TimeReport   0.000419     0.001185     0.001185  flashggJetSystematics4
TimeReport   0.000413     0.001171     0.001171  flashggJetSystematics5
TimeReport   0.000408     0.001156     0.001156  flashggJetSystematics6
TimeReport   0.000409     0.001158     0.001158  flashggJetSystematics7
TimeReport   0.000408     0.001154     0.001154  flashggJetSystematics8
TimeReport   0.000405     0.001146     0.001146  flashggJetSystematics9
TimeReport   0.000020     0.000020     0.000020  flashggMetFilters
TimeReport   0.000125     0.000353     0.000353  flashggMetSystematics
TimeReport   0.000017     0.000048     0.000048  flashggMuonSystematics
TimeReport   0.000248     0.000702     0.000702  flashggPrefireDiPhotons
TimeReport   0.000066     0.000186     0.000186  flashggPreselectedDiPhotons
TimeReport   0.000018     0.000050     0.000050  flashggStageOneCombinedTag
TimeReport   0.000003     0.000007     0.000007  flashggSystTagMerger
TimeReport   0.000203     0.000575     0.000575  flashggTHQLeptonicTag
TimeReport   0.000913     0.002584     0.002584  flashggTTHHadronicTag
TimeReport   0.000084     0.000237     0.000237  flashggTTHLeptonicTag
TimeReport   0.000048     0.000137     0.000137  flashggTagSorter
TimeReport   0.000195     0.000551     0.000551  flashggUnpackedJets
TimeReport   0.000016     0.000044     0.000044  flashggVBFMVA
TimeReport   0.000130     0.000369     0.000369  flashggVHMetTag
TimeReport   0.000010     0.000028     0.000028  flashggVHhadMVA
TimeReport   0.000016     0.000045     0.000045  flashggWHLeptonicTag
TimeReport   0.000013     0.000037     0.000037  flashggZHLeptonicTag
TimeReport   0.000004     0.000004     0.000004  p
TimeReport   0.000207     0.000587     0.000587  tagsDumper
TimeReport  per event     per exec    per visit  Name

T---Report end!


=============================================

MessageLogger Summary

 type     category        sev    module        subroutine        count    total
 ---- -------------------- -- ---------------- ----------------  -----    -----
    1 XrdAdaptor           -w file_open                              1        1
    2 fileAction           -s file_close                             1        1
    3 fileAction           -s file_open                              2        2

 type    category    Examples: run/evt        run/evt          run/evt
 ---- -------------------- ---------------- ---------------- ----------------
    1 XrdAdaptor           pre-events                        
    2 fileAction           PostGlobalEndRun                  
    3 fileAction           pre-events       pre-events       

Severity    # Occurrences   Total Occurrences
--------    -------------   -----------------
Warning                 1                   1
System                  3                   3

dropped waiting message count 0
