mkdir: cannot create directory '/afs/cern.ch/user/x/xisu/private/local/Analysis_workspace/VH_AC_tmp1/flashgg_d2/CMSSW_10_6_29/src/flashgg/VHAC_Analysis_Met/UL_17/UL_17_zh125': File exists
/cvmfs/cms.cern.ch/slc7_amd64_gcc700/external/py2-requests/2.21.0-pafccj2/lib/python2.7/site-packages/requests/__init__.py:91: RequestsDependencyWarning: urllib3 (1.25.2) or chardet (3.0.4) doesn't match a supported version!
  RequestsDependencyWarning)
20-Dec-2022 11:11:23 CET  Initiating request to open file root://cms-xrd-global.cern.ch//store/user/alesauva/flashgg/UL2017_4/10_6_4/ZHiggs0PMToGG_M125_TuneCP5_13TeV-JHUGenV7011-pythia8/UL2017_4-10_6_4-v0-RunIISummer19UL17MiniAOD-106X_mc2017_realistic_v6-v2/200720_162909/0000/myMicroAODOutputFile_29.root
%MSG-w XrdAdaptor:  file_open 20-Dec-2022 11:11:25 CET pre-events
Data is served from GRIF-IRFU instead of original site CERN-CMSGLOBAL-02
%MSG
20-Dec-2022 11:11:27 CET  Successfully opened file root://cms-xrd-global.cern.ch//store/user/alesauva/flashgg/UL2017_4/10_6_4/ZHiggs0PMToGG_M125_TuneCP5_13TeV-JHUGenV7011-pythia8/UL2017_4-10_6_4-v0-RunIISummer19UL17MiniAOD-106X_mc2017_realistic_v6-v2/200720_162909/0000/myMicroAODOutputFile_29.root
2022-12-20 11:25:31.370295: I tensorflow/core/platform/cpu_feature_guard.cc:140] Your CPU supports instructions that this TensorFlow binary was not compiled to use: SSE4.1 SSE4.2 AVX AVX2 FMA
Begin processing the 1st record. Run 1, Event 102007, LumiSection 1021 on stream 0 at 20-Dec-2022 11:26:25.040 CET
[2022-12-20 11:27:07.252203 +0100][Error  ][AsyncSock         ] [xrootd.ba.infn.it:1094 #0.0] Socket error while handshaking: [ERROR] Socket timeout
[2022-12-20 11:27:07.252406 +0100][Error  ][PostMaster        ] [xrootd.ba.infn.it:1094 #0] elapsed = 45, pConnectionWindow = 31 seconds.
[2022-12-20 11:27:52.834136 +0100][Error  ][AsyncSock         ] [xrootd.ba.infn.it:1094 #0.0] Socket error while handshaking: [ERROR] Socket timeout
[2022-12-20 11:27:52.834304 +0100][Error  ][PostMaster        ] [xrootd.ba.infn.it:1094 #0] elapsed = 45, pConnectionWindow = 31 seconds.
[2022-12-20 11:27:52.834333 +0100][Error  ][PostMaster        ] [xrootd.ba.infn.it:1094 #0] Unable to recover: [ERROR] Socket timeout.
[2022-12-20 11:27:52.834355 +0100][Error  ][XRootD            ] [xrootd.ba.infn.it:1094] Impossible to send message kXR_open (file: /store/user/alesauva/flashgg/UL2017_4/10_6_4/ZHiggs0PMToGG_M125_TuneCP5_13TeV-JHUGenV7011-pythia8/UL2017_4-10_6_4-v0-RunIISummer19UL17MiniAOD-106X_mc2017_realistic_v6-v2/200720_162909/0000/myMicroAODOutputFile_29.root?tried=stor97.datagrid.cea.fr, mode: 0660, flags: kXR_open_read kXR_async kXR_retstat ). Trying to recover.
Begin processing the 1001st record. Run 1, Event 102801, LumiSection 1029 on stream 0 at 20-Dec-2022 11:30:41.360 CET
Begin processing the 2001st record. Run 1, Event 103801, LumiSection 1039 on stream 0 at 20-Dec-2022 11:32:37.245 CET
Begin processing the 3001st record. Run 1, Event 104804, LumiSection 1049 on stream 0 at 20-Dec-2022 11:34:38.886 CET
[2022-12-20 11:35:36.004286 +0100][Error  ][AsyncSock         ] [xrootd.ba.infn.it:1094 #0.0] Socket error while handshaking: [ERROR] Socket timeout
[2022-12-20 11:35:36.004436 +0100][Error  ][PostMaster        ] [xrootd.ba.infn.it:1094 #0] elapsed = 45, pConnectionWindow = 31 seconds.
[2022-12-20 11:36:21.256165 +0100][Error  ][AsyncSock         ] [xrootd.ba.infn.it:1094 #0.0] Socket error while handshaking: [ERROR] Socket timeout
[2022-12-20 11:36:21.256355 +0100][Error  ][PostMaster        ] [xrootd.ba.infn.it:1094 #0] elapsed = 45, pConnectionWindow = 31 seconds.
[2022-12-20 11:36:21.256368 +0100][Error  ][PostMaster        ] [xrootd.ba.infn.it:1094 #0] Unable to recover: [ERROR] Socket timeout.
[2022-12-20 11:36:21.256388 +0100][Error  ][XRootD            ] [xrootd.ba.infn.it:1094] Impossible to send message kXR_open (file: /store/user/alesauva/flashgg/UL2017_4/10_6_4/ZHiggs0PMToGG_M125_TuneCP5_13TeV-JHUGenV7011-pythia8/UL2017_4-10_6_4-v0-RunIISummer19UL17MiniAOD-106X_mc2017_realistic_v6-v2/200720_162909/0000/myMicroAODOutputFile_29.root?tried=stor97.datagrid.cea.fr, mode: 0660, flags: kXR_open_read kXR_async kXR_retstat ). Trying to recover.
Begin processing the 4001st record. Run 1, Event 476203, LumiSection 4763 on stream 0 at 20-Dec-2022 11:36:31.492 CET
Begin processing the 5001st record. Run 1, Event 477203, LumiSection 4773 on stream 0 at 20-Dec-2022 11:38:20.946 CET
Begin processing the 6001st record. Run 1, Event 381701, LumiSection 3818 on stream 0 at 20-Dec-2022 11:40:07.482 CET
[2022-12-20 11:41:20.192198 +0100][Error  ][AsyncSock         ] [xrootd.ba.infn.it:1094 #0.0] Socket error while handshaking: [ERROR] Socket timeout
[2022-12-20 11:41:20.192359 +0100][Error  ][PostMaster        ] [xrootd.ba.infn.it:1094 #0] elapsed = 45, pConnectionWindow = 31 seconds.
Begin processing the 7001st record. Run 1, Event 395403, LumiSection 3955 on stream 0 at 20-Dec-2022 11:42:01.305 CET
[2022-12-20 11:42:05.426145 +0100][Error  ][AsyncSock         ] [xrootd.ba.infn.it:1094 #0.0] Socket error while handshaking: [ERROR] Socket timeout
[2022-12-20 11:42:05.426318 +0100][Error  ][PostMaster        ] [xrootd.ba.infn.it:1094 #0] elapsed = 45, pConnectionWindow = 31 seconds.
[2022-12-20 11:42:05.426330 +0100][Error  ][PostMaster        ] [xrootd.ba.infn.it:1094 #0] Unable to recover: [ERROR] Socket timeout.
[2022-12-20 11:42:05.426340 +0100][Error  ][XRootD            ] [xrootd.ba.infn.it:1094] Impossible to send message kXR_open (file: /store/user/alesauva/flashgg/UL2017_4/10_6_4/ZHiggs0PMToGG_M125_TuneCP5_13TeV-JHUGenV7011-pythia8/UL2017_4-10_6_4-v0-RunIISummer19UL17MiniAOD-106X_mc2017_realistic_v6-v2/200720_162909/0000/myMicroAODOutputFile_29.root?tried=stor97.datagrid.cea.fr, mode: 0660, flags: kXR_open_read kXR_async kXR_retstat ). Trying to recover.
Begin processing the 8001st record. Run 1, Event 396601, LumiSection 3967 on stream 0 at 20-Dec-2022 11:43:50.610 CET
Begin processing the 9001st record. Run 1, Event 463502, LumiSection 4636 on stream 0 at 20-Dec-2022 11:45:43.280 CET
[2022-12-20 11:47:15.172164 +0100][Error  ][AsyncSock         ] [xrootd.ba.infn.it:1094 #0.0] Socket error while handshaking: [ERROR] Socket timeout
[2022-12-20 11:47:15.172347 +0100][Error  ][PostMaster        ] [xrootd.ba.infn.it:1094 #0] elapsed = 45, pConnectionWindow = 31 seconds.
Begin processing the 10001st record. Run 1, Event 464504, LumiSection 4646 on stream 0 at 20-Dec-2022 11:47:40.849 CET
[2022-12-20 11:48:00.423141 +0100][Error  ][AsyncSock         ] [xrootd.ba.infn.it:1094 #0.0] Socket error while handshaking: [ERROR] Socket timeout
[2022-12-20 11:48:00.423269 +0100][Error  ][PostMaster        ] [xrootd.ba.infn.it:1094 #0] elapsed = 45, pConnectionWindow = 31 seconds.
[2022-12-20 11:48:00.423282 +0100][Error  ][PostMaster        ] [xrootd.ba.infn.it:1094 #0] Unable to recover: [ERROR] Socket timeout.
[2022-12-20 11:48:00.423298 +0100][Error  ][XRootD            ] [xrootd.ba.infn.it:1094] Impossible to send message kXR_open (file: /store/user/alesauva/flashgg/UL2017_4/10_6_4/ZHiggs0PMToGG_M125_TuneCP5_13TeV-JHUGenV7011-pythia8/UL2017_4-10_6_4-v0-RunIISummer19UL17MiniAOD-106X_mc2017_realistic_v6-v2/200720_162909/0000/myMicroAODOutputFile_29.root?tried=stor97.datagrid.cea.fr, mode: 0660, flags: kXR_open_read kXR_async kXR_retstat ). Trying to recover.
Begin processing the 11001st record. Run 1, Event 584304, LumiSection 5844 on stream 0 at 20-Dec-2022 11:49:34.907 CET
Begin processing the 12001st record. Run 1, Event 585301, LumiSection 5854 on stream 0 at 20-Dec-2022 11:51:34.521 CET
Begin processing the 13001st record. Run 1, Event 586304, LumiSection 5864 on stream 0 at 20-Dec-2022 11:53:29.278 CET
Begin processing the 14001st record. Run 1, Event 310621, LumiSection 3107 on stream 0 at 20-Dec-2022 11:55:21.178 CET
[2022-12-20 11:57:12.449147 +0100][Error  ][AsyncSock         ] [xrootd.ba.infn.it:1094 #0.0] Socket error while handshaking: [ERROR] Socket timeout
[2022-12-20 11:57:12.449275 +0100][Error  ][PostMaster        ] [xrootd.ba.infn.it:1094 #0] elapsed = 45, pConnectionWindow = 31 seconds.
Begin processing the 15001st record. Run 1, Event 455509, LumiSection 4556 on stream 0 at 20-Dec-2022 11:57:19.539 CET
[2022-12-20 11:57:57.696784 +0100][Error  ][AsyncSock         ] [xrootd.ba.infn.it:1094 #0.0] Socket error while handshaking: [ERROR] Socket timeout
[2022-12-20 11:57:57.696905 +0100][Error  ][PostMaster        ] [xrootd.ba.infn.it:1094 #0] elapsed = 45, pConnectionWindow = 31 seconds.
[2022-12-20 11:57:57.696920 +0100][Error  ][PostMaster        ] [xrootd.ba.infn.it:1094 #0] Unable to recover: [ERROR] Socket timeout.
[2022-12-20 11:57:57.696930 +0100][Error  ][XRootD            ] [xrootd.ba.infn.it:1094] Impossible to send message kXR_open (file: /store/user/alesauva/flashgg/UL2017_4/10_6_4/ZHiggs0PMToGG_M125_TuneCP5_13TeV-JHUGenV7011-pythia8/UL2017_4-10_6_4-v0-RunIISummer19UL17MiniAOD-106X_mc2017_realistic_v6-v2/200720_162909/0000/myMicroAODOutputFile_29.root?tried=stor97.datagrid.cea.fr, mode: 0660, flags: kXR_open_read kXR_async kXR_retstat ). Trying to recover.
Begin processing the 16001st record. Run 1, Event 121906, LumiSection 1220 on stream 0 at 20-Dec-2022 11:59:15.609 CET
Begin processing the 17001st record. Run 1, Event 128402, LumiSection 1285 on stream 0 at 20-Dec-2022 12:01:19.765 CET
Begin processing the 18001st record. Run 1, Event 307105, LumiSection 3072 on stream 0 at 20-Dec-2022 12:03:18.156 CET
Begin processing the 19001st record. Run 1, Event 328201, LumiSection 3283 on stream 0 at 20-Dec-2022 12:05:24.198 CET
[2022-12-20 12:05:35.366142 +0100][Error  ][AsyncSock         ] [xrootd.ba.infn.it:1094 #0.0] Socket error while handshaking: [ERROR] Socket timeout
[2022-12-20 12:05:35.366264 +0100][Error  ][PostMaster        ] [xrootd.ba.infn.it:1094 #0] elapsed = 46, pConnectionWindow = 31 seconds.
[2022-12-20 12:06:20.589130 +0100][Error  ][AsyncSock         ] [xrootd.ba.infn.it:1094 #0.0] Socket error while handshaking: [ERROR] Socket timeout
[2022-12-20 12:06:20.589274 +0100][Error  ][PostMaster        ] [xrootd.ba.infn.it:1094 #0] elapsed = 45, pConnectionWindow = 31 seconds.
[2022-12-20 12:06:20.589288 +0100][Error  ][PostMaster        ] [xrootd.ba.infn.it:1094 #0] Unable to recover: [ERROR] Socket timeout.
[2022-12-20 12:06:20.589299 +0100][Error  ][XRootD            ] [xrootd.ba.infn.it:1094] Impossible to send message kXR_open (file: /store/user/alesauva/flashgg/UL2017_4/10_6_4/ZHiggs0PMToGG_M125_TuneCP5_13TeV-JHUGenV7011-pythia8/UL2017_4-10_6_4-v0-RunIISummer19UL17MiniAOD-106X_mc2017_realistic_v6-v2/200720_162909/0000/myMicroAODOutputFile_29.root?tried=stor97.datagrid.cea.fr, mode: 0660, flags: kXR_open_read kXR_async kXR_retstat ). Trying to recover.
Begin processing the 20001st record. Run 1, Event 374905, LumiSection 3750 on stream 0 at 20-Dec-2022 12:07:30.967 CET
Begin processing the 21001st record. Run 1, Event 579306, LumiSection 5794 on stream 0 at 20-Dec-2022 12:09:22.565 CET
Begin processing the 22001st record. Run 1, Event 721407, LumiSection 7215 on stream 0 at 20-Dec-2022 12:11:00.890 CET
Begin processing the 23001st record. Run 1, Event 616102, LumiSection 6162 on stream 0 at 20-Dec-2022 12:12:41.648 CET
Begin processing the 24001st record. Run 1, Event 617101, LumiSection 6172 on stream 0 at 20-Dec-2022 12:14:42.752 CET
[2022-12-20 12:15:17.068192 +0100][Error  ][AsyncSock         ] [xrootd.ba.infn.it:1094 #0.0] Socket error while handshaking: [ERROR] Socket timeout
[2022-12-20 12:15:17.068341 +0100][Error  ][PostMaster        ] [xrootd.ba.infn.it:1094 #0] elapsed = 45, pConnectionWindow = 31 seconds.
[2022-12-20 12:16:02.392218 +0100][Error  ][AsyncSock         ] [xrootd.ba.infn.it:1094 #0.0] Socket error while handshaking: [ERROR] Socket timeout
[2022-12-20 12:16:02.392340 +0100][Error  ][PostMaster        ] [xrootd.ba.infn.it:1094 #0] elapsed = 45, pConnectionWindow = 31 seconds.
[2022-12-20 12:16:02.392353 +0100][Error  ][PostMaster        ] [xrootd.ba.infn.it:1094 #0] Unable to recover: [ERROR] Socket timeout.
[2022-12-20 12:16:02.392363 +0100][Error  ][XRootD            ] [xrootd.ba.infn.it:1094] Impossible to send message kXR_open (file: /store/user/alesauva/flashgg/UL2017_4/10_6_4/ZHiggs0PMToGG_M125_TuneCP5_13TeV-JHUGenV7011-pythia8/UL2017_4-10_6_4-v0-RunIISummer19UL17MiniAOD-106X_mc2017_realistic_v6-v2/200720_162909/0000/myMicroAODOutputFile_29.root?tried=stor97.datagrid.cea.fr, mode: 0660, flags: kXR_open_read kXR_async kXR_retstat ). Trying to recover.
20-Dec-2022 12:16:35 CET  Closed file root://cms-xrd-global.cern.ch//store/user/alesauva/flashgg/UL2017_4/10_6_4/ZHiggs0PMToGG_M125_TuneCP5_13TeV-JHUGenV7011-pythia8/UL2017_4-10_6_4-v0-RunIISummer19UL17MiniAOD-106X_mc2017_realistic_v6-v2/200720_162909/0000/myMicroAODOutputFile_29.root

TrigReport ---------- Event  Summary ------------
TrigReport Events total = 25000 passed = 24878 failed = 122

TrigReport ---------- Path   Summary ------------
TrigReport  Trig Bit#   Executed     Passed     Failed      Error Name
TrigReport     1    0      25000      24878        122          0 p

TrigReport -------End-Path   Summary ------------
TrigReport  Trig Bit#   Executed     Passed     Failed      Error Name

TrigReport ---------- Modules in Path: p ------------
TrigReport  Trig Bit#    Visited     Passed     Failed      Error Name
TrigReport     1    0      25000      24878        122          0 flashggMetFilters
TrigReport     1    1      24878      24878          0          0 VHFilter
TrigReport     1    2      24878      24878          0          0 flashggDifferentialPhoIdInputsCorrection
TrigReport     1    3      24878      24878          0          0 flashggDiPhotonSystematics
TrigReport     1    4      24878      24878          0          0 flashggMetSystematics
TrigReport     1    5      24878      24878          0          0 flashggMuonSystematics
TrigReport     1    6      24878      24878          0          0 flashggElectronSystematics
TrigReport     1    7      24878      24878          0          0 flashggUnpackedJets
TrigReport     1    8      24878      24878          0          0 flashggJetSystematics0
TrigReport     1    9      24878      24878          0          0 flashggJetSystematics1
TrigReport     1   10      24878      24878          0          0 flashggJetSystematics2
TrigReport     1   11      24878      24878          0          0 flashggJetSystematics3
TrigReport     1   12      24878      24878          0          0 flashggJetSystematics4
TrigReport     1   13      24878      24878          0          0 flashggJetSystematics5
TrigReport     1   14      24878      24878          0          0 flashggJetSystematics6
TrigReport     1   15      24878      24878          0          0 flashggJetSystematics7
TrigReport     1   16      24878      24878          0          0 flashggJetSystematics8
TrigReport     1   17      24878      24878          0          0 flashggJetSystematics9
TrigReport     1   18      24878      24878          0          0 flashggJetSystematics10
TrigReport     1   19      24878      24878          0          0 flashggJetSystematics11
TrigReport     1   20      24878      24878          0          0 flashggPrefireDiPhotons
TrigReport     1   21      24878      24878          0          0 flashggPreselectedDiPhotons
TrigReport     1   22      24878      24878          0          0 flashggDiPhotonMVA
TrigReport     1   23      24878      24878          0          0 flashggVBFMVA
TrigReport     1   24      24878      24878          0          0 flashggVHhadMVA
TrigReport     1   25      24878      24878          0          0 flashggGluGluHMVA
TrigReport     1   26      24878      24878          0          0 flashggStageOneCombinedTag
TrigReport     1   27      24878      24878          0          0 flashggTHQLeptonicTag
TrigReport     1   28      24878      24878          0          0 flashggVHMetTag
TrigReport     1   29      24878      24878          0          0 flashggWHLeptonicTag
TrigReport     1   30      24878      24878          0          0 flashggZHLeptonicTag
TrigReport     1   31      24878      24878          0          0 flashggTTHLeptonicTag
TrigReport     1   32      24878      24878          0          0 flashggTTHHadronicTag
TrigReport     1   33      24878      24878          0          0 flashggTagSorter
TrigReport     1   34      24878      24878          0          0 flashggSystTagMerger
TrigReport     1   35      24878      24878          0          0 tagsDumper

TrigReport ---------- Module Summary ------------
TrigReport    Visited   Executed     Passed     Failed      Error Name
TrigReport      25000      25000      25000          0          0 TriggerResults
TrigReport      24878      24878      24878          0          0 VHFilter
TrigReport      24878      24878      24878          0          0 ak4PFCHSL1FastL2L3Corrector
TrigReport      24878      24878      24878          0          0 ak4PFCHSL1FastjetCorrector
TrigReport      24878      24878      24878          0          0 ak4PFCHSL2RelativeCorrector
TrigReport      24878      24878      24878          0          0 ak4PFCHSL3AbsoluteCorrector
TrigReport      24878      24878      24878          0          0 flashggDiPhotonMVA
TrigReport      24878      24878      24878          0          0 flashggDiPhotonSystematics
TrigReport      24878      24878      24878          0          0 flashggDifferentialPhoIdInputsCorrection
TrigReport      24878      24878      24878          0          0 flashggElectronSystematics
TrigReport      24878      24878      24878          0          0 flashggGluGluHMVA
TrigReport      24878      24878      24878          0          0 flashggJetSystematics0
TrigReport      24878      24878      24878          0          0 flashggJetSystematics1
TrigReport      24878      24878      24878          0          0 flashggJetSystematics10
TrigReport      24878      24878      24878          0          0 flashggJetSystematics11
TrigReport      24878      24878      24878          0          0 flashggJetSystematics2
TrigReport      24878      24878      24878          0          0 flashggJetSystematics3
TrigReport      24878      24878      24878          0          0 flashggJetSystematics4
TrigReport      24878      24878      24878          0          0 flashggJetSystematics5
TrigReport      24878      24878      24878          0          0 flashggJetSystematics6
TrigReport      24878      24878      24878          0          0 flashggJetSystematics7
TrigReport      24878      24878      24878          0          0 flashggJetSystematics8
TrigReport      24878      24878      24878          0          0 flashggJetSystematics9
TrigReport      25000      25000      24878        122          0 flashggMetFilters
TrigReport      24878      24878      24878          0          0 flashggMetSystematics
TrigReport      24878      24878      24878          0          0 flashggMuonSystematics
TrigReport      24878      24878      24878          0          0 flashggPrefireDiPhotons
TrigReport      24878      24878      24878          0          0 flashggPreselectedDiPhotons
TrigReport      24878      24878      24878          0          0 flashggStageOneCombinedTag
TrigReport      24878      24878      24878          0          0 flashggSystTagMerger
TrigReport      24878      24878      24878          0          0 flashggTHQLeptonicTag
TrigReport      24878      24878      24878          0          0 flashggTTHHadronicTag
TrigReport      24878      24878      24878          0          0 flashggTTHLeptonicTag
TrigReport      24878      24878      24878          0          0 flashggTagSorter
TrigReport      24878      24878      24878          0          0 flashggUnpackedJets
TrigReport      24878      24878      24878          0          0 flashggVBFMVA
TrigReport      24878      24878      24878          0          0 flashggVHMetTag
TrigReport      24878      24878      24878          0          0 flashggVHhadMVA
TrigReport      24878      24878      24878          0          0 flashggWHLeptonicTag
TrigReport      24878      24878      24878          0          0 flashggZHLeptonicTag
TrigReport      25000      25000      25000          0          0 p
TrigReport      24878      24878      24878          0          0 tagsDumper

TimeReport ---------- Event  Summary ---[sec]----
TimeReport       event loop CPU/event = 0.119948
TimeReport      event loop Real/event = 0.120517
TimeReport     sum Streams Real/event = 0.116924
TimeReport efficiency CPU/Real/thread = 0.995275

TimeReport ---------- Path   Summary ---[Real sec]----
TimeReport  per event     per exec  Name
TimeReport   0.116443     0.116443  p
TimeReport  per event     per exec  Name

TimeReport -------End-Path   Summary ---[Real sec]----
TimeReport  per event     per exec  Name
TimeReport  per event     per exec  Name

TimeReport ---------- Modules in Path: p ---[Real sec]----
TimeReport  per event    per visit  Name
TimeReport   0.000016     0.000016  flashggMetFilters
TimeReport   0.000005     0.000005  VHFilter
TimeReport   0.064330     0.064645  flashggDifferentialPhoIdInputsCorrection
TimeReport   0.037356     0.037539  flashggDiPhotonSystematics
TimeReport   0.000173     0.000174  flashggMetSystematics
TimeReport   0.000022     0.000022  flashggMuonSystematics
TimeReport   0.000035     0.000035  flashggElectronSystematics
TimeReport   0.000211     0.000212  flashggUnpackedJets
TimeReport   0.003793     0.003811  flashggJetSystematics0
TimeReport   0.000556     0.000559  flashggJetSystematics1
TimeReport   0.000491     0.000494  flashggJetSystematics2
TimeReport   0.000471     0.000474  flashggJetSystematics3
TimeReport   0.000463     0.000465  flashggJetSystematics4
TimeReport   0.000457     0.000459  flashggJetSystematics5
TimeReport   0.000453     0.000455  flashggJetSystematics6
TimeReport   0.000453     0.000455  flashggJetSystematics7
TimeReport   0.000450     0.000452  flashggJetSystematics8
TimeReport   0.000449     0.000451  flashggJetSystematics9
TimeReport   0.000447     0.000449  flashggJetSystematics10
TimeReport   0.000444     0.000447  flashggJetSystematics11
TimeReport   0.000256     0.000257  flashggPrefireDiPhotons
TimeReport   0.000107     0.000107  flashggPreselectedDiPhotons
TimeReport   0.000031     0.000031  flashggDiPhotonMVA
TimeReport   0.000027     0.000027  flashggVBFMVA
TimeReport   0.000016     0.000016  flashggVHhadMVA
TimeReport   0.000045     0.000045  flashggGluGluHMVA
TimeReport   0.000029     0.000029  flashggStageOneCombinedTag
TimeReport   0.000663     0.000666  flashggTHQLeptonicTag
TimeReport   0.000283     0.000285  flashggVHMetTag
TimeReport   0.000023     0.000023  flashggWHLeptonicTag
TimeReport   0.000018     0.000019  flashggZHLeptonicTag
TimeReport   0.000058     0.000058  flashggTTHLeptonicTag
TimeReport   0.001118     0.001124  flashggTTHHadronicTag
TimeReport   0.000086     0.000086  flashggTagSorter
TimeReport   0.000004     0.000004  flashggSystTagMerger
TimeReport   0.000288     0.000289  tagsDumper
TimeReport  per event    per visit  Name

TimeReport ---------- Module Summary ---[Real sec]----
TimeReport  per event     per exec    per visit  Name
TimeReport   0.000003     0.000003     0.000003  TriggerResults
TimeReport   0.000005     0.000005     0.000005  VHFilter
TimeReport   0.000004     0.000004     0.000004  ak4PFCHSL1FastL2L3Corrector
TimeReport   0.000004     0.000004     0.000004  ak4PFCHSL1FastjetCorrector
TimeReport   0.000001     0.000001     0.000001  ak4PFCHSL2RelativeCorrector
TimeReport   0.000015     0.000015     0.000015  ak4PFCHSL3AbsoluteCorrector
TimeReport   0.000031     0.000031     0.000031  flashggDiPhotonMVA
TimeReport   0.037356     0.037539     0.037539  flashggDiPhotonSystematics
TimeReport   0.064330     0.064645     0.064645  flashggDifferentialPhoIdInputsCorrection
TimeReport   0.000035     0.000035     0.000035  flashggElectronSystematics
TimeReport   0.000045     0.000045     0.000045  flashggGluGluHMVA
TimeReport   0.003793     0.003811     0.003811  flashggJetSystematics0
TimeReport   0.000556     0.000559     0.000559  flashggJetSystematics1
TimeReport   0.000447     0.000449     0.000449  flashggJetSystematics10
TimeReport   0.000444     0.000447     0.000447  flashggJetSystematics11
TimeReport   0.000491     0.000494     0.000494  flashggJetSystematics2
TimeReport   0.000471     0.000474     0.000474  flashggJetSystematics3
TimeReport   0.000463     0.000465     0.000465  flashggJetSystematics4
TimeReport   0.000457     0.000459     0.000459  flashggJetSystematics5
TimeReport   0.000453     0.000455     0.000455  flashggJetSystematics6
TimeReport   0.000453     0.000455     0.000455  flashggJetSystematics7
TimeReport   0.000450     0.000452     0.000452  flashggJetSystematics8
TimeReport   0.000449     0.000451     0.000451  flashggJetSystematics9
TimeReport   0.000016     0.000016     0.000016  flashggMetFilters
TimeReport   0.000173     0.000174     0.000174  flashggMetSystematics
TimeReport   0.000022     0.000022     0.000022  flashggMuonSystematics
TimeReport   0.000256     0.000257     0.000257  flashggPrefireDiPhotons
TimeReport   0.000107     0.000107     0.000107  flashggPreselectedDiPhotons
TimeReport   0.000029     0.000029     0.000029  flashggStageOneCombinedTag
TimeReport   0.000004     0.000004     0.000004  flashggSystTagMerger
TimeReport   0.000663     0.000666     0.000666  flashggTHQLeptonicTag
TimeReport   0.001118     0.001124     0.001124  flashggTTHHadronicTag
TimeReport   0.000058     0.000058     0.000058  flashggTTHLeptonicTag
TimeReport   0.000086     0.000086     0.000086  flashggTagSorter
TimeReport   0.000211     0.000212     0.000212  flashggUnpackedJets
TimeReport   0.000027     0.000027     0.000027  flashggVBFMVA
TimeReport   0.000283     0.000285     0.000285  flashggVHMetTag
TimeReport   0.000016     0.000016     0.000016  flashggVHhadMVA
TimeReport   0.000023     0.000023     0.000023  flashggWHLeptonicTag
TimeReport   0.000018     0.000019     0.000019  flashggZHLeptonicTag
TimeReport   0.000003     0.000003     0.000003  p
TimeReport   0.000288     0.000289     0.000289  tagsDumper
TimeReport  per event     per exec    per visit  Name

T---Report end!


=============================================

MessageLogger Summary

 type     category        sev    module        subroutine        count    total
 ---- -------------------- -- ---------------- ----------------  -----    -----
    1 XrdAdaptor           -w file_open                              1        1
    2 fileAction           -s file_close                             1        1
    3 fileAction           -s file_open                              2        2

 type    category    Examples: run/evt        run/evt          run/evt
 ---- -------------------- ---------------- ---------------- ----------------
    1 XrdAdaptor           pre-events                        
    2 fileAction           PostGlobalEndRun                  
    3 fileAction           pre-events       pre-events       

Severity    # Occurrences   Total Occurrences
--------    -------------   -----------------
Warning                 1                   1
System                  3                   3

dropped waiting message count 0
