mkdir: cannot create directory '/afs/cern.ch/user/x/xisu/private/local/Analysis_workspace/VH_AC_tmp1/flashgg_d2/CMSSW_10_6_29/src/flashgg/VHAC_Analysis_Met/UL_17/UL_17_zh125': File exists
/cvmfs/cms.cern.ch/slc7_amd64_gcc700/external/py2-requests/2.21.0-pafccj2/lib/python2.7/site-packages/requests/__init__.py:91: RequestsDependencyWarning: urllib3 (1.25.2) or chardet (3.0.4) doesn't match a supported version!
  RequestsDependencyWarning)
20-Dec-2022 11:16:23 CET  Initiating request to open file root://cms-xrd-global.cern.ch//store/user/alesauva/flashgg/UL2017_4/10_6_4/ZHiggs0MToGG_M125_TuneCP5_13TeV-JHUGenV7011-pythia8/UL2017_4-10_6_4-v0-RunIISummer19UL17MiniAOD-106X_mc2017_realistic_v6-v2/200720_162208/0000/myMicroAODOutputFile_5.root
%MSG-w XrdAdaptor:  file_open 20-Dec-2022 11:16:26 CET pre-events
Data is served from GRIF-IRFU instead of original site CERN-CMSGLOBAL-01
%MSG
20-Dec-2022 11:16:27 CET  Successfully opened file root://cms-xrd-global.cern.ch//store/user/alesauva/flashgg/UL2017_4/10_6_4/ZHiggs0MToGG_M125_TuneCP5_13TeV-JHUGenV7011-pythia8/UL2017_4-10_6_4-v0-RunIISummer19UL17MiniAOD-106X_mc2017_realistic_v6-v2/200720_162208/0000/myMicroAODOutputFile_5.root
2022-12-20 11:30:11.496925: I tensorflow/core/platform/cpu_feature_guard.cc:140] Your CPU supports instructions that this TensorFlow binary was not compiled to use: SSE4.1 SSE4.2 AVX AVX2 FMA
Begin processing the 1st record. Run 1, Event 380405, LumiSection 3805 on stream 0 at 20-Dec-2022 11:31:02.991 CET
[2022-12-20 11:31:46.215880 +0100][Error  ][AsyncSock         ] [xrootd.ba.infn.it:1094 #0.0] Socket error while handshaking: [ERROR] Socket timeout
[2022-12-20 11:31:46.216058 +0100][Error  ][PostMaster        ] [xrootd.ba.infn.it:1094 #0] elapsed = 45, pConnectionWindow = 31 seconds.
[2022-12-20 11:32:31.293345 +0100][Error  ][AsyncSock         ] [xrootd.ba.infn.it:1094 #0.0] Socket error while handshaking: [ERROR] Socket timeout
[2022-12-20 11:32:31.293471 +0100][Error  ][PostMaster        ] [xrootd.ba.infn.it:1094 #0] elapsed = 45, pConnectionWindow = 31 seconds.
[2022-12-20 11:32:31.293510 +0100][Error  ][PostMaster        ] [xrootd.ba.infn.it:1094 #0] Unable to recover: [ERROR] Socket timeout.
[2022-12-20 11:32:31.293529 +0100][Error  ][XRootD            ] [xrootd.ba.infn.it:1094] Impossible to send message kXR_open (file: /store/user/alesauva/flashgg/UL2017_4/10_6_4/ZHiggs0MToGG_M125_TuneCP5_13TeV-JHUGenV7011-pythia8/UL2017_4-10_6_4-v0-RunIISummer19UL17MiniAOD-106X_mc2017_realistic_v6-v2/200720_162208/0000/myMicroAODOutputFile_5.root?tried=stor81.datagrid.cea.fr, mode: 0660, flags: kXR_open_read kXR_async kXR_retstat ). Trying to recover.
Begin processing the 1001st record. Run 1, Event 381402, LumiSection 3815 on stream 0 at 20-Dec-2022 11:35:43.133 CET
[2022-12-20 11:37:49.695508 +0100][Error  ][AsyncSock         ] [xrootd.ba.infn.it:1094 #0.0] Socket error while handshaking: [ERROR] Socket timeout
[2022-12-20 11:37:49.695653 +0100][Error  ][PostMaster        ] [xrootd.ba.infn.it:1094 #0] elapsed = 45, pConnectionWindow = 31 seconds.
Begin processing the 2001st record. Run 1, Event 382402, LumiSection 3825 on stream 0 at 20-Dec-2022 11:37:53.516 CET
[2022-12-20 11:38:34.943592 +0100][Error  ][AsyncSock         ] [xrootd.ba.infn.it:1094 #0.0] Socket error while handshaking: [ERROR] Socket timeout
[2022-12-20 11:38:34.943772 +0100][Error  ][PostMaster        ] [xrootd.ba.infn.it:1094 #0] elapsed = 45, pConnectionWindow = 31 seconds.
[2022-12-20 11:38:34.943783 +0100][Error  ][PostMaster        ] [xrootd.ba.infn.it:1094 #0] Unable to recover: [ERROR] Socket timeout.
[2022-12-20 11:38:34.943792 +0100][Error  ][XRootD            ] [xrootd.ba.infn.it:1094] Impossible to send message kXR_open (file: /store/user/alesauva/flashgg/UL2017_4/10_6_4/ZHiggs0MToGG_M125_TuneCP5_13TeV-JHUGenV7011-pythia8/UL2017_4-10_6_4-v0-RunIISummer19UL17MiniAOD-106X_mc2017_realistic_v6-v2/200720_162208/0000/myMicroAODOutputFile_5.root?tried=stor81.datagrid.cea.fr, mode: 0660, flags: kXR_open_read kXR_async kXR_retstat ). Trying to recover.
Begin processing the 3001st record. Run 1, Event 534701, LumiSection 5348 on stream 0 at 20-Dec-2022 11:40:02.042 CET
Begin processing the 4001st record. Run 1, Event 535703, LumiSection 5358 on stream 0 at 20-Dec-2022 11:42:16.417 CET
[2022-12-20 11:42:55.583485 +0100][Error  ][AsyncSock         ] [xrootd.ba.infn.it:1094 #0.0] Socket error while handshaking: [ERROR] Socket timeout
[2022-12-20 11:42:55.583595 +0100][Error  ][PostMaster        ] [xrootd.ba.infn.it:1094 #0] elapsed = 45, pConnectionWindow = 31 seconds.
[2022-12-20 11:43:40.832421 +0100][Error  ][AsyncSock         ] [xrootd.ba.infn.it:1094 #0.0] Socket error while handshaking: [ERROR] Socket timeout
[2022-12-20 11:43:40.832582 +0100][Error  ][PostMaster        ] [xrootd.ba.infn.it:1094 #0] elapsed = 45, pConnectionWindow = 31 seconds.
[2022-12-20 11:43:40.832592 +0100][Error  ][PostMaster        ] [xrootd.ba.infn.it:1094 #0] Unable to recover: [ERROR] Socket timeout.
[2022-12-20 11:43:40.832601 +0100][Error  ][XRootD            ] [xrootd.ba.infn.it:1094] Impossible to send message kXR_open (file: /store/user/alesauva/flashgg/UL2017_4/10_6_4/ZHiggs0MToGG_M125_TuneCP5_13TeV-JHUGenV7011-pythia8/UL2017_4-10_6_4-v0-RunIISummer19UL17MiniAOD-106X_mc2017_realistic_v6-v2/200720_162208/0000/myMicroAODOutputFile_5.root?tried=stor81.datagrid.cea.fr, mode: 0660, flags: kXR_open_read kXR_async kXR_retstat ). Trying to recover.
Begin processing the 5001st record. Run 1, Event 533801, LumiSection 5339 on stream 0 at 20-Dec-2022 11:44:21.522 CET
Begin processing the 6001st record. Run 1, Event 50410, LumiSection 505 on stream 0 at 20-Dec-2022 11:46:34.754 CET
Begin processing the 7001st record. Run 1, Event 51410, LumiSection 515 on stream 0 at 20-Dec-2022 11:48:38.251 CET
Begin processing the 8001st record. Run 1, Event 55103, LumiSection 552 on stream 0 at 20-Dec-2022 11:50:47.463 CET
[2022-12-20 11:51:21.788499 +0100][Error  ][AsyncSock         ] [xrootd.ba.infn.it:1094 #0.0] Socket error while handshaking: [ERROR] Socket timeout
[2022-12-20 11:51:21.788629 +0100][Error  ][PostMaster        ] [xrootd.ba.infn.it:1094 #0] elapsed = 45, pConnectionWindow = 31 seconds.
[2022-12-20 11:52:07.009653 +0100][Error  ][AsyncSock         ] [xrootd.ba.infn.it:1094 #0.0] Socket error while handshaking: [ERROR] Socket timeout
[2022-12-20 11:52:07.009827 +0100][Error  ][PostMaster        ] [xrootd.ba.infn.it:1094 #0] elapsed = 46, pConnectionWindow = 31 seconds.
[2022-12-20 11:52:07.009844 +0100][Error  ][PostMaster        ] [xrootd.ba.infn.it:1094 #0] Unable to recover: [ERROR] Socket timeout.
[2022-12-20 11:52:07.009860 +0100][Error  ][XRootD            ] [xrootd.ba.infn.it:1094] Impossible to send message kXR_open (file: /store/user/alesauva/flashgg/UL2017_4/10_6_4/ZHiggs0MToGG_M125_TuneCP5_13TeV-JHUGenV7011-pythia8/UL2017_4-10_6_4-v0-RunIISummer19UL17MiniAOD-106X_mc2017_realistic_v6-v2/200720_162208/0000/myMicroAODOutputFile_5.root?tried=stor81.datagrid.cea.fr, mode: 0660, flags: kXR_open_read kXR_async kXR_retstat ). Trying to recover.
Begin processing the 9001st record. Run 1, Event 56103, LumiSection 562 on stream 0 at 20-Dec-2022 11:52:52.730 CET
Begin processing the 10001st record. Run 1, Event 57106, LumiSection 572 on stream 0 at 20-Dec-2022 11:54:58.434 CET
Begin processing the 11001st record. Run 1, Event 58108, LumiSection 582 on stream 0 at 20-Dec-2022 11:57:04.406 CET
Begin processing the 12001st record. Run 1, Event 59102, LumiSection 592 on stream 0 at 20-Dec-2022 11:59:06.645 CET
Begin processing the 13001st record. Run 1, Event 60106, LumiSection 602 on stream 0 at 20-Dec-2022 12:01:11.420 CET
[2022-12-20 12:01:41.986376 +0100][Error  ][AsyncSock         ] [xrootd.ba.infn.it:1094 #0.0] Socket error while handshaking: [ERROR] Socket timeout
[2022-12-20 12:01:41.986536 +0100][Error  ][PostMaster        ] [xrootd.ba.infn.it:1094 #0] elapsed = 45, pConnectionWindow = 31 seconds.
[2022-12-20 12:02:27.235146 +0100][Error  ][AsyncSock         ] [xrootd.ba.infn.it:1094 #0.0] Socket error while handshaking: [ERROR] Socket timeout
[2022-12-20 12:02:27.235312 +0100][Error  ][PostMaster        ] [xrootd.ba.infn.it:1094 #0] elapsed = 46, pConnectionWindow = 31 seconds.
[2022-12-20 12:02:27.235342 +0100][Error  ][PostMaster        ] [xrootd.ba.infn.it:1094 #0] Unable to recover: [ERROR] Socket timeout.
[2022-12-20 12:02:27.235353 +0100][Error  ][XRootD            ] [xrootd.ba.infn.it:1094] Impossible to send message kXR_open (file: /store/user/alesauva/flashgg/UL2017_4/10_6_4/ZHiggs0MToGG_M125_TuneCP5_13TeV-JHUGenV7011-pythia8/UL2017_4-10_6_4-v0-RunIISummer19UL17MiniAOD-106X_mc2017_realistic_v6-v2/200720_162208/0000/myMicroAODOutputFile_5.root?tried=stor81.datagrid.cea.fr, mode: 0660, flags: kXR_open_read kXR_async kXR_retstat ). Trying to recover.
Begin processing the 14001st record. Run 1, Event 61109, LumiSection 612 on stream 0 at 20-Dec-2022 12:03:13.318 CET
Begin processing the 15001st record. Run 1, Event 62104, LumiSection 622 on stream 0 at 20-Dec-2022 12:05:17.990 CET
Begin processing the 16001st record. Run 1, Event 63111, LumiSection 632 on stream 0 at 20-Dec-2022 12:07:27.051 CET
Begin processing the 17001st record. Run 1, Event 64104, LumiSection 642 on stream 0 at 20-Dec-2022 12:09:26.741 CET
Begin processing the 18001st record. Run 1, Event 65104, LumiSection 652 on stream 0 at 20-Dec-2022 12:11:30.522 CET
[2022-12-20 12:11:55.940340 +0100][Error  ][AsyncSock         ] [xrootd.ba.infn.it:1094 #0.0] Socket error while handshaking: [ERROR] Socket timeout
[2022-12-20 12:11:55.940465 +0100][Error  ][PostMaster        ] [xrootd.ba.infn.it:1094 #0] elapsed = 45, pConnectionWindow = 31 seconds.
[2022-12-20 12:12:40.163026 +0100][Error  ][AsyncSock         ] [xrootd.ba.infn.it:1094 #0.0] Socket error while handshaking: [ERROR] Socket timeout
[2022-12-20 12:12:40.163183 +0100][Error  ][PostMaster        ] [xrootd.ba.infn.it:1094 #0] elapsed = 45, pConnectionWindow = 31 seconds.
[2022-12-20 12:12:40.163196 +0100][Error  ][PostMaster        ] [xrootd.ba.infn.it:1094 #0] Unable to recover: [ERROR] Socket timeout.
[2022-12-20 12:12:40.163205 +0100][Error  ][XRootD            ] [xrootd.ba.infn.it:1094] Impossible to send message kXR_open (file: /store/user/alesauva/flashgg/UL2017_4/10_6_4/ZHiggs0MToGG_M125_TuneCP5_13TeV-JHUGenV7011-pythia8/UL2017_4-10_6_4-v0-RunIISummer19UL17MiniAOD-106X_mc2017_realistic_v6-v2/200720_162208/0000/myMicroAODOutputFile_5.root?tried=stor81.datagrid.cea.fr, mode: 0660, flags: kXR_open_read kXR_async kXR_retstat ). Trying to recover.
Begin processing the 19001st record. Run 1, Event 102501, LumiSection 1026 on stream 0 at 20-Dec-2022 12:13:36.760 CET
Begin processing the 20001st record. Run 1, Event 103609, LumiSection 1037 on stream 0 at 20-Dec-2022 12:15:44.328 CET
Begin processing the 21001st record. Run 1, Event 104607, LumiSection 1047 on stream 0 at 20-Dec-2022 12:17:57.704 CET
Begin processing the 22001st record. Run 1, Event 564005, LumiSection 5641 on stream 0 at 20-Dec-2022 12:20:23.615 CET
[2022-12-20 12:20:40.621432 +0100][Error  ][AsyncSock         ] [xrootd.ba.infn.it:1094 #0.0] Socket error while handshaking: [ERROR] Socket timeout
[2022-12-20 12:20:40.621871 +0100][Error  ][PostMaster        ] [xrootd.ba.infn.it:1094 #0] elapsed = 45, pConnectionWindow = 31 seconds.
[2022-12-20 12:21:25.971325 +0100][Error  ][AsyncSock         ] [xrootd.ba.infn.it:1094 #0.0] Socket error while handshaking: [ERROR] Socket timeout
[2022-12-20 12:21:25.971416 +0100][Error  ][PostMaster        ] [xrootd.ba.infn.it:1094 #0] elapsed = 45, pConnectionWindow = 31 seconds.
[2022-12-20 12:21:25.971432 +0100][Error  ][PostMaster        ] [xrootd.ba.infn.it:1094 #0] Unable to recover: [ERROR] Socket timeout.
[2022-12-20 12:21:25.971449 +0100][Error  ][XRootD            ] [xrootd.ba.infn.it:1094] Impossible to send message kXR_open (file: /store/user/alesauva/flashgg/UL2017_4/10_6_4/ZHiggs0MToGG_M125_TuneCP5_13TeV-JHUGenV7011-pythia8/UL2017_4-10_6_4-v0-RunIISummer19UL17MiniAOD-106X_mc2017_realistic_v6-v2/200720_162208/0000/myMicroAODOutputFile_5.root?tried=stor81.datagrid.cea.fr, mode: 0660, flags: kXR_open_read kXR_async kXR_retstat ). Trying to recover.
Begin processing the 23001st record. Run 1, Event 669612, LumiSection 6697 on stream 0 at 20-Dec-2022 12:22:39.274 CET
Begin processing the 24001st record. Run 1, Event 670702, LumiSection 6708 on stream 0 at 20-Dec-2022 12:24:45.990 CET
20-Dec-2022 12:26:58 CET  Closed file root://cms-xrd-global.cern.ch//store/user/alesauva/flashgg/UL2017_4/10_6_4/ZHiggs0MToGG_M125_TuneCP5_13TeV-JHUGenV7011-pythia8/UL2017_4-10_6_4-v0-RunIISummer19UL17MiniAOD-106X_mc2017_realistic_v6-v2/200720_162208/0000/myMicroAODOutputFile_5.root

TrigReport ---------- Event  Summary ------------
TrigReport Events total = 25000 passed = 24779 failed = 221

TrigReport ---------- Path   Summary ------------
TrigReport  Trig Bit#   Executed     Passed     Failed      Error Name
TrigReport     1    0      25000      24779        221          0 p

TrigReport -------End-Path   Summary ------------
TrigReport  Trig Bit#   Executed     Passed     Failed      Error Name

TrigReport ---------- Modules in Path: p ------------
TrigReport  Trig Bit#    Visited     Passed     Failed      Error Name
TrigReport     1    0      25000      24779        221          0 flashggMetFilters
TrigReport     1    1      24779      24779          0          0 VHFilter
TrigReport     1    2      24779      24779          0          0 flashggDifferentialPhoIdInputsCorrection
TrigReport     1    3      24779      24779          0          0 flashggDiPhotonSystematics
TrigReport     1    4      24779      24779          0          0 flashggMetSystematics
TrigReport     1    5      24779      24779          0          0 flashggMuonSystematics
TrigReport     1    6      24779      24779          0          0 flashggElectronSystematics
TrigReport     1    7      24779      24779          0          0 flashggUnpackedJets
TrigReport     1    8      24779      24779          0          0 flashggJetSystematics0
TrigReport     1    9      24779      24779          0          0 flashggJetSystematics1
TrigReport     1   10      24779      24779          0          0 flashggJetSystematics2
TrigReport     1   11      24779      24779          0          0 flashggJetSystematics3
TrigReport     1   12      24779      24779          0          0 flashggJetSystematics4
TrigReport     1   13      24779      24779          0          0 flashggJetSystematics5
TrigReport     1   14      24779      24779          0          0 flashggJetSystematics6
TrigReport     1   15      24779      24779          0          0 flashggJetSystematics7
TrigReport     1   16      24779      24779          0          0 flashggJetSystematics8
TrigReport     1   17      24779      24779          0          0 flashggJetSystematics9
TrigReport     1   18      24779      24779          0          0 flashggJetSystematics10
TrigReport     1   19      24779      24779          0          0 flashggJetSystematics11
TrigReport     1   20      24779      24779          0          0 flashggPrefireDiPhotons
TrigReport     1   21      24779      24779          0          0 flashggPreselectedDiPhotons
TrigReport     1   22      24779      24779          0          0 flashggDiPhotonMVA
TrigReport     1   23      24779      24779          0          0 flashggVBFMVA
TrigReport     1   24      24779      24779          0          0 flashggVHhadMVA
TrigReport     1   25      24779      24779          0          0 flashggGluGluHMVA
TrigReport     1   26      24779      24779          0          0 flashggStageOneCombinedTag
TrigReport     1   27      24779      24779          0          0 flashggTHQLeptonicTag
TrigReport     1   28      24779      24779          0          0 flashggVHMetTag
TrigReport     1   29      24779      24779          0          0 flashggWHLeptonicTag
TrigReport     1   30      24779      24779          0          0 flashggZHLeptonicTag
TrigReport     1   31      24779      24779          0          0 flashggTTHLeptonicTag
TrigReport     1   32      24779      24779          0          0 flashggTTHHadronicTag
TrigReport     1   33      24779      24779          0          0 flashggTagSorter
TrigReport     1   34      24779      24779          0          0 flashggSystTagMerger
TrigReport     1   35      24779      24779          0          0 tagsDumper

TrigReport ---------- Module Summary ------------
TrigReport    Visited   Executed     Passed     Failed      Error Name
TrigReport      25000      25000      25000          0          0 TriggerResults
TrigReport      24779      24779      24779          0          0 VHFilter
TrigReport      24779      24779      24779          0          0 ak4PFCHSL1FastL2L3Corrector
TrigReport      24779      24779      24779          0          0 ak4PFCHSL1FastjetCorrector
TrigReport      24779      24779      24779          0          0 ak4PFCHSL2RelativeCorrector
TrigReport      24779      24779      24779          0          0 ak4PFCHSL3AbsoluteCorrector
TrigReport      24779      24779      24779          0          0 flashggDiPhotonMVA
TrigReport      24779      24779      24779          0          0 flashggDiPhotonSystematics
TrigReport      24779      24779      24779          0          0 flashggDifferentialPhoIdInputsCorrection
TrigReport      24779      24779      24779          0          0 flashggElectronSystematics
TrigReport      24779      24779      24779          0          0 flashggGluGluHMVA
TrigReport      24779      24779      24779          0          0 flashggJetSystematics0
TrigReport      24779      24779      24779          0          0 flashggJetSystematics1
TrigReport      24779      24779      24779          0          0 flashggJetSystematics10
TrigReport      24779      24779      24779          0          0 flashggJetSystematics11
TrigReport      24779      24779      24779          0          0 flashggJetSystematics2
TrigReport      24779      24779      24779          0          0 flashggJetSystematics3
TrigReport      24779      24779      24779          0          0 flashggJetSystematics4
TrigReport      24779      24779      24779          0          0 flashggJetSystematics5
TrigReport      24779      24779      24779          0          0 flashggJetSystematics6
TrigReport      24779      24779      24779          0          0 flashggJetSystematics7
TrigReport      24779      24779      24779          0          0 flashggJetSystematics8
TrigReport      24779      24779      24779          0          0 flashggJetSystematics9
TrigReport      25000      25000      24779        221          0 flashggMetFilters
TrigReport      24779      24779      24779          0          0 flashggMetSystematics
TrigReport      24779      24779      24779          0          0 flashggMuonSystematics
TrigReport      24779      24779      24779          0          0 flashggPrefireDiPhotons
TrigReport      24779      24779      24779          0          0 flashggPreselectedDiPhotons
TrigReport      24779      24779      24779          0          0 flashggStageOneCombinedTag
TrigReport      24779      24779      24779          0          0 flashggSystTagMerger
TrigReport      24779      24779      24779          0          0 flashggTHQLeptonicTag
TrigReport      24779      24779      24779          0          0 flashggTTHHadronicTag
TrigReport      24779      24779      24779          0          0 flashggTTHLeptonicTag
TrigReport      24779      24779      24779          0          0 flashggTagSorter
TrigReport      24779      24779      24779          0          0 flashggUnpackedJets
TrigReport      24779      24779      24779          0          0 flashggVBFMVA
TrigReport      24779      24779      24779          0          0 flashggVHMetTag
TrigReport      24779      24779      24779          0          0 flashggVHhadMVA
TrigReport      24779      24779      24779          0          0 flashggWHLeptonicTag
TrigReport      24779      24779      24779          0          0 flashggZHLeptonicTag
TrigReport      25000      25000      25000          0          0 p
TrigReport      24779      24779      24779          0          0 tagsDumper

TimeReport ---------- Event  Summary ---[sec]----
TimeReport       event loop CPU/event = 0.132584
TimeReport      event loop Real/event = 0.134282
TimeReport     sum Streams Real/event = 0.130455
TimeReport efficiency CPU/Real/thread = 0.987355

TimeReport ---------- Path   Summary ---[Real sec]----
TimeReport  per event     per exec  Name
TimeReport   0.129998     0.129998  p
TimeReport  per event     per exec  Name

TimeReport -------End-Path   Summary ---[Real sec]----
TimeReport  per event     per exec  Name
TimeReport  per event     per exec  Name

TimeReport ---------- Modules in Path: p ---[Real sec]----
TimeReport  per event    per visit  Name
TimeReport   0.000014     0.000014  flashggMetFilters
TimeReport   0.000005     0.000005  VHFilter
TimeReport   0.072098     0.072741  flashggDifferentialPhoIdInputsCorrection
TimeReport   0.042008     0.042382  flashggDiPhotonSystematics
TimeReport   0.000165     0.000166  flashggMetSystematics
TimeReport   0.000028     0.000029  flashggMuonSystematics
TimeReport   0.000036     0.000036  flashggElectronSystematics
TimeReport   0.000217     0.000218  flashggUnpackedJets
TimeReport   0.003793     0.003827  flashggJetSystematics0
TimeReport   0.000623     0.000629  flashggJetSystematics1
TimeReport   0.000562     0.000567  flashggJetSystematics2
TimeReport   0.000544     0.000549  flashggJetSystematics3
TimeReport   0.000534     0.000538  flashggJetSystematics4
TimeReport   0.000527     0.000532  flashggJetSystematics5
TimeReport   0.000525     0.000529  flashggJetSystematics6
TimeReport   0.000523     0.000528  flashggJetSystematics7
TimeReport   0.000523     0.000528  flashggJetSystematics8
TimeReport   0.000519     0.000524  flashggJetSystematics9
TimeReport   0.000518     0.000523  flashggJetSystematics10
TimeReport   0.000518     0.000523  flashggJetSystematics11
TimeReport   0.000280     0.000283  flashggPrefireDiPhotons
TimeReport   0.000110     0.000111  flashggPreselectedDiPhotons
TimeReport   0.000035     0.000036  flashggDiPhotonMVA
TimeReport   0.000028     0.000028  flashggVBFMVA
TimeReport   0.000017     0.000017  flashggVHhadMVA
TimeReport   0.000048     0.000048  flashggGluGluHMVA
TimeReport   0.000028     0.000029  flashggStageOneCombinedTag
TimeReport   0.000545     0.000550  flashggTHQLeptonicTag
TimeReport   0.000328     0.000331  flashggVHMetTag
TimeReport   0.000024     0.000024  flashggWHLeptonicTag
TimeReport   0.000019     0.000019  flashggZHLeptonicTag
TimeReport   0.000149     0.000150  flashggTTHLeptonicTag
TimeReport   0.001387     0.001399  flashggTTHHadronicTag
TimeReport   0.000079     0.000080  flashggTagSorter
TimeReport   0.000003     0.000003  flashggSystTagMerger
TimeReport   0.000316     0.000319  tagsDumper
TimeReport  per event    per visit  Name

TimeReport ---------- Module Summary ---[Real sec]----
TimeReport  per event     per exec    per visit  Name
TimeReport   0.000002     0.000002     0.000002  TriggerResults
TimeReport   0.000005     0.000005     0.000005  VHFilter
TimeReport   0.000003     0.000003     0.000003  ak4PFCHSL1FastL2L3Corrector
TimeReport   0.000003     0.000003     0.000003  ak4PFCHSL1FastjetCorrector
TimeReport   0.000001     0.000001     0.000001  ak4PFCHSL2RelativeCorrector
TimeReport   0.000012     0.000012     0.000012  ak4PFCHSL3AbsoluteCorrector
TimeReport   0.000035     0.000036     0.000036  flashggDiPhotonMVA
TimeReport   0.042008     0.042382     0.042382  flashggDiPhotonSystematics
TimeReport   0.072098     0.072741     0.072741  flashggDifferentialPhoIdInputsCorrection
TimeReport   0.000036     0.000036     0.000036  flashggElectronSystematics
TimeReport   0.000048     0.000048     0.000048  flashggGluGluHMVA
TimeReport   0.003793     0.003827     0.003827  flashggJetSystematics0
TimeReport   0.000623     0.000629     0.000629  flashggJetSystematics1
TimeReport   0.000518     0.000523     0.000523  flashggJetSystematics10
TimeReport   0.000518     0.000523     0.000523  flashggJetSystematics11
TimeReport   0.000562     0.000567     0.000567  flashggJetSystematics2
TimeReport   0.000544     0.000549     0.000549  flashggJetSystematics3
TimeReport   0.000534     0.000538     0.000538  flashggJetSystematics4
TimeReport   0.000527     0.000532     0.000532  flashggJetSystematics5
TimeReport   0.000525     0.000529     0.000529  flashggJetSystematics6
TimeReport   0.000523     0.000528     0.000528  flashggJetSystematics7
TimeReport   0.000523     0.000528     0.000528  flashggJetSystematics8
TimeReport   0.000519     0.000524     0.000524  flashggJetSystematics9
TimeReport   0.000014     0.000014     0.000014  flashggMetFilters
TimeReport   0.000165     0.000166     0.000166  flashggMetSystematics
TimeReport   0.000028     0.000029     0.000029  flashggMuonSystematics
TimeReport   0.000280     0.000283     0.000283  flashggPrefireDiPhotons
TimeReport   0.000110     0.000111     0.000111  flashggPreselectedDiPhotons
TimeReport   0.000028     0.000029     0.000029  flashggStageOneCombinedTag
TimeReport   0.000003     0.000003     0.000003  flashggSystTagMerger
TimeReport   0.000545     0.000550     0.000550  flashggTHQLeptonicTag
TimeReport   0.001387     0.001399     0.001399  flashggTTHHadronicTag
TimeReport   0.000149     0.000150     0.000150  flashggTTHLeptonicTag
TimeReport   0.000079     0.000080     0.000080  flashggTagSorter
TimeReport   0.000217     0.000218     0.000218  flashggUnpackedJets
TimeReport   0.000028     0.000028     0.000028  flashggVBFMVA
TimeReport   0.000328     0.000331     0.000331  flashggVHMetTag
TimeReport   0.000017     0.000017     0.000017  flashggVHhadMVA
TimeReport   0.000024     0.000024     0.000024  flashggWHLeptonicTag
TimeReport   0.000019     0.000019     0.000019  flashggZHLeptonicTag
TimeReport   0.000003     0.000003     0.000003  p
TimeReport   0.000316     0.000319     0.000319  tagsDumper
TimeReport  per event     per exec    per visit  Name

T---Report end!


=============================================

MessageLogger Summary

 type     category        sev    module        subroutine        count    total
 ---- -------------------- -- ---------------- ----------------  -----    -----
    1 XrdAdaptor           -w file_open                              1        1
    2 fileAction           -s file_close                             1        1
    3 fileAction           -s file_open                              2        2

 type    category    Examples: run/evt        run/evt          run/evt
 ---- -------------------- ---------------- ---------------- ----------------
    1 XrdAdaptor           pre-events                        
    2 fileAction           PostGlobalEndRun                  
    3 fileAction           pre-events       pre-events       

Severity    # Occurrences   Total Occurrences
--------    -------------   -----------------
Warning                 1                   1
System                  3                   3

dropped waiting message count 0
