mkdir: cannot create directory '/afs/cern.ch/user/x/xisu/private/local/Analysis_workspace/VH_AC_tmp1/flashgg_d2/CMSSW_10_6_29/src/flashgg/VHAC_Analysis_Met/UL_17/UL17_minorbkgtop': File exists
/cvmfs/cms.cern.ch/slc7_amd64_gcc700/external/py2-requests/2.21.0-pafccj2/lib/python2.7/site-packages/requests/__init__.py:91: RequestsDependencyWarning: urllib3 (1.25.2) or chardet (3.0.4) doesn't match a supported version!
  RequestsDependencyWarning)
07-Feb-2023 08:27:30 CET  Initiating request to open file root://cms-xrd-global.cern.ch//store/group/phys_higgs/cmshgg/alesauva/flashgg/UL2017_2/10_6_4/ST_tW_antitop_5f_NoFullyHadronicDecays_TuneCP5CR1_13TeV-powheg-pythia8/UL2017_2-10_6_4-v0-RunIISummer19UL17MiniAOD-106X_mc2017_realistic_v6-v1/200715_124539/0000/myMicroAODOutputFile_34.root
%MSG-w XrdAdaptor:  file_open 07-Feb-2023 08:27:32 CET pre-events
Data is served from cern.ch instead of original site CERN-CMSGLOBAL-02
%MSG
07-Feb-2023 08:27:38 CET  Successfully opened file root://cms-xrd-global.cern.ch//store/group/phys_higgs/cmshgg/alesauva/flashgg/UL2017_2/10_6_4/ST_tW_antitop_5f_NoFullyHadronicDecays_TuneCP5CR1_13TeV-powheg-pythia8/UL2017_2-10_6_4-v0-RunIISummer19UL17MiniAOD-106X_mc2017_realistic_v6-v1/200715_124539/0000/myMicroAODOutputFile_34.root
2023-02-07 08:45:24.612137: I tensorflow/core/platform/cpu_feature_guard.cc:140] Your CPU supports instructions that this TensorFlow binary was not compiled to use: SSE4.1 SSE4.2 AVX AVX2 FMA
Begin processing the 1st record. Run 1, Event 3482915, LumiSection 18332 on stream 0 at 07-Feb-2023 08:47:05.090 CET
07-Feb-2023 08:51:47 CET  Closed file root://cms-xrd-global.cern.ch//store/group/phys_higgs/cmshgg/alesauva/flashgg/UL2017_2/10_6_4/ST_tW_antitop_5f_NoFullyHadronicDecays_TuneCP5CR1_13TeV-powheg-pythia8/UL2017_2-10_6_4-v0-RunIISummer19UL17MiniAOD-106X_mc2017_realistic_v6-v1/200715_124539/0000/myMicroAODOutputFile_34.root

TrigReport ---------- Event  Summary ------------
TrigReport Events total = 100 passed = 100 failed = 0

TrigReport ---------- Path   Summary ------------
TrigReport  Trig Bit#   Executed     Passed     Failed      Error Name
TrigReport     1    0        100        100          0          0 p

TrigReport -------End-Path   Summary ------------
TrigReport  Trig Bit#   Executed     Passed     Failed      Error Name

TrigReport ---------- Modules in Path: p ------------
TrigReport  Trig Bit#    Visited     Passed     Failed      Error Name
TrigReport     1    0        100        100          0          0 flashggMetFilters
TrigReport     1    1        100        100          0          0 flashggDifferentialPhoIdInputsCorrection
TrigReport     1    2        100        100          0          0 flashggDiPhotonSystematics
TrigReport     1    3        100        100          0          0 flashggMetSystematics
TrigReport     1    4        100        100          0          0 flashggMuonSystematics
TrigReport     1    5        100        100          0          0 flashggElectronSystematics
TrigReport     1    6        100        100          0          0 flashggUnpackedJets
TrigReport     1    7        100        100          0          0 flashggJetSystematics0
TrigReport     1    8        100        100          0          0 flashggJetSystematics1
TrigReport     1    9        100        100          0          0 flashggJetSystematics2
TrigReport     1   10        100        100          0          0 flashggJetSystematics3
TrigReport     1   11        100        100          0          0 flashggJetSystematics4
TrigReport     1   12        100        100          0          0 flashggJetSystematics5
TrigReport     1   13        100        100          0          0 flashggJetSystematics6
TrigReport     1   14        100        100          0          0 flashggJetSystematics7
TrigReport     1   15        100        100          0          0 flashggJetSystematics8
TrigReport     1   16        100        100          0          0 flashggJetSystematics9
TrigReport     1   17        100        100          0          0 flashggJetSystematics10
TrigReport     1   18        100        100          0          0 flashggJetSystematics11
TrigReport     1   19        100        100          0          0 flashggPrefireDiPhotons
TrigReport     1   20        100        100          0          0 flashggPreselectedDiPhotons
TrigReport     1   21        100        100          0          0 flashggDiPhotonMVA
TrigReport     1   22        100        100          0          0 flashggVBFMVA
TrigReport     1   23        100        100          0          0 flashggVHhadMVA
TrigReport     1   24        100        100          0          0 flashggGluGluHMVA
TrigReport     1   25        100        100          0          0 flashggStageOneCombinedTag
TrigReport     1   26        100        100          0          0 flashggTHQLeptonicTag
TrigReport     1   27        100        100          0          0 flashggVHMetTag
TrigReport     1   28        100        100          0          0 flashggWHLeptonicTag
TrigReport     1   29        100        100          0          0 flashggZHLeptonicTag
TrigReport     1   30        100        100          0          0 flashggTTHLeptonicTag
TrigReport     1   31        100        100          0          0 flashggTTHHadronicTag
TrigReport     1   32        100        100          0          0 flashggTagSorter
TrigReport     1   33        100        100          0          0 flashggSystTagMerger
TrigReport     1   34        100        100          0          0 tagsDumper

TrigReport ---------- Module Summary ------------
TrigReport    Visited   Executed     Passed     Failed      Error Name
TrigReport        100        100        100          0          0 TriggerResults
TrigReport        100        100        100          0          0 ak4PFCHSL1FastL2L3Corrector
TrigReport        100        100        100          0          0 ak4PFCHSL1FastjetCorrector
TrigReport        100        100        100          0          0 ak4PFCHSL2RelativeCorrector
TrigReport        100        100        100          0          0 ak4PFCHSL3AbsoluteCorrector
TrigReport        100        100        100          0          0 flashggDiPhotonMVA
TrigReport        100        100        100          0          0 flashggDiPhotonSystematics
TrigReport        100        100        100          0          0 flashggDifferentialPhoIdInputsCorrection
TrigReport        100        100        100          0          0 flashggElectronSystematics
TrigReport        100        100        100          0          0 flashggGluGluHMVA
TrigReport        100        100        100          0          0 flashggJetSystematics0
TrigReport        100        100        100          0          0 flashggJetSystematics1
TrigReport        100        100        100          0          0 flashggJetSystematics10
TrigReport        100        100        100          0          0 flashggJetSystematics11
TrigReport        100        100        100          0          0 flashggJetSystematics2
TrigReport        100        100        100          0          0 flashggJetSystematics3
TrigReport        100        100        100          0          0 flashggJetSystematics4
TrigReport        100        100        100          0          0 flashggJetSystematics5
TrigReport        100        100        100          0          0 flashggJetSystematics6
TrigReport        100        100        100          0          0 flashggJetSystematics7
TrigReport        100        100        100          0          0 flashggJetSystematics8
TrigReport        100        100        100          0          0 flashggJetSystematics9
TrigReport        100        100        100          0          0 flashggMetFilters
TrigReport        100        100        100          0          0 flashggMetSystematics
TrigReport        100        100        100          0          0 flashggMuonSystematics
TrigReport        100        100        100          0          0 flashggPrefireDiPhotons
TrigReport        100        100        100          0          0 flashggPreselectedDiPhotons
TrigReport        100        100        100          0          0 flashggStageOneCombinedTag
TrigReport        100        100        100          0          0 flashggSystTagMerger
TrigReport        100        100        100          0          0 flashggTHQLeptonicTag
TrigReport        100        100        100          0          0 flashggTTHHadronicTag
TrigReport        100        100        100          0          0 flashggTTHLeptonicTag
TrigReport        100        100        100          0          0 flashggTagSorter
TrigReport        100        100        100          0          0 flashggUnpackedJets
TrigReport        100        100        100          0          0 flashggVBFMVA
TrigReport        100        100        100          0          0 flashggVHMetTag
TrigReport        100        100        100          0          0 flashggVHhadMVA
TrigReport        100        100        100          0          0 flashggWHLeptonicTag
TrigReport        100        100        100          0          0 flashggZHLeptonicTag
TrigReport        100        100        100          0          0 p
TrigReport        100        100        100          0          0 tagsDumper

TimeReport ---------- Event  Summary ---[sec]----
TimeReport       event loop CPU/event = 2.524019
TimeReport      event loop Real/event = 2.848594
TimeReport     sum Streams Real/event = 2.830090
TimeReport efficiency CPU/Real/thread = 0.886058

TimeReport ---------- Path   Summary ---[Real sec]----
TimeReport  per event     per exec  Name
TimeReport   2.827146     2.827146  p
TimeReport  per event     per exec  Name

TimeReport -------End-Path   Summary ---[Real sec]----
TimeReport  per event     per exec  Name
TimeReport  per event     per exec  Name

TimeReport ---------- Modules in Path: p ---[Real sec]----
TimeReport  per event    per visit  Name
TimeReport   0.000030     0.000030  flashggMetFilters
TimeReport   2.768790     2.768790  flashggDifferentialPhoIdInputsCorrection
TimeReport   0.003030     0.003030  flashggDiPhotonSystematics
TimeReport   0.007138     0.007138  flashggMetSystematics
TimeReport   0.000134     0.000134  flashggMuonSystematics
TimeReport   0.000099     0.000099  flashggElectronSystematics
TimeReport   0.000733     0.000733  flashggUnpackedJets
TimeReport   0.008191     0.008191  flashggJetSystematics0
TimeReport   0.000426     0.000426  flashggJetSystematics1
TimeReport   0.000367     0.000367  flashggJetSystematics2
TimeReport   0.000370     0.000370  flashggJetSystematics3
TimeReport   0.000348     0.000348  flashggJetSystematics4
TimeReport   0.000338     0.000338  flashggJetSystematics5
TimeReport   0.000350     0.000350  flashggJetSystematics6
TimeReport   0.000338     0.000338  flashggJetSystematics7
TimeReport   0.000335     0.000335  flashggJetSystematics8
TimeReport   0.000334     0.000334  flashggJetSystematics9
TimeReport   0.000331     0.000331  flashggJetSystematics10
TimeReport   0.000331     0.000331  flashggJetSystematics11
TimeReport   0.001642     0.001642  flashggPrefireDiPhotons
TimeReport   0.001154     0.001154  flashggPreselectedDiPhotons
TimeReport   0.000011     0.000011  flashggDiPhotonMVA
TimeReport   0.000016     0.000016  flashggVBFMVA
TimeReport   0.000013     0.000013  flashggVHhadMVA
TimeReport   0.000020     0.000020  flashggGluGluHMVA
TimeReport   0.000029     0.000029  flashggStageOneCombinedTag
TimeReport   0.000045     0.000045  flashggTHQLeptonicTag
TimeReport   0.000040     0.000040  flashggVHMetTag
TimeReport   0.000025     0.000025  flashggWHLeptonicTag
TimeReport   0.000023     0.000023  flashggZHLeptonicTag
TimeReport   0.000015     0.000015  flashggTTHLeptonicTag
TimeReport   0.000028     0.000028  flashggTTHHadronicTag
TimeReport   0.000089     0.000089  flashggTagSorter
TimeReport   0.000005     0.000005  flashggSystTagMerger
TimeReport   0.000497     0.000497  tagsDumper
TimeReport  per event    per visit  Name

TimeReport ---------- Module Summary ---[Real sec]----
TimeReport  per event     per exec    per visit  Name
TimeReport   0.000004     0.000004     0.000004  TriggerResults
TimeReport   0.000005     0.000005     0.000005  ak4PFCHSL1FastL2L3Corrector
TimeReport   0.000007     0.000007     0.000007  ak4PFCHSL1FastjetCorrector
TimeReport   0.000015     0.000015     0.000015  ak4PFCHSL2RelativeCorrector
TimeReport   0.000140     0.000140     0.000140  ak4PFCHSL3AbsoluteCorrector
TimeReport   0.000011     0.000011     0.000011  flashggDiPhotonMVA
TimeReport   0.003030     0.003030     0.003030  flashggDiPhotonSystematics
TimeReport   2.768790     2.768790     2.768790  flashggDifferentialPhoIdInputsCorrection
TimeReport   0.000099     0.000099     0.000099  flashggElectronSystematics
TimeReport   0.000020     0.000020     0.000020  flashggGluGluHMVA
TimeReport   0.008191     0.008191     0.008191  flashggJetSystematics0
TimeReport   0.000426     0.000426     0.000426  flashggJetSystematics1
TimeReport   0.000331     0.000331     0.000331  flashggJetSystematics10
TimeReport   0.000331     0.000331     0.000331  flashggJetSystematics11
TimeReport   0.000367     0.000367     0.000367  flashggJetSystematics2
TimeReport   0.000370     0.000370     0.000370  flashggJetSystematics3
TimeReport   0.000348     0.000348     0.000348  flashggJetSystematics4
TimeReport   0.000338     0.000338     0.000338  flashggJetSystematics5
TimeReport   0.000350     0.000350     0.000350  flashggJetSystematics6
TimeReport   0.000338     0.000338     0.000338  flashggJetSystematics7
TimeReport   0.000335     0.000335     0.000335  flashggJetSystematics8
TimeReport   0.000334     0.000334     0.000334  flashggJetSystematics9
TimeReport   0.000030     0.000030     0.000030  flashggMetFilters
TimeReport   0.007138     0.007138     0.007138  flashggMetSystematics
TimeReport   0.000134     0.000134     0.000134  flashggMuonSystematics
TimeReport   0.001642     0.001642     0.001642  flashggPrefireDiPhotons
TimeReport   0.001154     0.001154     0.001154  flashggPreselectedDiPhotons
TimeReport   0.000029     0.000029     0.000029  flashggStageOneCombinedTag
TimeReport   0.000005     0.000005     0.000005  flashggSystTagMerger
TimeReport   0.000045     0.000045     0.000045  flashggTHQLeptonicTag
TimeReport   0.000028     0.000028     0.000028  flashggTTHHadronicTag
TimeReport   0.000015     0.000015     0.000015  flashggTTHLeptonicTag
TimeReport   0.000089     0.000089     0.000089  flashggTagSorter
TimeReport   0.000733     0.000733     0.000733  flashggUnpackedJets
TimeReport   0.000016     0.000016     0.000016  flashggVBFMVA
TimeReport   0.000040     0.000040     0.000040  flashggVHMetTag
TimeReport   0.000013     0.000013     0.000013  flashggVHhadMVA
TimeReport   0.000025     0.000025     0.000025  flashggWHLeptonicTag
TimeReport   0.000023     0.000023     0.000023  flashggZHLeptonicTag
TimeReport   0.000004     0.000004     0.000004  p
TimeReport   0.000497     0.000497     0.000497  tagsDumper
TimeReport  per event     per exec    per visit  Name

T---Report end!


=============================================

MessageLogger Summary

 type     category        sev    module        subroutine        count    total
 ---- -------------------- -- ---------------- ----------------  -----    -----
    1 XrdAdaptor           -w file_open                              1        1
    2 fileAction           -s file_close                             1        1
    3 fileAction           -s file_open                              2        2

 type    category    Examples: run/evt        run/evt          run/evt
 ---- -------------------- ---------------- ---------------- ----------------
    1 XrdAdaptor           pre-events                        
    2 fileAction           PostGlobalEndRun                  
    3 fileAction           pre-events       pre-events       

Severity    # Occurrences   Total Occurrences
--------    -------------   -----------------
Warning                 1                   1
System                  3                   3

dropped waiting message count 0
