mkdir: cannot create directory '/afs/cern.ch/user/x/xisu/private/local/Analysis_workspace/VH_AC_tmp1/flashgg_d2/CMSSW_10_6_29/src/flashgg/VHAC_Analysis_Met/UL_17/UL17_minorbkgtop': File exists
/cvmfs/cms.cern.ch/slc7_amd64_gcc700/external/py2-requests/2.21.0-pafccj2/lib/python2.7/site-packages/requests/__init__.py:91: RequestsDependencyWarning: urllib3 (1.25.2) or chardet (3.0.4) doesn't match a supported version!
  RequestsDependencyWarning)
07-Feb-2023 08:30:07 CET  Initiating request to open file root://cms-xrd-global.cern.ch//store/user/alesauva/flashgg/UL2017_5/10_6_4/TTZToLLNuNu_M-10_TuneCP5_13TeV-amcatnlo-pythia8/UL2017_5-10_6_4-v0-RunIISummer19UL17MiniAOD-106X_mc2017_realistic_v6-v2/201025_155024/0000/myMicroAODOutputFile_172.root
[2023-02-07 08:30:53.440454 +0100][Error  ][AsyncSock         ] [xrootd.ba.infn.it:1094 #0.0] Socket error while handshaking: [ERROR] Socket timeout
[2023-02-07 08:30:53.440661 +0100][Error  ][PostMaster        ] [xrootd.ba.infn.it:1094 #0] elapsed = 45, pConnectionWindow = 31 seconds.
[2023-02-07 08:31:38.691347 +0100][Error  ][AsyncSock         ] [xrootd.ba.infn.it:1094 #0.0] Socket error while handshaking: [ERROR] Socket timeout
[2023-02-07 08:31:38.691481 +0100][Error  ][PostMaster        ] [xrootd.ba.infn.it:1094 #0] elapsed = 45, pConnectionWindow = 31 seconds.
[2023-02-07 08:31:38.691519 +0100][Error  ][PostMaster        ] [xrootd.ba.infn.it:1094 #0] Unable to recover: [ERROR] Socket timeout.
[2023-02-07 08:31:38.691537 +0100][Error  ][XRootD            ] [xrootd.ba.infn.it:1094] Impossible to send message kXR_open (file: /store/user/alesauva/flashgg/UL2017_5/10_6_4/TTZToLLNuNu_M-10_TuneCP5_13TeV-amcatnlo-pythia8/UL2017_5-10_6_4-v0-RunIISummer19UL17MiniAOD-106X_mc2017_realistic_v6-v2/201025_155024/0000/myMicroAODOutputFile_172.root, mode: 0660, flags: kXR_open_read kXR_async kXR_retstat ). Trying to recover.
%MSG-w XrdAdaptor:  file_open 07-Feb-2023 08:31:44 CET pre-events
Data is served from GRIF-IRFU instead of original site CERN-CMSGLOBAL-02
%MSG
07-Feb-2023 08:31:49 CET  Successfully opened file root://cms-xrd-global.cern.ch//store/user/alesauva/flashgg/UL2017_5/10_6_4/TTZToLLNuNu_M-10_TuneCP5_13TeV-amcatnlo-pythia8/UL2017_5-10_6_4-v0-RunIISummer19UL17MiniAOD-106X_mc2017_realistic_v6-v2/201025_155024/0000/myMicroAODOutputFile_172.root
2023-02-07 08:49:21.322340: I tensorflow/core/platform/cpu_feature_guard.cc:140] Your CPU supports instructions that this TensorFlow binary was not compiled to use: SSE4.1 SSE4.2 AVX AVX2 FMA
Begin processing the 1st record. Run 1, Event 667205, LumiSection 6673 on stream 0 at 07-Feb-2023 08:50:27.827 CET
[2023-02-07 08:51:16.190324 +0100][Error  ][AsyncSock         ] [xrootd.ba.infn.it:1094 #0.0] Socket error while handshaking: [ERROR] Socket timeout
[2023-02-07 08:51:16.190908 +0100][Error  ][PostMaster        ] [xrootd.ba.infn.it:1094 #0] elapsed = 45, pConnectionWindow = 31 seconds.
[2023-02-07 08:52:01.457853 +0100][Error  ][AsyncSock         ] [xrootd.ba.infn.it:1094 #0.0] Socket error while handshaking: [ERROR] Socket timeout
[2023-02-07 08:52:01.457930 +0100][Error  ][PostMaster        ] [xrootd.ba.infn.it:1094 #0] elapsed = 45, pConnectionWindow = 31 seconds.
[2023-02-07 08:52:01.457939 +0100][Error  ][PostMaster        ] [xrootd.ba.infn.it:1094 #0] Unable to recover: [ERROR] Socket timeout.
[2023-02-07 08:52:01.458339 +0100][Error  ][XRootD            ] [xrootd.ba.infn.it:1094] Impossible to send message kXR_open (file: /store/user/alesauva/flashgg/UL2017_5/10_6_4/TTZToLLNuNu_M-10_TuneCP5_13TeV-amcatnlo-pythia8/UL2017_5-10_6_4-v0-RunIISummer19UL17MiniAOD-106X_mc2017_realistic_v6-v2/201025_155024/0000/myMicroAODOutputFile_172.root?tried=stor95.datagrid.cea.fr, mode: 0460, flags: kXR_open_read kXR_async kXR_retstat ). Trying to recover.
07-Feb-2023 08:53:42 CET  Closed file root://cms-xrd-global.cern.ch//store/user/alesauva/flashgg/UL2017_5/10_6_4/TTZToLLNuNu_M-10_TuneCP5_13TeV-amcatnlo-pythia8/UL2017_5-10_6_4-v0-RunIISummer19UL17MiniAOD-106X_mc2017_realistic_v6-v2/201025_155024/0000/myMicroAODOutputFile_172.root

TrigReport ---------- Event  Summary ------------
TrigReport Events total = 100 passed = 100 failed = 0

TrigReport ---------- Path   Summary ------------
TrigReport  Trig Bit#   Executed     Passed     Failed      Error Name
TrigReport     1    0        100        100          0          0 p

TrigReport -------End-Path   Summary ------------
TrigReport  Trig Bit#   Executed     Passed     Failed      Error Name

TrigReport ---------- Modules in Path: p ------------
TrigReport  Trig Bit#    Visited     Passed     Failed      Error Name
TrigReport     1    0        100        100          0          0 flashggMetFilters
TrigReport     1    1        100        100          0          0 flashggDifferentialPhoIdInputsCorrection
TrigReport     1    2        100        100          0          0 flashggDiPhotonSystematics
TrigReport     1    3        100        100          0          0 flashggMetSystematics
TrigReport     1    4        100        100          0          0 flashggMuonSystematics
TrigReport     1    5        100        100          0          0 flashggElectronSystematics
TrigReport     1    6        100        100          0          0 flashggUnpackedJets
TrigReport     1    7        100        100          0          0 flashggJetSystematics0
TrigReport     1    8        100        100          0          0 flashggJetSystematics1
TrigReport     1    9        100        100          0          0 flashggJetSystematics2
TrigReport     1   10        100        100          0          0 flashggJetSystematics3
TrigReport     1   11        100        100          0          0 flashggJetSystematics4
TrigReport     1   12        100        100          0          0 flashggJetSystematics5
TrigReport     1   13        100        100          0          0 flashggJetSystematics6
TrigReport     1   14        100        100          0          0 flashggJetSystematics7
TrigReport     1   15        100        100          0          0 flashggJetSystematics8
TrigReport     1   16        100        100          0          0 flashggJetSystematics9
TrigReport     1   17        100        100          0          0 flashggJetSystematics10
TrigReport     1   18        100        100          0          0 flashggJetSystematics11
TrigReport     1   19        100        100          0          0 flashggPrefireDiPhotons
TrigReport     1   20        100        100          0          0 flashggPreselectedDiPhotons
TrigReport     1   21        100        100          0          0 flashggDiPhotonMVA
TrigReport     1   22        100        100          0          0 flashggVBFMVA
TrigReport     1   23        100        100          0          0 flashggVHhadMVA
TrigReport     1   24        100        100          0          0 flashggGluGluHMVA
TrigReport     1   25        100        100          0          0 flashggStageOneCombinedTag
TrigReport     1   26        100        100          0          0 flashggTHQLeptonicTag
TrigReport     1   27        100        100          0          0 flashggVHMetTag
TrigReport     1   28        100        100          0          0 flashggWHLeptonicTag
TrigReport     1   29        100        100          0          0 flashggZHLeptonicTag
TrigReport     1   30        100        100          0          0 flashggTTHLeptonicTag
TrigReport     1   31        100        100          0          0 flashggTTHHadronicTag
TrigReport     1   32        100        100          0          0 flashggTagSorter
TrigReport     1   33        100        100          0          0 flashggSystTagMerger
TrigReport     1   34        100        100          0          0 tagsDumper

TrigReport ---------- Module Summary ------------
TrigReport    Visited   Executed     Passed     Failed      Error Name
TrigReport        100        100        100          0          0 TriggerResults
TrigReport        100        100        100          0          0 ak4PFCHSL1FastL2L3Corrector
TrigReport        100        100        100          0          0 ak4PFCHSL1FastjetCorrector
TrigReport        100        100        100          0          0 ak4PFCHSL2RelativeCorrector
TrigReport        100        100        100          0          0 ak4PFCHSL3AbsoluteCorrector
TrigReport        100        100        100          0          0 flashggDiPhotonMVA
TrigReport        100        100        100          0          0 flashggDiPhotonSystematics
TrigReport        100        100        100          0          0 flashggDifferentialPhoIdInputsCorrection
TrigReport        100        100        100          0          0 flashggElectronSystematics
TrigReport        100        100        100          0          0 flashggGluGluHMVA
TrigReport        100        100        100          0          0 flashggJetSystematics0
TrigReport        100        100        100          0          0 flashggJetSystematics1
TrigReport        100        100        100          0          0 flashggJetSystematics10
TrigReport        100        100        100          0          0 flashggJetSystematics11
TrigReport        100        100        100          0          0 flashggJetSystematics2
TrigReport        100        100        100          0          0 flashggJetSystematics3
TrigReport        100        100        100          0          0 flashggJetSystematics4
TrigReport        100        100        100          0          0 flashggJetSystematics5
TrigReport        100        100        100          0          0 flashggJetSystematics6
TrigReport        100        100        100          0          0 flashggJetSystematics7
TrigReport        100        100        100          0          0 flashggJetSystematics8
TrigReport        100        100        100          0          0 flashggJetSystematics9
TrigReport        100        100        100          0          0 flashggMetFilters
TrigReport        100        100        100          0          0 flashggMetSystematics
TrigReport        100        100        100          0          0 flashggMuonSystematics
TrigReport        100        100        100          0          0 flashggPrefireDiPhotons
TrigReport        100        100        100          0          0 flashggPreselectedDiPhotons
TrigReport        100        100        100          0          0 flashggStageOneCombinedTag
TrigReport        100        100        100          0          0 flashggSystTagMerger
TrigReport        100        100        100          0          0 flashggTHQLeptonicTag
TrigReport        100        100        100          0          0 flashggTTHHadronicTag
TrigReport        100        100        100          0          0 flashggTTHLeptonicTag
TrigReport        100        100        100          0          0 flashggTagSorter
TrigReport        100        100        100          0          0 flashggUnpackedJets
TrigReport        100        100        100          0          0 flashggVBFMVA
TrigReport        100        100        100          0          0 flashggVHMetTag
TrigReport        100        100        100          0          0 flashggVHhadMVA
TrigReport        100        100        100          0          0 flashggWHLeptonicTag
TrigReport        100        100        100          0          0 flashggZHLeptonicTag
TrigReport        100        100        100          0          0 p
TrigReport        100        100        100          0          0 tagsDumper

TimeReport ---------- Event  Summary ---[sec]----
TimeReport       event loop CPU/event = 1.662121
TimeReport      event loop Real/event = 1.959139
TimeReport     sum Streams Real/event = 1.945859
TimeReport efficiency CPU/Real/thread = 0.848394

TimeReport ---------- Path   Summary ---[Real sec]----
TimeReport  per event     per exec  Name
TimeReport   1.943468     1.943468  p
TimeReport  per event     per exec  Name

TimeReport -------End-Path   Summary ---[Real sec]----
TimeReport  per event     per exec  Name
TimeReport  per event     per exec  Name

TimeReport ---------- Modules in Path: p ---[Real sec]----
TimeReport  per event    per visit  Name
TimeReport   0.000025     0.000025  flashggMetFilters
TimeReport   1.801277     1.801277  flashggDifferentialPhoIdInputsCorrection
TimeReport   0.033354     0.033354  flashggDiPhotonSystematics
TimeReport   0.059219     0.059219  flashggMetSystematics
TimeReport   0.000150     0.000150  flashggMuonSystematics
TimeReport   0.000097     0.000097  flashggElectronSystematics
TimeReport   0.000510     0.000510  flashggUnpackedJets
TimeReport   0.008457     0.008457  flashggJetSystematics0
TimeReport   0.000345     0.000345  flashggJetSystematics1
TimeReport   0.000319     0.000319  flashggJetSystematics2
TimeReport   0.000329     0.000329  flashggJetSystematics3
TimeReport   0.000304     0.000304  flashggJetSystematics4
TimeReport   0.000295     0.000295  flashggJetSystematics5
TimeReport   0.000294     0.000294  flashggJetSystematics6
TimeReport   0.000289     0.000289  flashggJetSystematics7
TimeReport   0.000297     0.000297  flashggJetSystematics8
TimeReport   0.000295     0.000295  flashggJetSystematics9
TimeReport   0.000292     0.000292  flashggJetSystematics10
TimeReport   0.000315     0.000315  flashggJetSystematics11
TimeReport   0.002382     0.002382  flashggPrefireDiPhotons
TimeReport   0.001262     0.001262  flashggPreselectedDiPhotons
TimeReport   0.000010     0.000010  flashggDiPhotonMVA
TimeReport   0.000012     0.000012  flashggVBFMVA
TimeReport   0.000015     0.000015  flashggVHhadMVA
TimeReport   0.000020     0.000020  flashggGluGluHMVA
TimeReport   0.000024     0.000024  flashggStageOneCombinedTag
TimeReport   0.000030     0.000030  flashggTHQLeptonicTag
TimeReport   0.000032     0.000032  flashggVHMetTag
TimeReport   0.000023     0.000023  flashggWHLeptonicTag
TimeReport   0.000020     0.000020  flashggZHLeptonicTag
TimeReport   0.000013     0.000013  flashggTTHLeptonicTag
TimeReport   0.000029     0.000029  flashggTTHHadronicTag
TimeReport   0.000066     0.000066  flashggTagSorter
TimeReport   0.000003     0.000003  flashggSystTagMerger
TimeReport   0.000533     0.000533  tagsDumper
TimeReport  per event    per visit  Name

TimeReport ---------- Module Summary ---[Real sec]----
TimeReport  per event     per exec    per visit  Name
TimeReport   0.000004     0.000004     0.000004  TriggerResults
TimeReport   0.000006     0.000006     0.000006  ak4PFCHSL1FastL2L3Corrector
TimeReport   0.000005     0.000005     0.000005  ak4PFCHSL1FastjetCorrector
TimeReport   0.000012     0.000012     0.000012  ak4PFCHSL2RelativeCorrector
TimeReport   0.000161     0.000161     0.000161  ak4PFCHSL3AbsoluteCorrector
TimeReport   0.000010     0.000010     0.000010  flashggDiPhotonMVA
TimeReport   0.033354     0.033354     0.033354  flashggDiPhotonSystematics
TimeReport   1.801277     1.801277     1.801277  flashggDifferentialPhoIdInputsCorrection
TimeReport   0.000097     0.000097     0.000097  flashggElectronSystematics
TimeReport   0.000020     0.000020     0.000020  flashggGluGluHMVA
TimeReport   0.008457     0.008457     0.008457  flashggJetSystematics0
TimeReport   0.000345     0.000345     0.000345  flashggJetSystematics1
TimeReport   0.000292     0.000292     0.000292  flashggJetSystematics10
TimeReport   0.000315     0.000315     0.000315  flashggJetSystematics11
TimeReport   0.000319     0.000319     0.000319  flashggJetSystematics2
TimeReport   0.000329     0.000329     0.000329  flashggJetSystematics3
TimeReport   0.000304     0.000304     0.000304  flashggJetSystematics4
TimeReport   0.000295     0.000295     0.000295  flashggJetSystematics5
TimeReport   0.000294     0.000294     0.000294  flashggJetSystematics6
TimeReport   0.000289     0.000289     0.000289  flashggJetSystematics7
TimeReport   0.000297     0.000297     0.000297  flashggJetSystematics8
TimeReport   0.000295     0.000295     0.000295  flashggJetSystematics9
TimeReport   0.000025     0.000025     0.000025  flashggMetFilters
TimeReport   0.059219     0.059219     0.059219  flashggMetSystematics
TimeReport   0.000150     0.000150     0.000150  flashggMuonSystematics
TimeReport   0.002382     0.002382     0.002382  flashggPrefireDiPhotons
TimeReport   0.001262     0.001262     0.001262  flashggPreselectedDiPhotons
TimeReport   0.000024     0.000024     0.000024  flashggStageOneCombinedTag
TimeReport   0.000003     0.000003     0.000003  flashggSystTagMerger
TimeReport   0.000030     0.000030     0.000030  flashggTHQLeptonicTag
TimeReport   0.000029     0.000029     0.000029  flashggTTHHadronicTag
TimeReport   0.000013     0.000013     0.000013  flashggTTHLeptonicTag
TimeReport   0.000066     0.000066     0.000066  flashggTagSorter
TimeReport   0.000510     0.000510     0.000510  flashggUnpackedJets
TimeReport   0.000012     0.000012     0.000012  flashggVBFMVA
TimeReport   0.000032     0.000032     0.000032  flashggVHMetTag
TimeReport   0.000015     0.000015     0.000015  flashggVHhadMVA
TimeReport   0.000023     0.000023     0.000023  flashggWHLeptonicTag
TimeReport   0.000020     0.000020     0.000020  flashggZHLeptonicTag
TimeReport   0.000003     0.000003     0.000003  p
TimeReport   0.000533     0.000533     0.000533  tagsDumper
TimeReport  per event     per exec    per visit  Name

T---Report end!


=============================================

MessageLogger Summary

 type     category        sev    module        subroutine        count    total
 ---- -------------------- -- ---------------- ----------------  -----    -----
    1 XrdAdaptor           -w file_open                              1        1
    2 fileAction           -s file_close                             1        1
    3 fileAction           -s file_open                              2        2

 type    category    Examples: run/evt        run/evt          run/evt
 ---- -------------------- ---------------- ---------------- ----------------
    1 XrdAdaptor           pre-events                        
    2 fileAction           PostGlobalEndRun                  
    3 fileAction           pre-events       pre-events       

Severity    # Occurrences   Total Occurrences
--------    -------------   -----------------
Warning                 1                   1
System                  3                   3

dropped waiting message count 0
